2016-10-11 10:35:33.777063	PeckPort	off	None
2016-10-11 10:35:33.777646	HouseLight	on	None
2016-10-11 10:35:33.778408	Hopper	down	None
2016-10-11 10:35:34.083303	Hopper	down	None
2016-10-11 10:35:34.389711	HouseLight	on	None
2016-10-11 10:35:34.390451	PeckPort	on	None
2016-10-11 10:53:28.482721	Trial	start	1
2016-10-11 10:53:28.487636	Speaker	play	None
2016-10-11 10:53:34.491931	Speaker	stop	None
2016-10-11 10:53:34.492840	Trial	end	1
2016-10-11 10:53:51.810367	Trial	start	2
2016-10-11 10:53:51.813290	Speaker	play	None
2016-10-11 10:53:52.925724	Speaker	stop	None
2016-10-11 10:53:52.927468	Trial	end	2
2016-10-11 10:53:52.929660	Trial	start	3
2016-10-11 10:53:52.935471	Speaker	play	None
2016-10-11 10:54:01.886437	Speaker	stop	None
2016-10-11 10:54:01.887651	Hopper	up	None
2016-10-11 10:54:13.889199	Hopper	down	None
2016-10-11 10:54:14.195132	Trial	end	3
2016-10-11 10:55:39.694184	Trial	start	4
2016-10-11 10:55:39.697444	Speaker	play	None
2016-10-11 10:55:45.702320	Speaker	stop	None
2016-10-11 10:55:45.703186	Trial	end	4
2016-10-11 10:57:41.387988	Trial	start	5
2016-10-11 10:57:41.392053	Speaker	play	None
2016-10-11 10:57:47.401128	Speaker	stop	None
2016-10-11 10:57:47.401986	Trial	end	5
2016-10-11 10:57:49.907758	Trial	start	6
2016-10-11 10:57:49.910470	Speaker	play	None
2016-10-11 10:57:51.222761	Speaker	stop	None
2016-10-11 10:57:51.223759	Trial	end	6
2016-10-11 10:57:51.225091	Trial	start	7
2016-10-11 10:57:51.227944	Speaker	play	None
2016-10-11 10:57:57.236014	Speaker	stop	None
2016-10-11 10:57:57.237254	Trial	end	7
2016-10-11 10:58:02.716362	Trial	start	8
2016-10-11 10:58:02.719246	Speaker	play	None
2016-10-11 10:58:08.725271	Speaker	stop	None
2016-10-11 10:58:08.727109	Trial	end	8
2016-10-11 10:58:26.723437	Trial	start	9
2016-10-11 10:58:26.727069	Speaker	play	None
2016-10-11 10:58:27.391452	Speaker	stop	None
2016-10-11 10:58:27.392716	Trial	end	9
2016-10-11 10:58:27.394534	Trial	start	10
2016-10-11 10:58:27.402615	Speaker	play	None
2016-10-11 10:58:27.472955	Speaker	stop	None
2016-10-11 10:58:27.474702	Trial	end	10
2016-10-11 10:58:27.477804	Trial	start	11
2016-10-11 10:58:27.482999	Speaker	play	None
2016-10-11 10:58:33.490276	Speaker	stop	None
2016-10-11 10:58:33.491168	Trial	end	11
2016-10-11 10:58:39.904867	Trial	start	12
2016-10-11 10:58:39.910298	Speaker	play	None
2016-10-11 10:58:39.994723	Speaker	stop	None
2016-10-11 10:58:39.995822	Trial	end	12
2016-10-11 10:58:39.998287	Trial	start	13
2016-10-11 10:58:40.001276	Speaker	play	None
2016-10-11 10:58:46.008513	Speaker	stop	None
2016-10-11 10:58:46.010202	Trial	end	13
2016-10-11 10:58:49.583560	Trial	start	14
2016-10-11 10:58:49.586522	Speaker	play	None
2016-10-11 10:58:49.673743	Speaker	stop	None
2016-10-11 10:58:49.674837	Trial	end	14
2016-10-11 10:58:49.676679	Trial	start	15
2016-10-11 10:58:49.680782	Speaker	play	None
2016-10-11 10:58:50.821720	Speaker	stop	None
2016-10-11 10:58:50.823196	Trial	end	15
2016-10-11 10:58:50.824689	Trial	start	16
2016-10-11 10:58:50.828050	Speaker	play	None
2016-10-11 10:58:51.472049	Speaker	stop	None
2016-10-11 10:58:51.472916	Trial	end	16
2016-10-11 10:58:51.474264	Trial	start	17
2016-10-11 10:58:51.476738	Speaker	play	None
2016-10-11 10:58:51.664363	Speaker	stop	None
2016-10-11 10:58:51.665642	Trial	end	17
2016-10-11 10:58:51.668085	Trial	start	18
2016-10-11 10:58:51.671681	Speaker	play	None
2016-10-11 10:58:57.677288	Speaker	stop	None
2016-10-11 10:58:57.678269	Trial	end	18
2016-10-11 10:59:02.539817	Trial	start	19
2016-10-11 10:59:02.543935	Speaker	play	None
2016-10-11 10:59:02.633606	Speaker	stop	None
2016-10-11 10:59:02.634549	Trial	end	19
2016-10-11 10:59:02.635913	Trial	start	20
2016-10-11 10:59:02.638338	Speaker	play	None
2016-10-11 10:59:03.309722	Speaker	stop	None
2016-10-11 10:59:03.311171	Trial	end	20
2016-10-11 10:59:03.313474	Trial	start	21
2016-10-11 10:59:03.317421	Speaker	play	None
2016-10-11 10:59:04.014276	Speaker	stop	None
2016-10-11 10:59:04.016739	Trial	end	21
2016-10-11 10:59:04.018110	Trial	start	22
2016-10-11 10:59:04.020781	Speaker	play	None
2016-10-11 10:59:04.108966	Speaker	stop	None
2016-10-11 10:59:04.112036	Trial	end	22
2016-10-11 10:59:04.115502	Trial	start	23
2016-10-11 10:59:04.118452	Speaker	play	None
2016-10-11 10:59:10.125531	Speaker	stop	None
2016-10-11 10:59:10.127606	Trial	end	23
2016-10-11 10:59:22.200401	Trial	start	24
2016-10-11 10:59:22.204042	Speaker	play	None
2016-10-11 10:59:23.660109	Speaker	stop	None
2016-10-11 10:59:23.661583	Trial	end	24
2016-10-11 10:59:23.663218	Trial	start	25
2016-10-11 10:59:23.665692	Speaker	play	None
2016-10-11 10:59:30.749295	Speaker	stop	None
2016-10-11 10:59:30.750223	Trial	end	25
2016-10-11 10:59:30.752359	Trial	start	26
2016-10-11 10:59:30.766791	Speaker	play	None
2016-10-11 10:59:30.815045	Speaker	stop	None
2016-10-11 10:59:30.816883	Trial	end	26
2016-10-11 10:59:30.818805	Trial	start	27
2016-10-11 10:59:30.820996	Speaker	play	None
2016-10-11 10:59:33.051218	Speaker	stop	None
2016-10-11 10:59:33.052154	Trial	end	27
2016-10-11 10:59:33.053461	Trial	start	28
2016-10-11 10:59:33.055493	Speaker	play	None
2016-10-11 10:59:33.137077	Speaker	stop	None
2016-10-11 10:59:33.137916	Trial	end	28
2016-10-11 10:59:33.139512	Trial	start	29
2016-10-11 10:59:33.141461	Speaker	play	None
2016-10-11 10:59:39.146026	Speaker	stop	None
2016-10-11 10:59:39.146941	Trial	end	29
2016-10-11 10:59:49.316775	Trial	start	30
2016-10-11 10:59:49.319397	Speaker	play	None
2016-10-11 10:59:49.399139	Speaker	stop	None
2016-10-11 10:59:49.400323	Trial	end	30
2016-10-11 10:59:49.402532	Trial	start	31
2016-10-11 10:59:49.404785	Speaker	play	None
2016-10-11 10:59:54.801803	Speaker	stop	None
2016-10-11 10:59:54.803974	Trial	end	31
2016-10-11 10:59:54.805708	Trial	start	32
2016-10-11 10:59:54.808284	Speaker	play	None
2016-10-11 10:59:54.907493	Speaker	stop	None
2016-10-11 10:59:54.908372	Trial	end	32
2016-10-11 10:59:54.909548	Trial	start	33
2016-10-11 10:59:54.912654	Speaker	play	None
2016-10-11 11:00:00.921671	Speaker	stop	None
2016-10-11 11:00:00.923156	Trial	end	33
2016-10-11 11:00:02.329528	Trial	start	34
2016-10-11 11:00:02.332195	Speaker	play	None
2016-10-11 11:00:02.878509	Speaker	stop	None
2016-10-11 11:00:02.879495	Trial	end	34
2016-10-11 11:00:02.880808	Trial	start	35
2016-10-11 11:00:02.882879	Speaker	play	None
2016-10-11 11:00:08.888114	Speaker	stop	None
2016-10-11 11:00:08.894164	Trial	end	35
2016-10-11 11:00:14.773418	Trial	start	36
2016-10-11 11:00:14.776313	Speaker	play	None
2016-10-11 11:00:20.782763	Speaker	stop	None
2016-10-11 11:00:20.784623	Trial	end	36
2016-10-11 11:00:29.744985	Trial	start	37
2016-10-11 11:00:29.748682	Speaker	play	None
2016-10-11 11:00:35.753453	Speaker	stop	None
2016-10-11 11:00:35.755153	Trial	end	37
2016-10-11 11:00:36.642155	Trial	start	38
2016-10-11 11:00:36.645357	Speaker	play	None
2016-10-11 11:00:42.655668	Speaker	stop	None
2016-10-11 11:00:42.656827	Trial	end	38
2016-10-11 11:00:45.375054	Trial	start	39
2016-10-11 11:00:45.384109	Speaker	play	None
2016-10-11 11:00:51.388263	Speaker	stop	None
2016-10-11 11:00:51.389510	Trial	end	39
2016-10-11 11:00:57.315451	Trial	start	40
2016-10-11 11:00:57.319767	Speaker	play	None
2016-10-11 11:00:57.392888	Speaker	stop	None
2016-10-11 11:00:57.393641	Trial	end	40
2016-10-11 11:00:57.395272	Trial	start	41
2016-10-11 11:00:57.397826	Speaker	play	None
2016-10-11 11:00:58.536947	Speaker	stop	None
2016-10-11 11:00:58.538935	Trial	end	41
2016-10-11 11:00:58.541199	Trial	start	42
2016-10-11 11:00:58.544023	Speaker	play	None
2016-10-11 11:01:04.556914	Speaker	stop	None
2016-10-11 11:01:04.558106	Trial	end	42
2016-10-11 11:01:33.462832	Trial	start	43
2016-10-11 11:01:33.466399	Speaker	play	None
2016-10-11 11:01:33.536430	Speaker	stop	None
2016-10-11 11:01:33.537413	Trial	end	43
2016-10-11 11:01:33.538669	Trial	start	44
2016-10-11 11:01:33.541319	Speaker	play	None
2016-10-11 11:01:34.168481	Speaker	stop	None
2016-10-11 11:01:34.169972	Trial	end	44
2016-10-11 11:01:34.171516	Trial	start	45
2016-10-11 11:01:34.173921	Speaker	play	None
2016-10-11 11:01:40.180254	Speaker	stop	None
2016-10-11 11:01:40.182153	Trial	end	45
2016-10-11 11:01:41.650941	Trial	start	46
2016-10-11 11:01:41.654564	Speaker	play	None
2016-10-11 11:01:41.733517	Speaker	stop	None
2016-10-11 11:01:41.735327	Trial	end	46
2016-10-11 11:01:41.738144	Trial	start	47
2016-10-11 11:01:41.741549	Speaker	play	None
2016-10-11 11:01:47.745619	Speaker	stop	None
2016-10-11 11:01:47.746432	Trial	end	47
2016-10-11 11:01:54.323750	Trial	start	48
2016-10-11 11:01:54.326271	Speaker	play	None
2016-10-11 11:01:54.401775	Speaker	stop	None
2016-10-11 11:01:54.402960	Trial	end	48
2016-10-11 11:01:54.404345	Trial	start	49
2016-10-11 11:01:54.410401	Speaker	play	None
2016-10-11 11:01:55.344426	Speaker	stop	None
2016-10-11 11:01:55.345845	Trial	end	49
2016-10-11 11:01:55.347356	Trial	start	50
2016-10-11 11:01:55.350903	Speaker	play	None
2016-10-11 11:01:56.380642	Speaker	stop	None
2016-10-11 11:01:56.382700	Trial	end	50
2016-10-11 11:01:56.385598	Trial	start	51
2016-10-11 11:01:56.388771	Speaker	play	None
2016-10-11 11:01:56.458063	Speaker	stop	None
2016-10-11 11:01:56.459533	Trial	end	51
2016-10-11 11:01:56.461198	Trial	start	52
2016-10-11 11:01:56.466349	Speaker	play	None
2016-10-11 11:02:02.471263	Speaker	stop	None
2016-10-11 11:02:02.472464	Trial	end	52
2016-10-11 11:02:05.706984	Trial	start	53
2016-10-11 11:02:05.710153	Speaker	play	None
2016-10-11 11:02:05.768878	Speaker	stop	None
2016-10-11 11:02:05.769988	Trial	end	53
2016-10-11 11:02:05.772740	Trial	start	54
2016-10-11 11:02:05.775809	Speaker	play	None
2016-10-11 11:02:06.325355	Speaker	stop	None
2016-10-11 11:02:06.326301	Trial	end	54
2016-10-11 11:02:06.327449	Trial	start	55
2016-10-11 11:02:06.330103	Speaker	play	None
2016-10-11 11:02:12.334263	Speaker	stop	None
2016-10-11 11:02:12.335217	Trial	end	55
2016-10-11 11:02:38.147609	Trial	start	56
2016-10-11 11:02:38.152206	Speaker	play	None
2016-10-11 11:02:38.225400	Speaker	stop	None
2016-10-11 11:02:38.226533	Trial	end	56
2016-10-11 11:02:38.227756	Trial	start	57
2016-10-11 11:02:38.233276	Speaker	play	None
2016-10-11 11:02:44.238631	Speaker	stop	None
2016-10-11 11:02:44.239636	Trial	end	57
2016-10-11 11:02:51.840703	Trial	start	58
2016-10-11 11:02:51.844854	Speaker	play	None
2016-10-11 11:03:03.076045	Speaker	stop	None
2016-10-11 11:03:03.077404	Hopper	up	None
2016-10-11 11:03:15.081668	Hopper	down	None
2016-10-11 11:03:15.384438	Trial	end	58
2016-10-11 11:19:47.228164	Trial	start	59
2016-10-11 11:19:47.232312	Speaker	play	None
2016-10-11 11:19:53.236423	Speaker	stop	None
2016-10-11 11:19:53.237417	Trial	end	59
2016-10-11 11:20:03.672451	Trial	start	60
2016-10-11 11:20:03.676556	Speaker	play	None
2016-10-11 11:20:09.680904	Speaker	stop	None
2016-10-11 11:20:09.682418	Trial	end	60
2016-10-11 11:20:19.050957	Trial	start	61
2016-10-11 11:20:19.053194	Speaker	play	None
2016-10-11 11:20:25.059997	Speaker	stop	None
2016-10-11 11:20:25.061008	Trial	end	61
2016-10-11 11:20:27.999459	Trial	start	62
2016-10-11 11:20:28.003002	Speaker	play	None
2016-10-11 11:20:28.847408	Speaker	stop	None
2016-10-11 11:20:28.848213	Trial	end	62
2016-10-11 11:20:28.849561	Trial	start	63
2016-10-11 11:20:28.851806	Speaker	play	None
2016-10-11 11:20:29.736166	Speaker	stop	None
2016-10-11 11:20:29.737144	Trial	end	63
2016-10-11 11:20:29.738705	Trial	start	64
2016-10-11 11:20:29.744156	Speaker	play	None
2016-10-11 11:20:35.752385	Speaker	stop	None
2016-10-11 11:20:35.753421	Trial	end	64
2016-10-11 11:21:06.128664	Trial	start	65
2016-10-11 11:21:06.132367	Speaker	play	None
2016-10-11 11:21:12.137391	Speaker	stop	None
2016-10-11 11:21:12.140952	Trial	end	65
2016-10-11 11:21:18.115600	Trial	start	66
2016-10-11 11:21:18.118269	Speaker	play	None
2016-10-11 11:21:24.134958	Speaker	stop	None
2016-10-11 11:21:24.136300	Trial	end	66
2016-10-11 11:21:41.808062	Trial	start	67
2016-10-11 11:21:41.811858	Speaker	play	None
2016-10-11 11:21:47.815519	Speaker	stop	None
2016-10-11 11:21:47.816433	Trial	end	67
2016-10-11 11:22:02.075461	Trial	start	68
2016-10-11 11:22:02.077956	Speaker	play	None
2016-10-11 11:22:08.083833	Speaker	stop	None
2016-10-11 11:22:08.085065	Trial	end	68
2016-10-11 11:22:23.140314	Trial	start	69
2016-10-11 11:22:23.143835	Speaker	play	None
2016-10-11 11:22:23.198119	Speaker	stop	None
2016-10-11 11:22:23.199419	Trial	end	69
2016-10-11 11:22:23.202559	Trial	start	70
2016-10-11 11:22:23.206807	Speaker	play	None
2016-10-11 11:22:29.213459	Speaker	stop	None
2016-10-11 11:22:29.215263	Trial	end	70
2016-10-11 11:22:35.096426	Trial	start	71
2016-10-11 11:22:35.098835	Speaker	play	None
2016-10-11 11:22:36.007924	Speaker	stop	None
2016-10-11 11:22:36.008959	Trial	end	71
2016-10-11 11:22:36.012014	Trial	start	72
2016-10-11 11:22:36.016320	Speaker	play	None
2016-10-11 11:22:36.081237	Speaker	stop	None
2016-10-11 11:22:36.082341	Trial	end	72
2016-10-11 11:22:36.083706	Trial	start	73
2016-10-11 11:22:36.095011	Speaker	play	None
2016-10-11 11:22:42.103224	Speaker	stop	None
2016-10-11 11:22:42.107655	Trial	end	73
2016-10-11 11:22:59.123047	Trial	start	74
2016-10-11 11:22:59.125756	Speaker	play	None
2016-10-11 11:22:59.192662	Speaker	stop	None
2016-10-11 11:22:59.193616	Trial	end	74
2016-10-11 11:22:59.194968	Trial	start	75
2016-10-11 11:22:59.197071	Speaker	play	None
2016-10-11 11:23:00.201446	Speaker	stop	None
2016-10-11 11:23:00.202872	Trial	end	75
2016-10-11 11:23:00.205864	Trial	start	76
2016-10-11 11:23:00.209731	Speaker	play	None
2016-10-11 11:23:11.439912	Speaker	stop	None
2016-10-11 11:23:11.442837	Hopper	up	None
2016-10-11 11:23:23.448313	Hopper	down	None
2016-10-11 11:23:23.754473	Trial	end	76
2016-10-11 11:25:41.383638	Trial	start	77
2016-10-11 11:25:41.386578	Speaker	play	None
2016-10-11 11:25:47.393493	Speaker	stop	None
2016-10-11 11:25:47.394349	Trial	end	77
2016-10-11 11:25:54.358117	Trial	start	78
2016-10-11 11:25:54.360726	Speaker	play	None
2016-10-11 11:25:55.042574	Speaker	stop	None
2016-10-11 11:25:55.043933	Trial	end	78
2016-10-11 11:25:55.045074	Trial	start	79
2016-10-11 11:25:55.047404	Speaker	play	None
2016-10-11 11:26:01.051918	Speaker	stop	None
2016-10-11 11:26:01.052832	Trial	end	79
2016-10-11 11:26:17.503791	Trial	start	80
2016-10-11 11:26:17.507546	Speaker	play	None
2016-10-11 11:26:23.513849	Speaker	stop	None
2016-10-11 11:26:23.515012	Trial	end	80
2016-10-11 11:26:28.023808	Trial	start	81
2016-10-11 11:26:28.027043	Speaker	play	None
2016-10-11 11:26:28.232925	Speaker	stop	None
2016-10-11 11:26:28.234294	Trial	end	81
2016-10-11 11:26:28.236976	Trial	start	82
2016-10-11 11:26:28.244489	Speaker	play	None
2016-10-11 11:26:34.252438	Speaker	stop	None
2016-10-11 11:26:34.253414	Trial	end	82
2016-10-11 11:26:51.002533	Trial	start	83
2016-10-11 11:26:51.005823	Speaker	play	None
2016-10-11 11:26:57.009575	Speaker	stop	None
2016-10-11 11:26:57.010953	Trial	end	83
2016-10-11 11:27:06.629660	Trial	start	84
2016-10-11 11:27:06.632164	Speaker	play	None
2016-10-11 11:27:12.637607	Speaker	stop	None
2016-10-11 11:27:12.639088	Trial	end	84
2016-10-11 11:27:15.074064	Trial	start	85
2016-10-11 11:27:15.076282	Speaker	play	None
2016-10-11 11:27:15.856511	Speaker	stop	None
2016-10-11 11:27:15.858716	Trial	end	85
2016-10-11 11:27:15.860106	Trial	start	86
2016-10-11 11:27:15.864219	Speaker	play	None
2016-10-11 11:27:21.872895	Speaker	stop	None
2016-10-11 11:27:21.874141	Trial	end	86
2016-10-11 11:27:44.234540	Trial	start	87
2016-10-11 11:27:44.239397	Speaker	play	None
2016-10-11 11:27:44.308149	Speaker	stop	None
2016-10-11 11:27:44.309060	Trial	end	87
2016-10-11 11:27:44.310382	Trial	start	88
2016-10-11 11:27:44.312364	Speaker	play	None
2016-10-11 11:27:50.316447	Speaker	stop	None
2016-10-11 11:27:50.317654	Trial	end	88
2016-10-11 11:28:01.449228	Trial	start	89
2016-10-11 11:28:01.453533	Speaker	play	None
2016-10-11 11:28:01.514120	Speaker	stop	None
2016-10-11 11:28:01.516107	Trial	end	89
2016-10-11 11:28:01.518144	Trial	start	90
2016-10-11 11:28:01.520980	Speaker	play	None
2016-10-11 11:28:02.362468	Speaker	stop	None
2016-10-11 11:28:02.363777	Trial	end	90
2016-10-11 11:28:02.365331	Trial	start	91
2016-10-11 11:28:02.369478	Speaker	play	None
2016-10-11 11:28:08.374502	Speaker	stop	None
2016-10-11 11:28:08.375464	Trial	end	91
2016-10-11 11:28:42.590278	Trial	start	92
2016-10-11 11:28:42.594503	Speaker	play	None
2016-10-11 11:28:44.425793	Speaker	stop	None
2016-10-11 11:28:44.427655	Trial	end	92
2016-10-11 11:28:44.431540	Trial	start	93
2016-10-11 11:28:44.435106	Speaker	play	None
2016-10-11 11:28:45.963738	Speaker	stop	None
2016-10-11 11:28:45.965692	Trial	end	93
2016-10-11 11:28:45.967764	Trial	start	94
2016-10-11 11:28:45.972452	Speaker	play	None
2016-10-11 11:28:51.978318	Speaker	stop	None
2016-10-11 11:28:51.980418	Trial	end	94
2016-10-11 11:29:01.263809	Trial	start	95
2016-10-11 11:29:01.266253	Speaker	play	None
2016-10-11 11:29:01.419243	Speaker	stop	None
2016-10-11 11:29:01.420195	Trial	end	95
2016-10-11 11:29:01.422257	Trial	start	96
2016-10-11 11:29:01.424773	Speaker	play	None
2016-10-11 11:29:02.284037	Speaker	stop	None
2016-10-11 11:29:02.286014	Trial	end	96
2016-10-11 11:29:02.287712	Trial	start	97
2016-10-11 11:29:02.299636	Speaker	play	None
2016-10-11 11:29:08.304530	Speaker	stop	None
2016-10-11 11:29:08.305610	Trial	end	97
2016-10-11 11:31:03.354340	Trial	start	98
2016-10-11 11:31:03.358276	Speaker	play	None
2016-10-11 11:31:09.365321	Speaker	stop	None
2016-10-11 11:31:09.367117	Trial	end	98
2016-10-11 11:32:33.293531	Trial	start	99
2016-10-11 11:32:33.297608	Speaker	play	None
2016-10-11 11:32:39.304146	Speaker	stop	None
2016-10-11 11:32:39.305378	Trial	end	99
2016-10-11 11:32:51.918892	Trial	start	100
2016-10-11 11:32:51.921271	Speaker	play	None
2016-10-11 11:33:00.873554	Speaker	stop	None
2016-10-11 11:33:00.875262	Hopper	up	None
2016-10-11 11:33:12.880000	Hopper	down	None
2016-10-11 11:33:13.186509	Trial	end	100
2016-10-11 11:34:28.253934	Trial	start	101
2016-10-11 11:34:28.256676	Speaker	play	None
2016-10-11 11:34:34.261949	Speaker	stop	None
2016-10-11 11:34:34.262811	Trial	end	101
2016-10-11 11:34:50.684949	Trial	start	102
2016-10-11 11:34:50.688725	Speaker	play	None
2016-10-11 11:34:51.090540	Speaker	stop	None
2016-10-11 11:34:51.091448	Trial	end	102
2016-10-11 11:34:51.093349	Trial	start	103
2016-10-11 11:34:51.100966	Speaker	play	None
2016-10-11 11:35:02.332114	Speaker	stop	None
2016-10-11 11:35:02.333444	Hopper	up	None
2016-10-11 11:35:14.337797	Hopper	down	None
2016-10-11 11:35:14.644431	Trial	end	103
2016-10-11 11:37:28.993371	Trial	start	104
2016-10-11 11:37:28.996878	Speaker	play	None
2016-10-11 11:37:35.000330	Speaker	stop	None
2016-10-11 11:37:35.001644	Trial	end	104
2016-10-11 11:38:21.143277	Trial	start	105
2016-10-11 11:38:21.145427	Speaker	play	None
2016-10-11 11:38:27.151032	Speaker	stop	None
2016-10-11 11:38:27.152458	Trial	end	105
2016-10-11 11:38:51.704326	Trial	start	106
2016-10-11 11:38:51.707658	Speaker	play	None
2016-10-11 11:38:57.712423	Speaker	stop	None
2016-10-11 11:38:57.713567	Trial	end	106
2016-10-11 11:39:43.484577	Trial	start	107
2016-10-11 11:39:43.487456	Speaker	play	None
2016-10-11 11:39:49.492090	Speaker	stop	None
2016-10-11 11:39:49.492974	Trial	end	107
2016-10-11 11:44:01.528423	Trial	start	108
2016-10-11 11:44:01.531008	Speaker	play	None
2016-10-11 11:44:02.495010	Speaker	stop	None
2016-10-11 11:44:02.496080	Trial	end	108
2016-10-11 11:44:02.497363	Trial	start	109
2016-10-11 11:44:02.511198	Speaker	play	None
2016-10-11 11:44:08.514629	Speaker	stop	None
2016-10-11 11:44:08.515554	Trial	end	109
2016-10-11 11:47:05.936407	Trial	start	110
2016-10-11 11:47:05.941165	Speaker	play	None
2016-10-11 11:47:14.892261	Speaker	stop	None
2016-10-11 11:47:14.893944	Hopper	up	None
2016-10-11 11:47:26.895482	Hopper	down	None
2016-10-11 11:47:27.202357	Trial	end	110
2016-10-11 11:51:27.643598	Trial	start	111
2016-10-11 11:51:27.645834	Speaker	play	None
2016-10-11 11:51:36.597101	Speaker	stop	None
2016-10-11 11:51:36.600121	Hopper	up	None
2016-10-11 11:51:48.601276	Hopper	down	None
2016-10-11 11:51:48.907617	Trial	end	111
2016-10-11 12:31:15.268028	Trial	start	112
2016-10-11 12:31:15.273017	Speaker	play	None
2016-10-11 12:31:21.280352	Speaker	stop	None
2016-10-11 12:31:21.281361	Trial	end	112
2016-10-11 12:33:05.588851	Trial	start	113
2016-10-11 12:33:05.591696	Speaker	play	None
2016-10-11 12:33:11.597689	Speaker	stop	None
2016-10-11 12:33:11.599755	Trial	end	113
2016-10-11 12:34:25.311652	Trial	start	114
2016-10-11 12:34:25.314520	Speaker	play	None
2016-10-11 12:34:31.320107	Speaker	stop	None
2016-10-11 12:34:31.321248	Trial	end	114
2016-10-11 12:34:45.024195	Trial	start	115
2016-10-11 12:34:45.026704	Speaker	play	None
2016-10-11 12:34:45.907074	Speaker	stop	None
2016-10-11 12:34:45.908231	Trial	end	115
2016-10-11 12:34:45.909749	Trial	start	116
2016-10-11 12:34:45.912753	Speaker	play	None
2016-10-11 12:34:51.917575	Speaker	stop	None
2016-10-11 12:34:51.918676	Trial	end	116
2016-10-11 12:36:02.346979	Trial	start	117
2016-10-11 12:36:02.349513	Speaker	play	None
2016-10-11 12:36:02.687299	Speaker	stop	None
2016-10-11 12:36:02.689159	Trial	end	117
2016-10-11 12:36:02.692113	Trial	start	118
2016-10-11 12:36:02.696477	Speaker	play	None
2016-10-11 12:36:08.703786	Speaker	stop	None
2016-10-11 12:36:08.704872	Trial	end	118
2016-10-11 12:36:19.172507	Trial	start	119
2016-10-11 12:36:19.175485	Speaker	play	None
2016-10-11 12:36:25.180723	Speaker	stop	None
2016-10-11 12:36:25.181616	Trial	end	119
2016-10-11 12:37:02.501215	Trial	start	120
2016-10-11 12:37:02.505287	Speaker	play	None
2016-10-11 12:37:08.513316	Speaker	stop	None
2016-10-11 12:37:08.514270	Trial	end	120
2016-10-11 12:47:54.077345	Trial	start	121
2016-10-11 12:47:54.079810	Speaker	play	None
2016-10-11 12:48:00.083745	Speaker	stop	None
2016-10-11 12:48:00.085399	Trial	end	121
2016-10-11 12:48:08.511102	Trial	start	122
2016-10-11 12:48:08.514142	Speaker	play	None
2016-10-11 12:48:10.100513	Speaker	stop	None
2016-10-11 12:48:10.102624	Trial	end	122
2016-10-11 12:48:10.104818	Trial	start	123
2016-10-11 12:48:10.109840	Speaker	play	None
2016-10-11 12:48:16.116475	Speaker	stop	None
2016-10-11 12:48:16.117349	Trial	end	123
2016-10-11 12:52:24.386286	Trial	start	124
2016-10-11 12:52:24.390792	Speaker	play	None
2016-10-11 12:52:30.395841	Speaker	stop	None
2016-10-11 12:52:30.397912	Trial	end	124
2016-10-11 12:52:40.885217	Trial	start	125
2016-10-11 12:52:40.889462	Speaker	play	None
2016-10-11 12:52:42.035800	Speaker	stop	None
2016-10-11 12:52:42.040935	Trial	end	125
2016-10-11 12:52:42.042662	Trial	start	126
2016-10-11 12:52:42.046523	Speaker	play	None
2016-10-11 12:52:48.052666	Speaker	stop	None
2016-10-11 12:52:48.053714	Trial	end	126
2016-10-11 12:53:00.583000	Trial	start	127
2016-10-11 12:53:00.588096	Speaker	play	None
2016-10-11 12:53:02.048761	Speaker	stop	None
2016-10-11 12:53:02.049820	Trial	end	127
2016-10-11 12:53:02.052301	Trial	start	128
2016-10-11 12:53:02.055780	Speaker	play	None
2016-10-11 12:53:03.775340	Speaker	stop	None
2016-10-11 12:53:03.776902	Trial	end	128
2016-10-11 12:53:03.778745	Trial	start	129
2016-10-11 12:53:03.781422	Speaker	play	None
2016-10-11 12:53:09.786180	Speaker	stop	None
2016-10-11 12:53:09.787298	Trial	end	129
2016-10-11 12:53:20.558385	Trial	start	130
2016-10-11 12:53:20.561236	Speaker	play	None
2016-10-11 12:53:20.648917	Speaker	stop	None
2016-10-11 12:53:20.651026	Trial	end	130
2016-10-11 12:53:20.653279	Trial	start	131
2016-10-11 12:53:20.656739	Speaker	play	None
2016-10-11 12:53:21.238784	Speaker	stop	None
2016-10-11 12:53:21.240002	Trial	end	131
2016-10-11 12:53:21.241927	Trial	start	132
2016-10-11 12:53:21.244842	Speaker	play	None
2016-10-11 12:53:21.308595	Speaker	stop	None
2016-10-11 12:53:21.310057	Trial	end	132
2016-10-11 12:53:21.312103	Trial	start	133
2016-10-11 12:53:21.315035	Speaker	play	None
2016-10-11 12:53:22.348764	Speaker	stop	None
2016-10-11 12:53:22.350281	Trial	end	133
2016-10-11 12:53:22.352892	Trial	start	134
2016-10-11 12:53:22.357094	Speaker	play	None
2016-10-11 12:53:28.361367	Speaker	stop	None
2016-10-11 12:53:28.362326	Trial	end	134
2016-10-11 12:53:40.019046	Trial	start	135
2016-10-11 12:53:40.023074	Speaker	play	None
2016-10-11 12:53:40.105046	Speaker	stop	None
2016-10-11 12:53:40.106719	Trial	end	135
2016-10-11 12:53:40.108283	Trial	start	136
2016-10-11 12:53:40.110931	Speaker	play	None
2016-10-11 12:53:41.182340	Speaker	stop	None
2016-10-11 12:53:41.183356	Trial	end	136
2016-10-11 12:53:41.184991	Trial	start	137
2016-10-11 12:53:41.188853	Speaker	play	None
2016-10-11 12:53:47.198839	Speaker	stop	None
2016-10-11 12:53:47.200156	Trial	end	137
2016-10-11 12:54:01.841786	Trial	start	138
2016-10-11 12:54:01.844647	Speaker	play	None
2016-10-11 12:54:02.757206	Speaker	stop	None
2016-10-11 12:54:02.758435	Trial	end	138
2016-10-11 12:54:02.759892	Trial	start	139
2016-10-11 12:54:02.763053	Speaker	play	None
2016-10-11 12:54:08.768361	Speaker	stop	None
2016-10-11 12:54:08.769527	Trial	end	139
2016-10-11 12:54:17.844964	Trial	start	140
2016-10-11 12:54:17.852294	Speaker	play	None
2016-10-11 12:54:17.944173	Speaker	stop	None
2016-10-11 12:54:17.945665	Trial	end	140
2016-10-11 12:54:17.948208	Trial	start	141
2016-10-11 12:54:17.953407	Speaker	play	None
2016-10-11 12:54:23.960126	Speaker	stop	None
2016-10-11 12:54:23.961172	Trial	end	141
2016-10-11 12:54:43.358386	Trial	start	142
2016-10-11 12:54:43.361374	Speaker	play	None
2016-10-11 12:54:43.677397	Speaker	stop	None
2016-10-11 12:54:43.678965	Trial	end	142
2016-10-11 12:54:43.681709	Trial	start	143
2016-10-11 12:54:43.688015	Speaker	play	None
2016-10-11 12:54:49.691193	Speaker	stop	None
2016-10-11 12:54:49.692332	Trial	end	143
2016-10-11 12:55:03.244215	Trial	start	144
2016-10-11 12:55:03.248416	Speaker	play	None
2016-10-11 12:55:03.301972	Speaker	stop	None
2016-10-11 12:55:03.303501	Trial	end	144
2016-10-11 12:55:03.305097	Trial	start	145
2016-10-11 12:55:03.307765	Speaker	play	None
2016-10-11 12:55:03.924593	Speaker	stop	None
2016-10-11 12:55:03.925846	Trial	end	145
2016-10-11 12:55:03.927593	Trial	start	146
2016-10-11 12:55:03.930444	Speaker	play	None
2016-10-11 12:55:03.998054	Speaker	stop	None
2016-10-11 12:55:04.000971	Trial	end	146
2016-10-11 12:55:04.003066	Trial	start	147
2016-10-11 12:55:04.005413	Speaker	play	None
2016-10-11 12:55:10.010788	Speaker	stop	None
2016-10-11 12:55:10.011672	Trial	end	147
2016-10-11 12:55:28.139396	Trial	start	148
2016-10-11 12:55:28.141703	Speaker	play	None
2016-10-11 12:55:28.733615	Speaker	stop	None
2016-10-11 12:55:28.735699	Trial	end	148
2016-10-11 12:55:28.737567	Trial	start	149
2016-10-11 12:55:28.740678	Speaker	play	None
2016-10-11 12:55:34.747051	Speaker	stop	None
2016-10-11 12:55:34.748626	Trial	end	149
2016-10-11 12:55:40.959782	Trial	start	150
2016-10-11 12:55:40.971342	Speaker	play	None
2016-10-11 12:55:41.398234	Speaker	stop	None
2016-10-11 12:55:41.399138	Trial	end	150
2016-10-11 12:55:41.400501	Trial	start	151
2016-10-11 12:55:41.402496	Speaker	play	None
2016-10-11 12:55:41.508827	Speaker	stop	None
2016-10-11 12:55:41.511075	Trial	end	151
2016-10-11 12:55:41.512920	Trial	start	152
2016-10-11 12:55:41.516188	Speaker	play	None
2016-10-11 12:55:47.521414	Speaker	stop	None
2016-10-11 12:55:47.522369	Trial	end	152
2016-10-11 12:56:01.349145	Trial	start	153
2016-10-11 12:56:01.356043	Speaker	play	None
2016-10-11 12:56:01.427370	Speaker	stop	None
2016-10-11 12:56:01.428798	Trial	end	153
2016-10-11 12:56:01.431028	Trial	start	154
2016-10-11 12:56:01.434015	Speaker	play	None
2016-10-11 12:56:01.783429	Speaker	stop	None
2016-10-11 12:56:01.784405	Trial	end	154
2016-10-11 12:56:01.786437	Trial	start	155
2016-10-11 12:56:01.789278	Speaker	play	None
2016-10-11 12:56:02.172945	Speaker	stop	None
2016-10-11 12:56:02.174437	Trial	end	155
2016-10-11 12:56:02.176797	Trial	start	156
2016-10-11 12:56:02.182236	Speaker	play	None
2016-10-11 12:56:02.243163	Speaker	stop	None
2016-10-11 12:56:02.246194	Trial	end	156
2016-10-11 12:56:02.248413	Trial	start	157
2016-10-11 12:56:02.250448	Speaker	play	None
2016-10-11 12:56:03.111297	Speaker	stop	None
2016-10-11 12:56:03.114815	Trial	end	157
2016-10-11 12:56:03.116882	Trial	start	158
2016-10-11 12:56:03.119033	Speaker	play	None
2016-10-11 12:56:03.188519	Speaker	stop	None
2016-10-11 12:56:03.189547	Trial	end	158
2016-10-11 12:56:03.191410	Trial	start	159
2016-10-11 12:56:03.194438	Speaker	play	None
2016-10-11 12:56:09.202099	Speaker	stop	None
2016-10-11 12:56:09.203555	Trial	end	159
2016-10-11 12:57:34.240367	Trial	start	160
2016-10-11 12:57:34.253977	Speaker	play	None
2016-10-11 12:57:34.306200	Speaker	stop	None
2016-10-11 12:57:34.307071	Trial	end	160
2016-10-11 12:57:34.308411	Trial	start	161
2016-10-11 12:57:34.313412	Speaker	play	None
2016-10-11 12:57:34.888059	Speaker	stop	None
2016-10-11 12:57:34.889271	Trial	end	161
2016-10-11 12:57:34.890654	Trial	start	162
2016-10-11 12:57:34.896470	Speaker	play	None
2016-10-11 12:57:34.957269	Speaker	stop	None
2016-10-11 12:57:34.958290	Trial	end	162
2016-10-11 12:57:34.959697	Trial	start	163
2016-10-11 12:57:34.962695	Speaker	play	None
2016-10-11 12:57:40.971207	Speaker	stop	None
2016-10-11 12:57:40.974367	Trial	end	163
2016-10-11 12:57:41.273216	Trial	start	164
2016-10-11 12:57:41.279426	Speaker	play	None
2016-10-11 12:57:41.544081	Speaker	stop	None
2016-10-11 12:57:41.545494	Trial	end	164
2016-10-11 12:57:41.547272	Trial	start	165
2016-10-11 12:57:41.550083	Speaker	play	None
2016-10-11 12:57:41.625437	Speaker	stop	None
2016-10-11 12:57:41.626440	Trial	end	165
2016-10-11 12:57:41.627781	Trial	start	166
2016-10-11 12:57:41.629662	Speaker	play	None
2016-10-11 12:57:42.690899	Speaker	stop	None
2016-10-11 12:57:42.692280	Trial	end	166
2016-10-11 12:57:42.694308	Trial	start	167
2016-10-11 12:57:42.696701	Speaker	play	None
2016-10-11 12:57:42.764121	Speaker	stop	None
2016-10-11 12:57:42.765013	Trial	end	167
2016-10-11 12:57:42.766460	Trial	start	168
2016-10-11 12:57:42.769472	Speaker	play	None
2016-10-11 12:57:43.993487	Speaker	stop	None
2016-10-11 12:57:43.995076	Trial	end	168
2016-10-11 12:57:43.996818	Trial	start	169
2016-10-11 12:57:43.999039	Speaker	play	None
2016-10-11 12:57:44.055535	Speaker	stop	None
2016-10-11 12:57:44.057083	Trial	end	169
2016-10-11 12:57:44.059456	Trial	start	170
2016-10-11 12:57:44.062504	Speaker	play	None
2016-10-11 12:57:50.071058	Speaker	stop	None
2016-10-11 12:57:50.071827	Trial	end	170
2016-10-11 12:57:54.398878	Trial	start	171
2016-10-11 12:57:54.406210	Speaker	play	None
2016-10-11 12:58:00.409180	Speaker	stop	None
2016-10-11 12:58:00.410139	Trial	end	171
2016-10-11 12:58:02.838789	Trial	start	172
2016-10-11 12:58:02.842505	Speaker	play	None
2016-10-11 12:58:03.456535	Speaker	stop	None
2016-10-11 12:58:03.457640	Trial	end	172
2016-10-11 12:58:03.458979	Trial	start	173
2016-10-11 12:58:03.460956	Speaker	play	None
2016-10-11 12:58:03.657697	Speaker	stop	None
2016-10-11 12:58:03.659099	Trial	end	173
2016-10-11 12:58:03.661380	Trial	start	174
2016-10-11 12:58:03.663677	Speaker	play	None
2016-10-11 12:58:03.727028	Speaker	stop	None
2016-10-11 12:58:03.728524	Trial	end	174
2016-10-11 12:58:03.730616	Trial	start	175
2016-10-11 12:58:03.733148	Speaker	play	None
2016-10-11 12:58:04.591292	Speaker	stop	None
2016-10-11 12:58:04.592213	Trial	end	175
2016-10-11 12:58:04.593460	Trial	start	176
2016-10-11 12:58:04.595429	Speaker	play	None
2016-10-11 12:58:04.660664	Speaker	stop	None
2016-10-11 12:58:04.661510	Trial	end	176
2016-10-11 12:58:04.663055	Trial	start	177
2016-10-11 12:58:04.664938	Speaker	play	None
2016-10-11 12:58:05.557803	Speaker	stop	None
2016-10-11 12:58:05.558933	Trial	end	177
2016-10-11 12:58:05.560215	Trial	start	178
2016-10-11 12:58:05.562183	Speaker	play	None
2016-10-11 12:58:05.874660	Speaker	stop	None
2016-10-11 12:58:05.876662	Trial	end	178
2016-10-11 12:58:05.878143	Trial	start	179
2016-10-11 12:58:05.880198	Speaker	play	None
2016-10-11 12:58:05.951016	Speaker	stop	None
2016-10-11 12:58:05.952600	Trial	end	179
2016-10-11 12:58:05.954952	Trial	start	180
2016-10-11 12:58:05.958770	Speaker	play	None
2016-10-11 12:58:11.963788	Speaker	stop	None
2016-10-11 12:58:11.964658	Trial	end	180
2016-10-11 12:58:13.737115	Trial	start	181
2016-10-11 12:58:13.739827	Speaker	play	None
2016-10-11 12:58:13.807500	Speaker	stop	None
2016-10-11 12:58:13.808764	Trial	end	181
2016-10-11 12:58:13.810624	Trial	start	182
2016-10-11 12:58:13.814625	Speaker	play	None
2016-10-11 12:58:14.163932	Speaker	stop	None
2016-10-11 12:58:14.165870	Trial	end	182
2016-10-11 12:58:14.167692	Trial	start	183
2016-10-11 12:58:14.169910	Speaker	play	None
2016-10-11 12:58:14.262588	Speaker	stop	None
2016-10-11 12:58:14.265476	Trial	end	183
2016-10-11 12:58:14.266968	Trial	start	184
2016-10-11 12:58:14.269444	Speaker	play	None
2016-10-11 12:58:15.760881	Speaker	stop	None
2016-10-11 12:58:15.763361	Trial	end	184
2016-10-11 12:58:15.765153	Trial	start	185
2016-10-11 12:58:15.770469	Speaker	play	None
2016-10-11 12:58:21.777439	Speaker	stop	None
2016-10-11 12:58:21.778836	Trial	end	185
2016-10-11 12:58:37.800948	Trial	start	186
2016-10-11 12:58:37.804782	Speaker	play	None
2016-10-11 12:58:37.927976	Speaker	stop	None
2016-10-11 12:58:37.929398	Trial	end	186
2016-10-11 12:58:37.935361	Trial	start	187
2016-10-11 12:58:37.938197	Speaker	play	None
2016-10-11 12:58:38.038311	Speaker	stop	None
2016-10-11 12:58:38.039371	Trial	end	187
2016-10-11 12:58:38.041053	Trial	start	188
2016-10-11 12:58:38.043664	Speaker	play	None
2016-10-11 12:58:44.051840	Speaker	stop	None
2016-10-11 12:58:44.053988	Trial	end	188
2016-10-11 12:58:48.056685	Trial	start	189
2016-10-11 12:58:48.059274	Speaker	play	None
2016-10-11 12:58:48.425552	Speaker	stop	None
2016-10-11 12:58:48.426889	Trial	end	189
2016-10-11 12:58:48.428563	Trial	start	190
2016-10-11 12:58:48.431934	Speaker	play	None
2016-10-11 12:58:48.511356	Speaker	stop	None
2016-10-11 12:58:48.512145	Trial	end	190
2016-10-11 12:58:48.513235	Trial	start	191
2016-10-11 12:58:48.515303	Speaker	play	None
2016-10-11 12:58:49.535423	Speaker	stop	None
2016-10-11 12:58:49.537309	Trial	end	191
2016-10-11 12:58:49.540470	Trial	start	192
2016-10-11 12:58:49.543356	Speaker	play	None
2016-10-11 12:58:55.548206	Speaker	stop	None
2016-10-11 12:58:55.549107	Trial	end	192
2016-10-11 12:59:01.978706	Trial	start	193
2016-10-11 12:59:01.981632	Speaker	play	None
2016-10-11 12:59:02.044172	Speaker	stop	None
2016-10-11 12:59:02.045360	Trial	end	193
2016-10-11 12:59:02.047675	Trial	start	194
2016-10-11 12:59:02.051250	Speaker	play	None
2016-10-11 12:59:02.814716	Speaker	stop	None
2016-10-11 12:59:02.815875	Trial	end	194
2016-10-11 12:59:02.818712	Trial	start	195
2016-10-11 12:59:02.828193	Speaker	play	None
2016-10-11 12:59:02.884754	Speaker	stop	None
2016-10-11 12:59:02.890368	Trial	end	195
2016-10-11 12:59:02.892043	Trial	start	196
2016-10-11 12:59:02.895333	Speaker	play	None
2016-10-11 12:59:08.901036	Speaker	stop	None
2016-10-11 12:59:08.903419	Trial	end	196
2016-10-11 12:59:18.833125	Trial	start	197
2016-10-11 12:59:18.836840	Speaker	play	None
2016-10-11 12:59:19.320605	Speaker	stop	None
2016-10-11 12:59:19.321622	Trial	end	197
2016-10-11 12:59:19.322817	Trial	start	198
2016-10-11 12:59:19.325907	Speaker	play	None
2016-10-11 12:59:19.394364	Speaker	stop	None
2016-10-11 12:59:19.396587	Trial	end	198
2016-10-11 12:59:19.401030	Trial	start	199
2016-10-11 12:59:19.405982	Speaker	play	None
2016-10-11 12:59:25.411214	Speaker	stop	None
2016-10-11 12:59:25.412592	Trial	end	199
2016-10-11 12:59:39.226412	Trial	start	200
2016-10-11 12:59:39.230602	Speaker	play	None
2016-10-11 12:59:39.300311	Speaker	stop	None
2016-10-11 12:59:39.301210	Trial	end	200
2016-10-11 12:59:39.302493	Trial	start	201
2016-10-11 12:59:39.304464	Speaker	play	None
2016-10-11 12:59:39.542188	Speaker	stop	None
2016-10-11 12:59:39.545267	Trial	end	201
2016-10-11 12:59:39.547602	Trial	start	202
2016-10-11 12:59:39.550668	Speaker	play	None
2016-10-11 12:59:39.624281	Speaker	stop	None
2016-10-11 12:59:39.626161	Trial	end	202
2016-10-11 12:59:39.628056	Trial	start	203
2016-10-11 12:59:39.631848	Speaker	play	None
2016-10-11 12:59:40.758428	Speaker	stop	None
2016-10-11 12:59:40.759740	Trial	end	203
2016-10-11 12:59:40.762834	Trial	start	204
2016-10-11 12:59:40.767617	Speaker	play	None
2016-10-11 12:59:40.824144	Speaker	stop	None
2016-10-11 12:59:40.827475	Trial	end	204
2016-10-11 12:59:40.831130	Trial	start	205
2016-10-11 12:59:40.836094	Speaker	play	None
2016-10-11 12:59:41.090410	Speaker	stop	None
2016-10-11 12:59:41.091677	Trial	end	205
2016-10-11 12:59:41.094093	Trial	start	206
2016-10-11 12:59:41.097984	Speaker	play	None
2016-10-11 12:59:41.172152	Speaker	stop	None
2016-10-11 12:59:41.173160	Trial	end	206
2016-10-11 12:59:41.174541	Trial	start	207
2016-10-11 12:59:41.177951	Speaker	play	None
2016-10-11 12:59:47.185704	Speaker	stop	None
2016-10-11 12:59:47.187953	Trial	end	207
2016-10-11 12:59:57.817898	Trial	start	208
2016-10-11 12:59:57.820732	Speaker	play	None
2016-10-11 12:59:57.911910	Speaker	stop	None
2016-10-11 12:59:57.912952	Trial	end	208
2016-10-11 12:59:57.914278	Trial	start	209
2016-10-11 12:59:57.916453	Speaker	play	None
2016-10-11 13:00:09.147425	Speaker	stop	None
2016-10-11 13:00:09.149719	Hopper	up	None
2016-10-11 13:00:21.151808	Hopper	down	None
2016-10-11 13:00:21.454643	Trial	end	209
2016-10-11 13:03:21.336367	Trial	start	210
2016-10-11 13:03:21.338709	Speaker	play	None
2016-10-11 13:03:22.127216	Speaker	stop	None
2016-10-11 13:03:22.128452	Trial	end	210
2016-10-11 13:03:22.130404	Trial	start	211
2016-10-11 13:03:22.133854	Speaker	play	None
2016-10-11 13:03:22.204974	Speaker	stop	None
2016-10-11 13:03:22.206400	Trial	end	211
2016-10-11 13:03:22.207888	Trial	start	212
2016-10-11 13:03:22.211423	Speaker	play	None
2016-10-11 13:03:28.217836	Speaker	stop	None
2016-10-11 13:03:28.221441	Trial	end	212
2016-10-11 13:03:29.646926	Trial	start	213
2016-10-11 13:03:29.652413	Speaker	play	None
2016-10-11 13:03:29.903445	Speaker	stop	None
2016-10-11 13:03:29.904459	Trial	end	213
2016-10-11 13:03:29.905929	Trial	start	214
2016-10-11 13:03:29.908147	Speaker	play	None
2016-10-11 13:03:30.543912	Speaker	stop	None
2016-10-11 13:03:30.544819	Trial	end	214
2016-10-11 13:03:30.546173	Trial	start	215
2016-10-11 13:03:30.548810	Speaker	play	None
2016-10-11 13:03:30.765431	Speaker	stop	None
2016-10-11 13:03:30.770073	Trial	end	215
2016-10-11 13:03:30.774198	Trial	start	216
2016-10-11 13:03:30.776933	Speaker	play	None
2016-10-11 13:03:30.830903	Speaker	stop	None
2016-10-11 13:03:30.832048	Trial	end	216
2016-10-11 13:03:30.833509	Trial	start	217
2016-10-11 13:03:30.836704	Speaker	play	None
2016-10-11 13:03:36.843451	Speaker	stop	None
2016-10-11 13:03:36.844456	Trial	end	217
2016-10-11 13:04:15.761842	Trial	start	218
2016-10-11 13:04:15.764397	Speaker	play	None
2016-10-11 13:04:16.663094	Speaker	stop	None
2016-10-11 13:04:16.664111	Trial	end	218
2016-10-11 13:04:16.665539	Trial	start	219
2016-10-11 13:04:16.668654	Speaker	play	None
2016-10-11 13:04:27.901989	Speaker	stop	None
2016-10-11 13:04:27.903566	Hopper	up	None
2016-10-11 13:04:39.907511	Hopper	down	None
2016-10-11 13:04:40.213864	Trial	end	219
2016-10-11 13:09:38.496117	Trial	start	220
2016-10-11 13:09:38.499330	Speaker	play	None
2016-10-11 13:09:44.505825	Speaker	stop	None
2016-10-11 13:09:44.506795	Trial	end	220
2016-10-11 13:10:05.544510	Trial	start	221
2016-10-11 13:10:05.554257	Speaker	play	None
2016-10-11 13:10:11.561404	Speaker	stop	None
2016-10-11 13:10:11.562609	Trial	end	221
2016-10-11 13:10:26.805739	Trial	start	222
2016-10-11 13:10:26.808009	Speaker	play	None
2016-10-11 13:10:27.743966	Speaker	stop	None
2016-10-11 13:10:27.745819	Trial	end	222
2016-10-11 13:10:27.747699	Trial	start	223
2016-10-11 13:10:27.751797	Speaker	play	None
2016-10-11 13:10:28.157553	Speaker	stop	None
2016-10-11 13:10:28.158864	Trial	end	223
2016-10-11 13:10:28.160333	Trial	start	224
2016-10-11 13:10:28.163963	Speaker	play	None
2016-10-11 13:10:28.268587	Speaker	stop	None
2016-10-11 13:10:28.270117	Trial	end	224
2016-10-11 13:10:28.271452	Trial	start	225
2016-10-11 13:10:28.273786	Speaker	play	None
2016-10-11 13:10:34.280944	Speaker	stop	None
2016-10-11 13:10:34.282906	Trial	end	225
2016-10-11 13:10:44.541122	Trial	start	226
2016-10-11 13:10:44.546358	Speaker	play	None
2016-10-11 13:10:44.612430	Speaker	stop	None
2016-10-11 13:10:44.613714	Trial	end	226
2016-10-11 13:10:44.615759	Trial	start	227
2016-10-11 13:10:44.617867	Speaker	play	None
2016-10-11 13:10:50.623150	Speaker	stop	None
2016-10-11 13:10:50.624192	Trial	end	227
2016-10-11 13:11:20.873245	Trial	start	228
2016-10-11 13:11:20.876482	Speaker	play	None
2016-10-11 13:11:21.897071	Speaker	stop	None
2016-10-11 13:11:21.898612	Trial	end	228
2016-10-11 13:11:21.900182	Trial	start	229
2016-10-11 13:11:21.905648	Speaker	play	None
2016-10-11 13:11:21.968309	Speaker	stop	None
2016-10-11 13:11:21.969607	Trial	end	229
2016-10-11 13:11:21.971236	Trial	start	230
2016-10-11 13:11:21.975042	Speaker	play	None
2016-10-11 13:11:30.926114	Speaker	stop	None
2016-10-11 13:11:30.930693	Hopper	up	None
2016-10-11 13:11:42.934824	Hopper	down	None
2016-10-11 13:11:43.241634	Trial	end	230
2016-10-11 13:13:28.245770	Trial	start	231
2016-10-11 13:13:28.250056	Speaker	play	None
2016-10-11 13:13:34.258517	Speaker	stop	None
2016-10-11 13:13:34.259686	Trial	end	231
2016-10-11 13:14:03.465290	Trial	start	232
2016-10-11 13:14:03.467590	Speaker	play	None
2016-10-11 13:14:14.700962	Speaker	stop	None
2016-10-11 13:14:14.704075	Hopper	up	None
2016-10-11 13:14:26.710031	Hopper	down	None
2016-10-11 13:14:27.016001	Trial	end	232
2016-10-11 13:17:49.880528	Trial	start	233
2016-10-11 13:17:49.882786	Speaker	play	None
2016-10-11 13:17:55.889437	Speaker	stop	None
2016-10-11 13:17:55.890647	Trial	end	233
2016-10-11 13:18:08.791490	Trial	start	234
2016-10-11 13:18:08.795720	Speaker	play	None
2016-10-11 13:18:14.799762	Speaker	stop	None
2016-10-11 13:18:14.800722	Trial	end	234
2016-10-11 13:21:36.078946	Trial	start	235
2016-10-11 13:21:36.083390	Speaker	play	None
2016-10-11 13:21:47.313292	Speaker	stop	None
2016-10-11 13:21:47.314695	Hopper	up	None
2016-10-11 13:21:59.318422	Hopper	down	None
2016-10-11 13:21:59.625324	Trial	end	235
2016-10-11 13:23:19.615653	Trial	start	236
2016-10-11 13:23:19.619613	Speaker	play	None
2016-10-11 13:23:19.841293	Speaker	stop	None
2016-10-11 13:23:19.842693	Trial	end	236
2016-10-11 13:23:19.844523	Trial	start	237
2016-10-11 13:23:19.847702	Speaker	play	None
2016-10-11 13:23:25.853550	Speaker	stop	None
2016-10-11 13:23:25.854490	Trial	end	237
2016-10-11 13:24:01.875747	Trial	start	238
2016-10-11 13:24:01.878144	Speaker	play	None
2016-10-11 13:24:01.967201	Speaker	stop	None
2016-10-11 13:24:01.969279	Trial	end	238
2016-10-11 13:24:01.975090	Trial	start	239
2016-10-11 13:24:01.978772	Speaker	play	None
2016-10-11 13:24:07.982669	Speaker	stop	None
2016-10-11 13:24:07.983922	Trial	end	239
2016-10-11 13:24:36.067414	Trial	start	240
2016-10-11 13:24:36.069558	Speaker	play	None
2016-10-11 13:24:36.706730	Speaker	stop	None
2016-10-11 13:24:36.709274	Trial	end	240
2016-10-11 13:24:36.710512	Trial	start	241
2016-10-11 13:24:36.717440	Speaker	play	None
2016-10-11 13:24:42.723094	Speaker	stop	None
2016-10-11 13:24:42.724228	Trial	end	241
2016-10-11 13:24:58.721200	Trial	start	242
2016-10-11 13:24:58.725244	Speaker	play	None
2016-10-11 13:24:58.795662	Speaker	stop	None
2016-10-11 13:24:58.796954	Trial	end	242
2016-10-11 13:24:58.798316	Trial	start	243
2016-10-11 13:24:58.800593	Speaker	play	None
2016-10-11 13:25:04.807473	Speaker	stop	None
2016-10-11 13:25:04.808412	Trial	end	243
2016-10-11 13:26:27.663559	Trial	start	244
2016-10-11 13:26:27.665842	Speaker	play	None
2016-10-11 13:26:33.671936	Speaker	stop	None
2016-10-11 13:26:33.673765	Trial	end	244
2016-10-11 13:27:38.861385	Trial	start	245
2016-10-11 13:27:38.863915	Speaker	play	None
2016-10-11 13:27:44.869640	Speaker	stop	None
2016-10-11 13:27:44.870557	Trial	end	245
2016-10-11 13:28:13.514238	Trial	start	246
2016-10-11 13:28:13.517665	Speaker	play	None
2016-10-11 13:28:22.467676	Speaker	stop	None
2016-10-11 13:28:22.470196	Hopper	up	None
2016-10-11 13:28:34.481091	Hopper	down	None
2016-10-11 13:28:34.786858	Trial	end	246
2016-10-11 13:30:58.916426	Trial	start	247
2016-10-11 13:30:58.919169	Speaker	play	None
2016-10-11 13:31:10.146546	Speaker	stop	None
2016-10-11 13:31:10.148955	Hopper	up	None
2016-10-11 13:31:22.151057	Hopper	down	None
2016-10-11 13:31:22.454568	Trial	end	247
2016-10-11 13:34:02.377228	Trial	start	248
2016-10-11 13:34:02.379846	Speaker	play	None
2016-10-11 13:34:08.385772	Speaker	stop	None
2016-10-11 13:34:08.386762	Trial	end	248
2016-10-11 13:36:32.770604	Trial	start	249
2016-10-11 13:36:32.776982	Speaker	play	None
2016-10-11 13:36:38.783270	Speaker	stop	None
2016-10-11 13:36:38.784329	Trial	end	249
2016-10-11 13:36:44.873476	Trial	start	250
2016-10-11 13:36:44.876111	Speaker	play	None
2016-10-11 13:36:50.881918	Speaker	stop	None
2016-10-11 13:36:50.882764	Trial	end	250
2016-10-11 13:37:12.175924	Trial	start	251
2016-10-11 13:37:12.178335	Speaker	play	None
2016-10-11 13:37:12.536063	Speaker	stop	None
2016-10-11 13:37:12.537033	Trial	end	251
2016-10-11 13:37:12.538168	Trial	start	252
2016-10-11 13:37:12.540227	Speaker	play	None
2016-10-11 13:37:18.544141	Speaker	stop	None
2016-10-11 13:37:18.544977	Trial	end	252
2016-10-11 13:37:51.670086	Trial	start	253
2016-10-11 13:37:51.672744	Speaker	play	None
2016-10-11 13:37:57.678627	Speaker	stop	None
2016-10-11 13:37:57.680389	Trial	end	253
2016-10-11 13:38:23.108736	Trial	start	254
2016-10-11 13:38:23.111460	Speaker	play	None
2016-10-11 13:38:29.117380	Speaker	stop	None
2016-10-11 13:38:29.118557	Trial	end	254
2016-10-11 13:39:36.671654	Trial	start	255
2016-10-11 13:39:36.674086	Speaker	play	None
2016-10-11 13:39:42.680242	Speaker	stop	None
2016-10-11 13:39:42.681256	Trial	end	255
2016-10-11 13:39:53.054643	Trial	start	256
2016-10-11 13:39:53.057188	Speaker	play	None
2016-10-11 13:40:02.008022	Speaker	stop	None
2016-10-11 13:40:02.010088	Hopper	up	None
2016-10-11 13:40:14.012335	Hopper	down	None
2016-10-11 13:40:14.315167	Trial	end	256
2016-10-11 13:42:46.884625	Trial	start	257
2016-10-11 13:42:46.887254	Speaker	play	None
2016-10-11 13:42:52.893217	Speaker	stop	None
2016-10-11 13:42:52.894181	Trial	end	257
2016-10-11 13:43:57.285946	Trial	start	258
2016-10-11 13:43:57.288679	Speaker	play	None
2016-10-11 13:44:08.516494	Speaker	stop	None
2016-10-11 13:44:08.517695	Hopper	up	None
2016-10-11 13:44:20.521043	Hopper	down	None
2016-10-11 13:44:20.824072	Trial	end	258
2016-10-11 13:45:54.026313	Trial	start	259
2016-10-11 13:45:54.029563	Speaker	play	None
2016-10-11 13:46:00.034982	Speaker	stop	None
2016-10-11 13:46:00.035933	Trial	end	259
2016-10-11 13:46:18.379430	Trial	start	260
2016-10-11 13:46:18.382537	Speaker	play	None
2016-10-11 13:46:24.388042	Speaker	stop	None
2016-10-11 13:46:24.388937	Trial	end	260
2016-10-11 13:46:40.934640	Trial	start	261
2016-10-11 13:46:40.937339	Speaker	play	None
2016-10-11 13:46:49.888200	Speaker	stop	None
2016-10-11 13:46:49.889916	Hopper	up	None
2016-10-11 13:47:01.892642	Hopper	down	None
2016-10-11 13:47:02.195397	Trial	end	261
2016-10-11 13:51:12.178447	Trial	start	262
2016-10-11 13:51:12.181828	Speaker	play	None
2016-10-11 13:51:18.190947	Speaker	stop	None
2016-10-11 13:51:18.191993	Trial	end	262
2016-10-11 13:51:47.880897	Trial	start	263
2016-10-11 13:51:47.884129	Speaker	play	None
2016-10-11 13:51:59.115482	Speaker	stop	None
2016-10-11 13:51:59.116675	Hopper	up	None
2016-10-11 13:52:11.120071	Hopper	down	None
2016-10-11 13:52:11.423040	Trial	end	263
2016-10-11 13:52:57.708981	Trial	start	264
2016-10-11 13:52:57.711411	Speaker	play	None
2016-10-11 13:53:06.662392	Speaker	stop	None
2016-10-11 13:53:06.663779	Hopper	up	None
2016-10-11 13:53:18.667004	Hopper	down	None
2016-10-11 13:53:18.969860	Trial	end	264
2016-10-11 14:06:15.540107	Trial	start	265
2016-10-11 14:06:15.542646	Speaker	play	None
2016-10-11 14:06:21.549324	Speaker	stop	None
2016-10-11 14:06:21.550551	Trial	end	265
2016-10-11 15:39:32.715557	PeckPort	off	None
2016-10-11 15:39:32.716091	HouseLight	on	None
2016-10-11 15:39:32.716520	Hopper	down	None
2016-10-11 15:39:33.022593	Hopper	down	None
2016-10-11 15:39:33.328882	HouseLight	on	None
2016-10-11 15:39:33.329469	PeckPort	on	None
2016-10-11 15:53:14.496691	Trial	start	1
2016-10-11 15:53:14.501669	Speaker	play	None
2016-10-11 15:53:20.506615	Speaker	stop	None
2016-10-11 15:53:20.507660	Trial	end	1
2016-10-11 15:53:34.712134	Trial	start	2
2016-10-11 15:53:34.715750	Speaker	play	None
2016-10-11 15:53:40.721225	Speaker	stop	None
2016-10-11 15:53:40.722974	Trial	end	2
2016-10-11 15:53:54.065564	Trial	start	3
2016-10-11 15:53:54.067909	Speaker	play	None
2016-10-11 15:54:00.074335	Speaker	stop	None
2016-10-11 15:54:00.075322	Trial	end	3
2016-10-11 15:55:56.167494	Trial	start	4
2016-10-11 15:55:56.169820	Speaker	play	None
2016-10-11 15:56:05.119546	Speaker	stop	None
2016-10-11 15:56:05.120872	Hopper	up	None
2016-10-11 15:56:17.122418	Hopper	down	None
2016-10-11 15:56:17.425248	Trial	end	4
2016-10-11 17:04:43.220340	Trial	start	5
2016-10-11 17:04:43.227252	Speaker	play	None
2016-10-11 17:04:54.454922	Speaker	stop	None
2016-10-11 17:04:54.456109	Hopper	up	None
2016-10-11 17:05:06.460041	Hopper	down	None
2016-10-11 17:05:06.762789	Trial	end	5
2016-10-11 17:07:18.218358	Trial	start	6
2016-10-11 17:07:18.222751	Speaker	play	None
2016-10-11 17:07:27.171804	Speaker	stop	None
2016-10-11 17:07:27.173287	Hopper	up	None
2016-10-11 17:07:39.176766	Hopper	down	None
2016-10-11 17:07:39.479499	Trial	end	6
2016-10-11 18:29:26.763465	PeckPort	off	None
2016-10-11 18:29:26.764175	HouseLight	on	None
2016-10-11 18:29:26.764813	Hopper	down	None
