2017-02-24 11:21:22.579186	PeckPort	off	None
2017-02-24 11:21:22.579447	HouseLight	on	None
2017-02-24 11:21:22.579637	Hopper	down	None
2017-02-24 11:21:22.884362	Hopper	down	None
2017-02-24 11:21:23.187079	HouseLight	on	None
2017-02-24 11:21:23.187334	PeckPort	on	None
2017-02-24 11:21:28.417389	Trial	start	1
2017-02-24 11:21:28.420509	Speaker	play	None
2017-02-24 11:21:34.426219	Speaker	stop	None
2017-02-24 11:21:34.426911	Trial	end	1
2017-02-24 11:22:12.439139	Trial	start	2
2017-02-24 11:22:12.441205	Speaker	play	None
2017-02-24 11:22:12.492524	Speaker	stop	None
2017-02-24 11:22:12.493073	Trial	end	2
2017-02-24 11:22:12.493757	Trial	start	3
2017-02-24 11:22:12.495626	Speaker	play	None
2017-02-24 11:22:16.805417	Speaker	stop	None
2017-02-24 11:22:16.806031	Trial	end	3
2017-02-24 11:22:16.806573	Trial	start	4
2017-02-24 11:22:16.808288	Speaker	play	None
2017-02-24 11:22:22.813932	Speaker	stop	None
2017-02-24 11:22:22.814531	Trial	end	4
2017-02-24 11:22:35.838640	Trial	start	5
2017-02-24 11:22:35.841778	Speaker	play	None
2017-02-24 11:22:41.847219	Speaker	stop	None
2017-02-24 11:22:41.847818	Trial	end	5
2017-02-24 11:22:45.234385	Trial	start	6
2017-02-24 11:22:45.237307	Speaker	play	None
2017-02-24 11:22:51.242951	Speaker	stop	None
2017-02-24 11:22:51.243548	Trial	end	6
2017-02-24 11:22:52.578180	Trial	start	7
2017-02-24 11:22:52.580950	Speaker	play	None
2017-02-24 11:22:58.586881	Speaker	stop	None
2017-02-24 11:22:58.587712	Trial	end	7
2017-02-24 11:22:59.246143	Trial	start	8
2017-02-24 11:22:59.248171	Speaker	play	None
2017-02-24 11:23:05.250607	Speaker	stop	None
2017-02-24 11:23:05.251128	Trial	end	8
2017-02-24 11:23:12.770464	Trial	start	9
2017-02-24 11:23:12.772553	Speaker	play	None
2017-02-24 11:23:18.775020	Speaker	stop	None
2017-02-24 11:23:18.776153	Hopper	up	None
2017-02-24 11:23:30.779869	Hopper	down	None
2017-02-24 11:23:31.082906	Trial	end	9
2017-02-24 11:23:52.512151	Trial	start	10
2017-02-24 11:23:52.514203	Speaker	play	None
2017-02-24 11:23:58.516644	Speaker	stop	None
2017-02-24 11:23:58.517360	Trial	end	10
2017-02-24 11:24:04.312104	Trial	start	11
2017-02-24 11:24:04.314128	Speaker	play	None
2017-02-24 11:24:04.361336	Speaker	stop	None
2017-02-24 11:24:04.361871	Trial	end	11
2017-02-24 11:24:04.362481	Trial	start	12
2017-02-24 11:24:04.364283	Speaker	play	None
2017-02-24 11:24:08.645734	Speaker	stop	None
2017-02-24 11:24:08.646694	Trial	end	12
2017-02-24 11:24:08.647470	Trial	start	13
2017-02-24 11:24:08.650334	Speaker	play	None
2017-02-24 11:24:08.698900	Speaker	stop	None
2017-02-24 11:24:08.699412	Trial	end	13
2017-02-24 11:24:08.699995	Trial	start	14
2017-02-24 11:24:08.701757	Speaker	play	None
2017-02-24 11:24:14.707393	Speaker	stop	None
2017-02-24 11:24:14.708152	Trial	end	14
2017-02-24 11:24:16.841339	Trial	start	15
2017-02-24 11:24:16.844546	Speaker	play	None
2017-02-24 11:24:22.850173	Speaker	stop	None
2017-02-24 11:24:22.850922	Hopper	up	None
2017-02-24 11:24:34.851530	Hopper	down	None
2017-02-24 11:24:35.154534	Trial	end	15
2017-02-24 11:24:54.454892	Trial	start	16
2017-02-24 11:24:54.456964	Speaker	play	None
2017-02-24 11:25:00.463796	Speaker	stop	None
2017-02-24 11:25:00.464598	Hopper	up	None
2017-02-24 11:25:12.465001	Hopper	down	None
2017-02-24 11:25:12.768112	Trial	end	16
2017-02-24 11:25:52.667033	Trial	start	17
2017-02-24 11:25:52.669296	Speaker	play	None
2017-02-24 11:25:58.282653	Speaker	stop	None
2017-02-24 11:25:58.283229	Trial	end	17
2017-02-24 11:25:58.283763	Trial	start	18
2017-02-24 11:25:58.285519	Speaker	play	None
2017-02-24 11:25:58.839695	Speaker	stop	None
2017-02-24 11:25:58.840342	Trial	end	18
2017-02-24 11:25:58.841161	Trial	start	19
2017-02-24 11:25:58.843810	Speaker	play	None
2017-02-24 11:26:04.848532	Speaker	stop	None
2017-02-24 11:26:04.849321	Hopper	up	None
2017-02-24 11:26:16.853637	Hopper	down	None
2017-02-24 11:26:17.156714	Trial	end	19
2017-02-24 11:26:34.032030	Trial	start	20
2017-02-24 11:26:34.034007	Speaker	play	None
2017-02-24 11:26:34.302458	Speaker	stop	None
2017-02-24 11:26:34.303128	Trial	end	20
2017-02-24 11:26:34.303954	Trial	start	21
2017-02-24 11:26:34.306774	Speaker	play	None
2017-02-24 11:26:34.351608	Speaker	stop	None
2017-02-24 11:26:34.352205	Trial	end	21
2017-02-24 11:26:34.352922	Trial	start	22
2017-02-24 11:26:34.355344	Speaker	play	None
2017-02-24 11:26:40.360365	Speaker	stop	None
2017-02-24 11:26:40.361343	Hopper	up	None
2017-02-24 11:26:52.365474	Hopper	down	None
2017-02-24 11:26:52.668564	Trial	end	22
2017-02-24 11:27:31.620966	Trial	start	23
2017-02-24 11:27:31.624789	Speaker	play	None
2017-02-24 11:27:32.046940	Speaker	stop	None
2017-02-24 11:27:32.047750	Trial	end	23
2017-02-24 11:27:32.048689	Trial	start	24
2017-02-24 11:27:32.052094	Speaker	play	None
2017-02-24 11:27:38.055608	Speaker	stop	None
2017-02-24 11:27:38.056390	Hopper	up	None
2017-02-24 11:27:50.056604	Hopper	down	None
2017-02-24 11:27:50.359660	Trial	end	24
2017-02-24 11:28:23.303095	Trial	start	25
2017-02-24 11:28:23.304963	Speaker	play	None
2017-02-24 11:28:29.307738	Speaker	stop	None
2017-02-24 11:28:29.308560	Hopper	up	None
2017-02-24 11:28:41.312752	Hopper	down	None
2017-02-24 11:28:41.615863	Trial	end	25
2017-02-24 11:29:00.325973	Trial	start	26
2017-02-24 11:29:00.328714	Speaker	play	None
2017-02-24 11:29:05.122396	Speaker	stop	None
2017-02-24 11:29:05.122952	Trial	end	26
2017-02-24 11:29:05.123629	Trial	start	27
2017-02-24 11:29:05.126149	Speaker	play	None
2017-02-24 11:29:05.175580	Speaker	stop	None
2017-02-24 11:29:05.176063	Trial	end	27
2017-02-24 11:29:05.176723	Trial	start	28
2017-02-24 11:29:05.178519	Speaker	play	None
2017-02-24 11:29:08.685973	Speaker	stop	None
2017-02-24 11:29:08.686786	Trial	end	28
2017-02-24 11:29:08.687763	Trial	start	29
2017-02-24 11:29:08.690490	Speaker	play	None
2017-02-24 11:29:13.064261	Speaker	stop	None
2017-02-24 11:29:13.064885	Trial	end	29
2017-02-24 11:29:13.065497	Trial	start	30
2017-02-24 11:29:13.067405	Speaker	play	None
2017-02-24 11:29:16.930908	Speaker	stop	None
2017-02-24 11:29:16.931840	Trial	end	30
2017-02-24 11:29:16.932541	Trial	start	31
2017-02-24 11:29:16.934439	Speaker	play	None
2017-02-24 11:29:16.984045	Speaker	stop	None
2017-02-24 11:29:16.984632	Trial	end	31
2017-02-24 11:29:16.985239	Trial	start	32
2017-02-24 11:29:16.987122	Speaker	play	None
2017-02-24 11:29:22.993432	Speaker	stop	None
2017-02-24 11:29:22.994428	Trial	end	32
2017-02-24 11:29:23.025490	Trial	start	33
2017-02-24 11:29:23.027842	Speaker	play	None
2017-02-24 11:29:27.584207	Speaker	stop	None
2017-02-24 11:29:27.584761	Trial	end	33
2017-02-24 11:29:27.585307	Trial	start	34
2017-02-24 11:29:27.587081	Speaker	play	None
2017-02-24 11:29:33.592879	Speaker	stop	None
2017-02-24 11:29:33.593528	Trial	end	34
2017-02-24 11:29:39.183668	Trial	start	35
2017-02-24 11:29:39.186385	Speaker	play	None
2017-02-24 11:29:45.192423	Speaker	stop	None
2017-02-24 11:29:45.192985	Trial	end	35
2017-02-24 11:29:48.251906	Trial	start	36
2017-02-24 11:29:48.254150	Speaker	play	None
2017-02-24 11:29:48.305257	Speaker	stop	None
2017-02-24 11:29:48.305810	Trial	end	36
2017-02-24 11:29:48.306578	Trial	start	37
2017-02-24 11:29:48.308432	Speaker	play	None
2017-02-24 11:29:54.313907	Speaker	stop	None
2017-02-24 11:29:54.314491	Trial	end	37
2017-02-24 11:29:56.112079	Trial	start	38
2017-02-24 11:29:56.114169	Speaker	play	None
2017-02-24 11:29:56.165355	Speaker	stop	None
2017-02-24 11:29:56.166056	Trial	end	38
2017-02-24 11:29:56.166953	Trial	start	39
2017-02-24 11:29:56.169589	Speaker	play	None
2017-02-24 11:30:02.174011	Speaker	stop	None
2017-02-24 11:30:02.174687	Trial	end	39
2017-02-24 11:30:03.701638	Trial	start	40
2017-02-24 11:30:03.703680	Speaker	play	None
2017-02-24 11:30:09.706383	Speaker	stop	None
2017-02-24 11:30:09.707182	Trial	end	40
2017-02-24 11:30:09.911061	Trial	start	41
2017-02-24 11:30:09.914185	Speaker	play	None
2017-02-24 11:30:15.919704	Speaker	stop	None
2017-02-24 11:30:15.920272	Trial	end	41
2017-02-24 11:30:24.418590	Trial	start	42
2017-02-24 11:30:24.420593	Speaker	play	None
2017-02-24 11:30:28.957002	Speaker	stop	None
2017-02-24 11:30:28.957853	Trial	end	42
2017-02-24 11:30:28.958705	Trial	start	43
2017-02-24 11:30:28.961982	Speaker	play	None
2017-02-24 11:30:29.006164	Speaker	stop	None
2017-02-24 11:30:29.006823	Trial	end	43
2017-02-24 11:30:29.007559	Trial	start	44
2017-02-24 11:30:29.010410	Speaker	play	None
2017-02-24 11:30:29.399232	Speaker	stop	None
2017-02-24 11:30:29.399767	Trial	end	44
2017-02-24 11:30:29.400352	Trial	start	45
2017-02-24 11:30:29.402146	Speaker	play	None
2017-02-24 11:30:30.292192	Speaker	stop	None
2017-02-24 11:30:30.292895	Trial	end	45
2017-02-24 11:30:30.293655	Trial	start	46
2017-02-24 11:30:30.296245	Speaker	play	None
2017-02-24 11:30:30.349618	Speaker	stop	None
2017-02-24 11:30:30.350360	Trial	end	46
2017-02-24 11:30:30.350867	Trial	start	47
2017-02-24 11:30:30.352803	Speaker	play	None
2017-02-24 11:30:36.358269	Speaker	stop	None
2017-02-24 11:30:36.359037	Trial	end	47
2017-02-24 11:30:46.634831	Trial	start	48
2017-02-24 11:30:46.637673	Speaker	play	None
2017-02-24 11:30:52.643399	Speaker	stop	None
2017-02-24 11:30:52.644276	Trial	end	48
2017-02-24 11:30:53.786023	Trial	start	49
2017-02-24 11:30:53.787975	Speaker	play	None
2017-02-24 11:30:53.835265	Speaker	stop	None
2017-02-24 11:30:53.835828	Trial	end	49
2017-02-24 11:30:53.836367	Trial	start	50
2017-02-24 11:30:53.838113	Speaker	play	None
2017-02-24 11:30:59.843923	Speaker	stop	None
2017-02-24 11:30:59.844715	Trial	end	50
2017-02-24 11:31:00.363954	Trial	start	51
2017-02-24 11:31:00.366217	Speaker	play	None
2017-02-24 11:31:06.372794	Speaker	stop	None
2017-02-24 11:31:06.373742	Trial	end	51
2017-02-24 11:31:12.594299	Trial	start	52
2017-02-24 11:31:12.596689	Speaker	play	None
2017-02-24 11:31:18.602961	Speaker	stop	None
2017-02-24 11:31:18.603564	Trial	end	52
2017-02-24 11:31:21.465911	Trial	start	53
2017-02-24 11:31:21.467988	Speaker	play	None
2017-02-24 11:31:27.470572	Speaker	stop	None
2017-02-24 11:31:27.471123	Trial	end	53
2017-02-24 11:31:27.777644	Trial	start	54
2017-02-24 11:31:27.779618	Speaker	play	None
2017-02-24 11:31:27.830957	Speaker	stop	None
2017-02-24 11:31:27.831520	Trial	end	54
2017-02-24 11:31:27.832138	Trial	start	55
2017-02-24 11:31:27.833958	Speaker	play	None
2017-02-24 11:31:33.839745	Speaker	stop	None
2017-02-24 11:31:33.840405	Trial	end	55
2017-02-24 11:31:38.803756	Trial	start	56
2017-02-24 11:31:38.810828	Speaker	play	None
2017-02-24 11:31:38.857130	Speaker	stop	None
2017-02-24 11:31:38.857852	Trial	end	56
2017-02-24 11:31:38.860110	Trial	start	57
2017-02-24 11:31:38.862555	Speaker	play	None
2017-02-24 11:31:40.040905	Speaker	stop	None
2017-02-24 11:31:40.041555	Trial	end	57
2017-02-24 11:31:40.042130	Trial	start	58
2017-02-24 11:31:40.044262	Speaker	play	None
2017-02-24 11:31:46.049461	Speaker	stop	None
2017-02-24 11:31:46.050292	Trial	end	58
2017-02-24 11:31:48.363530	Trial	start	59
2017-02-24 11:31:48.365503	Speaker	play	None
2017-02-24 11:31:54.372129	Speaker	stop	None
2017-02-24 11:31:54.372846	Trial	end	59
2017-02-24 11:31:58.476205	Trial	start	60
2017-02-24 11:31:58.478561	Speaker	play	None
2017-02-24 11:32:04.484900	Speaker	stop	None
2017-02-24 11:32:04.485478	Trial	end	60
2017-02-24 11:32:08.277606	Trial	start	61
2017-02-24 11:32:08.279526	Speaker	play	None
2017-02-24 11:32:14.282244	Speaker	stop	None
2017-02-24 11:32:14.282833	Trial	end	61
2017-02-24 11:32:19.164450	Trial	start	62
2017-02-24 11:32:19.166346	Speaker	play	None
2017-02-24 11:32:25.168973	Speaker	stop	None
2017-02-24 11:32:25.169528	Trial	end	62
2017-02-24 11:32:26.582070	Trial	start	63
2017-02-24 11:32:26.583971	Speaker	play	None
2017-02-24 11:32:27.544621	Speaker	stop	None
2017-02-24 11:32:27.545163	Trial	end	63
2017-02-24 11:32:27.545708	Trial	start	64
2017-02-24 11:32:27.547446	Speaker	play	None
2017-02-24 11:32:27.601945	Speaker	stop	None
2017-02-24 11:32:27.602549	Trial	end	64
2017-02-24 11:32:27.605084	Trial	start	65
2017-02-24 11:32:27.606947	Speaker	play	None
2017-02-24 11:32:28.515328	Speaker	stop	None
2017-02-24 11:32:28.515905	Trial	end	65
2017-02-24 11:32:28.516462	Trial	start	66
2017-02-24 11:32:28.518202	Speaker	play	None
2017-02-24 11:32:34.523908	Speaker	stop	None
2017-02-24 11:32:34.524605	Trial	end	66
2017-02-24 11:32:48.421119	Trial	start	67
2017-02-24 11:32:48.423196	Speaker	play	None
2017-02-24 11:32:54.425688	Speaker	stop	None
2017-02-24 11:32:54.426240	Trial	end	67
2017-02-24 11:32:59.496367	Trial	start	68
2017-02-24 11:32:59.498997	Speaker	play	None
2017-02-24 11:33:05.504991	Speaker	stop	None
2017-02-24 11:33:05.505557	Trial	end	68
2017-02-24 11:33:13.373061	Trial	start	69
2017-02-24 11:33:13.375303	Speaker	play	None
2017-02-24 11:33:19.377758	Speaker	stop	None
2017-02-24 11:33:19.378610	Hopper	up	None
2017-02-24 11:33:31.382535	Hopper	down	None
2017-02-24 11:33:31.685632	Trial	end	69
2017-02-24 11:33:40.733403	Trial	start	70
2017-02-24 11:33:40.735435	Speaker	play	None
2017-02-24 11:33:46.737929	Speaker	stop	None
2017-02-24 11:33:46.738454	Trial	end	70
2017-02-24 11:33:48.511467	Trial	start	71
2017-02-24 11:33:48.513413	Speaker	play	None
2017-02-24 11:33:54.516004	Speaker	stop	None
2017-02-24 11:33:54.516801	Hopper	up	None
2017-02-24 11:34:06.520835	Hopper	down	None
2017-02-24 11:34:06.824067	Trial	end	71
2017-02-24 11:34:53.164514	Trial	start	72
2017-02-24 11:34:53.166788	Speaker	play	None
2017-02-24 11:34:59.173073	Speaker	stop	None
2017-02-24 11:34:59.173666	Trial	end	72
2017-02-24 11:35:01.053049	Trial	start	73
2017-02-24 11:35:01.055017	Speaker	play	None
2017-02-24 11:35:01.106335	Speaker	stop	None
2017-02-24 11:35:01.106875	Trial	end	73
2017-02-24 11:35:01.107459	Trial	start	74
2017-02-24 11:35:01.109932	Speaker	play	None
2017-02-24 11:35:01.987067	Speaker	stop	None
2017-02-24 11:35:01.987593	Trial	end	74
2017-02-24 11:35:01.988282	Trial	start	75
2017-02-24 11:35:01.990182	Speaker	play	None
2017-02-24 11:35:02.040326	Speaker	stop	None
2017-02-24 11:35:02.040969	Trial	end	75
2017-02-24 11:35:02.041673	Trial	start	76
2017-02-24 11:35:02.044156	Speaker	play	None
2017-02-24 11:35:02.318740	Speaker	stop	None
2017-02-24 11:35:02.319278	Trial	end	76
2017-02-24 11:35:02.319807	Trial	start	77
2017-02-24 11:35:02.321746	Speaker	play	None
2017-02-24 11:35:02.372153	Speaker	stop	None
2017-02-24 11:35:02.373016	Trial	end	77
2017-02-24 11:35:02.374001	Trial	start	78
2017-02-24 11:35:02.376250	Speaker	play	None
2017-02-24 11:35:03.502485	Speaker	stop	None
2017-02-24 11:35:03.503117	Trial	end	78
2017-02-24 11:35:03.503947	Trial	start	79
2017-02-24 11:35:03.505946	Speaker	play	None
2017-02-24 11:35:09.511059	Speaker	stop	None
2017-02-24 11:35:09.511608	Trial	end	79
2017-02-24 11:35:26.705335	Trial	start	80
2017-02-24 11:35:26.707512	Speaker	play	None
2017-02-24 11:35:32.710017	Speaker	stop	None
2017-02-24 11:35:32.712695	Trial	end	80
2017-02-24 11:35:51.845660	Trial	start	81
2017-02-24 11:35:51.848273	Speaker	play	None
2017-02-24 11:35:57.854291	Speaker	stop	None
2017-02-24 11:35:57.855049	Hopper	up	None
2017-02-24 11:36:09.859126	Hopper	down	None
2017-02-24 11:36:10.162234	Trial	end	81
2017-02-24 11:36:50.412100	Trial	start	82
2017-02-24 11:36:50.414037	Speaker	play	None
2017-02-24 11:36:50.465424	Speaker	stop	None
2017-02-24 11:36:50.465927	Trial	end	82
2017-02-24 11:36:50.466486	Trial	start	83
2017-02-24 11:36:50.468225	Speaker	play	None
2017-02-24 11:36:56.474021	Speaker	stop	None
2017-02-24 11:36:56.474597	Trial	end	83
2017-02-24 11:36:57.952638	Trial	start	84
2017-02-24 11:36:57.954671	Speaker	play	None
2017-02-24 11:37:03.957132	Speaker	stop	None
2017-02-24 11:37:03.957636	Trial	end	84
2017-02-24 11:37:08.307028	Trial	start	85
2017-02-24 11:37:08.309277	Speaker	play	None
2017-02-24 11:37:14.315528	Speaker	stop	None
2017-02-24 11:37:14.316086	Trial	end	85
2017-02-24 11:37:18.878243	Trial	start	86
2017-02-24 11:37:18.880108	Speaker	play	None
2017-02-24 11:37:24.882850	Speaker	stop	None
2017-02-24 11:37:24.883437	Trial	end	86
2017-02-24 11:37:36.285629	Trial	start	87
2017-02-24 11:37:36.287539	Speaker	play	None
2017-02-24 11:37:42.290178	Speaker	stop	None
2017-02-24 11:37:42.290980	Hopper	up	None
2017-02-24 11:37:54.294961	Hopper	down	None
2017-02-24 11:37:54.598101	Trial	end	87
2017-02-24 11:38:32.230654	Trial	start	88
2017-02-24 11:38:32.232556	Speaker	play	None
2017-02-24 11:38:38.235211	Speaker	stop	None
2017-02-24 11:38:38.235938	Hopper	up	None
2017-02-24 11:38:50.240087	Hopper	down	None
2017-02-24 11:38:50.543163	Trial	end	88
2017-02-24 11:39:28.274073	Trial	start	89
2017-02-24 11:39:28.276018	Speaker	play	None
2017-02-24 11:39:28.319138	Speaker	stop	None
2017-02-24 11:39:28.319664	Trial	end	89
2017-02-24 11:39:28.320239	Trial	start	90
2017-02-24 11:39:28.321988	Speaker	play	None
2017-02-24 11:39:28.855774	Speaker	stop	None
2017-02-24 11:39:28.856304	Trial	end	90
2017-02-24 11:39:28.856990	Trial	start	91
2017-02-24 11:39:28.859240	Speaker	play	None
2017-02-24 11:39:28.909022	Speaker	stop	None
2017-02-24 11:39:28.909743	Trial	end	91
2017-02-24 11:39:28.910358	Trial	start	92
2017-02-24 11:39:28.912142	Speaker	play	None
2017-02-24 11:39:34.917631	Speaker	stop	None
2017-02-24 11:39:34.918378	Trial	end	92
2017-02-24 11:39:37.329934	Trial	start	93
2017-02-24 11:39:37.332127	Speaker	play	None
2017-02-24 11:39:42.621837	Speaker	stop	None
2017-02-24 11:39:42.622421	Trial	end	93
2017-02-24 11:39:42.622949	Trial	start	94
2017-02-24 11:39:42.624687	Speaker	play	None
2017-02-24 11:39:48.630411	Speaker	stop	None
2017-02-24 11:39:48.631201	Hopper	up	None
2017-02-24 11:40:00.635233	Hopper	down	None
2017-02-24 11:40:00.938332	Trial	end	94
2017-02-24 11:40:37.518411	Trial	start	95
2017-02-24 11:40:37.520494	Speaker	play	None
2017-02-24 11:40:42.269551	Speaker	stop	None
2017-02-24 11:40:42.271056	Trial	end	95
2017-02-24 11:40:42.271665	Trial	start	96
2017-02-24 11:40:42.273498	Speaker	play	None
2017-02-24 11:40:42.318682	Speaker	stop	None
2017-02-24 11:40:42.319240	Trial	end	96
2017-02-24 11:40:42.319848	Trial	start	97
2017-02-24 11:40:42.321897	Speaker	play	None
2017-02-24 11:40:48.327226	Speaker	stop	None
2017-02-24 11:40:48.327781	Trial	end	97
2017-02-24 11:41:04.575491	Trial	start	98
2017-02-24 11:41:04.577733	Speaker	play	None
2017-02-24 11:41:10.584027	Speaker	stop	None
2017-02-24 11:41:10.584629	Trial	end	98
2017-02-24 11:41:25.996642	Trial	start	99
2017-02-24 11:41:25.999152	Speaker	play	None
2017-02-24 11:41:32.005097	Speaker	stop	None
2017-02-24 11:41:32.006230	Hopper	up	None
2017-02-24 11:41:44.009805	Hopper	down	None
2017-02-24 11:41:44.312884	Trial	end	99
2017-02-24 11:43:38.913002	Trial	start	100
2017-02-24 11:43:38.914873	Speaker	play	None
2017-02-24 11:43:44.917473	Speaker	stop	None
2017-02-24 11:43:44.917986	Trial	end	100
2017-02-24 11:43:48.472542	Trial	start	101
2017-02-24 11:43:48.474590	Speaker	play	None
2017-02-24 11:43:54.481164	Speaker	stop	None
2017-02-24 11:43:54.482015	Hopper	up	None
2017-02-24 11:44:06.485917	Hopper	down	None
2017-02-24 11:44:06.788957	Trial	end	101
2017-02-24 11:44:37.593458	Trial	start	102
2017-02-24 11:44:37.595340	Speaker	play	None
2017-02-24 11:44:43.597923	Speaker	stop	None
2017-02-24 11:44:43.598555	Trial	end	102
2017-02-24 11:44:58.580239	Trial	start	103
2017-02-24 11:44:58.582836	Speaker	play	None
2017-02-24 11:44:58.953069	Speaker	stop	None
2017-02-24 11:44:58.953593	Trial	end	103
2017-02-24 11:44:58.954131	Trial	start	104
2017-02-24 11:44:58.955875	Speaker	play	None
2017-02-24 11:45:04.961610	Speaker	stop	None
2017-02-24 11:45:04.962365	Trial	end	104
2017-02-24 11:45:30.707711	Trial	start	105
2017-02-24 11:45:30.709783	Speaker	play	None
2017-02-24 11:45:36.717062	Speaker	stop	None
2017-02-24 11:45:36.717903	Trial	end	105
2017-02-24 11:45:40.005193	Trial	start	106
2017-02-24 11:45:40.007137	Speaker	play	None
2017-02-24 11:45:46.009749	Speaker	stop	None
2017-02-24 11:45:46.010522	Hopper	up	None
2017-02-24 11:45:58.014421	Hopper	down	None
2017-02-24 11:45:58.317493	Trial	end	106
2017-02-24 11:46:48.994804	Trial	start	107
2017-02-24 11:46:48.996779	Speaker	play	None
2017-02-24 11:46:53.483912	Speaker	stop	None
2017-02-24 11:46:53.484494	Trial	end	107
2017-02-24 11:46:53.485026	Trial	start	108
2017-02-24 11:46:53.486761	Speaker	play	None
2017-02-24 11:46:53.537165	Speaker	stop	None
2017-02-24 11:46:53.537698	Trial	end	108
2017-02-24 11:46:53.538307	Trial	start	109
2017-02-24 11:46:53.540072	Speaker	play	None
2017-02-24 11:46:54.372811	Speaker	stop	None
2017-02-24 11:46:54.373573	Trial	end	109
2017-02-24 11:46:54.374330	Trial	start	110
2017-02-24 11:46:54.376556	Speaker	play	None
2017-02-24 11:46:54.430189	Speaker	stop	None
2017-02-24 11:46:54.430800	Trial	end	110
2017-02-24 11:46:54.431596	Trial	start	111
2017-02-24 11:46:54.434409	Speaker	play	None
2017-02-24 11:46:56.998138	Speaker	stop	None
2017-02-24 11:46:56.999744	Trial	end	111
2017-02-24 11:46:57.000450	Trial	start	112
2017-02-24 11:46:57.002279	Speaker	play	None
2017-02-24 11:47:03.006678	Speaker	stop	None
2017-02-24 11:47:03.007458	Trial	end	112
2017-02-24 11:47:08.265558	Trial	start	113
2017-02-24 11:47:08.267547	Speaker	play	None
2017-02-24 11:47:14.270153	Speaker	stop	None
2017-02-24 11:47:14.270740	Trial	end	113
2017-02-24 11:47:53.634843	Trial	start	114
2017-02-24 11:47:53.636771	Speaker	play	None
2017-02-24 11:47:59.639452	Speaker	stop	None
2017-02-24 11:47:59.640186	Trial	end	114
2017-02-24 11:48:06.581730	Trial	start	115
2017-02-24 11:48:06.583650	Speaker	play	None
2017-02-24 11:48:09.145726	Speaker	stop	None
2017-02-24 11:48:09.146324	Trial	end	115
2017-02-24 11:48:09.146890	Trial	start	116
2017-02-24 11:48:09.149458	Speaker	play	None
2017-02-24 11:48:15.154259	Speaker	stop	None
2017-02-24 11:48:15.154818	Trial	end	116
2017-02-24 11:48:22.579876	Trial	start	117
2017-02-24 11:48:22.582087	Speaker	play	None
2017-02-24 11:48:28.584451	Speaker	stop	None
2017-02-24 11:48:28.585046	Trial	end	117
2017-02-24 11:48:31.885559	Trial	start	118
2017-02-24 11:48:31.887484	Speaker	play	None
2017-02-24 11:48:37.890121	Speaker	stop	None
2017-02-24 11:48:37.890900	Hopper	up	None
2017-02-24 11:48:49.894886	Hopper	down	None
2017-02-24 11:48:50.197940	Trial	end	118
2017-02-24 11:49:33.998456	Trial	start	119
2017-02-24 11:49:34.000721	Speaker	play	None
2017-02-24 11:49:40.007048	Speaker	stop	None
2017-02-24 11:49:40.007726	Hopper	up	None
2017-02-24 11:49:52.011837	Hopper	down	None
2017-02-24 11:49:52.314949	Trial	end	119
2017-02-24 12:42:55.560115	Trial	start	120
2017-02-24 12:42:55.562147	Speaker	play	None
2017-02-24 12:43:01.564611	Speaker	stop	None
2017-02-24 12:43:01.565179	Trial	end	120
2017-02-24 12:43:05.500679	Trial	start	121
2017-02-24 12:43:05.502832	Speaker	play	None
2017-02-24 12:43:11.509129	Speaker	stop	None
2017-02-24 12:43:11.509703	Trial	end	121
2017-02-24 12:43:11.783551	Trial	start	122
2017-02-24 12:43:11.787554	Speaker	play	None
2017-02-24 12:43:11.836883	Speaker	stop	None
2017-02-24 12:43:11.837404	Trial	end	122
2017-02-24 12:43:11.837998	Trial	start	123
2017-02-24 12:43:11.839726	Speaker	play	None
2017-02-24 12:43:17.845404	Speaker	stop	None
2017-02-24 12:43:17.846396	Trial	end	123
2017-02-24 12:43:23.796433	Trial	start	124
2017-02-24 12:43:23.798673	Speaker	play	None
2017-02-24 12:43:29.804902	Speaker	stop	None
2017-02-24 12:43:29.805480	Trial	end	124
2017-02-24 12:43:43.001462	Trial	start	125
2017-02-24 12:43:43.004206	Speaker	play	None
2017-02-24 12:43:43.054784	Speaker	stop	None
2017-02-24 12:43:43.055399	Trial	end	125
2017-02-24 12:43:43.056140	Trial	start	126
2017-02-24 12:43:43.058970	Speaker	play	None
2017-02-24 12:43:49.063238	Speaker	stop	None
2017-02-24 12:43:49.063780	Trial	end	126
2017-02-24 12:43:59.527973	Trial	start	127
2017-02-24 12:43:59.530053	Speaker	play	None
2017-02-24 12:43:59.577185	Speaker	play	None
2017-02-24 12:43:59.577817	Trial	end	127
2017-02-24 12:43:59.578465	Trial	start	128
2017-02-24 12:43:59.581223	Speaker	play	None
2017-02-24 12:44:05.585694	Speaker	stop	None
2017-02-24 12:44:05.586244	Trial	end	128
2017-02-24 12:44:07.924253	Trial	start	129
2017-02-24 12:44:07.926256	Speaker	play	None
2017-02-24 12:44:13.928665	Speaker	stop	None
2017-02-24 12:44:13.929237	Trial	end	129
2017-02-24 12:44:30.397737	Trial	start	130
2017-02-24 12:44:30.399808	Speaker	play	None
2017-02-24 12:44:36.402160	Speaker	stop	None
2017-02-24 12:44:36.402918	Trial	end	130
2017-02-24 12:44:39.740116	Trial	start	131
2017-02-24 12:44:39.742031	Speaker	play	None
2017-02-24 12:44:45.744635	Speaker	stop	None
2017-02-24 12:44:45.745428	Hopper	up	None
2017-02-24 12:44:57.749239	Hopper	down	None
2017-02-24 12:44:58.052298	Trial	end	131
2017-02-24 12:45:25.461241	Trial	start	132
2017-02-24 12:45:25.463238	Speaker	play	None
2017-02-24 12:45:31.465730	Speaker	stop	None
2017-02-24 12:45:31.466323	Trial	end	132
2017-02-24 12:45:41.700988	Trial	start	133
2017-02-24 12:45:41.702922	Speaker	play	None
2017-02-24 12:45:41.754282	Speaker	stop	None
2017-02-24 12:45:41.754808	Trial	end	133
2017-02-24 12:45:41.755372	Trial	start	134
2017-02-24 12:45:41.757159	Speaker	play	None
2017-02-24 12:45:47.762830	Speaker	stop	None
2017-02-24 12:45:47.763690	Trial	end	134
2017-02-24 12:45:52.313083	Trial	start	135
2017-02-24 12:45:52.315002	Speaker	play	None
2017-02-24 12:45:53.140648	Speaker	stop	None
2017-02-24 12:45:53.141490	Trial	end	135
2017-02-24 12:45:53.143761	Trial	start	136
2017-02-24 12:45:53.145537	Speaker	play	None
2017-02-24 12:45:59.149197	Speaker	stop	None
2017-02-24 12:45:59.150070	Trial	end	136
2017-02-24 12:46:02.872062	Trial	start	137
2017-02-24 12:46:02.874037	Speaker	play	None
2017-02-24 12:46:08.880551	Speaker	stop	None
2017-02-24 12:46:08.881119	Trial	end	137
2017-02-24 12:46:22.306493	Trial	start	138
2017-02-24 12:46:22.309141	Speaker	play	None
2017-02-24 12:46:28.315142	Speaker	stop	None
2017-02-24 12:46:28.316195	Hopper	up	None
2017-02-24 12:46:40.319653	Hopper	down	None
2017-02-24 12:46:40.622826	Trial	end	138
2017-02-24 12:51:25.638925	Trial	start	139
2017-02-24 12:51:25.640923	Speaker	play	None
2017-02-24 12:51:31.647704	Speaker	stop	None
2017-02-24 12:51:31.648665	Hopper	up	None
2017-02-24 12:51:43.652726	Hopper	down	None
2017-02-24 12:51:43.955802	Trial	end	139
2017-02-24 12:52:12.766280	Trial	start	140
2017-02-24 12:52:12.768190	Speaker	play	None
2017-02-24 12:52:12.819631	Speaker	stop	None
2017-02-24 12:52:12.820122	Trial	end	140
2017-02-24 12:52:12.820792	Trial	start	141
2017-02-24 12:52:12.822606	Speaker	play	None
2017-02-24 12:52:13.233319	Speaker	stop	None
2017-02-24 12:52:13.233874	Trial	end	141
2017-02-24 12:52:13.234432	Trial	start	142
2017-02-24 12:52:13.236215	Speaker	play	None
2017-02-24 12:52:19.242063	Speaker	stop	None
2017-02-24 12:52:19.243464	Trial	end	142
2017-02-24 12:52:20.441989	Trial	start	143
2017-02-24 12:52:20.444006	Speaker	play	None
2017-02-24 12:52:26.446688	Speaker	stop	None
2017-02-24 12:52:26.447218	Trial	end	143
2017-02-24 12:52:29.887141	Trial	start	144
2017-02-24 12:52:29.889582	Speaker	play	None
2017-02-24 12:52:35.895915	Speaker	stop	None
2017-02-24 12:52:35.896649	Trial	end	144
2017-02-24 12:53:22.560237	Trial	start	145
2017-02-24 12:53:22.562943	Speaker	play	None
2017-02-24 12:53:28.568888	Speaker	stop	None
2017-02-24 12:53:28.569419	Trial	end	145
2017-02-24 12:53:37.637088	Trial	start	146
2017-02-24 12:53:37.638956	Speaker	play	None
2017-02-24 12:53:43.641682	Speaker	stop	None
2017-02-24 12:53:43.642219	Trial	end	146
2017-02-24 12:53:53.283382	Trial	start	147
2017-02-24 12:53:53.285328	Speaker	play	None
2017-02-24 12:53:59.287989	Speaker	stop	None
2017-02-24 12:53:59.288546	Trial	end	147
2017-02-24 12:55:08.078083	Trial	start	148
2017-02-24 12:55:08.080878	Speaker	play	None
2017-02-24 12:55:14.086821	Speaker	stop	None
2017-02-24 12:55:14.087829	Trial	end	148
2017-02-24 12:55:26.296413	Trial	start	149
2017-02-24 12:55:26.298339	Speaker	play	None
2017-02-24 12:55:27.222113	Speaker	stop	None
2017-02-24 12:55:27.222639	Trial	end	149
2017-02-24 12:55:27.223174	Trial	start	150
2017-02-24 12:55:27.224948	Speaker	play	None
2017-02-24 12:55:33.230760	Speaker	stop	None
2017-02-24 12:55:33.231281	Trial	end	150
2017-02-24 12:55:44.617197	Trial	start	151
2017-02-24 12:55:44.619178	Speaker	play	None
2017-02-24 12:55:50.621836	Speaker	stop	None
2017-02-24 12:55:50.622489	Trial	end	151
2017-02-24 13:58:49.635382	Trial	start	152
2017-02-24 13:58:49.637841	Speaker	play	None
2017-02-24 13:58:55.644014	Speaker	stop	None
2017-02-24 13:58:55.644905	Hopper	up	None
2017-02-24 13:59:07.648950	Hopper	down	None
2017-02-24 13:59:07.952049	Trial	end	152
2017-02-24 13:59:42.717801	Trial	start	153
2017-02-24 13:59:42.719910	Speaker	play	None
2017-02-24 13:59:48.726496	Speaker	stop	None
2017-02-24 13:59:48.727092	Trial	end	153
2017-02-24 13:59:50.487617	Trial	start	154
2017-02-24 13:59:50.490040	Speaker	play	None
2017-02-24 13:59:56.496440	Speaker	stop	None
2017-02-24 13:59:56.497505	Hopper	up	None
2017-02-24 14:00:08.501260	Hopper	down	None
2017-02-24 14:00:08.804368	Trial	end	154
2017-02-24 14:00:42.767196	Trial	start	155
2017-02-24 14:00:42.769216	Speaker	play	None
2017-02-24 14:00:48.771814	Speaker	stop	None
2017-02-24 14:00:48.772364	Trial	end	155
2017-02-24 14:01:03.840396	Trial	start	156
2017-02-24 14:01:03.842356	Speaker	play	None
2017-02-24 14:01:09.845044	Speaker	stop	None
2017-02-24 14:01:09.845737	Trial	end	156
2017-02-24 14:01:16.828463	Trial	start	157
2017-02-24 14:01:16.831529	Speaker	play	None
2017-02-24 14:01:16.877670	Speaker	stop	None
2017-02-24 14:01:16.878268	Trial	end	157
2017-02-24 14:01:16.879049	Trial	start	158
2017-02-24 14:01:16.881660	Speaker	play	None
2017-02-24 14:01:22.886231	Speaker	stop	None
2017-02-24 14:01:22.886847	Trial	end	158
2017-02-24 14:01:35.042723	Trial	start	159
2017-02-24 14:01:35.044751	Speaker	play	None
2017-02-24 14:01:35.079664	Speaker	stop	None
2017-02-24 14:01:35.080137	Trial	end	159
2017-02-24 14:01:35.080805	Trial	start	160
2017-02-24 14:01:35.082493	Speaker	play	None
2017-02-24 14:01:41.088193	Speaker	stop	None
2017-02-24 14:01:41.089030	Hopper	up	None
2017-02-24 14:01:53.093184	Hopper	down	None
2017-02-24 14:01:53.396138	Trial	end	160
2017-02-24 14:02:27.485847	Trial	start	161
2017-02-24 14:02:27.487772	Speaker	play	None
2017-02-24 14:02:33.490572	Speaker	stop	None
2017-02-24 14:02:33.491225	Trial	end	161
2017-02-24 14:02:40.891518	Trial	start	162
2017-02-24 14:02:40.893573	Speaker	play	None
2017-02-24 14:02:46.896274	Speaker	stop	None
2017-02-24 14:02:46.898076	Hopper	up	None
2017-02-24 14:02:58.900955	Hopper	down	None
2017-02-24 14:02:59.204186	Trial	end	162
2017-02-24 14:03:25.151212	Trial	start	163
2017-02-24 14:03:25.153074	Speaker	play	None
2017-02-24 14:03:25.204524	Speaker	stop	None
2017-02-24 14:03:25.205089	Trial	end	163
2017-02-24 14:03:25.205713	Trial	start	164
2017-02-24 14:03:25.207601	Speaker	play	None
2017-02-24 14:03:26.126205	Speaker	stop	None
2017-02-24 14:03:26.127080	Trial	end	164
2017-02-24 14:03:26.128033	Trial	start	165
2017-02-24 14:03:26.130507	Speaker	play	None
2017-02-24 14:03:32.134912	Speaker	stop	None
2017-02-24 14:03:32.136126	Trial	end	165
2017-02-24 14:03:39.019695	Trial	start	166
2017-02-24 14:03:39.021825	Speaker	play	None
2017-02-24 14:03:40.002986	Speaker	stop	None
2017-02-24 14:03:40.003561	Trial	end	166
2017-02-24 14:03:40.004088	Trial	start	167
2017-02-24 14:03:40.005840	Speaker	play	None
2017-02-24 14:03:40.056077	Speaker	stop	None
2017-02-24 14:03:40.056666	Trial	end	167
2017-02-24 14:03:40.057191	Trial	start	168
2017-02-24 14:03:40.058834	Speaker	play	None
2017-02-24 14:03:46.064711	Speaker	stop	None
2017-02-24 14:03:46.065617	Hopper	up	None
2017-02-24 14:03:58.069461	Hopper	down	None
2017-02-24 14:03:58.372604	Trial	end	168
2017-02-24 14:05:34.874457	Trial	start	169
2017-02-24 14:05:34.876559	Speaker	play	None
2017-02-24 14:05:39.216098	Speaker	stop	None
2017-02-24 14:05:39.216680	Trial	end	169
2017-02-24 14:05:39.217252	Trial	start	170
2017-02-24 14:05:39.219012	Speaker	play	None
2017-02-24 14:05:45.224833	Speaker	stop	None
2017-02-24 14:05:45.226114	Trial	end	170
2017-02-24 14:05:47.411735	Trial	start	171
2017-02-24 14:05:47.413759	Speaker	play	None
2017-02-24 14:05:53.416295	Speaker	stop	None
2017-02-24 14:05:53.416848	Trial	end	171
2017-02-24 14:05:55.664843	Trial	start	172
2017-02-24 14:05:55.666884	Speaker	play	None
2017-02-24 14:06:01.669490	Speaker	stop	None
2017-02-24 14:06:01.670131	Trial	end	172
2017-02-24 14:06:07.899171	Trial	start	173
2017-02-24 14:06:07.902014	Speaker	play	None
2017-02-24 14:06:07.952404	Speaker	stop	None
2017-02-24 14:06:07.952971	Trial	end	173
2017-02-24 14:06:07.953547	Trial	start	174
2017-02-24 14:06:07.955305	Speaker	play	None
2017-02-24 14:06:08.382471	Speaker	stop	None
2017-02-24 14:06:08.382989	Trial	end	174
2017-02-24 14:06:08.383590	Trial	start	175
2017-02-24 14:06:08.385369	Speaker	play	None
2017-02-24 14:06:14.391182	Speaker	stop	None
2017-02-24 14:06:14.391972	Trial	end	175
2017-02-24 14:06:19.265115	Trial	start	176
2017-02-24 14:06:19.267540	Speaker	play	None
2017-02-24 14:06:25.273761	Speaker	stop	None
2017-02-24 14:06:25.274438	Trial	end	176
2017-02-24 14:07:01.181752	Trial	start	177
2017-02-24 14:07:01.183751	Speaker	play	None
2017-02-24 14:07:07.186201	Speaker	stop	None
2017-02-24 14:07:07.186781	Trial	end	177
2017-02-24 14:07:07.415559	Trial	start	178
2017-02-24 14:07:07.418106	Speaker	play	None
2017-02-24 14:07:13.424163	Speaker	stop	None
2017-02-24 14:07:13.424763	Trial	end	178
2017-02-24 14:07:28.967797	Trial	start	179
2017-02-24 14:07:28.971672	Speaker	play	None
2017-02-24 14:07:34.976367	Speaker	stop	None
2017-02-24 14:07:34.976936	Trial	end	179
2017-02-24 14:07:42.467516	Trial	start	180
2017-02-24 14:07:42.469522	Speaker	play	None
2017-02-24 14:07:42.516797	Speaker	stop	None
2017-02-24 14:07:42.517283	Trial	end	180
2017-02-24 14:07:42.517902	Trial	start	181
2017-02-24 14:07:42.519581	Speaker	play	None
2017-02-24 14:07:48.525308	Speaker	stop	None
2017-02-24 14:07:48.525826	Trial	end	181
2017-02-24 14:07:51.150755	Trial	start	182
2017-02-24 14:07:51.153662	Speaker	play	None
2017-02-24 14:07:57.159311	Speaker	stop	None
2017-02-24 14:07:57.160075	Hopper	up	None
2017-02-24 14:08:09.164074	Hopper	down	None
2017-02-24 14:08:09.467199	Trial	end	182
2017-02-24 14:09:00.628009	Trial	start	183
2017-02-24 14:09:00.630019	Speaker	play	None
2017-02-24 14:09:06.632537	Speaker	stop	None
2017-02-24 14:09:06.633065	Trial	end	183
2017-02-24 14:09:09.814959	Trial	start	184
2017-02-24 14:09:09.819996	Speaker	play	None
2017-02-24 14:09:15.823549	Speaker	stop	None
2017-02-24 14:09:15.824068	Trial	end	184
2017-02-24 14:09:21.041660	Trial	start	185
2017-02-24 14:09:21.043903	Speaker	play	None
2017-02-24 14:09:22.061509	Speaker	stop	None
2017-02-24 14:09:22.062064	Trial	end	185
2017-02-24 14:09:22.062616	Trial	start	186
2017-02-24 14:09:22.065013	Speaker	play	None
2017-02-24 14:09:22.114776	Speaker	stop	None
2017-02-24 14:09:22.115356	Trial	end	186
2017-02-24 14:09:22.116107	Trial	start	187
2017-02-24 14:09:22.118554	Speaker	play	None
2017-02-24 14:09:28.123290	Speaker	stop	None
2017-02-24 14:09:28.124093	Hopper	up	None
2017-02-24 14:09:40.128154	Hopper	down	None
2017-02-24 14:09:40.431224	Trial	end	187
2017-02-24 14:09:59.763467	Trial	start	188
2017-02-24 14:09:59.766702	Speaker	play	None
2017-02-24 14:09:59.820796	Speaker	stop	None
2017-02-24 14:09:59.821349	Trial	end	188
2017-02-24 14:09:59.821896	Trial	start	189
2017-02-24 14:09:59.823542	Speaker	play	None
2017-02-24 14:10:05.829432	Speaker	stop	None
2017-02-24 14:10:05.830042	Trial	end	189
2017-02-24 14:10:11.366805	Trial	start	190
2017-02-24 14:10:11.368882	Speaker	play	None
2017-02-24 14:10:11.420093	Speaker	stop	None
2017-02-24 14:10:11.420658	Trial	end	190
2017-02-24 14:10:11.421250	Trial	start	191
2017-02-24 14:10:11.423079	Speaker	play	None
2017-02-24 14:10:17.428784	Speaker	stop	None
2017-02-24 14:10:17.429334	Trial	end	191
2017-02-24 14:10:21.229626	Trial	start	192
2017-02-24 14:10:21.232383	Speaker	play	None
2017-02-24 14:10:27.238118	Speaker	stop	None
2017-02-24 14:10:27.238903	Hopper	up	None
2017-02-24 14:10:39.242897	Hopper	down	None
2017-02-24 14:10:39.546106	Trial	end	192
2017-02-24 14:11:10.096603	Trial	start	193
2017-02-24 14:11:10.098655	Speaker	play	None
2017-02-24 14:11:10.154135	Speaker	stop	None
2017-02-24 14:11:10.154693	Trial	end	193
2017-02-24 14:11:10.155290	Trial	start	194
2017-02-24 14:11:10.157158	Speaker	play	None
2017-02-24 14:11:16.162677	Speaker	stop	None
2017-02-24 14:11:16.163356	Trial	end	194
2017-02-24 14:11:19.332737	Trial	start	195
2017-02-24 14:11:19.336006	Speaker	play	None
2017-02-24 14:11:25.341327	Speaker	stop	None
2017-02-24 14:11:25.342220	Hopper	up	None
2017-02-24 14:11:37.346060	Hopper	down	None
2017-02-24 14:11:37.649163	Trial	end	195
2017-02-24 14:12:12.746110	Trial	start	196
2017-02-24 14:12:12.748157	Speaker	play	None
2017-02-24 14:12:17.890539	Speaker	stop	None
2017-02-24 14:12:17.891130	Trial	end	196
2017-02-24 14:12:17.893421	Trial	start	197
2017-02-24 14:12:17.895307	Speaker	play	None
2017-02-24 14:12:18.320589	Speaker	stop	None
2017-02-24 14:12:18.321178	Trial	end	197
2017-02-24 14:12:18.321804	Trial	start	198
2017-02-24 14:12:18.324499	Speaker	play	None
2017-02-24 14:12:24.329377	Speaker	stop	None
2017-02-24 14:12:24.330901	Hopper	up	None
2017-02-24 14:12:36.333831	Hopper	down	None
2017-02-24 14:12:36.637017	Trial	end	198
2017-02-24 14:13:04.382011	Trial	start	199
2017-02-24 14:13:04.384845	Speaker	play	None
2017-02-24 14:13:05.483821	Speaker	stop	None
2017-02-24 14:13:05.484350	Trial	end	199
2017-02-24 14:13:05.484938	Trial	start	200
2017-02-24 14:13:05.487180	Speaker	play	None
2017-02-24 14:13:11.492512	Speaker	stop	None
2017-02-24 14:13:11.493175	Trial	end	200
2017-02-24 14:13:14.363485	Trial	start	201
2017-02-24 14:13:14.365576	Speaker	play	None
2017-02-24 14:13:15.461218	Speaker	stop	None
2017-02-24 14:13:15.461827	Trial	end	201
2017-02-24 14:13:15.462422	Trial	start	202
2017-02-24 14:13:15.464265	Speaker	play	None
2017-02-24 14:13:21.469935	Speaker	stop	None
2017-02-24 14:13:21.471246	Trial	end	202
2017-02-24 14:13:21.973418	Trial	start	203
2017-02-24 14:13:21.975339	Speaker	play	None
2017-02-24 14:13:22.256160	Speaker	stop	None
2017-02-24 14:13:22.256758	Trial	end	203
2017-02-24 14:13:22.257285	Trial	start	204
2017-02-24 14:13:22.259075	Speaker	play	None
2017-02-24 14:13:23.157303	Speaker	stop	None
2017-02-24 14:13:23.157878	Trial	end	204
2017-02-24 14:13:23.158409	Trial	start	205
2017-02-24 14:13:23.160131	Speaker	play	None
2017-02-24 14:13:29.165733	Speaker	stop	None
2017-02-24 14:13:29.166532	Hopper	up	None
2017-02-24 14:13:41.170509	Hopper	down	None
2017-02-24 14:13:41.473571	Trial	end	205
2017-02-24 14:14:23.795670	Trial	start	206
2017-02-24 14:14:23.797912	Speaker	play	None
2017-02-24 14:14:24.110931	Speaker	stop	None
2017-02-24 14:14:24.111509	Trial	end	206
2017-02-24 14:14:24.112154	Trial	start	207
2017-02-24 14:14:24.114044	Speaker	play	None
2017-02-24 14:14:30.119547	Speaker	stop	None
2017-02-24 14:14:30.120162	Trial	end	207
2017-02-24 14:14:38.691962	Trial	start	208
2017-02-24 14:14:38.694259	Speaker	play	None
2017-02-24 14:14:39.781590	Speaker	stop	None
2017-02-24 14:14:39.782274	Trial	end	208
2017-02-24 14:14:39.782865	Trial	start	209
2017-02-24 14:14:39.785037	Speaker	play	None
2017-02-24 14:14:45.790010	Speaker	stop	None
2017-02-24 14:14:45.790844	Hopper	up	None
2017-02-24 14:14:57.794794	Hopper	down	None
2017-02-24 14:14:58.097850	Trial	end	209
2017-02-24 14:16:08.078709	Trial	start	210
2017-02-24 14:16:08.080728	Speaker	play	None
2017-02-24 14:16:08.128031	Speaker	stop	None
2017-02-24 14:16:08.128732	Trial	end	210
2017-02-24 14:16:08.129501	Trial	start	211
2017-02-24 14:16:08.132578	Speaker	play	None
2017-02-24 14:16:09.012692	Speaker	stop	None
2017-02-24 14:16:09.013323	Trial	end	211
2017-02-24 14:16:09.013880	Trial	start	212
2017-02-24 14:16:09.015574	Speaker	play	None
2017-02-24 14:16:09.065896	Speaker	stop	None
2017-02-24 14:16:09.066417	Trial	end	212
2017-02-24 14:16:09.067032	Trial	start	213
2017-02-24 14:16:09.068808	Speaker	play	None
2017-02-24 14:16:10.171729	Speaker	stop	None
2017-02-24 14:16:10.172277	Trial	end	213
2017-02-24 14:16:10.172902	Trial	start	214
2017-02-24 14:16:10.174686	Speaker	play	None
2017-02-24 14:16:16.180320	Speaker	stop	None
2017-02-24 14:16:16.180888	Trial	end	214
2017-02-24 14:16:18.183063	Trial	start	215
2017-02-24 14:16:18.184987	Speaker	play	None
2017-02-24 14:16:18.510891	Speaker	stop	None
2017-02-24 14:16:18.511439	Trial	end	215
2017-02-24 14:16:18.512066	Trial	start	216
2017-02-24 14:16:18.514305	Speaker	play	None
2017-02-24 14:16:24.519306	Speaker	stop	None
2017-02-24 14:16:24.520093	Hopper	up	None
2017-02-24 14:16:36.524043	Hopper	down	None
2017-02-24 14:16:36.827234	Trial	end	216
2017-02-24 14:17:31.502014	Trial	start	217
2017-02-24 14:17:31.505021	Speaker	play	None
2017-02-24 14:17:37.510551	Speaker	stop	None
2017-02-24 14:17:37.511080	Trial	end	217
2017-02-24 14:17:39.071105	Trial	start	218
2017-02-24 14:17:39.073764	Speaker	play	None
2017-02-24 14:17:45.079670	Speaker	stop	None
2017-02-24 14:17:45.080541	Hopper	up	None
2017-02-24 14:17:57.084557	Hopper	down	None
2017-02-24 14:17:57.387372	Trial	end	218
2017-02-24 14:18:23.604607	Trial	start	219
2017-02-24 14:18:23.606496	Speaker	play	None
2017-02-24 14:18:29.609087	Speaker	stop	None
2017-02-24 14:18:29.609852	Hopper	up	None
2017-02-24 14:18:41.613835	Hopper	down	None
2017-02-24 14:18:41.916916	Trial	end	219
2017-02-24 14:19:19.745713	Trial	start	220
2017-02-24 14:19:19.747623	Speaker	play	None
2017-02-24 14:19:19.803126	Speaker	stop	None
2017-02-24 14:19:19.803665	Trial	end	220
2017-02-24 14:19:19.804233	Trial	start	221
2017-02-24 14:19:19.806308	Speaker	play	None
2017-02-24 14:19:20.794269	Speaker	stop	None
2017-02-24 14:19:20.794810	Trial	end	221
2017-02-24 14:19:20.795394	Trial	start	222
2017-02-24 14:19:20.797207	Speaker	play	None
2017-02-24 14:19:26.802905	Speaker	stop	None
2017-02-24 14:19:26.803474	Trial	end	222
2017-02-24 14:19:36.104461	Trial	start	223
2017-02-24 14:19:36.106508	Speaker	play	None
2017-02-24 14:19:42.108853	Speaker	stop	None
2017-02-24 14:19:42.109549	Trial	end	223
2017-02-24 14:19:50.730370	Trial	start	224
2017-02-24 14:19:50.735801	Speaker	play	None
2017-02-24 14:19:56.743106	Speaker	stop	None
2017-02-24 14:19:56.743641	Trial	end	224
2017-02-24 14:20:00.593087	Trial	start	225
2017-02-24 14:20:00.595005	Speaker	play	None
2017-02-24 14:20:06.597674	Speaker	stop	None
2017-02-24 14:20:06.598572	Hopper	up	None
2017-02-24 14:20:18.602313	Hopper	down	None
2017-02-24 14:20:18.905372	Trial	end	225
2017-02-24 14:21:00.842272	Trial	start	226
2017-02-24 14:21:00.844908	Speaker	play	None
2017-02-24 14:21:01.735204	Speaker	stop	None
2017-02-24 14:21:01.735730	Trial	end	226
2017-02-24 14:21:01.736249	Trial	start	227
2017-02-24 14:21:01.737966	Speaker	play	None
2017-02-24 14:21:07.743767	Speaker	stop	None
2017-02-24 14:21:07.744355	Trial	end	227
2017-02-24 14:21:10.971136	Trial	start	228
2017-02-24 14:21:10.973185	Speaker	play	None
2017-02-24 14:21:16.975695	Speaker	stop	None
2017-02-24 14:21:16.976259	Trial	end	228
2017-02-24 14:21:23.221695	Trial	start	229
2017-02-24 14:21:23.224026	Speaker	play	None
2017-02-24 14:21:29.230316	Speaker	stop	None
2017-02-24 14:21:29.231050	Trial	end	229
2017-02-24 14:21:34.587472	Trial	start	230
2017-02-24 14:21:34.589341	Speaker	play	None
2017-02-24 14:21:36.115380	Speaker	stop	None
2017-02-24 14:21:36.115956	Trial	end	230
2017-02-24 14:21:36.116504	Trial	start	231
2017-02-24 14:21:36.118185	Speaker	play	None
2017-02-24 14:21:42.123812	Speaker	stop	None
2017-02-24 14:21:42.124684	Hopper	up	None
2017-02-24 14:21:54.128573	Hopper	down	None
2017-02-24 14:21:54.431682	Trial	end	231
2017-02-24 14:22:36.745276	Trial	start	232
2017-02-24 14:22:36.747317	Speaker	play	None
2017-02-24 14:22:42.749769	Speaker	stop	None
2017-02-24 14:22:42.750675	Hopper	up	None
2017-02-24 14:22:54.754633	Hopper	down	None
2017-02-24 14:22:55.057603	Trial	end	232
2017-02-24 14:24:22.154770	Trial	start	233
2017-02-24 14:24:22.156668	Speaker	play	None
2017-02-24 14:24:22.203964	Speaker	stop	None
2017-02-24 14:24:22.204517	Trial	end	233
2017-02-24 14:24:22.205110	Trial	start	234
2017-02-24 14:24:22.206817	Speaker	play	None
2017-02-24 14:24:23.141889	Speaker	stop	None
2017-02-24 14:24:23.142529	Trial	end	234
2017-02-24 14:24:23.143236	Trial	start	235
2017-02-24 14:24:23.145048	Speaker	play	None
2017-02-24 14:24:29.150316	Speaker	stop	None
2017-02-24 14:24:29.150904	Trial	end	235
2017-02-24 14:24:31.738992	Trial	start	236
2017-02-24 14:24:31.741202	Speaker	play	None
2017-02-24 14:24:37.747534	Speaker	stop	None
2017-02-24 14:24:37.748256	Trial	end	236
2017-02-24 14:25:12.246189	Trial	start	237
2017-02-24 14:25:12.248226	Speaker	play	None
2017-02-24 14:25:18.254874	Speaker	stop	None
2017-02-24 14:25:18.255899	Hopper	up	None
2017-02-24 14:25:30.259509	Hopper	down	None
2017-02-24 14:25:30.562673	Trial	end	237
2017-02-24 14:26:17.549560	Trial	start	238
2017-02-24 14:26:17.551479	Speaker	play	None
2017-02-24 14:26:20.064445	Speaker	stop	None
2017-02-24 14:26:20.064918	Trial	end	238
2017-02-24 14:26:20.065560	Trial	start	239
2017-02-24 14:26:20.067349	Speaker	play	None
2017-02-24 14:26:26.072947	Speaker	stop	None
2017-02-24 14:26:26.073739	Trial	end	239
2017-02-24 14:26:28.812970	Trial	start	240
2017-02-24 14:26:28.815659	Speaker	play	None
2017-02-24 14:26:29.710035	Speaker	stop	None
2017-02-24 14:26:29.710729	Trial	end	240
2017-02-24 14:26:29.711484	Trial	start	241
2017-02-24 14:26:29.714273	Speaker	play	None
2017-02-24 14:26:35.718503	Speaker	stop	None
2017-02-24 14:26:35.719062	Trial	end	241
2017-02-24 14:26:38.401236	Trial	start	242
2017-02-24 14:26:38.403614	Speaker	play	None
2017-02-24 14:26:44.409821	Speaker	stop	None
2017-02-24 14:26:44.410642	Hopper	up	None
2017-02-24 14:26:56.414574	Hopper	down	None
2017-02-24 14:26:56.717668	Trial	end	242
2017-02-24 14:28:00.243311	Trial	start	243
2017-02-24 14:28:00.245325	Speaker	play	None
2017-02-24 14:28:06.247874	Speaker	stop	None
2017-02-24 14:28:06.248428	Trial	end	243
2017-02-24 14:28:09.635026	Trial	start	244
2017-02-24 14:28:09.637803	Speaker	play	None
2017-02-24 14:28:15.643623	Speaker	stop	None
2017-02-24 14:28:15.644179	Trial	end	244
2017-02-24 14:28:33.578989	Trial	start	245
2017-02-24 14:28:33.581409	Speaker	play	None
2017-02-24 14:28:34.983976	Speaker	stop	None
2017-02-24 14:28:34.984594	Trial	end	245
2017-02-24 14:28:34.985122	Trial	start	246
2017-02-24 14:28:34.986797	Speaker	play	None
2017-02-24 14:28:40.992500	Speaker	stop	None
2017-02-24 14:28:40.993071	Trial	end	246
2017-02-24 14:28:45.981096	Trial	start	247
2017-02-24 14:28:45.982955	Speaker	play	None
2017-02-24 14:28:51.985562	Speaker	stop	None
2017-02-24 14:28:51.986350	Hopper	up	None
2017-02-24 14:29:03.990323	Hopper	down	None
2017-02-24 14:29:04.293404	Trial	end	247
2017-02-24 14:29:53.627207	Trial	start	248
2017-02-24 14:29:53.629248	Speaker	play	None
2017-02-24 14:29:59.631646	Speaker	stop	None
2017-02-24 14:29:59.632173	Trial	end	248
2017-02-24 15:53:08.488530	Trial	start	249
2017-02-24 15:53:08.490506	Speaker	play	None
2017-02-24 15:53:14.492913	Speaker	stop	None
2017-02-24 15:53:14.493769	Hopper	up	None
2017-02-24 15:53:26.497436	Hopper	down	None
2017-02-24 15:53:26.800513	Trial	end	249
2017-02-24 15:53:52.988652	Trial	start	250
2017-02-24 15:53:52.991297	Speaker	play	None
2017-02-24 15:53:58.534289	Speaker	stop	None
2017-02-24 15:53:58.534819	Trial	end	250
2017-02-24 15:53:58.535352	Trial	start	251
2017-02-24 15:53:58.537042	Speaker	play	None
2017-02-24 15:54:04.542678	Speaker	stop	None
2017-02-24 15:54:04.543209	Trial	end	251
2017-02-24 15:54:05.062817	Trial	start	252
2017-02-24 15:54:05.064891	Speaker	play	None
2017-02-24 15:54:06.148395	Speaker	stop	None
2017-02-24 15:54:06.148905	Trial	end	252
2017-02-24 15:54:06.149595	Trial	start	253
2017-02-24 15:54:06.152090	Speaker	play	None
2017-02-24 15:54:12.156689	Speaker	stop	None
2017-02-24 15:54:12.157306	Trial	end	253
2017-02-24 15:54:22.949025	Trial	start	254
2017-02-24 15:54:22.950949	Speaker	play	None
2017-02-24 15:54:23.833610	Speaker	stop	None
2017-02-24 15:54:23.834186	Trial	end	254
2017-02-24 15:54:23.834803	Trial	start	255
2017-02-24 15:54:23.836736	Speaker	play	None
2017-02-24 15:54:29.842063	Speaker	stop	None
2017-02-24 15:54:29.842611	Trial	end	255
2017-02-24 15:54:49.141087	Trial	start	256
2017-02-24 15:54:49.143293	Speaker	play	None
2017-02-24 15:54:49.194429	Speaker	stop	None
2017-02-24 15:54:49.194903	Trial	end	256
2017-02-24 15:54:49.195553	Trial	start	257
2017-02-24 15:54:49.197349	Speaker	play	None
2017-02-24 15:54:55.116896	Speaker	stop	None
2017-02-24 15:54:55.117521	Trial	end	257
2017-02-24 15:54:55.118349	Trial	start	258
2017-02-24 15:54:55.121249	Speaker	play	None
2017-02-24 15:55:01.125326	Speaker	stop	None
2017-02-24 15:55:01.125912	Trial	end	258
2017-02-24 15:55:03.537720	Trial	start	259
2017-02-24 15:55:03.540001	Speaker	play	None
2017-02-24 15:55:03.754735	Speaker	stop	None
2017-02-24 15:55:03.755316	Trial	end	259
2017-02-24 15:55:03.755922	Trial	start	260
2017-02-24 15:55:03.758478	Speaker	play	None
2017-02-24 15:55:03.803892	Speaker	stop	None
2017-02-24 15:55:03.804426	Trial	end	260
2017-02-24 15:55:03.804994	Trial	start	261
2017-02-24 15:55:03.806639	Speaker	play	None
2017-02-24 15:55:09.812449	Speaker	stop	None
2017-02-24 15:55:09.813582	Trial	end	261
2017-02-24 15:55:14.231540	Trial	start	262
2017-02-24 15:55:14.234300	Speaker	play	None
2017-02-24 15:55:15.538225	Speaker	stop	None
2017-02-24 15:55:15.538815	Trial	end	262
2017-02-24 15:55:15.539398	Trial	start	263
2017-02-24 15:55:15.541195	Speaker	play	None
2017-02-24 15:55:21.546739	Speaker	stop	None
2017-02-24 15:55:21.547574	Trial	end	263
2017-02-24 15:55:21.865979	Trial	start	264
2017-02-24 15:55:21.867893	Speaker	play	None
2017-02-24 15:55:27.870432	Speaker	stop	None
2017-02-24 15:55:27.871215	Hopper	up	None
2017-02-24 15:55:39.874968	Hopper	down	None
2017-02-24 15:55:40.178093	Trial	end	264
2017-02-24 15:56:13.075110	Trial	start	265
2017-02-24 15:56:13.079178	Speaker	play	None
2017-02-24 15:56:19.087647	Speaker	stop	None
2017-02-24 15:56:19.088464	Hopper	up	None
2017-02-24 15:56:31.092156	Hopper	down	None
2017-02-24 15:56:31.395251	Trial	end	265
2017-02-24 15:57:09.776503	Trial	start	266
2017-02-24 15:57:09.778406	Speaker	play	None
2017-02-24 15:57:15.780914	Speaker	stop	None
2017-02-24 15:57:15.781870	Hopper	up	None
2017-02-24 15:57:27.785498	Hopper	down	None
2017-02-24 15:57:28.088539	Trial	end	266
2017-02-24 15:58:01.317242	Trial	start	267
2017-02-24 15:58:01.319212	Speaker	play	None
2017-02-24 15:58:01.370574	Speaker	stop	None
2017-02-24 15:58:01.371081	Trial	end	267
2017-02-24 15:58:01.371658	Trial	start	268
2017-02-24 15:58:01.373406	Speaker	play	None
2017-02-24 15:58:01.927689	Speaker	stop	None
2017-02-24 15:58:01.928219	Trial	end	268
2017-02-24 15:58:01.928869	Trial	start	269
2017-02-24 15:58:01.930633	Speaker	play	None
2017-02-24 15:58:07.936020	Speaker	stop	None
2017-02-24 15:58:07.938580	Trial	end	269
2017-02-24 15:58:12.302102	Trial	start	270
2017-02-24 15:58:12.305184	Speaker	play	None
2017-02-24 15:58:13.195019	Speaker	stop	None
2017-02-24 15:58:13.195535	Trial	end	270
2017-02-24 15:58:13.196196	Trial	start	271
2017-02-24 15:58:13.198048	Speaker	play	None
2017-02-24 15:58:13.252362	Speaker	stop	None
2017-02-24 15:58:13.252927	Trial	end	271
2017-02-24 15:58:13.253485	Trial	start	272
2017-02-24 15:58:13.255319	Speaker	play	None
2017-02-24 15:58:19.260847	Speaker	stop	None
2017-02-24 15:58:19.261687	Hopper	up	None
2017-02-24 15:58:31.265470	Hopper	down	None
2017-02-24 15:58:31.568430	Trial	end	272
2017-02-24 15:59:02.393057	Trial	start	273
2017-02-24 15:59:02.395698	Speaker	play	None
2017-02-24 15:59:03.646418	Speaker	stop	None
2017-02-24 15:59:03.646997	Trial	end	273
2017-02-24 15:59:03.647521	Trial	start	274
2017-02-24 15:59:03.649212	Speaker	play	None
2017-02-24 15:59:08.077982	Speaker	stop	None
2017-02-24 15:59:08.078590	Trial	end	274
2017-02-24 15:59:08.079212	Trial	start	275
2017-02-24 15:59:08.081118	Speaker	play	None
2017-02-24 15:59:09.044643	Speaker	stop	None
2017-02-24 15:59:09.045245	Trial	end	275
2017-02-24 15:59:09.045779	Trial	start	276
2017-02-24 15:59:09.047434	Speaker	play	None
2017-02-24 15:59:09.093899	Speaker	stop	None
2017-02-24 15:59:09.094499	Trial	end	276
2017-02-24 15:59:09.095061	Trial	start	277
2017-02-24 15:59:09.097303	Speaker	play	None
2017-02-24 15:59:15.102171	Speaker	stop	None
2017-02-24 15:59:15.102766	Trial	end	277
2017-02-24 15:59:17.735713	Trial	start	278
2017-02-24 15:59:17.737790	Speaker	play	None
2017-02-24 15:59:17.788984	Speaker	stop	None
2017-02-24 15:59:17.789540	Trial	end	278
2017-02-24 15:59:17.790185	Trial	start	279
2017-02-24 15:59:17.792063	Speaker	play	None
2017-02-24 15:59:23.797442	Speaker	stop	None
2017-02-24 15:59:23.798267	Hopper	up	None
2017-02-24 15:59:35.802061	Hopper	down	None
2017-02-24 15:59:36.105243	Trial	end	279
2017-02-24 16:00:02.125017	Trial	start	280
2017-02-24 16:00:02.127919	Speaker	play	None
2017-02-24 16:00:08.133933	Speaker	stop	None
2017-02-24 16:00:08.134495	Trial	end	280
2017-02-24 16:00:11.979778	Trial	start	281
2017-02-24 16:00:11.981682	Speaker	play	None
2017-02-24 16:00:12.037248	Speaker	stop	None
2017-02-24 16:00:12.037861	Trial	end	281
2017-02-24 16:00:12.038573	Trial	start	282
2017-02-24 16:00:12.040852	Speaker	play	None
2017-02-24 16:00:12.913695	Speaker	stop	None
2017-02-24 16:00:12.914242	Trial	end	282
2017-02-24 16:00:12.914834	Trial	start	283
2017-02-24 16:00:12.916631	Speaker	play	None
2017-02-24 16:00:13.921329	Speaker	stop	None
2017-02-24 16:00:13.921913	Trial	end	283
2017-02-24 16:00:13.922715	Trial	start	284
2017-02-24 16:00:13.925420	Speaker	play	None
2017-02-24 16:00:19.929761	Speaker	stop	None
2017-02-24 16:00:19.930373	Trial	end	284
2017-02-24 16:00:20.990461	Trial	start	285
2017-02-24 16:00:20.993166	Speaker	play	None
2017-02-24 16:00:26.998960	Speaker	stop	None
2017-02-24 16:00:26.999502	Trial	end	285
2017-02-24 16:00:30.222265	Trial	start	286
2017-02-24 16:00:30.224793	Speaker	play	None
2017-02-24 16:00:31.078368	Speaker	stop	None
2017-02-24 16:00:31.078977	Trial	end	286
2017-02-24 16:00:31.079658	Trial	start	287
2017-02-24 16:00:31.081637	Speaker	play	None
2017-02-24 16:00:37.086799	Speaker	stop	None
2017-02-24 16:00:37.087625	Trial	end	287
2017-02-24 16:00:37.357104	Trial	start	288
2017-02-24 16:00:37.359772	Speaker	play	None
2017-02-24 16:00:38.462971	Speaker	stop	None
2017-02-24 16:00:38.463520	Trial	end	288
2017-02-24 16:00:38.464141	Trial	start	289
2017-02-24 16:00:38.466002	Speaker	play	None
2017-02-24 16:00:44.471556	Speaker	stop	None
2017-02-24 16:00:44.472570	Trial	end	289
2017-02-24 16:00:51.040966	Trial	start	290
2017-02-24 16:00:51.042893	Speaker	play	None
2017-02-24 16:00:57.045409	Speaker	stop	None
2017-02-24 16:00:57.046027	Trial	end	290
2017-02-24 16:01:06.764551	Trial	start	291
2017-02-24 16:01:06.766463	Speaker	play	None
2017-02-24 16:01:07.657634	Speaker	stop	None
2017-02-24 16:01:07.658329	Trial	end	291
2017-02-24 16:01:07.659096	Trial	start	292
2017-02-24 16:01:07.661991	Speaker	play	None
2017-02-24 16:01:08.632267	Speaker	stop	None
2017-02-24 16:01:08.632846	Trial	end	292
2017-02-24 16:01:08.633471	Trial	start	293
2017-02-24 16:01:08.635298	Speaker	play	None
2017-02-24 16:01:14.640704	Speaker	stop	None
2017-02-24 16:01:14.641235	Trial	end	293
2017-02-24 16:01:20.456629	Trial	start	294
2017-02-24 16:01:20.458538	Speaker	play	None
2017-02-24 16:01:26.461048	Speaker	stop	None
2017-02-24 16:01:26.461786	Hopper	up	None
2017-02-24 16:01:38.465665	Hopper	down	None
2017-02-24 16:01:38.768746	Trial	end	294
2017-02-24 16:02:17.707059	Trial	start	295
2017-02-24 16:02:17.709004	Speaker	play	None
2017-02-24 16:02:23.711547	Speaker	stop	None
2017-02-24 16:02:23.712353	Hopper	up	None
2017-02-24 16:02:35.716169	Hopper	down	None
2017-02-24 16:02:36.019191	Trial	end	295
2017-02-24 16:03:30.660679	Trial	start	296
2017-02-24 16:03:30.663149	Speaker	play	None
2017-02-24 16:03:36.669171	Speaker	stop	None
2017-02-24 16:03:36.669762	Trial	end	296
2017-02-24 16:03:42.124658	Trial	start	297
2017-02-24 16:03:42.127612	Speaker	play	None
2017-02-24 16:03:43.144555	Speaker	stop	None
2017-02-24 16:03:43.145088	Trial	end	297
2017-02-24 16:03:43.145643	Trial	start	298
2017-02-24 16:03:43.147418	Speaker	play	None
2017-02-24 16:03:49.153039	Speaker	stop	None
2017-02-24 16:03:49.153601	Trial	end	298
2017-02-24 16:03:56.607241	Trial	start	299
2017-02-24 16:03:56.609884	Speaker	play	None
2017-02-24 16:03:57.463407	Speaker	stop	None
2017-02-24 16:03:57.464160	Trial	end	299
2017-02-24 16:03:57.464865	Trial	start	300
2017-02-24 16:03:57.466636	Speaker	play	None
2017-02-24 16:04:03.471766	Speaker	stop	None
2017-02-24 16:04:03.472650	Hopper	up	None
2017-02-24 16:04:15.476366	Hopper	down	None
2017-02-24 16:04:15.779512	Trial	end	300
2017-02-24 16:04:48.635717	Trial	start	301
2017-02-24 16:04:48.638054	Speaker	play	None
2017-02-24 16:04:48.693015	Speaker	stop	None
2017-02-24 16:04:48.693617	Trial	end	301
2017-02-24 16:04:48.694157	Trial	start	302
2017-02-24 16:04:48.696450	Speaker	play	None
2017-02-24 16:04:49.463203	Speaker	stop	None
2017-02-24 16:04:49.464023	Trial	end	302
2017-02-24 16:04:49.464665	Trial	start	303
2017-02-24 16:04:49.466444	Speaker	play	None
2017-02-24 16:04:55.471436	Speaker	stop	None
2017-02-24 16:04:55.471963	Trial	end	303
2017-02-24 16:05:08.127342	Trial	start	304
2017-02-24 16:05:08.129458	Speaker	play	None
2017-02-24 16:05:08.180605	Speaker	stop	None
2017-02-24 16:05:08.181146	Trial	end	304
2017-02-24 16:05:08.181736	Trial	start	305
2017-02-24 16:05:08.183856	Speaker	play	None
2017-02-24 16:05:14.189184	Speaker	stop	None
2017-02-24 16:05:14.189760	Trial	end	305
2017-02-24 16:05:17.289522	Trial	start	306
2017-02-24 16:05:17.295962	Speaker	play	None
2017-02-24 16:05:23.302340	Speaker	stop	None
2017-02-24 16:05:23.303447	Trial	end	306
2017-02-24 16:05:29.888017	Trial	start	307
2017-02-24 16:05:29.889948	Speaker	play	None
2017-02-24 16:05:30.834287	Speaker	stop	None
2017-02-24 16:05:30.834877	Trial	end	307
2017-02-24 16:05:30.835447	Trial	start	308
2017-02-24 16:05:30.837241	Speaker	play	None
2017-02-24 16:05:35.286401	Speaker	stop	None
2017-02-24 16:05:35.287091	Trial	end	308
2017-02-24 16:05:35.287794	Trial	start	309
2017-02-24 16:05:35.290267	Speaker	play	None
2017-02-24 16:05:41.294798	Speaker	stop	None
2017-02-24 16:05:41.295298	Trial	end	309
2017-02-24 16:05:44.636848	Trial	start	310
2017-02-24 16:05:44.638867	Speaker	play	None
2017-02-24 16:05:44.690228	Speaker	stop	None
2017-02-24 16:05:44.690851	Trial	end	310
2017-02-24 16:05:44.691559	Trial	start	311
2017-02-24 16:05:44.694349	Speaker	play	None
2017-02-24 16:05:50.698816	Speaker	stop	None
2017-02-24 16:05:50.699543	Trial	end	311
2017-02-24 16:05:56.117275	Trial	start	312
2017-02-24 16:05:56.119538	Speaker	play	None
2017-02-24 16:06:02.125784	Speaker	stop	None
2017-02-24 16:06:02.126327	Trial	end	312
2017-02-24 16:06:21.429123	Trial	start	313
2017-02-24 16:06:21.431186	Speaker	play	None
2017-02-24 16:06:27.433550	Speaker	stop	None
2017-02-24 16:06:27.434631	Hopper	up	None
2017-02-24 16:06:39.438171	Hopper	down	None
2017-02-24 16:06:39.741290	Trial	end	313
2017-02-24 16:07:33.641393	Trial	start	314
2017-02-24 16:07:33.644558	Speaker	play	None
2017-02-24 16:07:39.649956	Speaker	stop	None
2017-02-24 16:07:39.650946	Hopper	up	None
2017-02-24 16:07:51.654555	Hopper	down	None
2017-02-24 16:07:51.957617	Trial	end	314
2017-02-24 16:08:18.133692	Trial	start	315
2017-02-24 16:08:18.136421	Speaker	play	None
2017-02-24 16:08:18.989791	Speaker	stop	None
2017-02-24 16:08:18.990437	Trial	end	315
2017-02-24 16:08:18.991066	Trial	start	316
2017-02-24 16:08:18.992947	Speaker	play	None
2017-02-24 16:08:19.042948	Speaker	stop	None
2017-02-24 16:08:19.043515	Trial	end	316
2017-02-24 16:08:19.044036	Trial	start	317
2017-02-24 16:08:19.045818	Speaker	play	None
2017-02-24 16:08:25.051549	Speaker	stop	None
2017-02-24 16:08:25.052202	Trial	end	317
2017-02-24 16:08:59.390215	Trial	start	318
2017-02-24 16:08:59.392801	Speaker	play	None
2017-02-24 16:09:05.398756	Speaker	stop	None
2017-02-24 16:09:05.399287	Trial	end	318
2017-02-24 16:09:14.270171	Trial	start	319
2017-02-24 16:09:14.272156	Speaker	play	None
2017-02-24 16:09:14.319331	Speaker	stop	None
2017-02-24 16:09:14.319863	Trial	end	319
2017-02-24 16:09:14.320383	Trial	start	320
2017-02-24 16:09:14.322401	Speaker	play	None
2017-02-24 16:09:15.195805	Speaker	stop	None
2017-02-24 16:09:15.196351	Trial	end	320
2017-02-24 16:09:15.197021	Trial	start	321
2017-02-24 16:09:15.198855	Speaker	play	None
2017-02-24 16:09:21.204335	Speaker	stop	None
2017-02-24 16:09:21.204980	Trial	end	321
2017-02-24 16:09:36.796875	Trial	start	322
2017-02-24 16:09:36.799705	Speaker	play	None
2017-02-24 16:09:36.854272	Speaker	stop	None
2017-02-24 16:09:36.854810	Trial	end	322
2017-02-24 16:09:36.855403	Trial	start	323
2017-02-24 16:09:36.857175	Speaker	play	None
2017-02-24 16:09:42.862663	Speaker	stop	None
2017-02-24 16:09:42.863576	Hopper	up	None
2017-02-24 16:09:54.867235	Hopper	down	None
2017-02-24 16:09:55.170364	Trial	end	323
2017-02-24 16:10:42.025884	Trial	start	324
2017-02-24 16:10:42.027903	Speaker	play	None
2017-02-24 16:10:48.030301	Speaker	stop	None
2017-02-24 16:10:48.030792	Trial	end	324
2017-02-24 16:10:51.917196	Trial	start	325
2017-02-24 16:10:51.920498	Speaker	play	None
2017-02-24 16:10:57.925594	Speaker	stop	None
2017-02-24 16:10:57.926129	Trial	end	325
2017-02-24 16:11:01.923044	Trial	start	326
2017-02-24 16:11:01.925048	Speaker	play	None
2017-02-24 16:11:02.889745	Speaker	stop	None
2017-02-24 16:11:02.890306	Trial	end	326
2017-02-24 16:11:02.890888	Trial	start	327
2017-02-24 16:11:02.892706	Speaker	play	None
2017-02-24 16:11:08.898136	Speaker	stop	None
2017-02-24 16:11:08.898669	Trial	end	327
2017-02-24 16:11:15.885587	Trial	start	328
2017-02-24 16:11:15.889778	Speaker	play	None
2017-02-24 16:11:21.894136	Speaker	stop	None
2017-02-24 16:11:21.895203	Trial	end	328
2017-02-24 16:11:34.345054	Trial	start	329
2017-02-24 16:11:34.347015	Speaker	play	None
2017-02-24 16:11:40.349529	Speaker	stop	None
2017-02-24 16:11:40.350324	Hopper	up	None
2017-02-24 16:11:52.354260	Hopper	down	None
2017-02-24 16:11:52.657300	Trial	end	329
2017-02-24 16:12:39.426763	Trial	start	330
2017-02-24 16:12:39.429104	Speaker	play	None
2017-02-24 16:12:45.435326	Speaker	stop	None
2017-02-24 16:12:45.435881	Trial	end	330
2017-02-24 16:13:06.819203	Trial	start	331
2017-02-24 16:13:06.821069	Speaker	play	None
2017-02-24 16:13:12.823688	Speaker	stop	None
2017-02-24 16:13:12.824676	Hopper	up	None
2017-02-24 16:13:24.828278	Hopper	down	None
2017-02-24 16:13:25.131379	Trial	end	331
2017-02-24 16:13:54.960779	Trial	start	332
2017-02-24 16:13:54.963595	Speaker	play	None
2017-02-24 16:14:00.969416	Speaker	stop	None
2017-02-24 16:14:00.970197	Trial	end	332
2017-02-24 16:14:17.405569	Trial	start	333
2017-02-24 16:14:17.407481	Speaker	play	None
2017-02-24 16:14:23.410062	Speaker	stop	None
2017-02-24 16:14:23.410581	Trial	end	333
2017-02-24 17:17:48.257800	Trial	start	334
2017-02-24 17:17:48.259724	Speaker	play	None
2017-02-24 17:17:54.262438	Speaker	stop	None
2017-02-24 17:17:54.262964	Trial	end	334
2017-02-24 17:18:34.970668	Trial	start	335
2017-02-24 17:18:34.972824	Speaker	play	None
2017-02-24 17:18:40.975288	Speaker	stop	None
2017-02-24 17:18:40.975830	Trial	end	335
2017-02-24 17:18:52.017487	Trial	start	336
2017-02-24 17:18:52.019372	Speaker	play	None
2017-02-24 17:18:58.022078	Speaker	stop	None
2017-02-24 17:18:58.022618	Trial	end	336
2017-02-24 17:19:02.756763	Trial	start	337
2017-02-24 17:19:02.758684	Speaker	play	None
2017-02-24 17:19:08.761320	Speaker	stop	None
2017-02-24 17:19:08.762121	Hopper	up	None
2017-02-24 17:19:20.766159	Hopper	down	None
2017-02-24 17:19:21.069216	Trial	end	337
2017-02-24 17:19:55.355316	Trial	start	338
2017-02-24 17:19:55.357245	Speaker	play	None
2017-02-24 17:19:56.395808	Speaker	stop	None
2017-02-24 17:19:56.396357	Trial	end	338
2017-02-24 17:19:56.396975	Trial	start	339
2017-02-24 17:19:56.399633	Speaker	play	None
2017-02-24 17:20:02.404358	Speaker	stop	None
2017-02-24 17:20:02.404988	Trial	end	339
2017-02-24 17:20:18.894297	Trial	start	340
2017-02-24 17:20:18.896419	Speaker	play	None
2017-02-24 17:20:18.947423	Speaker	stop	None
2017-02-24 17:20:18.947944	Trial	end	340
2017-02-24 17:20:18.948569	Trial	start	341
2017-02-24 17:20:18.950426	Speaker	play	None
2017-02-24 17:20:24.955940	Speaker	stop	None
2017-02-24 17:20:24.956741	Hopper	up	None
2017-02-24 17:20:36.960763	Hopper	down	None
2017-02-24 17:20:37.263916	Trial	end	341
2017-02-24 17:21:22.637380	Trial	start	342
2017-02-24 17:21:22.639325	Speaker	play	None
2017-02-24 17:21:28.642030	Speaker	stop	None
2017-02-24 17:21:28.643290	Hopper	up	None
2017-02-24 17:21:40.646718	Hopper	down	None
2017-02-24 17:21:40.949821	Trial	end	342
2017-02-24 17:22:26.085913	Trial	start	343
2017-02-24 17:22:26.090638	Speaker	play	None
2017-02-24 17:22:32.094465	Speaker	stop	None
2017-02-24 17:22:32.095024	Trial	end	343
2017-02-24 17:22:40.326957	Trial	start	344
2017-02-24 17:22:40.328926	Speaker	play	None
2017-02-24 17:22:41.207689	Speaker	stop	None
2017-02-24 17:22:41.208441	Trial	end	344
2017-02-24 17:22:41.209237	Trial	start	345
2017-02-24 17:22:41.211095	Speaker	play	None
2017-02-24 17:22:41.256810	Speaker	queue	None
2017-02-24 17:22:41.257406	Trial	end	345
2017-02-24 17:22:41.258033	Trial	start	346
2017-02-24 17:22:41.260436	Speaker	play	None
2017-02-24 17:22:47.265197	Speaker	stop	None
2017-02-24 17:22:47.265747	Trial	end	346
2017-02-24 17:22:51.147588	Trial	start	347
2017-02-24 17:22:51.149853	Speaker	play	None
2017-02-24 17:22:57.155646	Speaker	stop	None
2017-02-24 17:22:57.156209	Trial	end	347
2017-02-24 17:23:06.230821	Trial	start	348
2017-02-24 17:23:06.232773	Speaker	play	None
2017-02-24 17:23:07.111482	Speaker	stop	None
2017-02-24 17:23:07.112028	Trial	end	348
2017-02-24 17:23:07.112619	Trial	start	349
2017-02-24 17:23:07.114370	Speaker	play	None
2017-02-24 17:23:08.253990	Speaker	stop	None
2017-02-24 17:23:08.254488	Trial	end	349
2017-02-24 17:23:08.255089	Trial	start	350
2017-02-24 17:23:08.256960	Speaker	play	None
2017-02-24 17:23:08.307345	Speaker	stop	None
2017-02-24 17:23:08.307860	Trial	end	350
2017-02-24 17:23:08.308377	Trial	start	351
2017-02-24 17:23:08.310057	Speaker	play	None
2017-02-24 17:23:14.315153	Speaker	stop	None
2017-02-24 17:23:14.315747	Trial	end	351
2017-02-24 17:23:40.050646	Trial	start	352
2017-02-24 17:23:40.052770	Speaker	play	None
2017-02-24 17:23:40.108093	Speaker	stop	None
2017-02-24 17:23:40.108828	Trial	end	352
2017-02-24 17:23:40.109600	Trial	start	353
2017-02-24 17:23:40.112645	Speaker	play	None
2017-02-24 17:23:46.115962	Speaker	stop	None
2017-02-24 17:23:46.116805	Hopper	up	None
2017-02-24 17:23:58.119633	Hopper	down	None
2017-02-24 17:23:58.422657	Trial	end	353
2017-02-24 17:24:23.015730	Trial	start	354
2017-02-24 17:24:23.017803	Speaker	play	None
2017-02-24 17:24:23.851197	Speaker	stop	None
2017-02-24 17:24:23.851706	Trial	end	354
2017-02-24 17:24:23.852326	Trial	start	355
2017-02-24 17:24:23.854336	Speaker	play	None
2017-02-24 17:24:29.859280	Speaker	stop	None
2017-02-24 17:24:29.860159	Hopper	up	None
2017-02-24 17:24:41.862922	Hopper	down	None
2017-02-24 17:24:42.165998	Trial	end	355
2017-02-24 17:25:19.070264	Trial	start	356
2017-02-24 17:25:19.072530	Speaker	play	None
2017-02-24 17:25:19.889324	Speaker	stop	None
2017-02-24 17:25:19.889983	Trial	end	356
2017-02-24 17:25:19.890688	Trial	start	357
2017-02-24 17:25:19.892918	Speaker	play	None
2017-02-24 17:25:19.942602	Speaker	stop	None
2017-02-24 17:25:19.943155	Trial	end	357
2017-02-24 17:25:19.943756	Trial	start	358
2017-02-24 17:25:19.947143	Speaker	play	None
2017-02-24 17:25:21.097472	Speaker	stop	None
2017-02-24 17:25:21.098037	Trial	end	358
2017-02-24 17:25:21.098651	Trial	start	359
2017-02-24 17:25:21.100691	Speaker	play	None
2017-02-24 17:25:21.150933	Speaker	stop	None
2017-02-24 17:25:21.151639	Trial	end	359
2017-02-24 17:25:21.152328	Trial	start	360
2017-02-24 17:25:21.154237	Speaker	play	None
2017-02-24 17:25:22.440783	Speaker	stop	None
2017-02-24 17:25:22.441448	Trial	end	360
2017-02-24 17:25:22.442201	Trial	start	361
2017-02-24 17:25:22.445043	Speaker	play	None
2017-02-24 17:25:23.808846	Speaker	stop	None
2017-02-24 17:25:23.809703	Trial	end	361
2017-02-24 17:25:23.810486	Trial	start	362
2017-02-24 17:25:23.812287	Speaker	play	None
2017-02-24 17:25:29.816733	Speaker	stop	None
2017-02-24 17:25:29.817312	Trial	end	362
2017-02-24 17:25:49.089998	Trial	start	363
2017-02-24 17:25:49.092527	Speaker	play	None
2017-02-24 17:25:55.098195	Speaker	stop	None
2017-02-24 17:25:55.099147	Trial	end	363
2017-02-24 17:25:57.923945	Trial	start	364
2017-02-24 17:25:57.925929	Speaker	play	None
2017-02-24 17:25:57.973280	Speaker	stop	None
2017-02-24 17:25:57.973908	Trial	end	364
2017-02-24 17:25:57.974646	Trial	start	365
2017-02-24 17:25:57.977080	Speaker	play	None
2017-02-24 17:25:58.825048	Speaker	stop	None
2017-02-24 17:25:58.825680	Trial	end	365
2017-02-24 17:25:58.826212	Trial	start	366
2017-02-24 17:25:58.827893	Speaker	play	None
2017-02-24 17:26:04.833207	Speaker	stop	None
2017-02-24 17:26:04.834018	Trial	end	366
2017-02-24 17:26:12.614489	Trial	start	367
2017-02-24 17:26:12.616329	Speaker	play	None
2017-02-24 17:26:13.445957	Speaker	stop	None
2017-02-24 17:26:13.446501	Trial	end	367
2017-02-24 17:26:13.447059	Trial	start	368
2017-02-24 17:26:13.448783	Speaker	play	None
2017-02-24 17:26:19.454067	Speaker	stop	None
2017-02-24 17:26:19.454883	Hopper	up	None
2017-02-24 17:26:31.457959	Hopper	down	None
2017-02-24 17:26:31.761016	Trial	end	368
2017-02-24 17:27:24.703797	Trial	start	369
2017-02-24 17:27:24.706224	Speaker	play	None
2017-02-24 17:27:25.567954	Speaker	stop	None
2017-02-24 17:27:25.568504	Trial	end	369
2017-02-24 17:27:25.569113	Trial	start	370
2017-02-24 17:27:25.570865	Speaker	play	None
2017-02-24 17:27:26.628787	Speaker	stop	None
2017-02-24 17:27:26.629629	Trial	end	370
2017-02-24 17:27:26.630876	Trial	start	371
2017-02-24 17:27:26.634565	Speaker	play	None
2017-02-24 17:27:26.677815	Speaker	stop	None
2017-02-24 17:27:26.678420	Trial	end	371
2017-02-24 17:27:26.679092	Trial	start	372
2017-02-24 17:27:26.681023	Speaker	play	None
2017-02-24 17:27:32.685937	Speaker	stop	None
2017-02-24 17:27:32.686536	Trial	end	372
2017-02-24 17:27:58.242041	Trial	start	373
2017-02-24 17:27:58.244058	Speaker	play	None
2017-02-24 17:28:04.250372	Speaker	stop	None
2017-02-24 17:28:04.251605	Hopper	up	None
2017-02-24 17:28:16.254235	Hopper	down	None
2017-02-24 17:28:16.557296	Trial	end	373
2017-02-24 19:05:27.820035	Trial	start	374
2017-02-24 19:05:27.822095	Speaker	play	None
2017-02-24 19:05:27.877368	Speaker	stop	None
2017-02-24 19:05:27.877976	Trial	end	374
2017-02-24 19:05:27.878518	Trial	start	375
2017-02-24 19:05:27.880307	Speaker	play	None
2017-02-24 19:05:29.204586	Speaker	stop	None
2017-02-24 19:05:29.205244	Trial	end	375
2017-02-24 19:05:29.205999	Trial	start	376
2017-02-24 19:05:29.207751	Speaker	play	None
2017-02-24 19:05:29.253641	Speaker	stop	None
2017-02-24 19:05:29.254233	Trial	end	376
2017-02-24 19:05:29.254839	Trial	start	377
2017-02-24 19:05:29.257332	Speaker	play	None
2017-02-24 19:05:30.294118	Speaker	stop	None
2017-02-24 19:05:30.294850	Trial	end	377
2017-02-24 19:05:30.295789	Trial	start	378
2017-02-24 19:05:30.297683	Speaker	play	None
2017-02-24 19:05:36.302621	Speaker	stop	None
2017-02-24 19:05:36.303379	Trial	end	378
2017-02-24 19:05:46.624180	Trial	start	379
2017-02-24 19:05:46.626833	Speaker	play	None
2017-02-24 19:05:46.681731	Speaker	stop	None
2017-02-24 19:05:46.682290	Trial	end	379
2017-02-24 19:05:46.682935	Trial	start	380
2017-02-24 19:05:46.685099	Speaker	play	None
2017-02-24 19:05:52.300635	Speaker	stop	None
2017-02-24 19:05:52.301173	Trial	end	380
2017-02-24 19:05:52.301739	Trial	start	381
2017-02-24 19:05:52.303547	Speaker	play	None
2017-02-24 19:05:58.308653	Speaker	stop	None
2017-02-24 19:05:58.309448	Hopper	up	None
2017-02-24 19:06:10.312447	Hopper	down	None
2017-02-24 19:06:10.615523	Trial	end	381
2017-02-24 19:07:02.116780	Trial	start	382
2017-02-24 19:07:02.118844	Speaker	play	None
2017-02-24 19:07:02.166008	Speaker	stop	None
2017-02-24 19:07:02.166536	Trial	end	382
2017-02-24 19:07:02.167160	Trial	start	383
2017-02-24 19:07:02.169037	Speaker	play	None
2017-02-24 19:07:02.804985	Speaker	stop	None
2017-02-24 19:07:02.805677	Trial	end	383
2017-02-24 19:07:02.807730	Trial	start	384
2017-02-24 19:07:02.811416	Speaker	play	None
2017-02-24 19:07:02.845920	Speaker	stop	None
2017-02-24 19:07:02.846454	Trial	end	384
2017-02-24 19:07:02.847144	Trial	start	385
2017-02-24 19:07:02.849036	Speaker	play	None
2017-02-24 19:07:08.854045	Speaker	stop	None
2017-02-24 19:07:08.854816	Hopper	up	None
2017-02-24 19:07:20.858274	Hopper	down	None
2017-02-24 19:07:21.161188	Trial	end	385
2017-02-24 19:08:17.889563	Trial	start	386
2017-02-24 19:08:17.894311	Speaker	play	None
2017-02-24 19:08:18.446590	Speaker	stop	None
2017-02-24 19:08:18.447198	Trial	end	386
2017-02-24 19:08:18.447816	Trial	start	387
2017-02-24 19:08:18.449681	Speaker	play	None
2017-02-24 19:08:19.310689	Speaker	stop	None
2017-02-24 19:08:19.311300	Trial	end	387
2017-02-24 19:08:19.311930	Trial	start	388
2017-02-24 19:08:19.313779	Speaker	play	None
2017-02-24 19:08:24.700564	Speaker	stop	None
2017-02-24 19:08:24.701250	Trial	end	388
2017-02-24 19:08:24.702002	Trial	start	389
2017-02-24 19:08:24.703829	Speaker	play	None
2017-02-24 19:08:25.560638	Speaker	stop	None
2017-02-24 19:08:25.561374	Trial	end	389
2017-02-24 19:08:25.561982	Trial	start	390
2017-02-24 19:08:25.563717	Speaker	play	None
2017-02-24 19:08:31.568937	Speaker	stop	None
2017-02-24 19:08:31.569797	Trial	end	390
2017-02-24 19:08:32.809796	Trial	start	391
2017-02-24 19:08:32.811793	Speaker	play	None
2017-02-24 19:08:38.818188	Speaker	stop	None
2017-02-24 19:08:38.819046	Hopper	up	None
2017-02-24 19:08:50.822473	Hopper	down	None
2017-02-24 19:08:51.125543	Trial	end	391
2017-02-24 19:09:18.148744	Trial	start	392
2017-02-24 19:09:18.150866	Speaker	play	None
2017-02-24 19:09:18.210269	Speaker	stop	None
2017-02-24 19:09:18.210842	Trial	end	392
2017-02-24 19:09:18.211382	Trial	start	393
2017-02-24 19:09:18.213278	Speaker	play	None
2017-02-24 19:09:24.218698	Speaker	stop	None
2017-02-24 19:09:24.219293	Trial	end	393
2017-02-24 19:09:30.419433	Trial	start	394
2017-02-24 19:09:30.422397	Speaker	play	None
2017-02-24 19:09:30.964211	Speaker	stop	None
2017-02-24 19:09:30.964843	Trial	end	394
2017-02-24 19:09:30.965402	Trial	start	395
2017-02-24 19:09:30.967183	Speaker	play	None
2017-02-24 19:09:35.997839	Speaker	stop	None
2017-02-24 19:09:35.998303	Trial	end	395
2017-02-24 19:09:36.000666	Trial	start	396
2017-02-24 19:09:36.002981	Speaker	play	None
2017-02-24 19:09:36.051082	Speaker	stop	None
2017-02-24 19:09:36.051678	Trial	end	396
2017-02-24 19:09:36.052256	Trial	start	397
2017-02-24 19:09:36.054250	Speaker	play	None
2017-02-24 19:09:36.821085	Speaker	stop	None
2017-02-24 19:09:36.821638	Trial	end	397
2017-02-24 19:09:36.822195	Trial	start	398
2017-02-24 19:09:36.823998	Speaker	play	None
2017-02-24 19:09:42.829406	Speaker	stop	None
2017-02-24 19:09:42.830102	Trial	end	398
2017-02-24 19:09:51.135453	Trial	start	399
2017-02-24 19:09:51.137377	Speaker	play	None
2017-02-24 19:09:51.176453	Speaker	stop	None
2017-02-24 19:09:51.177074	Trial	end	399
2017-02-24 19:09:51.177599	Trial	start	400
2017-02-24 19:09:51.179268	Speaker	play	None
2017-02-24 19:09:52.044740	Speaker	stop	None
2017-02-24 19:09:52.045269	Trial	end	400
2017-02-24 19:09:52.045943	Trial	start	401
2017-02-24 19:09:52.047855	Speaker	play	None
2017-02-24 19:09:52.085698	Speaker	stop	None
2017-02-24 19:09:52.086231	Trial	end	401
2017-02-24 19:09:52.086869	Trial	start	402
2017-02-24 19:09:52.088699	Speaker	play	None
2017-02-24 19:09:56.898143	Speaker	stop	None
2017-02-24 19:09:56.898738	Trial	end	402
2017-02-24 19:09:56.899316	Trial	start	403
2017-02-24 19:09:56.901096	Speaker	play	None
2017-02-24 19:10:02.906599	Speaker	stop	None
2017-02-24 19:10:02.907332	Trial	end	403
2017-02-24 19:10:04.434146	Trial	start	404
2017-02-24 19:10:04.436118	Speaker	play	None
2017-02-24 19:10:04.483621	Speaker	stop	None
2017-02-24 19:10:04.484511	Trial	end	404
2017-02-24 19:10:04.485259	Trial	start	405
2017-02-24 19:10:04.487719	Speaker	play	None
2017-02-24 19:10:10.491857	Speaker	stop	None
2017-02-24 19:10:10.493162	Hopper	up	None
2017-02-24 19:10:22.496296	Hopper	down	None
2017-02-24 19:10:22.799258	Trial	end	405
2017-02-24 19:10:47.164815	Trial	start	406
2017-02-24 19:10:47.168663	Speaker	play	None
2017-02-24 19:10:47.799646	Speaker	stop	None
2017-02-24 19:10:47.800277	Trial	end	406
2017-02-24 19:10:47.801010	Trial	start	407
2017-02-24 19:10:47.803777	Speaker	play	None
2017-02-24 19:10:47.852892	Speaker	stop	None
2017-02-24 19:10:47.853503	Trial	end	407
2017-02-24 19:10:47.854199	Trial	start	408
2017-02-24 19:10:47.856632	Speaker	play	None
2017-02-24 19:10:53.861255	Speaker	stop	None
2017-02-24 19:10:53.862075	Hopper	up	None
2017-02-24 19:11:05.865867	Hopper	down	None
2017-02-24 19:11:06.168932	Trial	end	408
2017-02-24 19:11:34.106006	Trial	start	409
2017-02-24 19:11:34.108796	Speaker	play	None
2017-02-24 19:11:40.114476	Speaker	stop	None
2017-02-24 19:11:40.115289	Hopper	up	None
2017-02-24 19:11:52.118956	Hopper	down	None
2017-02-24 19:11:52.422082	Trial	end	409
2017-02-24 19:12:13.576754	Trial	start	410
2017-02-24 19:12:13.578995	Speaker	play	None
2017-02-24 19:12:13.630095	Speaker	stop	None
2017-02-24 19:12:13.630715	Trial	end	410
2017-02-24 19:12:13.631291	Trial	start	411
2017-02-24 19:12:13.633186	Speaker	play	None
2017-02-24 19:12:14.698977	Speaker	stop	None
2017-02-24 19:12:14.699511	Trial	end	411
2017-02-24 19:12:14.700086	Trial	start	412
2017-02-24 19:12:14.702378	Speaker	play	None
2017-02-24 19:12:15.649346	Speaker	stop	None
2017-02-24 19:12:15.650037	Trial	end	412
2017-02-24 19:12:15.650624	Trial	start	413
2017-02-24 19:12:15.652444	Speaker	play	None
2017-02-24 19:12:15.976815	Speaker	stop	None
2017-02-24 19:12:15.977482	Trial	end	413
2017-02-24 19:12:15.978078	Trial	start	414
2017-02-24 19:12:15.979887	Speaker	play	None
2017-02-24 19:12:16.021979	Speaker	stop	None
2017-02-24 19:12:16.022495	Trial	end	414
2017-02-24 19:12:16.023089	Trial	start	415
2017-02-24 19:12:16.024880	Speaker	play	None
2017-02-24 19:12:16.910694	Speaker	stop	None
2017-02-24 19:12:16.911296	Trial	end	415
2017-02-24 19:12:16.911854	Trial	start	416
2017-02-24 19:12:16.913768	Speaker	play	None
2017-02-24 19:12:16.955700	Speaker	stop	None
2017-02-24 19:12:16.956227	Trial	end	416
2017-02-24 19:12:16.956838	Trial	start	417
2017-02-24 19:12:16.958757	Speaker	play	None
2017-02-24 19:12:22.964177	Speaker	stop	None
2017-02-24 19:12:22.965001	Hopper	up	None
2017-02-24 19:12:34.968844	Hopper	down	None
2017-02-24 19:12:35.271865	Trial	end	417
2017-02-24 19:12:53.793005	Trial	start	418
2017-02-24 19:12:53.795012	Speaker	play	None
2017-02-24 19:12:53.846255	Speaker	stop	None
2017-02-24 19:12:53.846764	Trial	end	418
2017-02-24 19:12:53.847333	Trial	start	419
2017-02-24 19:12:53.849353	Speaker	play	None
2017-02-24 19:12:59.854756	Speaker	stop	None
2017-02-24 19:12:59.855580	Hopper	up	None
2017-02-24 19:13:11.859400	Hopper	down	None
2017-02-24 19:13:12.162467	Trial	end	419
2017-02-24 19:13:32.743749	Trial	start	420
2017-02-24 19:13:32.745659	Speaker	play	None
2017-02-24 19:13:32.793054	Speaker	stop	None
2017-02-24 19:13:32.793603	Trial	end	420
2017-02-24 19:13:32.794180	Trial	start	421
2017-02-24 19:13:32.796665	Speaker	play	None
2017-02-24 19:13:33.395057	Speaker	stop	None
2017-02-24 19:13:33.395617	Trial	end	421
2017-02-24 19:13:33.396190	Trial	start	422
2017-02-24 19:13:33.398006	Speaker	play	None
2017-02-24 19:13:39.403548	Speaker	stop	None
2017-02-24 19:13:39.404085	Trial	end	422
2017-02-24 19:13:43.400992	Trial	start	423
2017-02-24 19:13:43.402954	Speaker	play	None
2017-02-24 19:13:44.371875	Speaker	stop	None
2017-02-24 19:13:44.372692	Trial	end	423
2017-02-24 19:13:44.373479	Trial	start	424
2017-02-24 19:13:44.376236	Speaker	play	None
2017-02-24 19:13:50.380323	Speaker	stop	None
2017-02-24 19:13:50.381134	Hopper	up	None
2017-02-24 19:14:02.384891	Hopper	down	None
2017-02-24 19:14:02.688030	Trial	end	424
2017-02-24 19:14:20.811871	Trial	start	425
2017-02-24 19:14:20.813823	Speaker	play	None
2017-02-24 19:14:20.865211	Speaker	stop	None
2017-02-24 19:14:20.865737	Trial	end	425
2017-02-24 19:14:20.866363	Trial	start	426
2017-02-24 19:14:20.868125	Speaker	play	None
2017-02-24 19:14:21.618953	Speaker	stop	None
2017-02-24 19:14:21.620037	Trial	end	426
2017-02-24 19:14:21.621301	Trial	start	427
2017-02-24 19:14:21.624290	Speaker	play	None
2017-02-24 19:14:22.089887	Speaker	stop	None
2017-02-24 19:14:22.090499	Trial	end	427
2017-02-24 19:14:22.091231	Trial	start	428
2017-02-24 19:14:22.093745	Speaker	play	None
2017-02-24 19:14:28.098338	Speaker	stop	None
2017-02-24 19:14:28.099182	Hopper	up	None
2017-02-24 19:14:40.103044	Hopper	down	None
2017-02-24 19:14:40.406130	Trial	end	428
2017-02-24 19:14:53.754314	Trial	start	429
2017-02-24 19:14:53.756404	Speaker	play	None
2017-02-24 19:14:53.807633	Speaker	stop	None
2017-02-24 19:14:53.808169	Trial	end	429
2017-02-24 19:14:53.808809	Trial	start	430
2017-02-24 19:14:53.810729	Speaker	play	None
2017-02-24 19:14:54.008341	Speaker	stop	None
2017-02-24 19:14:54.008921	Trial	end	430
2017-02-24 19:14:54.009723	Trial	start	431
2017-02-24 19:14:54.011937	Speaker	play	None
2017-02-24 19:14:54.057538	Speaker	stop	None
2017-02-24 19:14:54.058128	Trial	end	431
2017-02-24 19:14:54.058657	Trial	start	432
2017-02-24 19:14:54.060502	Speaker	play	None
2017-02-24 19:14:54.815315	Speaker	stop	None
2017-02-24 19:14:54.815982	Trial	end	432
2017-02-24 19:14:54.816644	Trial	start	433
2017-02-24 19:14:54.818702	Speaker	play	None
2017-02-24 19:14:54.868554	Speaker	stop	None
2017-02-24 19:14:54.869217	Trial	end	433
2017-02-24 19:14:54.870069	Trial	start	434
2017-02-24 19:14:54.872388	Speaker	play	None
2017-02-24 19:14:54.954581	Speaker	stop	None
2017-02-24 19:14:54.955425	Trial	end	434
2017-02-24 19:14:54.956682	Trial	start	435
2017-02-24 19:14:54.959514	Speaker	play	None
2017-02-24 19:14:55.192048	Speaker	stop	None
2017-02-24 19:14:55.192639	Trial	end	435
2017-02-24 19:14:55.193263	Trial	start	436
2017-02-24 19:14:55.195196	Speaker	play	None
2017-02-24 19:14:55.245343	Speaker	stop	None
2017-02-24 19:14:55.246025	Trial	end	436
2017-02-24 19:14:55.246639	Trial	start	437
2017-02-24 19:14:55.249025	Speaker	play	None
2017-02-24 19:14:56.064433	Speaker	stop	None
2017-02-24 19:14:56.065040	Trial	end	437
2017-02-24 19:14:56.065634	Trial	start	438
2017-02-24 19:14:56.067584	Speaker	play	None
2017-02-24 19:15:02.072959	Speaker	stop	None
2017-02-24 19:15:02.073518	Trial	end	438
2017-02-24 19:15:08.204304	Trial	start	439
2017-02-24 19:15:08.206299	Speaker	play	None
2017-02-24 19:15:14.208835	Speaker	stop	None
2017-02-24 19:15:14.209416	Trial	end	439
2017-02-24 19:15:22.388046	Trial	start	440
2017-02-24 19:15:22.390715	Speaker	play	None
2017-02-24 19:15:22.445502	Speaker	stop	None
2017-02-24 19:15:22.446029	Trial	end	440
2017-02-24 19:15:22.446751	Trial	start	441
2017-02-24 19:15:22.449707	Speaker	play	None
2017-02-24 19:15:28.454119	Speaker	stop	None
2017-02-24 19:15:28.455105	Hopper	up	None
2017-02-24 19:15:40.458797	Hopper	down	None
2017-02-24 19:15:40.761808	Trial	end	441
2017-02-24 19:15:58.472114	Trial	start	442
2017-02-24 19:15:58.474036	Speaker	play	None
2017-02-24 19:15:58.529544	Speaker	stop	None
2017-02-24 19:15:58.530120	Trial	end	442
2017-02-24 19:15:58.530685	Trial	start	443
2017-02-24 19:15:58.532407	Speaker	play	None
2017-02-24 19:16:04.537990	Speaker	stop	None
2017-02-24 19:16:04.538829	Hopper	up	None
2017-02-24 19:16:16.542788	Hopper	down	None
2017-02-24 19:16:16.845892	Trial	end	443
2017-02-24 19:16:33.413449	Trial	start	444
2017-02-24 19:16:33.415674	Speaker	play	None
2017-02-24 19:16:33.466792	Speaker	stop	None
2017-02-24 19:16:33.467353	Trial	end	444
2017-02-24 19:16:33.468113	Trial	start	445
2017-02-24 19:16:33.470414	Speaker	play	None
2017-02-24 19:16:34.199935	Speaker	stop	None
2017-02-24 19:16:34.200673	Trial	end	445
2017-02-24 19:16:34.201533	Trial	start	446
2017-02-24 19:16:34.203835	Speaker	play	None
2017-02-24 19:16:34.363794	Speaker	stop	None
2017-02-24 19:16:34.364415	Trial	end	446
2017-02-24 19:16:34.365212	Trial	start	447
2017-02-24 19:16:34.367659	Speaker	play	None
2017-02-24 19:16:34.412929	Speaker	stop	None
2017-02-24 19:16:34.413584	Trial	end	447
2017-02-24 19:16:34.414515	Trial	start	448
2017-02-24 19:16:34.416450	Speaker	play	None
2017-02-24 19:16:40.421504	Speaker	stop	None
2017-02-24 19:16:40.422269	Hopper	up	None
2017-02-24 19:16:52.426205	Hopper	down	None
2017-02-24 19:16:52.729289	Trial	end	448
2017-02-24 19:17:12.139458	Trial	start	449
2017-02-24 19:17:12.142944	Speaker	play	None
2017-02-24 19:17:12.196793	Speaker	stop	None
2017-02-24 19:17:12.197253	Trial	end	449
2017-02-24 19:17:12.197896	Trial	start	450
2017-02-24 19:17:12.199877	Speaker	play	None
2017-02-24 19:17:12.868497	Speaker	stop	None
2017-02-24 19:17:12.869111	Trial	end	450
2017-02-24 19:17:12.869864	Trial	start	451
2017-02-24 19:17:12.871608	Speaker	play	None
2017-02-24 19:17:12.917637	Speaker	stop	None
2017-02-24 19:17:12.918177	Trial	end	451
2017-02-24 19:17:12.918796	Trial	start	452
2017-02-24 19:17:12.920497	Speaker	play	None
2017-02-24 19:17:13.122488	Speaker	stop	None
2017-02-24 19:17:13.123161	Trial	end	452
2017-02-24 19:17:13.123968	Trial	start	453
2017-02-24 19:17:13.126253	Speaker	play	None
2017-02-24 19:17:13.171570	Speaker	stop	None
2017-02-24 19:17:13.172096	Trial	end	453
2017-02-24 19:17:13.172806	Trial	start	454
2017-02-24 19:17:13.174527	Speaker	play	None
2017-02-24 19:17:19.180132	Speaker	stop	None
2017-02-24 19:17:19.180863	Trial	end	454
2017-02-24 19:17:20.806221	Trial	start	455
2017-02-24 19:17:20.808385	Speaker	play	None
2017-02-24 19:17:20.859477	Speaker	stop	None
2017-02-24 19:17:20.860061	Trial	end	455
2017-02-24 19:17:20.860685	Trial	start	456
2017-02-24 19:17:20.862396	Speaker	play	None
2017-02-24 19:17:26.867949	Speaker	stop	None
2017-02-24 19:17:26.868664	Trial	end	456
2017-02-24 19:17:30.476337	Trial	start	457
2017-02-24 19:17:30.478291	Speaker	play	None
2017-02-24 19:17:36.480836	Speaker	stop	None
2017-02-24 19:17:36.481399	Trial	end	457
2017-02-24 19:17:39.687966	Trial	start	458
2017-02-24 19:17:39.691394	Speaker	play	None
2017-02-24 19:17:40.666775	Speaker	stop	None
2017-02-24 19:17:40.667385	Trial	end	458
2017-02-24 19:17:40.667984	Trial	start	459
2017-02-24 19:17:40.669825	Speaker	play	None
2017-02-24 19:17:40.720020	Speaker	stop	None
2017-02-24 19:17:40.720633	Trial	end	459
2017-02-24 19:17:40.721440	Trial	start	460
2017-02-24 19:17:40.723999	Speaker	play	None
2017-02-24 19:17:46.728647	Speaker	stop	None
2017-02-24 19:17:46.729196	Trial	end	460
2017-02-24 19:17:58.712839	Trial	start	461
2017-02-24 19:17:58.714903	Speaker	play	None
2017-02-24 19:18:04.717493	Speaker	stop	None
2017-02-24 19:18:04.718589	Hopper	up	None
2017-02-24 19:18:16.722160	Hopper	down	None
2017-02-24 19:18:17.025280	Trial	end	461
2017-02-24 19:18:39.277911	Trial	start	462
2017-02-24 19:18:39.280517	Speaker	play	None
2017-02-24 19:18:39.335306	Speaker	stop	None
2017-02-24 19:18:39.335770	Trial	end	462
2017-02-24 19:18:39.336497	Trial	start	463
2017-02-24 19:18:39.338899	Speaker	play	None
2017-02-24 19:18:45.343880	Speaker	stop	None
2017-02-24 19:18:45.344957	Hopper	up	None
2017-02-24 19:18:57.348611	Hopper	down	None
2017-02-24 19:18:57.651714	Trial	end	463
2017-02-24 19:19:23.303879	Trial	start	464
2017-02-24 19:19:23.305997	Speaker	play	None
2017-02-24 19:19:23.693055	Speaker	stop	None
2017-02-24 19:19:23.693688	Trial	end	464
2017-02-24 19:19:23.694214	Trial	start	465
2017-02-24 19:19:23.695845	Speaker	play	None
2017-02-24 19:19:24.635281	Speaker	stop	None
2017-02-24 19:19:24.636033	Trial	end	465
2017-02-24 19:19:24.636836	Trial	start	466
2017-02-24 19:19:24.639472	Speaker	play	None
2017-02-24 19:19:24.688373	Speaker	stop	None
2017-02-24 19:19:24.689024	Trial	end	466
2017-02-24 19:19:24.689631	Trial	start	467
2017-02-24 19:19:24.691506	Speaker	play	None
2017-02-24 19:19:26.371737	Speaker	stop	None
2017-02-24 19:19:26.372320	Trial	end	467
2017-02-24 19:19:26.372907	Trial	start	468
2017-02-24 19:19:26.374666	Speaker	play	None
2017-02-24 19:19:32.380315	Speaker	stop	None
2017-02-24 19:19:32.380970	Trial	end	468
2017-02-24 19:19:35.366062	Trial	start	469
2017-02-24 19:19:35.368144	Speaker	play	None
2017-02-24 19:19:41.370590	Speaker	stop	None
2017-02-24 19:19:41.371210	Trial	end	469
2017-02-24 19:19:43.623244	Trial	start	470
2017-02-24 19:19:43.625252	Speaker	play	None
2017-02-24 19:19:49.627911	Speaker	stop	None
2017-02-24 19:19:49.628869	Hopper	up	None
2017-02-24 19:20:01.632598	Hopper	down	None
2017-02-24 19:20:01.935809	Trial	end	470
2017-02-24 19:20:18.626280	Trial	start	471
2017-02-24 19:20:18.628649	Speaker	play	None
2017-02-24 19:20:19.453631	Speaker	stop	None
2017-02-24 19:20:19.454197	Trial	end	471
2017-02-24 19:20:19.454819	Trial	start	472
2017-02-24 19:20:19.456604	Speaker	play	None
2017-02-24 19:20:19.511006	Speaker	stop	None
2017-02-24 19:20:19.511529	Trial	end	472
2017-02-24 19:20:19.512111	Trial	start	473
2017-02-24 19:20:19.513883	Speaker	play	None
2017-02-24 19:20:20.448881	Speaker	stop	None
2017-02-24 19:20:20.449442	Trial	end	473
2017-02-24 19:20:20.451612	Trial	start	474
2017-02-24 19:20:20.453442	Speaker	play	None
2017-02-24 19:20:20.502193	Speaker	stop	None
2017-02-24 19:20:20.502822	Trial	end	474
2017-02-24 19:20:20.503704	Trial	start	475
2017-02-24 19:20:20.506111	Speaker	play	None
2017-02-24 19:20:21.513842	Speaker	stop	None
2017-02-24 19:20:21.514527	Trial	end	475
2017-02-24 19:20:21.515421	Trial	start	476
2017-02-24 19:20:21.518213	Speaker	play	None
2017-02-24 19:20:21.567220	Speaker	stop	None
2017-02-24 19:20:21.567895	Trial	end	476
2017-02-24 19:20:21.568518	Trial	start	477
2017-02-24 19:20:21.570296	Speaker	play	None
2017-02-24 19:20:27.575676	Speaker	stop	None
2017-02-24 19:20:27.576402	Trial	end	477
2017-02-24 19:20:40.362760	Trial	start	478
2017-02-24 19:20:40.365614	Speaker	play	None
2017-02-24 19:20:41.747207	Speaker	stop	None
2017-02-24 19:20:41.747772	Trial	end	478
2017-02-24 19:20:41.748287	Trial	start	479
2017-02-24 19:20:41.750091	Speaker	play	None
2017-02-24 19:20:41.796400	Speaker	stop	None
2017-02-24 19:20:41.796938	Trial	end	479
2017-02-24 19:20:41.797561	Trial	start	480
2017-02-24 19:20:41.799309	Speaker	play	None
2017-02-24 19:20:47.804942	Speaker	stop	None
2017-02-24 19:20:47.805776	Hopper	up	None
2017-02-24 19:20:59.809755	Hopper	down	None
2017-02-24 19:21:00.112881	Trial	end	480
2017-02-24 19:21:16.188973	Trial	start	481
2017-02-24 19:21:16.190938	Speaker	play	None
2017-02-24 19:21:16.987777	Speaker	stop	None
2017-02-24 19:21:16.988296	Trial	end	481
2017-02-24 19:21:16.988983	Trial	start	482
2017-02-24 19:21:16.990740	Speaker	play	None
2017-02-24 19:21:17.041018	Speaker	stop	None
2017-02-24 19:21:17.041529	Trial	end	482
2017-02-24 19:21:17.042176	Trial	start	483
2017-02-24 19:21:17.043959	Speaker	play	None
2017-02-24 19:21:23.049574	Speaker	stop	None
2017-02-24 19:21:23.050650	Hopper	up	None
2017-02-24 19:21:35.054380	Hopper	down	None
2017-02-24 19:21:35.357440	Trial	end	483
2017-02-24 19:22:11.978290	Trial	start	484
2017-02-24 19:22:11.980690	Speaker	play	None
2017-02-24 19:22:12.793530	Speaker	stop	None
2017-02-24 19:22:12.794191	Trial	end	484
2017-02-24 19:22:12.794913	Trial	start	485
2017-02-24 19:22:12.798717	Speaker	play	None
2017-02-24 19:22:12.842576	Speaker	stop	None
2017-02-24 19:22:12.843151	Trial	end	485
2017-02-24 19:22:12.843691	Trial	start	486
2017-02-24 19:22:12.845362	Speaker	play	None
2017-02-24 19:22:18.851189	Speaker	stop	None
2017-02-24 19:22:18.851985	Hopper	up	None
2017-02-24 19:22:30.856104	Hopper	down	None
2017-02-24 19:22:31.159077	Trial	end	486
2017-02-24 19:23:15.462805	Trial	start	487
2017-02-24 19:23:15.464826	Speaker	play	None
2017-02-24 19:23:16.343439	Speaker	stop	None
2017-02-24 19:23:16.344021	Trial	end	487
2017-02-24 19:23:16.344608	Trial	start	488
2017-02-24 19:23:16.346588	Speaker	play	None
2017-02-24 19:23:22.352051	Speaker	stop	None
2017-02-24 19:23:22.352760	Trial	end	488
2017-02-24 19:23:28.519890	Trial	start	489
2017-02-24 19:23:28.522000	Speaker	play	None
2017-02-24 19:23:34.528390	Speaker	stop	None
2017-02-24 19:23:34.529553	Hopper	up	None
2017-02-24 19:23:46.532706	Hopper	down	None
2017-02-24 19:23:46.835793	Trial	end	489
2017-02-24 19:24:32.679042	Trial	start	490
2017-02-24 19:24:32.681466	Speaker	play	None
2017-02-24 19:24:38.687445	Speaker	stop	None
2017-02-24 19:24:38.688235	Trial	end	490
2017-02-24 19:24:54.672922	Trial	start	491
2017-02-24 19:24:54.675270	Speaker	play	None
2017-02-24 19:24:55.655961	Speaker	stop	None
2017-02-24 19:24:55.656594	Trial	end	491
2017-02-24 19:24:55.657680	Trial	start	492
2017-02-24 19:24:55.661390	Speaker	play	None
2017-02-24 19:25:01.668461	Speaker	stop	None
2017-02-24 19:25:01.669139	Trial	end	492
2017-02-24 19:25:08.700726	Trial	start	493
2017-02-24 19:25:08.702686	Speaker	play	None
2017-02-24 19:25:08.754129	Speaker	stop	None
2017-02-24 19:25:08.754684	Trial	end	493
2017-02-24 19:25:08.755230	Trial	start	494
2017-02-24 19:25:08.757008	Speaker	play	None
2017-02-24 19:25:14.762454	Speaker	stop	None
2017-02-24 19:25:14.763056	Trial	end	494
2017-02-24 19:26:00.241259	Trial	start	495
2017-02-24 19:26:00.243229	Speaker	play	None
2017-02-24 19:26:01.122004	Speaker	stop	None
2017-02-24 19:26:01.122550	Trial	end	495
2017-02-24 19:26:01.123081	Trial	start	496
2017-02-24 19:26:01.124824	Speaker	play	None
2017-02-24 19:26:07.130325	Speaker	stop	None
2017-02-24 19:26:07.130834	Trial	end	496
2017-02-24 19:58:56.853961	Trial	start	497
2017-02-24 19:58:56.856720	Speaker	play	None
2017-02-24 19:59:02.862378	Speaker	stop	None
2017-02-24 19:59:02.863393	Trial	end	497
2017-02-24 20:05:25.576846	PeckPort	off	None
2017-02-24 20:05:25.577198	HouseLight	on	None
2017-02-24 20:05:25.577376	Hopper	down	None
