"2017-02-24 11:21:22,577","INFO","Preparing subject and data storage"
"2017-02-24 11:21:22,578","INFO","Created subject object with name LblGra3039M"
"2017-02-24 11:21:22,578","INFO","Created datastore CSVStore: filename = /home/fet/data/LblGra3039M/240217/LblGra3039M_trialdata_20170224112122.csv, fields = session, index, time, stimulus_name, condition_name, response, correct, rt, reward, max_wait for subject LblGra3039M"
"2017-02-24 11:21:22,578","INFO","Preparing to run experiment Go No-Go Interruption"
"2017-02-24 11:21:22,884","INFO","Entering Idle state"
"2017-02-24 11:21:23,187","INFO","Beginning block #1"
"2017-02-24 11:21:28,417","INFO","Trial 1 - 11:21:28 - Unrewarded - /home/fet/stimuli/test_categories_box2/nonreward/Wh_Stim_7_GraGra0201_040505020501.wav"
"2017-02-24 11:22:12,439","INFO","Trial 2 - 11:22:12 - Unrewarded - /home/fet/stimuli/test_categories_box2/nonreward/Ne_Stim_2_WhiGra0114_030202020303.wav"
"2017-02-24 11:22:12,493","INFO","Trial 3 - 11:22:12 - Unrewarded - /home/fet/stimuli/test_categories_box2/nonreward/Ne_Stim_10_WhiGra0114_030202020203.wav"
"2017-02-24 11:22:16,806","INFO","Trial 4 - 11:22:16 - Unrewarded - /home/fet/stimuli/test_categories_box2/nonreward/DC_Stim_8_BlaBla0506_122110201908.wav"
"2017-02-24 11:22:35,838","INFO","Trial 5 - 11:22:35 - Unrewarded - /home/fet/stimuli/test_categories_box2/nonreward/Th_Stim_1_Unknown_11_091101050302.wav"
"2017-02-24 11:22:45,234","INFO","Trial 6 - 11:22:45 - Unrewarded - /home/fet/stimuli/test_categories_box2/nonreward/Wh_Stim_5_LblRed0613_233110153943.wav"
"2017-02-24 11:22:52,578","INFO","Trial 7 - 11:22:52 - Unrewarded - /home/fet/stimuli/test_categories_box2/nonreward/Be_Stim_2_LblBlu6379_01_0304_0203_02.wav"
"2017-02-24 11:22:59,246","INFO","Trial 8 - 11:22:59 - Unrewarded - /home/fet/stimuli/test_categories_box2/nonreward/Wh_Stim_9_WhiWhi1415_010101010101.wav"
"2017-02-24 11:23:12,770","INFO","Trial 9 - 11:23:12 - Rewarded - /home/fet/stimuli/test_categories_box2/reward/Te_Stim_3_GreWhi1242_051812162610.wav"
"2017-02-24 11:23:18,775","INFO","Supplying reward for 12.00 seconds"
"2017-02-24 11:23:52,512","INFO","Trial 10 - 11:23:52 - Unrewarded - /home/fet/stimuli/test_categories_box2/nonreward/LT_Stim_6_LblGre0001_041102080609.wav"
"2017-02-24 11:24:04,312","INFO","Trial 11 - 11:24:04 - Unrewarded - /home/fet/stimuli/test_categories_box2/nonreward/Ne_Stim_5_BlaBla0506_161612110905.wav"
"2017-02-24 11:24:04,362","INFO","Trial 12 - 11:24:04 - Unrewarded - /home/fet/stimuli/test_categories_box2/nonreward/Be_Stim_1_GraRas1600_021506.wav"
"2017-02-24 11:24:08,647","INFO","Trial 13 - 11:24:08 - Rewarded - /home/fet/stimuli/test_categories_box2/reward/Te_Stim_7_YelGre5275_110625041209.wav"
"2017-02-24 11:24:08,700","INFO","Trial 14 - 11:24:08 - Unrewarded - /home/fet/stimuli/test_categories_box2/nonreward/Ne_Stim_8_LblBla4419_256026472004.wav"
"2017-02-24 11:24:16,841","INFO","Trial 15 - 11:24:16 - Rewarded - /home/fet/stimuli/test_categories_box2/reward/Te_Stim_4_GreGre6364_130316152928.wav"
"2017-02-24 11:24:22,850","INFO","Supplying reward for 12.00 seconds"
"2017-02-24 11:24:54,455","INFO","Trial 16 - 11:24:54 - Rewarded - /home/fet/stimuli/test_categories_box2/reward/Te_Stim_1_WhiGra0114_110721192014.wav"
"2017-02-24 11:25:00,464","INFO","Supplying reward for 12.00 seconds"
"2017-02-24 11:25:52,667","INFO","Trial 17 - 11:25:52 - Unrewarded - /home/fet/stimuli/test_categories_box2/nonreward/Tu_Stim_3_GreOra1817_111205041618.wav"
"2017-02-24 11:25:58,283","INFO","Trial 18 - 11:25:58 - Unrewarded - /home/fet/stimuli/test_categories_box2/nonreward/Ag_Stim_10_YelOra2575_101904182023.wav"
"2017-02-24 11:25:58,841","INFO","Trial 19 - 11:25:58 - Rewarded - /home/fet/stimuli/test_categories_box2/reward/Te_Stim_1_WhiWhi1415_111602071506.wav"
"2017-02-24 11:26:04,849","INFO","Supplying reward for 12.00 seconds"
"2017-02-24 11:26:34,032","INFO","Trial 20 - 11:26:34 - Unrewarded - /home/fet/stimuli/test_categories_box2/nonreward/Ag_Stim_7_BlaBla0506_070504101209.wav"
"2017-02-24 11:26:34,304","INFO","Trial 21 - 11:26:34 - Unrewarded - /home/fet/stimuli/test_categories_box2/nonreward/Th_Stim_3_YelGre5275_072614382040.wav"
"2017-02-24 11:26:34,353","INFO","Trial 22 - 11:26:34 - Rewarded - /home/fet/stimuli/test_categories_box2/reward/Te_Stim_3_YelOra2575_190610072715.wav"
"2017-02-24 11:26:40,361","INFO","Supplying reward for 12.00 seconds"
"2017-02-24 11:27:31,621","INFO","Trial 23 - 11:27:31 - Unrewarded - /home/fet/stimuli/test_categories_box2/nonreward/Di_Stim_10_WhiBlu4917_010101010101.wav"
"2017-02-24 11:27:32,048","INFO","Trial 24 - 11:27:32 - Rewarded - /home/fet/stimuli/test_categories_box2/reward/Te_Stim_3_BlaBla0506_050816111409.wav"
"2017-02-24 11:27:38,056","INFO","Supplying reward for 12.00 seconds"
"2017-02-24 11:28:23,303","INFO","Trial 25 - 11:28:23 - Rewarded - /home/fet/stimuli/test_categories_box2/reward/Te_Stim_6_WhiBlu4818_032014100717.wav"
"2017-02-24 11:28:29,308","INFO","Supplying reward for 12.00 seconds"
"2017-02-24 11:29:00,326","INFO","Trial 26 - 11:29:00 - Unrewarded - /home/fet/stimuli/test_categories_box2/nonreward/Di_Stim_4_BlaLbl8026_020301010303.wav"
"2017-02-24 11:29:05,123","INFO","Trial 27 - 11:29:05 - Unrewarded - /home/fet/stimuli/test_categories_box2/nonreward/Wh_Stim_1_LblBla4419_180908041613.wav"
"2017-02-24 11:29:05,176","INFO","Trial 28 - 11:29:05 - Unrewarded - /home/fet/stimuli/test_categories_box2/nonreward/Tu_Stim_4_GreOra1817_110614150207.wav"
"2017-02-24 11:29:08,688","INFO","Trial 29 - 11:29:08 - Unrewarded - /home/fet/stimuli/test_categories_box2/nonreward/Be_Stim_2_LblBlu6680_0911_0205_01.wav"
"2017-02-24 11:29:13,065","INFO","Trial 30 - 11:29:13 - Unrewarded - /home/fet/stimuli/test_categories_box2/nonreward/DC_Stim_5_WhiBlu4818_040102050305.wav"
"2017-02-24 11:29:16,932","INFO","Trial 31 - 11:29:16 - Unrewarded - /home/fet/stimuli/test_categories_box2/nonreward/Di_Stim_3_GraGra0201_010707010707.wav"
"2017-02-24 11:29:16,985","INFO","Trial 32 - 11:29:16 - Unrewarded - /home/fet/stimuli/test_categories_box2/nonreward/Ne_Stim_6_WhiGra0114_020203020303.wav"
"2017-02-24 11:29:23,025","INFO","Trial 33 - 11:29:23 - Unrewarded - /home/fet/stimuli/test_categories_box2/nonreward/Di_Stim_10_GraGra0201_010707010707.wav"
"2017-02-24 11:29:27,585","INFO","Trial 34 - 11:29:27 - Unrewarded - /home/fet/stimuli/test_categories_box2/nonreward/LT_Stim_5_LblBlu6680_010814020613.wav"
"2017-02-24 11:29:39,183","INFO","Trial 35 - 11:29:39 - Unrewarded - /home/fet/stimuli/test_categories_box2/nonreward/DC_Stim_8_YelGre5275_373231041319.wav"
"2017-02-24 11:29:48,252","INFO","Trial 36 - 11:29:48 - Unrewarded - /home/fet/stimuli/test_categories_box2/nonreward/LT_Stim_2_WhiBlu3414_030708242014.wav"
"2017-02-24 11:29:48,306","INFO","Trial 37 - 11:29:48 - Unrewarded - /home/fet/stimuli/test_categories_box2/nonreward/Tu_Stim_2_BlaLbl8026_111206050709.wav"
"2017-02-24 11:29:56,112","INFO","Trial 38 - 11:29:56 - Unrewarded - /home/fet/stimuli/test_categories_box2/nonreward/Ne_Stim_1_Unknown00F_020101020102.wav"
"2017-02-24 11:29:56,167","INFO","Trial 39 - 11:29:56 - Unrewarded - /home/fet/stimuli/test_categories_box2/nonreward/Di_Stim_8_WhiBlu4917_010101010101.wav"
"2017-02-24 11:30:03,701","INFO","Trial 40 - 11:30:03 - Unrewarded - /home/fet/stimuli/test_categories_box2/nonreward/Be_Stim_7_GraGre0813_121602.wav"
"2017-02-24 11:30:09,911","INFO","Trial 41 - 11:30:09 - Unrewarded - /home/fet/stimuli/test_categories_box2/nonreward/Th_Stim_2_GreOra1817_272507471042.wav"
"2017-02-24 11:30:24,418","INFO","Trial 42 - 11:30:24 - Unrewarded - /home/fet/stimuli/test_categories_box2/nonreward/LT_Stim_1_LblRas1800_050104030602.wav"
"2017-02-24 11:30:28,958","INFO","Trial 43 - 11:30:28 - Unrewarded - /home/fet/stimuli/test_categories_box2/nonreward/So_Stim_4_YelGre5275_253428.wav"
"2017-02-24 11:30:29,007","INFO","Trial 44 - 11:30:29 - Rewarded - /home/fet/stimuli/test_categories_box2/reward/Te_Stim_2_GreWhi1242_150106201905.wav"
"2017-02-24 11:30:29,400","INFO","Trial 45 - 11:30:29 - Unrewarded - /home/fet/stimuli/test_categories_box2/nonreward/So_Stim_8_HPiHPi4748_212215.wav"
"2017-02-24 11:30:30,293","INFO","Trial 46 - 11:30:30 - Rewarded - /home/fet/stimuli/test_categories_box2/reward/Te_Stim_8_PurRas20dd_080502260125.wav"
"2017-02-24 11:30:30,350","INFO","Trial 47 - 11:30:30 - Unrewarded - /home/fet/stimuli/test_categories_box2/nonreward/LT_Stim_1_LblGre0001_110306091002.wav"
"2017-02-24 11:30:46,634","INFO","Trial 48 - 11:30:46 - Unrewarded - /home/fet/stimuli/test_categories_box2/nonreward/Tu_Stim_4_BlaLbl8026_050812091011.wav"
"2017-02-24 11:30:53,786","INFO","Trial 49 - 11:30:53 - Unrewarded - /home/fet/stimuli/test_categories_box2/nonreward/Ne_Stim_7_BlaBla0506_131216160504.wav"
"2017-02-24 11:30:53,836","INFO","Trial 50 - 11:30:53 - Unrewarded - /home/fet/stimuli/test_categories_box2/nonreward/So_Stim_6_GraLbl0457_041109.wav"
"2017-02-24 11:31:00,364","INFO","Trial 51 - 11:31:00 - Unrewarded - /home/fet/stimuli/test_categories_box2/nonreward/Be_Stim_1_LblBlu1927_110203.wav"
"2017-02-24 11:31:12,594","INFO","Trial 52 - 11:31:12 - Unrewarded - /home/fet/stimuli/test_categories_box2/nonreward/DC_Stim_4_BluRas07dd_010714290408.wav"
"2017-02-24 11:31:21,466","INFO","Trial 53 - 11:31:21 - Unrewarded - /home/fet/stimuli/test_categories_box2/nonreward/Be_Stim_8_LblGre0000_020604.wav"
"2017-02-24 11:31:27,777","INFO","Trial 54 - 11:31:27 - Unrewarded - /home/fet/stimuli/test_categories_box2/nonreward/Be_Stim_4_LblBlu1630_04_b.0404.wav"
"2017-02-24 11:31:27,832","INFO","Trial 55 - 11:31:27 - Unrewarded - /home/fet/stimuli/test_categories_box2/nonreward/Di_Stim_2_HPiHPi4748_030505030505.wav"
"2017-02-24 11:31:38,803","INFO","Trial 56 - 11:31:38 - Unrewarded - /home/fet/stimuli/test_categories_box2/nonreward/So_Stim_3_BluRas61dd_221708.wav"
"2017-02-24 11:31:38,860","INFO","Trial 57 - 11:31:38 - Unrewarded - /home/fet/stimuli/test_categories_box2/nonreward/Tu_Stim_4_BluRas61dd_010907060403.wav"
"2017-02-24 11:31:40,042","INFO","Trial 58 - 11:31:40 - Unrewarded - /home/fet/stimuli/test_categories_box2/nonreward/So_Stim_5_YelGre5275_150908.wav"
"2017-02-24 11:31:48,363","INFO","Trial 59 - 11:31:48 - Unrewarded - /home/fet/stimuli/test_categories_box2/nonreward/Ag_Stim_3_GraGra0201_040814120609.wav"
"2017-02-24 11:31:58,476","INFO","Trial 60 - 11:31:58 - Unrewarded - /home/fet/stimuli/test_categories_box2/nonreward/Wh_Stim_5_GreGre2522_020301030103.wav"
"2017-02-24 11:32:08,277","INFO","Trial 61 - 11:32:08 - Unrewarded - /home/fet/stimuli/test_categories_box2/nonreward/Th_Stim_4_GreOra1817_433347094629.wav"
"2017-02-24 11:32:19,164","INFO","Trial 62 - 11:32:19 - Unrewarded - /home/fet/stimuli/test_categories_box2/nonreward/Ne_Stim_3_BlaLbl8026_131931350222.wav"
"2017-02-24 11:32:26,582","INFO","Trial 63 - 11:32:26 - Unrewarded - /home/fet/stimuli/test_categories_box2/nonreward/Be_Stim_1_GraRas1500_020406.wav"
"2017-02-24 11:32:27,545","INFO","Trial 64 - 11:32:27 - Rewarded - /home/fet/stimuli/test_categories_box2/reward/Te_Stim_2_YelOra2575_170215090516.wav"
"2017-02-24 11:32:27,605","INFO","Trial 65 - 11:32:27 - Unrewarded - /home/fet/stimuli/test_categories_box2/nonreward/Wh_Stim_8_GraGra0201_060104050502.wav"
"2017-02-24 11:32:28,516","INFO","Trial 66 - 11:32:28 - Unrewarded - /home/fet/stimuli/test_categories_box2/nonreward/Th_Stim_7_WhiRas44dd_301911162035.wav"
"2017-02-24 11:32:48,421","INFO","Trial 67 - 11:32:48 - Unrewarded - /home/fet/stimuli/test_categories_box2/nonreward/DC_Stim_5_RedRas3600_070306080905.wav"
"2017-02-24 11:32:59,496","INFO","Trial 68 - 11:32:59 - Unrewarded - /home/fet/stimuli/test_categories_box2/nonreward/Be_Stim_1_LblRas1800_03_0104_0306_02.wav"
"2017-02-24 11:33:13,373","INFO","Trial 69 - 11:33:13 - Rewarded - /home/fet/stimuli/test_categories_box2/reward/Te_Stim_1_LblRed0613_042117202218.wav"
"2017-02-24 11:33:19,378","INFO","Supplying reward for 12.00 seconds"
"2017-02-24 11:33:40,733","INFO","Trial 70 - 11:33:40 - Unrewarded - /home/fet/stimuli/test_categories_box2/nonreward/Th_Stim_9_WhiWhi1415_130931210801.wav"
"2017-02-24 11:33:48,511","INFO","Trial 71 - 11:33:48 - Rewarded - /home/fet/stimuli/test_categories_box2/reward/Te_Stim_3_YelGre5275_101911263302.wav"
"2017-02-24 11:33:54,516","INFO","Supplying reward for 12.00 seconds"
"2017-02-24 11:34:53,164","INFO","Trial 72 - 11:34:53 - Unrewarded - /home/fet/stimuli/test_categories_box2/nonreward/Be_Stim_4_LblGre0000_050604.wav"
"2017-02-24 11:35:01,053","INFO","Trial 73 - 11:35:01 - Unrewarded - /home/fet/stimuli/test_categories_box2/nonreward/Ne_Stim_3_Unknown00F_010202020202.wav"
"2017-02-24 11:35:01,107","INFO","Trial 74 - 11:35:01 - Unrewarded - /home/fet/stimuli/test_categories_box2/nonreward/Ag_Stim_4_GreOra1817_121821172231.wav"
"2017-02-24 11:35:01,988","INFO","Trial 75 - 11:35:01 - Unrewarded - /home/fet/stimuli/test_categories_box2/nonreward/Wh_Stim_1_WhiRas44dd_020103020201.wav"
"2017-02-24 11:35:02,041","INFO","Trial 76 - 11:35:02 - Unrewarded - /home/fet/stimuli/test_categories_box2/nonreward/Ne_Stim_8_LblRed0613_553162560907.wav"
"2017-02-24 11:35:02,319","INFO","Trial 77 - 11:35:02 - Unrewarded - /home/fet/stimuli/test_categories_box2/nonreward/Di_Stim_1_WhiLbl0010_040404040404.wav"
"2017-02-24 11:35:02,374","INFO","Trial 78 - 11:35:02 - Unrewarded - /home/fet/stimuli/test_categories_box2/nonreward/Di_Stim_8_WhiLbl0010_040404040404.wav"
"2017-02-24 11:35:03,504","INFO","Trial 79 - 11:35:03 - Unrewarded - /home/fet/stimuli/test_categories_box2/nonreward/So_Stim_2_YelOra2575_150213.wav"
"2017-02-24 11:35:26,705","INFO","Trial 80 - 11:35:26 - Unrewarded - /home/fet/stimuli/test_categories_box2/nonreward/Th_Stim_8_WhiBlu5698_070604010707.wav"
"2017-02-24 11:35:51,845","INFO","Trial 81 - 11:35:51 - Rewarded - /home/fet/stimuli/test_categories_box2/reward/Te_Stim_4_WhiGra0114_211402051910.wav"
"2017-02-24 11:35:57,854","INFO","Supplying reward for 12.00 seconds"
"2017-02-24 11:36:50,412","INFO","Trial 82 - 11:36:50 - Unrewarded - /home/fet/stimuli/test_categories_box2/nonreward/Be_Stim_1_LblBlu1630_0404_c.05.wav"
"2017-02-24 11:36:50,466","INFO","Trial 83 - 11:36:50 - Unrewarded - /home/fet/stimuli/test_categories_box2/nonreward/Wh_Stim_10_GraGra0201_050106040505.wav"
"2017-02-24 11:36:57,952","INFO","Trial 84 - 11:36:57 - Unrewarded - /home/fet/stimuli/test_categories_box2/nonreward/Wh_Stim_10_LblRed0613_090605312011.wav"
"2017-02-24 11:37:08,307","INFO","Trial 85 - 11:37:08 - Unrewarded - /home/fet/stimuli/test_categories_box2/nonreward/Be_Stim_4_LblBlu6680_07_0111_0409.wav"
"2017-02-24 11:37:18,878","INFO","Trial 86 - 11:37:18 - Unrewarded - /home/fet/stimuli/test_categories_box2/nonreward/Tu_Stim_4_BluRas07dd_071901202312.wav"
"2017-02-24 11:37:36,285","INFO","Trial 87 - 11:37:36 - Rewarded - /home/fet/stimuli/test_categories_box2/reward/Te_Stim_10_LblRed0613_052002171828.wav"
"2017-02-24 11:37:42,290","INFO","Supplying reward for 12.00 seconds"
"2017-02-24 11:38:32,230","INFO","Trial 88 - 11:38:32 - Rewarded - /home/fet/stimuli/test_categories_box2/reward/Te_Stim_3_PurRas20dd_082325160219.wav"
"2017-02-24 11:38:38,235","INFO","Supplying reward for 12.00 seconds"
"2017-02-24 11:39:28,274","INFO","Trial 89 - 11:39:28 - Rewarded - /home/fet/stimuli/test_categories_box2/reward/Te_Stim_5_PurRas20dd_201724280816.wav"
"2017-02-24 11:39:28,320","INFO","Trial 90 - 11:39:28 - Unrewarded - /home/fet/stimuli/test_categories_box2/nonreward/Di_Stim_10_BlaLbl8026_020103020201.wav"
"2017-02-24 11:39:28,857","INFO","Trial 91 - 11:39:28 - Unrewarded - /home/fet/stimuli/test_categories_box2/nonreward/DC_Stim_8_LblBla4419_181205133014.wav"
"2017-02-24 11:39:28,910","INFO","Trial 92 - 11:39:28 - Unrewarded - /home/fet/stimuli/test_categories_box2/nonreward/Di_Stim_10_HPiHPi4748_030503050503.wav"
"2017-02-24 11:39:37,330","INFO","Trial 93 - 11:39:37 - Unrewarded - /home/fet/stimuli/test_categories_box2/nonreward/Ne_Stim_3_Unknown000_010101010101.wav"
"2017-02-24 11:39:42,623","INFO","Trial 94 - 11:39:42 - Rewarded - /home/fet/stimuli/test_categories_box2/reward/Te_Stim_6_LblRed0613_231904120807.wav"
"2017-02-24 11:39:48,630","INFO","Supplying reward for 12.00 seconds"
"2017-02-24 11:40:37,518","INFO","Trial 95 - 11:40:37 - Unrewarded - /home/fet/stimuli/test_categories_box2/nonreward/Be_Stim_3_GraRas1500_060403.wav"
"2017-02-24 11:40:42,271","INFO","Trial 96 - 11:40:42 - Unrewarded - /home/fet/stimuli/test_categories_box2/nonreward/Th_Stim_1_GreOra1817_433226022706.wav"
"2017-02-24 11:40:42,319","INFO","Trial 97 - 11:40:42 - Unrewarded - /home/fet/stimuli/test_categories_box2/nonreward/Ag_Stim_4_WhiGra0114_010101010101.wav"
"2017-02-24 11:41:04,575","INFO","Trial 98 - 11:41:04 - Unrewarded - /home/fet/stimuli/test_categories_box2/nonreward/LT_Stim_10_WhiBlu3414_012311251210.wav"
"2017-02-24 11:41:25,996","INFO","Trial 99 - 11:41:25 - Rewarded - /home/fet/stimuli/test_categories_box2/reward/Te_Stim_3_WhiLbl0010_102421030923.wav"
"2017-02-24 11:41:32,005","INFO","Supplying reward for 12.00 seconds"
"2017-02-24 11:43:38,913","INFO","Trial 100 - 11:43:38 - Unrewarded - /home/fet/stimuli/test_categories_box2/nonreward/Wh_Stim_8_WhiBlu5698_021115070406.wav"
"2017-02-24 11:43:48,472","INFO","Trial 101 - 11:43:48 - Rewarded - /home/fet/stimuli/test_categories_box2/reward/Te_Stim_1_GreRas2400_302603012312.wav"
"2017-02-24 11:43:54,481","INFO","Supplying reward for 12.00 seconds"
"2017-02-24 11:44:37,593","INFO","Trial 102 - 11:44:37 - Unrewarded - /home/fet/stimuli/test_categories_box2/nonreward/Tu_Stim_10_GreOra1817_070801031215.wav"
"2017-02-24 11:44:58,580","INFO","Trial 103 - 11:44:58 - Rewarded - /home/fet/stimuli/test_categories_box2/reward/Te_Stim_2_PurRas20dd_022211240613.wav"
"2017-02-24 11:44:58,954","INFO","Trial 104 - 11:44:58 - Unrewarded - /home/fet/stimuli/test_categories_box2/nonreward/Th_Stim_9_WhiGra0114_010206080507.wav"
"2017-02-24 11:45:30,707","INFO","Trial 105 - 11:45:30 - Unrewarded - /home/fet/stimuli/test_categories_box2/nonreward/Be_Stim_1_LblBlu6243_1810_0106_01.wav"
"2017-02-24 11:45:40,005","INFO","Trial 106 - 11:45:40 - Rewarded - /home/fet/stimuli/test_categories_box2/reward/Te_Stim_5_BlaBla0506_141222081105.wav"
"2017-02-24 11:45:46,010","INFO","Supplying reward for 12.00 seconds"
"2017-02-24 11:46:48,994","INFO","Trial 107 - 11:46:48 - Unrewarded - /home/fet/stimuli/test_categories_box2/nonreward/Tu_Stim_10_YelGre5275_201219030210.wav"
"2017-02-24 11:46:53,485","INFO","Trial 108 - 11:46:53 - Unrewarded - /home/fet/stimuli/test_categories_box2/nonreward/Wh_Stim_5_GraGra0201_050605050201.wav"
"2017-02-24 11:46:53,538","INFO","Trial 109 - 11:46:53 - Unrewarded - /home/fet/stimuli/test_categories_box2/nonreward/Tu_Stim_7_BluRas07dd_210106092015.wav"
"2017-02-24 11:46:54,374","INFO","Trial 110 - 11:46:54 - Unrewarded - /home/fet/stimuli/test_categories_box2/nonreward/So_Stim_10_YelOra2575_220224.wav"
"2017-02-24 11:46:54,431","INFO","Trial 111 - 11:46:54 - Unrewarded - /home/fet/stimuli/test_categories_box2/nonreward/Be_Stim_6_LblRas1800_04_0310_0202_03.wav"
"2017-02-24 11:46:57,000","INFO","Trial 112 - 11:46:57 - Unrewarded - /home/fet/stimuli/test_categories_box2/nonreward/Th_Stim_8_WhiBlu4818_010403020501.wav"
"2017-02-24 11:47:08,265","INFO","Trial 113 - 11:47:08 - Unrewarded - /home/fet/stimuli/test_categories_box2/nonreward/DC_Stim_3_GraGra0201_222115361042.wav"
"2017-02-24 11:47:53,634","INFO","Trial 114 - 11:47:53 - Unrewarded - /home/fet/stimuli/test_categories_box2/nonreward/Wh_Stim_4_BlaBla0506_101816021213.wav"
"2017-02-24 11:48:06,581","INFO","Trial 115 - 11:48:06 - Unrewarded - /home/fet/stimuli/test_categories_box2/nonreward/Di_Stim_2_WhiLbl0010_040404040404.wav"
"2017-02-24 11:48:09,146","INFO","Trial 116 - 11:48:09 - Unrewarded - /home/fet/stimuli/test_categories_box2/nonreward/Wh_Stim_10_BlaLbl8026_073209080708.wav"
"2017-02-24 11:48:22,579","INFO","Trial 117 - 11:48:22 - Unrewarded - /home/fet/stimuli/test_categories_box2/nonreward/Be_Stim_1_LblGre0000_090110.wav"
"2017-02-24 11:48:31,885","INFO","Trial 118 - 11:48:31 - Rewarded - /home/fet/stimuli/test_categories_box2/reward/Te_Stim_8_GreWhi1242_170201052409.wav"
"2017-02-24 11:48:37,890","INFO","Supplying reward for 12.00 seconds"
"2017-02-24 11:49:33,998","INFO","Trial 119 - 11:49:33 - Rewarded - /home/fet/stimuli/test_categories_box2/reward/Te_Stim_3_WhiBlu4818_101706131611.wav"
"2017-02-24 11:49:40,007","INFO","Supplying reward for 12.00 seconds"
"2017-02-24 12:42:55,560","INFO","Trial 120 - 12:42:55 - Unrewarded - /home/fet/stimuli/test_categories_box2/nonreward/Be_Stim_10_GraRas1500_050602.wav"
"2017-02-24 12:43:05,500","INFO","Trial 121 - 12:43:05 - Unrewarded - /home/fet/stimuli/test_categories_box2/nonreward/Th_Stim_10_WhiWhi1415_130529033116.wav"
"2017-02-24 12:43:11,783","INFO","Trial 122 - 12:43:11 - Unrewarded - /home/fet/stimuli/test_categories_box2/nonreward/Ne_Stim_10_LblRed0613_430626085751.wav"
"2017-02-24 12:43:11,838","INFO","Trial 123 - 12:43:11 - Unrewarded - /home/fet/stimuli/test_categories_box2/nonreward/Tu_Stim_5_YelGre5275_252408112328.wav"
"2017-02-24 12:43:23,796","INFO","Trial 124 - 12:43:23 - Unrewarded - /home/fet/stimuli/test_categories_box2/nonreward/Ne_Stim_8_WhiWhi1415_070504061008.wav"
"2017-02-24 12:43:43,001","INFO","Trial 125 - 12:43:43 - Rewarded - /home/fet/stimuli/test_categories_box2/reward/Te_Stim_2_GreRas2400_161706311307.wav"
"2017-02-24 12:43:43,056","INFO","Trial 126 - 12:43:43 - Unrewarded - /home/fet/stimuli/test_categories_box2/nonreward/DC_Stim_4_LblRed0613_322837251317.wav"
"2017-02-24 12:43:59,528","INFO","Trial 127 - 12:43:59 - Unrewarded - /home/fet/stimuli/test_categories_box2/nonreward/Th_Stim_2_HPiHPi4748_220605030710.wav"
"2017-02-24 12:43:59,578","INFO","Trial 128 - 12:43:59 - Unrewarded - /home/fet/stimuli/test_categories_box2/nonreward/Be_Stim_10_LblGre0001_03_030910.wav"
"2017-02-24 12:44:07,924","INFO","Trial 129 - 12:44:07 - Unrewarded - /home/fet/stimuli/test_categories_box2/nonreward/Be_Stim_8_LblRas1800_08_0105_0210_02.wav"
"2017-02-24 12:44:30,397","INFO","Trial 130 - 12:44:30 - Unrewarded - /home/fet/stimuli/test_categories_box2/nonreward/Di_Stim_10_WhiWhi1415_020202020202.wav"
"2017-02-24 12:44:39,740","INFO","Trial 131 - 12:44:39 - Rewarded - /home/fet/stimuli/test_categories_box2/reward/Te_Stim_7_WhiBlu4818_050717012016.wav"
"2017-02-24 12:44:45,745","INFO","Supplying reward for 12.00 seconds"
"2017-02-24 12:45:25,461","INFO","Trial 132 - 12:45:25 - Unrewarded - /home/fet/stimuli/test_categories_box2/nonreward/DC_Stim_6_LblRed0613_231538121437.wav"
"2017-02-24 12:45:41,701","INFO","Trial 133 - 12:45:41 - Unrewarded - /home/fet/stimuli/test_categories_box2/nonreward/Di_Stim_6_HPiHPi4748_030505030503.wav"
"2017-02-24 12:45:41,755","INFO","Trial 134 - 12:45:41 - Unrewarded - /home/fet/stimuli/test_categories_box2/nonreward/Tu_Stim_9_LblRed0613_030705020806.wav"
"2017-02-24 12:45:52,313","INFO","Trial 135 - 12:45:52 - Unrewarded - /home/fet/stimuli/test_categories_box2/nonreward/Ne_Stim_6_BlaBla0506_131316121207.wav"
"2017-02-24 12:45:53,143","INFO","Trial 136 - 12:45:53 - Unrewarded - /home/fet/stimuli/test_categories_box2/nonreward/So_Stim_10_WhiBlu4818_051104.wav"
"2017-02-24 12:46:02,872","INFO","Trial 137 - 12:46:02 - Unrewarded - /home/fet/stimuli/test_categories_box2/nonreward/So_Stim_1_LblBla4419_020509.wav"
"2017-02-24 12:46:22,306","INFO","Trial 138 - 12:46:22 - Rewarded - /home/fet/stimuli/test_categories_box2/reward/Te_Stim_1_GreWhi1242_150522140608.wav"
"2017-02-24 12:46:28,315","INFO","Supplying reward for 12.00 seconds"
"2017-02-24 12:51:25,639","INFO","Trial 139 - 12:51:25 - Rewarded - /home/fet/stimuli/test_categories_box2/reward/Te_Stim_4_GreWhi1242_131208230220.wav"
"2017-02-24 12:51:31,648","INFO","Supplying reward for 12.00 seconds"
"2017-02-24 12:52:12,766","INFO","Trial 140 - 12:52:12 - Unrewarded - /home/fet/stimuli/test_categories_box2/nonreward/Ag_Stim_9_WhiBlu5698_061003110813.wav"
"2017-02-24 12:52:12,820","INFO","Trial 141 - 12:52:12 - Unrewarded - /home/fet/stimuli/test_categories_box2/nonreward/Ag_Stim_7_LblBla4419_010203020302.wav"
"2017-02-24 12:52:13,234","INFO","Trial 142 - 12:52:13 - Unrewarded - /home/fet/stimuli/test_categories_box2/nonreward/Di_Stim_6_PurRas20dd_040101010401.wav"
"2017-02-24 12:52:20,442","INFO","Trial 143 - 12:52:20 - Unrewarded - /home/fet/stimuli/test_categories_box2/nonreward/Wh_Stim_3_HpiGra1004_050306020408.wav"
"2017-02-24 12:52:29,887","INFO","Trial 144 - 12:52:29 - Unrewarded - /home/fet/stimuli/test_categories_box2/nonreward/Be_Stim_4_GraRas1500_020104.wav"
"2017-02-24 12:53:22,560","INFO","Trial 145 - 12:53:22 - Unrewarded - /home/fet/stimuli/test_categories_box2/nonreward/Ag_Stim_1_WhiLbl0010_092608120418.wav"
"2017-02-24 12:53:37,637","INFO","Trial 146 - 12:53:37 - Unrewarded - /home/fet/stimuli/test_categories_box2/nonreward/Be_Stim_3_LblBlu1729_111306.wav"
"2017-02-24 12:53:53,283","INFO","Trial 147 - 12:53:53 - Unrewarded - /home/fet/stimuli/test_categories_box2/nonreward/Ne_Stim_10_Unknown00F_010202010202.wav"
"2017-02-24 12:55:08,078","INFO","Trial 148 - 12:55:08 - Unrewarded - /home/fet/stimuli/test_categories_box2/nonreward/Th_Stim_5_HPiHPi4748_061828082201.wav"
"2017-02-24 12:55:26,296","INFO","Trial 149 - 12:55:26 - Unrewarded - /home/fet/stimuli/test_categories_box2/nonreward/Be_Stim_7_LblBlu1729_060905.wav"
"2017-02-24 12:55:27,223","INFO","Trial 150 - 12:55:27 - Unrewarded - /home/fet/stimuli/test_categories_box2/nonreward/Th_Stim_2_WhiWhi1415_061909130714.wav"
"2017-02-24 12:55:44,617","INFO","Trial 151 - 12:55:44 - Unrewarded - /home/fet/stimuli/test_categories_box2/nonreward/DC_Stim_7_BluRas61dd_063103010915.wav"
"2017-02-24 13:58:49,635","INFO","Trial 152 - 13:58:49 - Rewarded - /home/fet/stimuli/test_categories_box2/reward/Te_Stim_7_GreWhi1242_051116222023.wav"
"2017-02-24 13:58:55,644","INFO","Supplying reward for 12.00 seconds"
"2017-02-24 13:59:42,717","INFO","Trial 153 - 13:59:42 - Unrewarded - /home/fet/stimuli/test_categories_box2/nonreward/So_Stim_3_LblBla4548_072312.wav"
"2017-02-24 13:59:50,487","INFO","Trial 154 - 13:59:50 - Rewarded - /home/fet/stimuli/test_categories_box2/reward/Te_Stim_7_PurRas20dd_190306220120.wav"
"2017-02-24 13:59:56,497","INFO","Supplying reward for 12.00 seconds"
"2017-02-24 14:00:42,767","INFO","Trial 155 - 14:00:42 - Unrewarded - /home/fet/stimuli/test_categories_box2/nonreward/So_Stim_7_HPiHPi4748_110509.wav"
"2017-02-24 14:01:03,840","INFO","Trial 156 - 14:01:03 - Unrewarded - /home/fet/stimuli/test_categories_box2/nonreward/Be_Stim_6_LblBlu1927_150906.wav"
"2017-02-24 14:01:16,828","INFO","Trial 157 - 14:01:16 - Unrewarded - /home/fet/stimuli/test_categories_box2/nonreward/Be_Stim_3_LblRas1800_01_010306_02.wav"
"2017-02-24 14:01:16,879","INFO","Trial 158 - 14:01:16 - Unrewarded - /home/fet/stimuli/test_categories_box2/nonreward/DC_Stim_9_GraGra0201_374412022827.wav"
"2017-02-24 14:01:35,042","INFO","Trial 159 - 14:01:35 - Unrewarded - /home/fet/stimuli/test_categories_box2/nonreward/Ne_Stim_8_GraLbl0457_263531124322.wav"
"2017-02-24 14:01:35,080","INFO","Trial 160 - 14:01:35 - Rewarded - /home/fet/stimuli/test_categories_box2/reward/Te_Stim_1_GreGre6364_091718052225.wav"
"2017-02-24 14:01:41,088","INFO","Supplying reward for 12.00 seconds"
"2017-02-24 14:02:27,485","INFO","Trial 161 - 14:02:27 - Unrewarded - /home/fet/stimuli/test_categories_box2/nonreward/Th_Stim_9_YelGre5275_012622290632.wav"
"2017-02-24 14:02:40,891","INFO","Trial 162 - 14:02:40 - Rewarded - /home/fet/stimuli/test_categories_box2/reward/Te_Stim_6_BlaBla0506_060509150817.wav"
"2017-02-24 14:02:46,897","INFO","Supplying reward for 12.00 seconds"
"2017-02-24 14:03:25,151","INFO","Trial 163 - 14:03:25 - Unrewarded - /home/fet/stimuli/test_categories_box2/nonreward/Ag_Stim_4_WhiLbl0010_091908112212.wav"
"2017-02-24 14:03:25,205","INFO","Trial 164 - 14:03:25 - Unrewarded - /home/fet/stimuli/test_categories_box2/nonreward/Ne_Stim_1_Unknown000_010101010101.wav"
"2017-02-24 14:03:26,128","INFO","Trial 165 - 14:03:26 - Unrewarded - /home/fet/stimuli/test_categories_box2/nonreward/LT_Stim_8_LblBlu6243_290516082415.wav"
"2017-02-24 14:03:39,019","INFO","Trial 166 - 14:03:39 - Unrewarded - /home/fet/stimuli/test_categories_box2/nonreward/Be_Stim_2_GraRas1600_020812.wav"
"2017-02-24 14:03:40,004","INFO","Trial 167 - 14:03:40 - Rewarded - /home/fet/stimuli/test_categories_box2/reward/Te_Stim_8_BlaBla0506_131514052209.wav"
"2017-02-24 14:03:40,057","INFO","Trial 168 - 14:03:40 - Rewarded - /home/fet/stimuli/test_categories_box2/reward/Te_Stim_9_GreRas2400_163214151823.wav"
"2017-02-24 14:03:46,065","INFO","Supplying reward for 12.00 seconds"
"2017-02-24 14:05:34,874","INFO","Trial 169 - 14:05:34 - Unrewarded - /home/fet/stimuli/test_categories_box2/nonreward/LT_Stim_10_LblGre0000_200207011104.wav"
"2017-02-24 14:05:39,217","INFO","Trial 170 - 14:05:39 - Unrewarded - /home/fet/stimuli/test_categories_box2/nonreward/Tu_Stim_9_HPiHPi4748_271222091707.wav"
"2017-02-24 14:05:47,411","INFO","Trial 171 - 14:05:47 - Unrewarded - /home/fet/stimuli/test_categories_box2/nonreward/Di_Stim_3_HPiHPi4748_030503050305.wav"
"2017-02-24 14:05:55,664","INFO","Trial 172 - 14:05:55 - Unrewarded - /home/fet/stimuli/test_categories_box2/nonreward/Th_Stim_6_BlaBla0506_020405010305.wav"
"2017-02-24 14:06:07,899","INFO","Trial 173 - 14:06:07 - Unrewarded - /home/fet/stimuli/test_categories_box2/nonreward/DC_Stim_9_YelGre5275_301129383325.wav"
"2017-02-24 14:06:07,953","INFO","Trial 174 - 14:06:07 - Unrewarded - /home/fet/stimuli/test_categories_box2/nonreward/Tu_Stim_4_WhiRas44dd_060112160515.wav"
"2017-02-24 14:06:08,383","INFO","Trial 175 - 14:06:08 - Unrewarded - /home/fet/stimuli/test_categories_box2/nonreward/Th_Stim_7_YelGre5275_241419363138.wav"
"2017-02-24 14:06:19,265","INFO","Trial 176 - 14:06:19 - Unrewarded - /home/fet/stimuli/test_categories_box2/nonreward/LT_Stim_8_WhiBlu3414_241217082006.wav"
"2017-02-24 14:07:01,181","INFO","Trial 177 - 14:07:01 - Unrewarded - /home/fet/stimuli/test_categories_box2/nonreward/Tu_Stim_7_GreOra1817_011507121011.wav"
"2017-02-24 14:07:07,415","INFO","Trial 178 - 14:07:07 - Unrewarded - /home/fet/stimuli/test_categories_box2/nonreward/So_Stim_7_RedRas3600_010605.wav"
"2017-02-24 14:07:28,967","INFO","Trial 179 - 14:07:28 - Unrewarded - /home/fet/stimuli/test_categories_box2/nonreward/DC_Stim_8_GraGra0201_342431234602.wav"
"2017-02-24 14:07:42,467","INFO","Trial 180 - 14:07:42 - Unrewarded - /home/fet/stimuli/test_categories_box2/nonreward/Ag_Stim_7_BluRas07dd_102420091208.wav"
"2017-02-24 14:07:42,517","INFO","Trial 181 - 14:07:42 - Unrewarded - /home/fet/stimuli/test_categories_box2/nonreward/Wh_Stim_4_BlaLbl8026_080932070708.wav"
"2017-02-24 14:07:51,150","INFO","Trial 182 - 14:07:51 - Rewarded - /home/fet/stimuli/test_categories_box2/reward/Te_Stim_5_GreWhi1242_200719090824.wav"
"2017-02-24 14:07:57,159","INFO","Supplying reward for 12.00 seconds"
"2017-02-24 14:09:00,628","INFO","Trial 183 - 14:09:00 - Unrewarded - /home/fet/stimuli/test_categories_box2/nonreward/DC_Stim_6_BluRas07dd_082714062509.wav"
"2017-02-24 14:09:09,815","INFO","Trial 184 - 14:09:09 - Unrewarded - /home/fet/stimuli/test_categories_box2/nonreward/Th_Stim_6_Unknown_11_111006020104.wav"
"2017-02-24 14:09:21,041","INFO","Trial 185 - 14:09:21 - Unrewarded - /home/fet/stimuli/test_categories_box2/nonreward/Be_Stim_8_LblGre0001_11_010610.wav"
"2017-02-24 14:09:22,062","INFO","Trial 186 - 14:09:22 - Unrewarded - /home/fet/stimuli/test_categories_box2/nonreward/Be_Stim_10_LblRas1800_02_0109_0203_02.wav"
"2017-02-24 14:09:22,116","INFO","Trial 187 - 14:09:22 - Rewarded - /home/fet/stimuli/test_categories_box2/reward/Te_Stim_7_GreGre6364_172710070914.wav"
"2017-02-24 14:09:28,123","INFO","Supplying reward for 12.00 seconds"
"2017-02-24 14:09:59,763","INFO","Trial 188 - 14:09:59 - Unrewarded - /home/fet/stimuli/test_categories_box2/nonreward/Be_Stim_8_GraRas1600_030614.wav"
"2017-02-24 14:09:59,821","INFO","Trial 189 - 14:09:59 - Unrewarded - /home/fet/stimuli/test_categories_box2/nonreward/Ag_Stim_6_WhiBlu5698_041311141006.wav"
"2017-02-24 14:10:11,366","INFO","Trial 190 - 14:10:11 - Unrewarded - /home/fet/stimuli/test_categories_box2/nonreward/LT_Stim_8_LblBlu1927_010101010101.wav"
"2017-02-24 14:10:11,421","INFO","Trial 191 - 14:10:11 - Unrewarded - /home/fet/stimuli/test_categories_box2/nonreward/Tu_Stim_4_YelOra2575_240.12102108.wav"
"2017-02-24 14:10:21,229","INFO","Trial 192 - 14:10:21 - Rewarded - /home/fet/stimuli/test_categories_box2/reward/Te_Stim_10_YelOra2575_052907091310.wav"
"2017-02-24 14:10:27,238","INFO","Supplying reward for 12.00 seconds"
"2017-02-24 14:11:10,096","INFO","Trial 193 - 14:11:10 - Unrewarded - /home/fet/stimuli/test_categories_box2/nonreward/Tu_Stim_1_HPiHPi4748_281621232730.wav"
"2017-02-24 14:11:10,155","INFO","Trial 194 - 14:11:10 - Unrewarded - /home/fet/stimuli/test_categories_box2/nonreward/Th_Stim_4_GraGra0201_060425164132.wav"
"2017-02-24 14:11:19,332","INFO","Trial 195 - 14:11:19 - Rewarded - /home/fet/stimuli/test_categories_box2/reward/Te_Stim_2_YelGre5275_043218201013.wav"
"2017-02-24 14:11:25,342","INFO","Supplying reward for 12.00 seconds"
"2017-02-24 14:12:12,746","INFO","Trial 196 - 14:12:12 - Unrewarded - /home/fet/stimuli/test_categories_box2/nonreward/DC_Stim_4_RedRas3600_040703020806.wav"
"2017-02-24 14:12:17,893","INFO","Trial 197 - 14:12:17 - Unrewarded - /home/fet/stimuli/test_categories_box2/nonreward/Ag_Stim_5_WhiGra0114_010101010101.wav"
"2017-02-24 14:12:18,321","INFO","Trial 198 - 14:12:18 - Rewarded - /home/fet/stimuli/test_categories_box2/reward/Te_Stim_2_WhiGra0114_050214071020.wav"
"2017-02-24 14:12:24,330","INFO","Supplying reward for 12.00 seconds"
"2017-02-24 14:13:04,382","INFO","Trial 199 - 14:13:04 - Unrewarded - /home/fet/stimuli/test_categories_box2/nonreward/Ne_Stim_3_LblBla4419_160943312117.wav"
"2017-02-24 14:13:05,485","INFO","Trial 200 - 14:13:05 - Unrewarded - /home/fet/stimuli/test_categories_box2/nonreward/Th_Stim_9_WhiRas44dd_504511251548.wav"
"2017-02-24 14:13:14,363","INFO","Trial 201 - 14:13:14 - Unrewarded - /home/fet/stimuli/test_categories_box2/nonreward/Ne_Stim_8_Unknown00F_010201020202.wav"
"2017-02-24 14:13:15,462","INFO","Trial 202 - 14:13:15 - Unrewarded - /home/fet/stimuli/test_categories_box2/nonreward/Be_Stim_7_LblBlu6379_03_010201_02.wav"
"2017-02-24 14:13:21,973","INFO","Trial 203 - 14:13:21 - Unrewarded - /home/fet/stimuli/test_categories_box2/nonreward/Wh_Stim_4_GreGre2522_020301020201.wav"
"2017-02-24 14:13:22,257","INFO","Trial 204 - 14:13:22 - Unrewarded - /home/fet/stimuli/test_categories_box2/nonreward/So_Stim_7_LblBla4419_010210.wav"
"2017-02-24 14:13:23,158","INFO","Trial 205 - 14:13:23 - Rewarded - /home/fet/stimuli/test_categories_box2/reward/Te_Stim_8_WhiLbl0010_230807010903.wav"
"2017-02-24 14:13:29,166","INFO","Supplying reward for 12.00 seconds"
"2017-02-24 14:14:23,795","INFO","Trial 206 - 14:14:23 - Unrewarded - /home/fet/stimuli/test_categories_box2/nonreward/Be_Stim_3_GraGre0813_101116.wav"
"2017-02-24 14:14:24,112","INFO","Trial 207 - 14:14:24 - Unrewarded - /home/fet/stimuli/test_categories_box2/nonreward/Th_Stim_2_GraGra0201_471511020428.wav"
"2017-02-24 14:14:38,692","INFO","Trial 208 - 14:14:38 - Unrewarded - /home/fet/stimuli/test_categories_box2/nonreward/Ne_Stim_1_WhiBlu4917_080501100212.wav"
"2017-02-24 14:14:39,782","INFO","Trial 209 - 14:14:39 - Rewarded - /home/fet/stimuli/test_categories_box2/reward/Te_Stim_4_YelGre5275_090105243028.wav"
"2017-02-24 14:14:45,790","INFO","Supplying reward for 12.00 seconds"
"2017-02-24 14:16:08,078","INFO","Trial 210 - 14:16:08 - Unrewarded - /home/fet/stimuli/test_categories_box2/nonreward/Ag_Stim_3_WhiLbl0010_182208042728.wav"
"2017-02-24 14:16:08,129","INFO","Trial 211 - 14:16:08 - Unrewarded - /home/fet/stimuli/test_categories_box2/nonreward/LT_Stim_5_LblBlu1927_010101010101.wav"
"2017-02-24 14:16:09,013","INFO","Trial 212 - 14:16:09 - Unrewarded - /home/fet/stimuli/test_categories_box2/nonreward/Ne_Stim_8_BlaBla0506_040516161008.wav"
"2017-02-24 14:16:09,067","INFO","Trial 213 - 14:16:09 - Unrewarded - /home/fet/stimuli/test_categories_box2/nonreward/So_Stim_2_BluRas61dd_082022.wav"
"2017-02-24 14:16:10,172","INFO","Trial 214 - 14:16:10 - Unrewarded - /home/fet/stimuli/test_categories_box2/nonreward/Tu_Stim_8_WhiRas44dd_072603021405.wav"
"2017-02-24 14:16:18,183","INFO","Trial 215 - 14:16:18 - Unrewarded - /home/fet/stimuli/test_categories_box2/nonreward/Wh_Stim_9_WhiRas44dd_010203020303.wav"
"2017-02-24 14:16:18,512","INFO","Trial 216 - 14:16:18 - Rewarded - /home/fet/stimuli/test_categories_box2/reward/Te_Stim_4_WhiBlu4818_160513170414.wav"
"2017-02-24 14:16:24,519","INFO","Supplying reward for 12.00 seconds"
"2017-02-24 14:17:31,502","INFO","Trial 217 - 14:17:31 - Unrewarded - /home/fet/stimuli/test_categories_box2/nonreward/Wh_Stim_7_BlaBla0506_061813161214.wav"
"2017-02-24 14:17:39,071","INFO","Trial 218 - 14:17:39 - Rewarded - /home/fet/stimuli/test_categories_box2/reward/Te_Stim_5_GreGre6364_100309122024.wav"
"2017-02-24 14:17:45,080","INFO","Supplying reward for 12.00 seconds"
"2017-02-24 14:18:23,604","INFO","Trial 219 - 14:18:23 - Rewarded - /home/fet/stimuli/test_categories_box2/reward/Te_Stim_3_WhiWhi1415_330727041008.wav"
"2017-02-24 14:18:29,609","INFO","Supplying reward for 12.00 seconds"
"2017-02-24 14:19:19,745","INFO","Trial 220 - 14:19:19 - Unrewarded - /home/fet/stimuli/test_categories_box2/nonreward/Ag_Stim_7_YelOra2575_201019220418.wav"
"2017-02-24 14:19:19,804","INFO","Trial 221 - 14:19:19 - Unrewarded - /home/fet/stimuli/test_categories_box2/nonreward/Tu_Stim_4_YelGre5275_071004192813.wav"
"2017-02-24 14:19:20,795","INFO","Trial 222 - 14:19:20 - Unrewarded - /home/fet/stimuli/test_categories_box2/nonreward/Di_Stim_9_Unknown_11_020102010101.wav"
"2017-02-24 14:19:36,104","INFO","Trial 223 - 14:19:36 - Unrewarded - /home/fet/stimuli/test_categories_box2/nonreward/Di_Stim_4_WhiBlu4818_060606060606.wav"
"2017-02-24 14:19:50,730","INFO","Trial 224 - 14:19:50 - Unrewarded - /home/fet/stimuli/test_categories_box2/nonreward/Wh_Stim_5_HpiGra1004_080607020401.wav"
"2017-02-24 14:20:00,593","INFO","Trial 225 - 14:20:00 - Rewarded - /home/fet/stimuli/test_categories_box2/reward/Te_Stim_1_BlaBla0506_092215131714.wav"
"2017-02-24 14:20:06,598","INFO","Supplying reward for 12.00 seconds"
"2017-02-24 14:21:00,842","INFO","Trial 226 - 14:21:00 - Unrewarded - /home/fet/stimuli/test_categories_box2/nonreward/Be_Stim_2_GraGre0813_051501.wav"
"2017-02-24 14:21:01,736","INFO","Trial 227 - 14:21:01 - Unrewarded - /home/fet/stimuli/test_categories_box2/nonreward/DC_Stim_3_BluRas07dd_030928221129.wav"
"2017-02-24 14:21:10,971","INFO","Trial 228 - 14:21:10 - Unrewarded - /home/fet/stimuli/test_categories_box2/nonreward/Th_Stim_3_WhiGra0114_080702010506.wav"
"2017-02-24 14:21:23,221","INFO","Trial 229 - 14:21:23 - Unrewarded - /home/fet/stimuli/test_categories_box2/nonreward/DC_Stim_10_BlaBla0506_172414162611.wav"
"2017-02-24 14:21:34,587","INFO","Trial 230 - 14:21:34 - Unrewarded - /home/fet/stimuli/test_categories_box2/nonreward/Th_Stim_10_WhiBlu4818_020103050403.wav"
"2017-02-24 14:21:36,116","INFO","Trial 231 - 14:21:36 - Rewarded - /home/fet/stimuli/test_categories_box2/reward/Te_Stim_8_WhiWhi1415_020833361013.wav"
"2017-02-24 14:21:42,124","INFO","Supplying reward for 12.00 seconds"
"2017-02-24 14:22:36,745","INFO","Trial 232 - 14:22:36 - Rewarded - /home/fet/stimuli/test_categories_box2/reward/Te_Stim_10_YelGre5275_121701060922.wav"
"2017-02-24 14:22:42,750","INFO","Supplying reward for 12.00 seconds"
"2017-02-24 14:24:22,154","INFO","Trial 233 - 14:24:22 - Unrewarded - /home/fet/stimuli/test_categories_box2/nonreward/Th_Stim_1_WhiWhi1415_281608101312.wav"
"2017-02-24 14:24:22,205","INFO","Trial 234 - 14:24:22 - Unrewarded - /home/fet/stimuli/test_categories_box2/nonreward/LT_Stim_4_LblBlu6680_132714152002.wav"
"2017-02-24 14:24:23,143","INFO","Trial 235 - 14:24:23 - Unrewarded - /home/fet/stimuli/test_categories_box2/nonreward/Wh_Stim_6_GreGre2522_010203030203.wav"
"2017-02-24 14:24:31,739","INFO","Trial 236 - 14:24:31 - Unrewarded - /home/fet/stimuli/test_categories_box2/nonreward/DC_Stim_6_RedRas3600_061009010702.wav"
"2017-02-24 14:25:12,246","INFO","Trial 237 - 14:25:12 - Rewarded - /home/fet/stimuli/test_categories_box2/reward/Te_Stim_4_GreRas2400_071420011605.wav"
"2017-02-24 14:25:18,255","INFO","Supplying reward for 12.00 seconds"
"2017-02-24 14:26:17,549","INFO","Trial 238 - 14:26:17 - Unrewarded - /home/fet/stimuli/test_categories_box2/nonreward/Di_Stim_4_PurRas20dd_010404010101.wav"
"2017-02-24 14:26:20,065","INFO","Trial 239 - 14:26:20 - Unrewarded - /home/fet/stimuli/test_categories_box2/nonreward/Di_Stim_3_PurRas20dd_010404010404.wav"
"2017-02-24 14:26:28,813","INFO","Trial 240 - 14:26:28 - Unrewarded - /home/fet/stimuli/test_categories_box2/nonreward/Tu_Stim_1_BlaLbl8026_080711100906.wav"
"2017-02-24 14:26:29,711","INFO","Trial 241 - 14:26:29 - Unrewarded - /home/fet/stimuli/test_categories_box2/nonreward/Th_Stim_1_WhiGra0114_020701060508.wav"
"2017-02-24 14:26:38,401","INFO","Trial 242 - 14:26:38 - Rewarded - /home/fet/stimuli/test_categories_box2/reward/Te_Stim_10_GreGre6364_071214060413.wav"
"2017-02-24 14:26:44,410","INFO","Supplying reward for 12.00 seconds"
"2017-02-24 14:28:00,243","INFO","Trial 243 - 14:28:00 - Unrewarded - /home/fet/stimuli/test_categories_box2/nonreward/Tu_Stim_9_GreOra1817_010711051802.wav"
"2017-02-24 14:28:09,635","INFO","Trial 244 - 14:28:09 - Unrewarded - /home/fet/stimuli/test_categories_box2/nonreward/So_Stim_5_WhiBlu5698_301224.wav"
"2017-02-24 14:28:33,579","INFO","Trial 245 - 14:28:33 - Unrewarded - /home/fet/stimuli/test_categories_box2/nonreward/Tu_Stim_6_GraGra0201_131509182014.wav"
"2017-02-24 14:28:34,985","INFO","Trial 246 - 14:28:34 - Unrewarded - /home/fet/stimuli/test_categories_box2/nonreward/Ag_Stim_2_WhiBlu4818_050607060507.wav"
"2017-02-24 14:28:45,981","INFO","Trial 247 - 14:28:45 - Rewarded - /home/fet/stimuli/test_categories_box2/reward/Te_Stim_4_YelOra2575_252724162015.wav"
"2017-02-24 14:28:51,986","INFO","Supplying reward for 12.00 seconds"
"2017-02-24 14:29:53,627","INFO","Trial 248 - 14:29:53 - Unrewarded - /home/fet/stimuli/test_categories_box2/nonreward/Di_Stim_3_WhiWhi1415_020202020202.wav"
"2017-02-24 15:53:08,488","INFO","Trial 249 - 15:53:08 - Rewarded - /home/fet/stimuli/test_categories_box2/reward/Te_Stim_7_BlaBla0506_081012051514.wav"
"2017-02-24 15:53:14,493","INFO","Supplying reward for 12.00 seconds"
"2017-02-24 15:53:52,988","INFO","Trial 250 - 15:53:52 - Unrewarded - /home/fet/stimuli/test_categories_box2/nonreward/Th_Stim_9_GreOra1817_094524414917.wav"
"2017-02-24 15:53:58,535","INFO","Trial 251 - 15:53:58 - Unrewarded - /home/fet/stimuli/test_categories_box2/nonreward/Tu_Stim_2_WhiRas44dd_041918072111.wav"
"2017-02-24 15:54:05,062","INFO","Trial 252 - 15:54:05 - Unrewarded - /home/fet/stimuli/test_categories_box2/nonreward/Ag_Stim_9_GreWhi1242_010101010101.wav"
"2017-02-24 15:54:06,149","INFO","Trial 253 - 15:54:06 - Unrewarded - /home/fet/stimuli/test_categories_box2/nonreward/Di_Stim_1_GraGra0201_070107070707.wav"
"2017-02-24 15:54:22,949","INFO","Trial 254 - 15:54:22 - Unrewarded - /home/fet/stimuli/test_categories_box2/nonreward/Ne_Stim_2_WhiBlu4917_060110040113.wav"
"2017-02-24 15:54:23,834","INFO","Trial 255 - 15:54:23 - Unrewarded - /home/fet/stimuli/test_categories_box2/nonreward/Be_Stim_10_LblBlu1729_090507.wav"
"2017-02-24 15:54:49,141","INFO","Trial 256 - 15:54:49 - Unrewarded - /home/fet/stimuli/test_categories_box2/nonreward/LT_Stim_8_LblGre0001_020908070103.wav"
"2017-02-24 15:54:49,195","INFO","Trial 257 - 15:54:49 - Unrewarded - /home/fet/stimuli/test_categories_box2/nonreward/LT_Stim_4_LblBlu1630_040507141015.wav"
"2017-02-24 15:54:55,118","INFO","Trial 258 - 15:54:55 - Unrewarded - /home/fet/stimuli/test_categories_box2/nonreward/Tu_Stim_9_GraGra0201_112107130110.wav"
"2017-02-24 15:55:03,537","INFO","Trial 259 - 15:55:03 - Unrewarded - /home/fet/stimuli/test_categories_box2/nonreward/LT_Stim_1_LblBlu6680_053019182621.wav"
"2017-02-24 15:55:03,755","INFO","Trial 260 - 15:55:03 - Unrewarded - /home/fet/stimuli/test_categories_box2/nonreward/So_Stim_8_WhiBlu5698_083018.wav"
"2017-02-24 15:55:03,805","INFO","Trial 261 - 15:55:03 - Unrewarded - /home/fet/stimuli/test_categories_box2/nonreward/Ag_Stim_6_GraGra0201_050806131204.wav"
"2017-02-24 15:55:14,231","INFO","Trial 262 - 15:55:14 - Unrewarded - /home/fet/stimuli/test_categories_box2/nonreward/LT_Stim_3_LblBlu1630_081309160206.wav"
"2017-02-24 15:55:15,539","INFO","Trial 263 - 15:55:15 - Unrewarded - /home/fet/stimuli/test_categories_box2/nonreward/Be_Stim_4_LblBlu6379_04_0101_0204_02.wav"
"2017-02-24 15:55:21,866","INFO","Trial 264 - 15:55:21 - Rewarded - /home/fet/stimuli/test_categories_box2/reward/Te_Stim_9_LblRed0613_202519292302.wav"
"2017-02-24 15:55:27,870","INFO","Supplying reward for 12.00 seconds"
"2017-02-24 15:56:13,075","INFO","Trial 265 - 15:56:13 - Rewarded - /home/fet/stimuli/test_categories_box2/reward/Te_Stim_1_WhiLbl0010_080301242905.wav"
"2017-02-24 15:56:19,088","INFO","Supplying reward for 12.00 seconds"
"2017-02-24 15:57:09,776","INFO","Trial 266 - 15:57:09 - Rewarded - /home/fet/stimuli/test_categories_box2/reward/Te_Stim_6_WhiGra0114_190210202114.wav"
"2017-02-24 15:57:15,781","INFO","Supplying reward for 12.00 seconds"
"2017-02-24 15:58:01,317","INFO","Trial 267 - 15:58:01 - Unrewarded - /home/fet/stimuli/test_categories_box2/nonreward/So_Stim_4_GraLbl0457_081506.wav"
"2017-02-24 15:58:01,371","INFO","Trial 268 - 15:58:01 - Unrewarded - /home/fet/stimuli/test_categories_box2/nonreward/So_Stim_5_BlaBla0506_080612.wav"
"2017-02-24 15:58:01,928","INFO","Trial 269 - 15:58:01 - Unrewarded - /home/fet/stimuli/test_categories_box2/nonreward/So_Stim_8_LblBla4548_463936.wav"
"2017-02-24 15:58:12,302","INFO","Trial 270 - 15:58:12 - Unrewarded - /home/fet/stimuli/test_categories_box2/nonreward/Be_Stim_2_GraRas1500_070201.wav"
"2017-02-24 15:58:13,196","INFO","Trial 271 - 15:58:13 - Unrewarded - /home/fet/stimuli/test_categories_box2/nonreward/Ne_Stim_1_GraLbl0457_352718153632.wav"
"2017-02-24 15:58:13,253","INFO","Trial 272 - 15:58:13 - Rewarded - /home/fet/stimuli/test_categories_box2/reward/Te_Stim_5_GreRas2400_222117301425.wav"
"2017-02-24 15:58:19,261","INFO","Supplying reward for 12.00 seconds"
"2017-02-24 15:59:02,393","INFO","Trial 273 - 15:59:02 - Rewarded - /home/fet/stimuli/test_categories_box2/reward/Te_Stim_4_LblRed0613_251811262719.wav"
"2017-02-24 15:59:03,647","INFO","Trial 274 - 15:59:03 - Unrewarded - /home/fet/stimuli/test_categories_box2/nonreward/Tu_Stim_5_WhiLbl0010_081623060322.wav"
"2017-02-24 15:59:08,079","INFO","Trial 275 - 15:59:08 - Unrewarded - /home/fet/stimuli/test_categories_box2/nonreward/Ne_Stim_3_WhiBlu4917_041008100212.wav"
"2017-02-24 15:59:09,045","INFO","Trial 276 - 15:59:09 - Unrewarded - /home/fet/stimuli/test_categories_box2/nonreward/Tu_Stim_1_WhiLbl0010_032513241715.wav"
"2017-02-24 15:59:09,095","INFO","Trial 277 - 15:59:09 - Unrewarded - /home/fet/stimuli/test_categories_box2/nonreward/DC_Stim_8_PurRas20dd_110726251621.wav"
"2017-02-24 15:59:17,735","INFO","Trial 278 - 15:59:17 - Unrewarded - /home/fet/stimuli/test_categories_box2/nonreward/So_Stim_3_HPiHPi4748_152015.wav"
"2017-02-24 15:59:17,790","INFO","Trial 279 - 15:59:17 - Rewarded - /home/fet/stimuli/test_categories_box2/reward/Te_Stim_9_YelGre5275_191233051603.wav"
"2017-02-24 15:59:23,798","INFO","Supplying reward for 12.00 seconds"
"2017-02-24 16:00:02,125","INFO","Trial 280 - 16:00:02 - Unrewarded - /home/fet/stimuli/test_categories_box2/nonreward/So_Stim_8_WhiLbl0010_070506.wav"
"2017-02-24 16:00:11,979","INFO","Trial 281 - 16:00:11 - Rewarded - /home/fet/stimuli/test_categories_box2/reward/Te_Stim_7_GreRas2400_011727032920.wav"
"2017-02-24 16:00:12,038","INFO","Trial 282 - 16:00:12 - Unrewarded - /home/fet/stimuli/test_categories_box2/nonreward/Ag_Stim_6_WhiBlu4818_050607070506.wav"
"2017-02-24 16:00:12,914","INFO","Trial 283 - 16:00:12 - Unrewarded - /home/fet/stimuli/test_categories_box2/nonreward/Tu_Stim_8_HPiHPi4748_102122271803.wav"
"2017-02-24 16:00:13,922","INFO","Trial 284 - 16:00:13 - Unrewarded - /home/fet/stimuli/test_categories_box2/nonreward/LT_Stim_7_WhiBlu3414_211416232225.wav"
"2017-02-24 16:00:20,990","INFO","Trial 285 - 16:00:20 - Unrewarded - /home/fet/stimuli/test_categories_box2/nonreward/LT_Stim_5_LblBlu6379_012107230810.wav"
"2017-02-24 16:00:30,222","INFO","Trial 286 - 16:00:30 - Unrewarded - /home/fet/stimuli/test_categories_box2/nonreward/Ag_Stim_5_BluRas07dd_131512100509.wav"
"2017-02-24 16:00:31,079","INFO","Trial 287 - 16:00:31 - Unrewarded - /home/fet/stimuli/test_categories_box2/nonreward/Ag_Stim_5_GreWhi1242_010101010101.wav"
"2017-02-24 16:00:37,357","INFO","Trial 288 - 16:00:37 - Unrewarded - /home/fet/stimuli/test_categories_box2/nonreward/Ne_Stim_3_WhiGra0114_020302020202.wav"
"2017-02-24 16:00:38,464","INFO","Trial 289 - 16:00:38 - Unrewarded - /home/fet/stimuli/test_categories_box2/nonreward/So_Stim_4_BlaBla0506_120615.wav"
"2017-02-24 16:00:51,041","INFO","Trial 290 - 16:00:51 - Unrewarded - /home/fet/stimuli/test_categories_box2/nonreward/Th_Stim_5_BlaBla0506_030402050104.wav"
"2017-02-24 16:01:06,764","INFO","Trial 291 - 16:01:06 - Unrewarded - /home/fet/stimuli/test_categories_box2/nonreward/So_Stim_9_BlaBla0506_150812.wav"
"2017-02-24 16:01:07,659","INFO","Trial 292 - 16:01:07 - Unrewarded - /home/fet/stimuli/test_categories_box2/nonreward/Wh_Stim_5_WhiRas44dd_030201010202.wav"
"2017-02-24 16:01:08,633","INFO","Trial 293 - 16:01:08 - Unrewarded - /home/fet/stimuli/test_categories_box2/nonreward/Th_Stim_1_WhiRas44dd_404614503723.wav"
"2017-02-24 16:01:20,456","INFO","Trial 294 - 16:01:20 - Rewarded - /home/fet/stimuli/test_categories_box2/reward/Te_Stim_8_WhiBlu4818_091619070418.wav"
"2017-02-24 16:01:26,461","INFO","Supplying reward for 12.00 seconds"
"2017-02-24 16:02:17,707","INFO","Trial 295 - 16:02:17 - Rewarded - /home/fet/stimuli/test_categories_box2/reward/Te_Stim_8_GreGre6364_202512021605.wav"
"2017-02-24 16:02:23,712","INFO","Supplying reward for 12.00 seconds"
"2017-02-24 16:03:30,661","INFO","Trial 296 - 16:03:30 - Unrewarded - /home/fet/stimuli/test_categories_box2/nonreward/So_Stim_10_GraLbl0457_110810.wav"
"2017-02-24 16:03:42,124","INFO","Trial 297 - 16:03:42 - Unrewarded - /home/fet/stimuli/test_categories_box2/nonreward/Be_Stim_8_LblBlu6243_0205_0201.wav"
"2017-02-24 16:03:43,145","INFO","Trial 298 - 16:03:43 - Unrewarded - /home/fet/stimuli/test_categories_box2/nonreward/Tu_Stim_5_GraGra0201_110502152104.wav"
"2017-02-24 16:03:56,607","INFO","Trial 299 - 16:03:56 - Unrewarded - /home/fet/stimuli/test_categories_box2/nonreward/Be_Stim_2_LblRas1800_02_0304_0204.wav"
"2017-02-24 16:03:57,464","INFO","Trial 300 - 16:03:57 - Rewarded - /home/fet/stimuli/test_categories_box2/reward/Te_Stim_9_GreGre6364_161206052313.wav"
"2017-02-24 16:04:03,472","INFO","Supplying reward for 12.00 seconds"
"2017-02-24 16:04:48,635","INFO","Trial 301 - 16:04:48 - Rewarded - /home/fet/stimuli/test_categories_box2/reward/Te_Stim_8_LblRed0613_301312062018.wav"
"2017-02-24 16:04:48,694","INFO","Trial 302 - 16:04:48 - Unrewarded - /home/fet/stimuli/test_categories_box2/nonreward/Ag_Stim_9_BluRas07dd_132408091015.wav"
"2017-02-24 16:04:49,464","INFO","Trial 303 - 16:04:49 - Unrewarded - /home/fet/stimuli/test_categories_box2/nonreward/DC_Stim_1_GreWhi1242_020103030303.wav"
"2017-02-24 16:05:08,127","INFO","Trial 304 - 16:05:08 - Unrewarded - /home/fet/stimuli/test_categories_box2/nonreward/Di_Stim_6_BlaBla0506_010101010101.wav"
"2017-02-24 16:05:08,181","INFO","Trial 305 - 16:05:08 - Unrewarded - /home/fet/stimuli/test_categories_box2/nonreward/Ag_Stim_5_WhiBlu5698_131403100604.wav"
"2017-02-24 16:05:17,289","INFO","Trial 306 - 16:05:17 - Unrewarded - /home/fet/stimuli/test_categories_box2/nonreward/Be_Stim_5_GraRas1600_151105.wav"
"2017-02-24 16:05:29,888","INFO","Trial 307 - 16:05:29 - Unrewarded - /home/fet/stimuli/test_categories_box2/nonreward/Wh_Stim_6_BlaBla0506_020616131812.wav"
"2017-02-24 16:05:30,835","INFO","Trial 308 - 16:05:30 - Unrewarded - /home/fet/stimuli/test_categories_box2/nonreward/Tu_Stim_8_GreOra1817_171408131801.wav"
"2017-02-24 16:05:35,287","INFO","Trial 309 - 16:05:35 - Unrewarded - /home/fet/stimuli/test_categories_box2/nonreward/Di_Stim_8_PurRas20dd_040101040401.wav"
"2017-02-24 16:05:44,636","INFO","Trial 310 - 16:05:44 - Unrewarded - /home/fet/stimuli/test_categories_box2/nonreward/LT_Stim_8_LblBlu6379_151821071009.wav"
"2017-02-24 16:05:44,691","INFO","Trial 311 - 16:05:44 - Unrewarded - /home/fet/stimuli/test_categories_box2/nonreward/Tu_Stim_1_PurRas20dd_080604010302.wav"
"2017-02-24 16:05:56,117","INFO","Trial 312 - 16:05:56 - Unrewarded - /home/fet/stimuli/test_categories_box2/nonreward/So_Stim_2_LblBla4419_090210.wav"
"2017-02-24 16:06:21,429","INFO","Trial 313 - 16:06:21 - Rewarded - /home/fet/stimuli/test_categories_box2/reward/Te_Stim_7_YelOra2575_251219101807.wav"
"2017-02-24 16:06:27,434","INFO","Supplying reward for 12.00 seconds"
"2017-02-24 16:07:33,641","INFO","Trial 314 - 16:07:33 - Rewarded - /home/fet/stimuli/test_categories_box2/reward/Te_Stim_1_YelGre5275_041711270605.wav"
"2017-02-24 16:07:39,650","INFO","Supplying reward for 12.00 seconds"
"2017-02-24 16:08:18,133","INFO","Trial 315 - 16:08:18 - Unrewarded - /home/fet/stimuli/test_categories_box2/nonreward/Ne_Stim_2_LblRed0613_431207201135.wav"
"2017-02-24 16:08:18,991","INFO","Trial 316 - 16:08:18 - Unrewarded - /home/fet/stimuli/test_categories_box2/nonreward/DC_Stim_1_GraGra0201_300442364340.wav"
"2017-02-24 16:08:19,044","INFO","Trial 317 - 16:08:19 - Unrewarded - /home/fet/stimuli/test_categories_box2/nonreward/Di_Stim_10_PurRas20dd_040104010104.wav"
"2017-02-24 16:08:59,390","INFO","Trial 318 - 16:08:59 - Unrewarded - /home/fet/stimuli/test_categories_box2/nonreward/Ag_Stim_9_GreOra1817_142920172107.wav"
"2017-02-24 16:09:14,270","INFO","Trial 319 - 16:09:14 - Unrewarded - /home/fet/stimuli/test_categories_box2/nonreward/Ne_Stim_5_LblBla4419_103321251306.wav"
"2017-02-24 16:09:14,320","INFO","Trial 320 - 16:09:14 - Unrewarded - /home/fet/stimuli/test_categories_box2/nonreward/Ne_Stim_1_WhiGra0114_020302030202.wav"
"2017-02-24 16:09:15,197","INFO","Trial 321 - 16:09:15 - Unrewarded - /home/fet/stimuli/test_categories_box2/nonreward/Wh_Stim_1_YelGre5275_070501111408.wav"
"2017-02-24 16:09:36,797","INFO","Trial 322 - 16:09:36 - Unrewarded - /home/fet/stimuli/test_categories_box2/nonreward/DC_Stim_9_PurRas20dd_262423271007.wav"
"2017-02-24 16:09:36,855","INFO","Trial 323 - 16:09:36 - Rewarded - /home/fet/stimuli/test_categories_box2/reward/Te_Stim_6_YelGre5275_102617083215.wav"
"2017-02-24 16:09:42,863","INFO","Supplying reward for 12.00 seconds"
"2017-02-24 16:10:42,025","INFO","Trial 324 - 16:10:42 - Unrewarded - /home/fet/stimuli/test_categories_box2/nonreward/Ne_Stim_9_Unknown00F_020101010201.wav"
"2017-02-24 16:10:51,917","INFO","Trial 325 - 16:10:51 - Unrewarded - /home/fet/stimuli/test_categories_box2/nonreward/Wh_Stim_3_LblBla4419_160407110813.wav"
"2017-02-24 16:11:01,923","INFO","Trial 326 - 16:11:01 - Unrewarded - /home/fet/stimuli/test_categories_box2/nonreward/So_Stim_1_LblBla4548_304331.wav"
"2017-02-24 16:11:02,890","INFO","Trial 327 - 16:11:02 - Unrewarded - /home/fet/stimuli/test_categories_box2/nonreward/Wh_Stim_4_GraGra0201_050605040501.wav"
"2017-02-24 16:11:15,885","INFO","Trial 328 - 16:11:15 - Unrewarded - /home/fet/stimuli/test_categories_box2/nonreward/DC_Stim_7_GreWhi1242_020301020102.wav"
"2017-02-24 16:11:34,345","INFO","Trial 329 - 16:11:34 - Rewarded - /home/fet/stimuli/test_categories_box2/reward/Te_Stim_10_WhiGra0114_051014072002.wav"
"2017-02-24 16:11:40,350","INFO","Supplying reward for 12.00 seconds"
"2017-02-24 16:12:39,426","INFO","Trial 330 - 16:12:39 - Unrewarded - /home/fet/stimuli/test_categories_box2/nonreward/Tu_Stim_4_LblRed0613_050408070102.wav"
"2017-02-24 16:13:06,819","INFO","Trial 331 - 16:13:06 - Rewarded - /home/fet/stimuli/test_categories_box2/reward/Te_Stim_10_GreRas2400_091734142006.wav"
"2017-02-24 16:13:12,824","INFO","Supplying reward for 12.00 seconds"
"2017-02-24 16:13:54,960","INFO","Trial 332 - 16:13:54 - Unrewarded - /home/fet/stimuli/test_categories_box2/nonreward/Th_Stim_1_WhiBlu4818_050201030401.wav"
"2017-02-24 16:14:17,405","INFO","Trial 333 - 16:14:17 - Unrewarded - /home/fet/stimuli/test_categories_box2/nonreward/Be_Stim_8_LblBlu1630_050404_c..wav"
"2017-02-24 17:17:48,257","INFO","Trial 334 - 17:17:48 - Unrewarded - /home/fet/stimuli/test_categories_box2/nonreward/So_Stim_9_WhiLbl0010_070608.wav"
"2017-02-24 17:18:34,970","INFO","Trial 335 - 17:18:34 - Unrewarded - /home/fet/stimuli/test_categories_box2/nonreward/Di_Stim_9_WhiLbl0010_040404040404.wav"
"2017-02-24 17:18:52,017","INFO","Trial 336 - 17:18:52 - Unrewarded - /home/fet/stimuli/test_categories_box2/nonreward/DC_Stim_3_YelGre5275_310506031319.wav"
"2017-02-24 17:19:02,756","INFO","Trial 337 - 17:19:02 - Rewarded - /home/fet/stimuli/test_categories_box2/reward/Te_Stim_10_WhiWhi1415_160710210231.wav"
"2017-02-24 17:19:08,761","INFO","Supplying reward for 12.00 seconds"
"2017-02-24 17:19:55,355","INFO","Trial 338 - 17:19:55 - Unrewarded - /home/fet/stimuli/test_categories_box2/nonreward/DC_Stim_3_PurRas20dd_200629081810.wav"
"2017-02-24 17:19:56,397","INFO","Trial 339 - 17:19:56 - Unrewarded - /home/fet/stimuli/test_categories_box2/nonreward/DC_Stim_9_GreWhi1242_010302030202.wav"
"2017-02-24 17:20:18,894","INFO","Trial 340 - 17:20:18 - Unrewarded - /home/fet/stimuli/test_categories_box2/nonreward/Tu_Stim_2_BluRas61dd_040301090607.wav"
"2017-02-24 17:20:18,948","INFO","Trial 341 - 17:20:18 - Rewarded - /home/fet/stimuli/test_categories_box2/reward/Te_Stim_1_PurRas20dd_271807240509.wav"
"2017-02-24 17:20:24,956","INFO","Supplying reward for 12.00 seconds"
"2017-02-24 17:21:22,637","INFO","Trial 342 - 17:21:22 - Rewarded - /home/fet/stimuli/test_categories_box2/reward/Te_Stim_5_WhiWhi1415_060508040231.wav"
"2017-02-24 17:21:28,642","INFO","Supplying reward for 12.00 seconds"
"2017-02-24 17:22:26,086","INFO","Trial 343 - 17:22:26 - Unrewarded - /home/fet/stimuli/test_categories_box2/nonreward/Ne_Stim_10_BluRas07dd_211802151206.wav"
"2017-02-24 17:22:40,327","INFO","Trial 344 - 17:22:40 - Unrewarded - /home/fet/stimuli/test_categories_box2/nonreward/DC_Stim_10_LblBla4419_214026251301.wav"
"2017-02-24 17:22:41,209","INFO","Trial 345 - 17:22:41 - Unrewarded - /home/fet/stimuli/test_categories_box2/nonreward/Di_Stim_9_BlaLbl8026_020103020103.wav"
"2017-02-24 17:22:41,258","INFO","Trial 346 - 17:22:41 - Unrewarded - /home/fet/stimuli/test_categories_box2/nonreward/Wh_Stim_8_BlaBla0506_021216141510.wav"
"2017-02-24 17:22:51,147","INFO","Trial 347 - 17:22:51 - Unrewarded - /home/fet/stimuli/test_categories_box2/nonreward/Wh_Stim_9_HpiGra1004_010208060705.wav"
"2017-02-24 17:23:06,230","INFO","Trial 348 - 17:23:06 - Unrewarded - /home/fet/stimuli/test_categories_box2/nonreward/Ag_Stim_3_WhiBlu4818_060507050606.wav"
"2017-02-24 17:23:07,112","INFO","Trial 349 - 17:23:07 - Unrewarded - /home/fet/stimuli/test_categories_box2/nonreward/Tu_Stim_6_LblRed0613_010702080305.wav"
"2017-02-24 17:23:08,255","INFO","Trial 350 - 17:23:08 - Unrewarded - /home/fet/stimuli/test_categories_box2/nonreward/So_Stim_2_GraLbl0457_020705.wav"
"2017-02-24 17:23:08,308","INFO","Trial 351 - 17:23:08 - Unrewarded - /home/fet/stimuli/test_categories_box2/nonreward/Ag_Stim_4_BlaBla0506_070512041009.wav"
"2017-02-24 17:23:40,050","INFO","Trial 352 - 17:23:40 - Unrewarded - /home/fet/stimuli/test_categories_box2/nonreward/Ag_Stim_7_WhiBlu4818_060507070607.wav"
"2017-02-24 17:23:40,109","INFO","Trial 353 - 17:23:40 - Rewarded - /home/fet/stimuli/test_categories_box2/reward/Te_Stim_2_WhiLbl0010_261123072712.wav"
"2017-02-24 17:23:46,116","INFO","Supplying reward for 12.00 seconds"
"2017-02-24 17:24:23,015","INFO","Trial 354 - 17:24:23 - Unrewarded - /home/fet/stimuli/test_categories_box2/nonreward/Wh_Stim_2_GraLbl0457_040201050401.wav"
"2017-02-24 17:24:23,852","INFO","Trial 355 - 17:24:23 - Rewarded - /home/fet/stimuli/test_categories_box2/reward/Te_Stim_7_LblRed0613_171904102615.wav"
"2017-02-24 17:24:29,859","INFO","Supplying reward for 12.00 seconds"
"2017-02-24 17:25:19,070","INFO","Trial 356 - 17:25:19 - Unrewarded - /home/fet/stimuli/test_categories_box2/nonreward/Ag_Stim_5_LblBla4419_010203030102.wav"
"2017-02-24 17:25:19,890","INFO","Trial 357 - 17:25:19 - Unrewarded - /home/fet/stimuli/test_categories_box2/nonreward/Th_Stim_4_WhiBlu5698_040706010404.wav"
"2017-02-24 17:25:19,943","INFO","Trial 358 - 17:25:19 - Unrewarded - /home/fet/stimuli/test_categories_box2/nonreward/Be_Stim_7_LblBlu6680_06_0205_0108.wav"
"2017-02-24 17:25:21,098","INFO","Trial 359 - 17:25:21 - Unrewarded - /home/fet/stimuli/test_categories_box2/nonreward/Ne_Stim_6_GraGra0201_193435493327.wav"
"2017-02-24 17:25:21,152","INFO","Trial 360 - 17:25:21 - Unrewarded - /home/fet/stimuli/test_categories_box2/nonreward/Th_Stim_2_BlaBla0506_020301040501.wav"
"2017-02-24 17:25:22,442","INFO","Trial 361 - 17:25:22 - Unrewarded - /home/fet/stimuli/test_categories_box2/nonreward/DC_Stim_9_BlaBla0506_080212261106.wav"
"2017-02-24 17:25:23,810","INFO","Trial 362 - 17:25:23 - Unrewarded - /home/fet/stimuli/test_categories_box2/nonreward/Be_Stim_9_GraRas1600_041108.wav"
"2017-02-24 17:25:49,090","INFO","Trial 363 - 17:25:49 - Unrewarded - /home/fet/stimuli/test_categories_box2/nonreward/DC_Stim_1_PurRas20dd_042325061928.wav"
"2017-02-24 17:25:57,924","INFO","Trial 364 - 17:25:57 - Unrewarded - /home/fet/stimuli/test_categories_box2/nonreward/Ag_Stim_1_LblBla4419_030201030302.wav"
"2017-02-24 17:25:57,974","INFO","Trial 365 - 17:25:57 - Unrewarded - /home/fet/stimuli/test_categories_box2/nonreward/Wh_Stim_1_GraGra0201_020605050105.wav"
"2017-02-24 17:25:58,826","INFO","Trial 366 - 17:25:58 - Unrewarded - /home/fet/stimuli/test_categories_box2/nonreward/Tu_Stim_1_BluRas07dd_221220150123.wav"
"2017-02-24 17:26:12,614","INFO","Trial 367 - 17:26:12 - Unrewarded - /home/fet/stimuli/test_categories_box2/nonreward/Tu_Stim_9_WhiLbl0010_120805211119.wav"
"2017-02-24 17:26:13,447","INFO","Trial 368 - 17:26:13 - Rewarded - /home/fet/stimuli/test_categories_box2/reward/Te_Stim_2_GreGre6364_270629261612.wav"
"2017-02-24 17:26:19,454","INFO","Supplying reward for 12.00 seconds"
"2017-02-24 17:27:24,703","INFO","Trial 369 - 17:27:24 - Unrewarded - /home/fet/stimuli/test_categories_box2/nonreward/Th_Stim_9_WhiBlu4818_020405030105.wav"
"2017-02-24 17:27:25,569","INFO","Trial 370 - 17:27:25 - Unrewarded - /home/fet/stimuli/test_categories_box2/nonreward/DC_Stim_5_BluRas61dd_281806091433.wav"
"2017-02-24 17:27:26,631","INFO","Trial 371 - 17:27:26 - Unrewarded - /home/fet/stimuli/test_categories_box2/nonreward/Tu_Stim_9_WhiRas44dd_191826072009.wav"
"2017-02-24 17:27:26,679","INFO","Trial 372 - 17:27:26 - Unrewarded - /home/fet/stimuli/test_categories_box2/nonreward/Di_Stim_4_Unknown000_020101020101.wav"
"2017-02-24 17:27:58,242","INFO","Trial 373 - 17:27:58 - Rewarded - /home/fet/stimuli/test_categories_box2/reward/Te_Stim_5_LblRed0613_261602181207.wav"
"2017-02-24 17:28:04,251","INFO","Supplying reward for 12.00 seconds"
"2017-02-24 19:05:27,820","INFO","Trial 374 - 19:05:27 - Unrewarded - /home/fet/stimuli/test_categories_box2/nonreward/Wh_Stim_9_GraGra0201_050506010204.wav"
"2017-02-24 19:05:27,878","INFO","Trial 375 - 19:05:27 - Unrewarded - /home/fet/stimuli/test_categories_box2/nonreward/Ne_Stim_1_BlaLbl8026_32C-1428253132.wav"
"2017-02-24 19:05:29,206","INFO","Trial 376 - 19:05:29 - Unrewarded - /home/fet/stimuli/test_categories_box2/nonreward/Be_Stim_5_LblBlu1729_020809.wav"
"2017-02-24 19:05:29,254","INFO","Trial 377 - 19:05:29 - Unrewarded - /home/fet/stimuli/test_categories_box2/nonreward/Be_Stim_3_LblBlu6680_01_0207_0103_01.wav"
"2017-02-24 19:05:30,295","INFO","Trial 378 - 19:05:30 - Unrewarded - /home/fet/stimuli/test_categories_box2/nonreward/Wh_Stim_7_WhiBlu5698_150602111820.wav"
"2017-02-24 19:05:46,624","INFO","Trial 379 - 19:05:46 - Unrewarded - /home/fet/stimuli/test_categories_box2/nonreward/Th_Stim_2_Unknown_11_020708050611.wav"
"2017-02-24 19:05:46,683","INFO","Trial 380 - 19:05:46 - Unrewarded - /home/fet/stimuli/test_categories_box2/nonreward/Ag_Stim_1_BluRas07dd_050915121724.wav"
"2017-02-24 19:05:52,301","INFO","Trial 381 - 19:05:52 - Rewarded - /home/fet/stimuli/test_categories_box2/reward/Te_Stim_9_YelOra2575_281309241727.wav"
"2017-02-24 19:05:58,309","INFO","Supplying reward for 12.00 seconds"
"2017-02-24 19:07:02,116","INFO","Trial 382 - 19:07:02 - Rewarded - /home/fet/stimuli/test_categories_box2/reward/Te_Stim_9_WhiLbl0010_151214160521.wav"
"2017-02-24 19:07:02,167","INFO","Trial 383 - 19:07:02 - Unrewarded - /home/fet/stimuli/test_categories_box2/nonreward/LT_Stim_4_WhiBlu3615_060704020301.wav"
"2017-02-24 19:07:02,808","INFO","Trial 384 - 19:07:02 - Unrewarded - /home/fet/stimuli/test_categories_box2/nonreward/Tu_Stim_8_YelGre5275_240520153018.wav"
"2017-02-24 19:07:02,847","INFO","Trial 385 - 19:07:02 - Rewarded - /home/fet/stimuli/test_categories_box2/reward/Te_Stim_9_WhiGra0114_051911200710.wav"
"2017-02-24 19:07:08,854","INFO","Supplying reward for 12.00 seconds"
"2017-02-24 19:08:17,889","INFO","Trial 386 - 19:08:17 - Unrewarded - /home/fet/stimuli/test_categories_box2/nonreward/Ne_Stim_4_BlaLbl8026_242521232627.wav"
"2017-02-24 19:08:18,447","INFO","Trial 387 - 19:08:18 - Unrewarded - /home/fet/stimuli/test_categories_box2/nonreward/Wh_Stim_8_LblBla4419_101117130205.wav"
"2017-02-24 19:08:19,312","INFO","Trial 388 - 19:08:19 - Unrewarded - /home/fet/stimuli/test_categories_box2/nonreward/Th_Stim_10_Unknown_11_070406031001.wav"
"2017-02-24 19:08:24,702","INFO","Trial 389 - 19:08:24 - Unrewarded - /home/fet/stimuli/test_categories_box2/nonreward/Di_Stim_5_PurRas20dd_010404040101.wav"
"2017-02-24 19:08:25,562","INFO","Trial 390 - 19:08:25 - Unrewarded - /home/fet/stimuli/test_categories_box2/nonreward/Be_Stim_2_LblBlu1630_04_a.0405.wav"
"2017-02-24 19:08:32,809","INFO","Trial 391 - 19:08:32 - Rewarded - /home/fet/stimuli/test_categories_box2/reward/Te_Stim_2_LblRed0613_251310062001.wav"
"2017-02-24 19:08:38,818","INFO","Supplying reward for 12.00 seconds"
"2017-02-24 19:09:18,148","INFO","Trial 392 - 19:09:18 - Unrewarded - /home/fet/stimuli/test_categories_box2/nonreward/Wh_Stim_2_WhiWhi1415_010101010101.wav"
"2017-02-24 19:09:18,211","INFO","Trial 393 - 19:09:18 - Unrewarded - /home/fet/stimuli/test_categories_box2/nonreward/DC_Stim_10_RedRas3600_100302060907.wav"
"2017-02-24 19:09:30,419","INFO","Trial 394 - 19:09:30 - Rewarded - /home/fet/stimuli/test_categories_box2/reward/Te_Stim_5_WhiLbl0010_243029202227.wav"
"2017-02-24 19:09:30,965","INFO","Trial 395 - 19:09:30 - Unrewarded - /home/fet/stimuli/test_categories_box2/nonreward/LT_Stim_4_WhiBlu0112_161712020607.wav"
"2017-02-24 19:09:36,001","INFO","Trial 396 - 19:09:36 - Unrewarded - /home/fet/stimuli/test_categories_box2/nonreward/Ne_Stim_4_LblRed0613_526626296263.wav"
"2017-02-24 19:09:36,052","INFO","Trial 397 - 19:09:36 - Unrewarded - /home/fet/stimuli/test_categories_box2/nonreward/So_Stim_1_RedRas3600_050406.wav"
"2017-02-24 19:09:36,822","INFO","Trial 398 - 19:09:36 - Unrewarded - /home/fet/stimuli/test_categories_box2/nonreward/Th_Stim_9_WhiBlu4917_030807040105.wav"
"2017-02-24 19:09:51,135","INFO","Trial 399 - 19:09:51 - Unrewarded - /home/fet/stimuli/test_categories_box2/nonreward/Ne_Stim_1_GraGra0201_305233203227.wav"
"2017-02-24 19:09:51,177","INFO","Trial 400 - 19:09:51 - Unrewarded - /home/fet/stimuli/test_categories_box2/nonreward/DC_Stim_2_RedRas3600_080109100703.wav"
"2017-02-24 19:09:52,046","INFO","Trial 401 - 19:09:52 - Unrewarded - /home/fet/stimuli/test_categories_box2/nonreward/Di_Stim_2_WhiWhi1415_020202020202.wav"
"2017-02-24 19:09:52,086","INFO","Trial 402 - 19:09:52 - Unrewarded - /home/fet/stimuli/test_categories_box2/nonreward/Ag_Stim_2_BluRas07dd_150924081005.wav"
"2017-02-24 19:09:56,899","INFO","Trial 403 - 19:09:56 - Unrewarded - /home/fet/stimuli/test_categories_box2/nonreward/So_Stim_2_LblBla4548_403117.wav"
"2017-02-24 19:10:04,434","INFO","Trial 404 - 19:10:04 - Unrewarded - /home/fet/stimuli/test_categories_box2/nonreward/Di_Stim_9_HPiHPi4748_050303050305.wav"
"2017-02-24 19:10:04,485","INFO","Trial 405 - 19:10:04 - Rewarded - /home/fet/stimuli/test_categories_box2/reward/Te_Stim_3_GreGre6364_092526230230.wav"
"2017-02-24 19:10:10,492","INFO","Supplying reward for 12.00 seconds"
"2017-02-24 19:10:47,165","INFO","Trial 406 - 19:10:47 - Unrewarded - /home/fet/stimuli/test_categories_box2/nonreward/Be_Stim_6_GraGre0813_080414.wav"
"2017-02-24 19:10:47,801","INFO","Trial 407 - 19:10:47 - Rewarded - /home/fet/stimuli/test_categories_box2/reward/Te_Stim_6_GreRas2400_301705010431.wav"
"2017-02-24 19:10:47,854","INFO","Trial 408 - 19:10:47 - Rewarded - /home/fet/stimuli/test_categories_box2/reward/Te_Stim_10_WhiBlu4818_181116130120.wav"
"2017-02-24 19:10:53,861","INFO","Supplying reward for 12.00 seconds"
"2017-02-24 19:11:34,106","INFO","Trial 409 - 19:11:34 - Rewarded - /home/fet/stimuli/test_categories_box2/reward/Te_Stim_8_YelGre5275_152907251804.wav"
"2017-02-24 19:11:40,115","INFO","Supplying reward for 12.00 seconds"
"2017-02-24 19:12:13,576","INFO","Trial 410 - 19:12:13 - Unrewarded - /home/fet/stimuli/test_categories_box2/nonreward/Di_Stim_2_WhiBlu4818_060606060606.wav"
"2017-02-24 19:12:13,631","INFO","Trial 411 - 19:12:13 - Unrewarded - /home/fet/stimuli/test_categories_box2/nonreward/Be_Stim_4_LblGre0001_050811_01.wav"
"2017-02-24 19:12:14,700","INFO","Trial 412 - 19:12:14 - Unrewarded - /home/fet/stimuli/test_categories_box2/nonreward/Th_Stim_3_WhiBlu4917_090508030104.wav"
"2017-02-24 19:12:15,650","INFO","Trial 413 - 19:12:15 - Unrewarded - /home/fet/stimuli/test_categories_box2/nonreward/LT_Stim_4_LblGre0001_020305060908.wav"
"2017-02-24 19:12:15,978","INFO","Trial 414 - 19:12:15 - Unrewarded - /home/fet/stimuli/test_categories_box2/nonreward/Th_Stim_1_WhiBlu4917_050203040109.wav"
"2017-02-24 19:12:16,023","INFO","Trial 415 - 19:12:16 - Unrewarded - /home/fet/stimuli/test_categories_box2/nonreward/Wh_Stim_7_WhiRas44dd_010302010103.wav"
"2017-02-24 19:12:16,911","INFO","Trial 416 - 19:12:16 - Unrewarded - /home/fet/stimuli/test_categories_box2/nonreward/So_Stim_1_WhiLbl0010_080506.wav"
"2017-02-24 19:12:16,956","INFO","Trial 417 - 19:12:16 - Rewarded - /home/fet/stimuli/test_categories_box2/reward/Te_Stim_6_WhiLbl0010_200811120513.wav"
"2017-02-24 19:12:22,964","INFO","Supplying reward for 12.00 seconds"
"2017-02-24 19:12:53,793","INFO","Trial 418 - 19:12:53 - Unrewarded - /home/fet/stimuli/test_categories_box2/nonreward/Tu_Stim_10_BluRas61dd_060203090508.wav"
"2017-02-24 19:12:53,847","INFO","Trial 419 - 19:12:53 - Rewarded - /home/fet/stimuli/test_categories_box2/reward/Te_Stim_6_WhiWhi1415_152327161133.wav"
"2017-02-24 19:12:59,855","INFO","Supplying reward for 12.00 seconds"
"2017-02-24 19:13:32,743","INFO","Trial 420 - 19:13:32 - Rewarded - /home/fet/stimuli/test_categories_box2/reward/Te_Stim_10_PurRas20dd_150322181604.wav"
"2017-02-24 19:13:32,794","INFO","Trial 421 - 19:13:32 - Unrewarded - /home/fet/stimuli/test_categories_box2/nonreward/LT_Stim_4_WhiBlu3414_010220061610.wav"
"2017-02-24 19:13:33,396","INFO","Trial 422 - 19:13:33 - Unrewarded - /home/fet/stimuli/test_categories_box2/nonreward/Di_Stim_6_Unknown_11_010201010101.wav"
"2017-02-24 19:13:43,401","INFO","Trial 423 - 19:13:43 - Unrewarded - /home/fet/stimuli/test_categories_box2/nonreward/Be_Stim_1_LblGre0001_03_0102_0109.wav"
"2017-02-24 19:13:44,373","INFO","Trial 424 - 19:13:44 - Rewarded - /home/fet/stimuli/test_categories_box2/reward/Te_Stim_3_GreRas2400_010710191123.wav"
"2017-02-24 19:13:50,380","INFO","Supplying reward for 12.00 seconds"
"2017-02-24 19:14:20,811","INFO","Trial 425 - 19:14:20 - Rewarded - /home/fet/stimuli/test_categories_box2/reward/Te_Stim_5_YelGre5275_252208010603.wav"
"2017-02-24 19:14:20,866","INFO","Trial 426 - 19:14:20 - Unrewarded - /home/fet/stimuli/test_categories_box2/nonreward/Ne_Stim_6_LblRed0613_294159563804.wav"
"2017-02-24 19:14:21,621","INFO","Trial 427 - 19:14:21 - Unrewarded - /home/fet/stimuli/test_categories_box2/nonreward/DC_Stim_2_GraLbl0457_140217200406.wav"
"2017-02-24 19:14:22,091","INFO","Trial 428 - 19:14:22 - Rewarded - /home/fet/stimuli/test_categories_box2/reward/Te_Stim_8_GreRas2400_071622262425.wav"
"2017-02-24 19:14:28,098","INFO","Supplying reward for 12.00 seconds"
"2017-02-24 19:14:53,754","INFO","Trial 429 - 19:14:53 - Unrewarded - /home/fet/stimuli/test_categories_box2/nonreward/Wh_Stim_10_BlaBla0506_061210021814.wav"
"2017-02-24 19:14:53,808","INFO","Trial 430 - 19:14:53 - Unrewarded - /home/fet/stimuli/test_categories_box2/nonreward/Tu_Stim_2_WhiLbl0010_111405070213.wav"
"2017-02-24 19:14:54,009","INFO","Trial 431 - 19:14:54 - Unrewarded - /home/fet/stimuli/test_categories_box2/nonreward/So_Stim_9_GraLbl0457_140801.wav"
"2017-02-24 19:14:54,058","INFO","Trial 432 - 19:14:54 - Unrewarded - /home/fet/stimuli/test_categories_box2/nonreward/So_Stim_8_GraLbl0457_150904.wav"
"2017-02-24 19:14:54,816","INFO","Trial 433 - 19:14:54 - Unrewarded - /home/fet/stimuli/test_categories_box2/nonreward/DC_Stim_10_GreWhi1242_010302020202.wav"
"2017-02-24 19:14:54,870","INFO","Trial 434 - 19:14:54 - Unrewarded - /home/fet/stimuli/test_categories_box2/nonreward/Di_Stim_3_WhiBlu4917_010101010101.wav"
"2017-02-24 19:14:54,956","INFO","Trial 435 - 19:14:54 - Unrewarded - /home/fet/stimuli/test_categories_box2/nonreward/LT_Stim_10_LblBlu6243_292709171612.wav"
"2017-02-24 19:14:55,193","INFO","Trial 436 - 19:14:55 - Unrewarded - /home/fet/stimuli/test_categories_box2/nonreward/LT_Stim_5_LblBlu1630_140209061207.wav"
"2017-02-24 19:14:55,246","INFO","Trial 437 - 19:14:55 - Unrewarded - /home/fet/stimuli/test_categories_box2/nonreward/Ag_Stim_7_BluRas61dd_030412091802.wav"
"2017-02-24 19:14:56,065","INFO","Trial 438 - 19:14:56 - Unrewarded - /home/fet/stimuli/test_categories_box2/nonreward/Di_Stim_8_BlaLbl8026_030201010103.wav"
"2017-02-24 19:15:08,204","INFO","Trial 439 - 19:15:08 - Unrewarded - /home/fet/stimuli/test_categories_box2/nonreward/Be_Stim_7_GraRas1500_050401.wav"
"2017-02-24 19:15:22,388","INFO","Trial 440 - 19:15:22 - Rewarded - /home/fet/stimuli/test_categories_box2/reward/Te_Stim_9_WhiWhi1415_133306114010.wav"
"2017-02-24 19:15:22,446","INFO","Trial 441 - 19:15:22 - Rewarded - /home/fet/stimuli/test_categories_box2/reward/Te_Stim_10_BlaBla0506_052206101714.wav"
"2017-02-24 19:15:28,454","INFO","Supplying reward for 12.00 seconds"
"2017-02-24 19:15:58,472","INFO","Trial 442 - 19:15:58 - Rewarded - /home/fet/stimuli/test_categories_box2/reward/Te_Stim_7_WhiGra0114_142002101105.wav"
"2017-02-24 19:15:58,530","INFO","Trial 443 - 19:15:58 - Rewarded - /home/fet/stimuli/test_categories_box2/reward/Te_Stim_5_YelOra2575_241827050826.wav"
"2017-02-24 19:16:04,538","INFO","Supplying reward for 12.00 seconds"
"2017-02-24 19:16:33,413","INFO","Trial 444 - 19:16:33 - Unrewarded - /home/fet/stimuli/test_categories_box2/nonreward/Wh_Stim_5_BlaLbl8026_320807093209.wav"
"2017-02-24 19:16:33,468","INFO","Trial 445 - 19:16:33 - Unrewarded - /home/fet/stimuli/test_categories_box2/nonreward/Ag_Stim_1_WhiBlu4818_060507070506.wav"
"2017-02-24 19:16:34,201","INFO","Trial 446 - 19:16:34 - Unrewarded - /home/fet/stimuli/test_categories_box2/nonreward/DC_Stim_2_LblRed0613_100406272025.wav"
"2017-02-24 19:16:34,365","INFO","Trial 447 - 19:16:34 - Unrewarded - /home/fet/stimuli/test_categories_box2/nonreward/So_Stim_2_HPiHPi4748_151207.wav"
"2017-02-24 19:16:34,414","INFO","Trial 448 - 19:16:34 - Rewarded - /home/fet/stimuli/test_categories_box2/reward/Te_Stim_9_GreWhi1242_171513260611.wav"
"2017-02-24 19:16:40,422","INFO","Supplying reward for 12.00 seconds"
"2017-02-24 19:17:12,139","INFO","Trial 449 - 19:17:12 - Unrewarded - /home/fet/stimuli/test_categories_box2/nonreward/Di_Stim_9_YelOra2575_110911091111.wav"
"2017-02-24 19:17:12,197","INFO","Trial 450 - 19:17:12 - Unrewarded - /home/fet/stimuli/test_categories_box2/nonreward/Wh_Stim_9_YelGre5275_011005041309.wav"
"2017-02-24 19:17:12,869","INFO","Trial 451 - 19:17:12 - Unrewarded - /home/fet/stimuli/test_categories_box2/nonreward/Di_Stim_4_BlaBla0506_010101010101.wav"
"2017-02-24 19:17:12,918","INFO","Trial 452 - 19:17:12 - Unrewarded - /home/fet/stimuli/test_categories_box2/nonreward/Be_Stim_4_GraRas1600_041501.wav"
"2017-02-24 19:17:13,124","INFO","Trial 453 - 19:17:13 - Rewarded - /home/fet/stimuli/test_categories_box2/reward/Te_Stim_10_GreWhi1242_140822091817.wav"
"2017-02-24 19:17:13,172","INFO","Trial 454 - 19:17:13 - Unrewarded - /home/fet/stimuli/test_categories_box2/nonreward/Di_Stim_4_Unknown_11_020101020201.wav"
"2017-02-24 19:17:20,806","INFO","Trial 455 - 19:17:20 - Unrewarded - /home/fet/stimuli/test_categories_box2/nonreward/Ag_Stim_10_BluRas07dd_080509171512.wav"
"2017-02-24 19:17:20,860","INFO","Trial 456 - 19:17:20 - Unrewarded - /home/fet/stimuli/test_categories_box2/nonreward/Ne_Stim_4_BlaBla0506_100705040711.wav"
"2017-02-24 19:17:30,476","INFO","Trial 457 - 19:17:30 - Unrewarded - /home/fet/stimuli/test_categories_box2/nonreward/DC_Stim_1_BluRas07dd_191531290822.wav"
"2017-02-24 19:17:39,688","INFO","Trial 458 - 19:17:39 - Unrewarded - /home/fet/stimuli/test_categories_box2/nonreward/LT_Stim_4_LblBlu6379_131906072425.wav"
"2017-02-24 19:17:40,668","INFO","Trial 459 - 19:17:40 - Unrewarded - /home/fet/stimuli/test_categories_box2/nonreward/So_Stim_6_YelGre5275_083227.wav"
"2017-02-24 19:17:40,721","INFO","Trial 460 - 19:17:40 - Unrewarded - /home/fet/stimuli/test_categories_box2/nonreward/Ne_Stim_5_LblRed0613_024946414506.wav"
"2017-02-24 19:17:58,712","INFO","Trial 461 - 19:17:58 - Rewarded - /home/fet/stimuli/test_categories_box2/reward/Te_Stim_2_WhiBlu4818_131610150409.wav"
"2017-02-24 19:18:04,718","INFO","Supplying reward for 12.00 seconds"
"2017-02-24 19:18:39,278","INFO","Trial 462 - 19:18:39 - Unrewarded - /home/fet/stimuli/test_categories_box2/nonreward/Wh_Stim_9_BlaBla0506_020615181412.wav"
"2017-02-24 19:18:39,336","INFO","Trial 463 - 19:18:39 - Rewarded - /home/fet/stimuli/test_categories_box2/reward/Te_Stim_9_WhiBlu4818_151205031017.wav"
"2017-02-24 19:18:45,344","INFO","Supplying reward for 12.00 seconds"
"2017-02-24 19:19:23,303","INFO","Trial 464 - 19:19:23 - Unrewarded - /home/fet/stimuli/test_categories_box2/nonreward/Di_Stim_4_WhiLbl0010_040404040404.wav"
"2017-02-24 19:19:23,694","INFO","Trial 465 - 19:19:23 - Unrewarded - /home/fet/stimuli/test_categories_box2/nonreward/So_Stim_9_YelOra2575_102318.wav"
"2017-02-24 19:19:24,637","INFO","Trial 466 - 19:19:24 - Unrewarded - /home/fet/stimuli/test_categories_box2/nonreward/Tu_Stim_8_BluRas61dd_030502040706.wav"
"2017-02-24 19:19:24,689","INFO","Trial 467 - 19:19:24 - Unrewarded - /home/fet/stimuli/test_categories_box2/nonreward/LT_Stim_2_LblBlu2028_130107120510.wav"
"2017-02-24 19:19:26,372","INFO","Trial 468 - 19:19:26 - Unrewarded - /home/fet/stimuli/test_categories_box2/nonreward/Wh_Stim_1_BlaLbl8026_320709080809.wav"
"2017-02-24 19:19:35,366","INFO","Trial 469 - 19:19:35 - Unrewarded - /home/fet/stimuli/test_categories_box2/nonreward/Di_Stim_1_Unknown_11_020102020101.wav"
"2017-02-24 19:19:43,623","INFO","Trial 470 - 19:19:43 - Rewarded - /home/fet/stimuli/test_categories_box2/reward/Te_Stim_7_WhiWhi1415_241321080616.wav"
"2017-02-24 19:19:49,628","INFO","Supplying reward for 12.00 seconds"
"2017-02-24 19:20:18,626","INFO","Trial 471 - 19:20:18 - Unrewarded - /home/fet/stimuli/test_categories_box2/nonreward/Tu_Stim_4_PurRas20dd_040708030201.wav"
"2017-02-24 19:20:19,454","INFO","Trial 472 - 19:20:19 - Rewarded - /home/fet/stimuli/test_categories_box2/reward/Te_Stim_6_GreGre6364_121929032114.wav"
"2017-02-24 19:20:19,512","INFO","Trial 473 - 19:20:19 - Unrewarded - /home/fet/stimuli/test_categories_box2/nonreward/Ag_Stim_2_GraGra0201_040915020614.wav"
"2017-02-24 19:20:20,451","INFO","Trial 474 - 19:20:20 - Unrewarded - /home/fet/stimuli/test_categories_box2/nonreward/So_Stim_9_WhiBlu4818_220911.wav"
"2017-02-24 19:20:20,503","INFO","Trial 475 - 19:20:20 - Unrewarded - /home/fet/stimuli/test_categories_box2/nonreward/Di_Stim_6_BlaLbl8026_030201030302.wav"
"2017-02-24 19:20:21,515","INFO","Trial 476 - 19:20:21 - Unrewarded - /home/fet/stimuli/test_categories_box2/nonreward/So_Stim_10_YelGre5275_253315.wav"
"2017-02-24 19:20:21,568","INFO","Trial 477 - 19:20:21 - Unrewarded - /home/fet/stimuli/test_categories_box2/nonreward/Th_Stim_8_WhiBlu4917_040502030807.wav"
"2017-02-24 19:20:40,362","INFO","Trial 478 - 19:20:40 - Unrewarded - /home/fet/stimuli/test_categories_box2/nonreward/Ne_Stim_8_BluRas07dd_102019061202.wav"
"2017-02-24 19:20:41,748","INFO","Trial 479 - 19:20:41 - Unrewarded - /home/fet/stimuli/test_categories_box2/nonreward/So_Stim_3_LblBla4419_021009.wav"
"2017-02-24 19:20:41,797","INFO","Trial 480 - 19:20:41 - Rewarded - /home/fet/stimuli/test_categories_box2/reward/Te_Stim_4_WhiLbl0010_220414131102.wav"
"2017-02-24 19:20:47,805","INFO","Supplying reward for 12.00 seconds"
"2017-02-24 19:21:16,189","INFO","Trial 481 - 19:21:16 - Unrewarded - /home/fet/stimuli/test_categories_box2/nonreward/So_Stim_2_YelGre5275_163508.wav"
"2017-02-24 19:21:16,989","INFO","Trial 482 - 19:21:16 - Unrewarded - /home/fet/stimuli/test_categories_box2/nonreward/LT_Stim_10_WhiBlu3615_060204070105.wav"
"2017-02-24 19:21:17,042","INFO","Trial 483 - 19:21:17 - Rewarded - /home/fet/stimuli/test_categories_box2/reward/Te_Stim_3_LblRed0613_260528212529.wav"
"2017-02-24 19:21:23,050","INFO","Supplying reward for 12.00 seconds"
"2017-02-24 19:22:11,978","INFO","Trial 484 - 19:22:11 - Unrewarded - /home/fet/stimuli/test_categories_box2/nonreward/So_Stim_5_WhiLbl0010_080504.wav"
"2017-02-24 19:22:12,795","INFO","Trial 485 - 19:22:12 - Unrewarded - /home/fet/stimuli/test_categories_box2/nonreward/Be_Stim_5_LblBlu6243_08_0305_0107_01.wav"
"2017-02-24 19:22:12,843","INFO","Trial 486 - 19:22:12 - Rewarded - /home/fet/stimuli/test_categories_box2/reward/Te_Stim_6_PurRas20dd_302503230722.wav"
"2017-02-24 19:22:18,851","INFO","Supplying reward for 12.00 seconds"
"2017-02-24 19:23:15,462","INFO","Trial 487 - 19:23:15 - Unrewarded - /home/fet/stimuli/test_categories_box2/nonreward/So_Stim_5_LblBla4419_100205.wav"
"2017-02-24 19:23:16,344","INFO","Trial 488 - 19:23:16 - Unrewarded - /home/fet/stimuli/test_categories_box2/nonreward/Ag_Stim_5_WhiLbl0010_180304132611.wav"
"2017-02-24 19:23:28,520","INFO","Trial 489 - 19:23:28 - Rewarded - /home/fet/stimuli/test_categories_box2/reward/Te_Stim_3_WhiGra0114_212005110719.wav"
"2017-02-24 19:23:34,529","INFO","Supplying reward for 12.00 seconds"
"2017-02-24 19:24:32,679","INFO","Trial 490 - 19:24:32 - Unrewarded - /home/fet/stimuli/test_categories_box2/nonreward/LT_Stim_9_LblGre0000_160408101813.wav"
"2017-02-24 19:24:54,673","INFO","Trial 491 - 19:24:54 - Unrewarded - /home/fet/stimuli/test_categories_box2/nonreward/Be_Stim_7_LblRas1800_090302_04.wav"
"2017-02-24 19:24:55,657","INFO","Trial 492 - 19:24:55 - Unrewarded - /home/fet/stimuli/test_categories_box2/nonreward/Ne_Stim_9_WhiBlu4917_110701060705.wav"
"2017-02-24 19:25:08,700","INFO","Trial 493 - 19:25:08 - Unrewarded - /home/fet/stimuli/test_categories_box2/nonreward/LT_Stim_2_LblGre0001_021105060309.wav"
"2017-02-24 19:25:08,755","INFO","Trial 494 - 19:25:08 - Unrewarded - /home/fet/stimuli/test_categories_box2/nonreward/LT_Stim_3_WhiBlu3414_171223210604.wav"
"2017-02-24 19:26:00,241","INFO","Trial 495 - 19:26:00 - Unrewarded - /home/fet/stimuli/test_categories_box2/nonreward/So_Stim_1_HPiHPi4748_082316.wav"
"2017-02-24 19:26:01,123","INFO","Trial 496 - 19:26:01 - Unrewarded - /home/fet/stimuli/test_categories_box2/nonreward/So_Stim_9_HPiHPi4748_151521.wav"
"2017-02-24 19:58:56,854","INFO","Trial 497 - 19:58:56 - Unrewarded - /home/fet/stimuli/test_categories_box2/nonreward/Th_Stim_8_GreOra1817_103407442726.wav"
"2017-02-24 20:05:25,879","INFO","Finishing session 1 at Fri Feb 24 20:05:25 2017"
"2017-02-24 20:05:25,880","INFO","Finished all sessions."
"2017-02-24 20:05:26,187","INFO","Exiting Session state"
"2017-02-24 20:05:26,187","INFO","Finishing experiment"
"2017-02-24 20:05:26,494","INFO","Exiting Idle state"
