2016-10-01 11:28:52.524175	PeckPort	off	None
2016-10-01 11:28:52.524672	HouseLight	on	None
2016-10-01 11:28:52.525351	Hopper	down	None
2016-10-01 11:28:52.833001	Hopper	down	None
2016-10-01 11:28:53.139360	HouseLight	on	None
2016-10-01 11:28:53.139845	PeckPort	on	None
2016-10-01 11:30:26.713687	Trial	start	1
2016-10-01 11:30:26.719962	Speaker	play	None
2016-10-01 11:30:32.722860	Speaker	stop	None
2016-10-01 11:30:32.724051	Trial	end	1
2016-10-01 11:31:50.064590	Trial	start	2
2016-10-01 11:31:50.067240	Speaker	play	None
2016-10-01 11:31:56.073310	Speaker	stop	None
2016-10-01 11:31:56.074608	Hopper	up	None
2016-10-01 11:32:08.078341	Hopper	down	None
2016-10-01 11:32:08.381209	Trial	end	2
2016-10-01 11:32:42.963008	Trial	start	3
2016-10-01 11:32:42.966561	Speaker	play	None
2016-10-01 11:32:54.197469	Speaker	stop	None
2016-10-01 11:32:54.198416	Trial	end	3
2016-10-01 11:34:01.721471	Trial	start	4
2016-10-01 11:34:01.724036	Speaker	play	None
2016-10-01 11:34:01.754371	Speaker	stop	None
2016-10-01 11:34:01.755428	Trial	end	4
2016-10-01 11:34:01.756948	Trial	start	5
2016-10-01 11:34:01.759816	Speaker	play	None
2016-10-01 11:34:01.770697	Speaker	stop	None
2016-10-01 11:34:01.771614	Trial	end	5
2016-10-01 11:34:01.773288	Trial	start	6
2016-10-01 11:34:01.776530	Speaker	play	None
2016-10-01 11:34:07.783420	Speaker	stop	None
2016-10-01 11:34:07.784408	Trial	end	6
2016-10-01 11:34:07.791423	Trial	start	7
2016-10-01 11:34:07.794080	Speaker	play	None
2016-10-01 11:34:13.800072	Speaker	stop	None
2016-10-01 11:34:13.801062	Trial	end	7
2016-10-01 11:34:13.808288	Trial	start	8
2016-10-01 11:34:13.811014	Speaker	play	None
2016-10-01 11:34:19.816868	Speaker	stop	None
2016-10-01 11:34:19.817741	Trial	end	8
2016-10-01 11:34:19.824854	Trial	start	9
2016-10-01 11:34:19.826763	Speaker	play	None
2016-10-01 11:34:25.833740	Speaker	stop	None
2016-10-01 11:34:25.834936	Hopper	up	None
2016-10-01 11:34:25.841840	Hopper	down	None
2016-10-01 11:34:26.144761	Trial	end	9
2016-10-01 11:34:26.145998	Trial	start	10
2016-10-01 11:34:26.148196	Speaker	play	None
2016-10-01 11:34:35.098669	Speaker	stop	None
2016-10-01 11:34:35.099996	Trial	end	10
2016-10-01 11:34:35.106406	Trial	start	11
2016-10-01 11:34:35.108392	Speaker	play	None
2016-10-01 11:34:41.115189	Speaker	stop	None
2016-10-01 11:34:41.116147	Trial	end	11
2016-10-01 11:34:41.123334	Trial	start	12
2016-10-01 11:34:41.126077	Speaker	play	None
2016-10-01 11:34:47.132340	Speaker	stop	None
2016-10-01 11:34:47.133357	Trial	end	12
2016-10-01 11:34:47.140016	Trial	start	13
2016-10-01 11:34:47.142112	Speaker	play	None
2016-10-01 11:34:53.148826	Speaker	stop	None
2016-10-01 11:34:53.149803	Trial	end	13
2016-10-01 11:35:02.597339	PeckPort	off	None
2016-10-01 11:35:02.597885	HouseLight	on	None
2016-10-01 11:35:02.598590	Hopper	down	None
2016-10-01 11:36:08.591668	PeckPort	off	None
2016-10-01 11:36:08.592104	HouseLight	on	None
2016-10-01 11:36:08.592545	Hopper	down	None
2016-10-01 11:36:08.897384	Hopper	down	None
2016-10-01 11:36:09.204340	HouseLight	on	None
2016-10-01 11:36:09.204907	PeckPort	on	None
2016-10-01 11:36:18.063420	Trial	start	1
2016-10-01 11:36:18.066034	Speaker	play	None
2016-10-01 11:36:27.016943	Speaker	stop	None
2016-10-01 11:36:27.017911	Trial	end	1
2016-10-01 11:36:40.636112	Trial	start	2
2016-10-01 11:36:40.638299	Speaker	play	None
2016-10-01 11:36:40.701053	Speaker	stop	None
2016-10-01 11:36:40.701971	Trial	end	2
2016-10-01 11:36:40.703590	Trial	start	3
2016-10-01 11:36:40.705583	Speaker	play	None
2016-10-01 11:36:46.709703	Speaker	stop	None
2016-10-01 11:36:46.710620	Trial	end	3
2016-10-01 11:37:07.717082	Trial	start	4
2016-10-01 11:37:07.719281	Speaker	play	None
2016-10-01 11:37:13.725655	Speaker	stop	None
2016-10-01 11:37:13.726852	Hopper	up	None
2016-10-01 11:37:25.730658	Hopper	down	None
2016-10-01 11:37:26.033461	Trial	end	4
2016-10-01 11:38:52.315949	Trial	start	5
2016-10-01 11:38:52.318161	Speaker	play	None
2016-10-01 11:38:58.324807	Speaker	stop	None
2016-10-01 11:38:58.325957	Trial	end	5
2016-10-01 11:40:01.629396	Trial	start	6
2016-10-01 11:40:01.631647	Speaker	play	None
2016-10-01 11:40:01.691019	Speaker	stop	None
2016-10-01 11:40:01.691947	Trial	end	6
2016-10-01 11:40:01.693279	Trial	start	7
2016-10-01 11:40:01.695124	Speaker	play	None
2016-10-01 11:40:07.699638	Speaker	stop	None
2016-10-01 11:40:07.700834	Trial	end	7
2016-10-01 11:40:30.214016	Trial	start	8
2016-10-01 11:40:30.216216	Speaker	play	None
2016-10-01 11:40:41.446029	Speaker	stop	None
2016-10-01 11:40:41.447594	Trial	end	8
2016-10-01 11:40:54.723313	Trial	start	9
2016-10-01 11:40:54.725849	Speaker	play	None
2016-10-01 11:40:54.776710	Speaker	stop	None
2016-10-01 11:40:54.777764	Trial	end	9
2016-10-01 11:40:54.779599	Trial	start	10
2016-10-01 11:40:54.782535	Speaker	play	None
2016-10-01 11:41:00.787071	Speaker	stop	None
2016-10-01 11:41:00.789487	Trial	end	10
2016-10-01 11:41:12.024014	Trial	start	11
2016-10-01 11:41:12.026839	Speaker	play	None
2016-10-01 11:41:12.249496	Speaker	stop	None
2016-10-01 11:41:12.250466	Trial	end	11
2016-10-01 11:41:12.252438	Trial	start	12
2016-10-01 11:41:12.254708	Speaker	play	None
2016-10-01 11:41:18.258022	Speaker	stop	None
2016-10-01 11:41:18.259293	Trial	end	12
2016-10-01 11:41:22.824681	Trial	start	13
2016-10-01 11:41:22.827600	Speaker	play	None
2016-10-01 11:41:28.833341	Speaker	stop	None
2016-10-01 11:41:28.834229	Trial	end	13
2016-10-01 11:41:37.024820	Trial	start	14
2016-10-01 11:41:37.027956	Speaker	play	None
2016-10-01 11:41:37.090448	Speaker	stop	None
2016-10-01 11:41:37.091418	Trial	end	14
2016-10-01 11:41:37.092672	Trial	start	15
2016-10-01 11:41:37.094551	Speaker	play	None
2016-10-01 11:41:38.073797	Speaker	stop	None
2016-10-01 11:41:38.074903	Trial	end	15
2016-10-01 11:41:38.076085	Trial	start	16
2016-10-01 11:41:38.078123	Speaker	play	None
2016-10-01 11:41:44.082062	Speaker	stop	None
2016-10-01 11:41:44.082983	Trial	end	16
2016-10-01 11:41:59.703336	Trial	start	17
2016-10-01 11:41:59.706428	Speaker	play	None
2016-10-01 11:42:05.711986	Speaker	stop	None
2016-10-01 11:42:05.712891	Trial	end	17
2016-10-01 11:42:14.030668	Trial	start	18
2016-10-01 11:42:14.044231	Speaker	play	None
2016-10-01 11:42:20.053072	Speaker	stop	None
2016-10-01 11:42:20.054548	Trial	end	18
2016-10-01 11:42:22.709387	Trial	start	19
2016-10-01 11:42:22.711437	Speaker	play	None
2016-10-01 11:42:23.934312	Speaker	stop	None
2016-10-01 11:42:23.935397	Trial	end	19
2016-10-01 11:42:23.936595	Trial	start	20
2016-10-01 11:42:23.940414	Speaker	play	None
2016-10-01 11:42:29.950923	Speaker	stop	None
2016-10-01 11:42:29.951868	Trial	end	20
2016-10-01 11:42:30.364377	Trial	start	21
2016-10-01 11:42:30.366609	Speaker	play	None
2016-10-01 11:42:30.513072	Speaker	stop	None
2016-10-01 11:42:30.514814	Trial	end	21
2016-10-01 11:42:30.517809	Trial	start	22
2016-10-01 11:42:30.520100	Speaker	play	None
2016-10-01 11:42:30.995362	Speaker	stop	None
2016-10-01 11:42:30.996253	Trial	end	22
2016-10-01 11:42:30.997558	Trial	start	23
2016-10-01 11:42:30.999652	Speaker	play	None
2016-10-01 11:42:37.004043	Speaker	stop	None
2016-10-01 11:42:37.005105	Trial	end	23
2016-10-01 11:42:43.073647	Trial	start	24
2016-10-01 11:42:43.076057	Speaker	play	None
2016-10-01 11:42:43.147458	Speaker	stop	None
2016-10-01 11:42:43.148245	Trial	end	24
2016-10-01 11:42:43.149404	Trial	start	25
2016-10-01 11:42:43.151718	Speaker	play	None
2016-10-01 11:42:46.911792	Speaker	stop	None
2016-10-01 11:42:46.912750	Trial	end	25
2016-10-01 11:42:46.914499	Trial	start	26
2016-10-01 11:42:46.918185	Speaker	play	None
2016-10-01 11:42:52.924297	Speaker	stop	None
2016-10-01 11:42:52.925076	Trial	end	26
2016-10-01 11:42:54.713965	Trial	start	27
2016-10-01 11:42:54.716535	Speaker	play	None
2016-10-01 11:43:00.722578	Speaker	stop	None
2016-10-01 11:43:00.723491	Trial	end	27
2016-10-01 11:43:18.059996	Trial	start	28
2016-10-01 11:43:18.062309	Speaker	play	None
2016-10-01 11:43:18.142297	Speaker	stop	None
2016-10-01 11:43:18.143203	Trial	end	28
2016-10-01 11:43:18.144334	Trial	start	29
2016-10-01 11:43:18.146398	Speaker	play	None
2016-10-01 11:43:24.151071	Speaker	stop	None
2016-10-01 11:43:24.152332	Trial	end	29
2016-10-01 11:43:37.637924	Trial	start	30
2016-10-01 11:43:37.640477	Speaker	play	None
2016-10-01 11:43:37.711774	Speaker	stop	None
2016-10-01 11:43:37.712642	Trial	end	30
2016-10-01 11:43:37.713969	Trial	start	31
2016-10-01 11:43:37.715853	Speaker	play	None
2016-10-01 11:43:43.720694	Speaker	stop	None
2016-10-01 11:43:43.721854	Trial	end	31
2016-10-01 11:43:46.566878	Trial	start	32
2016-10-01 11:43:46.569052	Speaker	play	None
2016-10-01 11:43:52.575416	Speaker	stop	None
2016-10-01 11:43:52.576254	Trial	end	32
2016-10-01 11:43:57.023348	Trial	start	33
2016-10-01 11:43:57.025596	Speaker	play	None
2016-10-01 11:44:03.032073	Speaker	stop	None
2016-10-01 11:44:03.032866	Trial	end	33
2016-10-01 11:44:12.693905	Trial	start	34
2016-10-01 11:44:12.696303	Speaker	play	None
2016-10-01 11:44:13.751171	Speaker	stop	None
2016-10-01 11:44:13.752158	Trial	end	34
2016-10-01 11:44:13.753430	Trial	start	35
2016-10-01 11:44:13.756058	Speaker	play	None
2016-10-01 11:44:19.763346	Speaker	stop	None
2016-10-01 11:44:19.764190	Trial	end	35
2016-10-01 11:44:21.032851	Trial	start	36
2016-10-01 11:44:21.034957	Speaker	play	None
2016-10-01 11:44:21.102793	Speaker	stop	None
2016-10-01 11:44:21.103597	Trial	end	36
2016-10-01 11:44:21.105449	Trial	start	37
2016-10-01 11:44:21.109153	Speaker	play	None
2016-10-01 11:44:21.405873	Speaker	stop	None
2016-10-01 11:44:21.406871	Trial	end	37
2016-10-01 11:44:21.408071	Trial	start	38
2016-10-01 11:44:21.410080	Speaker	play	None
2016-10-01 11:44:21.479482	Speaker	stop	None
2016-10-01 11:44:21.480346	Trial	end	38
2016-10-01 11:44:21.481630	Trial	start	39
2016-10-01 11:44:21.483570	Speaker	play	None
2016-10-01 11:44:30.432907	Speaker	stop	None
2016-10-01 11:44:30.433763	Trial	end	39
2016-10-01 11:44:34.897587	Trial	start	40
2016-10-01 11:44:34.902430	Speaker	play	None
2016-10-01 11:44:34.962829	Speaker	stop	None
2016-10-01 11:44:34.963627	Trial	end	40
2016-10-01 11:44:34.964747	Trial	start	41
2016-10-01 11:44:34.966796	Speaker	play	None
2016-10-01 11:44:40.971565	Speaker	stop	None
2016-10-01 11:44:40.973318	Hopper	up	None
2016-10-01 11:44:52.976636	Hopper	down	None
2016-10-01 11:44:53.283142	Trial	end	41
2016-10-01 11:46:07.195944	Trial	start	42
2016-10-01 11:46:07.198388	Speaker	play	None
2016-10-01 11:46:13.204952	Speaker	stop	None
2016-10-01 11:46:13.206609	Trial	end	42
2016-10-01 11:46:32.725172	Trial	start	43
2016-10-01 11:46:32.728522	Speaker	play	None
2016-10-01 11:46:32.782701	Speaker	stop	None
2016-10-01 11:46:32.783540	Trial	end	43
2016-10-01 11:46:32.785197	Trial	start	44
2016-10-01 11:46:32.787346	Speaker	play	None
2016-10-01 11:46:38.799158	Speaker	stop	None
2016-10-01 11:46:38.800250	Hopper	up	None
2016-10-01 11:46:50.804282	Hopper	down	None
2016-10-01 11:46:51.106905	Trial	end	44
2016-10-01 11:48:03.168440	Trial	start	45
2016-10-01 11:48:03.171281	Speaker	play	None
2016-10-01 11:48:09.177476	Speaker	stop	None
2016-10-01 11:48:09.179048	Hopper	up	None
2016-10-01 11:48:21.181844	Hopper	down	None
2016-10-01 11:48:21.484659	Trial	end	45
2016-10-01 11:49:27.082861	Trial	start	46
2016-10-01 11:49:27.085029	Speaker	play	None
2016-10-01 11:49:33.091709	Speaker	stop	None
2016-10-01 11:49:33.093513	Trial	end	46
2016-10-01 11:50:27.164206	Trial	start	47
2016-10-01 11:50:27.166705	Speaker	play	None
2016-10-01 11:50:27.225623	Speaker	stop	None
2016-10-01 11:50:27.226840	Trial	end	47
2016-10-01 11:50:27.228119	Trial	start	48
2016-10-01 11:50:27.230590	Speaker	play	None
2016-10-01 11:50:33.234099	Speaker	stop	None
2016-10-01 11:50:33.235101	Trial	end	48
2016-10-01 11:50:47.442337	Trial	start	49
2016-10-01 11:50:47.445337	Speaker	play	None
2016-10-01 11:50:53.450930	Speaker	stop	None
2016-10-01 11:50:53.451830	Trial	end	49
2016-10-01 11:51:08.564280	Trial	start	50
2016-10-01 11:51:08.567222	Speaker	play	None
2016-10-01 11:51:08.613597	Speaker	stop	None
2016-10-01 11:51:08.614566	Trial	end	50
2016-10-01 11:51:08.615782	Trial	start	51
2016-10-01 11:51:08.617891	Speaker	play	None
2016-10-01 11:51:08.695665	Speaker	stop	None
2016-10-01 11:51:08.696632	Trial	end	51
2016-10-01 11:51:08.697893	Trial	start	52
2016-10-01 11:51:08.700863	Speaker	play	None
2016-10-01 11:51:14.708014	Speaker	stop	None
2016-10-01 11:51:14.708848	Trial	end	52
2016-10-01 11:51:21.048261	Trial	start	53
2016-10-01 11:51:21.050722	Speaker	play	None
2016-10-01 11:51:21.114054	Speaker	stop	None
2016-10-01 11:51:21.115016	Trial	end	53
2016-10-01 11:51:21.116283	Trial	start	54
2016-10-01 11:51:21.118775	Speaker	play	None
2016-10-01 11:51:27.122396	Speaker	stop	None
2016-10-01 11:51:27.123217	Trial	end	54
2016-10-01 11:51:30.275996	Trial	start	55
2016-10-01 11:51:30.278036	Speaker	play	None
2016-10-01 11:51:30.747298	Speaker	stop	None
2016-10-01 11:51:30.748336	Trial	end	55
2016-10-01 11:51:30.750265	Trial	start	56
2016-10-01 11:51:30.754098	Speaker	play	None
2016-10-01 11:51:36.760160	Speaker	stop	None
2016-10-01 11:51:36.761269	Trial	end	56
2016-10-01 11:51:42.338076	Trial	start	57
2016-10-01 11:51:42.340244	Speaker	play	None
2016-10-01 11:51:51.291627	Speaker	stop	None
2016-10-01 11:51:51.292380	Trial	end	57
2016-10-01 11:51:58.115190	Trial	start	58
2016-10-01 11:51:58.117360	Speaker	play	None
2016-10-01 11:51:58.405947	Speaker	stop	None
2016-10-01 11:51:58.406714	Trial	end	58
2016-10-01 11:51:58.407704	Trial	start	59
2016-10-01 11:51:58.409833	Speaker	play	None
2016-10-01 11:51:58.467504	Speaker	stop	None
2016-10-01 11:51:58.468368	Trial	end	59
2016-10-01 11:51:58.469450	Trial	start	60
2016-10-01 11:51:58.471398	Speaker	play	None
2016-10-01 11:52:04.476531	Speaker	stop	None
2016-10-01 11:52:04.478289	Trial	end	60
2016-10-01 11:52:25.798478	Trial	start	61
2016-10-01 11:52:25.800642	Speaker	play	None
2016-10-01 11:52:25.978853	Speaker	stop	None
2016-10-01 11:52:25.979710	Trial	end	61
2016-10-01 11:52:25.980824	Trial	start	62
2016-10-01 11:52:25.982921	Speaker	play	None
2016-10-01 11:52:31.987707	Speaker	stop	None
2016-10-01 11:52:31.989039	Trial	end	62
2016-10-01 11:52:40.105203	Trial	start	63
2016-10-01 11:52:40.107782	Speaker	play	None
2016-10-01 11:52:40.228139	Speaker	stop	None
2016-10-01 11:52:40.228910	Trial	end	63
2016-10-01 11:52:40.229924	Trial	start	64
2016-10-01 11:52:40.232223	Speaker	play	None
2016-10-01 11:52:40.469750	Speaker	stop	None
2016-10-01 11:52:40.470634	Trial	end	64
2016-10-01 11:52:40.471824	Trial	start	65
2016-10-01 11:52:40.473864	Speaker	play	None
2016-10-01 11:52:40.641864	Speaker	stop	None
2016-10-01 11:52:40.642784	Trial	end	65
2016-10-01 11:52:40.644036	Trial	start	66
2016-10-01 11:52:40.646105	Speaker	play	None
2016-10-01 11:52:51.876682	Speaker	stop	None
2016-10-01 11:52:51.877704	Trial	end	66
2016-10-01 11:53:04.409978	Trial	start	67
2016-10-01 11:53:04.412478	Speaker	play	None
2016-10-01 11:53:05.785878	Speaker	stop	None
2016-10-01 11:53:05.786845	Trial	end	67
2016-10-01 11:53:05.788123	Trial	start	68
2016-10-01 11:53:05.790255	Speaker	play	None
2016-10-01 11:53:05.857763	Speaker	stop	None
2016-10-01 11:53:05.859833	Trial	end	68
2016-10-01 11:53:05.861816	Trial	start	69
2016-10-01 11:53:05.865670	Speaker	play	None
2016-10-01 11:53:11.872214	Speaker	stop	None
2016-10-01 11:53:11.873071	Trial	end	69
2016-10-01 11:53:32.887525	Trial	start	70
2016-10-01 11:53:32.889633	Speaker	play	None
2016-10-01 11:53:38.896262	Speaker	stop	None
2016-10-01 11:53:38.897448	Hopper	up	None
2016-10-01 11:53:50.900999	Hopper	down	None
2016-10-01 11:53:51.203873	Trial	end	70
2016-10-01 11:55:13.803785	Trial	start	71
2016-10-01 11:55:13.813234	Speaker	play	None
2016-10-01 11:55:13.869796	Speaker	stop	None
2016-10-01 11:55:13.871270	Trial	end	71
2016-10-01 11:55:13.872282	Trial	start	72
2016-10-01 11:55:13.874973	Speaker	play	None
2016-10-01 11:55:19.880715	Speaker	stop	None
2016-10-01 11:55:19.883877	Hopper	up	None
2016-10-01 11:55:31.887585	Hopper	down	None
2016-10-01 11:55:32.193736	Trial	end	72
2016-10-01 11:56:38.459782	Trial	start	73
2016-10-01 11:56:38.462628	Speaker	play	None
2016-10-01 11:56:38.517173	Speaker	stop	None
2016-10-01 11:56:38.519088	Trial	end	73
2016-10-01 11:56:38.521217	Trial	start	74
2016-10-01 11:56:38.524370	Speaker	play	None
2016-10-01 11:56:38.709755	Speaker	stop	None
2016-10-01 11:56:38.710760	Trial	end	74
2016-10-01 11:56:38.711939	Trial	start	75
2016-10-01 11:56:38.714245	Speaker	play	None
2016-10-01 11:56:38.890281	Speaker	stop	None
2016-10-01 11:56:38.891837	Trial	end	75
2016-10-01 11:56:38.893088	Trial	start	76
2016-10-01 11:56:38.895072	Speaker	play	None
2016-10-01 11:56:44.898484	Speaker	stop	None
2016-10-01 11:56:44.899523	Trial	end	76
2016-10-01 11:56:55.125545	Trial	start	77
2016-10-01 11:56:55.128061	Speaker	play	None
2016-10-01 11:56:55.187394	Speaker	stop	None
2016-10-01 11:56:55.188446	Trial	end	77
2016-10-01 11:56:55.189861	Trial	start	78
2016-10-01 11:56:55.192134	Speaker	play	None
2016-10-01 11:56:55.289858	Speaker	play	None
2016-10-01 11:56:55.283237	Trial	end	78
2016-10-01 11:56:55.284463	Trial	start	79
2016-10-01 11:56:55.289858	Speaker	play	None
2016-10-01 11:57:01.293902	Speaker	stop	None
2016-10-01 11:57:01.294831	Trial	end	79
2016-10-01 11:57:06.778079	Trial	start	80
2016-10-01 11:57:06.780360	Speaker	play	None
2016-10-01 11:57:07.794859	Speaker	stop	None
2016-10-01 11:57:07.796296	Trial	end	80
2016-10-01 11:57:07.798407	Trial	start	81
2016-10-01 11:57:07.801477	Speaker	play	None
2016-10-01 11:57:16.755875	Speaker	stop	None
2016-10-01 11:57:16.757870	Trial	end	81
2016-10-01 11:57:21.658392	Trial	start	82
2016-10-01 11:57:21.660884	Speaker	play	None
2016-10-01 11:57:21.871939	Speaker	stop	None
2016-10-01 11:57:21.872934	Trial	end	82
2016-10-01 11:57:21.874677	Trial	start	83
2016-10-01 11:57:21.877673	Speaker	play	None
2016-10-01 11:57:22.092392	Speaker	stop	None
2016-10-01 11:57:22.093341	Trial	end	83
2016-10-01 11:57:22.094409	Trial	start	84
2016-10-01 11:57:22.096442	Speaker	play	None
2016-10-01 11:57:23.177720	Speaker	stop	None
2016-10-01 11:57:23.178647	Trial	end	84
2016-10-01 11:57:23.180027	Trial	start	85
2016-10-01 11:57:23.182402	Speaker	play	None
2016-10-01 11:57:29.186370	Speaker	stop	None
2016-10-01 11:57:29.187236	Trial	end	85
2016-10-01 11:57:47.588870	Trial	start	86
2016-10-01 11:57:47.592823	Speaker	play	None
2016-10-01 11:57:47.674738	Speaker	stop	None
2016-10-01 11:57:47.675878	Trial	end	86
2016-10-01 11:57:47.676939	Trial	start	87
2016-10-01 11:57:47.678769	Speaker	play	None
2016-10-01 11:57:53.684019	Speaker	stop	None
2016-10-01 11:57:53.685094	Trial	end	87
2016-10-01 11:58:01.170366	Trial	start	88
2016-10-01 11:58:01.173764	Speaker	play	None
2016-10-01 11:58:01.232215	Speaker	stop	None
2016-10-01 11:58:01.235687	Trial	end	88
2016-10-01 11:58:01.238140	Trial	start	89
2016-10-01 11:58:01.241008	Speaker	play	None
2016-10-01 11:58:07.248715	Speaker	stop	None
2016-10-01 11:58:07.250401	Trial	end	89
2016-10-01 11:58:11.352406	Trial	start	90
2016-10-01 11:58:11.357360	Speaker	play	None
2016-10-01 11:58:11.418179	Speaker	stop	None
2016-10-01 11:58:11.419499	Trial	end	90
2016-10-01 11:58:11.421090	Trial	start	91
2016-10-01 11:58:11.426637	Speaker	play	None
2016-10-01 11:58:11.516266	Speaker	stop	None
2016-10-01 11:58:11.517092	Trial	end	91
2016-10-01 11:58:11.518136	Trial	start	92
2016-10-01 11:58:11.520575	Speaker	play	None
2016-10-01 11:58:11.960519	Speaker	stop	None
2016-10-01 11:58:11.962218	Trial	end	92
2016-10-01 11:58:11.964262	Trial	start	93
2016-10-01 11:58:11.966303	Speaker	play	None
2016-10-01 11:58:17.971417	Speaker	stop	None
2016-10-01 11:58:17.972684	Trial	end	93
2016-10-01 11:58:43.639521	Trial	start	94
2016-10-01 11:58:43.642073	Speaker	play	None
2016-10-01 11:58:43.701210	Speaker	stop	None
2016-10-01 11:58:43.702072	Trial	end	94
2016-10-01 11:58:43.703216	Trial	start	95
2016-10-01 11:58:43.705178	Speaker	play	None
2016-10-01 11:58:44.685414	Speaker	stop	None
2016-10-01 11:58:44.686799	Trial	end	95
2016-10-01 11:58:44.688406	Trial	start	96
2016-10-01 11:58:44.692568	Speaker	play	None
2016-10-01 11:58:44.758020	Speaker	stop	None
2016-10-01 11:58:44.759050	Trial	end	96
2016-10-01 11:58:44.760566	Trial	start	97
2016-10-01 11:58:44.764306	Speaker	play	None
2016-10-01 11:58:44.974977	Speaker	stop	None
2016-10-01 11:58:44.975925	Trial	end	97
2016-10-01 11:58:44.977290	Trial	start	98
2016-10-01 11:58:44.981389	Speaker	play	None
2016-10-01 11:58:45.081849	Speaker	stop	None
2016-10-01 11:58:45.083362	Trial	end	98
2016-10-01 11:58:45.084853	Trial	start	99
2016-10-01 11:58:45.086798	Speaker	play	None
2016-10-01 11:58:45.836560	Speaker	stop	None
2016-10-01 11:58:45.837867	PeckPort	off	None
2016-10-01 11:58:45.839240	HouseLight	on	None
2016-10-01 11:58:45.839768	Hopper	down	None
2016-10-01 12:01:13.297084	PeckPort	off	None
2016-10-01 12:01:13.297914	HouseLight	on	None
2016-10-01 12:01:13.298807	Hopper	down	None
2016-10-01 12:01:13.603228	Hopper	down	None
2016-10-01 12:01:13.906047	HouseLight	on	None
2016-10-01 12:01:13.906486	PeckPort	on	None
2016-10-01 12:01:14.168135	Trial	start	1
2016-10-01 12:01:14.170773	Speaker	play	None
2016-10-01 12:01:14.238016	Speaker	stop	None
2016-10-01 12:01:14.238870	Trial	end	1
2016-10-01 12:01:14.239974	Trial	start	2
2016-10-01 12:01:14.241948	Speaker	play	None
2016-10-01 12:01:20.246334	Speaker	stop	None
2016-10-01 12:01:20.247124	Trial	end	2
2016-10-01 12:01:27.352421	Trial	start	3
2016-10-01 12:01:27.354536	Speaker	play	None
2016-10-01 12:01:27.438559	Speaker	stop	None
2016-10-01 12:01:27.439337	Trial	end	3
2016-10-01 12:01:27.440605	Trial	start	4
2016-10-01 12:01:27.443367	Speaker	play	None
2016-10-01 12:01:33.451332	Speaker	stop	None
2016-10-01 12:01:33.452383	Trial	end	4
2016-10-01 12:01:49.830169	Trial	start	5
2016-10-01 12:01:49.832288	Speaker	play	None
2016-10-01 12:01:50.158550	Speaker	stop	None
2016-10-01 12:01:50.160146	Trial	end	5
2016-10-01 12:01:50.162369	Trial	start	6
2016-10-01 12:01:50.165731	Speaker	play	None
2016-10-01 12:01:50.219426	Speaker	stop	None
2016-10-01 12:01:50.220205	Trial	end	6
2016-10-01 12:01:50.221908	Trial	start	7
2016-10-01 12:01:50.223985	Speaker	play	None
2016-10-01 12:01:50.571606	Speaker	stop	None
2016-10-01 12:01:50.572491	Trial	end	7
2016-10-01 12:01:50.573773	Trial	start	8
2016-10-01 12:01:50.575781	Speaker	play	None
2016-10-01 12:01:50.653482	Speaker	stop	None
2016-10-01 12:01:50.654397	Trial	end	8
2016-10-01 12:01:50.655683	Trial	start	9
2016-10-01 12:01:50.657639	Speaker	play	None
2016-10-01 12:01:56.662074	Speaker	stop	None
2016-10-01 12:01:56.662826	Trial	end	9
2016-10-01 12:01:58.476341	Trial	start	10
2016-10-01 12:01:58.478733	Speaker	play	None
2016-10-01 12:01:58.558449	Speaker	stop	None
2016-10-01 12:01:58.559257	Trial	end	10
2016-10-01 12:01:58.560830	Trial	start	11
2016-10-01 12:01:58.563105	Speaker	play	None
2016-10-01 12:01:58.656716	Speaker	stop	None
2016-10-01 12:01:58.657662	Trial	end	11
2016-10-01 12:01:58.659423	Trial	start	12
2016-10-01 12:01:58.661596	Speaker	play	None
2016-10-01 12:01:59.971426	Speaker	stop	None
2016-10-01 12:01:59.972433	Trial	end	12
2016-10-01 12:01:59.973862	Trial	start	13
2016-10-01 12:01:59.975813	Speaker	play	None
2016-10-01 12:02:05.979995	Speaker	stop	None
2016-10-01 12:02:05.980884	Trial	end	13
2016-10-01 12:02:13.819314	Trial	start	14
2016-10-01 12:02:13.822425	Speaker	play	None
2016-10-01 12:02:25.049926	Speaker	stop	None
2016-10-01 12:02:25.050739	Trial	end	14
2016-10-01 12:02:37.853599	Trial	start	15
2016-10-01 12:02:37.858055	Speaker	play	None
2016-10-01 12:02:37.945665	Speaker	stop	None
2016-10-01 12:02:37.946647	Trial	end	15
2016-10-01 12:02:37.948104	Trial	start	16
2016-10-01 12:02:37.955658	Speaker	play	None
2016-10-01 12:02:38.222539	Speaker	stop	None
2016-10-01 12:02:38.223743	Trial	end	16
2016-10-01 12:02:38.225609	Trial	start	17
2016-10-01 12:02:38.229015	Speaker	play	None
2016-10-01 12:02:44.234613	Speaker	stop	None
2016-10-01 12:02:44.235407	Trial	end	17
2016-10-01 12:02:50.550239	Trial	start	18
2016-10-01 12:02:50.553017	Speaker	play	None
2016-10-01 12:02:50.603840	Speaker	stop	None
2016-10-01 12:02:50.604811	Trial	end	18
2016-10-01 12:02:50.606333	Trial	start	19
2016-10-01 12:02:50.609594	Speaker	play	None
2016-10-01 12:02:50.685747	Speaker	stop	None
2016-10-01 12:02:50.686764	Trial	end	19
2016-10-01 12:02:50.687956	Trial	start	20
2016-10-01 12:02:50.690610	Speaker	play	None
2016-10-01 12:02:50.988666	Speaker	stop	None
2016-10-01 12:02:50.989655	Trial	end	20
2016-10-01 12:02:50.991348	Trial	start	21
2016-10-01 12:02:50.993237	Speaker	play	None
2016-10-01 12:02:51.058232	Speaker	stop	None
2016-10-01 12:02:51.059052	Trial	end	21
2016-10-01 12:02:51.060375	Trial	start	22
2016-10-01 12:02:51.062474	Speaker	play	None
2016-10-01 12:02:57.066747	Speaker	stop	None
2016-10-01 12:02:57.067726	Trial	end	22
2016-10-01 12:02:59.282448	Trial	start	23
2016-10-01 12:02:59.284696	Speaker	play	None
2016-10-01 12:02:59.348059	Speaker	stop	None
2016-10-01 12:02:59.348953	Trial	end	23
2016-10-01 12:02:59.350464	Trial	start	24
2016-10-01 12:02:59.352757	Speaker	play	None
2016-10-01 12:02:59.459088	Speaker	stop	None
2016-10-01 12:02:59.460131	Trial	end	24
2016-10-01 12:02:59.461379	Trial	start	25
2016-10-01 12:02:59.463451	Speaker	play	None
2016-10-01 12:03:10.694185	Speaker	stop	None
2016-10-01 12:03:10.696456	Trial	end	25
2016-10-01 12:03:27.920108	Trial	start	26
2016-10-01 12:03:27.922347	Speaker	play	None
2016-10-01 12:03:27.981877	Speaker	stop	None
2016-10-01 12:03:27.982763	Trial	end	26
2016-10-01 12:03:27.984105	Trial	start	27
2016-10-01 12:03:27.985979	Speaker	play	None
2016-10-01 12:03:33.990330	Speaker	stop	None
2016-10-01 12:03:33.991129	Trial	end	27
2016-10-01 12:03:36.513107	Trial	start	28
2016-10-01 12:03:36.515550	Speaker	play	None
2016-10-01 12:03:36.581621	Speaker	stop	None
2016-10-01 12:03:36.582567	Trial	end	28
2016-10-01 12:03:36.583946	Trial	start	29
2016-10-01 12:03:36.586006	Speaker	play	None
2016-10-01 12:03:42.591447	Speaker	stop	None
2016-10-01 12:03:42.592208	Trial	end	29
2016-10-01 12:03:45.159320	Trial	start	30
2016-10-01 12:03:45.161521	Speaker	play	None
2016-10-01 12:03:45.261925	Speaker	stop	None
2016-10-01 12:03:45.262905	Trial	end	30
2016-10-01 12:03:45.264843	Trial	start	31
2016-10-01 12:03:45.267444	Speaker	play	None
2016-10-01 12:03:51.270405	Speaker	stop	None
2016-10-01 12:03:51.271307	Trial	end	31
2016-10-01 12:03:59.699685	Trial	start	32
2016-10-01 12:03:59.706080	Speaker	play	None
2016-10-01 12:03:59.847011	Speaker	stop	None
2016-10-01 12:03:59.848891	Trial	end	32
2016-10-01 12:03:59.850825	Trial	start	33
2016-10-01 12:03:59.854652	Speaker	play	None
2016-10-01 12:04:05.859830	Speaker	stop	None
2016-10-01 12:04:05.861410	Hopper	up	None
2016-10-01 12:04:17.864734	Hopper	down	None
2016-10-01 12:04:18.171416	Trial	end	33
2016-10-01 12:05:14.177168	Trial	start	34
2016-10-01 12:05:14.179148	Speaker	play	None
2016-10-01 12:05:14.242910	Speaker	stop	None
2016-10-01 12:05:14.243814	Trial	end	34
2016-10-01 12:05:14.244958	Trial	start	35
2016-10-01 12:05:14.247035	Speaker	play	None
2016-10-01 12:05:23.196840	Speaker	stop	None
2016-10-01 12:05:23.198299	Trial	end	35
2016-10-01 12:05:32.858088	Trial	start	36
2016-10-01 12:05:32.861082	Speaker	play	None
2016-10-01 12:05:32.919636	Speaker	stop	None
2016-10-01 12:05:32.920514	Trial	end	36
2016-10-01 12:05:32.921489	Trial	start	37
2016-10-01 12:05:32.923352	Speaker	play	None
2016-10-01 12:05:33.055190	Speaker	stop	None
2016-10-01 12:05:33.056302	Trial	end	37
2016-10-01 12:05:33.057747	Trial	start	38
2016-10-01 12:05:33.059923	Speaker	play	None
2016-10-01 12:05:33.280408	Speaker	stop	None
2016-10-01 12:05:33.281566	Trial	end	38
2016-10-01 12:05:33.283132	Trial	start	39
2016-10-01 12:05:33.287444	Speaker	play	None
2016-10-01 12:05:33.378387	Speaker	stop	None
2016-10-01 12:05:33.379318	Trial	end	39
2016-10-01 12:05:33.380655	Trial	start	40
2016-10-01 12:05:33.383509	Speaker	play	None
2016-10-01 12:05:39.391219	Speaker	stop	None
2016-10-01 12:05:39.392339	Hopper	up	None
2016-10-01 12:05:51.395734	Hopper	down	None
2016-10-01 12:05:51.698675	Trial	end	40
2016-10-01 12:07:21.621774	Trial	start	41
2016-10-01 12:07:21.624089	Speaker	play	None
2016-10-01 12:07:21.675129	Speaker	stop	None
2016-10-01 12:07:21.676398	Trial	end	41
2016-10-01 12:07:21.680194	Trial	start	42
2016-10-01 12:07:21.684415	Speaker	play	None
2016-10-01 12:07:21.757092	Speaker	stop	None
2016-10-01 12:07:21.758165	Trial	end	42
2016-10-01 12:07:21.759605	Trial	start	43
2016-10-01 12:07:21.761948	Speaker	play	None
2016-10-01 12:07:21.945570	Speaker	stop	None
2016-10-01 12:07:21.946743	Trial	end	43
2016-10-01 12:07:21.948139	Trial	start	44
2016-10-01 12:07:21.950358	Speaker	play	None
2016-10-01 12:07:27.953894	Speaker	stop	None
2016-10-01 12:07:27.954741	Trial	end	44
2016-10-01 12:07:39.524417	Trial	start	45
2016-10-01 12:07:39.526553	Speaker	play	None
2016-10-01 12:07:39.585914	Speaker	stop	None
2016-10-01 12:07:39.587305	Trial	end	45
2016-10-01 12:07:39.588887	Trial	start	46
2016-10-01 12:07:39.591339	Speaker	play	None
2016-10-01 12:07:39.786723	Speaker	stop	None
2016-10-01 12:07:39.787628	Trial	end	46
2016-10-01 12:07:39.788781	Trial	start	47
2016-10-01 12:07:39.791299	Speaker	play	None
2016-10-01 12:07:39.901375	Speaker	stop	None
2016-10-01 12:07:39.902276	Trial	end	47
2016-10-01 12:07:39.903639	Trial	start	48
2016-10-01 12:07:39.906773	Speaker	play	None
2016-10-01 12:07:45.910066	Speaker	stop	None
2016-10-01 12:07:45.911499	Trial	end	48
2016-10-01 12:07:51.025524	Trial	start	49
2016-10-01 12:07:51.028827	Speaker	play	None
2016-10-01 12:07:51.082878	Speaker	stop	None
2016-10-01 12:07:51.083791	Trial	end	49
2016-10-01 12:07:51.084962	Trial	start	50
2016-10-01 12:07:51.090107	Speaker	play	None
2016-10-01 12:07:51.193488	Speaker	stop	None
2016-10-01 12:07:51.194342	Trial	end	50
2016-10-01 12:07:51.195573	Trial	start	51
2016-10-01 12:07:51.197752	Speaker	play	None
2016-10-01 12:07:51.427027	Speaker	stop	None
2016-10-01 12:07:51.428102	Trial	end	51
2016-10-01 12:07:51.429228	Trial	start	52
2016-10-01 12:07:51.432179	Speaker	play	None
2016-10-01 12:07:51.521235	Speaker	stop	None
2016-10-01 12:07:51.522124	Trial	end	52
2016-10-01 12:07:51.523356	Trial	start	53
2016-10-01 12:07:51.525673	Speaker	play	None
2016-10-01 12:07:57.529618	Speaker	stop	None
2016-10-01 12:07:57.530517	Trial	end	53
2016-10-01 12:08:05.274629	Trial	start	54
2016-10-01 12:08:05.276798	Speaker	play	None
2016-10-01 12:08:05.356674	Speaker	stop	None
2016-10-01 12:08:05.357620	Trial	end	54
2016-10-01 12:08:05.358669	Trial	start	55
2016-10-01 12:08:05.360671	Speaker	play	None
2016-10-01 12:08:11.365153	Speaker	stop	None
2016-10-01 12:08:11.365990	Trial	end	55
2016-10-01 12:08:16.046787	Trial	start	56
2016-10-01 12:08:16.048564	Speaker	play	None
2016-10-01 12:08:16.104053	Speaker	stop	None
2016-10-01 12:08:16.104842	Trial	end	56
2016-10-01 12:08:16.106220	Trial	start	57
2016-10-01 12:08:16.108656	Speaker	play	None
2016-10-01 12:08:22.112636	Speaker	stop	None
2016-10-01 12:08:22.113485	Trial	end	57
2016-10-01 12:08:33.109654	Trial	start	58
2016-10-01 12:08:33.113648	Speaker	play	None
2016-10-01 12:08:33.171161	Speaker	stop	None
2016-10-01 12:08:33.172607	Trial	end	58
2016-10-01 12:08:33.174339	Trial	start	59
2016-10-01 12:08:33.176827	Speaker	play	None
2016-10-01 12:08:33.527415	Speaker	stop	None
2016-10-01 12:08:33.528181	Trial	end	59
2016-10-01 12:08:33.529267	Trial	start	60
2016-10-01 12:08:33.531826	Speaker	play	None
2016-10-01 12:08:33.597114	Speaker	stop	None
2016-10-01 12:08:33.597923	Trial	end	60
2016-10-01 12:08:33.599215	Trial	start	61
2016-10-01 12:08:33.601182	Speaker	play	None
2016-10-01 12:08:39.606160	Speaker	stop	None
2016-10-01 12:08:39.608258	Hopper	up	None
2016-10-01 12:08:51.610450	Hopper	down	None
2016-10-01 12:08:51.917425	Trial	end	61
2016-10-01 12:10:03.462620	Trial	start	62
2016-10-01 12:10:03.465651	Speaker	play	None
2016-10-01 12:10:03.524280	Speaker	stop	None
2016-10-01 12:10:03.525354	Trial	end	62
2016-10-01 12:10:03.526946	Trial	start	63
2016-10-01 12:10:03.529826	Speaker	play	None
2016-10-01 12:10:03.610295	Speaker	stop	None
2016-10-01 12:10:03.611276	Trial	end	63
2016-10-01 12:10:03.612536	Trial	start	64
2016-10-01 12:10:03.615173	Speaker	play	None
2016-10-01 12:10:03.999336	Speaker	stop	None
2016-10-01 12:10:04.000237	Trial	end	64
2016-10-01 12:10:04.001637	Trial	start	65
2016-10-01 12:10:04.003633	Speaker	play	None
2016-10-01 12:10:04.064866	Speaker	stop	None
2016-10-01 12:10:04.065950	Trial	end	65
2016-10-01 12:10:04.067229	Trial	start	66
2016-10-01 12:10:04.069339	Speaker	play	None
2016-10-01 12:10:15.299504	Speaker	stop	None
2016-10-01 12:10:15.300341	Trial	end	66
2016-10-01 12:10:33.542052	Trial	start	67
2016-10-01 12:10:33.544217	Speaker	play	None
2016-10-01 12:10:33.603732	Speaker	stop	None
2016-10-01 12:10:33.604526	Trial	end	67
2016-10-01 12:10:33.606828	Trial	start	68
2016-10-01 12:10:33.612215	Speaker	play	None
2016-10-01 12:10:35.430474	Speaker	stop	None
2016-10-01 12:10:35.431433	Trial	end	68
2016-10-01 12:10:35.433022	Trial	start	69
2016-10-01 12:10:35.435372	Speaker	play	None
2016-10-01 12:10:41.438967	Speaker	stop	None
2016-10-01 12:10:41.439826	Trial	end	69
2016-10-01 12:11:04.330157	Trial	start	70
2016-10-01 12:11:04.332305	Speaker	play	None
2016-10-01 12:11:04.387497	Speaker	stop	None
2016-10-01 12:11:04.388375	Trial	end	70
2016-10-01 12:11:04.389673	Trial	start	71
2016-10-01 12:11:04.391586	Speaker	play	None
2016-10-01 12:11:04.600656	Speaker	stop	None
2016-10-01 12:11:04.601577	Trial	end	71
2016-10-01 12:11:04.602669	Trial	start	72
2016-10-01 12:11:04.604803	Speaker	play	None
2016-10-01 12:11:10.609079	Speaker	stop	None
2016-10-01 12:11:10.609978	Trial	end	72
2016-10-01 12:11:24.813097	Trial	start	73
2016-10-01 12:11:24.815526	Speaker	play	None
2016-10-01 12:11:24.899471	Speaker	stop	None
2016-10-01 12:11:24.900375	Trial	end	73
2016-10-01 12:11:24.902023	Trial	start	74
2016-10-01 12:11:24.912420	Speaker	play	None
2016-10-01 12:11:33.865207	Speaker	stop	None
2016-10-01 12:11:33.866569	Trial	end	74
2016-10-01 12:11:50.555141	Trial	start	75
2016-10-01 12:11:50.557246	Speaker	play	None
2016-10-01 12:11:50.633190	Speaker	stop	None
2016-10-01 12:11:50.634061	Trial	end	75
2016-10-01 12:11:50.635286	Trial	start	76
2016-10-01 12:11:50.637176	Speaker	play	None
2016-10-01 12:11:50.952787	Speaker	stop	None
2016-10-01 12:11:50.954528	Trial	end	76
2016-10-01 12:11:50.957840	Trial	start	77
2016-10-01 12:11:50.960071	Speaker	play	None
2016-10-01 12:11:56.965163	Speaker	stop	None
2016-10-01 12:11:56.966137	Trial	end	77
2016-10-01 12:12:11.722131	Trial	start	78
2016-10-01 12:12:11.734608	Speaker	play	None
2016-10-01 12:12:11.788046	Speaker	stop	None
2016-10-01 12:12:11.789025	Trial	end	78
2016-10-01 12:12:11.790345	Trial	start	79
2016-10-01 12:12:11.793602	Speaker	play	None
2016-10-01 12:12:11.861642	Speaker	stop	None
2016-10-01 12:12:11.862899	Trial	end	79
2016-10-01 12:12:11.864177	Trial	start	80
2016-10-01 12:12:11.866313	Speaker	play	None
2016-10-01 12:12:12.135924	Speaker	stop	None
2016-10-01 12:12:12.136727	Trial	end	80
2016-10-01 12:12:12.137971	Trial	start	81
2016-10-01 12:12:12.139871	Speaker	play	None
2016-10-01 12:12:12.242669	Speaker	stop	None
2016-10-01 12:12:12.243509	Trial	end	81
2016-10-01 12:12:12.245240	Trial	start	82
2016-10-01 12:12:12.248126	Speaker	play	None
2016-10-01 12:12:18.255127	Speaker	stop	None
2016-10-01 12:12:18.256204	Trial	end	82
2016-10-01 12:13:26.937086	Trial	start	83
2016-10-01 12:13:26.939381	Speaker	play	None
2016-10-01 12:13:32.945795	Speaker	stop	None
2016-10-01 12:13:32.946707	Trial	end	83
2016-10-01 12:13:38.364365	Trial	start	84
2016-10-01 12:13:38.366633	Speaker	play	None
2016-10-01 12:13:38.421881	Speaker	stop	None
2016-10-01 12:13:38.422851	Trial	end	84
2016-10-01 12:13:38.424188	Trial	start	85
2016-10-01 12:13:38.426088	Speaker	play	None
2016-10-01 12:13:44.430635	Speaker	stop	None
2016-10-01 12:13:44.432186	Hopper	up	None
2016-10-01 12:13:56.435797	Hopper	down	None
2016-10-01 12:13:56.742076	Trial	end	85
2016-10-01 12:15:44.121330	Trial	start	86
2016-10-01 12:15:44.123507	Speaker	play	None
2016-10-01 12:15:44.187296	Speaker	stop	None
2016-10-01 12:15:44.188080	Trial	end	86
2016-10-01 12:15:44.189368	Trial	start	87
2016-10-01 12:15:44.191144	Speaker	play	None
2016-10-01 12:15:50.195618	Speaker	stop	None
2016-10-01 12:15:50.196952	Trial	end	87
2016-10-01 12:16:08.065400	Trial	start	88
2016-10-01 12:16:08.068344	Speaker	play	None
2016-10-01 12:16:08.143211	Speaker	stop	None
2016-10-01 12:16:08.144075	Trial	end	88
2016-10-01 12:16:08.145628	Trial	start	89
2016-10-01 12:16:08.147614	Speaker	play	None
2016-10-01 12:16:14.151774	Speaker	stop	None
2016-10-01 12:16:14.153876	Hopper	up	None
2016-10-01 12:16:26.156508	Hopper	down	None
2016-10-01 12:16:26.459361	Trial	end	89
2016-10-01 12:17:46.441899	Trial	start	90
2016-10-01 12:17:46.444103	Speaker	play	None
2016-10-01 12:17:46.731221	Speaker	play	None
2016-10-01 12:17:46.725921	Trial	end	90
2016-10-01 12:17:46.727375	Trial	start	91
2016-10-01 12:17:46.731221	Speaker	play	None
2016-10-01 12:17:47.199716	Speaker	stop	None
2016-10-01 12:17:47.200699	Trial	end	91
2016-10-01 12:17:47.202154	Trial	start	92
2016-10-01 12:17:47.204378	Speaker	play	None
2016-10-01 12:17:53.208395	Speaker	stop	None
2016-10-01 12:17:53.209440	Trial	end	92
2016-10-01 12:18:21.571470	Trial	start	93
2016-10-01 12:18:21.573661	Speaker	play	None
2016-10-01 12:18:21.633217	Speaker	stop	None
2016-10-01 12:18:21.634348	Trial	end	93
2016-10-01 12:18:21.635420	Trial	start	94
2016-10-01 12:18:21.637321	Speaker	play	None
2016-10-01 12:18:27.641553	Speaker	stop	None
2016-10-01 12:18:27.642418	Trial	end	94
2016-10-01 12:18:36.529475	Trial	start	95
2016-10-01 12:18:36.533152	Speaker	play	None
2016-10-01 12:18:36.607558	Speaker	stop	None
2016-10-01 12:18:36.608512	Trial	end	95
2016-10-01 12:18:36.609857	Trial	start	96
2016-10-01 12:18:36.612739	Speaker	play	None
2016-10-01 12:18:42.619789	Speaker	stop	None
2016-10-01 12:18:42.620767	Trial	end	96
2016-10-01 12:18:56.258714	Trial	start	97
2016-10-01 12:18:56.260924	Speaker	play	None
2016-10-01 12:18:56.312087	Speaker	stop	None
2016-10-01 12:18:56.313011	Trial	end	97
2016-10-01 12:18:56.314423	Trial	start	98
2016-10-01 12:18:56.316597	Speaker	play	None
2016-10-01 12:18:56.512730	Speaker	stop	None
2016-10-01 12:18:56.513686	Trial	end	98
2016-10-01 12:18:56.514893	Trial	start	99
2016-10-01 12:18:56.516927	Speaker	play	None
2016-10-01 12:18:56.783330	Speaker	stop	None
2016-10-01 12:18:56.784378	Trial	end	99
2016-10-01 12:18:56.786038	Trial	start	100
2016-10-01 12:18:56.788119	Speaker	play	None
2016-10-01 12:19:08.017913	Speaker	stop	None
2016-10-01 12:19:08.018896	Trial	end	100
2016-10-01 12:19:18.117906	Trial	start	101
2016-10-01 12:19:18.120316	Speaker	play	None
2016-10-01 12:19:18.212455	Speaker	stop	None
2016-10-01 12:19:18.213437	Trial	end	101
2016-10-01 12:19:18.215580	Trial	start	102
2016-10-01 12:19:18.217639	Speaker	play	None
2016-10-01 12:19:18.380356	Speaker	stop	None
2016-10-01 12:19:18.381302	Trial	end	102
2016-10-01 12:19:18.382579	Trial	start	103
2016-10-01 12:19:18.384534	Speaker	play	None
2016-10-01 12:19:18.970484	Speaker	stop	None
2016-10-01 12:19:18.971751	Trial	end	103
2016-10-01 12:19:18.973116	Trial	start	104
2016-10-01 12:19:18.976099	Speaker	play	None
2016-10-01 12:19:20.243677	Speaker	stop	None
2016-10-01 12:19:20.244560	Trial	end	104
2016-10-01 12:19:20.246180	Trial	start	105
2016-10-01 12:19:20.248106	Speaker	play	None
2016-10-01 12:19:20.523195	Speaker	stop	None
2016-10-01 12:19:20.524532	Trial	end	105
2016-10-01 12:19:20.526600	Trial	start	106
2016-10-01 12:19:20.528926	Speaker	play	None
2016-10-01 12:19:26.534783	Speaker	stop	None
2016-10-01 12:19:26.535560	Trial	end	106
2016-10-01 12:19:32.301558	Trial	start	107
2016-10-01 12:19:32.303944	Speaker	play	None
2016-10-01 12:19:32.367406	Speaker	stop	None
2016-10-01 12:19:32.368794	Trial	end	107
2016-10-01 12:19:32.369944	Trial	start	108
2016-10-01 12:19:32.371734	Speaker	play	None
2016-10-01 12:19:32.445146	Speaker	stop	None
2016-10-01 12:19:32.446161	Trial	end	108
2016-10-01 12:19:32.447369	Trial	start	109
2016-10-01 12:19:32.449411	Speaker	play	None
2016-10-01 12:19:32.658007	Speaker	stop	None
2016-10-01 12:19:32.658904	Trial	end	109
2016-10-01 12:19:32.660098	Trial	start	110
2016-10-01 12:19:32.662062	Speaker	play	None
2016-10-01 12:19:32.785241	Speaker	stop	None
2016-10-01 12:19:32.786283	Trial	end	110
2016-10-01 12:19:32.787907	Trial	start	111
2016-10-01 12:19:32.790202	Speaker	play	None
2016-10-01 12:19:33.247748	Speaker	stop	None
2016-10-01 12:19:33.248685	Trial	end	111
2016-10-01 12:19:33.250004	Trial	start	112
2016-10-01 12:19:33.252002	Speaker	play	None
2016-10-01 12:19:33.325657	Speaker	stop	None
2016-10-01 12:19:33.326515	Trial	end	112
2016-10-01 12:19:33.327900	Trial	start	113
2016-10-01 12:19:33.329865	Speaker	play	None
2016-10-01 12:19:39.334175	Speaker	stop	None
2016-10-01 12:19:39.335968	Hopper	up	None
2016-10-01 12:19:51.338964	Hopper	down	None
2016-10-01 12:19:51.641806	Trial	end	113
2016-10-01 12:23:50.368786	Trial	start	114
2016-10-01 12:23:50.371703	Speaker	play	None
2016-10-01 12:23:56.377502	Speaker	stop	None
2016-10-01 12:23:56.378621	Trial	end	114
2016-10-01 12:25:39.627771	Trial	start	115
2016-10-01 12:25:39.629940	Speaker	play	None
2016-10-01 12:25:39.705807	Speaker	stop	None
2016-10-01 12:25:39.706679	Trial	end	115
2016-10-01 12:25:39.707642	Trial	start	116
2016-10-01 12:25:39.709563	Speaker	play	None
2016-10-01 12:25:39.906487	Speaker	stop	None
2016-10-01 12:25:39.907419	Trial	end	116
2016-10-01 12:25:39.908704	Trial	start	117
2016-10-01 12:25:39.911104	Speaker	play	None
2016-10-01 12:25:39.980296	Speaker	stop	None
2016-10-01 12:25:39.981255	Trial	end	117
2016-10-01 12:25:39.982885	Trial	start	118
2016-10-01 12:25:39.986325	Speaker	play	None
2016-10-01 12:25:45.992776	Speaker	stop	None
2016-10-01 12:25:45.994171	Hopper	up	None
2016-10-01 12:25:57.997775	Hopper	down	None
2016-10-01 12:25:58.304561	Trial	end	118
2016-10-01 12:28:15.329152	Trial	start	119
2016-10-01 12:28:15.332851	Speaker	play	None
2016-10-01 12:28:21.338008	Speaker	stop	None
2016-10-01 12:28:21.340183	Trial	end	119
2016-10-01 12:28:24.438202	Trial	start	120
2016-10-01 12:28:24.440726	Speaker	play	None
2016-10-01 12:28:30.447236	Speaker	stop	None
2016-10-01 12:28:30.450146	Hopper	up	None
2016-10-01 12:28:42.452074	Hopper	down	None
2016-10-01 12:28:42.758475	Trial	end	120
2016-10-01 12:30:29.339922	Trial	start	121
2016-10-01 12:30:29.345686	Speaker	play	None
2016-10-01 12:30:38.294862	Speaker	stop	None
2016-10-01 12:30:38.295853	Trial	end	121
2016-10-01 12:32:12.052805	Trial	start	122
2016-10-01 12:32:12.055124	Speaker	play	None
2016-10-01 12:32:18.061156	Speaker	stop	None
2016-10-01 12:32:18.062038	Trial	end	122
2016-10-01 12:32:23.246160	Trial	start	123
2016-10-01 12:32:23.249333	Speaker	play	None
2016-10-01 12:32:29.254273	Speaker	stop	None
2016-10-01 12:32:29.255706	Hopper	up	None
2016-10-01 12:32:41.258048	Hopper	down	None
2016-10-01 12:32:41.561016	Trial	end	123
2016-10-01 12:58:11.869620	Trial	start	124
2016-10-01 12:58:11.872496	Speaker	play	None
2016-10-01 12:58:17.878152	Speaker	stop	None
2016-10-01 12:58:17.879449	Trial	end	124
2016-10-01 12:58:43.078879	Trial	start	125
2016-10-01 12:58:43.081352	Speaker	play	None
2016-10-01 12:58:43.193784	Speaker	stop	None
2016-10-01 12:58:43.195428	Trial	end	125
2016-10-01 12:58:43.196602	Trial	start	126
2016-10-01 12:58:43.198798	Speaker	play	None
2016-10-01 12:58:49.206351	Speaker	stop	None
2016-10-01 12:58:49.208443	Hopper	up	None
2016-10-01 12:59:01.211147	Hopper	down	None
2016-10-01 12:59:01.517830	Trial	end	126
2016-10-01 13:00:42.019144	Trial	start	127
2016-10-01 13:00:42.021710	Speaker	play	None
2016-10-01 13:00:48.027715	Speaker	stop	None
2016-10-01 13:00:48.028841	Trial	end	127
2016-10-01 13:02:19.919528	Trial	start	128
2016-10-01 13:02:19.922470	Speaker	play	None
2016-10-01 13:02:20.054698	Speaker	stop	None
2016-10-01 13:02:20.055674	Trial	end	128
2016-10-01 13:02:20.056760	Trial	start	129
2016-10-01 13:02:20.058653	Speaker	play	None
2016-10-01 13:02:26.063278	Speaker	stop	None
2016-10-01 13:02:26.064225	Trial	end	129
2016-10-01 13:02:55.040430	Trial	start	130
2016-10-01 13:02:55.043167	Speaker	play	None
2016-10-01 13:03:01.048873	Speaker	stop	None
2016-10-01 13:03:01.050004	Hopper	up	None
2016-10-01 13:03:13.053744	Hopper	down	None
2016-10-01 13:03:13.356472	Trial	end	130
2016-10-01 13:05:34.100315	Trial	start	131
2016-10-01 13:05:34.102616	Speaker	play	None
2016-10-01 13:05:40.108970	Speaker	stop	None
2016-10-01 13:05:40.110342	Hopper	up	None
2016-10-01 13:05:52.113810	Hopper	down	None
2016-10-01 13:05:52.416640	Trial	end	131
2016-10-01 13:09:54.604763	Trial	start	132
2016-10-01 13:09:54.606915	Speaker	play	None
2016-10-01 13:09:54.686913	Speaker	stop	None
2016-10-01 13:09:54.687914	Trial	end	132
2016-10-01 13:09:54.689015	Trial	start	133
2016-10-01 13:09:54.690974	Speaker	play	None
2016-10-01 13:10:05.921521	Speaker	stop	None
2016-10-01 13:10:05.922340	Trial	end	133
2016-10-01 13:11:31.113610	Trial	start	134
2016-10-01 13:11:31.115699	Speaker	play	None
2016-10-01 13:11:31.351379	Speaker	stop	None
2016-10-01 13:11:31.352310	Trial	end	134
2016-10-01 13:11:31.354393	Trial	start	135
2016-10-01 13:11:31.356426	Speaker	play	None
2016-10-01 13:11:31.433531	Speaker	stop	None
2016-10-01 13:11:31.435078	Trial	end	135
2016-10-01 13:11:31.437902	Trial	start	136
2016-10-01 13:11:31.440244	Speaker	play	None
2016-10-01 13:11:37.446137	Speaker	stop	None
2016-10-01 13:11:37.449180	Trial	end	136
2016-10-01 13:12:38.132801	Trial	start	137
2016-10-01 13:12:38.135290	Speaker	play	None
2016-10-01 13:12:44.141546	Speaker	stop	None
2016-10-01 13:12:44.142462	Trial	end	137
2016-10-01 13:15:49.388878	Trial	start	138
2016-10-01 13:15:49.391074	Speaker	play	None
2016-10-01 13:15:55.397479	Speaker	stop	None
2016-10-01 13:15:55.398385	Trial	end	138
2016-10-01 13:17:03.595913	Trial	start	139
2016-10-01 13:17:03.598347	Speaker	play	None
2016-10-01 13:17:03.686337	Speaker	stop	None
2016-10-01 13:17:03.687222	Trial	end	139
2016-10-01 13:17:03.688448	Trial	start	140
2016-10-01 13:17:03.696578	Speaker	play	None
2016-10-01 13:17:09.703193	Speaker	stop	None
2016-10-01 13:17:09.704560	Hopper	up	None
2016-10-01 13:17:21.708310	Hopper	down	None
2016-10-01 13:17:22.014509	Trial	end	140
2016-10-01 13:18:52.011202	Trial	start	141
2016-10-01 13:18:52.014229	Speaker	play	None
2016-10-01 13:18:58.019726	Speaker	stop	None
2016-10-01 13:18:58.020706	Trial	end	141
2016-10-01 13:19:05.322089	Trial	start	142
2016-10-01 13:19:05.324291	Speaker	play	None
2016-10-01 13:19:05.379833	Speaker	stop	None
2016-10-01 13:19:05.380773	Trial	end	142
2016-10-01 13:19:05.381910	Trial	start	143
2016-10-01 13:19:05.384689	Speaker	play	None
2016-10-01 13:19:05.711633	Speaker	stop	None
2016-10-01 13:19:05.712523	Trial	end	143
2016-10-01 13:19:05.713650	Trial	start	144
2016-10-01 13:19:05.716061	Speaker	play	None
2016-10-01 13:19:11.719968	Speaker	stop	None
2016-10-01 13:19:11.720948	Trial	end	144
2016-10-01 13:20:57.369811	Trial	start	145
2016-10-01 13:20:57.372244	Speaker	play	None
2016-10-01 13:21:03.378472	Speaker	stop	None
2016-10-01 13:21:03.379459	Trial	end	145
2016-10-01 13:31:15.468757	Trial	start	146
2016-10-01 13:31:15.471711	Speaker	play	None
2016-10-01 13:31:21.477408	Speaker	stop	None
2016-10-01 13:31:21.478485	Trial	end	146
2016-10-01 13:32:06.268529	Trial	start	147
2016-10-01 13:32:06.271363	Speaker	play	None
2016-10-01 13:32:06.391436	Speaker	stop	None
2016-10-01 13:32:06.392611	Trial	end	147
2016-10-01 13:32:06.393876	Trial	start	148
2016-10-01 13:32:06.396367	Speaker	play	None
2016-10-01 13:32:12.400135	Speaker	stop	None
2016-10-01 13:32:12.401533	Hopper	up	None
2016-10-01 13:32:24.404483	Hopper	down	None
2016-10-01 13:32:24.707480	Trial	end	148
2016-10-01 13:36:36.059927	Trial	start	149
2016-10-01 13:36:36.062639	Speaker	play	None
2016-10-01 13:36:42.068802	Speaker	stop	None
2016-10-01 13:36:42.070283	Hopper	up	None
2016-10-01 13:36:54.073077	Hopper	down	None
2016-10-01 13:36:54.376000	Trial	end	149
2016-10-01 13:39:32.153542	Trial	start	150
2016-10-01 13:39:32.156620	Speaker	play	None
2016-10-01 13:39:32.231490	Speaker	stop	None
2016-10-01 13:39:32.232324	Trial	end	150
2016-10-01 13:39:32.233564	Trial	start	151
2016-10-01 13:39:32.235441	Speaker	play	None
2016-10-01 13:39:41.185832	Speaker	stop	None
2016-10-01 13:39:41.186866	Trial	end	151
2016-10-01 13:41:54.941396	Trial	start	152
2016-10-01 13:41:54.944138	Speaker	play	None
2016-10-01 13:41:55.011311	Speaker	stop	None
2016-10-01 13:41:55.012273	Trial	end	152
2016-10-01 13:41:55.014299	Trial	start	153
2016-10-01 13:41:55.016682	Speaker	play	None
2016-10-01 13:41:55.302427	Speaker	stop	None
2016-10-01 13:41:55.303473	Trial	end	153
2016-10-01 13:41:55.304819	Trial	start	154
2016-10-01 13:41:55.306998	Speaker	play	None
2016-10-01 13:42:06.538677	Speaker	stop	None
2016-10-01 13:42:06.539902	Trial	end	154
2016-10-01 13:42:19.296962	Trial	start	155
2016-10-01 13:42:19.299316	Speaker	play	None
2016-10-01 13:42:25.305943	Speaker	stop	None
2016-10-01 13:42:25.306828	Trial	end	155
2016-10-01 13:42:31.839236	Trial	start	156
2016-10-01 13:42:31.841412	Speaker	play	None
2016-10-01 13:42:37.848503	Speaker	stop	None
2016-10-01 13:42:37.849667	Trial	end	156
2016-10-01 13:45:12.146671	Trial	start	157
2016-10-01 13:45:12.159475	Speaker	play	None
2016-10-01 13:45:12.216396	Speaker	stop	None
2016-10-01 13:45:12.217274	Trial	end	157
2016-10-01 13:45:12.218421	Trial	start	158
2016-10-01 13:45:12.220604	Speaker	play	None
2016-10-01 13:45:18.225257	Speaker	stop	None
2016-10-01 13:45:18.226113	Trial	end	158
2016-10-01 13:45:25.524201	Trial	start	159
2016-10-01 13:45:25.526491	Speaker	play	None
2016-10-01 13:45:31.533240	Speaker	stop	None
2016-10-01 13:45:31.534104	Trial	end	159
2016-10-01 13:46:28.271076	Trial	start	160
2016-10-01 13:46:28.273621	Speaker	play	None
2016-10-01 13:46:28.516913	Speaker	stop	None
2016-10-01 13:46:28.517842	Trial	end	160
2016-10-01 13:46:28.519280	Trial	start	161
2016-10-01 13:46:28.521397	Speaker	play	None
2016-10-01 13:46:34.525700	Speaker	stop	None
2016-10-01 13:46:34.526820	Trial	end	161
2016-10-01 13:46:39.694713	Trial	start	162
2016-10-01 13:46:39.697783	Speaker	play	None
2016-10-01 13:46:39.756377	Speaker	stop	None
2016-10-01 13:46:39.757334	Trial	end	162
2016-10-01 13:46:39.758643	Trial	start	163
2016-10-01 13:46:39.760617	Speaker	play	None
2016-10-01 13:46:45.765178	Speaker	stop	None
2016-10-01 13:46:45.766034	Trial	end	163
2016-10-01 13:47:32.574017	Trial	start	164
2016-10-01 13:47:32.576421	Speaker	play	None
2016-10-01 13:47:32.828196	Speaker	stop	None
2016-10-01 13:47:32.829206	Trial	end	164
2016-10-01 13:47:32.830510	Trial	start	165
2016-10-01 13:47:32.833468	Speaker	play	None
2016-10-01 13:47:33.753893	Speaker	stop	None
2016-10-01 13:47:33.754972	Trial	end	165
2016-10-01 13:47:33.756342	Trial	start	166
2016-10-01 13:47:33.759484	Speaker	play	None
2016-10-01 13:47:39.766656	Speaker	stop	None
2016-10-01 13:47:39.767542	Trial	end	166
2016-10-01 13:47:47.573466	Trial	start	167
2016-10-01 13:47:47.576535	Speaker	play	None
2016-10-01 13:47:53.582407	Speaker	stop	None
2016-10-01 13:47:53.583443	Trial	end	167
2016-10-01 13:48:05.440145	Trial	start	168
2016-10-01 13:48:05.443270	Speaker	play	None
2016-10-01 13:48:11.448989	Speaker	stop	None
2016-10-01 13:48:11.450193	Hopper	up	None
2016-10-01 13:48:23.454268	Hopper	down	None
2016-10-01 13:48:23.757182	Trial	end	168
2016-10-01 14:07:06.342525	Trial	start	169
2016-10-01 14:07:06.344838	Speaker	play	None
2016-10-01 14:07:06.629516	Speaker	stop	None
2016-10-01 14:07:06.630662	Trial	end	169
2016-10-01 14:07:06.632152	Trial	start	170
2016-10-01 14:07:06.634273	Speaker	play	None
2016-10-01 14:07:12.642081	Speaker	stop	None
2016-10-01 14:07:12.642914	Trial	end	170
2016-10-01 14:07:13.067835	Trial	start	171
2016-10-01 14:07:13.070678	Speaker	play	None
2016-10-01 14:07:19.076668	Speaker	stop	None
2016-10-01 14:07:19.077663	Trial	end	171
2016-10-01 14:07:35.799773	Trial	start	172
2016-10-01 14:07:35.802203	Speaker	play	None
2016-10-01 14:07:41.808678	Speaker	stop	None
2016-10-01 14:07:41.809591	Trial	end	172
2016-10-01 14:08:47.059568	Trial	start	173
2016-10-01 14:08:47.062316	Speaker	play	None
2016-10-01 14:08:53.068458	Speaker	stop	None
2016-10-01 14:08:53.070247	Hopper	up	None
2016-10-01 14:09:05.073483	Hopper	down	None
2016-10-01 14:09:05.380161	Trial	end	173
2016-10-01 14:10:06.797471	Trial	start	174
2016-10-01 14:10:06.799726	Speaker	play	None
2016-10-01 14:10:07.039313	Speaker	stop	None
2016-10-01 14:10:07.040379	Trial	end	174
2016-10-01 14:10:07.041714	Trial	start	175
2016-10-01 14:10:07.043789	Speaker	play	None
2016-10-01 14:10:13.047891	Speaker	stop	None
2016-10-01 14:10:13.049592	Hopper	up	None
2016-10-01 14:10:25.053239	Hopper	down	None
2016-10-01 14:10:25.359844	Trial	end	175
2016-10-01 14:13:31.103888	Trial	start	176
2016-10-01 14:13:31.106325	Speaker	play	None
2016-10-01 14:13:37.112129	Speaker	stop	None
2016-10-01 14:13:37.113225	Hopper	up	None
2016-10-01 14:13:49.115895	Hopper	down	None
2016-10-01 14:13:49.418707	Trial	end	176
2016-10-01 14:15:16.935190	Trial	start	177
2016-10-01 14:15:16.937701	Speaker	play	None
2016-10-01 14:15:22.943393	Speaker	stop	None
2016-10-01 14:15:22.944221	Trial	end	177
2016-10-01 14:15:41.455010	Trial	start	178
2016-10-01 14:15:41.457753	Speaker	play	None
2016-10-01 14:15:47.463282	Speaker	stop	None
2016-10-01 14:15:47.464188	Trial	end	178
2016-10-01 14:15:59.811160	Trial	start	179
2016-10-01 14:15:59.813738	Speaker	play	None
2016-10-01 14:15:59.880898	Speaker	stop	None
2016-10-01 14:15:59.881854	Trial	end	179
2016-10-01 14:15:59.883134	Trial	start	180
2016-10-01 14:15:59.885774	Speaker	play	None
2016-10-01 14:16:01.138348	Speaker	stop	None
2016-10-01 14:16:01.139987	Trial	end	180
2016-10-01 14:16:01.141341	Trial	start	181
2016-10-01 14:16:01.143281	Speaker	play	None
2016-10-01 14:16:12.372292	Speaker	stop	None
2016-10-01 14:16:12.373318	Trial	end	181
2016-10-01 14:16:29.712638	Trial	start	182
2016-10-01 14:16:29.714751	Speaker	play	None
2016-10-01 14:16:35.720886	Speaker	stop	None
2016-10-01 14:16:35.721924	Hopper	up	None
2016-10-01 14:16:47.725004	Hopper	down	None
2016-10-01 14:16:48.028007	Trial	end	182
2016-10-01 14:18:24.544220	Trial	start	183
2016-10-01 14:18:24.546519	Speaker	play	None
2016-10-01 14:18:33.497416	Speaker	stop	None
2016-10-01 14:18:33.498294	Trial	end	183
2016-10-01 14:19:56.073359	Trial	start	184
2016-10-01 14:19:56.078336	Speaker	play	None
2016-10-01 14:20:02.089787	Speaker	stop	None
2016-10-01 14:20:02.090915	Trial	end	184
2016-10-01 14:20:39.969985	Trial	start	185
2016-10-01 14:20:39.972423	Speaker	play	None
2016-10-01 14:20:45.978325	Speaker	stop	None
2016-10-01 14:20:45.979204	Trial	end	185
2016-10-01 14:21:28.319159	Trial	start	186
2016-10-01 14:21:28.321416	Speaker	play	None
2016-10-01 14:21:34.327514	Speaker	stop	None
2016-10-01 14:21:34.328255	Trial	end	186
2016-10-01 14:22:38.629250	Trial	start	187
2016-10-01 14:22:38.631764	Speaker	play	None
2016-10-01 14:22:47.582600	Speaker	stop	None
2016-10-01 14:22:47.583503	Trial	end	187
2016-10-01 14:23:04.149345	Trial	start	188
2016-10-01 14:23:04.152294	Speaker	play	None
2016-10-01 14:23:10.158135	Speaker	stop	None
2016-10-01 14:23:10.160162	Hopper	up	None
2016-10-01 14:23:22.162218	Hopper	down	None
2016-10-01 14:23:22.465282	Trial	end	188
2016-10-01 14:27:21.645811	Trial	start	189
2016-10-01 14:27:21.648088	Speaker	play	None
2016-10-01 14:27:21.736079	Speaker	stop	None
2016-10-01 14:27:21.737270	Trial	end	189
2016-10-01 14:27:21.738582	Trial	start	190
2016-10-01 14:27:21.741200	Speaker	play	None
2016-10-01 14:27:27.744550	Speaker	stop	None
2016-10-01 14:27:27.745721	Trial	end	190
2016-10-01 14:28:57.944540	Trial	start	191
2016-10-01 14:28:57.947184	Speaker	play	None
2016-10-01 14:29:03.953205	Speaker	stop	None
2016-10-01 14:29:03.954777	Hopper	up	None
2016-10-01 14:29:15.957891	Hopper	down	None
2016-10-01 14:29:16.260589	Trial	end	191
2016-10-01 14:42:35.830766	Trial	start	192
2016-10-01 14:42:35.833554	Speaker	play	None
2016-10-01 14:42:41.840387	Speaker	stop	None
2016-10-01 14:42:41.842834	Trial	end	192
2016-10-01 14:42:45.160940	Trial	start	193
2016-10-01 14:42:45.163663	Speaker	play	None
2016-10-01 14:42:46.365171	Speaker	stop	None
2016-10-01 14:42:46.366076	Trial	end	193
2016-10-01 14:42:46.367210	Trial	start	194
2016-10-01 14:42:46.369160	Speaker	play	None
2016-10-01 14:42:52.374017	Speaker	stop	None
2016-10-01 14:42:52.374890	Trial	end	194
2016-10-01 14:43:35.108946	Trial	start	195
2016-10-01 14:43:35.112280	Speaker	play	None
2016-10-01 14:43:41.117527	Speaker	stop	None
2016-10-01 14:43:41.118808	Hopper	up	None
2016-10-01 14:43:53.122133	Hopper	down	None
2016-10-01 14:43:53.425076	Trial	end	195
2016-10-01 14:45:19.137474	Trial	start	196
2016-10-01 14:45:19.140166	Speaker	play	None
2016-10-01 14:45:25.146171	Speaker	stop	None
2016-10-01 14:45:25.147082	Trial	end	196
2016-10-01 14:45:39.882565	Trial	start	197
2016-10-01 14:45:39.885226	Speaker	play	None
2016-10-01 14:45:40.038491	Speaker	stop	None
2016-10-01 14:45:40.039564	Trial	end	197
2016-10-01 14:45:40.040867	Trial	start	198
2016-10-01 14:45:40.046674	Speaker	play	None
2016-10-01 14:45:46.050957	Speaker	stop	None
2016-10-01 14:45:46.051908	Trial	end	198
2016-10-01 14:46:00.250969	Trial	start	199
2016-10-01 14:46:00.253909	Speaker	play	None
2016-10-01 14:46:06.259435	Speaker	stop	None
2016-10-01 14:46:06.260542	Trial	end	199
2016-10-01 14:46:24.472587	Trial	start	200
2016-10-01 14:46:24.475457	Speaker	play	None
2016-10-01 14:46:30.480991	Speaker	stop	None
2016-10-01 14:46:30.481920	Trial	end	200
2016-10-01 14:46:39.831277	Trial	start	201
2016-10-01 14:46:39.834509	Speaker	play	None
2016-10-01 14:46:45.843745	Speaker	stop	None
2016-10-01 14:46:45.845390	Hopper	up	None
2016-10-01 14:46:57.848234	Hopper	down	None
2016-10-01 14:46:58.150955	Trial	end	201
2016-10-01 15:24:43.265939	Trial	start	202
2016-10-01 15:24:43.268223	Speaker	play	None
2016-10-01 15:24:54.497280	Speaker	stop	None
2016-10-01 15:24:54.498255	Trial	end	202
2016-10-01 15:24:55.185268	Trial	start	203
2016-10-01 15:24:55.187524	Speaker	play	None
2016-10-01 15:25:01.194233	Speaker	stop	None
2016-10-01 15:25:01.195632	Hopper	up	None
2016-10-01 15:25:13.199400	Hopper	down	None
2016-10-01 15:25:13.502372	Trial	end	203
2016-10-01 15:28:19.039815	Trial	start	204
2016-10-01 15:28:19.041889	Speaker	play	None
2016-10-01 15:28:19.256962	Speaker	stop	None
2016-10-01 15:28:19.257806	Trial	end	204
2016-10-01 15:28:19.259145	Trial	start	205
2016-10-01 15:28:19.261649	Speaker	play	None
2016-10-01 15:28:25.265768	Speaker	stop	None
2016-10-01 15:28:25.266569	Trial	end	205
2016-10-01 15:28:31.200637	Trial	start	206
2016-10-01 15:28:31.203472	Speaker	play	None
2016-10-01 15:28:37.209415	Speaker	stop	None
2016-10-01 15:28:37.210715	Hopper	up	None
2016-10-01 15:28:49.214616	Hopper	down	None
2016-10-01 15:28:49.517355	Trial	end	206
2016-10-01 15:30:27.413517	Trial	start	207
2016-10-01 15:30:27.416342	Speaker	play	None
2016-10-01 15:30:33.422298	Speaker	stop	None
2016-10-01 15:30:33.424041	Hopper	up	None
2016-10-01 15:30:45.427189	Hopper	down	None
2016-10-01 15:30:45.730165	Trial	end	207
2016-10-01 15:32:16.589312	Trial	start	208
2016-10-01 15:32:16.592679	Speaker	play	None
2016-10-01 15:32:22.598030	Speaker	stop	None
2016-10-01 15:32:22.599160	Trial	end	208
2016-10-01 15:32:29.298553	Trial	start	209
2016-10-01 15:32:29.300951	Speaker	play	None
2016-10-01 15:32:35.308080	Speaker	stop	None
2016-10-01 15:32:35.310335	Hopper	up	None
2016-10-01 15:32:47.312535	Hopper	down	None
2016-10-01 15:32:47.619189	Trial	end	209
2016-10-01 15:34:06.784316	Trial	start	210
2016-10-01 15:34:06.787477	Speaker	play	None
2016-10-01 15:34:12.793057	Speaker	stop	None
2016-10-01 15:34:12.794061	Trial	end	210
2016-10-01 15:34:55.926346	Trial	start	211
2016-10-01 15:34:55.929217	Speaker	play	None
2016-10-01 15:35:01.934962	Speaker	stop	None
2016-10-01 15:35:01.936744	Hopper	up	None
2016-10-01 15:35:13.940028	Hopper	down	None
2016-10-01 15:35:14.242865	Trial	end	211
2016-10-01 15:36:12.457161	Trial	start	212
2016-10-01 15:36:12.459676	Speaker	play	None
2016-10-01 15:36:18.465956	Speaker	stop	None
2016-10-01 15:36:18.467538	Hopper	up	None
2016-10-01 15:36:30.470848	Hopper	down	None
2016-10-01 15:36:30.773773	Trial	end	212
2016-10-01 15:37:15.086685	Trial	start	213
2016-10-01 15:37:15.089441	Speaker	play	None
2016-10-01 15:37:21.095652	Speaker	stop	None
2016-10-01 15:37:21.096674	Trial	end	213
2016-10-01 15:38:04.425540	Trial	start	214
2016-10-01 15:38:04.427839	Speaker	play	None
2016-10-01 15:38:10.433963	Speaker	stop	None
2016-10-01 15:38:10.435526	Trial	end	214
2016-10-01 15:38:31.805937	Trial	start	215
2016-10-01 15:38:31.809236	Speaker	play	None
2016-10-01 15:38:37.814635	Speaker	stop	None
2016-10-01 15:38:37.815510	Trial	end	215
2016-10-01 15:38:50.872039	Trial	start	216
2016-10-01 15:38:50.874566	Speaker	play	None
2016-10-01 15:38:51.208138	Speaker	stop	None
2016-10-01 15:38:51.209111	Trial	end	216
2016-10-01 15:38:51.214090	Trial	start	217
2016-10-01 15:38:51.216535	Speaker	play	None
2016-10-01 15:39:02.447037	Speaker	stop	None
2016-10-01 15:39:02.447927	Trial	end	217
2016-10-01 15:39:18.084860	Trial	start	218
2016-10-01 15:39:18.087952	Speaker	play	None
2016-10-01 15:39:18.154536	Speaker	stop	None
2016-10-01 15:39:18.155442	Trial	end	218
2016-10-01 15:39:18.156662	Trial	start	219
2016-10-01 15:39:18.159584	Speaker	play	None
2016-10-01 15:39:24.167162	Speaker	stop	None
2016-10-01 15:39:24.168643	Hopper	up	None
2016-10-01 15:39:36.172102	Hopper	down	None
2016-10-01 15:39:36.475043	Trial	end	219
2016-10-01 15:39:44.064555	Trial	start	220
2016-10-01 15:39:44.067740	Speaker	play	None
2016-10-01 15:39:53.022405	Speaker	stop	None
2016-10-01 15:39:53.023396	Trial	end	220
2016-10-01 15:40:14.185477	Trial	start	221
2016-10-01 15:40:14.188540	Speaker	play	None
2016-10-01 15:40:20.194211	Speaker	stop	None
2016-10-01 15:40:20.195369	Trial	end	221
2016-10-01 15:42:36.949543	Trial	start	222
2016-10-01 15:42:36.951845	Speaker	play	None
2016-10-01 15:42:42.958223	Speaker	stop	None
2016-10-01 15:42:42.959124	Trial	end	222
2016-10-01 15:42:52.693841	Trial	start	223
2016-10-01 15:42:52.696296	Speaker	play	None
2016-10-01 15:42:58.702567	Speaker	stop	None
2016-10-01 15:42:58.703667	Hopper	up	None
2016-10-01 15:43:05.354154	Hopper	down	None
2016-10-01 15:43:05.657190	Trial	end	223
2016-10-01 15:43:05.659522	Trial	start	224
2016-10-01 15:43:05.663062	Speaker	play	None
2016-10-01 15:43:11.669873	Speaker	stop	None
2016-10-01 15:43:11.670750	Trial	end	224
2016-10-01 15:43:43.604930	Trial	start	225
2016-10-01 15:43:43.607778	Speaker	play	None
2016-10-01 15:43:49.613807	Speaker	stop	None
2016-10-01 15:43:49.614875	Trial	end	225
2016-10-01 15:44:11.874583	Trial	start	226
2016-10-01 15:44:11.878517	Speaker	play	None
2016-10-01 15:44:17.882971	Speaker	stop	None
2016-10-01 15:44:17.884105	Hopper	up	None
2016-10-01 15:44:29.887774	Hopper	down	None
2016-10-01 15:44:30.190727	Trial	end	226
2016-10-01 15:44:40.602338	Trial	start	227
2016-10-01 15:44:40.604432	Speaker	play	None
2016-10-01 15:44:40.754004	Speaker	stop	None
2016-10-01 15:44:40.754910	Trial	end	227
2016-10-01 15:44:40.756034	Trial	start	228
2016-10-01 15:44:40.758781	Speaker	play	None
2016-10-01 15:44:46.766687	Speaker	stop	None
2016-10-01 15:44:46.767832	Hopper	up	None
2016-10-01 15:44:58.771921	Hopper	down	None
2016-10-01 15:44:59.078560	Trial	end	228
2016-10-01 15:45:07.172044	Trial	start	229
2016-10-01 15:45:07.174973	Speaker	play	None
2016-10-01 15:45:13.180657	Speaker	stop	None
2016-10-01 15:45:13.181616	Trial	end	229
2016-10-01 15:45:14.306893	Trial	start	230
2016-10-01 15:45:14.309375	Speaker	play	None
2016-10-01 15:45:20.315890	Speaker	stop	None
2016-10-01 15:45:20.317629	Hopper	up	None
2016-10-01 15:45:32.320589	Hopper	down	None
2016-10-01 15:45:32.623285	Trial	end	230
2016-10-01 15:45:39.225886	Trial	start	231
2016-10-01 15:45:39.228386	Speaker	play	None
2016-10-01 15:45:45.234643	Speaker	stop	None
2016-10-01 15:45:45.235983	Trial	end	231
2016-10-01 16:40:29.093231	Trial	start	232
2016-10-01 16:40:29.095640	Speaker	play	None
2016-10-01 16:40:35.102009	Speaker	stop	None
2016-10-01 16:40:35.102786	Trial	end	232
2016-10-01 16:40:40.119613	Trial	start	233
2016-10-01 16:40:40.121929	Speaker	play	None
2016-10-01 16:40:46.128711	Speaker	stop	None
2016-10-01 16:40:46.130153	Hopper	up	None
2016-10-01 16:40:58.134061	Hopper	down	None
2016-10-01 16:40:58.436803	Trial	end	233
2016-10-01 16:43:58.544653	Trial	start	234
2016-10-01 16:43:58.547428	Speaker	play	None
2016-10-01 16:44:04.553559	Speaker	stop	None
2016-10-01 16:44:04.554457	Trial	end	234
2016-10-01 16:44:06.789927	Trial	start	235
2016-10-01 16:44:06.792500	Speaker	play	None
2016-10-01 16:44:12.798806	Speaker	stop	None
2016-10-01 16:44:12.800263	Hopper	up	None
2016-10-01 16:44:24.804126	Hopper	down	None
2016-10-01 16:44:25.106880	Trial	end	235
2016-10-01 16:45:29.544318	Trial	start	236
2016-10-01 16:45:29.548396	Speaker	play	None
2016-10-01 16:45:35.552812	Speaker	stop	None
2016-10-01 16:45:35.553757	Trial	end	236
2016-10-01 16:45:41.418072	Trial	start	237
2016-10-01 16:45:41.421871	Speaker	play	None
2016-10-01 16:45:41.545377	Speaker	stop	None
2016-10-01 16:45:41.547140	Trial	end	237
2016-10-01 16:45:41.549053	Trial	start	238
2016-10-01 16:45:41.552069	Speaker	play	None
2016-10-01 16:45:47.557938	Speaker	stop	None
2016-10-01 16:45:47.558823	Trial	end	238
2016-10-01 16:45:59.001746	Trial	start	239
2016-10-01 16:45:59.004202	Speaker	play	None
2016-10-01 16:45:59.100478	Speaker	stop	None
2016-10-01 16:45:59.101709	Trial	end	239
2016-10-01 16:45:59.102892	Trial	start	240
2016-10-01 16:45:59.105012	Speaker	play	None
2016-10-01 16:45:59.145255	Speaker	stop	None
2016-10-01 16:45:59.146132	Trial	end	240
2016-10-01 16:45:59.147653	Trial	start	241
2016-10-01 16:45:59.150351	Speaker	play	None
2016-10-01 16:45:59.514444	Speaker	stop	None
2016-10-01 16:45:59.515325	Trial	end	241
2016-10-01 16:45:59.517239	Trial	start	242
2016-10-01 16:45:59.520271	Speaker	play	None
2016-10-01 16:45:59.559923	Speaker	stop	None
2016-10-01 16:45:59.560919	Trial	end	242
2016-10-01 16:45:59.562563	Trial	start	243
2016-10-01 16:45:59.567235	Speaker	play	None
2016-10-01 16:46:05.571684	Speaker	stop	None
2016-10-01 16:46:05.572588	Trial	end	243
2016-10-01 16:46:09.085820	Trial	start	244
2016-10-01 16:46:09.088203	Speaker	play	None
2016-10-01 16:46:09.139347	Speaker	stop	None
2016-10-01 16:46:09.140153	Trial	end	244
2016-10-01 16:46:09.141962	Trial	start	245
2016-10-01 16:46:09.144062	Speaker	play	None
2016-10-01 16:46:18.093261	Speaker	stop	None
2016-10-01 16:46:18.094272	Trial	end	245
2016-10-01 16:46:18.101257	Trial	start	246
2016-10-01 16:46:18.104294	Speaker	play	None
2016-10-01 16:46:24.109759	Speaker	stop	None
2016-10-01 16:46:24.110766	Trial	end	246
2016-10-01 16:46:24.117721	Trial	start	247
2016-10-01 16:46:24.119790	Speaker	play	None
2016-10-01 16:46:30.126744	Speaker	stop	None
2016-10-01 16:46:30.128158	Hopper	up	None
2016-10-01 16:46:30.134925	Hopper	down	None
2016-10-01 16:46:30.437738	Trial	end	247
2016-10-01 16:46:30.439152	Trial	start	248
2016-10-01 16:46:30.441315	Speaker	play	None
2016-10-01 16:46:39.391801	Speaker	stop	None
2016-10-01 16:46:39.392955	Trial	end	248
2016-10-01 16:46:39.399968	Trial	start	249
2016-10-01 16:46:39.404248	Speaker	play	None
2016-10-01 16:46:45.408614	Speaker	stop	None
2016-10-01 16:46:45.411197	Hopper	up	None
2016-10-01 16:46:45.417028	Hopper	down	None
2016-10-01 16:46:45.723695	Trial	end	249
2016-10-01 16:46:45.724718	Trial	start	250
2016-10-01 16:46:45.726672	Speaker	play	None
2016-10-01 16:46:51.732664	Speaker	stop	None
2016-10-01 16:46:51.733703	Trial	end	250
2016-10-01 16:46:51.740785	Trial	start	251
2016-10-01 16:46:51.743763	Speaker	play	None
2016-10-01 16:46:57.749518	Speaker	stop	None
2016-10-01 16:46:57.750410	Trial	end	251
2016-10-01 16:46:57.757510	Trial	start	252
2016-10-01 16:46:57.760130	Speaker	play	None
2016-10-01 16:47:03.767764	Speaker	stop	None
2016-10-01 16:47:03.769098	Trial	end	252
2016-10-01 16:47:03.774375	Trial	start	253
2016-10-01 16:47:03.777677	Speaker	play	None
2016-10-01 16:47:09.783468	Speaker	stop	None
2016-10-01 16:47:09.785479	Trial	end	253
2016-10-01 16:47:09.791441	Trial	start	254
2016-10-01 16:47:09.794175	Speaker	play	None
2016-10-01 16:47:15.800114	Speaker	stop	None
2016-10-01 16:47:15.801065	Trial	end	254
2016-10-01 16:47:15.808472	Trial	start	255
2016-10-01 16:47:15.813088	Speaker	play	None
2016-10-01 16:47:21.821099	Speaker	stop	None
2016-10-01 16:47:21.822005	Trial	end	255
2016-10-01 16:47:21.829036	Trial	start	256
2016-10-01 16:47:21.831212	Speaker	play	None
2016-10-01 16:47:27.838012	Speaker	stop	None
2016-10-01 16:47:27.838910	Trial	end	256
2016-10-01 16:47:27.845962	Trial	start	257
2016-10-01 16:47:27.847888	Speaker	play	None
2016-10-01 16:47:33.850946	Speaker	stop	None
2016-10-01 16:47:33.852120	Trial	end	257
2016-10-01 16:47:33.858815	Trial	start	258
2016-10-01 16:47:33.861168	Speaker	play	None
2016-10-01 16:47:36.042055	Speaker	stop	None
2016-10-01 16:47:36.044117	Trial	end	258
2016-10-01 16:47:36.045235	Trial	start	259
2016-10-01 16:47:36.047128	Speaker	play	None
2016-10-01 16:47:42.050831	Speaker	stop	None
2016-10-01 16:47:42.053462	Hopper	up	None
2016-10-01 16:47:42.112189	Hopper	down	None
2016-10-01 16:47:42.415046	Trial	end	259
2016-10-01 16:47:42.416385	Trial	start	260
2016-10-01 16:47:42.418670	Speaker	play	None
2016-10-01 16:47:53.646348	Speaker	stop	None
2016-10-01 16:47:53.647482	Trial	end	260
2016-10-01 16:48:01.739560	Trial	start	261
2016-10-01 16:48:01.742988	Speaker	play	None
2016-10-01 16:48:01.780699	Speaker	stop	None
2016-10-01 16:48:01.781567	Trial	end	261
2016-10-01 16:48:01.782789	Trial	start	262
2016-10-01 16:48:01.785364	Speaker	play	None
2016-10-01 16:48:01.797014	Speaker	stop	None
2016-10-01 16:48:01.797845	Trial	end	262
2016-10-01 16:48:01.798920	Trial	start	263
2016-10-01 16:48:01.807235	Speaker	play	None
2016-10-01 16:48:01.834013	Speaker	stop	None
2016-10-01 16:48:01.834961	Trial	end	263
2016-10-01 16:48:01.836475	Trial	start	264
2016-10-01 16:48:01.838706	Speaker	play	None
2016-10-01 16:48:02.149367	Speaker	stop	None
2016-10-01 16:48:02.150280	Trial	end	264
2016-10-01 16:48:02.152089	Trial	start	265
2016-10-01 16:48:02.154252	Speaker	play	None
2016-10-01 16:48:08.157822	Speaker	stop	None
2016-10-01 16:48:08.158587	Trial	end	265
2016-10-01 16:48:13.462049	Trial	start	266
2016-10-01 16:48:13.465059	Speaker	play	None
2016-10-01 16:48:13.503357	Speaker	stop	None
2016-10-01 16:48:13.506375	Trial	end	266
2016-10-01 16:48:13.508679	Trial	start	267
2016-10-01 16:48:13.511908	Speaker	play	None
2016-10-01 16:48:13.535795	Speaker	stop	None
2016-10-01 16:48:13.536711	Trial	end	267
2016-10-01 16:48:13.538163	Trial	start	268
2016-10-01 16:48:13.540463	Speaker	play	None
2016-10-01 16:48:13.580856	Speaker	stop	None
2016-10-01 16:48:13.581809	Trial	end	268
2016-10-01 16:48:13.583673	Trial	start	269
2016-10-01 16:48:13.585915	Speaker	play	None
2016-10-01 16:48:13.826754	Speaker	stop	None
2016-10-01 16:48:13.827605	Trial	end	269
2016-10-01 16:48:13.829105	Trial	start	270
2016-10-01 16:48:13.831367	Speaker	play	None
2016-10-01 16:48:19.835246	Speaker	stop	None
2016-10-01 16:48:19.836003	Trial	end	270
2016-10-01 16:48:28.371001	Trial	start	271
2016-10-01 16:48:28.373838	Speaker	play	None
2016-10-01 16:48:28.461397	Speaker	stop	None
2016-10-01 16:48:28.462438	Trial	end	271
2016-10-01 16:48:28.463977	Trial	start	272
2016-10-01 16:48:28.466629	Speaker	play	None
2016-10-01 16:48:28.727638	Speaker	stop	None
2016-10-01 16:48:28.729653	Trial	end	272
2016-10-01 16:48:28.733929	Trial	start	273
2016-10-01 16:48:28.736400	Speaker	play	None
2016-10-01 16:48:28.997866	Speaker	stop	None
2016-10-01 16:48:28.998809	Trial	end	273
2016-10-01 16:48:29.000794	Trial	start	274
2016-10-01 16:48:29.002717	Speaker	play	None
2016-10-01 16:48:35.006352	Speaker	stop	None
2016-10-01 16:48:35.007444	Hopper	up	None
2016-10-01 16:48:47.008826	Hopper	down	None
2016-10-01 16:48:47.314382	Trial	end	274
2016-10-01 16:51:46.058095	Trial	start	275
2016-10-01 16:51:46.060150	Speaker	play	None
2016-10-01 16:51:52.066919	Speaker	stop	None
2016-10-01 16:51:52.067756	Trial	end	275
2016-10-01 16:51:52.550028	Trial	start	276
2016-10-01 16:51:52.552234	Speaker	play	None
2016-10-01 16:51:52.636231	Speaker	stop	None
2016-10-01 16:51:52.637064	Trial	end	276
2016-10-01 16:51:52.638300	Trial	start	277
2016-10-01 16:51:52.640547	Speaker	play	None
2016-10-01 16:51:58.644939	Speaker	stop	None
2016-10-01 16:51:58.646061	Trial	end	277
2016-10-01 16:51:59.996522	Trial	start	278
2016-10-01 16:51:59.999540	Speaker	play	None
2016-10-01 16:52:00.201310	Speaker	stop	None
2016-10-01 16:52:00.202435	Trial	end	278
2016-10-01 16:52:00.203617	Trial	start	279
2016-10-01 16:52:00.205797	Speaker	play	None
2016-10-01 16:52:06.209889	Speaker	stop	None
2016-10-01 16:52:06.210693	Trial	end	279
2016-10-01 16:52:09.294015	Trial	start	280
2016-10-01 16:52:09.296308	Speaker	play	None
2016-10-01 16:52:20.524874	Speaker	stop	None
2016-10-01 16:52:20.525798	Trial	end	280
2016-10-01 16:52:27.078356	Trial	start	281
2016-10-01 16:52:27.081690	Speaker	play	None
2016-10-01 16:52:27.205549	Speaker	stop	None
2016-10-01 16:52:27.206588	Trial	end	281
2016-10-01 16:52:27.208000	Trial	start	282
2016-10-01 16:52:27.211197	Speaker	play	None
2016-10-01 16:52:33.218265	Speaker	stop	None
2016-10-01 16:52:33.219720	Hopper	up	None
2016-10-01 16:52:45.223197	Hopper	down	None
2016-10-01 16:52:45.529864	Trial	end	282
2016-10-01 16:54:42.257461	Trial	start	283
2016-10-01 16:54:42.260208	Speaker	play	None
2016-10-01 16:54:48.266439	Speaker	stop	None
2016-10-01 16:54:48.267480	Trial	end	283
2016-10-01 16:54:53.037747	Trial	start	284
2016-10-01 16:54:53.040822	Speaker	play	None
2016-10-01 16:54:53.111561	Speaker	stop	None
2016-10-01 16:54:53.112455	Trial	end	284
2016-10-01 16:54:53.113802	Trial	start	285
2016-10-01 16:54:53.116173	Speaker	play	None
2016-10-01 16:54:54.348547	Speaker	stop	None
2016-10-01 16:54:54.349399	Trial	end	285
2016-10-01 16:54:54.350583	Trial	start	286
2016-10-01 16:54:54.352618	Speaker	play	None
2016-10-01 16:54:54.422238	Speaker	stop	None
2016-10-01 16:54:54.423172	Trial	end	286
2016-10-01 16:54:54.424968	Trial	start	287
2016-10-01 16:54:54.427551	Speaker	play	None
2016-10-01 16:54:54.569754	Speaker	stop	None
2016-10-01 16:54:54.570601	Trial	end	287
2016-10-01 16:54:54.571830	Trial	start	288
2016-10-01 16:54:54.578458	Speaker	play	None
2016-10-01 16:55:00.582716	Speaker	stop	None
2016-10-01 16:55:00.583716	Trial	end	288
2016-10-01 16:55:11.764041	Trial	start	289
2016-10-01 16:55:11.766690	Speaker	play	None
2016-10-01 16:55:17.772589	Speaker	stop	None
2016-10-01 16:55:17.773494	Trial	end	289
2016-10-01 16:56:01.121683	Trial	start	290
2016-10-01 16:56:01.124085	Speaker	play	None
2016-10-01 16:56:07.127575	Speaker	stop	None
2016-10-01 16:56:07.128508	Trial	end	290
2016-10-01 16:56:16.515153	Trial	start	291
2016-10-01 16:56:16.518354	Speaker	play	None
2016-10-01 16:56:16.593203	Speaker	stop	None
2016-10-01 16:56:16.594116	Trial	end	291
2016-10-01 16:56:16.595370	Trial	start	292
2016-10-01 16:56:16.597395	Speaker	play	None
2016-10-01 16:56:22.601625	Speaker	stop	None
2016-10-01 16:56:22.603190	Hopper	up	None
2016-10-01 16:56:34.606554	Hopper	down	None
2016-10-01 16:56:34.909388	Trial	end	292
2016-10-01 16:57:42.998456	Trial	start	293
2016-10-01 16:57:43.000684	Speaker	play	None
2016-10-01 16:57:49.007472	Speaker	stop	None
2016-10-01 16:57:49.008281	Trial	end	293
2016-10-01 16:57:53.950978	Trial	start	294
2016-10-01 16:57:53.953094	Speaker	play	None
2016-10-01 16:57:54.037190	Speaker	stop	None
2016-10-01 16:57:54.037994	Trial	end	294
2016-10-01 16:57:54.039162	Trial	start	295
2016-10-01 16:57:54.041651	Speaker	play	None
2016-10-01 16:58:02.990668	Speaker	stop	None
2016-10-01 16:58:02.991582	Trial	end	295
2016-10-01 16:58:24.378712	Trial	start	296
2016-10-01 16:58:24.380852	Speaker	play	None
2016-10-01 16:58:24.452957	Speaker	stop	None
2016-10-01 16:58:24.454001	Trial	end	296
2016-10-01 16:58:24.455520	Trial	start	297
2016-10-01 16:58:24.458170	Speaker	play	None
2016-10-01 16:58:30.466179	Speaker	stop	None
2016-10-01 16:58:30.467557	Trial	end	297
2016-10-01 16:58:36.301752	Trial	start	298
2016-10-01 16:58:36.304257	Speaker	play	None
2016-10-01 16:58:36.387964	Speaker	stop	None
2016-10-01 16:58:36.388929	Trial	end	298
2016-10-01 16:58:36.390242	Trial	start	299
2016-10-01 16:58:36.392246	Speaker	play	None
2016-10-01 16:58:42.396641	Speaker	stop	None
2016-10-01 16:58:42.398471	Hopper	up	None
2016-10-01 16:58:54.401827	Hopper	down	None
2016-10-01 16:58:54.708271	Trial	end	299
2016-10-01 17:00:07.614038	Trial	start	300
2016-10-01 17:00:07.616308	Speaker	play	None
2016-10-01 17:00:13.622945	Speaker	stop	None
2016-10-01 17:00:13.624050	Trial	end	300
2016-10-01 17:00:24.951677	Trial	start	301
2016-10-01 17:00:24.954378	Speaker	play	None
2016-10-01 17:00:25.037939	Speaker	stop	None
2016-10-01 17:00:25.040230	Trial	end	301
2016-10-01 17:00:25.041470	Trial	start	302
2016-10-01 17:00:25.043812	Speaker	play	None
2016-10-01 17:00:31.050521	Speaker	stop	None
2016-10-01 17:00:31.051391	Trial	end	302
2016-10-01 17:00:57.804268	Trial	start	303
2016-10-01 17:00:57.810496	Speaker	play	None
2016-10-01 17:00:57.943725	Speaker	stop	None
2016-10-01 17:00:57.944659	Trial	end	303
2016-10-01 17:00:57.946110	Trial	start	304
2016-10-01 17:00:57.949331	Speaker	play	None
2016-10-01 17:00:59.045458	Speaker	stop	None
2016-10-01 17:00:59.046975	Trial	end	304
2016-10-01 17:00:59.048366	Trial	start	305
2016-10-01 17:00:59.051744	Speaker	play	None
2016-10-01 17:01:05.058130	Speaker	stop	None
2016-10-01 17:01:05.059274	Trial	end	305
2016-10-01 17:01:10.386641	Trial	start	306
2016-10-01 17:01:10.388853	Speaker	play	None
2016-10-01 17:01:19.340356	Speaker	stop	None
2016-10-01 17:01:19.341430	Trial	end	306
2016-10-01 17:01:25.615511	Trial	start	307
2016-10-01 17:01:25.618647	Speaker	play	None
2016-10-01 17:01:25.770624	Speaker	stop	None
2016-10-01 17:01:25.771547	Trial	end	307
2016-10-01 17:01:25.772827	Trial	start	308
2016-10-01 17:01:25.775082	Speaker	play	None
2016-10-01 17:01:31.779357	Speaker	stop	None
2016-10-01 17:01:31.780337	Trial	end	308
2016-10-01 17:01:34.486511	Trial	start	309
2016-10-01 17:01:34.489322	Speaker	play	None
2016-10-01 17:01:34.564397	Speaker	stop	None
2016-10-01 17:01:34.565482	Trial	end	309
2016-10-01 17:01:34.567137	Trial	start	310
2016-10-01 17:01:34.569569	Speaker	play	None
2016-10-01 17:01:35.809450	Speaker	stop	None
2016-10-01 17:01:35.810292	Trial	end	310
2016-10-01 17:01:35.811505	Trial	start	311
2016-10-01 17:01:35.813371	Speaker	play	None
2016-10-01 17:01:36.067653	Speaker	stop	None
2016-10-01 17:01:36.068649	Trial	end	311
2016-10-01 17:01:36.069775	Trial	start	312
2016-10-01 17:01:36.071938	Speaker	play	None
2016-10-01 17:01:41.183445	Speaker	stop	None
2016-10-01 17:01:41.185201	Trial	end	312
2016-10-01 17:01:41.186441	Trial	start	313
2016-10-01 17:01:41.188723	Speaker	play	None
2016-10-01 17:01:41.261023	Speaker	stop	None
2016-10-01 17:01:41.262279	Trial	end	313
2016-10-01 17:01:41.263859	Trial	start	314
2016-10-01 17:01:41.266382	Speaker	play	None
2016-10-01 17:01:41.699352	Speaker	stop	None
2016-10-01 17:01:41.700360	Trial	end	314
2016-10-01 17:01:41.701505	Trial	start	315
2016-10-01 17:01:41.704461	Speaker	play	None
2016-10-01 17:01:47.707927	Speaker	stop	None
2016-10-01 17:01:47.709340	Hopper	up	None
2016-10-01 17:01:59.712719	Hopper	down	None
2016-10-01 17:02:00.016418	Trial	end	315
2016-10-01 17:03:22.553181	Trial	start	316
2016-10-01 17:03:22.556594	Speaker	play	None
2016-10-01 17:03:22.631151	Speaker	stop	None
2016-10-01 17:03:22.633001	Trial	end	316
2016-10-01 17:03:22.634335	Trial	start	317
2016-10-01 17:03:22.637907	Speaker	play	None
2016-10-01 17:03:28.642282	Speaker	stop	None
2016-10-01 17:03:28.643204	Trial	end	317
2016-10-01 17:03:43.387097	Trial	start	318
2016-10-01 17:03:43.390664	Speaker	play	None
2016-10-01 17:03:43.473267	Speaker	stop	None
2016-10-01 17:03:43.474204	Trial	end	318
2016-10-01 17:03:43.476210	Trial	start	319
2016-10-01 17:03:43.479168	Speaker	play	None
2016-10-01 17:03:49.484621	Speaker	stop	None
2016-10-01 17:03:49.485577	Trial	end	319
2016-10-01 17:03:52.133473	Trial	start	320
2016-10-01 17:03:52.135778	Speaker	play	None
2016-10-01 17:03:52.227763	Speaker	stop	None
2016-10-01 17:03:52.228578	Trial	end	320
2016-10-01 17:03:52.230102	Trial	start	321
2016-10-01 17:03:52.231867	Speaker	play	None
2016-10-01 17:03:58.234929	Speaker	stop	None
2016-10-01 17:03:58.235760	Trial	end	321
2016-10-01 17:04:02.739066	Trial	start	322
2016-10-01 17:04:02.742352	Speaker	play	None
2016-10-01 17:04:10.564639	Speaker	stop	None
2016-10-01 17:04:10.566866	Trial	end	322
2016-10-01 17:04:10.570885	Trial	start	323
2016-10-01 17:04:10.582885	Speaker	play	None
2016-10-01 17:04:16.587883	Speaker	stop	None
2016-10-01 17:04:16.591362	Hopper	up	None
2016-10-01 17:04:28.593745	Hopper	down	None
2016-10-01 17:04:28.896660	Trial	end	323
2016-10-01 17:05:42.518508	Trial	start	324
2016-10-01 17:05:42.520825	Speaker	play	None
2016-10-01 17:05:42.612845	Speaker	stop	None
2016-10-01 17:05:42.613877	Trial	end	324
2016-10-01 17:05:42.615078	Trial	start	325
2016-10-01 17:05:42.627322	Speaker	play	None
2016-10-01 17:05:48.632305	Speaker	stop	None
2016-10-01 17:05:48.633080	Trial	end	325
2016-10-01 17:05:54.615003	Trial	start	326
2016-10-01 17:05:54.617307	Speaker	play	None
2016-10-01 17:06:00.622583	Speaker	stop	None
2016-10-01 17:06:00.624599	Hopper	up	None
2016-10-01 17:06:12.628882	Hopper	down	None
2016-10-01 17:06:12.931732	Trial	end	326
2016-10-01 17:07:01.772848	Trial	start	327
2016-10-01 17:07:01.775121	Speaker	play	None
2016-10-01 17:07:01.953478	Speaker	stop	None
2016-10-01 17:07:01.954537	Trial	end	327
2016-10-01 17:07:01.956060	Trial	start	328
2016-10-01 17:07:01.958061	Speaker	play	None
2016-10-01 17:07:07.964682	Speaker	stop	None
2016-10-01 17:07:07.965584	Trial	end	328
2016-10-01 17:07:35.401458	Trial	start	329
2016-10-01 17:07:35.414701	Speaker	play	None
2016-10-01 17:07:41.421774	Speaker	stop	None
2016-10-01 17:07:41.423597	Trial	end	329
2016-10-01 17:07:54.398539	Trial	start	330
2016-10-01 17:07:54.400728	Speaker	play	None
2016-10-01 17:07:54.472378	Speaker	stop	None
2016-10-01 17:07:54.473242	Trial	end	330
2016-10-01 17:07:54.474227	Trial	start	331
2016-10-01 17:07:54.476631	Speaker	play	None
2016-10-01 17:08:00.483946	Speaker	stop	None
2016-10-01 17:08:00.484742	Trial	end	331
2016-10-01 17:08:11.466902	Trial	start	332
2016-10-01 17:08:11.469553	Speaker	play	None
2016-10-01 17:08:17.474495	Speaker	stop	None
2016-10-01 17:08:17.475307	Trial	end	332
2016-10-01 17:08:21.090427	Trial	start	333
2016-10-01 17:08:21.092717	Speaker	play	None
2016-10-01 17:08:27.098096	Speaker	stop	None
2016-10-01 17:08:27.099100	Trial	end	333
2016-10-01 17:08:29.203269	Trial	start	334
2016-10-01 17:08:29.206507	Speaker	play	None
2016-10-01 17:08:29.273204	Speaker	stop	None
2016-10-01 17:08:29.274187	Trial	end	334
2016-10-01 17:08:29.275680	Trial	start	335
2016-10-01 17:08:29.277887	Speaker	play	None
2016-10-01 17:08:29.410480	Speaker	stop	None
2016-10-01 17:08:29.412199	Trial	end	335
2016-10-01 17:08:29.413771	Trial	start	336
2016-10-01 17:08:29.416084	Speaker	play	None
2016-10-01 17:08:30.247526	Speaker	stop	None
2016-10-01 17:08:30.248665	Trial	end	336
2016-10-01 17:08:30.249939	Trial	start	337
2016-10-01 17:08:30.252352	Speaker	play	None
2016-10-01 17:08:30.329341	Speaker	stop	None
2016-10-01 17:08:30.330305	Trial	end	337
2016-10-01 17:08:30.331517	Trial	start	338
2016-10-01 17:08:30.333578	Speaker	play	None
2016-10-01 17:08:31.250795	Speaker	stop	None
2016-10-01 17:08:31.252269	Trial	end	338
2016-10-01 17:08:31.254217	Trial	start	339
2016-10-01 17:08:31.256287	Speaker	play	None
2016-10-01 17:08:31.344828	Speaker	play	None
2016-10-01 17:08:31.345653	Trial	end	339
2016-10-01 17:08:31.346868	Trial	start	340
2016-10-01 17:08:31.349311	Speaker	play	None
2016-10-01 17:08:31.639602	Speaker	stop	None
2016-10-01 17:08:31.640504	Trial	end	340
2016-10-01 17:08:31.641882	Trial	start	341
2016-10-01 17:08:31.644058	Speaker	play	None
2016-10-01 17:08:37.647128	Speaker	stop	None
2016-10-01 17:08:37.648099	Trial	end	341
2016-10-01 17:08:41.758631	Trial	start	342
2016-10-01 17:08:41.760880	Speaker	play	None
2016-10-01 17:08:42.193163	Speaker	stop	None
2016-10-01 17:08:42.194938	Trial	end	342
2016-10-01 17:08:42.196290	Trial	start	343
2016-10-01 17:08:42.198477	Speaker	play	None
2016-10-01 17:08:43.601564	Speaker	stop	None
2016-10-01 17:08:43.602389	Trial	end	343
2016-10-01 17:08:43.603636	Trial	start	344
2016-10-01 17:08:43.605995	Speaker	play	None
2016-10-01 17:08:54.838693	Speaker	stop	None
2016-10-01 17:08:54.839645	Trial	end	344
2016-10-01 17:09:03.876476	Trial	start	345
2016-10-01 17:09:03.881070	Speaker	play	None
2016-10-01 17:09:03.958496	Speaker	stop	None
2016-10-01 17:09:03.959467	Trial	end	345
2016-10-01 17:09:03.961312	Trial	start	346
2016-10-01 17:09:03.963543	Speaker	play	None
2016-10-01 17:09:06.116641	Speaker	stop	None
2016-10-01 17:09:06.117571	Trial	end	346
2016-10-01 17:09:06.118802	Trial	start	347
2016-10-01 17:09:06.120756	Speaker	play	None
2016-10-01 17:09:06.198425	Speaker	stop	None
2016-10-01 17:09:06.199372	Trial	end	347
2016-10-01 17:09:06.200471	Trial	start	348
2016-10-01 17:09:06.202452	Speaker	play	None
2016-10-01 17:09:06.481155	Speaker	stop	None
2016-10-01 17:09:06.482080	Trial	end	348
2016-10-01 17:09:06.483457	Trial	start	349
2016-10-01 17:09:06.485757	Speaker	play	None
2016-10-01 17:09:12.488915	Speaker	stop	None
2016-10-01 17:09:12.490948	Trial	end	349
2016-10-01 17:09:21.972964	Trial	start	350
2016-10-01 17:09:21.975698	Speaker	play	None
2016-10-01 17:09:22.038682	Speaker	stop	None
2016-10-01 17:09:22.039460	Trial	end	350
2016-10-01 17:09:22.040645	Trial	start	351
2016-10-01 17:09:22.042686	Speaker	play	None
2016-10-01 17:09:28.046478	Speaker	stop	None
2016-10-01 17:09:28.048222	Hopper	up	None
2016-10-01 17:09:40.049223	Hopper	down	None
2016-10-01 17:09:40.352079	Trial	end	351
2016-10-01 17:10:16.807688	Trial	start	352
2016-10-01 17:10:16.809942	Speaker	play	None
2016-10-01 17:10:22.815474	Speaker	stop	None
2016-10-01 17:10:22.816242	Trial	end	352
2016-10-01 17:10:25.985015	Trial	start	353
2016-10-01 17:10:25.987337	Speaker	play	None
2016-10-01 17:10:26.054799	Speaker	stop	None
2016-10-01 17:10:26.055762	Trial	end	353
2016-10-01 17:10:26.056829	Trial	start	354
2016-10-01 17:10:26.058972	Speaker	play	None
2016-10-01 17:10:32.062505	Speaker	stop	None
2016-10-01 17:10:32.063812	Hopper	up	None
2016-10-01 17:10:44.065654	Hopper	down	None
2016-10-01 17:10:44.368419	Trial	end	354
2016-10-01 17:11:10.066211	Trial	start	355
2016-10-01 17:11:10.068602	Speaker	play	None
2016-10-01 17:11:16.074327	Speaker	stop	None
2016-10-01 17:11:16.079313	Hopper	up	None
2016-10-01 17:11:28.081504	Hopper	down	None
2016-10-01 17:11:28.384363	Trial	end	355
2016-10-01 17:11:43.626955	Trial	start	356
2016-10-01 17:11:43.629611	Speaker	play	None
2016-10-01 17:11:43.770389	Speaker	stop	None
2016-10-01 17:11:43.771301	Trial	end	356
2016-10-01 17:11:43.772692	Trial	start	357
2016-10-01 17:11:43.775864	Speaker	play	None
2016-10-01 17:11:49.782288	Speaker	stop	None
2016-10-01 17:11:49.783134	Trial	end	357
2016-10-01 17:11:52.534206	Trial	start	358
2016-10-01 17:11:52.536344	Speaker	play	None
2016-10-01 17:11:52.608546	Speaker	stop	None
2016-10-01 17:11:52.609773	Trial	end	358
2016-10-01 17:11:52.611223	Trial	start	359
2016-10-01 17:11:52.613506	Speaker	play	None
2016-10-01 17:11:53.013465	Speaker	stop	None
2016-10-01 17:11:53.014238	Trial	end	359
2016-10-01 17:11:53.015294	Trial	start	360
2016-10-01 17:11:53.017452	Speaker	play	None
2016-10-01 17:11:53.038360	Speaker	stop	None
2016-10-01 17:11:53.039611	Trial	end	360
2016-10-01 17:11:53.040747	Trial	start	361
2016-10-01 17:11:53.044094	Speaker	play	None
2016-10-01 17:11:54.586074	Speaker	stop	None
2016-10-01 17:11:54.586956	Trial	end	361
2016-10-01 17:11:54.588158	Trial	start	362
2016-10-01 17:11:54.590545	Speaker	play	None
2016-10-01 17:11:54.684368	Speaker	stop	None
2016-10-01 17:11:54.685275	Trial	end	362
2016-10-01 17:11:54.686695	Trial	start	363
2016-10-01 17:11:54.688808	Speaker	play	None
2016-10-01 17:12:00.692144	Speaker	stop	None
2016-10-01 17:12:00.693088	Trial	end	363
2016-10-01 17:12:11.147534	Trial	start	364
2016-10-01 17:12:11.150093	Speaker	play	None
2016-10-01 17:12:11.212959	Speaker	stop	None
2016-10-01 17:12:11.213846	Trial	end	364
2016-10-01 17:12:11.214894	Trial	start	365
2016-10-01 17:12:11.216769	Speaker	play	None
2016-10-01 17:12:11.540583	Speaker	stop	None
2016-10-01 17:12:11.541420	Trial	end	365
2016-10-01 17:12:11.542571	Trial	start	366
2016-10-01 17:12:11.544505	Speaker	play	None
2016-10-01 17:12:22.774132	Speaker	stop	None
2016-10-01 17:12:22.775123	Trial	end	366
2016-10-01 17:59:35.988185	PeckPort	off	None
2016-10-01 17:59:35.988709	HouseLight	on	None
2016-10-01 17:59:35.989595	Hopper	down	None
