"2016-11-01 10:27:33,337","INFO","Preparing subject and data storage"
"2016-11-01 10:27:33,338","INFO","Created subject object with name LblGra2826F"
"2016-11-01 10:27:33,339","INFO","Created datastore CSVStore: filename = /home/fet/data/LblGra2826F/011116/LblGra2826F_trialdata_20161101102733.csv, fields = session, index, time, stimulus_name, condition_name, response, correct, rt, reward, max_wait for subject LblGra2826F"
"2016-11-01 10:27:33,340","INFO","Preparing to run experiment Go No-Go Interruption"
"2016-11-01 10:27:33,647","INFO","Entering Idle state"
"2016-11-01 10:27:33,951","INFO","Beginning block #1"
"2016-11-01 10:27:42,936","INFO","Trial 1 - 10:27:42 - Unrewarded - /home/fet/stimuli/test_categories_box5/nonreward/Th_Stim_6_WhiGra0114_080602010705.wav"
"2016-11-01 10:27:50,206","INFO","Trial 2 - 10:27:50 - Unrewarded - /home/fet/stimuli/test_categories_box5/nonreward/Ag_Stim_10_WhiGra0114_010101010101.wav"
"2016-11-01 10:28:06,651","INFO","Trial 3 - 10:28:06 - Unrewarded - /home/fet/stimuli/test_categories_box5/nonreward/Di_Stim_7_WhiBlu4818_060606060606.wav"
"2016-11-01 10:28:17,288","INFO","Trial 4 - 10:28:17 - Unrewarded - /home/fet/stimuli/test_categories_box5/nonreward/Tu_Stim_10_BluRas61dd_030905040607.wav"
"2016-11-01 10:28:17,364","INFO","Trial 5 - 10:28:17 - Unrewarded - /home/fet/stimuli/test_categories_box5/nonreward/LT_Stim_4_WhiBlu3615_070504010302.wav"
"2016-11-01 10:28:26,941","INFO","Trial 6 - 10:28:26 - Unrewarded - /home/fet/stimuli/test_categories_box5/nonreward/Ag_Stim_6_GraLbl0457_081209191106.wav"
"2016-11-01 10:28:27,023","INFO","Trial 7 - 10:28:27 - Unrewarded - /home/fet/stimuli/test_categories_box5/nonreward/So_Stim_4_LblBla4419_100902.wav"
"2016-11-01 10:28:30,854","INFO","Trial 8 - 10:28:30 - Unrewarded - /home/fet/stimuli/test_categories_box5/nonreward/Wh_Stim_2_WhiWhi1415_010101010101.wav"
"2016-11-01 10:28:42,546","INFO","Trial 9 - 10:28:42 - Unrewarded - /home/fet/stimuli/test_categories_box5/nonreward/So_Stim_1_HPiHPi4748_150515.wav"
"2016-11-01 10:29:19,580","INFO","Trial 10 - 10:29:19 - Unrewarded - /home/fet/stimuli/test_categories_box5/nonreward/Be_Stim_9_LblBlu6379_07_0101_0306.wav"
"2016-11-01 10:29:19,661","INFO","Trial 11 - 10:29:19 - Unrewarded - /home/fet/stimuli/test_categories_box5/nonreward/Ne_Stim_3_PurRas20dd_020803070506.wav"
"2016-11-01 10:29:30,676","INFO","Trial 12 - 10:29:30 - Unrewarded - /home/fet/stimuli/test_categories_box5/nonreward/So_Stim_1_YelGre5275_350934.wav"
"2016-11-01 10:29:57,982","INFO","Trial 13 - 10:29:57 - Unrewarded - /home/fet/stimuli/test_categories_box5/nonreward/So_Stim_5_LblBla4419_051002.wav"
"2016-11-01 10:30:01,512","INFO","Trial 14 - 10:30:01 - Unrewarded - /home/fet/stimuli/test_categories_box5/nonreward/Wh_Stim_5_GreOra1817_010101010101.wav"
"2016-11-01 10:30:10,138","INFO","Trial 15 - 10:30:10 - Unrewarded - /home/fet/stimuli/test_categories_box5/nonreward/Be_Stim_10_LblBlu1927_021505.wav"
"2016-11-01 10:30:25,780","INFO","Trial 16 - 10:30:25 - Unrewarded - /home/fet/stimuli/test_categories_box5/nonreward/Be_Stim_1_LblBlu6680_11_0205_0102_01.wav"
"2016-11-01 10:30:25,875","INFO","Trial 17 - 10:30:25 - Unrewarded - /home/fet/stimuli/test_categories_box5/nonreward/DC_Stim_1_GreGre6364_090313111610.wav"
"2016-11-01 10:30:37,502","INFO","Trial 18 - 10:30:37 - Rewarded - /home/fet/stimuli/test_categories_box5/reward/Te_Stim_9_BluRas07dd_160817112201.wav"
"2016-11-01 10:30:43,508","INFO","Supplying reward for 12.00 seconds"
"2016-11-01 10:31:09,498","INFO","Trial 19 - 10:31:09 - Unrewarded - /home/fet/stimuli/test_categories_box5/nonreward/Be_Stim_4_LblBlu2028_01_0111_0108.wav"
"2016-11-01 10:31:09,577","INFO","Trial 20 - 10:31:09 - Unrewarded - /home/fet/stimuli/test_categories_box5/nonreward/So_Stim_3_LblBla4548_362350.wav"
"2016-11-01 10:31:17,895","INFO","Trial 21 - 10:31:17 - Unrewarded - /home/fet/stimuli/test_categories_box5/nonreward/Di_Stim_7_WhiWhi1415_020202020202.wav"
"2016-11-01 10:31:31,585","INFO","Trial 22 - 10:31:31 - Rewarded - /home/fet/stimuli/test_categories_box5/reward/Te_Stim_2_WhiBlu4818_091101141204.wav"
"2016-11-01 10:31:37,596","INFO","Supplying reward for 12.00 seconds"
"2016-11-01 10:33:11,774","INFO","Trial 23 - 10:33:11 - Unrewarded - /home/fet/stimuli/test_categories_box5/nonreward/Ag_Stim_2_GreWhi1242_010101010101.wav"
"2016-11-01 10:33:25,221","INFO","Trial 24 - 10:33:25 - Unrewarded - /home/fet/stimuli/test_categories_box5/nonreward/Wh_Stim_1_LblBla4548_010710130916.wav"
"2016-11-01 10:33:34,501","INFO","Trial 25 - 10:33:34 - Rewarded - /home/fet/stimuli/test_categories_box5/reward/Te_Stim_3_WhiGra0114_110205101921.wav"
"2016-11-01 10:33:40,506","INFO","Supplying reward for 12.00 seconds"
"2016-11-01 10:35:24,026","INFO","Trial 26 - 10:35:24 - Unrewarded - /home/fet/stimuli/test_categories_box5/nonreward/Th_Stim_10_WhiBlu4818_010203040503.wav"
"2016-11-01 10:35:34,044","INFO","Trial 27 - 10:35:34 - Unrewarded - /home/fet/stimuli/test_categories_box5/nonreward/DC_Stim_3_LblBla4419_011130023735.wav"
"2016-11-01 10:35:43,964","INFO","Trial 28 - 10:35:43 - Unrewarded - /home/fet/stimuli/test_categories_box5/nonreward/Tu_Stim_9_GreOra1817_160210041707.wav"
"2016-11-01 10:35:54,744","INFO","Trial 29 - 10:35:54 - Unrewarded - /home/fet/stimuli/test_categories_box5/nonreward/Ag_Stim_1_GraLbl0457_121511090608.wav"
"2016-11-01 10:36:04,324","INFO","Trial 30 - 10:36:04 - Rewarded - /home/fet/stimuli/test_categories_box5/reward/Te_Stim_7_GreWhi1242_062102260111.wav"
"2016-11-01 10:36:10,333","INFO","Supplying reward for 12.00 seconds"
"2016-11-01 10:38:37,993","INFO","Trial 31 - 10:38:37 - Unrewarded - /home/fet/stimuli/test_categories_box5/nonreward/Ag_Stim_1_LblBla4419_020103010102.wav"
"2016-11-01 10:38:46,156","INFO","Trial 32 - 10:38:46 - Rewarded - /home/fet/stimuli/test_categories_box5/reward/Te_Stim_1_HPiHPi4748_181719122613.wav"
"2016-11-01 10:38:52,165","INFO","Supplying reward for 12.00 seconds"
"2016-11-01 10:40:46,985","INFO","Trial 33 - 10:40:46 - Unrewarded - /home/fet/stimuli/test_categories_box5/nonreward/Wh_Stim_6_LblBla4419_171609011307.wav"
"2016-11-01 10:40:55,934","INFO","Trial 34 - 10:40:55 - Unrewarded - /home/fet/stimuli/test_categories_box5/nonreward/Th_Stim_1_GreOra1817_012729442617.wav"
"2016-11-01 10:41:04,704","INFO","Trial 35 - 10:41:04 - Unrewarded - /home/fet/stimuli/test_categories_box5/nonreward/Ne_Stim_4_Unknown00F_010202010101.wav"
"2016-11-01 10:41:15,414","INFO","Trial 36 - 10:41:15 - Unrewarded - /home/fet/stimuli/test_categories_box5/nonreward/Wh_Stim_3_LblRed0613_424016311013.wav"
"2016-11-01 10:41:22,926","INFO","Trial 37 - 10:41:22 - Unrewarded - /home/fet/stimuli/test_categories_box5/nonreward/Wh_Stim_1_WhiRas44dd_020103030102.wav"
"2016-11-01 10:41:33,743","INFO","Trial 38 - 10:41:33 - Unrewarded - /home/fet/stimuli/test_categories_box5/nonreward/LT_Stim_8_LblRas1800_010402050306.wav"
"2016-11-01 10:41:45,039","INFO","Trial 39 - 10:41:45 - Unrewarded - /home/fet/stimuli/test_categories_box5/nonreward/LT_Stim_9_WhiBlu3615_060704050301.wav"
"2016-11-01 10:41:54,845","INFO","Trial 40 - 10:41:54 - Unrewarded - /home/fet/stimuli/test_categories_box5/nonreward/Di_Stim_8_WhiWhi1415_020202020202.wav"
"2016-11-01 10:42:04,043","INFO","Trial 41 - 10:42:04 - Unrewarded - /home/fet/stimuli/test_categories_box5/nonreward/DC_Stim_7_GreGre6364_011407060213.wav"
"2016-11-01 10:42:25,861","INFO","Trial 42 - 10:42:25 - Unrewarded - /home/fet/stimuli/test_categories_box5/nonreward/Tu_Stim_10_GreOra1817_021712110406.wav"
"2016-11-01 10:42:55,555","INFO","Trial 43 - 10:42:55 - Unrewarded - /home/fet/stimuli/test_categories_box5/nonreward/Ne_Stim_6_WhiRas44dd_110504070212.wav"
"2016-11-01 10:43:07,159","INFO","Trial 44 - 10:43:07 - Unrewarded - /home/fet/stimuli/test_categories_box5/nonreward/Tu_Stim_1_BluRas07dd_062205080919.wav"
"2016-11-01 10:43:18,664","INFO","Trial 45 - 10:43:18 - Unrewarded - /home/fet/stimuli/test_categories_box5/nonreward/Di_Stim_1_PurRas20dd_040104040101.wav"
"2016-11-01 10:43:28,834","INFO","Trial 46 - 10:43:28 - Unrewarded - /home/fet/stimuli/test_categories_box5/nonreward/Tu_Stim_7_WhiLbl0010_180224051304.wav"
"2016-11-01 10:43:41,895","INFO","Trial 47 - 10:43:41 - Unrewarded - /home/fet/stimuli/test_categories_box5/nonreward/So_Stim_5_YelOra2575_102611.wav"
"2016-11-01 10:43:56,038","INFO","Trial 48 - 10:43:56 - Unrewarded - /home/fet/stimuli/test_categories_box5/nonreward/LT_Stim_3_LblGre0000_040109120515.wav"
"2016-11-01 10:44:06,969","INFO","Trial 49 - 10:44:06 - Unrewarded - /home/fet/stimuli/test_categories_box5/nonreward/Tu_Stim_6_LblRed0613_020806040703.wav"
"2016-11-01 10:44:20,473","INFO","Trial 50 - 10:44:20 - Unrewarded - /home/fet/stimuli/test_categories_box5/nonreward/Ag_Stim_4_GraLbl0457_071106091215.wav"
"2016-11-01 10:44:34,460","INFO","Trial 51 - 10:44:34 - Unrewarded - /home/fet/stimuli/test_categories_box5/nonreward/Wh_Stim_5_GraGra0201_050501050402.wav"
"2016-11-01 10:44:47,403","INFO","Trial 52 - 10:44:47 - Unrewarded - /home/fet/stimuli/test_categories_box5/nonreward/LT_Stim_10_LblRas1800_040205030106.wav"
"2016-11-01 10:44:47,897","INFO","Trial 53 - 10:44:47 - Unrewarded - /home/fet/stimuli/test_categories_box5/nonreward/LT_Stim_1_LblBlu1927_010101010101.wav"
"2016-11-01 10:45:07,878","INFO","Trial 54 - 10:45:07 - Unrewarded - /home/fet/stimuli/test_categories_box5/nonreward/So_Stim_2_BlaBla0506_150608.wav"
"2016-11-01 10:45:09,548","INFO","Trial 55 - 10:45:09 - Unrewarded - /home/fet/stimuli/test_categories_box5/nonreward/Wh_Stim_5_GraLbl0457_010205040401.wav"
"2016-11-01 10:45:26,497","INFO","Trial 56 - 10:45:26 - Unrewarded - /home/fet/stimuli/test_categories_box5/nonreward/Di_Stim_2_GraGra0201_010707070701.wav"
"2016-11-01 10:45:41,901","INFO","Trial 57 - 10:45:41 - Unrewarded - /home/fet/stimuli/test_categories_box5/nonreward/LT_Stim_4_LblGre0000_051413102021.wav"
"2016-11-01 10:45:54,528","INFO","Trial 58 - 10:45:54 - Unrewarded - /home/fet/stimuli/test_categories_box5/nonreward/Th_Stim_10_BlaBla0506_050204030102.wav"
"2016-11-01 10:46:07,582","INFO","Trial 59 - 10:46:07 - Unrewarded - /home/fet/stimuli/test_categories_box5/nonreward/So_Stim_8_WhiBlu4818_052204.wav"
"2016-11-01 10:46:12,824","INFO","Trial 60 - 10:46:12 - Unrewarded - /home/fet/stimuli/test_categories_box5/nonreward/Th_Stim_3_LblRed0613_160106151302.wav"
"2016-11-01 10:46:25,193","INFO","Trial 61 - 10:46:25 - Unrewarded - /home/fet/stimuli/test_categories_box5/nonreward/Wh_Stim_1_BlaLbl8026_080709320832.wav"
"2016-11-01 11:17:13,474","INFO","Trial 62 - 11:17:13 - Unrewarded - /home/fet/stimuli/test_categories_box5/nonreward/So_Stim_7_BlaBla0506_061508.wav"
"2016-11-01 11:17:15,284","INFO","Trial 63 - 11:17:15 - Unrewarded - /home/fet/stimuli/test_categories_box5/nonreward/Di_Stim_3_WhiWhi1415_020202020202.wav"
"2016-11-01 11:18:09,459","INFO","Trial 64 - 11:18:09 - Unrewarded - /home/fet/stimuli/test_categories_box5/nonreward/DC_Stim_6_YelOra2575_322133144837.wav"
"2016-11-01 11:18:23,930","INFO","Trial 65 - 11:18:23 - Unrewarded - /home/fet/stimuli/test_categories_box5/nonreward/So_Stim_4_GraLbl0457_020805.wav"
"2016-11-01 11:18:33,796","INFO","Trial 66 - 11:18:33 - Unrewarded - /home/fet/stimuli/test_categories_box5/nonreward/Ne_Stim_2_Unknown01F_020101020202.wav"
"2016-11-01 11:18:44,061","INFO","Trial 67 - 11:18:44 - Unrewarded - /home/fet/stimuli/test_categories_box5/nonreward/Di_Stim_2_Unknown000_020101020202.wav"
"2016-11-01 11:18:52,428","INFO","Trial 68 - 11:18:52 - Unrewarded - /home/fet/stimuli/test_categories_box5/nonreward/Th_Stim_3_Unknown000_110903040807.wav"
"2016-11-01 11:19:04,515","INFO","Trial 69 - 11:19:04 - Unrewarded - /home/fet/stimuli/test_categories_box5/nonreward/DC_Stim_10_WhiBlu4818_020405030101.wav"
"2016-11-01 11:19:14,955","INFO","Trial 70 - 11:19:14 - Rewarded - /home/fet/stimuli/test_categories_box5/reward/Te_Stim_5_LblBla4548_122835101129.wav"
"2016-11-01 11:19:20,964","INFO","Supplying reward for 12.00 seconds"
"2016-11-01 11:22:25,589","INFO","Trial 71 - 11:22:25 - Unrewarded - /home/fet/stimuli/test_categories_box5/nonreward/LT_Stim_6_LblBlu6680_221215090408.wav"
"2016-11-01 11:22:45,105","INFO","Trial 72 - 11:22:45 - Unrewarded - /home/fet/stimuli/test_categories_box5/nonreward/Ne_Stim_10_LblRed0613_603240372669.wav"
"2016-11-01 11:22:57,663","INFO","Trial 73 - 11:22:57 - Unrewarded - /home/fet/stimuli/test_categories_box5/nonreward/Ag_Stim_5_GreOra1817_143118222528.wav"
"2016-11-01 11:23:06,792","INFO","Trial 74 - 11:23:06 - Unrewarded - /home/fet/stimuli/test_categories_box5/nonreward/LT_Stim_10_LblBlu1927_010101010101.wav"
"2016-11-01 11:23:16,996","INFO","Trial 75 - 11:23:16 - Unrewarded - /home/fet/stimuli/test_categories_box5/nonreward/Di_Stim_1_GraGra0201_070101010107.wav"
"2016-11-01 11:23:48,004","INFO","Trial 76 - 11:23:48 - Unrewarded - /home/fet/stimuli/test_categories_box5/nonreward/DC_Stim_4_GreGre6364_051606071302.wav"
"2016-11-01 11:23:59,517","INFO","Trial 77 - 11:23:59 - Unrewarded - /home/fet/stimuli/test_categories_box5/nonreward/Be_Stim_4_LblBlu6680_07_0102_0106_02.wav"
"2016-11-01 11:24:09,163","INFO","Trial 78 - 11:24:09 - Unrewarded - /home/fet/stimuli/test_categories_box5/nonreward/LT_Stim_2_LblBlu6379_061624142518.wav"
"2016-11-01 11:24:20,602","INFO","Trial 79 - 11:24:20 - Unrewarded - /home/fet/stimuli/test_categories_box5/nonreward/DC_Stim_2_YelOra2575_371738321410.wav"
"2016-11-01 11:24:35,065","INFO","Trial 80 - 11:24:35 - Unrewarded - /home/fet/stimuli/test_categories_box5/nonreward/Th_Stim_9_WhiWhi1415_142822041001.wav"
"2016-11-01 11:24:47,233","INFO","Trial 81 - 11:24:47 - Unrewarded - /home/fet/stimuli/test_categories_box5/nonreward/Th_Stim_9_YelGre5275_260817111227.wav"
"2016-11-01 11:24:58,980","INFO","Trial 82 - 11:24:58 - Unrewarded - /home/fet/stimuli/test_categories_box5/nonreward/LT_Stim_2_LblBlu6680_132821032914.wav"
"2016-11-01 11:25:08,687","INFO","Trial 83 - 11:25:08 - Rewarded - /home/fet/stimuli/test_categories_box5/reward/Te_Stim_7_LblBla4548_191710162724.wav"
"2016-11-01 11:25:14,696","INFO","Supplying reward for 12.00 seconds"
"2016-11-01 11:29:32,008","INFO","Trial 84 - 11:29:32 - Unrewarded - /home/fet/stimuli/test_categories_box5/nonreward/DC_Stim_7_GraGra0201_021743454834.wav"
"2016-11-01 11:29:40,832","INFO","Trial 85 - 11:29:40 - Unrewarded - /home/fet/stimuli/test_categories_box5/nonreward/Di_Stim_5_Unknown_11_020102010201.wav"
"2016-11-01 11:29:42,303","INFO","Trial 86 - 11:29:42 - Unrewarded - /home/fet/stimuli/test_categories_box5/nonreward/Di_Stim_9_WhiBlu4818_060606060606.wav"
"2016-11-01 11:29:44,473","INFO","Trial 87 - 11:29:44 - Unrewarded - /home/fet/stimuli/test_categories_box5/nonreward/LT_Stim_2_WhiBlu3615_040703060502.wav"
"2016-11-01 11:29:52,991","INFO","Trial 88 - 11:29:52 - Unrewarded - /home/fet/stimuli/test_categories_box5/nonreward/Be_Stim_6_GraGre1001_100503.wav"
"2016-11-01 11:29:54,023","INFO","Trial 89 - 11:29:54 - Unrewarded - /home/fet/stimuli/test_categories_box5/nonreward/LT_Stim_5_LblBlu6680_021718131227.wav"
"2016-11-01 11:30:14,514","INFO","Trial 90 - 11:30:14 - Unrewarded - /home/fet/stimuli/test_categories_box5/nonreward/Di_Stim_3_BlaBla0506_010101010101.wav"
"2016-11-01 11:30:21,871","INFO","Trial 91 - 11:30:21 - Unrewarded - /home/fet/stimuli/test_categories_box5/nonreward/Be_Stim_3_LblBlu1729_100207.wav"
"2016-11-01 11:30:30,885","INFO","Trial 92 - 11:30:30 - Unrewarded - /home/fet/stimuli/test_categories_box5/nonreward/So_Stim_8_RedRas3600_040105.wav"
"2016-11-01 11:30:37,754","INFO","Trial 93 - 11:30:37 - Unrewarded - /home/fet/stimuli/test_categories_box5/nonreward/LT_Stim_10_LblBlu6243_051813302615.wav"
"2016-11-01 11:30:47,575","INFO","Trial 94 - 11:30:47 - Unrewarded - /home/fet/stimuli/test_categories_box5/nonreward/Be_Stim_4_LblBlu6243_08_0206_0315.wav"
"2016-11-01 11:30:48,631","INFO","Trial 95 - 11:30:48 - Unrewarded - /home/fet/stimuli/test_categories_box5/nonreward/Th_Stim_4_WhiGra0114_080701060502.wav"
"2016-11-01 11:31:01,391","INFO","Trial 96 - 11:31:01 - Unrewarded - /home/fet/stimuli/test_categories_box5/nonreward/So_Stim_1_BlaBla0506_150812.wav"
"2016-11-01 11:31:02,271","INFO","Trial 97 - 11:31:02 - Unrewarded - /home/fet/stimuli/test_categories_box5/nonreward/Be_Stim_1_GraRas1600_090301.wav"
"2016-11-01 11:31:15,976","INFO","Trial 98 - 11:31:15 - Unrewarded - /home/fet/stimuli/test_categories_box5/nonreward/Ag_Stim_6_LblBla4419_010302020202.wav"
"2016-11-01 11:31:28,435","INFO","Trial 99 - 11:31:28 - Unrewarded - /home/fet/stimuli/test_categories_box5/nonreward/Ag_Stim_2_GraLbl0457_061215190508.wav"
"2016-11-01 11:31:30,739","INFO","Trial 100 - 11:31:30 - Unrewarded - /home/fet/stimuli/test_categories_box5/nonreward/Ne_Stim_4_BlaLbl8026_313122292110.wav"
"2016-11-01 11:31:41,021","INFO","Trial 101 - 11:31:41 - Unrewarded - /home/fet/stimuli/test_categories_box5/nonreward/Ne_Stim_3_BlaLbl8026_313126102534.wav"
"2016-11-01 11:31:52,117","INFO","Trial 102 - 11:31:52 - Unrewarded - /home/fet/stimuli/test_categories_box5/nonreward/Wh_Stim_7_WhiRas44dd_030201010103.wav"
"2016-11-01 11:32:02,348","INFO","Trial 103 - 11:32:02 - Unrewarded - /home/fet/stimuli/test_categories_box5/nonreward/DC_Stim_7_RedRas3600_100105070903.wav"
"2016-11-01 11:32:15,524","INFO","Trial 104 - 11:32:15 - Unrewarded - /home/fet/stimuli/test_categories_box5/nonreward/Be_Stim_2_GraGre0813_090413.wav"
"2016-11-01 11:32:16,683","INFO","Trial 105 - 11:32:16 - Unrewarded - /home/fet/stimuli/test_categories_box5/nonreward/So_Stim_2_HPiHPi4748_131515.wav"
"2016-11-01 11:32:18,547","INFO","Trial 106 - 11:32:18 - Rewarded - /home/fet/stimuli/test_categories_box5/reward/Te_Stim_1_WhiBlu4818_110401140918.wav"
"2016-11-01 11:32:24,556","INFO","Supplying reward for 12.00 seconds"
"2016-11-01 11:34:40,981","INFO","Trial 107 - 11:34:40 - Unrewarded - /home/fet/stimuli/test_categories_box5/nonreward/DC_Stim_6_GreGre6364_060513121614.wav"
"2016-11-01 11:34:58,487","INFO","Trial 108 - 11:34:58 - Unrewarded - /home/fet/stimuli/test_categories_box5/nonreward/DC_Stim_10_BlaBla0506_191411252024.wav"
"2016-11-01 11:35:07,133","INFO","Trial 109 - 11:35:07 - Unrewarded - /home/fet/stimuli/test_categories_box5/nonreward/DC_Stim_7_YelOra2575_411115252934.wav"
"2016-11-01 11:35:09,267","INFO","Trial 110 - 11:35:09 - Unrewarded - /home/fet/stimuli/test_categories_box5/nonreward/Di_Stim_6_WhiBlu4818_060606060606.wav"
"2016-11-01 11:35:16,570","INFO","Trial 111 - 11:35:16 - Unrewarded - /home/fet/stimuli/test_categories_box5/nonreward/Be_Stim_2_LblBlu6379_07_0103_0206.wav"
"2016-11-01 11:35:31,413","INFO","Trial 112 - 11:35:31 - Rewarded - /home/fet/stimuli/test_categories_box5/reward/Te_Stim_2_BlaBla0506_120611160810.wav"
"2016-11-01 11:35:37,422","INFO","Supplying reward for 12.00 seconds"
"2016-11-01 11:38:02,780","INFO","Trial 113 - 11:38:02 - Unrewarded - /home/fet/stimuli/test_categories_box5/nonreward/Di_Stim_9_Unknown000_020102020202.wav"
"2016-11-01 11:38:18,922","INFO","Trial 114 - 11:38:18 - Unrewarded - /home/fet/stimuli/test_categories_box5/nonreward/Ne_Stim_5_WhiGra0114_030202020202.wav"
"2016-11-01 11:38:28,457","INFO","Trial 115 - 11:38:28 - Unrewarded - /home/fet/stimuli/test_categories_box5/nonreward/Ne_Stim_6_HPiHPi4748_492714091121.wav"
"2016-11-01 11:38:38,025","INFO","Trial 116 - 11:38:38 - Unrewarded - /home/fet/stimuli/test_categories_box5/nonreward/Be_Stim_8_LblBlu6243_07_0207_0103.wav"
"2016-11-01 11:38:49,988","INFO","Trial 117 - 11:38:49 - Unrewarded - /home/fet/stimuli/test_categories_box5/nonreward/Be_Stim_4_LblGre0001_03_020402_02.wav"
"2016-11-01 11:38:55,672","INFO","Trial 118 - 11:38:55 - Unrewarded - /home/fet/stimuli/test_categories_box5/nonreward/LT_Stim_10_WhiBlu3615_070201060405.wav"
"2016-11-01 11:39:04,696","INFO","Trial 119 - 11:39:04 - Unrewarded - /home/fet/stimuli/test_categories_box5/nonreward/Ag_Stim_6_WhiLbl0010_030912110418.wav"
"2016-11-01 11:39:19,265","INFO","Trial 120 - 11:39:19 - Unrewarded - /home/fet/stimuli/test_categories_box5/nonreward/DC_Stim_5_WhiBlu4818_050204030102.wav"
"2016-11-01 11:39:30,242","INFO","Trial 121 - 11:39:30 - Unrewarded - /home/fet/stimuli/test_categories_box5/nonreward/Ag_Stim_5_WhiLbl0010_110918221503.wav"
"2016-11-01 11:39:40,641","INFO","Trial 122 - 11:39:40 - Unrewarded - /home/fet/stimuli/test_categories_box5/nonreward/Tu_Stim_7_HPiHPi4748_202211261325.wav"
"2016-11-01 11:39:52,981","INFO","Trial 123 - 11:39:52 - Unrewarded - /home/fet/stimuli/test_categories_box5/nonreward/Di_Stim_4_Unknown_11_020102010201.wav"
"2016-11-01 11:39:55,376","INFO","Trial 124 - 11:39:55 - Unrewarded - /home/fet/stimuli/test_categories_box5/nonreward/Di_Stim_3_WhiLbl0010_040404040404.wav"
"2016-11-01 11:40:09,201","INFO","Trial 125 - 11:40:09 - Unrewarded - /home/fet/stimuli/test_categories_box5/nonreward/Ne_Stim_8_GraGra0201_113235205207.wav"
"2016-11-01 11:40:23,163","INFO","Trial 126 - 11:40:23 - Unrewarded - /home/fet/stimuli/test_categories_box5/nonreward/So_Stim_3_GraLbl0457_030913.wav"
"2016-11-01 11:40:25,108","INFO","Trial 127 - 11:40:25 - Unrewarded - /home/fet/stimuli/test_categories_box5/nonreward/LT_Stim_9_LblBlu1927_010101010101.wav"
"2016-11-01 11:40:35,860","INFO","Trial 128 - 11:40:35 - Unrewarded - /home/fet/stimuli/test_categories_box5/nonreward/LT_Stim_2_LblGre0001_050709080601.wav"
"2016-11-01 11:40:47,930","INFO","Trial 129 - 11:40:47 - Unrewarded - /home/fet/stimuli/test_categories_box5/nonreward/Ne_Stim_8_HPiHPi4748_431241333244.wav"
"2016-11-01 11:41:03,322","INFO","Trial 130 - 11:41:03 - Unrewarded - /home/fet/stimuli/test_categories_box5/nonreward/So_Stim_9_BlaBla0506_061508.wav"
"2016-11-01 11:41:04,301","INFO","Trial 131 - 11:41:04 - Unrewarded - /home/fet/stimuli/test_categories_box5/nonreward/So_Stim_1_WhiBlu4818_220509.wav"
"2016-11-01 11:41:06,354","INFO","Trial 132 - 11:41:06 - Unrewarded - /home/fet/stimuli/test_categories_box5/nonreward/DC_Stim_7_YelGre5275_034410403120.wav"
"2016-11-01 11:41:19,377","INFO","Trial 133 - 11:41:19 - Unrewarded - /home/fet/stimuli/test_categories_box5/nonreward/Tu_Stim_5_GreOra1817_011711020306.wav"
"2016-11-01 11:41:34,909","INFO","Trial 134 - 11:41:34 - Unrewarded - /home/fet/stimuli/test_categories_box5/nonreward/So_Stim_1_RedRas3600_060501.wav"
"2016-11-01 11:41:44,571","INFO","Trial 135 - 11:41:44 - Unrewarded - /home/fet/stimuli/test_categories_box5/nonreward/Tu_Stim_7_BluRas61dd_060708040203.wav"
"2016-11-01 11:41:58,095","INFO","Trial 136 - 11:41:58 - Unrewarded - /home/fet/stimuli/test_categories_box5/nonreward/DC_Stim_5_BlaBla0506_160218012622.wav"
"2016-11-01 11:42:12,348","INFO","Trial 137 - 11:42:12 - Rewarded - /home/fet/stimuli/test_categories_box5/reward/Te_Stim_10_YelGre5275_232912321601.wav"
"2016-11-01 11:42:18,357","INFO","Supplying reward for 12.00 seconds"
"2016-11-01 11:45:09,474","INFO","Trial 138 - 11:45:09 - Unrewarded - /home/fet/stimuli/test_categories_box5/nonreward/Di_Stim_7_Unknown000_020102010102.wav"
"2016-11-01 11:45:10,350","INFO","Trial 139 - 11:45:10 - Unrewarded - /home/fet/stimuli/test_categories_box5/nonreward/Tu_Stim_5_BluRas61dd_090305040107.wav"
"2016-11-01 11:45:19,230","INFO","Trial 140 - 11:45:19 - Unrewarded - /home/fet/stimuli/test_categories_box5/nonreward/Ag_Stim_4_WhiRas44dd_322410111721.wav"
"2016-11-01 11:45:33,102","INFO","Trial 141 - 11:45:33 - Unrewarded - /home/fet/stimuli/test_categories_box5/nonreward/Wh_Stim_3_BlaBla0506_181213140216.wav"
"2016-11-01 11:45:49,870","INFO","Trial 142 - 11:45:49 - Rewarded - /home/fet/stimuli/test_categories_box5/reward/Te_Stim_2_GreWhi1242_111507230616.wav"
"2016-11-01 11:45:55,880","INFO","Supplying reward for 12.00 seconds"
"2016-11-01 11:48:00,861","INFO","Trial 143 - 11:48:00 - Unrewarded - /home/fet/stimuli/test_categories_box5/nonreward/Th_Stim_8_BlaBla0506_010205030402.wav"
"2016-11-01 11:48:21,115","INFO","Trial 144 - 11:48:21 - Unrewarded - /home/fet/stimuli/test_categories_box5/nonreward/Tu_Stim_2_GraLbl0457_160603131415.wav"
"2016-11-01 11:48:31,305","INFO","Trial 145 - 11:48:31 - Unrewarded - /home/fet/stimuli/test_categories_box5/nonreward/Th_Stim_6_YelGre5275_370813354139.wav"
"2016-11-01 11:48:43,445","INFO","Trial 146 - 11:48:43 - Unrewarded - /home/fet/stimuli/test_categories_box5/nonreward/So_Stim_5_LblRed0613_291532.wav"
"2016-11-01 11:48:49,375","INFO","Trial 147 - 11:48:49 - Unrewarded - /home/fet/stimuli/test_categories_box5/nonreward/DC_Stim_4_RedRas3600_100507080209.wav"
"2016-11-01 11:48:58,530","INFO","Trial 148 - 11:48:58 - Unrewarded - /home/fet/stimuli/test_categories_box5/nonreward/Th_Stim_10_WhiGra0114_060801050702.wav"
"2016-11-01 11:48:59,877","INFO","Trial 149 - 11:48:59 - Unrewarded - /home/fet/stimuli/test_categories_box5/nonreward/Wh_Stim_9_BlaBla0506_181612100613.wav"
"2016-11-01 11:49:09,666","INFO","Trial 150 - 11:49:09 - Unrewarded - /home/fet/stimuli/test_categories_box5/nonreward/Wh_Stim_7_BlaBla0506_130610181415.wav"
"2016-11-01 11:49:22,552","INFO","Trial 151 - 11:49:22 - Unrewarded - /home/fet/stimuli/test_categories_box5/nonreward/LT_Stim_3_LblBlu6680_281921291218.wav"
"2016-11-01 11:49:33,635","INFO","Trial 152 - 11:49:33 - Rewarded - /home/fet/stimuli/test_categories_box5/reward/Te_Stim_4_GreRas2400_021332342030.wav"
"2016-11-01 11:49:39,640","INFO","Supplying reward for 12.00 seconds"
"2016-11-01 11:52:19,260","INFO","Trial 153 - 11:52:19 - Unrewarded - /home/fet/stimuli/test_categories_box5/nonreward/Be_Stim_1_LblRas1800_0706_0102_03.wav"
"2016-11-01 11:52:21,317","INFO","Trial 154 - 11:52:21 - Unrewarded - /home/fet/stimuli/test_categories_box5/nonreward/Be_Stim_8_GraGre1001_101102.wav"
"2016-11-01 11:52:27,824","INFO","Trial 155 - 11:52:27 - Unrewarded - /home/fet/stimuli/test_categories_box5/nonreward/Ne_Stim_10_WhiGra0114_030202030202.wav"
"2016-11-01 11:52:37,748","INFO","Trial 156 - 11:52:37 - Unrewarded - /home/fet/stimuli/test_categories_box5/nonreward/Ne_Stim_10_Unknown000_010101010101.wav"
"2016-11-01 11:52:39,926","INFO","Trial 157 - 11:52:39 - Unrewarded - /home/fet/stimuli/test_categories_box5/nonreward/DC_Stim_1_WhiBlu4917_221820190809.wav"
"2016-11-01 11:52:49,921","INFO","Trial 158 - 11:52:49 - Rewarded - /home/fet/stimuli/test_categories_box5/reward/Te_Stim_2_LblBla4548_370728103826.wav"
"2016-11-01 11:52:55,930","INFO","Supplying reward for 12.00 seconds"
"2016-11-01 11:54:54,715","INFO","Trial 159 - 11:54:54 - Unrewarded - /home/fet/stimuli/test_categories_box5/nonreward/Tu_Stim_3_GraGra0201_171804121407.wav"
"2016-11-01 11:54:57,204","INFO","Trial 160 - 11:54:57 - Unrewarded - /home/fet/stimuli/test_categories_box5/nonreward/Di_Stim_9_PurRas20dd_040101040101.wav"
"2016-11-01 11:55:08,346","INFO","Trial 161 - 11:55:08 - Unrewarded - /home/fet/stimuli/test_categories_box5/nonreward/DC_Stim_6_BlaBla0506_102216111508.wav"
"2016-11-01 11:55:18,536","INFO","Trial 162 - 11:55:18 - Unrewarded - /home/fet/stimuli/test_categories_box5/nonreward/LT_Stim_7_LblBlu6243_122327030628.wav"
"2016-11-01 11:55:27,751","INFO","Trial 163 - 11:55:27 - Unrewarded - /home/fet/stimuli/test_categories_box5/nonreward/LT_Stim_8_LblGre0000_121721130411.wav"
"2016-11-01 11:55:38,687","INFO","Trial 164 - 11:55:38 - Unrewarded - /home/fet/stimuli/test_categories_box5/nonreward/Di_Stim_5_WhiBlu4917_010101010101.wav"
"2016-11-01 11:56:03,799","INFO","Trial 165 - 11:56:03 - Unrewarded - /home/fet/stimuli/test_categories_box5/nonreward/DC_Stim_9_WhiBlu4818_020405010301.wav"
"2016-11-01 11:56:17,589","INFO","Trial 166 - 11:56:17 - Unrewarded - /home/fet/stimuli/test_categories_box5/nonreward/So_Stim_9_WhiBlu4818_220911.wav"
"2016-11-01 11:56:27,284","INFO","Trial 167 - 11:56:27 - Unrewarded - /home/fet/stimuli/test_categories_box5/nonreward/Di_Stim_8_HPiHPi4748_030503030305.wav"
"2016-11-01 11:56:44,961","INFO","Trial 168 - 11:56:44 - Unrewarded - /home/fet/stimuli/test_categories_box5/nonreward/Tu_Stim_5_BluRas07dd_030220140612.wav"
"2016-11-01 11:56:55,864","INFO","Trial 169 - 11:56:55 - Unrewarded - /home/fet/stimuli/test_categories_box5/nonreward/Tu_Stim_5_YelOra2575_0.1416211528.wav"
"2016-11-01 11:57:10,826","INFO","Trial 170 - 11:57:10 - Unrewarded - /home/fet/stimuli/test_categories_box5/nonreward/Wh_Stim_3_GraGra0201_050601040505.wav"
"2016-11-01 11:57:22,957","INFO","Trial 171 - 11:57:22 - Unrewarded - /home/fet/stimuli/test_categories_box5/nonreward/So_Stim_3_LblBla4419_020110.wav"
"2016-11-01 11:57:39,795","INFO","Trial 172 - 11:57:39 - Unrewarded - /home/fet/stimuli/test_categories_box5/nonreward/Th_Stim_2_Unknown_11_011011050907.wav"
"2016-11-01 11:57:53,684","INFO","Trial 173 - 11:57:53 - Unrewarded - /home/fet/stimuli/test_categories_box5/nonreward/Ag_Stim_5_BluRas61dd_041002031715.wav"
"2016-11-01 11:58:04,669","INFO","Trial 174 - 11:58:04 - Rewarded - /home/fet/stimuli/test_categories_box5/reward/Te_Stim_10_WhiBlu5698_021807242605.wav"
"2016-11-01 11:58:10,678","INFO","Supplying reward for 12.00 seconds"
"2016-11-01 12:03:29,156","INFO","Trial 175 - 12:03:29 - Unrewarded - /home/fet/stimuli/test_categories_box5/nonreward/So_Stim_9_RedRas3600_050106.wav"
"2016-11-01 12:03:39,707","INFO","Trial 176 - 12:03:39 - Unrewarded - /home/fet/stimuli/test_categories_box5/nonreward/Ne_Stim_8_BlaLbl8026_082802213029.wav"
"2016-11-01 12:03:50,094","INFO","Trial 177 - 12:03:50 - Unrewarded - /home/fet/stimuli/test_categories_box5/nonreward/Tu_Stim_10_PurRas20dd_030605070901.wav"
"2016-11-01 12:04:03,684","INFO","Trial 178 - 12:04:03 - Unrewarded - /home/fet/stimuli/test_categories_box5/nonreward/Di_Stim_4_YelOra2575_110911090911.wav"
"2016-11-01 12:04:14,628","INFO","Trial 179 - 12:04:14 - Unrewarded - /home/fet/stimuli/test_categories_box5/nonreward/LT_Stim_8_WhiBlu3513_010503020406.wav"
"2016-11-01 12:04:25,494","INFO","Trial 180 - 12:04:25 - Unrewarded - /home/fet/stimuli/test_categories_box5/nonreward/Ne_Stim_5_HPiHPi4748_202548301836.wav"
"2016-11-01 12:04:36,864","INFO","Trial 181 - 12:04:36 - Unrewarded - /home/fet/stimuli/test_categories_box5/nonreward/Ag_Stim_9_LblBla4419_020103010302.wav"
"2016-11-01 12:04:52,448","INFO","Trial 182 - 12:04:52 - Unrewarded - /home/fet/stimuli/test_categories_box5/nonreward/Wh_Stim_4_GreOra1817_010101010101.wav"
"2016-11-01 12:05:01,062","INFO","Trial 183 - 12:05:01 - Unrewarded - /home/fet/stimuli/test_categories_box5/nonreward/Th_Stim_3_YelGre5275_422520223327.wav"
"2016-11-01 12:05:03,940","INFO","Trial 184 - 12:05:03 - Rewarded - /home/fet/stimuli/test_categories_box5/reward/Te_Stim_6_BlaBla0506_140806091622.wav"
"2016-11-01 12:05:09,951","INFO","Supplying reward for 12.00 seconds"
"2016-11-01 12:08:28,451","INFO","Trial 185 - 12:08:28 - Unrewarded - /home/fet/stimuli/test_categories_box5/nonreward/DC_Stim_6_WhiRas44dd_110103142719.wav"
"2016-11-01 12:08:43,290","INFO","Trial 186 - 12:08:43 - Unrewarded - /home/fet/stimuli/test_categories_box5/nonreward/So_Stim_2_LblBla4419_050902.wav"
"2016-11-01 12:09:02,049","INFO","Trial 187 - 12:09:02 - Unrewarded - /home/fet/stimuli/test_categories_box5/nonreward/LT_Stim_5_LblRas1800_010506030204.wav"
"2016-11-01 12:09:07,894","INFO","Trial 188 - 12:09:07 - Unrewarded - /home/fet/stimuli/test_categories_box5/nonreward/Ne_Stim_1_WhiWhi1415_081004060709.wav"
"2016-11-01 12:09:18,338","INFO","Trial 189 - 12:09:18 - Rewarded - /home/fet/stimuli/test_categories_box5/reward/Te_Stim_5_GreRas2400_252110192413.wav"
"2016-11-01 12:09:24,347","INFO","Supplying reward for 12.00 seconds"
"2016-11-01 12:44:33,393","INFO","Trial 190 - 12:44:33 - Unrewarded - /home/fet/stimuli/test_categories_box5/nonreward/LT_Stim_7_WhiBlu0112_081421221027.wav"
"2016-11-01 12:44:46,982","INFO","Trial 191 - 12:44:46 - Unrewarded - /home/fet/stimuli/test_categories_box5/nonreward/Ag_Stim_10_WhiLbl0010_132726040815.wav"
"2016-11-01 12:44:57,369","INFO","Trial 192 - 12:44:57 - Unrewarded - /home/fet/stimuli/test_categories_box5/nonreward/Tu_Stim_3_PurRas20dd_060801040509.wav"
"2016-11-01 12:45:10,860","INFO","Trial 193 - 12:45:10 - Unrewarded - /home/fet/stimuli/test_categories_box5/nonreward/Tu_Stim_6_WhiLbl0010_201418241007.wav"
"2016-11-01 12:45:22,816","INFO","Trial 194 - 12:45:22 - Unrewarded - /home/fet/stimuli/test_categories_box5/nonreward/Tu_Stim_8_YelGre5275_192907051416.wav"
"2016-11-01 12:45:35,943","INFO","Trial 195 - 12:45:35 - Unrewarded - /home/fet/stimuli/test_categories_box5/nonreward/Be_Stim_2_GraGre1001_090606.wav"
"2016-11-01 12:45:44,016","INFO","Trial 196 - 12:45:44 - Unrewarded - /home/fet/stimuli/test_categories_box5/nonreward/Di_Stim_10_WhiBlu4818_060606060606.wav"
"2016-11-01 12:45:45,873","INFO","Trial 197 - 12:45:45 - Unrewarded - /home/fet/stimuli/test_categories_box5/nonreward/Di_Stim_4_BlaLbl8026_030102010202.wav"
"2016-11-01 12:45:55,840","INFO","Trial 198 - 12:45:55 - Unrewarded - /home/fet/stimuli/test_categories_box5/nonreward/Wh_Stim_6_GreOra1817_010101010101.wav"
"2016-11-01 12:46:09,008","INFO","Trial 199 - 12:46:09 - Unrewarded - /home/fet/stimuli/test_categories_box5/nonreward/Th_Stim_7_YelGre5275_201418073524.wav"
"2016-11-01 12:46:19,673","INFO","Trial 200 - 12:46:19 - Unrewarded - /home/fet/stimuli/test_categories_box5/nonreward/So_Stim_10_LblBla4548_253826.wav"
"2016-11-01 12:46:27,415","INFO","Trial 201 - 12:46:27 - Unrewarded - /home/fet/stimuli/test_categories_box5/nonreward/DC_Stim_2_BlaBla0506_180208132416.wav"
"2016-11-01 12:46:38,637","INFO","Trial 202 - 12:46:38 - Unrewarded - /home/fet/stimuli/test_categories_box5/nonreward/Wh_Stim_10_GraGra0201_060502050405.wav"
"2016-11-01 12:47:00,312","INFO","Trial 203 - 12:47:00 - Unrewarded - /home/fet/stimuli/test_categories_box5/nonreward/Ne_Stim_2_WhiRas44dd_081202131104.wav"
"2016-11-01 12:47:14,713","INFO","Trial 204 - 12:47:14 - Unrewarded - /home/fet/stimuli/test_categories_box5/nonreward/Di_Stim_2_Unknown_11_010202020201.wav"
"2016-11-01 12:47:30,342","INFO","Trial 205 - 12:47:30 - Unrewarded - /home/fet/stimuli/test_categories_box5/nonreward/Ne_Stim_5_Unknown000_010101010101.wav"
"2016-11-01 12:47:58,722","INFO","Trial 206 - 12:47:58 - Unrewarded - /home/fet/stimuli/test_categories_box5/nonreward/DC_Stim_3_GraGra0201_352246323816.wav"
"2016-11-01 12:48:20,880","INFO","Trial 207 - 12:48:20 - Unrewarded - /home/fet/stimuli/test_categories_box5/nonreward/Tu_Stim_8_WhiRas44dd_262411040920.wav"
"2016-11-01 12:48:34,515","INFO","Trial 208 - 12:48:34 - Unrewarded - /home/fet/stimuli/test_categories_box5/nonreward/LT_Stim_1_LblBlu6243_230607182017.wav"
"2016-11-01 12:48:44,000","INFO","Trial 209 - 12:48:44 - Rewarded - /home/fet/stimuli/test_categories_box5/reward/Te_Stim_7_BlaLbl8026_212206110418.wav"
"2016-11-01 12:48:50,010","INFO","Supplying reward for 12.00 seconds"
"2016-11-01 13:46:14,589","INFO","Trial 210 - 13:46:14 - Unrewarded - /home/fet/stimuli/test_categories_box5/nonreward/Ag_Stim_7_GraLbl0457_091206190715.wav"
"2016-11-01 13:46:20,257","INFO","Trial 211 - 13:46:20 - Unrewarded - /home/fet/stimuli/test_categories_box5/nonreward/Tu_Stim_6_YelOra2575_262228131627.wav"
"2016-11-01 13:46:30,988","INFO","Trial 212 - 13:46:30 - Rewarded - /home/fet/stimuli/test_categories_box5/reward/Te_Stim_3_GreWhi1242_101620110507.wav"
"2016-11-01 13:46:36,997","INFO","Supplying reward for 12.00 seconds"
"2016-11-01 13:48:27,534","INFO","Trial 213 - 13:48:27 - Unrewarded - /home/fet/stimuli/test_categories_box5/nonreward/LT_Stim_9_LblBlu6243_210313220602.wav"
"2016-11-01 13:48:34,140","INFO","Trial 214 - 13:48:34 - Unrewarded - /home/fet/stimuli/test_categories_box5/nonreward/Tu_Stim_10_WhiRas44dd_121520251105.wav"
"2016-11-01 13:48:42,733","INFO","Trial 215 - 13:48:42 - Unrewarded - /home/fet/stimuli/test_categories_box5/nonreward/Wh_Stim_3_WhiWhi1415_010101010101.wav"
"2016-11-01 13:49:07,877","INFO","Trial 216 - 13:49:07 - Unrewarded - /home/fet/stimuli/test_categories_box5/nonreward/Be_Stim_1_WhiBlu0112_150507.wav"
"2016-11-01 13:49:14,049","INFO","Trial 217 - 13:49:14 - Unrewarded - /home/fet/stimuli/test_categories_box5/nonreward/Be_Stim_4_LblBlu6379_04_0107_0101_01.wav"
"2016-11-01 13:49:26,791","INFO","Trial 218 - 13:49:26 - Rewarded - /home/fet/stimuli/test_categories_box5/reward/Te_Stim_10_BlaLbl8026_092110232207.wav"
"2016-11-01 13:49:32,802","INFO","Supplying reward for 12.00 seconds"
"2016-11-01 13:51:57,737","INFO","Trial 219 - 13:51:57 - Unrewarded - /home/fet/stimuli/test_categories_box5/nonreward/Be_Stim_2_LblBlu6680_01_0105_0206_01.wav"
"2016-11-01 13:51:58,588","INFO","Trial 220 - 13:51:58 - Unrewarded - /home/fet/stimuli/test_categories_box5/nonreward/Be_Stim_8_LblBlu6680_0802_0111_01.wav"
"2016-11-01 13:52:06,044","INFO","Trial 221 - 13:52:06 - Rewarded - /home/fet/stimuli/test_categories_box5/reward/Te_Stim_2_BlaLbl8026_070922181423.wav"
"2016-11-01 13:52:12,070","INFO","Supplying reward for 12.00 seconds"
"2016-11-01 13:53:09,474","INFO","Trial 222 - 13:53:09 - Unrewarded - /home/fet/stimuli/test_categories_box5/nonreward/Wh_Stim_9_GraGra0201_020501060504.wav"
"2016-11-01 13:53:19,042","INFO","Trial 223 - 13:53:19 - Unrewarded - /home/fet/stimuli/test_categories_box5/nonreward/DC_Stim_9_LblBla4419_081223172940.wav"
"2016-11-01 13:53:24,046","INFO","Trial 224 - 13:53:24 - Unrewarded - /home/fet/stimuli/test_categories_box5/nonreward/Ne_Stim_6_Unknown00F_010202020101.wav"
"2016-11-01 13:53:31,223","INFO","Trial 225 - 13:53:31 - Unrewarded - /home/fet/stimuli/test_categories_box5/nonreward/Ne_Stim_7_WhiGra0114_030202030302.wav"
"2016-11-01 13:53:40,521","INFO","Trial 226 - 13:53:40 - Unrewarded - /home/fet/stimuli/test_categories_box5/nonreward/Be_Stim_1_LblBlu1927_071002.wav"
"2016-11-01 13:53:45,923","INFO","Trial 227 - 13:53:45 - Unrewarded - /home/fet/stimuli/test_categories_box5/nonreward/Th_Stim_1_YelGre5275_370116322224.wav"
"2016-11-01 13:53:56,080","INFO","Trial 228 - 13:53:56 - Unrewarded - /home/fet/stimuli/test_categories_box5/nonreward/LT_Stim_3_WhiBlu3513_030502040106.wav"
"2016-11-01 13:54:05,881","INFO","Trial 229 - 13:54:05 - Unrewarded - /home/fet/stimuli/test_categories_box5/nonreward/Th_Stim_3_BlaBla0506_050302040101.wav"
"2016-11-01 13:54:17,255","INFO","Trial 230 - 13:54:17 - Unrewarded - /home/fet/stimuli/test_categories_box5/nonreward/Ne_Stim_2_WhiWhi1415_060409050810.wav"
"2016-11-01 13:54:33,421","INFO","Trial 231 - 13:54:33 - Unrewarded - /home/fet/stimuli/test_categories_box5/nonreward/Th_Stim_2_LblRed0613_141016070504.wav"
"2016-11-01 13:54:45,177","INFO","Trial 232 - 13:54:45 - Unrewarded - /home/fet/stimuli/test_categories_box5/nonreward/Tu_Stim_1_HPiHPi4748_060523132117.wav"
"2016-11-01 13:55:04,926","INFO","Trial 233 - 13:55:04 - Unrewarded - /home/fet/stimuli/test_categories_box5/nonreward/Be_Stim_8_LblBlu1927_150705.wav"
"2016-11-01 13:55:11,225","INFO","Trial 234 - 13:55:11 - Unrewarded - /home/fet/stimuli/test_categories_box5/nonreward/Wh_Stim_2_LblBla4548_180205061007.wav"
"2016-11-01 13:55:21,039","INFO","Trial 235 - 13:55:21 - Unrewarded - /home/fet/stimuli/test_categories_box5/nonreward/Be_Stim_2_LblBlu1729_081006.wav"
"2016-11-01 13:55:22,913","INFO","Trial 236 - 13:55:22 - Unrewarded - /home/fet/stimuli/test_categories_box5/nonreward/Be_Stim_5_GraGre1001_130507.wav"
"2016-11-01 13:55:28,416","INFO","Trial 237 - 13:55:28 - Rewarded - /home/fet/stimuli/test_categories_box5/reward/Te_Stim_4_YelGre5275_292731031106.wav"
"2016-11-01 13:55:34,428","INFO","Supplying reward for 12.00 seconds"
"2016-11-01 13:57:35,917","INFO","Trial 238 - 13:57:35 - Unrewarded - /home/fet/stimuli/test_categories_box5/nonreward/Be_Stim_5_LblRas1800_02_0301_0202_01.wav"
"2016-11-01 13:57:36,760","INFO","Trial 239 - 13:57:36 - Unrewarded - /home/fet/stimuli/test_categories_box5/nonreward/Tu_Stim_9_HPiHPi4748_132917090128.wav"
"2016-11-01 13:57:46,639","INFO","Trial 240 - 13:57:46 - Unrewarded - /home/fet/stimuli/test_categories_box5/nonreward/Be_Stim_5_LblBlu1927_131003.wav"
"2016-11-01 13:57:53,651","INFO","Trial 241 - 13:57:53 - Unrewarded - /home/fet/stimuli/test_categories_box5/nonreward/So_Stim_5_BlaBla0506_151206.wav"
"2016-11-01 13:57:58,565","INFO","Trial 242 - 13:57:58 - Rewarded - /home/fet/stimuli/test_categories_box5/reward/Te_Stim_8_WhiBlu5698_261722010519.wav"
"2016-11-01 13:58:04,571","INFO","Supplying reward for 12.00 seconds"
"2016-11-01 13:59:55,021","INFO","Trial 243 - 13:59:55 - Unrewarded - /home/fet/stimuli/test_categories_box5/nonreward/So_Stim_9_LblRed0613_383615.wav"
"2016-11-01 13:59:56,419","INFO","Trial 244 - 13:59:56 - Unrewarded - /home/fet/stimuli/test_categories_box5/nonreward/Ne_Stim_6_BlaLbl8026_0927C-14351023.wav"
"2016-11-01 14:00:07,046","INFO","Trial 245 - 14:00:07 - Unrewarded - /home/fet/stimuli/test_categories_box5/nonreward/Wh_Stim_9_WhiRas44dd_030102020302.wav"
"2016-11-01 14:00:14,652","INFO","Trial 246 - 14:00:14 - Unrewarded - /home/fet/stimuli/test_categories_box5/nonreward/Wh_Stim_4_BlaLbl8026_080932070708.wav"
"2016-11-01 14:00:19,984","INFO","Trial 247 - 14:00:19 - Unrewarded - /home/fet/stimuli/test_categories_box5/nonreward/LT_Stim_3_LblRas1800_060502010403.wav"
"2016-11-01 14:00:25,448","INFO","Trial 248 - 14:00:25 - Unrewarded - /home/fet/stimuli/test_categories_box5/nonreward/Di_Stim_6_BlaBla0506_010101010101.wav"
"2016-11-01 14:00:26,886","INFO","Trial 249 - 14:00:26 - Unrewarded - /home/fet/stimuli/test_categories_box5/nonreward/Di_Stim_3_BlaLbl8026_030102010101.wav"
"2016-11-01 14:00:37,195","INFO","Trial 250 - 14:00:37 - Unrewarded - /home/fet/stimuli/test_categories_box5/nonreward/Th_Stim_2_HPiHPi4748_072005151112.wav"
"2016-11-01 14:00:48,426","INFO","Trial 251 - 14:00:48 - Unrewarded - /home/fet/stimuli/test_categories_box5/nonreward/Tu_Stim_6_HPiHPi4748_131809020530.wav"
"2016-11-01 14:01:12,411","INFO","Trial 252 - 14:01:12 - Unrewarded - /home/fet/stimuli/test_categories_box5/nonreward/DC_Stim_3_GreGre6364_110405070906.wav"
"2016-11-01 14:01:21,757","INFO","Trial 253 - 14:01:21 - Unrewarded - /home/fet/stimuli/test_categories_box5/nonreward/LT_Stim_9_LblBlu6379_030112090821.wav"
"2016-11-01 14:42:31,577","INFO","Trial 254 - 14:42:31 - Unrewarded - /home/fet/stimuli/test_categories_box5/nonreward/Ag_Stim_7_LblRed0613_221428072911.wav"
"2016-11-01 14:42:40,600","INFO","Trial 255 - 14:42:40 - Unrewarded - /home/fet/stimuli/test_categories_box5/nonreward/Tu_Stim_5_WhiLbl0010_100926070315.wav"
"2016-11-01 14:42:51,126","INFO","Trial 256 - 14:42:51 - Unrewarded - /home/fet/stimuli/test_categories_box5/nonreward/Ne_Stim_2_GraGra0201_194449132923.wav"
"2016-11-01 14:43:03,020","INFO","Trial 257 - 14:43:03 - Rewarded - /home/fet/stimuli/test_categories_box5/reward/Te_Stim_6_LblBla4548_202102072833.wav"
"2016-11-01 14:43:09,026","INFO","Supplying reward for 12.00 seconds"
"2016-11-01 14:46:46,973","INFO","Trial 258 - 14:46:46 - Unrewarded - /home/fet/stimuli/test_categories_box5/nonreward/Ne_Stim_10_GreOra1817_020914120806.wav"
"2016-11-01 14:46:56,402","INFO","Trial 259 - 14:46:56 - Unrewarded - /home/fet/stimuli/test_categories_box5/nonreward/Ag_Stim_6_LblRed0613_251008272935.wav"
"2016-11-01 14:47:04,303","INFO","Trial 260 - 14:47:04 - Unrewarded - /home/fet/stimuli/test_categories_box5/nonreward/DC_Stim_3_YelOra2575_400537302934.wav"
"2016-11-01 14:47:22,054","INFO","Trial 261 - 14:47:22 - Unrewarded - /home/fet/stimuli/test_categories_box5/nonreward/Di_Stim_5_PurRas20dd_040101010401.wav"
"2016-11-01 14:47:27,713","INFO","Trial 262 - 14:47:27 - Unrewarded - /home/fet/stimuli/test_categories_box5/nonreward/DC_Stim_1_LblBla4419_192729322503.wav"
"2016-11-01 14:47:36,880","INFO","Trial 263 - 14:47:36 - Rewarded - /home/fet/stimuli/test_categories_box5/reward/Te_Stim_4_GreWhi1242_222425081215.wav"
"2016-11-01 14:47:42,889","INFO","Supplying reward for 12.00 seconds"
"2016-11-01 14:50:56,693","INFO","Trial 264 - 14:50:56 - Unrewarded - /home/fet/stimuli/test_categories_box5/nonreward/DC_Stim_8_BlaBla0506_131116062412.wav"
"2016-11-01 14:51:03,349","INFO","Trial 265 - 14:51:03 - Unrewarded - /home/fet/stimuli/test_categories_box5/nonreward/Di_Stim_3_WhiBlu4818_060606060606.wav"
"2016-11-01 14:51:23,074","INFO","Trial 266 - 14:51:23 - Unrewarded - /home/fet/stimuli/test_categories_box5/nonreward/Ag_Stim_4_WhiLbl0010_222728151112.wav"
"2016-11-01 14:51:30,033","INFO","Trial 267 - 14:51:30 - Unrewarded - /home/fet/stimuli/test_categories_box5/nonreward/Di_Stim_4_WhiBlu4917_010101010101.wav"
"2016-11-01 14:51:31,121","INFO","Trial 268 - 14:51:31 - Unrewarded - /home/fet/stimuli/test_categories_box5/nonreward/Ne_Stim_2_LblRed0613_671913354605.wav"
"2016-11-01 14:51:40,272","INFO","Trial 269 - 14:51:40 - Unrewarded - /home/fet/stimuli/test_categories_box5/nonreward/Be_Stim_6_GraGre0813_140209.wav"
"2016-11-01 14:51:43,253","INFO","Trial 270 - 14:51:43 - Unrewarded - /home/fet/stimuli/test_categories_box5/nonreward/So_Stim_1_GraLbl0457_121507.wav"
"2016-11-01 14:51:52,637","INFO","Trial 271 - 14:51:52 - Unrewarded - /home/fet/stimuli/test_categories_box5/nonreward/Wh_Stim_4_HpiGra1004_020306080705.wav"
"2016-11-01 14:52:02,098","INFO","Trial 272 - 14:52:02 - Unrewarded - /home/fet/stimuli/test_categories_box5/nonreward/Be_Stim_1_LblBlu6243_09_0105_0208_02.wav"
"2016-11-01 14:52:12,105","INFO","Trial 273 - 14:52:12 - Rewarded - /home/fet/stimuli/test_categories_box5/reward/Te_Stim_8_GraLbl0457_100308051123.wav"
"2016-11-01 14:52:18,114","INFO","Supplying reward for 12.00 seconds"
"2016-11-01 14:54:45,012","INFO","Trial 274 - 14:54:45 - Unrewarded - /home/fet/stimuli/test_categories_box5/nonreward/Ag_Stim_5_Unknown_11_060106060106.wav"
"2016-11-01 14:54:46,478","INFO","Trial 275 - 14:54:46 - Unrewarded - /home/fet/stimuli/test_categories_box5/nonreward/Ag_Stim_2_LblBla4419_030102020301.wav"
"2016-11-01 14:55:02,481","INFO","Trial 276 - 14:55:02 - Unrewarded - /home/fet/stimuli/test_categories_box5/nonreward/Th_Stim_9_Unknown_11_040306021101.wav"
"2016-11-01 14:55:10,934","INFO","Trial 277 - 14:55:10 - Unrewarded - /home/fet/stimuli/test_categories_box5/nonreward/Tu_Stim_6_GraGra0201_102019081312.wav"
"2016-11-01 14:55:22,943","INFO","Trial 278 - 14:55:22 - Rewarded - /home/fet/stimuli/test_categories_box5/reward/Te_Stim_10_BlaBla0506_080510111716.wav"
"2016-11-01 14:55:28,952","INFO","Supplying reward for 12.00 seconds"
"2016-11-01 14:59:02,915","INFO","Trial 279 - 14:59:02 - Unrewarded - /home/fet/stimuli/test_categories_box5/nonreward/Be_Stim_2_GraRas1600_090104.wav"
"2016-11-01 14:59:11,230","INFO","Trial 280 - 14:59:11 - Unrewarded - /home/fet/stimuli/test_categories_box5/nonreward/DC_Stim_5_WhiBlu4917_091908060105.wav"
"2016-11-01 14:59:20,027","INFO","Trial 281 - 14:59:20 - Unrewarded - /home/fet/stimuli/test_categories_box5/nonreward/Th_Stim_5_Unknown000_050104031007.wav"
"2016-11-01 14:59:32,995","INFO","Trial 282 - 14:59:32 - Unrewarded - /home/fet/stimuli/test_categories_box5/nonreward/Di_Stim_3_WhiBlu4917_010101010101.wav"
"2016-11-01 14:59:40,854","INFO","Trial 283 - 14:59:40 - Unrewarded - /home/fet/stimuli/test_categories_box5/nonreward/Di_Stim_5_BlaBla0506_010101010101.wav"
"2016-11-01 14:59:48,161","INFO","Trial 284 - 14:59:48 - Unrewarded - /home/fet/stimuli/test_categories_box5/nonreward/LT_Stim_8_WhiBlu0112_162413211506.wav"
"2016-11-01 14:59:57,639","INFO","Trial 285 - 14:59:57 - Unrewarded - /home/fet/stimuli/test_categories_box5/nonreward/Di_Stim_10_PurRas20dd_010401040101.wav"
"2016-11-01 14:59:58,634","INFO","Trial 286 - 14:59:58 - Unrewarded - /home/fet/stimuli/test_categories_box5/nonreward/Ag_Stim_2_Unknown_11_010601010106.wav"
"2016-11-01 15:00:06,019","INFO","Trial 287 - 15:00:06 - Unrewarded - /home/fet/stimuli/test_categories_box5/nonreward/Di_Stim_8_BlaLbl8026_020103010302.wav"
"2016-11-01 15:00:07,108","INFO","Trial 288 - 15:00:07 - Rewarded - /home/fet/stimuli/test_categories_box5/reward/Te_Stim_7_WhiBlu5698_170718230519.wav"
"2016-11-01 15:00:13,113","INFO","Supplying reward for 12.00 seconds"
"2016-11-01 15:56:05,357","INFO","Trial 289 - 15:56:05 - Unrewarded - /home/fet/stimuli/test_categories_box5/nonreward/Ag_Stim_1_WhiRas44dd_053221171110.wav"
"2016-11-01 15:56:13,712","INFO","Trial 290 - 15:56:13 - Unrewarded - /home/fet/stimuli/test_categories_box5/nonreward/LT_Stim_1_WhiBlu3414_120509021004.wav"
"2016-11-01 15:56:20,831","INFO","Trial 291 - 15:56:20 - Unrewarded - /home/fet/stimuli/test_categories_box5/nonreward/Di_Stim_8_WhiBlu4818_060606060606.wav"
"2016-11-01 15:56:28,232","INFO","Trial 292 - 15:56:28 - Unrewarded - /home/fet/stimuli/test_categories_box5/nonreward/DC_Stim_2_LblBla4419_350918331326.wav"
"2016-11-01 15:56:35,965","INFO","Trial 293 - 15:56:35 - Unrewarded - /home/fet/stimuli/test_categories_box5/nonreward/Tu_Stim_8_LblRed0613_040607030502.wav"
"2016-11-01 15:56:39,056","INFO","Trial 294 - 15:56:39 - Unrewarded - /home/fet/stimuli/test_categories_box5/nonreward/DC_Stim_4_YelOra2575_141541243032.wav"
"2016-11-01 15:57:09,284","INFO","Trial 295 - 15:57:09 - Unrewarded - /home/fet/stimuli/test_categories_box5/nonreward/LT_Stim_8_WhiBlu3414_080312162225.wav"
"2016-11-01 15:57:18,598","INFO","Trial 296 - 15:57:18 - Unrewarded - /home/fet/stimuli/test_categories_box5/nonreward/So_Stim_6_LblBla4548_030624.wav"
"2016-11-01 15:57:27,776","INFO","Trial 297 - 15:57:27 - Unrewarded - /home/fet/stimuli/test_categories_box5/nonreward/Ne_Stim_4_HPiHPi4748_184129354748.wav"
"2016-11-01 15:57:28,382","INFO","Trial 298 - 15:57:28 - Unrewarded - /home/fet/stimuli/test_categories_box5/nonreward/Tu_Stim_6_BluRas61dd_070304080602.wav"
"2016-11-01 15:57:37,160","INFO","Trial 299 - 15:57:37 - Unrewarded - /home/fet/stimuli/test_categories_box5/nonreward/Di_Stim_3_GraGra0201_070107070707.wav"
"2016-11-01 15:57:44,090","INFO","Trial 300 - 15:57:44 - Unrewarded - /home/fet/stimuli/test_categories_box5/nonreward/Ne_Stim_3_HPiHPi4748_250817121648.wav"
"2016-11-01 15:57:52,912","INFO","Trial 301 - 15:57:52 - Unrewarded - /home/fet/stimuli/test_categories_box5/nonreward/Tu_Stim_7_LblRed0613_020601070805.wav"
"2016-11-01 15:57:54,635","INFO","Trial 302 - 15:57:54 - Unrewarded - /home/fet/stimuli/test_categories_box5/nonreward/Di_Stim_6_HPiHPi4748_030503050505.wav"
"2016-11-01 15:58:03,086","INFO","Trial 303 - 15:58:03 - Unrewarded - /home/fet/stimuli/test_categories_box5/nonreward/So_Stim_3_WhiBlu5698_242512.wav"
"2016-11-01 15:58:12,039","INFO","Trial 304 - 15:58:12 - Unrewarded - /home/fet/stimuli/test_categories_box5/nonreward/LT_Stim_10_LblGre0001_010405021108.wav"
"2016-11-01 15:58:21,124","INFO","Trial 305 - 15:58:21 - Unrewarded - /home/fet/stimuli/test_categories_box5/nonreward/Ne_Stim_10_GraGra0201_242848221934.wav"
"2016-11-01 15:58:30,466","INFO","Trial 306 - 15:58:30 - Unrewarded - /home/fet/stimuli/test_categories_box5/nonreward/Ne_Stim_5_WhiRas44dd_100604021208.wav"
"2016-11-01 15:58:39,551","INFO","Trial 307 - 15:58:39 - Unrewarded - /home/fet/stimuli/test_categories_box5/nonreward/Tu_Stim_5_WhiRas44dd_191825160710.wav"
"2016-11-01 15:58:40,660","INFO","Trial 308 - 15:58:40 - Unrewarded - /home/fet/stimuli/test_categories_box5/nonreward/Ne_Stim_2_Unknown00F_020102010201.wav"
"2016-11-01 15:58:48,176","INFO","Trial 309 - 15:58:48 - Unrewarded - /home/fet/stimuli/test_categories_box5/nonreward/LT_Stim_7_LblBlu6680_150906052927.wav"
"2016-11-01 15:58:58,756","INFO","Trial 310 - 15:58:58 - Unrewarded - /home/fet/stimuli/test_categories_box5/nonreward/Wh_Stim_9_GraLbl0457_020405010202.wav"
"2016-11-01 15:59:10,250","INFO","Trial 311 - 15:59:10 - Rewarded - /home/fet/stimuli/test_categories_box5/reward/Te_Stim_5_HPiHPi4748_132324212808.wav"
"2016-11-01 15:59:16,258","INFO","Supplying reward for 12.00 seconds"
"2016-11-01 16:02:16,139","INFO","Trial 312 - 16:02:16 - Unrewarded - /home/fet/stimuli/test_categories_box5/nonreward/Tu_Stim_2_BluRas07dd_011809081207.wav"
"2016-11-01 16:02:23,077","INFO","Trial 313 - 16:02:23 - Unrewarded - /home/fet/stimuli/test_categories_box5/nonreward/Di_Stim_2_YelOra2575_110909090911.wav"
"2016-11-01 16:02:32,825","INFO","Trial 314 - 16:02:32 - Unrewarded - /home/fet/stimuli/test_categories_box5/nonreward/Ne_Stim_9_GreOra1817_020805121109.wav"
"2016-11-01 16:02:40,091","INFO","Trial 315 - 16:02:40 - Unrewarded - /home/fet/stimuli/test_categories_box5/nonreward/Wh_Stim_10_GraLbl0457_010204050104.wav"
"2016-11-01 16:02:42,138","INFO","Trial 316 - 16:02:42 - Unrewarded - /home/fet/stimuli/test_categories_box5/nonreward/Ag_Stim_3_WhiGra0114_010101010101.wav"
"2016-11-01 16:02:53,550","INFO","Trial 317 - 16:02:53 - Unrewarded - /home/fet/stimuli/test_categories_box5/nonreward/Be_Stim_8_LblGre0001_0603_0109.wav"
"2016-11-01 16:03:00,660","INFO","Trial 318 - 16:03:00 - Unrewarded - /home/fet/stimuli/test_categories_box5/nonreward/Di_Stim_3_PurRas20dd_040104010104.wav"
"2016-11-01 16:03:01,708","INFO","Trial 319 - 16:03:01 - Rewarded - /home/fet/stimuli/test_categories_box5/reward/Te_Stim_3_BlaLbl8026_220708041303.wav"
"2016-11-01 16:03:07,714","INFO","Supplying reward for 12.00 seconds"
"2016-11-01 16:03:52,927","INFO","Trial 320 - 16:03:52 - Unrewarded - /home/fet/stimuli/test_categories_box5/nonreward/DC_Stim_1_WhiGra0114_111304121014.wav"
"2016-11-01 16:03:59,521","INFO","Trial 321 - 16:03:59 - Unrewarded - /home/fet/stimuli/test_categories_box5/nonreward/Th_Stim_5_Unknown_11_090210081106.wav"
"2016-11-01 16:04:00,761","INFO","Trial 322 - 16:04:00 - Unrewarded - /home/fet/stimuli/test_categories_box5/nonreward/Th_Stim_6_WhiRas44dd_372342314911.wav"
"2016-11-01 16:04:07,876","INFO","Trial 323 - 16:04:07 - Unrewarded - /home/fet/stimuli/test_categories_box5/nonreward/Ag_Stim_1_LblRed0613_251404112908.wav"
"2016-11-01 16:04:18,009","INFO","Trial 324 - 16:04:18 - Unrewarded - /home/fet/stimuli/test_categories_box5/nonreward/Ag_Stim_6_BluRas07dd_171205091320.wav"
"2016-11-01 16:04:26,156","INFO","Trial 325 - 16:04:26 - Unrewarded - /home/fet/stimuli/test_categories_box5/nonreward/DC_Stim_8_WhiBlu4917_190922180508.wav"
"2016-11-01 16:04:38,648","INFO","Trial 326 - 16:04:38 - Unrewarded - /home/fet/stimuli/test_categories_box5/nonreward/Wh_Stim_4_GraLbl0457_050204010104.wav"
"2016-11-01 16:04:48,494","INFO","Trial 327 - 16:04:48 - Unrewarded - /home/fet/stimuli/test_categories_box5/nonreward/Ag_Stim_9_LblRed0613_021430280410.wav"
"2016-11-01 16:04:58,619","INFO","Trial 328 - 16:04:58 - Unrewarded - /home/fet/stimuli/test_categories_box5/nonreward/Ag_Stim_9_YelOra2575_231819102022.wav"
"2016-11-01 16:05:08,092","INFO","Trial 329 - 16:05:08 - Unrewarded - /home/fet/stimuli/test_categories_box5/nonreward/So_Stim_9_YelGre5275_160825.wav"
"2016-11-01 16:05:09,062","INFO","Trial 330 - 16:05:09 - Unrewarded - /home/fet/stimuli/test_categories_box5/nonreward/Th_Stim_3_Unknown_11_110904080103.wav"
"2016-11-01 16:05:21,817","INFO","Trial 331 - 16:05:21 - Unrewarded - /home/fet/stimuli/test_categories_box5/nonreward/Th_Stim_5_GraGra0201_292807051214.wav"
"2016-11-01 16:05:23,033","INFO","Trial 332 - 16:05:23 - Rewarded - /home/fet/stimuli/test_categories_box5/reward/Te_Stim_3_WhiBlu5698_200717050102.wav"
"2016-11-01 16:05:29,039","INFO","Supplying reward for 12.00 seconds"
"2016-11-01 16:09:24,054","INFO","Trial 333 - 16:09:24 - Unrewarded - /home/fet/stimuli/test_categories_box5/nonreward/Ag_Stim_8_Unknown_11_010601060606.wav"
"2016-11-01 16:09:33,924","INFO","Trial 334 - 16:09:33 - Rewarded - /home/fet/stimuli/test_categories_box5/reward/Te_Stim_10_LblBla4548_230719161020.wav"
"2016-11-01 16:09:39,934","INFO","Supplying reward for 12.00 seconds"
"2016-11-01 16:11:23,101","INFO","Trial 335 - 16:11:23 - Unrewarded - /home/fet/stimuli/test_categories_box5/nonreward/Di_Stim_6_YelOra2575_110911111109.wav"
"2016-11-01 16:11:37,593","INFO","Trial 336 - 16:11:37 - Unrewarded - /home/fet/stimuli/test_categories_box5/nonreward/Wh_Stim_2_GreOra1817_010101010101.wav"
"2016-11-01 16:11:45,813","INFO","Trial 337 - 16:11:45 - Unrewarded - /home/fet/stimuli/test_categories_box5/nonreward/LT_Stim_2_WhiBlu3513_020603040501.wav"
"2016-11-01 16:11:55,950","INFO","Trial 338 - 16:11:55 - Unrewarded - /home/fet/stimuli/test_categories_box5/nonreward/So_Stim_6_RedRas3600_060405.wav"
"2016-11-01 16:12:07,168","INFO","Trial 339 - 16:12:07 - Unrewarded - /home/fet/stimuli/test_categories_box5/nonreward/Th_Stim_6_WhiWhi1415_122214250409.wav"
"2016-11-01 16:12:18,972","INFO","Trial 340 - 16:12:18 - Rewarded - /home/fet/stimuli/test_categories_box5/reward/Te_Stim_10_GreRas2400_222419020301.wav"
"2016-11-01 16:12:24,977","INFO","Supplying reward for 12.00 seconds"
"2016-11-01 16:16:02,540","INFO","Trial 341 - 16:16:02 - Unrewarded - /home/fet/stimuli/test_categories_box5/nonreward/Tu_Stim_4_BluRas07dd_231521100301.wav"
"2016-11-01 16:16:09,458","INFO","Trial 342 - 16:16:09 - Unrewarded - /home/fet/stimuli/test_categories_box5/nonreward/DC_Stim_5_GreRas2400_020101010101.wav"
"2016-11-01 16:16:19,279","INFO","Trial 343 - 16:16:19 - Rewarded - /home/fet/stimuli/test_categories_box5/reward/Te_Stim_9_BlaLbl8026_062211041410.wav"
"2016-11-01 16:16:25,288","INFO","Supplying reward for 12.00 seconds"
"2016-11-01 16:18:34,518","INFO","Trial 344 - 16:18:34 - Unrewarded - /home/fet/stimuli/test_categories_box5/nonreward/Be_Stim_7_LblRas1800_09_0102_0202_01.wav"
"2016-11-01 16:18:35,922","INFO","Trial 345 - 16:18:35 - Unrewarded - /home/fet/stimuli/test_categories_box5/nonreward/Ne_Stim_5_Unknown00F_010201010201.wav"
"2016-11-01 16:18:43,348","INFO","Trial 346 - 16:18:43 - Unrewarded - /home/fet/stimuli/test_categories_box5/nonreward/DC_Stim_7_BlaBla0506_142119150126.wav"
"2016-11-01 16:18:53,379","INFO","Trial 347 - 16:18:53 - Unrewarded - /home/fet/stimuli/test_categories_box5/nonreward/Be_Stim_3_LblBlu1927_070411.wav"
"2016-11-01 16:18:54,504","INFO","Trial 348 - 16:18:54 - Rewarded - /home/fet/stimuli/test_categories_box5/reward/Te_Stim_8_BlaBla0506_100916132212.wav"
"2016-11-01 16:19:00,510","INFO","Supplying reward for 12.00 seconds"
"2016-11-01 16:21:35,469","INFO","Trial 349 - 16:21:35 - Unrewarded - /home/fet/stimuli/test_categories_box5/nonreward/Ne_Stim_6_LblRed0613_553250654560.wav"
"2016-11-01 16:21:47,380","INFO","Trial 350 - 16:21:47 - Unrewarded - /home/fet/stimuli/test_categories_box5/nonreward/Ag_Stim_2_WhiRas44dd_210832171024.wav"
"2016-11-01 16:21:57,263","INFO","Trial 351 - 16:21:57 - Unrewarded - /home/fet/stimuli/test_categories_box5/nonreward/Be_Stim_3_GraRas1600_070208.wav"
"2016-11-01 16:21:58,245","INFO","Trial 352 - 16:21:58 - Unrewarded - /home/fet/stimuli/test_categories_box5/nonreward/Wh_Stim_8_LblBla4548_060103020711.wav"
"2016-11-01 16:22:08,592","INFO","Trial 353 - 16:22:08 - Unrewarded - /home/fet/stimuli/test_categories_box5/nonreward/Wh_Stim_9_YelGre5275_080904140107.wav"
"2016-11-01 16:22:19,126","INFO","Trial 354 - 16:22:19 - Unrewarded - /home/fet/stimuli/test_categories_box5/nonreward/So_Stim_4_RedRas3600_040601.wav"
"2016-11-01 16:22:28,493","INFO","Trial 355 - 16:22:28 - Unrewarded - /home/fet/stimuli/test_categories_box5/nonreward/Ne_Stim_7_LblRed0613_393709616020.wav"
"2016-11-01 16:22:38,900","INFO","Trial 356 - 16:22:38 - Unrewarded - /home/fet/stimuli/test_categories_box5/nonreward/Ag_Stim_4_WhiGra0114_010101010101.wav"
"2016-11-01 16:22:48,427","INFO","Trial 357 - 16:22:48 - Unrewarded - /home/fet/stimuli/test_categories_box5/nonreward/Th_Stim_10_WhiWhi1415_180631111722.wav"
"2016-11-01 16:22:57,073","INFO","Trial 358 - 16:22:57 - Unrewarded - /home/fet/stimuli/test_categories_box5/nonreward/Th_Stim_7_LblRed0613_181401080302.wav"
"2016-11-01 16:23:10,458","INFO","Trial 359 - 16:23:10 - Unrewarded - /home/fet/stimuli/test_categories_box5/nonreward/Ag_Stim_1_WhiGra0114_010101010101.wav"
"2016-11-01 16:23:19,625","INFO","Trial 360 - 16:23:19 - Unrewarded - /home/fet/stimuli/test_categories_box5/nonreward/Ne_Stim_7_WhiWhi1415_040708051009.wav"
"2016-11-01 16:23:31,990","INFO","Trial 361 - 16:23:31 - Unrewarded - /home/fet/stimuli/test_categories_box5/nonreward/Be_Stim_10_LblBlu6243_05_0110_0106_01.wav"
"2016-11-01 16:23:34,229","INFO","Trial 362 - 16:23:34 - Unrewarded - /home/fet/stimuli/test_categories_box5/nonreward/Ne_Stim_1_LblRed0613_105952510469.wav"
"2016-11-01 16:23:47,136","INFO","Trial 363 - 16:23:47 - Unrewarded - /home/fet/stimuli/test_categories_box5/nonreward/Ne_Stim_8_GreOra1817_140509131002.wav"
"2016-11-01 16:23:57,678","INFO","Trial 364 - 16:23:57 - Unrewarded - /home/fet/stimuli/test_categories_box5/nonreward/Wh_Stim_5_LblRed0613_111341041023.wav"
"2016-11-01 16:24:10,670","INFO","Trial 365 - 16:24:10 - Unrewarded - /home/fet/stimuli/test_categories_box5/nonreward/Th_Stim_8_WhiGra0114_020805060701.wav"
"2016-11-01 16:24:22,036","INFO","Trial 366 - 16:24:22 - Unrewarded - /home/fet/stimuli/test_categories_box5/nonreward/DC_Stim_8_WhiRas44dd_091011071220.wav"
"2016-11-01 16:24:23,924","INFO","Trial 367 - 16:24:23 - Unrewarded - /home/fet/stimuli/test_categories_box5/nonreward/LT_Stim_7_WhiBlu3513_030504060102.wav"
"2016-11-01 16:24:35,839","INFO","Trial 368 - 16:24:35 - Unrewarded - /home/fet/stimuli/test_categories_box5/nonreward/DC_Stim_5_YelOra2575_413229072125.wav"
"2016-11-01 16:24:36,899","INFO","Trial 369 - 16:24:36 - Unrewarded - /home/fet/stimuli/test_categories_box5/nonreward/Be_Stim_5_GraRas1600_121002.wav"
"2016-11-01 16:24:38,357","INFO","Trial 370 - 16:24:38 - Unrewarded - /home/fet/stimuli/test_categories_box5/nonreward/LT_Stim_1_WhiBlu0112_042620180113.wav"
"2016-11-01 16:24:47,119","INFO","Trial 371 - 16:24:47 - Unrewarded - /home/fet/stimuli/test_categories_box5/nonreward/Tu_Stim_4_BluRas61dd_010906040305.wav"
"2016-11-01 16:24:48,244","INFO","Trial 372 - 16:24:48 - Rewarded - /home/fet/stimuli/test_categories_box5/reward/Te_Stim_8_HPiHPi4748_161507301705.wav"
"2016-11-01 16:24:54,250","INFO","Supplying reward for 12.00 seconds"
"2016-11-01 16:27:31,699","INFO","Trial 373 - 16:27:31 - Unrewarded - /home/fet/stimuli/test_categories_box5/nonreward/Ne_Stim_8_PurRas20dd_070802060105.wav"
"2016-11-01 16:27:47,185","INFO","Trial 374 - 16:27:47 - Rewarded - /home/fet/stimuli/test_categories_box5/reward/Te_Stim_3_YelGre5275_011618151222.wav"
"2016-11-01 16:27:53,195","INFO","Supplying reward for 12.00 seconds"
"2016-11-01 16:29:49,735","INFO","Trial 375 - 16:29:49 - Unrewarded - /home/fet/stimuli/test_categories_box5/nonreward/Be_Stim_5_LblBlu6243_04_020305_02.wav"
"2016-11-01 16:29:59,536","INFO","Trial 376 - 16:29:59 - Unrewarded - /home/fet/stimuli/test_categories_box5/nonreward/Di_Stim_8_WhiBlu4917_010101010101.wav"
"2016-11-01 16:30:10,394","INFO","Trial 377 - 16:30:10 - Unrewarded - /home/fet/stimuli/test_categories_box5/nonreward/Ne_Stim_6_GraGra0201_012536284027.wav"
"2016-11-01 16:30:32,835","INFO","Trial 378 - 16:30:32 - Unrewarded - /home/fet/stimuli/test_categories_box5/nonreward/Th_Stim_8_WhiBlu4818_010204050302.wav"
"2016-11-01 16:30:34,169","INFO","Trial 379 - 16:30:34 - Unrewarded - /home/fet/stimuli/test_categories_box5/nonreward/Th_Stim_7_GreOra1817_263929193743.wav"
"2016-11-01 16:30:48,608","INFO","Trial 380 - 16:30:48 - Unrewarded - /home/fet/stimuli/test_categories_box5/nonreward/Wh_Stim_4_LblRed0613_354217220239.wav"
"2016-11-01 16:30:57,078","INFO","Trial 381 - 16:30:57 - Unrewarded - /home/fet/stimuli/test_categories_box5/nonreward/DC_Stim_7_WhiBlu4917_061820050919.wav"
"2016-11-01 16:31:07,931","INFO","Trial 382 - 16:31:07 - Unrewarded - /home/fet/stimuli/test_categories_box5/nonreward/Wh_Stim_4_LblBla4419_030818091405.wav"
"2016-11-01 16:31:31,593","INFO","Trial 383 - 16:31:31 - Unrewarded - /home/fet/stimuli/test_categories_box5/nonreward/Di_Stim_8_GraGra0201_010707070707.wav"
"2016-11-01 16:31:33,476","INFO","Trial 384 - 16:31:33 - Unrewarded - /home/fet/stimuli/test_categories_box5/nonreward/Ag_Stim_8_WhiRas44dd_112131241710.wav"
"2016-11-01 17:58:01,472","INFO","Trial 385 - 17:58:01 - Unrewarded - /home/fet/stimuli/test_categories_box5/nonreward/Di_Stim_6_WhiLbl0010_040404040404.wav"
"2016-11-01 17:58:14,337","INFO","Trial 386 - 17:58:14 - Unrewarded - /home/fet/stimuli/test_categories_box5/nonreward/So_Stim_4_WhiBlu4818_042209.wav"
"2016-11-01 17:58:22,712","INFO","Trial 387 - 17:58:22 - Unrewarded - /home/fet/stimuli/test_categories_box5/nonreward/So_Stim_10_LblRed0613_231822.wav"
"2016-11-01 17:58:31,752","INFO","Trial 388 - 17:58:31 - Unrewarded - /home/fet/stimuli/test_categories_box5/nonreward/Wh_Stim_5_BlaLbl8026_320807090808.wav"
"2016-11-01 17:58:39,280","INFO","Trial 389 - 17:58:39 - Unrewarded - /home/fet/stimuli/test_categories_box5/nonreward/Ne_Stim_5_LblRed0613_704112120424.wav"
"2016-11-01 17:58:49,081","INFO","Trial 390 - 17:58:49 - Unrewarded - /home/fet/stimuli/test_categories_box5/nonreward/Ag_Stim_9_WhiLbl0010_091813192612.wav"
"2016-11-01 17:58:58,288","INFO","Trial 391 - 17:58:58 - Unrewarded - /home/fet/stimuli/test_categories_box5/nonreward/Ag_Stim_10_LblRed0613_042908222810.wav"
"2016-11-01 17:59:06,340","INFO","Trial 392 - 17:59:06 - Rewarded - /home/fet/stimuli/test_categories_box5/reward/Te_Stim_1_BlaBla0506_131222160615.wav"
"2016-11-01 17:59:12,345","INFO","Supplying reward for 12.00 seconds"
"2016-11-01 17:59:55,514","INFO","Trial 393 - 17:59:55 - Unrewarded - /home/fet/stimuli/test_categories_box5/nonreward/Ne_Stim_7_PurRas20dd_010207030603.wav"
"2016-11-01 18:00:10,664","INFO","Trial 394 - 18:00:10 - Unrewarded - /home/fet/stimuli/test_categories_box5/nonreward/Th_Stim_5_WhiGra0114_080102050706.wav"
"2016-11-01 18:00:24,611","INFO","Trial 395 - 18:00:24 - Unrewarded - /home/fet/stimuli/test_categories_box5/nonreward/So_Stim_7_YelGre5275_322534.wav"
"2016-11-01 18:00:31,205","INFO","Trial 396 - 18:00:31 - Unrewarded - /home/fet/stimuli/test_categories_box5/nonreward/DC_Stim_8_GreGre6364_040709130301.wav"
"2016-11-01 18:00:48,931","INFO","Trial 397 - 18:00:48 - Unrewarded - /home/fet/stimuli/test_categories_box5/nonreward/Th_Stim_10_GreOra1817_294110323311.wav"
"2016-11-01 18:01:00,186","INFO","Trial 398 - 18:01:00 - Unrewarded - /home/fet/stimuli/test_categories_box5/nonreward/Tu_Stim_1_GraGra0201_022119111207.wav"
"2016-11-01 18:01:10,082","INFO","Trial 399 - 18:01:10 - Rewarded - /home/fet/stimuli/test_categories_box5/reward/Te_Stim_4_WhiBlu5698_131622051426.wav"
"2016-11-01 18:01:16,091","INFO","Supplying reward for 12.00 seconds"
"2016-11-01 18:03:37,525","INFO","Trial 400 - 18:03:37 - Unrewarded - /home/fet/stimuli/test_categories_box5/nonreward/Ag_Stim_10_Unknown_11_010601010106.wav"
"2016-11-01 18:03:42,755","INFO","Trial 401 - 18:03:42 - Unrewarded - /home/fet/stimuli/test_categories_box5/nonreward/Be_Stim_7_LblBlu1927_031507.wav"
"2016-11-01 18:03:44,700","INFO","Trial 402 - 18:03:44 - Unrewarded - /home/fet/stimuli/test_categories_box5/nonreward/Th_Stim_2_GreOra1817_382242272941.wav"
"2016-11-01 18:03:50,914","INFO","Trial 403 - 18:03:50 - Unrewarded - /home/fet/stimuli/test_categories_box5/nonreward/Ne_Stim_1_Unknown00F_010202020102.wav"
"2016-11-01 18:03:57,144","INFO","Trial 404 - 18:03:57 - Unrewarded - /home/fet/stimuli/test_categories_box5/nonreward/Wh_Stim_2_BlaLbl8026_093207080709.wav"
"2016-11-01 18:03:58,530","INFO","Trial 405 - 18:03:58 - Unrewarded - /home/fet/stimuli/test_categories_box5/nonreward/Be_Stim_4_LblBlu1927_100409.wav"
"2016-11-01 18:04:06,118","INFO","Trial 406 - 18:04:06 - Unrewarded - /home/fet/stimuli/test_categories_box5/nonreward/Be_Stim_1_LblBlu2028_01_0304_0301_02.wav"
"2016-11-01 18:04:14,174","INFO","Trial 407 - 18:04:14 - Unrewarded - /home/fet/stimuli/test_categories_box5/nonreward/Wh_Stim_5_WhiRas44dd_010203020202.wav"
"2016-11-01 18:04:26,384","INFO","Trial 408 - 18:04:26 - Unrewarded - /home/fet/stimuli/test_categories_box5/nonreward/So_Stim_5_BluRas61dd_142208.wav"
"2016-11-01 18:04:27,137","INFO","Trial 409 - 18:04:27 - Unrewarded - /home/fet/stimuli/test_categories_box5/nonreward/Ag_Stim_4_BluRas07dd_151020130509.wav"
"2016-11-01 18:04:28,795","INFO","Trial 410 - 18:04:28 - Unrewarded - /home/fet/stimuli/test_categories_box5/nonreward/Tu_Stim_5_YelGre5275_290819271613.wav"
"2016-11-01 18:04:37,328","INFO","Trial 411 - 18:04:37 - Rewarded - /home/fet/stimuli/test_categories_box5/reward/Te_Stim_10_BluRas07dd_170126022913.wav"
"2016-11-01 18:04:43,337","INFO","Supplying reward for 12.00 seconds"
"2016-11-01 18:06:23,818","INFO","Trial 412 - 18:06:23 - Unrewarded - /home/fet/stimuli/test_categories_box5/nonreward/Be_Stim_6_LblBlu1729_131405.wav"
"2016-11-01 18:06:25,481","INFO","Trial 413 - 18:06:25 - Unrewarded - /home/fet/stimuli/test_categories_box5/nonreward/Tu_Stim_10_LblRed0613_020507080604.wav"
"2016-11-01 18:06:31,222","INFO","Trial 414 - 18:06:31 - Rewarded - /home/fet/stimuli/test_categories_box5/reward/Te_Stim_2_YelGre5275_023224291921.wav"
"2016-11-01 18:06:37,232","INFO","Supplying reward for 12.00 seconds"
"2016-11-01 18:08:07,842","INFO","Trial 415 - 18:08:07 - Unrewarded - /home/fet/stimuli/test_categories_box5/nonreward/Wh_Stim_6_WhiRas44dd_020103020101.wav"
"2016-11-01 18:08:15,469","INFO","Trial 416 - 18:08:15 - Unrewarded - /home/fet/stimuli/test_categories_box5/nonreward/Be_Stim_8_GraGre0813_150309.wav"
"2016-11-01 18:08:17,701","INFO","Trial 417 - 18:08:17 - Unrewarded - /home/fet/stimuli/test_categories_box5/nonreward/LT_Stim_6_LblGre0001_030704081105.wav"
"2016-11-01 18:08:27,395","INFO","Trial 418 - 18:08:27 - Unrewarded - /home/fet/stimuli/test_categories_box5/nonreward/Th_Stim_4_HPiHPi4748_211905081709.wav"
"2016-11-01 18:08:36,386","INFO","Trial 419 - 18:08:36 - Unrewarded - /home/fet/stimuli/test_categories_box5/nonreward/Tu_Stim_2_BluRas61dd_020601080907.wav"
"2016-11-01 18:08:52,036","INFO","Trial 420 - 18:08:52 - Unrewarded - /home/fet/stimuli/test_categories_box5/nonreward/So_Stim_5_HPiHPi4748_110910.wav"
"2016-11-01 18:08:59,973","INFO","Trial 421 - 18:08:59 - Unrewarded - /home/fet/stimuli/test_categories_box5/nonreward/DC_Stim_2_WhiBlu4818_030102050402.wav"
"2016-11-01 18:09:08,283","INFO","Trial 422 - 18:09:08 - Rewarded - /home/fet/stimuli/test_categories_box5/reward/Te_Stim_3_HPiHPi4748_152105010319.wav"
"2016-11-01 18:09:14,288","INFO","Supplying reward for 12.00 seconds"
"2016-11-01 18:11:31,595","INFO","Trial 423 - 18:11:31 - Unrewarded - /home/fet/stimuli/test_categories_box5/nonreward/LT_Stim_2_WhiBlu0112_202403041314.wav"
"2016-11-01 18:11:38,672","INFO","Trial 424 - 18:11:38 - Unrewarded - /home/fet/stimuli/test_categories_box5/nonreward/Di_Stim_9_YelOra2575_110909090909.wav"
"2016-11-01 18:11:44,959","INFO","Trial 425 - 18:11:44 - Rewarded - /home/fet/stimuli/test_categories_box5/reward/Te_Stim_3_BlaBla0506_091610121508.wav"
"2016-11-01 18:11:50,968","INFO","Supplying reward for 12.00 seconds"
"2016-11-01 18:13:07,497","INFO","Trial 426 - 18:13:07 - Unrewarded - /home/fet/stimuli/test_categories_box5/nonreward/Wh_Stim_5_WhiWhi1415_010101010101.wav"
"2016-11-01 18:13:15,988","INFO","Trial 427 - 18:13:15 - Unrewarded - /home/fet/stimuli/test_categories_box5/nonreward/So_Stim_4_BlaBla0506_120615.wav"
"2016-11-01 18:13:21,807","INFO","Trial 428 - 18:13:21 - Unrewarded - /home/fet/stimuli/test_categories_box5/nonreward/Be_Stim_7_GraGre1001_080506.wav"
"2016-11-01 18:13:22,999","INFO","Trial 429 - 18:13:22 - Unrewarded - /home/fet/stimuli/test_categories_box5/nonreward/Di_Stim_9_GraGra0201_070107070107.wav"
"2016-11-01 18:13:30,970","INFO","Trial 430 - 18:13:30 - Unrewarded - /home/fet/stimuli/test_categories_box5/nonreward/LT_Stim_5_LblBlu6379_012412132520.wav"
"2016-11-01 18:13:40,870","INFO","Trial 431 - 18:13:40 - Unrewarded - /home/fet/stimuli/test_categories_box5/nonreward/Th_Stim_9_LblRed0613_021105160310.wav"
"2016-11-01 18:13:51,998","INFO","Trial 432 - 18:13:51 - Unrewarded - /home/fet/stimuli/test_categories_box5/nonreward/Tu_Stim_8_PurRas20dd_090805020403.wav"
"2016-11-01 18:14:32,865","INFO","Trial 433 - 18:14:32 - Unrewarded - /home/fet/stimuli/test_categories_box5/nonreward/So_Stim_1_LblBla4419_010209.wav"
"2016-11-01 18:14:33,839","INFO","Trial 434 - 18:14:33 - Unrewarded - /home/fet/stimuli/test_categories_box5/nonreward/Ag_Stim_7_LblBla4419_020301020301.wav"
"2016-11-01 18:14:41,688","INFO","Trial 435 - 18:14:41 - Unrewarded - /home/fet/stimuli/test_categories_box5/nonreward/So_Stim_6_LblRed0613_141231.wav"
"2016-11-01 18:14:42,686","INFO","Trial 436 - 18:14:42 - Unrewarded - /home/fet/stimuli/test_categories_box5/nonreward/Wh_Stim_9_WhiWhi1415_010101010101.wav"
"2016-11-01 18:15:03,330","INFO","Trial 437 - 18:15:03 - Unrewarded - /home/fet/stimuli/test_categories_box5/nonreward/Ag_Stim_5_YelOra2575_190422182010.wav"
"2016-11-01 18:15:17,149","INFO","Trial 438 - 18:15:17 - Unrewarded - /home/fet/stimuli/test_categories_box5/nonreward/Di_Stim_4_GraGra0201_070107010107.wav"
"2016-11-01 18:15:27,294","INFO","Trial 439 - 18:15:27 - Unrewarded - /home/fet/stimuli/test_categories_box5/nonreward/LT_Stim_9_WhiBlu3414_121011032502.wav"
"2016-11-01 18:15:39,368","INFO","Trial 440 - 18:15:39 - Rewarded - /home/fet/stimuli/test_categories_box5/reward/Te_Stim_2_HPiHPi4748_011928222005.wav"
"2016-11-01 18:15:45,378","INFO","Supplying reward for 12.00 seconds"
"2016-11-01 18:18:32,837","INFO","Trial 441 - 18:18:32 - Unrewarded - /home/fet/stimuli/test_categories_box5/nonreward/Ag_Stim_6_GreWhi1242_010101010101.wav"
"2016-11-01 18:18:39,820","INFO","Trial 442 - 18:18:39 - Unrewarded - /home/fet/stimuli/test_categories_box5/nonreward/Wh_Stim_8_HpiGra1004_030208060704.wav"
"2016-11-01 18:18:48,749","INFO","Trial 443 - 18:18:48 - Unrewarded - /home/fet/stimuli/test_categories_box5/nonreward/Wh_Stim_7_YelGre5275_100601030512.wav"
"2016-11-01 18:18:59,938","INFO","Trial 444 - 18:18:59 - Unrewarded - /home/fet/stimuli/test_categories_box5/nonreward/Wh_Stim_2_WhiRas44dd_030102010102.wav"
"2016-11-01 18:19:01,349","INFO","Trial 445 - 18:19:01 - Unrewarded - /home/fet/stimuli/test_categories_box5/nonreward/So_Stim_2_BluRas61dd_220917.wav"
"2016-11-01 18:19:07,368","INFO","Trial 446 - 18:19:07 - Unrewarded - /home/fet/stimuli/test_categories_box5/nonreward/Wh_Stim_4_LblBla4548_120609170102.wav"
"2016-11-01 18:19:13,339","INFO","Trial 447 - 18:19:13 - Unrewarded - /home/fet/stimuli/test_categories_box5/nonreward/LT_Stim_5_LblBlu2028_030108121305.wav"
"2016-11-01 18:19:21,388","INFO","Trial 448 - 18:19:21 - Unrewarded - /home/fet/stimuli/test_categories_box5/nonreward/Di_Stim_10_YelOra2575_091109091109.wav"
"2016-11-01 18:19:31,279","INFO","Trial 449 - 18:19:31 - Unrewarded - /home/fet/stimuli/test_categories_box5/nonreward/So_Stim_9_BluRas61dd_091822.wav"
"2016-11-01 18:19:40,208","INFO","Trial 450 - 18:19:40 - Unrewarded - /home/fet/stimuli/test_categories_box5/nonreward/Th_Stim_8_YelGre5275_170631042630.wav"
"2016-11-01 18:19:53,069","INFO","Trial 451 - 18:19:53 - Unrewarded - /home/fet/stimuli/test_categories_box5/nonreward/Ne_Stim_4_LblRed0613_472056256861.wav"
"2016-11-01 18:20:04,607","INFO","Trial 452 - 18:20:04 - Unrewarded - /home/fet/stimuli/test_categories_box5/nonreward/Ag_Stim_10_WhiRas44dd_170508111021.wav"
"2016-11-01 18:20:05,691","INFO","Trial 453 - 18:20:05 - Unrewarded - /home/fet/stimuli/test_categories_box5/nonreward/Tu_Stim_7_PurRas20dd_020401050807.wav"
"2016-11-01 18:20:16,402","INFO","Trial 454 - 18:20:16 - Unrewarded - /home/fet/stimuli/test_categories_box5/nonreward/Wh_Stim_2_BlaBla0506_060215181014.wav"
"2016-11-01 18:20:27,457","INFO","Trial 455 - 18:20:27 - Unrewarded - /home/fet/stimuli/test_categories_box5/nonreward/Ne_Stim_2_PurRas20dd_030203030708.wav"
"2016-11-01 18:20:38,847","INFO","Trial 456 - 18:20:38 - Unrewarded - /home/fet/stimuli/test_categories_box5/nonreward/Di_Stim_2_BlaBla0506_010101010101.wav"
"2016-11-01 18:20:42,853","INFO","Trial 457 - 18:20:42 - Unrewarded - /home/fet/stimuli/test_categories_box5/nonreward/Wh_Stim_4_GraGra0201_020105050405.wav"
"2016-11-01 18:20:53,821","INFO","Trial 458 - 18:20:53 - Unrewarded - /home/fet/stimuli/test_categories_box5/nonreward/DC_Stim_9_WhiBlu4917_182219200506.wav"
"2016-11-01 18:21:09,533","INFO","Trial 459 - 18:21:09 - Unrewarded - /home/fet/stimuli/test_categories_box5/nonreward/Wh_Stim_6_LblBla4548_121517010614.wav"
"2016-11-01 18:21:21,447","INFO","Trial 460 - 18:21:21 - Unrewarded - /home/fet/stimuli/test_categories_box5/nonreward/So_Stim_5_WhiBlu4818_221104.wav"
"2016-11-01 18:21:45,887","INFO","Trial 461 - 18:21:45 - Unrewarded - /home/fet/stimuli/test_categories_box5/nonreward/Ne_Stim_10_Unknown00F_010201020101.wav"
"2016-11-01 18:21:53,898","INFO","Trial 462 - 18:21:53 - Unrewarded - /home/fet/stimuli/test_categories_box5/nonreward/LT_Stim_3_WhiBlu0112_170610141519.wav"
"2016-11-01 18:22:00,124","INFO","Trial 463 - 18:22:00 - Unrewarded - /home/fet/stimuli/test_categories_box5/nonreward/Ag_Stim_3_GraLbl0457_191105150712.wav"
"2016-11-01 18:22:08,033","INFO","Trial 464 - 18:22:08 - Unrewarded - /home/fet/stimuli/test_categories_box5/nonreward/DC_Stim_9_YelOra2575_090439230828.wav"
"2016-11-01 18:22:09,691","INFO","Trial 465 - 18:22:09 - Rewarded - /home/fet/stimuli/test_categories_box5/reward/Te_Stim_7_YelGre5275_301607182431.wav"
"2016-11-01 18:22:15,696","INFO","Supplying reward for 12.00 seconds"
"2016-11-01 18:26:24,223","INFO","Trial 466 - 18:26:24 - Unrewarded - /home/fet/stimuli/test_categories_box5/nonreward/Di_Stim_1_WhiBlu4818_060606060606.wav"
"2016-11-01 18:26:36,802","INFO","Trial 467 - 18:26:36 - Unrewarded - /home/fet/stimuli/test_categories_box5/nonreward/LT_Stim_2_LblRas1800_010204050603.wav"
"2016-11-01 18:27:22,252","INFO","Trial 468 - 18:27:22 - Unrewarded - /home/fet/stimuli/test_categories_box5/nonreward/Th_Stim_6_GraGra0201_214234414402.wav"
"2016-11-01 18:27:24,382","INFO","Trial 469 - 18:27:24 - Unrewarded - /home/fet/stimuli/test_categories_box5/nonreward/So_Stim_6_WhiBlu4818_040511.wav"
"2016-11-01 18:27:31,361","INFO","Trial 470 - 18:27:31 - Unrewarded - /home/fet/stimuli/test_categories_box5/nonreward/LT_Stim_9_LblGre0001_070801110503.wav"
"2016-11-01 18:27:41,707","INFO","Trial 471 - 18:27:41 - Unrewarded - /home/fet/stimuli/test_categories_box5/nonreward/DC_Stim_2_WhiBlu4917_080105190620.wav"
"2016-11-01 18:27:44,238","INFO","Trial 472 - 18:27:44 - Unrewarded - /home/fet/stimuli/test_categories_box5/nonreward/Di_Stim_2_WhiWhi1415_020202020202.wav"
"2016-11-01 18:27:53,233","INFO","Trial 473 - 18:27:53 - Unrewarded - /home/fet/stimuli/test_categories_box5/nonreward/LT_Stim_8_LblBlu2028_051509130307.wav"
"2016-11-01 18:27:54,571","INFO","Trial 474 - 18:27:54 - Unrewarded - /home/fet/stimuli/test_categories_box5/nonreward/Ag_Stim_8_GreWhi1242_010101010101.wav"
"2016-11-01 18:27:55,845","INFO","Trial 475 - 18:27:55 - Unrewarded - /home/fet/stimuli/test_categories_box5/nonreward/DC_Stim_7_WhiRas44dd_091718281214.wav"
"2016-11-01 18:27:56,798","INFO","Trial 476 - 18:27:56 - Unrewarded - /home/fet/stimuli/test_categories_box5/nonreward/Wh_Stim_2_LblBla4419_140810170311.wav"
"2016-11-01 18:28:06,233","INFO","Trial 477 - 18:28:06 - Unrewarded - /home/fet/stimuli/test_categories_box5/nonreward/Th_Stim_7_Unknown_11_030809100607.wav"
"2016-11-01 18:28:07,076","INFO","Trial 478 - 18:28:07 - Unrewarded - /home/fet/stimuli/test_categories_box5/nonreward/LT_Stim_7_LblGre0001_010210070408.wav"
"2016-11-01 18:28:07,564","INFO","Trial 479 - 18:28:07 - Unrewarded - /home/fet/stimuli/test_categories_box5/nonreward/Ne_Stim_7_GreOra1817_131007081202.wav"
"2016-11-01 18:28:19,839","INFO","Trial 480 - 18:28:19 - Unrewarded - /home/fet/stimuli/test_categories_box5/nonreward/Ag_Stim_2_GreOra1817_133022281832.wav"
"2016-11-01 18:28:36,701","INFO","Trial 481 - 18:28:36 - Rewarded - /home/fet/stimuli/test_categories_box5/reward/Te_Stim_5_WhiBlu4818_111604050118.wav"
"2016-11-01 18:28:42,706","INFO","Supplying reward for 12.00 seconds"
"2016-11-01 18:43:18,351","INFO","Finishing session 1 at Tue Nov  1 18:43:18 2016"
"2016-11-01 18:43:18,352","INFO","Finished all sessions."
"2016-11-01 18:43:18,659","INFO","Exiting Session state"
"2016-11-01 18:43:18,659","INFO","Finishing experiment"
"2016-11-01 18:43:18,966","INFO","Exiting Idle state"
