"2017-04-18 09:49:15,729","INFO","Preparing subject and data storage"
"2017-04-18 09:49:15,729","INFO","Created subject object with name LblWhi1566M"
"2017-04-18 09:49:15,730","INFO","Created datastore CSVStore: filename = /home/fet/data/LblWhi1566M/180417/LblWhi1566M_trialdata_20170418094915.csv, fields = session, index, time, stimulus_name, condition_name, response, correct, rt, reward, max_wait for subject LblWhi1566M"
"2017-04-18 09:49:15,730","INFO","Preparing to run experiment Go No-Go Interruption"
"2017-04-18 09:49:16,036","INFO","Entering Idle state"
"2017-04-18 09:49:16,339","INFO","Beginning block #1"
"2017-04-18 17:30:30,297","INFO","Trial 1 - 17:30:30 - Rewarded - /home/fet/stimuli/shaping_categories_box5/reward/WH_Stim_1.wav"
"2017-04-18 17:30:36,306","INFO","Supplying reward for 12.00 seconds"
"2017-04-18 17:34:51,650","INFO","Trial 2 - 17:34:51 - Rewarded - /home/fet/stimuli/shaping_categories_box5/reward/WH_Stim_2.wav"
"2017-04-18 17:34:57,658","INFO","Supplying reward for 12.00 seconds"
"2017-04-18 17:35:36,370","INFO","Trial 3 - 17:35:36 - Rewarded - /home/fet/stimuli/shaping_categories_box5/reward/WH_Stim_2.wav"
"2017-04-18 17:35:42,379","INFO","Supplying reward for 12.00 seconds"
"2017-04-18 17:41:55,715","INFO","Trial 4 - 17:41:55 - Rewarded - /home/fet/stimuli/shaping_categories_box5/reward/WH_Stim_1.wav"
"2017-04-18 17:42:01,719","INFO","Supplying reward for 12.00 seconds"
"2017-04-18 17:43:22,277","INFO","Trial 5 - 17:43:22 - Rewarded - /home/fet/stimuli/shaping_categories_box5/reward/WH_Stim_1.wav"
"2017-04-18 17:43:28,286","INFO","Supplying reward for 12.00 seconds"
"2017-04-18 17:44:20,653","INFO","Trial 6 - 17:44:20 - Rewarded - /home/fet/stimuli/shaping_categories_box5/reward/WH_Stim_2.wav"
"2017-04-18 17:44:26,662","INFO","Supplying reward for 12.00 seconds"
"2017-04-18 17:44:53,484","INFO","Trial 7 - 17:44:53 - Rewarded - /home/fet/stimuli/shaping_categories_box5/reward/WH_Stim_1.wav"
"2017-04-18 17:44:59,489","INFO","Supplying reward for 12.00 seconds"
"2017-04-18 18:00:01,281","INFO","Trial 8 - 18:00:01 - Rewarded - /home/fet/stimuli/shaping_categories_box5/reward/WH_Stim_2.wav"
"2017-04-18 18:00:07,289","INFO","Supplying reward for 12.00 seconds"
"2017-04-18 18:00:37,122","INFO","Trial 9 - 18:00:37 - Rewarded - /home/fet/stimuli/shaping_categories_box5/reward/WH_Stim_2.wav"
"2017-04-18 18:00:43,130","INFO","Supplying reward for 12.00 seconds"
"2017-04-18 18:33:59,713","INFO","Trial 10 - 18:33:59 - Rewarded - /home/fet/stimuli/shaping_categories_box5/reward/WH_Stim_1.wav"
"2017-04-18 18:34:05,719","INFO","Supplying reward for 12.00 seconds"
"2017-04-18 18:35:03,671","INFO","Trial 11 - 18:35:03 - Rewarded - /home/fet/stimuli/shaping_categories_box5/reward/WH_Stim_2.wav"
"2017-04-18 18:35:09,680","INFO","Supplying reward for 12.00 seconds"
"2017-04-18 19:02:59,216","INFO","Trial 12 - 19:02:59 - Rewarded - /home/fet/stimuli/shaping_categories_box5/reward/WH_Stim_1.wav"
"2017-04-18 19:03:05,222","INFO","Supplying reward for 12.00 seconds"
"2017-04-18 19:14:57,554","INFO","Trial 13 - 19:14:57 - Rewarded - /home/fet/stimuli/shaping_categories_box5/reward/WH_Stim_1.wav"
"2017-04-18 19:15:03,565","INFO","Supplying reward for 12.00 seconds"
"2017-04-18 19:21:06,134","INFO","Trial 14 - 19:21:06 - Rewarded - /home/fet/stimuli/shaping_categories_box5/reward/WH_Stim_2.wav"
"2017-04-18 19:21:07,798","INFO","Trial 15 - 19:21:07 - Rewarded - /home/fet/stimuli/shaping_categories_box5/reward/WH_Stim_1.wav"
"2017-04-18 19:21:13,806","INFO","Supplying reward for 12.00 seconds"
"2017-04-18 19:38:26,029","INFO","Trial 16 - 19:38:26 - Rewarded - /home/fet/stimuli/shaping_categories_box5/reward/WH_Stim_2.wav"
"2017-04-18 19:38:26,247","INFO","Trial 17 - 19:38:26 - Rewarded - /home/fet/stimuli/shaping_categories_box5/reward/WH_Stim_1.wav"
"2017-04-18 19:38:32,255","INFO","Supplying reward for 12.00 seconds"
"2017-04-18 19:49:00,064","INFO","Finishing session 1 at Tue Apr 18 19:49:00 2017"
"2017-04-18 19:49:00,065","INFO","Finished all sessions."
"2017-04-18 19:49:00,371","INFO","Exiting Session state"
"2017-04-18 19:49:00,371","INFO","Finishing experiment"
"2017-04-18 19:49:00,678","INFO","Exiting Idle state"
