"2017-04-19 09:29:11,939","INFO","Preparing subject and data storage"
"2017-04-19 09:29:11,940","INFO","Created subject object with name LblWhi1566M"
"2017-04-19 09:29:11,940","INFO","Created datastore CSVStore: filename = /home/fet/data/LblWhi1566M/190417/LblWhi1566M_trialdata_20170419092911.csv, fields = session, index, time, stimulus_name, condition_name, response, correct, rt, reward, max_wait for subject LblWhi1566M"
"2017-04-19 09:29:11,941","INFO","Preparing to run experiment Go No-Go Interruption"
"2017-04-19 09:29:12,246","INFO","Entering Idle state"
"2017-04-19 09:29:12,550","INFO","Beginning block #1"
"2017-04-19 11:18:37,052","INFO","Trial 1 - 11:18:37 - Rewarded - /home/fet/stimuli/shaping_categories_box5/reward/WH_Stim_2.wav"
"2017-04-19 11:18:43,061","INFO","Supplying reward for 12.00 seconds"
"2017-04-19 12:06:01,440","INFO","Trial 2 - 12:06:01 - Rewarded - /home/fet/stimuli/shaping_categories_box5/reward/WH_Stim_1.wav"
"2017-04-19 12:06:07,449","INFO","Supplying reward for 12.00 seconds"
"2017-04-19 12:21:06,292","INFO","Trial 3 - 12:21:06 - Rewarded - /home/fet/stimuli/shaping_categories_box5/reward/WH_Stim_1.wav"
"2017-04-19 12:21:12,301","INFO","Supplying reward for 12.00 seconds"
"2017-04-19 12:21:57,932","INFO","Trial 4 - 12:21:57 - Rewarded - /home/fet/stimuli/shaping_categories_box5/reward/WH_Stim_2.wav"
"2017-04-19 12:22:03,937","INFO","Supplying reward for 12.00 seconds"
"2017-04-19 12:22:53,171","INFO","Trial 5 - 12:22:53 - Rewarded - /home/fet/stimuli/shaping_categories_box5/reward/WH_Stim_1.wav"
"2017-04-19 12:22:59,176","INFO","Supplying reward for 12.00 seconds"
"2017-04-19 12:24:33,824","INFO","Trial 6 - 12:24:33 - Rewarded - /home/fet/stimuli/shaping_categories_box5/reward/WH_Stim_2.wav"
"2017-04-19 12:24:39,833","INFO","Supplying reward for 12.00 seconds"
"2017-04-19 12:25:31,148","INFO","Trial 7 - 12:25:31 - Rewarded - /home/fet/stimuli/shaping_categories_box5/reward/WH_Stim_1.wav"
"2017-04-19 12:25:37,156","INFO","Supplying reward for 12.00 seconds"
"2017-04-19 12:26:24,995","INFO","Trial 8 - 12:26:24 - Rewarded - /home/fet/stimuli/shaping_categories_box5/reward/WH_Stim_2.wav"
"2017-04-19 12:26:31,004","INFO","Supplying reward for 12.00 seconds"
"2017-04-19 12:26:53,420","INFO","Trial 9 - 12:26:53 - Rewarded - /home/fet/stimuli/shaping_categories_box5/reward/WH_Stim_2.wav"
"2017-04-19 12:26:59,428","INFO","Supplying reward for 12.00 seconds"
"2017-04-19 12:27:47,641","INFO","Trial 10 - 12:27:47 - Rewarded - /home/fet/stimuli/shaping_categories_box5/reward/WH_Stim_1.wav"
"2017-04-19 12:27:53,649","INFO","Supplying reward for 12.00 seconds"
"2017-04-19 12:28:18,106","INFO","Trial 11 - 12:28:18 - Rewarded - /home/fet/stimuli/shaping_categories_box5/reward/WH_Stim_1.wav"
"2017-04-19 12:28:24,114","INFO","Supplying reward for 12.00 seconds"
"2017-04-19 12:28:49,623","INFO","Trial 12 - 12:28:49 - Rewarded - /home/fet/stimuli/shaping_categories_box5/reward/WH_Stim_2.wav"
"2017-04-19 12:28:55,631","INFO","Supplying reward for 12.00 seconds"
"2017-04-19 12:33:14,787","INFO","Trial 13 - 12:33:14 - Rewarded - /home/fet/stimuli/shaping_categories_box5/reward/WH_Stim_1.wav"
"2017-04-19 12:33:20,795","INFO","Supplying reward for 12.00 seconds"
"2017-04-19 12:34:09,523","INFO","Trial 14 - 12:34:09 - Rewarded - /home/fet/stimuli/shaping_categories_box5/reward/WH_Stim_2.wav"
"2017-04-19 12:34:15,528","INFO","Supplying reward for 12.00 seconds"
"2017-04-19 12:35:14,985","INFO","Trial 15 - 12:35:14 - Rewarded - /home/fet/stimuli/shaping_categories_box5/reward/WH_Stim_1.wav"
"2017-04-19 12:35:20,993","INFO","Supplying reward for 12.00 seconds"
"2017-04-19 12:35:53,487","INFO","Trial 16 - 12:35:53 - Rewarded - /home/fet/stimuli/shaping_categories_box5/reward/WH_Stim_2.wav"
"2017-04-19 12:35:59,495","INFO","Supplying reward for 12.00 seconds"
"2017-04-19 12:36:23,883","INFO","Trial 17 - 12:36:23 - Rewarded - /home/fet/stimuli/shaping_categories_box5/reward/WH_Stim_2.wav"
"2017-04-19 12:36:29,892","INFO","Supplying reward for 12.00 seconds"
"2017-04-19 12:37:13,628","INFO","Trial 18 - 12:37:13 - Rewarded - /home/fet/stimuli/shaping_categories_box5/reward/WH_Stim_1.wav"
"2017-04-19 12:37:19,636","INFO","Supplying reward for 12.00 seconds"
"2017-04-19 12:38:15,200","INFO","Trial 19 - 12:38:15 - Rewarded - /home/fet/stimuli/shaping_categories_box5/reward/WH_Stim_1.wav"
"2017-04-19 12:38:21,209","INFO","Supplying reward for 12.00 seconds"
"2017-04-19 12:38:58,822","INFO","Trial 20 - 12:38:58 - Rewarded - /home/fet/stimuli/shaping_categories_box5/reward/WH_Stim_2.wav"
"2017-04-19 12:39:01,678","INFO","Trial 21 - 12:39:01 - Rewarded - /home/fet/stimuli/shaping_categories_box5/reward/WH_Stim_1.wav"
"2017-04-19 12:39:02,190","INFO","Trial 22 - 12:39:02 - Rewarded - /home/fet/stimuli/shaping_categories_box5/reward/WH_Stim_2.wav"
"2017-04-19 12:39:02,997","INFO","Trial 23 - 12:39:02 - Rewarded - /home/fet/stimuli/shaping_categories_box5/reward/WH_Stim_1.wav"
"2017-04-19 12:39:09,005","INFO","Supplying reward for 12.00 seconds"
"2017-04-19 12:39:46,560","INFO","Trial 24 - 12:39:46 - Rewarded - /home/fet/stimuli/shaping_categories_box5/reward/WH_Stim_2.wav"
"2017-04-19 12:39:52,569","INFO","Supplying reward for 12.00 seconds"
"2017-04-19 12:40:46,093","INFO","Trial 25 - 12:40:46 - Rewarded - /home/fet/stimuli/shaping_categories_box5/reward/WH_Stim_2.wav"
"2017-04-19 12:40:52,098","INFO","Supplying reward for 12.00 seconds"
"2017-04-19 12:41:16,445","INFO","Trial 26 - 12:41:16 - Rewarded - /home/fet/stimuli/shaping_categories_box5/reward/WH_Stim_1.wav"
"2017-04-19 12:41:22,454","INFO","Supplying reward for 12.00 seconds"
"2017-04-19 12:45:33,984","INFO","Trial 27 - 12:45:33 - Rewarded - /home/fet/stimuli/shaping_categories_box5/reward/WH_Stim_2.wav"
"2017-04-19 12:45:39,993","INFO","Supplying reward for 12.00 seconds"
"2017-04-19 12:46:12,545","INFO","Trial 28 - 12:46:12 - Rewarded - /home/fet/stimuli/shaping_categories_box5/reward/WH_Stim_1.wav"
"2017-04-19 12:46:18,549","INFO","Supplying reward for 12.00 seconds"
"2017-04-19 12:48:44,378","INFO","Trial 29 - 12:48:44 - Rewarded - /home/fet/stimuli/shaping_categories_box5/reward/WH_Stim_1.wav"
"2017-04-19 12:48:50,386","INFO","Supplying reward for 12.00 seconds"
"2017-04-19 12:49:15,852","INFO","Trial 30 - 12:49:15 - Rewarded - /home/fet/stimuli/shaping_categories_box5/reward/WH_Stim_2.wav"
"2017-04-19 12:49:21,861","INFO","Supplying reward for 12.00 seconds"
"2017-04-19 13:21:10,082","INFO","Trial 31 - 13:21:10 - Rewarded - /home/fet/stimuli/shaping_categories_box5/reward/WH_Stim_1.wav"
"2017-04-19 13:21:16,090","INFO","Supplying reward for 12.00 seconds"
"2017-04-19 13:22:14,711","INFO","Trial 32 - 13:22:14 - Rewarded - /home/fet/stimuli/shaping_categories_box5/reward/WH_Stim_2.wav"
"2017-04-19 13:22:20,716","INFO","Supplying reward for 12.00 seconds"
"2017-04-19 13:22:43,230","INFO","Trial 33 - 13:22:43 - Rewarded - /home/fet/stimuli/shaping_categories_box5/reward/WH_Stim_2.wav"
"2017-04-19 13:22:44,866","INFO","Trial 34 - 13:22:44 - Rewarded - /home/fet/stimuli/shaping_categories_box5/reward/WH_Stim_1.wav"
"2017-04-19 13:22:50,873","INFO","Supplying reward for 12.00 seconds"
"2017-04-19 13:23:08,815","INFO","Trial 35 - 13:23:08 - Rewarded - /home/fet/stimuli/shaping_categories_box5/reward/WH_Stim_1.wav"
"2017-04-19 13:23:14,824","INFO","Supplying reward for 12.00 seconds"
"2017-04-19 13:23:52,385","INFO","Trial 36 - 13:23:52 - Rewarded - /home/fet/stimuli/shaping_categories_box5/reward/WH_Stim_2.wav"
"2017-04-19 13:23:58,394","INFO","Supplying reward for 12.00 seconds"
"2017-04-19 13:24:48,479","INFO","Trial 37 - 13:24:48 - Rewarded - /home/fet/stimuli/shaping_categories_box5/reward/WH_Stim_1.wav"
"2017-04-19 13:24:54,489","INFO","Supplying reward for 12.00 seconds"
"2017-04-19 13:25:27,061","INFO","Trial 38 - 13:25:27 - Rewarded - /home/fet/stimuli/shaping_categories_box5/reward/WH_Stim_2.wav"
"2017-04-19 13:25:33,070","INFO","Supplying reward for 12.00 seconds"
"2017-04-19 13:26:00,805","INFO","Trial 39 - 13:26:00 - Rewarded - /home/fet/stimuli/shaping_categories_box5/reward/WH_Stim_1.wav"
"2017-04-19 13:26:05,836","INFO","Trial 40 - 13:26:05 - Rewarded - /home/fet/stimuli/shaping_categories_box5/reward/WH_Stim_2.wav"
"2017-04-19 13:26:11,847","INFO","Supplying reward for 12.00 seconds"
"2017-04-19 13:27:43,168","INFO","Trial 41 - 13:27:43 - Rewarded - /home/fet/stimuli/shaping_categories_box5/reward/WH_Stim_1.wav"
"2017-04-19 13:27:49,177","INFO","Supplying reward for 12.00 seconds"
"2017-04-19 13:28:34,381","INFO","Trial 42 - 13:28:34 - Rewarded - /home/fet/stimuli/shaping_categories_box5/reward/WH_Stim_2.wav"
"2017-04-19 13:28:40,389","INFO","Supplying reward for 12.00 seconds"
"2017-04-19 13:29:10,758","INFO","Trial 43 - 13:29:10 - Rewarded - /home/fet/stimuli/shaping_categories_box5/reward/WH_Stim_2.wav"
"2017-04-19 13:29:11,972","INFO","Trial 44 - 13:29:11 - Rewarded - /home/fet/stimuli/shaping_categories_box5/reward/WH_Stim_1.wav"
"2017-04-19 13:29:17,980","INFO","Supplying reward for 12.00 seconds"
"2017-04-19 13:29:49,262","INFO","Trial 45 - 13:29:49 - Rewarded - /home/fet/stimuli/shaping_categories_box5/reward/WH_Stim_2.wav"
"2017-04-19 13:29:49,977","INFO","Trial 46 - 13:29:49 - Rewarded - /home/fet/stimuli/shaping_categories_box5/reward/WH_Stim_1.wav"
"2017-04-19 13:29:55,987","INFO","Supplying reward for 12.00 seconds"
"2017-04-19 13:30:45,622","INFO","Trial 47 - 13:30:45 - Rewarded - /home/fet/stimuli/shaping_categories_box5/reward/WH_Stim_1.wav"
"2017-04-19 13:30:51,635","INFO","Supplying reward for 12.00 seconds"
"2017-04-19 13:32:44,475","INFO","Trial 48 - 13:32:44 - Rewarded - /home/fet/stimuli/shaping_categories_box5/reward/WH_Stim_2.wav"
"2017-04-19 13:32:50,481","INFO","Supplying reward for 12.00 seconds"
"2017-04-19 13:33:30,858","INFO","Trial 49 - 13:33:30 - Rewarded - /home/fet/stimuli/shaping_categories_box5/reward/WH_Stim_1.wav"
"2017-04-19 13:33:36,864","INFO","Supplying reward for 12.00 seconds"
"2017-04-19 13:35:52,971","INFO","Trial 50 - 13:35:52 - Rewarded - /home/fet/stimuli/shaping_categories_box5/reward/WH_Stim_2.wav"
"2017-04-19 13:35:53,437","INFO","Trial 51 - 13:35:53 - Rewarded - /home/fet/stimuli/shaping_categories_box5/reward/WH_Stim_2.wav"
"2017-04-19 13:35:59,442","INFO","Supplying reward for 12.00 seconds"
"2017-04-19 13:36:26,067","INFO","Trial 52 - 13:36:26 - Rewarded - /home/fet/stimuli/shaping_categories_box5/reward/WH_Stim_1.wav"
"2017-04-19 13:36:32,074","INFO","Supplying reward for 12.00 seconds"
"2017-04-19 13:37:08,572","INFO","Trial 53 - 13:37:08 - Rewarded - /home/fet/stimuli/shaping_categories_box5/reward/WH_Stim_2.wav"
"2017-04-19 13:37:09,108","INFO","Trial 54 - 13:37:09 - Rewarded - /home/fet/stimuli/shaping_categories_box5/reward/WH_Stim_1.wav"
"2017-04-19 13:37:12,716","INFO","Trial 55 - 13:37:12 - Rewarded - /home/fet/stimuli/shaping_categories_box5/reward/WH_Stim_1.wav"
"2017-04-19 13:37:12,917","INFO","Trial 56 - 13:37:12 - Rewarded - /home/fet/stimuli/shaping_categories_box5/reward/WH_Stim_2.wav"
"2017-04-19 13:37:13,080","INFO","Trial 57 - 13:37:13 - Rewarded - /home/fet/stimuli/shaping_categories_box5/reward/WH_Stim_2.wav"
"2017-04-19 13:37:13,303","INFO","Trial 58 - 13:37:13 - Rewarded - /home/fet/stimuli/shaping_categories_box5/reward/WH_Stim_1.wav"
"2017-04-19 13:37:13,557","INFO","Trial 59 - 13:37:13 - Rewarded - /home/fet/stimuli/shaping_categories_box5/reward/WH_Stim_2.wav"
"2017-04-19 13:37:18,214","INFO","Trial 60 - 13:37:18 - Rewarded - /home/fet/stimuli/shaping_categories_box5/reward/WH_Stim_1.wav"
"2017-04-19 13:37:18,677","INFO","Trial 61 - 13:37:18 - Rewarded - /home/fet/stimuli/shaping_categories_box5/reward/WH_Stim_1.wav"
"2017-04-19 13:37:18,780","INFO","Trial 62 - 13:37:18 - Rewarded - /home/fet/stimuli/shaping_categories_box5/reward/WH_Stim_2.wav"
"2017-04-19 13:37:18,953","INFO","Trial 63 - 13:37:18 - Rewarded - /home/fet/stimuli/shaping_categories_box5/reward/WH_Stim_1.wav"
"2017-04-19 13:37:19,115","INFO","Trial 64 - 13:37:19 - Rewarded - /home/fet/stimuli/shaping_categories_box5/reward/WH_Stim_2.wav"
"2017-04-19 13:37:19,284","INFO","Trial 65 - 13:37:19 - Rewarded - /home/fet/stimuli/shaping_categories_box5/reward/WH_Stim_2.wav"
"2017-04-19 13:37:19,436","INFO","Trial 66 - 13:37:19 - Rewarded - /home/fet/stimuli/shaping_categories_box5/reward/WH_Stim_1.wav"
"2017-04-19 13:37:21,742","INFO","Trial 67 - 13:37:21 - Rewarded - /home/fet/stimuli/shaping_categories_box5/reward/WH_Stim_1.wav"
"2017-04-19 13:37:27,747","INFO","Supplying reward for 12.00 seconds"
"2017-04-19 13:37:48,216","INFO","Trial 68 - 13:37:48 - Rewarded - /home/fet/stimuli/shaping_categories_box5/reward/WH_Stim_2.wav"
"2017-04-19 13:37:48,354","INFO","Trial 69 - 13:37:48 - Rewarded - /home/fet/stimuli/shaping_categories_box5/reward/WH_Stim_1.wav"
"2017-04-19 13:37:48,424","INFO","Trial 70 - 13:37:48 - Rewarded - /home/fet/stimuli/shaping_categories_box5/reward/WH_Stim_2.wav"
"2017-04-19 13:37:48,570","INFO","Trial 71 - 13:37:48 - Rewarded - /home/fet/stimuli/shaping_categories_box5/reward/WH_Stim_2.wav"
"2017-04-19 13:37:48,693","INFO","Trial 72 - 13:37:48 - Rewarded - /home/fet/stimuli/shaping_categories_box5/reward/WH_Stim_1.wav"
"2017-04-19 13:37:48,889","INFO","Trial 73 - 13:37:48 - Rewarded - /home/fet/stimuli/shaping_categories_box5/reward/WH_Stim_2.wav"
"2017-04-19 13:37:49,340","INFO","Trial 74 - 13:37:49 - Rewarded - /home/fet/stimuli/shaping_categories_box5/reward/WH_Stim_1.wav"
"2017-04-19 13:37:49,598","INFO","Trial 75 - 13:37:49 - Rewarded - /home/fet/stimuli/shaping_categories_box5/reward/WH_Stim_2.wav"
"2017-04-19 13:37:49,769","INFO","Trial 76 - 13:37:49 - Rewarded - /home/fet/stimuli/shaping_categories_box5/reward/WH_Stim_1.wav"
"2017-04-19 13:37:49,935","INFO","Trial 77 - 13:37:49 - Rewarded - /home/fet/stimuli/shaping_categories_box5/reward/WH_Stim_2.wav"
"2017-04-19 13:37:50,139","INFO","Trial 78 - 13:37:50 - Rewarded - /home/fet/stimuli/shaping_categories_box5/reward/WH_Stim_1.wav"
"2017-04-19 13:37:56,144","INFO","Supplying reward for 12.00 seconds"
"2017-04-19 13:38:48,749","INFO","Trial 79 - 13:38:48 - Rewarded - /home/fet/stimuli/shaping_categories_box5/reward/WH_Stim_1.wav"
"2017-04-19 13:38:48,902","INFO","Trial 80 - 13:38:48 - Rewarded - /home/fet/stimuli/shaping_categories_box5/reward/WH_Stim_2.wav"
"2017-04-19 13:38:49,107","INFO","Trial 81 - 13:38:49 - Rewarded - /home/fet/stimuli/shaping_categories_box5/reward/WH_Stim_1.wav"
"2017-04-19 13:38:49,328","INFO","Trial 82 - 13:38:49 - Rewarded - /home/fet/stimuli/shaping_categories_box5/reward/WH_Stim_2.wav"
"2017-04-19 13:38:49,688","INFO","Trial 83 - 13:38:49 - Rewarded - /home/fet/stimuli/shaping_categories_box5/reward/WH_Stim_1.wav"
"2017-04-19 13:38:49,852","INFO","Trial 84 - 13:38:49 - Rewarded - /home/fet/stimuli/shaping_categories_box5/reward/WH_Stim_2.wav"
"2017-04-19 13:38:50,008","INFO","Trial 85 - 13:38:50 - Rewarded - /home/fet/stimuli/shaping_categories_box5/reward/WH_Stim_2.wav"
"2017-04-19 13:38:50,197","INFO","Trial 86 - 13:38:50 - Rewarded - /home/fet/stimuli/shaping_categories_box5/reward/WH_Stim_1.wav"
"2017-04-19 13:38:50,442","INFO","Trial 87 - 13:38:50 - Rewarded - /home/fet/stimuli/shaping_categories_box5/reward/WH_Stim_1.wav"
"2017-04-19 13:38:50,618","INFO","Trial 88 - 13:38:50 - Rewarded - /home/fet/stimuli/shaping_categories_box5/reward/WH_Stim_2.wav"
"2017-04-19 13:38:50,827","INFO","Trial 89 - 13:38:50 - Rewarded - /home/fet/stimuli/shaping_categories_box5/reward/WH_Stim_2.wav"
"2017-04-19 13:38:50,967","INFO","Trial 90 - 13:38:50 - Rewarded - /home/fet/stimuli/shaping_categories_box5/reward/WH_Stim_1.wav"
"2017-04-19 13:38:51,077","INFO","Trial 91 - 13:38:51 - Rewarded - /home/fet/stimuli/shaping_categories_box5/reward/WH_Stim_1.wav"
"2017-04-19 13:38:51,212","INFO","Trial 92 - 13:38:51 - Rewarded - /home/fet/stimuli/shaping_categories_box5/reward/WH_Stim_2.wav"
"2017-04-19 13:38:54,022","INFO","Trial 93 - 13:38:54 - Rewarded - /home/fet/stimuli/shaping_categories_box5/reward/WH_Stim_1.wav"
"2017-04-19 13:38:54,216","INFO","Trial 94 - 13:38:54 - Rewarded - /home/fet/stimuli/shaping_categories_box5/reward/WH_Stim_2.wav"
"2017-04-19 13:38:54,674","INFO","Trial 95 - 13:38:54 - Rewarded - /home/fet/stimuli/shaping_categories_box5/reward/WH_Stim_1.wav"
"2017-04-19 13:39:00,680","INFO","Supplying reward for 12.00 seconds"
"2017-04-19 13:39:28,922","INFO","Trial 96 - 13:39:28 - Rewarded - /home/fet/stimuli/shaping_categories_box5/reward/WH_Stim_2.wav"
"2017-04-19 13:39:34,928","INFO","Supplying reward for 12.00 seconds"
"2017-04-19 13:40:05,731","INFO","Trial 97 - 13:40:05 - Rewarded - /home/fet/stimuli/shaping_categories_box5/reward/WH_Stim_1.wav"
"2017-04-19 13:40:06,015","INFO","Trial 98 - 13:40:06 - Rewarded - /home/fet/stimuli/shaping_categories_box5/reward/WH_Stim_2.wav"
"2017-04-19 13:40:06,222","INFO","Trial 99 - 13:40:06 - Rewarded - /home/fet/stimuli/shaping_categories_box5/reward/WH_Stim_2.wav"
"2017-04-19 13:40:06,372","INFO","Trial 100 - 13:40:06 - Rewarded - /home/fet/stimuli/shaping_categories_box5/reward/WH_Stim_1.wav"
"2017-04-19 13:40:06,494","INFO","Trial 101 - 13:40:06 - Rewarded - /home/fet/stimuli/shaping_categories_box5/reward/WH_Stim_1.wav"
"2017-04-19 13:40:06,625","INFO","Trial 102 - 13:40:06 - Rewarded - /home/fet/stimuli/shaping_categories_box5/reward/WH_Stim_2.wav"
"2017-04-19 13:40:06,793","INFO","Trial 103 - 13:40:06 - Rewarded - /home/fet/stimuli/shaping_categories_box5/reward/WH_Stim_1.wav"
"2017-04-19 13:40:12,798","INFO","Supplying reward for 12.00 seconds"
"2017-04-19 13:41:16,717","INFO","Trial 104 - 13:41:16 - Rewarded - /home/fet/stimuli/shaping_categories_box5/reward/WH_Stim_2.wav"
"2017-04-19 13:41:16,886","INFO","Trial 105 - 13:41:16 - Rewarded - /home/fet/stimuli/shaping_categories_box5/reward/WH_Stim_2.wav"
"2017-04-19 13:41:16,997","INFO","Trial 106 - 13:41:16 - Rewarded - /home/fet/stimuli/shaping_categories_box5/reward/WH_Stim_1.wav"
"2017-04-19 13:41:17,169","INFO","Trial 107 - 13:41:17 - Rewarded - /home/fet/stimuli/shaping_categories_box5/reward/WH_Stim_1.wav"
"2017-04-19 13:41:23,176","INFO","Supplying reward for 12.00 seconds"
"2017-04-19 13:42:23,174","INFO","Trial 108 - 13:42:23 - Rewarded - /home/fet/stimuli/shaping_categories_box5/reward/WH_Stim_2.wav"
"2017-04-19 13:42:23,389","INFO","Trial 109 - 13:42:23 - Rewarded - /home/fet/stimuli/shaping_categories_box5/reward/WH_Stim_2.wav"
"2017-04-19 13:42:29,398","INFO","Supplying reward for 12.00 seconds"
"2017-04-19 13:43:28,041","INFO","Trial 110 - 13:43:28 - Rewarded - /home/fet/stimuli/shaping_categories_box5/reward/WH_Stim_1.wav"
"2017-04-19 13:43:34,047","INFO","Supplying reward for 12.00 seconds"
"2017-04-19 13:44:12,827","INFO","Trial 111 - 13:44:12 - Rewarded - /home/fet/stimuli/shaping_categories_box5/reward/WH_Stim_1.wav"
"2017-04-19 13:44:13,049","INFO","Trial 112 - 13:44:13 - Rewarded - /home/fet/stimuli/shaping_categories_box5/reward/WH_Stim_2.wav"
"2017-04-19 13:44:19,058","INFO","Supplying reward for 12.00 seconds"
"2017-04-19 13:46:17,878","INFO","Trial 113 - 13:46:17 - Rewarded - /home/fet/stimuli/shaping_categories_box5/reward/WH_Stim_1.wav"
"2017-04-19 13:46:18,056","INFO","Trial 114 - 13:46:18 - Rewarded - /home/fet/stimuli/shaping_categories_box5/reward/WH_Stim_2.wav"
"2017-04-19 13:46:18,191","INFO","Trial 115 - 13:46:18 - Rewarded - /home/fet/stimuli/shaping_categories_box5/reward/WH_Stim_2.wav"
"2017-04-19 13:46:24,199","INFO","Supplying reward for 12.00 seconds"
"2017-04-19 13:47:28,207","INFO","Trial 116 - 13:47:28 - Rewarded - /home/fet/stimuli/shaping_categories_box5/reward/WH_Stim_1.wav"
"2017-04-19 13:47:34,212","INFO","Supplying reward for 12.00 seconds"
"2017-04-19 13:47:41,013","INFO","Trial 117 - 13:47:41 - Rewarded - /home/fet/stimuli/shaping_categories_box5/reward/WH_Stim_2.wav"
"2017-04-19 13:47:47,021","INFO","Supplying reward for 12.00 seconds"
"2017-04-19 13:48:31,006","INFO","Trial 118 - 13:48:31 - Rewarded - /home/fet/stimuli/shaping_categories_box5/reward/WH_Stim_1.wav"
"2017-04-19 13:48:31,185","INFO","Trial 119 - 13:48:31 - Rewarded - /home/fet/stimuli/shaping_categories_box5/reward/WH_Stim_2.wav"
"2017-04-19 13:48:31,490","INFO","Trial 120 - 13:48:31 - Rewarded - /home/fet/stimuli/shaping_categories_box5/reward/WH_Stim_1.wav"
"2017-04-19 13:48:31,863","INFO","Trial 121 - 13:48:31 - Rewarded - /home/fet/stimuli/shaping_categories_box5/reward/WH_Stim_1.wav"
"2017-04-19 13:48:32,027","INFO","Trial 122 - 13:48:32 - Rewarded - /home/fet/stimuli/shaping_categories_box5/reward/WH_Stim_2.wav"
"2017-04-19 13:48:34,726","INFO","Trial 123 - 13:48:34 - Rewarded - /home/fet/stimuli/shaping_categories_box5/reward/WH_Stim_2.wav"
"2017-04-19 13:48:40,735","INFO","Supplying reward for 12.00 seconds"
"2017-04-19 13:49:04,607","INFO","Trial 124 - 13:49:04 - Rewarded - /home/fet/stimuli/shaping_categories_box5/reward/WH_Stim_1.wav"
"2017-04-19 13:49:10,616","INFO","Supplying reward for 12.00 seconds"
"2017-04-19 13:51:30,894","INFO","Trial 125 - 13:51:30 - Rewarded - /home/fet/stimuli/shaping_categories_box5/reward/WH_Stim_2.wav"
"2017-04-19 13:51:31,040","INFO","Trial 126 - 13:51:31 - Rewarded - /home/fet/stimuli/shaping_categories_box5/reward/WH_Stim_1.wav"
"2017-04-19 13:51:37,051","INFO","Supplying reward for 12.00 seconds"
"2017-04-19 13:52:10,178","INFO","Trial 127 - 13:52:10 - Rewarded - /home/fet/stimuli/shaping_categories_box5/reward/WH_Stim_1.wav"
"2017-04-19 13:52:10,950","INFO","Trial 128 - 13:52:10 - Rewarded - /home/fet/stimuli/shaping_categories_box5/reward/WH_Stim_2.wav"
"2017-04-19 13:52:16,956","INFO","Supplying reward for 12.00 seconds"
"2017-04-19 13:53:16,870","INFO","Trial 129 - 13:53:16 - Rewarded - /home/fet/stimuli/shaping_categories_box5/reward/WH_Stim_2.wav"
"2017-04-19 13:53:17,035","INFO","Trial 130 - 13:53:17 - Rewarded - /home/fet/stimuli/shaping_categories_box5/reward/WH_Stim_1.wav"
"2017-04-19 13:53:23,042","INFO","Supplying reward for 12.00 seconds"
"2017-04-19 13:53:52,110","INFO","Trial 131 - 13:53:52 - Rewarded - /home/fet/stimuli/shaping_categories_box5/reward/WH_Stim_2.wav"
"2017-04-19 13:53:58,120","INFO","Supplying reward for 12.00 seconds"
"2017-04-19 13:54:16,466","INFO","Trial 132 - 13:54:16 - Rewarded - /home/fet/stimuli/shaping_categories_box5/reward/WH_Stim_1.wav"
"2017-04-19 13:54:16,631","INFO","Trial 133 - 13:54:16 - Rewarded - /home/fet/stimuli/shaping_categories_box5/reward/WH_Stim_2.wav"
"2017-04-19 13:54:22,638","INFO","Supplying reward for 12.00 seconds"
"2017-04-19 13:54:51,810","INFO","Trial 134 - 13:54:51 - Rewarded - /home/fet/stimuli/shaping_categories_box5/reward/WH_Stim_1.wav"
"2017-04-19 13:54:57,819","INFO","Supplying reward for 12.00 seconds"
"2017-04-19 13:55:27,986","INFO","Trial 135 - 13:55:27 - Rewarded - /home/fet/stimuli/shaping_categories_box5/reward/WH_Stim_2.wav"
"2017-04-19 13:55:29,712","INFO","Trial 136 - 13:55:29 - Rewarded - /home/fet/stimuli/shaping_categories_box5/reward/WH_Stim_1.wav"
"2017-04-19 13:55:30,068","INFO","Trial 137 - 13:55:30 - Rewarded - /home/fet/stimuli/shaping_categories_box5/reward/WH_Stim_1.wav"
"2017-04-19 13:55:30,219","INFO","Trial 138 - 13:55:30 - Rewarded - /home/fet/stimuli/shaping_categories_box5/reward/WH_Stim_2.wav"
"2017-04-19 13:55:30,400","INFO","Trial 139 - 13:55:30 - Rewarded - /home/fet/stimuli/shaping_categories_box5/reward/WH_Stim_2.wav"
"2017-04-19 13:55:30,617","INFO","Trial 140 - 13:55:30 - Rewarded - /home/fet/stimuli/shaping_categories_box5/reward/WH_Stim_1.wav"
"2017-04-19 13:55:30,752","INFO","Trial 141 - 13:55:30 - Rewarded - /home/fet/stimuli/shaping_categories_box5/reward/WH_Stim_2.wav"
"2017-04-19 13:55:30,891","INFO","Trial 142 - 13:55:30 - Rewarded - /home/fet/stimuli/shaping_categories_box5/reward/WH_Stim_1.wav"
"2017-04-19 13:55:31,002","INFO","Trial 143 - 13:55:31 - Rewarded - /home/fet/stimuli/shaping_categories_box5/reward/WH_Stim_1.wav"
"2017-04-19 13:55:37,009","INFO","Supplying reward for 12.00 seconds"
"2017-04-19 13:56:15,876","INFO","Trial 144 - 13:56:15 - Rewarded - /home/fet/stimuli/shaping_categories_box5/reward/WH_Stim_2.wav"
"2017-04-19 13:56:16,034","INFO","Trial 145 - 13:56:16 - Rewarded - /home/fet/stimuli/shaping_categories_box5/reward/WH_Stim_1.wav"
"2017-04-19 13:56:16,152","INFO","Trial 146 - 13:56:16 - Rewarded - /home/fet/stimuli/shaping_categories_box5/reward/WH_Stim_2.wav"
"2017-04-19 13:56:22,164","INFO","Supplying reward for 12.00 seconds"
"2017-04-19 13:57:10,480","INFO","Trial 147 - 13:57:10 - Rewarded - /home/fet/stimuli/shaping_categories_box5/reward/WH_Stim_2.wav"
"2017-04-19 13:57:16,489","INFO","Supplying reward for 12.00 seconds"
"2017-04-19 14:38:27,530","INFO","Trial 148 - 14:38:27 - Rewarded - /home/fet/stimuli/shaping_categories_box5/reward/WH_Stim_1.wav"
"2017-04-19 14:38:33,537","INFO","Supplying reward for 12.00 seconds"
"2017-04-19 14:39:34,226","INFO","Trial 149 - 14:39:34 - Rewarded - /home/fet/stimuli/shaping_categories_box5/reward/WH_Stim_2.wav"
"2017-04-19 14:39:40,233","INFO","Supplying reward for 12.00 seconds"
"2017-04-19 14:40:17,226","INFO","Trial 150 - 14:40:17 - Rewarded - /home/fet/stimuli/shaping_categories_box5/reward/WH_Stim_1.wav"
"2017-04-19 14:40:23,233","INFO","Supplying reward for 12.00 seconds"
"2017-04-19 14:41:12,445","INFO","Trial 151 - 14:41:12 - Rewarded - /home/fet/stimuli/shaping_categories_box5/reward/WH_Stim_2.wav"
"2017-04-19 14:41:12,896","INFO","Trial 152 - 14:41:12 - Rewarded - /home/fet/stimuli/shaping_categories_box5/reward/WH_Stim_1.wav"
"2017-04-19 14:41:13,936","INFO","Trial 153 - 14:41:13 - Rewarded - /home/fet/stimuli/shaping_categories_box5/reward/WH_Stim_1.wav"
"2017-04-19 14:41:14,430","INFO","Trial 154 - 14:41:14 - Rewarded - /home/fet/stimuli/shaping_categories_box5/reward/WH_Stim_2.wav"
"2017-04-19 14:41:14,602","INFO","Trial 155 - 14:41:14 - Rewarded - /home/fet/stimuli/shaping_categories_box5/reward/WH_Stim_1.wav"
"2017-04-19 14:41:20,611","INFO","Supplying reward for 12.00 seconds"
"2017-04-19 14:41:56,973","INFO","Trial 156 - 14:41:56 - Rewarded - /home/fet/stimuli/shaping_categories_box5/reward/WH_Stim_2.wav"
"2017-04-19 14:42:02,979","INFO","Supplying reward for 12.00 seconds"
"2017-04-19 14:43:14,975","INFO","Trial 157 - 14:43:14 - Rewarded - /home/fet/stimuli/shaping_categories_box5/reward/WH_Stim_1.wav"
"2017-04-19 14:43:15,979","INFO","Trial 158 - 14:43:15 - Rewarded - /home/fet/stimuli/shaping_categories_box5/reward/WH_Stim_2.wav"
"2017-04-19 14:43:16,160","INFO","Trial 159 - 14:43:16 - Rewarded - /home/fet/stimuli/shaping_categories_box5/reward/WH_Stim_1.wav"
"2017-04-19 14:43:21,167","INFO","Trial 160 - 14:43:21 - Rewarded - /home/fet/stimuli/shaping_categories_box5/reward/WH_Stim_2.wav"
"2017-04-19 14:43:21,458","INFO","Trial 161 - 14:43:21 - Rewarded - /home/fet/stimuli/shaping_categories_box5/reward/WH_Stim_1.wav"
"2017-04-19 14:43:21,679","INFO","Trial 162 - 14:43:21 - Rewarded - /home/fet/stimuli/shaping_categories_box5/reward/WH_Stim_2.wav"
"2017-04-19 14:43:21,912","INFO","Trial 163 - 14:43:21 - Rewarded - /home/fet/stimuli/shaping_categories_box5/reward/WH_Stim_2.wav"
"2017-04-19 14:43:22,068","INFO","Trial 164 - 14:43:22 - Rewarded - /home/fet/stimuli/shaping_categories_box5/reward/WH_Stim_1.wav"
"2017-04-19 14:43:22,242","INFO","Trial 165 - 14:43:22 - Rewarded - /home/fet/stimuli/shaping_categories_box5/reward/WH_Stim_1.wav"
"2017-04-19 14:43:22,432","INFO","Trial 166 - 14:43:22 - Rewarded - /home/fet/stimuli/shaping_categories_box5/reward/WH_Stim_2.wav"
"2017-04-19 14:43:28,442","INFO","Supplying reward for 12.00 seconds"
"2017-04-19 14:45:04,839","INFO","Trial 167 - 14:45:04 - Rewarded - /home/fet/stimuli/shaping_categories_box5/reward/WH_Stim_2.wav"
"2017-04-19 14:45:05,033","INFO","Trial 168 - 14:45:05 - Rewarded - /home/fet/stimuli/shaping_categories_box5/reward/WH_Stim_1.wav"
"2017-04-19 14:45:11,043","INFO","Supplying reward for 12.00 seconds"
"2017-04-19 14:46:08,484","INFO","Trial 169 - 14:46:08 - Rewarded - /home/fet/stimuli/shaping_categories_box5/reward/WH_Stim_1.wav"
"2017-04-19 14:46:08,930","INFO","Trial 170 - 14:46:08 - Rewarded - /home/fet/stimuli/shaping_categories_box5/reward/WH_Stim_2.wav"
"2017-04-19 14:46:14,936","INFO","Supplying reward for 12.00 seconds"
"2017-04-19 14:46:47,044","INFO","Trial 171 - 14:46:47 - Rewarded - /home/fet/stimuli/shaping_categories_box5/reward/WH_Stim_2.wav"
"2017-04-19 14:46:53,051","INFO","Supplying reward for 12.00 seconds"
"2017-04-19 14:47:57,786","INFO","Trial 172 - 14:47:57 - Rewarded - /home/fet/stimuli/shaping_categories_box5/reward/WH_Stim_1.wav"
"2017-04-19 14:48:03,793","INFO","Supplying reward for 12.00 seconds"
"2017-04-19 14:48:24,732","INFO","Trial 173 - 14:48:24 - Rewarded - /home/fet/stimuli/shaping_categories_box5/reward/WH_Stim_1.wav"
"2017-04-19 14:48:30,740","INFO","Supplying reward for 12.00 seconds"
"2017-04-19 14:49:17,460","INFO","Trial 174 - 14:49:17 - Rewarded - /home/fet/stimuli/shaping_categories_box5/reward/WH_Stim_2.wav"
"2017-04-19 14:49:23,468","INFO","Supplying reward for 12.00 seconds"
"2017-04-19 14:50:33,113","INFO","Trial 175 - 14:50:33 - Rewarded - /home/fet/stimuli/shaping_categories_box5/reward/WH_Stim_1.wav"
"2017-04-19 14:50:39,121","INFO","Supplying reward for 12.00 seconds"
"2017-04-19 15:18:23,826","INFO","Trial 176 - 15:18:23 - Rewarded - /home/fet/stimuli/shaping_categories_box5/reward/WH_Stim_2.wav"
"2017-04-19 15:18:29,834","INFO","Supplying reward for 12.00 seconds"
"2017-04-19 15:19:05,327","INFO","Trial 177 - 15:19:05 - Rewarded - /home/fet/stimuli/shaping_categories_box5/reward/WH_Stim_2.wav"
"2017-04-19 15:19:11,335","INFO","Supplying reward for 12.00 seconds"
"2017-04-19 15:19:55,341","INFO","Trial 178 - 15:19:55 - Rewarded - /home/fet/stimuli/shaping_categories_box5/reward/WH_Stim_1.wav"
"2017-04-19 15:19:55,904","INFO","Trial 179 - 15:19:55 - Rewarded - /home/fet/stimuli/shaping_categories_box5/reward/WH_Stim_1.wav"
"2017-04-19 15:19:56,198","INFO","Trial 180 - 15:19:56 - Rewarded - /home/fet/stimuli/shaping_categories_box5/reward/WH_Stim_2.wav"
"2017-04-19 15:19:56,390","INFO","Trial 181 - 15:19:56 - Rewarded - /home/fet/stimuli/shaping_categories_box5/reward/WH_Stim_1.wav"
"2017-04-19 15:19:56,505","INFO","Trial 182 - 15:19:56 - Rewarded - /home/fet/stimuli/shaping_categories_box5/reward/WH_Stim_2.wav"
"2017-04-19 15:20:02,514","INFO","Supplying reward for 12.00 seconds"
"2017-04-19 15:21:00,140","INFO","Trial 183 - 15:21:00 - Rewarded - /home/fet/stimuli/shaping_categories_box5/reward/WH_Stim_2.wav"
"2017-04-19 15:21:00,362","INFO","Trial 184 - 15:21:00 - Rewarded - /home/fet/stimuli/shaping_categories_box5/reward/WH_Stim_1.wav"
"2017-04-19 15:21:00,925","INFO","Trial 185 - 15:21:00 - Rewarded - /home/fet/stimuli/shaping_categories_box5/reward/WH_Stim_1.wav"
"2017-04-19 15:21:06,932","INFO","Supplying reward for 12.00 seconds"
"2017-04-19 15:21:45,469","INFO","Trial 186 - 15:21:45 - Rewarded - /home/fet/stimuli/shaping_categories_box5/reward/WH_Stim_2.wav"
"2017-04-19 15:21:45,659","INFO","Trial 187 - 15:21:45 - Rewarded - /home/fet/stimuli/shaping_categories_box5/reward/WH_Stim_2.wav"
"2017-04-19 15:21:45,811","INFO","Trial 188 - 15:21:45 - Rewarded - /home/fet/stimuli/shaping_categories_box5/reward/WH_Stim_1.wav"
"2017-04-19 15:21:51,819","INFO","Supplying reward for 12.00 seconds"
"2017-04-19 15:22:23,982","INFO","Trial 189 - 15:22:23 - Rewarded - /home/fet/stimuli/shaping_categories_box5/reward/WH_Stim_1.wav"
"2017-04-19 15:22:29,993","INFO","Supplying reward for 12.00 seconds"
"2017-04-19 15:22:52,557","INFO","Trial 190 - 15:22:52 - Rewarded - /home/fet/stimuli/shaping_categories_box5/reward/WH_Stim_2.wav"
"2017-04-19 15:22:52,730","INFO","Trial 191 - 15:22:52 - Rewarded - /home/fet/stimuli/shaping_categories_box5/reward/WH_Stim_2.wav"
"2017-04-19 15:22:58,737","INFO","Supplying reward for 12.00 seconds"
"2017-04-19 15:24:12,839","INFO","Trial 192 - 15:24:12 - Rewarded - /home/fet/stimuli/shaping_categories_box5/reward/WH_Stim_1.wav"
"2017-04-19 15:24:13,004","INFO","Trial 193 - 15:24:13 - Rewarded - /home/fet/stimuli/shaping_categories_box5/reward/WH_Stim_2.wav"
"2017-04-19 15:24:13,156","INFO","Trial 194 - 15:24:13 - Rewarded - /home/fet/stimuli/shaping_categories_box5/reward/WH_Stim_1.wav"
"2017-04-19 15:24:19,164","INFO","Supplying reward for 12.00 seconds"
"2017-04-19 15:24:52,916","INFO","Trial 195 - 15:24:52 - Rewarded - /home/fet/stimuli/shaping_categories_box5/reward/WH_Stim_1.wav"
"2017-04-19 15:24:53,368","INFO","Trial 196 - 15:24:53 - Rewarded - /home/fet/stimuli/shaping_categories_box5/reward/WH_Stim_2.wav"
"2017-04-19 15:24:53,549","INFO","Trial 197 - 15:24:53 - Rewarded - /home/fet/stimuli/shaping_categories_box5/reward/WH_Stim_2.wav"
"2017-04-19 15:24:53,872","INFO","Trial 198 - 15:24:53 - Rewarded - /home/fet/stimuli/shaping_categories_box5/reward/WH_Stim_1.wav"
"2017-04-19 15:24:54,069","INFO","Trial 199 - 15:24:54 - Rewarded - /home/fet/stimuli/shaping_categories_box5/reward/WH_Stim_1.wav"
"2017-04-19 15:24:54,197","INFO","Trial 200 - 15:24:54 - Rewarded - /home/fet/stimuli/shaping_categories_box5/reward/WH_Stim_2.wav"
"2017-04-19 15:24:54,351","INFO","Trial 201 - 15:24:54 - Rewarded - /home/fet/stimuli/shaping_categories_box5/reward/WH_Stim_1.wav"
"2017-04-19 15:24:55,051","INFO","Trial 202 - 15:24:55 - Rewarded - /home/fet/stimuli/shaping_categories_box5/reward/WH_Stim_2.wav"
"2017-04-19 15:25:01,060","INFO","Supplying reward for 12.00 seconds"
"2017-04-19 15:25:53,617","INFO","Trial 203 - 15:25:53 - Rewarded - /home/fet/stimuli/shaping_categories_box5/reward/WH_Stim_2.wav"
"2017-04-19 15:25:53,803","INFO","Trial 204 - 15:25:53 - Rewarded - /home/fet/stimuli/shaping_categories_box5/reward/WH_Stim_1.wav"
"2017-04-19 15:25:53,950","INFO","Trial 205 - 15:25:53 - Rewarded - /home/fet/stimuli/shaping_categories_box5/reward/WH_Stim_1.wav"
"2017-04-19 15:25:54,077","INFO","Trial 206 - 15:25:54 - Rewarded - /home/fet/stimuli/shaping_categories_box5/reward/WH_Stim_2.wav"
"2017-04-19 15:25:54,228","INFO","Trial 207 - 15:25:54 - Rewarded - /home/fet/stimuli/shaping_categories_box5/reward/WH_Stim_1.wav"
"2017-04-19 15:25:54,405","INFO","Trial 208 - 15:25:54 - Rewarded - /home/fet/stimuli/shaping_categories_box5/reward/WH_Stim_2.wav"
"2017-04-19 15:25:56,931","INFO","Trial 209 - 15:25:56 - Rewarded - /home/fet/stimuli/shaping_categories_box5/reward/WH_Stim_1.wav"
"2017-04-19 15:25:57,088","INFO","Trial 210 - 15:25:57 - Rewarded - /home/fet/stimuli/shaping_categories_box5/reward/WH_Stim_2.wav"
"2017-04-19 15:25:57,382","INFO","Trial 211 - 15:25:57 - Rewarded - /home/fet/stimuli/shaping_categories_box5/reward/WH_Stim_1.wav"
"2017-04-19 15:25:57,697","INFO","Trial 212 - 15:25:57 - Rewarded - /home/fet/stimuli/shaping_categories_box5/reward/WH_Stim_2.wav"
"2017-04-19 15:25:57,828","INFO","Trial 213 - 15:25:57 - Rewarded - /home/fet/stimuli/shaping_categories_box5/reward/WH_Stim_1.wav"
"2017-04-19 15:25:57,992","INFO","Trial 214 - 15:25:57 - Rewarded - /home/fet/stimuli/shaping_categories_box5/reward/WH_Stim_2.wav"
"2017-04-19 15:26:03,999","INFO","Supplying reward for 12.00 seconds"
"2017-04-19 15:26:42,047","INFO","Trial 215 - 15:26:42 - Rewarded - /home/fet/stimuli/shaping_categories_box5/reward/WH_Stim_1.wav"
"2017-04-19 15:26:42,250","INFO","Trial 216 - 15:26:42 - Rewarded - /home/fet/stimuli/shaping_categories_box5/reward/WH_Stim_2.wav"
"2017-04-19 15:26:42,565","INFO","Trial 217 - 15:26:42 - Rewarded - /home/fet/stimuli/shaping_categories_box5/reward/WH_Stim_2.wav"
"2017-04-19 15:26:45,173","INFO","Trial 218 - 15:26:45 - Rewarded - /home/fet/stimuli/shaping_categories_box5/reward/WH_Stim_1.wav"
"2017-04-19 15:26:51,179","INFO","Supplying reward for 12.00 seconds"
"2017-04-19 15:27:32,969","INFO","Trial 219 - 15:27:32 - Rewarded - /home/fet/stimuli/shaping_categories_box5/reward/WH_Stim_2.wav"
"2017-04-19 15:27:33,191","INFO","Trial 220 - 15:27:33 - Rewarded - /home/fet/stimuli/shaping_categories_box5/reward/WH_Stim_1.wav"
"2017-04-19 15:27:39,198","INFO","Supplying reward for 12.00 seconds"
"2017-04-19 15:27:59,361","INFO","Trial 221 - 15:27:59 - Rewarded - /home/fet/stimuli/shaping_categories_box5/reward/WH_Stim_1.wav"
"2017-04-19 15:27:59,686","INFO","Trial 222 - 15:27:59 - Rewarded - /home/fet/stimuli/shaping_categories_box5/reward/WH_Stim_2.wav"
"2017-04-19 15:27:59,829","INFO","Trial 223 - 15:27:59 - Rewarded - /home/fet/stimuli/shaping_categories_box5/reward/WH_Stim_2.wav"
"2017-04-19 15:27:59,969","INFO","Trial 224 - 15:27:59 - Rewarded - /home/fet/stimuli/shaping_categories_box5/reward/WH_Stim_1.wav"
"2017-04-19 15:28:00,095","INFO","Trial 225 - 15:28:00 - Rewarded - /home/fet/stimuli/shaping_categories_box5/reward/WH_Stim_1.wav"
"2017-04-19 15:28:00,239","INFO","Trial 226 - 15:28:00 - Rewarded - /home/fet/stimuli/shaping_categories_box5/reward/WH_Stim_2.wav"
"2017-04-19 15:28:02,048","INFO","Trial 227 - 15:28:02 - Rewarded - /home/fet/stimuli/shaping_categories_box5/reward/WH_Stim_2.wav"
"2017-04-19 15:28:02,212","INFO","Trial 228 - 15:28:02 - Rewarded - /home/fet/stimuli/shaping_categories_box5/reward/WH_Stim_1.wav"
"2017-04-19 15:28:02,406","INFO","Trial 229 - 15:28:02 - Rewarded - /home/fet/stimuli/shaping_categories_box5/reward/WH_Stim_2.wav"
"2017-04-19 15:28:08,411","INFO","Supplying reward for 12.00 seconds"
"2017-04-19 15:29:05,221","INFO","Trial 230 - 15:29:05 - Rewarded - /home/fet/stimuli/shaping_categories_box5/reward/WH_Stim_1.wav"
"2017-04-19 15:29:06,778","INFO","Trial 231 - 15:29:06 - Rewarded - /home/fet/stimuli/shaping_categories_box5/reward/WH_Stim_1.wav"
"2017-04-19 15:29:07,078","INFO","Trial 232 - 15:29:07 - Rewarded - /home/fet/stimuli/shaping_categories_box5/reward/WH_Stim_2.wav"
"2017-04-19 15:29:07,290","INFO","Trial 233 - 15:29:07 - Rewarded - /home/fet/stimuli/shaping_categories_box5/reward/WH_Stim_2.wav"
"2017-04-19 15:29:07,516","INFO","Trial 234 - 15:29:07 - Rewarded - /home/fet/stimuli/shaping_categories_box5/reward/WH_Stim_1.wav"
"2017-04-19 15:29:13,524","INFO","Supplying reward for 12.00 seconds"
"2017-04-19 15:29:45,196","INFO","Trial 235 - 15:29:45 - Rewarded - /home/fet/stimuli/shaping_categories_box5/reward/WH_Stim_1.wav"
"2017-04-19 15:29:45,333","INFO","Trial 236 - 15:29:45 - Rewarded - /home/fet/stimuli/shaping_categories_box5/reward/WH_Stim_2.wav"
"2017-04-19 15:29:45,476","INFO","Trial 237 - 15:29:45 - Rewarded - /home/fet/stimuli/shaping_categories_box5/reward/WH_Stim_1.wav"
"2017-04-19 15:29:51,484","INFO","Supplying reward for 12.00 seconds"
"2017-04-19 15:30:25,871","INFO","Trial 238 - 15:30:25 - Rewarded - /home/fet/stimuli/shaping_categories_box5/reward/WH_Stim_2.wav"
"2017-04-19 15:30:31,879","INFO","Supplying reward for 12.00 seconds"
"2017-04-19 15:32:03,175","INFO","Trial 239 - 15:32:03 - Rewarded - /home/fet/stimuli/shaping_categories_box5/reward/WH_Stim_2.wav"
"2017-04-19 15:32:09,184","INFO","Supplying reward for 12.00 seconds"
"2017-04-19 15:32:18,340","INFO","Trial 240 - 15:32:18 - Rewarded - /home/fet/stimuli/shaping_categories_box5/reward/WH_Stim_1.wav"
"2017-04-19 15:32:24,349","INFO","Supplying reward for 12.00 seconds"
"2017-04-19 15:32:45,823","INFO","Trial 241 - 15:32:45 - Rewarded - /home/fet/stimuli/shaping_categories_box5/reward/WH_Stim_2.wav"
"2017-04-19 15:32:46,017","INFO","Trial 242 - 15:32:46 - Rewarded - /home/fet/stimuli/shaping_categories_box5/reward/WH_Stim_1.wav"
"2017-04-19 15:32:46,313","INFO","Trial 243 - 15:32:46 - Rewarded - /home/fet/stimuli/shaping_categories_box5/reward/WH_Stim_2.wav"
"2017-04-19 15:32:52,321","INFO","Supplying reward for 12.00 seconds"
"2017-04-19 15:33:17,220","INFO","Trial 244 - 15:33:17 - Rewarded - /home/fet/stimuli/shaping_categories_box5/reward/WH_Stim_1.wav"
"2017-04-19 15:33:17,439","INFO","Trial 245 - 15:33:17 - Rewarded - /home/fet/stimuli/shaping_categories_box5/reward/WH_Stim_1.wav"
"2017-04-19 15:33:17,684","INFO","Trial 246 - 15:33:17 - Rewarded - /home/fet/stimuli/shaping_categories_box5/reward/WH_Stim_2.wav"
"2017-04-19 15:33:17,877","INFO","Trial 247 - 15:33:17 - Rewarded - /home/fet/stimuli/shaping_categories_box5/reward/WH_Stim_2.wav"
"2017-04-19 15:33:18,029","INFO","Trial 248 - 15:33:18 - Rewarded - /home/fet/stimuli/shaping_categories_box5/reward/WH_Stim_1.wav"
"2017-04-19 15:33:18,160","INFO","Trial 249 - 15:33:18 - Rewarded - /home/fet/stimuli/shaping_categories_box5/reward/WH_Stim_1.wav"
"2017-04-19 15:33:18,369","INFO","Trial 250 - 15:33:18 - Rewarded - /home/fet/stimuli/shaping_categories_box5/reward/WH_Stim_2.wav"
"2017-04-19 15:33:18,496","INFO","Trial 251 - 15:33:18 - Rewarded - /home/fet/stimuli/shaping_categories_box5/reward/WH_Stim_1.wav"
"2017-04-19 15:33:18,652","INFO","Trial 252 - 15:33:18 - Rewarded - /home/fet/stimuli/shaping_categories_box5/reward/WH_Stim_2.wav"
"2017-04-19 15:33:18,828","INFO","Trial 253 - 15:33:18 - Rewarded - /home/fet/stimuli/shaping_categories_box5/reward/WH_Stim_1.wav"
"2017-04-19 15:33:18,975","INFO","Trial 254 - 15:33:18 - Rewarded - /home/fet/stimuli/shaping_categories_box5/reward/WH_Stim_2.wav"
"2017-04-19 15:33:19,491","INFO","Trial 255 - 15:33:19 - Rewarded - /home/fet/stimuli/shaping_categories_box5/reward/WH_Stim_1.wav"
"2017-04-19 15:33:19,635","INFO","Trial 256 - 15:33:19 - Rewarded - /home/fet/stimuli/shaping_categories_box5/reward/WH_Stim_2.wav"
"2017-04-19 15:33:19,746","INFO","Trial 257 - 15:33:19 - Rewarded - /home/fet/stimuli/shaping_categories_box5/reward/WH_Stim_2.wav"
"2017-04-19 15:33:22,355","INFO","Trial 258 - 15:33:22 - Rewarded - /home/fet/stimuli/shaping_categories_box5/reward/WH_Stim_1.wav"
"2017-04-19 15:33:22,516","INFO","Trial 259 - 15:33:22 - Rewarded - /home/fet/stimuli/shaping_categories_box5/reward/WH_Stim_2.wav"
"2017-04-19 15:33:28,524","INFO","Supplying reward for 12.00 seconds"
"2017-04-19 15:34:00,602","INFO","Trial 260 - 15:34:00 - Rewarded - /home/fet/stimuli/shaping_categories_box5/reward/WH_Stim_1.wav"
"2017-04-19 15:34:00,738","INFO","Trial 261 - 15:34:00 - Rewarded - /home/fet/stimuli/shaping_categories_box5/reward/WH_Stim_1.wav"
"2017-04-19 15:34:06,744","INFO","Supplying reward for 12.00 seconds"
"2017-04-19 15:34:34,791","INFO","Trial 262 - 15:34:34 - Rewarded - /home/fet/stimuli/shaping_categories_box5/reward/WH_Stim_2.wav"
"2017-04-19 15:34:40,798","INFO","Supplying reward for 12.00 seconds"
"2017-04-19 15:35:14,891","INFO","Trial 263 - 15:35:14 - Rewarded - /home/fet/stimuli/shaping_categories_box5/reward/WH_Stim_1.wav"
"2017-04-19 15:35:15,080","INFO","Trial 264 - 15:35:15 - Rewarded - /home/fet/stimuli/shaping_categories_box5/reward/WH_Stim_2.wav"
"2017-04-19 15:35:21,088","INFO","Supplying reward for 12.00 seconds"
"2017-04-19 15:35:45,635","INFO","Trial 265 - 15:35:45 - Rewarded - /home/fet/stimuli/shaping_categories_box5/reward/WH_Stim_1.wav"
"2017-04-19 15:35:45,775","INFO","Trial 266 - 15:35:45 - Rewarded - /home/fet/stimuli/shaping_categories_box5/reward/WH_Stim_2.wav"
"2017-04-19 15:35:45,906","INFO","Trial 267 - 15:35:45 - Rewarded - /home/fet/stimuli/shaping_categories_box5/reward/WH_Stim_2.wav"
"2017-04-19 15:35:51,912","INFO","Supplying reward for 12.00 seconds"
"2017-04-19 15:37:19,937","INFO","Trial 268 - 15:37:19 - Rewarded - /home/fet/stimuli/shaping_categories_box5/reward/WH_Stim_1.wav"
"2017-04-19 15:37:20,098","INFO","Trial 269 - 15:37:20 - Rewarded - /home/fet/stimuli/shaping_categories_box5/reward/WH_Stim_1.wav"
"2017-04-19 15:37:26,106","INFO","Supplying reward for 12.00 seconds"
"2017-04-19 15:37:49,699","INFO","Trial 270 - 15:37:49 - Rewarded - /home/fet/stimuli/shaping_categories_box5/reward/WH_Stim_2.wav"
"2017-04-19 15:37:49,856","INFO","Trial 271 - 15:37:49 - Rewarded - /home/fet/stimuli/shaping_categories_box5/reward/WH_Stim_2.wav"
"2017-04-19 15:37:52,682","INFO","Trial 272 - 15:37:52 - Rewarded - /home/fet/stimuli/shaping_categories_box5/reward/WH_Stim_1.wav"
"2017-04-19 15:37:54,214","INFO","Trial 273 - 15:37:54 - Rewarded - /home/fet/stimuli/shaping_categories_box5/reward/WH_Stim_2.wav"
"2017-04-19 15:37:54,362","INFO","Trial 274 - 15:37:54 - Rewarded - /home/fet/stimuli/shaping_categories_box5/reward/WH_Stim_1.wav"
"2017-04-19 15:38:00,370","INFO","Supplying reward for 12.00 seconds"
"2017-04-19 15:38:57,368","INFO","Trial 275 - 15:38:57 - Rewarded - /home/fet/stimuli/shaping_categories_box5/reward/WH_Stim_2.wav"
"2017-04-19 15:38:57,591","INFO","Trial 276 - 15:38:57 - Rewarded - /home/fet/stimuli/shaping_categories_box5/reward/WH_Stim_1.wav"
"2017-04-19 15:38:59,115","INFO","Trial 277 - 15:38:59 - Rewarded - /home/fet/stimuli/shaping_categories_box5/reward/WH_Stim_1.wav"
"2017-04-19 15:39:04,149","INFO","Trial 278 - 15:39:04 - Rewarded - /home/fet/stimuli/shaping_categories_box5/reward/WH_Stim_2.wav"
"2017-04-19 15:39:04,314","INFO","Trial 279 - 15:39:04 - Rewarded - /home/fet/stimuli/shaping_categories_box5/reward/WH_Stim_1.wav"
"2017-04-19 15:39:04,461","INFO","Trial 280 - 15:39:04 - Rewarded - /home/fet/stimuli/shaping_categories_box5/reward/WH_Stim_2.wav"
"2017-04-19 15:39:04,944","INFO","Trial 281 - 15:39:04 - Rewarded - /home/fet/stimuli/shaping_categories_box5/reward/WH_Stim_1.wav"
"2017-04-19 15:39:05,435","INFO","Trial 282 - 15:39:05 - Rewarded - /home/fet/stimuli/shaping_categories_box5/reward/WH_Stim_2.wav"
"2017-04-19 15:39:11,443","INFO","Supplying reward for 12.00 seconds"
"2017-04-19 15:39:49,352","INFO","Trial 283 - 15:39:49 - Rewarded - /home/fet/stimuli/shaping_categories_box5/reward/WH_Stim_1.wav"
"2017-04-19 15:39:55,360","INFO","Supplying reward for 12.00 seconds"
"2017-04-19 15:41:38,773","INFO","Trial 284 - 15:41:38 - Rewarded - /home/fet/stimuli/shaping_categories_box5/reward/WH_Stim_2.wav"
"2017-04-19 15:41:38,946","INFO","Trial 285 - 15:41:38 - Rewarded - /home/fet/stimuli/shaping_categories_box5/reward/WH_Stim_1.wav"
"2017-04-19 15:41:44,954","INFO","Supplying reward for 12.00 seconds"
"2017-04-19 15:43:28,661","INFO","Trial 286 - 15:43:28 - Rewarded - /home/fet/stimuli/shaping_categories_box5/reward/WH_Stim_2.wav"
"2017-04-19 15:43:34,667","INFO","Supplying reward for 12.00 seconds"
"2017-04-19 15:45:16,251","INFO","Trial 287 - 15:45:16 - Rewarded - /home/fet/stimuli/shaping_categories_box5/reward/WH_Stim_1.wav"
"2017-04-19 15:45:16,428","INFO","Trial 288 - 15:45:16 - Rewarded - /home/fet/stimuli/shaping_categories_box5/reward/WH_Stim_2.wav"
"2017-04-19 15:45:16,597","INFO","Trial 289 - 15:45:16 - Rewarded - /home/fet/stimuli/shaping_categories_box5/reward/WH_Stim_2.wav"
"2017-04-19 15:45:22,605","INFO","Supplying reward for 12.00 seconds"
"2017-04-19 15:46:12,381","INFO","Trial 290 - 15:46:12 - Rewarded - /home/fet/stimuli/shaping_categories_box5/reward/WH_Stim_1.wav"
"2017-04-19 15:46:18,386","INFO","Supplying reward for 12.00 seconds"
"2017-04-19 15:47:05,316","INFO","Trial 291 - 15:47:05 - Rewarded - /home/fet/stimuli/shaping_categories_box5/reward/WH_Stim_1.wav"
"2017-04-19 15:47:11,322","INFO","Supplying reward for 12.00 seconds"
"2017-04-19 15:47:48,808","INFO","Trial 292 - 15:47:48 - Rewarded - /home/fet/stimuli/shaping_categories_box5/reward/WH_Stim_2.wav"
"2017-04-19 15:47:49,276","INFO","Trial 293 - 15:47:49 - Rewarded - /home/fet/stimuli/shaping_categories_box5/reward/WH_Stim_2.wav"
"2017-04-19 15:47:50,082","INFO","Trial 294 - 15:47:50 - Rewarded - /home/fet/stimuli/shaping_categories_box5/reward/WH_Stim_1.wav"
"2017-04-19 15:47:56,088","INFO","Supplying reward for 12.00 seconds"
"2017-04-19 15:48:22,484","INFO","Trial 295 - 15:48:22 - Rewarded - /home/fet/stimuli/shaping_categories_box5/reward/WH_Stim_1.wav"
"2017-04-19 15:48:28,491","INFO","Supplying reward for 12.00 seconds"
"2017-04-19 15:48:55,876","INFO","Trial 296 - 15:48:55 - Rewarded - /home/fet/stimuli/shaping_categories_box5/reward/WH_Stim_2.wav"
"2017-04-19 15:49:01,884","INFO","Supplying reward for 12.00 seconds"
"2017-04-19 15:49:48,395","INFO","Trial 297 - 15:49:48 - Rewarded - /home/fet/stimuli/shaping_categories_box5/reward/WH_Stim_1.wav"
"2017-04-19 15:49:54,404","INFO","Supplying reward for 12.00 seconds"
"2017-04-19 15:52:32,279","INFO","Trial 298 - 15:52:32 - Rewarded - /home/fet/stimuli/shaping_categories_box5/reward/WH_Stim_2.wav"
"2017-04-19 15:52:38,284","INFO","Supplying reward for 12.00 seconds"
"2017-04-19 15:53:36,793","INFO","Trial 299 - 15:53:36 - Rewarded - /home/fet/stimuli/shaping_categories_box5/reward/WH_Stim_2.wav"
"2017-04-19 15:53:42,798","INFO","Supplying reward for 12.00 seconds"
"2017-04-19 15:55:12,556","INFO","Trial 300 - 15:55:12 - Rewarded - /home/fet/stimuli/shaping_categories_box5/reward/WH_Stim_1.wav"
"2017-04-19 15:55:18,564","INFO","Supplying reward for 12.00 seconds"
"2017-04-19 16:06:03,373","INFO","Trial 301 - 16:06:03 - Rewarded - /home/fet/stimuli/shaping_categories_box5/reward/WH_Stim_1.wav"
"2017-04-19 16:06:09,381","INFO","Supplying reward for 12.00 seconds"
"2017-04-19 16:09:50,741","INFO","Trial 302 - 16:09:50 - Rewarded - /home/fet/stimuli/shaping_categories_box5/reward/WH_Stim_2.wav"
"2017-04-19 16:09:50,992","INFO","Trial 303 - 16:09:50 - Rewarded - /home/fet/stimuli/shaping_categories_box5/reward/WH_Stim_2.wav"
"2017-04-19 16:09:57,000","INFO","Supplying reward for 12.00 seconds"
"2017-04-19 16:11:04,700","INFO","Trial 304 - 16:11:04 - Rewarded - /home/fet/stimuli/shaping_categories_box5/reward/WH_Stim_1.wav"
"2017-04-19 16:11:10,705","INFO","Supplying reward for 12.00 seconds"
"2017-04-19 16:11:58,962","INFO","Trial 305 - 16:11:58 - Rewarded - /home/fet/stimuli/shaping_categories_box5/reward/WH_Stim_2.wav"
"2017-04-19 16:12:04,971","INFO","Supplying reward for 12.00 seconds"
"2017-04-19 16:40:09,474","INFO","Finishing session 1 at Wed Apr 19 16:40:09 2017"
"2017-04-19 16:40:09,474","INFO","Finished all sessions."
"2017-04-19 16:40:09,781","INFO","Exiting Session state"
"2017-04-19 16:40:09,781","INFO","Finishing experiment"
"2017-04-19 16:40:10,088","INFO","Exiting Idle state"
