2017-02-22 09:45:48.208847	PeckPort	off	None
2017-02-22 09:45:48.209006	HouseLight	on	None
2017-02-22 09:45:48.209139	Hopper	down	None
2017-02-22 09:45:48.515556	Hopper	down	None
2017-02-22 09:45:48.818447	HouseLight	on	None
2017-02-22 09:45:48.818638	PeckPort	on	None
2017-02-22 09:46:14.900939	Trial	start	1
2017-02-22 09:46:14.905117	Speaker	play	None
2017-02-22 09:46:20.909930	Speaker	stop	None
2017-02-22 09:46:20.911047	Trial	end	1
2017-02-22 09:47:05.640806	Trial	start	2
2017-02-22 09:47:05.643937	Speaker	play	None
2017-02-22 09:47:05.698247	Speaker	stop	None
2017-02-22 09:47:05.698828	Trial	end	2
2017-02-22 09:47:05.699390	Trial	start	3
2017-02-22 09:47:05.701232	Speaker	play	None
2017-02-22 09:47:11.706904	Speaker	stop	None
2017-02-22 09:47:11.707534	Trial	end	3
2017-02-22 09:47:28.274666	Trial	start	4
2017-02-22 09:47:28.276724	Speaker	play	None
2017-02-22 09:47:28.323938	Speaker	stop	None
2017-02-22 09:47:28.324525	Trial	end	4
2017-02-22 09:47:28.325053	Trial	start	5
2017-02-22 09:47:28.326739	Speaker	play	None
2017-02-22 09:47:34.332556	Speaker	stop	None
2017-02-22 09:47:34.333185	Trial	end	5
2017-02-22 09:47:46.255485	Trial	start	6
2017-02-22 09:47:46.257719	Speaker	play	None
2017-02-22 09:47:46.308897	Speaker	stop	None
2017-02-22 09:47:46.309498	Trial	end	6
2017-02-22 09:47:46.310183	Trial	start	7
2017-02-22 09:47:46.312264	Speaker	play	None
2017-02-22 09:47:52.317475	Speaker	stop	None
2017-02-22 09:47:52.318061	Trial	end	7
2017-02-22 09:47:54.553754	Trial	start	8
2017-02-22 09:47:54.555611	Speaker	play	None
2017-02-22 09:48:00.558396	Speaker	stop	None
2017-02-22 09:48:00.558946	Trial	end	8
2017-02-22 09:48:03.798141	Trial	start	9
2017-02-22 09:48:03.800756	Speaker	play	None
2017-02-22 09:48:03.851522	Speaker	stop	None
2017-02-22 09:48:03.852070	Trial	end	9
2017-02-22 09:48:03.852694	Trial	start	10
2017-02-22 09:48:03.854469	Speaker	play	None
2017-02-22 09:48:09.860042	Speaker	stop	None
2017-02-22 09:48:09.860613	Trial	end	10
2017-02-22 09:48:11.404172	Trial	start	11
2017-02-22 09:48:11.406242	Speaker	play	None
2017-02-22 09:48:11.457540	Speaker	stop	None
2017-02-22 09:48:11.458159	Trial	end	11
2017-02-22 09:48:11.458695	Trial	start	12
2017-02-22 09:48:11.460644	Speaker	play	None
2017-02-22 09:48:17.466144	Speaker	stop	None
2017-02-22 09:48:17.467014	Hopper	up	None
2017-02-22 09:48:29.471277	Hopper	down	None
2017-02-22 09:48:29.774272	Trial	end	12
2017-02-22 09:50:09.770692	Trial	start	13
2017-02-22 09:50:09.772787	Speaker	play	None
2017-02-22 09:50:09.828147	Speaker	stop	None
2017-02-22 09:50:09.829400	Trial	end	13
2017-02-22 09:50:09.830178	Trial	start	14
2017-02-22 09:50:09.832942	Speaker	play	None
2017-02-22 09:50:15.341079	Speaker	stop	None
2017-02-22 09:50:15.341650	Trial	end	14
2017-02-22 09:50:15.342229	Trial	start	15
2017-02-22 09:50:15.344024	Speaker	play	None
2017-02-22 09:50:15.390225	Speaker	stop	None
2017-02-22 09:50:15.390751	Trial	end	15
2017-02-22 09:50:15.391332	Trial	start	16
2017-02-22 09:50:15.393216	Speaker	play	None
2017-02-22 09:50:21.398962	Speaker	stop	None
2017-02-22 09:50:21.400029	Hopper	up	None
2017-02-22 09:50:33.403701	Hopper	down	None
2017-02-22 09:50:33.706828	Trial	end	16
2017-02-22 09:51:38.638523	Trial	start	17
2017-02-22 09:51:38.641557	Speaker	play	None
2017-02-22 09:51:38.691823	Speaker	stop	None
2017-02-22 09:51:38.692444	Trial	end	17
2017-02-22 09:51:38.693202	Trial	start	18
2017-02-22 09:51:38.695641	Speaker	play	None
2017-02-22 09:51:44.700336	Speaker	stop	None
2017-02-22 09:51:44.701317	Trial	end	18
2017-02-22 09:51:52.494719	Trial	start	19
2017-02-22 09:51:52.496766	Speaker	play	None
2017-02-22 09:51:58.500242	Speaker	stop	None
2017-02-22 09:51:58.501302	Trial	end	19
2017-02-22 09:52:04.384888	Trial	start	20
2017-02-22 09:52:04.387571	Speaker	play	None
2017-02-22 09:52:04.434228	Speaker	stop	None
2017-02-22 09:52:04.434968	Trial	end	20
2017-02-22 09:52:04.435686	Trial	start	21
2017-02-22 09:52:04.438190	Speaker	play	None
2017-02-22 09:52:10.442790	Speaker	stop	None
2017-02-22 09:52:10.443752	Hopper	up	None
2017-02-22 09:52:22.447635	Hopper	down	None
2017-02-22 09:52:22.750662	Trial	end	21
2017-02-22 09:53:45.793963	Trial	start	22
2017-02-22 09:53:45.796032	Speaker	play	None
2017-02-22 09:53:45.847271	Speaker	stop	None
2017-02-22 09:53:45.847826	Trial	end	22
2017-02-22 09:53:45.848545	Trial	start	23
2017-02-22 09:53:45.851058	Speaker	play	None
2017-02-22 09:53:51.855908	Speaker	stop	None
2017-02-22 09:53:51.856813	Hopper	up	None
2017-02-22 09:54:03.860856	Hopper	down	None
2017-02-22 09:54:04.163843	Trial	end	23
2017-02-22 09:55:14.083888	Trial	start	24
2017-02-22 09:55:14.086301	Speaker	play	None
2017-02-22 09:55:14.137246	Speaker	stop	None
2017-02-22 09:55:14.137759	Trial	end	24
2017-02-22 09:55:14.138426	Trial	start	25
2017-02-22 09:55:14.140260	Speaker	play	None
2017-02-22 09:55:20.145817	Speaker	stop	None
2017-02-22 09:55:20.146408	Trial	end	25
2017-02-22 09:55:24.843763	Trial	start	26
2017-02-22 09:55:24.846783	Speaker	play	None
2017-02-22 09:55:30.852396	Speaker	stop	None
2017-02-22 09:55:30.852993	Trial	end	26
2017-02-22 09:55:38.818728	Trial	start	27
2017-02-22 09:55:38.821414	Speaker	play	None
2017-02-22 09:55:44.827311	Speaker	stop	None
2017-02-22 09:55:44.827851	Trial	end	27
2017-02-22 09:55:59.310183	Trial	start	28
2017-02-22 09:55:59.312193	Speaker	play	None
2017-02-22 09:56:05.314798	Speaker	stop	None
2017-02-22 09:56:05.315482	Trial	end	28
2017-02-22 09:56:17.397431	Trial	start	29
2017-02-22 09:56:17.400092	Speaker	play	None
2017-02-22 09:56:23.406041	Speaker	stop	None
2017-02-22 09:56:23.406815	Trial	end	29
2017-02-22 09:56:28.443852	Trial	start	30
2017-02-22 09:56:28.446083	Speaker	play	None
2017-02-22 09:56:34.452535	Speaker	stop	None
2017-02-22 09:56:34.453155	Trial	end	30
2017-02-22 09:56:37.700507	Trial	start	31
2017-02-22 09:56:37.708990	Speaker	play	None
2017-02-22 09:56:43.713161	Speaker	stop	None
2017-02-22 09:56:43.713700	Trial	end	31
2017-02-22 09:57:26.702976	Trial	start	32
2017-02-22 09:57:26.705016	Speaker	play	None
2017-02-22 09:57:32.707511	Speaker	stop	None
2017-02-22 09:57:32.708108	Trial	end	32
2017-02-22 09:57:41.685502	Trial	start	33
2017-02-22 09:57:41.687531	Speaker	play	None
2017-02-22 09:57:47.690126	Speaker	stop	None
2017-02-22 09:57:47.690679	Trial	end	33
2017-02-22 09:58:06.149953	Trial	start	34
2017-02-22 09:58:06.151964	Speaker	play	None
2017-02-22 09:58:12.154513	Speaker	stop	None
2017-02-22 09:58:12.155018	Trial	end	34
2017-02-22 09:58:29.217678	Trial	start	35
2017-02-22 09:58:29.219673	Speaker	play	None
2017-02-22 09:58:35.222272	Speaker	stop	None
2017-02-22 09:58:35.222948	Trial	end	35
2017-02-22 09:58:40.489359	Trial	start	36
2017-02-22 09:58:40.491321	Speaker	play	None
2017-02-22 09:58:46.498117	Speaker	stop	None
2017-02-22 09:58:46.498888	Trial	end	36
2017-02-22 09:58:53.288899	Trial	start	37
2017-02-22 09:58:53.290798	Speaker	play	None
2017-02-22 09:58:58.306379	Speaker	stop	None
2017-02-22 09:58:58.306966	Trial	end	37
2017-02-22 09:58:58.309213	Trial	start	38
2017-02-22 09:58:58.311495	Speaker	play	None
2017-02-22 09:59:04.314977	Speaker	stop	None
2017-02-22 09:59:04.315638	Trial	end	38
2017-02-22 09:59:27.038538	Trial	start	39
2017-02-22 09:59:27.041313	Speaker	play	None
2017-02-22 09:59:33.047152	Speaker	stop	None
2017-02-22 09:59:33.047736	Trial	end	39
2017-02-22 09:59:37.437837	Trial	start	40
2017-02-22 09:59:37.440395	Speaker	play	None
2017-02-22 09:59:43.446521	Speaker	stop	None
2017-02-22 09:59:43.447276	Trial	end	40
2017-02-22 09:59:52.973288	Trial	start	41
2017-02-22 09:59:52.975712	Speaker	play	None
2017-02-22 09:59:58.981938	Speaker	stop	None
2017-02-22 09:59:58.982489	Trial	end	41
2017-02-22 10:00:26.890826	Trial	start	42
2017-02-22 10:00:26.892712	Speaker	play	None
2017-02-22 10:00:32.895340	Speaker	stop	None
2017-02-22 10:00:32.895874	Trial	end	42
2017-02-22 10:04:19.824454	Trial	start	43
2017-02-22 10:04:19.827267	Speaker	play	None
2017-02-22 10:04:25.833041	Speaker	stop	None
2017-02-22 10:04:25.833627	Trial	end	43
2017-02-22 10:04:51.902889	Trial	start	44
2017-02-22 10:04:51.905095	Speaker	play	None
2017-02-22 10:04:51.956263	Speaker	stop	None
2017-02-22 10:04:51.956846	Trial	end	44
2017-02-22 10:04:51.957420	Trial	start	45
2017-02-22 10:04:51.959190	Speaker	play	None
2017-02-22 10:04:57.964783	Speaker	stop	None
2017-02-22 10:04:57.965331	Trial	end	45
2017-02-22 10:05:08.765402	Trial	start	46
2017-02-22 10:05:08.767329	Speaker	play	None
2017-02-22 10:05:14.769921	Speaker	stop	None
2017-02-22 10:05:14.770452	Trial	end	46
2017-02-22 10:06:11.218446	Trial	start	47
2017-02-22 10:06:11.220440	Speaker	play	None
2017-02-22 10:06:11.275836	Speaker	stop	None
2017-02-22 10:06:11.276390	Trial	end	47
2017-02-22 10:06:11.277201	Trial	start	48
2017-02-22 10:06:11.279298	Speaker	play	None
2017-02-22 10:06:12.177020	Speaker	stop	None
2017-02-22 10:06:12.177586	Trial	end	48
2017-02-22 10:06:12.178189	Trial	start	49
2017-02-22 10:06:12.180052	Speaker	play	None
2017-02-22 10:06:18.185545	Speaker	stop	None
2017-02-22 10:06:18.186045	Trial	end	49
2017-02-22 10:06:27.261786	Trial	start	50
2017-02-22 10:06:27.264127	Speaker	play	None
2017-02-22 10:06:33.270404	Speaker	stop	None
2017-02-22 10:06:33.270989	Trial	end	50
2017-02-22 10:06:37.263752	Trial	start	51
2017-02-22 10:06:37.265795	Speaker	play	None
2017-02-22 10:06:37.321275	Speaker	stop	None
2017-02-22 10:06:37.321941	Trial	end	51
2017-02-22 10:06:37.322679	Trial	start	52
2017-02-22 10:06:37.325184	Speaker	play	None
2017-02-22 10:06:43.329806	Speaker	stop	None
2017-02-22 10:06:43.330602	Hopper	up	None
2017-02-22 10:06:55.334474	Hopper	down	None
2017-02-22 10:06:55.637665	Trial	end	52
2017-02-22 10:11:34.581349	Trial	start	53
2017-02-22 10:11:34.583378	Speaker	play	None
2017-02-22 10:11:34.634652	Speaker	stop	None
2017-02-22 10:11:34.635246	Trial	end	53
2017-02-22 10:11:34.635791	Trial	start	54
2017-02-22 10:11:34.637692	Speaker	play	None
2017-02-22 10:11:40.642507	Speaker	stop	None
2017-02-22 10:11:40.643117	Trial	end	54
2017-02-22 10:11:53.989398	Trial	start	55
2017-02-22 10:11:53.991403	Speaker	play	None
2017-02-22 10:11:54.038559	Speaker	stop	None
2017-02-22 10:11:54.039101	Trial	end	55
2017-02-22 10:11:54.039712	Trial	start	56
2017-02-22 10:11:54.041621	Speaker	play	None
2017-02-22 10:12:00.046538	Speaker	stop	None
2017-02-22 10:12:00.047103	Trial	end	56
2017-02-22 10:12:14.744944	Trial	start	57
2017-02-22 10:12:14.747403	Speaker	play	None
2017-02-22 10:12:20.752897	Speaker	stop	None
2017-02-22 10:12:20.753469	Trial	end	57
2017-02-22 10:12:31.503357	Trial	start	58
2017-02-22 10:12:31.505379	Speaker	play	None
2017-02-22 10:12:37.511425	Speaker	stop	None
2017-02-22 10:12:37.511983	Trial	end	58
2017-02-22 10:12:45.988847	Trial	start	59
2017-02-22 10:12:45.990812	Speaker	play	None
2017-02-22 10:12:51.997014	Speaker	stop	None
2017-02-22 10:12:51.997784	Trial	end	59
2017-02-22 10:13:19.583858	Trial	start	60
2017-02-22 10:13:19.587001	Speaker	play	None
2017-02-22 10:13:25.592016	Speaker	stop	None
2017-02-22 10:13:25.593033	Hopper	up	None
2017-02-22 10:13:37.595624	Hopper	down	None
2017-02-22 10:13:37.898681	Trial	end	60
2017-02-22 10:16:32.023457	Trial	start	61
2017-02-22 10:16:32.025492	Speaker	play	None
2017-02-22 10:16:38.031607	Speaker	stop	None
2017-02-22 10:16:38.032239	Trial	end	61
2017-02-22 10:16:49.900485	Trial	start	62
2017-02-22 10:16:49.902694	Speaker	play	None
2017-02-22 10:16:55.908750	Speaker	stop	None
2017-02-22 10:16:55.909590	Hopper	up	None
2017-02-22 10:17:07.912735	Hopper	down	None
2017-02-22 10:17:08.215830	Trial	end	62
2017-02-22 10:18:22.706228	Trial	start	63
2017-02-22 10:18:22.709056	Speaker	play	None
2017-02-22 10:18:28.714520	Speaker	stop	None
2017-02-22 10:18:28.715201	Trial	end	63
2017-02-22 10:18:35.681067	Trial	start	64
2017-02-22 10:18:35.684581	Speaker	play	None
2017-02-22 10:18:41.689304	Speaker	stop	None
2017-02-22 10:18:41.689896	Trial	end	64
2017-02-22 10:19:30.910236	Trial	start	65
2017-02-22 10:19:30.912125	Speaker	play	None
2017-02-22 10:19:36.914480	Speaker	stop	None
2017-02-22 10:19:36.915058	Trial	end	65
2017-02-22 12:09:07.012503	Trial	start	66
2017-02-22 12:09:07.014627	Speaker	play	None
2017-02-22 12:09:13.020990	Speaker	stop	None
2017-02-22 12:09:13.021568	Trial	end	66
2017-02-22 12:09:25.058345	Trial	start	67
2017-02-22 12:09:25.060401	Speaker	play	None
2017-02-22 12:09:25.116747	Speaker	stop	None
2017-02-22 12:09:25.117300	Trial	end	67
2017-02-22 12:09:25.118379	Trial	start	68
2017-02-22 12:09:25.121311	Speaker	play	None
2017-02-22 12:09:31.124266	Speaker	stop	None
2017-02-22 12:09:31.125128	Hopper	up	None
2017-02-22 12:09:43.128852	Hopper	down	None
2017-02-22 12:09:43.431975	Trial	end	68
2017-02-22 12:12:56.972621	Trial	start	69
2017-02-22 12:12:56.974587	Speaker	play	None
2017-02-22 12:13:02.976977	Speaker	stop	None
2017-02-22 12:13:02.977540	Trial	end	69
2017-02-22 12:13:10.644149	Trial	start	70
2017-02-22 12:13:10.646822	Speaker	play	None
2017-02-22 12:13:16.652644	Speaker	stop	None
2017-02-22 12:13:16.653223	Trial	end	70
2017-02-22 12:13:18.938173	Trial	start	71
2017-02-22 12:13:18.940249	Speaker	play	None
2017-02-22 12:13:24.946567	Speaker	stop	None
2017-02-22 12:13:24.947275	Hopper	up	None
2017-02-22 12:13:36.951114	Hopper	down	None
2017-02-22 12:13:37.254196	Trial	end	71
2017-02-22 12:20:27.408824	Trial	start	72
2017-02-22 12:20:27.410860	Speaker	play	None
2017-02-22 12:20:33.413220	Speaker	stop	None
2017-02-22 12:20:33.413750	Trial	end	72
2017-02-22 12:20:51.463083	Trial	start	73
2017-02-22 12:20:51.465544	Speaker	play	None
2017-02-22 12:20:57.471506	Speaker	stop	None
2017-02-22 12:20:57.472032	Trial	end	73
2017-02-22 12:21:16.311827	Trial	start	74
2017-02-22 12:21:16.314095	Speaker	play	None
2017-02-22 12:21:22.320212	Speaker	stop	None
2017-02-22 12:21:22.320817	Trial	end	74
2017-02-22 12:21:26.936066	Trial	start	75
2017-02-22 12:21:26.937991	Speaker	play	None
2017-02-22 12:21:32.940555	Speaker	stop	None
2017-02-22 12:21:32.941452	Hopper	up	None
2017-02-22 12:21:44.945004	Hopper	down	None
2017-02-22 12:21:45.248053	Trial	end	75
2017-02-22 12:23:16.299916	Trial	start	76
2017-02-22 12:23:16.301868	Speaker	play	None
2017-02-22 12:23:22.304367	Speaker	stop	None
2017-02-22 12:23:22.305102	Trial	end	76
2017-02-22 12:23:53.399012	Trial	start	77
2017-02-22 12:23:53.401183	Speaker	play	None
2017-02-22 12:23:59.407528	Speaker	stop	None
2017-02-22 12:23:59.408493	Hopper	up	None
2017-02-22 12:24:11.411992	Hopper	down	None
2017-02-22 12:24:11.715063	Trial	end	77
2017-02-22 12:25:42.230340	Trial	start	78
2017-02-22 12:25:42.232897	Speaker	play	None
2017-02-22 12:25:48.238922	Speaker	stop	None
2017-02-22 12:25:48.239735	Hopper	up	None
2017-02-22 12:26:00.243314	Hopper	down	None
2017-02-22 12:26:00.546477	Trial	end	78
2017-02-22 12:27:09.514235	Trial	start	79
2017-02-22 12:27:09.516695	Speaker	play	None
2017-02-22 12:27:15.522817	Speaker	stop	None
2017-02-22 12:27:15.523478	Trial	end	79
2017-02-22 12:27:32.631470	Trial	start	80
2017-02-22 12:27:32.636745	Speaker	play	None
2017-02-22 12:27:38.644353	Speaker	stop	None
2017-02-22 12:27:38.644932	Trial	end	80
2017-02-22 12:27:44.255722	Trial	start	81
2017-02-22 12:27:44.259544	Speaker	play	None
2017-02-22 12:27:50.264627	Speaker	stop	None
2017-02-22 12:27:50.265180	Trial	end	81
2017-02-22 12:28:43.351850	Trial	start	82
2017-02-22 12:28:43.353863	Speaker	play	None
2017-02-22 12:28:49.356584	Speaker	stop	None
2017-02-22 12:28:49.357139	Trial	end	82
2017-02-22 12:29:09.770559	Trial	start	83
2017-02-22 12:29:09.776046	Speaker	play	None
2017-02-22 12:29:15.779342	Speaker	stop	None
2017-02-22 12:29:15.779946	Trial	end	83
2017-02-22 12:30:09.210355	Trial	start	84
2017-02-22 12:30:09.213086	Speaker	play	None
2017-02-22 12:30:14.715231	Speaker	stop	None
2017-02-22 12:30:14.715773	Trial	end	84
2017-02-22 12:30:14.716367	Trial	start	85
2017-02-22 12:30:14.718132	Speaker	play	None
2017-02-22 12:30:20.723914	Speaker	stop	None
2017-02-22 12:30:20.724443	Trial	end	85
2017-02-22 12:30:41.035379	Trial	start	86
2017-02-22 12:30:41.037658	Speaker	play	None
2017-02-22 12:30:47.040130	Speaker	stop	None
2017-02-22 12:30:47.042247	Hopper	up	None
2017-02-22 12:30:59.044980	Hopper	down	None
2017-02-22 12:30:59.348073	Trial	end	86
2017-02-22 12:32:05.701223	Trial	start	87
2017-02-22 12:32:05.703217	Speaker	play	None
2017-02-22 12:32:11.705865	Speaker	stop	None
2017-02-22 12:32:11.706504	Trial	end	87
2017-02-22 12:32:20.982884	Trial	start	88
2017-02-22 12:32:20.984870	Speaker	play	None
2017-02-22 12:32:26.987517	Speaker	stop	None
2017-02-22 12:32:26.988138	Trial	end	88
2017-02-22 14:26:24.516303	Trial	start	89
2017-02-22 14:26:24.518190	Speaker	play	None
2017-02-22 14:26:24.573774	Speaker	stop	None
2017-02-22 14:26:24.574338	Trial	end	89
2017-02-22 14:26:24.574867	Trial	start	90
2017-02-22 14:26:24.576724	Speaker	play	None
2017-02-22 14:26:30.582336	Speaker	stop	None
2017-02-22 14:26:30.582887	Trial	end	90
2017-02-22 14:27:17.733555	Trial	start	91
2017-02-22 14:27:17.736026	Speaker	play	None
2017-02-22 14:27:17.782842	Speaker	stop	None
2017-02-22 14:27:17.783340	Trial	end	91
2017-02-22 14:27:17.783967	Trial	start	92
2017-02-22 14:27:17.785757	Speaker	play	None
2017-02-22 14:27:23.791372	Speaker	stop	None
2017-02-22 14:27:23.792000	Trial	end	92
2017-02-22 14:27:27.117087	Trial	start	93
2017-02-22 14:27:27.119184	Speaker	play	None
2017-02-22 14:27:27.170457	Speaker	stop	None
2017-02-22 14:27:27.171019	Trial	end	93
2017-02-22 14:27:27.171538	Trial	start	94
2017-02-22 14:27:27.173227	Speaker	play	None
2017-02-22 14:27:33.178994	Speaker	stop	None
2017-02-22 14:27:33.179562	Trial	end	94
2017-02-22 14:27:48.792318	Trial	start	95
2017-02-22 14:27:48.794313	Speaker	play	None
2017-02-22 14:27:54.796833	Speaker	stop	None
2017-02-22 14:27:54.797584	Trial	end	95
2017-02-22 14:28:20.317884	Trial	start	96
2017-02-22 14:28:20.319800	Speaker	play	None
2017-02-22 14:28:20.367140	Speaker	stop	None
2017-02-22 14:28:20.367681	Trial	end	96
2017-02-22 14:28:20.368285	Trial	start	97
2017-02-22 14:28:20.370551	Speaker	play	None
2017-02-22 14:28:26.375767	Speaker	stop	None
2017-02-22 14:28:26.376326	Trial	end	97
2017-02-22 14:28:33.133849	Trial	start	98
2017-02-22 14:28:33.136566	Speaker	play	None
2017-02-22 14:28:33.187151	Speaker	stop	None
2017-02-22 14:28:33.188073	Trial	end	98
2017-02-22 14:28:33.189221	Trial	start	99
2017-02-22 14:28:33.191731	Speaker	play	None
2017-02-22 14:28:39.195618	Speaker	stop	None
2017-02-22 14:28:39.196172	Trial	end	99
2017-02-22 14:28:49.410602	Trial	start	100
2017-02-22 14:28:49.413255	Speaker	play	None
2017-02-22 14:28:55.419225	Speaker	stop	None
2017-02-22 14:28:55.420008	Hopper	up	None
2017-02-22 14:29:07.423965	Hopper	down	None
2017-02-22 14:29:07.727106	Trial	end	100
2017-02-22 14:31:42.233741	Trial	start	101
2017-02-22 14:31:42.235687	Speaker	play	None
2017-02-22 14:31:46.628650	Speaker	stop	None
2017-02-22 14:31:46.629257	Trial	end	101
2017-02-22 14:31:46.629800	Trial	start	102
2017-02-22 14:31:46.631472	Speaker	play	None
2017-02-22 14:31:46.681883	Speaker	stop	None
2017-02-22 14:31:46.682450	Trial	end	102
2017-02-22 14:31:46.683053	Trial	start	103
2017-02-22 14:31:46.684920	Speaker	play	None
2017-02-22 14:31:52.690494	Speaker	stop	None
2017-02-22 14:31:52.691055	Trial	end	103
2017-02-22 14:32:12.632821	Trial	start	104
2017-02-22 14:32:12.635440	Speaker	play	None
2017-02-22 14:32:18.641489	Speaker	stop	None
2017-02-22 14:32:18.642319	Hopper	up	None
2017-02-22 14:32:30.646252	Hopper	down	None
2017-02-22 14:32:30.949329	Trial	end	104
2017-02-22 14:34:53.573597	Trial	start	105
2017-02-22 14:34:53.575475	Speaker	play	None
2017-02-22 14:34:53.626821	Speaker	stop	None
2017-02-22 14:34:53.627323	Trial	end	105
2017-02-22 14:34:53.627974	Trial	start	106
2017-02-22 14:34:53.630439	Speaker	play	None
2017-02-22 14:34:59.635431	Speaker	stop	None
2017-02-22 14:34:59.636008	Trial	end	106
2017-02-22 14:35:43.841378	Trial	start	107
2017-02-22 14:35:43.844030	Speaker	play	None
2017-02-22 14:35:43.894638	Speaker	stop	None
2017-02-22 14:35:43.895204	Trial	end	107
2017-02-22 14:35:43.895794	Trial	start	108
2017-02-22 14:35:43.897623	Speaker	play	None
2017-02-22 14:35:49.903160	Speaker	stop	None
2017-02-22 14:35:49.903669	Trial	end	108
2017-02-22 14:36:40.674674	Trial	start	109
2017-02-22 14:36:40.677440	Speaker	play	None
2017-02-22 14:36:40.728007	Speaker	stop	None
2017-02-22 14:36:40.728532	Trial	end	109
2017-02-22 14:36:40.729173	Trial	start	110
2017-02-22 14:36:40.730916	Speaker	play	None
2017-02-22 14:36:46.736530	Speaker	stop	None
2017-02-22 14:36:46.737137	Trial	end	110
2017-02-22 14:36:57.696822	Trial	start	111
2017-02-22 14:36:57.698652	Speaker	play	None
2017-02-22 14:36:57.746136	Speaker	stop	None
2017-02-22 14:36:57.746683	Trial	end	111
2017-02-22 14:36:57.747286	Trial	start	112
2017-02-22 14:36:57.749110	Speaker	play	None
2017-02-22 14:37:03.754630	Speaker	stop	None
2017-02-22 14:37:03.755465	Trial	end	112
2017-02-22 14:37:19.572512	Trial	start	113
2017-02-22 14:37:19.575153	Speaker	play	None
2017-02-22 14:37:19.629985	Speaker	stop	None
2017-02-22 14:37:19.630533	Trial	end	113
2017-02-22 14:37:19.631131	Trial	start	114
2017-02-22 14:37:19.632864	Speaker	play	None
2017-02-22 14:37:25.638451	Speaker	stop	None
2017-02-22 14:37:25.639008	Trial	end	114
2017-02-22 14:37:28.112242	Trial	start	115
2017-02-22 14:37:28.117166	Speaker	play	None
2017-02-22 14:37:28.165716	Speaker	stop	None
2017-02-22 14:37:28.166647	Trial	end	115
2017-02-22 14:37:28.167866	Trial	start	116
2017-02-22 14:37:28.169964	Speaker	play	None
2017-02-22 14:37:34.174071	Speaker	stop	None
2017-02-22 14:37:34.174628	Trial	end	116
2017-02-22 14:37:45.138465	Trial	start	117
2017-02-22 14:37:45.140385	Speaker	play	None
2017-02-22 14:37:51.143103	Speaker	stop	None
2017-02-22 14:37:51.144714	Trial	end	117
2017-02-22 14:37:55.894010	Trial	start	118
2017-02-22 14:37:55.896046	Speaker	play	None
2017-02-22 14:38:01.902634	Speaker	stop	None
2017-02-22 14:38:01.903300	Trial	end	118
2017-02-22 14:38:06.051561	Trial	start	119
2017-02-22 14:38:06.053613	Speaker	play	None
2017-02-22 14:38:12.056137	Speaker	stop	None
2017-02-22 14:38:12.056951	Trial	end	119
2017-02-22 14:38:14.558576	Trial	start	120
2017-02-22 14:38:14.560484	Speaker	play	None
2017-02-22 14:38:15.291758	Speaker	stop	None
2017-02-22 14:38:15.292246	Trial	end	120
2017-02-22 14:38:15.292879	Trial	start	121
2017-02-22 14:38:15.294579	Speaker	play	None
2017-02-22 14:38:15.345025	Speaker	stop	None
2017-02-22 14:38:15.345556	Trial	end	121
2017-02-22 14:38:15.346147	Trial	start	122
2017-02-22 14:38:15.347868	Speaker	play	None
2017-02-22 14:38:21.353611	Speaker	stop	None
2017-02-22 14:38:21.354178	Trial	end	122
2017-02-22 14:38:29.508224	Trial	start	123
2017-02-22 14:38:29.511155	Speaker	play	None
2017-02-22 14:38:29.786797	Speaker	stop	None
2017-02-22 14:38:29.787340	Trial	end	123
2017-02-22 14:38:29.787893	Trial	start	124
2017-02-22 14:38:29.789628	Speaker	play	None
2017-02-22 14:38:35.795276	Speaker	stop	None
2017-02-22 14:38:35.795821	Trial	end	124
2017-02-22 14:38:49.524524	Trial	start	125
2017-02-22 14:38:49.527325	Speaker	play	None
2017-02-22 14:38:55.532967	Speaker	stop	None
2017-02-22 14:38:55.533569	Trial	end	125
2017-02-22 14:39:03.994879	Trial	start	126
2017-02-22 14:39:03.998042	Speaker	play	None
2017-02-22 14:39:04.097276	Speaker	stop	None
2017-02-22 14:39:04.097821	Trial	end	126
2017-02-22 14:39:04.098406	Trial	start	127
2017-02-22 14:39:04.100167	Speaker	play	None
2017-02-22 14:39:10.105899	Speaker	stop	None
2017-02-22 14:39:10.106762	Trial	end	127
2017-02-22 15:25:21.743902	Trial	start	128
2017-02-22 15:25:21.745904	Speaker	play	None
2017-02-22 15:25:27.751907	Speaker	stop	None
2017-02-22 15:25:27.752844	Trial	end	128
2017-02-22 15:26:30.954186	Trial	start	129
2017-02-22 15:26:30.956651	Speaker	play	None
2017-02-22 15:26:36.962071	Speaker	stop	None
2017-02-22 15:26:36.962739	Trial	end	129
2017-02-22 16:56:49.759192	Trial	start	130
2017-02-22 16:56:49.761107	Speaker	play	None
2017-02-22 16:56:55.763682	Speaker	stop	None
2017-02-22 16:56:55.764363	Trial	end	130
2017-02-22 16:57:29.328661	Trial	start	131
2017-02-22 16:57:29.331426	Speaker	play	None
2017-02-22 16:57:29.381992	Speaker	stop	None
2017-02-22 16:57:29.382694	Trial	end	131
2017-02-22 16:57:29.383475	Trial	start	132
2017-02-22 16:57:29.385288	Speaker	play	None
2017-02-22 16:57:35.390479	Speaker	stop	None
2017-02-22 16:57:35.391114	Trial	end	132
2017-02-22 16:57:44.892575	Trial	start	133
2017-02-22 16:57:44.895164	Speaker	play	None
2017-02-22 16:57:50.901263	Speaker	stop	None
2017-02-22 16:57:50.901979	Hopper	up	None
2017-02-22 16:58:02.906053	Hopper	down	None
2017-02-22 16:58:03.208993	Trial	end	133
2017-02-22 16:58:27.763299	Trial	start	134
2017-02-22 16:58:27.766178	Speaker	play	None
2017-02-22 16:58:27.820666	Speaker	stop	None
2017-02-22 16:58:27.821156	Trial	end	134
2017-02-22 16:58:27.821702	Trial	start	135
2017-02-22 16:58:27.823377	Speaker	play	None
2017-02-22 16:58:28.127968	Speaker	stop	None
2017-02-22 16:58:28.128738	Trial	end	135
2017-02-22 16:58:28.129530	Trial	start	136
2017-02-22 16:58:28.131386	Speaker	play	None
2017-02-22 16:58:28.168786	Speaker	stop	None
2017-02-22 16:58:28.169289	Trial	end	136
2017-02-22 16:58:28.170157	Trial	start	137
2017-02-22 16:58:28.172302	Speaker	play	None
2017-02-22 16:58:28.602952	Speaker	stop	None
2017-02-22 16:58:28.603539	Trial	end	137
2017-02-22 16:58:28.604137	Trial	start	138
2017-02-22 16:58:28.606061	Speaker	play	None
2017-02-22 16:58:28.656170	Speaker	stop	None
2017-02-22 16:58:28.656749	Trial	end	138
2017-02-22 16:58:28.657381	Trial	start	139
2017-02-22 16:58:28.659235	Speaker	play	None
2017-02-22 16:58:34.664758	Speaker	stop	None
2017-02-22 16:58:34.665657	Hopper	up	None
2017-02-22 16:58:46.669515	Hopper	down	None
2017-02-22 16:58:46.972512	Trial	end	139
2017-02-22 16:59:09.605895	Trial	start	140
2017-02-22 16:59:09.608088	Speaker	play	None
2017-02-22 16:59:09.659200	Speaker	stop	None
2017-02-22 16:59:09.659689	Trial	end	140
2017-02-22 16:59:09.660301	Trial	start	141
2017-02-22 16:59:09.662023	Speaker	play	None
2017-02-22 16:59:09.970481	Speaker	stop	None
2017-02-22 16:59:09.971069	Trial	end	141
2017-02-22 16:59:09.971651	Trial	start	142
2017-02-22 16:59:09.974082	Speaker	play	None
2017-02-22 16:59:10.019663	Speaker	stop	None
2017-02-22 16:59:10.020338	Trial	end	142
2017-02-22 16:59:10.021121	Trial	start	143
2017-02-22 16:59:10.023946	Speaker	play	None
2017-02-22 16:59:13.488724	Speaker	stop	None
2017-02-22 16:59:13.489317	Trial	end	143
2017-02-22 16:59:13.490001	Trial	start	144
2017-02-22 16:59:13.492357	Speaker	play	None
2017-02-22 16:59:13.537977	Speaker	stop	None
2017-02-22 16:59:13.538698	Trial	end	144
2017-02-22 16:59:13.539262	Trial	start	145
2017-02-22 16:59:13.541031	Speaker	play	None
2017-02-22 16:59:19.546401	Speaker	stop	None
2017-02-22 16:59:19.546977	Trial	end	145
2017-02-22 16:59:28.389174	Trial	start	146
2017-02-22 16:59:28.391922	Speaker	play	None
2017-02-22 16:59:28.434489	Speaker	stop	None
2017-02-22 16:59:28.435116	Trial	end	146
2017-02-22 16:59:28.435874	Trial	start	147
2017-02-22 16:59:28.438288	Speaker	play	None
2017-02-22 16:59:28.835676	Speaker	stop	None
2017-02-22 16:59:28.836210	Trial	end	147
2017-02-22 16:59:28.836843	Trial	start	148
2017-02-22 16:59:28.838597	Speaker	play	None
2017-02-22 16:59:28.888962	Speaker	stop	None
2017-02-22 16:59:28.889599	Trial	end	148
2017-02-22 16:59:28.890360	Trial	start	149
2017-02-22 16:59:28.892845	Speaker	play	None
2017-02-22 16:59:32.411430	Speaker	stop	None
2017-02-22 16:59:32.412005	Trial	end	149
2017-02-22 16:59:32.412631	Trial	start	150
2017-02-22 16:59:32.414346	Speaker	play	None
2017-02-22 16:59:36.969988	Speaker	stop	None
2017-02-22 16:59:36.970600	Trial	end	150
2017-02-22 16:59:36.971357	Trial	start	151
2017-02-22 16:59:36.973801	Speaker	play	None
2017-02-22 16:59:37.019089	Speaker	stop	None
2017-02-22 16:59:37.019603	Trial	end	151
2017-02-22 16:59:37.020140	Trial	start	152
2017-02-22 16:59:37.021898	Speaker	play	None
2017-02-22 16:59:41.585946	Speaker	stop	None
2017-02-22 16:59:41.586551	Trial	end	152
2017-02-22 16:59:41.587096	Trial	start	153
2017-02-22 16:59:41.588792	Speaker	play	None
2017-02-22 16:59:42.151093	Speaker	stop	None
2017-02-22 16:59:42.151658	Trial	end	153
2017-02-22 16:59:42.153836	Trial	start	154
2017-02-22 16:59:42.156289	Speaker	play	None
2017-02-22 16:59:48.163679	Speaker	stop	None
2017-02-22 16:59:48.164208	Trial	end	154
2017-02-22 17:00:20.454916	Trial	start	155
2017-02-22 17:00:20.457448	Speaker	play	None
2017-02-22 17:00:26.463010	Speaker	stop	None
2017-02-22 17:00:26.463617	Trial	end	155
2017-02-22 17:07:44.960702	Trial	start	156
2017-02-22 17:07:44.963152	Speaker	play	None
2017-02-22 17:07:45.353983	Speaker	stop	None
2017-02-22 17:07:45.354520	Trial	end	156
2017-02-22 17:07:45.355189	Trial	start	157
2017-02-22 17:07:45.357063	Speaker	play	None
2017-02-22 17:07:51.362178	Speaker	stop	None
2017-02-22 17:07:51.362917	Hopper	up	None
2017-02-22 17:08:03.366247	Hopper	down	None
2017-02-22 17:08:03.669490	Trial	end	157
2017-02-22 17:08:57.043244	Trial	start	158
2017-02-22 17:08:57.045368	Speaker	play	None
2017-02-22 17:09:03.051650	Speaker	stop	None
2017-02-22 17:09:03.052371	Trial	end	158
2017-02-22 17:09:17.717911	Trial	start	159
2017-02-22 17:09:17.719870	Speaker	play	None
2017-02-22 17:09:18.107232	Speaker	stop	None
2017-02-22 17:09:18.108040	Trial	end	159
2017-02-22 17:09:18.109042	Trial	start	160
2017-02-22 17:09:18.110897	Speaker	play	None
2017-02-22 17:09:24.115364	Speaker	stop	None
2017-02-22 17:09:24.116075	Hopper	up	None
2017-02-22 17:09:36.119646	Hopper	down	None
2017-02-22 17:09:36.422642	Trial	end	160
2017-02-22 17:11:55.293436	Trial	start	161
2017-02-22 17:11:55.295999	Speaker	play	None
2017-02-22 17:12:01.301730	Speaker	stop	None
2017-02-22 17:12:01.302569	Hopper	up	None
2017-02-22 17:12:13.306089	Hopper	down	None
2017-02-22 17:12:13.609132	Trial	end	161
2017-02-22 17:12:53.939116	Trial	start	162
2017-02-22 17:12:53.942235	Speaker	play	None
2017-02-22 17:12:59.947441	Speaker	stop	None
2017-02-22 17:12:59.948045	Trial	end	162
2017-02-22 17:13:02.191814	Trial	start	163
2017-02-22 17:13:02.194158	Speaker	play	None
2017-02-22 17:13:04.641139	Speaker	stop	None
2017-02-22 17:13:04.641719	Trial	end	163
2017-02-22 17:13:04.642320	Trial	start	164
2017-02-22 17:13:04.644054	Speaker	play	None
2017-02-22 17:13:04.690309	Speaker	stop	None
2017-02-22 17:13:04.690887	Trial	end	164
2017-02-22 17:13:04.691467	Trial	start	165
2017-02-22 17:13:04.693238	Speaker	play	None
2017-02-22 17:13:10.698665	Speaker	stop	None
2017-02-22 17:13:10.699329	Trial	end	165
2017-02-22 17:13:12.123823	Trial	start	166
2017-02-22 17:13:12.125717	Speaker	play	None
2017-02-22 17:13:12.177153	Speaker	stop	None
2017-02-22 17:13:12.177688	Trial	end	166
2017-02-22 17:13:12.178260	Trial	start	167
2017-02-22 17:13:12.180037	Speaker	play	None
2017-02-22 17:13:18.185442	Speaker	stop	None
2017-02-22 17:13:18.186025	Trial	end	167
2017-02-22 17:13:20.061175	Trial	start	168
2017-02-22 17:13:20.063196	Speaker	play	None
2017-02-22 17:13:21.969922	Speaker	stop	None
2017-02-22 17:13:21.970541	Trial	end	168
2017-02-22 17:13:21.971262	Trial	start	169
2017-02-22 17:13:21.973502	Speaker	play	None
2017-02-22 17:13:22.019043	Speaker	stop	None
2017-02-22 17:13:22.019568	Trial	end	169
2017-02-22 17:13:22.020146	Trial	start	170
2017-02-22 17:13:22.021859	Speaker	play	None
2017-02-22 17:13:24.070959	Speaker	stop	None
2017-02-22 17:13:24.071644	Trial	end	170
2017-02-22 17:13:24.072381	Trial	start	171
2017-02-22 17:13:24.074996	Speaker	play	None
2017-02-22 17:13:30.079212	Speaker	stop	None
2017-02-22 17:13:30.079976	Hopper	up	None
2017-02-22 17:13:42.083558	Hopper	down	None
2017-02-22 17:13:42.386682	Trial	end	171
2017-02-22 17:13:48.317181	Trial	start	172
2017-02-22 17:13:48.319149	Speaker	play	None
2017-02-22 17:13:48.743212	Speaker	stop	None
2017-02-22 17:13:48.743715	Trial	end	172
2017-02-22 17:13:48.744302	Trial	start	173
2017-02-22 17:13:48.746063	Speaker	play	None
2017-02-22 17:13:54.751637	Speaker	stop	None
2017-02-22 17:13:54.752455	Trial	end	173
2017-02-22 17:13:54.771931	Trial	start	174
2017-02-22 17:13:54.774020	Speaker	play	None
2017-02-22 17:14:00.780420	Speaker	stop	None
2017-02-22 17:14:00.781238	Hopper	up	None
2017-02-22 17:14:12.784701	Hopper	down	None
2017-02-22 17:14:13.087878	Trial	end	174
2017-02-22 17:14:42.588941	Trial	start	175
2017-02-22 17:14:42.590823	Speaker	play	None
2017-02-22 17:14:43.457315	Speaker	stop	None
2017-02-22 17:14:43.457861	Trial	end	175
2017-02-22 17:14:43.458410	Trial	start	176
2017-02-22 17:14:43.460164	Speaker	play	None
2017-02-22 17:14:43.510535	Speaker	stop	None
2017-02-22 17:14:43.511085	Trial	end	176
2017-02-22 17:14:43.511653	Trial	start	177
2017-02-22 17:14:43.513964	Speaker	play	None
2017-02-22 17:14:44.272289	Speaker	stop	None
2017-02-22 17:14:44.272836	Trial	end	177
2017-02-22 17:14:44.273404	Trial	start	178
2017-02-22 17:14:44.275185	Speaker	play	None
2017-02-22 17:14:44.321466	Speaker	stop	None
2017-02-22 17:14:44.322005	Trial	end	178
2017-02-22 17:14:44.322630	Trial	start	179
2017-02-22 17:14:44.324344	Speaker	play	None
2017-02-22 17:14:45.509266	Speaker	stop	None
2017-02-22 17:14:45.509796	Trial	end	179
2017-02-22 17:14:45.510394	Trial	start	180
2017-02-22 17:14:45.512131	Speaker	play	None
2017-02-22 17:14:45.562290	Speaker	play	None
2017-02-22 17:14:45.558987	Trial	end	180
2017-02-22 17:14:45.559641	Trial	start	181
2017-02-22 17:14:45.562290	Speaker	play	None
2017-02-22 17:14:45.914690	Speaker	stop	None
2017-02-22 17:14:45.915256	Trial	end	181
2017-02-22 17:14:45.915834	Trial	start	182
2017-02-22 17:14:45.917576	Speaker	play	None
2017-02-22 17:14:45.959911	Speaker	stop	None
2017-02-22 17:14:45.960680	Trial	end	182
2017-02-22 17:14:45.961413	Trial	start	183
2017-02-22 17:14:45.963827	Speaker	play	None
2017-02-22 17:14:51.968122	Speaker	stop	None
2017-02-22 17:14:51.968723	Trial	end	183
2017-02-22 17:14:57.816692	Trial	start	184
2017-02-22 17:14:57.819310	Speaker	play	None
2017-02-22 17:14:57.869997	Speaker	stop	None
2017-02-22 17:14:57.870511	Trial	end	184
2017-02-22 17:14:57.871077	Trial	start	185
2017-02-22 17:14:57.872785	Speaker	play	None
2017-02-22 17:14:59.844214	Speaker	stop	None
2017-02-22 17:14:59.844972	Trial	end	185
2017-02-22 17:14:59.845574	Trial	start	186
2017-02-22 17:14:59.847957	Speaker	play	None
2017-02-22 17:15:02.674298	Speaker	stop	None
2017-02-22 17:15:02.675202	Trial	end	186
2017-02-22 17:15:02.676324	Trial	start	187
2017-02-22 17:15:02.678156	Speaker	play	None
2017-02-22 17:15:03.141147	Speaker	stop	None
2017-02-22 17:15:03.141688	Trial	end	187
2017-02-22 17:15:03.143876	Trial	start	188
2017-02-22 17:15:03.145567	Speaker	play	None
2017-02-22 17:15:03.190267	Speaker	stop	None
2017-02-22 17:15:03.190854	Trial	end	188
2017-02-22 17:15:03.191404	Trial	start	189
2017-02-22 17:15:03.193086	Speaker	play	None
2017-02-22 17:15:09.198564	Speaker	stop	None
2017-02-22 17:15:09.199124	Trial	end	189
2017-02-22 17:15:19.896458	Trial	start	190
2017-02-22 17:15:19.898797	Speaker	play	None
2017-02-22 17:15:25.904938	Speaker	stop	None
2017-02-22 17:15:25.905837	Hopper	up	None
2017-02-22 17:15:37.909248	Hopper	down	None
2017-02-22 17:15:38.212321	Trial	end	190
2017-02-22 17:15:54.406643	Trial	start	191
2017-02-22 17:15:54.408966	Speaker	play	None
2017-02-22 17:15:54.455941	Speaker	stop	None
2017-02-22 17:15:54.456451	Trial	end	191
2017-02-22 17:15:54.457082	Trial	start	192
2017-02-22 17:15:54.459361	Speaker	play	None
2017-02-22 17:16:00.464231	Speaker	stop	None
2017-02-22 17:16:00.465188	Hopper	up	None
2017-02-22 17:16:12.468703	Hopper	down	None
2017-02-22 17:16:12.771747	Trial	end	192
2017-02-22 17:16:19.091361	Trial	start	193
2017-02-22 17:16:19.094003	Speaker	play	None
2017-02-22 17:16:19.144717	Speaker	stop	None
2017-02-22 17:16:19.145350	Trial	end	193
2017-02-22 17:16:19.146083	Trial	start	194
2017-02-22 17:16:19.148519	Speaker	play	None
2017-02-22 17:16:25.153080	Speaker	stop	None
2017-02-22 17:16:25.153635	Trial	end	194
2017-02-22 17:16:26.369672	Trial	start	195
2017-02-22 17:16:26.372808	Speaker	play	None
2017-02-22 17:16:26.422717	Speaker	stop	None
2017-02-22 17:16:26.423259	Trial	end	195
2017-02-22 17:16:26.424037	Trial	start	196
2017-02-22 17:16:26.426026	Speaker	play	None
2017-02-22 17:16:32.431175	Speaker	stop	None
2017-02-22 17:16:32.432291	Hopper	up	None
2017-02-22 17:16:40.253882	Hopper	down	None
2017-02-22 17:16:40.556851	Trial	end	196
2017-02-22 17:16:40.557651	Trial	start	197
2017-02-22 17:16:40.560345	Speaker	play	None
2017-02-22 17:16:41.273709	Speaker	stop	None
2017-02-22 17:16:41.274266	Trial	end	197
2017-02-22 17:16:41.274852	Trial	start	198
2017-02-22 17:16:41.276621	Speaker	play	None
2017-02-22 17:16:42.228218	Speaker	stop	None
2017-02-22 17:16:42.229322	Trial	end	198
2017-02-22 17:16:42.230633	Trial	start	199
2017-02-22 17:16:42.233464	Speaker	play	None
2017-02-22 17:16:42.281286	Speaker	stop	None
2017-02-22 17:16:42.281847	Trial	end	199
2017-02-22 17:16:42.282420	Trial	start	200
2017-02-22 17:16:42.284224	Speaker	play	None
2017-02-22 17:16:42.707198	Speaker	stop	None
2017-02-22 17:16:42.707748	Trial	end	200
2017-02-22 17:16:42.708308	Trial	start	201
2017-02-22 17:16:42.710012	Speaker	play	None
2017-02-22 17:16:42.760442	Speaker	stop	None
2017-02-22 17:16:42.761039	Trial	end	201
2017-02-22 17:16:42.761606	Trial	start	202
2017-02-22 17:16:42.763485	Speaker	play	None
2017-02-22 17:16:48.768912	Speaker	stop	None
2017-02-22 17:16:48.769791	Trial	end	202
2017-02-22 17:16:51.209762	Trial	start	203
2017-02-22 17:16:51.212248	Speaker	play	None
2017-02-22 17:16:51.263138	Speaker	stop	None
2017-02-22 17:16:51.263808	Trial	end	203
2017-02-22 17:16:51.264773	Trial	start	204
2017-02-22 17:16:51.266847	Speaker	play	None
2017-02-22 17:16:57.271430	Speaker	stop	None
2017-02-22 17:16:57.271958	Trial	end	204
2017-02-22 17:16:59.003997	Trial	start	205
2017-02-22 17:16:59.006695	Speaker	play	None
2017-02-22 17:16:59.057193	Speaker	stop	None
2017-02-22 17:16:59.057985	Trial	end	205
2017-02-22 17:16:59.058635	Trial	start	206
2017-02-22 17:16:59.060360	Speaker	play	None
2017-02-22 17:17:05.065498	Speaker	stop	None
2017-02-22 17:17:05.066233	Hopper	up	None
2017-02-22 17:17:17.069921	Hopper	down	None
2017-02-22 17:17:17.373012	Trial	end	206
2017-02-22 17:17:30.511957	Trial	start	207
2017-02-22 17:17:30.513931	Speaker	play	None
2017-02-22 17:17:30.884870	Speaker	stop	None
2017-02-22 17:17:30.885683	Trial	end	207
2017-02-22 17:17:30.886585	Trial	start	208
2017-02-22 17:17:30.890001	Speaker	play	None
2017-02-22 17:17:30.933961	Speaker	stop	None
2017-02-22 17:17:30.934435	Trial	end	208
2017-02-22 17:17:30.935101	Trial	start	209
2017-02-22 17:17:30.937188	Speaker	play	None
2017-02-22 17:17:36.942284	Speaker	stop	None
2017-02-22 17:17:36.943125	Hopper	up	None
2017-02-22 17:17:45.199192	Hopper	down	None
2017-02-22 17:17:45.502278	Trial	end	209
2017-02-22 17:17:45.503278	Trial	start	210
2017-02-22 17:17:45.505181	Speaker	play	None
2017-02-22 17:17:48.090797	Speaker	stop	None
2017-02-22 17:17:48.091318	Trial	end	210
2017-02-22 17:17:48.091984	Trial	start	211
2017-02-22 17:17:48.093763	Speaker	play	None
2017-02-22 17:17:48.144022	Speaker	stop	None
2017-02-22 17:17:48.144566	Trial	end	211
2017-02-22 17:17:48.145114	Trial	start	212
2017-02-22 17:17:48.146750	Speaker	play	None
2017-02-22 17:17:52.706664	Speaker	stop	None
2017-02-22 17:17:52.707303	Trial	end	212
2017-02-22 17:17:52.707849	Trial	start	213
2017-02-22 17:17:52.709580	Speaker	play	None
2017-02-22 17:17:52.956522	Speaker	stop	None
2017-02-22 17:17:52.957109	Trial	end	213
2017-02-22 17:17:52.957869	Trial	start	214
2017-02-22 17:17:52.959841	Speaker	play	None
2017-02-22 17:17:53.009856	Speaker	stop	None
2017-02-22 17:17:53.010395	Trial	end	214
2017-02-22 17:17:53.010989	Trial	start	215
2017-02-22 17:17:53.012769	Speaker	play	None
2017-02-22 17:17:53.435770	Speaker	stop	None
2017-02-22 17:17:53.436346	Trial	end	215
2017-02-22 17:17:53.436979	Trial	start	216
2017-02-22 17:17:53.438663	Speaker	play	None
2017-02-22 17:17:53.488986	Speaker	stop	None
2017-02-22 17:17:53.489706	Trial	end	216
2017-02-22 17:17:53.490465	Trial	start	217
2017-02-22 17:17:53.493542	Speaker	play	None
2017-02-22 17:17:56.650765	Speaker	stop	None
2017-02-22 17:17:56.651355	Trial	end	217
2017-02-22 17:17:56.651956	Trial	start	218
2017-02-22 17:17:56.653802	Speaker	play	None
2017-02-22 17:17:56.700019	Speaker	stop	None
2017-02-22 17:17:56.700668	Trial	end	218
2017-02-22 17:17:56.701374	Trial	start	219
2017-02-22 17:17:56.703796	Speaker	play	None
2017-02-22 17:17:57.031760	Speaker	stop	None
2017-02-22 17:17:57.032303	Trial	end	219
2017-02-22 17:17:57.032948	Trial	start	220
2017-02-22 17:17:57.034774	Speaker	play	None
2017-02-22 17:17:57.084924	Speaker	stop	None
2017-02-22 17:17:57.085456	Trial	end	220
2017-02-22 17:17:57.086094	Trial	start	221
2017-02-22 17:17:57.087801	Speaker	play	None
2017-02-22 17:18:03.093310	Speaker	stop	None
2017-02-22 17:18:03.093865	Trial	end	221
2017-02-22 17:18:03.732185	Trial	start	222
2017-02-22 17:18:03.734560	Speaker	play	None
2017-02-22 17:18:03.892016	Speaker	stop	None
2017-02-22 17:18:03.892593	Trial	end	222
2017-02-22 17:18:03.893179	Trial	start	223
2017-02-22 17:18:03.894885	Speaker	play	None
2017-02-22 17:18:03.937042	Speaker	stop	None
2017-02-22 17:18:03.937576	Trial	end	223
2017-02-22 17:18:03.938157	Trial	start	224
2017-02-22 17:18:03.939888	Speaker	play	None
2017-02-22 17:18:09.945545	Speaker	stop	None
2017-02-22 17:18:09.946134	Trial	end	224
2017-02-22 17:18:10.342612	Trial	start	225
2017-02-22 17:18:10.344610	Speaker	play	None
2017-02-22 17:18:13.979688	Speaker	stop	None
2017-02-22 17:18:13.980254	Trial	end	225
2017-02-22 17:18:13.980898	Trial	start	226
2017-02-22 17:18:13.983417	Speaker	play	None
2017-02-22 17:18:17.768539	Speaker	stop	None
2017-02-22 17:18:17.769399	Trial	end	226
2017-02-22 17:18:17.770132	Trial	start	227
2017-02-22 17:18:17.771908	Speaker	play	None
2017-02-22 17:18:17.817374	Speaker	stop	None
2017-02-22 17:18:17.817871	Trial	end	227
2017-02-22 17:18:17.818629	Trial	start	228
2017-02-22 17:18:17.820830	Speaker	play	None
2017-02-22 17:18:20.831806	Speaker	stop	None
2017-02-22 17:18:20.832351	Trial	end	228
2017-02-22 17:18:20.832977	Trial	start	229
2017-02-22 17:18:20.834717	Speaker	play	None
2017-02-22 17:18:20.885093	Speaker	stop	None
2017-02-22 17:18:20.885637	Trial	end	229
2017-02-22 17:18:20.886195	Trial	start	230
2017-02-22 17:18:20.887969	Speaker	play	None
2017-02-22 17:18:26.893454	Speaker	stop	None
2017-02-22 17:18:26.894282	Hopper	up	None
2017-02-22 17:18:33.643035	Hopper	down	None
2017-02-22 17:18:33.946203	Trial	end	230
2017-02-22 17:18:33.946868	Trial	start	231
2017-02-22 17:18:33.948839	Speaker	play	None
2017-02-22 17:18:38.218052	Speaker	stop	None
2017-02-22 17:18:38.218620	Trial	end	231
2017-02-22 17:18:38.219218	Trial	start	232
2017-02-22 17:18:38.221096	Speaker	play	None
2017-02-22 17:18:38.267137	Speaker	stop	None
2017-02-22 17:18:38.267686	Trial	end	232
2017-02-22 17:18:38.268452	Trial	start	233
2017-02-22 17:18:38.271115	Speaker	play	None
2017-02-22 17:18:44.275597	Speaker	stop	None
2017-02-22 17:18:44.276126	Trial	end	233
2017-02-22 17:18:46.425706	Trial	start	234
2017-02-22 17:18:46.427801	Speaker	play	None
2017-02-22 17:18:46.483127	Speaker	stop	None
2017-02-22 17:18:46.483672	Trial	end	234
2017-02-22 17:18:46.484290	Trial	start	235
2017-02-22 17:18:46.486671	Speaker	play	None
2017-02-22 17:18:51.066238	Speaker	stop	None
2017-02-22 17:18:51.066781	Trial	end	235
2017-02-22 17:18:51.067332	Trial	start	236
2017-02-22 17:18:51.069181	Speaker	play	None
2017-02-22 17:18:51.123703	Speaker	stop	None
2017-02-22 17:18:51.124244	Trial	end	236
2017-02-22 17:18:51.124893	Trial	start	237
2017-02-22 17:18:51.126703	Speaker	play	None
2017-02-22 17:18:57.131950	Speaker	stop	None
2017-02-22 17:18:57.132461	Trial	end	237
2017-02-22 17:18:59.360001	Trial	start	238
2017-02-22 17:18:59.362109	Speaker	play	None
2017-02-22 17:19:05.368374	Speaker	stop	None
2017-02-22 17:19:05.369148	Hopper	up	None
2017-02-22 17:19:10.545328	Hopper	down	None
2017-02-22 17:19:10.848416	Trial	end	238
2017-02-22 17:19:10.849084	Trial	start	239
2017-02-22 17:19:10.850902	Speaker	play	None
2017-02-22 17:19:11.258039	Speaker	stop	None
2017-02-22 17:19:11.258626	Trial	end	239
2017-02-22 17:19:11.259227	Trial	start	240
2017-02-22 17:19:11.261011	Speaker	play	None
2017-02-22 17:19:11.307218	Speaker	stop	None
2017-02-22 17:19:11.307751	Trial	end	240
2017-02-22 17:19:11.308343	Trial	start	241
2017-02-22 17:19:11.310209	Speaker	play	None
2017-02-22 17:19:11.634853	Speaker	stop	None
2017-02-22 17:19:11.635395	Trial	end	241
2017-02-22 17:19:11.635957	Trial	start	242
2017-02-22 17:19:11.637768	Speaker	play	None
2017-02-22 17:19:15.570788	Speaker	stop	None
2017-02-22 17:19:15.571342	Trial	end	242
2017-02-22 17:19:15.571985	Trial	start	243
2017-02-22 17:19:15.573822	Speaker	play	None
2017-02-22 17:19:15.980356	Speaker	stop	None
2017-02-22 17:19:15.980938	Trial	end	243
2017-02-22 17:19:15.983417	Trial	start	244
2017-02-22 17:19:15.985732	Speaker	play	None
2017-02-22 17:19:16.029522	Speaker	stop	None
2017-02-22 17:19:16.030050	Trial	end	244
2017-02-22 17:19:16.030665	Trial	start	245
2017-02-22 17:19:16.032507	Speaker	play	None
2017-02-22 17:19:22.037939	Speaker	stop	None
2017-02-22 17:19:22.038771	Hopper	up	None
2017-02-22 17:19:23.946479	Hopper	down	None
2017-02-22 17:19:24.249523	Trial	end	245
2017-02-22 17:19:24.250172	Trial	start	246
2017-02-22 17:19:24.251979	Speaker	play	None
2017-02-22 17:19:25.421034	Speaker	stop	None
2017-02-22 17:19:25.421740	Trial	end	246
2017-02-22 17:19:25.422453	Trial	start	247
2017-02-22 17:19:25.424444	Speaker	play	None
2017-02-22 17:19:25.474340	Speaker	stop	None
2017-02-22 17:19:25.474938	Trial	end	247
2017-02-22 17:19:25.475479	Trial	start	248
2017-02-22 17:19:25.477231	Speaker	play	None
2017-02-22 17:19:25.957530	Speaker	stop	None
2017-02-22 17:19:25.958070	Trial	end	248
2017-02-22 17:19:25.958740	Trial	start	249
2017-02-22 17:19:25.961046	Speaker	play	None
2017-02-22 17:19:28.050422	Speaker	stop	None
2017-02-22 17:19:28.051015	Trial	end	249
2017-02-22 17:19:28.051554	Trial	start	250
2017-02-22 17:19:28.053335	Speaker	play	None
2017-02-22 17:19:30.929695	Speaker	stop	None
2017-02-22 17:19:30.930332	Trial	end	250
2017-02-22 17:19:30.930886	Trial	start	251
2017-02-22 17:19:30.932679	Speaker	play	None
2017-02-22 17:19:32.957087	Speaker	stop	None
2017-02-22 17:19:32.957622	Trial	end	251
2017-02-22 17:19:32.958219	Trial	start	252
2017-02-22 17:19:32.960029	Speaker	play	None
2017-02-22 17:19:35.574227	Speaker	stop	None
2017-02-22 17:19:35.574776	Trial	end	252
2017-02-22 17:19:35.575348	Trial	start	253
2017-02-22 17:19:35.577100	Speaker	play	None
2017-02-22 17:19:37.667136	Speaker	stop	None
2017-02-22 17:19:37.667721	Trial	end	253
2017-02-22 17:19:37.668317	Trial	start	254
2017-02-22 17:19:37.670224	Speaker	play	None
2017-02-22 17:19:37.720358	Speaker	stop	None
2017-02-22 17:19:37.720879	Trial	end	254
2017-02-22 17:19:37.721465	Trial	start	255
2017-02-22 17:19:37.723237	Speaker	play	None
2017-02-22 17:19:43.728862	Speaker	stop	None
2017-02-22 17:19:43.729820	Trial	end	255
2017-02-22 17:19:45.043453	Trial	start	256
2017-02-22 17:19:45.045520	Speaker	play	None
2017-02-22 17:19:45.096710	Speaker	stop	None
2017-02-22 17:19:45.097214	Trial	end	256
2017-02-22 17:19:45.097833	Trial	start	257
2017-02-22 17:19:45.099581	Speaker	play	None
2017-02-22 17:19:51.105253	Speaker	stop	None
2017-02-22 17:19:51.106785	Hopper	up	None
2017-02-22 17:20:03.109526	Hopper	down	None
2017-02-22 17:20:03.412631	Trial	end	257
2017-02-22 17:20:12.697610	Trial	start	258
2017-02-22 17:20:12.699452	Speaker	play	None
2017-02-22 17:20:13.611078	Speaker	stop	None
2017-02-22 17:20:13.611596	Trial	end	258
2017-02-22 17:20:13.612234	Trial	start	259
2017-02-22 17:20:13.614102	Speaker	play	None
2017-02-22 17:20:13.664286	Speaker	stop	None
2017-02-22 17:20:13.664868	Trial	end	259
2017-02-22 17:20:13.665430	Trial	start	260
2017-02-22 17:20:13.667123	Speaker	play	None
2017-02-22 17:20:19.672672	Speaker	stop	None
2017-02-22 17:20:19.673291	Trial	end	260
2017-02-22 17:20:20.102664	Trial	start	261
2017-02-22 17:20:20.105295	Speaker	play	None
2017-02-22 17:20:20.614730	Speaker	stop	None
2017-02-22 17:20:20.615453	Trial	end	261
2017-02-22 17:20:20.616362	Trial	start	262
2017-02-22 17:20:20.618707	Speaker	play	None
2017-02-22 17:20:20.667983	Speaker	stop	None
2017-02-22 17:20:20.668513	Trial	end	262
2017-02-22 17:20:20.669050	Trial	start	263
2017-02-22 17:20:20.670762	Speaker	play	None
2017-02-22 17:20:24.898879	Speaker	stop	None
2017-02-22 17:20:24.899428	Trial	end	263
2017-02-22 17:20:24.902382	Trial	start	264
2017-02-22 17:20:24.905895	Speaker	play	None
2017-02-22 17:20:24.952103	Speaker	stop	None
2017-02-22 17:20:24.952630	Trial	end	264
2017-02-22 17:20:24.953268	Trial	start	265
2017-02-22 17:20:24.955095	Speaker	play	None
2017-02-22 17:20:30.960413	Speaker	stop	None
2017-02-22 17:20:30.960996	Trial	end	265
2017-02-22 17:20:34.912688	Trial	start	266
2017-02-22 17:20:34.914685	Speaker	play	None
2017-02-22 17:20:40.921159	Speaker	stop	None
2017-02-22 17:20:40.921658	Trial	end	266
2017-02-22 17:21:00.437205	Trial	start	267
2017-02-22 17:21:00.439568	Speaker	play	None
2017-02-22 17:21:00.834560	Speaker	stop	None
2017-02-22 17:21:00.835088	Trial	end	267
2017-02-22 17:21:00.835633	Trial	start	268
2017-02-22 17:21:00.837459	Speaker	play	None
2017-02-22 17:21:00.883758	Speaker	stop	None
2017-02-22 17:21:00.884292	Trial	end	268
2017-02-22 17:21:00.884867	Trial	start	269
2017-02-22 17:21:00.886667	Speaker	play	None
2017-02-22 17:21:02.010019	Speaker	stop	None
2017-02-22 17:21:02.010617	Trial	end	269
2017-02-22 17:21:02.011180	Trial	start	270
2017-02-22 17:21:02.013004	Speaker	play	None
2017-02-22 17:21:08.018394	Speaker	stop	None
2017-02-22 17:21:08.019165	Hopper	up	None
2017-02-22 17:21:20.022997	Hopper	down	None
2017-02-22 17:21:20.325941	Trial	end	270
2017-02-22 17:22:48.363321	Trial	start	271
2017-02-22 17:22:48.365775	Speaker	play	None
2017-02-22 17:22:49.231646	Speaker	stop	None
2017-02-22 17:22:49.232211	Trial	end	271
2017-02-22 17:22:49.232856	Trial	start	272
2017-02-22 17:22:49.234664	Speaker	play	None
2017-02-22 17:22:49.284891	Speaker	stop	None
2017-02-22 17:22:49.285562	Trial	end	272
2017-02-22 17:22:49.286301	Trial	start	273
2017-02-22 17:22:49.289014	Speaker	play	None
2017-02-22 17:22:55.297363	Speaker	stop	None
2017-02-22 17:22:55.297904	Trial	end	273
2017-02-22 17:22:57.287815	Trial	start	274
2017-02-22 17:22:57.290448	Speaker	play	None
2017-02-22 17:22:57.341194	Speaker	stop	None
2017-02-22 17:22:57.341804	Trial	end	274
2017-02-22 17:22:57.342510	Trial	start	275
2017-02-22 17:22:57.344461	Speaker	play	None
2017-02-22 17:22:58.238256	Speaker	stop	None
2017-02-22 17:22:58.239162	Trial	end	275
2017-02-22 17:22:58.240036	Trial	start	276
2017-02-22 17:22:58.242254	Speaker	play	None
2017-02-22 17:23:04.246537	Speaker	stop	None
2017-02-22 17:23:04.247104	Trial	end	276
2017-02-22 17:23:04.316182	Trial	start	277
2017-02-22 17:23:04.318148	Speaker	play	None
2017-02-22 17:23:04.365320	Speaker	stop	None
2017-02-22 17:23:04.366211	Trial	end	277
2017-02-22 17:23:04.366855	Trial	start	278
2017-02-22 17:23:04.368681	Speaker	play	None
2017-02-22 17:23:04.823998	Speaker	stop	None
2017-02-22 17:23:04.824555	Trial	end	278
2017-02-22 17:23:04.825100	Trial	start	279
2017-02-22 17:23:04.826767	Speaker	play	None
2017-02-22 17:23:04.926415	Speaker	stop	None
2017-02-22 17:23:04.926976	Trial	end	279
2017-02-22 17:23:04.927595	Trial	start	280
2017-02-22 17:23:04.929450	Speaker	play	None
2017-02-22 17:23:10.934842	Speaker	stop	None
2017-02-22 17:23:10.935623	Hopper	up	None
2017-02-22 17:23:22.939356	Hopper	down	None
2017-02-22 17:23:23.242409	Trial	end	280
2017-02-22 17:27:10.657274	Trial	start	281
2017-02-22 17:27:10.659822	Speaker	play	None
2017-02-22 17:27:12.160573	Speaker	stop	None
2017-02-22 17:27:12.161104	Trial	end	281
2017-02-22 17:27:12.161684	Trial	start	282
2017-02-22 17:27:12.163394	Speaker	play	None
2017-02-22 17:27:12.205573	Speaker	stop	None
2017-02-22 17:27:12.206086	Trial	end	282
2017-02-22 17:27:12.206691	Trial	start	283
2017-02-22 17:27:12.208445	Speaker	play	None
2017-02-22 17:27:13.077927	Speaker	stop	None
2017-02-22 17:27:13.078462	Trial	end	283
2017-02-22 17:27:13.079067	Trial	start	284
2017-02-22 17:27:13.081312	Speaker	play	None
2017-02-22 17:27:13.135309	Speaker	stop	None
2017-02-22 17:27:13.135918	Trial	end	284
2017-02-22 17:27:13.136650	Trial	start	285
2017-02-22 17:27:13.139062	Speaker	play	None
2017-02-22 17:27:19.143839	Speaker	stop	None
2017-02-22 17:27:19.144888	Trial	end	285
2017-02-22 17:27:27.982312	Trial	start	286
2017-02-22 17:27:27.984241	Speaker	play	None
2017-02-22 17:27:33.986593	Speaker	stop	None
2017-02-22 17:27:33.987128	Trial	end	286
2017-02-22 17:27:37.230418	Trial	start	287
2017-02-22 17:27:37.233142	Speaker	play	None
2017-02-22 17:27:37.283721	Speaker	stop	None
2017-02-22 17:27:37.284331	Trial	end	287
2017-02-22 17:27:37.285066	Trial	start	288
2017-02-22 17:27:37.287738	Speaker	play	None
2017-02-22 17:27:43.292088	Speaker	stop	None
2017-02-22 17:27:43.292638	Trial	end	288
2017-02-22 17:27:44.700971	Trial	start	289
2017-02-22 17:27:44.703612	Speaker	play	None
2017-02-22 17:27:45.946171	Speaker	stop	None
2017-02-22 17:27:45.946734	Trial	end	289
2017-02-22 17:27:45.947327	Trial	start	290
2017-02-22 17:27:45.949094	Speaker	play	None
2017-02-22 17:27:45.995306	Speaker	stop	None
2017-02-22 17:27:45.995834	Trial	end	290
2017-02-22 17:27:45.996394	Trial	start	291
2017-02-22 17:27:45.998280	Speaker	play	None
2017-02-22 17:27:49.697844	Speaker	stop	None
2017-02-22 17:27:49.698452	Trial	end	291
2017-02-22 17:27:49.699000	Trial	start	292
2017-02-22 17:27:49.700733	Speaker	play	None
2017-02-22 17:27:49.747030	Speaker	stop	None
2017-02-22 17:27:49.747602	Trial	end	292
2017-02-22 17:27:49.748130	Trial	start	293
2017-02-22 17:27:49.749878	Speaker	play	None
2017-02-22 17:27:51.831706	Speaker	stop	None
2017-02-22 17:27:51.832263	Trial	end	293
2017-02-22 17:27:51.832870	Trial	start	294
2017-02-22 17:27:51.835810	Speaker	play	None
2017-02-22 17:27:57.840141	Speaker	stop	None
2017-02-22 17:27:57.841572	Hopper	up	None
2017-02-22 17:28:09.844642	Hopper	down	None
2017-02-22 17:28:10.147723	Trial	end	294
2017-02-22 17:30:04.090867	Trial	start	295
2017-02-22 17:30:04.092852	Speaker	play	None
2017-02-22 17:30:05.114990	Speaker	stop	None
2017-02-22 17:30:05.116031	Trial	end	295
2017-02-22 17:30:05.117013	Trial	start	296
2017-02-22 17:30:05.119489	Speaker	play	None
2017-02-22 17:30:05.155880	Speaker	stop	None
2017-02-22 17:30:05.156400	Trial	end	296
2017-02-22 17:30:05.156976	Trial	start	297
2017-02-22 17:30:05.158623	Speaker	play	None
2017-02-22 17:30:09.329369	Speaker	stop	None
2017-02-22 17:30:09.329903	Trial	end	297
2017-02-22 17:30:09.330483	Trial	start	298
2017-02-22 17:30:09.332184	Speaker	play	None
2017-02-22 17:30:09.378567	Speaker	stop	None
2017-02-22 17:30:09.379072	Trial	end	298
2017-02-22 17:30:09.379688	Trial	start	299
2017-02-22 17:30:09.381513	Speaker	play	None
2017-02-22 17:30:10.128089	Speaker	stop	None
2017-02-22 17:30:10.128634	Trial	end	299
2017-02-22 17:30:10.129312	Trial	start	300
2017-02-22 17:30:10.131762	Speaker	play	None
2017-02-22 17:30:10.181371	Speaker	stop	None
2017-02-22 17:30:10.181897	Trial	end	300
2017-02-22 17:30:10.182500	Trial	start	301
2017-02-22 17:30:10.184288	Speaker	play	None
2017-02-22 17:30:16.189706	Speaker	stop	None
2017-02-22 17:30:16.190243	Trial	end	301
2017-02-22 17:30:31.237446	Trial	start	302
2017-02-22 17:30:31.239483	Speaker	play	None
2017-02-22 17:30:31.294797	Speaker	stop	None
2017-02-22 17:30:31.295317	Trial	end	302
2017-02-22 17:30:31.295919	Trial	start	303
2017-02-22 17:30:31.297735	Speaker	play	None
2017-02-22 17:30:32.199983	Speaker	stop	None
2017-02-22 17:30:32.200807	Trial	end	303
2017-02-22 17:30:32.201541	Trial	start	304
2017-02-22 17:30:32.204406	Speaker	play	None
2017-02-22 17:30:32.249162	Speaker	stop	None
2017-02-22 17:30:32.249753	Trial	end	304
2017-02-22 17:30:32.250489	Trial	start	305
2017-02-22 17:30:32.252905	Speaker	play	None
2017-02-22 17:30:38.257669	Speaker	stop	None
2017-02-22 17:30:38.258231	Trial	end	305
2017-02-22 17:30:44.695990	Trial	start	306
2017-02-22 17:30:44.698214	Speaker	play	None
2017-02-22 17:30:44.745258	Speaker	stop	None
2017-02-22 17:30:44.746010	Trial	end	306
2017-02-22 17:30:44.746797	Trial	start	307
2017-02-22 17:30:44.748825	Speaker	play	None
2017-02-22 17:30:50.753682	Speaker	stop	None
2017-02-22 17:30:50.754370	Trial	end	307
2017-02-22 17:30:56.651405	Trial	start	308
2017-02-22 17:30:56.653951	Speaker	play	None
2017-02-22 17:31:02.659933	Speaker	stop	None
2017-02-22 17:31:02.660489	Trial	end	308
2017-02-22 17:31:03.966497	Trial	start	309
2017-02-22 17:31:03.968555	Speaker	play	None
2017-02-22 17:31:04.388454	Speaker	stop	None
2017-02-22 17:31:04.389053	Trial	end	309
2017-02-22 17:31:04.389673	Trial	start	310
2017-02-22 17:31:04.391703	Speaker	play	None
2017-02-22 17:31:10.396764	Speaker	stop	None
2017-02-22 17:31:10.397518	Trial	end	310
2017-02-22 17:31:17.240624	Trial	start	311
2017-02-22 17:31:17.243527	Speaker	play	None
2017-02-22 17:31:23.249206	Speaker	stop	None
2017-02-22 17:31:23.250016	Trial	end	311
2017-02-22 17:31:33.283556	Trial	start	312
2017-02-22 17:31:33.285539	Speaker	play	None
2017-02-22 17:31:33.336936	Speaker	stop	None
2017-02-22 17:31:33.337457	Trial	end	312
2017-02-22 17:31:33.338058	Trial	start	313
2017-02-22 17:31:33.339911	Speaker	play	None
2017-02-22 17:31:39.345425	Speaker	stop	None
2017-02-22 17:31:39.346358	Hopper	up	None
2017-02-22 17:31:51.349956	Hopper	down	None
2017-02-22 17:31:51.652937	Trial	end	313
2017-02-22 17:33:53.152948	Trial	start	314
2017-02-22 17:33:53.156266	Speaker	play	None
2017-02-22 17:33:59.161358	Speaker	stop	None
2017-02-22 17:33:59.161988	Trial	end	314
2017-02-22 17:34:11.997291	Trial	start	315
2017-02-22 17:34:11.999219	Speaker	play	None
2017-02-22 17:34:12.050623	Speaker	stop	None
2017-02-22 17:34:12.051159	Trial	end	315
2017-02-22 17:34:12.051753	Trial	start	316
2017-02-22 17:34:12.053588	Speaker	play	None
2017-02-22 17:34:18.059087	Speaker	stop	None
2017-02-22 17:34:18.059930	Hopper	up	None
2017-02-22 17:34:30.063626	Hopper	down	None
2017-02-22 17:34:30.366701	Trial	end	316
2017-02-22 17:36:48.800012	Trial	start	317
2017-02-22 17:36:48.801985	Speaker	play	None
2017-02-22 17:36:54.808429	Speaker	stop	None
2017-02-22 17:36:54.808991	Trial	end	317
2017-02-22 17:37:28.089904	Trial	start	318
2017-02-22 17:37:28.092708	Speaker	play	None
2017-02-22 17:37:34.098254	Speaker	stop	None
2017-02-22 17:37:34.098776	Trial	end	318
2017-02-22 17:37:47.581164	Trial	start	319
2017-02-22 17:37:47.583096	Speaker	play	None
2017-02-22 17:37:47.634474	Speaker	stop	None
2017-02-22 17:37:47.635012	Trial	end	319
2017-02-22 17:37:47.635637	Trial	start	320
2017-02-22 17:37:47.637871	Speaker	play	None
2017-02-22 17:37:53.642860	Speaker	stop	None
2017-02-22 17:37:53.643423	Trial	end	320
2017-02-22 17:37:56.898819	Trial	start	321
2017-02-22 17:37:56.900841	Speaker	play	None
2017-02-22 17:38:02.903170	Speaker	stop	None
2017-02-22 17:38:02.903715	Trial	end	321
2017-02-22 17:38:46.018491	Trial	start	322
2017-02-22 17:38:46.021563	Speaker	play	None
2017-02-22 17:38:52.026916	Speaker	stop	None
2017-02-22 17:38:52.027692	Trial	end	322
2017-02-22 17:39:02.077514	Trial	start	323
2017-02-22 17:39:02.079580	Speaker	play	None
2017-02-22 17:39:08.085888	Speaker	stop	None
2017-02-22 17:39:08.086415	Trial	end	323
2017-02-22 17:39:13.078539	Trial	start	324
2017-02-22 17:39:13.080461	Speaker	play	None
2017-02-22 17:39:19.082993	Speaker	stop	None
2017-02-22 17:39:19.083766	Trial	end	324
2017-02-22 18:18:28.588591	PeckPort	off	None
2017-02-22 18:18:28.588777	HouseLight	on	None
2017-02-22 18:18:28.588909	Hopper	down	None
