2017-04-20 10:11:53.350394	PeckPort	off	None
2017-04-20 10:11:53.350926	HouseLight	on	None
2017-04-20 10:11:53.351507	Hopper	down	None
2017-04-20 10:11:53.654480	Hopper	down	None
2017-04-20 10:11:53.957225	HouseLight	on	None
2017-04-20 10:11:53.957420	PeckPort	on	None
2017-04-20 10:43:19.587877	Trial	start	1
2017-04-20 10:43:19.590576	Speaker	play	None
2017-04-20 10:43:25.596629	Speaker	stop	None
2017-04-20 10:43:25.597520	Hopper	up	None
2017-04-20 10:43:37.601718	Hopper	down	None
2017-04-20 10:43:37.904753	Trial	end	1
2017-04-20 10:44:03.983534	Trial	start	2
2017-04-20 10:44:03.991012	Speaker	play	None
2017-04-20 10:44:09.996264	Speaker	stop	None
2017-04-20 10:44:09.996803	Trial	end	2
2017-04-20 10:44:24.991412	Trial	start	3
2017-04-20 10:44:24.993641	Speaker	play	None
2017-04-20 10:44:27.371236	Speaker	stop	None
2017-04-20 10:44:27.371982	Trial	end	3
2017-04-20 10:44:27.372650	Trial	start	4
2017-04-20 10:44:27.374678	Speaker	play	None
2017-04-20 10:44:33.380164	Speaker	stop	None
2017-04-20 10:44:33.381221	Hopper	up	None
2017-04-20 10:44:45.384826	Hopper	down	None
2017-04-20 10:44:45.687866	Trial	end	4
2017-04-20 10:45:12.696222	Trial	start	5
2017-04-20 10:45:12.700125	Speaker	play	None
2017-04-20 10:45:18.704937	Speaker	stop	None
2017-04-20 10:45:18.705857	Hopper	up	None
2017-04-20 10:45:30.710080	Hopper	down	None
2017-04-20 10:45:31.012987	Trial	end	5
2017-04-20 10:45:47.445695	Trial	start	6
2017-04-20 10:45:47.447934	Speaker	play	None
2017-04-20 10:45:47.638364	Speaker	stop	None
2017-04-20 10:45:47.639518	Trial	end	6
2017-04-20 10:45:47.640153	Trial	start	7
2017-04-20 10:45:47.642280	Speaker	play	None
2017-04-20 10:45:53.646964	Speaker	stop	None
2017-04-20 10:45:53.647534	Trial	end	7
2017-04-20 10:45:55.555510	Trial	start	8
2017-04-20 10:45:55.557520	Speaker	play	None
2017-04-20 10:45:56.084202	Speaker	stop	None
2017-04-20 10:45:56.085151	Trial	end	8
2017-04-20 10:45:56.085898	Trial	start	9
2017-04-20 10:45:56.088836	Speaker	play	None
2017-04-20 10:46:02.092625	Speaker	stop	None
2017-04-20 10:46:02.093351	Hopper	up	None
2017-04-20 10:46:14.093540	Hopper	down	None
2017-04-20 10:46:14.396581	Trial	end	9
2017-04-20 10:46:45.660332	Trial	start	10
2017-04-20 10:46:45.662343	Speaker	play	None
2017-04-20 10:46:47.032801	Speaker	stop	None
2017-04-20 10:46:47.034217	Trial	end	10
2017-04-20 10:46:47.035072	Trial	start	11
2017-04-20 10:46:47.039950	Speaker	play	None
2017-04-20 10:46:47.057167	Speaker	stop	None
2017-04-20 10:46:47.057604	Trial	end	11
2017-04-20 10:46:47.058408	Trial	start	12
2017-04-20 10:46:47.060442	Speaker	play	None
2017-04-20 10:46:53.065914	Speaker	stop	None
2017-04-20 10:46:53.066783	Trial	end	12
2017-04-20 10:47:16.616942	Trial	start	13
2017-04-20 10:47:16.618892	Speaker	play	None
2017-04-20 10:47:16.772694	Speaker	stop	None
2017-04-20 10:47:16.773528	Trial	end	13
2017-04-20 10:47:16.774773	Trial	start	14
2017-04-20 10:47:16.777859	Speaker	play	None
2017-04-20 10:47:22.781331	Speaker	stop	None
2017-04-20 10:47:22.782245	Hopper	up	None
2017-04-20 10:47:34.786155	Hopper	down	None
2017-04-20 10:47:35.089222	Trial	end	14
2017-04-20 10:47:45.857194	Trial	start	15
2017-04-20 10:47:45.859282	Speaker	play	None
2017-04-20 10:47:46.008889	Speaker	stop	None
2017-04-20 10:47:46.009428	Trial	end	15
2017-04-20 10:47:46.010156	Trial	start	16
2017-04-20 10:47:46.012384	Speaker	play	None
2017-04-20 10:47:46.840346	Speaker	stop	None
2017-04-20 10:47:46.840859	Trial	end	16
2017-04-20 10:47:46.841568	Trial	start	17
2017-04-20 10:47:46.843680	Speaker	play	None
2017-04-20 10:47:52.849209	Speaker	stop	None
2017-04-20 10:47:52.850485	Hopper	up	None
2017-04-20 10:48:04.853850	Hopper	down	None
2017-04-20 10:48:05.156945	Trial	end	17
2017-04-20 10:49:06.025376	Trial	start	18
2017-04-20 10:49:06.027836	Speaker	play	None
2017-04-20 10:49:12.034014	Speaker	stop	None
2017-04-20 10:49:12.034900	Hopper	up	None
2017-04-20 10:49:24.038870	Hopper	down	None
2017-04-20 10:49:24.341975	Trial	end	18
2017-04-20 10:49:48.347694	Trial	start	19
2017-04-20 10:49:48.350243	Speaker	play	None
2017-04-20 10:49:54.356413	Speaker	stop	None
2017-04-20 10:49:54.357647	Trial	end	19
2017-04-20 10:49:59.992153	Trial	start	20
2017-04-20 10:49:59.994487	Speaker	play	None
2017-04-20 10:50:00.139815	Speaker	stop	None
2017-04-20 10:50:00.140483	Trial	end	20
2017-04-20 10:50:00.141195	Trial	start	21
2017-04-20 10:50:00.143178	Speaker	play	None
2017-04-20 10:50:00.262561	Speaker	stop	None
2017-04-20 10:50:00.263152	Trial	end	21
2017-04-20 10:50:00.264255	Trial	start	22
2017-04-20 10:50:00.266752	Speaker	play	None
2017-04-20 10:50:06.271181	Speaker	stop	None
2017-04-20 10:50:06.272042	Trial	end	22
2017-04-20 10:50:13.582220	Trial	start	23
2017-04-20 10:50:13.585265	Speaker	play	None
2017-04-20 10:50:19.590770	Speaker	stop	None
2017-04-20 10:50:19.591610	Hopper	up	None
2017-04-20 10:50:31.595588	Hopper	down	None
2017-04-20 10:50:31.898645	Trial	end	23
2017-04-20 10:52:14.744910	Trial	start	24
2017-04-20 10:52:14.747220	Speaker	play	None
2017-04-20 10:52:20.753481	Speaker	stop	None
2017-04-20 10:52:20.754433	Hopper	up	None
2017-04-20 10:52:32.758270	Hopper	down	None
2017-04-20 10:52:33.061358	Trial	end	24
2017-04-20 10:52:49.153815	Trial	start	25
2017-04-20 10:52:49.156208	Speaker	play	None
2017-04-20 10:52:49.305470	Speaker	stop	None
2017-04-20 10:52:49.305989	Trial	end	25
2017-04-20 10:52:49.306716	Trial	start	26
2017-04-20 10:52:49.308475	Speaker	play	None
2017-04-20 10:52:49.444770	Speaker	stop	None
2017-04-20 10:52:49.445650	Trial	end	26
2017-04-20 10:52:49.446590	Trial	start	27
2017-04-20 10:52:49.449415	Speaker	play	None
2017-04-20 10:52:55.453199	Speaker	stop	None
2017-04-20 10:52:55.454139	Hopper	up	None
2017-04-20 10:53:07.458124	Hopper	down	None
2017-04-20 10:53:07.761117	Trial	end	27
2017-04-20 10:53:47.081027	Trial	start	28
2017-04-20 10:53:47.083331	Speaker	play	None
2017-04-20 10:53:53.089517	Speaker	stop	None
2017-04-20 10:53:53.090347	Trial	end	28
2017-04-20 10:54:27.805478	Trial	start	29
2017-04-20 10:54:27.807403	Speaker	play	None
2017-04-20 10:54:28.399617	Speaker	stop	None
2017-04-20 10:54:28.400187	Trial	end	29
2017-04-20 10:54:28.401179	Trial	start	30
2017-04-20 10:54:28.403256	Speaker	play	None
2017-04-20 10:54:30.164813	Speaker	stop	None
2017-04-20 10:54:30.165375	Trial	end	30
2017-04-20 10:54:30.166035	Trial	start	31
2017-04-20 10:54:30.168232	Speaker	play	None
2017-04-20 10:54:36.173341	Speaker	stop	None
2017-04-20 10:54:36.174482	Hopper	up	None
2017-04-20 10:54:48.178029	Hopper	down	None
2017-04-20 10:54:48.481124	Trial	end	31
2017-04-20 10:55:11.278410	Trial	start	32
2017-04-20 10:55:11.281817	Speaker	play	None
2017-04-20 10:55:11.442290	Speaker	stop	None
2017-04-20 10:55:11.442810	Trial	end	32
2017-04-20 10:55:11.443419	Trial	start	33
2017-04-20 10:55:11.445596	Speaker	play	None
2017-04-20 10:55:17.450838	Speaker	stop	None
2017-04-20 10:55:17.451470	Trial	end	33
2017-04-20 10:55:23.643754	Trial	start	34
2017-04-20 10:55:23.646462	Speaker	play	None
2017-04-20 10:55:24.192734	Speaker	stop	None
2017-04-20 10:55:24.193783	Trial	end	34
2017-04-20 10:55:24.194635	Trial	start	35
2017-04-20 10:55:24.196837	Speaker	play	None
2017-04-20 10:55:24.397381	Speaker	stop	None
2017-04-20 10:55:24.397922	Trial	end	35
2017-04-20 10:55:24.398527	Trial	start	36
2017-04-20 10:55:24.400402	Speaker	play	None
2017-04-20 10:55:24.847870	Speaker	stop	None
2017-04-20 10:55:24.848420	Trial	end	36
2017-04-20 10:55:24.849107	Trial	start	37
2017-04-20 10:55:24.850906	Speaker	play	None
2017-04-20 10:55:25.052618	Speaker	stop	None
2017-04-20 10:55:25.053158	Trial	end	37
2017-04-20 10:55:25.053744	Trial	start	38
2017-04-20 10:55:25.055711	Speaker	play	None
2017-04-20 10:55:31.061267	Speaker	stop	None
2017-04-20 10:55:31.062019	Trial	end	38
2017-04-20 10:55:37.376883	Trial	start	39
2017-04-20 10:55:37.379143	Speaker	play	None
2017-04-20 10:55:43.385790	Speaker	stop	None
2017-04-20 10:55:43.386879	Trial	end	39
2017-04-20 10:56:08.652373	Trial	start	40
2017-04-20 10:56:08.654478	Speaker	play	None
2017-04-20 10:56:14.657056	Speaker	stop	None
2017-04-20 10:56:14.658047	Trial	end	40
2017-04-20 10:56:26.538811	Trial	start	41
2017-04-20 10:56:26.542059	Speaker	play	None
2017-04-20 10:56:27.394822	Speaker	stop	None
2017-04-20 10:56:27.395418	Trial	end	41
2017-04-20 10:56:27.396096	Trial	start	42
2017-04-20 10:56:27.398139	Speaker	play	None
2017-04-20 10:56:33.403431	Speaker	stop	None
2017-04-20 10:56:33.405951	Hopper	up	None
2017-04-20 10:56:45.408068	Hopper	down	None
2017-04-20 10:56:45.711246	Trial	end	42
2017-04-20 10:58:21.815084	Trial	start	43
2017-04-20 10:58:21.817417	Speaker	play	None
2017-04-20 10:58:27.823451	Speaker	stop	None
2017-04-20 10:58:27.823954	Trial	end	43
2017-04-20 10:58:47.880541	Trial	start	44
2017-04-20 10:58:47.883577	Speaker	play	None
2017-04-20 10:58:48.052740	Speaker	stop	None
2017-04-20 10:58:48.053545	Trial	end	44
2017-04-20 10:58:48.054240	Trial	start	45
2017-04-20 10:58:48.057163	Speaker	play	None
2017-04-20 10:58:50.506118	Speaker	stop	None
2017-04-20 10:58:50.506848	Trial	end	45
2017-04-20 10:58:50.507844	Trial	start	46
2017-04-20 10:58:50.510299	Speaker	play	None
2017-04-20 10:58:56.514584	Speaker	stop	None
2017-04-20 10:58:56.515491	Hopper	up	None
2017-04-20 10:59:08.519203	Hopper	down	None
2017-04-20 10:59:08.822270	Trial	end	46
2017-04-20 10:59:32.360806	Trial	start	47
2017-04-20 10:59:32.362897	Speaker	play	None
2017-04-20 10:59:32.516519	Speaker	stop	None
2017-04-20 10:59:32.517039	Trial	end	47
2017-04-20 10:59:32.517711	Trial	start	48
2017-04-20 10:59:32.519687	Speaker	play	None
2017-04-20 10:59:32.676382	Speaker	stop	None
2017-04-20 10:59:32.676949	Trial	end	48
2017-04-20 10:59:32.677854	Trial	start	49
2017-04-20 10:59:32.679888	Speaker	play	None
2017-04-20 10:59:38.684857	Speaker	stop	None
2017-04-20 10:59:38.685495	Trial	end	49
2017-04-20 10:59:52.504007	Trial	start	50
2017-04-20 10:59:52.505933	Speaker	play	None
2017-04-20 10:59:52.626878	Speaker	stop	None
2017-04-20 10:59:52.627489	Trial	end	50
2017-04-20 10:59:52.628049	Trial	start	51
2017-04-20 10:59:52.629878	Speaker	play	None
2017-04-20 10:59:58.635387	Speaker	stop	None
2017-04-20 10:59:58.636191	Hopper	up	None
2017-04-20 11:00:10.640125	Hopper	down	None
2017-04-20 11:00:10.943264	Trial	end	51
2017-04-20 11:00:29.943492	Trial	start	52
2017-04-20 11:00:29.945403	Speaker	play	None
2017-04-20 11:00:30.091025	Speaker	stop	None
2017-04-20 11:00:30.091674	Trial	end	52
2017-04-20 11:00:30.092367	Trial	start	53
2017-04-20 11:00:30.094373	Speaker	play	None
2017-04-20 11:00:36.099597	Speaker	stop	None
2017-04-20 11:00:36.100511	Trial	end	53
2017-04-20 11:00:52.351573	Trial	start	54
2017-04-20 11:00:52.358061	Speaker	play	None
2017-04-20 11:00:58.364233	Speaker	stop	None
2017-04-20 11:00:58.364764	Trial	end	54
2017-04-20 11:01:09.795486	Trial	start	55
2017-04-20 11:01:09.797448	Speaker	play	None
2017-04-20 11:01:09.934875	Speaker	stop	None
2017-04-20 11:01:09.935474	Trial	end	55
2017-04-20 11:01:09.936263	Trial	start	56
2017-04-20 11:01:09.938365	Speaker	play	None
2017-04-20 11:01:10.110960	Speaker	stop	None
2017-04-20 11:01:10.111543	Trial	end	56
2017-04-20 11:01:10.112211	Trial	start	57
2017-04-20 11:01:10.114038	Speaker	play	None
2017-04-20 11:01:16.119604	Speaker	stop	None
2017-04-20 11:01:16.120321	Trial	end	57
2017-04-20 11:01:43.753660	Trial	start	58
2017-04-20 11:01:43.755840	Speaker	play	None
2017-04-20 11:01:49.758323	Speaker	stop	None
2017-04-20 11:01:49.759733	Hopper	up	None
2017-04-20 11:02:01.762845	Hopper	down	None
2017-04-20 11:02:02.065840	Trial	end	58
2017-04-20 11:03:04.178421	Trial	start	59
2017-04-20 11:03:04.181017	Speaker	play	None
2017-04-20 11:03:04.313790	Speaker	stop	None
2017-04-20 11:03:04.314507	Trial	end	59
2017-04-20 11:03:04.315395	Trial	start	60
2017-04-20 11:03:04.318339	Speaker	play	None
2017-04-20 11:03:05.472783	Speaker	stop	None
2017-04-20 11:03:05.473413	Trial	end	60
2017-04-20 11:03:05.474239	Trial	start	61
2017-04-20 11:03:05.476359	Speaker	play	None
2017-04-20 11:03:05.624285	Speaker	stop	None
2017-04-20 11:03:05.624789	Trial	end	61
2017-04-20 11:03:05.625421	Trial	start	62
2017-04-20 11:03:05.627365	Speaker	play	None
2017-04-20 11:03:11.632847	Speaker	stop	None
2017-04-20 11:03:11.633705	Hopper	up	None
2017-04-20 11:03:23.637471	Hopper	down	None
2017-04-20 11:03:23.940629	Trial	end	62
2017-04-20 11:03:41.560629	Trial	start	63
2017-04-20 11:03:41.562599	Speaker	play	None
2017-04-20 11:03:47.565187	Speaker	stop	None
2017-04-20 11:03:47.566692	Hopper	up	None
2017-04-20 11:03:59.569822	Hopper	down	None
2017-04-20 11:03:59.872828	Trial	end	63
2017-04-20 11:04:16.083960	Trial	start	64
2017-04-20 11:04:16.085972	Speaker	play	None
2017-04-20 11:04:22.088500	Speaker	stop	None
2017-04-20 11:04:22.089557	Hopper	up	None
2017-04-20 11:04:34.093122	Hopper	down	None
2017-04-20 11:04:34.396161	Trial	end	64
2017-04-20 11:05:00.813986	Trial	start	65
2017-04-20 11:05:00.815971	Speaker	play	None
2017-04-20 11:05:00.965596	Speaker	stop	None
2017-04-20 11:05:00.966177	Trial	end	65
2017-04-20 11:05:00.966849	Trial	start	66
2017-04-20 11:05:00.968879	Speaker	play	None
2017-04-20 11:05:06.974126	Speaker	stop	None
2017-04-20 11:05:06.974880	Trial	end	66
2017-04-20 11:06:43.855671	Trial	start	67
2017-04-20 11:06:43.858228	Speaker	play	None
2017-04-20 11:06:49.864092	Speaker	stop	None
2017-04-20 11:06:49.865320	Trial	end	67
2017-04-20 11:07:04.998020	Trial	start	68
2017-04-20 11:07:05.001631	Speaker	play	None
2017-04-20 11:07:05.124930	Speaker	stop	None
2017-04-20 11:07:05.125835	Trial	end	68
2017-04-20 11:07:05.126444	Trial	start	69
2017-04-20 11:07:05.128223	Speaker	play	None
2017-04-20 11:07:05.411712	Speaker	stop	None
2017-04-20 11:07:05.412613	Trial	end	69
2017-04-20 11:07:05.413249	Trial	start	70
2017-04-20 11:07:05.415977	Speaker	play	None
2017-04-20 11:07:07.856886	Speaker	stop	None
2017-04-20 11:07:07.857464	Trial	end	70
2017-04-20 11:07:07.858122	Trial	start	71
2017-04-20 11:07:07.860585	Speaker	play	None
2017-04-20 11:07:08.029031	Speaker	stop	None
2017-04-20 11:07:08.031249	Trial	end	71
2017-04-20 11:07:08.033573	Trial	start	72
2017-04-20 11:07:08.036158	Speaker	play	None
2017-04-20 11:07:14.041465	Speaker	stop	None
2017-04-20 11:07:14.042537	Trial	end	72
2017-04-20 11:27:44.214493	Trial	start	73
2017-04-20 11:27:44.216471	Speaker	play	None
2017-04-20 11:27:50.219016	Speaker	stop	None
2017-04-20 11:27:50.219649	Trial	end	73
2017-04-20 11:28:13.929738	Trial	start	74
2017-04-20 11:28:13.933082	Speaker	play	None
2017-04-20 11:28:19.938422	Speaker	stop	None
2017-04-20 11:28:19.938989	Trial	end	74
2017-04-20 11:28:22.342565	Trial	start	75
2017-04-20 11:28:22.344594	Speaker	play	None
2017-04-20 11:28:28.347168	Speaker	stop	None
2017-04-20 11:28:28.348163	Hopper	up	None
2017-04-20 11:28:40.351936	Hopper	down	None
2017-04-20 11:28:40.655024	Trial	end	75
2017-04-20 11:31:27.531132	Trial	start	76
2017-04-20 11:31:27.533384	Speaker	play	None
2017-04-20 11:31:33.539869	Speaker	stop	None
2017-04-20 11:31:33.540565	Trial	end	76
2017-04-20 11:31:53.630100	Trial	start	77
2017-04-20 11:31:53.635999	Speaker	play	None
2017-04-20 11:31:59.646562	Speaker	stop	None
2017-04-20 11:31:59.647538	Hopper	up	None
2017-04-20 11:32:11.651328	Hopper	down	None
2017-04-20 11:32:11.954407	Trial	end	77
2017-04-20 11:32:46.297762	Trial	start	78
2017-04-20 11:32:46.299580	Speaker	play	None
2017-04-20 11:32:46.506873	Speaker	stop	None
2017-04-20 11:32:46.507916	Trial	end	78
2017-04-20 11:32:46.508710	Trial	start	79
2017-04-20 11:32:46.511220	Speaker	play	None
2017-04-20 11:32:52.515333	Speaker	stop	None
2017-04-20 11:32:52.515907	Trial	end	79
2017-04-20 11:33:13.322019	Trial	start	80
2017-04-20 11:33:13.324134	Speaker	play	None
2017-04-20 11:33:13.494104	Speaker	stop	None
2017-04-20 11:33:13.494749	Trial	end	80
2017-04-20 11:33:13.495541	Trial	start	81
2017-04-20 11:33:13.498513	Speaker	play	None
2017-04-20 11:33:14.948384	Speaker	stop	None
2017-04-20 11:33:14.949028	Trial	end	81
2017-04-20 11:33:14.949638	Trial	start	82
2017-04-20 11:33:14.951881	Speaker	play	None
2017-04-20 11:33:15.116152	Speaker	stop	None
2017-04-20 11:33:15.116856	Trial	end	82
2017-04-20 11:33:15.118405	Trial	start	83
2017-04-20 11:33:15.121385	Speaker	play	None
2017-04-20 11:33:15.530052	Speaker	stop	None
2017-04-20 11:33:15.530792	Trial	end	83
2017-04-20 11:33:15.532042	Trial	start	84
2017-04-20 11:33:15.534888	Speaker	play	None
2017-04-20 11:33:21.538255	Speaker	stop	None
2017-04-20 11:33:21.538798	Trial	end	84
2017-04-20 11:33:35.017828	Trial	start	85
2017-04-20 11:33:35.021577	Speaker	play	None
2017-04-20 11:33:41.026216	Speaker	stop	None
2017-04-20 11:33:41.027006	Trial	end	85
2017-04-20 11:33:47.264037	Trial	start	86
2017-04-20 11:33:47.266424	Speaker	play	None
2017-04-20 11:33:49.643769	Speaker	stop	None
2017-04-20 11:33:49.644349	Trial	end	86
2017-04-20 11:33:49.644954	Trial	start	87
2017-04-20 11:33:49.646791	Speaker	play	None
2017-04-20 11:33:49.820094	Speaker	stop	None
2017-04-20 11:33:49.820852	Trial	end	87
2017-04-20 11:33:49.821745	Trial	start	88
2017-04-20 11:33:49.823764	Speaker	play	None
2017-04-20 11:33:49.987858	Speaker	stop	None
2017-04-20 11:33:49.988485	Trial	end	88
2017-04-20 11:33:49.989456	Trial	start	89
2017-04-20 11:33:49.991503	Speaker	play	None
2017-04-20 11:33:55.996369	Speaker	stop	None
2017-04-20 11:33:55.996882	Trial	end	89
2017-04-20 11:34:15.983912	Trial	start	90
2017-04-20 11:34:15.986313	Speaker	play	None
2017-04-20 11:34:16.160275	Speaker	stop	None
2017-04-20 11:34:16.160979	Trial	end	90
2017-04-20 11:34:16.162176	Trial	start	91
2017-04-20 11:34:16.164491	Speaker	play	None
2017-04-20 11:34:17.089910	Speaker	stop	None
2017-04-20 11:34:17.090467	Trial	end	91
2017-04-20 11:34:17.091060	Trial	start	92
2017-04-20 11:34:17.093253	Speaker	play	None
2017-04-20 11:34:23.098343	Speaker	stop	None
2017-04-20 11:34:23.098892	Trial	end	92
2017-04-20 11:34:49.094407	Trial	start	93
2017-04-20 11:34:49.102064	Speaker	play	None
2017-04-20 11:34:49.377097	Speaker	stop	None
2017-04-20 11:34:49.377642	Trial	end	93
2017-04-20 11:34:49.378248	Trial	start	94
2017-04-20 11:34:49.380183	Speaker	play	None
2017-04-20 11:34:55.385651	Speaker	stop	None
2017-04-20 11:34:55.386532	Hopper	up	None
2017-04-20 11:35:07.390469	Hopper	down	None
2017-04-20 11:35:07.697602	Trial	end	94
2017-04-20 11:35:18.952899	Trial	start	95
2017-04-20 11:35:18.955789	Speaker	play	None
2017-04-20 11:35:24.961509	Speaker	stop	None
2017-04-20 11:35:24.962115	Trial	end	95
2017-04-20 11:35:38.166505	Trial	start	96
2017-04-20 11:35:38.169085	Speaker	play	None
2017-04-20 11:35:38.715467	Speaker	stop	None
2017-04-20 11:35:38.716233	Trial	end	96
2017-04-20 11:35:38.717211	Trial	start	97
2017-04-20 11:35:38.719629	Speaker	play	None
2017-04-20 11:35:44.723788	Speaker	stop	None
2017-04-20 11:35:44.724335	Trial	end	97
2017-04-20 11:35:56.450068	Trial	start	98
2017-04-20 11:35:56.452080	Speaker	play	None
2017-04-20 11:36:02.372853	Speaker	stop	None
2017-04-20 11:36:02.373593	Trial	end	98
2017-04-20 11:36:02.375253	Trial	start	99
2017-04-20 11:36:02.377650	Speaker	play	None
2017-04-20 11:36:02.810947	Speaker	stop	None
2017-04-20 11:36:02.811453	Trial	end	99
2017-04-20 11:36:02.812160	Trial	start	100
2017-04-20 11:36:02.814030	Speaker	play	None
2017-04-20 11:36:02.970659	Speaker	stop	None
2017-04-20 11:36:02.971265	Trial	end	100
2017-04-20 11:36:02.972097	Trial	start	101
2017-04-20 11:36:02.975021	Speaker	play	None
2017-04-20 11:36:08.979251	Speaker	stop	None
2017-04-20 11:36:08.979789	Trial	end	101
2017-04-20 11:36:32.145134	Trial	start	102
2017-04-20 11:36:32.148687	Speaker	play	None
2017-04-20 11:36:38.153723	Speaker	stop	None
2017-04-20 11:36:38.154306	Trial	end	102
2017-04-20 11:36:39.562771	Trial	start	103
2017-04-20 11:36:39.565314	Speaker	play	None
2017-04-20 11:36:41.782647	Speaker	stop	None
2017-04-20 11:36:41.783310	Trial	end	103
2017-04-20 11:36:41.784030	Trial	start	104
2017-04-20 11:36:41.786167	Speaker	play	None
2017-04-20 11:36:41.970936	Speaker	stop	None
2017-04-20 11:36:41.971520	Trial	end	104
2017-04-20 11:36:41.972205	Trial	start	105
2017-04-20 11:36:41.974584	Speaker	play	None
2017-04-20 11:36:44.281088	Speaker	stop	None
2017-04-20 11:36:44.281841	Trial	end	105
2017-04-20 11:36:44.282685	Trial	start	106
2017-04-20 11:36:44.284696	Speaker	play	None
2017-04-20 11:36:44.485874	Speaker	stop	None
2017-04-20 11:36:44.486405	Trial	end	106
2017-04-20 11:36:44.487091	Trial	start	107
2017-04-20 11:36:44.489364	Speaker	play	None
2017-04-20 11:36:44.711181	Speaker	stop	None
2017-04-20 11:36:44.711699	Trial	end	107
2017-04-20 11:36:44.712583	Trial	start	108
2017-04-20 11:36:44.714565	Speaker	play	None
2017-04-20 11:36:44.854494	Speaker	stop	None
2017-04-20 11:36:44.855049	Trial	end	108
2017-04-20 11:36:44.855716	Trial	start	109
2017-04-20 11:36:44.858064	Speaker	play	None
2017-04-20 11:36:45.026593	Speaker	stop	None
2017-04-20 11:36:45.027497	Trial	end	109
2017-04-20 11:36:45.028474	Trial	start	110
2017-04-20 11:36:45.030446	Speaker	play	None
2017-04-20 11:36:51.035041	Speaker	stop	None
2017-04-20 11:36:51.035663	Trial	end	110
2017-04-20 11:37:03.506649	Trial	start	111
2017-04-20 11:37:03.508833	Speaker	play	None
2017-04-20 11:37:03.629620	Speaker	stop	None
2017-04-20 11:37:03.630160	Trial	end	111
2017-04-20 11:37:03.630943	Trial	start	112
2017-04-20 11:37:03.633279	Speaker	play	None
2017-04-20 11:37:03.809846	Speaker	stop	None
2017-04-20 11:37:03.810388	Trial	end	112
2017-04-20 11:37:03.810991	Trial	start	113
2017-04-20 11:37:03.812756	Speaker	play	None
2017-04-20 11:37:09.818584	Speaker	stop	None
2017-04-20 11:37:09.819622	Trial	end	113
2017-04-20 11:38:01.495163	Trial	start	114
2017-04-20 11:38:01.497475	Speaker	play	None
2017-04-20 11:38:01.687753	Speaker	stop	None
2017-04-20 11:38:01.688401	Trial	end	114
2017-04-20 11:38:01.689231	Trial	start	115
2017-04-20 11:38:01.691305	Speaker	play	None
2017-04-20 11:38:07.696418	Speaker	stop	None
2017-04-20 11:38:07.697852	Hopper	up	None
2017-04-20 11:38:19.701067	Hopper	down	None
2017-04-20 11:38:20.004064	Trial	end	115
2017-04-20 11:38:46.381101	Trial	start	116
2017-04-20 11:38:46.384233	Speaker	play	None
2017-04-20 11:38:51.120040	Speaker	stop	None
2017-04-20 11:38:51.120586	Trial	end	116
2017-04-20 11:38:51.121164	Trial	start	117
2017-04-20 11:38:51.122953	Speaker	play	None
2017-04-20 11:38:51.599305	Speaker	stop	None
2017-04-20 11:38:51.600144	Trial	end	117
2017-04-20 11:38:51.601324	Trial	start	118
2017-04-20 11:38:51.603640	Speaker	play	None
2017-04-20 11:38:51.759133	Speaker	stop	None
2017-04-20 11:38:51.759772	Trial	end	118
2017-04-20 11:38:51.760529	Trial	start	119
2017-04-20 11:38:51.762738	Speaker	play	None
2017-04-20 11:38:51.926895	Speaker	stop	None
2017-04-20 11:38:51.927499	Trial	end	119
2017-04-20 11:38:51.928162	Trial	start	120
2017-04-20 11:38:51.930668	Speaker	play	None
2017-04-20 11:38:57.935426	Speaker	stop	None
2017-04-20 11:38:57.936031	Trial	end	120
2017-04-20 11:39:21.048009	Trial	start	121
2017-04-20 11:39:21.050261	Speaker	play	None
2017-04-20 11:39:21.207838	Speaker	stop	None
2017-04-20 11:39:21.208553	Trial	end	121
2017-04-20 11:39:21.209491	Trial	start	122
2017-04-20 11:39:21.211482	Speaker	play	None
2017-04-20 11:39:21.367606	Speaker	stop	None
2017-04-20 11:39:21.368113	Trial	end	122
2017-04-20 11:39:21.369882	Trial	start	123
2017-04-20 11:39:21.373093	Speaker	play	None
2017-04-20 11:39:27.376097	Speaker	stop	None
2017-04-20 11:39:27.376693	Trial	end	123
2017-04-20 11:39:36.800660	Trial	start	124
2017-04-20 11:39:36.804083	Speaker	play	None
2017-04-20 11:39:36.964435	Speaker	stop	None
2017-04-20 11:39:36.965089	Trial	end	124
2017-04-20 11:39:36.966015	Trial	start	125
2017-04-20 11:39:36.969782	Speaker	play	None
2017-04-20 11:39:42.972920	Speaker	stop	None
2017-04-20 11:39:42.973851	Hopper	up	None
2017-04-20 11:39:54.977721	Hopper	down	None
2017-04-20 11:39:55.280783	Trial	end	125
2017-04-20 11:40:26.494897	Trial	start	126
2017-04-20 11:40:26.496872	Speaker	play	None
2017-04-20 11:40:32.503520	Speaker	stop	None
2017-04-20 11:40:32.504398	Hopper	up	None
2017-04-20 11:40:44.508226	Hopper	down	None
2017-04-20 11:40:44.811444	Trial	end	126
2017-04-20 11:41:16.070504	Trial	start	127
2017-04-20 11:41:16.072726	Speaker	play	None
2017-04-20 11:41:16.205779	Speaker	stop	None
2017-04-20 11:41:16.206336	Trial	end	127
2017-04-20 11:41:16.206911	Trial	start	128
2017-04-20 11:41:16.208635	Speaker	play	None
2017-04-20 11:41:22.214351	Speaker	stop	None
2017-04-20 11:41:22.215272	Hopper	up	None
2017-04-20 11:41:34.219050	Hopper	down	None
2017-04-20 11:41:34.522164	Trial	end	128
2017-04-20 11:42:12.350991	Trial	start	129
2017-04-20 11:42:12.353076	Speaker	play	None
2017-04-20 11:42:12.478167	Speaker	stop	None
2017-04-20 11:42:12.479341	Trial	end	129
2017-04-20 11:42:12.480161	Trial	start	130
2017-04-20 11:42:12.482469	Speaker	play	None
2017-04-20 11:42:12.637738	Speaker	stop	None
2017-04-20 11:42:12.638267	Trial	end	130
2017-04-20 11:42:12.638892	Trial	start	131
2017-04-20 11:42:12.641024	Speaker	play	None
2017-04-20 11:42:18.646294	Speaker	stop	None
2017-04-20 11:42:18.647086	Trial	end	131
2017-04-20 11:43:47.250791	Trial	start	132
2017-04-20 11:43:47.253338	Speaker	play	None
2017-04-20 11:43:53.259351	Speaker	stop	None
2017-04-20 11:43:53.260201	Hopper	up	None
2017-04-20 11:44:05.264075	Hopper	down	None
2017-04-20 11:44:05.567165	Trial	end	132
2017-04-20 11:44:20.713431	Trial	start	133
2017-04-20 11:44:20.715521	Speaker	play	None
2017-04-20 11:44:20.848693	Speaker	stop	None
2017-04-20 11:44:20.849308	Trial	end	133
2017-04-20 11:44:20.849984	Trial	start	134
2017-04-20 11:44:20.852333	Speaker	play	None
2017-04-20 11:44:26.857210	Speaker	stop	None
2017-04-20 11:44:26.857757	Trial	end	134
2017-04-20 11:44:46.676864	Trial	start	135
2017-04-20 11:44:46.679349	Speaker	play	None
2017-04-20 11:44:46.832493	Speaker	stop	None
2017-04-20 11:44:46.833081	Trial	end	135
2017-04-20 11:44:46.833950	Trial	start	136
2017-04-20 11:44:46.835814	Speaker	play	None
2017-04-20 11:44:47.049578	Speaker	stop	None
2017-04-20 11:44:47.050115	Trial	end	136
2017-04-20 11:44:47.050735	Trial	start	137
2017-04-20 11:44:47.052441	Speaker	play	None
2017-04-20 11:44:47.221537	Speaker	stop	None
2017-04-20 11:44:47.222120	Trial	end	137
2017-04-20 11:44:47.223031	Trial	start	138
2017-04-20 11:44:47.224972	Speaker	play	None
2017-04-20 11:44:47.389553	Speaker	stop	None
2017-04-20 11:44:47.390165	Trial	end	138
2017-04-20 11:44:47.391729	Trial	start	139
2017-04-20 11:44:47.396797	Speaker	play	None
2017-04-20 11:44:47.520546	Speaker	stop	None
2017-04-20 11:44:47.521056	Trial	end	139
2017-04-20 11:44:47.521827	Trial	start	140
2017-04-20 11:44:47.524299	Speaker	play	None
2017-04-20 11:44:47.696685	Speaker	stop	None
2017-04-20 11:44:47.697254	Trial	end	140
2017-04-20 11:44:47.697961	Trial	start	141
2017-04-20 11:44:47.699918	Speaker	play	None
2017-04-20 11:44:49.875801	Speaker	stop	None
2017-04-20 11:44:49.876475	Trial	end	141
2017-04-20 11:44:49.878836	Trial	start	142
2017-04-20 11:44:49.880832	Speaker	play	None
2017-04-20 11:44:50.039496	Speaker	stop	None
2017-04-20 11:44:50.040107	Trial	end	142
2017-04-20 11:44:50.041142	Trial	start	143
2017-04-20 11:44:50.044392	Speaker	play	None
2017-04-20 11:44:56.048032	Speaker	stop	None
2017-04-20 11:44:56.048913	Hopper	up	None
2017-04-20 11:45:08.052756	Hopper	down	None
2017-04-20 11:45:08.355834	Trial	end	143
2017-04-20 11:45:31.346413	Trial	start	144
2017-04-20 11:45:31.348654	Speaker	play	None
2017-04-20 11:45:37.354030	Speaker	stop	None
2017-04-20 11:45:37.355635	Trial	end	144
2017-04-20 11:45:46.272756	Trial	start	145
2017-04-20 11:45:46.274864	Speaker	play	None
2017-04-20 11:45:52.280337	Speaker	stop	None
2017-04-20 11:45:52.281031	Trial	end	145
2017-04-20 11:46:07.497342	Trial	start	146
2017-04-20 11:46:07.499557	Speaker	play	None
2017-04-20 11:46:07.657158	Speaker	stop	None
2017-04-20 11:46:07.658022	Trial	end	146
2017-04-20 11:46:07.659281	Trial	start	147
2017-04-20 11:46:07.661532	Speaker	play	None
2017-04-20 11:46:07.816827	Speaker	stop	None
2017-04-20 11:46:07.817349	Trial	end	147
2017-04-20 11:46:07.818024	Trial	start	148
2017-04-20 11:46:07.820300	Speaker	play	None
2017-04-20 11:46:07.972741	Speaker	stop	None
2017-04-20 11:46:07.973881	Trial	end	148
2017-04-20 11:46:07.974786	Trial	start	149
2017-04-20 11:46:07.976792	Speaker	play	None
2017-04-20 11:46:08.132123	Speaker	stop	None
2017-04-20 11:46:08.132690	Trial	end	149
2017-04-20 11:46:08.133488	Trial	start	150
2017-04-20 11:46:08.135915	Speaker	play	None
2017-04-20 11:46:08.267266	Speaker	stop	None
2017-04-20 11:46:08.267834	Trial	end	150
2017-04-20 11:46:08.268575	Trial	start	151
2017-04-20 11:46:08.271615	Speaker	play	None
2017-04-20 11:46:08.439550	Speaker	stop	None
2017-04-20 11:46:08.440402	Trial	end	151
2017-04-20 11:46:08.441352	Trial	start	152
2017-04-20 11:46:08.443489	Speaker	play	None
2017-04-20 11:46:08.623598	Speaker	stop	None
2017-04-20 11:46:08.624362	Trial	end	152
2017-04-20 11:46:08.625042	Trial	start	153
2017-04-20 11:46:08.626766	Speaker	play	None
2017-04-20 11:46:08.725951	Speaker	stop	None
2017-04-20 11:46:08.726446	Trial	end	153
2017-04-20 11:46:08.727321	Trial	start	154
2017-04-20 11:46:08.729986	Speaker	play	None
2017-04-20 11:46:08.852909	Speaker	stop	None
2017-04-20 11:46:08.853716	Trial	end	154
2017-04-20 11:46:08.854632	Trial	start	155
2017-04-20 11:46:08.857172	Speaker	play	None
2017-04-20 11:46:14.860281	Speaker	stop	None
2017-04-20 11:46:14.861030	Hopper	up	None
2017-04-20 11:46:26.863027	Hopper	down	None
2017-04-20 11:46:27.165991	Trial	end	155
2017-04-20 11:46:59.406737	Trial	start	156
2017-04-20 11:46:59.411591	Speaker	play	None
2017-04-20 11:47:05.418307	Speaker	stop	None
2017-04-20 11:47:05.418978	Trial	end	156
2017-04-20 11:47:23.543249	Trial	start	157
2017-04-20 11:47:23.545356	Speaker	play	None
2017-04-20 11:47:23.703079	Speaker	stop	None
2017-04-20 11:47:23.703626	Trial	end	157
2017-04-20 11:47:23.704307	Trial	start	158
2017-04-20 11:47:23.706364	Speaker	play	None
2017-04-20 11:47:23.895561	Speaker	stop	None
2017-04-20 11:47:23.896234	Trial	end	158
2017-04-20 11:47:23.897311	Trial	start	159
2017-04-20 11:47:23.900155	Speaker	play	None
2017-04-20 11:47:24.042975	Speaker	stop	None
2017-04-20 11:47:24.043554	Trial	end	159
2017-04-20 11:47:24.044285	Trial	start	160
2017-04-20 11:47:24.046791	Speaker	play	None
2017-04-20 11:47:30.050570	Speaker	stop	None
2017-04-20 11:47:30.051183	Trial	end	160
2017-04-20 11:49:08.933047	Trial	start	161
2017-04-20 11:49:08.935561	Speaker	play	None
2017-04-20 11:49:09.068379	Speaker	stop	None
2017-04-20 11:49:09.068957	Trial	end	161
2017-04-20 11:49:09.069585	Trial	start	162
2017-04-20 11:49:09.071742	Speaker	play	None
2017-04-20 11:49:09.187007	Speaker	stop	None
2017-04-20 11:49:09.187578	Trial	end	162
2017-04-20 11:49:09.188278	Trial	start	163
2017-04-20 11:49:09.190112	Speaker	play	None
2017-04-20 11:49:15.194848	Speaker	stop	None
2017-04-20 11:49:15.196260	Hopper	up	None
2017-04-20 11:49:27.197822	Hopper	down	None
2017-04-20 11:49:27.500869	Trial	end	163
2017-04-20 11:49:44.508447	Trial	start	164
2017-04-20 11:49:44.510926	Speaker	play	None
2017-04-20 11:49:50.516299	Speaker	stop	None
2017-04-20 11:49:50.518606	Hopper	up	None
2017-04-20 11:50:02.519489	Hopper	down	None
2017-04-20 11:50:02.822568	Trial	end	164
2017-04-20 11:50:40.896470	Trial	start	165
2017-04-20 11:50:40.898306	Speaker	play	None
2017-04-20 11:50:41.039948	Speaker	stop	None
2017-04-20 11:50:41.040646	Trial	end	165
2017-04-20 11:50:41.041394	Trial	start	166
2017-04-20 11:50:41.043396	Speaker	play	None
2017-04-20 11:50:41.248759	Speaker	stop	None
2017-04-20 11:50:41.249487	Trial	end	166
2017-04-20 11:50:41.250343	Trial	start	167
2017-04-20 11:50:41.253258	Speaker	play	None
2017-04-20 11:50:47.256584	Speaker	stop	None
2017-04-20 11:50:47.257182	Trial	end	167
2017-04-20 11:52:25.307402	Trial	start	168
2017-04-20 11:52:25.309557	Speaker	play	None
2017-04-20 11:52:25.467308	Speaker	stop	None
2017-04-20 11:52:25.468475	Trial	end	168
2017-04-20 11:52:25.469728	Trial	start	169
2017-04-20 11:52:25.479582	Speaker	play	None
2017-04-20 11:52:25.659575	Speaker	stop	None
2017-04-20 11:52:25.660269	Trial	end	169
2017-04-20 11:52:25.661209	Trial	start	170
2017-04-20 11:52:25.663190	Speaker	play	None
2017-04-20 11:52:31.667461	Speaker	stop	None
2017-04-20 11:52:31.668505	Hopper	up	None
2017-04-20 11:52:43.670906	Hopper	down	None
2017-04-20 11:52:43.973973	Trial	end	170
2017-04-20 11:53:01.170482	Trial	start	171
2017-04-20 11:53:01.173680	Speaker	play	None
2017-04-20 11:53:07.178543	Speaker	stop	None
2017-04-20 11:53:07.179075	Trial	end	171
2017-04-20 11:54:44.600401	Trial	start	172
2017-04-20 11:54:44.602558	Speaker	play	None
2017-04-20 11:54:44.727626	Speaker	stop	None
2017-04-20 11:54:44.728307	Trial	end	172
2017-04-20 11:54:44.729174	Trial	start	173
2017-04-20 11:54:44.731165	Speaker	play	None
2017-04-20 11:54:50.735435	Speaker	stop	None
2017-04-20 11:54:50.736455	Hopper	up	None
2017-04-20 11:55:02.739198	Hopper	down	None
2017-04-20 11:55:03.042169	Trial	end	173
2017-04-20 11:55:31.362395	Trial	start	174
2017-04-20 11:55:31.364738	Speaker	play	None
2017-04-20 11:55:31.559056	Speaker	stop	None
2017-04-20 11:55:31.560275	Trial	end	174
2017-04-20 11:55:31.561190	Trial	start	175
2017-04-20 11:55:31.563779	Speaker	play	None
2017-04-20 11:55:37.567045	Speaker	stop	None
2017-04-20 11:55:37.567621	Trial	end	175
2017-04-20 12:26:35.919696	Trial	start	176
2017-04-20 12:26:35.923965	Speaker	play	None
2017-04-20 12:26:41.930463	Speaker	stop	None
2017-04-20 12:26:41.931045	Trial	end	176
2017-04-20 12:26:58.240893	Trial	start	177
2017-04-20 12:26:58.248376	Speaker	play	None
2017-04-20 12:27:04.252776	Speaker	stop	None
2017-04-20 12:27:04.253892	Hopper	up	None
2017-04-20 12:27:16.255367	Hopper	down	None
2017-04-20 12:27:16.558447	Trial	end	177
2017-04-20 12:36:31.380836	Trial	start	178
2017-04-20 12:36:31.384514	Speaker	play	None
2017-04-20 12:36:37.388560	Speaker	stop	None
2017-04-20 12:36:37.389597	Trial	end	178
2017-04-20 12:37:41.305886	Trial	start	179
2017-04-20 12:37:41.308698	Speaker	play	None
2017-04-20 12:37:47.313416	Speaker	stop	None
2017-04-20 12:37:47.313943	Trial	end	179
2017-04-20 12:37:50.110490	Trial	start	180
2017-04-20 12:37:50.113077	Speaker	play	None
2017-04-20 12:37:50.286711	Speaker	stop	None
2017-04-20 12:37:50.288165	Trial	end	180
2017-04-20 12:37:50.289015	Trial	start	181
2017-04-20 12:37:50.291214	Speaker	play	None
2017-04-20 12:37:56.294183	Speaker	stop	None
2017-04-20 12:37:56.294900	Hopper	up	None
2017-04-20 12:38:08.297098	Hopper	down	None
2017-04-20 12:38:08.600031	Trial	end	181
2017-04-20 12:38:24.390997	Trial	start	182
2017-04-20 12:38:24.392960	Speaker	play	None
2017-04-20 12:38:30.398732	Speaker	stop	None
2017-04-20 12:38:30.401071	Hopper	up	None
2017-04-20 12:38:42.405543	Hopper	down	None
2017-04-20 12:38:42.708685	Trial	end	182
2017-04-20 12:39:27.265001	Trial	start	183
2017-04-20 12:39:27.267269	Speaker	play	None
2017-04-20 12:39:33.272714	Speaker	stop	None
2017-04-20 12:39:33.273622	Hopper	up	None
2017-04-20 12:39:45.277058	Hopper	down	None
2017-04-20 12:39:45.580612	Trial	end	183
2017-04-20 12:40:15.512939	Trial	start	184
2017-04-20 12:40:15.514858	Speaker	play	None
2017-04-20 12:40:21.519148	Speaker	stop	None
2017-04-20 12:40:21.519703	Trial	end	184
2017-04-20 12:40:36.657516	Trial	start	185
2017-04-20 12:40:36.659992	Speaker	play	None
2017-04-20 12:40:37.965112	Speaker	stop	None
2017-04-20 12:40:37.965635	Trial	end	185
2017-04-20 12:40:37.966187	Trial	start	186
2017-04-20 12:40:37.968658	Speaker	play	None
2017-04-20 12:40:39.371025	Speaker	stop	None
2017-04-20 12:40:39.371759	Trial	end	186
2017-04-20 12:40:39.372396	Trial	start	187
2017-04-20 12:40:39.374500	Speaker	play	None
2017-04-20 12:40:39.539292	Speaker	stop	None
2017-04-20 12:40:39.539914	Trial	end	187
2017-04-20 12:40:39.541284	Trial	start	188
2017-04-20 12:40:39.543249	Speaker	play	None
2017-04-20 12:40:40.362922	Speaker	stop	None
2017-04-20 12:40:40.363475	Trial	end	188
2017-04-20 12:40:40.364168	Trial	start	189
2017-04-20 12:40:40.366082	Speaker	play	None
2017-04-20 12:40:46.371583	Speaker	stop	None
2017-04-20 12:40:46.372419	Trial	end	189
2017-04-20 12:40:59.494444	Trial	start	190
2017-04-20 12:40:59.497235	Speaker	play	None
2017-04-20 12:40:59.863203	Speaker	stop	None
2017-04-20 12:40:59.863748	Trial	end	190
2017-04-20 12:40:59.864446	Trial	start	191
2017-04-20 12:40:59.866431	Speaker	play	None
2017-04-20 12:41:05.870800	Speaker	stop	None
2017-04-20 12:41:05.872416	Hopper	up	None
2017-04-20 12:41:17.873197	Hopper	down	None
2017-04-20 12:41:18.176467	Trial	end	191
2017-04-20 12:41:36.664660	Trial	start	192
2017-04-20 12:41:36.667744	Speaker	play	None
2017-04-20 12:41:42.670943	Speaker	stop	None
2017-04-20 12:41:42.671533	Trial	end	192
2017-04-20 12:41:53.720897	Trial	start	193
2017-04-20 12:41:53.722701	Speaker	play	None
2017-04-20 12:41:53.864846	Speaker	stop	None
2017-04-20 12:41:53.865659	Trial	end	193
2017-04-20 12:41:53.866429	Trial	start	194
2017-04-20 12:41:53.868931	Speaker	play	None
2017-04-20 12:41:55.352553	Speaker	stop	None
2017-04-20 12:41:55.353153	Trial	end	194
2017-04-20 12:41:55.353945	Trial	start	195
2017-04-20 12:41:55.356108	Speaker	play	None
2017-04-20 12:41:55.622042	Speaker	stop	None
2017-04-20 12:41:55.622510	Trial	end	195
2017-04-20 12:41:55.623234	Trial	start	196
2017-04-20 12:41:55.624988	Speaker	play	None
2017-04-20 12:42:01.632508	Speaker	stop	None
2017-04-20 12:42:01.633284	Hopper	up	None
2017-04-20 12:42:13.636417	Hopper	down	None
2017-04-20 12:42:13.939521	Trial	end	196
2017-04-20 12:42:42.440947	Trial	start	197
2017-04-20 12:42:42.444889	Speaker	play	None
2017-04-20 12:42:42.617065	Speaker	stop	None
2017-04-20 12:42:42.617641	Trial	end	197
2017-04-20 12:42:42.618356	Trial	start	198
2017-04-20 12:42:42.620324	Speaker	play	None
2017-04-20 12:42:48.625727	Speaker	stop	None
2017-04-20 12:42:48.626767	Hopper	up	None
2017-04-20 12:43:00.629905	Hopper	down	None
2017-04-20 12:43:00.933049	Trial	end	198
2017-04-20 12:43:52.972599	Trial	start	199
2017-04-20 12:43:52.976014	Speaker	play	None
2017-04-20 12:43:53.103689	Speaker	stop	None
2017-04-20 12:43:53.104308	Trial	end	199
2017-04-20 12:43:53.104959	Trial	start	200
2017-04-20 12:43:53.107423	Speaker	play	None
2017-04-20 12:43:53.169183	Speaker	stop	None
2017-04-20 12:43:53.169652	Trial	end	200
2017-04-20 12:43:53.170424	Trial	start	201
2017-04-20 12:43:53.172435	Speaker	play	None
2017-04-20 12:43:59.177061	Speaker	stop	None
2017-04-20 12:43:59.177932	Hopper	up	None
2017-04-20 12:44:11.180806	Hopper	down	None
2017-04-20 12:44:11.483860	Trial	end	201
2017-04-20 12:44:46.664746	Trial	start	202
2017-04-20 12:44:46.667737	Speaker	play	None
2017-04-20 12:44:46.820476	Speaker	stop	None
2017-04-20 12:44:46.821261	Trial	end	202
2017-04-20 12:44:46.823944	Trial	start	203
2017-04-20 12:44:46.826005	Speaker	play	None
2017-04-20 12:44:46.968385	Speaker	stop	None
2017-04-20 12:44:46.969349	Trial	end	203
2017-04-20 12:44:46.970929	Trial	start	204
2017-04-20 12:44:46.972955	Speaker	play	None
2017-04-20 12:44:52.976268	Speaker	stop	None
2017-04-20 12:44:52.977193	Hopper	up	None
2017-04-20 12:45:04.980753	Hopper	down	None
2017-04-20 12:45:05.283697	Trial	end	204
2017-04-20 12:45:17.419457	Trial	start	205
2017-04-20 12:45:17.421636	Speaker	play	None
2017-04-20 12:45:23.428077	Speaker	stop	None
2017-04-20 12:45:23.428945	Hopper	up	None
2017-04-20 12:45:35.432884	Hopper	down	None
2017-04-20 12:45:35.735879	Trial	end	205
2017-04-20 12:46:00.986864	Trial	start	206
2017-04-20 12:46:00.988939	Speaker	play	None
2017-04-20 12:46:06.991551	Speaker	stop	None
2017-04-20 12:46:06.992346	Trial	end	206
2017-04-20 12:46:11.206174	Trial	start	207
2017-04-20 12:46:11.208249	Speaker	play	None
2017-04-20 12:46:16.264688	Speaker	stop	None
2017-04-20 12:46:16.265231	Trial	end	207
2017-04-20 12:46:16.265966	Trial	start	208
2017-04-20 12:46:16.268283	Speaker	play	None
2017-04-20 12:46:22.273503	Speaker	stop	None
2017-04-20 12:46:22.274071	Trial	end	208
2017-04-20 12:46:30.153983	Trial	start	209
2017-04-20 12:46:30.156129	Speaker	play	None
2017-04-20 12:46:30.322003	Speaker	stop	None
2017-04-20 12:46:30.322568	Trial	end	209
2017-04-20 12:46:30.323689	Trial	start	210
2017-04-20 12:46:30.325885	Speaker	play	None
2017-04-20 12:46:36.330898	Speaker	stop	None
2017-04-20 12:46:36.331557	Trial	end	210
2017-04-20 12:47:11.580846	Trial	start	211
2017-04-20 12:47:11.584002	Speaker	play	None
2017-04-20 12:47:11.711962	Speaker	stop	None
2017-04-20 12:47:11.712485	Trial	end	211
2017-04-20 12:47:11.713181	Trial	start	212
2017-04-20 12:47:11.715227	Speaker	play	None
2017-04-20 12:47:11.839160	Speaker	stop	None
2017-04-20 12:47:11.840015	Trial	end	212
2017-04-20 12:47:11.841406	Trial	start	213
2017-04-20 12:47:11.844009	Speaker	play	None
2017-04-20 12:47:11.970142	Speaker	stop	None
2017-04-20 12:47:11.970948	Trial	end	213
2017-04-20 12:47:11.971986	Trial	start	214
2017-04-20 12:47:11.974849	Speaker	play	None
2017-04-20 12:47:17.979007	Speaker	stop	None
2017-04-20 12:47:17.979829	Hopper	up	None
2017-04-20 12:47:29.980358	Hopper	down	None
2017-04-20 12:47:30.283389	Trial	end	214
2017-04-20 12:48:06.693404	Trial	start	215
2017-04-20 12:48:06.695397	Speaker	play	None
2017-04-20 12:48:06.812243	Speaker	stop	None
2017-04-20 12:48:06.812670	Trial	end	215
2017-04-20 12:48:06.813435	Trial	start	216
2017-04-20 12:48:06.815330	Speaker	play	None
2017-04-20 12:48:06.988406	Speaker	stop	None
2017-04-20 12:48:06.989312	Trial	end	216
2017-04-20 12:48:06.990343	Trial	start	217
2017-04-20 12:48:06.992637	Speaker	play	None
2017-04-20 12:48:07.115341	Speaker	stop	None
2017-04-20 12:48:07.115949	Trial	end	217
2017-04-20 12:48:07.116653	Trial	start	218
2017-04-20 12:48:07.119472	Speaker	play	None
2017-04-20 12:48:13.124280	Speaker	stop	None
2017-04-20 12:48:13.124817	Trial	end	218
2017-04-20 12:48:37.090610	Trial	start	219
2017-04-20 12:48:37.092859	Speaker	play	None
2017-04-20 12:48:37.233972	Speaker	stop	None
2017-04-20 12:48:37.234544	Trial	end	219
2017-04-20 12:48:37.235289	Trial	start	220
2017-04-20 12:48:37.237096	Speaker	play	None
2017-04-20 12:48:37.352815	Speaker	stop	None
2017-04-20 12:48:37.353374	Trial	end	220
2017-04-20 12:48:37.354080	Trial	start	221
2017-04-20 12:48:37.356170	Speaker	play	None
2017-04-20 12:48:43.361810	Speaker	stop	None
2017-04-20 12:48:43.362950	Trial	end	221
2017-04-20 12:49:18.145998	Trial	start	222
2017-04-20 12:49:18.148053	Speaker	play	None
2017-04-20 12:49:18.264833	Speaker	stop	None
2017-04-20 12:49:18.265449	Trial	end	222
2017-04-20 12:49:18.266241	Trial	start	223
2017-04-20 12:49:18.268878	Speaker	play	None
2017-04-20 12:49:21.156774	Speaker	stop	None
2017-04-20 12:49:21.157315	Trial	end	223
2017-04-20 12:49:21.157908	Trial	start	224
2017-04-20 12:49:21.159752	Speaker	play	None
2017-04-20 12:49:25.748620	Speaker	stop	None
2017-04-20 12:49:25.749306	Trial	end	224
2017-04-20 12:49:25.750218	Trial	start	225
2017-04-20 12:49:25.752996	Speaker	play	None
2017-04-20 12:49:31.757557	Speaker	stop	None
2017-04-20 12:49:31.758350	Hopper	up	None
2017-04-20 12:49:43.759244	Hopper	down	None
2017-04-20 12:49:44.062380	Trial	end	225
2017-04-20 13:07:54.941737	Trial	start	226
2017-04-20 13:07:54.944174	Speaker	play	None
2017-04-20 13:08:00.949362	Speaker	stop	None
2017-04-20 13:08:00.950147	Hopper	up	None
2017-04-20 13:08:12.952040	Hopper	down	None
2017-04-20 13:08:13.255134	Trial	end	226
2017-04-20 13:08:31.383897	Trial	start	227
2017-04-20 13:08:31.386062	Speaker	play	None
2017-04-20 13:08:37.391515	Speaker	stop	None
2017-04-20 13:08:37.392439	Hopper	up	None
2017-04-20 13:08:49.394100	Hopper	down	None
2017-04-20 13:08:49.697052	Trial	end	227
2017-04-20 13:09:13.075755	Trial	start	228
2017-04-20 13:09:13.077824	Speaker	play	None
2017-04-20 13:09:19.083296	Speaker	stop	None
2017-04-20 13:09:19.084357	Hopper	up	None
2017-04-20 13:09:31.085761	Hopper	down	None
2017-04-20 13:09:31.388839	Trial	end	228
2017-04-20 13:10:08.599504	Trial	start	229
2017-04-20 13:10:08.602416	Speaker	play	None
2017-04-20 13:10:14.605792	Speaker	stop	None
2017-04-20 13:10:14.606897	Hopper	up	None
2017-04-20 13:10:26.608326	Hopper	down	None
2017-04-20 13:10:26.911901	Trial	end	229
2017-04-20 13:10:51.345127	Trial	start	230
2017-04-20 13:10:51.347760	Speaker	play	None
2017-04-20 13:10:57.351166	Speaker	stop	None
2017-04-20 13:10:57.352030	Hopper	up	None
2017-04-20 13:11:09.353244	Hopper	down	None
2017-04-20 13:11:09.656455	Trial	end	230
2017-04-20 13:11:38.070722	Trial	start	231
2017-04-20 13:11:38.073966	Speaker	play	None
2017-04-20 13:11:38.234572	Speaker	stop	None
2017-04-20 13:11:38.235302	Trial	end	231
2017-04-20 13:11:38.236210	Trial	start	232
2017-04-20 13:11:38.238848	Speaker	play	None
2017-04-20 13:11:44.242346	Speaker	stop	None
2017-04-20 13:11:44.242985	Trial	end	232
2017-04-20 13:12:00.724860	Trial	start	233
2017-04-20 13:12:00.727290	Speaker	play	None
2017-04-20 13:12:02.218655	Speaker	stop	None
2017-04-20 13:12:02.220062	Trial	end	233
2017-04-20 13:12:02.221338	Trial	start	234
2017-04-20 13:12:02.224231	Speaker	play	None
2017-04-20 13:12:02.378172	Speaker	stop	None
2017-04-20 13:12:02.378783	Trial	end	234
2017-04-20 13:12:02.379407	Trial	start	235
2017-04-20 13:12:02.381261	Speaker	play	None
2017-04-20 13:12:02.881576	Speaker	stop	None
2017-04-20 13:12:02.882198	Trial	end	235
2017-04-20 13:12:02.882912	Trial	start	236
2017-04-20 13:12:02.885839	Speaker	play	None
2017-04-20 13:12:03.037263	Speaker	stop	None
2017-04-20 13:12:03.037856	Trial	end	236
2017-04-20 13:12:03.038683	Trial	start	237
2017-04-20 13:12:03.040796	Speaker	play	None
2017-04-20 13:12:09.045378	Speaker	stop	None
2017-04-20 13:12:09.046609	Trial	end	237
2017-04-20 13:12:10.662066	Trial	start	238
2017-04-20 13:12:10.666762	Speaker	play	None
2017-04-20 13:12:10.805490	Speaker	stop	None
2017-04-20 13:12:10.806090	Trial	end	238
2017-04-20 13:12:10.806776	Trial	start	239
2017-04-20 13:12:10.808731	Speaker	play	None
2017-04-20 13:12:10.842187	Speaker	stop	None
2017-04-20 13:12:10.842836	Trial	end	239
2017-04-20 13:12:10.843896	Trial	start	240
2017-04-20 13:12:10.846291	Speaker	play	None
2017-04-20 13:12:16.851683	Speaker	stop	None
2017-04-20 13:12:16.852350	Trial	end	240
2017-04-20 13:12:58.077838	Trial	start	241
2017-04-20 13:12:58.079819	Speaker	play	None
2017-04-20 13:12:58.471158	Speaker	stop	None
2017-04-20 13:12:58.471954	Trial	end	241
2017-04-20 13:12:58.472551	Trial	start	242
2017-04-20 13:12:58.474207	Speaker	play	None
2017-04-20 13:13:04.479934	Speaker	stop	None
2017-04-20 13:13:04.480494	Trial	end	242
2017-04-20 13:13:45.034171	Trial	start	243
2017-04-20 13:13:45.038224	Speaker	play	None
2017-04-20 13:13:51.043977	Speaker	stop	None
2017-04-20 13:13:51.045178	Hopper	up	None
2017-04-20 13:14:03.047705	Hopper	down	None
2017-04-20 13:14:03.350708	Trial	end	243
2017-04-20 13:14:50.206900	Trial	start	244
2017-04-20 13:14:50.208963	Speaker	play	None
2017-04-20 13:14:50.366669	Speaker	stop	None
2017-04-20 13:14:50.368122	Trial	end	244
2017-04-20 13:14:50.368780	Trial	start	245
2017-04-20 13:14:50.370504	Speaker	play	None
2017-04-20 13:14:50.550941	Speaker	stop	None
2017-04-20 13:14:50.551604	Trial	end	245
2017-04-20 13:14:50.552171	Trial	start	246
2017-04-20 13:14:50.553907	Speaker	play	None
2017-04-20 13:14:56.559335	Speaker	stop	None
2017-04-20 13:14:56.560618	Hopper	up	None
2017-04-20 13:15:08.563599	Hopper	down	None
2017-04-20 13:15:08.866642	Trial	end	246
2017-04-20 13:44:58.522705	Trial	start	247
2017-04-20 13:44:58.524641	Speaker	play	None
2017-04-20 13:45:04.527365	Speaker	stop	None
2017-04-20 13:45:04.528492	Trial	end	247
2017-04-20 13:45:25.431436	Trial	start	248
2017-04-20 13:45:25.434484	Speaker	play	None
2017-04-20 13:45:29.129950	Speaker	stop	None
2017-04-20 13:45:29.130585	Trial	end	248
2017-04-20 13:45:29.131654	Trial	start	249
2017-04-20 13:45:29.135837	Speaker	play	None
2017-04-20 13:45:35.142380	Speaker	stop	None
2017-04-20 13:45:35.143031	Trial	end	249
2017-04-20 13:45:58.287033	Trial	start	250
2017-04-20 13:45:58.290880	Speaker	play	None
2017-04-20 13:46:04.295482	Speaker	stop	None
2017-04-20 13:46:04.296152	Trial	end	250
2017-04-20 13:46:20.694496	Trial	start	251
2017-04-20 13:46:20.696982	Speaker	play	None
2017-04-20 13:46:26.702955	Speaker	stop	None
2017-04-20 13:46:26.703712	Hopper	up	None
2017-04-20 13:46:38.707494	Hopper	down	None
2017-04-20 13:46:39.010408	Trial	end	251
2017-04-20 13:47:14.134983	Trial	start	252
2017-04-20 13:47:14.137403	Speaker	play	None
2017-04-20 13:47:20.143483	Speaker	stop	None
2017-04-20 13:47:20.144083	Trial	end	252
2017-04-20 13:47:28.252836	Trial	start	253
2017-04-20 13:47:28.255444	Speaker	play	None
2017-04-20 13:47:34.261265	Speaker	stop	None
2017-04-20 13:47:34.262055	Hopper	up	None
2017-04-20 13:47:46.265838	Hopper	down	None
2017-04-20 13:47:46.568752	Trial	end	253
2017-04-20 13:48:47.554595	Trial	start	254
2017-04-20 13:48:47.557752	Speaker	play	None
2017-04-20 13:48:53.561945	Speaker	stop	None
2017-04-20 13:48:53.562844	Trial	end	254
2017-04-20 13:49:17.674604	Trial	start	255
2017-04-20 13:49:17.677008	Speaker	play	None
2017-04-20 13:49:21.358252	Speaker	stop	None
2017-04-20 13:49:21.358862	Trial	end	255
2017-04-20 13:49:21.363812	Trial	start	256
2017-04-20 13:49:21.366374	Speaker	play	None
2017-04-20 13:49:26.793518	Speaker	stop	None
2017-04-20 13:49:26.794077	Trial	end	256
2017-04-20 13:49:26.794666	Trial	start	257
2017-04-20 13:49:26.796503	Speaker	play	None
2017-04-20 13:49:32.802128	Speaker	stop	None
2017-04-20 13:49:32.803282	Trial	end	257
2017-04-20 13:50:13.370571	Trial	start	258
2017-04-20 13:50:13.372759	Speaker	play	None
2017-04-20 13:50:13.522158	Speaker	stop	None
2017-04-20 13:50:13.522684	Trial	end	258
2017-04-20 13:50:13.523330	Trial	start	259
2017-04-20 13:50:13.525140	Speaker	play	None
2017-04-20 13:50:13.677909	Speaker	stop	None
2017-04-20 13:50:13.678642	Trial	end	259
2017-04-20 13:50:13.679677	Trial	start	260
2017-04-20 13:50:13.682850	Speaker	play	None
2017-04-20 13:50:13.800593	Speaker	stop	None
2017-04-20 13:50:13.801130	Trial	end	260
2017-04-20 13:50:13.801804	Trial	start	261
2017-04-20 13:50:13.803568	Speaker	play	None
2017-04-20 13:50:13.972449	Speaker	stop	None
2017-04-20 13:50:13.972989	Trial	end	261
2017-04-20 13:50:13.973664	Trial	start	262
2017-04-20 13:50:13.975539	Speaker	play	None
2017-04-20 13:50:19.981930	Speaker	stop	None
2017-04-20 13:50:19.982521	Trial	end	262
2017-04-20 13:50:26.834748	Trial	start	263
2017-04-20 13:50:26.837813	Speaker	play	None
2017-04-20 13:50:32.840305	Speaker	stop	None
2017-04-20 13:50:32.842666	Hopper	up	None
2017-04-20 13:50:44.843499	Hopper	down	None
2017-04-20 13:50:45.146426	Trial	end	263
2017-04-20 13:51:18.603327	Trial	start	264
2017-04-20 13:51:18.605361	Speaker	play	None
2017-04-20 13:51:18.738515	Speaker	stop	None
2017-04-20 13:51:18.739021	Trial	end	264
2017-04-20 13:51:18.739799	Trial	start	265
2017-04-20 13:51:18.742339	Speaker	play	None
2017-04-20 13:51:19.667851	Speaker	stop	None
2017-04-20 13:51:19.668443	Trial	end	265
2017-04-20 13:51:19.669050	Trial	start	266
2017-04-20 13:51:19.670952	Speaker	play	None
2017-04-20 13:51:19.909531	Speaker	stop	None
2017-04-20 13:51:19.910112	Trial	end	266
2017-04-20 13:51:19.911418	Trial	start	267
2017-04-20 13:51:19.913858	Speaker	play	None
2017-04-20 13:51:20.269683	Speaker	stop	None
2017-04-20 13:51:20.270197	Trial	end	267
2017-04-20 13:51:20.270738	Trial	start	268
2017-04-20 13:51:20.272811	Speaker	play	None
2017-04-20 13:51:20.413057	Speaker	stop	None
2017-04-20 13:51:20.413627	Trial	end	268
2017-04-20 13:51:20.414431	Trial	start	269
2017-04-20 13:51:20.416311	Speaker	play	None
2017-04-20 13:51:20.511357	Speaker	stop	None
2017-04-20 13:51:20.512214	Trial	end	269
2017-04-20 13:51:20.512853	Trial	start	270
2017-04-20 13:51:20.515291	Speaker	play	None
2017-04-20 13:51:26.521638	Speaker	stop	None
2017-04-20 13:51:26.523201	Hopper	up	None
2017-04-20 13:51:38.526073	Hopper	down	None
2017-04-20 13:51:38.829248	Trial	end	270
2017-04-20 13:52:00.766961	Trial	start	271
2017-04-20 13:52:00.769121	Speaker	play	None
2017-04-20 13:52:00.906237	Speaker	stop	None
2017-04-20 13:52:00.906809	Trial	end	271
2017-04-20 13:52:00.907418	Trial	start	272
2017-04-20 13:52:00.909493	Speaker	play	None
2017-04-20 13:52:06.912928	Speaker	stop	None
2017-04-20 13:52:06.914040	Hopper	up	None
2017-04-20 13:52:18.918064	Hopper	down	None
2017-04-20 13:52:19.220975	Trial	end	272
2017-04-20 14:14:11.500151	Trial	start	273
2017-04-20 14:14:11.503252	Speaker	play	None
2017-04-20 14:14:16.640371	Speaker	stop	None
2017-04-20 14:14:16.641356	Trial	end	273
2017-04-20 14:14:16.642702	Trial	start	274
2017-04-20 14:14:16.645749	Speaker	play	None
2017-04-20 14:14:17.844175	Speaker	stop	None
2017-04-20 14:14:17.844784	Trial	end	274
2017-04-20 14:14:17.845499	Trial	start	275
2017-04-20 14:14:17.848164	Speaker	play	None
2017-04-20 14:14:23.852355	Speaker	stop	None
2017-04-20 14:14:23.853425	Hopper	up	None
2017-04-20 14:14:35.856141	Hopper	down	None
2017-04-20 14:14:36.159292	Trial	end	275
2017-04-20 14:15:15.996763	Trial	start	276
2017-04-20 14:15:16.000109	Speaker	play	None
2017-04-20 14:15:16.230385	Speaker	stop	None
2017-04-20 14:15:16.231531	Trial	end	276
2017-04-20 14:15:16.232457	Trial	start	277
2017-04-20 14:15:16.235182	Speaker	play	None
2017-04-20 14:15:17.762001	Speaker	stop	None
2017-04-20 14:15:17.762689	Trial	end	277
2017-04-20 14:15:17.763534	Trial	start	278
2017-04-20 14:15:17.765445	Speaker	play	None
2017-04-20 14:15:18.044539	Speaker	stop	None
2017-04-20 14:15:18.047706	Trial	end	278
2017-04-20 14:15:18.048893	Trial	start	279
2017-04-20 14:15:18.051369	Speaker	play	None
2017-04-20 14:15:24.056929	Speaker	stop	None
2017-04-20 14:15:24.057743	Hopper	up	None
2017-04-20 14:15:36.061072	Hopper	down	None
2017-04-20 14:15:36.364128	Trial	end	279
2017-04-20 14:16:02.494417	Trial	start	280
2017-04-20 14:16:02.497355	Speaker	play	None
2017-04-20 14:16:08.502790	Speaker	stop	None
2017-04-20 14:16:08.503401	Trial	end	280
2017-04-20 14:16:15.289287	Trial	start	281
2017-04-20 14:16:15.292648	Speaker	play	None
2017-04-20 14:16:17.026041	Speaker	stop	None
2017-04-20 14:16:17.026741	Trial	end	281
2017-04-20 14:16:17.027701	Trial	start	282
2017-04-20 14:16:17.029957	Speaker	play	None
2017-04-20 14:16:23.034289	Speaker	stop	None
2017-04-20 14:16:23.034825	Trial	end	282
2017-04-20 14:16:42.214561	Trial	start	283
2017-04-20 14:16:42.217644	Speaker	play	None
2017-04-20 14:16:48.222914	Speaker	stop	None
2017-04-20 14:16:48.225363	Hopper	up	None
2017-04-20 14:17:00.227524	Hopper	down	None
2017-04-20 14:17:00.530567	Trial	end	283
2017-04-20 14:18:17.510806	Trial	start	284
2017-04-20 14:18:17.513505	Speaker	play	None
2017-04-20 14:18:23.519501	Speaker	stop	None
2017-04-20 14:18:23.520345	Hopper	up	None
2017-04-20 14:18:35.524396	Hopper	down	None
2017-04-20 14:18:35.827411	Trial	end	284
2017-04-20 14:41:14.187208	Trial	start	285
2017-04-20 14:41:14.189990	Speaker	play	None
2017-04-20 14:41:20.195863	Speaker	stop	None
2017-04-20 14:41:20.196664	Hopper	up	None
2017-04-20 14:41:32.197236	Hopper	down	None
2017-04-20 14:41:32.504376	Trial	end	285
2017-04-20 14:42:03.880001	Trial	start	286
2017-04-20 14:42:03.881990	Speaker	play	None
2017-04-20 14:42:04.023523	Speaker	stop	None
2017-04-20 14:42:04.024827	Trial	end	286
2017-04-20 14:42:04.025604	Trial	start	287
2017-04-20 14:42:04.027590	Speaker	play	None
2017-04-20 14:42:10.032359	Speaker	stop	None
2017-04-20 14:42:10.032938	Trial	end	287
2017-04-20 14:42:10.867938	Trial	start	288
2017-04-20 14:42:10.871247	Speaker	play	None
2017-04-20 14:42:11.036037	Speaker	stop	None
2017-04-20 14:42:11.037264	Trial	end	288
2017-04-20 14:42:11.038381	Trial	start	289
2017-04-20 14:42:11.041443	Speaker	play	None
2017-04-20 14:42:12.678397	Speaker	stop	None
2017-04-20 14:42:12.678967	Trial	end	289
2017-04-20 14:42:12.679658	Trial	start	290
2017-04-20 14:42:12.681533	Speaker	play	None
2017-04-20 14:42:18.687504	Speaker	stop	None
2017-04-20 14:42:18.688500	Hopper	up	None
2017-04-20 14:42:30.692667	Hopper	down	None
2017-04-20 14:42:30.995791	Trial	end	290
2017-04-20 14:43:08.097661	Trial	start	291
2017-04-20 14:43:08.099616	Speaker	play	None
2017-04-20 14:43:14.102573	Speaker	stop	None
2017-04-20 14:43:14.103903	Hopper	up	None
2017-04-20 14:43:26.107894	Hopper	down	None
2017-04-20 14:43:26.410960	Trial	end	291
2017-04-20 14:43:55.189831	Trial	start	292
2017-04-20 14:43:55.192984	Speaker	play	None
2017-04-20 14:43:55.595417	Speaker	stop	None
2017-04-20 14:43:55.596065	Trial	end	292
2017-04-20 14:43:55.596828	Trial	start	293
2017-04-20 14:43:55.598689	Speaker	play	None
2017-04-20 14:44:01.604448	Speaker	stop	None
2017-04-20 14:44:01.605798	Hopper	up	None
2017-04-20 14:44:13.609645	Hopper	down	None
2017-04-20 14:44:13.912696	Trial	end	293
2017-04-20 14:44:35.375953	Trial	start	294
2017-04-20 14:44:35.378205	Speaker	play	None
2017-04-20 14:44:41.381013	Speaker	stop	None
2017-04-20 14:44:41.381857	Trial	end	294
2017-04-20 14:44:55.123020	Trial	start	295
2017-04-20 14:44:55.125801	Speaker	play	None
2017-04-20 14:45:01.131850	Speaker	stop	None
2017-04-20 14:45:01.132641	Hopper	up	None
2017-04-20 14:45:13.133344	Hopper	down	None
2017-04-20 14:45:13.436426	Trial	end	295
2017-04-20 14:45:34.936386	Trial	start	296
2017-04-20 14:45:34.940706	Speaker	play	None
2017-04-20 14:45:35.083960	Speaker	stop	None
2017-04-20 14:45:35.084562	Trial	end	296
2017-04-20 14:45:35.086793	Trial	start	297
2017-04-20 14:45:35.088859	Speaker	play	None
2017-04-20 14:45:35.272381	Speaker	stop	None
2017-04-20 14:45:35.273045	Trial	end	297
2017-04-20 14:45:35.273717	Trial	start	298
2017-04-20 14:45:35.275658	Speaker	play	None
2017-04-20 14:45:41.281240	Speaker	stop	None
2017-04-20 14:45:41.282114	Hopper	up	None
2017-04-20 14:45:53.282500	Hopper	down	None
2017-04-20 14:45:53.585575	Trial	end	298
2017-04-20 14:46:08.650991	Trial	start	299
2017-04-20 14:46:08.654073	Speaker	play	None
2017-04-20 14:46:14.659879	Speaker	stop	None
2017-04-20 14:46:14.660765	Hopper	up	None
2017-04-20 14:46:26.661124	Hopper	down	None
2017-04-20 14:46:26.964342	Trial	end	299
2017-04-20 14:47:45.483721	Trial	start	300
2017-04-20 14:47:45.486192	Speaker	play	None
2017-04-20 14:47:51.491504	Speaker	stop	None
2017-04-20 14:47:51.492293	Hopper	up	None
2017-04-20 14:48:03.495280	Hopper	down	None
2017-04-20 14:48:03.797933	Trial	end	300
2017-04-20 14:48:26.802005	Trial	start	301
2017-04-20 14:48:26.804830	Speaker	play	None
2017-04-20 14:48:32.809140	Speaker	stop	None
2017-04-20 14:48:32.809852	Trial	end	301
2017-04-20 14:48:58.962434	Trial	start	302
2017-04-20 14:48:58.964994	Speaker	play	None
2017-04-20 14:48:59.097632	Speaker	stop	None
2017-04-20 14:48:59.098437	Trial	end	302
2017-04-20 14:48:59.099962	Trial	start	303
2017-04-20 14:48:59.103045	Speaker	play	None
2017-04-20 14:49:05.107743	Speaker	stop	None
2017-04-20 14:49:05.108669	Trial	end	303
2017-04-20 14:49:28.882782	Trial	start	304
2017-04-20 14:49:28.885864	Speaker	play	None
2017-04-20 14:49:34.890933	Speaker	stop	None
2017-04-20 14:49:34.891891	Hopper	up	None
2017-04-20 14:49:46.892302	Hopper	down	None
2017-04-20 14:49:47.196623	Trial	end	304
2017-04-20 14:51:11.958600	Trial	start	305
2017-04-20 14:51:11.961769	Speaker	play	None
2017-04-20 14:51:17.966286	Speaker	stop	None
2017-04-20 14:51:17.967029	Hopper	up	None
2017-04-20 14:51:29.969255	Hopper	down	None
2017-04-20 14:51:30.272452	Trial	end	305
2017-04-20 14:52:05.695343	Trial	start	306
2017-04-20 14:52:05.697439	Speaker	play	None
2017-04-20 14:52:05.830557	Speaker	stop	None
2017-04-20 14:52:05.831152	Trial	end	306
2017-04-20 14:52:05.832233	Trial	start	307
2017-04-20 14:52:05.834844	Speaker	play	None
2017-04-20 14:52:06.010836	Speaker	stop	None
2017-04-20 14:52:06.011379	Trial	end	307
2017-04-20 14:52:06.012081	Trial	start	308
2017-04-20 14:52:06.014002	Speaker	play	None
2017-04-20 14:52:06.150368	Speaker	stop	None
2017-04-20 14:52:06.150948	Trial	end	308
2017-04-20 14:52:06.152630	Trial	start	309
2017-04-20 14:52:06.155917	Speaker	play	None
2017-04-20 14:52:06.260897	Speaker	stop	None
2017-04-20 14:52:06.261466	Trial	end	309
2017-04-20 14:52:06.262189	Trial	start	310
2017-04-20 14:52:06.264151	Speaker	play	None
2017-04-20 14:52:12.268609	Speaker	stop	None
2017-04-20 14:52:12.269738	Trial	end	310
2017-04-20 14:52:21.113654	Trial	start	311
2017-04-20 14:52:21.116838	Speaker	play	None
2017-04-20 14:52:27.122594	Speaker	stop	None
2017-04-20 14:52:27.123237	Trial	end	311
2017-04-20 14:52:33.168122	Trial	start	312
2017-04-20 14:52:33.170258	Speaker	play	None
2017-04-20 14:52:39.176138	Speaker	stop	None
2017-04-20 14:52:39.176874	Hopper	up	None
2017-04-20 14:52:51.180437	Hopper	down	None
2017-04-20 14:52:51.484083	Trial	end	312
2017-04-20 14:53:25.987783	Trial	start	313
2017-04-20 14:53:25.989658	Speaker	play	None
2017-04-20 14:53:26.151752	Speaker	stop	None
2017-04-20 14:53:26.152279	Trial	end	313
2017-04-20 14:53:26.152950	Trial	start	314
2017-04-20 14:53:26.154859	Speaker	play	None
2017-04-20 14:53:32.160668	Speaker	stop	None
2017-04-20 14:53:32.161572	Hopper	up	None
2017-04-20 14:53:44.165132	Hopper	down	None
2017-04-20 14:53:44.468192	Trial	end	314
2017-04-20 14:54:09.616932	Trial	start	315
2017-04-20 14:54:09.618671	Speaker	play	None
2017-04-20 14:54:15.622664	Speaker	stop	None
2017-04-20 14:54:15.623261	Trial	end	315
2017-04-20 14:54:54.924029	Trial	start	316
2017-04-20 14:54:54.925951	Speaker	play	None
2017-04-20 14:54:59.631746	Speaker	stop	None
2017-04-20 14:54:59.632257	Trial	end	316
2017-04-20 14:54:59.632937	Trial	start	317
2017-04-20 14:54:59.634882	Speaker	play	None
2017-04-20 14:55:00.086106	Speaker	stop	None
2017-04-20 14:55:00.086632	Trial	end	317
2017-04-20 14:55:00.087290	Trial	start	318
2017-04-20 14:55:00.089231	Speaker	play	None
2017-04-20 14:55:00.237507	Speaker	stop	None
2017-04-20 14:55:00.238089	Trial	end	318
2017-04-20 14:55:00.238813	Trial	start	319
2017-04-20 14:55:00.241500	Speaker	play	None
2017-04-20 14:55:00.388982	Speaker	stop	None
2017-04-20 14:55:00.389594	Trial	end	319
2017-04-20 14:55:00.390353	Trial	start	320
2017-04-20 14:55:00.394067	Speaker	play	None
2017-04-20 14:55:06.398508	Speaker	stop	None
2017-04-20 14:55:06.399589	Hopper	up	None
2017-04-20 14:55:18.401284	Hopper	down	None
2017-04-20 14:55:18.704128	Trial	end	320
2017-04-20 14:55:39.008336	Trial	start	321
2017-04-20 14:55:39.011937	Speaker	play	None
2017-04-20 14:55:39.140223	Speaker	stop	None
2017-04-20 14:55:39.140809	Trial	end	321
2017-04-20 14:55:39.141413	Trial	start	322
2017-04-20 14:55:39.143399	Speaker	play	None
2017-04-20 14:55:45.147246	Speaker	stop	None
2017-04-20 14:55:45.147945	Trial	end	322
2017-04-20 14:56:15.116019	Trial	start	323
2017-04-20 14:56:15.117906	Speaker	play	None
2017-04-20 14:56:21.121494	Speaker	stop	None
2017-04-20 14:56:21.122286	Hopper	up	None
2017-04-20 14:56:33.125666	Hopper	down	None
2017-04-20 14:56:33.428721	Trial	end	323
2017-04-20 14:57:03.298653	Trial	start	324
2017-04-20 14:57:03.300548	Speaker	play	None
2017-04-20 14:57:09.305682	Speaker	stop	None
2017-04-20 14:57:09.306255	Trial	end	324
2017-04-20 14:57:10.403743	Trial	start	325
2017-04-20 14:57:10.405726	Speaker	play	None
2017-04-20 14:57:10.551329	Speaker	stop	None
2017-04-20 14:57:10.551903	Trial	end	325
2017-04-20 14:57:10.552600	Trial	start	326
2017-04-20 14:57:10.554477	Speaker	play	None
2017-04-20 14:57:16.558265	Speaker	stop	None
2017-04-20 14:57:16.559033	Trial	end	326
2017-04-20 14:57:56.177178	Trial	start	327
2017-04-20 14:57:56.179825	Speaker	play	None
2017-04-20 14:57:56.512766	Speaker	stop	None
2017-04-20 14:57:56.513311	Trial	end	327
2017-04-20 14:57:56.513978	Trial	start	328
2017-04-20 14:57:56.515852	Speaker	play	None
2017-04-20 14:57:56.574393	Speaker	stop	None
2017-04-20 14:57:56.578748	Trial	end	328
2017-04-20 14:57:56.579687	Trial	start	329
2017-04-20 14:57:56.582343	Speaker	play	None
2017-04-20 14:57:56.758668	Speaker	stop	None
2017-04-20 14:57:56.759439	Trial	end	329
2017-04-20 14:57:56.761815	Trial	start	330
2017-04-20 14:57:56.763771	Speaker	play	None
2017-04-20 14:57:56.889320	Speaker	stop	None
2017-04-20 14:57:56.889951	Trial	end	330
2017-04-20 14:57:56.890744	Trial	start	331
2017-04-20 14:57:56.893576	Speaker	play	None
2017-04-20 14:57:59.641610	Speaker	stop	None
2017-04-20 14:57:59.642196	Trial	end	331
2017-04-20 14:57:59.643489	Trial	start	332
2017-04-20 14:57:59.646534	Speaker	play	None
2017-04-20 14:57:59.828406	Speaker	stop	None
2017-04-20 14:57:59.829314	Trial	end	332
2017-04-20 14:57:59.830029	Trial	start	333
2017-04-20 14:57:59.831858	Speaker	play	None
2017-04-20 14:57:59.963515	Speaker	stop	None
2017-04-20 14:57:59.964194	Trial	end	333
2017-04-20 14:57:59.964843	Trial	start	334
2017-04-20 14:57:59.966829	Speaker	play	None
2017-04-20 14:58:05.969360	Speaker	stop	None
2017-04-20 14:58:05.970399	Trial	end	334
2017-04-20 15:24:36.577183	Trial	start	335
2017-04-20 15:24:36.579299	Speaker	play	None
2017-04-20 15:24:42.582257	Speaker	stop	None
2017-04-20 15:24:42.583300	Hopper	up	None
2017-04-20 15:24:54.587871	Hopper	down	None
2017-04-20 15:24:54.891033	Trial	end	335
2017-04-20 15:25:27.708827	Trial	start	336
2017-04-20 15:25:27.710966	Speaker	play	None
2017-04-20 15:25:33.713585	Speaker	stop	None
2017-04-20 15:25:33.714125	Trial	end	336
2017-04-20 15:25:53.407186	Trial	start	337
2017-04-20 15:25:53.409111	Speaker	play	None
2017-04-20 15:25:59.412086	Speaker	stop	None
2017-04-20 15:25:59.414443	Hopper	up	None
2017-04-20 15:26:11.417192	Hopper	down	None
2017-04-20 15:26:11.720308	Trial	end	337
2017-04-20 15:26:25.769481	Trial	start	338
2017-04-20 15:26:25.771638	Speaker	play	None
2017-04-20 15:26:25.974357	Speaker	stop	None
2017-04-20 15:26:25.974876	Trial	end	338
2017-04-20 15:26:25.975894	Trial	start	339
2017-04-20 15:26:25.977809	Speaker	play	None
2017-04-20 15:26:31.983055	Speaker	stop	None
2017-04-20 15:26:31.983676	Trial	end	339
2017-04-20 15:28:18.008829	Trial	start	340
2017-04-20 15:28:18.010754	Speaker	play	None
2017-04-20 15:28:23.808545	Speaker	stop	None
2017-04-20 15:28:23.809082	Trial	end	340
2017-04-20 15:28:23.809788	Trial	start	341
2017-04-20 15:28:23.812380	Speaker	play	None
2017-04-20 15:28:29.821196	Speaker	stop	None
2017-04-20 15:28:29.822013	Hopper	up	None
2017-04-20 15:28:41.826069	Hopper	down	None
2017-04-20 15:28:42.133123	Trial	end	341
2017-04-20 15:31:38.122799	Trial	start	342
2017-04-20 15:31:38.125300	Speaker	play	None
2017-04-20 15:31:44.131304	Speaker	stop	None
2017-04-20 15:31:44.132058	Trial	end	342
2017-04-20 15:31:56.979370	Trial	start	343
2017-04-20 15:31:56.981889	Speaker	play	None
2017-04-20 15:31:57.245680	Speaker	stop	None
2017-04-20 15:31:57.246164	Trial	end	343
2017-04-20 15:31:57.246922	Trial	start	344
2017-04-20 15:31:57.248622	Speaker	play	None
2017-04-20 15:32:02.639886	Speaker	stop	None
2017-04-20 15:32:02.640588	Trial	end	344
2017-04-20 15:32:02.641348	Trial	start	345
2017-04-20 15:32:02.643377	Speaker	play	None
2017-04-20 15:32:02.963238	Speaker	stop	None
2017-04-20 15:32:02.963816	Trial	end	345
2017-04-20 15:32:02.964464	Trial	start	346
2017-04-20 15:32:02.966454	Speaker	play	None
2017-04-20 15:32:08.971651	Speaker	stop	None
2017-04-20 15:32:08.974087	Hopper	up	None
2017-04-20 15:32:20.975910	Hopper	down	None
2017-04-20 15:32:21.279036	Trial	end	346
2017-04-20 15:32:34.594229	Trial	start	347
2017-04-20 15:32:34.596804	Speaker	play	None
2017-04-20 15:32:34.741712	Speaker	stop	None
2017-04-20 15:32:34.742521	Trial	end	347
2017-04-20 15:32:34.743540	Trial	start	348
2017-04-20 15:32:34.746093	Speaker	play	None
2017-04-20 15:32:40.749950	Speaker	stop	None
2017-04-20 15:32:40.750706	Hopper	up	None
2017-04-20 15:32:52.754286	Hopper	down	None
2017-04-20 15:32:53.057317	Trial	end	348
2017-04-20 15:33:11.676216	Trial	start	349
2017-04-20 15:33:11.679075	Speaker	play	None
2017-04-20 15:33:17.684514	Speaker	stop	None
2017-04-20 15:33:17.685047	Trial	end	349
2017-04-20 15:33:34.136728	Trial	start	350
2017-04-20 15:33:34.139302	Speaker	play	None
2017-04-20 15:33:34.362055	Speaker	stop	None
2017-04-20 15:33:34.362584	Trial	end	350
2017-04-20 15:33:34.363271	Trial	start	351
2017-04-20 15:33:34.365295	Speaker	play	None
2017-04-20 15:33:36.924449	Speaker	stop	None
2017-04-20 15:33:36.925199	Trial	end	351
2017-04-20 15:33:36.926029	Trial	start	352
2017-04-20 15:33:36.927995	Speaker	play	None
2017-04-20 15:33:42.934523	Speaker	stop	None
2017-04-20 15:33:42.935351	Trial	end	352
2017-04-20 15:35:23.879432	Trial	start	353
2017-04-20 15:35:23.881842	Speaker	play	None
2017-04-20 15:35:28.241356	Speaker	stop	None
2017-04-20 15:35:28.242468	Trial	end	353
2017-04-20 15:35:28.242956	Trial	start	354
2017-04-20 15:35:28.245890	Speaker	play	None
2017-04-20 15:35:33.467301	Speaker	stop	None
2017-04-20 15:35:33.467881	Trial	end	354
2017-04-20 15:35:33.468573	Trial	start	355
2017-04-20 15:35:33.471287	Speaker	play	None
2017-04-20 15:35:34.519826	Speaker	stop	None
2017-04-20 15:35:34.520435	Trial	end	355
2017-04-20 15:35:34.521187	Trial	start	356
2017-04-20 15:35:34.524077	Speaker	play	None
2017-04-20 15:35:38.480313	Speaker	stop	None
2017-04-20 15:35:38.480931	Trial	end	356
2017-04-20 15:35:38.481615	Trial	start	357
2017-04-20 15:35:38.483635	Speaker	play	None
2017-04-20 15:35:38.975926	Speaker	stop	None
2017-04-20 15:35:38.976580	Trial	end	357
2017-04-20 15:35:38.977412	Trial	start	358
2017-04-20 15:35:38.979621	Speaker	play	None
2017-04-20 15:35:39.250269	Speaker	stop	None
2017-04-20 15:35:39.250777	Trial	end	358
2017-04-20 15:35:39.251681	Trial	start	359
2017-04-20 15:35:39.254507	Speaker	play	None
2017-04-20 15:35:39.496026	Speaker	stop	None
2017-04-20 15:35:39.496576	Trial	end	359
2017-04-20 15:35:39.497516	Trial	start	360
2017-04-20 15:35:39.499675	Speaker	play	None
2017-04-20 15:35:39.623222	Speaker	stop	None
2017-04-20 15:35:39.623981	Trial	end	360
2017-04-20 15:35:39.624877	Trial	start	361
2017-04-20 15:35:39.626877	Speaker	play	None
2017-04-20 15:35:39.774788	Speaker	stop	None
2017-04-20 15:35:39.775433	Trial	end	361
2017-04-20 15:35:39.776269	Trial	start	362
2017-04-20 15:35:39.779042	Speaker	play	None
2017-04-20 15:35:42.457219	Speaker	stop	None
2017-04-20 15:35:42.457842	Trial	end	362
2017-04-20 15:35:42.458526	Trial	start	363
2017-04-20 15:35:42.460850	Speaker	play	None
2017-04-20 15:35:42.608751	Speaker	stop	None
2017-04-20 15:35:42.609441	Trial	end	363
2017-04-20 15:35:42.610069	Trial	start	364
2017-04-20 15:35:42.611860	Speaker	play	None
2017-04-20 15:35:42.784947	Speaker	stop	None
2017-04-20 15:35:42.785926	Trial	end	364
2017-04-20 15:35:42.786941	Trial	start	365
2017-04-20 15:35:42.789999	Speaker	play	None
2017-04-20 15:35:48.793222	Speaker	stop	None
2017-04-20 15:35:48.794093	Hopper	up	None
2017-04-20 15:36:00.797426	Hopper	down	None
2017-04-20 15:36:01.100358	Trial	end	365
2017-04-20 15:36:40.938396	Trial	start	366
2017-04-20 15:36:40.940546	Speaker	play	None
2017-04-20 15:36:46.946862	Speaker	stop	None
2017-04-20 15:36:46.947608	Trial	end	366
2017-04-20 15:37:37.978028	Trial	start	367
2017-04-20 15:37:37.980104	Speaker	play	None
2017-04-20 15:37:38.240434	Speaker	stop	None
2017-04-20 15:37:38.241689	Trial	end	367
2017-04-20 15:37:38.242451	Trial	start	368
2017-04-20 15:37:38.245390	Speaker	play	None
2017-04-20 15:37:38.817765	Speaker	stop	None
2017-04-20 15:37:38.818303	Trial	end	368
2017-04-20 15:37:38.819077	Trial	start	369
2017-04-20 15:37:38.821074	Speaker	play	None
2017-04-20 15:37:44.825996	Speaker	stop	None
2017-04-20 15:37:44.828356	Hopper	up	None
2017-04-20 15:37:56.830057	Hopper	down	None
2017-04-20 15:37:57.133136	Trial	end	369
2017-04-20 15:39:20.814517	Trial	start	370
2017-04-20 15:39:20.817026	Speaker	play	None
2017-04-20 15:39:26.822769	Speaker	stop	None
2017-04-20 15:39:26.823401	Trial	end	370
2017-04-20 16:08:00.314063	Trial	start	371
2017-04-20 16:08:00.315994	Speaker	play	None
2017-04-20 16:08:06.318350	Speaker	stop	None
2017-04-20 16:08:06.319022	Trial	end	371
2017-04-20 16:14:27.806197	Trial	start	372
2017-04-20 16:14:27.809194	Speaker	play	None
2017-04-20 16:14:33.815371	Speaker	stop	None
2017-04-20 16:14:33.815880	Trial	end	372
2017-04-20 16:14:36.084670	Trial	start	373
2017-04-20 16:14:36.090273	Speaker	play	None
2017-04-20 16:14:37.801160	Speaker	stop	None
2017-04-20 16:14:37.801675	Trial	end	373
2017-04-20 16:14:37.802415	Trial	start	374
2017-04-20 16:14:37.804912	Speaker	play	None
2017-04-20 16:14:43.810380	Speaker	stop	None
2017-04-20 16:14:43.810874	Trial	end	374
2017-04-20 16:15:34.956921	Trial	start	375
2017-04-20 16:15:34.961294	Speaker	play	None
2017-04-20 16:15:40.966182	Speaker	stop	None
2017-04-20 16:15:40.966706	Trial	end	375
2017-04-20 16:18:06.844093	Trial	start	376
2017-04-20 16:18:06.846238	Speaker	play	None
2017-04-20 16:18:09.023331	Speaker	stop	None
2017-04-20 16:18:09.023922	Trial	end	376
2017-04-20 16:18:09.024638	Trial	start	377
2017-04-20 16:18:09.026717	Speaker	play	None
2017-04-20 16:18:09.220237	Speaker	stop	None
2017-04-20 16:18:09.221115	Trial	end	377
2017-04-20 16:18:09.222003	Trial	start	378
2017-04-20 16:18:09.224025	Speaker	play	None
2017-04-20 16:18:09.396092	Speaker	stop	None
2017-04-20 16:18:09.396696	Trial	end	378
2017-04-20 16:18:09.397249	Trial	start	379
2017-04-20 16:18:09.399306	Speaker	play	None
2017-04-20 16:18:15.405065	Speaker	stop	None
2017-04-20 16:18:15.405626	Trial	end	379
2017-04-20 16:19:02.231702	Trial	start	380
2017-04-20 16:19:02.233524	Speaker	play	None
2017-04-20 16:19:04.251162	Speaker	stop	None
2017-04-20 16:19:04.251740	Trial	end	380
2017-04-20 16:19:04.252250	Trial	start	381
2017-04-20 16:19:04.254512	Speaker	play	None
2017-04-20 16:19:04.472571	Speaker	stop	None
2017-04-20 16:19:04.473312	Trial	end	381
2017-04-20 16:19:04.474237	Trial	start	382
2017-04-20 16:19:04.476219	Speaker	play	None
2017-04-20 16:19:10.481370	Speaker	stop	None
2017-04-20 16:19:10.482125	Hopper	up	None
2017-04-20 16:19:22.482865	Hopper	down	None
2017-04-20 16:19:22.785865	Trial	end	382
2017-04-20 16:20:06.265561	Trial	start	383
2017-04-20 16:20:06.267518	Speaker	play	None
2017-04-20 16:20:06.449950	Speaker	stop	None
2017-04-20 16:20:06.450473	Trial	end	383
2017-04-20 16:20:06.451178	Trial	start	384
2017-04-20 16:20:06.453548	Speaker	play	None
2017-04-20 16:20:12.458858	Speaker	stop	None
2017-04-20 16:20:12.459652	Trial	end	384
2017-04-20 16:20:17.840979	Trial	start	385
2017-04-20 16:20:17.842895	Speaker	play	None
2017-04-20 16:20:18.275251	Speaker	stop	None
2017-04-20 16:20:18.275814	Trial	end	385
2017-04-20 16:20:18.276465	Trial	start	386
2017-04-20 16:20:18.278651	Speaker	play	None
2017-04-20 16:20:24.284067	Speaker	stop	None
2017-04-20 16:20:24.285097	Hopper	up	None
2017-04-20 16:20:36.285334	Hopper	down	None
2017-04-20 16:20:36.588438	Trial	end	386
2017-04-20 16:21:10.818902	Trial	start	387
2017-04-20 16:21:10.821616	Speaker	play	None
2017-04-20 16:21:10.954249	Speaker	stop	None
2017-04-20 16:21:10.954937	Trial	end	387
2017-04-20 16:21:10.955691	Trial	start	388
2017-04-20 16:21:10.958207	Speaker	play	None
2017-04-20 16:21:16.962902	Speaker	stop	None
2017-04-20 16:21:16.963929	Hopper	up	None
2017-04-20 16:21:28.968248	Hopper	down	None
2017-04-20 16:21:29.271290	Trial	end	388
2017-04-21 10:47:43.708663	PeckPort	off	None
2017-04-21 10:47:43.709798	HouseLight	on	None
2017-04-21 10:47:43.710235	Hopper	down	None
