"2017-04-20 10:11:53,348","INFO","Preparing subject and data storage"
"2017-04-20 10:11:53,348","INFO","Created subject object with name LblWhi1566M"
"2017-04-20 10:11:53,349","INFO","Created datastore CSVStore: filename = /home/fet/data/LblWhi1566M/200417/LblWhi1566M_trialdata_20170420101153.csv, fields = session, index, time, stimulus_name, condition_name, response, correct, rt, reward, max_wait for subject LblWhi1566M"
"2017-04-20 10:11:53,350","INFO","Preparing to run experiment Go No-Go Interruption"
"2017-04-20 10:11:53,654","INFO","Entering Idle state"
"2017-04-20 10:11:53,957","INFO","Beginning block #1"
"2017-04-20 10:43:19,587","INFO","Trial 1 - 10:43:19 - Rewarded - /home/fet/stimuli/shaping_categories_box5/reward/WH_Stim_2.wav"
"2017-04-20 10:43:25,597","INFO","Supplying reward for 12.00 seconds"
"2017-04-20 10:44:03,983","INFO","Trial 2 - 10:44:03 - Unrewarded - /home/fet/stimuli/shaping_categories_box5/nonreward/AG_Stim_11.wav"
"2017-04-20 10:44:24,991","INFO","Trial 3 - 10:44:24 - Rewarded - /home/fet/stimuli/shaping_categories_box5/reward/WH_Stim_1.wav"
"2017-04-20 10:44:27,372","INFO","Trial 4 - 10:44:27 - Rewarded - /home/fet/stimuli/shaping_categories_box5/reward/WH_Stim_2.wav"
"2017-04-20 10:44:33,381","INFO","Supplying reward for 12.00 seconds"
"2017-04-20 10:45:12,696","INFO","Trial 5 - 10:45:12 - Rewarded - /home/fet/stimuli/shaping_categories_box5/reward/WH_Stim_1.wav"
"2017-04-20 10:45:18,705","INFO","Supplying reward for 12.00 seconds"
"2017-04-20 10:45:47,445","INFO","Trial 6 - 10:45:47 - Unrewarded - /home/fet/stimuli/shaping_categories_box5/nonreward/AG_Stim_12.wav"
"2017-04-20 10:45:47,640","INFO","Trial 7 - 10:45:47 - Unrewarded - /home/fet/stimuli/shaping_categories_box5/nonreward/AG_Stim_12.wav"
"2017-04-20 10:45:55,555","INFO","Trial 8 - 10:45:55 - Rewarded - /home/fet/stimuli/shaping_categories_box5/reward/WH_Stim_1.wav"
"2017-04-20 10:45:56,086","INFO","Trial 9 - 10:45:56 - Rewarded - /home/fet/stimuli/shaping_categories_box5/reward/WH_Stim_2.wav"
"2017-04-20 10:46:02,093","INFO","Supplying reward for 12.00 seconds"
"2017-04-20 10:46:45,660","INFO","Trial 10 - 10:46:45 - Rewarded - /home/fet/stimuli/shaping_categories_box5/reward/WH_Stim_2.wav"
"2017-04-20 10:46:47,035","INFO","Trial 11 - 10:46:47 - Rewarded - /home/fet/stimuli/shaping_categories_box5/reward/WH_Stim_1.wav"
"2017-04-20 10:46:47,058","INFO","Trial 12 - 10:46:47 - Unrewarded - /home/fet/stimuli/shaping_categories_box5/nonreward/AG_Stim_11.wav"
"2017-04-20 10:47:16,617","INFO","Trial 13 - 10:47:16 - Unrewarded - /home/fet/stimuli/shaping_categories_box5/nonreward/AG_Stim_12.wav"
"2017-04-20 10:47:16,775","INFO","Trial 14 - 10:47:16 - Rewarded - /home/fet/stimuli/shaping_categories_box5/reward/WH_Stim_1.wav"
"2017-04-20 10:47:22,781","INFO","Supplying reward for 12.00 seconds"
"2017-04-20 10:47:45,857","INFO","Trial 15 - 10:47:45 - Unrewarded - /home/fet/stimuli/shaping_categories_box5/nonreward/AG_Stim_11.wav"
"2017-04-20 10:47:46,010","INFO","Trial 16 - 10:47:46 - Rewarded - /home/fet/stimuli/shaping_categories_box5/reward/WH_Stim_2.wav"
"2017-04-20 10:47:46,841","INFO","Trial 17 - 10:47:46 - Rewarded - /home/fet/stimuli/shaping_categories_box5/reward/WH_Stim_1.wav"
"2017-04-20 10:47:52,850","INFO","Supplying reward for 12.00 seconds"
"2017-04-20 10:49:06,025","INFO","Trial 18 - 10:49:06 - Rewarded - /home/fet/stimuli/shaping_categories_box5/reward/WH_Stim_2.wav"
"2017-04-20 10:49:12,034","INFO","Supplying reward for 12.00 seconds"
"2017-04-20 10:49:48,347","INFO","Trial 19 - 10:49:48 - Unrewarded - /home/fet/stimuli/shaping_categories_box5/nonreward/AG_Stim_12.wav"
"2017-04-20 10:49:59,992","INFO","Trial 20 - 10:49:59 - Unrewarded - /home/fet/stimuli/shaping_categories_box5/nonreward/AG_Stim_11.wav"
"2017-04-20 10:50:00,141","INFO","Trial 21 - 10:50:00 - Rewarded - /home/fet/stimuli/shaping_categories_box5/reward/WH_Stim_2.wav"
"2017-04-20 10:50:00,264","INFO","Trial 22 - 10:50:00 - Unrewarded - /home/fet/stimuli/shaping_categories_box5/nonreward/AG_Stim_12.wav"
"2017-04-20 10:50:13,582","INFO","Trial 23 - 10:50:13 - Rewarded - /home/fet/stimuli/shaping_categories_box5/reward/WH_Stim_1.wav"
"2017-04-20 10:50:19,591","INFO","Supplying reward for 12.00 seconds"
"2017-04-20 10:52:14,745","INFO","Trial 24 - 10:52:14 - Rewarded - /home/fet/stimuli/shaping_categories_box5/reward/WH_Stim_2.wav"
"2017-04-20 10:52:20,754","INFO","Supplying reward for 12.00 seconds"
"2017-04-20 10:52:49,153","INFO","Trial 25 - 10:52:49 - Rewarded - /home/fet/stimuli/shaping_categories_box5/reward/WH_Stim_1.wav"
"2017-04-20 10:52:49,306","INFO","Trial 26 - 10:52:49 - Rewarded - /home/fet/stimuli/shaping_categories_box5/reward/WH_Stim_2.wav"
"2017-04-20 10:52:49,446","INFO","Trial 27 - 10:52:49 - Rewarded - /home/fet/stimuli/shaping_categories_box5/reward/WH_Stim_1.wav"
"2017-04-20 10:52:55,453","INFO","Supplying reward for 12.00 seconds"
"2017-04-20 10:53:47,081","INFO","Trial 28 - 10:53:47 - Unrewarded - /home/fet/stimuli/shaping_categories_box5/nonreward/AG_Stim_11.wav"
"2017-04-20 10:54:27,805","INFO","Trial 29 - 10:54:27 - Rewarded - /home/fet/stimuli/shaping_categories_box5/reward/WH_Stim_2.wav"
"2017-04-20 10:54:28,401","INFO","Trial 30 - 10:54:28 - Rewarded - /home/fet/stimuli/shaping_categories_box5/reward/WH_Stim_1.wav"
"2017-04-20 10:54:30,166","INFO","Trial 31 - 10:54:30 - Rewarded - /home/fet/stimuli/shaping_categories_box5/reward/WH_Stim_2.wav"
"2017-04-20 10:54:36,174","INFO","Supplying reward for 12.00 seconds"
"2017-04-20 10:55:11,278","INFO","Trial 32 - 10:55:11 - Rewarded - /home/fet/stimuli/shaping_categories_box5/reward/WH_Stim_1.wav"
"2017-04-20 10:55:11,443","INFO","Trial 33 - 10:55:11 - Unrewarded - /home/fet/stimuli/shaping_categories_box5/nonreward/AG_Stim_12.wav"
"2017-04-20 10:55:23,643","INFO","Trial 34 - 10:55:23 - Rewarded - /home/fet/stimuli/shaping_categories_box5/reward/WH_Stim_1.wav"
"2017-04-20 10:55:24,194","INFO","Trial 35 - 10:55:24 - Rewarded - /home/fet/stimuli/shaping_categories_box5/reward/WH_Stim_2.wav"
"2017-04-20 10:55:24,398","INFO","Trial 36 - 10:55:24 - Rewarded - /home/fet/stimuli/shaping_categories_box5/reward/WH_Stim_2.wav"
"2017-04-20 10:55:24,849","INFO","Trial 37 - 10:55:24 - Rewarded - /home/fet/stimuli/shaping_categories_box5/reward/WH_Stim_1.wav"
"2017-04-20 10:55:25,053","INFO","Trial 38 - 10:55:25 - Unrewarded - /home/fet/stimuli/shaping_categories_box5/nonreward/AG_Stim_11.wav"
"2017-04-20 10:55:37,377","INFO","Trial 39 - 10:55:37 - Unrewarded - /home/fet/stimuli/shaping_categories_box5/nonreward/AG_Stim_11.wav"
"2017-04-20 10:56:08,652","INFO","Trial 40 - 10:56:08 - Unrewarded - /home/fet/stimuli/shaping_categories_box5/nonreward/AG_Stim_12.wav"
"2017-04-20 10:56:26,538","INFO","Trial 41 - 10:56:26 - Rewarded - /home/fet/stimuli/shaping_categories_box5/reward/WH_Stim_2.wav"
"2017-04-20 10:56:27,396","INFO","Trial 42 - 10:56:27 - Rewarded - /home/fet/stimuli/shaping_categories_box5/reward/WH_Stim_1.wav"
"2017-04-20 10:56:33,404","INFO","Supplying reward for 12.00 seconds"
"2017-04-20 10:58:21,815","INFO","Trial 43 - 10:58:21 - Unrewarded - /home/fet/stimuli/shaping_categories_box5/nonreward/AG_Stim_12.wav"
"2017-04-20 10:58:47,880","INFO","Trial 44 - 10:58:47 - Unrewarded - /home/fet/stimuli/shaping_categories_box5/nonreward/AG_Stim_11.wav"
"2017-04-20 10:58:48,054","INFO","Trial 45 - 10:58:48 - Unrewarded - /home/fet/stimuli/shaping_categories_box5/nonreward/AG_Stim_11.wav"
"2017-04-20 10:58:50,507","INFO","Trial 46 - 10:58:50 - Rewarded - /home/fet/stimuli/shaping_categories_box5/reward/WH_Stim_2.wav"
"2017-04-20 10:58:56,515","INFO","Supplying reward for 12.00 seconds"
"2017-04-20 10:59:32,360","INFO","Trial 47 - 10:59:32 - Rewarded - /home/fet/stimuli/shaping_categories_box5/reward/WH_Stim_1.wav"
"2017-04-20 10:59:32,517","INFO","Trial 48 - 10:59:32 - Rewarded - /home/fet/stimuli/shaping_categories_box5/reward/WH_Stim_1.wav"
"2017-04-20 10:59:32,677","INFO","Trial 49 - 10:59:32 - Unrewarded - /home/fet/stimuli/shaping_categories_box5/nonreward/AG_Stim_12.wav"
"2017-04-20 10:59:52,504","INFO","Trial 50 - 10:59:52 - Unrewarded - /home/fet/stimuli/shaping_categories_box5/nonreward/AG_Stim_11.wav"
"2017-04-20 10:59:52,628","INFO","Trial 51 - 10:59:52 - Rewarded - /home/fet/stimuli/shaping_categories_box5/reward/WH_Stim_2.wav"
"2017-04-20 10:59:58,635","INFO","Supplying reward for 12.00 seconds"
"2017-04-20 11:00:29,943","INFO","Trial 52 - 11:00:29 - Rewarded - /home/fet/stimuli/shaping_categories_box5/reward/WH_Stim_1.wav"
"2017-04-20 11:00:30,092","INFO","Trial 53 - 11:00:30 - Unrewarded - /home/fet/stimuli/shaping_categories_box5/nonreward/AG_Stim_12.wav"
"2017-04-20 11:00:52,351","INFO","Trial 54 - 11:00:52 - Unrewarded - /home/fet/stimuli/shaping_categories_box5/nonreward/AG_Stim_11.wav"
"2017-04-20 11:01:09,795","INFO","Trial 55 - 11:01:09 - Unrewarded - /home/fet/stimuli/shaping_categories_box5/nonreward/AG_Stim_12.wav"
"2017-04-20 11:01:09,936","INFO","Trial 56 - 11:01:09 - Rewarded - /home/fet/stimuli/shaping_categories_box5/reward/WH_Stim_2.wav"
"2017-04-20 11:01:10,112","INFO","Trial 57 - 11:01:10 - Unrewarded - /home/fet/stimuli/shaping_categories_box5/nonreward/AG_Stim_12.wav"
"2017-04-20 11:01:43,753","INFO","Trial 58 - 11:01:43 - Rewarded - /home/fet/stimuli/shaping_categories_box5/reward/WH_Stim_1.wav"
"2017-04-20 11:01:49,759","INFO","Supplying reward for 12.00 seconds"
"2017-04-20 11:03:04,178","INFO","Trial 59 - 11:03:04 - Unrewarded - /home/fet/stimuli/shaping_categories_box5/nonreward/AG_Stim_11.wav"
"2017-04-20 11:03:04,315","INFO","Trial 60 - 11:03:04 - Rewarded - /home/fet/stimuli/shaping_categories_box5/reward/WH_Stim_2.wav"
"2017-04-20 11:03:05,474","INFO","Trial 61 - 11:03:05 - Rewarded - /home/fet/stimuli/shaping_categories_box5/reward/WH_Stim_1.wav"
"2017-04-20 11:03:05,625","INFO","Trial 62 - 11:03:05 - Rewarded - /home/fet/stimuli/shaping_categories_box5/reward/WH_Stim_2.wav"
"2017-04-20 11:03:11,633","INFO","Supplying reward for 12.00 seconds"
"2017-04-20 11:03:41,560","INFO","Trial 63 - 11:03:41 - Rewarded - /home/fet/stimuli/shaping_categories_box5/reward/WH_Stim_2.wav"
"2017-04-20 11:03:47,566","INFO","Supplying reward for 12.00 seconds"
"2017-04-20 11:04:16,084","INFO","Trial 64 - 11:04:16 - Rewarded - /home/fet/stimuli/shaping_categories_box5/reward/WH_Stim_1.wav"
"2017-04-20 11:04:22,089","INFO","Supplying reward for 12.00 seconds"
"2017-04-20 11:05:00,814","INFO","Trial 65 - 11:05:00 - Rewarded - /home/fet/stimuli/shaping_categories_box5/reward/WH_Stim_2.wav"
"2017-04-20 11:05:00,966","INFO","Trial 66 - 11:05:00 - Unrewarded - /home/fet/stimuli/shaping_categories_box5/nonreward/AG_Stim_11.wav"
"2017-04-20 11:06:43,855","INFO","Trial 67 - 11:06:43 - Unrewarded - /home/fet/stimuli/shaping_categories_box5/nonreward/AG_Stim_12.wav"
"2017-04-20 11:07:04,998","INFO","Trial 68 - 11:07:04 - Rewarded - /home/fet/stimuli/shaping_categories_box5/reward/WH_Stim_1.wav"
"2017-04-20 11:07:05,126","INFO","Trial 69 - 11:07:05 - Unrewarded - /home/fet/stimuli/shaping_categories_box5/nonreward/AG_Stim_12.wav"
"2017-04-20 11:07:05,413","INFO","Trial 70 - 11:07:05 - Rewarded - /home/fet/stimuli/shaping_categories_box5/reward/WH_Stim_1.wav"
"2017-04-20 11:07:07,858","INFO","Trial 71 - 11:07:07 - Rewarded - /home/fet/stimuli/shaping_categories_box5/reward/WH_Stim_2.wav"
"2017-04-20 11:07:08,034","INFO","Trial 72 - 11:07:08 - Unrewarded - /home/fet/stimuli/shaping_categories_box5/nonreward/AG_Stim_11.wav"
"2017-04-20 11:27:44,214","INFO","Trial 73 - 11:27:44 - Unrewarded - /home/fet/stimuli/shaping_categories_box5/nonreward/AG_Stim_11.wav"
"2017-04-20 11:28:13,929","INFO","Trial 74 - 11:28:13 - Unrewarded - /home/fet/stimuli/shaping_categories_box5/nonreward/AG_Stim_12.wav"
"2017-04-20 11:28:22,342","INFO","Trial 75 - 11:28:22 - Rewarded - /home/fet/stimuli/shaping_categories_box5/reward/WH_Stim_2.wav"
"2017-04-20 11:28:28,347","INFO","Supplying reward for 12.00 seconds"
"2017-04-20 11:31:27,531","INFO","Trial 76 - 11:31:27 - Unrewarded - /home/fet/stimuli/shaping_categories_box5/nonreward/AG_Stim_12.wav"
"2017-04-20 11:31:53,631","INFO","Trial 77 - 11:31:53 - Rewarded - /home/fet/stimuli/shaping_categories_box5/reward/WH_Stim_1.wav"
"2017-04-20 11:31:59,647","INFO","Supplying reward for 12.00 seconds"
"2017-04-20 11:32:46,297","INFO","Trial 78 - 11:32:46 - Unrewarded - /home/fet/stimuli/shaping_categories_box5/nonreward/AG_Stim_11.wav"
"2017-04-20 11:32:46,508","INFO","Trial 79 - 11:32:46 - Unrewarded - /home/fet/stimuli/shaping_categories_box5/nonreward/AG_Stim_12.wav"
"2017-04-20 11:33:13,322","INFO","Trial 80 - 11:33:13 - Unrewarded - /home/fet/stimuli/shaping_categories_box5/nonreward/AG_Stim_11.wav"
"2017-04-20 11:33:13,495","INFO","Trial 81 - 11:33:13 - Unrewarded - /home/fet/stimuli/shaping_categories_box5/nonreward/AG_Stim_11.wav"
"2017-04-20 11:33:14,949","INFO","Trial 82 - 11:33:14 - Unrewarded - /home/fet/stimuli/shaping_categories_box5/nonreward/AG_Stim_12.wav"
"2017-04-20 11:33:15,118","INFO","Trial 83 - 11:33:15 - Rewarded - /home/fet/stimuli/shaping_categories_box5/reward/WH_Stim_2.wav"
"2017-04-20 11:33:15,532","INFO","Trial 84 - 11:33:15 - Unrewarded - /home/fet/stimuli/shaping_categories_box5/nonreward/AG_Stim_11.wav"
"2017-04-20 11:33:35,018","INFO","Trial 85 - 11:33:35 - Unrewarded - /home/fet/stimuli/shaping_categories_box5/nonreward/AG_Stim_12.wav"
"2017-04-20 11:33:47,264","INFO","Trial 86 - 11:33:47 - Rewarded - /home/fet/stimuli/shaping_categories_box5/reward/WH_Stim_1.wav"
"2017-04-20 11:33:49,645","INFO","Trial 87 - 11:33:49 - Rewarded - /home/fet/stimuli/shaping_categories_box5/reward/WH_Stim_1.wav"
"2017-04-20 11:33:49,821","INFO","Trial 88 - 11:33:49 - Rewarded - /home/fet/stimuli/shaping_categories_box5/reward/WH_Stim_2.wav"
"2017-04-20 11:33:49,989","INFO","Trial 89 - 11:33:49 - Unrewarded - /home/fet/stimuli/shaping_categories_box5/nonreward/AG_Stim_11.wav"
"2017-04-20 11:34:15,984","INFO","Trial 90 - 11:34:15 - Rewarded - /home/fet/stimuli/shaping_categories_box5/reward/WH_Stim_1.wav"
"2017-04-20 11:34:16,162","INFO","Trial 91 - 11:34:16 - Rewarded - /home/fet/stimuli/shaping_categories_box5/reward/WH_Stim_2.wav"
"2017-04-20 11:34:17,091","INFO","Trial 92 - 11:34:17 - Unrewarded - /home/fet/stimuli/shaping_categories_box5/nonreward/AG_Stim_12.wav"
"2017-04-20 11:34:49,094","INFO","Trial 93 - 11:34:49 - Rewarded - /home/fet/stimuli/shaping_categories_box5/reward/WH_Stim_1.wav"
"2017-04-20 11:34:49,378","INFO","Trial 94 - 11:34:49 - Rewarded - /home/fet/stimuli/shaping_categories_box5/reward/WH_Stim_2.wav"
"2017-04-20 11:34:55,386","INFO","Supplying reward for 12.00 seconds"
"2017-04-20 11:35:18,953","INFO","Trial 95 - 11:35:18 - Unrewarded - /home/fet/stimuli/shaping_categories_box5/nonreward/AG_Stim_12.wav"
"2017-04-20 11:35:38,166","INFO","Trial 96 - 11:35:38 - Rewarded - /home/fet/stimuli/shaping_categories_box5/reward/WH_Stim_1.wav"
"2017-04-20 11:35:38,717","INFO","Trial 97 - 11:35:38 - Unrewarded - /home/fet/stimuli/shaping_categories_box5/nonreward/AG_Stim_11.wav"
"2017-04-20 11:35:56,450","INFO","Trial 98 - 11:35:56 - Unrewarded - /home/fet/stimuli/shaping_categories_box5/nonreward/AG_Stim_12.wav"
"2017-04-20 11:36:02,375","INFO","Trial 99 - 11:36:02 - Rewarded - /home/fet/stimuli/shaping_categories_box5/reward/WH_Stim_2.wav"
"2017-04-20 11:36:02,812","INFO","Trial 100 - 11:36:02 - Rewarded - /home/fet/stimuli/shaping_categories_box5/reward/WH_Stim_2.wav"
"2017-04-20 11:36:02,972","INFO","Trial 101 - 11:36:02 - Unrewarded - /home/fet/stimuli/shaping_categories_box5/nonreward/AG_Stim_11.wav"
"2017-04-20 11:36:32,145","INFO","Trial 102 - 11:36:32 - Unrewarded - /home/fet/stimuli/shaping_categories_box5/nonreward/AG_Stim_12.wav"
"2017-04-20 11:36:39,563","INFO","Trial 103 - 11:36:39 - Unrewarded - /home/fet/stimuli/shaping_categories_box5/nonreward/AG_Stim_11.wav"
"2017-04-20 11:36:41,784","INFO","Trial 104 - 11:36:41 - Rewarded - /home/fet/stimuli/shaping_categories_box5/reward/WH_Stim_1.wav"
"2017-04-20 11:36:41,972","INFO","Trial 105 - 11:36:41 - Rewarded - /home/fet/stimuli/shaping_categories_box5/reward/WH_Stim_2.wav"
"2017-04-20 11:36:44,282","INFO","Trial 106 - 11:36:44 - Unrewarded - /home/fet/stimuli/shaping_categories_box5/nonreward/AG_Stim_12.wav"
"2017-04-20 11:36:44,487","INFO","Trial 107 - 11:36:44 - Unrewarded - /home/fet/stimuli/shaping_categories_box5/nonreward/AG_Stim_11.wav"
"2017-04-20 11:36:44,712","INFO","Trial 108 - 11:36:44 - Rewarded - /home/fet/stimuli/shaping_categories_box5/reward/WH_Stim_1.wav"
"2017-04-20 11:36:44,855","INFO","Trial 109 - 11:36:44 - Unrewarded - /home/fet/stimuli/shaping_categories_box5/nonreward/AG_Stim_12.wav"
"2017-04-20 11:36:45,028","INFO","Trial 110 - 11:36:45 - Unrewarded - /home/fet/stimuli/shaping_categories_box5/nonreward/AG_Stim_11.wav"
"2017-04-20 11:37:03,506","INFO","Trial 111 - 11:37:03 - Rewarded - /home/fet/stimuli/shaping_categories_box5/reward/WH_Stim_2.wav"
"2017-04-20 11:37:03,631","INFO","Trial 112 - 11:37:03 - Unrewarded - /home/fet/stimuli/shaping_categories_box5/nonreward/AG_Stim_11.wav"
"2017-04-20 11:37:03,811","INFO","Trial 113 - 11:37:03 - Unrewarded - /home/fet/stimuli/shaping_categories_box5/nonreward/AG_Stim_12.wav"
"2017-04-20 11:38:01,495","INFO","Trial 114 - 11:38:01 - Unrewarded - /home/fet/stimuli/shaping_categories_box5/nonreward/AG_Stim_12.wav"
"2017-04-20 11:38:01,689","INFO","Trial 115 - 11:38:01 - Rewarded - /home/fet/stimuli/shaping_categories_box5/reward/WH_Stim_1.wav"
"2017-04-20 11:38:07,697","INFO","Supplying reward for 12.00 seconds"
"2017-04-20 11:38:46,381","INFO","Trial 116 - 11:38:46 - Rewarded - /home/fet/stimuli/shaping_categories_box5/reward/WH_Stim_1.wav"
"2017-04-20 11:38:51,121","INFO","Trial 117 - 11:38:51 - Rewarded - /home/fet/stimuli/shaping_categories_box5/reward/WH_Stim_2.wav"
"2017-04-20 11:38:51,601","INFO","Trial 118 - 11:38:51 - Unrewarded - /home/fet/stimuli/shaping_categories_box5/nonreward/AG_Stim_11.wav"
"2017-04-20 11:38:51,760","INFO","Trial 119 - 11:38:51 - Unrewarded - /home/fet/stimuli/shaping_categories_box5/nonreward/AG_Stim_11.wav"
"2017-04-20 11:38:51,928","INFO","Trial 120 - 11:38:51 - Unrewarded - /home/fet/stimuli/shaping_categories_box5/nonreward/AG_Stim_12.wav"
"2017-04-20 11:39:21,048","INFO","Trial 121 - 11:39:21 - Rewarded - /home/fet/stimuli/shaping_categories_box5/reward/WH_Stim_2.wav"
"2017-04-20 11:39:21,209","INFO","Trial 122 - 11:39:21 - Rewarded - /home/fet/stimuli/shaping_categories_box5/reward/WH_Stim_1.wav"
"2017-04-20 11:39:21,370","INFO","Trial 123 - 11:39:21 - Unrewarded - /home/fet/stimuli/shaping_categories_box5/nonreward/AG_Stim_12.wav"
"2017-04-20 11:39:36,800","INFO","Trial 124 - 11:39:36 - Rewarded - /home/fet/stimuli/shaping_categories_box5/reward/WH_Stim_1.wav"
"2017-04-20 11:39:36,966","INFO","Trial 125 - 11:39:36 - Rewarded - /home/fet/stimuli/shaping_categories_box5/reward/WH_Stim_2.wav"
"2017-04-20 11:39:42,973","INFO","Supplying reward for 12.00 seconds"
"2017-04-20 11:40:26,495","INFO","Trial 126 - 11:40:26 - Rewarded - /home/fet/stimuli/shaping_categories_box5/reward/WH_Stim_2.wav"
"2017-04-20 11:40:32,504","INFO","Supplying reward for 12.00 seconds"
"2017-04-20 11:41:16,070","INFO","Trial 127 - 11:41:16 - Rewarded - /home/fet/stimuli/shaping_categories_box5/reward/WH_Stim_1.wav"
"2017-04-20 11:41:16,206","INFO","Trial 128 - 11:41:16 - Rewarded - /home/fet/stimuli/shaping_categories_box5/reward/WH_Stim_2.wav"
"2017-04-20 11:41:22,215","INFO","Supplying reward for 12.00 seconds"
"2017-04-20 11:42:12,351","INFO","Trial 129 - 11:42:12 - Rewarded - /home/fet/stimuli/shaping_categories_box5/reward/WH_Stim_1.wav"
"2017-04-20 11:42:12,480","INFO","Trial 130 - 11:42:12 - Rewarded - /home/fet/stimuli/shaping_categories_box5/reward/WH_Stim_1.wav"
"2017-04-20 11:42:12,639","INFO","Trial 131 - 11:42:12 - Unrewarded - /home/fet/stimuli/shaping_categories_box5/nonreward/AG_Stim_11.wav"
"2017-04-20 11:43:47,250","INFO","Trial 132 - 11:43:47 - Rewarded - /home/fet/stimuli/shaping_categories_box5/reward/WH_Stim_2.wav"
"2017-04-20 11:43:53,260","INFO","Supplying reward for 12.00 seconds"
"2017-04-20 11:44:20,713","INFO","Trial 133 - 11:44:20 - Unrewarded - /home/fet/stimuli/shaping_categories_box5/nonreward/AG_Stim_12.wav"
"2017-04-20 11:44:20,850","INFO","Trial 134 - 11:44:20 - Unrewarded - /home/fet/stimuli/shaping_categories_box5/nonreward/AG_Stim_11.wav"
"2017-04-20 11:44:46,677","INFO","Trial 135 - 11:44:46 - Unrewarded - /home/fet/stimuli/shaping_categories_box5/nonreward/AG_Stim_12.wav"
"2017-04-20 11:44:46,834","INFO","Trial 136 - 11:44:46 - Rewarded - /home/fet/stimuli/shaping_categories_box5/reward/WH_Stim_1.wav"
"2017-04-20 11:44:47,050","INFO","Trial 137 - 11:44:47 - Rewarded - /home/fet/stimuli/shaping_categories_box5/reward/WH_Stim_2.wav"
"2017-04-20 11:44:47,223","INFO","Trial 138 - 11:44:47 - Rewarded - /home/fet/stimuli/shaping_categories_box5/reward/WH_Stim_2.wav"
"2017-04-20 11:44:47,391","INFO","Trial 139 - 11:44:47 - Rewarded - /home/fet/stimuli/shaping_categories_box5/reward/WH_Stim_1.wav"
"2017-04-20 11:44:47,521","INFO","Trial 140 - 11:44:47 - Rewarded - /home/fet/stimuli/shaping_categories_box5/reward/WH_Stim_1.wav"
"2017-04-20 11:44:47,698","INFO","Trial 141 - 11:44:47 - Rewarded - /home/fet/stimuli/shaping_categories_box5/reward/WH_Stim_2.wav"
"2017-04-20 11:44:49,878","INFO","Trial 142 - 11:44:49 - Rewarded - /home/fet/stimuli/shaping_categories_box5/reward/WH_Stim_2.wav"
"2017-04-20 11:44:50,041","INFO","Trial 143 - 11:44:50 - Rewarded - /home/fet/stimuli/shaping_categories_box5/reward/WH_Stim_1.wav"
"2017-04-20 11:44:56,048","INFO","Supplying reward for 12.00 seconds"
"2017-04-20 11:45:31,346","INFO","Trial 144 - 11:45:31 - Unrewarded - /home/fet/stimuli/shaping_categories_box5/nonreward/AG_Stim_11.wav"
"2017-04-20 11:45:46,272","INFO","Trial 145 - 11:45:46 - Unrewarded - /home/fet/stimuli/shaping_categories_box5/nonreward/AG_Stim_12.wav"
"2017-04-20 11:46:07,497","INFO","Trial 146 - 11:46:07 - Rewarded - /home/fet/stimuli/shaping_categories_box5/reward/WH_Stim_2.wav"
"2017-04-20 11:46:07,659","INFO","Trial 147 - 11:46:07 - Unrewarded - /home/fet/stimuli/shaping_categories_box5/nonreward/AG_Stim_11.wav"
"2017-04-20 11:46:07,818","INFO","Trial 148 - 11:46:07 - Rewarded - /home/fet/stimuli/shaping_categories_box5/reward/WH_Stim_1.wav"
"2017-04-20 11:46:07,974","INFO","Trial 149 - 11:46:07 - Unrewarded - /home/fet/stimuli/shaping_categories_box5/nonreward/AG_Stim_11.wav"
"2017-04-20 11:46:08,133","INFO","Trial 150 - 11:46:08 - Unrewarded - /home/fet/stimuli/shaping_categories_box5/nonreward/AG_Stim_12.wav"
"2017-04-20 11:46:08,268","INFO","Trial 151 - 11:46:08 - Rewarded - /home/fet/stimuli/shaping_categories_box5/reward/WH_Stim_1.wav"
"2017-04-20 11:46:08,441","INFO","Trial 152 - 11:46:08 - Unrewarded - /home/fet/stimuli/shaping_categories_box5/nonreward/AG_Stim_11.wav"
"2017-04-20 11:46:08,625","INFO","Trial 153 - 11:46:08 - Rewarded - /home/fet/stimuli/shaping_categories_box5/reward/WH_Stim_2.wav"
"2017-04-20 11:46:08,727","INFO","Trial 154 - 11:46:08 - Unrewarded - /home/fet/stimuli/shaping_categories_box5/nonreward/AG_Stim_12.wav"
"2017-04-20 11:46:08,854","INFO","Trial 155 - 11:46:08 - Rewarded - /home/fet/stimuli/shaping_categories_box5/reward/WH_Stim_1.wav"
"2017-04-20 11:46:14,860","INFO","Supplying reward for 12.00 seconds"
"2017-04-20 11:46:59,406","INFO","Trial 156 - 11:46:59 - Unrewarded - /home/fet/stimuli/shaping_categories_box5/nonreward/AG_Stim_12.wav"
"2017-04-20 11:47:23,543","INFO","Trial 157 - 11:47:23 - Rewarded - /home/fet/stimuli/shaping_categories_box5/reward/WH_Stim_2.wav"
"2017-04-20 11:47:23,704","INFO","Trial 158 - 11:47:23 - Rewarded - /home/fet/stimuli/shaping_categories_box5/reward/WH_Stim_1.wav"
"2017-04-20 11:47:23,897","INFO","Trial 159 - 11:47:23 - Unrewarded - /home/fet/stimuli/shaping_categories_box5/nonreward/AG_Stim_11.wav"
"2017-04-20 11:47:24,044","INFO","Trial 160 - 11:47:24 - Unrewarded - /home/fet/stimuli/shaping_categories_box5/nonreward/AG_Stim_11.wav"
"2017-04-20 11:49:08,933","INFO","Trial 161 - 11:49:08 - Unrewarded - /home/fet/stimuli/shaping_categories_box5/nonreward/AG_Stim_12.wav"
"2017-04-20 11:49:09,069","INFO","Trial 162 - 11:49:09 - Rewarded - /home/fet/stimuli/shaping_categories_box5/reward/WH_Stim_2.wav"
"2017-04-20 11:49:09,188","INFO","Trial 163 - 11:49:09 - Rewarded - /home/fet/stimuli/shaping_categories_box5/reward/WH_Stim_1.wav"
"2017-04-20 11:49:15,195","INFO","Supplying reward for 12.00 seconds"
"2017-04-20 11:49:44,508","INFO","Trial 164 - 11:49:44 - Rewarded - /home/fet/stimuli/shaping_categories_box5/reward/WH_Stim_2.wav"
"2017-04-20 11:49:50,516","INFO","Supplying reward for 12.00 seconds"
"2017-04-20 11:50:40,896","INFO","Trial 165 - 11:50:40 - Unrewarded - /home/fet/stimuli/shaping_categories_box5/nonreward/AG_Stim_11.wav"
"2017-04-20 11:50:41,041","INFO","Trial 166 - 11:50:41 - Unrewarded - /home/fet/stimuli/shaping_categories_box5/nonreward/AG_Stim_12.wav"
"2017-04-20 11:50:41,250","INFO","Trial 167 - 11:50:41 - Unrewarded - /home/fet/stimuli/shaping_categories_box5/nonreward/AG_Stim_11.wav"
"2017-04-20 11:52:25,307","INFO","Trial 168 - 11:52:25 - Unrewarded - /home/fet/stimuli/shaping_categories_box5/nonreward/AG_Stim_12.wav"
"2017-04-20 11:52:25,469","INFO","Trial 169 - 11:52:25 - Unrewarded - /home/fet/stimuli/shaping_categories_box5/nonreward/AG_Stim_12.wav"
"2017-04-20 11:52:25,661","INFO","Trial 170 - 11:52:25 - Rewarded - /home/fet/stimuli/shaping_categories_box5/reward/WH_Stim_1.wav"
"2017-04-20 11:52:31,668","INFO","Supplying reward for 12.00 seconds"
"2017-04-20 11:53:01,170","INFO","Trial 171 - 11:53:01 - Unrewarded - /home/fet/stimuli/shaping_categories_box5/nonreward/AG_Stim_11.wav"
"2017-04-20 11:54:44,600","INFO","Trial 172 - 11:54:44 - Rewarded - /home/fet/stimuli/shaping_categories_box5/reward/WH_Stim_2.wav"
"2017-04-20 11:54:44,729","INFO","Trial 173 - 11:54:44 - Rewarded - /home/fet/stimuli/shaping_categories_box5/reward/WH_Stim_2.wav"
"2017-04-20 11:54:50,736","INFO","Supplying reward for 12.00 seconds"
"2017-04-20 11:55:31,362","INFO","Trial 174 - 11:55:31 - Unrewarded - /home/fet/stimuli/shaping_categories_box5/nonreward/AG_Stim_12.wav"
"2017-04-20 11:55:31,561","INFO","Trial 175 - 11:55:31 - Unrewarded - /home/fet/stimuli/shaping_categories_box5/nonreward/AG_Stim_11.wav"
"2017-04-20 12:26:35,919","INFO","Trial 176 - 12:26:35 - Unrewarded - /home/fet/stimuli/shaping_categories_box5/nonreward/AG_Stim_12.wav"
"2017-04-20 12:26:58,241","INFO","Trial 177 - 12:26:58 - Rewarded - /home/fet/stimuli/shaping_categories_box5/reward/WH_Stim_1.wav"
"2017-04-20 12:27:04,253","INFO","Supplying reward for 12.00 seconds"
"2017-04-20 12:36:31,380","INFO","Trial 178 - 12:36:31 - Unrewarded - /home/fet/stimuli/shaping_categories_box5/nonreward/AG_Stim_11.wav"
"2017-04-20 12:37:41,306","INFO","Trial 179 - 12:37:41 - Unrewarded - /home/fet/stimuli/shaping_categories_box5/nonreward/AG_Stim_12.wav"
"2017-04-20 12:37:50,110","INFO","Trial 180 - 12:37:50 - Unrewarded - /home/fet/stimuli/shaping_categories_box5/nonreward/AG_Stim_11.wav"
"2017-04-20 12:37:50,289","INFO","Trial 181 - 12:37:50 - Rewarded - /home/fet/stimuli/shaping_categories_box5/reward/WH_Stim_2.wav"
"2017-04-20 12:37:56,294","INFO","Supplying reward for 12.00 seconds"
"2017-04-20 12:38:24,391","INFO","Trial 182 - 12:38:24 - Rewarded - /home/fet/stimuli/shaping_categories_box5/reward/WH_Stim_1.wav"
"2017-04-20 12:38:30,400","INFO","Supplying reward for 12.00 seconds"
"2017-04-20 12:39:27,265","INFO","Trial 183 - 12:39:27 - Rewarded - /home/fet/stimuli/shaping_categories_box5/reward/WH_Stim_1.wav"
"2017-04-20 12:39:33,273","INFO","Supplying reward for 12.00 seconds"
"2017-04-20 12:40:15,513","INFO","Trial 184 - 12:40:15 - Unrewarded - /home/fet/stimuli/shaping_categories_box5/nonreward/AG_Stim_11.wav"
"2017-04-20 12:40:36,657","INFO","Trial 185 - 12:40:36 - Rewarded - /home/fet/stimuli/shaping_categories_box5/reward/WH_Stim_2.wav"
"2017-04-20 12:40:37,966","INFO","Trial 186 - 12:40:37 - Unrewarded - /home/fet/stimuli/shaping_categories_box5/nonreward/AG_Stim_12.wav"
"2017-04-20 12:40:39,372","INFO","Trial 187 - 12:40:39 - Unrewarded - /home/fet/stimuli/shaping_categories_box5/nonreward/AG_Stim_12.wav"
"2017-04-20 12:40:39,541","INFO","Trial 188 - 12:40:39 - Rewarded - /home/fet/stimuli/shaping_categories_box5/reward/WH_Stim_2.wav"
"2017-04-20 12:40:40,364","INFO","Trial 189 - 12:40:40 - Unrewarded - /home/fet/stimuli/shaping_categories_box5/nonreward/AG_Stim_11.wav"
"2017-04-20 12:40:59,494","INFO","Trial 190 - 12:40:59 - Unrewarded - /home/fet/stimuli/shaping_categories_box5/nonreward/AG_Stim_11.wav"
"2017-04-20 12:40:59,864","INFO","Trial 191 - 12:40:59 - Rewarded - /home/fet/stimuli/shaping_categories_box5/reward/WH_Stim_1.wav"
"2017-04-20 12:41:05,872","INFO","Supplying reward for 12.00 seconds"
"2017-04-20 12:41:36,664","INFO","Trial 192 - 12:41:36 - Unrewarded - /home/fet/stimuli/shaping_categories_box5/nonreward/AG_Stim_12.wav"
"2017-04-20 12:41:53,720","INFO","Trial 193 - 12:41:53 - Rewarded - /home/fet/stimuli/shaping_categories_box5/reward/WH_Stim_2.wav"
"2017-04-20 12:41:53,866","INFO","Trial 194 - 12:41:53 - Unrewarded - /home/fet/stimuli/shaping_categories_box5/nonreward/AG_Stim_12.wav"
"2017-04-20 12:41:55,354","INFO","Trial 195 - 12:41:55 - Rewarded - /home/fet/stimuli/shaping_categories_box5/reward/WH_Stim_1.wav"
"2017-04-20 12:41:55,623","INFO","Trial 196 - 12:41:55 - Rewarded - /home/fet/stimuli/shaping_categories_box5/reward/WH_Stim_1.wav"
"2017-04-20 12:42:01,633","INFO","Supplying reward for 12.00 seconds"
"2017-04-20 12:42:42,441","INFO","Trial 197 - 12:42:42 - Rewarded - /home/fet/stimuli/shaping_categories_box5/reward/WH_Stim_2.wav"
"2017-04-20 12:42:42,618","INFO","Trial 198 - 12:42:42 - Rewarded - /home/fet/stimuli/shaping_categories_box5/reward/WH_Stim_2.wav"
"2017-04-20 12:42:48,626","INFO","Supplying reward for 12.00 seconds"
"2017-04-20 12:43:52,972","INFO","Trial 199 - 12:43:52 - Unrewarded - /home/fet/stimuli/shaping_categories_box5/nonreward/AG_Stim_11.wav"
"2017-04-20 12:43:53,105","INFO","Trial 200 - 12:43:53 - Rewarded - /home/fet/stimuli/shaping_categories_box5/reward/WH_Stim_1.wav"
"2017-04-20 12:43:53,170","INFO","Trial 201 - 12:43:53 - Rewarded - /home/fet/stimuli/shaping_categories_box5/reward/WH_Stim_1.wav"
"2017-04-20 12:43:59,177","INFO","Supplying reward for 12.00 seconds"
"2017-04-20 12:44:46,664","INFO","Trial 202 - 12:44:46 - Unrewarded - /home/fet/stimuli/shaping_categories_box5/nonreward/AG_Stim_11.wav"
"2017-04-20 12:44:46,824","INFO","Trial 203 - 12:44:46 - Rewarded - /home/fet/stimuli/shaping_categories_box5/reward/WH_Stim_2.wav"
"2017-04-20 12:44:46,971","INFO","Trial 204 - 12:44:46 - Rewarded - /home/fet/stimuli/shaping_categories_box5/reward/WH_Stim_1.wav"
"2017-04-20 12:44:52,976","INFO","Supplying reward for 12.00 seconds"
"2017-04-20 12:45:17,419","INFO","Trial 205 - 12:45:17 - Rewarded - /home/fet/stimuli/shaping_categories_box5/reward/WH_Stim_2.wav"
"2017-04-20 12:45:23,428","INFO","Supplying reward for 12.00 seconds"
"2017-04-20 12:46:00,986","INFO","Trial 206 - 12:46:00 - Unrewarded - /home/fet/stimuli/shaping_categories_box5/nonreward/AG_Stim_12.wav"
"2017-04-20 12:46:11,206","INFO","Trial 207 - 12:46:11 - Rewarded - /home/fet/stimuli/shaping_categories_box5/reward/WH_Stim_1.wav"
"2017-04-20 12:46:16,266","INFO","Trial 208 - 12:46:16 - Unrewarded - /home/fet/stimuli/shaping_categories_box5/nonreward/AG_Stim_11.wav"
"2017-04-20 12:46:30,154","INFO","Trial 209 - 12:46:30 - Unrewarded - /home/fet/stimuli/shaping_categories_box5/nonreward/AG_Stim_12.wav"
"2017-04-20 12:46:30,323","INFO","Trial 210 - 12:46:30 - Unrewarded - /home/fet/stimuli/shaping_categories_box5/nonreward/AG_Stim_12.wav"
"2017-04-20 12:47:11,580","INFO","Trial 211 - 12:47:11 - Unrewarded - /home/fet/stimuli/shaping_categories_box5/nonreward/AG_Stim_11.wav"
"2017-04-20 12:47:11,713","INFO","Trial 212 - 12:47:11 - Unrewarded - /home/fet/stimuli/shaping_categories_box5/nonreward/AG_Stim_11.wav"
"2017-04-20 12:47:11,841","INFO","Trial 213 - 12:47:11 - Unrewarded - /home/fet/stimuli/shaping_categories_box5/nonreward/AG_Stim_12.wav"
"2017-04-20 12:47:11,972","INFO","Trial 214 - 12:47:11 - Rewarded - /home/fet/stimuli/shaping_categories_box5/reward/WH_Stim_2.wav"
"2017-04-20 12:47:17,979","INFO","Supplying reward for 12.00 seconds"
"2017-04-20 12:48:06,693","INFO","Trial 215 - 12:48:06 - Unrewarded - /home/fet/stimuli/shaping_categories_box5/nonreward/AG_Stim_11.wav"
"2017-04-20 12:48:06,813","INFO","Trial 216 - 12:48:06 - Unrewarded - /home/fet/stimuli/shaping_categories_box5/nonreward/AG_Stim_12.wav"
"2017-04-20 12:48:06,990","INFO","Trial 217 - 12:48:06 - Unrewarded - /home/fet/stimuli/shaping_categories_box5/nonreward/AG_Stim_11.wav"
"2017-04-20 12:48:07,116","INFO","Trial 218 - 12:48:07 - Unrewarded - /home/fet/stimuli/shaping_categories_box5/nonreward/AG_Stim_12.wav"
"2017-04-20 12:48:37,090","INFO","Trial 219 - 12:48:37 - Unrewarded - /home/fet/stimuli/shaping_categories_box5/nonreward/AG_Stim_12.wav"
"2017-04-20 12:48:37,235","INFO","Trial 220 - 12:48:37 - Rewarded - /home/fet/stimuli/shaping_categories_box5/reward/WH_Stim_1.wav"
"2017-04-20 12:48:37,354","INFO","Trial 221 - 12:48:37 - Unrewarded - /home/fet/stimuli/shaping_categories_box5/nonreward/AG_Stim_11.wav"
"2017-04-20 12:49:18,146","INFO","Trial 222 - 12:49:18 - Unrewarded - /home/fet/stimuli/shaping_categories_box5/nonreward/AG_Stim_12.wav"
"2017-04-20 12:49:18,266","INFO","Trial 223 - 12:49:18 - Unrewarded - /home/fet/stimuli/shaping_categories_box5/nonreward/AG_Stim_11.wav"
"2017-04-20 12:49:21,157","INFO","Trial 224 - 12:49:21 - Unrewarded - /home/fet/stimuli/shaping_categories_box5/nonreward/AG_Stim_11.wav"
"2017-04-20 12:49:25,750","INFO","Trial 225 - 12:49:25 - Rewarded - /home/fet/stimuli/shaping_categories_box5/reward/WH_Stim_2.wav"
"2017-04-20 12:49:31,758","INFO","Supplying reward for 12.00 seconds"
"2017-04-20 13:07:54,941","INFO","Trial 226 - 13:07:54 - Rewarded - /home/fet/stimuli/shaping_categories_box5/reward/WH_Stim_2.wav"
"2017-04-20 13:08:00,949","INFO","Supplying reward for 12.00 seconds"
"2017-04-20 13:08:31,383","INFO","Trial 227 - 13:08:31 - Rewarded - /home/fet/stimuli/shaping_categories_box5/reward/WH_Stim_1.wav"
"2017-04-20 13:08:37,392","INFO","Supplying reward for 12.00 seconds"
"2017-04-20 13:09:13,075","INFO","Trial 228 - 13:09:13 - Rewarded - /home/fet/stimuli/shaping_categories_box5/reward/WH_Stim_1.wav"
"2017-04-20 13:09:19,083","INFO","Supplying reward for 12.00 seconds"
"2017-04-20 13:10:08,599","INFO","Trial 229 - 13:10:08 - Rewarded - /home/fet/stimuli/shaping_categories_box5/reward/WH_Stim_2.wav"
"2017-04-20 13:10:14,606","INFO","Supplying reward for 12.00 seconds"
"2017-04-20 13:10:51,345","INFO","Trial 230 - 13:10:51 - Rewarded - /home/fet/stimuli/shaping_categories_box5/reward/WH_Stim_2.wav"
"2017-04-20 13:10:57,351","INFO","Supplying reward for 12.00 seconds"
"2017-04-20 13:11:38,070","INFO","Trial 231 - 13:11:38 - Unrewarded - /home/fet/stimuli/shaping_categories_box5/nonreward/AG_Stim_12.wav"
"2017-04-20 13:11:38,236","INFO","Trial 232 - 13:11:38 - Unrewarded - /home/fet/stimuli/shaping_categories_box5/nonreward/AG_Stim_12.wav"
"2017-04-20 13:12:00,724","INFO","Trial 233 - 13:12:00 - Rewarded - /home/fet/stimuli/shaping_categories_box5/reward/WH_Stim_1.wav"
"2017-04-20 13:12:02,221","INFO","Trial 234 - 13:12:02 - Unrewarded - /home/fet/stimuli/shaping_categories_box5/nonreward/AG_Stim_11.wav"
"2017-04-20 13:12:02,379","INFO","Trial 235 - 13:12:02 - Rewarded - /home/fet/stimuli/shaping_categories_box5/reward/WH_Stim_2.wav"
"2017-04-20 13:12:02,883","INFO","Trial 236 - 13:12:02 - Rewarded - /home/fet/stimuli/shaping_categories_box5/reward/WH_Stim_1.wav"
"2017-04-20 13:12:03,038","INFO","Trial 237 - 13:12:03 - Unrewarded - /home/fet/stimuli/shaping_categories_box5/nonreward/AG_Stim_11.wav"
"2017-04-20 13:12:10,662","INFO","Trial 238 - 13:12:10 - Unrewarded - /home/fet/stimuli/shaping_categories_box5/nonreward/AG_Stim_12.wav"
"2017-04-20 13:12:10,806","INFO","Trial 239 - 13:12:10 - Rewarded - /home/fet/stimuli/shaping_categories_box5/reward/WH_Stim_1.wav"
"2017-04-20 13:12:10,844","INFO","Trial 240 - 13:12:10 - Unrewarded - /home/fet/stimuli/shaping_categories_box5/nonreward/AG_Stim_12.wav"
"2017-04-20 13:12:58,077","INFO","Trial 241 - 13:12:58 - Unrewarded - /home/fet/stimuli/shaping_categories_box5/nonreward/AG_Stim_11.wav"
"2017-04-20 13:12:58,472","INFO","Trial 242 - 13:12:58 - Unrewarded - /home/fet/stimuli/shaping_categories_box5/nonreward/AG_Stim_11.wav"
"2017-04-20 13:13:45,034","INFO","Trial 243 - 13:13:45 - Rewarded - /home/fet/stimuli/shaping_categories_box5/reward/WH_Stim_2.wav"
"2017-04-20 13:13:51,044","INFO","Supplying reward for 12.00 seconds"
"2017-04-20 13:14:50,206","INFO","Trial 244 - 13:14:50 - Unrewarded - /home/fet/stimuli/shaping_categories_box5/nonreward/AG_Stim_12.wav"
"2017-04-20 13:14:50,368","INFO","Trial 245 - 13:14:50 - Rewarded - /home/fet/stimuli/shaping_categories_box5/reward/WH_Stim_2.wav"
"2017-04-20 13:14:50,552","INFO","Trial 246 - 13:14:50 - Rewarded - /home/fet/stimuli/shaping_categories_box5/reward/WH_Stim_1.wav"
"2017-04-20 13:14:56,560","INFO","Supplying reward for 12.00 seconds"
"2017-04-20 13:44:58,522","INFO","Trial 247 - 13:44:58 - Unrewarded - /home/fet/stimuli/shaping_categories_box5/nonreward/AG_Stim_12.wav"
"2017-04-20 13:45:25,431","INFO","Trial 248 - 13:45:25 - Unrewarded - /home/fet/stimuli/shaping_categories_box5/nonreward/AG_Stim_11.wav"
"2017-04-20 13:45:29,131","INFO","Trial 249 - 13:45:29 - Unrewarded - /home/fet/stimuli/shaping_categories_box5/nonreward/AG_Stim_11.wav"
"2017-04-20 13:45:58,287","INFO","Trial 250 - 13:45:58 - Unrewarded - /home/fet/stimuli/shaping_categories_box5/nonreward/AG_Stim_12.wav"
"2017-04-20 13:46:20,694","INFO","Trial 251 - 13:46:20 - Rewarded - /home/fet/stimuli/shaping_categories_box5/reward/WH_Stim_2.wav"
"2017-04-20 13:46:26,703","INFO","Supplying reward for 12.00 seconds"
"2017-04-20 13:47:14,135","INFO","Trial 252 - 13:47:14 - Unrewarded - /home/fet/stimuli/shaping_categories_box5/nonreward/AG_Stim_11.wav"
"2017-04-20 13:47:28,252","INFO","Trial 253 - 13:47:28 - Rewarded - /home/fet/stimuli/shaping_categories_box5/reward/WH_Stim_1.wav"
"2017-04-20 13:47:34,261","INFO","Supplying reward for 12.00 seconds"
"2017-04-20 13:48:47,554","INFO","Trial 254 - 13:48:47 - Unrewarded - /home/fet/stimuli/shaping_categories_box5/nonreward/AG_Stim_12.wav"
"2017-04-20 13:49:17,674","INFO","Trial 255 - 13:49:17 - Rewarded - /home/fet/stimuli/shaping_categories_box5/reward/WH_Stim_1.wav"
"2017-04-20 13:49:21,363","INFO","Trial 256 - 13:49:21 - Unrewarded - /home/fet/stimuli/shaping_categories_box5/nonreward/AG_Stim_11.wav"
"2017-04-20 13:49:26,794","INFO","Trial 257 - 13:49:26 - Unrewarded - /home/fet/stimuli/shaping_categories_box5/nonreward/AG_Stim_12.wav"
"2017-04-20 13:50:13,370","INFO","Trial 258 - 13:50:13 - Rewarded - /home/fet/stimuli/shaping_categories_box5/reward/WH_Stim_2.wav"
"2017-04-20 13:50:13,523","INFO","Trial 259 - 13:50:13 - Rewarded - /home/fet/stimuli/shaping_categories_box5/reward/WH_Stim_1.wav"
"2017-04-20 13:50:13,679","INFO","Trial 260 - 13:50:13 - Rewarded - /home/fet/stimuli/shaping_categories_box5/reward/WH_Stim_2.wav"
"2017-04-20 13:50:13,801","INFO","Trial 261 - 13:50:13 - Rewarded - /home/fet/stimuli/shaping_categories_box5/reward/WH_Stim_1.wav"
"2017-04-20 13:50:13,973","INFO","Trial 262 - 13:50:13 - Unrewarded - /home/fet/stimuli/shaping_categories_box5/nonreward/AG_Stim_12.wav"
"2017-04-20 13:50:26,834","INFO","Trial 263 - 13:50:26 - Rewarded - /home/fet/stimuli/shaping_categories_box5/reward/WH_Stim_2.wav"
"2017-04-20 13:50:32,840","INFO","Supplying reward for 12.00 seconds"
"2017-04-20 13:51:18,603","INFO","Trial 264 - 13:51:18 - Unrewarded - /home/fet/stimuli/shaping_categories_box5/nonreward/AG_Stim_11.wav"
"2017-04-20 13:51:18,739","INFO","Trial 265 - 13:51:18 - Rewarded - /home/fet/stimuli/shaping_categories_box5/reward/WH_Stim_1.wav"
"2017-04-20 13:51:19,669","INFO","Trial 266 - 13:51:19 - Unrewarded - /home/fet/stimuli/shaping_categories_box5/nonreward/AG_Stim_12.wav"
"2017-04-20 13:51:19,911","INFO","Trial 267 - 13:51:19 - Unrewarded - /home/fet/stimuli/shaping_categories_box5/nonreward/AG_Stim_11.wav"
"2017-04-20 13:51:20,270","INFO","Trial 268 - 13:51:20 - Rewarded - /home/fet/stimuli/shaping_categories_box5/reward/WH_Stim_2.wav"
"2017-04-20 13:51:20,414","INFO","Trial 269 - 13:51:20 - Rewarded - /home/fet/stimuli/shaping_categories_box5/reward/WH_Stim_2.wav"
"2017-04-20 13:51:20,512","INFO","Trial 270 - 13:51:20 - Rewarded - /home/fet/stimuli/shaping_categories_box5/reward/WH_Stim_1.wav"
"2017-04-20 13:51:26,522","INFO","Supplying reward for 12.00 seconds"
"2017-04-20 13:52:00,767","INFO","Trial 271 - 13:52:00 - Rewarded - /home/fet/stimuli/shaping_categories_box5/reward/WH_Stim_2.wav"
"2017-04-20 13:52:00,907","INFO","Trial 272 - 13:52:00 - Rewarded - /home/fet/stimuli/shaping_categories_box5/reward/WH_Stim_1.wav"
"2017-04-20 13:52:06,913","INFO","Supplying reward for 12.00 seconds"
"2017-04-20 14:14:11,500","INFO","Trial 273 - 14:14:11 - Unrewarded - /home/fet/stimuli/shaping_categories_box5/nonreward/AG_Stim_12.wav"
"2017-04-20 14:14:16,642","INFO","Trial 274 - 14:14:16 - Rewarded - /home/fet/stimuli/shaping_categories_box5/reward/WH_Stim_2.wav"
"2017-04-20 14:14:17,845","INFO","Trial 275 - 14:14:17 - Rewarded - /home/fet/stimuli/shaping_categories_box5/reward/WH_Stim_1.wav"
"2017-04-20 14:14:23,853","INFO","Supplying reward for 12.00 seconds"
"2017-04-20 14:15:15,996","INFO","Trial 276 - 14:15:15 - Rewarded - /home/fet/stimuli/shaping_categories_box5/reward/WH_Stim_1.wav"
"2017-04-20 14:15:16,232","INFO","Trial 277 - 14:15:16 - Rewarded - /home/fet/stimuli/shaping_categories_box5/reward/WH_Stim_2.wav"
"2017-04-20 14:15:17,763","INFO","Trial 278 - 14:15:17 - Rewarded - /home/fet/stimuli/shaping_categories_box5/reward/WH_Stim_1.wav"
"2017-04-20 14:15:18,049","INFO","Trial 279 - 14:15:18 - Rewarded - /home/fet/stimuli/shaping_categories_box5/reward/WH_Stim_2.wav"
"2017-04-20 14:15:24,057","INFO","Supplying reward for 12.00 seconds"
"2017-04-20 14:16:02,494","INFO","Trial 280 - 14:16:02 - Unrewarded - /home/fet/stimuli/shaping_categories_box5/nonreward/AG_Stim_11.wav"
"2017-04-20 14:16:15,289","INFO","Trial 281 - 14:16:15 - Rewarded - /home/fet/stimuli/shaping_categories_box5/reward/WH_Stim_1.wav"
"2017-04-20 14:16:17,027","INFO","Trial 282 - 14:16:17 - Unrewarded - /home/fet/stimuli/shaping_categories_box5/nonreward/AG_Stim_12.wav"
"2017-04-20 14:16:42,214","INFO","Trial 283 - 14:16:42 - Rewarded - /home/fet/stimuli/shaping_categories_box5/reward/WH_Stim_2.wav"
"2017-04-20 14:16:48,223","INFO","Supplying reward for 12.00 seconds"
"2017-04-20 14:18:17,510","INFO","Trial 284 - 14:18:17 - Rewarded - /home/fet/stimuli/shaping_categories_box5/reward/WH_Stim_2.wav"
"2017-04-20 14:18:23,520","INFO","Supplying reward for 12.00 seconds"
"2017-04-20 14:41:14,187","INFO","Trial 285 - 14:41:14 - Rewarded - /home/fet/stimuli/shaping_categories_box5/reward/WH_Stim_1.wav"
"2017-04-20 14:41:20,196","INFO","Supplying reward for 12.00 seconds"
"2017-04-20 14:42:03,880","INFO","Trial 286 - 14:42:03 - Unrewarded - /home/fet/stimuli/shaping_categories_box5/nonreward/AG_Stim_11.wav"
"2017-04-20 14:42:04,025","INFO","Trial 287 - 14:42:04 - Unrewarded - /home/fet/stimuli/shaping_categories_box5/nonreward/AG_Stim_12.wav"
"2017-04-20 14:42:10,868","INFO","Trial 288 - 14:42:10 - Unrewarded - /home/fet/stimuli/shaping_categories_box5/nonreward/AG_Stim_11.wav"
"2017-04-20 14:42:11,038","INFO","Trial 289 - 14:42:11 - Unrewarded - /home/fet/stimuli/shaping_categories_box5/nonreward/AG_Stim_12.wav"
"2017-04-20 14:42:12,679","INFO","Trial 290 - 14:42:12 - Rewarded - /home/fet/stimuli/shaping_categories_box5/reward/WH_Stim_1.wav"
"2017-04-20 14:42:18,688","INFO","Supplying reward for 12.00 seconds"
"2017-04-20 14:43:08,097","INFO","Trial 291 - 14:43:08 - Rewarded - /home/fet/stimuli/shaping_categories_box5/reward/WH_Stim_2.wav"
"2017-04-20 14:43:14,103","INFO","Supplying reward for 12.00 seconds"
"2017-04-20 14:43:55,189","INFO","Trial 292 - 14:43:55 - Unrewarded - /home/fet/stimuli/shaping_categories_box5/nonreward/AG_Stim_11.wav"
"2017-04-20 14:43:55,596","INFO","Trial 293 - 14:43:55 - Rewarded - /home/fet/stimuli/shaping_categories_box5/reward/WH_Stim_1.wav"
"2017-04-20 14:44:01,605","INFO","Supplying reward for 12.00 seconds"
"2017-04-20 14:44:35,376","INFO","Trial 294 - 14:44:35 - Unrewarded - /home/fet/stimuli/shaping_categories_box5/nonreward/AG_Stim_12.wav"
"2017-04-20 14:44:55,123","INFO","Trial 295 - 14:44:55 - Rewarded - /home/fet/stimuli/shaping_categories_box5/reward/WH_Stim_2.wav"
"2017-04-20 14:45:01,132","INFO","Supplying reward for 12.00 seconds"
"2017-04-20 14:45:34,936","INFO","Trial 296 - 14:45:34 - Unrewarded - /home/fet/stimuli/shaping_categories_box5/nonreward/AG_Stim_11.wav"
"2017-04-20 14:45:35,086","INFO","Trial 297 - 14:45:35 - Rewarded - /home/fet/stimuli/shaping_categories_box5/reward/WH_Stim_2.wav"
"2017-04-20 14:45:35,273","INFO","Trial 298 - 14:45:35 - Rewarded - /home/fet/stimuli/shaping_categories_box5/reward/WH_Stim_1.wav"
"2017-04-20 14:45:41,281","INFO","Supplying reward for 12.00 seconds"
"2017-04-20 14:46:08,651","INFO","Trial 299 - 14:46:08 - Rewarded - /home/fet/stimuli/shaping_categories_box5/reward/WH_Stim_1.wav"
"2017-04-20 14:46:14,660","INFO","Supplying reward for 12.00 seconds"
"2017-04-20 14:47:45,483","INFO","Trial 300 - 14:47:45 - Rewarded - /home/fet/stimuli/shaping_categories_box5/reward/WH_Stim_2.wav"
"2017-04-20 14:47:51,492","INFO","Supplying reward for 12.00 seconds"
"2017-04-20 14:48:26,802","INFO","Trial 301 - 14:48:26 - Unrewarded - /home/fet/stimuli/shaping_categories_box5/nonreward/AG_Stim_11.wav"
"2017-04-20 14:48:58,962","INFO","Trial 302 - 14:48:58 - Unrewarded - /home/fet/stimuli/shaping_categories_box5/nonreward/AG_Stim_12.wav"
"2017-04-20 14:48:59,100","INFO","Trial 303 - 14:48:59 - Unrewarded - /home/fet/stimuli/shaping_categories_box5/nonreward/AG_Stim_11.wav"
"2017-04-20 14:49:28,883","INFO","Trial 304 - 14:49:28 - Rewarded - /home/fet/stimuli/shaping_categories_box5/reward/WH_Stim_2.wav"
"2017-04-20 14:49:34,891","INFO","Supplying reward for 12.00 seconds"
"2017-04-20 14:51:11,958","INFO","Trial 305 - 14:51:11 - Rewarded - /home/fet/stimuli/shaping_categories_box5/reward/WH_Stim_1.wav"
"2017-04-20 14:51:17,966","INFO","Supplying reward for 12.00 seconds"
"2017-04-20 14:52:05,695","INFO","Trial 306 - 14:52:05 - Unrewarded - /home/fet/stimuli/shaping_categories_box5/nonreward/AG_Stim_12.wav"
"2017-04-20 14:52:05,832","INFO","Trial 307 - 14:52:05 - Unrewarded - /home/fet/stimuli/shaping_categories_box5/nonreward/AG_Stim_12.wav"
"2017-04-20 14:52:06,012","INFO","Trial 308 - 14:52:06 - Unrewarded - /home/fet/stimuli/shaping_categories_box5/nonreward/AG_Stim_11.wav"
"2017-04-20 14:52:06,152","INFO","Trial 309 - 14:52:06 - Rewarded - /home/fet/stimuli/shaping_categories_box5/reward/WH_Stim_1.wav"
"2017-04-20 14:52:06,262","INFO","Trial 310 - 14:52:06 - Unrewarded - /home/fet/stimuli/shaping_categories_box5/nonreward/AG_Stim_11.wav"
"2017-04-20 14:52:21,113","INFO","Trial 311 - 14:52:21 - Unrewarded - /home/fet/stimuli/shaping_categories_box5/nonreward/AG_Stim_12.wav"
"2017-04-20 14:52:33,168","INFO","Trial 312 - 14:52:33 - Rewarded - /home/fet/stimuli/shaping_categories_box5/reward/WH_Stim_2.wav"
"2017-04-20 14:52:39,176","INFO","Supplying reward for 12.00 seconds"
"2017-04-20 14:53:25,987","INFO","Trial 313 - 14:53:25 - Rewarded - /home/fet/stimuli/shaping_categories_box5/reward/WH_Stim_2.wav"
"2017-04-20 14:53:26,153","INFO","Trial 314 - 14:53:26 - Rewarded - /home/fet/stimuli/shaping_categories_box5/reward/WH_Stim_1.wav"
"2017-04-20 14:53:32,161","INFO","Supplying reward for 12.00 seconds"
"2017-04-20 14:54:09,617","INFO","Trial 315 - 14:54:09 - Unrewarded - /home/fet/stimuli/shaping_categories_box5/nonreward/AG_Stim_11.wav"
"2017-04-20 14:54:54,924","INFO","Trial 316 - 14:54:54 - Unrewarded - /home/fet/stimuli/shaping_categories_box5/nonreward/AG_Stim_12.wav"
"2017-04-20 14:54:59,633","INFO","Trial 317 - 14:54:59 - Rewarded - /home/fet/stimuli/shaping_categories_box5/reward/WH_Stim_2.wav"
"2017-04-20 14:55:00,087","INFO","Trial 318 - 14:55:00 - Unrewarded - /home/fet/stimuli/shaping_categories_box5/nonreward/AG_Stim_11.wav"
"2017-04-20 14:55:00,238","INFO","Trial 319 - 14:55:00 - Unrewarded - /home/fet/stimuli/shaping_categories_box5/nonreward/AG_Stim_12.wav"
"2017-04-20 14:55:00,390","INFO","Trial 320 - 14:55:00 - Rewarded - /home/fet/stimuli/shaping_categories_box5/reward/WH_Stim_1.wav"
"2017-04-20 14:55:06,399","INFO","Supplying reward for 12.00 seconds"
"2017-04-20 14:55:39,008","INFO","Trial 321 - 14:55:39 - Rewarded - /home/fet/stimuli/shaping_categories_box5/reward/WH_Stim_2.wav"
"2017-04-20 14:55:39,141","INFO","Trial 322 - 14:55:39 - Unrewarded - /home/fet/stimuli/shaping_categories_box5/nonreward/AG_Stim_11.wav"
"2017-04-20 14:56:15,116","INFO","Trial 323 - 14:56:15 - Rewarded - /home/fet/stimuli/shaping_categories_box5/reward/WH_Stim_1.wav"
"2017-04-20 14:56:21,122","INFO","Supplying reward for 12.00 seconds"
"2017-04-20 14:57:03,298","INFO","Trial 324 - 14:57:03 - Unrewarded - /home/fet/stimuli/shaping_categories_box5/nonreward/AG_Stim_12.wav"
"2017-04-20 14:57:10,403","INFO","Trial 325 - 14:57:10 - Rewarded - /home/fet/stimuli/shaping_categories_box5/reward/WH_Stim_2.wav"
"2017-04-20 14:57:10,552","INFO","Trial 326 - 14:57:10 - Unrewarded - /home/fet/stimuli/shaping_categories_box5/nonreward/AG_Stim_12.wav"
"2017-04-20 14:57:56,177","INFO","Trial 327 - 14:57:56 - Rewarded - /home/fet/stimuli/shaping_categories_box5/reward/WH_Stim_1.wav"
"2017-04-20 14:57:56,514","INFO","Trial 328 - 14:57:56 - Unrewarded - /home/fet/stimuli/shaping_categories_box5/nonreward/AG_Stim_11.wav"
"2017-04-20 14:57:56,579","INFO","Trial 329 - 14:57:56 - Unrewarded - /home/fet/stimuli/shaping_categories_box5/nonreward/AG_Stim_11.wav"
"2017-04-20 14:57:56,761","INFO","Trial 330 - 14:57:56 - Unrewarded - /home/fet/stimuli/shaping_categories_box5/nonreward/AG_Stim_12.wav"
"2017-04-20 14:57:56,890","INFO","Trial 331 - 14:57:56 - Unrewarded - /home/fet/stimuli/shaping_categories_box5/nonreward/AG_Stim_11.wav"
"2017-04-20 14:57:59,644","INFO","Trial 332 - 14:57:59 - Rewarded - /home/fet/stimuli/shaping_categories_box5/reward/WH_Stim_2.wav"
"2017-04-20 14:57:59,830","INFO","Trial 333 - 14:57:59 - Rewarded - /home/fet/stimuli/shaping_categories_box5/reward/WH_Stim_1.wav"
"2017-04-20 14:57:59,964","INFO","Trial 334 - 14:57:59 - Unrewarded - /home/fet/stimuli/shaping_categories_box5/nonreward/AG_Stim_12.wav"
"2017-04-20 15:24:36,577","INFO","Trial 335 - 15:24:36 - Rewarded - /home/fet/stimuli/shaping_categories_box5/reward/WH_Stim_1.wav"
"2017-04-20 15:24:42,582","INFO","Supplying reward for 12.00 seconds"
"2017-04-20 15:25:27,708","INFO","Trial 336 - 15:25:27 - Unrewarded - /home/fet/stimuli/shaping_categories_box5/nonreward/AG_Stim_12.wav"
"2017-04-20 15:25:53,407","INFO","Trial 337 - 15:25:53 - Rewarded - /home/fet/stimuli/shaping_categories_box5/reward/WH_Stim_2.wav"
"2017-04-20 15:25:59,413","INFO","Supplying reward for 12.00 seconds"
"2017-04-20 15:26:25,769","INFO","Trial 338 - 15:26:25 - Unrewarded - /home/fet/stimuli/shaping_categories_box5/nonreward/AG_Stim_11.wav"
"2017-04-20 15:26:25,976","INFO","Trial 339 - 15:26:25 - Unrewarded - /home/fet/stimuli/shaping_categories_box5/nonreward/AG_Stim_11.wav"
"2017-04-20 15:28:18,008","INFO","Trial 340 - 15:28:18 - Unrewarded - /home/fet/stimuli/shaping_categories_box5/nonreward/AG_Stim_12.wav"
"2017-04-20 15:28:23,809","INFO","Trial 341 - 15:28:23 - Rewarded - /home/fet/stimuli/shaping_categories_box5/reward/WH_Stim_1.wav"
"2017-04-20 15:28:29,821","INFO","Supplying reward for 12.00 seconds"
"2017-04-20 15:31:38,122","INFO","Trial 342 - 15:31:38 - Unrewarded - /home/fet/stimuli/shaping_categories_box5/nonreward/AG_Stim_11.wav"
"2017-04-20 15:31:56,979","INFO","Trial 343 - 15:31:56 - Unrewarded - /home/fet/stimuli/shaping_categories_box5/nonreward/AG_Stim_12.wav"
"2017-04-20 15:31:57,247","INFO","Trial 344 - 15:31:57 - Unrewarded - /home/fet/stimuli/shaping_categories_box5/nonreward/AG_Stim_12.wav"
"2017-04-20 15:32:02,641","INFO","Trial 345 - 15:32:02 - Unrewarded - /home/fet/stimuli/shaping_categories_box5/nonreward/AG_Stim_11.wav"
"2017-04-20 15:32:02,964","INFO","Trial 346 - 15:32:02 - Rewarded - /home/fet/stimuli/shaping_categories_box5/reward/WH_Stim_2.wav"
"2017-04-20 15:32:08,972","INFO","Supplying reward for 12.00 seconds"
"2017-04-20 15:32:34,594","INFO","Trial 347 - 15:32:34 - Rewarded - /home/fet/stimuli/shaping_categories_box5/reward/WH_Stim_2.wav"
"2017-04-20 15:32:34,743","INFO","Trial 348 - 15:32:34 - Rewarded - /home/fet/stimuli/shaping_categories_box5/reward/WH_Stim_1.wav"
"2017-04-20 15:32:40,750","INFO","Supplying reward for 12.00 seconds"
"2017-04-20 15:33:11,676","INFO","Trial 349 - 15:33:11 - Unrewarded - /home/fet/stimuli/shaping_categories_box5/nonreward/AG_Stim_11.wav"
"2017-04-20 15:33:34,136","INFO","Trial 350 - 15:33:34 - Unrewarded - /home/fet/stimuli/shaping_categories_box5/nonreward/AG_Stim_12.wav"
"2017-04-20 15:33:34,363","INFO","Trial 351 - 15:33:34 - Unrewarded - /home/fet/stimuli/shaping_categories_box5/nonreward/AG_Stim_11.wav"
"2017-04-20 15:33:36,926","INFO","Trial 352 - 15:33:36 - Unrewarded - /home/fet/stimuli/shaping_categories_box5/nonreward/AG_Stim_12.wav"
"2017-04-20 15:35:23,879","INFO","Trial 353 - 15:35:23 - Unrewarded - /home/fet/stimuli/shaping_categories_box5/nonreward/AG_Stim_11.wav"
"2017-04-20 15:35:28,243","INFO","Trial 354 - 15:35:28 - Unrewarded - /home/fet/stimuli/shaping_categories_box5/nonreward/AG_Stim_12.wav"
"2017-04-20 15:35:33,468","INFO","Trial 355 - 15:35:33 - Unrewarded - /home/fet/stimuli/shaping_categories_box5/nonreward/AG_Stim_11.wav"
"2017-04-20 15:35:34,521","INFO","Trial 356 - 15:35:34 - Unrewarded - /home/fet/stimuli/shaping_categories_box5/nonreward/AG_Stim_12.wav"
"2017-04-20 15:35:38,481","INFO","Trial 357 - 15:35:38 - Rewarded - /home/fet/stimuli/shaping_categories_box5/reward/WH_Stim_1.wav"
"2017-04-20 15:35:38,977","INFO","Trial 358 - 15:35:38 - Rewarded - /home/fet/stimuli/shaping_categories_box5/reward/WH_Stim_2.wav"
"2017-04-20 15:35:39,251","INFO","Trial 359 - 15:35:39 - Rewarded - /home/fet/stimuli/shaping_categories_box5/reward/WH_Stim_2.wav"
"2017-04-20 15:35:39,497","INFO","Trial 360 - 15:35:39 - Rewarded - /home/fet/stimuli/shaping_categories_box5/reward/WH_Stim_1.wav"
"2017-04-20 15:35:39,624","INFO","Trial 361 - 15:35:39 - Rewarded - /home/fet/stimuli/shaping_categories_box5/reward/WH_Stim_1.wav"
"2017-04-20 15:35:39,776","INFO","Trial 362 - 15:35:39 - Rewarded - /home/fet/stimuli/shaping_categories_box5/reward/WH_Stim_2.wav"
"2017-04-20 15:35:42,458","INFO","Trial 363 - 15:35:42 - Rewarded - /home/fet/stimuli/shaping_categories_box5/reward/WH_Stim_1.wav"
"2017-04-20 15:35:42,610","INFO","Trial 364 - 15:35:42 - Unrewarded - /home/fet/stimuli/shaping_categories_box5/nonreward/AG_Stim_11.wav"
"2017-04-20 15:35:42,787","INFO","Trial 365 - 15:35:42 - Rewarded - /home/fet/stimuli/shaping_categories_box5/reward/WH_Stim_2.wav"
"2017-04-20 15:35:48,793","INFO","Supplying reward for 12.00 seconds"
"2017-04-20 15:36:40,938","INFO","Trial 366 - 15:36:40 - Unrewarded - /home/fet/stimuli/shaping_categories_box5/nonreward/AG_Stim_12.wav"
"2017-04-20 15:37:37,978","INFO","Trial 367 - 15:37:37 - Unrewarded - /home/fet/stimuli/shaping_categories_box5/nonreward/AG_Stim_11.wav"
"2017-04-20 15:37:38,242","INFO","Trial 368 - 15:37:38 - Rewarded - /home/fet/stimuli/shaping_categories_box5/reward/WH_Stim_1.wav"
"2017-04-20 15:37:38,819","INFO","Trial 369 - 15:37:38 - Rewarded - /home/fet/stimuli/shaping_categories_box5/reward/WH_Stim_2.wav"
"2017-04-20 15:37:44,826","INFO","Supplying reward for 12.00 seconds"
"2017-04-20 15:39:20,814","INFO","Trial 370 - 15:39:20 - Unrewarded - /home/fet/stimuli/shaping_categories_box5/nonreward/AG_Stim_12.wav"
"2017-04-20 16:08:00,314","INFO","Trial 371 - 16:08:00 - Unrewarded - /home/fet/stimuli/shaping_categories_box5/nonreward/AG_Stim_12.wav"
"2017-04-20 16:14:27,806","INFO","Trial 372 - 16:14:27 - Unrewarded - /home/fet/stimuli/shaping_categories_box5/nonreward/AG_Stim_11.wav"
"2017-04-20 16:14:36,084","INFO","Trial 373 - 16:14:36 - Unrewarded - /home/fet/stimuli/shaping_categories_box5/nonreward/AG_Stim_11.wav"
"2017-04-20 16:14:37,802","INFO","Trial 374 - 16:14:37 - Unrewarded - /home/fet/stimuli/shaping_categories_box5/nonreward/AG_Stim_12.wav"
"2017-04-20 16:15:34,957","INFO","Trial 375 - 16:15:34 - Unrewarded - /home/fet/stimuli/shaping_categories_box5/nonreward/AG_Stim_11.wav"
"2017-04-20 16:18:06,844","INFO","Trial 376 - 16:18:06 - Rewarded - /home/fet/stimuli/shaping_categories_box5/reward/WH_Stim_2.wav"
"2017-04-20 16:18:09,024","INFO","Trial 377 - 16:18:09 - Rewarded - /home/fet/stimuli/shaping_categories_box5/reward/WH_Stim_1.wav"
"2017-04-20 16:18:09,222","INFO","Trial 378 - 16:18:09 - Rewarded - /home/fet/stimuli/shaping_categories_box5/reward/WH_Stim_2.wav"
"2017-04-20 16:18:09,397","INFO","Trial 379 - 16:18:09 - Unrewarded - /home/fet/stimuli/shaping_categories_box5/nonreward/AG_Stim_12.wav"
"2017-04-20 16:19:02,231","INFO","Trial 380 - 16:19:02 - Unrewarded - /home/fet/stimuli/shaping_categories_box5/nonreward/AG_Stim_11.wav"
"2017-04-20 16:19:04,252","INFO","Trial 381 - 16:19:04 - Rewarded - /home/fet/stimuli/shaping_categories_box5/reward/WH_Stim_1.wav"
"2017-04-20 16:19:04,474","INFO","Trial 382 - 16:19:04 - Rewarded - /home/fet/stimuli/shaping_categories_box5/reward/WH_Stim_2.wav"
"2017-04-20 16:19:10,481","INFO","Supplying reward for 12.00 seconds"
"2017-04-20 16:20:06,265","INFO","Trial 383 - 16:20:06 - Unrewarded - /home/fet/stimuli/shaping_categories_box5/nonreward/AG_Stim_12.wav"
"2017-04-20 16:20:06,451","INFO","Trial 384 - 16:20:06 - Unrewarded - /home/fet/stimuli/shaping_categories_box5/nonreward/AG_Stim_12.wav"
"2017-04-20 16:20:17,841","INFO","Trial 385 - 16:20:17 - Rewarded - /home/fet/stimuli/shaping_categories_box5/reward/WH_Stim_1.wav"
"2017-04-20 16:20:18,276","INFO","Trial 386 - 16:20:18 - Rewarded - /home/fet/stimuli/shaping_categories_box5/reward/WH_Stim_1.wav"
"2017-04-20 16:20:24,284","INFO","Supplying reward for 12.00 seconds"
"2017-04-20 16:21:10,819","INFO","Trial 387 - 16:21:10 - Rewarded - /home/fet/stimuli/shaping_categories_box5/reward/WH_Stim_2.wav"
"2017-04-20 16:21:10,955","INFO","Trial 388 - 16:21:10 - Rewarded - /home/fet/stimuli/shaping_categories_box5/reward/WH_Stim_2.wav"
"2017-04-20 16:21:16,963","INFO","Supplying reward for 12.00 seconds"
"2017-04-21 10:47:44,016","INFO","Finishing session 1 at Fri Apr 21 10:47:44 2017"
"2017-04-21 10:47:44,016","INFO","Finished all sessions."
"2017-04-21 10:47:44,323","INFO","Exiting Session state"
"2017-04-21 10:47:44,323","INFO","Finishing experiment"
"2017-04-21 10:47:44,630","INFO","Exiting Idle state"
