2016-11-11 11:56:14.023253	PeckPort	off	None
2016-11-11 11:56:14.023492	HouseLight	on	None
2016-11-11 11:56:14.023674	Hopper	down	None
2016-11-11 11:56:14.326810	Hopper	down	None
2016-11-11 11:56:14.629616	HouseLight	on	None
2016-11-11 11:56:14.629799	PeckPort	on	None
2016-11-11 11:56:58.597898	Trial	start	1
2016-11-11 11:56:58.604349	Speaker	play	None
2016-11-11 11:57:04.610396	Speaker	stop	None
2016-11-11 11:57:04.611098	Trial	end	1
2016-11-11 11:57:12.322819	Trial	start	2
2016-11-11 11:57:12.326150	Speaker	play	None
2016-11-11 11:57:18.331162	Speaker	stop	None
2016-11-11 11:57:18.331704	Trial	end	2
2016-11-11 11:57:21.841202	Trial	start	3
2016-11-11 11:57:21.843662	Speaker	play	None
2016-11-11 11:57:27.849800	Speaker	stop	None
2016-11-11 11:57:27.850706	Hopper	up	None
2016-11-11 11:57:39.854489	Hopper	down	None
2016-11-11 11:57:40.157481	Trial	end	3
2016-11-11 11:58:00.894522	Trial	start	4
2016-11-11 11:58:00.898637	Speaker	play	None
2016-11-11 11:58:06.903231	Speaker	stop	None
2016-11-11 11:58:06.904375	Trial	end	4
2016-11-11 11:58:09.155577	Trial	start	5
2016-11-11 11:58:09.158261	Speaker	play	None
2016-11-11 11:58:15.164102	Speaker	stop	None
2016-11-11 11:58:15.164678	Trial	end	5
2016-11-11 11:58:17.011971	Trial	start	6
2016-11-11 11:58:17.015029	Speaker	play	None
2016-11-11 11:58:22.045018	Speaker	stop	None
2016-11-11 11:58:22.045660	Trial	end	6
2016-11-11 11:58:22.046351	Trial	start	7
2016-11-11 11:58:22.048195	Speaker	play	None
2016-11-11 11:58:25.104529	Speaker	stop	None
2016-11-11 11:58:25.105083	Trial	end	7
2016-11-11 11:58:25.105764	Trial	start	8
2016-11-11 11:58:25.107485	Speaker	play	None
2016-11-11 11:58:31.113125	Speaker	stop	None
2016-11-11 11:58:31.113985	Trial	end	8
2016-11-11 11:58:31.522503	Trial	start	9
2016-11-11 11:58:31.524723	Speaker	play	None
2016-11-11 11:58:36.392559	Speaker	stop	None
2016-11-11 11:58:36.393221	Trial	end	9
2016-11-11 11:58:36.393993	Trial	start	10
2016-11-11 11:58:36.397158	Speaker	play	None
2016-11-11 11:58:42.400969	Speaker	stop	None
2016-11-11 11:58:42.401546	Trial	end	10
2016-11-11 11:58:45.116403	Trial	start	11
2016-11-11 11:58:45.118643	Speaker	play	None
2016-11-11 11:58:50.608932	Speaker	stop	None
2016-11-11 11:58:50.609497	Trial	end	11
2016-11-11 11:58:50.610270	Trial	start	12
2016-11-11 11:58:50.613722	Speaker	play	None
2016-11-11 11:58:54.536739	Speaker	stop	None
2016-11-11 11:58:54.537443	Trial	end	12
2016-11-11 11:58:54.538334	Trial	start	13
2016-11-11 11:58:54.540943	Speaker	play	None
2016-11-11 11:59:00.545223	Speaker	stop	None
2016-11-11 11:59:00.545774	Trial	end	13
2016-11-11 11:59:03.760429	Trial	start	14
2016-11-11 11:59:03.762741	Speaker	play	None
2016-11-11 11:59:09.768980	Speaker	stop	None
2016-11-11 11:59:09.769702	Trial	end	14
2016-11-11 11:59:09.949158	Trial	start	15
2016-11-11 11:59:09.951914	Speaker	play	None
2016-11-11 11:59:15.957612	Speaker	stop	None
2016-11-11 11:59:15.958245	Trial	end	15
2016-11-11 11:59:20.159770	Trial	start	16
2016-11-11 11:59:20.161917	Speaker	play	None
2016-11-11 11:59:25.504916	Speaker	stop	None
2016-11-11 11:59:25.505590	Trial	end	16
2016-11-11 11:59:25.508703	Trial	start	17
2016-11-11 11:59:25.511989	Speaker	play	None
2016-11-11 11:59:31.517542	Speaker	stop	None
2016-11-11 11:59:31.518483	Hopper	up	None
2016-11-11 11:59:43.522234	Hopper	down	None
2016-11-11 11:59:43.825340	Trial	end	17
2016-11-11 12:00:15.436402	Trial	start	18
2016-11-11 12:00:15.438538	Speaker	play	None
2016-11-11 12:00:15.793050	Speaker	stop	None
2016-11-11 12:00:15.794324	Trial	end	18
2016-11-11 12:00:15.796056	Trial	start	19
2016-11-11 12:00:15.799032	Speaker	play	None
2016-11-11 12:00:21.805371	Speaker	stop	None
2016-11-11 12:00:21.809719	Trial	end	19
2016-11-11 12:00:26.421313	Trial	start	20
2016-11-11 12:00:26.424551	Speaker	play	None
2016-11-11 12:00:32.233240	Speaker	stop	None
2016-11-11 12:00:32.233874	Trial	end	20
2016-11-11 12:00:32.234469	Trial	start	21
2016-11-11 12:00:32.236531	Speaker	play	None
2016-11-11 12:00:38.241667	Speaker	stop	None
2016-11-11 12:00:38.242569	Trial	end	21
2016-11-11 12:00:42.026082	Trial	start	22
2016-11-11 12:00:42.028302	Speaker	play	None
2016-11-11 12:00:46.470217	Speaker	stop	None
2016-11-11 12:00:46.471184	Trial	end	22
2016-11-11 12:00:46.472707	Trial	start	23
2016-11-11 12:00:46.474628	Speaker	play	None
2016-11-11 12:00:52.478590	Speaker	stop	None
2016-11-11 12:00:52.479208	Trial	end	23
2016-11-11 12:00:55.353797	Trial	start	24
2016-11-11 12:00:55.356418	Speaker	play	None
2016-11-11 12:01:01.362412	Speaker	stop	None
2016-11-11 12:01:01.363381	Trial	end	24
2016-11-11 12:01:04.270280	Trial	start	25
2016-11-11 12:01:04.272451	Speaker	play	None
2016-11-11 12:01:10.278784	Speaker	stop	None
2016-11-11 12:01:10.279381	Trial	end	25
2016-11-11 12:01:15.533651	Trial	start	26
2016-11-11 12:01:15.536299	Speaker	play	None
2016-11-11 12:01:21.542290	Speaker	stop	None
2016-11-11 12:01:21.543556	Trial	end	26
2016-11-11 12:01:25.732182	Trial	start	27
2016-11-11 12:01:25.735258	Speaker	play	None
2016-11-11 12:01:31.740686	Speaker	stop	None
2016-11-11 12:01:31.741864	Hopper	up	None
2016-11-11 12:01:43.745348	Hopper	down	None
2016-11-11 12:01:44.048350	Trial	end	27
2016-11-11 12:02:11.252481	Trial	start	28
2016-11-11 12:02:11.254454	Speaker	play	None
2016-11-11 12:02:17.256943	Speaker	stop	None
2016-11-11 12:02:17.257654	Trial	end	28
2016-11-11 12:02:21.852411	Trial	start	29
2016-11-11 12:02:21.856510	Speaker	play	None
2016-11-11 12:02:27.861031	Speaker	stop	None
2016-11-11 12:02:27.865861	Trial	end	29
2016-11-11 12:02:31.743729	Trial	start	30
2016-11-11 12:02:31.752255	Speaker	play	None
2016-11-11 12:02:37.756293	Speaker	stop	None
2016-11-11 12:02:37.756882	Trial	end	30
2016-11-11 12:02:42.249344	Trial	start	31
2016-11-11 12:02:42.252693	Speaker	play	None
2016-11-11 12:02:48.258124	Speaker	stop	None
2016-11-11 12:02:48.259259	Trial	end	31
2016-11-11 12:02:51.300996	Trial	start	32
2016-11-11 12:02:51.303886	Speaker	play	None
2016-11-11 12:02:57.309509	Speaker	stop	None
2016-11-11 12:02:57.310603	Hopper	up	None
2016-11-11 12:03:09.314167	Hopper	down	None
2016-11-11 12:03:09.617214	Trial	end	32
2016-11-11 12:04:19.692173	Trial	start	33
2016-11-11 12:04:19.695817	Speaker	play	None
2016-11-11 12:04:25.700482	Speaker	stop	None
2016-11-11 12:04:25.701103	Trial	end	33
2016-11-11 12:04:28.759831	Trial	start	34
2016-11-11 12:04:28.762643	Speaker	play	None
2016-11-11 12:04:34.768578	Speaker	stop	None
2016-11-11 12:04:34.769716	Trial	end	34
2016-11-11 12:04:47.305461	Trial	start	35
2016-11-11 12:04:47.307757	Speaker	play	None
2016-11-11 12:04:53.314061	Speaker	stop	None
2016-11-11 12:04:53.314913	Trial	end	35
2016-11-11 12:04:56.381891	Trial	start	36
2016-11-11 12:04:56.385341	Speaker	play	None
2016-11-11 12:05:02.390623	Speaker	stop	None
2016-11-11 12:05:02.392093	Trial	end	36
2016-11-11 12:05:06.924254	Trial	start	37
2016-11-11 12:05:06.928291	Speaker	play	None
2016-11-11 12:05:12.932974	Speaker	stop	None
2016-11-11 12:05:12.934343	Trial	end	37
2016-11-11 12:05:17.360231	Trial	start	38
2016-11-11 12:05:17.363141	Speaker	play	None
2016-11-11 12:05:23.368819	Speaker	stop	None
2016-11-11 12:05:23.369539	Trial	end	38
2016-11-11 12:05:30.986893	Trial	start	39
2016-11-11 12:05:30.989513	Speaker	play	None
2016-11-11 12:05:36.995460	Speaker	stop	None
2016-11-11 12:05:36.996271	Trial	end	39
2016-11-11 12:05:41.267516	Trial	start	40
2016-11-11 12:05:41.270883	Speaker	play	None
2016-11-11 12:05:47.275842	Speaker	stop	None
2016-11-11 12:05:47.276439	Trial	end	40
2016-11-11 12:05:48.254687	Trial	start	41
2016-11-11 12:05:48.257661	Speaker	play	None
2016-11-11 12:05:54.263257	Speaker	stop	None
2016-11-11 12:05:54.264096	Trial	end	41
2016-11-11 12:06:04.703392	Trial	start	42
2016-11-11 12:06:04.707340	Speaker	play	None
2016-11-11 12:06:10.711847	Speaker	stop	None
2016-11-11 12:06:10.712781	Hopper	up	None
2016-11-11 12:06:22.716722	Hopper	down	None
2016-11-11 12:06:23.019555	Trial	end	42
2016-11-11 12:07:45.811817	Trial	start	43
2016-11-11 12:07:45.814666	Speaker	play	None
2016-11-11 12:07:51.820138	Speaker	stop	None
2016-11-11 12:07:51.820766	Trial	end	43
2016-11-11 12:07:55.403815	Trial	start	44
2016-11-11 12:07:55.406221	Speaker	play	None
2016-11-11 12:08:01.412397	Speaker	stop	None
2016-11-11 12:08:01.413347	Trial	end	44
2016-11-11 12:08:08.215333	Trial	start	45
2016-11-11 12:08:08.217854	Speaker	play	None
2016-11-11 12:08:14.224029	Speaker	stop	None
2016-11-11 12:08:14.224630	Trial	end	45
2016-11-11 12:08:18.188816	Trial	start	46
2016-11-11 12:08:18.191614	Speaker	play	None
2016-11-11 12:08:24.197163	Speaker	stop	None
2016-11-11 12:08:24.197793	Trial	end	46
2016-11-11 12:08:28.153586	Trial	start	47
2016-11-11 12:08:28.169804	Speaker	play	None
2016-11-11 12:08:34.174430	Speaker	stop	None
2016-11-11 12:08:34.175107	Trial	end	47
2016-11-11 12:08:38.995088	Trial	start	48
2016-11-11 12:08:38.998419	Speaker	play	None
2016-11-11 12:08:40.035566	Speaker	stop	None
2016-11-11 12:08:40.036221	Trial	end	48
2016-11-11 12:08:40.037813	Trial	start	49
2016-11-11 12:08:40.040780	Speaker	play	None
2016-11-11 12:08:46.044032	Speaker	stop	None
2016-11-11 12:08:46.044870	Trial	end	49
2016-11-11 12:08:48.751227	Trial	start	50
2016-11-11 12:08:48.754170	Speaker	play	None
2016-11-11 12:08:54.759923	Speaker	stop	None
2016-11-11 12:08:54.761310	Trial	end	50
2016-11-11 12:08:57.831647	Trial	start	51
2016-11-11 12:08:57.834710	Speaker	play	None
2016-11-11 12:09:03.840082	Speaker	stop	None
2016-11-11 12:09:03.840721	Trial	end	51
2016-11-11 12:09:10.249950	Trial	start	52
2016-11-11 12:09:10.252032	Speaker	play	None
2016-11-11 12:09:16.258755	Speaker	stop	None
2016-11-11 12:09:16.261529	Hopper	up	None
2016-11-11 12:09:28.263113	Hopper	down	None
2016-11-11 12:09:28.566233	Trial	end	52
2016-11-11 12:10:59.426815	Trial	start	53
2016-11-11 12:10:59.429644	Speaker	play	None
2016-11-11 12:11:03.353188	Speaker	stop	None
2016-11-11 12:11:03.354014	Trial	end	53
2016-11-11 12:11:03.355172	Trial	start	54
2016-11-11 12:11:03.359311	Speaker	play	None
2016-11-11 12:11:09.363547	Speaker	stop	None
2016-11-11 12:11:09.364554	Trial	end	54
2016-11-11 12:11:15.244692	Trial	start	55
2016-11-11 12:11:15.248267	Speaker	play	None
2016-11-11 12:11:21.253671	Speaker	stop	None
2016-11-11 12:11:21.254826	Trial	end	55
2016-11-11 12:11:25.955446	Trial	start	56
2016-11-11 12:11:25.959531	Speaker	play	None
2016-11-11 12:11:31.963774	Speaker	stop	None
2016-11-11 12:11:31.964960	Trial	end	56
2016-11-11 12:12:02.559013	Trial	start	57
2016-11-11 12:12:02.561944	Speaker	play	None
2016-11-11 12:12:08.567591	Speaker	stop	None
2016-11-11 12:12:08.568475	Trial	end	57
2016-11-11 12:12:15.342097	Trial	start	58
2016-11-11 12:12:15.348650	Speaker	play	None
2016-11-11 12:12:21.354684	Speaker	stop	None
2016-11-11 12:12:21.355263	Trial	end	58
2016-11-11 12:12:30.938817	Trial	start	59
2016-11-11 12:12:30.942262	Speaker	play	None
2016-11-11 12:12:36.947323	Speaker	stop	None
2016-11-11 12:12:36.948744	Hopper	up	None
2016-11-11 12:12:48.952013	Hopper	down	None
2016-11-11 12:12:49.254959	Trial	end	59
2016-11-11 12:15:10.223711	Trial	start	60
2016-11-11 12:15:10.226503	Speaker	play	None
2016-11-11 12:15:16.232241	Speaker	stop	None
2016-11-11 12:15:16.233019	Hopper	up	None
2016-11-11 12:15:28.237009	Hopper	down	None
2016-11-11 12:15:28.539968	Trial	end	60
2016-11-11 12:18:28.131703	Trial	start	61
2016-11-11 12:18:28.135010	Speaker	play	None
2016-11-11 12:18:34.140314	Speaker	stop	None
2016-11-11 12:18:34.141468	Trial	end	61
2016-11-11 12:18:35.663795	Trial	start	62
2016-11-11 12:18:35.666571	Speaker	play	None
2016-11-11 12:18:41.672318	Speaker	stop	None
2016-11-11 12:18:41.672874	Trial	end	62
2016-11-11 12:18:45.293032	Trial	start	63
2016-11-11 12:18:45.295880	Speaker	play	None
2016-11-11 12:18:51.301679	Speaker	stop	None
2016-11-11 12:18:51.302768	Trial	end	63
2016-11-11 12:18:55.552997	Trial	start	64
2016-11-11 12:18:55.556216	Speaker	play	None
2016-11-11 12:19:01.561477	Speaker	stop	None
2016-11-11 12:19:01.562265	Trial	end	64
2016-11-11 12:19:06.505055	Trial	start	65
2016-11-11 12:19:06.507110	Speaker	play	None
2016-11-11 12:19:12.513623	Speaker	stop	None
2016-11-11 12:19:12.514477	Trial	end	65
2016-11-11 12:19:16.973897	Trial	start	66
2016-11-11 12:19:16.977138	Speaker	play	None
2016-11-11 12:19:22.982310	Speaker	stop	None
2016-11-11 12:19:22.982907	Trial	end	66
2016-11-11 12:19:28.188024	Trial	start	67
2016-11-11 12:19:28.190409	Speaker	play	None
2016-11-11 12:19:34.196645	Speaker	stop	None
2016-11-11 12:19:34.199436	Trial	end	67
2016-11-11 12:19:40.544972	Trial	start	68
2016-11-11 12:19:40.547059	Speaker	play	None
2016-11-11 12:19:46.549459	Speaker	stop	None
2016-11-11 12:19:46.550045	Trial	end	68
2016-11-11 12:19:51.763453	Trial	start	69
2016-11-11 12:19:51.766669	Speaker	play	None
2016-11-11 12:19:52.693191	Speaker	stop	None
2016-11-11 12:19:52.693960	Trial	end	69
2016-11-11 12:19:52.694614	Trial	start	70
2016-11-11 12:19:52.697583	Speaker	play	None
2016-11-11 12:19:58.701948	Speaker	stop	None
2016-11-11 12:19:58.703408	Trial	end	70
2016-11-11 12:23:45.681290	Trial	start	71
2016-11-11 12:23:45.683888	Speaker	play	None
2016-11-11 12:23:51.690051	Speaker	stop	None
2016-11-11 12:23:51.691190	Trial	end	71
2016-11-11 12:23:58.419154	Trial	start	72
2016-11-11 12:23:58.421883	Speaker	play	None
2016-11-11 12:24:04.427745	Speaker	stop	None
2016-11-11 12:24:04.428380	Trial	end	72
2016-11-11 12:24:08.240779	Trial	start	73
2016-11-11 12:24:08.242953	Speaker	play	None
2016-11-11 12:24:14.245285	Speaker	stop	None
2016-11-11 12:24:14.245817	Trial	end	73
2016-11-11 12:24:18.390200	Trial	start	74
2016-11-11 12:24:18.393816	Speaker	play	None
2016-11-11 12:24:24.398976	Speaker	stop	None
2016-11-11 12:24:24.400694	Hopper	up	None
2016-11-11 12:24:36.403347	Hopper	down	None
2016-11-11 12:24:36.706597	Trial	end	74
2016-11-11 12:26:32.756220	Trial	start	75
2016-11-11 12:26:32.760004	Speaker	play	None
2016-11-11 12:26:38.764950	Speaker	stop	None
2016-11-11 12:26:38.766349	Trial	end	75
2016-11-11 12:26:45.477677	Trial	start	76
2016-11-11 12:26:45.479680	Speaker	play	None
2016-11-11 12:26:51.482226	Speaker	stop	None
2016-11-11 12:26:51.482846	Trial	end	76
2016-11-11 12:26:58.666077	Trial	start	77
2016-11-11 12:26:58.668160	Speaker	play	None
2016-11-11 12:26:59.608195	Speaker	stop	None
2016-11-11 12:26:59.608829	Trial	end	77
2016-11-11 12:26:59.609729	Trial	start	78
2016-11-11 12:26:59.612240	Speaker	play	None
2016-11-11 12:27:05.616959	Speaker	stop	None
2016-11-11 12:27:05.618015	Trial	end	78
2016-11-11 12:27:10.060526	Trial	start	79
2016-11-11 12:27:10.063316	Speaker	play	None
2016-11-11 12:27:16.069112	Speaker	stop	None
2016-11-11 12:27:16.069893	Hopper	up	None
2016-11-11 12:27:28.073687	Hopper	down	None
2016-11-11 12:27:28.376748	Trial	end	79
2016-11-11 12:37:45.396958	Trial	start	80
2016-11-11 12:37:45.398988	Speaker	play	None
2016-11-11 12:37:51.401409	Speaker	stop	None
2016-11-11 12:37:51.401967	Trial	end	80
2016-11-11 12:37:57.414092	Trial	start	81
2016-11-11 12:37:57.418208	Speaker	play	None
2016-11-11 12:38:03.422936	Speaker	stop	None
2016-11-11 12:38:03.423806	Trial	end	81
2016-11-11 12:38:08.939536	Trial	start	82
2016-11-11 12:38:08.943585	Speaker	play	None
2016-11-11 12:38:14.948017	Speaker	stop	None
2016-11-11 12:38:14.948827	Trial	end	82
2016-11-11 12:38:20.014522	Trial	start	83
2016-11-11 12:38:20.018110	Speaker	play	None
2016-11-11 12:38:26.023118	Speaker	stop	None
2016-11-11 12:38:26.025183	Trial	end	83
2016-11-11 12:38:31.208291	Trial	start	84
2016-11-11 12:38:31.211241	Speaker	play	None
2016-11-11 12:38:31.704031	Speaker	stop	None
2016-11-11 12:38:31.705146	Trial	end	84
2016-11-11 12:38:31.705911	Trial	start	85
2016-11-11 12:38:31.710096	Speaker	play	None
2016-11-11 12:38:37.716376	Speaker	stop	None
2016-11-11 12:38:37.716971	Trial	end	85
2016-11-11 12:38:43.397230	Trial	start	86
2016-11-11 12:38:43.403694	Speaker	play	None
2016-11-11 12:38:49.409862	Speaker	stop	None
2016-11-11 12:38:49.410479	Trial	end	86
2016-11-11 12:38:55.336380	Trial	start	87
2016-11-11 12:38:55.339412	Speaker	play	None
2016-11-11 12:39:01.345151	Speaker	stop	None
2016-11-11 12:39:01.346323	Trial	end	87
2016-11-11 12:39:10.204161	Trial	start	88
2016-11-11 12:39:10.207650	Speaker	play	None
2016-11-11 12:39:16.212561	Speaker	stop	None
2016-11-11 12:39:16.213491	Hopper	up	None
2016-11-11 12:39:28.217292	Hopper	down	None
2016-11-11 12:39:28.520379	Trial	end	88
2016-11-11 12:45:34.911832	Trial	start	89
2016-11-11 12:45:34.914180	Speaker	play	None
2016-11-11 12:45:40.920513	Speaker	stop	None
2016-11-11 12:45:40.921301	Trial	end	89
2016-11-11 12:45:45.917238	Trial	start	90
2016-11-11 12:45:45.919494	Speaker	play	None
2016-11-11 12:45:51.925788	Speaker	stop	None
2016-11-11 12:45:51.926426	Trial	end	90
2016-11-11 12:45:56.545728	Trial	start	91
2016-11-11 12:45:56.548448	Speaker	play	None
2016-11-11 12:46:02.554381	Speaker	stop	None
2016-11-11 12:46:02.555368	Trial	end	91
2016-11-11 12:46:18.953768	Trial	start	92
2016-11-11 12:46:18.957258	Speaker	play	None
2016-11-11 12:46:24.962285	Speaker	stop	None
2016-11-11 12:46:24.962941	Trial	end	92
2016-11-11 12:46:30.667657	Trial	start	93
2016-11-11 12:46:30.670818	Speaker	play	None
2016-11-11 12:46:36.676216	Speaker	stop	None
2016-11-11 12:46:36.677178	Hopper	up	None
2016-11-11 12:46:48.681244	Hopper	down	None
2016-11-11 12:46:48.983995	Trial	end	93
2016-11-11 12:52:20.963099	Trial	start	94
2016-11-11 12:52:20.965694	Speaker	play	None
2016-11-11 12:52:26.971947	Speaker	stop	None
2016-11-11 12:52:26.972692	Trial	end	94
2016-11-11 12:52:32.415024	Trial	start	95
2016-11-11 12:52:32.417366	Speaker	play	None
2016-11-11 12:52:38.426188	Speaker	stop	None
2016-11-11 12:52:38.426997	Trial	end	95
2016-11-11 12:52:51.140957	Trial	start	96
2016-11-11 12:52:51.146648	Speaker	play	None
2016-11-11 12:52:57.149442	Speaker	stop	None
2016-11-11 12:52:57.150088	Trial	end	96
2016-11-11 12:53:04.886427	Trial	start	97
2016-11-11 12:53:04.889229	Speaker	play	None
2016-11-11 12:53:10.894902	Speaker	stop	None
2016-11-11 12:53:10.895907	Hopper	up	None
2016-11-11 12:53:22.899603	Hopper	down	None
2016-11-11 12:53:23.206696	Trial	end	97
2016-11-11 13:40:40.212841	Trial	start	98
2016-11-11 13:40:40.218219	Speaker	play	None
2016-11-11 13:40:46.225333	Speaker	stop	None
2016-11-11 13:40:46.226113	Trial	end	98
2016-11-11 13:40:52.409851	Trial	start	99
2016-11-11 13:40:52.412356	Speaker	play	None
2016-11-11 13:40:58.418500	Speaker	stop	None
2016-11-11 13:40:58.419576	Trial	end	99
2016-11-11 13:41:01.871113	Trial	start	100
2016-11-11 13:41:01.875131	Speaker	play	None
2016-11-11 13:41:07.879685	Speaker	stop	None
2016-11-11 13:41:07.880623	Hopper	up	None
2016-11-11 13:41:19.884351	Hopper	down	None
2016-11-11 13:41:20.187464	Trial	end	100
2016-11-11 13:44:08.838963	Trial	start	101
2016-11-11 13:44:08.841507	Speaker	play	None
2016-11-11 13:44:14.847795	Speaker	stop	None
2016-11-11 13:44:14.849022	Trial	end	101
2016-11-11 13:44:23.170195	Trial	start	102
2016-11-11 13:44:23.173996	Speaker	play	None
2016-11-11 13:44:24.017971	Speaker	stop	None
2016-11-11 13:44:24.018600	Trial	end	102
2016-11-11 13:44:24.019356	Trial	start	103
2016-11-11 13:44:24.022694	Speaker	play	None
2016-11-11 13:44:30.026732	Speaker	stop	None
2016-11-11 13:44:30.028112	Trial	end	103
2016-11-11 13:44:34.961917	Trial	start	104
2016-11-11 13:44:34.966102	Speaker	play	None
2016-11-11 13:44:40.970744	Speaker	stop	None
2016-11-11 13:44:40.971612	Trial	end	104
2016-11-11 13:44:44.406880	Trial	start	105
2016-11-11 13:44:44.410050	Speaker	play	None
2016-11-11 13:44:45.610873	Speaker	stop	None
2016-11-11 13:44:45.611453	Trial	end	105
2016-11-11 13:44:45.612115	Trial	start	106
2016-11-11 13:44:45.614259	Speaker	play	None
2016-11-11 13:44:46.982966	Speaker	stop	None
2016-11-11 13:44:46.983998	Trial	end	106
2016-11-11 13:44:46.984741	Trial	start	107
2016-11-11 13:44:46.990525	Speaker	play	None
2016-11-11 13:44:52.999661	Speaker	stop	None
2016-11-11 13:44:53.000280	Trial	end	107
2016-11-11 13:44:58.868805	Trial	start	108
2016-11-11 13:44:58.870947	Speaker	play	None
2016-11-11 13:45:04.877360	Speaker	stop	None
2016-11-11 13:45:04.877906	Trial	end	108
2016-11-11 13:45:08.964863	Trial	start	109
2016-11-11 13:45:08.967471	Speaker	play	None
2016-11-11 13:45:14.973523	Speaker	stop	None
2016-11-11 13:45:14.974612	Trial	end	109
2016-11-11 13:45:20.834581	Trial	start	110
2016-11-11 13:45:20.837467	Speaker	play	None
2016-11-11 13:45:21.588280	Speaker	stop	None
2016-11-11 13:45:21.589572	Trial	end	110
2016-11-11 13:45:21.590429	Trial	start	111
2016-11-11 13:45:21.602049	Speaker	play	None
2016-11-11 13:45:24.057950	Speaker	play	None
2016-11-11 13:45:24.058572	Trial	end	111
2016-11-11 13:45:24.059261	Trial	start	112
2016-11-11 13:45:24.066886	Speaker	play	None
2016-11-11 13:45:30.070751	Speaker	stop	None
2016-11-11 13:45:30.071852	Trial	end	112
2016-11-11 13:45:34.510387	Trial	start	113
2016-11-11 13:45:34.514289	Speaker	play	None
2016-11-11 13:45:35.120598	Speaker	stop	None
2016-11-11 13:45:35.121264	Trial	end	113
2016-11-11 13:45:35.121777	Trial	start	114
2016-11-11 13:45:35.125455	Speaker	play	None
2016-11-11 13:45:36.251082	Speaker	stop	None
2016-11-11 13:45:36.251682	Trial	end	114
2016-11-11 13:45:36.252298	Trial	start	115
2016-11-11 13:45:36.254145	Speaker	play	None
2016-11-11 13:45:42.259528	Speaker	stop	None
2016-11-11 13:45:42.260225	Trial	end	115
2016-11-11 13:45:46.510884	Trial	start	116
2016-11-11 13:45:46.513336	Speaker	play	None
2016-11-11 13:45:52.519631	Speaker	stop	None
2016-11-11 13:45:52.520510	Trial	end	116
2016-11-11 13:45:58.327290	Trial	start	117
2016-11-11 13:45:58.330117	Speaker	play	None
2016-11-11 13:46:04.335717	Speaker	stop	None
2016-11-11 13:46:04.336367	Trial	end	117
2016-11-11 13:46:09.762559	Trial	start	118
2016-11-11 13:46:09.766410	Speaker	play	None
2016-11-11 13:46:10.295114	Speaker	stop	None
2016-11-11 13:46:10.295704	Trial	end	118
2016-11-11 13:46:10.296323	Trial	start	119
2016-11-11 13:46:10.298798	Speaker	play	None
2016-11-11 13:46:10.807018	Speaker	stop	None
2016-11-11 13:46:10.807585	Trial	end	119
2016-11-11 13:46:10.808326	Trial	start	120
2016-11-11 13:46:10.810378	Speaker	play	None
2016-11-11 13:46:16.816050	Speaker	stop	None
2016-11-11 13:46:16.816757	Trial	end	120
2016-11-11 13:46:23.262239	Trial	start	121
2016-11-11 13:46:23.265334	Speaker	play	None
2016-11-11 13:46:29.270800	Speaker	stop	None
2016-11-11 13:46:29.271492	Trial	end	121
2016-11-11 13:46:34.075051	Trial	start	122
2016-11-11 13:46:34.077157	Speaker	play	None
2016-11-11 13:46:40.079536	Speaker	stop	None
2016-11-11 13:46:40.080206	Trial	end	122
2016-11-11 13:46:45.117239	Trial	start	123
2016-11-11 13:46:45.119418	Speaker	play	None
2016-11-11 13:46:47.722274	Speaker	stop	None
2016-11-11 13:46:47.722923	Trial	end	123
2016-11-11 13:46:47.723545	Trial	start	124
2016-11-11 13:46:47.726748	Speaker	play	None
2016-11-11 13:46:53.735014	Speaker	stop	None
2016-11-11 13:46:53.735926	Trial	end	124
2016-11-11 13:46:58.617425	Trial	start	125
2016-11-11 13:46:58.621738	Speaker	play	None
2016-11-11 13:47:04.625793	Speaker	stop	None
2016-11-11 13:47:04.626924	Trial	end	125
2016-11-11 13:47:11.133647	Trial	start	126
2016-11-11 13:47:11.136151	Speaker	play	None
2016-11-11 13:47:11.723483	Speaker	stop	None
2016-11-11 13:47:11.724071	Trial	end	126
2016-11-11 13:47:11.724880	Trial	start	127
2016-11-11 13:47:11.729026	Speaker	play	None
2016-11-11 13:47:17.736479	Speaker	stop	None
2016-11-11 13:47:17.737997	Hopper	up	None
2016-11-11 13:47:29.740793	Hopper	down	None
2016-11-11 13:47:30.043877	Trial	end	127
2016-11-11 14:27:10.600088	Trial	start	128
2016-11-11 14:27:10.604260	Speaker	play	None
2016-11-11 14:27:16.608575	Speaker	stop	None
2016-11-11 14:27:16.609243	Trial	end	128
2016-11-11 14:27:18.509214	Trial	start	129
2016-11-11 14:27:18.512396	Speaker	play	None
2016-11-11 14:27:20.102239	Speaker	stop	None
2016-11-11 14:27:20.102877	Trial	end	129
2016-11-11 14:27:20.103660	Trial	start	130
2016-11-11 14:27:20.106347	Speaker	play	None
2016-11-11 14:27:26.114935	Speaker	stop	None
2016-11-11 14:27:26.117783	Trial	end	130
2016-11-11 14:27:28.600986	Trial	start	131
2016-11-11 14:27:28.603539	Speaker	play	None
2016-11-11 14:27:34.609478	Speaker	stop	None
2016-11-11 14:27:34.610136	Trial	end	131
2016-11-11 14:27:38.365193	Trial	start	132
2016-11-11 14:27:38.367594	Speaker	play	None
2016-11-11 14:27:40.249303	Speaker	stop	None
2016-11-11 14:27:40.249849	Trial	end	132
2016-11-11 14:27:40.250638	Trial	start	133
2016-11-11 14:27:40.252924	Speaker	play	None
2016-11-11 14:27:40.986571	Speaker	stop	None
2016-11-11 14:27:40.987169	Trial	end	133
2016-11-11 14:27:40.988259	Trial	start	134
2016-11-11 14:27:40.991062	Speaker	play	None
2016-11-11 14:27:46.995124	Speaker	stop	None
2016-11-11 14:27:46.996205	Trial	end	134
2016-11-11 14:27:52.561176	Trial	start	135
2016-11-11 14:27:52.563603	Speaker	play	None
2016-11-11 14:27:58.569860	Speaker	stop	None
2016-11-11 14:27:58.571531	Hopper	up	None
2016-11-11 14:28:10.574319	Hopper	down	None
2016-11-11 14:28:10.877537	Trial	end	135
2016-11-11 14:30:56.670534	Trial	start	136
2016-11-11 14:30:56.673772	Speaker	play	None
2016-11-11 14:31:02.678899	Speaker	stop	None
2016-11-11 14:31:02.679478	Trial	end	136
2016-11-11 14:31:06.786946	Trial	start	137
2016-11-11 14:31:06.789137	Speaker	play	None
2016-11-11 14:31:12.795603	Speaker	stop	None
2016-11-11 14:31:12.796714	Trial	end	137
2016-11-11 14:31:17.091936	Trial	start	138
2016-11-11 14:31:17.094196	Speaker	play	None
2016-11-11 14:31:18.677030	Speaker	stop	None
2016-11-11 14:31:18.677678	Trial	end	138
2016-11-11 14:31:18.678312	Trial	start	139
2016-11-11 14:31:18.680199	Speaker	play	None
2016-11-11 14:31:24.685671	Speaker	stop	None
2016-11-11 14:31:24.686335	Trial	end	139
2016-11-11 14:31:35.404126	Trial	start	140
2016-11-11 14:31:35.406332	Speaker	play	None
2016-11-11 14:31:41.412732	Speaker	stop	None
2016-11-11 14:31:41.413411	Trial	end	140
2016-11-11 14:31:47.404794	Trial	start	141
2016-11-11 14:31:47.408621	Speaker	play	None
2016-11-11 14:31:48.195323	Speaker	stop	None
2016-11-11 14:31:48.195938	Trial	end	141
2016-11-11 14:31:48.196551	Trial	start	142
2016-11-11 14:31:48.198465	Speaker	play	None
2016-11-11 14:31:54.203797	Speaker	stop	None
2016-11-11 14:31:54.204421	Trial	end	142
2016-11-11 14:31:59.405427	Trial	start	143
2016-11-11 14:31:59.407908	Speaker	play	None
2016-11-11 14:32:05.413928	Speaker	stop	None
2016-11-11 14:32:05.414493	Trial	end	143
2016-11-11 14:32:12.942430	Trial	start	144
2016-11-11 14:32:12.947010	Speaker	play	None
2016-11-11 14:32:18.950618	Speaker	stop	None
2016-11-11 14:32:18.951945	Trial	end	144
2016-11-11 14:32:23.652512	Trial	start	145
2016-11-11 14:32:23.654894	Speaker	play	None
2016-11-11 14:32:29.660915	Speaker	stop	None
2016-11-11 14:32:29.661510	Trial	end	145
2016-11-11 14:32:33.285588	Trial	start	146
2016-11-11 14:32:33.288361	Speaker	play	None
2016-11-11 14:32:39.294364	Speaker	stop	None
2016-11-11 14:32:39.295689	Trial	end	146
2016-11-11 14:32:44.135361	Trial	start	147
2016-11-11 14:32:44.137463	Speaker	play	None
2016-11-11 14:32:50.139976	Speaker	stop	None
2016-11-11 14:32:50.140627	Trial	end	147
2016-11-11 14:32:56.389998	Trial	start	148
2016-11-11 14:32:56.393050	Speaker	play	None
2016-11-11 14:33:02.398690	Speaker	stop	None
2016-11-11 14:33:02.399417	Trial	end	148
2016-11-11 14:33:06.998229	Trial	start	149
2016-11-11 14:33:07.001787	Speaker	play	None
2016-11-11 14:33:07.391210	Speaker	stop	None
2016-11-11 14:33:07.391779	Trial	end	149
2016-11-11 14:33:07.392491	Trial	start	150
2016-11-11 14:33:07.399099	Speaker	play	None
2016-11-11 14:33:13.404270	Speaker	stop	None
2016-11-11 14:33:13.405865	Trial	end	150
2016-11-11 14:33:19.166505	Trial	start	151
2016-11-11 14:33:19.168624	Speaker	play	None
2016-11-11 14:33:25.175214	Speaker	stop	None
2016-11-11 14:33:25.176181	Trial	end	151
2016-11-11 14:33:27.964275	Trial	start	152
2016-11-11 14:33:27.967606	Speaker	play	None
2016-11-11 14:33:33.972840	Speaker	stop	None
2016-11-11 14:33:33.973403	Trial	end	152
2016-11-11 14:33:38.396157	Trial	start	153
2016-11-11 14:33:38.398416	Speaker	play	None
2016-11-11 14:33:44.404804	Speaker	stop	None
2016-11-11 14:33:44.405935	Hopper	up	None
2016-11-11 14:33:56.409415	Hopper	down	None
2016-11-11 14:33:56.712508	Trial	end	153
2016-11-11 14:36:00.880158	Trial	start	154
2016-11-11 14:36:00.883605	Speaker	play	None
2016-11-11 14:36:01.814033	Speaker	stop	None
2016-11-11 14:36:01.814710	Trial	end	154
2016-11-11 14:36:01.815680	Trial	start	155
2016-11-11 14:36:01.817868	Speaker	play	None
2016-11-11 14:36:07.822472	Speaker	stop	None
2016-11-11 14:36:07.823091	Trial	end	155
2016-11-11 14:36:14.936798	Trial	start	156
2016-11-11 14:36:14.940747	Speaker	play	None
2016-11-11 14:36:20.945389	Speaker	stop	None
2016-11-11 14:36:20.946009	Trial	end	156
2016-11-11 14:36:25.266282	Trial	start	157
2016-11-11 14:36:25.268215	Speaker	play	None
2016-11-11 14:36:26.778026	Speaker	stop	None
2016-11-11 14:36:26.779220	Trial	end	157
2016-11-11 14:36:26.780374	Trial	start	158
2016-11-11 14:36:26.783104	Speaker	play	None
2016-11-11 14:36:32.786734	Speaker	stop	None
2016-11-11 14:36:32.787565	Trial	end	158
2016-11-11 14:36:35.743284	Trial	start	159
2016-11-11 14:36:35.745664	Speaker	play	None
2016-11-11 14:36:41.751890	Speaker	stop	None
2016-11-11 14:36:41.752599	Trial	end	159
2016-11-11 14:36:48.145420	Trial	start	160
2016-11-11 14:36:48.149874	Speaker	play	None
2016-11-11 14:36:54.153936	Speaker	stop	None
2016-11-11 14:36:54.154791	Trial	end	160
2016-11-11 14:36:58.413837	Trial	start	161
2016-11-11 14:36:58.416036	Speaker	play	None
2016-11-11 14:37:04.421987	Speaker	stop	None
2016-11-11 14:37:04.423035	Trial	end	161
2016-11-11 14:37:13.465861	Trial	start	162
2016-11-11 14:37:13.470096	Speaker	play	None
2016-11-11 14:37:19.473982	Speaker	stop	None
2016-11-11 14:37:19.474722	Trial	end	162
2016-11-11 14:37:25.388369	Trial	start	163
2016-11-11 14:37:25.392076	Speaker	play	None
2016-11-11 14:37:31.396772	Speaker	stop	None
2016-11-11 14:37:31.397575	Trial	end	163
2016-11-11 14:37:42.737965	Trial	start	164
2016-11-11 14:37:42.740969	Speaker	play	None
2016-11-11 14:37:48.746487	Speaker	stop	None
2016-11-11 14:37:48.747110	Trial	end	164
2016-11-11 14:37:56.069649	Trial	start	165
2016-11-11 14:37:56.071574	Speaker	play	None
2016-11-11 14:38:02.074093	Speaker	stop	None
2016-11-11 14:38:02.074676	Trial	end	165
2016-11-11 14:38:23.048765	Trial	start	166
2016-11-11 14:38:23.052625	Speaker	play	None
2016-11-11 14:38:29.057341	Speaker	stop	None
2016-11-11 14:38:29.058249	Trial	end	166
2016-11-11 14:38:35.188599	Trial	start	167
2016-11-11 14:38:35.194601	Speaker	play	None
2016-11-11 14:38:41.201137	Speaker	stop	None
2016-11-11 14:38:41.201731	Trial	end	167
2016-11-11 14:38:46.480623	Trial	start	168
2016-11-11 14:38:46.483801	Speaker	play	None
2016-11-11 14:38:52.489145	Speaker	stop	None
2016-11-11 14:38:52.490857	Trial	end	168
2016-11-11 14:38:57.297416	Trial	start	169
2016-11-11 14:38:57.299973	Speaker	play	None
2016-11-11 14:39:03.305963	Speaker	stop	None
2016-11-11 14:39:03.306654	Trial	end	169
2016-11-11 14:39:10.711111	Trial	start	170
2016-11-11 14:39:10.713635	Speaker	play	None
2016-11-11 14:39:16.719844	Speaker	stop	None
2016-11-11 14:39:16.721240	Trial	end	170
2016-11-11 14:39:20.475514	Trial	start	171
2016-11-11 14:39:20.478510	Speaker	play	None
2016-11-11 14:39:22.294131	Speaker	stop	None
2016-11-11 14:39:22.294826	Trial	end	171
2016-11-11 14:39:22.296129	Trial	start	172
2016-11-11 14:39:22.298565	Speaker	play	None
2016-11-11 14:39:23.903729	Speaker	stop	None
2016-11-11 14:39:23.904399	Trial	end	172
2016-11-11 14:39:23.905203	Trial	start	173
2016-11-11 14:39:23.907715	Speaker	play	None
2016-11-11 14:39:29.912273	Speaker	stop	None
2016-11-11 14:39:29.914774	Hopper	up	None
2016-11-11 14:39:41.916821	Hopper	down	None
2016-11-11 14:39:42.219890	Trial	end	173
2016-11-11 14:41:35.558297	Trial	start	174
2016-11-11 14:41:35.561614	Speaker	play	None
2016-11-11 14:41:36.094945	Speaker	stop	None
2016-11-11 14:41:36.095839	Trial	end	174
2016-11-11 14:41:36.096584	Trial	start	175
2016-11-11 14:41:36.098776	Speaker	play	None
2016-11-11 14:41:42.103384	Speaker	stop	None
2016-11-11 14:41:42.104029	Trial	end	175
2016-11-11 14:41:48.226505	Trial	start	176
2016-11-11 14:41:48.228820	Speaker	play	None
2016-11-11 14:41:54.235140	Speaker	stop	None
2016-11-11 14:41:54.236331	Trial	end	176
2016-11-11 14:41:59.441002	Trial	start	177
2016-11-11 14:41:59.444163	Speaker	play	None
2016-11-11 14:42:05.449440	Speaker	stop	None
2016-11-11 14:42:05.450198	Trial	end	177
2016-11-11 14:42:11.085094	Trial	start	178
2016-11-11 14:42:11.088129	Speaker	play	None
2016-11-11 14:42:17.093552	Speaker	stop	None
2016-11-11 14:42:17.094207	Trial	end	178
2016-11-11 14:42:24.007217	Trial	start	179
2016-11-11 14:42:24.011298	Speaker	play	None
2016-11-11 14:42:30.015938	Speaker	stop	None
2016-11-11 14:42:30.016678	Trial	end	179
2016-11-11 14:42:38.850234	Trial	start	180
2016-11-11 14:42:38.854567	Speaker	play	None
2016-11-11 14:42:44.862970	Speaker	stop	None
2016-11-11 14:42:44.863573	Trial	end	180
2016-11-11 14:42:51.731635	Trial	start	181
2016-11-11 14:42:51.734074	Speaker	play	None
2016-11-11 14:42:57.740065	Speaker	stop	None
2016-11-11 14:42:57.740639	Trial	end	181
2016-11-11 14:43:04.776529	Trial	start	182
2016-11-11 14:43:04.778981	Speaker	play	None
2016-11-11 14:43:10.785037	Speaker	stop	None
2016-11-11 14:43:10.785718	Trial	end	182
2016-11-11 14:43:12.640466	Trial	start	183
2016-11-11 14:43:12.643727	Speaker	play	None
2016-11-11 14:43:18.649432	Speaker	stop	None
2016-11-11 14:43:18.651258	Hopper	up	None
2016-11-11 14:43:30.653625	Hopper	down	None
2016-11-11 14:43:30.956847	Trial	end	183
2016-11-11 14:46:05.445316	Trial	start	184
2016-11-11 14:46:05.447378	Speaker	play	None
2016-11-11 14:46:11.449855	Speaker	stop	None
2016-11-11 14:46:11.450696	Trial	end	184
2016-11-11 14:46:15.398127	Trial	start	185
2016-11-11 14:46:15.401192	Speaker	play	None
2016-11-11 14:46:21.406584	Speaker	stop	None
2016-11-11 14:46:21.407199	Trial	end	185
2016-11-11 14:46:25.952852	Trial	start	186
2016-11-11 14:46:25.958329	Speaker	play	None
2016-11-11 14:46:31.965524	Speaker	stop	None
2016-11-11 14:46:31.966095	Trial	end	186
2016-11-11 14:46:36.802522	Trial	start	187
2016-11-11 14:46:36.804485	Speaker	play	None
2016-11-11 14:46:42.807134	Speaker	stop	None
2016-11-11 14:46:42.807809	Trial	end	187
2016-11-11 14:46:50.502968	Trial	start	188
2016-11-11 14:46:50.506506	Speaker	play	None
2016-11-11 14:46:56.511727	Speaker	stop	None
2016-11-11 14:46:56.513017	Trial	end	188
2016-11-11 14:47:03.830728	Trial	start	189
2016-11-11 14:47:03.836096	Speaker	play	None
2016-11-11 14:47:09.839450	Speaker	stop	None
2016-11-11 14:47:09.840625	Trial	end	189
2016-11-11 14:47:14.880958	Trial	start	190
2016-11-11 14:47:14.883455	Speaker	play	None
2016-11-11 14:47:20.889582	Speaker	stop	None
2016-11-11 14:47:20.890288	Trial	end	190
2016-11-11 14:47:25.214716	Trial	start	191
2016-11-11 14:47:25.218202	Speaker	play	None
2016-11-11 14:47:26.369870	Speaker	stop	None
2016-11-11 14:47:26.372701	Trial	end	191
2016-11-11 14:47:26.373477	Trial	start	192
2016-11-11 14:47:26.376348	Speaker	play	None
2016-11-11 14:47:32.382276	Speaker	stop	None
2016-11-11 14:47:32.383346	Hopper	up	None
2016-11-11 14:47:44.386963	Hopper	down	None
2016-11-11 14:47:44.690048	Trial	end	192
2016-11-11 16:09:01.155732	Trial	start	193
2016-11-11 16:09:01.159044	Speaker	play	None
2016-11-11 16:09:07.164493	Speaker	stop	None
2016-11-11 16:09:07.165396	Trial	end	193
2016-11-11 16:09:10.719337	Trial	start	194
2016-11-11 16:09:10.721236	Speaker	play	None
2016-11-11 16:09:16.723842	Speaker	stop	None
2016-11-11 16:09:16.724594	Trial	end	194
2016-11-11 16:09:25.611561	Trial	start	195
2016-11-11 16:09:25.613869	Speaker	play	None
2016-11-11 16:09:27.488873	Speaker	stop	None
2016-11-11 16:09:27.490347	Trial	end	195
2016-11-11 16:09:27.491185	Trial	start	196
2016-11-11 16:09:27.495060	Speaker	play	None
2016-11-11 16:09:33.500135	Speaker	stop	None
2016-11-11 16:09:33.500785	Trial	end	196
2016-11-11 16:09:38.890079	Trial	start	197
2016-11-11 16:09:38.892593	Speaker	play	None
2016-11-11 16:09:44.898665	Speaker	stop	None
2016-11-11 16:09:44.899559	Trial	end	197
2016-11-11 16:09:49.485874	Trial	start	198
2016-11-11 16:09:49.488946	Speaker	play	None
2016-11-11 16:09:55.494550	Speaker	stop	None
2016-11-11 16:09:55.495412	Trial	end	198
2016-11-11 16:10:00.200421	Trial	start	199
2016-11-11 16:10:00.203068	Speaker	play	None
2016-11-11 16:10:01.273592	Speaker	stop	None
2016-11-11 16:10:01.274142	Trial	end	199
2016-11-11 16:10:01.274882	Trial	start	200
2016-11-11 16:10:01.277692	Speaker	play	None
2016-11-11 16:10:07.286170	Speaker	stop	None
2016-11-11 16:10:07.287264	Trial	end	200
2016-11-11 16:10:14.527407	Trial	start	201
2016-11-11 16:10:14.529652	Speaker	play	None
2016-11-11 16:10:20.536030	Speaker	stop	None
2016-11-11 16:10:20.537031	Trial	end	201
2016-11-11 16:10:49.406959	Trial	start	202
2016-11-11 16:10:49.409317	Speaker	play	None
2016-11-11 16:10:55.415521	Speaker	stop	None
2016-11-11 16:10:55.416156	Trial	end	202
2016-11-11 16:11:09.533740	Trial	start	203
2016-11-11 16:11:09.536988	Speaker	play	None
2016-11-11 16:11:10.942603	Speaker	stop	None
2016-11-11 16:11:10.943208	Trial	end	203
2016-11-11 16:11:10.943911	Trial	start	204
2016-11-11 16:11:10.946093	Speaker	play	None
2016-11-11 16:11:16.951264	Speaker	stop	None
2016-11-11 16:11:16.952300	Trial	end	204
2016-11-11 16:11:21.264074	Trial	start	205
2016-11-11 16:11:21.266376	Speaker	play	None
2016-11-11 16:11:27.272647	Speaker	stop	None
2016-11-11 16:11:27.273356	Trial	end	205
2016-11-11 16:11:32.642340	Trial	start	206
2016-11-11 16:11:32.644625	Speaker	play	None
2016-11-11 16:11:38.651044	Speaker	stop	None
2016-11-11 16:11:38.651946	Trial	end	206
2016-11-11 16:11:44.769957	Trial	start	207
2016-11-11 16:11:44.773641	Speaker	play	None
2016-11-11 16:11:50.778879	Speaker	stop	None
2016-11-11 16:11:50.779904	Trial	end	207
2016-11-11 16:11:54.640888	Trial	start	208
2016-11-11 16:11:54.643188	Speaker	play	None
2016-11-11 16:12:00.649607	Speaker	stop	None
2016-11-11 16:12:00.650212	Trial	end	208
2016-11-11 16:12:06.297668	Trial	start	209
2016-11-11 16:12:06.299956	Speaker	play	None
2016-11-11 16:12:07.088305	Speaker	stop	None
2016-11-11 16:12:07.089735	Trial	end	209
2016-11-11 16:12:07.091368	Trial	start	210
2016-11-11 16:12:07.094572	Speaker	play	None
2016-11-11 16:12:13.100831	Speaker	stop	None
2016-11-11 16:12:13.101479	Trial	end	210
2016-11-11 16:12:18.691580	Trial	start	211
2016-11-11 16:12:18.693900	Speaker	play	None
2016-11-11 16:12:24.700181	Speaker	stop	None
2016-11-11 16:12:24.700761	Trial	end	211
2016-11-11 16:12:28.472524	Trial	start	212
2016-11-11 16:12:28.476834	Speaker	play	None
2016-11-11 16:12:30.262569	Speaker	stop	None
2016-11-11 16:12:30.263368	Trial	end	212
2016-11-11 16:12:30.264130	Trial	start	213
2016-11-11 16:12:30.266450	Speaker	play	None
2016-11-11 16:12:36.270944	Speaker	stop	None
2016-11-11 16:12:36.271493	Trial	end	213
2016-11-11 16:12:42.407154	Trial	start	214
2016-11-11 16:12:42.409319	Speaker	play	None
2016-11-11 16:12:48.415054	Speaker	stop	None
2016-11-11 16:12:48.415990	Hopper	up	None
2016-11-11 16:13:00.419799	Hopper	down	None
2016-11-11 16:13:00.722950	Trial	end	214
2016-11-11 16:14:25.096728	Trial	start	215
2016-11-11 16:14:25.099175	Speaker	play	None
2016-11-11 16:14:31.105406	Speaker	stop	None
2016-11-11 16:14:31.106085	Trial	end	215
2016-11-11 16:14:34.476175	Trial	start	216
2016-11-11 16:14:34.481104	Speaker	play	None
2016-11-11 16:14:40.484834	Speaker	stop	None
2016-11-11 16:14:40.485512	Trial	end	216
2016-11-11 16:14:45.166202	Trial	start	217
2016-11-11 16:14:45.169380	Speaker	play	None
2016-11-11 16:14:51.174830	Speaker	stop	None
2016-11-11 16:14:51.175394	Trial	end	217
2016-11-11 16:14:53.726451	Trial	start	218
2016-11-11 16:14:53.728571	Speaker	play	None
2016-11-11 16:14:55.672132	Speaker	stop	None
2016-11-11 16:14:55.674020	Trial	end	218
2016-11-11 16:14:55.674809	Trial	start	219
2016-11-11 16:14:55.677505	Speaker	play	None
2016-11-11 16:15:01.680566	Speaker	stop	None
2016-11-11 16:15:01.681094	Trial	end	219
2016-11-11 16:15:05.329895	Trial	start	220
2016-11-11 16:15:05.332110	Speaker	play	None
2016-11-11 16:15:11.338861	Speaker	stop	None
2016-11-11 16:15:11.339630	Trial	end	220
2016-11-11 16:15:14.680759	Trial	start	221
2016-11-11 16:15:14.684541	Speaker	play	None
2016-11-11 16:15:20.689307	Speaker	stop	None
2016-11-11 16:15:20.690154	Trial	end	221
2016-11-11 16:15:25.805020	Trial	start	222
2016-11-11 16:15:25.809660	Speaker	play	None
2016-11-11 16:15:26.837371	Speaker	stop	None
2016-11-11 16:15:26.838032	Trial	end	222
2016-11-11 16:15:26.838773	Trial	start	223
2016-11-11 16:15:26.842015	Speaker	play	None
2016-11-11 16:15:29.384694	Speaker	stop	None
2016-11-11 16:15:29.387235	Trial	end	223
2016-11-11 16:15:29.388013	Trial	start	224
2016-11-11 16:15:29.391274	Speaker	play	None
2016-11-11 16:15:31.248337	Speaker	stop	None
2016-11-11 16:15:31.249014	Trial	end	224
2016-11-11 16:15:31.249687	Trial	start	225
2016-11-11 16:15:31.252077	Speaker	play	None
2016-11-11 16:15:37.256798	Speaker	stop	None
2016-11-11 16:15:37.257430	Trial	end	225
2016-11-11 16:15:41.107276	Trial	start	226
2016-11-11 16:15:41.109498	Speaker	play	None
2016-11-11 16:15:47.115466	Speaker	stop	None
2016-11-11 16:15:47.116089	Trial	end	226
2016-11-11 16:15:51.162051	Trial	start	227
2016-11-11 16:15:51.164353	Speaker	play	None
2016-11-11 16:15:52.391087	Speaker	stop	None
2016-11-11 16:15:52.392124	Trial	end	227
2016-11-11 16:15:52.393443	Trial	start	228
2016-11-11 16:15:52.397031	Speaker	play	None
2016-11-11 16:15:58.403508	Speaker	stop	None
2016-11-11 16:15:58.404190	Trial	end	228
2016-11-11 16:16:01.287071	Trial	start	229
2016-11-11 16:16:01.290476	Speaker	play	None
2016-11-11 16:16:03.318936	Speaker	stop	None
2016-11-11 16:16:03.319954	Trial	end	229
2016-11-11 16:16:03.321327	Trial	start	230
2016-11-11 16:16:03.324114	Speaker	play	None
2016-11-11 16:16:09.327389	Speaker	stop	None
2016-11-11 16:16:09.327956	Trial	end	230
2016-11-11 16:16:11.866351	Trial	start	231
2016-11-11 16:16:11.868593	Speaker	play	None
2016-11-11 16:16:17.874939	Speaker	stop	None
2016-11-11 16:16:17.875957	Hopper	up	None
2016-11-11 16:16:29.879684	Hopper	down	None
2016-11-11 16:16:30.182741	Trial	end	231
2016-11-11 16:17:40.675711	Trial	start	232
2016-11-11 16:17:40.678259	Speaker	play	None
2016-11-11 16:17:46.684282	Speaker	stop	None
2016-11-11 16:17:46.684935	Trial	end	232
2016-11-11 16:17:56.587853	Trial	start	233
2016-11-11 16:17:56.590295	Speaker	play	None
2016-11-11 16:17:58.304316	Speaker	stop	None
2016-11-11 16:17:58.305581	Trial	end	233
2016-11-11 16:17:58.306462	Trial	start	234
2016-11-11 16:17:58.310057	Speaker	play	None
2016-11-11 16:18:04.316689	Speaker	stop	None
2016-11-11 16:18:04.317309	Trial	end	234
2016-11-11 16:18:08.293861	Trial	start	235
2016-11-11 16:18:08.298929	Speaker	play	None
2016-11-11 16:18:14.306427	Speaker	stop	None
2016-11-11 16:18:14.307114	Trial	end	235
2016-11-11 16:18:19.028726	Trial	start	236
2016-11-11 16:18:19.031479	Speaker	play	None
2016-11-11 16:18:25.037358	Speaker	stop	None
2016-11-11 16:18:25.038502	Trial	end	236
2016-11-11 16:18:29.452569	Trial	start	237
2016-11-11 16:18:29.455024	Speaker	play	None
2016-11-11 16:18:35.461178	Speaker	stop	None
2016-11-11 16:18:35.462184	Trial	end	237
2016-11-11 16:18:40.142586	Trial	start	238
2016-11-11 16:18:40.144818	Speaker	play	None
2016-11-11 16:18:41.596696	Speaker	stop	None
2016-11-11 16:18:41.597334	Trial	end	238
2016-11-11 16:18:41.598095	Trial	start	239
2016-11-11 16:18:41.600456	Speaker	play	None
2016-11-11 16:18:47.605369	Speaker	stop	None
2016-11-11 16:18:47.607836	Trial	end	239
2016-11-11 16:19:05.430035	Trial	start	240
2016-11-11 16:19:05.432010	Speaker	play	None
2016-11-11 16:19:11.434552	Speaker	stop	None
2016-11-11 16:19:11.435135	Trial	end	240
2016-11-11 16:19:18.999467	Trial	start	241
2016-11-11 16:19:19.002033	Speaker	play	None
2016-11-11 16:19:25.008031	Speaker	stop	None
2016-11-11 16:19:25.008691	Trial	end	241
2016-11-11 16:19:30.021407	Trial	start	242
2016-11-11 16:19:30.025048	Speaker	play	None
2016-11-11 16:19:36.029958	Speaker	stop	None
2016-11-11 16:19:36.030745	Trial	end	242
2016-11-11 16:19:39.326912	Trial	start	243
2016-11-11 16:19:39.330634	Speaker	play	None
2016-11-11 16:19:45.335746	Speaker	stop	None
2016-11-11 16:19:45.337807	Hopper	up	None
2016-11-11 16:19:57.340274	Hopper	down	None
2016-11-11 16:19:57.643415	Trial	end	243
2016-11-11 16:23:00.921861	Trial	start	244
2016-11-11 16:23:00.924913	Speaker	play	None
2016-11-11 16:23:02.179532	Speaker	stop	None
2016-11-11 16:23:02.180477	Trial	end	244
2016-11-11 16:23:02.182345	Trial	start	245
2016-11-11 16:23:02.185276	Speaker	play	None
2016-11-11 16:23:08.187892	Speaker	stop	None
2016-11-11 16:23:08.188561	Trial	end	245
2016-11-11 16:23:12.701410	Trial	start	246
2016-11-11 16:23:12.704746	Speaker	play	None
2016-11-11 16:23:18.710025	Speaker	stop	None
2016-11-11 16:23:18.710729	Trial	end	246
2016-11-11 16:23:22.625572	Trial	start	247
2016-11-11 16:23:22.629565	Speaker	play	None
2016-11-11 16:23:28.634115	Speaker	stop	None
2016-11-11 16:23:28.634790	Trial	end	247
2016-11-11 16:23:32.791202	Trial	start	248
2016-11-11 16:23:32.793890	Speaker	play	None
2016-11-11 16:23:38.799833	Speaker	stop	None
2016-11-11 16:23:38.800514	Trial	end	248
2016-11-11 16:23:42.723580	Trial	start	249
2016-11-11 16:23:42.729676	Speaker	play	None
2016-11-11 16:23:48.736184	Speaker	stop	None
2016-11-11 16:23:48.736834	Trial	end	249
2016-11-11 16:23:53.913212	Trial	start	250
2016-11-11 16:23:53.915458	Speaker	play	None
2016-11-11 16:23:59.922092	Speaker	stop	None
2016-11-11 16:23:59.923276	Trial	end	250
2016-11-11 16:24:02.862648	Trial	start	251
2016-11-11 16:24:02.865864	Speaker	play	None
2016-11-11 16:24:08.871055	Speaker	stop	None
2016-11-11 16:24:08.871679	Trial	end	251
2016-11-11 16:24:15.727384	Trial	start	252
2016-11-11 16:24:15.730098	Speaker	play	None
2016-11-11 16:24:21.736048	Speaker	stop	None
2016-11-11 16:24:21.736926	Trial	end	252
2016-11-11 16:24:28.379306	Trial	start	253
2016-11-11 16:24:28.382018	Speaker	play	None
2016-11-11 16:24:34.387828	Speaker	stop	None
2016-11-11 16:24:34.388452	Trial	end	253
2016-11-11 16:24:40.146476	Trial	start	254
2016-11-11 16:24:40.149295	Speaker	play	None
2016-11-11 16:24:41.240335	Speaker	stop	None
2016-11-11 16:24:41.241124	Trial	end	254
2016-11-11 16:24:41.241797	Trial	start	255
2016-11-11 16:24:41.244613	Speaker	play	None
2016-11-11 16:24:47.248678	Speaker	stop	None
2016-11-11 16:24:47.250330	Hopper	up	None
2016-11-11 16:24:59.253418	Hopper	down	None
2016-11-11 16:24:59.556511	Trial	end	255
2016-11-11 16:26:35.725521	Trial	start	256
2016-11-11 16:26:35.728316	Speaker	play	None
2016-11-11 16:26:41.734133	Speaker	stop	None
2016-11-11 16:26:41.735106	Hopper	up	None
2016-11-11 16:26:53.738838	Hopper	down	None
2016-11-11 16:26:54.042104	Trial	end	256
2016-11-11 16:31:22.770503	Trial	start	257
2016-11-11 16:31:22.772750	Speaker	play	None
2016-11-11 16:31:28.779004	Speaker	stop	None
2016-11-11 16:31:28.779591	Trial	end	257
2016-11-11 16:31:43.097976	Trial	start	258
2016-11-11 16:31:43.102093	Speaker	play	None
2016-11-11 16:31:49.106314	Speaker	stop	None
2016-11-11 16:31:49.107177	Trial	end	258
2016-11-11 16:31:54.963221	Trial	start	259
2016-11-11 16:31:54.965216	Speaker	play	None
2016-11-11 16:32:00.967758	Speaker	stop	None
2016-11-11 16:32:00.968363	Trial	end	259
2016-11-11 16:32:08.917831	Trial	start	260
2016-11-11 16:32:08.921549	Speaker	play	None
2016-11-11 16:32:14.926190	Speaker	stop	None
2016-11-11 16:32:14.927023	Hopper	up	None
2016-11-11 16:32:26.930955	Hopper	down	None
2016-11-11 16:32:27.233903	Trial	end	260
2016-11-11 16:34:51.999382	Trial	start	261
2016-11-11 16:34:52.002330	Speaker	play	None
2016-11-11 16:34:58.008092	Speaker	stop	None
2016-11-11 16:34:58.009801	Hopper	up	None
2016-11-11 16:35:10.012626	Hopper	down	None
2016-11-11 16:35:10.315717	Trial	end	261
2016-11-11 16:48:55.213783	Trial	start	262
2016-11-11 16:48:55.216188	Speaker	play	None
2016-11-11 16:49:01.222262	Speaker	stop	None
2016-11-11 16:49:01.222852	Trial	end	262
2016-11-11 16:49:08.815790	Trial	start	263
2016-11-11 16:49:08.818556	Speaker	play	None
2016-11-11 16:49:10.568904	Speaker	stop	None
2016-11-11 16:49:10.569501	Trial	end	263
2016-11-11 16:49:10.570134	Trial	start	264
2016-11-11 16:49:10.573041	Speaker	play	None
2016-11-11 16:49:16.577525	Speaker	stop	None
2016-11-11 16:49:16.578749	Trial	end	264
2016-11-11 16:49:21.754369	Trial	start	265
2016-11-11 16:49:21.756369	Speaker	play	None
2016-11-11 16:49:27.758850	Speaker	stop	None
2016-11-11 16:49:27.759458	Trial	end	265
2016-11-11 16:49:29.737155	Trial	start	266
2016-11-11 16:49:29.741320	Speaker	play	None
2016-11-11 16:49:35.745716	Speaker	stop	None
2016-11-11 16:49:35.746642	Trial	end	266
2016-11-11 16:49:44.936616	Trial	start	267
2016-11-11 16:49:44.939642	Speaker	play	None
2016-11-11 16:49:50.945217	Speaker	stop	None
2016-11-11 16:49:50.945879	Trial	end	267
2016-11-11 16:49:56.281826	Trial	start	268
2016-11-11 16:49:56.284794	Speaker	play	None
2016-11-11 16:49:57.211603	Speaker	stop	None
2016-11-11 16:49:57.212217	Trial	end	268
2016-11-11 16:49:57.212988	Trial	start	269
2016-11-11 16:49:57.215287	Speaker	play	None
2016-11-11 16:50:03.220087	Speaker	stop	None
2016-11-11 16:50:03.220710	Trial	end	269
2016-11-11 16:50:11.309180	Trial	start	270
2016-11-11 16:50:11.311634	Speaker	play	None
2016-11-11 16:50:17.317838	Speaker	stop	None
2016-11-11 16:50:17.318862	Trial	end	270
2016-11-11 16:50:22.392482	Trial	start	271
2016-11-11 16:50:22.396111	Speaker	play	None
2016-11-11 16:50:28.401004	Speaker	stop	None
2016-11-11 16:50:28.401781	Trial	end	271
2016-11-11 16:50:33.701406	Trial	start	272
2016-11-11 16:50:33.705853	Speaker	play	None
2016-11-11 16:50:39.713397	Speaker	stop	None
2016-11-11 16:50:39.714107	Trial	end	272
2016-11-11 16:50:49.989668	Trial	start	273
2016-11-11 16:50:49.992121	Speaker	play	None
2016-11-11 16:50:55.998315	Speaker	stop	None
2016-11-11 16:50:55.999159	Trial	end	273
2016-11-11 16:51:00.712434	Trial	start	274
2016-11-11 16:51:00.714691	Speaker	play	None
2016-11-11 16:51:06.721034	Speaker	stop	None
2016-11-11 16:51:06.721813	Trial	end	274
2016-11-11 16:51:12.397704	Trial	start	275
2016-11-11 16:51:12.400129	Speaker	play	None
2016-11-11 16:51:18.406289	Speaker	stop	None
2016-11-11 16:51:18.406973	Trial	end	275
2016-11-11 16:51:23.263799	Trial	start	276
2016-11-11 16:51:23.265896	Speaker	play	None
2016-11-11 16:51:23.993131	Speaker	stop	None
2016-11-11 16:51:23.994110	Trial	end	276
2016-11-11 16:51:23.994831	Trial	start	277
2016-11-11 16:51:23.997353	Speaker	play	None
2016-11-11 16:51:30.001384	Speaker	stop	None
2016-11-11 16:51:30.002068	Trial	end	277
2016-11-11 16:51:36.771667	Trial	start	278
2016-11-11 16:51:36.774341	Speaker	play	None
2016-11-11 16:51:38.631642	Speaker	stop	None
2016-11-11 16:51:38.632725	Trial	end	278
2016-11-11 16:51:38.634227	Trial	start	279
2016-11-11 16:51:38.636877	Speaker	play	None
2016-11-11 16:51:44.639723	Speaker	stop	None
2016-11-11 16:51:44.641272	Hopper	up	None
2016-11-11 16:51:56.644565	Hopper	down	None
2016-11-11 16:51:56.951485	Trial	end	279
2016-11-11 16:53:12.494052	Trial	start	280
2016-11-11 16:53:12.496423	Speaker	play	None
2016-11-11 16:53:18.502686	Speaker	stop	None
2016-11-11 16:53:18.503321	Trial	end	280
2016-11-11 16:53:23.896729	Trial	start	281
2016-11-11 16:53:23.899806	Speaker	play	None
2016-11-11 16:53:29.905308	Speaker	stop	None
2016-11-11 16:53:29.906085	Trial	end	281
2016-11-11 16:53:44.441892	Trial	start	282
2016-11-11 16:53:44.446302	Speaker	play	None
2016-11-11 16:53:50.453871	Speaker	stop	None
2016-11-11 16:53:50.454424	Trial	end	282
2016-11-11 16:54:00.246740	Trial	start	283
2016-11-11 16:54:00.249681	Speaker	play	None
2016-11-11 16:54:01.205440	Speaker	stop	None
2016-11-11 16:54:01.206288	Trial	end	283
2016-11-11 16:54:01.207294	Trial	start	284
2016-11-11 16:54:01.209768	Speaker	play	None
2016-11-11 16:54:07.213764	Speaker	stop	None
2016-11-11 16:54:07.214385	Trial	end	284
2016-11-11 16:54:15.630662	Trial	start	285
2016-11-11 16:54:15.635006	Speaker	play	None
2016-11-11 16:54:17.457295	Speaker	stop	None
2016-11-11 16:54:17.457878	Trial	end	285
2016-11-11 16:54:17.458914	Trial	start	286
2016-11-11 16:54:17.460922	Speaker	play	None
2016-11-11 16:54:23.465745	Speaker	stop	None
2016-11-11 16:54:23.466425	Trial	end	286
2016-11-11 16:54:32.341296	Trial	start	287
2016-11-11 16:54:32.348062	Speaker	play	None
2016-11-11 16:54:38.354013	Speaker	stop	None
2016-11-11 16:54:38.354801	Trial	end	287
2016-11-11 16:54:41.274279	Trial	start	288
2016-11-11 16:54:41.276991	Speaker	play	None
2016-11-11 16:54:47.282702	Speaker	stop	None
2016-11-11 16:54:47.283368	Trial	end	288
2016-11-11 16:54:51.402971	Trial	start	289
2016-11-11 16:54:51.405667	Speaker	play	None
2016-11-11 16:54:52.414780	Speaker	stop	None
2016-11-11 16:54:52.415385	Trial	end	289
2016-11-11 16:54:52.416425	Trial	start	290
2016-11-11 16:54:52.418357	Speaker	play	None
2016-11-11 16:54:58.423207	Speaker	stop	None
2016-11-11 16:54:58.423833	Trial	end	290
2016-11-11 16:55:02.772879	Trial	start	291
2016-11-11 16:55:02.775400	Speaker	play	None
2016-11-11 16:55:08.781452	Speaker	stop	None
2016-11-11 16:55:08.782018	Trial	end	291
2016-11-11 16:55:16.923843	Trial	start	292
2016-11-11 16:55:16.928013	Speaker	play	None
2016-11-11 16:55:22.932485	Speaker	stop	None
2016-11-11 16:55:22.933550	Trial	end	292
2016-11-11 16:55:30.886427	Trial	start	293
2016-11-11 16:55:30.889579	Speaker	play	None
2016-11-11 16:55:36.894860	Speaker	stop	None
2016-11-11 16:55:36.895605	Trial	end	293
2016-11-11 16:55:44.476127	Trial	start	294
2016-11-11 16:55:44.478414	Speaker	play	None
2016-11-11 16:55:45.864767	Speaker	stop	None
2016-11-11 16:55:45.865910	Trial	end	294
2016-11-11 16:55:45.867647	Trial	start	295
2016-11-11 16:55:45.869858	Speaker	play	None
2016-11-11 16:55:51.873198	Speaker	stop	None
2016-11-11 16:55:51.873819	Trial	end	295
2016-11-11 16:55:58.291220	Trial	start	296
2016-11-11 16:55:58.295061	Speaker	play	None
2016-11-11 16:56:04.299727	Speaker	stop	None
2016-11-11 16:56:04.300331	Trial	end	296
2016-11-11 16:56:08.620707	Trial	start	297
2016-11-11 16:56:08.622818	Speaker	play	None
2016-11-11 16:56:14.625222	Speaker	stop	None
2016-11-11 16:56:14.625799	Trial	end	297
2016-11-11 16:56:20.044051	Trial	start	298
2016-11-11 16:56:20.047294	Speaker	play	None
2016-11-11 16:56:26.052397	Speaker	stop	None
2016-11-11 16:56:26.052970	Trial	end	298
2016-11-11 16:56:31.307345	Trial	start	299
2016-11-11 16:56:31.321949	Speaker	play	None
2016-11-11 16:56:37.327998	Speaker	stop	None
2016-11-11 16:56:37.328585	Trial	end	299
2016-11-11 16:56:55.746870	Trial	start	300
2016-11-11 16:56:55.751421	Speaker	play	None
2016-11-11 16:57:01.755556	Speaker	stop	None
2016-11-11 16:57:01.756578	Trial	end	300
2016-11-11 16:57:08.157188	Trial	start	301
2016-11-11 16:57:08.161395	Speaker	play	None
2016-11-11 16:57:14.165665	Speaker	stop	None
2016-11-11 16:57:14.166699	Trial	end	301
2016-11-11 16:57:18.195686	Trial	start	302
2016-11-11 16:57:18.198641	Speaker	play	None
2016-11-11 16:57:24.204853	Speaker	stop	None
2016-11-11 16:57:24.207835	Hopper	up	None
2016-11-11 16:57:36.209041	Hopper	down	None
2016-11-11 16:57:36.512159	Trial	end	302
2016-11-11 17:39:28.098229	Trial	start	303
2016-11-11 17:39:28.101474	Speaker	play	None
2016-11-11 17:39:34.106830	Speaker	stop	None
2016-11-11 17:39:34.107483	Trial	end	303
2016-11-11 17:39:37.469337	Trial	start	304
2016-11-11 17:39:37.472444	Speaker	play	None
2016-11-11 17:39:43.478211	Speaker	stop	None
2016-11-11 17:39:43.479463	Trial	end	304
2016-11-11 17:39:47.229805	Trial	start	305
2016-11-11 17:39:47.234289	Speaker	play	None
2016-11-11 17:39:53.238241	Speaker	stop	None
2016-11-11 17:39:53.239276	Trial	end	305
2016-11-11 17:40:19.848347	Trial	start	306
2016-11-11 17:40:19.850876	Speaker	play	None
2016-11-11 17:40:25.856946	Speaker	stop	None
2016-11-11 17:40:25.858245	Trial	end	306
2016-11-11 17:40:29.506544	Trial	start	307
2016-11-11 17:40:29.512024	Speaker	play	None
2016-11-11 17:40:35.518887	Speaker	stop	None
2016-11-11 17:40:35.520160	Hopper	up	None
2016-11-11 17:40:47.523587	Hopper	down	None
2016-11-11 17:40:47.830664	Trial	end	307
2016-11-11 17:42:35.692929	Trial	start	308
2016-11-11 17:42:35.694977	Speaker	play	None
2016-11-11 17:42:41.697385	Speaker	stop	None
2016-11-11 17:42:41.697997	Trial	end	308
2016-11-11 17:42:44.728255	Trial	start	309
2016-11-11 17:42:44.732286	Speaker	play	None
2016-11-11 17:42:50.736857	Speaker	stop	None
2016-11-11 17:42:50.737571	Trial	end	309
2016-11-11 17:42:53.317181	Trial	start	310
2016-11-11 17:42:53.320776	Speaker	play	None
2016-11-11 17:42:59.325599	Speaker	stop	None
2016-11-11 17:42:59.326308	Trial	end	310
2016-11-11 17:43:02.626726	Trial	start	311
2016-11-11 17:43:02.629540	Speaker	play	None
2016-11-11 17:43:08.635291	Speaker	stop	None
2016-11-11 17:43:08.635900	Trial	end	311
2016-11-11 17:43:14.459420	Trial	start	312
2016-11-11 17:43:14.464693	Speaker	play	None
2016-11-11 17:43:20.467989	Speaker	stop	None
2016-11-11 17:43:20.468943	Hopper	up	None
2016-11-11 17:43:32.472618	Hopper	down	None
2016-11-11 17:43:32.775653	Trial	end	312
2016-11-11 17:44:26.282943	Trial	start	313
2016-11-11 17:44:26.285727	Speaker	play	None
2016-11-11 17:44:31.668972	Speaker	stop	None
2016-11-11 17:44:31.669658	Trial	end	313
2016-11-11 17:44:31.670696	Trial	start	314
2016-11-11 17:44:31.675481	Speaker	play	None
2016-11-11 17:44:37.682420	Speaker	stop	None
2016-11-11 17:44:37.683653	Trial	end	314
2016-11-11 17:44:41.957461	Trial	start	315
2016-11-11 17:44:41.960216	Speaker	play	None
2016-11-11 17:44:47.966046	Speaker	stop	None
2016-11-11 17:44:47.966765	Trial	end	315
2016-11-11 17:44:49.690349	Trial	start	316
2016-11-11 17:44:49.694339	Speaker	play	None
2016-11-11 17:44:55.698891	Speaker	stop	None
2016-11-11 17:44:55.699979	Hopper	up	None
2016-11-11 17:45:07.703524	Hopper	down	None
2016-11-11 17:45:08.006584	Trial	end	316
2016-11-11 17:46:42.434864	Trial	start	317
2016-11-11 17:46:42.438901	Speaker	play	None
2016-11-11 17:46:46.719053	Speaker	stop	None
2016-11-11 17:46:46.719882	Trial	end	317
2016-11-11 17:46:46.720789	Trial	start	318
2016-11-11 17:46:46.723796	Speaker	play	None
2016-11-11 17:46:52.727704	Speaker	stop	None
2016-11-11 17:46:52.728642	Trial	end	318
2016-11-11 17:46:56.567140	Trial	start	319
2016-11-11 17:46:56.570222	Speaker	play	None
2016-11-11 17:47:02.573786	Speaker	stop	None
2016-11-11 17:47:02.574455	Trial	end	319
2016-11-11 17:47:06.923512	Trial	start	320
2016-11-11 17:47:06.927368	Speaker	play	None
2016-11-11 17:47:12.931987	Speaker	stop	None
2016-11-11 17:47:12.932661	Trial	end	320
2016-11-11 17:47:16.155267	Trial	start	321
2016-11-11 17:47:16.157525	Speaker	play	None
2016-11-11 17:47:22.163931	Speaker	stop	None
2016-11-11 17:47:22.164754	Trial	end	321
2016-11-11 17:47:28.737660	Trial	start	322
2016-11-11 17:47:28.740093	Speaker	play	None
2016-11-11 17:47:34.746199	Speaker	stop	None
2016-11-11 17:47:34.746841	Trial	end	322
2016-11-11 17:47:46.476339	Trial	start	323
2016-11-11 17:47:46.478601	Speaker	play	None
2016-11-11 17:47:52.484868	Speaker	stop	None
2016-11-11 17:47:52.485563	Trial	end	323
2016-11-11 17:47:56.429009	Trial	start	324
2016-11-11 17:47:56.430957	Speaker	play	None
2016-11-11 17:48:02.433541	Speaker	stop	None
2016-11-11 17:48:02.434217	Trial	end	324
2016-11-11 17:48:19.701246	Trial	start	325
2016-11-11 17:48:19.703621	Speaker	play	None
2016-11-11 17:48:25.709949	Speaker	stop	None
2016-11-11 17:48:25.710927	Trial	end	325
2016-11-11 17:48:32.635833	Trial	start	326
2016-11-11 17:48:32.638795	Speaker	play	None
2016-11-11 17:48:38.644342	Speaker	stop	None
2016-11-11 17:48:38.644964	Trial	end	326
2016-11-11 17:48:43.247958	Trial	start	327
2016-11-11 17:48:43.250382	Speaker	play	None
2016-11-11 17:48:49.256444	Speaker	stop	None
2016-11-11 17:48:49.257056	Trial	end	327
2016-11-11 17:48:54.978170	Trial	start	328
2016-11-11 17:48:54.980224	Speaker	play	None
2016-11-11 17:49:00.986822	Speaker	stop	None
2016-11-11 17:49:00.987807	Trial	end	328
2016-11-11 17:49:08.535265	Trial	start	329
2016-11-11 17:49:08.537459	Speaker	play	None
2016-11-11 17:49:14.543778	Speaker	stop	None
2016-11-11 17:49:14.544359	Trial	end	329
2016-11-11 17:49:19.753688	Trial	start	330
2016-11-11 17:49:19.756974	Speaker	play	None
2016-11-11 17:49:25.762236	Speaker	stop	None
2016-11-11 17:49:25.763406	Hopper	up	None
2016-11-11 17:49:37.766912	Hopper	down	None
2016-11-11 17:49:38.069852	Trial	end	330
2016-11-11 17:51:39.964353	Trial	start	331
2016-11-11 17:51:39.966531	Speaker	play	None
2016-11-11 17:51:45.972816	Speaker	stop	None
2016-11-11 17:51:45.973568	Trial	end	331
2016-11-11 17:51:51.145732	Trial	start	332
2016-11-11 17:51:51.149368	Speaker	play	None
2016-11-11 17:51:52.010140	Speaker	stop	None
2016-11-11 17:51:52.011425	Trial	end	332
2016-11-11 17:51:52.013535	Trial	start	333
2016-11-11 17:51:52.018045	Speaker	play	None
2016-11-11 17:51:58.022659	Speaker	stop	None
2016-11-11 17:51:58.023285	Trial	end	333
2016-11-11 17:52:02.937483	Trial	start	334
2016-11-11 17:52:02.940426	Speaker	play	None
2016-11-11 17:52:08.946322	Speaker	stop	None
2016-11-11 17:52:08.947691	Trial	end	334
2016-11-11 17:52:13.471843	Trial	start	335
2016-11-11 17:52:13.474374	Speaker	play	None
2016-11-11 17:52:19.480342	Speaker	stop	None
2016-11-11 17:52:19.481257	Hopper	up	None
2016-11-11 17:52:31.485054	Hopper	down	None
2016-11-11 17:52:31.788094	Trial	end	335
2016-11-11 17:53:39.548882	Trial	start	336
2016-11-11 17:53:39.551274	Speaker	play	None
2016-11-11 17:53:40.355642	Speaker	stop	None
2016-11-11 17:53:40.356262	Trial	end	336
2016-11-11 17:53:40.356871	Trial	start	337
2016-11-11 17:53:40.359208	Speaker	play	None
2016-11-11 17:53:46.364085	Speaker	stop	None
2016-11-11 17:53:46.364903	Trial	end	337
2016-11-11 17:53:49.472826	Trial	start	338
2016-11-11 17:53:49.475961	Speaker	play	None
2016-11-11 17:53:55.481295	Speaker	stop	None
2016-11-11 17:53:55.481969	Trial	end	338
2016-11-11 17:54:01.203001	Trial	start	339
2016-11-11 17:54:01.205177	Speaker	play	None
2016-11-11 17:54:07.211511	Speaker	stop	None
2016-11-11 17:54:07.212143	Trial	end	339
2016-11-11 17:54:11.847891	Trial	start	340
2016-11-11 17:54:11.851006	Speaker	play	None
2016-11-11 17:54:17.856559	Speaker	stop	None
2016-11-11 17:54:17.859400	Trial	end	340
2016-11-11 17:54:29.881733	Trial	start	341
2016-11-11 17:54:29.885781	Speaker	play	None
2016-11-11 17:54:35.890157	Speaker	stop	None
2016-11-11 17:54:35.890809	Trial	end	341
2016-11-11 17:54:39.031492	Trial	start	342
2016-11-11 17:54:39.033691	Speaker	play	None
2016-11-11 17:54:45.040110	Speaker	stop	None
2016-11-11 17:54:45.040926	Trial	end	342
2016-11-11 17:54:49.692767	Trial	start	343
2016-11-11 17:54:49.695583	Speaker	play	None
2016-11-11 17:54:55.701465	Speaker	stop	None
2016-11-11 17:54:55.702738	Trial	end	343
2016-11-11 17:55:02.053930	Trial	start	344
2016-11-11 17:55:02.057368	Speaker	play	None
2016-11-11 17:55:08.062425	Speaker	stop	None
2016-11-11 17:55:08.063160	Trial	end	344
2016-11-11 17:55:11.597193	Trial	start	345
2016-11-11 17:55:11.599929	Speaker	play	None
2016-11-11 17:55:12.809453	Speaker	stop	None
2016-11-11 17:55:12.810408	Trial	end	345
2016-11-11 17:55:12.811147	Trial	start	346
2016-11-11 17:55:12.813538	Speaker	play	None
2016-11-11 17:55:18.818137	Speaker	stop	None
2016-11-11 17:55:18.819364	Trial	end	346
2016-11-11 17:55:23.900712	Trial	start	347
2016-11-11 17:55:23.902991	Speaker	play	None
2016-11-11 17:55:29.909495	Speaker	stop	None
2016-11-11 17:55:29.911443	Trial	end	347
2016-11-11 17:55:36.159348	Trial	start	348
2016-11-11 17:55:36.161601	Speaker	play	None
2016-11-11 17:55:42.168360	Speaker	stop	None
2016-11-11 17:55:42.169916	Trial	end	348
2016-11-11 17:55:48.647468	Trial	start	349
2016-11-11 17:55:48.650196	Speaker	play	None
2016-11-11 17:55:49.692197	Speaker	stop	None
2016-11-11 17:55:49.693955	Trial	end	349
2016-11-11 17:55:49.694849	Trial	start	350
2016-11-11 17:55:49.697171	Speaker	play	None
2016-11-11 17:55:49.900734	Speaker	stop	None
2016-11-11 17:55:49.901451	Trial	end	350
2016-11-11 17:55:49.902100	Trial	start	351
2016-11-11 17:55:49.906057	Speaker	play	None
2016-11-11 17:55:55.909206	Speaker	stop	None
2016-11-11 17:55:55.909856	Trial	end	351
2016-11-11 17:56:09.867454	Trial	start	352
2016-11-11 17:56:09.870125	Speaker	play	None
2016-11-11 17:56:10.703139	Speaker	stop	None
2016-11-11 17:56:10.703801	Trial	end	352
2016-11-11 17:56:10.704675	Trial	start	353
2016-11-11 17:56:10.708642	Speaker	play	None
2016-11-11 17:56:16.711902	Speaker	stop	None
2016-11-11 17:56:16.712900	Trial	end	353
2016-11-11 17:56:22.990441	Trial	start	354
2016-11-11 17:56:22.992588	Speaker	play	None
2016-11-11 17:56:28.998884	Speaker	stop	None
2016-11-11 17:56:29.000014	Hopper	up	None
2016-11-11 17:56:41.003542	Hopper	down	None
2016-11-11 17:56:41.306606	Trial	end	354
2016-11-11 18:34:31.884959	Trial	start	355
2016-11-11 18:34:31.888611	Speaker	play	None
2016-11-11 18:34:37.893490	Speaker	stop	None
2016-11-11 18:34:37.894723	Hopper	up	None
2016-11-11 18:34:49.898145	Hopper	down	None
2016-11-11 18:34:50.201280	Trial	end	355
2016-11-11 18:36:12.452584	Trial	start	356
2016-11-11 18:36:12.455081	Speaker	play	None
2016-11-11 18:36:18.461177	Speaker	stop	None
2016-11-11 18:36:18.461839	Trial	end	356
2016-11-11 18:36:22.159505	Trial	start	357
2016-11-11 18:36:22.161813	Speaker	play	None
2016-11-11 18:36:28.168100	Speaker	stop	None
2016-11-11 18:36:28.168715	Trial	end	357
2016-11-11 18:36:29.421371	Trial	start	358
2016-11-11 18:36:29.423958	Speaker	play	None
2016-11-11 18:36:35.430026	Speaker	stop	None
2016-11-11 18:36:35.431877	Trial	end	358
2016-11-11 18:36:37.686629	Trial	start	359
2016-11-11 18:36:37.688867	Speaker	play	None
2016-11-11 18:36:43.695129	Speaker	stop	None
2016-11-11 18:36:43.695870	Hopper	up	None
2016-11-11 18:36:55.699825	Hopper	down	None
2016-11-11 18:36:56.002940	Trial	end	359
2016-11-11 18:38:30.136224	Trial	start	360
2016-11-11 18:38:30.138710	Speaker	play	None
2016-11-11 18:38:36.144707	Speaker	stop	None
2016-11-11 18:38:36.145390	Trial	end	360
2016-11-11 18:38:40.883467	Trial	start	361
2016-11-11 18:38:40.887007	Speaker	play	None
2016-11-11 18:38:46.892176	Speaker	stop	None
2016-11-11 18:38:46.894070	Trial	end	361
2016-11-11 18:38:50.180892	Trial	start	362
2016-11-11 18:38:50.183605	Speaker	play	None
2016-11-11 18:38:56.189508	Speaker	stop	None
2016-11-11 18:38:56.190116	Trial	end	362
2016-11-11 18:39:01.817037	Trial	start	363
2016-11-11 18:39:01.822080	Speaker	play	None
2016-11-11 18:39:07.825615	Speaker	stop	None
2016-11-11 18:39:07.826662	Trial	end	363
2016-11-11 18:39:10.254261	Trial	start	364
2016-11-11 18:39:10.257482	Speaker	play	None
2016-11-11 18:39:16.263037	Speaker	stop	None
2016-11-11 18:39:16.264136	Trial	end	364
2016-11-11 18:39:20.055453	Trial	start	365
2016-11-11 18:39:20.057922	Speaker	play	None
2016-11-11 18:39:26.064013	Speaker	stop	None
2016-11-11 18:39:26.064583	Trial	end	365
2016-11-11 18:39:42.328338	Trial	start	366
2016-11-11 18:39:42.330497	Speaker	play	None
2016-11-11 18:39:48.337057	Speaker	stop	None
2016-11-11 18:39:48.338853	Hopper	up	None
2016-11-11 18:40:00.341477	Hopper	down	None
2016-11-11 18:40:00.644555	Trial	end	366
2016-11-11 18:46:38.270306	PeckPort	off	None
2016-11-11 18:46:38.270597	HouseLight	on	None
2016-11-11 18:46:38.270851	Hopper	down	None
