2016-10-28 11:03:02.217051	PeckPort	off	None
2016-10-28 11:03:02.217555	HouseLight	on	None
2016-10-28 11:03:02.222877	Hopper	down	None
2016-10-28 11:03:02.529629	Hopper	down	None
2016-10-28 11:03:02.836202	HouseLight	on	None
2016-10-28 11:03:02.836776	PeckPort	on	None
2016-10-28 12:56:24.053562	Trial	start	1
2016-10-28 12:56:24.062216	Speaker	play	None
2016-10-28 12:56:30.070077	Speaker	stop	None
2016-10-28 12:56:30.071900	Trial	end	1
2016-10-28 12:56:36.167758	Trial	start	2
2016-10-28 12:56:36.171765	Speaker	play	None
2016-10-28 12:56:42.175510	Speaker	stop	None
2016-10-28 12:56:42.177209	Trial	end	2
2016-10-28 12:56:47.764573	Trial	start	3
2016-10-28 12:56:47.767369	Speaker	play	None
2016-10-28 12:56:53.773073	Speaker	stop	None
2016-10-28 12:56:53.777529	Hopper	up	None
2016-10-28 12:57:05.783607	Hopper	down	None
2016-10-28 12:57:06.090530	Trial	end	3
2016-10-28 12:59:03.520577	Trial	start	4
2016-10-28 12:59:03.522839	Speaker	play	None
2016-10-28 12:59:09.526762	Speaker	stop	None
2016-10-28 12:59:09.527654	Trial	end	4
2016-10-28 12:59:16.265564	Trial	start	5
2016-10-28 12:59:16.269271	Speaker	play	None
2016-10-28 12:59:22.276734	Speaker	stop	None
2016-10-28 12:59:22.278848	Hopper	up	None
2016-10-28 12:59:34.283602	Hopper	down	None
2016-10-28 12:59:34.590410	Trial	end	5
2016-10-28 13:01:59.486906	Trial	start	6
2016-10-28 13:01:59.489808	Speaker	play	None
2016-10-28 13:02:05.496538	Speaker	stop	None
2016-10-28 13:02:05.498057	Trial	end	6
2016-10-28 13:02:13.975830	Trial	start	7
2016-10-28 13:02:13.979020	Speaker	play	None
2016-10-28 13:02:19.986216	Speaker	stop	None
2016-10-28 13:02:19.987481	Trial	end	7
2016-10-28 13:02:26.559000	Trial	start	8
2016-10-28 13:02:26.562467	Speaker	play	None
2016-10-28 13:02:27.894360	Speaker	stop	None
2016-10-28 13:02:27.895704	Trial	end	8
2016-10-28 13:02:27.899446	Trial	start	9
2016-10-28 13:02:27.903684	Speaker	play	None
2016-10-28 13:02:28.344891	Speaker	stop	None
2016-10-28 13:02:28.345682	Trial	end	9
2016-10-28 13:02:28.349084	Trial	start	10
2016-10-28 13:02:28.352083	Speaker	play	None
2016-10-28 13:02:34.357953	Speaker	stop	None
2016-10-28 13:02:34.359313	Trial	end	10
2016-10-28 13:02:44.511164	Trial	start	11
2016-10-28 13:02:44.516783	Speaker	play	None
2016-10-28 13:02:50.525375	Speaker	stop	None
2016-10-28 13:02:50.526858	Hopper	up	None
2016-10-28 13:03:02.532822	Hopper	down	None
2016-10-28 13:03:02.839749	Trial	end	11
2016-10-28 13:05:00.644045	Trial	start	12
2016-10-28 13:05:00.646889	Speaker	play	None
2016-10-28 13:05:01.709463	Speaker	stop	None
2016-10-28 13:05:01.710423	Trial	end	12
2016-10-28 13:05:01.713846	Trial	start	13
2016-10-28 13:05:01.716276	Speaker	play	None
2016-10-28 13:05:07.724768	Speaker	stop	None
2016-10-28 13:05:07.725953	Trial	end	13
2016-10-28 13:05:18.087181	Trial	start	14
2016-10-28 13:05:18.095202	Speaker	play	None
2016-10-28 13:05:24.101630	Speaker	stop	None
2016-10-28 13:05:24.102564	Trial	end	14
2016-10-28 13:05:37.958954	Trial	start	15
2016-10-28 13:05:37.962893	Speaker	play	None
2016-10-28 13:05:43.970161	Speaker	stop	None
2016-10-28 13:05:43.972903	Trial	end	15
2016-10-28 13:05:59.289608	Trial	start	16
2016-10-28 13:05:59.294050	Speaker	play	None
2016-10-28 13:06:05.299866	Speaker	stop	None
2016-10-28 13:06:05.300843	Trial	end	16
2016-10-28 13:06:15.089517	Trial	start	17
2016-10-28 13:06:15.093156	Speaker	play	None
2016-10-28 13:06:21.097734	Speaker	stop	None
2016-10-28 13:06:21.099738	Trial	end	17
2016-10-28 13:06:26.241105	Trial	start	18
2016-10-28 13:06:26.244916	Speaker	play	None
2016-10-28 13:06:32.251649	Speaker	stop	None
2016-10-28 13:06:32.253179	Trial	end	18
2016-10-28 13:06:40.185873	Trial	start	19
2016-10-28 13:06:40.188540	Speaker	play	None
2016-10-28 13:06:46.195149	Speaker	stop	None
2016-10-28 13:06:46.198630	Hopper	up	None
2016-10-28 13:06:58.203446	Hopper	down	None
2016-10-28 13:06:58.509814	Trial	end	19
2016-10-28 14:03:24.124541	Trial	start	20
2016-10-28 14:03:24.130857	Speaker	play	None
2016-10-28 14:03:30.137386	Speaker	stop	None
2016-10-28 14:03:30.139645	Hopper	up	None
2016-10-28 14:03:42.142111	Hopper	down	None
2016-10-28 14:03:42.445602	Trial	end	20
2016-10-28 14:05:08.244394	Trial	start	21
2016-10-28 14:05:08.247154	Speaker	play	None
2016-10-28 14:05:14.253339	Speaker	stop	None
2016-10-28 14:05:14.254210	Trial	end	21
2016-10-28 14:05:19.602668	Trial	start	22
2016-10-28 14:05:19.616170	Speaker	play	None
2016-10-28 14:05:25.619919	Speaker	stop	None
2016-10-28 14:05:25.621666	Trial	end	22
2016-10-28 14:05:29.695069	Trial	start	23
2016-10-28 14:05:29.698333	Speaker	play	None
2016-10-28 14:05:35.708230	Speaker	stop	None
2016-10-28 14:05:35.710092	Trial	end	23
2016-10-28 14:05:42.884346	Trial	start	24
2016-10-28 14:05:42.889037	Speaker	play	None
2016-10-28 14:05:48.892939	Speaker	stop	None
2016-10-28 14:05:48.894143	Trial	end	24
2016-10-28 14:05:49.290090	Trial	start	25
2016-10-28 14:05:49.292591	Speaker	play	None
2016-10-28 14:05:51.461568	Speaker	stop	None
2016-10-28 14:05:51.464008	Trial	end	25
2016-10-28 14:05:51.465410	Trial	start	26
2016-10-28 14:05:51.467948	Speaker	play	None
2016-10-28 14:05:54.209668	Speaker	stop	None
2016-10-28 14:05:54.211158	Trial	end	26
2016-10-28 14:05:54.218381	Trial	start	27
2016-10-28 14:05:54.222190	Speaker	play	None
2016-10-28 14:05:55.155780	Speaker	stop	None
2016-10-28 14:05:55.158136	Trial	end	27
2016-10-28 14:05:55.161544	Trial	start	28
2016-10-28 14:05:55.164887	Speaker	play	None
2016-10-28 14:06:01.168334	Speaker	stop	None
2016-10-28 14:06:01.169627	Trial	end	28
2016-10-28 14:06:09.347916	Trial	start	29
2016-10-28 14:06:09.350582	Speaker	play	None
2016-10-28 14:06:15.357533	Speaker	stop	None
2016-10-28 14:06:15.359724	Trial	end	29
2016-10-28 14:06:19.862222	Trial	start	30
2016-10-28 14:06:19.865521	Speaker	play	None
2016-10-28 14:06:20.697592	Speaker	stop	None
2016-10-28 14:06:20.699023	Trial	end	30
2016-10-28 14:06:20.701997	Trial	start	31
2016-10-28 14:06:20.704449	Speaker	play	None
2016-10-28 14:06:26.710668	Speaker	stop	None
2016-10-28 14:06:26.712547	Hopper	up	None
2016-10-28 14:06:38.715540	Hopper	down	None
2016-10-28 14:06:39.018439	Trial	end	31
2016-10-28 14:07:27.748001	Trial	start	32
2016-10-28 14:07:27.751325	Speaker	play	None
2016-10-28 14:07:33.764727	Speaker	stop	None
2016-10-28 14:07:33.767908	Trial	end	32
2016-10-28 14:07:38.302644	Trial	start	33
2016-10-28 14:07:38.306908	Speaker	play	None
2016-10-28 14:07:44.311504	Speaker	stop	None
2016-10-28 14:07:44.312573	Trial	end	33
2016-10-28 14:07:48.657151	Trial	start	34
2016-10-28 14:07:48.664576	Speaker	play	None
2016-10-28 14:07:48.706258	Speaker	stop	None
2016-10-28 14:07:48.708864	Trial	end	34
2016-10-28 14:07:48.718093	Trial	start	35
2016-10-28 14:07:48.721316	Speaker	play	None
2016-10-28 14:07:54.727236	Speaker	stop	None
2016-10-28 14:07:54.728346	Trial	end	35
2016-10-28 14:08:03.746482	Trial	start	36
2016-10-28 14:08:03.748920	Speaker	play	None
2016-10-28 14:08:09.755442	Speaker	stop	None
2016-10-28 14:08:09.758347	Hopper	up	None
2016-10-28 14:08:21.760113	Hopper	down	None
2016-10-28 14:08:22.062732	Trial	end	36
2016-10-28 14:08:58.102429	Trial	start	37
2016-10-28 14:08:58.104620	Speaker	play	None
2016-10-28 14:09:04.111255	Speaker	stop	None
2016-10-28 14:09:04.112306	Trial	end	37
2016-10-28 14:09:12.204746	Trial	start	38
2016-10-28 14:09:12.214358	Speaker	play	None
2016-10-28 14:09:18.221524	Speaker	stop	None
2016-10-28 14:09:18.222568	Trial	end	38
2016-10-28 14:09:21.289000	Trial	start	39
2016-10-28 14:09:21.291230	Speaker	play	None
2016-10-28 14:09:27.297793	Speaker	stop	None
2016-10-28 14:09:27.299022	Trial	end	39
2016-10-28 14:09:29.361874	Trial	start	40
2016-10-28 14:09:29.364045	Speaker	play	None
2016-10-28 14:09:35.370927	Speaker	stop	None
2016-10-28 14:09:35.372251	Trial	end	40
2016-10-28 14:09:43.828994	Trial	start	41
2016-10-28 14:09:43.832452	Speaker	play	None
2016-10-28 14:09:43.886342	Speaker	stop	None
2016-10-28 14:09:43.887508	Trial	end	41
2016-10-28 14:09:43.896674	Trial	start	42
2016-10-28 14:09:43.900428	Speaker	play	None
2016-10-28 14:09:49.907176	Speaker	stop	None
2016-10-28 14:09:49.908166	Trial	end	42
2016-10-28 14:10:00.724000	Trial	start	43
2016-10-28 14:10:00.727481	Speaker	play	None
2016-10-28 14:10:00.957776	Speaker	stop	None
2016-10-28 14:10:00.959087	Trial	end	43
2016-10-28 14:10:00.965102	Trial	start	44
2016-10-28 14:10:00.969229	Speaker	play	None
2016-10-28 14:10:06.974727	Speaker	stop	None
2016-10-28 14:10:06.976442	Hopper	up	None
2016-10-28 14:10:18.980627	Hopper	down	None
2016-10-28 14:10:19.286396	Trial	end	44
2016-10-28 14:11:18.958425	Trial	start	45
2016-10-28 14:11:18.960671	Speaker	play	None
2016-10-28 14:11:24.967215	Speaker	stop	None
2016-10-28 14:11:24.968391	Hopper	up	None
2016-10-28 14:11:36.972164	Hopper	down	None
2016-10-28 14:11:37.275390	Trial	end	45
2016-10-28 14:12:02.440020	Trial	start	46
2016-10-28 14:12:02.443331	Speaker	play	None
2016-10-28 14:12:08.448425	Speaker	stop	None
2016-10-28 14:12:08.449830	Hopper	up	None
2016-10-28 14:12:20.454300	Hopper	down	None
2016-10-28 14:12:20.760298	Trial	end	46
2016-10-28 14:13:27.890752	Trial	start	47
2016-10-28 14:13:27.896450	Speaker	play	None
2016-10-28 14:13:27.952921	Speaker	stop	None
2016-10-28 14:13:27.954254	Trial	end	47
2016-10-28 14:13:27.956184	Trial	start	48
2016-10-28 14:13:27.958753	Speaker	play	None
2016-10-28 14:13:33.965264	Speaker	stop	None
2016-10-28 14:13:33.967523	Trial	end	48
2016-10-28 14:13:38.851186	Trial	start	49
2016-10-28 14:13:38.855674	Speaker	play	None
2016-10-28 14:13:39.114669	Speaker	stop	None
2016-10-28 14:13:39.116285	Trial	end	49
2016-10-28 14:13:39.120057	Trial	start	50
2016-10-28 14:13:39.122795	Speaker	play	None
2016-10-28 14:13:39.171692	Speaker	stop	None
2016-10-28 14:13:39.173257	Trial	end	50
2016-10-28 14:13:39.175637	Trial	start	51
2016-10-28 14:13:39.179670	Speaker	play	None
2016-10-28 14:13:45.183412	Speaker	stop	None
2016-10-28 14:13:45.184743	Hopper	up	None
2016-10-28 14:13:57.188618	Hopper	down	None
2016-10-28 14:13:57.495283	Trial	end	51
2016-10-28 14:14:30.446811	Trial	start	52
2016-10-28 14:14:30.451202	Speaker	play	None
2016-10-28 14:14:36.459039	Speaker	stop	None
2016-10-28 14:14:36.460154	Trial	end	52
2016-10-28 14:14:41.045990	Trial	start	53
2016-10-28 14:14:41.048032	Speaker	play	None
2016-10-28 14:14:47.054880	Speaker	stop	None
2016-10-28 14:14:47.056250	Trial	end	53
2016-10-28 14:14:51.814374	Trial	start	54
2016-10-28 14:14:51.817695	Speaker	play	None
2016-10-28 14:14:52.154110	Speaker	stop	None
2016-10-28 14:14:52.154973	Trial	end	54
2016-10-28 14:14:52.156690	Trial	start	55
2016-10-28 14:14:52.160296	Speaker	play	None
2016-10-28 14:14:52.212276	Speaker	stop	None
2016-10-28 14:14:52.214579	Trial	end	55
2016-10-28 14:14:52.216292	Trial	start	56
2016-10-28 14:14:52.219468	Speaker	play	None
2016-10-28 14:14:58.223987	Speaker	stop	None
2016-10-28 14:14:58.226123	Hopper	up	None
2016-10-28 14:15:10.229044	Hopper	down	None
2016-10-28 14:15:10.531685	Trial	end	56
2016-10-28 14:15:54.504478	Trial	start	57
2016-10-28 14:15:54.507904	Speaker	play	None
2016-10-28 14:16:00.517204	Speaker	stop	None
2016-10-28 14:16:00.518127	Trial	end	57
2016-10-28 14:16:05.399272	Trial	start	58
2016-10-28 14:16:05.404703	Speaker	play	None
2016-10-28 14:16:05.456657	Speaker	stop	None
2016-10-28 14:16:05.457574	Trial	end	58
2016-10-28 14:16:05.461807	Trial	start	59
2016-10-28 14:16:05.469285	Speaker	play	None
2016-10-28 14:16:11.477474	Speaker	stop	None
2016-10-28 14:16:11.478443	Trial	end	59
2016-10-28 14:16:16.654542	Trial	start	60
2016-10-28 14:16:16.659984	Speaker	play	None
2016-10-28 14:16:22.668255	Speaker	stop	None
2016-10-28 14:16:22.670898	Trial	end	60
2016-10-28 14:16:31.399750	Trial	start	61
2016-10-28 14:16:31.403234	Speaker	play	None
2016-10-28 14:16:37.409316	Speaker	stop	None
2016-10-28 14:16:37.410878	Trial	end	61
2016-10-28 14:16:44.305183	Trial	start	62
2016-10-28 14:16:44.316073	Speaker	play	None
2016-10-28 14:16:50.322433	Speaker	stop	None
2016-10-28 14:16:50.324074	Hopper	up	None
2016-10-28 14:17:02.327623	Hopper	down	None
2016-10-28 14:17:02.634071	Trial	end	62
2016-10-28 14:17:36.887255	Trial	start	63
2016-10-28 14:17:36.889968	Speaker	play	None
2016-10-28 14:17:42.895887	Speaker	stop	None
2016-10-28 14:17:42.897895	Hopper	up	None
2016-10-28 14:17:54.900854	Hopper	down	None
2016-10-28 14:17:55.207570	Trial	end	63
2016-10-28 14:18:26.930227	Trial	start	64
2016-10-28 14:18:26.932916	Speaker	play	None
2016-10-28 14:18:32.939901	Speaker	stop	None
2016-10-28 14:18:32.942622	Hopper	up	None
2016-10-28 14:18:44.944815	Hopper	down	None
2016-10-28 14:18:45.247621	Trial	end	64
2016-10-28 14:19:30.607663	Trial	start	65
2016-10-28 14:19:30.610958	Speaker	play	None
2016-10-28 14:19:36.616219	Speaker	stop	None
2016-10-28 14:19:36.617189	Trial	end	65
2016-10-28 14:19:44.357972	Trial	start	66
2016-10-28 14:19:44.361106	Speaker	play	None
2016-10-28 14:19:50.366732	Speaker	stop	None
2016-10-28 14:19:50.367556	Trial	end	66
2016-10-28 14:19:55.232564	Trial	start	67
2016-10-28 14:19:55.235432	Speaker	play	None
2016-10-28 14:20:01.241501	Speaker	stop	None
2016-10-28 14:20:01.242405	Trial	end	67
2016-10-28 14:20:02.617691	Trial	start	68
2016-10-28 14:20:02.621216	Speaker	play	None
2016-10-28 14:20:08.626803	Speaker	stop	None
2016-10-28 14:20:08.628030	Trial	end	68
2016-10-28 14:20:14.242443	Trial	start	69
2016-10-28 14:20:14.250395	Speaker	play	None
2016-10-28 14:20:15.434391	Speaker	stop	None
2016-10-28 14:20:15.435378	Trial	end	69
2016-10-28 14:20:15.438809	Trial	start	70
2016-10-28 14:20:15.442717	Speaker	play	None
2016-10-28 14:20:16.279037	Speaker	stop	None
2016-10-28 14:20:16.281423	Trial	end	70
2016-10-28 14:20:16.285378	Trial	start	71
2016-10-28 14:20:16.287700	Speaker	play	None
2016-10-28 14:20:16.335351	Speaker	stop	None
2016-10-28 14:20:16.336364	Trial	end	71
2016-10-28 14:20:16.338048	Trial	start	72
2016-10-28 14:20:16.340794	Speaker	play	None
2016-10-28 14:20:22.345088	Speaker	stop	None
2016-10-28 14:20:22.351365	Hopper	up	None
2016-10-28 14:20:34.358312	Hopper	down	None
2016-10-28 14:20:34.664678	Trial	end	72
2016-10-28 14:22:15.757854	Trial	start	73
2016-10-28 14:22:15.761060	Speaker	play	None
2016-10-28 14:22:21.766736	Speaker	stop	None
2016-10-28 14:22:21.767768	Trial	end	73
2016-10-28 14:22:28.602813	Trial	start	74
2016-10-28 14:22:28.605829	Speaker	play	None
2016-10-28 14:22:34.611946	Speaker	stop	None
2016-10-28 14:22:34.613111	Trial	end	74
2016-10-28 14:22:45.929064	Trial	start	75
2016-10-28 14:22:45.932931	Speaker	play	None
2016-10-28 14:22:51.937628	Speaker	stop	None
2016-10-28 14:22:51.938690	Trial	end	75
2016-10-28 14:23:02.083284	Trial	start	76
2016-10-28 14:23:02.086720	Speaker	play	None
2016-10-28 14:23:08.096672	Speaker	stop	None
2016-10-28 14:23:08.104811	Hopper	up	None
2016-10-28 14:23:20.109898	Hopper	down	None
2016-10-28 14:23:20.416705	Trial	end	76
2016-10-28 14:23:56.129680	Trial	start	77
2016-10-28 14:23:56.134651	Speaker	play	None
2016-10-28 14:23:57.051221	Speaker	stop	None
2016-10-28 14:23:57.052286	Trial	end	77
2016-10-28 14:23:57.055832	Trial	start	78
2016-10-28 14:23:57.058715	Speaker	play	None
2016-10-28 14:24:03.063959	Speaker	stop	None
2016-10-28 14:24:03.065118	Trial	end	78
2016-10-28 14:24:08.888507	Trial	start	79
2016-10-28 14:24:08.892792	Speaker	play	None
2016-10-28 14:24:14.901216	Speaker	stop	None
2016-10-28 14:24:14.902460	Trial	end	79
2016-10-28 14:24:28.741534	Trial	start	80
2016-10-28 14:24:28.745091	Speaker	play	None
2016-10-28 14:24:34.750216	Speaker	stop	None
2016-10-28 14:24:34.751729	Trial	end	80
2016-10-28 14:24:48.110792	Trial	start	81
2016-10-28 14:24:48.114083	Speaker	play	None
2016-10-28 14:24:54.119894	Speaker	stop	None
2016-10-28 14:24:54.121155	Trial	end	81
2016-10-28 14:25:05.616921	Trial	start	82
2016-10-28 14:25:05.627000	Speaker	play	None
2016-10-28 14:25:11.634107	Speaker	stop	None
2016-10-28 14:25:11.635772	Trial	end	82
2016-10-28 14:25:52.253007	Trial	start	83
2016-10-28 14:25:52.256486	Speaker	play	None
2016-10-28 14:25:58.262529	Speaker	stop	None
2016-10-28 14:25:58.263975	Hopper	up	None
2016-10-28 14:26:10.267879	Hopper	down	None
2016-10-28 14:26:10.573946	Trial	end	83
2016-10-28 14:27:18.443286	Trial	start	84
2016-10-28 14:27:18.446074	Speaker	play	None
2016-10-28 14:27:18.501456	Speaker	stop	None
2016-10-28 14:27:18.503921	Trial	end	84
2016-10-28 14:27:18.509240	Trial	start	85
2016-10-28 14:27:18.511335	Speaker	play	None
2016-10-28 14:27:24.517670	Speaker	stop	None
2016-10-28 14:27:24.519312	Hopper	up	None
2016-10-28 14:27:36.522775	Hopper	down	None
2016-10-28 14:27:36.829886	Trial	end	85
2016-10-28 14:28:34.348361	Trial	start	86
2016-10-28 14:28:34.351124	Speaker	play	None
2016-10-28 14:28:40.357294	Speaker	stop	None
2016-10-28 14:28:40.358728	Hopper	up	None
2016-10-28 14:28:52.370950	Hopper	down	None
2016-10-28 14:28:52.680468	Trial	end	86
2016-10-28 14:29:36.004138	Trial	start	87
2016-10-28 14:29:36.008770	Speaker	play	None
2016-10-28 14:29:42.017011	Speaker	stop	None
2016-10-28 14:29:42.018319	Trial	end	87
2016-10-28 14:29:47.779946	Trial	start	88
2016-10-28 14:29:47.785329	Speaker	play	None
2016-10-28 14:29:53.793606	Speaker	stop	None
2016-10-28 14:29:53.796160	Trial	end	88
2016-10-28 14:30:06.460932	Trial	start	89
2016-10-28 14:30:06.465212	Speaker	play	None
2016-10-28 14:30:12.474121	Speaker	stop	None
2016-10-28 14:30:12.475008	Trial	end	89
2016-10-28 14:30:15.647810	Trial	start	90
2016-10-28 14:30:15.653309	Speaker	play	None
2016-10-28 14:30:21.659177	Speaker	stop	None
2016-10-28 14:30:21.662729	Trial	end	90
2016-10-28 14:30:35.758656	Trial	start	91
2016-10-28 14:30:35.764856	Speaker	play	None
2016-10-28 14:30:37.622500	Speaker	stop	None
2016-10-28 14:30:37.623414	Trial	end	91
2016-10-28 14:30:37.626771	Trial	start	92
2016-10-28 14:30:37.629792	Speaker	play	None
2016-10-28 14:30:43.634965	Speaker	stop	None
2016-10-28 14:30:43.635795	Trial	end	92
2016-10-28 14:31:21.112433	Trial	start	93
2016-10-28 14:31:21.116551	Speaker	play	None
2016-10-28 14:31:22.443491	Speaker	stop	None
2016-10-28 14:31:22.444429	Trial	end	93
2016-10-28 14:31:22.446100	Trial	start	94
2016-10-28 14:31:22.448816	Speaker	play	None
2016-10-28 14:31:28.456589	Speaker	stop	None
2016-10-28 14:31:28.458294	Trial	end	94
2016-10-28 14:32:05.020122	Trial	start	95
2016-10-28 14:32:05.024391	Speaker	play	None
2016-10-28 14:32:11.028786	Speaker	stop	None
2016-10-28 14:32:11.029775	Trial	end	95
2016-10-28 14:32:40.031915	Trial	start	96
2016-10-28 14:32:40.039608	Speaker	play	None
2016-10-28 14:32:40.850993	Speaker	stop	None
2016-10-28 14:32:40.852355	Trial	end	96
2016-10-28 14:32:40.855754	Trial	start	97
2016-10-28 14:32:40.858007	Speaker	play	None
2016-10-28 14:32:46.863430	Speaker	stop	None
2016-10-28 14:32:46.864518	Trial	end	97
2016-10-28 14:32:56.537781	Trial	start	98
2016-10-28 14:32:56.541049	Speaker	play	None
2016-10-28 14:33:02.546848	Speaker	stop	None
2016-10-28 14:33:02.548129	Trial	end	98
2016-10-28 14:33:33.122481	Trial	start	99
2016-10-28 14:33:33.127085	Speaker	play	None
2016-10-28 14:33:33.994529	Speaker	stop	None
2016-10-28 14:33:33.995524	Trial	end	99
2016-10-28 14:33:33.998700	Trial	start	100
2016-10-28 14:33:34.002029	Speaker	play	None
2016-10-28 14:33:40.011927	Speaker	stop	None
2016-10-28 14:33:40.016284	Hopper	up	None
2016-10-28 14:33:52.020708	Hopper	down	None
2016-10-28 14:33:52.327286	Trial	end	100
2016-10-28 14:34:33.875763	Trial	start	101
2016-10-28 14:34:33.878645	Speaker	play	None
2016-10-28 14:34:39.884667	Speaker	stop	None
2016-10-28 14:34:39.887517	Hopper	up	None
2016-10-28 14:34:51.889414	Hopper	down	None
2016-10-28 14:34:52.192573	Trial	end	101
2016-10-28 14:36:21.617224	Trial	start	102
2016-10-28 14:36:21.619594	Speaker	play	None
2016-10-28 14:36:21.968615	Speaker	stop	None
2016-10-28 14:36:21.970094	Trial	end	102
2016-10-28 14:36:21.971940	Trial	start	103
2016-10-28 14:36:21.974038	Speaker	play	None
2016-10-28 14:36:27.978380	Speaker	stop	None
2016-10-28 14:36:27.979258	Trial	end	103
2016-10-28 15:04:46.013025	Trial	start	104
2016-10-28 15:04:46.017042	Speaker	play	None
2016-10-28 15:04:52.022739	Speaker	stop	None
2016-10-28 15:04:52.024627	Trial	end	104
2016-10-28 15:07:45.634621	Trial	start	105
2016-10-28 15:07:45.637123	Speaker	play	None
2016-10-28 15:07:51.642998	Speaker	stop	None
2016-10-28 15:07:51.643972	Trial	end	105
2016-10-28 15:08:21.193558	Trial	start	106
2016-10-28 15:08:21.197264	Speaker	play	None
2016-10-28 15:08:21.849388	Speaker	stop	None
2016-10-28 15:08:21.851528	Trial	end	106
2016-10-28 15:08:21.855288	Trial	start	107
2016-10-28 15:08:21.860549	Speaker	play	None
2016-10-28 15:08:27.865886	Speaker	stop	None
2016-10-28 15:08:27.866936	Trial	end	107
2016-10-28 15:09:06.279297	Trial	start	108
2016-10-28 15:09:06.282868	Speaker	play	None
2016-10-28 15:09:06.844853	Speaker	stop	None
2016-10-28 15:09:06.845890	Trial	end	108
2016-10-28 15:09:06.849724	Trial	start	109
2016-10-28 15:09:06.853667	Speaker	play	None
2016-10-28 15:09:12.858248	Speaker	stop	None
2016-10-28 15:09:12.860702	Trial	end	109
2016-10-28 15:09:44.656510	Trial	start	110
2016-10-28 15:09:44.661044	Speaker	play	None
2016-10-28 15:09:45.160460	Speaker	stop	None
2016-10-28 15:09:45.161712	Trial	end	110
2016-10-28 15:09:45.165118	Trial	start	111
2016-10-28 15:09:45.179966	Speaker	play	None
2016-10-28 15:09:51.185876	Speaker	stop	None
2016-10-28 15:09:51.187602	Trial	end	111
2016-10-28 15:10:28.399389	Trial	start	112
2016-10-28 15:10:28.404506	Speaker	play	None
2016-10-28 15:10:34.408469	Speaker	stop	None
2016-10-28 15:10:34.411134	Trial	end	112
2016-10-28 15:10:54.046425	Trial	start	113
2016-10-28 15:10:54.050824	Speaker	play	None
2016-10-28 15:11:00.057331	Speaker	stop	None
2016-10-28 15:11:00.058986	Hopper	up	None
2016-10-28 15:11:00.161668	Hopper	down	None
2016-10-28 15:11:00.464367	Trial	end	113
2016-10-28 15:11:00.468398	Trial	start	114
2016-10-28 15:11:00.472136	Speaker	play	None
2016-10-28 15:11:06.477515	Speaker	stop	None
2016-10-28 15:11:06.479376	Hopper	up	None
2016-10-28 15:11:18.482196	Hopper	down	None
2016-10-28 15:11:18.788694	Trial	end	114
2016-10-28 15:11:53.467496	Trial	start	115
2016-10-28 15:11:53.471656	Speaker	play	None
2016-10-28 15:11:59.476874	Speaker	stop	None
2016-10-28 15:11:59.478849	Hopper	up	None
2016-10-28 15:12:11.480748	Hopper	down	None
2016-10-28 15:12:11.784623	Trial	end	115
2016-10-28 15:12:32.135426	Trial	start	116
2016-10-28 15:12:32.139654	Speaker	play	None
2016-10-28 15:12:38.144607	Speaker	stop	None
2016-10-28 15:12:38.146385	Trial	end	116
2016-10-28 15:13:28.664982	Trial	start	117
2016-10-28 15:13:28.671290	Speaker	play	None
2016-10-28 15:13:34.678155	Speaker	stop	None
2016-10-28 15:13:34.680732	Trial	end	117
2016-10-28 15:14:08.160931	Trial	start	118
2016-10-28 15:14:08.163936	Speaker	play	None
2016-10-28 15:14:14.168975	Speaker	stop	None
2016-10-28 15:14:14.170001	Trial	end	118
2016-10-28 15:14:44.031220	Trial	start	119
2016-10-28 15:14:44.035628	Speaker	play	None
2016-10-28 15:14:50.039722	Speaker	stop	None
2016-10-28 15:14:50.041472	Hopper	up	None
2016-10-28 15:15:02.044635	Hopper	down	None
2016-10-28 15:15:02.351248	Trial	end	119
2016-10-28 15:15:52.713565	Trial	start	120
2016-10-28 15:15:52.718441	Speaker	play	None
2016-10-28 15:15:58.725614	Speaker	stop	None
2016-10-28 15:15:58.726584	Trial	end	120
2016-10-28 15:16:46.752722	Trial	start	121
2016-10-28 15:16:46.757393	Speaker	play	None
2016-10-28 15:16:52.765213	Speaker	stop	None
2016-10-28 15:16:52.766611	Trial	end	121
2016-10-28 15:17:17.441886	Trial	start	122
2016-10-28 15:17:17.445703	Speaker	play	None
2016-10-28 15:17:23.451125	Speaker	stop	None
2016-10-28 15:17:23.452443	Trial	end	122
2016-10-28 15:17:41.102956	Trial	start	123
2016-10-28 15:17:41.105822	Speaker	play	None
2016-10-28 15:17:41.369438	Speaker	stop	None
2016-10-28 15:17:41.370460	Trial	end	123
2016-10-28 15:17:41.372029	Trial	start	124
2016-10-28 15:17:41.373956	Speaker	play	None
2016-10-28 15:17:47.378228	Speaker	stop	None
2016-10-28 15:17:47.379396	Trial	end	124
2016-10-28 15:18:04.784789	Trial	start	125
2016-10-28 15:18:04.787518	Speaker	play	None
2016-10-28 15:18:10.793467	Speaker	stop	None
2016-10-28 15:18:10.796104	Hopper	up	None
2016-10-28 15:18:22.798132	Hopper	down	None
2016-10-28 15:18:23.105167	Trial	end	125
2016-10-28 15:51:31.332203	Trial	start	126
2016-10-28 15:51:31.334670	Speaker	play	None
2016-10-28 15:51:37.341070	Speaker	stop	None
2016-10-28 15:51:37.343551	Trial	end	126
2016-10-28 15:51:46.573088	Trial	start	127
2016-10-28 15:51:46.577204	Speaker	play	None
2016-10-28 15:51:52.581578	Speaker	stop	None
2016-10-28 15:51:52.583898	Hopper	up	None
2016-10-28 15:52:04.586777	Hopper	down	None
2016-10-28 15:52:04.893172	Trial	end	127
2016-10-28 15:53:19.425034	Trial	start	128
2016-10-28 15:53:19.427885	Speaker	play	None
2016-10-28 15:53:25.433802	Speaker	stop	None
2016-10-28 15:53:25.435052	Trial	end	128
2016-10-28 15:53:41.546742	Trial	start	129
2016-10-28 15:53:41.549892	Speaker	play	None
2016-10-28 15:53:47.555355	Speaker	stop	None
2016-10-28 15:53:47.556509	Trial	end	129
2016-10-28 15:53:56.115358	Trial	start	130
2016-10-28 15:53:56.120422	Speaker	play	None
2016-10-28 15:54:02.127995	Speaker	stop	None
2016-10-28 15:54:02.129387	Trial	end	130
2016-10-28 15:54:10.388931	Trial	start	131
2016-10-28 15:54:10.392079	Speaker	play	None
2016-10-28 15:54:11.647103	Speaker	stop	None
2016-10-28 15:54:11.652520	Trial	end	131
2016-10-28 15:54:11.656227	Trial	start	132
2016-10-28 15:54:11.660107	Speaker	play	None
2016-10-28 15:54:17.667621	Speaker	stop	None
2016-10-28 15:54:17.670025	Trial	end	132
2016-10-28 15:54:25.973576	Trial	start	133
2016-10-28 15:54:25.977102	Speaker	play	None
2016-10-28 15:54:26.830654	Speaker	stop	None
2016-10-28 15:54:26.832852	Trial	end	133
2016-10-28 15:54:26.838571	Trial	start	134
2016-10-28 15:54:26.842990	Speaker	play	None
2016-10-28 15:54:28.685081	Speaker	stop	None
2016-10-28 15:54:28.686352	Trial	end	134
2016-10-28 15:54:28.690081	Trial	start	135
2016-10-28 15:54:28.692337	Speaker	play	None
2016-10-28 15:54:34.698448	Speaker	stop	None
2016-10-28 15:54:34.699992	Trial	end	135
2016-10-28 15:54:41.578672	Trial	start	136
2016-10-28 15:54:41.588797	Speaker	play	None
2016-10-28 15:54:47.594218	Speaker	stop	None
2016-10-28 15:54:47.595426	Trial	end	136
2016-10-28 15:54:59.755726	Trial	start	137
2016-10-28 15:54:59.762554	Speaker	play	None
2016-10-28 15:55:05.768885	Speaker	stop	None
2016-10-28 15:55:05.769988	Trial	end	137
2016-10-28 15:55:13.935547	Trial	start	138
2016-10-28 15:55:13.938662	Speaker	play	None
2016-10-28 15:55:19.944198	Speaker	stop	None
2016-10-28 15:55:19.945627	Trial	end	138
2016-10-28 15:55:31.633604	Trial	start	139
2016-10-28 15:55:31.640399	Speaker	play	None
2016-10-28 15:55:32.014837	Speaker	stop	None
2016-10-28 15:55:32.015935	Trial	end	139
2016-10-28 15:55:32.019610	Trial	start	140
2016-10-28 15:55:32.031846	Speaker	play	None
2016-10-28 15:55:38.040348	Speaker	stop	None
2016-10-28 15:55:38.044445	Hopper	up	None
2016-10-28 15:55:50.048437	Hopper	down	None
2016-10-28 15:55:50.355698	Trial	end	140
2016-10-28 15:56:54.725228	Trial	start	141
2016-10-28 15:56:54.727619	Speaker	play	None
2016-10-28 15:57:00.734186	Speaker	stop	None
2016-10-28 15:57:00.738505	Trial	end	141
2016-10-28 15:57:08.282780	Trial	start	142
2016-10-28 15:57:08.287940	Speaker	play	None
2016-10-28 15:57:14.295846	Speaker	stop	None
2016-10-28 15:57:14.298020	Trial	end	142
2016-10-28 15:57:26.092406	Trial	start	143
2016-10-28 15:57:26.097780	Speaker	play	None
2016-10-28 15:57:32.103770	Speaker	stop	None
2016-10-28 15:57:32.105271	Hopper	up	None
2016-10-28 15:57:44.108799	Hopper	down	None
2016-10-28 15:57:44.415527	Trial	end	143
2016-10-28 15:59:11.607232	Trial	start	144
2016-10-28 15:59:11.610247	Speaker	play	None
2016-10-28 15:59:17.615868	Speaker	stop	None
2016-10-28 15:59:17.616637	Trial	end	144
2016-10-28 15:59:22.674283	Trial	start	145
2016-10-28 15:59:22.678119	Speaker	play	None
2016-10-28 15:59:28.683352	Speaker	stop	None
2016-10-28 15:59:28.684719	Trial	end	145
2016-10-28 15:59:37.468352	Trial	start	146
2016-10-28 15:59:37.471631	Speaker	play	None
2016-10-28 15:59:43.481949	Speaker	stop	None
2016-10-28 15:59:43.483158	Trial	end	146
2016-10-28 15:59:53.613788	Trial	start	147
2016-10-28 15:59:53.616866	Speaker	play	None
2016-10-28 15:59:59.622992	Speaker	stop	None
2016-10-28 15:59:59.624739	Trial	end	147
2016-10-28 16:00:09.435906	Trial	start	148
2016-10-28 16:00:09.438703	Speaker	play	None
2016-10-28 16:00:15.444806	Speaker	stop	None
2016-10-28 16:00:15.446110	Trial	end	148
2016-10-28 16:00:22.341774	Trial	start	149
2016-10-28 16:00:22.344232	Speaker	play	None
2016-10-28 16:00:28.350564	Speaker	stop	None
2016-10-28 16:00:28.351556	Trial	end	149
2016-10-28 16:00:33.445979	Trial	start	150
2016-10-28 16:00:33.449683	Speaker	play	None
2016-10-28 16:00:34.555592	Speaker	stop	None
2016-10-28 16:00:34.556595	Trial	end	150
2016-10-28 16:00:34.558633	Trial	start	151
2016-10-28 16:00:34.562106	Speaker	play	None
2016-10-28 16:00:34.609143	Speaker	stop	None
2016-10-28 16:00:34.610373	Trial	end	151
2016-10-28 16:00:34.612245	Trial	start	152
2016-10-28 16:00:34.616018	Speaker	play	None
2016-10-28 16:00:40.621714	Speaker	stop	None
2016-10-28 16:00:40.622721	Trial	end	152
2016-10-28 16:00:58.072710	Trial	start	153
2016-10-28 16:00:58.076144	Speaker	play	None
2016-10-28 16:01:04.086172	Speaker	stop	None
2016-10-28 16:01:04.087906	Hopper	up	None
2016-10-28 16:01:16.094539	Hopper	down	None
2016-10-28 16:01:16.400331	Trial	end	153
2016-10-28 16:49:55.313417	Trial	start	154
2016-10-28 16:49:55.316786	Speaker	play	None
2016-10-28 16:50:01.321785	Speaker	stop	None
2016-10-28 16:50:01.322734	Trial	end	154
2016-10-28 16:50:41.672343	Trial	start	155
2016-10-28 16:50:41.675591	Speaker	play	None
2016-10-28 16:50:42.651506	Speaker	stop	None
2016-10-28 16:50:42.652789	Trial	end	155
2016-10-28 16:50:42.665367	Trial	start	156
2016-10-28 16:50:42.669447	Speaker	play	None
2016-10-28 16:50:48.672744	Speaker	stop	None
2016-10-28 16:50:48.675017	Trial	end	156
2016-10-28 16:51:25.377492	Trial	start	157
2016-10-28 16:51:25.380842	Speaker	play	None
2016-10-28 16:51:31.386410	Speaker	stop	None
2016-10-28 16:51:31.387557	Trial	end	157
2016-10-28 16:51:33.360299	Trial	start	158
2016-10-28 16:51:33.362508	Speaker	play	None
2016-10-28 16:51:39.366875	Speaker	stop	None
2016-10-28 16:51:39.368146	Hopper	up	None
2016-10-28 16:51:51.370997	Hopper	down	None
2016-10-28 16:51:51.673762	Trial	end	158
2016-10-28 16:54:02.583566	Trial	start	159
2016-10-28 16:54:02.586549	Speaker	play	None
2016-10-28 16:54:08.593464	Speaker	stop	None
2016-10-28 16:54:08.596408	Trial	end	159
2016-10-28 16:55:24.164336	Trial	start	160
2016-10-28 16:55:24.168040	Speaker	play	None
2016-10-28 16:55:27.150317	Speaker	stop	None
2016-10-28 16:55:27.151133	Trial	end	160
2016-10-28 16:55:27.154383	Trial	start	161
2016-10-28 16:55:27.158337	Speaker	play	None
2016-10-28 16:55:33.163286	Speaker	stop	None
2016-10-28 16:55:33.165517	Hopper	up	None
2016-10-28 16:55:45.177005	Hopper	down	None
2016-10-28 16:55:45.480216	Trial	end	161
2016-10-28 16:57:07.088929	Trial	start	162
2016-10-28 16:57:07.094018	Speaker	play	None
2016-10-28 16:57:13.101981	Speaker	stop	None
2016-10-28 16:57:13.102955	Trial	end	162
2016-10-28 16:57:23.776043	Trial	start	163
2016-10-28 16:57:23.778356	Speaker	play	None
2016-10-28 16:57:29.785441	Speaker	stop	None
2016-10-28 16:57:29.786570	Trial	end	163
2016-10-28 16:57:53.689227	Trial	start	164
2016-10-28 16:57:53.693281	Speaker	play	None
2016-10-28 16:57:59.699248	Speaker	stop	None
2016-10-28 16:57:59.700973	Hopper	up	None
2016-10-28 16:58:11.703705	Hopper	down	None
2016-10-28 16:58:12.010536	Trial	end	164
2016-10-28 17:00:10.086099	Trial	start	165
2016-10-28 17:00:10.089178	Speaker	play	None
2016-10-28 17:00:10.847974	Speaker	stop	None
2016-10-28 17:00:10.849600	Trial	end	165
2016-10-28 17:00:10.854546	Trial	start	166
2016-10-28 17:00:10.856927	Speaker	play	None
2016-10-28 17:00:11.782290	Speaker	stop	None
2016-10-28 17:00:11.784146	Trial	end	166
2016-10-28 17:00:11.787618	Trial	start	167
2016-10-28 17:00:11.789990	Speaker	play	None
2016-10-28 17:00:17.798643	Speaker	stop	None
2016-10-28 17:00:17.800274	Hopper	up	None
2016-10-28 17:00:29.804446	Hopper	down	None
2016-10-28 17:00:30.111387	Trial	end	167
2016-10-28 17:02:52.118711	Trial	start	168
2016-10-28 17:02:52.121433	Speaker	play	None
2016-10-28 17:02:58.128045	Speaker	stop	None
2016-10-28 17:02:58.129659	Trial	end	168
2016-10-28 17:03:17.575262	Trial	start	169
2016-10-28 17:03:17.578115	Speaker	play	None
2016-10-28 17:03:23.586757	Speaker	stop	None
2016-10-28 17:03:23.587848	Trial	end	169
2016-10-28 17:03:32.923167	Trial	start	170
2016-10-28 17:03:32.926148	Speaker	play	None
2016-10-28 17:03:38.932128	Speaker	stop	None
2016-10-28 17:03:38.933157	Trial	end	170
2016-10-28 17:03:49.962158	Trial	start	171
2016-10-28 17:03:49.964922	Speaker	play	None
2016-10-28 17:03:55.971262	Speaker	stop	None
2016-10-28 17:03:55.972762	Trial	end	171
2016-10-28 17:04:02.881391	Trial	start	172
2016-10-28 17:04:02.884278	Speaker	play	None
2016-10-28 17:04:03.647875	Speaker	stop	None
2016-10-28 17:04:03.652707	Trial	end	172
2016-10-28 17:04:03.656431	Trial	start	173
2016-10-28 17:04:03.660221	Speaker	play	None
2016-10-28 17:04:09.668208	Speaker	stop	None
2016-10-28 17:04:09.672588	Trial	end	173
2016-10-28 17:04:28.226814	Trial	start	174
2016-10-28 17:04:28.229521	Speaker	play	None
2016-10-28 17:04:34.236317	Speaker	stop	None
2016-10-28 17:04:34.237895	Trial	end	174
2016-10-28 17:04:39.827008	Trial	start	175
2016-10-28 17:04:39.830749	Speaker	play	None
2016-10-28 17:04:45.836223	Speaker	stop	None
2016-10-28 17:04:45.837421	Trial	end	175
2016-10-28 17:04:50.251588	Trial	start	176
2016-10-28 17:04:50.256370	Speaker	play	None
2016-10-28 17:04:56.259935	Speaker	stop	None
2016-10-28 17:04:56.261534	Hopper	up	None
2016-10-28 17:05:08.265508	Hopper	down	None
2016-10-28 17:05:08.571994	Trial	end	176
2016-10-28 17:05:54.176602	Trial	start	177
2016-10-28 17:05:54.179098	Speaker	play	None
2016-10-28 17:06:00.186068	Speaker	stop	None
2016-10-28 17:06:00.188402	Hopper	up	None
2016-10-28 17:06:12.190883	Hopper	down	None
2016-10-28 17:06:12.498205	Trial	end	177
2016-10-28 17:07:40.801010	Trial	start	178
2016-10-28 17:07:40.807098	Speaker	play	None
2016-10-28 17:07:46.811991	Speaker	stop	None
2016-10-28 17:07:46.813108	Trial	end	178
2016-10-28 17:08:02.142745	Trial	start	179
2016-10-28 17:08:02.145792	Speaker	play	None
2016-10-28 17:08:08.160900	Speaker	stop	None
2016-10-28 17:08:08.164485	Trial	end	179
2016-10-28 17:08:17.613686	Trial	start	180
2016-10-28 17:08:17.619576	Speaker	play	None
2016-10-28 17:08:23.626399	Speaker	stop	None
2016-10-28 17:08:23.628178	Trial	end	180
2016-10-28 17:08:52.428925	Trial	start	181
2016-10-28 17:08:52.440500	Speaker	play	None
2016-10-28 17:08:53.817595	Speaker	stop	None
2016-10-28 17:08:53.818668	Trial	end	181
2016-10-28 17:08:53.820460	Trial	start	182
2016-10-28 17:08:53.823649	Speaker	play	None
2016-10-28 17:08:59.830880	Speaker	stop	None
2016-10-28 17:08:59.832606	Trial	end	182
2016-10-28 17:09:09.135600	Trial	start	183
2016-10-28 17:09:09.141351	Speaker	play	None
2016-10-28 17:09:09.991383	Speaker	stop	None
2016-10-28 17:09:09.992651	Trial	end	183
2016-10-28 17:09:09.994125	Trial	start	184
2016-10-28 17:09:09.997155	Speaker	play	None
2016-10-28 17:09:11.346931	Speaker	stop	None
2016-10-28 17:09:11.347951	Trial	end	184
2016-10-28 17:09:11.351694	Trial	start	185
2016-10-28 17:09:11.355817	Speaker	play	None
2016-10-28 17:09:13.022965	Speaker	stop	None
2016-10-28 17:09:13.024388	Trial	end	185
2016-10-28 17:09:13.030097	Trial	start	186
2016-10-28 17:09:13.032674	Speaker	play	None
2016-10-28 17:09:19.046686	Speaker	stop	None
2016-10-28 17:09:19.047724	Trial	end	186
2016-10-28 17:09:42.091794	Trial	start	187
2016-10-28 17:09:42.096150	Speaker	play	None
2016-10-28 17:09:48.103994	Speaker	stop	None
2016-10-28 17:09:48.104908	Trial	end	187
2016-10-28 17:09:55.852775	Trial	start	188
2016-10-28 17:09:55.855811	Speaker	play	None
2016-10-28 17:10:01.861041	Speaker	stop	None
2016-10-28 17:10:01.862049	Trial	end	188
2016-10-28 17:10:01.901934	Trial	start	189
2016-10-28 17:10:01.907100	Speaker	play	None
2016-10-28 17:10:07.914035	Speaker	stop	None
2016-10-28 17:10:07.914906	Trial	end	189
2016-10-28 17:10:22.612859	Trial	start	190
2016-10-28 17:10:22.615614	Speaker	play	None
2016-10-28 17:10:24.435652	Speaker	stop	None
2016-10-28 17:10:24.436956	Trial	end	190
2016-10-28 17:10:24.441113	Trial	start	191
2016-10-28 17:10:24.443723	Speaker	play	None
2016-10-28 17:10:30.447832	Speaker	stop	None
2016-10-28 17:10:30.448796	Trial	end	191
2016-10-28 17:26:14.642515	Trial	start	192
2016-10-28 17:26:14.645999	Speaker	play	None
2016-10-28 17:26:20.651140	Speaker	stop	None
2016-10-28 17:26:20.652182	Trial	end	192
2016-10-28 17:28:46.495484	Trial	start	193
2016-10-28 17:28:46.497742	Speaker	play	None
2016-10-28 17:28:52.504260	Speaker	stop	None
2016-10-28 17:28:52.505261	Trial	end	193
2016-10-28 17:29:47.520185	Trial	start	194
2016-10-28 17:29:47.524814	Speaker	play	None
2016-10-28 17:29:53.528460	Speaker	stop	None
2016-10-28 17:29:53.529209	Trial	end	194
2016-10-28 17:30:17.300599	Trial	start	195
2016-10-28 17:30:17.304253	Speaker	play	None
2016-10-28 17:30:23.309674	Speaker	stop	None
2016-10-28 17:30:23.311390	Trial	end	195
2016-10-28 17:31:02.981752	Trial	start	196
2016-10-28 17:31:02.984196	Speaker	play	None
2016-10-28 17:31:08.990936	Speaker	stop	None
2016-10-28 17:31:08.992206	Trial	end	196
2016-10-28 17:31:25.763039	Trial	start	197
2016-10-28 17:31:25.765632	Speaker	play	None
2016-10-28 17:31:31.771932	Speaker	stop	None
2016-10-28 17:31:31.773232	Trial	end	197
2016-10-28 17:31:55.924871	Trial	start	198
2016-10-28 17:31:55.929074	Speaker	play	None
2016-10-28 17:32:01.934068	Speaker	stop	None
2016-10-28 17:32:01.935283	Trial	end	198
2016-10-28 17:32:53.746393	Trial	start	199
2016-10-28 17:32:53.749726	Speaker	play	None
2016-10-28 17:32:59.755105	Speaker	stop	None
2016-10-28 17:32:59.756785	Hopper	up	None
2016-10-28 17:33:11.760146	Hopper	down	None
2016-10-28 17:33:12.067073	Trial	end	199
2016-10-28 17:33:55.032890	Trial	start	200
2016-10-28 17:33:55.036778	Speaker	play	None
2016-10-28 17:34:01.042244	Speaker	stop	None
2016-10-28 17:34:01.045666	Trial	end	200
2016-10-28 17:34:16.712256	Trial	start	201
2016-10-28 17:34:16.714753	Speaker	play	None
2016-10-28 17:34:22.720949	Speaker	stop	None
2016-10-28 17:34:22.721985	Trial	end	201
2016-10-28 17:34:40.059004	Trial	start	202
2016-10-28 17:34:40.062055	Speaker	play	None
2016-10-28 17:34:46.067480	Speaker	stop	None
2016-10-28 17:34:46.068417	Trial	end	202
2016-10-28 17:34:54.493036	Trial	start	203
2016-10-28 17:34:54.505070	Speaker	play	None
2016-10-28 17:35:00.509703	Speaker	stop	None
2016-10-28 17:35:00.511150	Hopper	up	None
2016-10-28 17:35:12.515457	Hopper	down	None
2016-10-28 17:35:12.821562	Trial	end	203
2016-10-28 17:36:10.122993	Trial	start	204
2016-10-28 17:36:10.128795	Speaker	play	None
2016-10-28 17:36:16.135775	Speaker	stop	None
2016-10-28 17:36:16.136639	Trial	end	204
2016-10-28 17:36:23.926121	Trial	start	205
2016-10-28 17:36:23.932908	Speaker	play	None
2016-10-28 17:36:29.943225	Speaker	stop	None
2016-10-28 17:36:29.944406	Trial	end	205
2016-10-28 17:36:37.860150	Trial	start	206
2016-10-28 17:36:37.863875	Speaker	play	None
2016-10-28 17:36:43.871439	Speaker	stop	None
2016-10-28 17:36:43.873451	Hopper	up	None
2016-10-28 17:36:55.878593	Hopper	down	None
2016-10-28 17:36:56.185149	Trial	end	206
2016-10-28 17:42:06.005760	Trial	start	207
2016-10-28 17:42:06.008514	Speaker	play	None
2016-10-28 17:42:12.014818	Speaker	stop	None
2016-10-28 17:42:12.018028	Trial	end	207
2016-10-28 17:55:20.614249	Trial	start	208
2016-10-28 17:55:20.619724	Speaker	play	None
2016-10-28 17:55:26.626535	Speaker	stop	None
2016-10-28 17:55:26.628539	Hopper	up	None
2016-10-28 17:55:38.631340	Hopper	down	None
2016-10-28 17:55:38.938167	Trial	end	208
2016-10-28 17:57:41.081771	Trial	start	209
2016-10-28 17:57:41.087887	Speaker	play	None
2016-10-28 17:57:47.091098	Speaker	stop	None
2016-10-28 17:57:47.092411	Trial	end	209
2016-10-28 17:58:08.851240	Trial	start	210
2016-10-28 17:58:08.856853	Speaker	play	None
2016-10-28 17:58:14.864046	Speaker	stop	None
2016-10-28 17:58:14.865427	Trial	end	210
2016-10-28 17:58:31.115426	Trial	start	211
2016-10-28 17:58:31.121609	Speaker	play	None
2016-10-28 17:58:33.249586	Speaker	stop	None
2016-10-28 17:58:33.250667	Trial	end	211
2016-10-28 17:58:33.254340	Trial	start	212
2016-10-28 17:58:33.258156	Speaker	play	None
2016-10-28 17:58:34.040259	Speaker	stop	None
2016-10-28 17:58:34.041411	Trial	end	212
2016-10-28 17:58:34.045212	Trial	start	213
2016-10-28 17:58:34.047707	Speaker	play	None
2016-10-28 17:58:40.052500	Speaker	stop	None
2016-10-28 17:58:40.053330	Trial	end	213
2016-10-28 17:58:47.506673	Trial	start	214
2016-10-28 17:58:47.509156	Speaker	play	None
2016-10-28 17:58:53.519566	Speaker	stop	None
2016-10-28 17:58:53.522421	Trial	end	214
2016-10-28 17:59:05.307060	Trial	start	215
2016-10-28 17:59:05.310841	Speaker	play	None
2016-10-28 17:59:06.118577	Speaker	stop	None
2016-10-28 17:59:06.120153	Trial	end	215
2016-10-28 17:59:06.125140	Trial	start	216
2016-10-28 17:59:06.128713	Speaker	play	None
2016-10-28 17:59:12.135679	Speaker	stop	None
2016-10-28 17:59:12.139146	Trial	end	216
2016-10-28 18:18:49.214952	PeckPort	off	None
2016-10-28 18:18:49.215653	HouseLight	on	None
2016-10-28 18:18:49.216266	Hopper	down	None
