"2017-02-25 09:38:11,136","INFO","Preparing subject and data storage"
"2017-02-25 09:38:11,136","INFO","Created subject object with name LblGra3039M"
"2017-02-25 09:38:11,136","INFO","Created datastore CSVStore: filename = /home/fet/data/LblGra3039M/250217/LblGra3039M_trialdata_20170225093811.csv, fields = session, index, time, stimulus_name, condition_name, response, correct, rt, reward, max_wait for subject LblGra3039M"
"2017-02-25 09:38:11,137","INFO","Preparing to run experiment Go No-Go Interruption"
"2017-02-25 09:38:11,441","INFO","Entering Idle state"
"2017-02-25 09:38:11,745","INFO","Beginning block #1"
"2017-02-25 09:38:19,191","INFO","Trial 1 - 09:38:19 - Unrewarded - /home/fet/stimuli/test_categories_box2/nonreward/Be_Stim_6_LblBlu6379_05_0104_0204_01.wav"
"2017-02-25 09:38:27,825","INFO","Trial 2 - 09:38:27 - Unrewarded - /home/fet/stimuli/test_categories_box2/nonreward/Ag_Stim_1_YelOra2575_042310202219.wav"
"2017-02-25 09:38:34,465","INFO","Trial 3 - 09:38:34 - Unrewarded - /home/fet/stimuli/test_categories_box2/nonreward/Ne_Stim_7_WhiLbl0010_341514072123.wav"
"2017-02-25 09:38:59,220","INFO","Trial 4 - 09:38:59 - Rewarded - /home/fet/stimuli/test_categories_box2/reward/So_Stim_6_HPiHPi4748_132013.wav"
"2017-02-25 09:38:59,271","INFO","Trial 5 - 09:38:59 - Unrewarded - /home/fet/stimuli/test_categories_box2/nonreward/Th_Stim_3_GraGra0201_391943043820.wav"
"2017-02-25 09:39:11,312","INFO","Trial 6 - 09:39:11 - Unrewarded - /home/fet/stimuli/test_categories_box2/nonreward/Be_Stim_9_LblBlu1927_041512.wav"
"2017-02-25 09:39:28,400","INFO","Trial 7 - 09:39:28 - Unrewarded - /home/fet/stimuli/test_categories_box2/nonreward/DC_Stim_5_LblBla4548_334506094950.wav"
"2017-02-25 09:40:01,302","INFO","Trial 8 - 09:40:01 - Rewarded - /home/fet/stimuli/test_categories_box2/reward/So_Stim_5_LblRed0613_272909.wav"
"2017-02-25 09:40:07,308","INFO","Supplying reward for 12.00 seconds"
"2017-02-25 09:40:44,101","INFO","Trial 9 - 09:40:44 - Unrewarded - /home/fet/stimuli/test_categories_box2/nonreward/Te_Stim_4_GreGre2522_251321233331.wav"
"2017-02-25 09:40:44,155","INFO","Trial 10 - 09:40:44 - Unrewarded - /home/fet/stimuli/test_categories_box2/nonreward/DC_Stim_10_RedRas3600_090503021007.wav"
"2017-02-25 09:40:54,246","INFO","Trial 11 - 09:40:54 - Unrewarded - /home/fet/stimuli/test_categories_box2/nonreward/Te_Stim_7_WhiGra0114_052002211007.wav"
"2017-02-25 09:41:12,240","INFO","Trial 12 - 09:41:12 - Unrewarded - /home/fet/stimuli/test_categories_box2/nonreward/Ne_Stim_3_Unknown00F_020102020202.wav"
"2017-02-25 09:41:24,753","INFO","Trial 13 - 09:41:24 - Rewarded - /home/fet/stimuli/test_categories_box2/reward/So_Stim_9_WhiBlu5698_253008.wav"
"2017-02-25 09:41:30,758","INFO","Supplying reward for 12.00 seconds"
"2017-02-25 09:41:58,433","INFO","Trial 14 - 09:41:58 - Unrewarded - /home/fet/stimuli/test_categories_box2/nonreward/Be_Stim_7_LblGre0001_11_020403_01.wav"
"2017-02-25 09:41:58,492","INFO","Trial 15 - 09:41:58 - Unrewarded - /home/fet/stimuli/test_categories_box2/nonreward/Di_Stim_2_WhiLbl0010_040404040404.wav"
"2017-02-25 09:42:04,320","INFO","Trial 16 - 09:42:04 - Unrewarded - /home/fet/stimuli/test_categories_box2/nonreward/Be_Stim_3_WhiBlu0112_101819.wav"
"2017-02-25 09:42:16,512","INFO","Trial 17 - 09:42:16 - Rewarded - /home/fet/stimuli/test_categories_box2/reward/So_Stim_3_WhiBlu5698_082502.wav"
"2017-02-25 09:42:22,518","INFO","Supplying reward for 12.00 seconds"
"2017-02-25 09:42:51,303","INFO","Trial 18 - 09:42:51 - Unrewarded - /home/fet/stimuli/test_categories_box2/nonreward/Tu_Stim_2_HPiHPi4748_120616252211.wav"
"2017-02-25 09:42:57,369","INFO","Trial 19 - 09:42:57 - Unrewarded - /home/fet/stimuli/test_categories_box2/nonreward/Wh_Stim_2_GreOra1817_010101010101.wav"
"2017-02-25 09:42:57,411","INFO","Trial 20 - 09:42:57 - Unrewarded - /home/fet/stimuli/test_categories_box2/nonreward/Be_Stim_10_LblBlu1630_040504.wav"
"2017-02-25 09:42:58,685","INFO","Trial 21 - 09:42:58 - Unrewarded - /home/fet/stimuli/test_categories_box2/nonreward/LT_Stim_10_LblBlu6680_280524290819.wav"
"2017-02-25 09:42:58,734","INFO","Trial 22 - 09:42:58 - Rewarded - /home/fet/stimuli/test_categories_box2/reward/So_Stim_2_YelOra2575_192302.wav"
"2017-02-25 09:42:59,758","INFO","Trial 23 - 09:42:59 - Unrewarded - /home/fet/stimuli/test_categories_box2/nonreward/Be_Stim_3_LblBlu1927_131110.wav"
"2017-02-25 09:42:59,811","INFO","Trial 24 - 09:42:59 - Unrewarded - /home/fet/stimuli/test_categories_box2/nonreward/Ag_Stim_9_GraGra0201_021315110504.wav"
"2017-02-25 09:43:07,228","INFO","Trial 25 - 09:43:07 - Unrewarded - /home/fet/stimuli/test_categories_box2/nonreward/Ag_Stim_7_YelOra2575_100420222318.wav"
"2017-02-25 09:43:08,151","INFO","Trial 26 - 09:43:08 - Unrewarded - /home/fet/stimuli/test_categories_box2/nonreward/Be_Stim_5_LblGre0001_100502_01.wav"
"2017-02-25 09:43:08,204","INFO","Trial 27 - 09:43:08 - Unrewarded - /home/fet/stimuli/test_categories_box2/nonreward/LT_Stim_1_LblBlu6243_102413080226.wav"
"2017-02-25 09:43:17,721","INFO","Trial 28 - 09:43:17 - Rewarded - /home/fet/stimuli/test_categories_box2/reward/So_Stim_2_WhiLbl0010_060704.wav"
"2017-02-25 09:43:23,727","INFO","Supplying reward for 12.00 seconds"
"2017-02-25 09:44:00,519","INFO","Trial 29 - 09:44:00 - Unrewarded - /home/fet/stimuli/test_categories_box2/nonreward/Wh_Stim_4_LblBla4419_151016040713.wav"
"2017-02-25 09:44:01,287","INFO","Trial 30 - 09:44:01 - Unrewarded - /home/fet/stimuli/test_categories_box2/nonreward/Be_Stim_3_GraGre0813_160907.wav"
"2017-02-25 09:44:02,163","INFO","Trial 31 - 09:44:02 - Unrewarded - /home/fet/stimuli/test_categories_box2/nonreward/Be_Stim_3_LblRas1800_05_0106_0101_01.wav"
"2017-02-25 09:44:06,898","INFO","Trial 32 - 09:44:06 - Rewarded - /home/fet/stimuli/test_categories_box2/reward/So_Stim_5_HPiHPi4748_151315.wav"
"2017-02-25 09:44:12,906","INFO","Supplying reward for 12.00 seconds"
"2017-02-25 09:44:56,133","INFO","Trial 33 - 09:44:56 - Rewarded - /home/fet/stimuli/test_categories_box2/reward/So_Stim_7_WhiBlu5698_250231.wav"
"2017-02-25 09:45:02,142","INFO","Supplying reward for 12.00 seconds"
"2017-02-25 09:45:35,806","INFO","Trial 34 - 09:45:35 - Unrewarded - /home/fet/stimuli/test_categories_box2/nonreward/Th_Stim_10_GreOra1817_412417490809.wav"
"2017-02-25 09:45:36,364","INFO","Trial 35 - 09:45:36 - Unrewarded - /home/fet/stimuli/test_categories_box2/nonreward/Ne_Stim_3_WhiLbl0010_221812390833.wav"
"2017-02-25 09:45:36,417","INFO","Trial 36 - 09:45:36 - Rewarded - /home/fet/stimuli/test_categories_box2/reward/So_Stim_3_WhiLbl0010_050407.wav"
"2017-02-25 09:45:42,425","INFO","Supplying reward for 12.00 seconds"
"2017-02-25 09:46:24,301","INFO","Trial 37 - 09:46:24 - Unrewarded - /home/fet/stimuli/test_categories_box2/nonreward/Th_Stim_8_HPiHPi4748_182725061516.wav"
"2017-02-25 09:46:34,529","INFO","Trial 38 - 09:46:34 - Rewarded - /home/fet/stimuli/test_categories_box2/reward/So_Stim_7_HPiHPi4748_152013.wav"
"2017-02-25 09:46:40,542","INFO","Supplying reward for 12.00 seconds"
"2017-02-25 09:47:09,634","INFO","Trial 39 - 09:47:09 - Unrewarded - /home/fet/stimuli/test_categories_box2/nonreward/Th_Stim_5_GraGra0201_473226111329.wav"
"2017-02-25 09:47:21,270","INFO","Trial 40 - 09:47:21 - Rewarded - /home/fet/stimuli/test_categories_box2/reward/So_Stim_1_BlaBla0506_151208.wav"
"2017-02-25 09:47:27,275","INFO","Supplying reward for 12.00 seconds"
"2017-02-25 09:47:59,735","INFO","Trial 41 - 09:47:59 - Rewarded - /home/fet/stimuli/test_categories_box2/reward/So_Stim_5_BluRas61dd_111018.wav"
"2017-02-25 09:48:00,571","INFO","Trial 42 - 09:48:00 - Unrewarded - /home/fet/stimuli/test_categories_box2/nonreward/Te_Stim_4_WhiGra0114_201114072105.wav"
"2017-02-25 09:48:00,620","INFO","Trial 43 - 09:48:00 - Unrewarded - /home/fet/stimuli/test_categories_box2/nonreward/Be_Stim_7_LblGre0000_110212.wav"
"2017-02-25 09:48:10,859","INFO","Trial 44 - 09:48:10 - Unrewarded - /home/fet/stimuli/test_categories_box2/nonreward/Di_Stim_7_WhiBlu4917_010101010101.wav"
"2017-02-25 09:48:11,753","INFO","Trial 45 - 09:48:11 - Unrewarded - /home/fet/stimuli/test_categories_box2/nonreward/Be_Stim_1_LblBlu6243_06_0305_0203.wav"
"2017-02-25 09:48:11,806","INFO","Trial 46 - 09:48:11 - Unrewarded - /home/fet/stimuli/test_categories_box2/nonreward/DC_Stim_3_BlaBla0506_262420131806.wav"
"2017-02-25 09:48:24,170","INFO","Trial 47 - 09:48:24 - Unrewarded - /home/fet/stimuli/test_categories_box2/nonreward/Ne_Stim_5_Unknown00F_010202020201.wav"
"2017-02-25 09:48:24,225","INFO","Trial 48 - 09:48:24 - Unrewarded - /home/fet/stimuli/test_categories_box2/nonreward/DC_Stim_4_RedRas3600_020803060905.wav"
"2017-02-25 09:48:24,852","INFO","Trial 49 - 09:48:24 - Rewarded - /home/fet/stimuli/test_categories_box2/reward/So_Stim_2_BluRas61dd_140918.wav"
"2017-02-25 09:48:24,905","INFO","Trial 50 - 09:48:24 - Unrewarded - /home/fet/stimuli/test_categories_box2/nonreward/DC_Stim_9_GreWhi1242_020103010201.wav"
"2017-02-25 09:48:31,633","INFO","Trial 51 - 09:48:31 - Unrewarded - /home/fet/stimuli/test_categories_box2/nonreward/Be_Stim_1_GraGre0813_051101.wav"
"2017-02-25 09:48:31,692","INFO","Trial 52 - 09:48:31 - Rewarded - /home/fet/stimuli/test_categories_box2/reward/So_Stim_10_LblBla4548_083507.wav"
"2017-02-25 09:48:32,105","INFO","Trial 53 - 09:48:32 - Unrewarded - /home/fet/stimuli/test_categories_box2/nonreward/Ne_Stim_6_WhiBlu5698_241517261006.wav"
"2017-02-25 09:48:44,629","INFO","Trial 54 - 09:48:44 - Unrewarded - /home/fet/stimuli/test_categories_box2/nonreward/Tu_Stim_4_HPiHPi4748_190807211620.wav"
"2017-02-25 09:48:54,320","INFO","Trial 55 - 09:48:54 - Rewarded - /home/fet/stimuli/test_categories_box2/reward/So_Stim_3_YelGre5275_353029.wav"
"2017-02-25 09:49:00,329","INFO","Supplying reward for 12.00 seconds"
"2017-02-25 09:49:32,358","INFO","Trial 56 - 09:49:32 - Unrewarded - /home/fet/stimuli/test_categories_box2/nonreward/LT_Stim_9_WhiBlu3513_040103060205.wav"
"2017-02-25 09:49:32,409","INFO","Trial 57 - 09:49:32 - Unrewarded - /home/fet/stimuli/test_categories_box2/nonreward/Di_Stim_8_WhiWhi1415_020202020202.wav"
"2017-02-25 09:49:32,802","INFO","Trial 58 - 09:49:32 - Unrewarded - /home/fet/stimuli/test_categories_box2/nonreward/LT_Stim_9_LblBlu6243_261610282930.wav"
"2017-02-25 09:49:42,434","INFO","Trial 59 - 09:49:42 - Rewarded - /home/fet/stimuli/test_categories_box2/reward/So_Stim_7_BlaBla0506_150608.wav"
"2017-02-25 09:49:48,443","INFO","Supplying reward for 12.00 seconds"
"2017-02-25 09:50:18,551","INFO","Trial 60 - 09:50:18 - Unrewarded - /home/fet/stimuli/test_categories_box2/nonreward/Te_Stim_1_WhiBlu4818_140504031819.wav"
"2017-02-25 09:50:32,219","INFO","Trial 61 - 09:50:32 - Unrewarded - /home/fet/stimuli/test_categories_box2/nonreward/Wh_Stim_1_HpiGra1004_070205080106.wav"
"2017-02-25 09:50:32,269","INFO","Trial 62 - 09:50:32 - Unrewarded - /home/fet/stimuli/test_categories_box2/nonreward/Di_Stim_1_Unknown000_020101010102.wav"
"2017-02-25 09:50:41,697","INFO","Trial 63 - 09:50:41 - Unrewarded - /home/fet/stimuli/test_categories_box2/nonreward/Tu_Stim_6_BluRas61dd_060201040507.wav"
"2017-02-25 09:50:42,616","INFO","Trial 64 - 09:50:42 - Unrewarded - /home/fet/stimuli/test_categories_box2/nonreward/Te_Stim_8_BlaLbl8026_141322030406.wav"
"2017-02-25 09:50:56,720","INFO","Trial 65 - 09:50:56 - Unrewarded - /home/fet/stimuli/test_categories_box2/nonreward/Te_Stim_4_WhiLbl0010_301013010211.wav"
"2017-02-25 09:51:09,049","INFO","Trial 66 - 09:51:09 - Unrewarded - /home/fet/stimuli/test_categories_box2/nonreward/DC_Stim_6_RedRas3600_050307061008.wav"
"2017-02-25 09:51:19,112","INFO","Trial 67 - 09:51:19 - Unrewarded - /home/fet/stimuli/test_categories_box2/nonreward/LT_Stim_9_LblRas1800_040205010603.wav"
"2017-02-25 09:51:27,828","INFO","Trial 68 - 09:51:27 - Unrewarded - /home/fet/stimuli/test_categories_box2/nonreward/Ne_Stim_5_BluRas61dd_231929180637.wav"
"2017-02-25 09:51:44,019","INFO","Trial 69 - 09:51:44 - Unrewarded - /home/fet/stimuli/test_categories_box2/nonreward/Te_Stim_2_BlaLbl8026_230706100904.wav"
"2017-02-25 09:51:44,073","INFO","Trial 70 - 09:51:44 - Rewarded - /home/fet/stimuli/test_categories_box2/reward/So_Stim_9_RedRas3600_010402.wav"
"2017-02-25 09:51:44,438","INFO","Trial 71 - 09:51:44 - Unrewarded - /home/fet/stimuli/test_categories_box2/nonreward/Tu_Stim_2_BluRas61dd_010906050307.wav"
"2017-02-25 09:51:45,303","INFO","Trial 72 - 09:51:45 - Unrewarded - /home/fet/stimuli/test_categories_box2/nonreward/Te_Stim_8_GreOra1817_090617030430.wav"
"2017-02-25 09:51:45,351","INFO","Trial 73 - 09:51:45 - Unrewarded - /home/fet/stimuli/test_categories_box2/nonreward/Tu_Stim_8_WhiLbl0010_121303071125.wav"
"2017-02-25 09:51:54,570","INFO","Trial 74 - 09:51:54 - Unrewarded - /home/fet/stimuli/test_categories_box2/nonreward/Th_Stim_7_WhiBlu4818_010502040302.wav"
"2017-02-25 09:51:55,014","INFO","Trial 75 - 09:51:55 - Unrewarded - /home/fet/stimuli/test_categories_box2/nonreward/Wh_Stim_10_LblRed0613_170410052831.wav"
"2017-02-25 09:51:55,067","INFO","Trial 76 - 09:51:55 - Unrewarded - /home/fet/stimuli/test_categories_box2/nonreward/Tu_Stim_3_BluRas61dd_050204060703.wav"
"2017-02-25 09:51:55,931","INFO","Trial 77 - 09:51:55 - Unrewarded - /home/fet/stimuli/test_categories_box2/nonreward/Ag_Stim_7_WhiRas44dd_312110051108.wav"
"2017-02-25 09:52:03,630","INFO","Trial 78 - 09:52:03 - Unrewarded - /home/fet/stimuli/test_categories_box2/nonreward/Ag_Stim_5_WhiLbl0010_262812150803.wav"
"2017-02-25 09:52:04,676","INFO","Trial 79 - 09:52:04 - Unrewarded - /home/fet/stimuli/test_categories_box2/nonreward/Th_Stim_6_WhiRas44dd_242219353840.wav"
"2017-02-25 09:52:19,858","INFO","Trial 80 - 09:52:19 - Unrewarded - /home/fet/stimuli/test_categories_box2/nonreward/DC_Stim_6_WhiWhi1415_010504030202.wav"
"2017-02-25 09:52:19,912","INFO","Trial 81 - 09:52:19 - Unrewarded - /home/fet/stimuli/test_categories_box2/nonreward/DC_Stim_7_RedRas3600_070506080203.wav"
"2017-02-25 09:52:27,054","INFO","Trial 82 - 09:52:27 - Unrewarded - /home/fet/stimuli/test_categories_box2/nonreward/Te_Stim_3_BlaLbl8026_030423180911.wav"
"2017-02-25 09:52:37,650","INFO","Trial 83 - 09:52:37 - Unrewarded - /home/fet/stimuli/test_categories_box2/nonreward/Ne_Stim_10_LblBla4419_010937345125.wav"
"2017-02-25 09:52:38,810","INFO","Trial 84 - 09:52:38 - Rewarded - /home/fet/stimuli/test_categories_box2/reward/So_Stim_2_WhiBlu4818_040509.wav"
"2017-02-25 09:52:44,818","INFO","Supplying reward for 12.00 seconds"
"2017-02-25 09:53:16,126","INFO","Trial 85 - 09:53:16 - Unrewarded - /home/fet/stimuli/test_categories_box2/nonreward/Be_Stim_4_GraRas1500_070103.wav"
"2017-02-25 09:53:16,185","INFO","Trial 86 - 09:53:16 - Rewarded - /home/fet/stimuli/test_categories_box2/reward/So_Stim_8_WhiLbl0010_080405.wav"
"2017-02-25 09:53:22,193","INFO","Supplying reward for 12.00 seconds"
"2017-02-25 09:53:58,805","INFO","Trial 87 - 09:53:58 - Unrewarded - /home/fet/stimuli/test_categories_box2/nonreward/Te_Stim_6_BluRas07dd_082216180120.wav"
"2017-02-25 09:54:12,145","INFO","Trial 88 - 09:54:12 - Unrewarded - /home/fet/stimuli/test_categories_box2/nonreward/Th_Stim_4_WhiBlu4818_050104020302.wav"
"2017-02-25 09:54:19,026","INFO","Trial 89 - 09:54:19 - Unrewarded - /home/fet/stimuli/test_categories_box2/nonreward/Wh_Stim_4_GreOra1817_010101010101.wav"
"2017-02-25 09:54:19,081","INFO","Trial 90 - 09:54:19 - Rewarded - /home/fet/stimuli/test_categories_box2/reward/So_Stim_1_BluRas61dd_180819.wav"
"2017-02-25 09:54:25,088","INFO","Supplying reward for 12.00 seconds"
"2017-02-25 09:55:15,094","INFO","Trial 91 - 09:55:15 - Unrewarded - /home/fet/stimuli/test_categories_box2/nonreward/Di_Stim_8_BlaBla0506_010101010101.wav"
"2017-02-25 09:55:15,148","INFO","Trial 92 - 09:55:15 - Unrewarded - /home/fet/stimuli/test_categories_box2/nonreward/Be_Stim_5_LblRas1800_02_0101_0104_01.wav"
"2017-02-25 09:55:16,045","INFO","Trial 93 - 09:55:16 - Unrewarded - /home/fet/stimuli/test_categories_box2/nonreward/Ag_Stim_1_WhiRas44dd_172108312432.wav"
"2017-02-25 09:55:16,103","INFO","Trial 94 - 09:55:16 - Unrewarded - /home/fet/stimuli/test_categories_box2/nonreward/DC_Stim_4_WhiGra0114_140713041203.wav"
"2017-02-25 09:55:35,982","INFO","Trial 95 - 09:55:35 - Unrewarded - /home/fet/stimuli/test_categories_box2/nonreward/Be_Stim_6_LblBlu1630_050204_a..wav"
"2017-02-25 09:55:44,158","INFO","Trial 96 - 09:55:44 - Unrewarded - /home/fet/stimuli/test_categories_box2/nonreward/LT_Stim_7_LblBlu6379_050412230920.wav"
"2017-02-25 09:55:57,535","INFO","Trial 97 - 09:55:57 - Unrewarded - /home/fet/stimuli/test_categories_box2/nonreward/Th_Stim_3_BlaBla0506_050403010203.wav"
"2017-02-25 09:56:07,783","INFO","Trial 98 - 09:56:07 - Unrewarded - /home/fet/stimuli/test_categories_box2/nonreward/Be_Stim_4_LblBlu6243_06_0108_0313.wav"
"2017-02-25 09:56:08,579","INFO","Trial 99 - 09:56:08 - Unrewarded - /home/fet/stimuli/test_categories_box2/nonreward/Wh_Stim_8_HPiHPi4748_260614203110.wav"
"2017-02-25 09:56:22,696","INFO","Trial 100 - 09:56:22 - Unrewarded - /home/fet/stimuli/test_categories_box2/nonreward/Tu_Stim_6_GreOra1817_181114120715.wav"
"2017-02-25 09:56:23,852","INFO","Trial 101 - 09:56:23 - Unrewarded - /home/fet/stimuli/test_categories_box2/nonreward/Be_Stim_4_LblBlu6379_0604_0203_02.wav"
"2017-02-25 09:56:39,476","INFO","Trial 102 - 09:56:39 - Unrewarded - /home/fet/stimuli/test_categories_box2/nonreward/Th_Stim_10_Unknown_11_110902040308.wav"
"2017-02-25 09:56:54,778","INFO","Trial 103 - 09:56:54 - Unrewarded - /home/fet/stimuli/test_categories_box2/nonreward/Be_Stim_6_WhiBlu0112_200216.wav"
"2017-02-25 09:56:55,619","INFO","Trial 104 - 09:56:55 - Unrewarded - /home/fet/stimuli/test_categories_box2/nonreward/DC_Stim_5_WhiBlu4818_050302010404.wav"
"2017-02-25 09:57:10,522","INFO","Trial 105 - 09:57:10 - Unrewarded - /home/fet/stimuli/test_categories_box2/nonreward/Di_Stim_6_HPiHPi4748_050305050305.wav"
"2017-02-25 09:57:18,648","INFO","Trial 106 - 09:57:18 - Rewarded - /home/fet/stimuli/test_categories_box2/reward/So_Stim_2_LblRed0613_100406.wav"
"2017-02-25 09:57:18,703","INFO","Trial 107 - 09:57:18 - Unrewarded - /home/fet/stimuli/test_categories_box2/nonreward/Wh_Stim_4_GraLbl0457_020104050102.wav"
"2017-02-25 09:57:29,240","INFO","Trial 108 - 09:57:29 - Unrewarded - /home/fet/stimuli/test_categories_box2/nonreward/Di_Stim_9_BlaLbl8026_030201020103.wav"
"2017-02-25 09:57:39,562","INFO","Trial 109 - 09:57:39 - Unrewarded - /home/fet/stimuli/test_categories_box2/nonreward/Be_Stim_9_LblGre0000_020801.wav"
"2017-02-25 09:57:49,830","INFO","Trial 110 - 09:57:49 - Unrewarded - /home/fet/stimuli/test_categories_box2/nonreward/Th_Stim_2_BlaBla0506_020405030104.wav"
"2017-02-25 09:57:49,889","INFO","Trial 111 - 09:57:49 - Unrewarded - /home/fet/stimuli/test_categories_box2/nonreward/Wh_Stim_4_WhiRas44dd_020301020102.wav"
"2017-02-25 09:58:07,446","INFO","Trial 112 - 09:58:07 - Unrewarded - /home/fet/stimuli/test_categories_box2/nonreward/DC_Stim_1_WhiBlu4818_020401050302.wav"
"2017-02-25 09:58:08,533","INFO","Trial 113 - 09:58:08 - Unrewarded - /home/fet/stimuli/test_categories_box2/nonreward/DC_Stim_4_WhiLbl0010_081322283002.wav"
"2017-02-25 09:58:18,771","INFO","Trial 114 - 09:58:18 - Unrewarded - /home/fet/stimuli/test_categories_box2/nonreward/LT_Stim_5_LblBlu6680_042427261218.wav"
"2017-02-25 09:58:30,534","INFO","Trial 115 - 09:58:30 - Unrewarded - /home/fet/stimuli/test_categories_box2/nonreward/Wh_Stim_2_BlaLbl8026_073208090809.wav"
"2017-02-25 09:58:53,082","INFO","Trial 116 - 09:58:53 - Unrewarded - /home/fet/stimuli/test_categories_box2/nonreward/DC_Stim_8_WhiGra0114_041013141103.wav"
"2017-02-25 09:59:01,224","INFO","Trial 117 - 09:59:01 - Unrewarded - /home/fet/stimuli/test_categories_box2/nonreward/LT_Stim_5_LblGre0000_211716191309.wav"
"2017-02-25 09:59:16,842","INFO","Trial 118 - 09:59:16 - Unrewarded - /home/fet/stimuli/test_categories_box2/nonreward/Te_Stim_4_WhiRas44dd_032928120414.wav"
"2017-02-25 09:59:16,900","INFO","Trial 119 - 09:59:16 - Unrewarded - /home/fet/stimuli/test_categories_box2/nonreward/Be_Stim_6_LblRas1800_0402_0309_01.wav"
"2017-02-25 09:59:27,601","INFO","Trial 120 - 09:59:27 - Unrewarded - /home/fet/stimuli/test_categories_box2/nonreward/Ag_Stim_5_GraGra0201_060408110502.wav"
"2017-02-25 09:59:34,618","INFO","Trial 121 - 09:59:34 - Unrewarded - /home/fet/stimuli/test_categories_box2/nonreward/Te_Stim_9_BlaLbl8026_202214091006.wav"
"2017-02-25 09:59:49,457","INFO","Trial 122 - 09:59:49 - Unrewarded - /home/fet/stimuli/test_categories_box2/nonreward/Tu_Stim_10_BluRas07dd_110223120807.wav"
"2017-02-25 09:59:50,539","INFO","Trial 123 - 09:59:50 - Unrewarded - /home/fet/stimuli/test_categories_box2/nonreward/Ag_Stim_3_BlaLbl8026_062120030424.wav"
"2017-02-25 10:00:00,184","INFO","Trial 124 - 10:00:00 - Unrewarded - /home/fet/stimuli/test_categories_box2/nonreward/Th_Stim_2_WhiBlu4818_040205010304.wav"
"2017-02-25 10:00:01,119","INFO","Trial 125 - 10:00:01 - Rewarded - /home/fet/stimuli/test_categories_box2/reward/So_Stim_2_BlaBla0506_061508.wav"
"2017-02-25 10:00:07,127","INFO","Supplying reward for 12.00 seconds"
"2017-02-25 10:00:35,805","INFO","Trial 126 - 10:00:35 - Unrewarded - /home/fet/stimuli/test_categories_box2/nonreward/Ne_Stim_1_Unknown00F_020102020101.wav"
"2017-02-25 10:00:48,404","INFO","Trial 127 - 10:00:48 - Unrewarded - /home/fet/stimuli/test_categories_box2/nonreward/Tu_Stim_6_GraLbl0457_021011031501.wav"
"2017-02-25 10:00:48,458","INFO","Trial 128 - 10:00:48 - Unrewarded - /home/fet/stimuli/test_categories_box2/nonreward/Wh_Stim_7_YelGre5275_080602031004.wav"
"2017-02-25 10:01:03,771","INFO","Trial 129 - 10:01:03 - Unrewarded - /home/fet/stimuli/test_categories_box2/nonreward/Be_Stim_8_LblGre0000_100803.wav"
"2017-02-25 10:01:04,764","INFO","Trial 130 - 10:01:04 - Rewarded - /home/fet/stimuli/test_categories_box2/reward/So_Stim_10_BlaBla0506_061508.wav"
"2017-02-25 10:01:10,772","INFO","Supplying reward for 12.00 seconds"
"2017-02-25 10:02:00,269","INFO","Trial 131 - 10:02:00 - Unrewarded - /home/fet/stimuli/test_categories_box2/nonreward/Tu_Stim_3_WhiLbl0010_142119032308.wav"
"2017-02-25 10:02:00,915","INFO","Trial 132 - 10:02:00 - Unrewarded - /home/fet/stimuli/test_categories_box2/nonreward/Wh_Stim_4_GraGra0201_040501020505.wav"
"2017-02-25 10:02:01,929","INFO","Trial 133 - 10:02:01 - Unrewarded - /home/fet/stimuli/test_categories_box2/nonreward/Ag_Stim_4_WhiBlu4818_070605050505.wav"
"2017-02-25 10:02:01,983","INFO","Trial 134 - 10:02:01 - Rewarded - /home/fet/stimuli/test_categories_box2/reward/So_Stim_2_RedRas3600_020506.wav"
"2017-02-25 10:02:07,990","INFO","Supplying reward for 12.00 seconds"
"2017-02-25 10:02:52,413","INFO","Trial 135 - 10:02:52 - Unrewarded - /home/fet/stimuli/test_categories_box2/nonreward/Ag_Stim_3_GreWhi1242_010101010101.wav"
"2017-02-25 10:02:53,516","INFO","Trial 136 - 10:02:53 - Unrewarded - /home/fet/stimuli/test_categories_box2/nonreward/Te_Stim_8_BluRas07dd_192002161422.wav"
"2017-02-25 10:02:53,565","INFO","Trial 137 - 10:02:53 - Unrewarded - /home/fet/stimuli/test_categories_box2/nonreward/Th_Stim_4_GreOra1817_012911074727.wav"
"2017-02-25 10:03:04,451","INFO","Trial 138 - 10:03:04 - Rewarded - /home/fet/stimuli/test_categories_box2/reward/So_Stim_4_WhiBlu5698_251802.wav"
"2017-02-25 10:03:10,456","INFO","Supplying reward for 12.00 seconds"
"2017-02-25 10:03:50,094","INFO","Trial 139 - 10:03:50 - Unrewarded - /home/fet/stimuli/test_categories_box2/nonreward/Ag_Stim_7_WhiBlu4917_010101010101.wav"
"2017-02-25 10:04:05,019","INFO","Trial 140 - 10:04:05 - Rewarded - /home/fet/stimuli/test_categories_box2/reward/So_Stim_1_RedRas3600_040201.wav"
"2017-02-25 10:04:11,025","INFO","Supplying reward for 12.00 seconds"
"2017-02-25 10:04:44,139","INFO","Trial 141 - 10:04:44 - Unrewarded - /home/fet/stimuli/test_categories_box2/nonreward/Ne_Stim_6_LblBla4419_482129113727.wav"
"2017-02-25 10:05:00,452","INFO","Trial 142 - 10:05:00 - Rewarded - /home/fet/stimuli/test_categories_box2/reward/So_Stim_4_WhiLbl0010_040708.wav"
"2017-02-25 10:05:01,363","INFO","Trial 143 - 10:05:01 - Unrewarded - /home/fet/stimuli/test_categories_box2/nonreward/Ag_Stim_4_GreWhi1242_010101010101.wav"
"2017-02-25 10:05:12,650","INFO","Trial 144 - 10:05:12 - Unrewarded - /home/fet/stimuli/test_categories_box2/nonreward/LT_Stim_9_LblBlu6680_291412041727.wav"
"2017-02-25 10:05:34,386","INFO","Trial 145 - 10:05:34 - Rewarded - /home/fet/stimuli/test_categories_box2/reward/So_Stim_7_WhiBlu4818_042209.wav"
"2017-02-25 10:05:40,391","INFO","Supplying reward for 12.00 seconds"
"2017-02-25 10:06:30,839","INFO","Trial 146 - 10:06:30 - Rewarded - /home/fet/stimuli/test_categories_box2/reward/So_Stim_3_GraLbl0457_131105.wav"
"2017-02-25 10:06:36,848","INFO","Supplying reward for 12.00 seconds"
"2017-02-25 10:07:20,775","INFO","Trial 147 - 10:07:20 - Unrewarded - /home/fet/stimuli/test_categories_box2/nonreward/DC_Stim_5_GreWhi1242_010203020302.wav"
"2017-02-25 10:07:29,122","INFO","Trial 148 - 10:07:29 - Unrewarded - /home/fet/stimuli/test_categories_box2/nonreward/Di_Stim_2_WhiWhi1415_020202020202.wav"
"2017-02-25 10:07:48,721","INFO","Trial 149 - 10:07:48 - Unrewarded - /home/fet/stimuli/test_categories_box2/nonreward/DC_Stim_4_WhiBlu4818_050201030405.wav"
"2017-02-25 10:08:04,072","INFO","Trial 150 - 10:08:04 - Unrewarded - /home/fet/stimuli/test_categories_box2/nonreward/Wh_Stim_4_YelGre5275_050313020408.wav"
"2017-02-25 10:08:17,899","INFO","Trial 151 - 10:08:17 - Rewarded - /home/fet/stimuli/test_categories_box2/reward/So_Stim_1_HPiHPi4748_100215.wav"
"2017-02-25 10:08:23,904","INFO","Supplying reward for 12.00 seconds"
"2017-02-25 10:09:02,617","INFO","Trial 152 - 10:09:02 - Unrewarded - /home/fet/stimuli/test_categories_box2/nonreward/Ne_Stim_8_BlaLbl8026_023030231025.wav"
"2017-02-25 10:09:02,673","INFO","Trial 153 - 10:09:02 - Unrewarded - /home/fet/stimuli/test_categories_box2/nonreward/LT_Stim_6_WhiBlu3414_201615031904.wav"
"2017-02-25 10:09:19,382","INFO","Trial 154 - 10:09:19 - Unrewarded - /home/fet/stimuli/test_categories_box2/nonreward/Ag_Stim_7_WhiBlu4818_050607050605.wav"
"2017-02-25 10:09:30,227","INFO","Trial 155 - 10:09:30 - Unrewarded - /home/fet/stimuli/test_categories_box2/nonreward/Te_Stim_4_WhiWhi1415_133905023322.wav"
"2017-02-25 10:09:56,748","INFO","Trial 156 - 10:09:56 - Unrewarded - /home/fet/stimuli/test_categories_box2/nonreward/Wh_Stim_2_WhiBlu5698_201802150710.wav"
"2017-02-25 10:10:41,667","INFO","Trial 157 - 10:10:41 - Unrewarded - /home/fet/stimuli/test_categories_box2/nonreward/Ag_Stim_3_GreGre2522_020102020202.wav"
"2017-02-25 10:10:54,294","INFO","Trial 158 - 10:10:54 - Unrewarded - /home/fet/stimuli/test_categories_box2/nonreward/LT_Stim_3_LblGre0001_031009070802.wav"
"2017-02-25 10:11:17,362","INFO","Trial 159 - 10:11:17 - Unrewarded - /home/fet/stimuli/test_categories_box2/nonreward/Ag_Stim_9_WhiLbl0010_130611031826.wav"
"2017-02-25 10:11:18,325","INFO","Trial 160 - 10:11:18 - Unrewarded - /home/fet/stimuli/test_categories_box2/nonreward/Wh_Stim_1_GreOra1817_010101010101.wav"
"2017-02-25 10:11:40,069","INFO","Trial 161 - 10:11:40 - Rewarded - /home/fet/stimuli/test_categories_box2/reward/So_Stim_3_LblRed0613_380609.wav"
"2017-02-25 10:11:40,123","INFO","Trial 162 - 10:11:40 - Unrewarded - /home/fet/stimuli/test_categories_box2/nonreward/DC_Stim_8_RedRas3600_020110070406.wav"
"2017-02-25 10:11:53,527","INFO","Trial 163 - 10:11:53 - Unrewarded - /home/fet/stimuli/test_categories_box2/nonreward/Ag_Stim_3_GraLbl0457_050609081915.wav"
"2017-02-25 10:11:54,631","INFO","Trial 164 - 10:11:54 - Unrewarded - /home/fet/stimuli/test_categories_box2/nonreward/LT_Stim_5_LblBlu1927_010101010101.wav"
"2017-02-25 10:12:14,260","INFO","Trial 165 - 10:12:14 - Unrewarded - /home/fet/stimuli/test_categories_box2/nonreward/Di_Stim_6_YelOra2575_110911091109.wav"
"2017-02-25 12:02:01,980","INFO","Trial 166 - 12:02:01 - Unrewarded - /home/fet/stimuli/test_categories_box2/nonreward/Wh_Stim_2_BlaBla0506_061416130210.wav"
"2017-02-25 12:02:12,543","INFO","Trial 167 - 12:02:12 - Unrewarded - /home/fet/stimuli/test_categories_box2/nonreward/Ag_Stim_7_WhiLbl0010_260415132212.wav"
"2017-02-25 12:02:25,003","INFO","Trial 168 - 12:02:25 - Rewarded - /home/fet/stimuli/test_categories_box2/reward/So_Stim_6_GraLbl0457_150901.wav"
"2017-02-25 12:02:25,054","INFO","Trial 169 - 12:02:25 - Unrewarded - /home/fet/stimuli/test_categories_box2/nonreward/Tu_Stim_9_BluRas61dd_010905070408.wav"
"2017-02-25 12:02:38,499","INFO","Trial 170 - 12:02:38 - Unrewarded - /home/fet/stimuli/test_categories_box2/nonreward/Te_Stim_3_BluRas07dd_170818161520.wav"
"2017-02-25 12:02:51,156","INFO","Trial 171 - 12:02:51 - Unrewarded - /home/fet/stimuli/test_categories_box2/nonreward/Di_Stim_9_WhiLbl0010_040404040404.wav"
"2017-02-25 12:02:53,492","INFO","Trial 172 - 12:02:53 - Unrewarded - /home/fet/stimuli/test_categories_box2/nonreward/Th_Stim_9_WhiWhi1415_192829210207.wav"
"2017-02-25 12:02:53,537","INFO","Trial 173 - 12:02:53 - Unrewarded - /home/fet/stimuli/test_categories_box2/nonreward/Ag_Stim_10_GreGre2522_010202010101.wav"
"2017-02-25 12:03:03,280","INFO","Trial 174 - 12:03:03 - Unrewarded - /home/fet/stimuli/test_categories_box2/nonreward/Di_Stim_1_WhiWhi1415_020202020202.wav"
"2017-02-25 12:03:15,793","INFO","Trial 175 - 12:03:15 - Unrewarded - /home/fet/stimuli/test_categories_box2/nonreward/DC_Stim_5_RedRas3600_080502010407.wav"
"2017-02-25 12:03:33,672","INFO","Trial 176 - 12:03:33 - Unrewarded - /home/fet/stimuli/test_categories_box2/nonreward/Be_Stim_2_LblRas1800_06_010405_02.wav"
"2017-02-25 12:03:34,755","INFO","Trial 177 - 12:03:34 - Unrewarded - /home/fet/stimuli/test_categories_box2/nonreward/LT_Stim_8_WhiBlu3513_010603040502.wav"
"2017-02-25 12:03:34,812","INFO","Trial 178 - 12:03:34 - Unrewarded - /home/fet/stimuli/test_categories_box2/nonreward/Ne_Stim_9_WhiBlu5698_120212091001.wav"
"2017-02-25 12:03:56,827","INFO","Trial 179 - 12:03:56 - Unrewarded - /home/fet/stimuli/test_categories_box2/nonreward/Ag_Stim_10_BlaLbl8026_060223210322.wav"
"2017-02-25 12:04:11,867","INFO","Trial 180 - 12:04:11 - Rewarded - /home/fet/stimuli/test_categories_box2/reward/So_Stim_2_HPiHPi4748_151514.wav"
"2017-02-25 12:04:17,876","INFO","Supplying reward for 12.00 seconds"
"2017-02-25 12:11:12,132","INFO","Trial 181 - 12:11:12 - Unrewarded - /home/fet/stimuli/test_categories_box2/nonreward/Ag_Stim_7_GraGra0201_130210081114.wav"
"2017-02-25 12:11:21,757","INFO","Trial 182 - 12:11:21 - Unrewarded - /home/fet/stimuli/test_categories_box2/nonreward/Be_Stim_5_LblGre0000_081007.wav"
"2017-02-25 12:11:36,977","INFO","Trial 183 - 12:11:36 - Rewarded - /home/fet/stimuli/test_categories_box2/reward/So_Stim_8_GraLbl0457_071215.wav"
"2017-02-25 12:11:42,982","INFO","Supplying reward for 12.00 seconds"
"2017-02-25 12:12:42,057","INFO","Trial 184 - 12:12:42 - Rewarded - /home/fet/stimuli/test_categories_box2/reward/So_Stim_8_YelOra2575_241523.wav"
"2017-02-25 12:12:48,062","INFO","Supplying reward for 12.00 seconds"
"2017-02-25 12:14:08,422","INFO","Trial 185 - 12:14:08 - Unrewarded - /home/fet/stimuli/test_categories_box2/nonreward/Be_Stim_4_LblBlu1927_081011.wav"
"2017-02-25 12:14:09,333","INFO","Trial 186 - 12:14:09 - Unrewarded - /home/fet/stimuli/test_categories_box2/nonreward/Ne_Stim_7_BlaBla0506_160507070309.wav"
"2017-02-25 12:14:09,390","INFO","Trial 187 - 12:14:09 - Unrewarded - /home/fet/stimuli/test_categories_box2/nonreward/Tu_Stim_8_BlaLbl8026_050710090611.wav"
"2017-02-25 12:14:15,901","INFO","Trial 188 - 12:14:15 - Unrewarded - /home/fet/stimuli/test_categories_box2/nonreward/Be_Stim_6_LblGre0000_051110.wav"
"2017-02-25 12:14:41,549","INFO","Trial 189 - 12:14:41 - Unrewarded - /home/fet/stimuli/test_categories_box2/nonreward/Ag_Stim_3_GraGra0201_091115100602.wav"
"2017-02-25 12:14:42,415","INFO","Trial 190 - 12:14:42 - Rewarded - /home/fet/stimuli/test_categories_box2/reward/So_Stim_4_RedRas3600_060504.wav"
"2017-02-25 12:14:48,422","INFO","Supplying reward for 12.00 seconds"
"2017-02-25 12:15:23,368","INFO","Trial 191 - 12:15:23 - Unrewarded - /home/fet/stimuli/test_categories_box2/nonreward/Di_Stim_2_PurRas20dd_010404040104.wav"
"2017-02-25 12:15:51,977","INFO","Trial 192 - 12:15:51 - Unrewarded - /home/fet/stimuli/test_categories_box2/nonreward/LT_Stim_10_WhiBlu3414_081512011025.wav"
"2017-02-25 12:15:53,322","INFO","Trial 193 - 12:15:53 - Rewarded - /home/fet/stimuli/test_categories_box2/reward/So_Stim_8_RedRas3600_060102.wav"
"2017-02-25 12:15:59,330","INFO","Supplying reward for 12.00 seconds"
"2017-02-25 12:16:48,279","INFO","Trial 194 - 12:16:48 - Unrewarded - /home/fet/stimuli/test_categories_box2/nonreward/Di_Stim_8_Unknown000_020102020102.wav"
"2017-02-25 12:17:20,660","INFO","Trial 195 - 12:17:20 - Rewarded - /home/fet/stimuli/test_categories_box2/reward/So_Stim_5_WhiLbl0010_050406.wav"
"2017-02-25 12:17:26,665","INFO","Supplying reward for 12.00 seconds"
"2017-02-25 12:17:59,972","INFO","Trial 196 - 12:17:59 - Unrewarded - /home/fet/stimuli/test_categories_box2/nonreward/Wh_Stim_9_WhiBlu5698_041910021507.wav"
"2017-02-25 12:18:00,027","INFO","Trial 197 - 12:18:00 - Unrewarded - /home/fet/stimuli/test_categories_box2/nonreward/Be_Stim_10_GraGre0813_121605.wav"
"2017-02-25 12:18:10,875","INFO","Trial 198 - 12:18:10 - Rewarded - /home/fet/stimuli/test_categories_box2/reward/So_Stim_6_WhiBlu5698_301225.wav"
"2017-02-25 12:18:11,831","INFO","Trial 199 - 12:18:11 - Unrewarded - /home/fet/stimuli/test_categories_box2/nonreward/Be_Stim_10_LblBlu1729_021412.wav"
"2017-02-25 12:18:23,069","INFO","Trial 200 - 12:18:23 - Unrewarded - /home/fet/stimuli/test_categories_box2/nonreward/Ag_Stim_10_GraLbl0457_051909150712.wav"
"2017-02-25 12:18:24,455","INFO","Trial 201 - 12:18:24 - Unrewarded - /home/fet/stimuli/test_categories_box2/nonreward/Tu_Stim_9_GraLbl0457_151303040612.wav"
"2017-02-25 12:18:37,838","INFO","Trial 202 - 12:18:37 - Unrewarded - /home/fet/stimuli/test_categories_box2/nonreward/LT_Stim_6_LblBlu6243_302201181008.wav"
"2017-02-25 12:18:57,064","INFO","Trial 203 - 12:18:57 - Unrewarded - /home/fet/stimuli/test_categories_box2/nonreward/DC_Stim_7_GreRas2400_010201010202.wav"
"2017-02-25 12:19:25,305","INFO","Trial 204 - 12:19:25 - Rewarded - /home/fet/stimuli/test_categories_box2/reward/So_Stim_4_GraLbl0457_080513.wav"
"2017-02-25 12:19:25,359","INFO","Trial 205 - 12:19:25 - Unrewarded - /home/fet/stimuli/test_categories_box2/nonreward/Ne_Stim_9_LblBla4419_561208213405.wav"
"2017-02-25 12:19:44,674","INFO","Trial 206 - 12:19:44 - Unrewarded - /home/fet/stimuli/test_categories_box2/nonreward/Ne_Stim_10_BluRas61dd_202721312301.wav"
"2017-02-25 12:19:45,663","INFO","Trial 207 - 12:19:45 - Unrewarded - /home/fet/stimuli/test_categories_box2/nonreward/Wh_Stim_8_WhiRas44dd_010302010203.wav"
"2017-02-25 12:19:57,756","INFO","Trial 208 - 12:19:57 - Rewarded - /home/fet/stimuli/test_categories_box2/reward/So_Stim_6_RedRas3600_020106.wav"
"2017-02-25 12:20:03,765","INFO","Supplying reward for 12.00 seconds"
"2017-02-25 12:20:34,299","INFO","Trial 209 - 12:20:34 - Unrewarded - /home/fet/stimuli/test_categories_box2/nonreward/Be_Stim_7_LblBlu6243_1908_0102.wav"
"2017-02-25 12:20:52,288","INFO","Trial 210 - 12:20:52 - Unrewarded - /home/fet/stimuli/test_categories_box2/nonreward/Th_Stim_8_WhiBlu4917_070401090208.wav"
"2017-02-25 12:20:52,347","INFO","Trial 211 - 12:20:52 - Unrewarded - /home/fet/stimuli/test_categories_box2/nonreward/Te_Stim_8_WhiGra0114_052011210210.wav"
"2017-02-25 12:21:03,802","INFO","Trial 212 - 12:21:03 - Unrewarded - /home/fet/stimuli/test_categories_box2/nonreward/Di_Stim_1_PurRas20dd_010401010101.wav"
"2017-02-25 12:21:17,060","INFO","Trial 213 - 12:21:17 - Rewarded - /home/fet/stimuli/test_categories_box2/reward/So_Stim_9_WhiLbl0010_040608.wav"
"2017-02-25 12:21:23,065","INFO","Supplying reward for 12.00 seconds"
"2017-02-25 12:22:11,571","INFO","Trial 214 - 12:22:11 - Unrewarded - /home/fet/stimuli/test_categories_box2/nonreward/Ag_Stim_1_WhiWhi1415_020202020202.wav"
"2017-02-25 12:22:12,413","INFO","Trial 215 - 12:22:12 - Unrewarded - /home/fet/stimuli/test_categories_box2/nonreward/Di_Stim_1_BlaBla0506_010101010101.wav"
"2017-02-25 12:22:39,177","INFO","Trial 216 - 12:22:39 - Unrewarded - /home/fet/stimuli/test_categories_box2/nonreward/Ag_Stim_3_WhiWhi1415_020202020202.wav"
"2017-02-25 12:22:40,227","INFO","Trial 217 - 12:22:40 - Rewarded - /home/fet/stimuli/test_categories_box2/reward/So_Stim_4_HPiHPi4748_161308.wav"
"2017-02-25 12:22:46,234","INFO","Supplying reward for 12.00 seconds"
"2017-02-25 12:23:26,373","INFO","Trial 218 - 12:23:26 - Rewarded - /home/fet/stimuli/test_categories_box2/reward/So_Stim_1_GraLbl0457_100406.wav"
"2017-02-25 12:23:32,378","INFO","Supplying reward for 12.00 seconds"
"2017-02-25 12:24:29,039","INFO","Trial 219 - 12:24:29 - Unrewarded - /home/fet/stimuli/test_categories_box2/nonreward/LT_Stim_7_WhiBlu3414_100522122021.wav"
"2017-02-25 12:24:40,803","INFO","Trial 220 - 12:24:40 - Unrewarded - /home/fet/stimuli/test_categories_box2/nonreward/Ag_Stim_1_GraGra0201_140215081211.wav"
"2017-02-25 12:24:54,249","INFO","Trial 221 - 12:24:54 - Unrewarded - /home/fet/stimuli/test_categories_box2/nonreward/Di_Stim_3_BlaBla0506_010101010101.wav"
"2017-02-25 12:25:08,601","INFO","Trial 222 - 12:25:08 - Unrewarded - /home/fet/stimuli/test_categories_box2/nonreward/Be_Stim_7_WhiBlu0112_061201.wav"
"2017-02-25 12:25:09,564","INFO","Trial 223 - 12:25:09 - Unrewarded - /home/fet/stimuli/test_categories_box2/nonreward/Tu_Stim_10_HPiHPi4748_121110233022.wav"
"2017-02-25 12:25:33,311","INFO","Trial 224 - 12:25:33 - Unrewarded - /home/fet/stimuli/test_categories_box2/nonreward/Ag_Stim_6_GreWhi1242_010101010101.wav"
"2017-02-25 12:25:33,365","INFO","Trial 225 - 12:25:33 - Rewarded - /home/fet/stimuli/test_categories_box2/reward/So_Stim_5_YelOra2575_221520.wav"
"2017-02-25 12:25:39,373","INFO","Supplying reward for 12.00 seconds"
"2017-02-25 12:27:48,407","INFO","Trial 226 - 12:27:48 - Unrewarded - /home/fet/stimuli/test_categories_box2/nonreward/Wh_Stim_9_YelGre5275_111013040807.wav"
"2017-02-25 12:28:36,852","INFO","Trial 227 - 12:28:36 - Unrewarded - /home/fet/stimuli/test_categories_box2/nonreward/Te_Stim_1_WhiRas44dd_010420250317.wav"
"2017-02-25 12:29:05,200","INFO","Trial 228 - 12:29:05 - Unrewarded - /home/fet/stimuli/test_categories_box2/nonreward/DC_Stim_4_GreWhi1242_020301020101.wav"
"2017-02-25 12:29:20,087","INFO","Trial 229 - 12:29:20 - Unrewarded - /home/fet/stimuli/test_categories_box2/nonreward/DC_Stim_10_GreWhi1242_020301020202.wav"
"2017-02-25 12:29:30,670","INFO","Trial 230 - 12:29:30 - Unrewarded - /home/fet/stimuli/test_categories_box2/nonreward/Th_Stim_4_WhiWhi1415_193121262817.wav"
"2017-02-25 12:29:43,562","INFO","Trial 231 - 12:29:43 - Unrewarded - /home/fet/stimuli/test_categories_box2/nonreward/Be_Stim_4_LblRas1800_09_0210_0110_02.wav"
"2017-02-25 12:29:49,147","INFO","Trial 232 - 12:29:49 - Unrewarded - /home/fet/stimuli/test_categories_box2/nonreward/Di_Stim_5_WhiBlu4917_010101010101.wav"
"2017-02-25 12:30:01,119","INFO","Trial 233 - 12:30:01 - Unrewarded - /home/fet/stimuli/test_categories_box2/nonreward/DC_Stim_8_LblBla4419_043601303529.wav"
"2017-02-25 12:30:01,169","INFO","Trial 234 - 12:30:01 - Unrewarded - /home/fet/stimuli/test_categories_box2/nonreward/Be_Stim_1_WhiBlu0112_131514.wav"
"2017-02-25 12:30:01,919","INFO","Trial 235 - 12:30:01 - Unrewarded - /home/fet/stimuli/test_categories_box2/nonreward/DC_Stim_6_BluRas61dd_251813331511.wav"
"2017-02-25 12:30:01,972","INFO","Trial 236 - 12:30:01 - Unrewarded - /home/fet/stimuli/test_categories_box2/nonreward/Te_Stim_9_WhiBlu4818_091001182011.wav"
"2017-02-25 12:30:34,799","INFO","Trial 237 - 12:30:34 - Unrewarded - /home/fet/stimuli/test_categories_box2/nonreward/Ne_Stim_9_BluRas61dd_132630201729.wav"
"2017-02-25 12:30:35,533","INFO","Trial 238 - 12:30:35 - Unrewarded - /home/fet/stimuli/test_categories_box2/nonreward/DC_Stim_9_WhiWhi1415_050102030403.wav"
"2017-02-25 12:31:07,948","INFO","Trial 239 - 12:31:07 - Unrewarded - /home/fet/stimuli/test_categories_box2/nonreward/Te_Stim_2_BluRas07dd_200113162621.wav"
"2017-02-25 12:31:24,804","INFO","Trial 240 - 12:31:24 - Unrewarded - /home/fet/stimuli/test_categories_box2/nonreward/Wh_Stim_2_YelGre5275_050610041408.wav"
"2017-02-25 12:31:34,924","INFO","Trial 241 - 12:31:34 - Unrewarded - /home/fet/stimuli/test_categories_box2/nonreward/Th_Stim_5_LblRed0613_071113121602.wav"
"2017-02-25 12:31:34,987","INFO","Trial 242 - 12:31:34 - Unrewarded - /home/fet/stimuli/test_categories_box2/nonreward/Di_Stim_3_Unknown_11_010201020101.wav"
"2017-02-25 12:32:34,300","INFO","Trial 243 - 12:32:34 - Unrewarded - /home/fet/stimuli/test_categories_box2/nonreward/Wh_Stim_7_GraLbl0457_040201050105.wav"
"2017-02-25 12:32:46,632","INFO","Trial 244 - 12:32:46 - Unrewarded - /home/fet/stimuli/test_categories_box2/nonreward/Th_Stim_5_BlaBla0506_020504030102.wav"
"2017-02-25 12:33:07,637","INFO","Trial 245 - 12:33:07 - Unrewarded - /home/fet/stimuli/test_categories_box2/nonreward/Te_Stim_5_WhiRas44dd_060315051617.wav"
"2017-02-25 12:33:34,680","INFO","Trial 246 - 12:33:34 - Unrewarded - /home/fet/stimuli/test_categories_box2/nonreward/LT_Stim_9_LblGre0001_030901070608.wav"
"2017-02-25 12:33:53,433","INFO","Trial 247 - 12:33:53 - Unrewarded - /home/fet/stimuli/test_categories_box2/nonreward/Di_Stim_8_WhiBlu4917_010101010101.wav"
"2017-02-25 12:33:53,488","INFO","Trial 248 - 12:33:53 - Unrewarded - /home/fet/stimuli/test_categories_box2/nonreward/Ag_Stim_10_WhiBlu4917_010101010101.wav"
"2017-02-25 12:34:02,673","INFO","Trial 249 - 12:34:02 - Unrewarded - /home/fet/stimuli/test_categories_box2/nonreward/LT_Stim_1_LblGre0000_142003110407.wav"
"2017-02-25 12:34:08,882","INFO","Trial 250 - 12:34:08 - Unrewarded - /home/fet/stimuli/test_categories_box2/nonreward/Wh_Stim_2_GraLbl0457_020105040102.wav"
"2017-02-25 12:34:18,629","INFO","Trial 251 - 12:34:18 - Unrewarded - /home/fet/stimuli/test_categories_box2/nonreward/Wh_Stim_3_GraLbl0457_040201050401.wav"
"2017-02-25 12:34:49,829","INFO","Trial 252 - 12:34:49 - Unrewarded - /home/fet/stimuli/test_categories_box2/nonreward/Di_Stim_5_Unknown_11_010202010202.wav"
"2017-02-25 12:34:50,637","INFO","Trial 253 - 12:34:50 - Unrewarded - /home/fet/stimuli/test_categories_box2/nonreward/Wh_Stim_4_HPiHPi4748_031816140213.wav"
"2017-02-25 12:34:59,326","INFO","Trial 254 - 12:34:59 - Rewarded - /home/fet/stimuli/test_categories_box2/reward/So_Stim_3_WhiBlu4818_041109.wav"
"2017-02-25 12:35:05,335","INFO","Supplying reward for 12.00 seconds"
"2017-02-25 12:35:43,661","INFO","Trial 255 - 12:35:43 - Unrewarded - /home/fet/stimuli/test_categories_box2/nonreward/Di_Stim_10_Unknown000_010202020101.wav"
"2017-02-25 12:35:44,469","INFO","Trial 256 - 12:35:44 - Unrewarded - /home/fet/stimuli/test_categories_box2/nonreward/Tu_Stim_8_WhiRas44dd_251619102601.wav"
"2017-02-25 12:35:56,242","INFO","Trial 257 - 12:35:56 - Rewarded - /home/fet/stimuli/test_categories_box2/reward/So_Stim_1_WhiLbl0010_050607.wav"
"2017-02-25 12:36:02,251","INFO","Supplying reward for 12.00 seconds"
"2017-02-25 12:36:56,177","INFO","Trial 258 - 12:36:56 - Unrewarded - /home/fet/stimuli/test_categories_box2/nonreward/Be_Stim_8_GraRas1500_040104.wav"
"2017-02-25 12:36:57,489","INFO","Trial 259 - 12:36:57 - Unrewarded - /home/fet/stimuli/test_categories_box2/nonreward/Te_Stim_3_GreGre2522_142527042030.wav"
"2017-02-25 12:37:13,546","INFO","Trial 260 - 12:37:13 - Unrewarded - /home/fet/stimuli/test_categories_box2/nonreward/Ne_Stim_10_BlaBla0506_030905131205.wav"
"2017-02-25 12:37:36,240","INFO","Trial 261 - 12:37:36 - Unrewarded - /home/fet/stimuli/test_categories_box2/nonreward/Tu_Stim_10_WhiRas44dd_170116092608.wav"
"2017-02-25 12:37:49,182","INFO","Trial 262 - 12:37:49 - Unrewarded - /home/fet/stimuli/test_categories_box2/nonreward/Wh_Stim_10_HPiHPi4748_173302263031.wav"
"2017-02-25 12:38:06,838","INFO","Trial 263 - 12:38:06 - Unrewarded - /home/fet/stimuli/test_categories_box2/nonreward/Tu_Stim_10_YelGre5275_271629301324.wav"
"2017-02-25 12:38:07,806","INFO","Trial 264 - 12:38:07 - Unrewarded - /home/fet/stimuli/test_categories_box2/nonreward/DC_Stim_1_WhiLbl0010_212228140926.wav"
"2017-02-25 12:38:19,449","INFO","Trial 265 - 12:38:19 - Unrewarded - /home/fet/stimuli/test_categories_box2/nonreward/Tu_Stim_10_GraGra0201_201401180405.wav"
"2017-02-25 12:38:29,249","INFO","Trial 266 - 12:38:29 - Unrewarded - /home/fet/stimuli/test_categories_box2/nonreward/LT_Stim_8_LblBlu1927_010101010101.wav"
"2017-02-25 12:38:34,821","INFO","Trial 267 - 12:38:34 - Unrewarded - /home/fet/stimuli/test_categories_box2/nonreward/Tu_Stim_2_GraLbl0457_151306121611.wav"
"2017-02-25 12:38:40,829","INFO","Trial 268 - 12:38:40 - Unrewarded - /home/fet/stimuli/test_categories_box2/nonreward/Th_Stim_6_WhiGra0114_020708060501.wav"
"2017-02-25 12:38:51,296","INFO","Trial 269 - 12:38:51 - Rewarded - /home/fet/stimuli/test_categories_box2/reward/So_Stim_1_LblRed0613_411235.wav"
"2017-02-25 12:38:57,305","INFO","Supplying reward for 12.00 seconds"
"2017-02-25 12:39:47,824","INFO","Trial 270 - 12:39:47 - Rewarded - /home/fet/stimuli/test_categories_box2/reward/So_Stim_2_LblBla4548_364703.wav"
"2017-02-25 12:39:53,833","INFO","Supplying reward for 12.00 seconds"
"2017-02-25 12:40:56,262","INFO","Trial 271 - 12:40:56 - Unrewarded - /home/fet/stimuli/test_categories_box2/nonreward/DC_Stim_2_WhiWhi1415_010205040301.wav"
"2017-02-25 12:40:56,317","INFO","Trial 272 - 12:40:56 - Unrewarded - /home/fet/stimuli/test_categories_box2/nonreward/Di_Stim_1_BlaLbl8026_020301010102.wav"
"2017-02-25 12:44:16,880","INFO","Trial 273 - 12:44:16 - Rewarded - /home/fet/stimuli/test_categories_box2/reward/So_Stim_9_BlaBla0506_120608.wav"
"2017-02-25 12:44:16,935","INFO","Trial 274 - 12:44:16 - Unrewarded - /home/fet/stimuli/test_categories_box2/nonreward/Be_Stim_10_LblRas1800_10_0203_0209_01.wav"
"2017-02-25 14:36:58,625","INFO","Trial 275 - 14:36:58 - Unrewarded - /home/fet/stimuli/test_categories_box2/nonreward/Be_Stim_8_LblBlu6379_07_0101_0301_02.wav"
"2017-02-25 14:37:07,968","INFO","Trial 276 - 14:37:07 - Rewarded - /home/fet/stimuli/test_categories_box2/reward/So_Stim_2_YelGre5275_273035.wav"
"2017-02-25 14:37:13,973","INFO","Supplying reward for 12.00 seconds"
"2017-02-25 14:37:50,035","INFO","Trial 277 - 14:37:50 - Rewarded - /home/fet/stimuli/test_categories_box2/reward/So_Stim_6_YelGre5275_301635.wav"
"2017-02-25 14:37:56,040","INFO","Supplying reward for 12.00 seconds"
"2017-02-25 14:39:12,446","INFO","Trial 278 - 14:39:12 - Unrewarded - /home/fet/stimuli/test_categories_box2/nonreward/Tu_Stim_9_WhiRas44dd_062511201815.wav"
"2017-02-25 14:39:26,445","INFO","Trial 279 - 14:39:26 - Rewarded - /home/fet/stimuli/test_categories_box2/reward/So_Stim_10_YelGre5275_300817.wav"
"2017-02-25 14:39:26,500","INFO","Trial 280 - 14:39:26 - Unrewarded - /home/fet/stimuli/test_categories_box2/nonreward/DC_Stim_4_YelOra2575_013806144840.wav"
"2017-02-25 14:39:38,618","INFO","Trial 281 - 14:39:38 - Unrewarded - /home/fet/stimuli/test_categories_box2/nonreward/Be_Stim_3_LblGre0000_100708.wav"
"2017-02-25 14:39:48,227","INFO","Trial 282 - 14:39:48 - Rewarded - /home/fet/stimuli/test_categories_box2/reward/So_Stim_8_WhiBlu5698_180824.wav"
"2017-02-25 14:39:54,236","INFO","Supplying reward for 12.00 seconds"
"2017-02-25 14:40:29,578","INFO","Trial 283 - 14:40:29 - Unrewarded - /home/fet/stimuli/test_categories_box2/nonreward/Ne_Stim_4_BlaBla0506_050903051605.wav"
"2017-02-25 14:40:30,517","INFO","Trial 284 - 14:40:30 - Unrewarded - /home/fet/stimuli/test_categories_box2/nonreward/DC_Stim_10_LblBla4419_101636073424.wav"
"2017-02-25 14:40:40,820","INFO","Trial 285 - 14:40:40 - Unrewarded - /home/fet/stimuli/test_categories_box2/nonreward/Di_Stim_5_GraGra0201_070107010707.wav"
"2017-02-25 14:40:40,875","INFO","Trial 286 - 14:40:40 - Unrewarded - /home/fet/stimuli/test_categories_box2/nonreward/LT_Stim_1_WhiBlu0112_190913181026.wav"
"2017-02-25 14:40:42,175","INFO","Trial 287 - 14:40:42 - Unrewarded - /home/fet/stimuli/test_categories_box2/nonreward/Te_Stim_4_HPiHPi4748_151123142019.wav"
"2017-02-25 14:40:42,223","INFO","Trial 288 - 14:40:42 - Unrewarded - /home/fet/stimuli/test_categories_box2/nonreward/LT_Stim_1_WhiBlu3513_050406020103.wav"
"2017-02-25 14:40:55,823","INFO","Trial 289 - 14:40:55 - Unrewarded - /home/fet/stimuli/test_categories_box2/nonreward/DC_Stim_10_WhiGra0114_121011071314.wav"
"2017-02-25 14:41:06,152","INFO","Trial 290 - 14:41:06 - Rewarded - /home/fet/stimuli/test_categories_box2/reward/So_Stim_10_YelOra2575_131826.wav"
"2017-02-25 14:41:06,203","INFO","Trial 291 - 14:41:06 - Rewarded - /home/fet/stimuli/test_categories_box2/reward/So_Stim_8_LblBla4548_382228.wav"
"2017-02-25 14:41:12,211","INFO","Supplying reward for 12.00 seconds"
"2017-02-25 14:41:39,664","INFO","Trial 292 - 14:41:39 - Rewarded - /home/fet/stimuli/test_categories_box2/reward/So_Stim_2_GraLbl0457_140115.wav"
"2017-02-25 14:41:39,719","INFO","Trial 293 - 14:41:39 - Unrewarded - /home/fet/stimuli/test_categories_box2/nonreward/Ag_Stim_8_WhiLbl0010_181203150427.wav"
"2017-02-25 14:41:44,830","INFO","Trial 294 - 14:41:44 - Unrewarded - /home/fet/stimuli/test_categories_box2/nonreward/Te_Stim_7_PurRas20dd_020819172518.wav"
"2017-02-25 14:41:57,104","INFO","Trial 295 - 14:41:57 - Unrewarded - /home/fet/stimuli/test_categories_box2/nonreward/Ne_Stim_8_WhiBlu5698_131802170926.wav"
"2017-02-25 14:41:57,158","INFO","Trial 296 - 14:41:57 - Rewarded - /home/fet/stimuli/test_categories_box2/reward/So_Stim_10_RedRas3600_020504.wav"
"2017-02-25 14:42:03,166","INFO","Supplying reward for 12.00 seconds"
"2017-02-25 14:42:43,947","INFO","Trial 297 - 14:42:43 - Unrewarded - /home/fet/stimuli/test_categories_box2/nonreward/Wh_Stim_3_GraGra0201_050501040502.wav"
"2017-02-25 14:42:58,585","INFO","Trial 298 - 14:42:58 - Unrewarded - /home/fet/stimuli/test_categories_box2/nonreward/Be_Stim_2_WhiBlu0112_130412.wav"
"2017-02-25 14:42:58,640","INFO","Trial 299 - 14:42:58 - Rewarded - /home/fet/stimuli/test_categories_box2/reward/So_Stim_10_LblRed0613_370906.wav"
"2017-02-25 14:43:04,648","INFO","Supplying reward for 12.00 seconds"
"2017-02-25 14:43:32,691","INFO","Trial 300 - 14:43:32 - Unrewarded - /home/fet/stimuli/test_categories_box2/nonreward/LT_Stim_2_LblGre0001_090306040210.wav"
"2017-02-25 14:43:44,306","INFO","Trial 301 - 14:43:44 - Unrewarded - /home/fet/stimuli/test_categories_box2/nonreward/Wh_Stim_8_YelGre5275_090701100804.wav"
"2017-02-25 14:43:44,357","INFO","Trial 302 - 14:43:44 - Rewarded - /home/fet/stimuli/test_categories_box2/reward/So_Stim_8_HPiHPi4748_021509.wav"
"2017-02-25 14:43:50,365","INFO","Supplying reward for 12.00 seconds"
"2017-02-25 14:44:18,293","INFO","Trial 303 - 14:44:18 - Unrewarded - /home/fet/stimuli/test_categories_box2/nonreward/Be_Stim_4_WhiBlu0112_161309.wav"
"2017-02-25 14:44:18,348","INFO","Trial 304 - 14:44:18 - Unrewarded - /home/fet/stimuli/test_categories_box2/nonreward/Tu_Stim_9_GreOra1817_180716081201.wav"
"2017-02-25 14:44:25,358","INFO","Trial 305 - 14:44:25 - Unrewarded - /home/fet/stimuli/test_categories_box2/nonreward/Di_Stim_9_BlaBla0506_010101010101.wav"
"2017-02-25 14:44:25,409","INFO","Trial 306 - 14:44:25 - Unrewarded - /home/fet/stimuli/test_categories_box2/nonreward/Ne_Stim_1_WhiWhi1415_080609051007.wav"
"2017-02-25 14:44:34,553","INFO","Trial 307 - 14:44:34 - Unrewarded - /home/fet/stimuli/test_categories_box2/nonreward/Ne_Stim_10_HPiHPi4748_274020394328.wav"
"2017-02-25 14:44:34,903","INFO","Trial 308 - 14:44:34 - Unrewarded - /home/fet/stimuli/test_categories_box2/nonreward/Tu_Stim_1_WhiRas44dd_100107132602.wav"
"2017-02-25 14:44:46,992","INFO","Trial 309 - 14:44:46 - Unrewarded - /home/fet/stimuli/test_categories_box2/nonreward/Di_Stim_4_Unknown000_010202010201.wav"
"2017-02-25 14:44:47,047","INFO","Trial 310 - 14:44:47 - Unrewarded - /home/fet/stimuli/test_categories_box2/nonreward/Th_Stim_4_GraGra0201_394936502744.wav"
"2017-02-25 14:44:57,011","INFO","Trial 311 - 14:44:57 - Unrewarded - /home/fet/stimuli/test_categories_box2/nonreward/Wh_Stim_2_GraGra0201_060501050405.wav"
"2017-02-25 14:45:08,769","INFO","Trial 312 - 14:45:08 - Unrewarded - /home/fet/stimuli/test_categories_box2/nonreward/Di_Stim_8_GraGra0201_070101010701.wav"
"2017-02-25 14:45:09,681","INFO","Trial 313 - 14:45:09 - Unrewarded - /home/fet/stimuli/test_categories_box2/nonreward/LT_Stim_1_LblRas1800_060301040502.wav"
"2017-02-25 14:45:16,142","INFO","Trial 314 - 14:45:16 - Rewarded - /home/fet/stimuli/test_categories_box2/reward/So_Stim_5_LblBla4548_221625.wav"
"2017-02-25 14:45:22,147","INFO","Supplying reward for 12.00 seconds"
"2017-02-25 14:45:53,880","INFO","Trial 315 - 14:45:53 - Unrewarded - /home/fet/stimuli/test_categories_box2/nonreward/Be_Stim_9_GraRas1500_070402.wav"
"2017-02-25 14:45:54,885","INFO","Trial 316 - 14:45:54 - Unrewarded - /home/fet/stimuli/test_categories_box2/nonreward/Ne_Stim_10_BluRas07dd_222003090512.wav"
"2017-02-25 14:46:08,035","INFO","Trial 317 - 14:46:08 - Unrewarded - /home/fet/stimuli/test_categories_box2/nonreward/Te_Stim_5_WhiBlu4818_180301201505.wav"
"2017-02-25 14:46:08,090","INFO","Trial 318 - 14:46:08 - Rewarded - /home/fet/stimuli/test_categories_box2/reward/So_Stim_5_GraLbl0457_050106.wav"
"2017-02-25 14:46:14,097","INFO","Supplying reward for 12.00 seconds"
"2017-02-25 14:47:17,460","INFO","Trial 319 - 14:47:17 - Rewarded - /home/fet/stimuli/test_categories_box2/reward/So_Stim_5_RedRas3600_060102.wav"
"2017-02-25 14:47:23,469","INFO","Supplying reward for 12.00 seconds"
"2017-02-25 14:47:53,627","INFO","Trial 320 - 14:47:53 - Unrewarded - /home/fet/stimuli/test_categories_box2/nonreward/Ag_Stim_5_GreGre2522_020102010102.wav"
"2017-02-25 14:47:53,682","INFO","Trial 321 - 14:47:53 - Unrewarded - /home/fet/stimuli/test_categories_box2/nonreward/Ag_Stim_5_WhiBlu4818_050706060505.wav"
"2017-02-25 14:47:54,570","INFO","Trial 322 - 14:47:54 - Rewarded - /home/fet/stimuli/test_categories_box2/reward/So_Stim_9_WhiBlu4818_092205.wav"
"2017-02-25 14:48:00,582","INFO","Supplying reward for 12.00 seconds"
"2017-02-25 14:48:34,860","INFO","Trial 323 - 14:48:34 - Rewarded - /home/fet/stimuli/test_categories_box2/reward/So_Stim_9_LblRed0613_353908.wav"
"2017-02-25 14:48:34,911","INFO","Trial 324 - 14:48:34 - Unrewarded - /home/fet/stimuli/test_categories_box2/nonreward/Be_Stim_8_LblBlu1927_071108.wav"
"2017-02-25 14:48:35,190","INFO","Trial 325 - 14:48:35 - Unrewarded - /home/fet/stimuli/test_categories_box2/nonreward/Tu_Stim_4_PurRas20dd_030104060907.wav"
"2017-02-25 14:48:35,234","INFO","Trial 326 - 14:48:35 - Rewarded - /home/fet/stimuli/test_categories_box2/reward/So_Stim_1_YelGre5275_343025.wav"
"2017-02-25 14:48:41,242","INFO","Supplying reward for 12.00 seconds"
"2017-02-25 14:49:19,432","INFO","Trial 327 - 14:49:19 - Unrewarded - /home/fet/stimuli/test_categories_box2/nonreward/Di_Stim_3_PurRas20dd_010401010401.wav"
"2017-02-25 14:49:19,806","INFO","Trial 328 - 14:49:19 - Unrewarded - /home/fet/stimuli/test_categories_box2/nonreward/Ag_Stim_5_GraLbl0457_190708060905.wav"
"2017-02-25 14:49:20,617","INFO","Trial 329 - 14:49:20 - Unrewarded - /home/fet/stimuli/test_categories_box2/nonreward/Ne_Stim_9_BlaBla0506_071310090916.wav"
"2017-02-25 14:49:20,670","INFO","Trial 330 - 14:49:20 - Rewarded - /home/fet/stimuli/test_categories_box2/reward/So_Stim_7_LblRed0613_353140.wav"
"2017-02-25 14:49:26,678","INFO","Supplying reward for 12.00 seconds"
"2017-02-25 14:49:52,850","INFO","Trial 331 - 14:49:52 - Unrewarded - /home/fet/stimuli/test_categories_box2/nonreward/Wh_Stim_9_LblBla4419_071506011710.wav"
"2017-02-25 14:50:05,252","INFO","Trial 332 - 14:50:05 - Unrewarded - /home/fet/stimuli/test_categories_box2/nonreward/Di_Stim_1_WhiBlu4917_010101010101.wav"
"2017-02-25 14:50:20,227","INFO","Trial 333 - 14:50:20 - Rewarded - /home/fet/stimuli/test_categories_box2/reward/So_Stim_6_WhiBlu4818_221109.wav"
"2017-02-25 14:50:26,232","INFO","Supplying reward for 12.00 seconds"
"2017-02-25 14:51:08,456","INFO","Trial 334 - 14:51:08 - Unrewarded - /home/fet/stimuli/test_categories_box2/nonreward/Wh_Stim_1_YelGre5275_060502141211.wav"
"2017-02-25 14:51:28,874","INFO","Trial 335 - 14:51:28 - Rewarded - /home/fet/stimuli/test_categories_box2/reward/So_Stim_8_BluRas61dd_220809.wav"
"2017-02-25 14:51:34,879","INFO","Supplying reward for 12.00 seconds"
"2017-02-25 14:52:11,204","INFO","Trial 336 - 14:52:11 - Unrewarded - /home/fet/stimuli/test_categories_box2/nonreward/Ne_Stim_2_LblBla4419_360427185002.wav"
"2017-02-25 14:52:12,148","INFO","Trial 337 - 14:52:12 - Unrewarded - /home/fet/stimuli/test_categories_box2/nonreward/Wh_Stim_4_LblRed0613_024011371225.wav"
"2017-02-25 14:52:21,133","INFO","Trial 338 - 14:52:21 - Rewarded - /home/fet/stimuli/test_categories_box2/reward/So_Stim_7_YelGre5275_361709.wav"
"2017-02-25 14:52:27,142","INFO","Supplying reward for 12.00 seconds"
"2017-02-25 14:53:25,163","INFO","Trial 339 - 14:53:25 - Unrewarded - /home/fet/stimuli/test_categories_box2/nonreward/Te_Stim_5_WhiWhi1415_110240042738.wav"
"2017-02-25 14:53:35,726","INFO","Trial 340 - 14:53:35 - Unrewarded - /home/fet/stimuli/test_categories_box2/nonreward/LT_Stim_8_LblBlu2028_090401050206.wav"
"2017-02-25 14:53:43,386","INFO","Trial 341 - 14:53:43 - Unrewarded - /home/fet/stimuli/test_categories_box2/nonreward/Th_Stim_9_GraGra0201_324415210302.wav"
"2017-02-25 14:54:06,601","INFO","Trial 342 - 14:54:06 - Unrewarded - /home/fet/stimuli/test_categories_box2/nonreward/Tu_Stim_5_HPiHPi4748_011925112910.wav"
"2017-02-25 14:54:15,034","INFO","Trial 343 - 14:54:15 - Unrewarded - /home/fet/stimuli/test_categories_box2/nonreward/Ne_Stim_1_HPiHPi4748_110535284945.wav"
"2017-02-25 14:54:26,736","INFO","Trial 344 - 14:54:26 - Unrewarded - /home/fet/stimuli/test_categories_box2/nonreward/Te_Stim_7_GraLbl0457_050826131209.wav"
"2017-02-25 14:54:39,052","INFO","Trial 345 - 14:54:39 - Unrewarded - /home/fet/stimuli/test_categories_box2/nonreward/Te_Stim_10_BlaLbl8026_030718212306.wav"
"2017-02-25 14:54:50,029","INFO","Trial 346 - 14:54:50 - Unrewarded - /home/fet/stimuli/test_categories_box2/nonreward/Wh_Stim_7_LblBla4419_110805161406.wav"
"2017-02-25 14:54:59,781","INFO","Trial 347 - 14:54:59 - Rewarded - /home/fet/stimuli/test_categories_box2/reward/So_Stim_3_LblBla4548_193708.wav"
"2017-02-25 14:55:05,786","INFO","Supplying reward for 12.00 seconds"
"2017-02-25 14:56:13,621","INFO","Trial 348 - 14:56:13 - Unrewarded - /home/fet/stimuli/test_categories_box2/nonreward/Th_Stim_5_WhiGra0114_060802050107.wav"
"2017-02-25 14:56:31,515","INFO","Trial 349 - 14:56:31 - Unrewarded - /home/fet/stimuli/test_categories_box2/nonreward/Ne_Stim_6_HPiHPi4748_152432201044.wav"
"2017-02-25 14:56:36,079","INFO","Trial 350 - 14:56:36 - Unrewarded - /home/fet/stimuli/test_categories_box2/nonreward/Te_Stim_10_WhiWhi1415_152227332306.wav"
"2017-02-25 14:56:48,972","INFO","Trial 351 - 14:56:48 - Unrewarded - /home/fet/stimuli/test_categories_box2/nonreward/Th_Stim_5_HPiHPi4748_170814062002.wav"
"2017-02-25 14:56:49,956","INFO","Trial 352 - 14:56:49 - Unrewarded - /home/fet/stimuli/test_categories_box2/nonreward/Ag_Stim_4_GraGra0201_020805060412.wav"
"2017-02-25 14:57:03,983","INFO","Trial 353 - 14:57:03 - Unrewarded - /home/fet/stimuli/test_categories_box2/nonreward/LT_Stim_3_LblBlu6243_022108141316.wav"
"2017-02-25 14:57:10,561","INFO","Trial 354 - 14:57:10 - Unrewarded - /home/fet/stimuli/test_categories_box2/nonreward/Th_Stim_6_LblRed0613_041302091218.wav"
"2017-02-25 14:57:11,693","INFO","Trial 355 - 14:57:11 - Rewarded - /home/fet/stimuli/test_categories_box2/reward/So_Stim_7_WhiLbl0010_070806.wav"
"2017-02-25 14:57:11,746","INFO","Trial 356 - 14:57:11 - Unrewarded - /home/fet/stimuli/test_categories_box2/nonreward/Ne_Stim_9_PurRas20dd_030703030605.wav"
"2017-02-25 14:57:20,112","INFO","Trial 357 - 14:57:20 - Unrewarded - /home/fet/stimuli/test_categories_box2/nonreward/Ag_Stim_2_WhiBlu4818_050706070507.wav"
"2017-02-25 14:57:20,167","INFO","Trial 358 - 14:57:20 - Unrewarded - /home/fet/stimuli/test_categories_box2/nonreward/Tu_Stim_4_GraLbl0457_161401100612.wav"
"2017-02-25 14:57:22,149","INFO","Trial 359 - 14:57:22 - Unrewarded - /home/fet/stimuli/test_categories_box2/nonreward/DC_Stim_8_WhiBlu4818_050201030401.wav"
"2017-02-25 14:57:40,849","INFO","Trial 360 - 14:57:40 - Unrewarded - /home/fet/stimuli/test_categories_box2/nonreward/Te_Stim_3_PurRas20dd_131230230729.wav"
"2017-02-25 14:57:51,396","INFO","Trial 361 - 14:57:51 - Unrewarded - /home/fet/stimuli/test_categories_box2/nonreward/Th_Stim_5_WhiBlu4818_050403010201.wav"
"2017-02-25 14:57:59,076","INFO","Trial 362 - 14:57:59 - Unrewarded - /home/fet/stimuli/test_categories_box2/nonreward/Th_Stim_2_LblRed0613_101209011415.wav"
"2017-02-25 14:58:00,163","INFO","Trial 363 - 14:58:00 - Unrewarded - /home/fet/stimuli/test_categories_box2/nonreward/Te_Stim_4_BluRas07dd_220729192109.wav"
"2017-02-25 14:58:17,671","INFO","Trial 364 - 14:58:17 - Unrewarded - /home/fet/stimuli/test_categories_box2/nonreward/DC_Stim_3_YelOra2575_453219471724.wav"
"2017-02-25 14:58:28,918","INFO","Trial 365 - 14:58:28 - Rewarded - /home/fet/stimuli/test_categories_box2/reward/So_Stim_3_RedRas3600_010205.wav"
"2017-02-25 14:58:34,929","INFO","Supplying reward for 12.00 seconds"
"2017-02-25 14:59:20,267","INFO","Trial 366 - 14:59:20 - Rewarded - /home/fet/stimuli/test_categories_box2/reward/So_Stim_4_LblBla4548_422335.wav"
"2017-02-25 14:59:26,280","INFO","Supplying reward for 12.00 seconds"
"2017-02-25 15:00:25,043","INFO","Trial 367 - 15:00:25 - Unrewarded - /home/fet/stimuli/test_categories_box2/nonreward/Tu_Stim_6_WhiLbl0010_151912182014.wav"
"2017-02-25 15:00:25,105","INFO","Trial 368 - 15:00:25 - Unrewarded - /home/fet/stimuli/test_categories_box2/nonreward/DC_Stim_3_WhiGra0114_140310130704.wav"
"2017-02-25 15:00:39,648","INFO","Trial 369 - 15:00:39 - Unrewarded - /home/fet/stimuli/test_categories_box2/nonreward/Wh_Stim_7_GreOra1817_010101010101.wav"
"2017-02-25 15:01:02,003","INFO","Trial 370 - 15:01:02 - Unrewarded - /home/fet/stimuli/test_categories_box2/nonreward/DC_Stim_5_YelOra2575_021027482211.wav"
"2017-02-25 15:01:02,058","INFO","Trial 371 - 15:01:02 - Unrewarded - /home/fet/stimuli/test_categories_box2/nonreward/DC_Stim_9_LblBla4419_311015331921.wav"
"2017-02-25 15:01:04,274","INFO","Trial 372 - 15:01:04 - Rewarded - /home/fet/stimuli/test_categories_box2/reward/So_Stim_6_YelOra2575_091626.wav"
"2017-02-25 15:01:04,323","INFO","Trial 373 - 15:01:04 - Unrewarded - /home/fet/stimuli/test_categories_box2/nonreward/LT_Stim_10_WhiBlu0112_051518241702.wav"
"2017-02-25 15:01:14,692","INFO","Trial 374 - 15:01:14 - Rewarded - /home/fet/stimuli/test_categories_box2/reward/So_Stim_10_BluRas61dd_210814.wav"
"2017-02-25 15:01:14,747","INFO","Trial 375 - 15:01:14 - Unrewarded - /home/fet/stimuli/test_categories_box2/nonreward/DC_Stim_1_RedRas3600_010608100903.wav"
"2017-02-25 15:01:22,273","INFO","Trial 376 - 15:01:22 - Unrewarded - /home/fet/stimuli/test_categories_box2/nonreward/Wh_Stim_2_HPiHPi4748_080225222926.wav"
"2017-02-25 15:01:35,835","INFO","Trial 377 - 15:01:35 - Unrewarded - /home/fet/stimuli/test_categories_box2/nonreward/LT_Stim_6_LblGre0000_172010210714.wav"
"2017-02-25 15:01:42,511","INFO","Trial 378 - 15:01:42 - Unrewarded - /home/fet/stimuli/test_categories_box2/nonreward/DC_Stim_6_GreRas2400_010202020201.wav"
"2017-02-25 15:02:08,949","INFO","Trial 379 - 15:02:08 - Unrewarded - /home/fet/stimuli/test_categories_box2/nonreward/Wh_Stim_3_BlaLbl8026_320809070932.wav"
"2017-02-25 15:02:16,985","INFO","Trial 380 - 15:02:16 - Unrewarded - /home/fet/stimuli/test_categories_box2/nonreward/DC_Stim_2_GreRas2400_020102020202.wav"
"2017-02-25 15:02:32,050","INFO","Trial 381 - 15:02:32 - Unrewarded - /home/fet/stimuli/test_categories_box2/nonreward/Tu_Stim_10_BlaLbl8026_101206081105.wav"
"2017-02-25 15:02:32,104","INFO","Trial 382 - 15:02:32 - Unrewarded - /home/fet/stimuli/test_categories_box2/nonreward/Ne_Stim_5_WhiWhi1415_060709100504.wav"
"2017-02-25 15:02:43,485","INFO","Trial 383 - 15:02:43 - Unrewarded - /home/fet/stimuli/test_categories_box2/nonreward/Ag_Stim_9_WhiBlu4917_010101010101.wav"
"2017-02-25 15:02:53,094","INFO","Trial 384 - 15:02:53 - Unrewarded - /home/fet/stimuli/test_categories_box2/nonreward/LT_Stim_3_WhiBlu0112_070219262125.wav"
"2017-02-25 15:03:01,536","INFO","Trial 385 - 15:03:01 - Unrewarded - /home/fet/stimuli/test_categories_box2/nonreward/LT_Stim_10_LblGre0000_041007080513.wav"
"2017-02-25 15:03:01,594","INFO","Trial 386 - 15:03:01 - Unrewarded - /home/fet/stimuli/test_categories_box2/nonreward/Ag_Stim_2_GreGre2522_020101010102.wav"
"2017-02-25 15:03:16,936","INFO","Trial 387 - 15:03:16 - Unrewarded - /home/fet/stimuli/test_categories_box2/nonreward/Di_Stim_3_Unknown000_010202010101.wav"
"2017-02-25 15:03:36,681","INFO","Trial 388 - 15:03:36 - Rewarded - /home/fet/stimuli/test_categories_box2/reward/So_Stim_5_WhiBlu4818_110504.wav"
"2017-02-25 15:03:36,736","INFO","Trial 389 - 15:03:36 - Unrewarded - /home/fet/stimuli/test_categories_box2/nonreward/Ne_Stim_2_BlaLbl8026_3210C-13263124.wav"
"2017-02-25 15:03:45,471","INFO","Trial 390 - 15:03:45 - Unrewarded - /home/fet/stimuli/test_categories_box2/nonreward/LT_Stim_2_LblBlu1927_010101010101.wav"
"2017-02-25 15:03:46,665","INFO","Trial 391 - 15:03:46 - Unrewarded - /home/fet/stimuli/test_categories_box2/nonreward/LT_Stim_1_WhiBlu3414_232103051508.wav"
"2017-02-25 15:03:55,129","INFO","Trial 392 - 15:03:55 - Unrewarded - /home/fet/stimuli/test_categories_box2/nonreward/Di_Stim_10_WhiBlu4818_060606060606.wav"
"2017-02-25 15:04:07,531","INFO","Trial 393 - 15:04:07 - Rewarded - /home/fet/stimuli/test_categories_box2/reward/So_Stim_9_BluRas61dd_111310.wav"
"2017-02-25 15:04:07,590","INFO","Trial 394 - 15:04:07 - Unrewarded - /home/fet/stimuli/test_categories_box2/nonreward/LT_Stim_3_LblRas1800_030206050104.wav"
"2017-02-25 15:04:09,183","INFO","Trial 395 - 15:04:09 - Unrewarded - /home/fet/stimuli/test_categories_box2/nonreward/Di_Stim_2_Unknown_11_010201020101.wav"
"2017-02-25 15:04:27,596","INFO","Trial 396 - 15:04:27 - Unrewarded - /home/fet/stimuli/test_categories_box2/nonreward/Ne_Stim_2_WhiBlu5698_181308022410.wav"
"2017-02-25 15:04:46,527","INFO","Trial 397 - 15:04:46 - Rewarded - /home/fet/stimuli/test_categories_box2/reward/So_Stim_10_HPiHPi4748_121515.wav"
"2017-02-25 15:04:52,533","INFO","Supplying reward for 12.00 seconds"
"2017-02-25 15:05:26,134","INFO","Trial 398 - 15:05:26 - Unrewarded - /home/fet/stimuli/test_categories_box2/nonreward/LT_Stim_6_LblRas1800_010205060304.wav"
"2017-02-25 15:05:48,484","INFO","Trial 399 - 15:05:48 - Unrewarded - /home/fet/stimuli/test_categories_box2/nonreward/Di_Stim_3_WhiWhi1415_020202020202.wav"
"2017-02-25 15:05:48,543","INFO","Trial 400 - 15:05:48 - Unrewarded - /home/fet/stimuli/test_categories_box2/nonreward/DC_Stim_6_GreWhi1242_030201030303.wav"
"2017-02-25 15:05:48,830","INFO","Trial 401 - 15:05:48 - Unrewarded - /home/fet/stimuli/test_categories_box2/nonreward/DC_Stim_4_GreRas2400_010201010101.wav"
"2017-02-25 15:06:05,179","INFO","Trial 402 - 15:06:05 - Unrewarded - /home/fet/stimuli/test_categories_box2/nonreward/Te_Stim_5_BluRas07dd_121810220616.wav"
"2017-02-25 15:06:19,600","INFO","Trial 403 - 15:06:19 - Rewarded - /home/fet/stimuli/test_categories_box2/reward/So_Stim_9_HPiHPi4748_152107.wav"
"2017-02-25 15:06:25,605","INFO","Supplying reward for 12.00 seconds"
"2017-02-25 16:10:43,470","INFO","Trial 404 - 16:10:43 - Unrewarded - /home/fet/stimuli/test_categories_box2/nonreward/DC_Stim_8_YelOra2575_462101113336.wav"
"2017-02-25 16:11:18,813","INFO","Trial 405 - 16:11:18 - Unrewarded - /home/fet/stimuli/test_categories_box2/nonreward/Ne_Stim_5_LblBla4419_474637541033.wav"
"2017-02-25 16:11:18,868","INFO","Trial 406 - 16:11:18 - Unrewarded - /home/fet/stimuli/test_categories_box2/nonreward/Tu_Stim_8_PurRas20dd_020308070506.wav"
"2017-02-25 16:11:29,339","INFO","Trial 407 - 16:11:29 - Unrewarded - /home/fet/stimuli/test_categories_box2/nonreward/Be_Stim_1_LblBlu6379_01_0101_0202.wav"
"2017-02-25 16:11:29,394","INFO","Trial 408 - 16:11:29 - Unrewarded - /home/fet/stimuli/test_categories_box2/nonreward/Th_Stim_9_LblRed0613_110701050206.wav"
"2017-02-25 16:11:40,116","INFO","Trial 409 - 16:11:40 - Unrewarded - /home/fet/stimuli/test_categories_box2/nonreward/LT_Stim_5_WhiBlu3513_030501020406.wav"
"2017-02-25 16:11:40,171","INFO","Trial 410 - 16:11:40 - Unrewarded - /home/fet/stimuli/test_categories_box2/nonreward/Ne_Stim_9_GreOra1817_140906051207.wav"
"2017-02-25 16:12:15,516","INFO","Trial 411 - 16:12:15 - Unrewarded - /home/fet/stimuli/test_categories_box2/nonreward/Th_Stim_6_WhiBlu4917_090504070102.wav"
"2017-02-25 16:12:16,594","INFO","Trial 412 - 16:12:16 - Unrewarded - /home/fet/stimuli/test_categories_box2/nonreward/Wh_Stim_8_BlaBla0506_141606021813.wav"
"2017-02-25 16:12:28,581","INFO","Trial 413 - 16:12:28 - Unrewarded - /home/fet/stimuli/test_categories_box2/nonreward/Th_Stim_3_Unknown_11_091006110103.wav"
"2017-02-25 16:12:30,045","INFO","Trial 414 - 16:12:30 - Unrewarded - /home/fet/stimuli/test_categories_box2/nonreward/Th_Stim_1_HPiHPi4748_211609062711.wav"
"2017-02-25 16:12:30,094","INFO","Trial 415 - 16:12:30 - Rewarded - /home/fet/stimuli/test_categories_box2/reward/So_Stim_6_BluRas61dd_101309.wav"
"2017-02-25 16:12:36,102","INFO","Supplying reward for 12.00 seconds"
"2017-02-25 16:13:24,940","INFO","Trial 416 - 16:13:24 - Unrewarded - /home/fet/stimuli/test_categories_box2/nonreward/Ne_Stim_6_WhiWhi1415_070405061008.wav"
"2017-02-25 16:13:24,990","INFO","Trial 417 - 16:13:24 - Unrewarded - /home/fet/stimuli/test_categories_box2/nonreward/Be_Stim_7_LblBlu1630_030104.wav"
"2017-02-25 16:13:26,563","INFO","Trial 418 - 16:13:26 - Unrewarded - /home/fet/stimuli/test_categories_box2/nonreward/Tu_Stim_4_YelGre5275_260521182830.wav"
"2017-02-25 16:13:40,667","INFO","Trial 419 - 16:13:40 - Unrewarded - /home/fet/stimuli/test_categories_box2/nonreward/Th_Stim_8_WhiBlu4818_010503020405.wav"
"2017-02-25 16:13:46,542","INFO","Trial 420 - 16:13:46 - Unrewarded - /home/fet/stimuli/test_categories_box2/nonreward/Wh_Stim_8_LblRed0613_381125301028.wav"
"2017-02-25 16:13:46,595","INFO","Trial 421 - 16:13:46 - Unrewarded - /home/fet/stimuli/test_categories_box2/nonreward/Tu_Stim_5_GraLbl0457_020112061013.wav"
"2017-02-25 16:13:56,879","INFO","Trial 422 - 16:13:56 - Rewarded - /home/fet/stimuli/test_categories_box2/reward/So_Stim_3_BluRas61dd_111418.wav"
"2017-02-25 16:14:02,884","INFO","Supplying reward for 12.00 seconds"
"2017-02-25 16:14:34,781","INFO","Trial 423 - 16:14:34 - Unrewarded - /home/fet/stimuli/test_categories_box2/nonreward/Di_Stim_1_GraGra0201_070101070701.wav"
"2017-02-25 16:14:35,790","INFO","Trial 424 - 16:14:35 - Unrewarded - /home/fet/stimuli/test_categories_box2/nonreward/Ag_Stim_6_WhiRas44dd_312108321117.wav"
"2017-02-25 16:14:45,373","INFO","Trial 425 - 16:14:45 - Unrewarded - /home/fet/stimuli/test_categories_box2/nonreward/Te_Stim_1_PurRas20dd_082819112226.wav"
"2017-02-25 16:14:56,460","INFO","Trial 426 - 16:14:56 - Unrewarded - /home/fet/stimuli/test_categories_box2/nonreward/Wh_Stim_10_GraLbl0457_050104020502.wav"
"2017-02-25 16:14:57,375","INFO","Trial 427 - 16:14:57 - Unrewarded - /home/fet/stimuli/test_categories_box2/nonreward/Te_Stim_9_WhiWhi1415_021305310938.wav"
"2017-02-25 16:15:08,322","INFO","Trial 428 - 16:15:08 - Unrewarded - /home/fet/stimuli/test_categories_box2/nonreward/DC_Stim_9_WhiBlu4818_010305040205.wav"
"2017-02-25 16:15:18,217","INFO","Trial 429 - 16:15:18 - Unrewarded - /home/fet/stimuli/test_categories_box2/nonreward/Tu_Stim_3_HPiHPi4748_102724130320.wav"
"2017-02-25 16:15:19,108","INFO","Trial 430 - 16:15:19 - Unrewarded - /home/fet/stimuli/test_categories_box2/nonreward/Tu_Stim_1_GreOra1817_010518061009.wav"
"2017-02-25 16:15:30,541","INFO","Trial 431 - 16:15:30 - Unrewarded - /home/fet/stimuli/test_categories_box2/nonreward/Tu_Stim_1_BluRas61dd_040709050601.wav"
"2017-02-25 16:15:31,423","INFO","Trial 432 - 16:15:31 - Unrewarded - /home/fet/stimuli/test_categories_box2/nonreward/Te_Stim_8_WhiLbl0010_062310150907.wav"
"2017-02-25 16:15:46,364","INFO","Trial 433 - 16:15:46 - Unrewarded - /home/fet/stimuli/test_categories_box2/nonreward/Th_Stim_1_BlaBla0506_010503040201.wav"
"2017-02-25 16:15:57,865","INFO","Trial 434 - 16:15:57 - Unrewarded - /home/fet/stimuli/test_categories_box2/nonreward/Wh_Stim_6_GraGra0201_020405050601.wav"
"2017-02-25 16:15:57,919","INFO","Trial 435 - 16:15:57 - Rewarded - /home/fet/stimuli/test_categories_box2/reward/So_Stim_3_HPiHPi4748_201507.wav"
"2017-02-25 16:16:03,927","INFO","Supplying reward for 12.00 seconds"
"2017-02-25 16:17:34,771","INFO","Trial 436 - 16:17:34 - Rewarded - /home/fet/stimuli/test_categories_box2/reward/So_Stim_3_BlaBla0506_060815.wav"
"2017-02-25 16:17:34,826","INFO","Trial 437 - 16:17:34 - Unrewarded - /home/fet/stimuli/test_categories_box2/nonreward/Wh_Stim_9_GraGra0201_010405060502.wav"
"2017-02-25 16:17:46,764","INFO","Trial 438 - 16:17:46 - Unrewarded - /home/fet/stimuli/test_categories_box2/nonreward/Ag_Stim_1_GreWhi1242_010101010101.wav"
"2017-02-25 16:17:54,501","INFO","Trial 439 - 16:17:54 - Unrewarded - /home/fet/stimuli/test_categories_box2/nonreward/Be_Stim_8_LblBlu6680_02_0101_0211_03.wav"
"2017-02-25 16:17:57,834","INFO","Trial 440 - 16:17:57 - Unrewarded - /home/fet/stimuli/test_categories_box2/nonreward/Wh_Stim_7_WhiRas44dd_030102020102.wav"
"2017-02-25 16:18:08,205","INFO","Trial 441 - 16:18:08 - Unrewarded - /home/fet/stimuli/test_categories_box2/nonreward/Di_Stim_3_HPiHPi4748_030503030303.wav"
"2017-02-25 16:18:09,919","INFO","Trial 442 - 16:18:09 - Unrewarded - /home/fet/stimuli/test_categories_box2/nonreward/Be_Stim_3_LblBlu1729_131214.wav"
"2017-02-25 16:18:24,547","INFO","Trial 443 - 16:18:24 - Unrewarded - /home/fet/stimuli/test_categories_box2/nonreward/Wh_Stim_10_BlaLbl8026_320907080908.wav"
"2017-02-25 16:18:24,606","INFO","Trial 444 - 16:18:24 - Unrewarded - /home/fet/stimuli/test_categories_box2/nonreward/Be_Stim_8_LblBlu1630_050404_c..wav"
"2017-02-25 16:18:35,766","INFO","Trial 445 - 16:18:35 - Unrewarded - /home/fet/stimuli/test_categories_box2/nonreward/Ag_Stim_5_WhiRas44dd_082431051132.wav"
"2017-02-25 16:18:36,652","INFO","Trial 446 - 16:18:36 - Unrewarded - /home/fet/stimuli/test_categories_box2/nonreward/Wh_Stim_1_BlaLbl8026_080732090708.wav"
"2017-02-25 16:18:49,671","INFO","Trial 447 - 16:18:49 - Unrewarded - /home/fet/stimuli/test_categories_box2/nonreward/DC_Stim_6_WhiLbl0010_171408230701.wav"
"2017-02-25 16:18:49,726","INFO","Trial 448 - 16:18:49 - Unrewarded - /home/fet/stimuli/test_categories_box2/nonreward/Be_Stim_7_LblRas1800_02_0309_0210_01.wav"
"2017-02-25 16:18:50,487","INFO","Trial 449 - 16:18:50 - Unrewarded - /home/fet/stimuli/test_categories_box2/nonreward/Ag_Stim_8_WhiWhi1415_020202020202.wav"
"2017-02-25 16:19:01,864","INFO","Trial 450 - 16:19:01 - Unrewarded - /home/fet/stimuli/test_categories_box2/nonreward/Tu_Stim_2_GreOra1817_170311020805.wav"
"2017-02-25 16:19:01,923","INFO","Trial 451 - 16:19:01 - Unrewarded - /home/fet/stimuli/test_categories_box2/nonreward/Te_Stim_1_BluRas07dd_071420171806.wav"
"2017-02-25 16:19:14,086","INFO","Trial 452 - 16:19:14 - Unrewarded - /home/fet/stimuli/test_categories_box2/nonreward/Di_Stim_10_YelOra2575_110909091109.wav"
"2017-02-25 17:07:44,616","INFO","Trial 453 - 17:07:44 - Unrewarded - /home/fet/stimuli/test_categories_box2/nonreward/Tu_Stim_7_YelOra2575_172219102306.wav"
"2017-02-25 17:07:55,233","INFO","Trial 454 - 17:07:55 - Rewarded - /home/fet/stimuli/test_categories_box2/reward/So_Stim_6_LblRed0613_141135.wav"
"2017-02-25 17:08:01,238","INFO","Supplying reward for 12.00 seconds"
"2017-02-25 17:08:33,734","INFO","Trial 455 - 17:08:33 - Unrewarded - /home/fet/stimuli/test_categories_box2/nonreward/Di_Stim_1_YelOra2575_091109111109.wav"
"2017-02-25 17:08:33,788","INFO","Trial 456 - 17:08:33 - Unrewarded - /home/fet/stimuli/test_categories_box2/nonreward/Th_Stim_2_GreOra1817_275007153938.wav"
"2017-02-25 17:08:34,894","INFO","Trial 457 - 17:08:34 - Unrewarded - /home/fet/stimuli/test_categories_box2/nonreward/Ne_Stim_5_HPiHPi4748_151710053043.wav"
"2017-02-25 17:08:34,948","INFO","Trial 458 - 17:08:34 - Rewarded - /home/fet/stimuli/test_categories_box2/reward/So_Stim_1_WhiBlu5698_081802.wav"
"2017-02-25 17:08:40,955","INFO","Supplying reward for 12.00 seconds"
"2017-02-25 17:09:14,627","INFO","Trial 459 - 17:09:14 - Unrewarded - /home/fet/stimuli/test_categories_box2/nonreward/LT_Stim_7_WhiBlu0112_112510031702.wav"
"2017-02-25 17:09:14,681","INFO","Trial 460 - 17:09:14 - Unrewarded - /home/fet/stimuli/test_categories_box2/nonreward/Tu_Stim_10_BluRas61dd_040105020803.wav"
"2017-02-25 17:09:15,693","INFO","Trial 461 - 17:09:15 - Unrewarded - /home/fet/stimuli/test_categories_box2/nonreward/Te_Stim_1_BlaLbl8026_031423100704.wav"
"2017-02-25 17:09:24,973","INFO","Trial 462 - 17:09:24 - Unrewarded - /home/fet/stimuli/test_categories_box2/nonreward/Wh_Stim_9_LblRed0613_430730251923.wav"
"2017-02-25 17:09:34,316","INFO","Trial 463 - 17:09:34 - Unrewarded - /home/fet/stimuli/test_categories_box2/nonreward/Ne_Stim_7_BluRas61dd_324337460315.wav"
"2017-02-25 17:09:35,132","INFO","Trial 464 - 17:09:35 - Unrewarded - /home/fet/stimuli/test_categories_box2/nonreward/LT_Stim_8_WhiBlu0112_242614082019.wav"
"2017-02-25 17:09:43,015","INFO","Trial 465 - 17:09:43 - Unrewarded - /home/fet/stimuli/test_categories_box2/nonreward/Di_Stim_4_WhiLbl0010_040404040404.wav"
"2017-02-25 17:09:50,850","INFO","Trial 466 - 17:09:50 - Unrewarded - /home/fet/stimuli/test_categories_box2/nonreward/Tu_Stim_4_WhiLbl0010_130105022204.wav"
"2017-02-25 17:10:01,119","INFO","Trial 467 - 17:10:01 - Unrewarded - /home/fet/stimuli/test_categories_box2/nonreward/Di_Stim_5_PurRas20dd_040104010404.wav"
"2017-02-25 17:10:12,157","INFO","Trial 468 - 17:10:12 - Unrewarded - /home/fet/stimuli/test_categories_box2/nonreward/Di_Stim_7_BlaLbl8026_020301020301.wav"
"2017-02-25 17:10:21,139","INFO","Trial 469 - 17:10:21 - Rewarded - /home/fet/stimuli/test_categories_box2/reward/So_Stim_3_YelOra2575_230916.wav"
"2017-02-25 17:10:27,144","INFO","Supplying reward for 12.00 seconds"
"2017-02-25 17:11:15,970","INFO","Trial 470 - 17:11:15 - Unrewarded - /home/fet/stimuli/test_categories_box2/nonreward/Te_Stim_2_HPiHPi4748_080426271920.wav"
"2017-02-25 17:11:16,025","INFO","Trial 471 - 17:11:16 - Unrewarded - /home/fet/stimuli/test_categories_box2/nonreward/DC_Stim_7_LblBla4419_110310314020.wav"
"2017-02-25 17:11:29,106","INFO","Trial 472 - 17:11:29 - Rewarded - /home/fet/stimuli/test_categories_box2/reward/So_Stim_9_YelOra2575_151819.wav"
"2017-02-25 17:11:29,156","INFO","Trial 473 - 17:11:29 - Unrewarded - /home/fet/stimuli/test_categories_box2/nonreward/Wh_Stim_8_WhiBlu5698_110402182015.wav"
"2017-02-25 17:11:29,471","INFO","Trial 474 - 17:11:29 - Rewarded - /home/fet/stimuli/test_categories_box2/reward/So_Stim_7_YelOra2575_231015.wav"
"2017-02-25 17:11:35,479","INFO","Supplying reward for 12.00 seconds"
"2017-02-25 17:12:51,759","INFO","Trial 475 - 17:12:51 - Unrewarded - /home/fet/stimuli/test_categories_box2/nonreward/Di_Stim_8_BlaLbl8026_020103030103.wav"
"2017-02-25 17:12:51,810","INFO","Trial 476 - 17:12:51 - Unrewarded - /home/fet/stimuli/test_categories_box2/nonreward/Tu_Stim_6_YelGre5275_072916041005.wav"
"2017-02-25 17:12:59,001","INFO","Trial 477 - 17:12:59 - Unrewarded - /home/fet/stimuli/test_categories_box2/nonreward/Be_Stim_5_LblBlu6379_03_010607_02.wav"
"2017-02-25 17:12:59,055","INFO","Trial 478 - 17:12:59 - Unrewarded - /home/fet/stimuli/test_categories_box2/nonreward/Tu_Stim_7_BlaLbl8026_121108070609.wav"
"2017-02-25 17:12:59,933","INFO","Trial 479 - 17:12:59 - Unrewarded - /home/fet/stimuli/test_categories_box2/nonreward/Te_Stim_1_HPiHPi4748_062620051322.wav"
"2017-02-25 17:12:59,985","INFO","Trial 480 - 17:12:59 - Unrewarded - /home/fet/stimuli/test_categories_box2/nonreward/Ag_Stim_2_GreWhi1242_010101010101.wav"
"2017-02-25 17:13:05,031","INFO","Trial 481 - 17:13:05 - Unrewarded - /home/fet/stimuli/test_categories_box2/nonreward/Be_Stim_9_LblBlu6680_01_0211_0306_01.wav"
"2017-02-25 17:13:05,981","INFO","Trial 482 - 17:13:05 - Unrewarded - /home/fet/stimuli/test_categories_box2/nonreward/Th_Stim_8_GraGra0201_463821374219.wav"
"2017-02-25 17:13:06,034","INFO","Trial 483 - 17:13:06 - Unrewarded - /home/fet/stimuli/test_categories_box2/nonreward/DC_Stim_2_WhiGra0114_030713101104.wav"
"2017-02-25 17:13:12,570","INFO","Trial 484 - 17:13:12 - Unrewarded - /home/fet/stimuli/test_categories_box2/nonreward/LT_Stim_10_LblRas1800_030601040205.wav"
"2017-02-25 17:13:19,550","INFO","Trial 485 - 17:13:19 - Unrewarded - /home/fet/stimuli/test_categories_box2/nonreward/Ne_Stim_4_WhiWhi1415_081009050706.wav"
"2017-02-25 17:13:27,147","INFO","Trial 486 - 17:13:27 - Unrewarded - /home/fet/stimuli/test_categories_box2/nonreward/Wh_Stim_8_GraLbl0457_040502010102.wav"
"2017-02-25 17:13:27,636","INFO","Trial 487 - 17:13:27 - Unrewarded - /home/fet/stimuli/test_categories_box2/nonreward/Ne_Stim_10_WhiBlu5698_081306051513.wav"
"2017-02-25 17:13:38,485","INFO","Trial 488 - 17:13:38 - Unrewarded - /home/fet/stimuli/test_categories_box2/nonreward/Tu_Stim_1_BlaLbl8026_110810070612.wav"
"2017-02-25 17:13:38,543","INFO","Trial 489 - 17:13:38 - Unrewarded - /home/fet/stimuli/test_categories_box2/nonreward/Ne_Stim_8_PurRas20dd_080206050303.wav"
"2017-02-25 17:13:39,694","INFO","Trial 490 - 17:13:39 - Unrewarded - /home/fet/stimuli/test_categories_box2/nonreward/Tu_Stim_3_GreOra1817_120610031707.wav"
"2017-02-25 17:13:39,748","INFO","Trial 491 - 17:13:39 - Unrewarded - /home/fet/stimuli/test_categories_box2/nonreward/Be_Stim_9_LblGre0001_03_0211_0205.wav"
"2017-02-25 17:13:51,034","INFO","Trial 492 - 17:13:51 - Unrewarded - /home/fet/stimuli/test_categories_box2/nonreward/LT_Stim_8_WhiBlu3414_030724062319.wav"
"2017-02-25 17:13:51,089","INFO","Trial 493 - 17:13:51 - Unrewarded - /home/fet/stimuli/test_categories_box2/nonreward/LT_Stim_2_WhiBlu3615_020301060407.wav"
"2017-02-25 17:13:51,961","INFO","Trial 494 - 17:13:51 - Unrewarded - /home/fet/stimuli/test_categories_box2/nonreward/LT_Stim_2_LblGre0000_081020162117.wav"
"2017-02-25 17:13:52,015","INFO","Trial 495 - 17:13:52 - Unrewarded - /home/fet/stimuli/test_categories_box2/nonreward/Th_Stim_9_WhiBlu4917_030802070401.wav"
"2017-02-25 17:13:53,440","INFO","Trial 496 - 17:13:53 - Rewarded - /home/fet/stimuli/test_categories_box2/reward/So_Stim_9_LblBla4548_322442.wav"
"2017-02-25 17:13:59,448","INFO","Supplying reward for 12.00 seconds"
"2017-02-25 17:14:30,378","INFO","Trial 497 - 17:14:30 - Unrewarded - /home/fet/stimuli/test_categories_box2/nonreward/Th_Stim_10_WhiRas44dd_323433283016.wav"
"2017-02-25 17:14:30,433","INFO","Trial 498 - 17:14:30 - Unrewarded - /home/fet/stimuli/test_categories_box2/nonreward/Tu_Stim_3_BluRas07dd_080902072205.wav"
"2017-02-25 17:14:31,707","INFO","Trial 499 - 17:14:31 - Unrewarded - /home/fet/stimuli/test_categories_box2/nonreward/Th_Stim_2_GraGra0201_414021220624.wav"
"2017-02-25 17:14:43,555","INFO","Trial 500 - 17:14:43 - Rewarded - /home/fet/stimuli/test_categories_box2/reward/So_Stim_7_GraLbl0457_080312.wav"
"2017-02-25 17:14:43,609","INFO","Trial 501 - 17:14:43 - Unrewarded - /home/fet/stimuli/test_categories_box2/nonreward/Wh_Stim_5_WhiBlu5698_200719021518.wav"
"2017-02-25 17:14:43,974","INFO","Trial 502 - 17:14:43 - Rewarded - /home/fet/stimuli/test_categories_box2/reward/So_Stim_5_WhiBlu5698_311224.wav"
"2017-02-25 17:14:49,982","INFO","Supplying reward for 12.00 seconds"
"2017-02-25 17:15:26,016","INFO","Trial 503 - 17:15:26 - Rewarded - /home/fet/stimuli/test_categories_box2/reward/So_Stim_10_WhiBlu4818_220405.wav"
"2017-02-25 17:15:26,067","INFO","Trial 504 - 17:15:26 - Unrewarded - /home/fet/stimuli/test_categories_box2/nonreward/Tu_Stim_8_YelGre5275_290626130128.wav"
"2017-02-25 17:15:26,967","INFO","Trial 505 - 17:15:26 - Unrewarded - /home/fet/stimuli/test_categories_box2/nonreward/Di_Stim_3_WhiLbl0010_040404040404.wav"
"2017-02-25 17:15:27,021","INFO","Trial 506 - 17:15:27 - Unrewarded - /home/fet/stimuli/test_categories_box2/nonreward/Wh_Stim_10_BlaBla0506_061016141318.wav"
"2017-02-25 17:15:42,440","INFO","Trial 507 - 17:15:42 - Unrewarded - /home/fet/stimuli/test_categories_box2/nonreward/Ag_Stim_9_GraLbl0457_190805110906.wav"
"2017-02-25 17:15:42,839","INFO","Trial 508 - 17:15:42 - Unrewarded - /home/fet/stimuli/test_categories_box2/nonreward/Th_Stim_9_WhiGra0114_050702010608.wav"
"2017-02-25 17:15:54,990","INFO","Trial 509 - 17:15:54 - Unrewarded - /home/fet/stimuli/test_categories_box2/nonreward/Di_Stim_9_WhiBlu4818_060606060606.wav"
"2017-02-25 17:15:56,189","INFO","Trial 510 - 17:15:56 - Unrewarded - /home/fet/stimuli/test_categories_box2/nonreward/Wh_Stim_5_GreOra1817_010101010101.wav"
"2017-02-25 17:16:02,354","INFO","Trial 511 - 17:16:02 - Unrewarded - /home/fet/stimuli/test_categories_box2/nonreward/Di_Stim_10_PurRas20dd_040101040401.wav"
"2017-02-25 17:16:12,028","INFO","Trial 512 - 17:16:12 - Unrewarded - /home/fet/stimuli/test_categories_box2/nonreward/Ne_Stim_2_GreOra1817_141211130502.wav"
"2017-02-25 17:16:24,349","INFO","Trial 513 - 17:16:24 - Unrewarded - /home/fet/stimuli/test_categories_box2/nonreward/Be_Stim_8_GraGre0813_151602.wav"
"2017-02-25 17:16:35,706","INFO","Trial 514 - 17:16:35 - Unrewarded - /home/fet/stimuli/test_categories_box2/nonreward/Be_Stim_3_LblBlu1630_020404.wav"
"2017-02-25 17:16:35,761","INFO","Trial 515 - 17:16:35 - Unrewarded - /home/fet/stimuli/test_categories_box2/nonreward/Tu_Stim_4_BluRas07dd_150422111819.wav"
"2017-02-25 17:16:36,645","INFO","Trial 516 - 17:16:36 - Unrewarded - /home/fet/stimuli/test_categories_box2/nonreward/Te_Stim_9_WhiGra0114_192107052002.wav"
"2017-02-25 17:16:36,699","INFO","Trial 517 - 17:16:36 - Rewarded - /home/fet/stimuli/test_categories_box2/reward/So_Stim_4_YelGre5275_302836.wav"
"2017-02-25 17:16:42,707","INFO","Supplying reward for 12.00 seconds"
"2017-02-25 17:17:11,794","INFO","Trial 518 - 17:17:11 - Rewarded - /home/fet/stimuli/test_categories_box2/reward/So_Stim_8_LblRed0613_151827.wav"
"2017-02-25 17:17:11,849","INFO","Trial 519 - 17:17:11 - Unrewarded - /home/fet/stimuli/test_categories_box2/nonreward/Te_Stim_8_PurRas20dd_291025111327.wav"
"2017-02-25 17:17:19,327","INFO","Trial 520 - 17:17:19 - Unrewarded - /home/fet/stimuli/test_categories_box2/nonreward/Di_Stim_3_YelOra2575_110911111109.wav"
"2017-02-25 17:17:51,933","INFO","Trial 521 - 17:17:51 - Rewarded - /home/fet/stimuli/test_categories_box2/reward/So_Stim_9_GraLbl0457_101504.wav"
"2017-02-25 17:17:57,938","INFO","Supplying reward for 12.00 seconds"
"2017-02-25 17:18:33,399","INFO","Trial 522 - 17:18:33 - Unrewarded - /home/fet/stimuli/test_categories_box2/nonreward/Ag_Stim_5_WhiWhi1415_020202020202.wav"
"2017-02-25 17:18:33,458","INFO","Trial 523 - 17:18:33 - Unrewarded - /home/fet/stimuli/test_categories_box2/nonreward/Ag_Stim_3_WhiRas44dd_240532311708.wav"
"2017-02-25 17:18:34,863","INFO","Trial 524 - 17:18:34 - Unrewarded - /home/fet/stimuli/test_categories_box2/nonreward/Di_Stim_7_WhiWhi1415_020202020202.wav"
"2017-02-25 17:19:05,072","INFO","Trial 525 - 17:19:05 - Unrewarded - /home/fet/stimuli/test_categories_box2/nonreward/Di_Stim_7_Unknown000_020102020101.wav"
"2017-02-25 17:19:16,860","INFO","Trial 526 - 17:19:16 - Unrewarded - /home/fet/stimuli/test_categories_box2/nonreward/Ag_Stim_6_GraLbl0457_190912050806.wav"
"2017-02-25 17:19:16,915","INFO","Trial 527 - 17:19:16 - Rewarded - /home/fet/stimuli/test_categories_box2/reward/So_Stim_8_YelGre5275_353415.wav"
"2017-02-25 17:19:22,922","INFO","Supplying reward for 12.00 seconds"
"2017-02-25 17:20:32,927","INFO","Trial 528 - 17:20:32 - Unrewarded - /home/fet/stimuli/test_categories_box2/nonreward/DC_Stim_5_BlaBla0506_121322181615.wav"
"2017-02-25 17:20:49,646","INFO","Trial 529 - 17:20:49 - Unrewarded - /home/fet/stimuli/test_categories_box2/nonreward/Ne_Stim_1_WhiBlu5698_141813041610.wav"
"2017-02-25 17:20:58,874","INFO","Trial 530 - 17:20:58 - Unrewarded - /home/fet/stimuli/test_categories_box2/nonreward/Di_Stim_3_BlaLbl8026_030102030303.wav"
"2017-02-25 17:21:11,718","INFO","Trial 531 - 17:21:11 - Unrewarded - /home/fet/stimuli/test_categories_box2/nonreward/Te_Stim_6_WhiBlu4818_201805121316.wav"
"2017-02-25 17:21:11,772","INFO","Trial 532 - 17:21:11 - Unrewarded - /home/fet/stimuli/test_categories_box2/nonreward/Wh_Stim_5_YelGre5275_090313140208.wav"
"2017-02-25 17:21:13,140","INFO","Trial 533 - 17:21:13 - Unrewarded - /home/fet/stimuli/test_categories_box2/nonreward/Wh_Stim_5_LblBla4419_161513170706.wav"
"2017-02-25 17:21:13,194","INFO","Trial 534 - 17:21:13 - Unrewarded - /home/fet/stimuli/test_categories_box2/nonreward/Th_Stim_5_WhiBlu5698_040601070706.wav"
"2017-02-25 17:21:32,799","INFO","Trial 535 - 17:21:32 - Unrewarded - /home/fet/stimuli/test_categories_box2/nonreward/Be_Stim_1_LblGre0001_0903_0103_02.wav"
"2017-02-25 17:21:32,854","INFO","Trial 536 - 17:21:32 - Unrewarded - /home/fet/stimuli/test_categories_box2/nonreward/Th_Stim_8_WhiRas44dd_300944221015.wav"
"2017-02-25 17:21:41,130","INFO","Trial 537 - 17:21:41 - Unrewarded - /home/fet/stimuli/test_categories_box2/nonreward/Th_Stim_4_WhiBlu5698_040706010106.wav"
"2017-02-25 17:21:54,224","INFO","Trial 538 - 17:21:54 - Unrewarded - /home/fet/stimuli/test_categories_box2/nonreward/Wh_Stim_6_YelGre5275_100511020801.wav"
"2017-02-25 17:22:07,953","INFO","Trial 539 - 17:22:07 - Rewarded - /home/fet/stimuli/test_categories_box2/reward/So_Stim_5_BlaBla0506_060812.wav"
"2017-02-25 17:22:13,962","INFO","Supplying reward for 12.00 seconds"
"2017-02-25 17:22:57,365","INFO","Trial 540 - 17:22:57 - Rewarded - /home/fet/stimuli/test_categories_box2/reward/So_Stim_1_YelOra2575_240226.wav"
"2017-02-25 17:22:57,423","INFO","Trial 541 - 17:22:57 - Unrewarded - /home/fet/stimuli/test_categories_box2/nonreward/Wh_Stim_8_GreOra1817_010101010101.wav"
"2017-02-25 17:22:57,792","INFO","Trial 542 - 17:22:57 - Unrewarded - /home/fet/stimuli/test_categories_box2/nonreward/Be_Stim_8_LblBlu1729_080613.wav"
"2017-02-25 17:22:57,845","INFO","Trial 543 - 17:22:57 - Unrewarded - /home/fet/stimuli/test_categories_box2/nonreward/LT_Stim_4_WhiBlu0112_210126141227.wav"
"2017-02-25 17:23:06,732","INFO","Trial 544 - 17:23:06 - Unrewarded - /home/fet/stimuli/test_categories_box2/nonreward/Th_Stim_7_Unknown_11_010710060804.wav"
"2017-02-25 17:23:13,514","INFO","Trial 545 - 17:23:13 - Unrewarded - /home/fet/stimuli/test_categories_box2/nonreward/Di_Stim_6_BlaLbl8026_010203010303.wav"
"2017-02-25 17:23:25,736","INFO","Trial 546 - 17:23:25 - Unrewarded - /home/fet/stimuli/test_categories_box2/nonreward/LT_Stim_2_LblBlu6243_152613062218.wav"
"2017-02-25 17:23:25,791","INFO","Trial 547 - 17:23:25 - Rewarded - /home/fet/stimuli/test_categories_box2/reward/So_Stim_4_BluRas61dd_170911.wav"
"2017-02-25 17:23:31,799","INFO","Supplying reward for 12.00 seconds"
"2017-02-25 17:24:08,496","INFO","Trial 548 - 17:24:08 - Unrewarded - /home/fet/stimuli/test_categories_box2/nonreward/Be_Stim_6_LblBlu6680_01_0205_0311_01.wav"
"2017-02-25 17:24:21,586","INFO","Trial 549 - 17:24:21 - Unrewarded - /home/fet/stimuli/test_categories_box2/nonreward/Di_Stim_1_HPiHPi4748_050305030503.wav"
"2017-02-25 17:24:23,287","INFO","Trial 550 - 17:24:23 - Unrewarded - /home/fet/stimuli/test_categories_box2/nonreward/Ag_Stim_2_WhiRas44dd_240510110821.wav"
"2017-02-25 17:24:29,002","INFO","Trial 551 - 17:24:29 - Unrewarded - /home/fet/stimuli/test_categories_box2/nonreward/Ag_Stim_1_BlaLbl8026_032302222024.wav"
"2017-02-25 17:24:29,051","INFO","Trial 552 - 17:24:29 - Unrewarded - /home/fet/stimuli/test_categories_box2/nonreward/Ne_Stim_6_PurRas20dd_030805030106.wav"
"2017-02-25 17:24:36,274","INFO","Trial 553 - 17:24:36 - Rewarded - /home/fet/stimuli/test_categories_box2/reward/So_Stim_10_WhiBlu5698_240830.wav"
"2017-02-25 17:24:42,279","INFO","Supplying reward for 12.00 seconds"
"2017-02-25 17:25:16,204","INFO","Trial 554 - 17:25:16 - Unrewarded - /home/fet/stimuli/test_categories_box2/nonreward/Tu_Stim_1_GraLbl0457_041315141106.wav"
"2017-02-25 17:25:18,626","INFO","Trial 555 - 17:25:18 - Unrewarded - /home/fet/stimuli/test_categories_box2/nonreward/Di_Stim_2_BlaLbl8026_010302030101.wav"
"2017-02-25 17:25:19,305","INFO","Trial 556 - 17:25:19 - Rewarded - /home/fet/stimuli/test_categories_box2/reward/So_Stim_7_LblBla4548_202819.wav"
"2017-02-25 17:25:19,359","INFO","Trial 557 - 17:25:19 - Rewarded - /home/fet/stimuli/test_categories_box2/reward/So_Stim_4_LblRed0613_353036.wav"
"2017-02-25 17:25:25,367","INFO","Supplying reward for 12.00 seconds"
"2017-02-25 17:26:01,389","INFO","Trial 558 - 17:26:01 - Rewarded - /home/fet/stimuli/test_categories_box2/reward/So_Stim_2_WhiBlu5698_081812.wav"
"2017-02-25 17:26:07,397","INFO","Supplying reward for 12.00 seconds"
"2017-02-25 17:26:44,460","INFO","Trial 559 - 17:26:44 - Rewarded - /home/fet/stimuli/test_categories_box2/reward/So_Stim_7_BluRas61dd_082219.wav"
"2017-02-25 17:26:44,510","INFO","Trial 560 - 17:26:44 - Rewarded - /home/fet/stimuli/test_categories_box2/reward/So_Stim_6_WhiLbl0010_060805.wav"
"2017-02-25 17:26:50,518","INFO","Supplying reward for 12.00 seconds"
"2017-02-25 17:27:32,581","INFO","Trial 561 - 17:27:32 - Rewarded - /home/fet/stimuli/test_categories_box2/reward/So_Stim_1_LblBla4548_362925.wav"
"2017-02-25 17:27:38,590","INFO","Supplying reward for 12.00 seconds"
"2017-02-25 17:28:22,058","INFO","Trial 562 - 17:28:22 - Rewarded - /home/fet/stimuli/test_categories_box2/reward/So_Stim_4_BlaBla0506_080612.wav"
"2017-02-25 17:28:28,063","INFO","Supplying reward for 12.00 seconds"
"2017-02-25 17:29:55,561","INFO","Trial 563 - 17:29:55 - Unrewarded - /home/fet/stimuli/test_categories_box2/nonreward/Ne_Stim_3_BlaBla0506_110509070509.wav"
"2017-02-25 17:29:55,615","INFO","Trial 564 - 17:29:55 - Unrewarded - /home/fet/stimuli/test_categories_box2/nonreward/Th_Stim_7_HPiHPi4748_032712200904.wav"
"2017-02-25 17:30:08,548","INFO","Trial 565 - 17:30:08 - Unrewarded - /home/fet/stimuli/test_categories_box2/nonreward/Th_Stim_5_WhiBlu4917_020104080907.wav"
"2017-02-25 17:30:20,098","INFO","Trial 566 - 17:30:20 - Unrewarded - /home/fet/stimuli/test_categories_box2/nonreward/Ag_Stim_6_GraGra0201_051014090804.wav"
"2017-02-25 17:30:21,054","INFO","Trial 567 - 17:30:21 - Unrewarded - /home/fet/stimuli/test_categories_box2/nonreward/Di_Stim_4_WhiBlu4917_010101010101.wav"
"2017-02-25 17:30:31,731","INFO","Trial 568 - 17:30:31 - Unrewarded - /home/fet/stimuli/test_categories_box2/nonreward/DC_Stim_6_BlaBla0506_132018051612.wav"
"2017-02-25 17:30:48,691","INFO","Trial 569 - 17:30:48 - Unrewarded - /home/fet/stimuli/test_categories_box2/nonreward/Be_Stim_5_GraGre0813_040705.wav"
"2017-02-25 17:30:49,675","INFO","Trial 570 - 17:30:49 - Unrewarded - /home/fet/stimuli/test_categories_box2/nonreward/Ne_Stim_5_WhiBlu5698_022409161526.wav"
"2017-02-25 17:31:00,053","INFO","Trial 571 - 17:31:00 - Rewarded - /home/fet/stimuli/test_categories_box2/reward/So_Stim_10_WhiLbl0010_050804.wav"
"2017-02-25 17:31:06,062","INFO","Supplying reward for 12.00 seconds"
"2017-02-25 17:31:35,211","INFO","Trial 572 - 17:31:35 - Unrewarded - /home/fet/stimuli/test_categories_box2/nonreward/Ne_Stim_2_BluRas61dd_171632142228.wav"
"2017-02-25 17:31:35,270","INFO","Trial 573 - 17:31:35 - Unrewarded - /home/fet/stimuli/test_categories_box2/nonreward/Te_Stim_3_GreOra1817_140618222416.wav"
"2017-02-25 17:31:54,846","INFO","Trial 574 - 17:31:54 - Unrewarded - /home/fet/stimuli/test_categories_box2/nonreward/Be_Stim_2_LblGre0001_03_021009.wav"
"2017-02-25 17:32:15,083","INFO","Trial 575 - 17:32:15 - Rewarded - /home/fet/stimuli/test_categories_box2/reward/So_Stim_6_BlaBla0506_151208.wav"
"2017-02-25 17:32:21,092","INFO","Supplying reward for 12.00 seconds"
"2017-02-25 19:05:23,213","INFO","Trial 576 - 19:05:23 - Unrewarded - /home/fet/stimuli/test_categories_box2/nonreward/Wh_Stim_6_LblBla4419_120817070916.wav"
"2017-02-25 19:05:23,264","INFO","Trial 577 - 19:05:23 - Unrewarded - /home/fet/stimuli/test_categories_box2/nonreward/Ag_Stim_10_WhiLbl0010_151928112226.wav"
"2017-02-25 19:05:24,300","INFO","Trial 578 - 19:05:24 - Rewarded - /home/fet/stimuli/test_categories_box2/reward/So_Stim_4_YelOra2575_251109.wav"
"2017-02-25 19:05:24,353","INFO","Trial 579 - 19:05:24 - Unrewarded - /home/fet/stimuli/test_categories_box2/nonreward/Th_Stim_10_WhiBlu4917_010902050408.wav"
"2017-02-25 19:05:31,450","INFO","Trial 580 - 19:05:31 - Unrewarded - /home/fet/stimuli/test_categories_box2/nonreward/DC_Stim_3_WhiWhi1415_020304050103.wav"
"2017-02-25 19:05:31,505","INFO","Trial 581 - 19:05:31 - Unrewarded - /home/fet/stimuli/test_categories_box2/nonreward/Di_Stim_2_GraGra0201_070107070101.wav"
"2017-02-25 19:05:40,149","INFO","Trial 582 - 19:05:40 - Rewarded - /home/fet/stimuli/test_categories_box2/reward/So_Stim_5_YelGre5275_170915.wav"
"2017-02-25 19:05:40,208","INFO","Trial 583 - 19:05:40 - Unrewarded - /home/fet/stimuli/test_categories_box2/nonreward/Te_Stim_8_WhiBlu4818_121416071510.wav"
"2017-02-25 19:05:49,234","INFO","Trial 584 - 19:05:49 - Rewarded - /home/fet/stimuli/test_categories_box2/reward/So_Stim_4_WhiBlu4818_040922.wav"
"2017-02-25 19:05:49,293","INFO","Trial 585 - 19:05:49 - Unrewarded - /home/fet/stimuli/test_categories_box2/nonreward/Ne_Stim_9_WhiWhi1415_070510080406.wav"
"2017-02-25 19:05:57,385","INFO","Trial 586 - 19:05:57 - Unrewarded - /home/fet/stimuli/test_categories_box2/nonreward/Te_Stim_3_WhiGra0114_201421051110.wav"
"2017-02-25 19:05:57,435","INFO","Trial 587 - 19:05:57 - Unrewarded - /home/fet/stimuli/test_categories_box2/nonreward/Th_Stim_4_LblRed0613_011704140515.wav"
"2017-02-25 19:06:08,239","INFO","Trial 588 - 19:06:08 - Rewarded - /home/fet/stimuli/test_categories_box2/reward/So_Stim_8_WhiBlu4818_050411.wav"
"2017-02-25 19:06:14,248","INFO","Supplying reward for 12.00 seconds"
"2017-02-25 19:07:02,083","INFO","Trial 589 - 19:07:02 - Unrewarded - /home/fet/stimuli/test_categories_box2/nonreward/Tu_Stim_9_BlaLbl8026_100605120708.wav"
"2017-02-25 19:07:02,659","INFO","Trial 590 - 19:07:02 - Rewarded - /home/fet/stimuli/test_categories_box2/reward/So_Stim_9_YelGre5275_352717.wav"
"2017-02-25 19:07:08,666","INFO","Supplying reward for 12.00 seconds"
"2017-02-25 19:07:38,307","INFO","Trial 591 - 19:07:38 - Unrewarded - /home/fet/stimuli/test_categories_box2/nonreward/Ne_Stim_5_WhiLbl0010_061033231508.wav"
"2017-02-25 19:07:49,919","INFO","Trial 592 - 19:07:49 - Rewarded - /home/fet/stimuli/test_categories_box2/reward/So_Stim_10_GraLbl0457_090510.wav"
"2017-02-25 19:07:55,928","INFO","Supplying reward for 12.00 seconds"
"2017-02-25 19:08:15,071","INFO","Finishing session 1 at Sat Feb 25 19:08:15 2017"
"2017-02-25 19:08:15,072","INFO","Finished all sessions."
"2017-02-25 19:08:15,379","INFO","Exiting Session state"
"2017-02-25 19:08:15,379","INFO","Finishing experiment"
"2017-02-25 19:08:15,686","INFO","Exiting Idle state"
