"2017-02-10 10:00:17,287","INFO","Preparing subject and data storage"
"2017-02-10 10:00:17,288","INFO","Created subject object with name LblGra3039M"
"2017-02-10 10:00:17,288","INFO","Created datastore CSVStore: filename = /home/fet/data/LblGra3039M/100217/LblGra3039M_trialdata_20170210100017.csv, fields = session, index, time, stimulus_name, condition_name, response, correct, rt, reward, max_wait for subject LblGra3039M"
"2017-02-10 10:00:17,288","INFO","Preparing to run experiment Go No-Go Interruption"
"2017-02-10 10:00:17,592","INFO","Entering Idle state"
"2017-02-10 10:00:17,900","INFO","Beginning block #1"
"2017-02-10 10:00:54,196","INFO","Trial 1 - 10:00:54 - Unrewarded - /home/fet/stimuli/shaping_categories_box2/nonreward/DI_Stim_10.wav"
"2017-02-10 10:01:14,675","INFO","Trial 2 - 10:01:14 - Unrewarded - /home/fet/stimuli/shaping_categories_box2/nonreward/DI_Stim_12.wav"
"2017-02-10 10:01:14,729","INFO","Trial 3 - 10:01:14 - Unrewarded - /home/fet/stimuli/shaping_categories_box2/nonreward/DI_Stim_10.wav"
"2017-02-10 10:01:57,283","INFO","Trial 4 - 10:01:57 - Unrewarded - /home/fet/stimuli/shaping_categories_box2/nonreward/DI_Stim_12.wav"
"2017-02-10 10:01:57,326","INFO","Trial 5 - 10:01:57 - Unrewarded - /home/fet/stimuli/shaping_categories_box2/nonreward/DI_Stim_10.wav"
"2017-02-10 10:02:06,875","INFO","Trial 6 - 10:02:06 - Unrewarded - /home/fet/stimuli/shaping_categories_box2/nonreward/DI_Stim_12.wav"
"2017-02-10 10:02:06,918","INFO","Trial 7 - 10:02:06 - Unrewarded - /home/fet/stimuli/shaping_categories_box2/nonreward/DI_Stim_10.wav"
"2017-02-10 10:02:07,880","INFO","Trial 8 - 10:02:07 - Unrewarded - /home/fet/stimuli/shaping_categories_box2/nonreward/DI_Stim_12.wav"
"2017-02-10 10:02:46,605","INFO","Trial 9 - 10:02:46 - Rewarded - /home/fet/stimuli/shaping_categories_box2/reward/DC_Stim_7.wav"
"2017-02-10 10:02:46,655","INFO","Trial 10 - 10:02:46 - Unrewarded - /home/fet/stimuli/shaping_categories_box2/nonreward/DI_Stim_12.wav"
"2017-02-10 10:02:47,572","INFO","Trial 11 - 10:02:47 - Unrewarded - /home/fet/stimuli/shaping_categories_box2/nonreward/DI_Stim_10.wav"
"2017-02-10 10:02:47,622","INFO","Trial 12 - 10:02:47 - Unrewarded - /home/fet/stimuli/shaping_categories_box2/nonreward/DI_Stim_12.wav"
"2017-02-10 10:03:02,988","INFO","Trial 13 - 10:03:02 - Unrewarded - /home/fet/stimuli/shaping_categories_box2/nonreward/DI_Stim_10.wav"
"2017-02-10 10:03:03,042","INFO","Trial 14 - 10:03:03 - Unrewarded - /home/fet/stimuli/shaping_categories_box2/nonreward/DI_Stim_10.wav"
"2017-02-10 10:03:14,005","INFO","Trial 15 - 10:03:14 - Unrewarded - /home/fet/stimuli/shaping_categories_box2/nonreward/DI_Stim_12.wav"
"2017-02-10 10:03:14,056","INFO","Trial 16 - 10:03:14 - Unrewarded - /home/fet/stimuli/shaping_categories_box2/nonreward/DI_Stim_12.wav"
"2017-02-10 10:03:15,034","INFO","Trial 17 - 10:03:15 - Unrewarded - /home/fet/stimuli/shaping_categories_box2/nonreward/DI_Stim_10.wav"
"2017-02-10 10:03:15,080","INFO","Trial 18 - 10:03:15 - Rewarded - /home/fet/stimuli/shaping_categories_box2/reward/DC_Stim_8.wav"
"2017-02-10 10:03:21,087","INFO","Supplying reward for 12.00 seconds"
"2017-02-10 10:05:09,838","INFO","Trial 19 - 10:05:09 - Unrewarded - /home/fet/stimuli/shaping_categories_box2/nonreward/DI_Stim_10.wav"
"2017-02-10 10:05:09,892","INFO","Trial 20 - 10:05:09 - Rewarded - /home/fet/stimuli/shaping_categories_box2/reward/DC_Stim_7.wav"
"2017-02-10 10:05:15,900","INFO","Supplying reward for 12.00 seconds"
"2017-02-10 10:06:42,009","INFO","Trial 21 - 10:06:42 - Unrewarded - /home/fet/stimuli/shaping_categories_box2/nonreward/DI_Stim_12.wav"
"2017-02-10 10:06:42,064","INFO","Trial 22 - 10:06:42 - Unrewarded - /home/fet/stimuli/shaping_categories_box2/nonreward/DI_Stim_10.wav"
"2017-02-10 10:06:43,102","INFO","Trial 23 - 10:06:43 - Unrewarded - /home/fet/stimuli/shaping_categories_box2/nonreward/DI_Stim_12.wav"
"2017-02-10 10:06:43,149","INFO","Trial 24 - 10:06:43 - Rewarded - /home/fet/stimuli/shaping_categories_box2/reward/DC_Stim_8.wav"
"2017-02-10 10:06:49,157","INFO","Supplying reward for 12.00 seconds"
"2017-02-10 10:09:06,668","INFO","Trial 25 - 10:09:06 - Rewarded - /home/fet/stimuli/shaping_categories_box2/reward/DC_Stim_8.wav"
"2017-02-10 10:09:12,677","INFO","Supplying reward for 12.00 seconds"
"2017-02-10 10:10:06,540","INFO","Trial 26 - 10:10:06 - Rewarded - /home/fet/stimuli/shaping_categories_box2/reward/DC_Stim_7.wav"
"2017-02-10 10:10:12,549","INFO","Supplying reward for 12.00 seconds"
"2017-02-10 10:11:48,234","INFO","Trial 27 - 10:11:48 - Unrewarded - /home/fet/stimuli/shaping_categories_box2/nonreward/DI_Stim_12.wav"
"2017-02-10 11:18:57,038","INFO","Trial 28 - 11:18:57 - Unrewarded - /home/fet/stimuli/shaping_categories_box2/nonreward/DI_Stim_10.wav"
"2017-02-10 11:18:57,190","INFO","Trial 29 - 11:18:57 - Unrewarded - /home/fet/stimuli/shaping_categories_box2/nonreward/DI_Stim_10.wav"
"2017-02-10 11:19:03,202","INFO","Trial 30 - 11:19:03 - Unrewarded - /home/fet/stimuli/shaping_categories_box2/nonreward/DI_Stim_12.wav"
"2017-02-10 11:19:09,214","INFO","Trial 31 - 11:19:09 - Rewarded - /home/fet/stimuli/shaping_categories_box2/reward/DC_Stim_8.wav"
"2017-02-10 11:19:15,219","INFO","Supplying reward for 12.00 seconds"
"2017-02-10 11:19:15,527","INFO","Trial 32 - 11:19:15 - Unrewarded - /home/fet/stimuli/shaping_categories_box2/nonreward/DI_Stim_12.wav"
"2017-02-10 11:19:21,538","INFO","Trial 33 - 11:19:21 - Unrewarded - /home/fet/stimuli/shaping_categories_box2/nonreward/DI_Stim_10.wav"
"2017-02-10 11:21:29,089","INFO","Trial 34 - 11:21:29 - Unrewarded - /home/fet/stimuli/shaping_categories_box2/nonreward/DI_Stim_10.wav"
"2017-02-10 11:21:31,570","INFO","Trial 35 - 11:21:31 - Rewarded - /home/fet/stimuli/shaping_categories_box2/reward/DC_Stim_7.wav"
"2017-02-10 11:21:31,614","INFO","Trial 36 - 11:21:31 - Unrewarded - /home/fet/stimuli/shaping_categories_box2/nonreward/DI_Stim_12.wav"
"2017-02-10 11:22:41,095","INFO","Trial 37 - 11:22:41 - Unrewarded - /home/fet/stimuli/shaping_categories_box2/nonreward/DI_Stim_12.wav"
"2017-02-10 11:23:33,704","INFO","Trial 38 - 11:23:33 - Unrewarded - /home/fet/stimuli/shaping_categories_box2/nonreward/DI_Stim_10.wav"
"2017-02-10 11:23:55,752","INFO","Trial 39 - 11:23:55 - Unrewarded - /home/fet/stimuli/shaping_categories_box2/nonreward/DI_Stim_10.wav"
"2017-02-10 11:23:57,269","INFO","Trial 40 - 11:23:57 - Unrewarded - /home/fet/stimuli/shaping_categories_box2/nonreward/DI_Stim_12.wav"
"2017-02-10 11:23:57,322","INFO","Trial 41 - 11:23:57 - Unrewarded - /home/fet/stimuli/shaping_categories_box2/nonreward/DI_Stim_10.wav"
"2017-02-10 11:23:59,629","INFO","Trial 42 - 11:23:59 - Unrewarded - /home/fet/stimuli/shaping_categories_box2/nonreward/DI_Stim_12.wav"
"2017-02-10 11:23:59,678","INFO","Trial 43 - 11:23:59 - Rewarded - /home/fet/stimuli/shaping_categories_box2/reward/DC_Stim_7.wav"
"2017-02-10 11:23:59,850","INFO","Trial 44 - 11:23:59 - Rewarded - /home/fet/stimuli/shaping_categories_box2/reward/DC_Stim_8.wav"
"2017-02-10 11:23:59,899","INFO","Trial 45 - 11:23:59 - Unrewarded - /home/fet/stimuli/shaping_categories_box2/nonreward/DI_Stim_12.wav"
"2017-02-10 11:24:10,967","INFO","Trial 46 - 11:24:10 - Unrewarded - /home/fet/stimuli/shaping_categories_box2/nonreward/DI_Stim_10.wav"
"2017-02-10 11:24:20,876","INFO","Trial 47 - 11:24:20 - Rewarded - /home/fet/stimuli/shaping_categories_box2/reward/DC_Stim_8.wav"
"2017-02-10 11:24:20,931","INFO","Trial 48 - 11:24:20 - Unrewarded - /home/fet/stimuli/shaping_categories_box2/nonreward/DI_Stim_10.wav"
"2017-02-10 11:24:31,691","INFO","Trial 49 - 11:24:31 - Rewarded - /home/fet/stimuli/shaping_categories_box2/reward/DC_Stim_7.wav"
"2017-02-10 11:24:37,697","INFO","Supplying reward for 12.00 seconds"
"2017-02-10 11:27:01,219","INFO","Trial 50 - 11:27:01 - Unrewarded - /home/fet/stimuli/shaping_categories_box2/nonreward/DI_Stim_12.wav"
"2017-02-10 11:27:03,113","INFO","Trial 51 - 11:27:03 - Unrewarded - /home/fet/stimuli/shaping_categories_box2/nonreward/DI_Stim_10.wav"
"2017-02-10 11:27:17,142","INFO","Trial 52 - 11:27:17 - Rewarded - /home/fet/stimuli/shaping_categories_box2/reward/DC_Stim_8.wav"
"2017-02-10 11:27:17,197","INFO","Trial 53 - 11:27:17 - Unrewarded - /home/fet/stimuli/shaping_categories_box2/nonreward/DI_Stim_12.wav"
"2017-02-10 11:27:18,249","INFO","Trial 54 - 11:27:18 - Unrewarded - /home/fet/stimuli/shaping_categories_box2/nonreward/DI_Stim_12.wav"
"2017-02-10 11:27:18,299","INFO","Trial 55 - 11:27:18 - Unrewarded - /home/fet/stimuli/shaping_categories_box2/nonreward/DI_Stim_10.wav"
"2017-02-10 11:27:33,158","INFO","Trial 56 - 11:27:33 - Unrewarded - /home/fet/stimuli/shaping_categories_box2/nonreward/DI_Stim_12.wav"
"2017-02-10 11:27:49,536","INFO","Trial 57 - 11:27:49 - Unrewarded - /home/fet/stimuli/shaping_categories_box2/nonreward/DI_Stim_10.wav"
"2017-02-10 11:27:49,586","INFO","Trial 58 - 11:27:49 - Rewarded - /home/fet/stimuli/shaping_categories_box2/reward/DC_Stim_7.wav"
"2017-02-10 11:27:55,595","INFO","Supplying reward for 12.00 seconds"
"2017-02-10 11:29:53,099","INFO","Trial 59 - 11:29:53 - Unrewarded - /home/fet/stimuli/shaping_categories_box2/nonreward/DI_Stim_12.wav"
"2017-02-10 11:29:53,146","INFO","Trial 60 - 11:29:53 - Unrewarded - /home/fet/stimuli/shaping_categories_box2/nonreward/DI_Stim_10.wav"
"2017-02-10 11:29:54,100","INFO","Trial 61 - 11:29:54 - Unrewarded - /home/fet/stimuli/shaping_categories_box2/nonreward/DI_Stim_12.wav"
"2017-02-10 11:29:54,145","INFO","Trial 62 - 11:29:54 - Rewarded - /home/fet/stimuli/shaping_categories_box2/reward/DC_Stim_8.wav"
"2017-02-10 11:30:00,153","INFO","Supplying reward for 12.00 seconds"
"2017-02-10 11:32:26,296","INFO","Trial 63 - 11:32:26 - Unrewarded - /home/fet/stimuli/shaping_categories_box2/nonreward/DI_Stim_10.wav"
"2017-02-10 11:32:27,318","INFO","Trial 64 - 11:32:27 - Unrewarded - /home/fet/stimuli/shaping_categories_box2/nonreward/DI_Stim_12.wav"
"2017-02-10 11:32:27,371","INFO","Trial 65 - 11:32:27 - Unrewarded - /home/fet/stimuli/shaping_categories_box2/nonreward/DI_Stim_10.wav"
"2017-02-10 13:23:47,058","INFO","Trial 66 - 13:23:47 - Unrewarded - /home/fet/stimuli/shaping_categories_box2/nonreward/DI_Stim_10.wav"
"2017-02-10 13:24:02,515","INFO","Trial 67 - 13:24:02 - Rewarded - /home/fet/stimuli/shaping_categories_box2/reward/DC_Stim_7.wav"
"2017-02-10 13:24:02,570","INFO","Trial 68 - 13:24:02 - Unrewarded - /home/fet/stimuli/shaping_categories_box2/nonreward/DI_Stim_12.wav"
"2017-02-10 13:24:03,467","INFO","Trial 69 - 13:24:03 - Unrewarded - /home/fet/stimuli/shaping_categories_box2/nonreward/DI_Stim_12.wav"
"2017-02-10 13:24:03,520","INFO","Trial 70 - 13:24:03 - Rewarded - /home/fet/stimuli/shaping_categories_box2/reward/DC_Stim_7.wav"
"2017-02-10 13:24:09,527","INFO","Supplying reward for 12.00 seconds"
"2017-02-10 13:25:58,870","INFO","Trial 71 - 13:25:58 - Unrewarded - /home/fet/stimuli/shaping_categories_box2/nonreward/DI_Stim_10.wav"
"2017-02-10 13:25:58,921","INFO","Trial 72 - 13:25:58 - Unrewarded - /home/fet/stimuli/shaping_categories_box2/nonreward/DI_Stim_10.wav"
"2017-02-10 13:25:59,777","INFO","Trial 73 - 13:25:59 - Unrewarded - /home/fet/stimuli/shaping_categories_box2/nonreward/DI_Stim_12.wav"
"2017-02-10 13:25:59,834","INFO","Trial 74 - 13:25:59 - Unrewarded - /home/fet/stimuli/shaping_categories_box2/nonreward/DI_Stim_12.wav"
"2017-02-10 13:26:01,194","INFO","Trial 75 - 13:26:01 - Unrewarded - /home/fet/stimuli/shaping_categories_box2/nonreward/DI_Stim_10.wav"
"2017-02-10 13:26:01,243","INFO","Trial 76 - 13:26:01 - Unrewarded - /home/fet/stimuli/shaping_categories_box2/nonreward/DI_Stim_12.wav"
"2017-02-10 13:27:18,790","INFO","Trial 77 - 13:27:18 - Unrewarded - /home/fet/stimuli/shaping_categories_box2/nonreward/DI_Stim_10.wav"
"2017-02-10 13:27:19,930","INFO","Trial 78 - 13:27:19 - Rewarded - /home/fet/stimuli/shaping_categories_box2/reward/DC_Stim_8.wav"
"2017-02-10 13:27:19,984","INFO","Trial 79 - 13:27:19 - Unrewarded - /home/fet/stimuli/shaping_categories_box2/nonreward/DI_Stim_10.wav"
"2017-02-10 13:27:21,924","INFO","Trial 80 - 13:27:21 - Unrewarded - /home/fet/stimuli/shaping_categories_box2/nonreward/DI_Stim_12.wav"
"2017-02-10 13:27:21,974","INFO","Trial 81 - 13:27:21 - Unrewarded - /home/fet/stimuli/shaping_categories_box2/nonreward/DI_Stim_10.wav"
"2017-02-10 13:27:46,797","INFO","Trial 82 - 13:27:46 - Unrewarded - /home/fet/stimuli/shaping_categories_box2/nonreward/DI_Stim_12.wav"
"2017-02-10 13:27:56,610","INFO","Trial 83 - 13:27:56 - Rewarded - /home/fet/stimuli/shaping_categories_box2/reward/DC_Stim_7.wav"
"2017-02-10 13:28:02,615","INFO","Supplying reward for 12.00 seconds"
"2017-02-10 13:30:21,107","INFO","Trial 84 - 13:30:21 - Unrewarded - /home/fet/stimuli/shaping_categories_box2/nonreward/DI_Stim_12.wav"
"2017-02-10 13:30:21,157","INFO","Trial 85 - 13:30:21 - Rewarded - /home/fet/stimuli/shaping_categories_box2/reward/DC_Stim_8.wav"
"2017-02-10 13:30:27,165","INFO","Supplying reward for 12.00 seconds"
"2017-02-10 13:33:34,097","INFO","Trial 86 - 13:33:34 - Unrewarded - /home/fet/stimuli/shaping_categories_box2/nonreward/DI_Stim_10.wav"
"2017-02-10 13:33:34,152","INFO","Trial 87 - 13:33:34 - Unrewarded - /home/fet/stimuli/shaping_categories_box2/nonreward/DI_Stim_12.wav"
"2017-02-10 13:33:35,081","INFO","Trial 88 - 13:33:35 - Unrewarded - /home/fet/stimuli/shaping_categories_box2/nonreward/DI_Stim_10.wav"
"2017-02-10 13:33:35,126","INFO","Trial 89 - 13:33:35 - Unrewarded - /home/fet/stimuli/shaping_categories_box2/nonreward/DI_Stim_12.wav"
"2017-02-10 13:34:06,867","INFO","Trial 90 - 13:34:06 - Unrewarded - /home/fet/stimuli/shaping_categories_box2/nonreward/DI_Stim_10.wav"
"2017-02-10 13:34:06,913","INFO","Trial 91 - 13:34:06 - Unrewarded - /home/fet/stimuli/shaping_categories_box2/nonreward/DI_Stim_12.wav"
"2017-02-10 13:34:23,299","INFO","Trial 92 - 13:34:23 - Unrewarded - /home/fet/stimuli/shaping_categories_box2/nonreward/DI_Stim_10.wav"
"2017-02-10 13:34:23,349","INFO","Trial 93 - 13:34:23 - Rewarded - /home/fet/stimuli/shaping_categories_box2/reward/DC_Stim_7.wav"
"2017-02-10 13:34:29,357","INFO","Supplying reward for 12.00 seconds"
"2017-02-10 13:38:07,887","INFO","Trial 94 - 13:38:07 - Unrewarded - /home/fet/stimuli/shaping_categories_box2/nonreward/DI_Stim_10.wav"
"2017-02-10 13:38:07,942","INFO","Trial 95 - 13:38:07 - Rewarded - /home/fet/stimuli/shaping_categories_box2/reward/DC_Stim_8.wav"
"2017-02-10 13:38:13,950","INFO","Supplying reward for 12.00 seconds"
"2017-02-10 13:40:39,201","INFO","Trial 96 - 13:40:39 - Unrewarded - /home/fet/stimuli/shaping_categories_box2/nonreward/DI_Stim_12.wav"
"2017-02-10 15:50:21,692","INFO","Trial 97 - 15:50:21 - Unrewarded - /home/fet/stimuli/shaping_categories_box2/nonreward/DI_Stim_12.wav"
"2017-02-10 15:50:21,746","INFO","Trial 98 - 15:50:21 - Unrewarded - /home/fet/stimuli/shaping_categories_box2/nonreward/DI_Stim_10.wav"
"2017-02-10 15:50:22,664","INFO","Trial 99 - 15:50:22 - Unrewarded - /home/fet/stimuli/shaping_categories_box2/nonreward/DI_Stim_12.wav"
"2017-02-10 15:50:22,705","INFO","Trial 100 - 15:50:22 - Unrewarded - /home/fet/stimuli/shaping_categories_box2/nonreward/DI_Stim_10.wav"
"2017-02-10 15:51:13,724","INFO","Trial 101 - 15:51:13 - Unrewarded - /home/fet/stimuli/shaping_categories_box2/nonreward/DI_Stim_12.wav"
"2017-02-10 15:51:13,779","INFO","Trial 102 - 15:51:13 - Rewarded - /home/fet/stimuli/shaping_categories_box2/reward/DC_Stim_7.wav"
"2017-02-10 15:51:19,787","INFO","Supplying reward for 12.00 seconds"
"2017-02-10 15:53:31,345","INFO","Trial 103 - 15:53:31 - Rewarded - /home/fet/stimuli/shaping_categories_box2/reward/DC_Stim_8.wav"
"2017-02-10 15:53:31,404","INFO","Trial 104 - 15:53:31 - Unrewarded - /home/fet/stimuli/shaping_categories_box2/nonreward/DI_Stim_10.wav"
"2017-02-10 15:53:32,297","INFO","Trial 105 - 15:53:32 - Unrewarded - /home/fet/stimuli/shaping_categories_box2/nonreward/DI_Stim_10.wav"
"2017-02-10 15:53:32,338","INFO","Trial 106 - 15:53:32 - Unrewarded - /home/fet/stimuli/shaping_categories_box2/nonreward/DI_Stim_12.wav"
"2017-02-10 15:53:45,377","INFO","Trial 107 - 15:53:45 - Unrewarded - /home/fet/stimuli/shaping_categories_box2/nonreward/DI_Stim_12.wav"
"2017-02-10 15:53:46,399","INFO","Trial 108 - 15:53:46 - Rewarded - /home/fet/stimuli/shaping_categories_box2/reward/DC_Stim_7.wav"
"2017-02-10 15:53:46,444","INFO","Trial 109 - 15:53:46 - Rewarded - /home/fet/stimuli/shaping_categories_box2/reward/DC_Stim_8.wav"
"2017-02-10 15:53:52,451","INFO","Supplying reward for 12.00 seconds"
"2017-02-10 15:56:50,154","INFO","Trial 110 - 15:56:50 - Unrewarded - /home/fet/stimuli/shaping_categories_box2/nonreward/DI_Stim_10.wav"
"2017-02-10 15:56:50,213","INFO","Trial 111 - 15:56:50 - Unrewarded - /home/fet/stimuli/shaping_categories_box2/nonreward/DI_Stim_10.wav"
"2017-02-10 15:56:51,306","INFO","Trial 112 - 15:56:51 - Unrewarded - /home/fet/stimuli/shaping_categories_box2/nonreward/DI_Stim_12.wav"
"2017-02-10 15:56:51,347","INFO","Trial 113 - 15:56:51 - Unrewarded - /home/fet/stimuli/shaping_categories_box2/nonreward/DI_Stim_10.wav"
"2017-02-10 15:57:06,693","INFO","Trial 114 - 15:57:06 - Rewarded - /home/fet/stimuli/shaping_categories_box2/reward/DC_Stim_8.wav"
"2017-02-10 15:57:06,735","INFO","Trial 115 - 15:57:06 - Unrewarded - /home/fet/stimuli/shaping_categories_box2/nonreward/DI_Stim_12.wav"
"2017-02-10 15:57:08,136","INFO","Trial 116 - 15:57:08 - Unrewarded - /home/fet/stimuli/shaping_categories_box2/nonreward/DI_Stim_12.wav"
"2017-02-10 15:57:08,177","INFO","Trial 117 - 15:57:08 - Unrewarded - /home/fet/stimuli/shaping_categories_box2/nonreward/DI_Stim_10.wav"
"2017-02-10 15:57:35,483","INFO","Trial 118 - 15:57:35 - Rewarded - /home/fet/stimuli/shaping_categories_box2/reward/DC_Stim_7.wav"
"2017-02-10 15:57:41,492","INFO","Supplying reward for 12.00 seconds"
"2017-02-10 15:59:30,892","INFO","Trial 119 - 15:59:30 - Unrewarded - /home/fet/stimuli/shaping_categories_box2/nonreward/DI_Stim_10.wav"
"2017-02-10 15:59:30,943","INFO","Trial 120 - 15:59:30 - Unrewarded - /home/fet/stimuli/shaping_categories_box2/nonreward/DI_Stim_12.wav"
"2017-02-10 15:59:43,999","INFO","Trial 121 - 15:59:43 - Rewarded - /home/fet/stimuli/shaping_categories_box2/reward/DC_Stim_7.wav"
"2017-02-10 15:59:50,004","INFO","Supplying reward for 12.00 seconds"
"2017-02-10 16:01:13,489","INFO","Trial 122 - 16:01:13 - Unrewarded - /home/fet/stimuli/shaping_categories_box2/nonreward/DI_Stim_10.wav"
"2017-02-10 16:02:06,894","INFO","Trial 123 - 16:02:06 - Unrewarded - /home/fet/stimuli/shaping_categories_box2/nonreward/DI_Stim_12.wav"
"2017-02-10 16:02:06,949","INFO","Trial 124 - 16:02:06 - Unrewarded - /home/fet/stimuli/shaping_categories_box2/nonreward/DI_Stim_10.wav"
"2017-02-10 16:02:07,956","INFO","Trial 125 - 16:02:07 - Unrewarded - /home/fet/stimuli/shaping_categories_box2/nonreward/DI_Stim_12.wav"
"2017-02-10 16:02:08,006","INFO","Trial 126 - 16:02:08 - Unrewarded - /home/fet/stimuli/shaping_categories_box2/nonreward/DI_Stim_12.wav"
"2017-02-10 16:02:22,630","INFO","Trial 127 - 16:02:22 - Rewarded - /home/fet/stimuli/shaping_categories_box2/reward/DC_Stim_8.wav"
"2017-02-10 16:02:22,689","INFO","Trial 128 - 16:02:22 - Unrewarded - /home/fet/stimuli/shaping_categories_box2/nonreward/DI_Stim_10.wav"
"2017-02-10 16:02:44,928","INFO","Trial 129 - 16:02:44 - Unrewarded - /home/fet/stimuli/shaping_categories_box2/nonreward/DI_Stim_10.wav"
"2017-02-10 16:02:44,978","INFO","Trial 130 - 16:02:44 - Unrewarded - /home/fet/stimuli/shaping_categories_box2/nonreward/DI_Stim_12.wav"
"2017-02-10 16:02:53,283","INFO","Trial 131 - 16:02:53 - Unrewarded - /home/fet/stimuli/shaping_categories_box2/nonreward/DI_Stim_10.wav"
"2017-02-10 16:02:53,334","INFO","Trial 132 - 16:02:53 - Unrewarded - /home/fet/stimuli/shaping_categories_box2/nonreward/DI_Stim_12.wav"
"2017-02-10 16:03:03,187","INFO","Trial 133 - 16:03:03 - Unrewarded - /home/fet/stimuli/shaping_categories_box2/nonreward/DI_Stim_12.wav"
"2017-02-10 16:03:03,246","INFO","Trial 134 - 16:03:03 - Unrewarded - /home/fet/stimuli/shaping_categories_box2/nonreward/DI_Stim_10.wav"
"2017-02-10 16:03:03,987","INFO","Trial 135 - 16:03:03 - Unrewarded - /home/fet/stimuli/shaping_categories_box2/nonreward/DI_Stim_10.wav"
"2017-02-10 16:04:41,023","INFO","Trial 136 - 16:04:41 - Rewarded - /home/fet/stimuli/shaping_categories_box2/reward/DC_Stim_8.wav"
"2017-02-10 16:04:41,074","INFO","Trial 137 - 16:04:41 - Unrewarded - /home/fet/stimuli/shaping_categories_box2/nonreward/DI_Stim_12.wav"
"2017-02-10 16:04:52,316","INFO","Trial 138 - 16:04:52 - Unrewarded - /home/fet/stimuli/shaping_categories_box2/nonreward/DI_Stim_10.wav"
"2017-02-10 16:05:30,308","INFO","Trial 139 - 16:05:30 - Rewarded - /home/fet/stimuli/shaping_categories_box2/reward/DC_Stim_7.wav"
"2017-02-10 16:05:30,363","INFO","Trial 140 - 16:05:30 - Unrewarded - /home/fet/stimuli/shaping_categories_box2/nonreward/DI_Stim_12.wav"
"2017-02-10 16:05:58,274","INFO","Trial 141 - 16:05:58 - Unrewarded - /home/fet/stimuli/shaping_categories_box2/nonreward/DI_Stim_12.wav"
"2017-02-10 16:07:40,095","INFO","Trial 142 - 16:07:40 - Unrewarded - /home/fet/stimuli/shaping_categories_box2/nonreward/DI_Stim_10.wav"
"2017-02-10 16:08:23,162","INFO","Trial 143 - 16:08:23 - Unrewarded - /home/fet/stimuli/shaping_categories_box2/nonreward/DI_Stim_12.wav"
"2017-02-10 16:08:56,571","INFO","Trial 144 - 16:08:56 - Unrewarded - /home/fet/stimuli/shaping_categories_box2/nonreward/DI_Stim_10.wav"
"2017-02-10 16:08:56,622","INFO","Trial 145 - 16:08:56 - Unrewarded - /home/fet/stimuli/shaping_categories_box2/nonreward/DI_Stim_12.wav"
"2017-02-10 16:08:58,415","INFO","Trial 146 - 16:08:58 - Unrewarded - /home/fet/stimuli/shaping_categories_box2/nonreward/DI_Stim_10.wav"
"2017-02-10 16:08:58,469","INFO","Trial 147 - 16:08:58 - Unrewarded - /home/fet/stimuli/shaping_categories_box2/nonreward/DI_Stim_12.wav"
"2017-02-10 16:09:11,762","INFO","Trial 148 - 16:09:11 - Rewarded - /home/fet/stimuli/shaping_categories_box2/reward/DC_Stim_8.wav"
"2017-02-10 16:09:17,771","INFO","Supplying reward for 12.00 seconds"
"2017-02-10 16:10:58,281","INFO","Trial 149 - 16:10:58 - Unrewarded - /home/fet/stimuli/shaping_categories_box2/nonreward/DI_Stim_10.wav"
"2017-02-10 16:10:58,331","INFO","Trial 150 - 16:10:58 - Unrewarded - /home/fet/stimuli/shaping_categories_box2/nonreward/DI_Stim_10.wav"
"2017-02-10 16:11:16,400","INFO","Trial 151 - 16:11:16 - Unrewarded - /home/fet/stimuli/shaping_categories_box2/nonreward/DI_Stim_12.wav"
"2017-02-10 16:11:36,289","INFO","Trial 152 - 16:11:36 - Unrewarded - /home/fet/stimuli/shaping_categories_box2/nonreward/DI_Stim_12.wav"
"2017-02-10 16:11:36,348","INFO","Trial 153 - 16:11:36 - Unrewarded - /home/fet/stimuli/shaping_categories_box2/nonreward/DI_Stim_10.wav"
"2017-02-10 16:11:42,793","INFO","Trial 154 - 16:11:42 - Unrewarded - /home/fet/stimuli/shaping_categories_box2/nonreward/DI_Stim_10.wav"
"2017-02-10 17:31:05,104","INFO","Trial 155 - 17:31:05 - Unrewarded - /home/fet/stimuli/shaping_categories_box2/nonreward/DI_Stim_12.wav"
"2017-02-10 17:32:29,841","INFO","Trial 156 - 17:32:29 - Unrewarded - /home/fet/stimuli/shaping_categories_box2/nonreward/DI_Stim_12.wav"
"2017-02-10 17:32:29,895","INFO","Trial 157 - 17:32:29 - Unrewarded - /home/fet/stimuli/shaping_categories_box2/nonreward/DI_Stim_10.wav"
"2017-02-10 17:32:55,472","INFO","Trial 158 - 17:32:55 - Unrewarded - /home/fet/stimuli/shaping_categories_box2/nonreward/DI_Stim_12.wav"
"2017-02-10 17:32:55,527","INFO","Trial 159 - 17:32:55 - Unrewarded - /home/fet/stimuli/shaping_categories_box2/nonreward/DI_Stim_10.wav"
"2017-02-10 17:32:56,416","INFO","Trial 160 - 17:32:56 - Unrewarded - /home/fet/stimuli/shaping_categories_box2/nonreward/DI_Stim_10.wav"
"2017-02-10 17:32:56,465","INFO","Trial 161 - 17:32:56 - Unrewarded - /home/fet/stimuli/shaping_categories_box2/nonreward/DI_Stim_12.wav"
"2017-02-10 17:32:57,562","INFO","Trial 162 - 17:32:57 - Unrewarded - /home/fet/stimuli/shaping_categories_box2/nonreward/DI_Stim_12.wav"
"2017-02-10 17:32:57,608","INFO","Trial 163 - 17:32:57 - Unrewarded - /home/fet/stimuli/shaping_categories_box2/nonreward/DI_Stim_10.wav"
"2017-02-10 17:33:23,483","INFO","Trial 164 - 17:33:23 - Rewarded - /home/fet/stimuli/shaping_categories_box2/reward/DC_Stim_7.wav"
"2017-02-10 17:33:29,489","INFO","Supplying reward for 12.00 seconds"
"2017-02-10 17:39:08,725","INFO","Trial 165 - 17:39:08 - Unrewarded - /home/fet/stimuli/shaping_categories_box2/nonreward/DI_Stim_10.wav"
"2017-02-10 17:39:08,780","INFO","Trial 166 - 17:39:08 - Unrewarded - /home/fet/stimuli/shaping_categories_box2/nonreward/DI_Stim_12.wav"
"2017-02-10 17:39:09,948","INFO","Trial 167 - 17:39:09 - Unrewarded - /home/fet/stimuli/shaping_categories_box2/nonreward/DI_Stim_12.wav"
"2017-02-10 17:39:09,997","INFO","Trial 168 - 17:39:09 - Unrewarded - /home/fet/stimuli/shaping_categories_box2/nonreward/DI_Stim_10.wav"
"2017-02-10 17:39:59,690","INFO","Trial 169 - 17:39:59 - Unrewarded - /home/fet/stimuli/shaping_categories_box2/nonreward/DI_Stim_10.wav"
"2017-02-10 17:41:40,477","INFO","Trial 170 - 17:41:40 - Unrewarded - /home/fet/stimuli/shaping_categories_box2/nonreward/DI_Stim_12.wav"
"2017-02-10 17:41:40,536","INFO","Trial 171 - 17:41:40 - Rewarded - /home/fet/stimuli/shaping_categories_box2/reward/DC_Stim_8.wav"
"2017-02-10 17:41:46,543","INFO","Supplying reward for 12.00 seconds"
"2017-02-10 17:43:28,140","INFO","Trial 172 - 17:43:28 - Unrewarded - /home/fet/stimuli/shaping_categories_box2/nonreward/DI_Stim_12.wav"
"2017-02-10 17:43:28,191","INFO","Trial 173 - 17:43:28 - Unrewarded - /home/fet/stimuli/shaping_categories_box2/nonreward/DI_Stim_10.wav"
"2017-02-10 17:43:29,161","INFO","Trial 174 - 17:43:29 - Unrewarded - /home/fet/stimuli/shaping_categories_box2/nonreward/DI_Stim_10.wav"
"2017-02-10 17:44:51,236","INFO","Trial 175 - 17:44:51 - Unrewarded - /home/fet/stimuli/shaping_categories_box2/nonreward/DI_Stim_12.wav"
"2017-02-10 17:44:51,291","INFO","Trial 176 - 17:44:51 - Rewarded - /home/fet/stimuli/shaping_categories_box2/reward/DC_Stim_7.wav"
"2017-02-10 17:44:57,298","INFO","Supplying reward for 12.00 seconds"
"2017-02-10 17:47:10,772","INFO","Trial 177 - 17:47:10 - Unrewarded - /home/fet/stimuli/shaping_categories_box2/nonreward/DI_Stim_12.wav"
"2017-02-10 17:47:31,866","INFO","Trial 178 - 17:47:31 - Unrewarded - /home/fet/stimuli/shaping_categories_box2/nonreward/DI_Stim_10.wav"
"2017-02-10 17:47:52,680","INFO","Trial 179 - 17:47:52 - Rewarded - /home/fet/stimuli/shaping_categories_box2/reward/DC_Stim_7.wav"
"2017-02-10 17:47:58,685","INFO","Supplying reward for 12.00 seconds"
"2017-02-10 17:50:48,714","INFO","Trial 180 - 17:50:48 - Unrewarded - /home/fet/stimuli/shaping_categories_box2/nonreward/DI_Stim_12.wav"
"2017-02-10 17:55:32,801","INFO","Trial 181 - 17:55:32 - Unrewarded - /home/fet/stimuli/shaping_categories_box2/nonreward/DI_Stim_10.wav"
"2017-02-10 17:55:53,354","INFO","Trial 182 - 17:55:53 - Unrewarded - /home/fet/stimuli/shaping_categories_box2/nonreward/DI_Stim_12.wav"
"2017-02-10 17:57:06,455","INFO","Trial 183 - 17:57:06 - Unrewarded - /home/fet/stimuli/shaping_categories_box2/nonreward/DI_Stim_10.wav"
"2017-02-10 18:42:34,828","INFO","Finishing session 1 at Fri Feb 10 18:42:34 2017"
"2017-02-10 18:42:34,828","INFO","Finished all sessions."
"2017-02-10 18:42:35,135","INFO","Exiting Session state"
"2017-02-10 18:42:35,135","INFO","Finishing experiment"
"2017-02-10 18:42:35,442","INFO","Exiting Idle state"
