2016-10-24 10:06:28.980046	PeckPort	off	None
2016-10-24 10:06:28.980891	HouseLight	on	None
2016-10-24 10:06:28.981895	Hopper	down	None
2016-10-24 10:06:29.288138	Hopper	down	None
2016-10-24 10:06:29.595049	HouseLight	on	None
2016-10-24 10:06:29.595551	PeckPort	on	None
2016-10-24 10:06:35.234542	Trial	start	1
2016-10-24 10:06:35.239077	Speaker	play	None
2016-10-24 10:06:37.069457	Speaker	stop	None
2016-10-24 10:06:37.070347	Trial	end	1
2016-10-24 10:06:37.071402	Trial	start	2
2016-10-24 10:06:37.073323	Speaker	play	None
2016-10-24 10:06:37.663657	Speaker	stop	None
2016-10-24 10:06:37.664509	Trial	end	2
2016-10-24 10:06:37.666345	Trial	start	3
2016-10-24 10:06:37.668425	Speaker	play	None
2016-10-24 10:06:37.945933	Speaker	stop	None
2016-10-24 10:06:37.946938	Trial	end	3
2016-10-24 10:06:37.948124	Trial	start	4
2016-10-24 10:06:37.950234	Speaker	play	None
2016-10-24 10:06:38.826574	Speaker	stop	None
2016-10-24 10:06:38.827450	Trial	end	4
2016-10-24 10:06:38.828763	Trial	start	5
2016-10-24 10:06:38.830713	Speaker	play	None
2016-10-24 10:06:39.637455	Speaker	stop	None
2016-10-24 10:06:39.638392	Trial	end	5
2016-10-24 10:06:39.639691	Trial	start	6
2016-10-24 10:06:39.642045	Speaker	play	None
2016-10-24 10:06:40.940026	Speaker	stop	None
2016-10-24 10:06:40.941137	Trial	end	6
2016-10-24 10:06:40.942254	Trial	start	7
2016-10-24 10:06:40.944514	Speaker	play	None
2016-10-24 10:06:43.012205	Speaker	stop	None
2016-10-24 10:06:43.013184	Trial	end	7
2016-10-24 10:06:43.014501	Trial	start	8
2016-10-24 10:06:43.016640	Speaker	play	None
2016-10-24 10:06:44.031946	Speaker	stop	None
2016-10-24 10:06:44.032838	Trial	end	8
2016-10-24 10:06:44.035727	Trial	start	9
2016-10-24 10:06:44.040144	Speaker	play	None
2016-10-24 10:06:44.708296	Speaker	stop	None
2016-10-24 10:06:44.709706	Trial	end	9
2016-10-24 10:06:44.712089	Trial	start	10
2016-10-24 10:06:44.716258	Speaker	play	None
2016-10-24 10:06:45.133885	Speaker	stop	None
2016-10-24 10:06:45.134819	Trial	end	10
2016-10-24 10:06:45.136118	Trial	start	11
2016-10-24 10:06:45.138183	Speaker	play	None
2016-10-24 10:06:45.862910	Speaker	stop	None
2016-10-24 10:06:45.863975	Trial	end	11
2016-10-24 10:06:45.867060	Trial	start	12
2016-10-24 10:06:45.871286	Speaker	play	None
2016-10-24 10:06:46.952189	Speaker	stop	None
2016-10-24 10:06:46.953119	Trial	end	12
2016-10-24 10:06:46.954330	Trial	start	13
2016-10-24 10:06:46.956285	Speaker	play	None
2016-10-24 10:06:47.095501	Speaker	stop	None
2016-10-24 10:06:47.096282	Trial	end	13
2016-10-24 10:06:47.097534	Trial	start	14
2016-10-24 10:06:47.099416	Speaker	play	None
2016-10-24 10:06:48.098985	Speaker	stop	None
2016-10-24 10:06:48.102100	Trial	end	14
2016-10-24 10:06:48.103325	Trial	start	15
2016-10-24 10:06:48.105421	Speaker	play	None
2016-10-24 10:06:48.430835	Speaker	stop	None
2016-10-24 10:06:48.431904	Trial	end	15
2016-10-24 10:06:48.433101	Trial	start	16
2016-10-24 10:06:48.435201	Speaker	play	None
2016-10-24 10:06:48.627373	Speaker	stop	None
2016-10-24 10:06:48.628325	Trial	end	16
2016-10-24 10:06:48.629635	Trial	start	17
2016-10-24 10:06:48.631656	Speaker	play	None
2016-10-24 10:06:49.024514	Speaker	stop	None
2016-10-24 10:06:49.025366	Trial	end	17
2016-10-24 10:06:49.026525	Trial	start	18
2016-10-24 10:06:49.028393	Speaker	play	None
2016-10-24 10:06:50.351612	Speaker	stop	None
2016-10-24 10:06:50.352851	Trial	end	18
2016-10-24 10:06:50.354207	Trial	start	19
2016-10-24 10:06:50.356218	Speaker	play	None
2016-10-24 10:06:50.494902	Speaker	stop	None
2016-10-24 10:06:50.495798	Trial	end	19
2016-10-24 10:06:50.497022	Trial	start	20
2016-10-24 10:06:50.498873	Speaker	play	None
2016-10-24 10:06:56.503301	Speaker	stop	None
2016-10-24 10:06:56.504770	Trial	end	20
2016-10-24 10:06:58.960965	PeckPort	off	None
2016-10-24 10:06:58.961590	HouseLight	on	None
2016-10-24 10:06:58.962125	Hopper	down	None
2016-10-24 10:15:56.742387	PeckPort	off	None
2016-10-24 10:15:56.743057	HouseLight	on	None
2016-10-24 10:15:56.743626	Hopper	down	None
2016-10-24 10:15:57.047754	Hopper	down	None
2016-10-24 10:15:57.350573	HouseLight	on	None
2016-10-24 10:15:57.351002	PeckPort	on	None
2016-10-24 10:22:33.907845	Trial	start	1
2016-10-24 10:22:33.913509	Speaker	play	None
2016-10-24 10:22:39.920380	Speaker	stop	None
2016-10-24 10:22:39.921731	Trial	end	1
2016-10-24 10:22:44.625913	Trial	start	2
2016-10-24 10:22:44.628102	Speaker	play	None
2016-10-24 10:22:50.634465	Speaker	stop	None
2016-10-24 10:22:50.635389	Trial	end	2
2016-10-24 10:22:55.065853	Trial	start	3
2016-10-24 10:22:55.068366	Speaker	play	None
2016-10-24 10:22:59.284516	Speaker	stop	None
2016-10-24 10:22:59.285426	Trial	end	3
2016-10-24 10:22:59.286458	Trial	start	4
2016-10-24 10:22:59.288406	Speaker	play	None
2016-10-24 10:22:59.354084	Speaker	stop	None
2016-10-24 10:22:59.354822	Trial	end	4
2016-10-24 10:22:59.356125	Trial	start	5
2016-10-24 10:22:59.359594	Speaker	play	None
2016-10-24 10:23:03.659181	Speaker	stop	None
2016-10-24 10:23:03.660327	Trial	end	5
2016-10-24 10:23:03.661838	Trial	start	6
2016-10-24 10:23:03.666844	Speaker	play	None
2016-10-24 10:23:09.675282	Speaker	stop	None
2016-10-24 10:23:09.676098	Trial	end	6
2016-10-24 10:23:11.047672	Trial	start	7
2016-10-24 10:23:11.055771	Speaker	play	None
2016-10-24 10:23:17.065879	Speaker	stop	None
2016-10-24 10:23:17.066922	Trial	end	7
2016-10-24 10:23:19.414704	Trial	start	8
2016-10-24 10:23:19.421243	Speaker	play	None
2016-10-24 10:23:19.500184	Speaker	stop	None
2016-10-24 10:23:19.501413	Trial	end	8
2016-10-24 10:23:19.502810	Trial	start	9
2016-10-24 10:23:19.505312	Speaker	play	None
2016-10-24 10:23:25.046996	Speaker	stop	None
2016-10-24 10:23:25.048446	Trial	end	9
2016-10-24 10:23:25.050777	Trial	start	10
2016-10-24 10:23:25.053225	Speaker	play	None
2016-10-24 10:23:25.345866	Speaker	stop	None
2016-10-24 10:23:25.347328	Trial	end	10
2016-10-24 10:23:25.349155	Trial	start	11
2016-10-24 10:23:25.351141	Speaker	play	None
2016-10-24 10:23:25.468414	Speaker	stop	None
2016-10-24 10:23:25.469179	Trial	end	11
2016-10-24 10:23:25.470358	Trial	start	12
2016-10-24 10:23:25.472192	Speaker	play	None
2016-10-24 10:23:30.473657	Speaker	stop	None
2016-10-24 10:23:30.474690	Trial	end	12
2016-10-24 10:23:30.477158	Trial	start	13
2016-10-24 10:23:30.488220	Speaker	play	None
2016-10-24 10:23:36.494053	Speaker	stop	None
2016-10-24 10:23:36.495112	Trial	end	13
2016-10-24 10:23:36.723092	Trial	start	14
2016-10-24 10:23:36.725155	Speaker	play	None
2016-10-24 10:23:42.395902	Speaker	stop	None
2016-10-24 10:23:42.396823	Trial	end	14
2016-10-24 10:23:42.398119	Trial	start	15
2016-10-24 10:23:42.400586	Speaker	play	None
2016-10-24 10:23:42.535326	Speaker	stop	None
2016-10-24 10:23:42.536220	Trial	end	15
2016-10-24 10:23:42.537695	Trial	start	16
2016-10-24 10:23:42.539849	Speaker	play	None
2016-10-24 10:23:48.543858	Speaker	stop	None
2016-10-24 10:23:48.544821	Trial	end	16
2016-10-24 10:23:53.286131	Trial	start	17
2016-10-24 10:23:53.288261	Speaker	play	None
2016-10-24 10:23:59.294738	Speaker	stop	None
2016-10-24 10:23:59.295625	Trial	end	17
2016-10-24 10:24:04.410355	Trial	start	18
2016-10-24 10:24:04.413637	Speaker	play	None
2016-10-24 10:24:09.587180	Speaker	stop	None
2016-10-24 10:24:09.588058	Trial	end	18
2016-10-24 10:24:09.589185	Trial	start	19
2016-10-24 10:24:09.591274	Speaker	play	None
2016-10-24 10:24:09.841362	Speaker	stop	None
2016-10-24 10:24:09.842877	Trial	end	19
2016-10-24 10:24:09.844301	Trial	start	20
2016-10-24 10:24:09.847290	Speaker	play	None
2016-10-24 10:24:15.853767	Speaker	stop	None
2016-10-24 10:24:15.855102	Hopper	up	None
2016-10-24 10:24:27.858090	Hopper	down	None
2016-10-24 10:24:28.161091	Trial	end	20
2016-10-24 10:26:16.992025	Trial	start	21
2016-10-24 10:26:16.994211	Speaker	play	None
2016-10-24 10:26:17.070380	Speaker	stop	None
2016-10-24 10:26:17.071449	Trial	end	21
2016-10-24 10:26:17.072597	Trial	start	22
2016-10-24 10:26:17.074717	Speaker	play	None
2016-10-24 10:26:23.078454	Speaker	stop	None
2016-10-24 10:26:23.079345	Trial	end	22
2016-10-24 10:26:23.127498	Trial	start	23
2016-10-24 10:26:23.130932	Speaker	play	None
2016-10-24 10:26:23.217614	Speaker	stop	None
2016-10-24 10:26:23.218502	Trial	end	23
2016-10-24 10:26:23.219802	Trial	start	24
2016-10-24 10:26:23.221738	Speaker	play	None
2016-10-24 10:26:29.226167	Speaker	stop	None
2016-10-24 10:26:29.227509	Trial	end	24
2016-10-24 10:26:32.043817	Trial	start	25
2016-10-24 10:26:32.050008	Speaker	play	None
2016-10-24 10:26:38.056402	Speaker	stop	None
2016-10-24 10:26:38.057469	Trial	end	25
2016-10-24 10:26:45.477824	Trial	start	26
2016-10-24 10:26:45.479988	Speaker	play	None
2016-10-24 10:26:45.600847	Speaker	stop	None
2016-10-24 10:26:45.601808	Trial	end	26
2016-10-24 10:26:45.602804	Trial	start	27
2016-10-24 10:26:45.604726	Speaker	play	None
2016-10-24 10:26:51.609734	Speaker	stop	None
2016-10-24 10:26:51.610823	Trial	end	27
2016-10-24 10:26:55.283723	Trial	start	28
2016-10-24 10:26:55.286657	Speaker	play	None
2016-10-24 10:26:55.414788	Speaker	stop	None
2016-10-24 10:26:55.415697	Trial	end	28
2016-10-24 10:26:55.416905	Trial	start	29
2016-10-24 10:26:55.419116	Speaker	play	None
2016-10-24 10:27:01.424039	Speaker	stop	None
2016-10-24 10:27:01.425387	Trial	end	29
2016-10-24 10:27:04.356225	Trial	start	30
2016-10-24 10:27:04.359813	Speaker	play	None
2016-10-24 10:27:04.438878	Speaker	stop	None
2016-10-24 10:27:04.440116	Trial	end	30
2016-10-24 10:27:04.441705	Trial	start	31
2016-10-24 10:27:04.444176	Speaker	play	None
2016-10-24 10:27:08.427745	Speaker	stop	None
2016-10-24 10:27:08.428753	Trial	end	31
2016-10-24 10:27:08.430145	Trial	start	32
2016-10-24 10:27:08.432425	Speaker	play	None
2016-10-24 10:27:08.497581	Speaker	stop	None
2016-10-24 10:27:08.498619	Trial	end	32
2016-10-24 10:27:08.500050	Trial	start	33
2016-10-24 10:27:08.502180	Speaker	play	None
2016-10-24 10:27:09.541940	Speaker	stop	None
2016-10-24 10:27:09.542813	Trial	end	33
2016-10-24 10:27:09.543774	Trial	start	34
2016-10-24 10:27:09.545832	Speaker	play	None
2016-10-24 10:27:15.378692	Speaker	stop	None
2016-10-24 10:27:15.379534	Trial	end	34
2016-10-24 10:27:15.380604	Trial	start	35
2016-10-24 10:27:15.382677	Speaker	play	None
2016-10-24 10:27:15.648982	Speaker	stop	None
2016-10-24 10:27:15.649929	Trial	end	35
2016-10-24 10:27:15.651103	Trial	start	36
2016-10-24 10:27:15.653130	Speaker	play	None
2016-10-24 10:27:21.657793	Speaker	stop	None
2016-10-24 10:27:21.658593	Trial	end	36
2016-10-24 10:27:23.005335	Trial	start	37
2016-10-24 10:27:23.009044	Speaker	play	None
2016-10-24 10:27:23.197946	Speaker	stop	None
2016-10-24 10:27:23.199043	Trial	end	37
2016-10-24 10:27:23.200220	Trial	start	38
2016-10-24 10:27:23.202693	Speaker	play	None
2016-10-24 10:27:27.466245	Speaker	stop	None
2016-10-24 10:27:27.467274	Trial	end	38
2016-10-24 10:27:27.468557	Trial	start	39
2016-10-24 10:27:27.471081	Speaker	play	None
2016-10-24 10:27:27.523402	Speaker	stop	None
2016-10-24 10:27:27.524689	Trial	end	39
2016-10-24 10:27:27.525976	Trial	start	40
2016-10-24 10:27:27.528968	Speaker	play	None
2016-10-24 10:27:33.536033	Speaker	stop	None
2016-10-24 10:27:33.537441	Trial	end	40
2016-10-24 10:27:35.583887	Trial	start	41
2016-10-24 10:27:35.586912	Speaker	play	None
2016-10-24 10:27:36.522310	Speaker	stop	None
2016-10-24 10:27:36.523463	Trial	end	41
2016-10-24 10:27:36.524703	Trial	start	42
2016-10-24 10:27:36.527165	Speaker	play	None
2016-10-24 10:27:36.603944	Speaker	stop	None
2016-10-24 10:27:36.604942	Trial	end	42
2016-10-24 10:27:36.606279	Trial	start	43
2016-10-24 10:27:36.608346	Speaker	play	None
2016-10-24 10:27:41.900110	Speaker	stop	None
2016-10-24 10:27:41.901130	Trial	end	43
2016-10-24 10:27:41.902226	Trial	start	44
2016-10-24 10:27:41.904059	Speaker	play	None
2016-10-24 10:27:47.908872	Speaker	stop	None
2016-10-24 10:27:47.909884	Trial	end	44
2016-10-24 10:27:52.311952	Trial	start	45
2016-10-24 10:27:52.315335	Speaker	play	None
2016-10-24 10:27:52.578291	Speaker	stop	None
2016-10-24 10:27:52.579268	Trial	end	45
2016-10-24 10:27:52.580642	Trial	start	46
2016-10-24 10:27:52.582881	Speaker	play	None
2016-10-24 10:27:58.586991	Speaker	stop	None
2016-10-24 10:27:58.587913	Trial	end	46
2016-10-24 10:27:58.721992	Trial	start	47
2016-10-24 10:27:58.724071	Speaker	play	None
2016-10-24 10:27:59.377669	Speaker	stop	None
2016-10-24 10:27:59.378805	Trial	end	47
2016-10-24 10:27:59.379795	Trial	start	48
2016-10-24 10:27:59.381782	Speaker	play	None
2016-10-24 10:27:59.619224	Speaker	stop	None
2016-10-24 10:27:59.620095	Trial	end	48
2016-10-24 10:27:59.621448	Trial	start	49
2016-10-24 10:27:59.624401	Speaker	play	None
2016-10-24 10:27:59.910101	Speaker	stop	None
2016-10-24 10:27:59.911087	Trial	end	49
2016-10-24 10:27:59.912067	Trial	start	50
2016-10-24 10:27:59.914115	Speaker	play	None
2016-10-24 10:27:59.983710	Speaker	stop	None
2016-10-24 10:27:59.984545	Trial	end	50
2016-10-24 10:27:59.985737	Trial	start	51
2016-10-24 10:27:59.987596	Speaker	play	None
2016-10-24 10:28:05.992442	Speaker	stop	None
2016-10-24 10:28:05.993342	Trial	end	51
2016-10-24 10:28:06.266764	Trial	start	52
2016-10-24 10:28:06.269040	Speaker	play	None
2016-10-24 10:28:06.361150	Speaker	stop	None
2016-10-24 10:28:06.362032	Trial	end	52
2016-10-24 10:28:06.363438	Trial	start	53
2016-10-24 10:28:06.365618	Speaker	play	None
2016-10-24 10:28:12.369921	Speaker	stop	None
2016-10-24 10:28:12.370850	Trial	end	53
2016-10-24 10:28:17.424181	Trial	start	54
2016-10-24 10:28:17.426793	Speaker	play	None
2016-10-24 10:28:17.506187	Speaker	stop	None
2016-10-24 10:28:17.507193	Trial	end	54
2016-10-24 10:28:17.508263	Trial	start	55
2016-10-24 10:28:17.510175	Speaker	play	None
2016-10-24 10:28:23.514985	Speaker	stop	None
2016-10-24 10:28:23.516009	Trial	end	55
2016-10-24 10:28:28.311152	Trial	start	56
2016-10-24 10:28:28.313445	Speaker	play	None
2016-10-24 10:28:34.320113	Speaker	stop	None
2016-10-24 10:28:34.321343	Hopper	up	None
2016-10-24 10:28:46.325267	Hopper	down	None
2016-10-24 10:28:46.628117	Trial	end	56
2016-10-24 10:31:55.634078	Trial	start	57
2016-10-24 10:31:55.636855	Speaker	play	None
2016-10-24 10:31:55.728546	Speaker	stop	None
2016-10-24 10:31:55.730278	Trial	end	57
2016-10-24 10:31:55.732110	Trial	start	58
2016-10-24 10:31:55.736854	Speaker	play	None
2016-10-24 10:32:01.741804	Speaker	stop	None
2016-10-24 10:32:01.742857	Trial	end	58
2016-10-24 10:32:05.222842	Trial	start	59
2016-10-24 10:32:05.225780	Speaker	play	None
2016-10-24 10:32:11.231262	Speaker	stop	None
2016-10-24 10:32:11.232205	Trial	end	59
2016-10-24 10:32:11.277089	Trial	start	60
2016-10-24 10:32:11.280637	Speaker	play	None
2016-10-24 10:32:11.362564	Speaker	stop	None
2016-10-24 10:32:11.363468	Trial	end	60
2016-10-24 10:32:11.364500	Trial	start	61
2016-10-24 10:32:11.366508	Speaker	play	None
2016-10-24 10:32:17.370487	Speaker	stop	None
2016-10-24 10:32:17.371775	Trial	end	61
2016-10-24 10:32:19.947618	Trial	start	62
2016-10-24 10:32:19.951740	Speaker	play	None
2016-10-24 10:32:25.956352	Speaker	stop	None
2016-10-24 10:32:25.957368	Trial	end	62
2016-10-24 10:32:30.666182	Trial	start	63
2016-10-24 10:32:30.668621	Speaker	play	None
2016-10-24 10:32:30.813670	Speaker	stop	None
2016-10-24 10:32:30.814599	Trial	end	63
2016-10-24 10:32:30.816178	Trial	start	64
2016-10-24 10:32:30.818284	Speaker	play	None
2016-10-24 10:32:36.822471	Speaker	stop	None
2016-10-24 10:32:36.823345	Trial	end	64
2016-10-24 10:32:39.525473	Trial	start	65
2016-10-24 10:32:39.530356	Speaker	play	None
2016-10-24 10:32:40.947444	Speaker	stop	None
2016-10-24 10:32:40.949487	Trial	end	65
2016-10-24 10:32:40.951634	Trial	start	66
2016-10-24 10:32:40.955201	Speaker	play	None
2016-10-24 10:32:46.963831	Speaker	stop	None
2016-10-24 10:32:46.965820	Trial	end	66
2016-10-24 10:32:50.437375	Trial	start	67
2016-10-24 10:32:50.446551	Speaker	play	None
2016-10-24 10:32:50.535624	Speaker	stop	None
2016-10-24 10:32:50.536623	Trial	end	67
2016-10-24 10:32:50.538916	Trial	start	68
2016-10-24 10:32:50.543103	Speaker	play	None
2016-10-24 10:32:55.074563	Speaker	stop	None
2016-10-24 10:32:55.076524	Trial	end	68
2016-10-24 10:32:55.078997	Trial	start	69
2016-10-24 10:32:55.081545	Speaker	play	None
2016-10-24 10:32:55.155449	Speaker	stop	None
2016-10-24 10:32:55.156791	Trial	end	69
2016-10-24 10:32:55.158704	Trial	start	70
2016-10-24 10:32:55.162344	Speaker	play	None
2016-10-24 10:33:01.168403	Speaker	stop	None
2016-10-24 10:33:01.169302	Trial	end	70
2016-10-24 10:33:04.989676	Trial	start	71
2016-10-24 10:33:04.992058	Speaker	play	None
2016-10-24 10:33:05.133282	Speaker	stop	None
2016-10-24 10:33:05.135039	Trial	end	71
2016-10-24 10:33:05.136684	Trial	start	72
2016-10-24 10:33:05.139295	Speaker	play	None
2016-10-24 10:33:11.084276	Speaker	stop	None
2016-10-24 10:33:11.085423	Trial	end	72
2016-10-24 10:33:11.087156	Trial	start	73
2016-10-24 10:33:11.089904	Speaker	play	None
2016-10-24 10:33:11.149871	Speaker	stop	None
2016-10-24 10:33:11.150734	Trial	end	73
2016-10-24 10:33:11.152375	Trial	start	74
2016-10-24 10:33:11.155178	Speaker	play	None
2016-10-24 10:33:16.802141	Speaker	stop	None
2016-10-24 10:33:16.803007	Trial	end	74
2016-10-24 10:33:16.804389	Trial	start	75
2016-10-24 10:33:16.807166	Speaker	play	None
2016-10-24 10:33:17.154646	Speaker	stop	None
2016-10-24 10:33:17.156969	Trial	end	75
2016-10-24 10:33:17.158707	Trial	start	76
2016-10-24 10:33:17.162313	Speaker	play	None
2016-10-24 10:33:17.244483	Speaker	stop	None
2016-10-24 10:33:17.245307	Trial	end	76
2016-10-24 10:33:17.246479	Trial	start	77
2016-10-24 10:33:17.248431	Speaker	play	None
2016-10-24 10:33:23.253285	Speaker	stop	None
2016-10-24 10:33:23.254303	Trial	end	77
2016-10-24 10:33:24.805255	Trial	start	78
2016-10-24 10:33:24.807246	Speaker	play	None
2016-10-24 10:33:24.871005	Speaker	stop	None
2016-10-24 10:33:24.871762	Trial	end	78
2016-10-24 10:33:24.872958	Trial	start	79
2016-10-24 10:33:24.874952	Speaker	play	None
2016-10-24 10:33:30.879761	Speaker	stop	None
2016-10-24 10:33:30.880761	Trial	end	79
2016-10-24 10:33:31.428323	Trial	start	80
2016-10-24 10:33:31.430556	Speaker	play	None
2016-10-24 10:33:31.723525	Speaker	stop	None
2016-10-24 10:33:31.724617	Trial	end	80
2016-10-24 10:33:31.725877	Trial	start	81
2016-10-24 10:33:31.727793	Speaker	play	None
2016-10-24 10:33:31.809706	Speaker	stop	None
2016-10-24 10:33:31.810831	Trial	end	81
2016-10-24 10:33:31.812743	Trial	start	82
2016-10-24 10:33:31.816551	Speaker	play	None
2016-10-24 10:33:37.822579	Speaker	stop	None
2016-10-24 10:33:37.824196	Trial	end	82
2016-10-24 10:33:39.063203	Trial	start	83
2016-10-24 10:33:39.065497	Speaker	play	None
2016-10-24 10:33:39.141418	Speaker	stop	None
2016-10-24 10:33:39.142488	Trial	end	83
2016-10-24 10:33:39.144220	Trial	start	84
2016-10-24 10:33:39.147076	Speaker	play	None
2016-10-24 10:33:41.954824	Speaker	stop	None
2016-10-24 10:33:41.955844	Trial	end	84
2016-10-24 10:33:41.957145	Trial	start	85
2016-10-24 10:33:41.959581	Speaker	play	None
2016-10-24 10:33:43.380550	Speaker	stop	None
2016-10-24 10:33:43.382050	Trial	end	85
2016-10-24 10:33:43.383603	Trial	start	86
2016-10-24 10:33:43.385560	Speaker	play	None
2016-10-24 10:33:44.522873	Speaker	stop	None
2016-10-24 10:33:44.523749	Trial	end	86
2016-10-24 10:33:44.525044	Trial	start	87
2016-10-24 10:33:44.531045	Speaker	play	None
2016-10-24 10:33:44.596783	Speaker	stop	None
2016-10-24 10:33:44.598265	Trial	end	87
2016-10-24 10:33:44.600580	Trial	start	88
2016-10-24 10:33:44.603509	Speaker	play	None
2016-10-24 10:33:50.609404	Speaker	stop	None
2016-10-24 10:33:50.610342	Trial	end	88
2016-10-24 10:33:52.002288	Trial	start	89
2016-10-24 10:33:52.007904	Speaker	play	None
2016-10-24 10:33:52.085209	Speaker	stop	None
2016-10-24 10:33:52.087239	Trial	end	89
2016-10-24 10:33:52.088920	Trial	start	90
2016-10-24 10:33:52.092598	Speaker	play	None
2016-10-24 10:33:56.831586	Speaker	stop	None
2016-10-24 10:33:56.832538	Trial	end	90
2016-10-24 10:33:56.834759	Trial	start	91
2016-10-24 10:33:56.836964	Speaker	play	None
2016-10-24 10:33:56.912948	Speaker	stop	None
2016-10-24 10:33:56.913810	Trial	end	91
2016-10-24 10:33:56.915050	Trial	start	92
2016-10-24 10:33:56.917120	Speaker	play	None
2016-10-24 10:33:57.159034	Speaker	stop	None
2016-10-24 10:33:57.159977	Trial	end	92
2016-10-24 10:33:57.161194	Trial	start	93
2016-10-24 10:33:57.163016	Speaker	play	None
2016-10-24 10:33:58.231763	Speaker	stop	None
2016-10-24 10:33:58.232581	Trial	end	93
2016-10-24 10:33:58.233659	Trial	start	94
2016-10-24 10:33:58.236769	Speaker	play	None
2016-10-24 10:33:58.371324	Speaker	stop	None
2016-10-24 10:33:58.372906	Trial	end	94
2016-10-24 10:33:58.374772	Trial	start	95
2016-10-24 10:33:58.378587	Speaker	play	None
2016-10-24 10:33:59.137093	Speaker	stop	None
2016-10-24 10:33:59.138212	Trial	end	95
2016-10-24 10:33:59.139785	Trial	start	96
2016-10-24 10:33:59.142053	Speaker	play	None
2016-10-24 10:34:05.146199	Speaker	stop	None
2016-10-24 10:34:05.147909	Trial	end	96
2016-10-24 10:34:10.687245	Trial	start	97
2016-10-24 10:34:10.689676	Speaker	play	None
2016-10-24 10:34:10.765953	Speaker	stop	None
2016-10-24 10:34:10.767852	Trial	end	97
2016-10-24 10:34:10.769800	Trial	start	98
2016-10-24 10:34:10.772227	Speaker	play	None
2016-10-24 10:34:11.813948	Speaker	stop	None
2016-10-24 10:34:11.816532	Trial	end	98
2016-10-24 10:34:11.818270	Trial	start	99
2016-10-24 10:34:11.821802	Speaker	play	None
2016-10-24 10:34:13.046804	Speaker	stop	None
2016-10-24 10:34:13.048048	Trial	end	99
2016-10-24 10:34:13.049693	Trial	start	100
2016-10-24 10:34:13.055720	Speaker	play	None
2016-10-24 10:34:13.882224	Speaker	stop	None
2016-10-24 10:34:13.884007	Trial	end	100
2016-10-24 10:34:13.885599	Trial	start	101
2016-10-24 10:34:13.888883	Speaker	play	None
2016-10-24 10:34:19.895476	Speaker	stop	None
2016-10-24 10:34:19.896842	Hopper	up	None
2016-10-24 10:34:31.900361	Hopper	down	None
2016-10-24 10:34:32.206710	Trial	end	101
2016-10-24 10:36:34.361207	Trial	start	102
2016-10-24 10:36:34.363301	Speaker	play	None
2016-10-24 10:36:34.463632	Speaker	stop	None
2016-10-24 10:36:34.464414	Trial	end	102
2016-10-24 10:36:34.465546	Trial	start	103
2016-10-24 10:36:34.467687	Speaker	play	None
2016-10-24 10:36:35.020649	Speaker	stop	None
2016-10-24 10:36:35.021690	Trial	end	103
2016-10-24 10:36:35.023048	Trial	start	104
2016-10-24 10:36:35.026115	Speaker	play	None
2016-10-24 10:36:41.033681	Speaker	stop	None
2016-10-24 10:36:41.034889	Trial	end	104
2016-10-24 10:36:43.179569	Trial	start	105
2016-10-24 10:36:43.184881	Speaker	play	None
2016-10-24 10:36:49.188873	Speaker	stop	None
2016-10-24 10:36:49.190226	Trial	end	105
2016-10-24 10:36:54.123704	Trial	start	106
2016-10-24 10:36:54.127641	Speaker	play	None
2016-10-24 10:37:00.132157	Speaker	stop	None
2016-10-24 10:37:00.133104	Trial	end	106
2016-10-24 10:37:07.979652	Trial	start	107
2016-10-24 10:37:07.983094	Speaker	play	None
2016-10-24 10:37:08.372982	Speaker	stop	None
2016-10-24 10:37:08.373833	Trial	end	107
2016-10-24 10:37:08.375227	Trial	start	108
2016-10-24 10:37:08.377483	Speaker	play	None
2016-10-24 10:37:08.483637	Speaker	stop	None
2016-10-24 10:37:08.484683	Trial	end	108
2016-10-24 10:37:08.486824	Trial	start	109
2016-10-24 10:37:08.490461	Speaker	play	None
2016-10-24 10:37:14.496462	Speaker	stop	None
2016-10-24 10:37:14.498024	Hopper	up	None
2016-10-24 10:37:26.501186	Hopper	down	None
2016-10-24 10:37:26.803959	Trial	end	109
2016-10-24 10:39:38.738500	Trial	start	110
2016-10-24 10:39:38.740597	Speaker	play	None
2016-10-24 10:39:38.813595	Speaker	stop	None
2016-10-24 10:39:38.815372	Trial	end	110
2016-10-24 10:39:38.817989	Trial	start	111
2016-10-24 10:39:38.819853	Speaker	play	None
2016-10-24 10:39:44.824921	Speaker	stop	None
2016-10-24 10:39:44.825703	Trial	end	111
2016-10-24 10:39:50.235551	Trial	start	112
2016-10-24 10:39:50.238925	Speaker	play	None
2016-10-24 10:39:50.289378	Speaker	stop	None
2016-10-24 10:39:50.291132	Trial	end	112
2016-10-24 10:39:50.292857	Trial	start	113
2016-10-24 10:39:50.295893	Speaker	play	None
2016-10-24 10:39:56.301450	Speaker	stop	None
2016-10-24 10:39:56.302363	Trial	end	113
2016-10-24 10:39:58.583229	Trial	start	114
2016-10-24 10:39:58.592605	Speaker	play	None
2016-10-24 10:39:58.652520	Speaker	stop	None
2016-10-24 10:39:58.653408	Trial	end	114
2016-10-24 10:39:58.654855	Trial	start	115
2016-10-24 10:39:58.657153	Speaker	play	None
2016-10-24 10:40:04.666000	Speaker	stop	None
2016-10-24 10:40:04.667597	Trial	end	115
2016-10-24 10:40:07.974471	Trial	start	116
2016-10-24 10:40:07.977211	Speaker	play	None
2016-10-24 10:40:08.064622	Speaker	stop	None
2016-10-24 10:40:08.065511	Trial	end	116
2016-10-24 10:40:08.067509	Trial	start	117
2016-10-24 10:40:08.070732	Speaker	play	None
2016-10-24 10:40:14.077296	Speaker	stop	None
2016-10-24 10:40:14.078463	Hopper	up	None
2016-10-24 10:40:26.082368	Hopper	down	None
2016-10-24 10:40:26.389047	Trial	end	117
2016-10-24 10:43:56.663959	Trial	start	118
2016-10-24 10:43:56.666713	Speaker	play	None
2016-10-24 10:43:56.770355	Speaker	stop	None
2016-10-24 10:43:56.771592	Trial	end	118
2016-10-24 10:43:56.773769	Trial	start	119
2016-10-24 10:43:56.777516	Speaker	play	None
2016-10-24 10:44:02.782538	Speaker	stop	None
2016-10-24 10:44:02.783836	Trial	end	119
2016-10-24 10:44:04.740236	Trial	start	120
2016-10-24 10:44:04.743955	Speaker	play	None
2016-10-24 10:44:05.846467	Speaker	stop	None
2016-10-24 10:44:05.849750	Trial	end	120
2016-10-24 10:44:05.850986	Trial	start	121
2016-10-24 10:44:05.853417	Speaker	play	None
2016-10-24 10:44:06.813531	Speaker	stop	None
2016-10-24 10:44:06.815137	Trial	end	121
2016-10-24 10:44:06.816901	Trial	start	122
2016-10-24 10:44:06.819520	Speaker	play	None
2016-10-24 10:44:06.883613	Speaker	stop	None
2016-10-24 10:44:06.884630	Trial	end	122
2016-10-24 10:44:06.885754	Trial	start	123
2016-10-24 10:44:06.888422	Speaker	play	None
2016-10-24 10:44:12.894847	Speaker	stop	None
2016-10-24 10:44:12.895875	Trial	end	123
2016-10-24 10:44:16.319350	Trial	start	124
2016-10-24 10:44:16.326787	Speaker	play	None
2016-10-24 10:44:22.331687	Speaker	stop	None
2016-10-24 10:44:22.333547	Hopper	up	None
2016-10-24 10:44:34.336513	Hopper	down	None
2016-10-24 10:44:34.639219	Trial	end	124
2016-10-24 10:45:41.446005	Trial	start	125
2016-10-24 10:45:41.449902	Speaker	play	None
2016-10-24 10:45:47.454654	Speaker	stop	None
2016-10-24 10:45:47.456313	Trial	end	125
2016-10-24 10:45:53.172150	Trial	start	126
2016-10-24 10:45:53.176945	Speaker	play	None
2016-10-24 10:45:53.275826	Speaker	stop	None
2016-10-24 10:45:53.277820	Trial	end	126
2016-10-24 10:45:53.279446	Trial	start	127
2016-10-24 10:45:53.281719	Speaker	play	None
2016-10-24 10:45:59.286964	Speaker	stop	None
2016-10-24 10:45:59.287958	Trial	end	127
2016-10-24 10:46:05.577995	Trial	start	128
2016-10-24 10:46:05.581767	Speaker	play	None
2016-10-24 10:46:05.643600	Speaker	stop	None
2016-10-24 10:46:05.644393	Trial	end	128
2016-10-24 10:46:05.645653	Trial	start	129
2016-10-24 10:46:05.648452	Speaker	play	None
2016-10-24 10:46:11.656967	Speaker	stop	None
2016-10-24 10:46:11.658967	Trial	end	129
2016-10-24 10:46:18.058015	Trial	start	130
2016-10-24 10:46:18.062824	Speaker	play	None
2016-10-24 10:46:18.258953	Speaker	stop	None
2016-10-24 10:46:18.260475	Trial	end	130
2016-10-24 10:46:18.261855	Trial	start	131
2016-10-24 10:46:18.264911	Speaker	play	None
2016-10-24 10:46:18.345360	Speaker	stop	None
2016-10-24 10:46:18.346629	Trial	end	131
2016-10-24 10:46:18.347764	Trial	start	132
2016-10-24 10:46:18.349698	Speaker	play	None
2016-10-24 10:46:24.354067	Speaker	stop	None
2016-10-24 10:46:24.356760	Trial	end	132
2016-10-24 10:46:25.454900	Trial	start	133
2016-10-24 10:46:25.457235	Speaker	play	None
2016-10-24 10:46:26.569265	Speaker	stop	None
2016-10-24 10:46:26.571015	Trial	end	133
2016-10-24 10:46:26.572625	Trial	start	134
2016-10-24 10:46:26.574815	Speaker	play	None
2016-10-24 10:46:26.638775	Speaker	stop	None
2016-10-24 10:46:26.639719	Trial	end	134
2016-10-24 10:46:26.640860	Trial	start	135
2016-10-24 10:46:26.642935	Speaker	play	None
2016-10-24 10:46:32.651770	Speaker	stop	None
2016-10-24 10:46:32.654470	Trial	end	135
2016-10-24 10:46:39.163531	Trial	start	136
2016-10-24 10:46:39.165818	Speaker	play	None
2016-10-24 10:46:45.172302	Speaker	stop	None
2016-10-24 10:46:45.173230	Trial	end	136
2016-10-24 10:46:58.982908	Trial	start	137
2016-10-24 10:46:58.985392	Speaker	play	None
2016-10-24 10:47:04.991620	Speaker	stop	None
2016-10-24 10:47:04.992603	Trial	end	137
2016-10-24 10:47:10.312108	Trial	start	138
2016-10-24 10:47:10.316012	Speaker	play	None
2016-10-24 10:47:16.320752	Speaker	stop	None
2016-10-24 10:47:16.322054	Trial	end	138
2016-10-24 10:47:22.423412	Trial	start	139
2016-10-24 10:47:22.427122	Speaker	play	None
2016-10-24 10:47:22.509495	Speaker	stop	None
2016-10-24 10:47:22.510634	Trial	end	139
2016-10-24 10:47:22.511897	Trial	start	140
2016-10-24 10:47:22.513793	Speaker	play	None
2016-10-24 10:47:28.517862	Speaker	stop	None
2016-10-24 10:47:28.518928	Trial	end	140
2016-10-24 10:47:32.576620	Trial	start	141
2016-10-24 10:47:32.587233	Speaker	play	None
2016-10-24 10:47:32.650796	Speaker	stop	None
2016-10-24 10:47:32.652884	Trial	end	141
2016-10-24 10:47:32.654668	Trial	start	142
2016-10-24 10:47:32.656907	Speaker	play	None
2016-10-24 10:47:38.663061	Speaker	stop	None
2016-10-24 10:47:38.664090	Trial	end	142
2016-10-24 10:47:41.468589	Trial	start	143
2016-10-24 10:47:41.472263	Speaker	play	None
2016-10-24 10:47:41.555323	Speaker	stop	None
2016-10-24 10:47:41.557088	Trial	end	143
2016-10-24 10:47:41.558838	Trial	start	144
2016-10-24 10:47:41.561123	Speaker	play	None
2016-10-24 10:47:47.567273	Speaker	stop	None
2016-10-24 10:47:47.568103	Trial	end	144
2016-10-24 10:48:00.177891	Trial	start	145
2016-10-24 10:48:00.180305	Speaker	play	None
2016-10-24 10:48:00.235884	Speaker	stop	None
2016-10-24 10:48:00.237782	Trial	end	145
2016-10-24 10:48:00.239625	Trial	start	146
2016-10-24 10:48:00.242991	Speaker	play	None
2016-10-24 10:48:01.337735	Speaker	stop	None
2016-10-24 10:48:01.338902	Trial	end	146
2016-10-24 10:48:01.340009	Trial	start	147
2016-10-24 10:48:01.342075	Speaker	play	None
2016-10-24 10:48:01.402969	Speaker	stop	None
2016-10-24 10:48:01.404492	Trial	end	147
2016-10-24 10:48:01.406007	Trial	start	148
2016-10-24 10:48:01.407879	Speaker	play	None
2016-10-24 10:48:07.411229	Speaker	stop	None
2016-10-24 10:48:07.411991	Trial	end	148
2016-10-24 10:48:16.970733	Trial	start	149
2016-10-24 10:48:16.973438	Speaker	play	None
2016-10-24 10:48:17.061238	Speaker	stop	None
2016-10-24 10:48:17.063079	Trial	end	149
2016-10-24 10:48:17.065430	Trial	start	150
2016-10-24 10:48:17.067724	Speaker	play	None
2016-10-24 10:48:17.921247	Speaker	stop	None
2016-10-24 10:48:17.922462	Trial	end	150
2016-10-24 10:48:17.923797	Trial	start	151
2016-10-24 10:48:17.926578	Speaker	play	None
2016-10-24 10:48:17.995100	Speaker	stop	None
2016-10-24 10:48:17.996377	Trial	end	151
2016-10-24 10:48:17.997986	Trial	start	152
2016-10-24 10:48:18.001202	Speaker	play	None
2016-10-24 10:48:24.007374	Speaker	stop	None
2016-10-24 10:48:24.008433	Trial	end	152
2016-10-24 10:48:33.329432	Trial	start	153
2016-10-24 10:48:33.331707	Speaker	play	None
2016-10-24 10:48:39.337539	Speaker	stop	None
2016-10-24 10:48:39.338529	Trial	end	153
2016-10-24 10:48:40.030097	Trial	start	154
2016-10-24 10:48:40.033554	Speaker	play	None
2016-10-24 10:48:40.091448	Speaker	stop	None
2016-10-24 10:48:40.092259	Trial	end	154
2016-10-24 10:48:40.093839	Trial	start	155
2016-10-24 10:48:40.096693	Speaker	play	None
2016-10-24 10:48:46.100528	Speaker	stop	None
2016-10-24 10:48:46.103778	Hopper	up	None
2016-10-24 10:48:58.108963	Hopper	down	None
2016-10-24 10:48:58.415737	Trial	end	155
2016-10-24 10:51:20.252572	Trial	start	156
2016-10-24 10:51:20.256908	Speaker	play	None
2016-10-24 10:51:20.343886	Speaker	stop	None
2016-10-24 10:51:20.345152	Trial	end	156
2016-10-24 10:51:20.346862	Trial	start	157
2016-10-24 10:51:20.349719	Speaker	play	None
2016-10-24 10:51:26.360389	Speaker	stop	None
2016-10-24 10:51:26.362970	Trial	end	157
2016-10-24 10:51:27.514231	Trial	start	158
2016-10-24 10:51:27.516403	Speaker	play	None
2016-10-24 10:51:27.579941	Speaker	stop	None
2016-10-24 10:51:27.580716	Trial	end	158
2016-10-24 10:51:27.582420	Trial	start	159
2016-10-24 10:51:27.585433	Speaker	play	None
2016-10-24 10:51:33.596685	Speaker	stop	None
2016-10-24 10:51:33.599526	Trial	end	159
2016-10-24 10:51:36.791282	Trial	start	160
2016-10-24 10:51:36.795066	Speaker	play	None
2016-10-24 10:51:42.800282	Speaker	stop	None
2016-10-24 10:51:42.802150	Trial	end	160
2016-10-24 10:51:45.125923	Trial	start	161
2016-10-24 10:51:45.128241	Speaker	play	None
2016-10-24 10:51:51.134948	Speaker	stop	None
2016-10-24 10:51:51.136230	Trial	end	161
2016-10-24 10:51:54.312816	Trial	start	162
2016-10-24 10:51:54.315221	Speaker	play	None
2016-10-24 10:51:54.378539	Speaker	stop	None
2016-10-24 10:51:54.379517	Trial	end	162
2016-10-24 10:51:54.380932	Trial	start	163
2016-10-24 10:51:54.382876	Speaker	play	None
2016-10-24 10:52:00.386973	Speaker	stop	None
2016-10-24 10:52:00.387745	Trial	end	163
2016-10-24 10:52:04.773555	Trial	start	164
2016-10-24 10:52:04.776285	Speaker	play	None
2016-10-24 10:52:04.966670	Speaker	stop	None
2016-10-24 10:52:04.967952	Trial	end	164
2016-10-24 10:52:04.971082	Trial	start	165
2016-10-24 10:52:04.973763	Speaker	play	None
2016-10-24 10:52:10.978670	Speaker	stop	None
2016-10-24 10:52:10.979542	Trial	end	165
2016-10-24 10:52:13.509947	Trial	start	166
2016-10-24 10:52:13.512695	Speaker	play	None
2016-10-24 10:52:13.567468	Speaker	stop	None
2016-10-24 10:52:13.569354	Trial	end	166
2016-10-24 10:52:13.579057	Trial	start	167
2016-10-24 10:52:13.583735	Speaker	play	None
2016-10-24 10:52:19.588191	Speaker	stop	None
2016-10-24 10:52:19.589788	Trial	end	167
2016-10-24 10:52:22.135389	Trial	start	168
2016-10-24 10:52:22.137882	Speaker	play	None
2016-10-24 10:52:22.230474	Speaker	stop	None
2016-10-24 10:52:22.231641	Trial	end	168
2016-10-24 10:52:22.232899	Trial	start	169
2016-10-24 10:52:22.234782	Speaker	play	None
2016-10-24 10:52:28.238240	Speaker	stop	None
2016-10-24 10:52:28.239313	Hopper	up	None
2016-10-24 10:52:40.243317	Hopper	down	None
2016-10-24 10:52:40.550218	Trial	end	169
2016-10-24 10:54:11.701263	Trial	start	170
2016-10-24 10:54:11.703409	Speaker	play	None
2016-10-24 10:54:11.783308	Speaker	stop	None
2016-10-24 10:54:11.784223	Trial	end	170
2016-10-24 10:54:11.786330	Trial	start	171
2016-10-24 10:54:11.788800	Speaker	play	None
2016-10-24 10:54:13.095117	Speaker	stop	None
2016-10-24 10:54:13.096719	Trial	end	171
2016-10-24 10:54:13.101367	Trial	start	172
2016-10-24 10:54:13.103526	Speaker	play	None
2016-10-24 10:54:13.155768	Speaker	stop	None
2016-10-24 10:54:13.157309	Trial	end	172
2016-10-24 10:54:13.159167	Trial	start	173
2016-10-24 10:54:13.166374	Speaker	play	None
2016-10-24 10:54:19.172254	Speaker	stop	None
2016-10-24 10:54:19.173201	Trial	end	173
2016-10-24 10:54:25.127376	Trial	start	174
2016-10-24 10:54:25.131105	Speaker	play	None
2016-10-24 10:54:31.135859	Speaker	stop	None
2016-10-24 10:54:31.136770	Trial	end	174
2016-10-24 10:54:39.204353	Trial	start	175
2016-10-24 10:54:39.207491	Speaker	play	None
2016-10-24 10:54:39.409556	Speaker	stop	None
2016-10-24 10:54:39.411486	Trial	end	175
2016-10-24 10:54:39.413105	Trial	start	176
2016-10-24 10:54:39.416442	Speaker	play	None
2016-10-24 10:54:45.422018	Speaker	stop	None
2016-10-24 10:54:45.423442	Trial	end	176
2016-10-24 10:54:51.380989	Trial	start	177
2016-10-24 10:54:51.382991	Speaker	play	None
2016-10-24 10:54:51.475885	Speaker	stop	None
2016-10-24 10:54:51.476865	Trial	end	177
2016-10-24 10:54:51.478084	Trial	start	178
2016-10-24 10:54:51.480076	Speaker	play	None
2016-10-24 10:54:51.913702	Speaker	stop	None
2016-10-24 10:54:51.914631	Trial	end	178
2016-10-24 10:54:51.915812	Trial	start	179
2016-10-24 10:54:51.918210	Speaker	play	None
2016-10-24 10:54:57.922152	Speaker	stop	None
2016-10-24 10:54:57.923266	Trial	end	179
2016-10-24 10:55:05.728757	Trial	start	180
2016-10-24 10:55:05.732173	Speaker	play	None
2016-10-24 10:55:05.802390	Speaker	stop	None
2016-10-24 10:55:05.803251	Trial	end	180
2016-10-24 10:55:05.804339	Trial	start	181
2016-10-24 10:55:05.806349	Speaker	play	None
2016-10-24 10:55:11.810919	Speaker	stop	None
2016-10-24 10:55:11.811734	Trial	end	181
2016-10-24 10:55:29.303906	Trial	start	182
2016-10-24 10:55:29.318831	Speaker	play	None
2016-10-24 10:55:29.406299	Speaker	stop	None
2016-10-24 10:55:29.407165	Trial	end	182
2016-10-24 10:55:29.408452	Trial	start	183
2016-10-24 10:55:29.410717	Speaker	play	None
2016-10-24 10:55:35.419313	Speaker	stop	None
2016-10-24 10:55:35.421472	Trial	end	183
2016-10-24 10:55:43.909438	Trial	start	184
2016-10-24 10:55:43.912861	Speaker	play	None
2016-10-24 10:55:45.011272	Speaker	stop	None
2016-10-24 10:55:45.012704	Trial	end	184
2016-10-24 10:55:45.014510	Trial	start	185
2016-10-24 10:55:45.017065	Speaker	play	None
2016-10-24 10:55:47.321181	Speaker	stop	None
2016-10-24 10:55:47.322165	Trial	end	185
2016-10-24 10:55:47.323189	Trial	start	186
2016-10-24 10:55:47.327532	Speaker	play	None
2016-10-24 10:55:47.550638	Speaker	stop	None
2016-10-24 10:55:47.551515	Trial	end	186
2016-10-24 10:55:47.552841	Trial	start	187
2016-10-24 10:55:47.554953	Speaker	play	None
2016-10-24 10:55:53.559347	Speaker	stop	None
2016-10-24 10:55:53.560632	Trial	end	187
2016-10-24 10:56:02.713094	Trial	start	188
2016-10-24 10:56:02.715425	Speaker	play	None
2016-10-24 10:56:02.983361	Speaker	stop	None
2016-10-24 10:56:02.984246	Trial	end	188
2016-10-24 10:56:02.985463	Trial	start	189
2016-10-24 10:56:02.988231	Speaker	play	None
2016-10-24 10:56:08.993081	Speaker	stop	None
2016-10-24 10:56:08.994550	Trial	end	189
2016-10-24 10:56:14.107295	Trial	start	190
2016-10-24 10:56:14.113225	Speaker	play	None
2016-10-24 10:56:14.181562	Speaker	stop	None
2016-10-24 10:56:14.182620	Trial	end	190
2016-10-24 10:56:14.184429	Trial	start	191
2016-10-24 10:56:14.187789	Speaker	play	None
2016-10-24 10:56:20.193923	Speaker	stop	None
2016-10-24 10:56:20.195583	Trial	end	191
2016-10-24 10:56:25.882671	Trial	start	192
2016-10-24 10:56:25.885336	Speaker	play	None
2016-10-24 10:56:26.144982	Speaker	stop	None
2016-10-24 10:56:26.145898	Trial	end	192
2016-10-24 10:56:26.147038	Trial	start	193
2016-10-24 10:56:26.148978	Speaker	play	None
2016-10-24 10:56:26.935657	Speaker	stop	None
2016-10-24 10:56:26.936918	Trial	end	193
2016-10-24 10:56:26.938211	Trial	start	194
2016-10-24 10:56:26.940623	Speaker	play	None
2016-10-24 10:56:26.996973	Speaker	stop	None
2016-10-24 10:56:26.998276	Trial	end	194
2016-10-24 10:56:26.999673	Trial	start	195
2016-10-24 10:56:27.002526	Speaker	play	None
2016-10-24 10:56:28.226351	Speaker	stop	None
2016-10-24 10:56:28.228078	Trial	end	195
2016-10-24 10:56:28.229731	Trial	start	196
2016-10-24 10:56:28.232868	Speaker	play	None
2016-10-24 10:56:28.295829	Speaker	stop	None
2016-10-24 10:56:28.297745	Trial	end	196
2016-10-24 10:56:28.301949	Trial	start	197
2016-10-24 10:56:28.304493	Speaker	play	None
2016-10-24 10:56:34.312426	Speaker	stop	None
2016-10-24 10:56:34.314015	Trial	end	197
2016-10-24 10:56:36.044367	Trial	start	198
2016-10-24 10:56:36.047084	Speaker	play	None
2016-10-24 10:56:36.151215	Speaker	stop	None
2016-10-24 10:56:36.152230	Trial	end	198
2016-10-24 10:56:36.153509	Trial	start	199
2016-10-24 10:56:36.155634	Speaker	play	None
2016-10-24 10:56:42.159342	Speaker	stop	None
2016-10-24 10:56:42.160341	Trial	end	199
2016-10-24 10:56:46.619554	Trial	start	200
2016-10-24 10:56:46.622355	Speaker	play	None
2016-10-24 10:56:52.628556	Speaker	stop	None
2016-10-24 10:56:52.630395	Trial	end	200
2016-10-24 10:57:00.082823	Trial	start	201
2016-10-24 10:57:00.090280	Speaker	play	None
2016-10-24 10:57:00.193067	Speaker	stop	None
2016-10-24 10:57:00.193827	Trial	end	201
2016-10-24 10:57:00.195261	Trial	start	202
2016-10-24 10:57:00.198271	Speaker	play	None
2016-10-24 10:57:00.586475	Speaker	stop	None
2016-10-24 10:57:00.587839	Trial	end	202
2016-10-24 10:57:00.590290	Trial	start	203
2016-10-24 10:57:00.592842	Speaker	play	None
2016-10-24 10:57:00.643536	Speaker	stop	None
2016-10-24 10:57:00.644361	Trial	end	203
2016-10-24 10:57:00.646331	Trial	start	204
2016-10-24 10:57:00.648608	Speaker	play	None
2016-10-24 10:57:06.656347	Speaker	stop	None
2016-10-24 10:57:06.657409	Trial	end	204
2016-10-24 10:57:11.943711	Trial	start	205
2016-10-24 10:57:11.947029	Speaker	play	None
2016-10-24 10:57:12.013667	Speaker	stop	None
2016-10-24 10:57:12.014630	Trial	end	205
2016-10-24 10:57:12.015941	Trial	start	206
2016-10-24 10:57:12.018611	Speaker	play	None
2016-10-24 10:57:12.521692	Speaker	stop	None
2016-10-24 10:57:12.522893	Trial	end	206
2016-10-24 10:57:12.524566	Trial	start	207
2016-10-24 10:57:12.527485	Speaker	play	None
2016-10-24 10:57:12.763305	Speaker	stop	None
2016-10-24 10:57:12.764366	Trial	end	207
2016-10-24 10:57:12.766248	Trial	start	208
2016-10-24 10:57:12.774785	Speaker	play	None
2016-10-24 10:57:18.783896	Speaker	stop	None
2016-10-24 10:57:18.784860	Trial	end	208
2016-10-24 10:57:20.102992	Trial	start	209
2016-10-24 10:57:20.108709	Speaker	play	None
2016-10-24 10:57:26.115187	Speaker	stop	None
2016-10-24 10:57:26.116825	Hopper	up	None
2016-10-24 10:57:38.119837	Hopper	down	None
2016-10-24 10:57:38.422739	Trial	end	209
2016-10-24 10:59:41.996230	Trial	start	210
2016-10-24 10:59:42.000167	Speaker	play	None
2016-10-24 10:59:42.066007	Speaker	stop	None
2016-10-24 10:59:42.066974	Trial	end	210
2016-10-24 10:59:42.068488	Trial	start	211
2016-10-24 10:59:42.072263	Speaker	play	None
2016-10-24 10:59:48.078957	Speaker	stop	None
2016-10-24 10:59:48.079924	Trial	end	211
2016-10-24 10:59:55.012713	Trial	start	212
2016-10-24 10:59:55.016079	Speaker	play	None
2016-10-24 11:00:01.021326	Speaker	stop	None
2016-10-24 11:00:01.023057	Trial	end	212
2016-10-24 11:00:05.006189	Trial	start	213
2016-10-24 11:00:05.008204	Speaker	play	None
2016-10-24 11:00:05.297254	Speaker	stop	None
2016-10-24 11:00:05.298654	Trial	end	213
2016-10-24 11:00:05.301948	Trial	start	214
2016-10-24 11:00:05.307188	Speaker	play	None
2016-10-24 11:00:11.314211	Speaker	stop	None
2016-10-24 11:00:11.315612	Trial	end	214
2016-10-24 11:00:16.621731	Trial	start	215
2016-10-24 11:00:16.625029	Speaker	play	None
2016-10-24 11:00:22.630696	Speaker	stop	None
2016-10-24 11:00:22.633780	Trial	end	215
2016-10-24 11:00:28.507594	Trial	start	216
2016-10-24 11:00:28.510499	Speaker	play	None
2016-10-24 11:00:28.573942	Speaker	stop	None
2016-10-24 11:00:28.574970	Trial	end	216
2016-10-24 11:00:28.577627	Trial	start	217
2016-10-24 11:00:28.581092	Speaker	play	None
2016-10-24 11:00:34.598108	Speaker	stop	None
2016-10-24 11:00:34.599226	Hopper	up	None
2016-10-24 11:00:46.603030	Hopper	down	None
2016-10-24 11:00:46.909748	Trial	end	217
2016-10-24 11:02:36.414461	Trial	start	218
2016-10-24 11:02:36.416740	Speaker	play	None
2016-10-24 11:02:42.420528	Speaker	stop	None
2016-10-24 11:02:42.421476	Trial	end	218
2016-10-24 11:02:52.408652	Trial	start	219
2016-10-24 11:02:52.411788	Speaker	play	None
2016-10-24 11:02:58.418767	Speaker	stop	None
2016-10-24 11:02:58.419729	Trial	end	219
2016-10-24 11:03:04.346329	Trial	start	220
2016-10-24 11:03:04.348911	Speaker	play	None
2016-10-24 11:03:04.424598	Speaker	stop	None
2016-10-24 11:03:04.426480	Trial	end	220
2016-10-24 11:03:04.427866	Trial	start	221
2016-10-24 11:03:04.430774	Speaker	play	None
2016-10-24 11:03:04.723864	Speaker	stop	None
2016-10-24 11:03:04.724877	Trial	end	221
2016-10-24 11:03:04.725973	Trial	start	222
2016-10-24 11:03:04.727837	Speaker	play	None
2016-10-24 11:03:10.733179	Speaker	stop	None
2016-10-24 11:03:10.734060	Trial	end	222
2016-10-24 11:03:16.202659	Trial	start	223
2016-10-24 11:03:16.211767	Speaker	play	None
2016-10-24 11:03:17.718227	Speaker	stop	None
2016-10-24 11:03:17.719282	Trial	end	223
2016-10-24 11:03:17.720463	Trial	start	224
2016-10-24 11:03:17.725526	Speaker	play	None
2016-10-24 11:03:23.732166	Speaker	stop	None
2016-10-24 11:03:23.733180	Trial	end	224
2016-10-24 11:03:33.568365	Trial	start	225
2016-10-24 11:03:33.571429	Speaker	play	None
2016-10-24 11:03:33.777274	Speaker	stop	None
2016-10-24 11:03:33.778208	Trial	end	225
2016-10-24 11:03:33.779663	Trial	start	226
2016-10-24 11:03:33.783993	Speaker	play	None
2016-10-24 11:03:39.791355	Speaker	stop	None
2016-10-24 11:03:39.792560	Trial	end	226
2016-10-24 11:03:47.705924	Trial	start	227
2016-10-24 11:03:47.708811	Speaker	play	None
2016-10-24 11:03:47.788158	Speaker	stop	None
2016-10-24 11:03:47.789191	Trial	end	227
2016-10-24 11:03:47.790531	Trial	start	228
2016-10-24 11:03:47.793798	Speaker	play	None
2016-10-24 11:03:53.802662	Speaker	stop	None
2016-10-24 11:03:53.803921	Trial	end	228
2016-10-24 11:03:59.479787	Trial	start	229
2016-10-24 11:03:59.482811	Speaker	play	None
2016-10-24 11:03:59.598741	Speaker	stop	None
2016-10-24 11:03:59.599967	Trial	end	229
2016-10-24 11:03:59.601392	Trial	start	230
2016-10-24 11:03:59.603796	Speaker	play	None
2016-10-24 11:04:05.608512	Speaker	stop	None
2016-10-24 11:04:05.609572	Trial	end	230
2016-10-24 11:04:13.412379	Trial	start	231
2016-10-24 11:04:13.415211	Speaker	play	None
2016-10-24 11:04:13.478083	Speaker	stop	None
2016-10-24 11:04:13.478895	Trial	end	231
2016-10-24 11:04:13.480235	Trial	start	232
2016-10-24 11:04:13.483182	Speaker	play	None
2016-10-24 11:04:13.760705	Speaker	stop	None
2016-10-24 11:04:13.761693	Trial	end	232
2016-10-24 11:04:13.763042	Trial	start	233
2016-10-24 11:04:13.766807	Speaker	play	None
2016-10-24 11:04:19.775261	Speaker	stop	None
2016-10-24 11:04:19.777635	Trial	end	233
2016-10-24 11:04:24.760133	Trial	start	234
2016-10-24 11:04:24.770517	Speaker	play	None
2016-10-24 11:04:30.778146	Speaker	stop	None
2016-10-24 11:04:30.778918	Trial	end	234
2016-10-24 11:04:37.328724	Trial	start	235
2016-10-24 11:04:37.332194	Speaker	play	None
2016-10-24 11:04:37.516971	Speaker	stop	None
2016-10-24 11:04:37.517962	Trial	end	235
2016-10-24 11:04:37.519116	Trial	start	236
2016-10-24 11:04:37.521153	Speaker	play	None
2016-10-24 11:04:43.526963	Speaker	stop	None
2016-10-24 11:04:43.530465	Trial	end	236
2016-10-24 11:04:49.909127	Trial	start	237
2016-10-24 11:04:49.911394	Speaker	play	None
2016-10-24 11:04:50.130486	Speaker	stop	None
2016-10-24 11:04:50.131884	Trial	end	237
2016-10-24 11:04:50.133292	Trial	start	238
2016-10-24 11:04:50.137177	Speaker	play	None
2016-10-24 11:04:51.363669	Speaker	stop	None
2016-10-24 11:04:51.364616	Trial	end	238
2016-10-24 11:04:51.366042	Trial	start	239
2016-10-24 11:04:51.368319	Speaker	play	None
2016-10-24 11:04:51.613483	Speaker	stop	None
2016-10-24 11:04:51.614389	Trial	end	239
2016-10-24 11:04:51.615698	Trial	start	240
2016-10-24 11:04:51.627676	Speaker	play	None
2016-10-24 11:04:57.635459	Speaker	stop	None
2016-10-24 11:04:57.636760	Hopper	up	None
2016-10-24 11:05:09.639284	Hopper	down	None
2016-10-24 11:05:09.945487	Trial	end	240
2016-10-24 11:07:27.071049	Trial	start	241
2016-10-24 11:07:27.074022	Speaker	play	None
2016-10-24 11:07:27.194349	Speaker	queue	None
2016-10-24 11:07:27.195206	Trial	end	241
2016-10-24 11:07:27.196876	Trial	start	242
2016-10-24 11:07:27.199746	Speaker	play	None
2016-10-24 11:07:28.050713	Speaker	stop	None
2016-10-24 11:07:28.052208	Trial	end	242
2016-10-24 11:07:28.054485	Trial	start	243
2016-10-24 11:07:28.057092	Speaker	play	None
2016-10-24 11:07:28.136481	Speaker	stop	None
2016-10-24 11:07:28.137851	Trial	end	243
2016-10-24 11:07:28.139366	Trial	start	244
2016-10-24 11:07:28.141969	Speaker	play	None
2016-10-24 11:07:34.149972	Speaker	stop	None
2016-10-24 11:07:34.150963	Trial	end	244
2016-10-24 11:07:41.929136	Trial	start	245
2016-10-24 11:07:41.932676	Speaker	play	None
2016-10-24 11:07:42.031516	Speaker	stop	None
2016-10-24 11:07:42.034752	Trial	end	245
2016-10-24 11:07:42.036167	Trial	start	246
2016-10-24 11:07:42.039481	Speaker	play	None
2016-10-24 11:07:48.056972	Speaker	stop	None
2016-10-24 11:07:48.057972	Trial	end	246
2016-10-24 11:07:54.508680	Trial	start	247
2016-10-24 11:07:54.510966	Speaker	play	None
2016-10-24 11:07:54.574562	Speaker	stop	None
2016-10-24 11:07:54.575884	Trial	end	247
2016-10-24 11:07:54.577613	Trial	start	248
2016-10-24 11:07:54.580164	Speaker	play	None
2016-10-24 11:08:00.583948	Speaker	stop	None
2016-10-24 11:08:00.584859	Trial	end	248
2016-10-24 11:08:07.654015	Trial	start	249
2016-10-24 11:08:07.656471	Speaker	play	None
2016-10-24 11:08:07.740447	Speaker	stop	None
2016-10-24 11:08:07.742184	Trial	end	249
2016-10-24 11:08:07.743562	Trial	start	250
2016-10-24 11:08:07.746418	Speaker	play	None
2016-10-24 11:08:13.754028	Speaker	stop	None
2016-10-24 11:08:13.756805	Trial	end	250
2016-10-24 11:08:23.245872	Trial	start	251
2016-10-24 11:08:23.249977	Speaker	play	None
2016-10-24 11:08:29.254467	Speaker	stop	None
2016-10-24 11:08:29.259300	Hopper	up	None
2016-10-24 11:08:41.261856	Hopper	down	None
2016-10-24 11:08:41.567701	Trial	end	251
2016-10-24 11:09:50.946732	Trial	start	252
2016-10-24 11:09:50.949044	Speaker	play	None
2016-10-24 11:09:51.016826	Speaker	stop	None
2016-10-24 11:09:51.017979	Trial	end	252
2016-10-24 11:09:51.019424	Trial	start	253
2016-10-24 11:09:51.023210	Speaker	play	None
2016-10-24 11:09:57.030641	Speaker	stop	None
2016-10-24 11:09:57.033742	Trial	end	253
2016-10-24 11:10:13.701731	Trial	start	254
2016-10-24 11:10:13.705659	Speaker	play	None
2016-10-24 11:10:19.710853	Speaker	stop	None
2016-10-24 11:10:19.711898	Trial	end	254
2016-10-24 11:10:32.761447	Trial	start	255
2016-10-24 11:10:32.763751	Speaker	play	None
2016-10-24 11:10:38.766712	Speaker	stop	None
2016-10-24 11:10:38.767999	Hopper	up	None
2016-10-24 11:10:50.773690	Hopper	down	None
2016-10-24 11:10:51.079660	Trial	end	255
2016-10-24 11:12:53.814331	Trial	start	256
2016-10-24 11:12:53.816717	Speaker	play	None
2016-10-24 11:12:59.823768	Speaker	stop	None
2016-10-24 11:12:59.824735	Trial	end	256
2016-10-24 11:13:45.553066	Trial	start	257
2016-10-24 11:13:45.557438	Speaker	play	None
2016-10-24 11:13:45.618794	Speaker	stop	None
2016-10-24 11:13:45.620631	Trial	end	257
2016-10-24 11:13:45.623036	Trial	start	258
2016-10-24 11:13:45.625615	Speaker	play	None
2016-10-24 11:13:51.631588	Speaker	stop	None
2016-10-24 11:13:51.632397	Trial	end	258
2016-10-24 11:14:03.469571	Trial	start	259
2016-10-24 11:14:03.474047	Speaker	play	None
2016-10-24 11:14:06.230057	Speaker	stop	None
2016-10-24 11:14:06.230925	Trial	end	259
2016-10-24 11:14:06.232021	Trial	start	260
2016-10-24 11:14:06.234249	Speaker	play	None
2016-10-24 11:14:06.299794	Speaker	stop	None
2016-10-24 11:14:06.300934	Trial	end	260
2016-10-24 11:14:06.303696	Trial	start	261
2016-10-24 11:14:06.308721	Speaker	play	None
2016-10-24 11:14:12.316886	Speaker	stop	None
2016-10-24 11:14:12.318248	Trial	end	261
2016-10-24 11:14:20.587171	Trial	start	262
2016-10-24 11:14:20.589532	Speaker	play	None
2016-10-24 11:14:26.596150	Speaker	stop	None
2016-10-24 11:14:26.597807	Trial	end	262
2016-10-24 11:14:58.221905	Trial	start	263
2016-10-24 11:14:58.224068	Speaker	play	None
2016-10-24 11:14:59.921963	Speaker	stop	None
2016-10-24 11:14:59.922754	Trial	end	263
2016-10-24 11:14:59.923807	Trial	start	264
2016-10-24 11:14:59.925765	Speaker	play	None
2016-10-24 11:15:02.297940	Speaker	stop	None
2016-10-24 11:15:02.299328	Trial	end	264
2016-10-24 11:15:02.300311	Trial	start	265
2016-10-24 11:15:02.303562	Speaker	play	None
2016-10-24 11:15:02.375847	Speaker	stop	None
2016-10-24 11:15:02.377171	Trial	end	265
2016-10-24 11:15:02.378666	Trial	start	266
2016-10-24 11:15:02.383241	Speaker	play	None
2016-10-24 11:15:03.474351	Speaker	stop	None
2016-10-24 11:15:03.475536	Trial	end	266
2016-10-24 11:15:03.476574	Trial	start	267
2016-10-24 11:15:03.479206	Speaker	play	None
2016-10-24 11:15:09.486379	Speaker	stop	None
2016-10-24 11:15:09.487336	Trial	end	267
2016-10-24 11:15:29.491818	Trial	start	268
2016-10-24 11:15:29.494215	Speaker	play	None
2016-10-24 11:15:35.500805	Speaker	stop	None
2016-10-24 11:15:35.501773	Trial	end	268
2016-10-24 11:15:43.627328	Trial	start	269
2016-10-24 11:15:43.630560	Speaker	play	None
2016-10-24 11:15:49.636980	Speaker	stop	None
2016-10-24 11:15:49.639060	Trial	end	269
2016-10-24 11:16:45.560218	Trial	start	270
2016-10-24 11:16:45.562417	Speaker	play	None
2016-10-24 11:16:51.568977	Speaker	stop	None
2016-10-24 11:16:51.570009	Trial	end	270
2016-10-24 11:17:08.670359	Trial	start	271
2016-10-24 11:17:08.674281	Speaker	play	None
2016-10-24 11:17:14.678956	Speaker	stop	None
2016-10-24 11:17:14.679794	Trial	end	271
2016-10-24 11:17:25.349588	Trial	start	272
2016-10-24 11:17:25.353212	Speaker	play	None
2016-10-24 11:17:31.358875	Speaker	stop	None
2016-10-24 11:17:31.360440	Trial	end	272
2016-10-24 11:17:37.592684	Trial	start	273
2016-10-24 11:17:37.597872	Speaker	play	None
2016-10-24 11:17:37.679035	Speaker	stop	None
2016-10-24 11:17:37.682383	Trial	end	273
2016-10-24 11:17:37.685409	Trial	start	274
2016-10-24 11:17:37.690500	Speaker	play	None
2016-10-24 11:17:39.350241	Speaker	stop	None
2016-10-24 11:17:39.352277	Trial	end	274
2016-10-24 11:17:39.354540	Trial	start	275
2016-10-24 11:17:39.356828	Speaker	play	None
2016-10-24 11:17:40.370534	Speaker	stop	None
2016-10-24 11:17:40.371796	Trial	end	275
2016-10-24 11:17:40.373512	Trial	start	276
2016-10-24 11:17:40.377131	Speaker	play	None
2016-10-24 11:17:46.384645	Speaker	stop	None
2016-10-24 11:17:46.385659	Trial	end	276
2016-10-24 11:17:55.102952	Trial	start	277
2016-10-24 11:17:55.107554	Speaker	play	None
2016-10-24 11:17:55.213595	Speaker	stop	None
2016-10-24 11:17:55.214797	Trial	end	277
2016-10-24 11:17:55.216283	Trial	start	278
2016-10-24 11:17:55.218666	Speaker	play	None
2016-10-24 11:18:01.231310	Speaker	stop	None
2016-10-24 11:18:01.232772	Trial	end	278
2016-10-24 11:18:10.303371	Trial	start	279
2016-10-24 11:18:10.306639	Speaker	play	None
2016-10-24 11:18:10.483795	Speaker	stop	None
2016-10-24 11:18:10.485723	Trial	end	279
2016-10-24 11:18:10.487305	Trial	start	280
2016-10-24 11:18:10.501516	Speaker	play	None
2016-10-24 11:18:16.511244	Speaker	stop	None
2016-10-24 11:18:16.512659	Trial	end	280
2016-10-24 11:18:25.474883	Trial	start	281
2016-10-24 11:18:25.478417	Speaker	play	None
2016-10-24 11:18:27.359502	Speaker	stop	None
2016-10-24 11:18:27.360936	Trial	end	281
2016-10-24 11:18:27.363059	Trial	start	282
2016-10-24 11:18:27.368636	Speaker	play	None
2016-10-24 11:18:33.376321	Speaker	stop	None
2016-10-24 11:18:33.377352	Trial	end	282
2016-10-24 11:18:45.484276	Trial	start	283
2016-10-24 11:18:45.487023	Speaker	play	None
2016-10-24 11:18:46.582585	Speaker	stop	None
2016-10-24 11:18:46.584249	Trial	end	283
2016-10-24 11:18:46.587373	Trial	start	284
2016-10-24 11:18:46.595014	Speaker	play	None
2016-10-24 11:18:52.603356	Speaker	stop	None
2016-10-24 11:18:52.605389	Hopper	up	None
2016-10-24 11:19:04.608524	Hopper	down	None
2016-10-24 11:19:04.911772	Trial	end	284
2016-10-24 11:21:15.386183	Trial	start	285
2016-10-24 11:21:15.389175	Speaker	play	None
2016-10-24 11:21:21.395109	Speaker	stop	None
2016-10-24 11:21:21.396275	Trial	end	285
2016-10-24 11:21:28.173467	Trial	start	286
2016-10-24 11:21:28.176442	Speaker	play	None
2016-10-24 11:21:34.182577	Speaker	stop	None
2016-10-24 11:21:34.185600	Hopper	up	None
2016-10-24 11:21:46.188186	Hopper	down	None
2016-10-24 11:21:46.495033	Trial	end	286
2016-10-24 11:24:59.313785	Trial	start	287
2016-10-24 11:24:59.317618	Speaker	play	None
2016-10-24 11:25:05.325913	Speaker	stop	None
2016-10-24 11:25:05.327877	Trial	end	287
2016-10-24 11:25:31.326972	Trial	start	288
2016-10-24 11:25:31.329698	Speaker	play	None
2016-10-24 11:25:37.336009	Speaker	stop	None
2016-10-24 11:25:37.343972	Trial	end	288
2016-10-24 11:25:46.793539	Trial	start	289
2016-10-24 11:25:46.800181	Speaker	play	None
2016-10-24 11:25:52.809085	Speaker	stop	None
2016-10-24 11:25:52.810400	Trial	end	289
2016-10-24 11:26:05.266001	Trial	start	290
2016-10-24 11:26:05.268289	Speaker	play	None
2016-10-24 11:26:06.531395	Speaker	stop	None
2016-10-24 11:26:06.532918	Trial	end	290
2016-10-24 11:26:06.534664	Trial	start	291
2016-10-24 11:26:06.536853	Speaker	play	None
2016-10-24 11:26:12.540567	Speaker	stop	None
2016-10-24 11:26:12.541570	Trial	end	291
2016-10-24 11:26:26.254020	Trial	start	292
2016-10-24 11:26:26.256829	Speaker	play	None
2016-10-24 11:26:27.712014	Speaker	stop	None
2016-10-24 11:26:27.713399	Trial	end	292
2016-10-24 11:26:27.714929	Trial	start	293
2016-10-24 11:26:27.720298	Speaker	play	None
2016-10-24 11:26:30.050878	Speaker	stop	None
2016-10-24 11:26:30.051635	Trial	end	293
2016-10-24 11:26:30.052788	Trial	start	294
2016-10-24 11:26:30.054811	Speaker	play	None
2016-10-24 11:26:36.061752	Speaker	stop	None
2016-10-24 11:26:36.064624	Trial	end	294
2016-10-24 11:26:44.964071	Trial	start	295
2016-10-24 11:26:44.966350	Speaker	play	None
2016-10-24 11:26:45.796077	Speaker	stop	None
2016-10-24 11:26:45.797312	Trial	end	295
2016-10-24 11:26:45.798646	Trial	start	296
2016-10-24 11:26:45.801150	Speaker	play	None
2016-10-24 11:26:45.878081	Speaker	stop	None
2016-10-24 11:26:45.880138	Trial	end	296
2016-10-24 11:26:45.881980	Trial	start	297
2016-10-24 11:26:45.885082	Speaker	play	None
2016-10-24 11:26:51.890398	Speaker	stop	None
2016-10-24 11:26:51.891406	Trial	end	297
2016-10-24 11:27:01.298800	Trial	start	298
2016-10-24 11:27:01.306456	Speaker	play	None
2016-10-24 11:27:01.610142	Speaker	stop	None
2016-10-24 11:27:01.611198	Trial	end	298
2016-10-24 11:27:01.612487	Trial	start	299
2016-10-24 11:27:01.615120	Speaker	play	None
2016-10-24 11:27:07.622937	Speaker	stop	None
2016-10-24 11:27:07.623877	Trial	end	299
2016-10-24 11:27:17.555437	Trial	start	300
2016-10-24 11:27:17.558951	Speaker	play	None
2016-10-24 11:27:23.564238	Speaker	stop	None
2016-10-24 11:27:23.565737	Trial	end	300
2016-10-24 11:27:28.930057	Trial	start	301
2016-10-24 11:27:28.932776	Speaker	play	None
2016-10-24 11:27:29.040591	Speaker	stop	None
2016-10-24 11:27:29.042536	Trial	end	301
2016-10-24 11:27:29.045053	Trial	start	302
2016-10-24 11:27:29.050974	Speaker	play	None
2016-10-24 11:27:35.054305	Speaker	stop	None
2016-10-24 11:27:35.055051	Trial	end	302
2016-10-24 11:27:45.256582	Trial	start	303
2016-10-24 11:27:45.260141	Speaker	play	None
2016-10-24 11:27:45.555750	Speaker	stop	None
2016-10-24 11:27:45.557293	Trial	end	303
2016-10-24 11:27:45.560674	Trial	start	304
2016-10-24 11:27:45.566217	Speaker	play	None
2016-10-24 11:27:51.572574	Speaker	stop	None
2016-10-24 11:27:51.573962	Trial	end	304
2016-10-24 11:28:10.798733	Trial	start	305
2016-10-24 11:28:10.801270	Speaker	play	None
2016-10-24 11:28:10.905275	Speaker	stop	None
2016-10-24 11:28:10.906486	Trial	end	305
2016-10-24 11:28:10.908817	Trial	start	306
2016-10-24 11:28:10.912349	Speaker	play	None
2016-10-24 11:28:16.918427	Speaker	stop	None
2016-10-24 11:28:16.919888	Trial	end	306
2016-10-24 11:28:23.447036	Trial	start	307
2016-10-24 11:28:23.451511	Speaker	play	None
2016-10-24 11:28:24.917728	Speaker	stop	None
2016-10-24 11:28:24.918693	Trial	end	307
2016-10-24 11:28:24.919972	Trial	start	308
2016-10-24 11:28:24.923933	Speaker	play	None
2016-10-24 11:28:24.995298	Speaker	stop	None
2016-10-24 11:28:24.996134	Trial	end	308
2016-10-24 11:28:24.997459	Trial	start	309
2016-10-24 11:28:24.999714	Speaker	play	None
2016-10-24 11:28:25.987543	Speaker	stop	None
2016-10-24 11:28:25.989614	Trial	end	309
2016-10-24 11:28:25.991981	Trial	start	310
2016-10-24 11:28:25.995049	Speaker	play	None
2016-10-24 11:28:27.289460	Speaker	stop	None
2016-10-24 11:28:27.291065	Trial	end	310
2016-10-24 11:28:27.292716	Trial	start	311
2016-10-24 11:28:27.294778	Speaker	play	None
2016-10-24 11:28:27.379144	Speaker	stop	None
2016-10-24 11:28:27.379976	Trial	end	311
2016-10-24 11:28:27.381258	Trial	start	312
2016-10-24 11:28:27.383364	Speaker	play	None
2016-10-24 11:28:33.392032	Speaker	stop	None
2016-10-24 11:28:33.395092	Hopper	up	None
2016-10-24 11:28:45.397476	Hopper	down	None
2016-10-24 11:28:45.700182	Trial	end	312
2016-10-24 12:15:24.203863	Trial	start	313
2016-10-24 12:15:24.206419	Speaker	play	None
2016-10-24 12:15:30.212291	Speaker	stop	None
2016-10-24 12:15:30.213590	Hopper	up	None
2016-10-24 12:15:42.216839	Hopper	down	None
2016-10-24 12:15:42.519706	Trial	end	313
2016-10-24 12:17:28.896543	Trial	start	314
2016-10-24 12:17:28.899040	Speaker	play	None
2016-10-24 12:17:30.530901	Speaker	stop	None
2016-10-24 12:17:30.531768	Trial	end	314
2016-10-24 12:17:30.533145	Trial	start	315
2016-10-24 12:17:30.535300	Speaker	play	None
2016-10-24 12:17:36.539553	Speaker	stop	None
2016-10-24 12:17:36.541069	Trial	end	315
2016-10-24 12:17:41.458310	Trial	start	316
2016-10-24 12:17:41.461284	Speaker	play	None
2016-10-24 12:17:47.467603	Speaker	stop	None
2016-10-24 12:17:47.469100	Trial	end	316
2016-10-24 12:17:52.456034	Trial	start	317
2016-10-24 12:17:52.460914	Speaker	play	None
2016-10-24 12:17:58.467741	Speaker	stop	None
2016-10-24 12:17:58.469700	Hopper	up	None
2016-10-24 12:18:10.471967	Hopper	down	None
2016-10-24 12:18:10.774920	Trial	end	317
2016-10-24 12:19:38.578266	Trial	start	318
2016-10-24 12:19:38.581540	Speaker	play	None
2016-10-24 12:19:44.590949	Speaker	stop	None
2016-10-24 12:19:44.592123	Hopper	up	None
2016-10-24 12:19:56.595557	Hopper	down	None
2016-10-24 12:19:56.902085	Trial	end	318
2016-10-24 12:22:25.738624	Trial	start	319
2016-10-24 12:22:25.741985	Speaker	play	None
2016-10-24 12:22:31.747603	Speaker	stop	None
2016-10-24 12:22:31.748581	Trial	end	319
2016-10-24 12:22:39.021397	Trial	start	320
2016-10-24 12:22:39.023565	Speaker	play	None
2016-10-24 12:22:39.955513	Speaker	stop	None
2016-10-24 12:22:39.956656	Trial	end	320
2016-10-24 12:22:39.958541	Trial	start	321
2016-10-24 12:22:39.962939	Speaker	play	None
2016-10-24 12:22:45.968152	Speaker	stop	None
2016-10-24 12:22:45.969978	Trial	end	321
2016-10-24 12:22:51.206283	Trial	start	322
2016-10-24 12:22:51.209065	Speaker	play	None
2016-10-24 12:22:57.214516	Speaker	stop	None
2016-10-24 12:22:57.215338	Trial	end	322
2016-10-24 12:23:21.743526	Trial	start	323
2016-10-24 12:23:21.745887	Speaker	play	None
2016-10-24 12:23:21.997499	Speaker	stop	None
2016-10-24 12:23:21.998354	Trial	end	323
2016-10-24 12:23:21.999453	Trial	start	324
2016-10-24 12:23:22.001575	Speaker	play	None
2016-10-24 12:23:28.005921	Speaker	stop	None
2016-10-24 12:23:28.007109	Trial	end	324
2016-10-24 12:23:33.719318	Trial	start	325
2016-10-24 12:23:33.721598	Speaker	play	None
2016-10-24 12:23:34.035310	Speaker	stop	None
2016-10-24 12:23:34.036806	Trial	end	325
2016-10-24 12:23:34.038083	Trial	start	326
2016-10-24 12:23:34.039986	Speaker	play	None
2016-10-24 12:23:40.044948	Speaker	stop	None
2016-10-24 12:23:40.046748	Hopper	up	None
2016-10-24 12:23:52.050719	Hopper	down	None
2016-10-24 12:23:52.353701	Trial	end	326
2016-10-24 12:26:26.563194	Trial	start	327
2016-10-24 12:26:26.566858	Speaker	play	None
2016-10-24 12:26:26.629485	Speaker	stop	None
2016-10-24 12:26:26.630605	Trial	end	327
2016-10-24 12:26:26.632851	Trial	start	328
2016-10-24 12:26:26.634809	Speaker	play	None
2016-10-24 12:26:32.637493	Speaker	stop	None
2016-10-24 12:26:32.638492	Trial	end	328
2016-10-24 12:26:37.761561	Trial	start	329
2016-10-24 12:26:37.764144	Speaker	play	None
2016-10-24 12:26:37.852664	Speaker	stop	None
2016-10-24 12:26:37.855221	Trial	end	329
2016-10-24 12:26:37.857385	Trial	start	330
2016-10-24 12:26:37.860909	Speaker	play	None
2016-10-24 12:26:43.874001	Speaker	stop	None
2016-10-24 12:26:43.876153	Trial	end	330
2016-10-24 12:26:48.977205	Trial	start	331
2016-10-24 12:26:48.982588	Speaker	play	None
2016-10-24 12:26:49.349870	Speaker	stop	None
2016-10-24 12:26:49.350893	Trial	end	331
2016-10-24 12:26:49.352317	Trial	start	332
2016-10-24 12:26:49.355351	Speaker	play	None
2016-10-24 12:26:55.362608	Speaker	stop	None
2016-10-24 12:26:55.370235	Trial	end	332
2016-10-24 12:27:01.899587	Trial	start	333
2016-10-24 12:27:01.908906	Speaker	play	None
2016-10-24 12:27:01.991165	Speaker	stop	None
2016-10-24 12:27:01.992459	Trial	end	333
2016-10-24 12:27:01.994201	Trial	start	334
2016-10-24 12:27:01.996623	Speaker	play	None
2016-10-24 12:27:08.002950	Speaker	stop	None
2016-10-24 12:27:08.004615	Trial	end	334
2016-10-24 12:27:14.957880	Trial	start	335
2016-10-24 12:27:14.961689	Speaker	play	None
2016-10-24 12:27:20.975211	Speaker	stop	None
2016-10-24 12:27:20.976089	Trial	end	335
2016-10-24 12:27:30.695155	Trial	start	336
2016-10-24 12:27:30.698649	Speaker	play	None
2016-10-24 12:27:30.793718	Speaker	stop	None
2016-10-24 12:27:30.796506	Trial	end	336
2016-10-24 12:27:30.799053	Trial	start	337
2016-10-24 12:27:30.802643	Speaker	play	None
2016-10-24 12:27:36.805955	Speaker	stop	None
2016-10-24 12:27:36.806741	Trial	end	337
2016-10-24 12:27:42.601827	Trial	start	338
2016-10-24 12:27:42.605939	Speaker	play	None
2016-10-24 12:27:48.614768	Speaker	stop	None
2016-10-24 12:27:48.615608	Trial	end	338
2016-10-24 12:28:07.325802	Trial	start	339
2016-10-24 12:28:07.332248	Speaker	play	None
2016-10-24 12:28:13.338456	Speaker	stop	None
2016-10-24 12:28:13.339323	Trial	end	339
2016-10-24 12:28:20.518412	Trial	start	340
2016-10-24 12:28:20.521663	Speaker	play	None
2016-10-24 12:28:20.821533	Speaker	stop	None
2016-10-24 12:28:20.822574	Trial	end	340
2016-10-24 12:28:20.823950	Trial	start	341
2016-10-24 12:28:20.826244	Speaker	play	None
2016-10-24 12:28:26.830115	Speaker	stop	None
2016-10-24 12:28:26.831637	Trial	end	341
2016-10-24 12:28:38.983226	Trial	start	342
2016-10-24 12:28:38.990093	Speaker	play	None
2016-10-24 12:28:44.995617	Speaker	stop	None
2016-10-24 12:28:44.996537	Trial	end	342
2016-10-24 12:28:54.555360	Trial	start	343
2016-10-24 12:28:54.565057	Speaker	play	None
2016-10-24 12:28:54.621051	Speaker	stop	None
2016-10-24 12:28:54.621943	Trial	end	343
2016-10-24 12:28:54.623136	Trial	start	344
2016-10-24 12:28:54.625396	Speaker	play	None
2016-10-24 12:28:55.903183	Speaker	stop	None
2016-10-24 12:28:55.904095	Trial	end	344
2016-10-24 12:28:55.905363	Trial	start	345
2016-10-24 12:28:55.908287	Speaker	play	None
2016-10-24 12:29:01.916815	Speaker	stop	None
2016-10-24 12:29:01.919602	Trial	end	345
2016-10-24 12:29:09.362473	Trial	start	346
2016-10-24 12:29:09.365619	Speaker	play	None
2016-10-24 12:29:15.371164	Speaker	stop	None
2016-10-24 12:29:15.372265	Trial	end	346
2016-10-24 12:29:23.935933	Trial	start	347
2016-10-24 12:29:23.939150	Speaker	play	None
2016-10-24 12:29:29.946250	Speaker	stop	None
2016-10-24 12:29:29.949240	Hopper	up	None
2016-10-24 12:29:41.953506	Hopper	down	None
2016-10-24 12:29:42.260692	Trial	end	347
2016-10-24 12:39:59.860687	Trial	start	348
2016-10-24 12:39:59.865295	Speaker	play	None
2016-10-24 12:40:05.872848	Speaker	stop	None
2016-10-24 12:40:05.873753	Trial	end	348
2016-10-24 12:40:10.546020	Trial	start	349
2016-10-24 12:40:10.548922	Speaker	play	None
2016-10-24 12:40:16.554944	Speaker	stop	None
2016-10-24 12:40:16.556434	Trial	end	349
2016-10-24 12:40:22.182225	Trial	start	350
2016-10-24 12:40:22.184504	Speaker	play	None
2016-10-24 12:40:28.190704	Speaker	stop	None
2016-10-24 12:40:28.191600	Trial	end	350
2016-10-24 12:40:38.962572	Trial	start	351
2016-10-24 12:40:38.966294	Speaker	play	None
2016-10-24 12:40:40.089368	Speaker	stop	None
2016-10-24 12:40:40.090471	Trial	end	351
2016-10-24 12:40:40.093430	Trial	start	352
2016-10-24 12:40:40.096016	Speaker	play	None
2016-10-24 12:40:46.101553	Speaker	stop	None
2016-10-24 12:40:46.102441	Trial	end	352
2016-10-24 12:40:51.008296	Trial	start	353
2016-10-24 12:40:51.015596	Speaker	play	None
2016-10-24 12:40:57.021648	Speaker	stop	None
2016-10-24 12:40:57.022896	Trial	end	353
2016-10-24 12:41:04.905368	Trial	start	354
2016-10-24 12:41:04.909115	Speaker	play	None
2016-10-24 12:41:10.913996	Speaker	stop	None
2016-10-24 12:41:10.914976	Trial	end	354
2016-10-24 12:41:12.381537	Trial	start	355
2016-10-24 12:41:12.386430	Speaker	play	None
2016-10-24 12:41:18.392701	Speaker	stop	None
2016-10-24 12:41:18.393861	Trial	end	355
2016-10-24 12:41:25.298133	Trial	start	356
2016-10-24 12:41:25.301436	Speaker	play	None
2016-10-24 12:41:26.526905	Speaker	stop	None
2016-10-24 12:41:26.527767	Trial	end	356
2016-10-24 12:41:26.528808	Trial	start	357
2016-10-24 12:41:26.531105	Speaker	play	None
2016-10-24 12:41:32.535260	Speaker	stop	None
2016-10-24 12:41:32.536234	Trial	end	357
2016-10-24 12:41:40.308971	Trial	start	358
2016-10-24 12:41:40.311366	Speaker	play	None
2016-10-24 12:41:40.657199	Speaker	stop	None
2016-10-24 12:41:40.658085	Trial	end	358
2016-10-24 12:41:40.659309	Trial	start	359
2016-10-24 12:41:40.671323	Speaker	play	None
2016-10-24 12:41:46.678269	Speaker	stop	None
2016-10-24 12:41:46.679457	Trial	end	359
2016-10-24 12:41:54.799725	Trial	start	360
2016-10-24 12:41:54.802063	Speaker	play	None
2016-10-24 12:42:00.808391	Speaker	stop	None
2016-10-24 12:42:00.809246	Trial	end	360
2016-10-24 12:42:12.063465	Trial	start	361
2016-10-24 12:42:12.066032	Speaker	play	None
2016-10-24 12:42:18.072019	Speaker	stop	None
2016-10-24 12:42:18.073029	Trial	end	361
2016-10-24 12:42:34.844310	Trial	start	362
2016-10-24 12:42:34.847185	Speaker	play	None
2016-10-24 12:42:36.077598	Speaker	stop	None
2016-10-24 12:42:36.078869	Trial	end	362
2016-10-24 12:42:36.081600	Trial	start	363
2016-10-24 12:42:36.083962	Speaker	play	None
2016-10-24 12:42:42.089559	Speaker	stop	None
2016-10-24 12:42:42.094928	Hopper	up	None
2016-10-24 12:42:54.098518	Hopper	down	None
2016-10-24 12:42:54.401282	Trial	end	363
2016-10-24 12:45:30.958012	Trial	start	364
2016-10-24 12:45:30.962254	Speaker	play	None
2016-10-24 12:45:36.966661	Speaker	stop	None
2016-10-24 12:45:36.967691	Trial	end	364
2016-10-24 12:45:44.502595	Trial	start	365
2016-10-24 12:45:44.505065	Speaker	play	None
2016-10-24 12:45:50.511388	Speaker	stop	None
2016-10-24 12:45:50.512501	Trial	end	365
2016-10-24 12:45:55.868825	Trial	start	366
2016-10-24 12:45:55.872713	Speaker	play	None
2016-10-24 12:46:01.878176	Speaker	stop	None
2016-10-24 12:46:01.879904	Trial	end	366
2016-10-24 12:46:08.602151	Trial	start	367
2016-10-24 12:46:08.604680	Speaker	play	None
2016-10-24 12:46:08.942422	Speaker	stop	None
2016-10-24 12:46:08.943563	Trial	end	367
2016-10-24 12:46:08.945124	Trial	start	368
2016-10-24 12:46:08.948289	Speaker	play	None
2016-10-24 12:46:14.955370	Speaker	stop	None
2016-10-24 12:46:14.956428	Trial	end	368
2016-10-24 12:46:21.749454	Trial	start	369
2016-10-24 12:46:21.759554	Speaker	play	None
2016-10-24 12:46:27.766443	Speaker	stop	None
2016-10-24 12:46:27.767630	Trial	end	369
2016-10-24 12:46:32.206036	Trial	start	370
2016-10-24 12:46:32.208195	Speaker	play	None
2016-10-24 12:46:38.214817	Speaker	stop	None
2016-10-24 12:46:38.216669	Hopper	up	None
2016-10-24 12:46:50.220050	Hopper	down	None
2016-10-24 12:46:50.526649	Trial	end	370
2016-10-24 12:50:30.563647	Trial	start	371
2016-10-24 12:50:30.567694	Speaker	play	None
2016-10-24 12:50:36.571697	Speaker	stop	None
2016-10-24 12:50:36.573606	Trial	end	371
2016-10-24 12:50:45.049799	Trial	start	372
2016-10-24 12:50:45.053465	Speaker	play	None
2016-10-24 12:50:51.058230	Speaker	stop	None
2016-10-24 12:50:51.059078	Trial	end	372
2016-10-24 12:50:59.040829	Trial	start	373
2016-10-24 12:50:59.046034	Speaker	play	None
2016-10-24 12:51:01.605334	Speaker	stop	None
2016-10-24 12:51:01.606239	Trial	end	373
2016-10-24 12:51:01.607900	Trial	start	374
2016-10-24 12:51:01.610983	Speaker	play	None
2016-10-24 12:51:07.617939	Speaker	stop	None
2016-10-24 12:51:07.620125	Trial	end	374
2016-10-24 12:51:21.109180	Trial	start	375
2016-10-24 12:51:21.114494	Speaker	play	None
2016-10-24 12:51:22.231531	Speaker	stop	None
2016-10-24 12:51:22.233659	Trial	end	375
2016-10-24 12:51:22.235966	Trial	start	376
2016-10-24 12:51:22.239797	Speaker	play	None
2016-10-24 12:51:23.357562	Speaker	stop	None
2016-10-24 12:51:23.358683	Trial	end	376
2016-10-24 12:51:23.360581	Trial	start	377
2016-10-24 12:51:23.365989	Speaker	play	None
2016-10-24 12:51:29.370259	Speaker	stop	None
2016-10-24 12:51:29.371249	Hopper	up	None
2016-10-24 12:51:41.375565	Hopper	down	None
2016-10-24 12:51:41.682215	Trial	end	377
2016-10-24 13:32:36.196868	Trial	start	378
2016-10-24 13:32:36.200048	Speaker	play	None
2016-10-24 13:32:42.208431	Speaker	stop	None
2016-10-24 13:32:42.209358	Trial	end	378
2016-10-24 13:32:48.261859	Trial	start	379
2016-10-24 13:32:48.265214	Speaker	play	None
2016-10-24 13:32:54.270423	Speaker	stop	None
2016-10-24 13:32:54.271758	Trial	end	379
2016-10-24 13:32:59.398212	Trial	start	380
2016-10-24 13:32:59.400227	Speaker	play	None
2016-10-24 13:33:01.783844	Speaker	stop	None
2016-10-24 13:33:01.785040	Trial	end	380
2016-10-24 13:33:01.786509	Trial	start	381
2016-10-24 13:33:01.789708	Speaker	play	None
2016-10-24 13:33:07.795126	Speaker	stop	None
2016-10-24 13:33:07.796368	Trial	end	381
2016-10-24 13:33:14.352273	Trial	start	382
2016-10-24 13:33:14.356365	Speaker	play	None
2016-10-24 13:33:20.360760	Speaker	stop	None
2016-10-24 13:33:20.361689	Trial	end	382
2016-10-24 13:33:26.062012	Trial	start	383
2016-10-24 13:33:26.065430	Speaker	play	None
2016-10-24 13:33:31.251499	Speaker	stop	None
2016-10-24 13:33:31.252535	Trial	end	383
2016-10-24 13:33:31.254960	Trial	start	384
2016-10-24 13:33:31.257571	Speaker	play	None
2016-10-24 13:33:37.263895	Speaker	stop	None
2016-10-24 13:33:37.265164	Trial	end	384
2016-10-24 13:33:56.923408	Trial	start	385
2016-10-24 13:33:56.926233	Speaker	play	None
2016-10-24 13:34:02.932453	Speaker	stop	None
2016-10-24 13:34:02.933673	Trial	end	385
2016-10-24 13:34:09.345924	Trial	start	386
2016-10-24 13:34:09.348856	Speaker	play	None
2016-10-24 13:34:10.386275	Speaker	stop	None
2016-10-24 13:34:10.387180	Trial	end	386
2016-10-24 13:34:10.388189	Trial	start	387
2016-10-24 13:34:10.391795	Speaker	play	None
2016-10-24 13:34:16.399024	Speaker	stop	None
2016-10-24 13:34:16.400389	Trial	end	387
2016-10-24 13:34:21.645525	Trial	start	388
2016-10-24 13:34:21.652379	Speaker	play	None
2016-10-24 13:34:27.662604	Speaker	stop	None
2016-10-24 13:34:27.663804	Trial	end	388
2016-10-24 13:34:34.686533	Trial	start	389
2016-10-24 13:34:34.689132	Speaker	play	None
2016-10-24 13:34:36.280545	Speaker	stop	None
2016-10-24 13:34:36.284167	Trial	end	389
2016-10-24 13:34:36.286203	Trial	start	390
2016-10-24 13:34:36.289378	Speaker	play	None
2016-10-24 13:34:36.456103	Speaker	stop	None
2016-10-24 13:34:36.457072	Trial	end	390
2016-10-24 13:34:36.458329	Trial	start	391
2016-10-24 13:34:36.460581	Speaker	play	None
2016-10-24 13:34:42.464450	Speaker	stop	None
2016-10-24 13:34:42.466580	Trial	end	391
2016-10-24 13:34:47.191121	Trial	start	392
2016-10-24 13:34:47.193462	Speaker	play	None
2016-10-24 13:34:47.490057	Speaker	stop	None
2016-10-24 13:34:47.491395	Trial	end	392
2016-10-24 13:34:47.492910	Trial	start	393
2016-10-24 13:34:47.495636	Speaker	play	None
2016-10-24 13:34:53.502520	Speaker	stop	None
2016-10-24 13:34:53.503967	Hopper	up	None
2016-10-24 13:35:05.515413	Hopper	down	None
2016-10-24 13:35:05.822534	Trial	end	393
2016-10-24 13:36:51.014761	Trial	start	394
2016-10-24 13:36:51.018657	Speaker	play	None
2016-10-24 13:36:57.026972	Speaker	stop	None
2016-10-24 13:36:57.027730	Trial	end	394
2016-10-24 13:37:03.957839	Trial	start	395
2016-10-24 13:37:03.962531	Speaker	play	None
2016-10-24 13:37:09.969697	Speaker	stop	None
2016-10-24 13:37:09.970732	Trial	end	395
2016-10-24 13:37:15.068965	Trial	start	396
2016-10-24 13:37:15.073398	Speaker	play	None
2016-10-24 13:37:15.912658	Speaker	stop	None
2016-10-24 13:37:15.914011	Trial	end	396
2016-10-24 13:37:15.916225	Trial	start	397
2016-10-24 13:37:15.921487	Speaker	play	None
2016-10-24 13:37:21.929376	Speaker	stop	None
2016-10-24 13:37:21.930239	Trial	end	397
2016-10-24 13:37:38.832773	Trial	start	398
2016-10-24 13:37:38.836146	Speaker	play	None
2016-10-24 13:37:39.057882	Speaker	stop	None
2016-10-24 13:37:39.058858	Trial	end	398
2016-10-24 13:37:39.060231	Trial	start	399
2016-10-24 13:37:39.063154	Speaker	play	None
2016-10-24 13:37:45.073775	Speaker	stop	None
2016-10-24 13:37:45.076809	Hopper	up	None
2016-10-24 13:37:57.080743	Hopper	down	None
2016-10-24 13:37:57.386351	Trial	end	399
2016-10-24 13:41:14.192672	Trial	start	400
2016-10-24 13:41:14.203276	Speaker	play	None
2016-10-24 13:41:15.167911	Speaker	stop	None
2016-10-24 13:41:15.168979	Trial	end	400
2016-10-24 13:41:15.170418	Trial	start	401
2016-10-24 13:41:15.173899	Speaker	play	None
2016-10-24 13:41:21.181119	Speaker	stop	None
2016-10-24 13:41:21.182281	Trial	end	401
2016-10-24 13:41:34.691965	Trial	start	402
2016-10-24 13:41:34.694770	Speaker	play	None
2016-10-24 13:41:40.700388	Speaker	stop	None
2016-10-24 13:41:40.701443	Trial	end	402
2016-10-24 13:41:46.426216	Trial	start	403
2016-10-24 13:41:46.430390	Speaker	play	None
2016-10-24 13:41:52.434960	Speaker	stop	None
2016-10-24 13:41:52.436558	Trial	end	403
2016-10-24 13:41:58.488380	Trial	start	404
2016-10-24 13:41:58.490816	Speaker	play	None
2016-10-24 13:42:04.497080	Speaker	stop	None
2016-10-24 13:42:04.498775	Trial	end	404
2016-10-24 13:42:13.810392	Trial	start	405
2016-10-24 13:42:13.813562	Speaker	play	None
2016-10-24 13:42:19.818995	Speaker	stop	None
2016-10-24 13:42:19.820911	Hopper	up	None
2016-10-24 13:42:31.823719	Hopper	down	None
2016-10-24 13:42:32.126663	Trial	end	405
2016-10-24 13:45:28.880213	Trial	start	406
2016-10-24 13:45:28.883356	Speaker	play	None
2016-10-24 13:45:34.889156	Speaker	stop	None
2016-10-24 13:45:34.891920	Trial	end	406
2016-10-24 13:45:39.664258	Trial	start	407
2016-10-24 13:45:39.667836	Speaker	play	None
2016-10-24 13:45:45.673050	Speaker	stop	None
2016-10-24 13:45:45.675100	Trial	end	407
2016-10-24 13:45:53.901245	Trial	start	408
2016-10-24 13:45:53.907844	Speaker	play	None
2016-10-24 13:45:59.918158	Speaker	stop	None
2016-10-24 13:45:59.919808	Trial	end	408
2016-10-24 13:46:07.724761	Trial	start	409
2016-10-24 13:46:07.728962	Speaker	play	None
2016-10-24 13:46:07.829891	Speaker	stop	None
2016-10-24 13:46:07.831143	Trial	end	409
2016-10-24 13:46:07.832439	Trial	start	410
2016-10-24 13:46:07.842304	Speaker	play	None
2016-10-24 13:46:10.251476	Speaker	stop	None
2016-10-24 13:46:10.252652	Trial	end	410
2016-10-24 13:46:10.254375	Trial	start	411
2016-10-24 13:46:10.257189	Speaker	play	None
2016-10-24 13:46:16.264693	Speaker	stop	None
2016-10-24 13:46:16.266771	Hopper	up	None
2016-10-24 13:46:28.273511	Hopper	down	None
2016-10-24 13:46:28.579800	Trial	end	411
2016-10-24 13:48:19.665660	Trial	start	412
2016-10-24 13:48:19.668695	Speaker	play	None
2016-10-24 13:48:25.674146	Speaker	stop	None
2016-10-24 13:48:25.674967	Trial	end	412
2016-10-24 13:48:43.158880	Trial	start	413
2016-10-24 13:48:43.161516	Speaker	play	None
2016-10-24 13:48:49.167727	Speaker	stop	None
2016-10-24 13:48:49.168867	Trial	end	413
2016-10-24 13:49:03.011116	Trial	start	414
2016-10-24 13:49:03.018293	Speaker	play	None
2016-10-24 13:49:09.023886	Speaker	stop	None
2016-10-24 13:49:09.024777	Trial	end	414
2016-10-24 13:49:25.820503	Trial	start	415
2016-10-24 13:49:25.822813	Speaker	play	None
2016-10-24 13:49:31.829369	Speaker	stop	None
2016-10-24 13:49:31.830353	Trial	end	415
2016-10-24 13:49:42.551780	Trial	start	416
2016-10-24 13:49:42.556880	Speaker	play	None
2016-10-24 13:49:48.560693	Speaker	stop	None
2016-10-24 13:49:48.561909	Trial	end	416
2016-10-24 13:50:02.875153	Trial	start	417
2016-10-24 13:50:02.877511	Speaker	play	None
2016-10-24 13:50:08.883643	Speaker	stop	None
2016-10-24 13:50:08.885123	Hopper	up	None
2016-10-24 13:50:20.888389	Hopper	down	None
2016-10-24 13:50:21.191218	Trial	end	417
2016-10-24 15:22:58.500776	Trial	start	418
2016-10-24 15:22:58.510621	Speaker	play	None
2016-10-24 15:23:04.517346	Speaker	stop	None
2016-10-24 15:23:04.518352	Trial	end	418
2016-10-24 15:23:08.850260	Trial	start	419
2016-10-24 15:23:08.856686	Speaker	play	None
2016-10-24 15:23:10.062715	Speaker	stop	None
2016-10-24 15:23:10.063573	Trial	end	419
2016-10-24 15:23:10.064808	Trial	start	420
2016-10-24 15:23:10.066929	Speaker	play	None
2016-10-24 15:23:16.071012	Speaker	stop	None
2016-10-24 15:23:16.071985	Trial	end	420
2016-10-24 15:23:25.531612	Trial	start	421
2016-10-24 15:23:25.534213	Speaker	play	None
2016-10-24 15:23:26.363269	Speaker	stop	None
2016-10-24 15:23:26.364123	Trial	end	421
2016-10-24 15:23:26.365414	Trial	start	422
2016-10-24 15:23:26.368121	Speaker	play	None
2016-10-24 15:23:32.371396	Speaker	stop	None
2016-10-24 15:23:32.372223	Trial	end	422
2016-10-24 15:23:35.819697	Trial	start	423
2016-10-24 15:23:35.821853	Speaker	play	None
2016-10-24 15:23:36.676178	Speaker	stop	None
2016-10-24 15:23:36.677177	Trial	end	423
2016-10-24 15:23:36.678938	Trial	start	424
2016-10-24 15:23:36.681809	Speaker	play	None
2016-10-24 15:23:42.688471	Speaker	stop	None
2016-10-24 15:23:42.689462	Trial	end	424
2016-10-24 15:23:53.410269	Trial	start	425
2016-10-24 15:23:53.412542	Speaker	play	None
2016-10-24 15:23:59.419230	Speaker	stop	None
2016-10-24 15:23:59.420313	Trial	end	425
2016-10-24 15:24:06.368785	Trial	start	426
2016-10-24 15:24:06.371334	Speaker	play	None
2016-10-24 15:24:12.377147	Speaker	stop	None
2016-10-24 15:24:12.378131	Trial	end	426
2016-10-24 15:24:20.473930	Trial	start	427
2016-10-24 15:24:20.476635	Speaker	play	None
2016-10-24 15:24:26.482278	Speaker	stop	None
2016-10-24 15:24:26.483800	Trial	end	427
2016-10-24 15:24:32.305956	Trial	start	428
2016-10-24 15:24:32.308575	Speaker	play	None
2016-10-24 15:24:38.314890	Speaker	stop	None
2016-10-24 15:24:38.316028	Trial	end	428
2016-10-24 15:24:45.924065	Trial	start	429
2016-10-24 15:24:45.926957	Speaker	play	None
2016-10-24 15:24:51.932294	Speaker	stop	None
2016-10-24 15:24:51.933875	Hopper	up	None
2016-10-24 15:25:03.936334	Hopper	down	None
2016-10-24 15:25:04.239251	Trial	end	429
2016-10-24 15:26:15.678576	Trial	start	430
2016-10-24 15:26:15.680714	Speaker	play	None
2016-10-24 15:26:21.686991	Speaker	stop	None
2016-10-24 15:26:21.688168	Hopper	up	None
2016-10-24 15:26:33.691212	Hopper	down	None
2016-10-24 15:26:33.994035	Trial	end	430
2016-10-24 15:27:23.190228	Trial	start	431
2016-10-24 15:27:23.193123	Speaker	play	None
2016-10-24 15:27:29.198664	Speaker	stop	None
2016-10-24 15:27:29.199731	Trial	end	431
2016-10-24 15:27:35.612093	Trial	start	432
2016-10-24 15:27:35.614711	Speaker	play	None
2016-10-24 15:27:41.620724	Speaker	stop	None
2016-10-24 15:27:41.622022	Trial	end	432
2016-10-24 15:27:47.481039	Trial	start	433
2016-10-24 15:27:47.483192	Speaker	play	None
2016-10-24 15:27:53.489669	Speaker	stop	None
2016-10-24 15:27:53.491204	Hopper	up	None
2016-10-24 15:28:05.493656	Hopper	down	None
2016-10-24 15:28:05.796441	Trial	end	433
2016-10-24 15:30:11.576127	Trial	start	434
2016-10-24 15:30:11.580173	Speaker	play	None
2016-10-24 15:30:17.584374	Speaker	stop	None
2016-10-24 15:30:17.585290	Trial	end	434
2016-10-24 15:30:28.716125	Trial	start	435
2016-10-24 15:30:28.719273	Speaker	play	None
2016-10-24 15:30:34.724328	Speaker	stop	None
2016-10-24 15:30:34.725548	Hopper	up	None
2016-10-24 15:30:46.728694	Hopper	down	None
2016-10-24 15:30:47.035470	Trial	end	435
2016-10-24 15:34:54.195719	Trial	start	436
2016-10-24 15:34:54.198039	Speaker	play	None
2016-10-24 15:35:00.204097	Speaker	stop	None
2016-10-24 15:35:00.204978	Trial	end	436
2016-10-24 15:35:23.839685	Trial	start	437
2016-10-24 15:35:23.842170	Speaker	play	None
2016-10-24 15:35:25.076819	Speaker	stop	None
2016-10-24 15:35:25.078174	Trial	end	437
2016-10-24 15:35:25.079791	Trial	start	438
2016-10-24 15:35:25.086537	Speaker	play	None
2016-10-24 15:35:31.093070	Speaker	stop	None
2016-10-24 15:35:31.093918	Trial	end	438
2016-10-24 15:35:38.194880	Trial	start	439
2016-10-24 15:35:38.198160	Speaker	play	None
2016-10-24 15:35:44.203024	Speaker	stop	None
2016-10-24 15:35:44.204557	Trial	end	439
2016-10-24 15:35:50.923719	Trial	start	440
2016-10-24 15:35:50.926101	Speaker	play	None
2016-10-24 15:35:51.919137	Speaker	stop	None
2016-10-24 15:35:51.919878	Trial	end	440
2016-10-24 15:35:51.921058	Trial	start	441
2016-10-24 15:35:51.923764	Speaker	play	None
2016-10-24 15:35:57.931435	Speaker	stop	None
2016-10-24 15:35:57.932326	Trial	end	441
2016-10-24 15:36:05.442541	Trial	start	442
2016-10-24 15:36:05.444496	Speaker	play	None
2016-10-24 15:36:11.450966	Speaker	stop	None
2016-10-24 15:36:11.452678	Hopper	up	None
2016-10-24 15:36:23.455491	Hopper	down	None
2016-10-24 15:36:23.762101	Trial	end	442
2016-10-24 15:41:51.658568	Trial	start	443
2016-10-24 15:41:51.660571	Speaker	play	None
2016-10-24 15:41:57.667121	Speaker	stop	None
2016-10-24 15:41:57.668478	Hopper	up	None
2016-10-24 15:42:09.671187	Hopper	down	None
2016-10-24 15:42:09.974041	Trial	end	443
2016-10-24 15:43:39.999471	Trial	start	444
2016-10-24 15:43:40.002260	Speaker	play	None
2016-10-24 15:43:46.007464	Speaker	stop	None
2016-10-24 15:43:46.008427	Trial	end	444
2016-10-24 15:43:52.977874	Trial	start	445
2016-10-24 15:43:52.980125	Speaker	play	None
2016-10-24 15:43:54.768279	Speaker	stop	None
2016-10-24 15:43:54.769257	Trial	end	445
2016-10-24 15:43:54.770788	Trial	start	446
2016-10-24 15:43:54.773350	Speaker	play	None
2016-10-24 15:44:00.780646	Speaker	stop	None
2016-10-24 15:44:00.782267	Trial	end	446
2016-10-24 15:44:08.188851	Trial	start	447
2016-10-24 15:44:08.191597	Speaker	play	None
2016-10-24 15:44:14.197575	Speaker	stop	None
2016-10-24 15:44:14.198461	Trial	end	447
2016-10-24 15:44:19.607349	Trial	start	448
2016-10-24 15:44:19.609672	Speaker	play	None
2016-10-24 15:44:25.615888	Speaker	stop	None
2016-10-24 15:44:25.617985	Trial	end	448
2016-10-24 15:44:34.040356	Trial	start	449
2016-10-24 15:44:34.047742	Speaker	play	None
2016-10-24 15:44:40.052656	Speaker	stop	None
2016-10-24 15:44:40.053656	Trial	end	449
2016-10-24 15:44:46.240934	Trial	start	450
2016-10-24 15:44:46.243870	Speaker	play	None
2016-10-24 15:44:52.249580	Speaker	stop	None
2016-10-24 15:44:52.251595	Hopper	up	None
2016-10-24 15:45:04.253739	Hopper	down	None
2016-10-24 15:45:04.560392	Trial	end	450
2016-10-24 15:46:52.438146	Trial	start	451
2016-10-24 15:46:52.441048	Speaker	play	None
2016-10-24 15:46:58.446788	Speaker	stop	None
2016-10-24 15:46:58.448002	Trial	end	451
2016-10-24 15:47:06.981553	Trial	start	452
2016-10-24 15:47:06.983937	Speaker	play	None
2016-10-24 15:47:12.990017	Speaker	stop	None
2016-10-24 15:47:12.991061	Trial	end	452
2016-10-24 15:47:21.279311	Trial	start	453
2016-10-24 15:47:21.282890	Speaker	play	None
2016-10-24 15:47:27.287687	Speaker	stop	None
2016-10-24 15:47:27.288592	Trial	end	453
2016-10-24 15:47:34.827378	Trial	start	454
2016-10-24 15:47:34.829820	Speaker	play	None
2016-10-24 15:47:40.835824	Speaker	stop	None
2016-10-24 15:47:40.836743	Trial	end	454
2016-10-24 15:47:50.419310	Trial	start	455
2016-10-24 15:47:50.421792	Speaker	play	None
2016-10-24 15:47:51.508883	Speaker	stop	None
2016-10-24 15:47:51.509908	Trial	end	455
2016-10-24 15:47:51.511522	Trial	start	456
2016-10-24 15:47:51.514465	Speaker	play	None
2016-10-24 15:47:57.521269	Speaker	stop	None
2016-10-24 15:47:57.522043	Trial	end	456
2016-10-24 15:48:16.688325	Trial	start	457
2016-10-24 15:48:16.690663	Speaker	play	None
2016-10-24 15:48:22.697036	Speaker	stop	None
2016-10-24 15:48:22.698583	Trial	end	457
2016-10-24 15:48:30.289763	Trial	start	458
2016-10-24 15:48:30.292193	Speaker	play	None
2016-10-24 15:48:36.298301	Speaker	stop	None
2016-10-24 15:48:36.299375	Trial	end	458
2016-10-24 15:48:44.759810	Trial	start	459
2016-10-24 15:48:44.763964	Speaker	play	None
2016-10-24 15:48:50.767818	Speaker	stop	None
2016-10-24 15:48:50.768704	Trial	end	459
2016-10-24 15:49:01.916089	Trial	start	460
2016-10-24 15:49:01.919045	Speaker	play	None
2016-10-24 15:49:07.924454	Speaker	stop	None
2016-10-24 15:49:07.926861	Trial	end	460
2016-10-24 15:49:17.512057	Trial	start	461
2016-10-24 15:49:17.515481	Speaker	play	None
2016-10-24 15:49:23.520383	Speaker	stop	None
2016-10-24 15:49:23.521741	Hopper	up	None
2016-10-24 15:49:35.524413	Hopper	down	None
2016-10-24 15:49:35.827188	Trial	end	461
2016-10-24 16:39:55.766332	Trial	start	462
2016-10-24 16:39:55.769482	Speaker	play	None
2016-10-24 16:39:57.547954	Speaker	stop	None
2016-10-24 16:39:57.548782	Trial	end	462
2016-10-24 16:39:57.550153	Trial	start	463
2016-10-24 16:39:57.552066	Speaker	play	None
2016-10-24 16:40:03.556249	Speaker	stop	None
2016-10-24 16:40:03.557190	Trial	end	463
2016-10-24 16:40:07.848213	Trial	start	464
2016-10-24 16:40:07.850501	Speaker	play	None
2016-10-24 16:40:08.779779	Speaker	stop	None
2016-10-24 16:40:08.781500	Trial	end	464
2016-10-24 16:40:08.782983	Trial	start	465
2016-10-24 16:40:08.785373	Speaker	play	None
2016-10-24 16:40:09.818616	Speaker	stop	None
2016-10-24 16:40:09.819658	Trial	end	465
2016-10-24 16:40:09.820984	Trial	start	466
2016-10-24 16:40:09.823712	Speaker	play	None
2016-10-24 16:40:15.830697	Speaker	stop	None
2016-10-24 16:40:15.831571	Trial	end	466
2016-10-24 16:40:21.076989	Trial	start	467
2016-10-24 16:40:21.079416	Speaker	play	None
2016-10-24 16:40:27.085303	Speaker	stop	None
2016-10-24 16:40:27.086400	Trial	end	467
2016-10-24 16:40:30.869705	Trial	start	468
2016-10-24 16:40:30.871947	Speaker	play	None
2016-10-24 16:40:36.877919	Speaker	stop	None
2016-10-24 16:40:36.878785	Trial	end	468
2016-10-24 16:40:39.036383	Trial	start	469
2016-10-24 16:40:39.046126	Speaker	play	None
2016-10-24 16:40:45.052781	Speaker	stop	None
2016-10-24 16:40:45.054329	Trial	end	469
2016-10-24 16:40:52.006817	Trial	start	470
2016-10-24 16:40:52.009221	Speaker	play	None
2016-10-24 16:40:58.015188	Speaker	stop	None
2016-10-24 16:40:58.015954	Trial	end	470
2016-10-24 16:41:02.585791	Trial	start	471
2016-10-24 16:41:02.588101	Speaker	play	None
2016-10-24 16:41:08.594100	Speaker	stop	None
2016-10-24 16:41:08.595746	Hopper	up	None
2016-10-24 16:41:20.598233	Hopper	down	None
2016-10-24 16:41:20.901111	Trial	end	471
2016-10-24 16:44:45.766254	Trial	start	472
2016-10-24 16:44:45.768442	Speaker	play	None
2016-10-24 16:44:51.774612	Speaker	stop	None
2016-10-24 16:44:51.775506	Trial	end	472
2016-10-24 16:45:11.556179	Trial	start	473
2016-10-24 16:45:11.558537	Speaker	play	None
2016-10-24 16:45:17.564676	Speaker	stop	None
2016-10-24 16:45:17.565756	Trial	end	473
2016-10-24 16:45:24.363133	Trial	start	474
2016-10-24 16:45:24.366325	Speaker	play	None
2016-10-24 16:45:30.371724	Speaker	stop	None
2016-10-24 16:45:30.372779	Trial	end	474
2016-10-24 16:46:01.248267	Trial	start	475
2016-10-24 16:46:01.252499	Speaker	play	None
2016-10-24 16:46:07.260267	Speaker	stop	None
2016-10-24 16:46:07.261194	Trial	end	475
2016-10-24 16:46:15.697727	Trial	start	476
2016-10-24 16:46:15.700835	Speaker	play	None
2016-10-24 16:46:21.709729	Speaker	stop	None
2016-10-24 16:46:21.711425	Trial	end	476
2016-10-24 16:46:26.165708	Trial	start	477
2016-10-24 16:46:26.168604	Speaker	play	None
2016-10-24 16:46:26.329819	Speaker	stop	None
2016-10-24 16:46:26.332028	Trial	end	477
2016-10-24 16:46:26.334614	Trial	start	478
2016-10-24 16:46:26.340349	Speaker	play	None
2016-10-24 16:46:32.350376	Speaker	stop	None
2016-10-24 16:46:32.351840	Trial	end	478
2016-10-24 16:46:36.506885	Trial	start	479
2016-10-24 16:46:36.509219	Speaker	play	None
2016-10-24 16:46:42.515062	Speaker	stop	None
2016-10-24 16:46:42.515942	Trial	end	479
2016-10-24 16:47:06.453763	Trial	start	480
2016-10-24 16:47:06.458144	Speaker	play	None
2016-10-24 16:47:08.104289	Speaker	stop	None
2016-10-24 16:47:08.105140	Trial	end	480
2016-10-24 16:47:08.107425	Trial	start	481
2016-10-24 16:47:08.110609	Speaker	play	None
2016-10-24 16:47:14.117259	Speaker	stop	None
2016-10-24 16:47:14.118302	Trial	end	481
2016-10-24 16:47:20.272711	Trial	start	482
2016-10-24 16:47:20.287218	Speaker	play	None
2016-10-24 16:47:26.292902	Speaker	stop	None
2016-10-24 16:47:26.294251	Trial	end	482
2016-10-24 16:47:33.194123	Trial	start	483
2016-10-24 16:47:33.198821	Speaker	play	None
2016-10-24 16:47:39.203756	Speaker	stop	None
2016-10-24 16:47:39.204692	Trial	end	483
2016-10-24 16:47:45.018106	Trial	start	484
2016-10-24 16:47:45.021735	Speaker	play	None
2016-10-24 16:47:51.026319	Speaker	stop	None
2016-10-24 16:47:51.027237	Trial	end	484
2016-10-24 16:47:56.948207	Trial	start	485
2016-10-24 16:47:56.953849	Speaker	play	None
2016-10-24 16:47:58.030161	Speaker	stop	None
2016-10-24 16:47:58.032616	Trial	end	485
2016-10-24 16:47:58.034445	Trial	start	486
2016-10-24 16:47:58.037071	Speaker	play	None
2016-10-24 16:47:58.111609	Speaker	stop	None
2016-10-24 16:47:58.112510	Trial	end	486
2016-10-24 16:47:58.114798	Trial	start	487
2016-10-24 16:47:58.117445	Speaker	play	None
2016-10-24 16:48:04.123943	Speaker	stop	None
2016-10-24 16:48:04.124947	Trial	end	487
2016-10-24 16:48:11.868359	Trial	start	488
2016-10-24 16:48:11.870854	Speaker	play	None
2016-10-24 16:48:17.877274	Speaker	stop	None
2016-10-24 16:48:17.882012	Trial	end	488
2016-10-24 17:17:40.753673	PeckPort	off	None
2016-10-24 17:17:40.754268	HouseLight	on	None
2016-10-24 17:17:40.754904	Hopper	down	None
