2016-10-20 10:06:06.874341	PeckPort	off	None
2016-10-20 10:06:06.875584	HouseLight	on	None
2016-10-20 10:06:06.876959	Hopper	down	None
2016-10-20 10:06:07.183759	Hopper	down	None
2016-10-20 10:06:07.490241	HouseLight	on	None
2016-10-20 10:06:07.490727	PeckPort	on	None
2016-10-20 10:51:04.875448	Trial	start	1
2016-10-20 10:51:04.880163	Speaker	play	None
2016-10-20 10:51:10.884286	Speaker	stop	None
2016-10-20 10:51:10.885721	Trial	end	1
2016-10-20 10:51:23.298383	Trial	start	2
2016-10-20 10:51:23.306721	Speaker	play	None
2016-10-20 10:51:29.311048	Speaker	stop	None
2016-10-20 10:51:29.311938	Trial	end	2
2016-10-20 10:51:29.331285	Trial	start	3
2016-10-20 10:51:29.333395	Speaker	play	None
2016-10-20 10:51:35.340534	Speaker	stop	None
2016-10-20 10:51:35.342332	Trial	end	3
2016-10-20 10:51:36.619366	Trial	start	4
2016-10-20 10:51:36.623291	Speaker	play	None
2016-10-20 10:51:42.631103	Speaker	stop	None
2016-10-20 10:51:42.632844	Trial	end	4
2016-10-20 10:51:46.116216	Trial	start	5
2016-10-20 10:51:46.120973	Speaker	play	None
2016-10-20 10:51:52.126400	Speaker	stop	None
2016-10-20 10:51:52.128842	Trial	end	5
2016-10-20 10:51:53.234725	Trial	start	6
2016-10-20 10:51:53.238028	Speaker	play	None
2016-10-20 10:51:59.243430	Speaker	stop	None
2016-10-20 10:51:59.245068	Trial	end	6
2016-10-20 10:52:04.572005	Trial	start	7
2016-10-20 10:52:04.575117	Speaker	play	None
2016-10-20 10:52:08.685329	Speaker	stop	None
2016-10-20 10:52:08.686741	Trial	end	7
2016-10-20 10:52:08.690581	Trial	start	8
2016-10-20 10:52:08.694260	Speaker	play	None
2016-10-20 10:52:17.646178	Speaker	stop	None
2016-10-20 10:52:17.647668	Trial	end	8
2016-10-20 10:52:20.897757	Trial	start	9
2016-10-20 10:52:20.900138	Speaker	play	None
2016-10-20 10:52:20.991984	Speaker	stop	None
2016-10-20 10:52:20.992809	Trial	end	9
2016-10-20 10:52:20.994673	Trial	start	10
2016-10-20 10:52:20.998585	Speaker	play	None
2016-10-20 10:52:27.004913	Speaker	stop	None
2016-10-20 10:52:27.008932	Trial	end	10
2016-10-20 10:52:42.822603	Trial	start	11
2016-10-20 10:52:42.825938	Speaker	play	None
2016-10-20 10:52:48.831536	Speaker	stop	None
2016-10-20 10:52:48.833665	Trial	end	11
2016-10-20 10:52:53.811780	Trial	start	12
2016-10-20 10:52:53.814299	Speaker	play	None
2016-10-20 10:52:59.820382	Speaker	stop	None
2016-10-20 10:52:59.821420	Trial	end	12
2016-10-20 10:53:00.115088	Trial	start	13
2016-10-20 10:53:00.117355	Speaker	play	None
2016-10-20 10:53:11.350771	Speaker	stop	None
2016-10-20 10:53:11.352566	Trial	end	13
2016-10-20 10:53:13.652128	Trial	start	14
2016-10-20 10:53:13.655318	Speaker	play	None
2016-10-20 10:53:19.660771	Speaker	stop	None
2016-10-20 10:53:19.661637	Trial	end	14
2016-10-20 10:53:27.458884	Trial	start	15
2016-10-20 10:53:27.463570	Speaker	play	None
2016-10-20 10:53:33.471521	Speaker	stop	None
2016-10-20 10:53:33.472463	Trial	end	15
2016-10-20 10:53:39.574287	Trial	start	16
2016-10-20 10:53:39.576683	Speaker	play	None
2016-10-20 10:53:41.429724	Speaker	stop	None
2016-10-20 10:53:41.430857	Trial	end	16
2016-10-20 10:53:41.432252	Trial	start	17
2016-10-20 10:53:41.434987	Speaker	play	None
2016-10-20 10:53:47.442992	Speaker	stop	None
2016-10-20 10:53:47.444363	Trial	end	17
2016-10-20 10:53:48.716092	Trial	start	18
2016-10-20 10:53:48.718385	Speaker	play	None
2016-10-20 10:53:54.724735	Speaker	stop	None
2016-10-20 10:53:54.725686	Trial	end	18
2016-10-20 10:53:55.015906	Trial	start	19
2016-10-20 10:53:55.020858	Speaker	play	None
2016-10-20 10:53:55.098237	Speaker	stop	None
2016-10-20 10:53:55.099746	Trial	end	19
2016-10-20 10:53:55.103589	Trial	start	20
2016-10-20 10:53:55.106140	Speaker	play	None
2016-10-20 10:53:55.769226	Speaker	stop	None
2016-10-20 10:53:55.770186	Trial	end	20
2016-10-20 10:53:55.771484	Trial	start	21
2016-10-20 10:53:55.773827	Speaker	play	None
2016-10-20 10:54:00.815202	Speaker	stop	None
2016-10-20 10:54:00.816282	Trial	end	21
2016-10-20 10:54:00.817767	Trial	start	22
2016-10-20 10:54:00.820863	Speaker	play	None
2016-10-20 10:54:01.917354	Speaker	stop	None
2016-10-20 10:54:01.918553	Trial	end	22
2016-10-20 10:54:01.920623	Trial	start	23
2016-10-20 10:54:01.924054	Speaker	play	None
2016-10-20 10:54:07.932319	Speaker	stop	None
2016-10-20 10:54:07.933538	Trial	end	23
2016-10-20 10:54:11.251201	Trial	start	24
2016-10-20 10:54:11.254132	Speaker	play	None
2016-10-20 10:54:11.780329	Speaker	stop	None
2016-10-20 10:54:11.781536	Trial	end	24
2016-10-20 10:54:11.782679	Trial	start	25
2016-10-20 10:54:11.784959	Speaker	play	None
2016-10-20 10:54:11.898639	Speaker	stop	None
2016-10-20 10:54:11.899528	Trial	end	25
2016-10-20 10:54:11.900473	Trial	start	26
2016-10-20 10:54:11.902355	Speaker	play	None
2016-10-20 10:54:17.907334	Speaker	stop	None
2016-10-20 10:54:17.908339	Trial	end	26
2016-10-20 10:54:20.376589	Trial	start	27
2016-10-20 10:54:20.379771	Speaker	play	None
2016-10-20 10:54:20.652043	Speaker	stop	None
2016-10-20 10:54:20.653842	Trial	end	27
2016-10-20 10:54:20.656863	Trial	start	28
2016-10-20 10:54:20.660303	Speaker	play	None
2016-10-20 10:54:26.664113	Speaker	stop	None
2016-10-20 10:54:26.673604	Hopper	up	None
2016-10-20 10:54:38.682339	Hopper	down	None
2016-10-20 10:54:38.991993	Trial	end	28
2016-10-20 10:55:30.562459	Trial	start	29
2016-10-20 10:55:30.564799	Speaker	play	None
2016-10-20 10:55:31.087599	Speaker	stop	None
2016-10-20 10:55:31.089925	Trial	end	29
2016-10-20 10:55:31.091621	Trial	start	30
2016-10-20 10:55:31.094595	Speaker	play	None
2016-10-20 10:55:32.701176	Speaker	stop	None
2016-10-20 10:55:32.703046	Trial	end	30
2016-10-20 10:55:32.704979	Trial	start	31
2016-10-20 10:55:32.712232	Speaker	play	None
2016-10-20 10:55:38.717472	Speaker	stop	None
2016-10-20 10:55:38.718432	Trial	end	31
2016-10-20 10:55:40.523945	Trial	start	32
2016-10-20 10:55:40.527626	Speaker	play	None
2016-10-20 10:55:41.171388	Speaker	stop	None
2016-10-20 10:55:41.172688	Trial	end	32
2016-10-20 10:55:41.173924	Trial	start	33
2016-10-20 10:55:41.177122	Speaker	play	None
2016-10-20 10:55:47.189457	Speaker	stop	None
2016-10-20 10:55:47.190455	Trial	end	33
2016-10-20 10:55:48.868905	Trial	start	34
2016-10-20 10:55:48.872140	Speaker	play	None
2016-10-20 10:55:54.879752	Speaker	stop	None
2016-10-20 10:55:54.880718	Trial	end	34
2016-10-20 10:55:56.128044	Trial	start	35
2016-10-20 10:55:56.130836	Speaker	play	None
2016-10-20 10:56:02.137503	Speaker	stop	None
2016-10-20 10:56:02.138950	Trial	end	35
2016-10-20 10:56:05.488805	Trial	start	36
2016-10-20 10:56:05.491151	Speaker	play	None
2016-10-20 10:56:11.494356	Speaker	stop	None
2016-10-20 10:56:11.495462	Trial	end	36
2016-10-20 10:56:14.799542	Trial	start	37
2016-10-20 10:56:14.801714	Speaker	play	None
2016-10-20 10:56:23.754800	Speaker	stop	None
2016-10-20 10:56:23.755737	Trial	end	37
2016-10-20 10:56:27.154824	Trial	start	38
2016-10-20 10:56:27.157871	Speaker	play	None
2016-10-20 10:56:33.164353	Speaker	stop	None
2016-10-20 10:56:33.165391	Trial	end	38
2016-10-20 10:56:40.719104	Trial	start	39
2016-10-20 10:56:40.722796	Speaker	play	None
2016-10-20 10:56:46.728055	Speaker	stop	None
2016-10-20 10:56:46.729506	Hopper	up	None
2016-10-20 10:56:58.737805	Hopper	down	None
2016-10-20 10:56:59.041428	Trial	end	39
2016-10-20 10:57:59.066398	Trial	start	40
2016-10-20 10:57:59.070855	Speaker	play	None
2016-10-20 10:58:05.076513	Speaker	stop	None
2016-10-20 10:58:05.078880	Trial	end	40
2016-10-20 10:58:08.226323	Trial	start	41
2016-10-20 10:58:08.229820	Speaker	play	None
2016-10-20 10:58:09.385336	Speaker	stop	None
2016-10-20 10:58:09.386289	Trial	end	41
2016-10-20 10:58:09.387371	Trial	start	42
2016-10-20 10:58:09.389463	Speaker	play	None
2016-10-20 10:58:11.413143	Speaker	stop	None
2016-10-20 10:58:11.415010	Trial	end	42
2016-10-20 10:58:11.417274	Trial	start	43
2016-10-20 10:58:11.420490	Speaker	play	None
2016-10-20 10:58:17.426447	Speaker	stop	None
2016-10-20 10:58:17.427398	Trial	end	43
2016-10-20 10:58:19.872476	Trial	start	44
2016-10-20 10:58:19.876191	Speaker	play	None
2016-10-20 10:58:25.881938	Speaker	stop	None
2016-10-20 10:58:25.883626	Trial	end	44
2016-10-20 10:58:27.536084	Trial	start	45
2016-10-20 10:58:27.538074	Speaker	play	None
2016-10-20 10:58:33.541566	Speaker	stop	None
2016-10-20 10:58:33.542906	Trial	end	45
2016-10-20 10:58:35.011971	Trial	start	46
2016-10-20 10:58:35.014264	Speaker	play	None
2016-10-20 10:58:37.069084	Speaker	stop	None
2016-10-20 10:58:37.071118	Trial	end	46
2016-10-20 10:58:37.073553	Trial	start	47
2016-10-20 10:58:37.078390	Speaker	play	None
2016-10-20 10:58:37.359646	Speaker	stop	None
2016-10-20 10:58:37.361017	Trial	end	47
2016-10-20 10:58:37.362303	Trial	start	48
2016-10-20 10:58:37.365690	Speaker	play	None
2016-10-20 10:58:37.438547	Speaker	stop	None
2016-10-20 10:58:37.440872	Trial	end	48
2016-10-20 10:58:37.442959	Trial	start	49
2016-10-20 10:58:37.445345	Speaker	play	None
2016-10-20 10:58:43.450644	Speaker	stop	None
2016-10-20 10:58:43.451749	Hopper	up	None
2016-10-20 10:58:55.453720	Hopper	down	None
2016-10-20 10:58:55.759965	Trial	end	49
2016-10-20 10:59:49.102544	Trial	start	50
2016-10-20 10:59:49.105188	Speaker	play	None
2016-10-20 10:59:49.893590	Speaker	stop	None
2016-10-20 10:59:49.894616	Trial	end	50
2016-10-20 10:59:49.895902	Trial	start	51
2016-10-20 10:59:49.898522	Speaker	play	None
2016-10-20 10:59:50.942077	Speaker	stop	None
2016-10-20 10:59:50.943284	Trial	end	51
2016-10-20 10:59:50.944646	Trial	start	52
2016-10-20 10:59:50.947010	Speaker	play	None
2016-10-20 10:59:53.563459	Speaker	stop	None
2016-10-20 10:59:53.564439	Trial	end	52
2016-10-20 10:59:53.565902	Trial	start	53
2016-10-20 10:59:53.568944	Speaker	play	None
2016-10-20 10:59:53.809275	Speaker	stop	None
2016-10-20 10:59:53.810167	Trial	end	53
2016-10-20 10:59:53.811440	Trial	start	54
2016-10-20 10:59:53.813491	Speaker	play	None
2016-10-20 10:59:59.818501	Speaker	stop	None
2016-10-20 10:59:59.819414	Trial	end	54
2016-10-20 11:00:01.715038	Trial	start	55
2016-10-20 11:00:01.723666	Speaker	play	None
2016-10-20 11:00:10.673786	Speaker	stop	None
2016-10-20 11:00:10.674760	Trial	end	55
2016-10-20 11:00:14.745191	Trial	start	56
2016-10-20 11:00:14.754468	Speaker	play	None
2016-10-20 11:00:16.769245	Speaker	stop	None
2016-10-20 11:00:16.770561	Trial	end	56
2016-10-20 11:00:16.771913	Trial	start	57
2016-10-20 11:00:16.775727	Speaker	play	None
2016-10-20 11:00:22.782906	Speaker	stop	None
2016-10-20 11:00:22.785464	Hopper	up	None
2016-10-20 11:00:34.788674	Hopper	down	None
2016-10-20 11:00:35.095462	Trial	end	57
2016-10-20 11:02:56.444839	Trial	start	58
2016-10-20 11:02:56.452564	Speaker	play	None
2016-10-20 11:03:02.457456	Speaker	stop	None
2016-10-20 11:03:02.458372	Trial	end	58
2016-10-20 11:03:04.433478	Trial	start	59
2016-10-20 11:03:04.436403	Speaker	play	None
2016-10-20 11:03:05.189798	Speaker	stop	None
2016-10-20 11:03:05.191062	Trial	end	59
2016-10-20 11:03:05.193670	Trial	start	60
2016-10-20 11:03:05.196353	Speaker	play	None
2016-10-20 11:03:11.203851	Speaker	stop	None
2016-10-20 11:03:11.205806	Trial	end	60
2016-10-20 11:03:13.988279	Trial	start	61
2016-10-20 11:03:13.992531	Speaker	play	None
2016-10-20 11:03:14.611210	Speaker	stop	None
2016-10-20 11:03:14.613465	Trial	end	61
2016-10-20 11:03:14.614913	Trial	start	62
2016-10-20 11:03:14.626075	Speaker	play	None
2016-10-20 11:03:14.725916	Speaker	stop	None
2016-10-20 11:03:14.728056	Trial	end	62
2016-10-20 11:03:14.730342	Trial	start	63
2016-10-20 11:03:14.733851	Speaker	play	None
2016-10-20 11:03:16.466405	Speaker	stop	None
2016-10-20 11:03:16.467212	Trial	end	63
2016-10-20 11:03:16.468189	Trial	start	64
2016-10-20 11:03:16.470449	Speaker	play	None
2016-10-20 11:03:22.475470	Speaker	stop	None
2016-10-20 11:03:22.476292	Trial	end	64
2016-10-20 11:03:24.450120	Trial	start	65
2016-10-20 11:03:24.454514	Speaker	play	None
2016-10-20 11:03:26.350828	Speaker	stop	None
2016-10-20 11:03:26.352678	Trial	end	65
2016-10-20 11:03:26.355248	Trial	start	66
2016-10-20 11:03:26.357955	Speaker	play	None
2016-10-20 11:03:27.279709	Speaker	play	None
2016-10-20 11:03:27.275425	Trial	end	66
2016-10-20 11:03:27.277076	Trial	start	67
2016-10-20 11:03:27.279709	Speaker	play	None
2016-10-20 11:03:33.285416	Speaker	stop	None
2016-10-20 11:03:33.290647	Trial	end	67
2016-10-20 11:03:59.334132	Trial	start	68
2016-10-20 11:03:59.345799	Speaker	play	None
2016-10-20 11:04:05.354297	Speaker	stop	None
2016-10-20 11:04:05.355819	Hopper	up	None
2016-10-20 11:04:17.361841	Hopper	down	None
2016-10-20 11:04:17.666974	Trial	end	68
2016-10-20 11:06:50.395079	Trial	start	69
2016-10-20 11:06:50.398103	Speaker	play	None
2016-10-20 11:06:56.334573	Speaker	stop	None
2016-10-20 11:06:56.335481	Trial	end	69
2016-10-20 11:06:56.336564	Trial	start	70
2016-10-20 11:06:56.339560	Speaker	play	None
2016-10-20 11:07:02.347998	Speaker	stop	None
2016-10-20 11:07:02.349556	Trial	end	70
2016-10-20 11:07:06.758993	Trial	start	71
2016-10-20 11:07:06.761291	Speaker	play	None
2016-10-20 11:07:12.768460	Speaker	stop	None
2016-10-20 11:07:12.769711	Trial	end	71
2016-10-20 11:07:19.797033	Trial	start	72
2016-10-20 11:07:19.799753	Speaker	play	None
2016-10-20 11:07:20.906956	Speaker	stop	None
2016-10-20 11:07:20.907814	Trial	end	72
2016-10-20 11:07:20.909540	Trial	start	73
2016-10-20 11:07:20.912492	Speaker	play	None
2016-10-20 11:07:32.142610	Speaker	stop	None
2016-10-20 11:07:32.143456	Trial	end	73
2016-10-20 11:07:37.950653	Trial	start	74
2016-10-20 11:07:37.952780	Speaker	play	None
2016-10-20 11:07:46.904874	Speaker	stop	None
2016-10-20 11:07:46.905820	Trial	end	74
2016-10-20 11:07:51.878070	Trial	start	75
2016-10-20 11:07:51.880907	Speaker	play	None
2016-10-20 11:07:52.225683	Speaker	stop	None
2016-10-20 11:07:52.226543	Trial	end	75
2016-10-20 11:07:52.227750	Trial	start	76
2016-10-20 11:07:52.229821	Speaker	play	None
2016-10-20 11:07:58.234576	Speaker	stop	None
2016-10-20 11:07:58.235781	Hopper	up	None
2016-10-20 11:08:10.240403	Hopper	down	None
2016-10-20 11:08:10.543441	Trial	end	76
2016-10-20 11:10:31.632416	Trial	start	77
2016-10-20 11:10:31.637747	Speaker	play	None
2016-10-20 11:10:37.645231	Speaker	stop	None
2016-10-20 11:10:37.646507	Trial	end	77
2016-10-20 11:10:39.729787	Trial	start	78
2016-10-20 11:10:39.731991	Speaker	play	None
2016-10-20 11:10:45.738692	Speaker	stop	None
2016-10-20 11:10:45.739967	Trial	end	78
2016-10-20 11:10:50.842272	Trial	start	79
2016-10-20 11:10:50.846187	Speaker	play	None
2016-10-20 11:10:56.851907	Speaker	stop	None
2016-10-20 11:10:56.853741	Trial	end	79
2016-10-20 11:10:57.985853	Trial	start	80
2016-10-20 11:10:57.989958	Speaker	play	None
2016-10-20 11:11:03.995481	Speaker	stop	None
2016-10-20 11:11:03.997787	Trial	end	80
2016-10-20 11:11:06.304693	Trial	start	81
2016-10-20 11:11:06.307600	Speaker	play	None
2016-10-20 11:11:12.314301	Speaker	stop	None
2016-10-20 11:11:12.316105	Trial	end	81
2016-10-20 11:11:15.132310	Trial	start	82
2016-10-20 11:11:15.137510	Speaker	play	None
2016-10-20 11:11:21.145353	Speaker	stop	None
2016-10-20 11:11:21.146407	Trial	end	82
2016-10-20 11:11:23.254742	Trial	start	83
2016-10-20 11:11:23.259637	Speaker	play	None
2016-10-20 11:11:23.487927	Speaker	stop	None
2016-10-20 11:11:23.490409	Trial	end	83
2016-10-20 11:11:23.493829	Trial	start	84
2016-10-20 11:11:23.498518	Speaker	play	None
2016-10-20 11:11:23.628326	Speaker	stop	None
2016-10-20 11:11:23.629709	Trial	end	84
2016-10-20 11:11:23.631290	Trial	start	85
2016-10-20 11:11:23.633564	Speaker	play	None
2016-10-20 11:11:34.863116	Speaker	stop	None
2016-10-20 11:11:34.864854	Trial	end	85
2016-10-20 11:11:38.786827	Trial	start	86
2016-10-20 11:11:38.792438	Speaker	play	None
2016-10-20 11:11:39.065040	Speaker	stop	None
2016-10-20 11:11:39.066379	Trial	end	86
2016-10-20 11:11:39.073429	Trial	start	87
2016-10-20 11:11:39.076656	Speaker	play	None
2016-10-20 11:11:45.083219	Speaker	stop	None
2016-10-20 11:11:45.085258	Trial	end	87
2016-10-20 11:11:48.071898	Trial	start	88
2016-10-20 11:11:48.082182	Speaker	play	None
2016-10-20 11:11:54.085164	Speaker	stop	None
2016-10-20 11:11:54.086007	Trial	end	88
2016-10-20 11:12:07.065182	Trial	start	89
2016-10-20 11:12:07.068048	Speaker	play	None
2016-10-20 11:12:07.930302	Speaker	stop	None
2016-10-20 11:12:07.931838	Trial	end	89
2016-10-20 11:12:07.933233	Trial	start	90
2016-10-20 11:12:07.935743	Speaker	play	None
2016-10-20 11:12:16.889083	Speaker	stop	None
2016-10-20 11:12:16.890356	Trial	end	90
2016-10-20 11:12:27.865119	Trial	start	91
2016-10-20 11:12:27.869493	Speaker	play	None
2016-10-20 11:12:33.873740	Speaker	stop	None
2016-10-20 11:12:33.875069	Trial	end	91
2016-10-20 11:12:43.691715	Trial	start	92
2016-10-20 11:12:43.693879	Speaker	play	None
2016-10-20 11:12:44.409733	Speaker	stop	None
2016-10-20 11:12:44.411094	Trial	end	92
2016-10-20 11:12:44.414177	Trial	start	93
2016-10-20 11:12:44.416679	Speaker	play	None
2016-10-20 11:12:44.511252	Speaker	stop	None
2016-10-20 11:12:44.512209	Trial	end	93
2016-10-20 11:12:44.513618	Trial	start	94
2016-10-20 11:12:44.516101	Speaker	play	None
2016-10-20 11:12:46.333955	Speaker	stop	None
2016-10-20 11:12:46.334971	Trial	end	94
2016-10-20 11:12:46.336665	Trial	start	95
2016-10-20 11:12:46.339482	Speaker	play	None
2016-10-20 11:12:52.343410	Speaker	stop	None
2016-10-20 11:12:52.344622	Trial	end	95
2016-10-20 11:12:58.454109	Trial	start	96
2016-10-20 11:12:58.458839	Speaker	play	None
2016-10-20 11:12:58.552307	Speaker	stop	None
2016-10-20 11:12:58.553457	Trial	end	96
2016-10-20 11:12:58.554698	Trial	start	97
2016-10-20 11:12:58.556722	Speaker	play	None
2016-10-20 11:12:59.187421	Speaker	stop	None
2016-10-20 11:12:59.188481	Trial	end	97
2016-10-20 11:12:59.189853	Trial	start	98
2016-10-20 11:12:59.192319	Speaker	play	None
2016-10-20 11:12:59.256807	Speaker	stop	None
2016-10-20 11:12:59.258247	Trial	end	98
2016-10-20 11:12:59.259804	Trial	start	99
2016-10-20 11:12:59.262030	Speaker	play	None
2016-10-20 11:13:05.270289	Speaker	stop	None
2016-10-20 11:13:05.271649	Trial	end	99
2016-10-20 11:13:08.972656	Trial	start	100
2016-10-20 11:13:08.978943	Speaker	play	None
2016-10-20 11:13:09.042630	Speaker	stop	None
2016-10-20 11:13:09.044324	Trial	end	100
2016-10-20 11:13:09.046717	Trial	start	101
2016-10-20 11:13:09.048906	Speaker	play	None
2016-10-20 11:13:18.002160	Speaker	stop	None
2016-10-20 11:13:18.003463	Trial	end	101
2016-10-20 11:13:23.566400	Trial	start	102
2016-10-20 11:13:23.569403	Speaker	play	None
2016-10-20 11:13:24.512738	Speaker	stop	None
2016-10-20 11:13:24.513766	Trial	end	102
2016-10-20 11:13:24.515081	Trial	start	103
2016-10-20 11:13:24.517879	Speaker	play	None
2016-10-20 11:13:30.521583	Speaker	stop	None
2016-10-20 11:13:30.522875	Trial	end	103
2016-10-20 11:13:36.104224	Trial	start	104
2016-10-20 11:13:36.106593	Speaker	play	None
2016-10-20 11:13:42.113456	Speaker	stop	None
2016-10-20 11:13:42.114645	Trial	end	104
2016-10-20 11:13:55.572499	Trial	start	105
2016-10-20 11:13:55.575364	Speaker	play	None
2016-10-20 11:13:55.650616	Speaker	stop	None
2016-10-20 11:13:55.651419	Trial	end	105
2016-10-20 11:13:55.652446	Trial	start	106
2016-10-20 11:13:55.654389	Speaker	play	None
2016-10-20 11:14:01.659377	Speaker	stop	None
2016-10-20 11:14:01.660445	Trial	end	106
2016-10-20 11:14:04.174160	Trial	start	107
2016-10-20 11:14:04.176573	Speaker	play	None
2016-10-20 11:14:05.174094	Speaker	stop	None
2016-10-20 11:14:05.175311	Trial	end	107
2016-10-20 11:14:05.176647	Trial	start	108
2016-10-20 11:14:05.179336	Speaker	play	None
2016-10-20 11:14:11.182601	Speaker	stop	None
2016-10-20 11:14:11.183260	Trial	end	108
2016-10-20 11:14:13.251036	Trial	start	109
2016-10-20 11:14:13.253329	Speaker	play	None
2016-10-20 11:14:16.348297	Speaker	stop	None
2016-10-20 11:14:16.349567	Trial	end	109
2016-10-20 11:14:16.350967	Trial	start	110
2016-10-20 11:14:16.354073	Speaker	play	None
2016-10-20 11:14:25.304602	Speaker	stop	None
2016-10-20 11:14:25.306271	Trial	end	110
2016-10-20 11:14:35.156574	Trial	start	111
2016-10-20 11:14:35.159782	Speaker	play	None
2016-10-20 11:14:35.422645	Speaker	stop	None
2016-10-20 11:14:35.423854	Trial	end	111
2016-10-20 11:14:35.426137	Trial	start	112
2016-10-20 11:14:35.429244	Speaker	play	None
2016-10-20 11:14:35.541772	Speaker	stop	None
2016-10-20 11:14:35.543733	Trial	end	112
2016-10-20 11:14:35.546587	Trial	start	113
2016-10-20 11:14:35.549721	Speaker	play	None
2016-10-20 11:14:36.340206	Speaker	stop	None
2016-10-20 11:14:36.341877	Trial	end	113
2016-10-20 11:14:36.343842	Trial	start	114
2016-10-20 11:14:36.352130	Speaker	play	None
2016-10-20 11:14:38.060668	Speaker	stop	None
2016-10-20 11:14:38.062754	Trial	end	114
2016-10-20 11:14:38.064400	Trial	start	115
2016-10-20 11:14:38.066678	Speaker	play	None
2016-10-20 11:14:44.069509	Speaker	stop	None
2016-10-20 11:14:44.070563	Trial	end	115
2016-10-20 11:14:49.795484	Trial	start	116
2016-10-20 11:14:49.798636	Speaker	play	None
2016-10-20 11:14:50.022476	Speaker	stop	None
2016-10-20 11:14:50.024687	Trial	end	116
2016-10-20 11:14:50.026667	Trial	start	117
2016-10-20 11:14:50.029668	Speaker	play	None
2016-10-20 11:14:50.131675	Speaker	stop	None
2016-10-20 11:14:50.132845	Trial	end	117
2016-10-20 11:14:50.135038	Trial	start	118
2016-10-20 11:14:50.139329	Speaker	play	None
2016-10-20 11:14:56.149863	Speaker	stop	None
2016-10-20 11:14:56.151662	Trial	end	118
2016-10-20 11:14:59.564474	Trial	start	119
2016-10-20 11:14:59.573780	Speaker	play	None
2016-10-20 11:15:01.157832	Speaker	stop	None
2016-10-20 11:15:01.158738	Trial	end	119
2016-10-20 11:15:01.160252	Trial	start	120
2016-10-20 11:15:01.163132	Speaker	play	None
2016-10-20 11:15:07.167886	Speaker	stop	None
2016-10-20 11:15:07.168968	Trial	end	120
2016-10-20 11:15:07.641673	Trial	start	121
2016-10-20 11:15:07.643882	Speaker	play	None
2016-10-20 11:15:13.650586	Speaker	stop	None
2016-10-20 11:15:13.652078	Hopper	up	None
2016-10-20 11:15:25.655986	Hopper	down	None
2016-10-20 11:15:25.958863	Trial	end	121
2016-10-20 11:18:02.478766	Trial	start	122
2016-10-20 11:18:02.484285	Speaker	play	None
2016-10-20 11:18:08.492322	Speaker	stop	None
2016-10-20 11:18:08.495094	Hopper	up	None
2016-10-20 11:18:20.497149	Hopper	down	None
2016-10-20 11:18:20.800088	Trial	end	122
2016-10-20 11:19:57.199297	Trial	start	123
2016-10-20 11:19:57.202367	Speaker	play	None
2016-10-20 11:20:03.206031	Speaker	stop	None
2016-10-20 11:20:03.206942	Trial	end	123
2016-10-20 11:20:07.574204	Trial	start	124
2016-10-20 11:20:07.576861	Speaker	play	None
2016-10-20 11:20:07.660222	Speaker	stop	None
2016-10-20 11:20:07.661083	Trial	end	124
2016-10-20 11:20:07.662361	Trial	start	125
2016-10-20 11:20:07.665130	Speaker	play	None
2016-10-20 11:20:09.643195	Speaker	stop	None
2016-10-20 11:20:09.644493	Trial	end	125
2016-10-20 11:20:09.647087	Trial	start	126
2016-10-20 11:20:09.649845	Speaker	play	None
2016-10-20 11:20:09.917295	Speaker	stop	None
2016-10-20 11:20:09.918301	Trial	end	126
2016-10-20 11:20:09.919292	Trial	start	127
2016-10-20 11:20:09.921903	Speaker	play	None
2016-10-20 11:20:15.926056	Speaker	stop	None
2016-10-20 11:20:15.927835	Trial	end	127
2016-10-20 11:20:19.800660	Trial	start	128
2016-10-20 11:20:19.803486	Speaker	play	None
2016-10-20 11:20:19.890536	Speaker	stop	None
2016-10-20 11:20:19.891401	Trial	end	128
2016-10-20 11:20:19.892638	Trial	start	129
2016-10-20 11:20:19.895386	Speaker	play	None
2016-10-20 11:20:20.833297	Speaker	stop	None
2016-10-20 11:20:20.834815	Trial	end	129
2016-10-20 11:20:20.836318	Trial	start	130
2016-10-20 11:20:20.838304	Speaker	play	None
2016-10-20 11:20:26.845756	Speaker	stop	None
2016-10-20 11:20:26.846741	Trial	end	130
2016-10-20 11:20:28.189852	Trial	start	131
2016-10-20 11:20:28.192712	Speaker	play	None
2016-10-20 11:20:28.275241	Speaker	stop	None
2016-10-20 11:20:28.277631	Trial	end	131
2016-10-20 11:20:28.278989	Trial	start	132
2016-10-20 11:20:28.280928	Speaker	play	None
2016-10-20 11:20:30.397146	Speaker	stop	None
2016-10-20 11:20:30.397974	Trial	end	132
2016-10-20 11:20:30.399150	Trial	start	133
2016-10-20 11:20:30.401097	Speaker	play	None
2016-10-20 11:20:36.405707	Speaker	stop	None
2016-10-20 11:20:36.407834	Trial	end	133
2016-10-20 11:20:41.304410	Trial	start	134
2016-10-20 11:20:41.310369	Speaker	play	None
2016-10-20 11:20:43.508325	Speaker	stop	None
2016-10-20 11:20:43.509633	Trial	end	134
2016-10-20 11:20:43.511201	Trial	start	135
2016-10-20 11:20:43.522932	Speaker	play	None
2016-10-20 11:20:43.590060	Speaker	stop	None
2016-10-20 11:20:43.591031	Trial	end	135
2016-10-20 11:20:43.592450	Trial	start	136
2016-10-20 11:20:43.599250	Speaker	play	None
2016-10-20 11:20:52.551830	Speaker	stop	None
2016-10-20 11:20:52.558030	Trial	end	136
2016-10-20 11:20:58.626004	Trial	start	137
2016-10-20 11:20:58.630056	Speaker	play	None
2016-10-20 11:20:58.712383	Speaker	stop	None
2016-10-20 11:20:58.713438	Trial	end	137
2016-10-20 11:20:58.714801	Trial	start	138
2016-10-20 11:20:58.718256	Speaker	play	None
2016-10-20 11:21:04.725233	Speaker	stop	None
2016-10-20 11:21:04.726068	Trial	end	138
2016-10-20 11:21:06.940835	Trial	start	139
2016-10-20 11:21:06.946987	Speaker	play	None
2016-10-20 11:21:07.010219	Speaker	stop	None
2016-10-20 11:21:07.011680	Trial	end	139
2016-10-20 11:21:07.013905	Trial	start	140
2016-10-20 11:21:07.023217	Speaker	play	None
2016-10-20 11:21:13.027752	Speaker	stop	None
2016-10-20 11:21:13.028770	Trial	end	140
2016-10-20 11:21:23.238662	Trial	start	141
2016-10-20 11:21:23.241323	Speaker	play	None
2016-10-20 11:21:24.664434	Speaker	stop	None
2016-10-20 11:21:24.666297	Trial	end	141
2016-10-20 11:21:24.667989	Trial	start	142
2016-10-20 11:21:24.672411	Speaker	play	None
2016-10-20 11:21:24.971702	Speaker	stop	None
2016-10-20 11:21:24.972987	Trial	end	142
2016-10-20 11:21:24.974964	Trial	start	143
2016-10-20 11:21:24.977880	Speaker	play	None
2016-10-20 11:21:30.984370	Speaker	stop	None
2016-10-20 11:21:30.990465	Trial	end	143
2016-10-20 11:21:39.012711	Trial	start	144
2016-10-20 11:21:39.016328	Speaker	play	None
2016-10-20 11:21:39.107478	Speaker	stop	None
2016-10-20 11:21:39.109514	Trial	end	144
2016-10-20 11:21:39.111163	Trial	start	145
2016-10-20 11:21:39.115188	Speaker	play	None
2016-10-20 11:21:39.361202	Speaker	stop	None
2016-10-20 11:21:39.362917	Trial	end	145
2016-10-20 11:21:39.365176	Trial	start	146
2016-10-20 11:21:39.368437	Speaker	play	None
2016-10-20 11:21:39.495932	Speaker	stop	None
2016-10-20 11:21:39.497346	Trial	end	146
2016-10-20 11:21:39.499903	Trial	start	147
2016-10-20 11:21:39.504292	Speaker	play	None
2016-10-20 11:21:39.839796	Speaker	stop	None
2016-10-20 11:21:39.840943	Trial	end	147
2016-10-20 11:21:39.842182	Trial	start	148
2016-10-20 11:21:39.845307	Speaker	play	None
2016-10-20 11:21:51.075426	Speaker	stop	None
2016-10-20 11:21:51.076577	Trial	end	148
2016-10-20 11:22:01.994920	Trial	start	149
2016-10-20 11:22:01.998743	Speaker	play	None
2016-10-20 11:22:04.960374	Speaker	stop	None
2016-10-20 11:22:04.961870	Trial	end	149
2016-10-20 11:22:04.963753	Trial	start	150
2016-10-20 11:22:04.967734	Speaker	play	None
2016-10-20 11:22:06.303671	Speaker	stop	None
2016-10-20 11:22:06.304704	Trial	end	150
2016-10-20 11:22:06.306332	Trial	start	151
2016-10-20 11:22:06.308610	Speaker	play	None
2016-10-20 11:22:12.312450	Speaker	stop	None
2016-10-20 11:22:12.313313	Trial	end	151
2016-10-20 11:22:14.646895	Trial	start	152
2016-10-20 11:22:14.649053	Speaker	play	None
2016-10-20 11:22:14.741546	Speaker	stop	None
2016-10-20 11:22:14.742567	Trial	end	152
2016-10-20 11:22:14.743828	Trial	start	153
2016-10-20 11:22:14.746091	Speaker	play	None
2016-10-20 11:22:20.754195	Speaker	stop	None
2016-10-20 11:22:20.755199	Trial	end	153
2016-10-20 11:22:27.983838	Trial	start	154
2016-10-20 11:22:27.987848	Speaker	play	None
2016-10-20 11:22:28.192692	Speaker	stop	None
2016-10-20 11:22:28.193681	Trial	end	154
2016-10-20 11:22:28.195737	Trial	start	155
2016-10-20 11:22:28.199098	Speaker	play	None
2016-10-20 11:22:34.205885	Speaker	stop	None
2016-10-20 11:22:34.207494	Trial	end	155
2016-10-20 11:22:40.804024	Trial	start	156
2016-10-20 11:22:40.807276	Speaker	play	None
2016-10-20 11:22:41.000599	Speaker	play	None
2016-10-20 11:22:41.001419	Trial	end	156
2016-10-20 11:22:41.002601	Trial	start	157
2016-10-20 11:22:41.010168	Speaker	play	None
2016-10-20 11:22:47.018082	Speaker	stop	None
2016-10-20 11:22:47.019777	Trial	end	157
2016-10-20 11:22:48.266871	Trial	start	158
2016-10-20 11:22:48.269875	Speaker	play	None
2016-10-20 11:22:54.275536	Speaker	stop	None
2016-10-20 11:22:54.277553	Hopper	up	None
2016-10-20 11:23:06.281118	Hopper	down	None
2016-10-20 11:23:06.587747	Trial	end	158
2016-10-20 11:24:46.775776	Trial	start	159
2016-10-20 11:24:46.779702	Speaker	play	None
2016-10-20 11:24:52.783890	Speaker	stop	None
2016-10-20 11:24:52.786655	Hopper	up	None
2016-10-20 11:25:04.789206	Hopper	down	None
2016-10-20 11:25:05.095960	Trial	end	159
2016-10-20 11:26:37.480404	Trial	start	160
2016-10-20 11:26:37.482994	Speaker	play	None
2016-10-20 11:26:43.198492	Speaker	stop	None
2016-10-20 11:26:43.199802	Trial	end	160
2016-10-20 11:26:43.202009	Trial	start	161
2016-10-20 11:26:43.204233	Speaker	play	None
2016-10-20 11:26:49.211729	Speaker	stop	None
2016-10-20 11:26:49.212887	Trial	end	161
2016-10-20 11:26:50.857750	Trial	start	162
2016-10-20 11:26:50.859974	Speaker	play	None
2016-10-20 11:26:56.862950	Speaker	stop	None
2016-10-20 11:26:56.864132	Trial	end	162
2016-10-20 11:26:57.218650	Trial	start	163
2016-10-20 11:26:57.225186	Speaker	play	None
2016-10-20 11:26:57.923549	Speaker	stop	None
2016-10-20 11:26:57.924797	Trial	end	163
2016-10-20 11:26:57.926282	Trial	start	164
2016-10-20 11:26:57.929111	Speaker	play	None
2016-10-20 11:27:03.936465	Speaker	stop	None
2016-10-20 11:27:03.937890	Trial	end	164
2016-10-20 11:27:20.394680	Trial	start	165
2016-10-20 11:27:20.399117	Speaker	play	None
2016-10-20 11:27:20.475738	Speaker	stop	None
2016-10-20 11:27:20.476778	Trial	end	165
2016-10-20 11:27:20.478943	Trial	start	166
2016-10-20 11:27:20.484226	Speaker	play	None
2016-10-20 11:27:26.489470	Speaker	stop	None
2016-10-20 11:27:26.490583	Trial	end	166
2016-10-20 11:27:27.016841	Trial	start	167
2016-10-20 11:27:27.022066	Speaker	play	None
2016-10-20 11:27:28.171954	Speaker	stop	None
2016-10-20 11:27:28.172903	Trial	end	167
2016-10-20 11:27:28.174113	Trial	start	168
2016-10-20 11:27:28.176009	Speaker	play	None
2016-10-20 11:27:28.544742	Speaker	stop	None
2016-10-20 11:27:28.546622	Trial	end	168
2016-10-20 11:27:28.548597	Trial	start	169
2016-10-20 11:27:28.552906	Speaker	play	None
2016-10-20 11:27:37.507357	Speaker	stop	None
2016-10-20 11:27:37.508988	Trial	end	169
2016-10-20 11:27:43.732393	Trial	start	170
2016-10-20 11:27:43.735602	Speaker	play	None
2016-10-20 11:27:43.957859	Speaker	stop	None
2016-10-20 11:27:43.958936	Trial	end	170
2016-10-20 11:27:43.960834	Trial	start	171
2016-10-20 11:27:43.971094	Speaker	play	None
2016-10-20 11:27:49.974659	Speaker	stop	None
2016-10-20 11:27:49.975716	Trial	end	171
2016-10-20 11:27:52.432174	Trial	start	172
2016-10-20 11:27:52.435898	Speaker	play	None
2016-10-20 11:27:53.759581	Speaker	stop	None
2016-10-20 11:27:53.760689	Trial	end	172
2016-10-20 11:27:53.762140	Trial	start	173
2016-10-20 11:27:53.765426	Speaker	play	None
2016-10-20 11:27:53.821582	Speaker	stop	None
2016-10-20 11:27:53.823308	Trial	end	173
2016-10-20 11:27:53.826008	Trial	start	174
2016-10-20 11:27:53.829081	Speaker	play	None
2016-10-20 11:27:59.833679	Speaker	stop	None
2016-10-20 11:27:59.834573	Trial	end	174
2016-10-20 11:28:01.124566	Trial	start	175
2016-10-20 11:28:01.128118	Speaker	play	None
2016-10-20 11:28:06.047079	Speaker	stop	None
2016-10-20 11:28:06.047973	Trial	end	175
2016-10-20 11:28:06.048929	Trial	start	176
2016-10-20 11:28:06.050841	Speaker	play	None
2016-10-20 11:28:07.488925	Speaker	stop	None
2016-10-20 11:28:07.489812	Trial	end	176
2016-10-20 11:28:07.490988	Trial	start	177
2016-10-20 11:28:07.493172	Speaker	play	None
2016-10-20 11:28:09.458884	Speaker	stop	None
2016-10-20 11:28:09.459867	Trial	end	177
2016-10-20 11:28:09.461161	Trial	start	178
2016-10-20 11:28:09.463082	Speaker	play	None
2016-10-20 11:28:15.467936	Speaker	stop	None
2016-10-20 11:28:15.468804	Trial	end	178
2016-10-20 11:28:20.038840	Trial	start	179
2016-10-20 11:28:20.041446	Speaker	play	None
2016-10-20 11:28:20.124443	Speaker	stop	None
2016-10-20 11:28:20.126247	Trial	end	179
2016-10-20 11:28:20.127936	Trial	start	180
2016-10-20 11:28:20.130733	Speaker	play	None
2016-10-20 11:28:26.137696	Speaker	stop	None
2016-10-20 11:28:26.138574	Trial	end	180
2016-10-20 11:28:57.553468	Trial	start	181
2016-10-20 11:28:57.555599	Speaker	play	None
2016-10-20 11:28:57.627431	Speaker	stop	None
2016-10-20 11:28:57.628338	Trial	end	181
2016-10-20 11:28:57.629339	Trial	start	182
2016-10-20 11:28:57.631431	Speaker	play	None
2016-10-20 11:28:57.955327	Speaker	stop	None
2016-10-20 11:28:57.956186	Trial	end	182
2016-10-20 11:28:57.957464	Trial	start	183
2016-10-20 11:28:57.959556	Speaker	play	None
2016-10-20 11:28:58.041131	Speaker	stop	None
2016-10-20 11:28:58.042057	Trial	end	183
2016-10-20 11:28:58.043108	Trial	start	184
2016-10-20 11:28:58.045702	Speaker	play	None
2016-10-20 11:29:03.648666	Speaker	stop	None
2016-10-20 11:29:03.649644	Trial	end	184
2016-10-20 11:29:03.651029	Trial	start	185
2016-10-20 11:29:03.654276	Speaker	play	None
2016-10-20 11:29:04.754300	Speaker	stop	None
2016-10-20 11:29:04.755263	Trial	end	185
2016-10-20 11:29:04.756404	Trial	start	186
2016-10-20 11:29:04.758777	Speaker	play	None
2016-10-20 11:29:06.523836	Speaker	stop	None
2016-10-20 11:29:06.524712	Trial	end	186
2016-10-20 11:29:06.525765	Trial	start	187
2016-10-20 11:29:06.527651	Speaker	play	None
2016-10-20 11:29:12.532380	Speaker	stop	None
2016-10-20 11:29:12.533469	Trial	end	187
2016-10-20 11:43:03.552099	PeckPort	off	None
2016-10-20 11:43:03.552795	HouseLight	on	None
2016-10-20 11:43:03.553548	Hopper	down	None
2016-10-20 11:45:55.372626	PeckPort	off	None
2016-10-20 11:45:55.375222	HouseLight	on	None
2016-10-20 11:45:55.376245	Hopper	down	None
2016-10-20 11:45:55.681026	Hopper	down	None
2016-10-20 11:45:55.987704	HouseLight	on	None
2016-10-20 11:45:55.988226	PeckPort	on	None
2016-10-20 11:50:46.524873	Trial	start	1
2016-10-20 11:50:46.528795	Speaker	play	None
2016-10-20 11:50:52.533323	Speaker	stop	None
2016-10-20 11:50:52.534275	Trial	end	1
2016-10-20 11:50:53.454708	Trial	start	2
2016-10-20 11:50:53.457766	Speaker	play	None
2016-10-20 11:51:00.393601	Speaker	queue	None
2016-10-20 11:51:00.394518	Trial	end	2
2016-10-20 11:51:00.396177	Trial	start	3
2016-10-20 11:51:00.400212	Speaker	play	None
2016-10-20 11:51:09.351404	Speaker	stop	None
2016-10-20 11:51:09.353424	Trial	end	3
2016-10-20 11:51:27.832044	Trial	start	4
2016-10-20 11:51:27.836704	Speaker	play	None
2016-10-20 11:51:27.934672	Speaker	stop	None
2016-10-20 11:51:27.936311	Trial	end	4
2016-10-20 11:51:27.938384	Trial	start	5
2016-10-20 11:51:27.940593	Speaker	play	None
2016-10-20 11:51:33.943597	Speaker	stop	None
2016-10-20 11:51:33.945401	Trial	end	5
2016-10-20 11:51:35.704291	Trial	start	6
2016-10-20 11:51:35.707100	Speaker	play	None
2016-10-20 11:51:36.671336	Speaker	queue	None
2016-10-20 11:51:36.672410	Trial	end	6
2016-10-20 11:51:36.674413	Trial	start	7
2016-10-20 11:51:36.680927	Speaker	play	None
2016-10-20 11:51:42.687951	Speaker	stop	None
2016-10-20 11:51:42.688807	Trial	end	7
2016-10-20 11:51:46.616141	Trial	start	8
2016-10-20 11:51:46.619968	Speaker	play	None
2016-10-20 11:51:52.624984	Speaker	stop	None
2016-10-20 11:51:52.625920	Trial	end	8
2016-10-20 11:51:55.618779	Trial	start	9
2016-10-20 11:51:55.622759	Speaker	play	None
2016-10-20 11:52:01.628092	Speaker	stop	None
2016-10-20 11:52:01.629779	Trial	end	9
2016-10-20 11:52:03.278208	Trial	start	10
2016-10-20 11:52:03.281716	Speaker	play	None
2016-10-20 11:52:09.287618	Speaker	stop	None
2016-10-20 11:52:09.288503	Trial	end	10
2016-10-20 11:52:11.605360	Trial	start	11
2016-10-20 11:52:11.608043	Speaker	play	None
2016-10-20 11:52:17.614210	Speaker	stop	None
2016-10-20 11:52:17.615248	Trial	end	11
2016-10-20 11:52:19.776897	Trial	start	12
2016-10-20 11:52:19.779993	Speaker	play	None
2016-10-20 11:52:25.785418	Speaker	stop	None
2016-10-20 11:52:25.786444	Trial	end	12
2016-10-20 11:52:27.993608	Trial	start	13
2016-10-20 11:52:28.000370	Speaker	play	None
2016-10-20 11:52:34.006206	Speaker	stop	None
2016-10-20 11:52:34.007670	Trial	end	13
2016-10-20 11:52:35.808194	Trial	start	14
2016-10-20 11:52:35.810816	Speaker	play	None
2016-10-20 11:52:36.021569	Speaker	stop	None
2016-10-20 11:52:36.023587	Trial	end	14
2016-10-20 11:52:36.025749	Trial	start	15
2016-10-20 11:52:36.029778	Speaker	play	None
2016-10-20 11:52:38.421724	Speaker	stop	None
2016-10-20 11:52:38.422981	Trial	end	15
2016-10-20 11:52:38.424762	Trial	start	16
2016-10-20 11:52:38.428148	Speaker	play	None
2016-10-20 11:52:44.434211	Speaker	stop	None
2016-10-20 11:52:44.435066	Trial	end	16
2016-10-20 11:52:47.668098	Trial	start	17
2016-10-20 11:52:47.679993	Speaker	play	None
2016-10-20 11:52:47.735948	Speaker	stop	None
2016-10-20 11:52:47.737019	Trial	end	17
2016-10-20 11:52:47.738548	Trial	start	18
2016-10-20 11:52:47.740834	Speaker	play	None
2016-10-20 11:52:53.748542	Speaker	stop	None
2016-10-20 11:52:53.749959	Trial	end	18
2016-10-20 11:53:05.762046	Trial	start	19
2016-10-20 11:53:05.765430	Speaker	play	None
2016-10-20 11:53:06.466310	Speaker	stop	None
2016-10-20 11:53:06.468471	Trial	end	19
2016-10-20 11:53:06.472813	Trial	start	20
2016-10-20 11:53:06.475559	Speaker	play	None
2016-10-20 11:53:15.428153	Speaker	stop	None
2016-10-20 11:53:15.429060	Trial	end	20
2016-10-20 11:53:27.781647	Trial	start	21
2016-10-20 11:53:27.785715	Speaker	play	None
2016-10-20 11:53:33.790221	Speaker	stop	None
2016-10-20 11:53:33.791298	Hopper	up	None
2016-10-20 11:53:45.795423	Hopper	down	None
2016-10-20 11:53:46.102414	Trial	end	21
2016-10-20 11:56:08.227324	Trial	start	22
2016-10-20 11:56:08.232284	Speaker	play	None
2016-10-20 11:56:14.236059	Speaker	stop	None
2016-10-20 11:56:14.236986	Trial	end	22
2016-10-20 11:56:17.598795	Trial	start	23
2016-10-20 11:56:17.611459	Speaker	play	None
2016-10-20 11:56:23.616190	Speaker	stop	None
2016-10-20 11:56:23.617406	Trial	end	23
2016-10-20 11:56:23.816618	Trial	start	24
2016-10-20 11:56:23.819247	Speaker	play	None
2016-10-20 11:56:23.894436	Speaker	stop	None
2016-10-20 11:56:23.895575	Trial	end	24
2016-10-20 11:56:23.897947	Trial	start	25
2016-10-20 11:56:23.902230	Speaker	play	None
2016-10-20 11:56:29.121277	Speaker	stop	None
2016-10-20 11:56:29.122638	Trial	end	25
2016-10-20 11:56:29.124345	Trial	start	26
2016-10-20 11:56:29.126758	Speaker	play	None
2016-10-20 11:56:29.190499	Speaker	stop	None
2016-10-20 11:56:29.191534	Trial	end	26
2016-10-20 11:56:29.193411	Trial	start	27
2016-10-20 11:56:29.195602	Speaker	play	None
2016-10-20 11:56:29.457181	Speaker	stop	None
2016-10-20 11:56:29.458201	Trial	end	27
2016-10-20 11:56:29.459388	Trial	start	28
2016-10-20 11:56:29.462107	Speaker	play	None
2016-10-20 11:56:29.522407	Speaker	stop	None
2016-10-20 11:56:29.524002	Trial	end	28
2016-10-20 11:56:29.527372	Trial	start	29
2016-10-20 11:56:29.530117	Speaker	play	None
2016-10-20 11:56:35.534915	Speaker	stop	None
2016-10-20 11:56:35.535708	Trial	end	29
2016-10-20 11:56:50.976452	Trial	start	30
2016-10-20 11:56:50.978627	Speaker	play	None
2016-10-20 11:56:51.058930	Speaker	stop	None
2016-10-20 11:56:51.060019	Trial	end	30
2016-10-20 11:56:51.061707	Trial	start	31
2016-10-20 11:56:51.063942	Speaker	play	None
2016-10-20 11:56:53.098360	Speaker	stop	None
2016-10-20 11:56:53.099254	Trial	end	31
2016-10-20 11:56:53.100881	Trial	start	32
2016-10-20 11:56:53.104047	Speaker	play	None
2016-10-20 11:56:59.111724	Speaker	stop	None
2016-10-20 11:56:59.113385	Trial	end	32
2016-10-20 11:57:01.089310	Trial	start	33
2016-10-20 11:57:01.093168	Speaker	play	None
2016-10-20 11:57:01.167433	Speaker	stop	None
2016-10-20 11:57:01.168415	Trial	end	33
2016-10-20 11:57:01.170120	Trial	start	34
2016-10-20 11:57:01.172394	Speaker	play	None
2016-10-20 11:57:02.781313	Speaker	stop	None
2016-10-20 11:57:02.782601	Trial	end	34
2016-10-20 11:57:02.784295	Trial	start	35
2016-10-20 11:57:02.786791	Speaker	play	None
2016-10-20 11:57:08.789962	Speaker	stop	None
2016-10-20 11:57:08.790754	Trial	end	35
2016-10-20 11:57:11.468635	Trial	start	36
2016-10-20 11:57:11.472825	Speaker	play	None
2016-10-20 11:57:11.546494	Speaker	stop	None
2016-10-20 11:57:11.547442	Trial	end	36
2016-10-20 11:57:11.549045	Trial	start	37
2016-10-20 11:57:11.555070	Speaker	play	None
2016-10-20 11:57:17.559596	Speaker	stop	None
2016-10-20 11:57:17.560840	Trial	end	37
2016-10-20 11:57:19.353776	Trial	start	38
2016-10-20 11:57:19.357985	Speaker	play	None
2016-10-20 11:57:20.508949	Speaker	stop	None
2016-10-20 11:57:20.510541	Trial	end	38
2016-10-20 11:57:20.512961	Trial	start	39
2016-10-20 11:57:20.517810	Speaker	play	None
2016-10-20 11:57:26.521423	Speaker	stop	None
2016-10-20 11:57:26.522367	Trial	end	39
2016-10-20 11:57:29.810060	Trial	start	40
2016-10-20 11:57:29.812437	Speaker	play	None
2016-10-20 11:57:35.819796	Speaker	stop	None
2016-10-20 11:57:35.820811	Trial	end	40
2016-10-20 11:57:40.119520	Trial	start	41
2016-10-20 11:57:40.123898	Speaker	play	None
2016-10-20 11:57:40.206022	Speaker	stop	None
2016-10-20 11:57:40.207789	Trial	end	41
2016-10-20 11:57:40.210907	Trial	start	42
2016-10-20 11:57:40.215143	Speaker	play	None
2016-10-20 11:57:49.167784	Speaker	stop	None
2016-10-20 11:57:49.168824	Trial	end	42
2016-10-20 11:57:52.841466	Trial	start	43
2016-10-20 11:57:52.843613	Speaker	play	None
2016-10-20 11:58:04.072979	Speaker	stop	None
2016-10-20 11:58:04.074414	Trial	end	43
2016-10-20 11:58:06.747398	Trial	start	44
2016-10-20 11:58:06.751207	Speaker	play	None
2016-10-20 11:58:07.014372	Speaker	stop	None
2016-10-20 11:58:07.015720	Trial	end	44
2016-10-20 11:58:07.017554	Trial	start	45
2016-10-20 11:58:07.020378	Speaker	play	None
2016-10-20 11:58:07.988359	Speaker	stop	None
2016-10-20 11:58:07.989233	Trial	end	45
2016-10-20 11:58:07.990607	Trial	start	46
2016-10-20 11:58:07.993568	Speaker	play	None
2016-10-20 11:58:08.074512	Speaker	stop	None
2016-10-20 11:58:08.075613	Trial	end	46
2016-10-20 11:58:08.077504	Trial	start	47
2016-10-20 11:58:08.079974	Speaker	play	None
2016-10-20 11:58:14.087203	Speaker	stop	None
2016-10-20 11:58:14.088148	Trial	end	47
2016-10-20 11:58:14.971836	Trial	start	48
2016-10-20 11:58:14.975150	Speaker	play	None
2016-10-20 11:58:16.520521	Speaker	stop	None
2016-10-20 11:58:16.521629	Trial	end	48
2016-10-20 11:58:16.523053	Trial	start	49
2016-10-20 11:58:16.526630	Speaker	play	None
2016-10-20 11:58:16.786339	Speaker	stop	None
2016-10-20 11:58:16.787339	Trial	end	49
2016-10-20 11:58:16.789056	Trial	start	50
2016-10-20 11:58:16.791105	Speaker	play	None
2016-10-20 11:58:21.496755	Speaker	stop	None
2016-10-20 11:58:21.497771	Trial	end	50
2016-10-20 11:58:21.499041	Trial	start	51
2016-10-20 11:58:21.500984	Speaker	play	None
2016-10-20 11:58:30.450623	Speaker	stop	None
2016-10-20 11:58:30.451583	Trial	end	51
2016-10-20 11:58:35.574327	Trial	start	52
2016-10-20 11:58:35.576522	Speaker	play	None
2016-10-20 11:58:35.935507	Speaker	stop	None
2016-10-20 11:58:35.937338	Trial	end	52
2016-10-20 11:58:35.938886	Trial	start	53
2016-10-20 11:58:35.941698	Speaker	play	None
2016-10-20 11:58:36.012777	Speaker	stop	None
2016-10-20 11:58:36.014058	Trial	end	53
2016-10-20 11:58:36.016412	Trial	start	54
2016-10-20 11:58:36.019335	Speaker	play	None
2016-10-20 11:58:42.025673	Speaker	stop	None
2016-10-20 11:58:42.026635	Trial	end	54
2016-10-20 11:58:45.593551	Trial	start	55
2016-10-20 11:58:45.599021	Speaker	play	None
2016-10-20 11:58:51.601885	Speaker	stop	None
2016-10-20 11:58:51.602785	Trial	end	55
2016-10-20 11:58:52.375817	Trial	start	56
2016-10-20 11:58:52.378685	Speaker	play	None
2016-10-20 11:58:52.621752	Speaker	stop	None
2016-10-20 11:58:52.622674	Trial	end	56
2016-10-20 11:58:52.623658	Trial	start	57
2016-10-20 11:58:52.625625	Speaker	play	None
2016-10-20 11:58:52.896236	Speaker	stop	None
2016-10-20 11:58:52.897792	Trial	end	57
2016-10-20 11:58:52.899349	Trial	start	58
2016-10-20 11:58:52.902200	Speaker	play	None
2016-10-20 11:58:53.858745	Speaker	stop	None
2016-10-20 11:58:53.859531	Trial	end	58
2016-10-20 11:58:53.860732	Trial	start	59
2016-10-20 11:58:53.863271	Speaker	play	None
2016-10-20 11:58:59.867504	Speaker	stop	None
2016-10-20 11:58:59.868894	Trial	end	59
2016-10-20 11:59:02.239442	Trial	start	60
2016-10-20 11:59:02.243258	Speaker	play	None
2016-10-20 11:59:02.783746	Speaker	stop	None
2016-10-20 11:59:02.784783	Trial	end	60
2016-10-20 11:59:02.786368	Trial	start	61
2016-10-20 11:59:02.790233	Speaker	play	None
2016-10-20 11:59:11.741653	Speaker	stop	None
2016-10-20 11:59:11.743282	Trial	end	61
2016-10-20 11:59:15.509774	Trial	start	62
2016-10-20 11:59:15.514276	Speaker	play	None
2016-10-20 11:59:21.518827	Speaker	stop	None
2016-10-20 11:59:21.521400	Trial	end	62
2016-10-20 11:59:26.557097	Trial	start	63
2016-10-20 11:59:26.561740	Speaker	play	None
2016-10-20 11:59:26.663074	Speaker	stop	None
2016-10-20 11:59:26.664006	Trial	end	63
2016-10-20 11:59:26.665239	Trial	start	64
2016-10-20 11:59:26.667254	Speaker	play	None
2016-10-20 11:59:32.671815	Speaker	stop	None
2016-10-20 11:59:32.672600	Trial	end	64
2016-10-20 11:59:41.326344	Trial	start	65
2016-10-20 11:59:41.328576	Speaker	play	None
2016-10-20 11:59:41.396124	Speaker	stop	None
2016-10-20 11:59:41.396916	Trial	end	65
2016-10-20 11:59:41.398215	Trial	start	66
2016-10-20 11:59:41.400931	Speaker	play	None
2016-10-20 11:59:47.409206	Speaker	stop	None
2016-10-20 11:59:47.410240	Trial	end	66
2016-10-20 11:59:53.192325	Trial	start	67
2016-10-20 11:59:53.195321	Speaker	play	None
2016-10-20 11:59:59.201610	Speaker	stop	None
2016-10-20 11:59:59.202769	Trial	end	67
2016-10-20 12:00:17.722904	Trial	start	68
2016-10-20 12:00:17.725157	Speaker	play	None
2016-10-20 12:00:19.480711	Speaker	stop	None
2016-10-20 12:00:19.481699	Trial	end	68
2016-10-20 12:00:19.482714	Trial	start	69
2016-10-20 12:00:19.485568	Speaker	play	None
2016-10-20 12:00:20.750107	Speaker	stop	None
2016-10-20 12:00:20.751628	Trial	end	69
2016-10-20 12:00:20.753232	Trial	start	70
2016-10-20 12:00:20.755886	Speaker	play	None
2016-10-20 12:00:26.762628	Speaker	stop	None
2016-10-20 12:00:26.763481	Trial	end	70
2016-10-20 12:00:33.476190	Trial	start	71
2016-10-20 12:00:33.479667	Speaker	play	None
2016-10-20 12:00:33.553680	Speaker	stop	None
2016-10-20 12:00:33.554659	Trial	end	71
2016-10-20 12:00:33.555917	Trial	start	72
2016-10-20 12:00:33.560088	Speaker	play	None
2016-10-20 12:00:39.570722	Speaker	stop	None
2016-10-20 12:00:39.571885	Hopper	up	None
2016-10-20 12:00:51.576099	Hopper	down	None
2016-10-20 12:00:51.878725	Trial	end	72
2016-10-20 12:04:17.449713	Trial	start	73
2016-10-20 12:04:17.454372	Speaker	play	None
2016-10-20 12:04:18.764551	Speaker	stop	None
2016-10-20 12:04:18.766069	Trial	end	73
2016-10-20 12:04:18.767526	Trial	start	74
2016-10-20 12:04:18.776856	Speaker	play	None
2016-10-20 12:04:20.121394	Speaker	stop	None
2016-10-20 12:04:20.123509	Trial	end	74
2016-10-20 12:04:20.124804	Trial	start	75
2016-10-20 12:04:20.126970	Speaker	play	None
2016-10-20 12:04:26.133084	Speaker	stop	None
2016-10-20 12:04:26.133937	Trial	end	75
2016-10-20 12:04:27.178097	Trial	start	76
2016-10-20 12:04:27.185203	Speaker	play	None
2016-10-20 12:04:33.192458	Speaker	stop	None
2016-10-20 12:04:33.193723	Trial	end	76
2016-10-20 12:04:39.284131	Trial	start	77
2016-10-20 12:04:39.287535	Speaker	play	None
2016-10-20 12:04:50.517324	Speaker	stop	None
2016-10-20 12:04:50.518286	Trial	end	77
2016-10-20 12:04:55.179307	Trial	start	78
2016-10-20 12:04:55.183163	Speaker	play	None
2016-10-20 12:05:01.191228	Speaker	stop	None
2016-10-20 12:05:01.192321	Trial	end	78
2016-10-20 12:05:04.683128	Trial	start	79
2016-10-20 12:05:04.685325	Speaker	play	None
2016-10-20 12:05:04.813165	Speaker	stop	None
2016-10-20 12:05:04.813978	Trial	end	79
2016-10-20 12:05:04.814949	Trial	start	80
2016-10-20 12:05:04.816774	Speaker	play	None
2016-10-20 12:05:06.125437	Speaker	stop	None
2016-10-20 12:05:06.126347	Trial	end	80
2016-10-20 12:05:06.127337	Trial	start	81
2016-10-20 12:05:06.133742	Speaker	play	None
2016-10-20 12:05:12.139553	Speaker	stop	None
2016-10-20 12:05:12.141142	Trial	end	81
2016-10-20 12:05:16.680974	Trial	start	82
2016-10-20 12:05:16.683649	Speaker	play	None
2016-10-20 12:05:18.581716	Speaker	stop	None
2016-10-20 12:05:18.582835	Trial	end	82
2016-10-20 12:05:18.584072	Trial	start	83
2016-10-20 12:05:18.586584	Speaker	play	None
2016-10-20 12:05:18.671333	Speaker	stop	None
2016-10-20 12:05:18.672297	Trial	end	83
2016-10-20 12:05:18.673750	Trial	start	84
2016-10-20 12:05:18.676041	Speaker	play	None
2016-10-20 12:05:24.679858	Speaker	stop	None
2016-10-20 12:05:24.681093	Trial	end	84
2016-10-20 12:05:28.661279	Trial	start	85
2016-10-20 12:05:28.663527	Speaker	play	None
2016-10-20 12:05:28.789430	Speaker	stop	None
2016-10-20 12:05:28.790783	Trial	end	85
2016-10-20 12:05:28.793224	Trial	start	86
2016-10-20 12:05:28.795239	Speaker	play	None
2016-10-20 12:05:34.802148	Speaker	stop	None
2016-10-20 12:05:34.803676	Trial	end	86
2016-10-20 12:05:39.055806	Trial	start	87
2016-10-20 12:05:39.060426	Speaker	play	None
2016-10-20 12:05:39.142611	Speaker	stop	None
2016-10-20 12:05:39.143859	Trial	end	87
2016-10-20 12:05:39.145073	Trial	start	88
2016-10-20 12:05:39.147169	Speaker	play	None
2016-10-20 12:05:48.096179	Speaker	stop	None
2016-10-20 12:05:48.099043	Trial	end	88
2016-10-20 12:05:54.319335	Trial	start	89
2016-10-20 12:05:54.321794	Speaker	play	None
2016-10-20 12:05:54.533853	Speaker	stop	None
2016-10-20 12:05:54.535398	Trial	end	89
2016-10-20 12:05:54.536773	Trial	start	90
2016-10-20 12:05:54.538809	Speaker	play	None
2016-10-20 12:05:55.501058	Speaker	stop	None
2016-10-20 12:05:55.503642	Trial	end	90
2016-10-20 12:05:55.505330	Trial	start	91
2016-10-20 12:05:55.514618	Speaker	play	None
2016-10-20 12:06:01.524481	Speaker	stop	None
2016-10-20 12:06:01.525994	Hopper	up	None
2016-10-20 12:06:13.527557	Hopper	down	None
2016-10-20 12:06:13.832281	Trial	end	91
2016-10-20 12:09:18.533482	Trial	start	92
2016-10-20 12:09:18.535770	Speaker	play	None
2016-10-20 12:09:19.798910	Speaker	stop	None
2016-10-20 12:09:19.799792	Trial	end	92
2016-10-20 12:09:19.801194	Trial	start	93
2016-10-20 12:09:19.803100	Speaker	play	None
2016-10-20 12:09:25.806254	Speaker	stop	None
2016-10-20 12:09:25.807562	Hopper	up	None
2016-10-20 12:09:37.809679	Hopper	down	None
2016-10-20 12:09:38.112550	Trial	end	93
2016-10-20 12:14:26.340163	Trial	start	94
2016-10-20 12:14:26.342688	Speaker	play	None
2016-10-20 12:14:32.349856	Speaker	stop	None
2016-10-20 12:14:32.351109	Trial	end	94
2016-10-20 12:14:33.623698	Trial	start	95
2016-10-20 12:14:33.626004	Speaker	play	None
2016-10-20 12:14:33.926701	Speaker	stop	None
2016-10-20 12:14:33.927635	Trial	end	95
2016-10-20 12:14:33.928933	Trial	start	96
2016-10-20 12:14:33.931009	Speaker	play	None
2016-10-20 12:14:34.848634	Speaker	stop	None
2016-10-20 12:14:34.849735	Trial	end	96
2016-10-20 12:14:34.850883	Trial	start	97
2016-10-20 12:14:34.853763	Speaker	play	None
2016-10-20 12:14:43.803065	Speaker	stop	None
2016-10-20 12:14:43.804032	Trial	end	97
2016-10-20 12:14:47.465661	Trial	start	98
2016-10-20 12:14:47.468184	Speaker	play	None
2016-10-20 12:14:48.731510	Speaker	stop	None
2016-10-20 12:14:48.732846	Trial	end	98
2016-10-20 12:14:48.734923	Trial	start	99
2016-10-20 12:14:48.736913	Speaker	play	None
2016-10-20 12:14:48.813290	Speaker	stop	None
2016-10-20 12:14:48.814329	Trial	end	99
2016-10-20 12:14:48.816558	Trial	start	100
2016-10-20 12:14:48.820101	Speaker	play	None
2016-10-20 12:14:54.826513	Speaker	stop	None
2016-10-20 12:14:54.827344	Trial	end	100
2016-10-20 12:14:58.103522	Trial	start	101
2016-10-20 12:14:58.106178	Speaker	play	None
2016-10-20 12:15:04.113400	Speaker	stop	None
2016-10-20 12:15:04.115087	Trial	end	101
2016-10-20 12:15:17.882970	Trial	start	102
2016-10-20 12:15:17.886666	Speaker	play	None
2016-10-20 12:15:18.124773	Speaker	stop	None
2016-10-20 12:15:18.125602	Trial	end	102
2016-10-20 12:15:18.127058	Trial	start	103
2016-10-20 12:15:18.133077	Speaker	play	None
2016-10-20 12:15:18.252055	Speaker	stop	None
2016-10-20 12:15:18.252848	Trial	end	103
2016-10-20 12:15:18.254005	Trial	start	104
2016-10-20 12:15:18.255997	Speaker	play	None
2016-10-20 12:15:20.491534	Speaker	stop	None
2016-10-20 12:15:20.492609	Trial	end	104
2016-10-20 12:15:20.494014	Trial	start	105
2016-10-20 12:15:20.503289	Speaker	play	None
2016-10-20 12:15:22.111094	Speaker	stop	None
2016-10-20 12:15:22.112003	Trial	end	105
2016-10-20 12:15:22.113136	Trial	start	106
2016-10-20 12:15:22.115203	Speaker	play	None
2016-10-20 12:15:22.193568	Speaker	stop	None
2016-10-20 12:15:22.196389	Trial	end	106
2016-10-20 12:15:22.197966	Trial	start	107
2016-10-20 12:15:22.199839	Speaker	play	None
2016-10-20 12:15:28.204843	Speaker	stop	None
2016-10-20 12:15:28.206025	Trial	end	107
2016-10-20 12:15:31.185668	Trial	start	108
2016-10-20 12:15:31.188279	Speaker	play	None
2016-10-20 12:15:31.316988	Speaker	stop	None
2016-10-20 12:15:31.317883	Trial	end	108
2016-10-20 12:15:31.319138	Trial	start	109
2016-10-20 12:15:31.321935	Speaker	play	None
2016-10-20 12:15:37.328103	Speaker	stop	None
2016-10-20 12:15:37.329145	Trial	end	109
2016-10-20 12:15:41.116210	Trial	start	110
2016-10-20 12:15:41.118245	Speaker	play	None
2016-10-20 12:15:42.637407	Speaker	stop	None
2016-10-20 12:15:42.638411	Trial	end	110
2016-10-20 12:15:42.640321	Trial	start	111
2016-10-20 12:15:42.642970	Speaker	play	None
2016-10-20 12:15:48.647769	Speaker	stop	None
2016-10-20 12:15:48.649571	Trial	end	111
2016-10-20 12:16:34.612690	Trial	start	112
2016-10-20 12:16:34.615311	Speaker	play	None
2016-10-20 12:16:40.624028	Speaker	stop	None
2016-10-20 12:16:40.625227	Hopper	up	None
2016-10-20 12:16:52.627432	Hopper	down	None
2016-10-20 12:16:52.930553	Trial	end	112
2016-10-20 13:06:14.086655	Trial	start	113
2016-10-20 13:06:14.090640	Speaker	play	None
2016-10-20 13:06:20.095522	Speaker	stop	None
2016-10-20 13:06:20.096775	Hopper	up	None
2016-10-20 13:06:32.099015	Hopper	down	None
2016-10-20 13:06:32.403735	Trial	end	113
2016-10-20 13:14:01.128419	Trial	start	114
2016-10-20 13:14:01.131709	Speaker	play	None
2016-10-20 13:14:07.135516	Speaker	stop	None
2016-10-20 13:14:07.137863	Trial	end	114
2016-10-20 13:14:13.095918	Trial	start	115
2016-10-20 13:14:13.099188	Speaker	play	None
2016-10-20 13:14:14.156697	Speaker	stop	None
2016-10-20 13:14:14.157749	Trial	end	115
2016-10-20 13:14:14.159032	Trial	start	116
2016-10-20 13:14:14.161592	Speaker	play	None
2016-10-20 13:14:20.433425	Speaker	stop	None
2016-10-20 13:14:20.434522	Trial	end	116
2016-10-20 13:14:20.437094	Trial	start	117
2016-10-20 13:14:20.440195	Speaker	play	None
2016-10-20 13:14:26.444411	Speaker	stop	None
2016-10-20 13:14:26.445376	Trial	end	117
2016-10-20 13:14:29.298181	Trial	start	118
2016-10-20 13:14:29.300497	Speaker	play	None
2016-10-20 13:14:35.305299	Speaker	stop	None
2016-10-20 13:14:35.306139	Trial	end	118
2016-10-20 13:14:45.898744	Trial	start	119
2016-10-20 13:14:45.902860	Speaker	play	None
2016-10-20 13:14:51.910097	Speaker	stop	None
2016-10-20 13:14:51.911272	Trial	end	119
2016-10-20 13:14:59.497507	Trial	start	120
2016-10-20 13:14:59.499801	Speaker	play	None
2016-10-20 13:15:00.537880	Speaker	stop	None
2016-10-20 13:15:00.539227	Trial	end	120
2016-10-20 13:15:00.540962	Trial	start	121
2016-10-20 13:15:00.543970	Speaker	play	None
2016-10-20 13:15:06.549272	Speaker	stop	None
2016-10-20 13:15:06.550163	Trial	end	121
2016-10-20 13:15:18.113576	Trial	start	122
2016-10-20 13:15:18.116382	Speaker	play	None
2016-10-20 13:15:24.121435	Speaker	stop	None
2016-10-20 13:15:24.122936	Trial	end	122
2016-10-20 13:15:29.448199	Trial	start	123
2016-10-20 13:15:29.450392	Speaker	play	None
2016-10-20 13:15:35.455805	Speaker	stop	None
2016-10-20 13:15:35.457380	Hopper	up	None
2016-10-20 13:15:47.458731	Hopper	down	None
2016-10-20 13:15:47.761693	Trial	end	123
2016-10-20 13:18:46.364816	Trial	start	124
2016-10-20 13:18:46.368422	Speaker	play	None
2016-10-20 13:18:52.373505	Speaker	stop	None
2016-10-20 13:18:52.374597	Trial	end	124
2016-10-20 13:18:54.826301	Trial	start	125
2016-10-20 13:18:54.829280	Speaker	play	None
2016-10-20 13:18:56.217584	Speaker	stop	None
2016-10-20 13:18:56.218776	Trial	end	125
2016-10-20 13:18:56.220063	Trial	start	126
2016-10-20 13:18:56.222934	Speaker	play	None
2016-10-20 13:18:56.296625	Speaker	stop	None
2016-10-20 13:18:56.297429	Trial	end	126
2016-10-20 13:18:56.298609	Trial	start	127
2016-10-20 13:18:56.300438	Speaker	play	None
2016-10-20 13:19:02.304658	Speaker	stop	None
2016-10-20 13:19:02.305665	Trial	end	127
2016-10-20 13:19:04.851771	Trial	start	128
2016-10-20 13:19:04.856721	Speaker	play	None
2016-10-20 13:19:05.052764	Speaker	stop	None
2016-10-20 13:19:05.053842	Trial	end	128
2016-10-20 13:19:05.055147	Trial	start	129
2016-10-20 13:19:05.058282	Speaker	play	None
2016-10-20 13:19:11.064938	Speaker	stop	None
2016-10-20 13:19:11.066782	Hopper	up	None
2016-10-20 13:19:23.068521	Hopper	down	None
2016-10-20 13:19:23.371459	Trial	end	129
2016-10-20 13:23:37.086405	Trial	start	130
2016-10-20 13:23:37.088736	Speaker	play	None
2016-10-20 13:23:43.094639	Speaker	stop	None
2016-10-20 13:23:43.095424	Trial	end	130
2016-10-20 13:23:46.096461	Trial	start	131
2016-10-20 13:23:46.098608	Speaker	play	None
2016-10-20 13:23:57.326519	Speaker	stop	None
2016-10-20 13:23:57.328062	Trial	end	131
2016-10-20 13:24:02.257039	Trial	start	132
2016-10-20 13:24:02.259064	Speaker	play	None
2016-10-20 13:24:02.539841	Speaker	stop	None
2016-10-20 13:24:02.540808	Trial	end	132
2016-10-20 13:24:02.542044	Trial	start	133
2016-10-20 13:24:02.543967	Speaker	play	None
2016-10-20 13:24:08.547862	Speaker	stop	None
2016-10-20 13:24:08.549880	Trial	end	133
2016-10-20 13:24:12.774503	Trial	start	134
2016-10-20 13:24:12.777192	Speaker	play	None
2016-10-20 13:24:18.782456	Speaker	stop	None
2016-10-20 13:24:18.783246	Trial	end	134
2016-10-20 13:24:21.939818	Trial	start	135
2016-10-20 13:24:21.942184	Speaker	play	None
2016-10-20 13:24:22.976283	Speaker	stop	None
2016-10-20 13:24:22.977519	Trial	end	135
2016-10-20 13:24:22.979272	Trial	start	136
2016-10-20 13:24:22.982497	Speaker	play	None
2016-10-20 13:24:31.933268	Speaker	stop	None
2016-10-20 13:24:31.934639	Trial	end	136
2016-10-20 13:24:32.752389	Trial	start	137
2016-10-20 13:24:32.758450	Speaker	play	None
2016-10-20 13:24:38.764093	Speaker	stop	None
2016-10-20 13:24:38.764890	Trial	end	137
2016-10-20 13:24:52.668136	Trial	start	138
2016-10-20 13:24:52.670442	Speaker	play	None
2016-10-20 13:24:58.676293	Speaker	stop	None
2016-10-20 13:24:58.677194	Trial	end	138
2016-10-20 13:25:00.224198	Trial	start	139
2016-10-20 13:25:00.226214	Speaker	play	None
2016-10-20 13:25:06.232379	Speaker	stop	None
2016-10-20 13:25:06.233243	Trial	end	139
2016-10-20 13:25:14.431607	Trial	start	140
2016-10-20 13:25:14.433926	Speaker	play	None
2016-10-20 13:25:15.533419	Speaker	stop	None
2016-10-20 13:25:15.534482	Trial	end	140
2016-10-20 13:25:15.535816	Trial	start	141
2016-10-20 13:25:15.537761	Speaker	play	None
2016-10-20 13:25:15.660181	Speaker	stop	None
2016-10-20 13:25:15.661220	Trial	end	141
2016-10-20 13:25:15.664096	Trial	start	142
2016-10-20 13:25:15.669080	Speaker	play	None
2016-10-20 13:25:21.672181	Speaker	stop	None
2016-10-20 13:25:21.673083	Trial	end	142
2016-10-20 13:25:25.583167	Trial	start	143
2016-10-20 13:25:25.586444	Speaker	play	None
2016-10-20 13:25:31.592118	Speaker	stop	None
2016-10-20 13:25:31.593827	Trial	end	143
2016-10-20 13:25:39.155486	Trial	start	144
2016-10-20 13:25:39.158353	Speaker	play	None
2016-10-20 13:25:45.163568	Speaker	stop	None
2016-10-20 13:25:45.164759	Trial	end	144
2016-10-20 13:25:47.460932	Trial	start	145
2016-10-20 13:25:47.463556	Speaker	play	None
2016-10-20 13:25:49.861059	Speaker	stop	None
2016-10-20 13:25:49.861991	Trial	end	145
2016-10-20 13:25:49.863125	Trial	start	146
2016-10-20 13:25:49.865267	Speaker	play	None
2016-10-20 13:25:49.951897	Speaker	stop	None
2016-10-20 13:25:49.953175	Trial	end	146
2016-10-20 13:25:49.955117	Trial	start	147
2016-10-20 13:25:49.957895	Speaker	play	None
2016-10-20 13:25:58.908434	Speaker	stop	None
2016-10-20 13:25:58.911223	Trial	end	147
2016-10-20 14:19:29.056284	Trial	start	148
2016-10-20 14:19:29.059135	Speaker	play	None
2016-10-20 14:19:35.069322	Speaker	stop	None
2016-10-20 14:19:35.070415	Trial	end	148
2016-10-20 14:19:40.663784	Trial	start	149
2016-10-20 14:19:40.666140	Speaker	play	None
2016-10-20 14:19:46.672655	Speaker	stop	None
2016-10-20 14:19:46.675186	Trial	end	149
2016-10-20 14:19:50.510264	Trial	start	150
2016-10-20 14:19:50.513710	Speaker	play	None
2016-10-20 14:19:52.266032	Speaker	stop	None
2016-10-20 14:19:52.268011	Trial	end	150
2016-10-20 14:19:52.269182	Trial	start	151
2016-10-20 14:19:52.272684	Speaker	play	None
2016-10-20 14:19:53.143994	Speaker	stop	None
2016-10-20 14:19:53.144925	Trial	end	151
2016-10-20 14:19:53.146278	Trial	start	152
2016-10-20 14:19:53.150382	Speaker	play	None
2016-10-20 14:20:04.382798	Speaker	stop	None
2016-10-20 14:20:04.383735	Trial	end	152
2016-10-20 14:20:15.359468	Trial	start	153
2016-10-20 14:20:15.365943	Speaker	play	None
2016-10-20 14:20:21.372315	Speaker	stop	None
2016-10-20 14:20:21.373213	Trial	end	153
2016-10-20 14:20:24.067269	Trial	start	154
2016-10-20 14:20:24.072486	Speaker	play	None
2016-10-20 14:20:26.713269	Speaker	stop	None
2016-10-20 14:20:26.715448	Trial	end	154
2016-10-20 14:20:26.716913	Trial	start	155
2016-10-20 14:20:26.719176	Speaker	play	None
2016-10-20 14:20:32.726138	Speaker	stop	None
2016-10-20 14:20:32.730349	Trial	end	155
2016-10-20 14:20:42.772897	Trial	start	156
2016-10-20 14:20:42.775198	Speaker	play	None
2016-10-20 14:20:48.781492	Speaker	stop	None
2016-10-20 14:20:48.793439	Trial	end	156
2016-10-20 14:20:52.760982	Trial	start	157
2016-10-20 14:20:52.766186	Speaker	play	None
2016-10-20 14:20:58.776533	Speaker	stop	None
2016-10-20 14:20:58.778063	Trial	end	157
2016-10-20 14:21:01.457920	Trial	start	158
2016-10-20 14:21:01.460222	Speaker	play	None
2016-10-20 14:21:04.210470	Speaker	stop	None
2016-10-20 14:21:04.211285	Trial	end	158
2016-10-20 14:21:04.212578	Trial	start	159
2016-10-20 14:21:04.215157	Speaker	play	None
2016-10-20 14:21:10.219534	Speaker	stop	None
2016-10-20 14:21:10.220918	Trial	end	159
2016-10-20 14:21:10.829206	Trial	start	160
2016-10-20 14:21:10.831319	Speaker	play	None
2016-10-20 14:21:11.079268	Speaker	stop	None
2016-10-20 14:21:11.082594	Trial	end	160
2016-10-20 14:21:11.083922	Trial	start	161
2016-10-20 14:21:11.086990	Speaker	play	None
2016-10-20 14:21:11.328988	Speaker	stop	None
2016-10-20 14:21:11.330037	Trial	end	161
2016-10-20 14:21:11.331217	Trial	start	162
2016-10-20 14:21:11.333648	Speaker	play	None
2016-10-20 14:21:22.564342	Speaker	stop	None
2016-10-20 14:21:22.566474	Trial	end	162
2016-10-20 14:21:38.402167	Trial	start	163
2016-10-20 14:21:38.404800	Speaker	play	None
2016-10-20 14:21:47.355819	Speaker	stop	None
2016-10-20 14:21:47.356683	Trial	end	163
2016-10-20 14:21:51.213981	Trial	start	164
2016-10-20 14:21:51.217764	Speaker	play	None
2016-10-20 14:21:52.423457	Speaker	stop	None
2016-10-20 14:21:52.425232	Trial	end	164
2016-10-20 14:21:52.426590	Trial	start	165
2016-10-20 14:21:52.428602	Speaker	play	None
2016-10-20 14:21:58.434971	Speaker	stop	None
2016-10-20 14:21:58.436133	Hopper	up	None
2016-10-20 14:22:10.439783	Hopper	down	None
2016-10-20 14:22:10.746721	Trial	end	165
2016-10-20 14:24:58.609583	Trial	start	166
2016-10-20 14:24:58.613416	Speaker	play	None
2016-10-20 14:25:04.446233	Speaker	stop	None
2016-10-20 14:25:04.447731	Trial	end	166
2016-10-20 14:25:04.449776	Trial	start	167
2016-10-20 14:25:04.451733	Speaker	play	None
2016-10-20 14:25:10.454890	Speaker	stop	None
2016-10-20 14:25:10.456165	Trial	end	167
2016-10-20 14:25:13.018617	Trial	start	168
2016-10-20 14:25:13.021986	Speaker	play	None
2016-10-20 14:25:13.084622	Speaker	stop	None
2016-10-20 14:25:13.085818	Trial	end	168
2016-10-20 14:25:13.087942	Trial	start	169
2016-10-20 14:25:13.091102	Speaker	play	None
2016-10-20 14:25:14.952187	Speaker	stop	None
2016-10-20 14:25:14.953557	Trial	end	169
2016-10-20 14:25:14.956065	Trial	start	170
2016-10-20 14:25:14.960156	Speaker	play	None
2016-10-20 14:25:16.230173	Speaker	stop	None
2016-10-20 14:25:16.230978	Trial	end	170
2016-10-20 14:25:16.232217	Trial	start	171
2016-10-20 14:25:16.234043	Speaker	play	None
2016-10-20 14:25:16.325899	Speaker	stop	None
2016-10-20 14:25:16.327409	Trial	end	171
2016-10-20 14:25:16.329208	Trial	start	172
2016-10-20 14:25:16.331696	Speaker	play	None
2016-10-20 14:25:22.336523	Speaker	stop	None
2016-10-20 14:25:22.338180	Trial	end	172
2016-10-20 14:25:28.086892	Trial	start	173
2016-10-20 14:25:28.088856	Speaker	play	None
2016-10-20 14:25:28.168884	Speaker	stop	None
2016-10-20 14:25:28.172003	Trial	end	173
2016-10-20 14:25:28.173830	Trial	start	174
2016-10-20 14:25:28.175604	Speaker	play	None
2016-10-20 14:25:39.418621	Speaker	stop	None
2016-10-20 14:25:39.419665	Trial	end	174
2016-10-20 14:25:45.650415	Trial	start	175
2016-10-20 14:25:45.656411	Speaker	play	None
2016-10-20 14:25:47.271688	Speaker	stop	None
2016-10-20 14:25:47.272607	Trial	end	175
2016-10-20 14:25:47.273969	Trial	start	176
2016-10-20 14:25:47.276235	Speaker	play	None
2016-10-20 14:25:49.143719	Speaker	stop	None
2016-10-20 14:25:49.145805	Trial	end	176
2016-10-20 14:25:49.147771	Trial	start	177
2016-10-20 14:25:49.152670	Speaker	play	None
2016-10-20 14:25:55.156166	Speaker	stop	None
2016-10-20 14:25:55.156980	Trial	end	177
2016-10-20 14:25:57.069493	Trial	start	178
2016-10-20 14:25:57.073714	Speaker	play	None
2016-10-20 14:25:57.188267	Speaker	stop	None
2016-10-20 14:25:57.190144	Trial	end	178
2016-10-20 14:25:57.191603	Trial	start	179
2016-10-20 14:25:57.194256	Speaker	play	None
2016-10-20 14:25:58.823108	Speaker	stop	None
2016-10-20 14:25:58.825064	Trial	end	179
2016-10-20 14:25:58.826587	Trial	start	180
2016-10-20 14:25:58.835375	Speaker	play	None
2016-10-20 14:26:04.839459	Speaker	stop	None
2016-10-20 14:26:04.843633	Trial	end	180
2016-10-20 14:26:20.255478	Trial	start	181
2016-10-20 14:26:20.258940	Speaker	play	None
2016-10-20 14:26:26.263923	Speaker	stop	None
2016-10-20 14:26:26.264951	Trial	end	181
2016-10-20 14:26:29.982864	Trial	start	182
2016-10-20 14:26:29.985765	Speaker	play	None
2016-10-20 14:26:33.132427	Speaker	stop	None
2016-10-20 14:26:33.133492	Trial	end	182
2016-10-20 14:26:33.134700	Trial	start	183
2016-10-20 14:26:33.136389	Speaker	play	None
2016-10-20 14:26:33.206063	Speaker	stop	None
2016-10-20 14:26:33.206918	Trial	end	183
2016-10-20 14:26:33.208213	Trial	start	184
2016-10-20 14:26:33.210850	Speaker	play	None
2016-10-20 14:26:34.688917	Speaker	stop	None
2016-10-20 14:26:34.689970	Trial	end	184
2016-10-20 14:26:34.691315	Trial	start	185
2016-10-20 14:26:34.693864	Speaker	play	None
2016-10-20 14:26:43.646403	Speaker	stop	None
2016-10-20 14:26:43.647318	Trial	end	185
2016-10-20 14:26:48.124269	Trial	start	186
2016-10-20 14:26:48.128083	Speaker	play	None
2016-10-20 14:26:49.945784	Speaker	stop	None
2016-10-20 14:26:49.946638	Trial	end	186
2016-10-20 14:26:49.947957	Trial	start	187
2016-10-20 14:26:49.950064	Speaker	play	None
2016-10-20 14:26:51.616794	Speaker	stop	None
2016-10-20 14:26:51.618019	Trial	end	187
2016-10-20 14:26:51.619372	Trial	start	188
2016-10-20 14:26:51.621959	Speaker	play	None
2016-10-20 14:26:57.629883	Speaker	stop	None
2016-10-20 14:26:57.633313	Trial	end	188
2016-10-20 14:27:01.636000	Trial	start	189
2016-10-20 14:27:01.642284	Speaker	play	None
2016-10-20 14:27:03.560003	Speaker	stop	None
2016-10-20 14:27:03.560875	Trial	end	189
2016-10-20 14:27:03.562146	Trial	start	190
2016-10-20 14:27:03.567586	Speaker	play	None
2016-10-20 14:27:04.330189	Speaker	stop	None
2016-10-20 14:27:04.331152	Trial	end	190
2016-10-20 14:27:04.332570	Trial	start	191
2016-10-20 14:27:04.335619	Speaker	play	None
2016-10-20 14:27:10.343182	Speaker	stop	None
2016-10-20 14:27:10.344380	Trial	end	191
2016-10-20 14:27:11.440605	Trial	start	192
2016-10-20 14:27:11.444183	Speaker	play	None
2016-10-20 14:27:11.944960	Speaker	stop	None
2016-10-20 14:27:11.947379	Trial	end	192
2016-10-20 14:27:11.949942	Trial	start	193
2016-10-20 14:27:11.958233	Speaker	play	None
2016-10-20 14:27:12.882231	Speaker	stop	None
2016-10-20 14:27:12.883760	Trial	end	193
2016-10-20 14:27:12.885153	Trial	start	194
2016-10-20 14:27:12.887657	Speaker	play	None
2016-10-20 14:27:14.144397	Speaker	play	None
2016-10-20 14:27:14.145549	Trial	end	194
2016-10-20 14:27:14.147861	Trial	start	195
2016-10-20 14:27:14.152315	Speaker	play	None
2016-10-20 14:27:20.156225	Speaker	stop	None
2016-10-20 14:27:20.157022	Trial	end	195
2016-10-20 14:27:23.588630	Trial	start	196
2016-10-20 14:27:23.592021	Speaker	play	None
2016-10-20 14:27:29.597153	Speaker	stop	None
2016-10-20 14:27:29.598358	Trial	end	196
2016-10-20 14:27:44.771768	Trial	start	197
2016-10-20 14:27:44.774182	Speaker	play	None
2016-10-20 14:27:53.725603	Speaker	stop	None
2016-10-20 14:27:53.726699	Trial	end	197
2016-10-20 14:27:57.125327	Trial	start	198
2016-10-20 14:27:57.135594	Speaker	play	None
2016-10-20 14:27:57.265458	Speaker	stop	None
2016-10-20 14:27:57.266710	Trial	end	198
2016-10-20 14:27:57.268502	Trial	start	199
2016-10-20 14:27:57.271043	Speaker	play	None
2016-10-20 14:28:00.778933	Speaker	stop	None
2016-10-20 14:28:00.780061	Trial	end	199
2016-10-20 14:28:00.781502	Trial	start	200
2016-10-20 14:28:00.783424	Speaker	play	None
2016-10-20 14:28:00.868906	Speaker	stop	None
2016-10-20 14:28:00.870151	Trial	end	200
2016-10-20 14:28:00.871639	Trial	start	201
2016-10-20 14:28:00.874919	Speaker	play	None
2016-10-20 14:28:04.636930	Speaker	stop	None
2016-10-20 14:28:04.637880	Trial	end	201
2016-10-20 14:28:04.639061	Trial	start	202
2016-10-20 14:28:04.653134	Speaker	play	None
2016-10-20 14:28:10.658127	Speaker	stop	None
2016-10-20 14:28:10.660087	Trial	end	202
2016-10-20 14:28:12.926410	Trial	start	203
2016-10-20 14:28:12.937965	Speaker	play	None
2016-10-20 14:28:13.012524	Speaker	stop	None
2016-10-20 14:28:13.013833	Trial	end	203
2016-10-20 14:28:13.015211	Trial	start	204
2016-10-20 14:28:13.017617	Speaker	play	None
2016-10-20 14:28:19.021194	Speaker	stop	None
2016-10-20 14:28:19.022371	Trial	end	204
2016-10-20 14:28:23.051445	Trial	start	205
2016-10-20 14:28:23.054971	Speaker	play	None
2016-10-20 14:28:23.813695	Speaker	stop	None
2016-10-20 14:28:23.816576	Trial	end	205
2016-10-20 14:28:23.818481	Trial	start	206
2016-10-20 14:28:23.820783	Speaker	play	None
2016-10-20 14:28:23.896293	Speaker	stop	None
2016-10-20 14:28:23.898407	Trial	end	206
2016-10-20 14:28:23.899924	Trial	start	207
2016-10-20 14:28:23.902637	Speaker	play	None
2016-10-20 14:28:29.907911	Speaker	stop	None
2016-10-20 14:28:29.909414	Trial	end	207
2016-10-20 14:28:41.687067	Trial	start	208
2016-10-20 14:28:41.694156	Speaker	play	None
2016-10-20 14:28:41.909659	Speaker	stop	None
2016-10-20 14:28:41.911961	Trial	end	208
2016-10-20 14:28:41.913787	Trial	start	209
2016-10-20 14:28:41.916871	Speaker	play	None
2016-10-20 14:28:42.031389	Speaker	stop	None
2016-10-20 14:28:42.032357	Trial	end	209
2016-10-20 14:28:42.033657	Trial	start	210
2016-10-20 14:28:42.035755	Speaker	play	None
2016-10-20 14:28:43.198622	Speaker	stop	None
2016-10-20 14:28:43.199678	Trial	end	210
2016-10-20 14:28:43.201275	Trial	start	211
2016-10-20 14:28:43.208956	Speaker	play	None
2016-10-20 14:28:49.215376	Speaker	stop	None
2016-10-20 14:28:49.217791	Trial	end	211
2016-10-20 14:28:50.390531	Trial	start	212
2016-10-20 14:28:50.392979	Speaker	play	None
2016-10-20 14:28:56.485983	Speaker	stop	None
2016-10-20 14:28:56.488109	Trial	end	212
2016-10-20 14:28:56.490345	Trial	start	213
2016-10-20 14:28:56.494178	Speaker	play	None
2016-10-20 14:29:02.497908	Speaker	stop	None
2016-10-20 14:29:02.498947	Trial	end	213
2016-10-20 14:29:06.036456	Trial	start	214
2016-10-20 14:29:06.039103	Speaker	play	None
2016-10-20 14:29:06.295825	Speaker	stop	None
2016-10-20 14:29:06.296788	Trial	end	214
2016-10-20 14:29:06.297971	Trial	start	215
2016-10-20 14:29:06.299928	Speaker	play	None
2016-10-20 14:29:12.303118	Speaker	stop	None
2016-10-20 14:29:12.304025	Trial	end	215
2016-10-20 14:29:16.022161	Trial	start	216
2016-10-20 14:29:16.024545	Speaker	play	None
2016-10-20 14:29:16.276231	Speaker	stop	None
2016-10-20 14:29:16.277403	Trial	end	216
2016-10-20 14:29:16.278729	Trial	start	217
2016-10-20 14:29:16.281402	Speaker	play	None
2016-10-20 14:29:16.367900	Speaker	stop	None
2016-10-20 14:29:16.370133	Trial	end	217
2016-10-20 14:29:16.371731	Trial	start	218
2016-10-20 14:29:16.375056	Speaker	play	None
2016-10-20 14:29:17.660392	Speaker	stop	None
2016-10-20 14:29:17.661385	Trial	end	218
2016-10-20 14:29:17.662538	Trial	start	219
2016-10-20 14:29:17.665264	Speaker	play	None
2016-10-20 14:29:23.669114	Speaker	stop	None
2016-10-20 14:29:23.670424	Trial	end	219
2016-10-20 14:29:27.682597	Trial	start	220
2016-10-20 14:29:27.684935	Speaker	play	None
2016-10-20 14:29:33.691513	Speaker	stop	None
2016-10-20 14:29:33.693550	Hopper	up	None
2016-10-20 14:29:45.696096	Hopper	down	None
2016-10-20 14:29:45.999059	Trial	end	220
2016-10-20 14:32:13.034525	Trial	start	221
2016-10-20 14:32:13.038330	Speaker	play	None
2016-10-20 14:32:14.365450	Speaker	stop	None
2016-10-20 14:32:14.369179	Trial	end	221
2016-10-20 14:32:14.371557	Trial	start	222
2016-10-20 14:32:14.374663	Speaker	play	None
2016-10-20 14:32:20.377783	Speaker	stop	None
2016-10-20 14:32:20.378677	Trial	end	222
2016-10-20 14:32:36.793580	Trial	start	223
2016-10-20 14:32:36.796029	Speaker	play	None
2016-10-20 14:32:36.904469	Speaker	stop	None
2016-10-20 14:32:36.905482	Trial	end	223
2016-10-20 14:32:36.906761	Trial	start	224
2016-10-20 14:32:36.908835	Speaker	play	None
2016-10-20 14:32:42.912668	Speaker	stop	None
2016-10-20 14:32:42.913608	Trial	end	224
2016-10-20 14:32:45.132521	Trial	start	225
2016-10-20 14:32:45.134897	Speaker	play	None
2016-10-20 14:32:51.141496	Speaker	stop	None
2016-10-20 14:32:51.144047	Trial	end	225
2016-10-20 14:32:53.184852	Trial	start	226
2016-10-20 14:32:53.188044	Speaker	play	None
2016-10-20 14:32:53.281403	Speaker	stop	None
2016-10-20 14:32:53.283860	Trial	end	226
2016-10-20 14:32:53.286414	Trial	start	227
2016-10-20 14:32:53.288863	Speaker	play	None
2016-10-20 14:32:53.730097	Speaker	stop	None
2016-10-20 14:32:53.731805	Trial	end	227
2016-10-20 14:32:53.733340	Trial	start	228
2016-10-20 14:32:53.735267	Speaker	play	None
2016-10-20 14:32:59.738259	Speaker	stop	None
2016-10-20 14:32:59.739208	Trial	end	228
2016-10-20 14:33:01.651190	Trial	start	229
2016-10-20 14:33:01.655138	Speaker	play	None
2016-10-20 14:33:01.716929	Speaker	stop	None
2016-10-20 14:33:01.718841	Trial	end	229
2016-10-20 14:33:01.721679	Trial	start	230
2016-10-20 14:33:01.724746	Speaker	play	None
2016-10-20 14:33:07.729536	Speaker	stop	None
2016-10-20 14:33:07.731130	Trial	end	230
2016-10-20 14:33:11.309350	Trial	start	231
2016-10-20 14:33:11.314200	Speaker	play	None
2016-10-20 14:33:20.266635	Speaker	stop	None
2016-10-20 14:33:20.268408	Trial	end	231
2016-10-20 14:33:26.733624	Trial	start	232
2016-10-20 14:33:26.741286	Speaker	play	None
2016-10-20 14:33:28.777490	Speaker	stop	None
2016-10-20 14:33:28.778327	Trial	end	232
2016-10-20 14:33:28.779869	Trial	start	233
2016-10-20 14:33:28.782802	Speaker	play	None
2016-10-20 14:33:34.789940	Speaker	stop	None
2016-10-20 14:33:34.791124	Trial	end	233
2016-10-20 14:33:38.611260	Trial	start	234
2016-10-20 14:33:38.614948	Speaker	play	None
2016-10-20 14:33:38.685414	Speaker	stop	None
2016-10-20 14:33:38.686492	Trial	end	234
2016-10-20 14:33:38.687863	Trial	start	235
2016-10-20 14:33:38.690841	Speaker	play	None
2016-10-20 14:33:44.697486	Speaker	stop	None
2016-10-20 14:33:44.698301	Trial	end	235
2016-10-20 14:33:50.485420	Trial	start	236
2016-10-20 14:33:50.493307	Speaker	play	None
2016-10-20 14:33:51.132329	Speaker	stop	None
2016-10-20 14:33:51.133494	Trial	end	236
2016-10-20 14:33:51.135026	Trial	start	237
2016-10-20 14:33:51.138516	Speaker	play	None
2016-10-20 14:33:52.029174	Speaker	stop	None
2016-10-20 14:33:52.030212	Trial	end	237
2016-10-20 14:33:52.031861	Trial	start	238
2016-10-20 14:33:52.035113	Speaker	play	None
2016-10-20 14:33:58.042464	Speaker	stop	None
2016-10-20 14:33:58.044419	Trial	end	238
2016-10-20 14:34:02.366694	Trial	start	239
2016-10-20 14:34:02.369180	Speaker	play	None
2016-10-20 14:34:02.449076	Speaker	stop	None
2016-10-20 14:34:02.450010	Trial	end	239
2016-10-20 14:34:02.451371	Trial	start	240
2016-10-20 14:34:02.453294	Speaker	play	None
2016-10-20 14:34:08.457385	Speaker	stop	None
2016-10-20 14:34:08.458307	Trial	end	240
2016-10-20 14:34:14.826075	Trial	start	241
2016-10-20 14:34:14.828727	Speaker	play	None
2016-10-20 14:34:14.895855	Speaker	stop	None
2016-10-20 14:34:14.896734	Trial	end	241
2016-10-20 14:34:14.898230	Trial	start	242
2016-10-20 14:34:14.901364	Speaker	play	None
2016-10-20 14:34:20.909407	Speaker	stop	None
2016-10-20 14:34:20.913399	Hopper	up	None
2016-10-20 14:34:32.917674	Hopper	down	None
2016-10-20 14:34:33.224429	Trial	end	242
2016-10-20 14:36:19.223224	Trial	start	243
2016-10-20 14:36:19.225488	Speaker	play	None
2016-10-20 14:36:25.232613	Speaker	stop	None
2016-10-20 14:36:25.233512	Trial	end	243
2016-10-20 14:36:28.614768	Trial	start	244
2016-10-20 14:36:28.616933	Speaker	play	None
2016-10-20 14:36:34.623649	Speaker	stop	None
2016-10-20 14:36:34.625208	Trial	end	244
2016-10-20 14:36:40.119897	Trial	start	245
2016-10-20 14:36:40.122291	Speaker	play	None
2016-10-20 14:36:46.128874	Speaker	stop	None
2016-10-20 14:36:46.130738	Hopper	up	None
2016-10-20 14:36:58.133315	Hopper	down	None
2016-10-20 14:36:58.436162	Trial	end	245
2016-10-20 14:41:02.266132	Trial	start	246
2016-10-20 14:41:02.268676	Speaker	play	None
2016-10-20 14:41:05.414698	Speaker	stop	None
2016-10-20 14:41:05.415797	Trial	end	246
2016-10-20 14:41:05.417258	Trial	start	247
2016-10-20 14:41:05.419664	Speaker	play	None
2016-10-20 14:41:06.579270	Speaker	stop	None
2016-10-20 14:41:06.580386	Trial	end	247
2016-10-20 14:41:06.581577	Trial	start	248
2016-10-20 14:41:06.584199	Speaker	play	None
2016-10-20 14:41:06.661893	Speaker	stop	None
2016-10-20 14:41:06.663955	Trial	end	248
2016-10-20 14:41:06.665854	Trial	start	249
2016-10-20 14:41:06.669326	Speaker	play	None
2016-10-20 14:41:08.669539	Speaker	stop	None
2016-10-20 14:41:08.670515	Trial	end	249
2016-10-20 14:41:08.671769	Trial	start	250
2016-10-20 14:41:08.679150	Speaker	play	None
2016-10-20 14:41:08.742812	Speaker	stop	None
2016-10-20 14:41:08.747825	Trial	end	250
2016-10-20 14:41:08.750959	Trial	start	251
2016-10-20 14:41:08.754492	Speaker	play	None
2016-10-20 14:41:14.762691	Speaker	stop	None
2016-10-20 14:41:14.764030	Trial	end	251
2016-10-20 14:41:26.542553	Trial	start	252
2016-10-20 14:41:26.545666	Speaker	play	None
2016-10-20 14:41:26.607750	Speaker	stop	None
2016-10-20 14:41:26.609312	Trial	end	252
2016-10-20 14:41:26.610708	Trial	start	253
2016-10-20 14:41:26.612789	Speaker	play	None
2016-10-20 14:41:32.616018	Speaker	stop	None
2016-10-20 14:41:32.617431	Hopper	up	None
2016-10-20 14:41:44.621763	Hopper	down	None
2016-10-20 14:41:44.927721	Trial	end	253
2016-10-20 14:44:58.298104	Trial	start	254
2016-10-20 14:44:58.301524	Speaker	play	None
2016-10-20 14:45:04.306357	Speaker	stop	None
2016-10-20 14:45:04.307270	Trial	end	254
2016-10-20 14:45:10.773738	Trial	start	255
2016-10-20 14:45:10.776763	Speaker	play	None
2016-10-20 14:45:16.782060	Speaker	stop	None
2016-10-20 14:45:16.782879	Trial	end	255
2016-10-20 14:45:29.298532	Trial	start	256
2016-10-20 14:45:29.301516	Speaker	play	None
2016-10-20 14:45:31.379370	Speaker	stop	None
2016-10-20 14:45:31.380416	Trial	end	256
2016-10-20 14:45:31.385799	Trial	start	257
2016-10-20 14:45:31.389307	Speaker	play	None
2016-10-20 14:45:33.125601	Speaker	stop	None
2016-10-20 14:45:33.126743	Trial	end	257
2016-10-20 14:45:33.130528	Trial	start	258
2016-10-20 14:45:33.143694	Speaker	play	None
2016-10-20 14:45:36.394036	Speaker	stop	None
2016-10-20 14:45:36.395811	Trial	end	258
2016-10-20 14:45:36.397267	Trial	start	259
2016-10-20 14:45:36.399452	Speaker	play	None
2016-10-20 14:45:36.638586	Speaker	stop	None
2016-10-20 14:45:36.640351	Trial	end	259
2016-10-20 14:45:36.641953	Trial	start	260
2016-10-20 14:45:36.646149	Speaker	play	None
2016-10-20 14:45:42.651117	Speaker	stop	None
2016-10-20 14:45:42.652200	Trial	end	260
2016-10-20 14:45:48.625946	Trial	start	261
2016-10-20 14:45:48.628328	Speaker	play	None
2016-10-20 14:45:54.634648	Speaker	stop	None
2016-10-20 14:45:54.635658	Trial	end	261
2016-10-20 14:45:59.995707	Trial	start	262
2016-10-20 14:45:59.998147	Speaker	play	None
2016-10-20 14:46:02.469576	Speaker	stop	None
2016-10-20 14:46:02.470552	Trial	end	262
2016-10-20 14:46:02.471593	Trial	start	263
2016-10-20 14:46:02.474990	Speaker	play	None
2016-10-20 14:46:02.555447	Speaker	stop	None
2016-10-20 14:46:02.556588	Trial	end	263
2016-10-20 14:46:02.557935	Trial	start	264
2016-10-20 14:46:02.560441	Speaker	play	None
2016-10-20 14:46:04.849377	Speaker	stop	None
2016-10-20 14:46:04.850931	Trial	end	264
2016-10-20 14:46:04.853126	Trial	start	265
2016-10-20 14:46:04.856391	Speaker	play	None
2016-10-20 14:46:10.861477	Speaker	stop	None
2016-10-20 14:46:10.862521	Trial	end	265
2016-10-20 14:46:18.651389	Trial	start	266
2016-10-20 14:46:18.655013	Speaker	play	None
2016-10-20 14:46:21.948559	Speaker	stop	None
2016-10-20 14:46:21.949590	Trial	end	266
2016-10-20 14:46:21.950909	Trial	start	267
2016-10-20 14:46:21.953336	Speaker	play	None
2016-10-20 14:46:27.965322	Speaker	stop	None
2016-10-20 14:46:27.966391	Trial	end	267
2016-10-20 14:46:31.615687	Trial	start	268
2016-10-20 14:46:31.619456	Speaker	play	None
2016-10-20 14:46:33.576311	Speaker	stop	None
2016-10-20 14:46:33.577559	Trial	end	268
2016-10-20 14:46:33.579352	Trial	start	269
2016-10-20 14:46:33.584195	Speaker	play	None
2016-10-20 14:46:44.814653	Speaker	stop	None
2016-10-20 14:46:44.815808	Trial	end	269
2016-10-20 14:47:17.239965	Trial	start	270
2016-10-20 14:47:17.242852	Speaker	play	None
2016-10-20 14:47:19.583160	Speaker	stop	None
2016-10-20 14:47:19.584398	Trial	end	270
2016-10-20 14:47:19.587031	Trial	start	271
2016-10-20 14:47:19.594555	Speaker	play	None
2016-10-20 14:47:28.548289	Speaker	stop	None
2016-10-20 14:47:28.549305	Trial	end	271
2016-10-20 14:47:34.261664	Trial	start	272
2016-10-20 14:47:34.264551	Speaker	play	None
2016-10-20 14:47:34.446383	Speaker	stop	None
2016-10-20 14:47:34.447542	Trial	end	272
2016-10-20 14:47:34.448923	Trial	start	273
2016-10-20 14:47:34.451680	Speaker	play	None
2016-10-20 14:47:34.975254	Speaker	queue	None
2016-10-20 14:47:34.976016	Trial	end	273
2016-10-20 14:47:34.976964	Trial	start	274
2016-10-20 14:47:34.981445	Speaker	play	None
2016-10-20 14:47:36.203675	Speaker	stop	None
2016-10-20 14:47:36.204714	Trial	end	274
2016-10-20 14:47:36.206126	Trial	start	275
2016-10-20 14:47:36.211488	Speaker	play	None
2016-10-20 14:47:36.797912	Speaker	stop	None
2016-10-20 14:47:36.799519	Trial	end	275
2016-10-20 14:47:36.801327	Trial	start	276
2016-10-20 14:47:36.804532	Speaker	play	None
2016-10-20 14:47:36.858872	Speaker	stop	None
2016-10-20 14:47:36.860091	Trial	end	276
2016-10-20 14:47:36.862912	Trial	start	277
2016-10-20 14:47:36.867327	Speaker	play	None
2016-10-20 14:47:37.923558	Speaker	stop	None
2016-10-20 14:47:37.924739	Trial	end	277
2016-10-20 14:47:37.927070	Trial	start	278
2016-10-20 14:47:37.930196	Speaker	play	None
2016-10-20 14:47:38.017546	Speaker	stop	None
2016-10-20 14:47:38.018507	Trial	end	278
2016-10-20 14:47:38.019793	Trial	start	279
2016-10-20 14:47:38.022288	Speaker	play	None
2016-10-20 14:47:44.025899	Speaker	stop	None
2016-10-20 14:47:44.026902	Trial	end	279
2016-10-20 14:47:53.916904	Trial	start	280
2016-10-20 14:47:53.919913	Speaker	play	None
2016-10-20 14:47:59.925813	Speaker	stop	None
2016-10-20 14:47:59.927529	Trial	end	280
2016-10-20 14:48:07.592351	Trial	start	281
2016-10-20 14:48:07.594796	Speaker	play	None
2016-10-20 14:48:13.601058	Speaker	stop	None
2016-10-20 14:48:13.603352	Trial	end	281
2016-10-20 14:48:22.271285	Trial	start	282
2016-10-20 14:48:22.273981	Speaker	play	None
2016-10-20 14:48:22.530198	Speaker	stop	None
2016-10-20 14:48:22.531368	Trial	end	282
2016-10-20 14:48:22.532961	Trial	start	283
2016-10-20 14:48:22.535284	Speaker	play	None
2016-10-20 14:48:28.542026	Speaker	stop	None
2016-10-20 14:48:28.543486	Hopper	up	None
2016-10-20 14:48:40.546754	Hopper	down	None
2016-10-20 14:48:40.853496	Trial	end	283
2016-10-20 15:20:08.821713	Trial	start	284
2016-10-20 15:20:08.824416	Speaker	play	None
2016-10-20 15:20:14.830653	Speaker	stop	None
2016-10-20 15:20:14.831900	Trial	end	284
2016-10-20 15:20:20.425417	Trial	start	285
2016-10-20 15:20:20.428690	Speaker	play	None
2016-10-20 15:20:26.433915	Speaker	stop	None
2016-10-20 15:20:26.435469	Hopper	up	None
2016-10-20 15:20:38.438875	Hopper	down	None
2016-10-20 15:20:38.745222	Trial	end	285
2016-10-20 15:22:54.536018	Trial	start	286
2016-10-20 15:22:54.538491	Speaker	play	None
2016-10-20 15:23:00.544664	Speaker	stop	None
2016-10-20 15:23:00.545765	Trial	end	286
2016-10-20 15:23:06.765879	Trial	start	287
2016-10-20 15:23:06.768524	Speaker	play	None
2016-10-20 15:23:15.002660	Speaker	stop	None
2016-10-20 15:23:15.003573	Trial	end	287
2016-10-20 15:23:15.004984	Trial	start	288
2016-10-20 15:23:15.007782	Speaker	play	None
2016-10-20 15:23:21.011262	Speaker	stop	None
2016-10-20 15:23:21.012735	Trial	end	288
2016-10-20 15:23:34.670353	Trial	start	289
2016-10-20 15:23:34.677638	Speaker	play	None
2016-10-20 15:23:43.628020	Speaker	stop	None
2016-10-20 15:23:43.629241	Trial	end	289
2016-10-20 15:23:47.637360	Trial	start	290
2016-10-20 15:23:47.639463	Speaker	play	None
2016-10-20 15:23:49.251367	Speaker	stop	None
2016-10-20 15:23:49.252298	Trial	end	290
2016-10-20 15:23:49.254107	Trial	start	291
2016-10-20 15:23:49.256137	Speaker	play	None
2016-10-20 15:23:51.462866	Speaker	stop	None
2016-10-20 15:23:51.463665	Trial	end	291
2016-10-20 15:23:51.464889	Trial	start	292
2016-10-20 15:23:51.466945	Speaker	play	None
2016-10-20 15:23:57.471537	Speaker	stop	None
2016-10-20 15:23:57.472578	Trial	end	292
2016-10-20 15:24:15.808035	Trial	start	293
2016-10-20 15:24:15.810815	Speaker	play	None
2016-10-20 15:24:17.208928	Speaker	stop	None
2016-10-20 15:24:17.209851	Trial	end	293
2016-10-20 15:24:17.210884	Trial	start	294
2016-10-20 15:24:17.213595	Speaker	play	None
2016-10-20 15:24:19.428986	Speaker	stop	None
2016-10-20 15:24:19.430015	Trial	end	294
2016-10-20 15:24:19.431368	Trial	start	295
2016-10-20 15:24:19.434027	Speaker	play	None
2016-10-20 15:24:25.437320	Speaker	stop	None
2016-10-20 15:24:25.438092	Trial	end	295
2016-10-20 15:25:01.561627	Trial	start	296
2016-10-20 15:25:01.563641	Speaker	play	None
2016-10-20 15:25:01.680612	Speaker	stop	None
2016-10-20 15:25:01.681487	Trial	end	296
2016-10-20 15:25:01.682887	Trial	start	297
2016-10-20 15:25:01.684856	Speaker	play	None
2016-10-20 15:25:07.689068	Speaker	stop	None
2016-10-20 15:25:07.690468	Hopper	up	None
2016-10-20 15:25:19.693780	Hopper	down	None
2016-10-20 15:25:20.000900	Trial	end	297
2016-10-20 15:28:59.898173	Trial	start	298
2016-10-20 15:28:59.901061	Speaker	play	None
2016-10-20 15:29:02.330789	Speaker	stop	None
2016-10-20 15:29:02.331606	Trial	end	298
2016-10-20 15:29:02.337579	Trial	start	299
2016-10-20 15:29:02.339930	Speaker	play	None
2016-10-20 15:29:03.485802	Speaker	stop	None
2016-10-20 15:29:03.487093	Trial	end	299
2016-10-20 15:29:03.489052	Trial	start	300
2016-10-20 15:29:03.491338	Speaker	play	None
2016-10-20 15:29:09.498610	Speaker	stop	None
2016-10-20 15:29:09.500676	Hopper	up	None
2016-10-20 15:29:21.503129	Hopper	down	None
2016-10-20 15:29:21.805994	Trial	end	300
2016-10-20 15:32:37.439781	Trial	start	301
2016-10-20 15:32:37.442347	Speaker	play	None
2016-10-20 15:32:38.640010	Speaker	stop	None
2016-10-20 15:32:38.641379	Trial	end	301
2016-10-20 15:32:38.642738	Trial	start	302
2016-10-20 15:32:38.646199	Speaker	play	None
2016-10-20 15:32:49.878914	Speaker	stop	None
2016-10-20 15:32:49.879908	Trial	end	302
2016-10-20 15:32:54.744386	Trial	start	303
2016-10-20 15:32:54.754228	Speaker	play	None
2016-10-20 15:32:54.834719	Speaker	stop	None
2016-10-20 15:32:54.835773	Trial	end	303
2016-10-20 15:32:54.837032	Trial	start	304
2016-10-20 15:32:54.840202	Speaker	play	None
2016-10-20 15:32:55.842397	Speaker	stop	None
2016-10-20 15:32:55.843576	Trial	end	304
2016-10-20 15:32:55.845710	Trial	start	305
2016-10-20 15:32:55.848860	Speaker	play	None
2016-10-20 15:32:58.496380	Speaker	stop	None
2016-10-20 15:32:58.497366	Trial	end	305
2016-10-20 15:32:58.498624	Trial	start	306
2016-10-20 15:32:58.501750	Speaker	play	None
2016-10-20 15:33:04.508765	Speaker	stop	None
2016-10-20 15:33:04.509681	Trial	end	306
2016-10-20 15:33:10.074789	Trial	start	307
2016-10-20 15:33:10.077275	Speaker	play	None
2016-10-20 15:33:16.083601	Speaker	stop	None
2016-10-20 15:33:16.085703	Hopper	up	None
2016-10-20 15:33:28.088113	Hopper	down	None
2016-10-20 15:33:28.391055	Trial	end	307
2016-10-20 16:34:42.603632	Trial	start	308
2016-10-20 16:34:42.611750	Speaker	play	None
2016-10-20 16:34:53.842768	Speaker	stop	None
2016-10-20 16:34:53.843773	Trial	end	308
2016-10-20 16:34:58.639075	Trial	start	309
2016-10-20 16:34:58.642100	Speaker	play	None
2016-10-20 16:35:04.647762	Speaker	stop	None
2016-10-20 16:35:04.649176	Trial	end	309
2016-10-20 16:35:11.095593	Trial	start	310
2016-10-20 16:35:11.100826	Speaker	play	None
2016-10-20 16:35:17.107154	Speaker	stop	None
2016-10-20 16:35:17.108133	Trial	end	310
2016-10-20 16:35:18.365178	Trial	start	311
2016-10-20 16:35:18.368744	Speaker	play	None
2016-10-20 16:35:24.381453	Speaker	stop	None
2016-10-20 16:35:24.383422	Hopper	up	None
2016-10-20 16:35:36.386546	Hopper	down	None
2016-10-20 16:35:36.689323	Trial	end	311
2016-10-20 16:38:18.672241	Trial	start	312
2016-10-20 16:38:18.675552	Speaker	play	None
2016-10-20 16:38:24.680097	Speaker	stop	None
2016-10-20 16:38:24.682355	Trial	end	312
2016-10-20 16:38:26.179769	Trial	start	313
2016-10-20 16:38:26.182256	Speaker	play	None
2016-10-20 16:38:32.188215	Speaker	stop	None
2016-10-20 16:38:32.189125	Trial	end	313
2016-10-20 16:38:38.529554	Trial	start	314
2016-10-20 16:38:38.538202	Speaker	play	None
2016-10-20 16:38:41.826176	Speaker	stop	None
2016-10-20 16:38:41.827109	Trial	end	314
2016-10-20 16:38:41.828559	Trial	start	315
2016-10-20 16:38:41.830723	Speaker	play	None
2016-10-20 16:38:47.838674	Speaker	stop	None
2016-10-20 16:38:47.840240	Trial	end	315
2016-10-20 16:38:54.391611	Trial	start	316
2016-10-20 16:38:54.394095	Speaker	play	None
2016-10-20 16:39:00.400616	Speaker	stop	None
2016-10-20 16:39:00.402547	Trial	end	316
2016-10-20 16:39:00.957615	Trial	start	317
2016-10-20 16:39:00.961548	Speaker	play	None
2016-10-20 16:39:06.966437	Speaker	stop	None
2016-10-20 16:39:06.968433	Hopper	up	None
2016-10-20 16:39:18.971331	Hopper	down	None
2016-10-20 16:39:19.277885	Trial	end	317
2016-10-20 16:41:34.366656	Trial	start	318
2016-10-20 16:41:34.370244	Speaker	play	None
2016-10-20 16:41:40.375736	Speaker	stop	None
2016-10-20 16:41:40.376603	Trial	end	318
2016-10-20 16:41:42.513753	Trial	start	319
2016-10-20 16:41:42.518379	Speaker	play	None
2016-10-20 16:41:48.527210	Speaker	stop	None
2016-10-20 16:41:48.530134	Trial	end	319
2016-10-20 16:41:50.213678	Trial	start	320
2016-10-20 16:41:50.218505	Speaker	play	None
2016-10-20 16:41:56.222867	Speaker	stop	None
2016-10-20 16:41:56.225221	Trial	end	320
2016-10-20 16:41:59.498859	Trial	start	321
2016-10-20 16:41:59.501557	Speaker	play	None
2016-10-20 16:42:01.010479	Speaker	stop	None
2016-10-20 16:42:01.011550	Trial	end	321
2016-10-20 16:42:01.013055	Trial	start	322
2016-10-20 16:42:01.015828	Speaker	play	None
2016-10-20 16:42:07.023595	Speaker	stop	None
2016-10-20 16:42:07.027482	Hopper	up	None
2016-10-20 16:42:19.032147	Hopper	down	None
2016-10-20 16:42:19.339238	Trial	end	322
2016-10-20 16:43:56.824135	Trial	start	323
2016-10-20 16:43:56.828942	Speaker	play	None
2016-10-20 16:44:02.832904	Speaker	stop	None
2016-10-20 16:44:02.834414	Trial	end	323
2016-10-20 16:44:06.125897	Trial	start	324
2016-10-20 16:44:06.130420	Speaker	play	None
2016-10-20 16:44:15.082468	Speaker	stop	None
2016-10-20 16:44:15.084019	Trial	end	324
2016-10-20 16:44:20.022866	Trial	start	325
2016-10-20 16:44:20.028737	Speaker	play	None
2016-10-20 16:44:25.216347	Speaker	stop	None
2016-10-20 16:44:25.220158	Trial	end	325
2016-10-20 16:44:25.221414	Trial	start	326
2016-10-20 16:44:25.223107	Speaker	play	None
2016-10-20 16:44:26.375191	Speaker	stop	None
2016-10-20 16:44:26.376076	Trial	end	326
2016-10-20 16:44:26.377624	Trial	start	327
2016-10-20 16:44:26.380941	Speaker	play	None
2016-10-20 16:44:32.387855	Speaker	stop	None
2016-10-20 16:44:32.388694	Trial	end	327
2016-10-20 16:44:41.087585	Trial	start	328
2016-10-20 16:44:41.090886	Speaker	play	None
2016-10-20 16:44:47.096392	Speaker	stop	None
2016-10-20 16:44:47.097565	Trial	end	328
2016-10-20 16:44:50.794474	Trial	start	329
2016-10-20 16:44:50.796922	Speaker	play	None
2016-10-20 16:44:56.801946	Speaker	stop	None
2016-10-20 16:44:56.803441	Trial	end	329
2016-10-20 16:45:01.526575	Trial	start	330
2016-10-20 16:45:01.529096	Speaker	play	None
2016-10-20 16:45:03.591894	Speaker	stop	None
2016-10-20 16:45:03.594004	Trial	end	330
2016-10-20 16:45:03.596535	Trial	start	331
2016-10-20 16:45:03.598618	Speaker	play	None
2016-10-20 16:45:09.605202	Speaker	stop	None
2016-10-20 16:45:09.606136	Trial	end	331
2016-10-20 16:45:22.205944	Trial	start	332
2016-10-20 16:45:22.209730	Speaker	play	None
2016-10-20 16:45:28.216088	Speaker	stop	None
2016-10-20 16:45:28.218160	Trial	end	332
2016-10-20 16:45:30.960122	Trial	start	333
2016-10-20 16:45:30.962683	Speaker	play	None
2016-10-20 16:45:36.969936	Speaker	stop	None
2016-10-20 16:45:36.970892	Trial	end	333
2016-10-20 16:45:38.538632	Trial	start	334
2016-10-20 16:45:38.541854	Speaker	play	None
2016-10-20 16:45:44.549246	Speaker	stop	None
2016-10-20 16:45:44.552060	Hopper	up	None
2016-10-20 16:45:56.555372	Hopper	down	None
2016-10-20 16:45:56.862165	Trial	end	334
2016-10-20 16:47:59.054633	Trial	start	335
2016-10-20 16:47:59.059037	Speaker	play	None
2016-10-20 16:48:00.762558	Speaker	stop	None
2016-10-20 16:48:00.763429	Trial	end	335
2016-10-20 16:48:00.764504	Trial	start	336
2016-10-20 16:48:00.767734	Speaker	play	None
2016-10-20 16:48:06.773689	Speaker	stop	None
2016-10-20 16:48:06.775501	Trial	end	336
2016-10-20 16:48:10.823202	Trial	start	337
2016-10-20 16:48:10.826313	Speaker	play	None
2016-10-20 16:48:19.024982	Speaker	stop	None
2016-10-20 16:48:19.026315	Trial	end	337
2016-10-20 16:48:19.027866	Trial	start	338
2016-10-20 16:48:19.038664	Speaker	play	None
2016-10-20 16:48:25.042970	Speaker	stop	None
2016-10-20 16:48:25.046449	Trial	end	338
2016-10-20 16:48:27.767260	Trial	start	339
2016-10-20 16:48:27.769748	Speaker	play	None
2016-10-20 16:48:36.720738	Speaker	stop	None
2016-10-20 16:48:36.722603	Trial	end	339
2016-10-20 17:25:01.279553	Trial	start	340
2016-10-20 17:25:01.282430	Speaker	play	None
2016-10-20 17:25:10.233884	Speaker	stop	None
2016-10-20 17:25:10.235198	Trial	end	340
2016-10-20 17:25:11.793030	Trial	start	341
2016-10-20 17:25:11.795465	Speaker	play	None
2016-10-20 17:25:17.802324	Speaker	stop	None
2016-10-20 17:25:17.803740	Trial	end	341
2016-10-20 17:25:26.300853	Trial	start	342
2016-10-20 17:25:26.303498	Speaker	play	None
2016-10-20 17:25:28.271104	Speaker	stop	None
2016-10-20 17:25:28.272166	Trial	end	342
2016-10-20 17:25:28.273595	Trial	start	343
2016-10-20 17:25:28.276375	Speaker	play	None
2016-10-20 17:25:34.284376	Speaker	stop	None
2016-10-20 17:25:34.286928	Trial	end	343
2016-10-20 17:25:38.248498	Trial	start	344
2016-10-20 17:25:38.262113	Speaker	play	None
2016-10-20 17:25:39.231895	Speaker	stop	None
2016-10-20 17:25:39.232690	Trial	end	344
2016-10-20 17:25:39.234139	Trial	start	345
2016-10-20 17:25:39.236852	Speaker	play	None
2016-10-20 17:25:45.240812	Speaker	stop	None
2016-10-20 17:25:45.242024	Trial	end	345
2016-10-20 17:25:46.153594	Trial	start	346
2016-10-20 17:25:46.156787	Speaker	play	None
2016-10-20 17:25:47.800353	Speaker	stop	None
2016-10-20 17:25:47.801257	Trial	end	346
2016-10-20 17:25:47.802301	Trial	start	347
2016-10-20 17:25:47.804300	Speaker	play	None
2016-10-20 17:25:53.813160	Speaker	stop	None
2016-10-20 17:25:53.814594	Trial	end	347
2016-10-20 17:25:56.274560	Trial	start	348
2016-10-20 17:25:56.277715	Speaker	play	None
2016-10-20 17:26:02.283496	Speaker	stop	None
2016-10-20 17:26:02.284423	Trial	end	348
2016-10-20 17:26:13.256244	Trial	start	349
2016-10-20 17:26:13.258647	Speaker	play	None
2016-10-20 17:26:14.866941	Speaker	stop	None
2016-10-20 17:26:14.868975	Trial	end	349
2016-10-20 17:26:14.872272	Trial	start	350
2016-10-20 17:26:14.875722	Speaker	play	None
2016-10-20 17:26:20.882845	Speaker	stop	None
2016-10-20 17:26:20.883839	Trial	end	350
2016-10-20 17:26:21.620518	Trial	start	351
2016-10-20 17:26:21.625152	Speaker	play	None
2016-10-20 17:26:27.629770	Speaker	stop	None
2016-10-20 17:26:27.631023	Hopper	up	None
2016-10-20 17:26:39.634108	Hopper	down	None
2016-10-20 17:26:39.940606	Trial	end	351
2016-10-20 17:28:21.900018	Trial	start	352
2016-10-20 17:28:21.903008	Speaker	play	None
2016-10-20 17:28:27.909872	Speaker	stop	None
2016-10-20 17:28:27.911243	Trial	end	352
2016-10-20 17:28:34.691637	Trial	start	353
2016-10-20 17:28:34.694646	Speaker	play	None
2016-10-20 17:28:40.700178	Speaker	stop	None
2016-10-20 17:28:40.701153	Trial	end	353
2016-10-20 17:28:47.859818	Trial	start	354
2016-10-20 17:28:47.862644	Speaker	play	None
2016-10-20 17:28:53.869317	Speaker	stop	None
2016-10-20 17:28:53.871048	Trial	end	354
2016-10-20 17:28:59.078298	Trial	start	355
2016-10-20 17:28:59.080539	Speaker	play	None
2016-10-20 17:29:05.084231	Speaker	stop	None
2016-10-20 17:29:05.085455	Trial	end	355
2016-10-20 17:29:07.954201	Trial	start	356
2016-10-20 17:29:07.957092	Speaker	play	None
2016-10-20 17:29:19.185108	Speaker	stop	None
2016-10-20 17:29:19.186040	Trial	end	356
2016-10-20 17:29:21.810801	Trial	start	357
2016-10-20 17:29:21.818006	Speaker	play	None
2016-10-20 17:29:22.892333	Speaker	stop	None
2016-10-20 17:29:22.894155	Trial	end	357
2016-10-20 17:29:22.896275	Trial	start	358
2016-10-20 17:29:22.899210	Speaker	play	None
2016-10-20 17:29:28.904697	Speaker	stop	None
2016-10-20 17:29:28.905746	Trial	end	358
2016-10-20 17:29:31.403109	Trial	start	359
2016-10-20 17:29:31.408400	Speaker	play	None
2016-10-20 17:29:37.412623	Speaker	stop	None
2016-10-20 17:29:37.413875	Trial	end	359
2016-10-20 17:29:50.260920	Trial	start	360
2016-10-20 17:29:50.265100	Speaker	play	None
2016-10-20 17:29:52.488815	Speaker	stop	None
2016-10-20 17:29:52.489764	Trial	end	360
2016-10-20 17:29:52.490877	Trial	start	361
2016-10-20 17:29:52.492922	Speaker	play	None
2016-10-20 17:29:58.506209	Speaker	stop	None
2016-10-20 17:29:58.507532	Trial	end	361
2016-10-20 17:30:02.113951	Trial	start	362
2016-10-20 17:30:02.116157	Speaker	play	None
2016-10-20 17:30:08.123158	Speaker	stop	None
2016-10-20 17:30:08.124265	Trial	end	362
2016-10-20 17:30:14.017727	Trial	start	363
2016-10-20 17:30:14.027477	Speaker	play	None
2016-10-20 17:30:20.033963	Speaker	stop	None
2016-10-20 17:30:20.037475	Hopper	up	None
2016-10-20 17:30:32.039015	Hopper	down	None
2016-10-20 17:30:32.341639	Trial	end	363
2016-10-20 17:34:25.189129	Trial	start	364
2016-10-20 17:34:25.191659	Speaker	play	None
2016-10-20 17:34:31.197980	Speaker	stop	None
2016-10-20 17:34:31.199346	Trial	end	364
2016-10-20 17:34:44.730614	PeckPort	off	None
2016-10-20 17:34:44.731106	HouseLight	on	None
2016-10-20 17:34:44.731861	Hopper	down	None
