"2017-05-19 10:38:35,470","INFO","Preparing subject and data storage"
"2017-05-19 10:38:35,470","INFO","Created subject object with name LblWhi1566M"
"2017-05-19 10:38:35,471","INFO","Created datastore CSVStore: filename = /home/fet/data/LblWhi1566M/190517/LblWhi1566M_trialdata_20170519103835.csv, fields = session, index, time, stimulus_name, condition_name, response, correct, rt, reward, max_wait for subject LblWhi1566M"
"2017-05-19 10:38:35,472","INFO","Preparing to run experiment Go No-Go Interruption"
"2017-05-19 10:38:35,776","INFO","Entering Idle state"
"2017-05-19 10:38:36,080","INFO","Beginning block #1"
"2017-05-19 10:44:23,781","INFO","Trial 1 - 10:44:23 - Unrewarded - /home/fet/stimuli/test_categories_box5/nonreward/Tu_Stim_2_WhiRas44dd_102505120214.wav"
"2017-05-19 10:47:14,228","INFO","Trial 2 - 10:47:14 - Unrewarded - /home/fet/stimuli/test_categories_box5/nonreward/Ne_Stim_3_WhiWhi1415_070605040810.wav"
"2017-05-19 10:47:17,510","INFO","Trial 3 - 10:47:17 - Unrewarded - /home/fet/stimuli/test_categories_box5/nonreward/Be_Stim_5_LblBlu2028_11_0203_0104_01.wav"
"2017-05-19 10:47:18,812","INFO","Trial 4 - 10:47:18 - Rewarded - /home/fet/stimuli/test_categories_box5/reward/Te_Stim_9_WhiGra0114_212019100502.wav"
"2017-05-19 10:47:20,025","INFO","Trial 5 - 10:47:20 - Rewarded - /home/fet/stimuli/test_categories_box5/reward/Te_Stim_10_WhiGra0114_072014111910.wav"
"2017-05-19 10:47:26,033","INFO","Supplying reward for 12.00 seconds"
"2017-05-19 10:47:57,857","INFO","Trial 6 - 10:47:57 - Rewarded - /home/fet/stimuli/test_categories_box5/reward/Te_Stim_1_GreOra1817_162904061507.wav"
"2017-05-19 10:48:03,862","INFO","Supplying reward for 12.00 seconds"
"2017-05-19 10:48:54,116","INFO","Trial 7 - 10:48:54 - Unrewarded - /home/fet/stimuli/test_categories_box5/nonreward/Di_Stim_4_HPiHPi4748_050303050505.wav"
"2017-05-19 10:48:55,413","INFO","Trial 8 - 10:48:55 - Unrewarded - /home/fet/stimuli/test_categories_box5/nonreward/Ag_Stim_6_GreOra1817_311708091416.wav"
"2017-05-19 10:49:14,722","INFO","Trial 9 - 10:49:14 - Unrewarded - /home/fet/stimuli/test_categories_box5/nonreward/Tu_Stim_8_BlaLbl8026_091211080605.wav"
"2017-05-19 10:49:15,666","INFO","Trial 10 - 10:49:15 - Unrewarded - /home/fet/stimuli/test_categories_box5/nonreward/Ag_Stim_6_BluRas07dd_240910051308.wav"
"2017-05-19 10:49:29,660","INFO","Trial 11 - 10:49:29 - Unrewarded - /home/fet/stimuli/test_categories_box5/nonreward/Di_Stim_1_Unknown000_010201020202.wav"
"2017-05-19 10:49:49,963","INFO","Trial 12 - 10:49:49 - Unrewarded - /home/fet/stimuli/test_categories_box5/nonreward/Th_Stim_10_LblRed0613_081315170407.wav"
"2017-05-19 10:50:02,406","INFO","Trial 13 - 10:50:02 - Rewarded - /home/fet/stimuli/test_categories_box5/reward/Te_Stim_5_WhiRas44dd_152410270103.wav"
"2017-05-19 10:50:08,411","INFO","Supplying reward for 12.00 seconds"
"2017-05-19 10:51:11,281","INFO","Trial 14 - 10:51:11 - Unrewarded - /home/fet/stimuli/test_categories_box5/nonreward/Ag_Stim_3_YelOra2575_100423202218.wav"
"2017-05-19 10:51:13,294","INFO","Trial 15 - 10:51:13 - Unrewarded - /home/fet/stimuli/test_categories_box5/nonreward/So_Stim_10_LblBla4419_050902.wav"
"2017-05-19 10:52:08,663","INFO","Trial 16 - 10:52:08 - Unrewarded - /home/fet/stimuli/test_categories_box5/nonreward/LT_Stim_5_LblBlu6243_132304080920.wav"
"2017-05-19 10:52:09,546","INFO","Trial 17 - 10:52:09 - Unrewarded - /home/fet/stimuli/test_categories_box5/nonreward/Th_Stim_4_WhiBlu4917_070902080405.wav"
"2017-05-19 10:52:10,556","INFO","Trial 18 - 10:52:10 - Unrewarded - /home/fet/stimuli/test_categories_box5/nonreward/DC_Stim_6_RedRas3600_050704010810.wav"
"2017-05-19 10:52:47,712","INFO","Trial 19 - 10:52:47 - Unrewarded - /home/fet/stimuli/test_categories_box5/nonreward/So_Stim_1_YelGre5275_273328.wav"
"2017-05-19 11:03:22,381","INFO","Trial 20 - 11:03:22 - Unrewarded - /home/fet/stimuli/test_categories_box5/nonreward/DC_Stim_6_BlaBla0506_061508011918.wav"
"2017-05-19 11:03:38,863","INFO","Trial 21 - 11:03:38 - Unrewarded - /home/fet/stimuli/test_categories_box5/nonreward/Wh_Stim_2_LblRed0613_053217183106.wav"
"2017-05-19 11:03:43,940","INFO","Trial 22 - 11:03:43 - Unrewarded - /home/fet/stimuli/test_categories_box5/nonreward/Di_Stim_7_WhiBlu4818_060606060606.wav"
"2017-05-19 11:04:00,165","INFO","Trial 23 - 11:04:00 - Unrewarded - /home/fet/stimuli/test_categories_box5/nonreward/Tu_Stim_5_LblRed0613_030102080406.wav"
"2017-05-19 11:04:01,481","INFO","Trial 24 - 11:04:01 - Unrewarded - /home/fet/stimuli/test_categories_box5/nonreward/Be_Stim_9_GraRas1600_120208.wav"
"2017-05-19 11:04:02,435","INFO","Trial 25 - 11:04:02 - Unrewarded - /home/fet/stimuli/test_categories_box5/nonreward/Ne_Stim_6_GreOra1817_060813071202.wav"
"2017-05-19 11:04:02,829","INFO","Trial 26 - 11:04:02 - Unrewarded - /home/fet/stimuli/test_categories_box5/nonreward/So_Stim_9_BlaBla0506_060812.wav"
"2017-05-19 11:04:35,778","INFO","Trial 27 - 11:04:35 - Unrewarded - /home/fet/stimuli/test_categories_box5/nonreward/Wh_Stim_3_WhiBlu5698_041910110220.wav"
"2017-05-19 11:04:36,488","INFO","Trial 28 - 11:04:36 - Rewarded - /home/fet/stimuli/test_categories_box5/reward/Te_Stim_8_WhiGra0114_100519210211.wav"
"2017-05-19 11:04:37,790","INFO","Trial 29 - 11:04:37 - Rewarded - /home/fet/stimuli/test_categories_box5/reward/Te_Stim_6_YelGre5275_220803290728.wav"
"2017-05-19 11:04:43,798","INFO","Supplying reward for 12.00 seconds"
"2017-05-19 11:05:38,608","INFO","Trial 30 - 11:05:38 - Unrewarded - /home/fet/stimuli/test_categories_box5/nonreward/Tu_Stim_1_BluRas61dd_040602090503.wav"
"2017-05-19 12:02:20,256","INFO","Trial 31 - 12:02:20 - Unrewarded - /home/fet/stimuli/test_categories_box5/nonreward/Ne_Stim_1_BlaLbl8026_312932232531.wav"
"2017-05-19 12:02:21,462","INFO","Trial 32 - 12:02:21 - Unrewarded - /home/fet/stimuli/test_categories_box5/nonreward/Ne_Stim_2_PurRas20dd_020307030106.wav"
"2017-05-19 12:02:25,242","INFO","Trial 33 - 12:02:25 - Unrewarded - /home/fet/stimuli/test_categories_box5/nonreward/Wh_Stim_5_WhiWhi1415_010101010101.wav"
"2017-05-19 12:02:36,168","INFO","Trial 34 - 12:02:36 - Unrewarded - /home/fet/stimuli/test_categories_box5/nonreward/Ne_Stim_5_WhiWhi1415_100904050807.wav"
"2017-05-19 12:02:37,275","INFO","Trial 35 - 12:02:37 - Unrewarded - /home/fet/stimuli/test_categories_box5/nonreward/Wh_Stim_10_BlaBla0506_181310141606.wav"
"2017-05-19 12:02:46,530","INFO","Trial 36 - 12:02:46 - Unrewarded - /home/fet/stimuli/test_categories_box5/nonreward/Be_Stim_10_LblRas1800_04_0104_0206_01.wav"
"2017-05-19 12:02:51,040","INFO","Trial 37 - 12:02:51 - Unrewarded - /home/fet/stimuli/test_categories_box5/nonreward/Ne_Stim_8_BluRas07dd_092011012205.wav"
"2017-05-19 12:03:05,472","INFO","Trial 38 - 12:03:05 - Unrewarded - /home/fet/stimuli/test_categories_box5/nonreward/Wh_Stim_2_HPiHPi4748_132611061428.wav"
"2017-05-19 12:03:29,142","INFO","Trial 39 - 12:03:29 - Unrewarded - /home/fet/stimuli/test_categories_box5/nonreward/Be_Stim_10_LblBlu6379_03_010601_02.wav"
"2017-05-19 12:03:30,651","INFO","Trial 40 - 12:03:30 - Unrewarded - /home/fet/stimuli/test_categories_box5/nonreward/Ne_Stim_4_BluRas61dd_034609083231.wav"
"2017-05-19 12:03:31,699","INFO","Trial 41 - 12:03:31 - Unrewarded - /home/fet/stimuli/test_categories_box5/nonreward/Di_Stim_3_Unknown_11_020101020102.wav"
"2017-05-19 12:03:41,764","INFO","Trial 42 - 12:03:41 - Unrewarded - /home/fet/stimuli/test_categories_box5/nonreward/Di_Stim_4_YelOra2575_110911090909.wav"
"2017-05-19 12:03:51,598","INFO","Trial 43 - 12:03:51 - Unrewarded - /home/fet/stimuli/test_categories_box5/nonreward/Di_Stim_7_GraGra0201_010707010101.wav"
"2017-05-19 12:03:53,120","INFO","Trial 44 - 12:03:53 - Unrewarded - /home/fet/stimuli/test_categories_box5/nonreward/Be_Stim_8_GraGre0813_051503.wav"
"2017-05-19 12:03:56,371","INFO","Trial 45 - 12:03:56 - Unrewarded - /home/fet/stimuli/test_categories_box5/nonreward/Ne_Stim_8_LblRed0613_563832013521.wav"
"2017-05-19 12:03:58,637","INFO","Trial 46 - 12:03:58 - Unrewarded - /home/fet/stimuli/test_categories_box5/nonreward/Th_Stim_8_GraGra0201_062801372925.wav"
"2017-05-19 12:04:21,898","INFO","Trial 47 - 12:04:21 - Rewarded - /home/fet/stimuli/test_categories_box5/reward/Te_Stim_4_BluRas07dd_191306091617.wav"
"2017-05-19 12:04:27,907","INFO","Supplying reward for 12.00 seconds"
"2017-05-19 12:05:11,321","INFO","Trial 48 - 12:05:11 - Rewarded - /home/fet/stimuli/test_categories_box5/reward/Te_Stim_7_BlaBla0506_061115130517.wav"
"2017-05-19 12:05:17,331","INFO","Supplying reward for 12.00 seconds"
"2017-05-19 12:05:56,939","INFO","Trial 49 - 12:05:56 - Unrewarded - /home/fet/stimuli/test_categories_box5/nonreward/Th_Stim_6_Unknown000_081110090406.wav"
"2017-05-19 12:06:15,763","INFO","Trial 50 - 12:06:15 - Unrewarded - /home/fet/stimuli/test_categories_box5/nonreward/Wh_Stim_5_WhiBlu5698_112004021819.wav"
"2017-05-19 12:06:17,863","INFO","Trial 51 - 12:06:17 - Unrewarded - /home/fet/stimuli/test_categories_box5/nonreward/So_Stim_7_BlaBla0506_081215.wav"
"2017-05-19 12:06:26,879","INFO","Trial 52 - 12:06:26 - Rewarded - /home/fet/stimuli/test_categories_box5/reward/Te_Stim_7_BluRas07dd_061621092622.wav"
"2017-05-19 12:06:32,888","INFO","Supplying reward for 12.00 seconds"
"2017-05-19 12:07:01,242","INFO","Trial 53 - 12:07:01 - Unrewarded - /home/fet/stimuli/test_categories_box5/nonreward/DC_Stim_10_LblRed0613_371518401420.wav"
"2017-05-19 12:07:11,915","INFO","Trial 54 - 12:07:11 - Unrewarded - /home/fet/stimuli/test_categories_box5/nonreward/LT_Stim_8_WhiBlu3513_040102060503.wav"
"2017-05-19 12:07:26,791","INFO","Trial 55 - 12:07:26 - Unrewarded - /home/fet/stimuli/test_categories_box5/nonreward/Ag_Stim_8_BlaBla0506_040712050910.wav"
"2017-05-19 12:07:36,912","INFO","Trial 56 - 12:07:36 - Unrewarded - /home/fet/stimuli/test_categories_box5/nonreward/DC_Stim_2_Unknown00F_152416100405.wav"
"2017-05-19 12:07:47,339","INFO","Trial 57 - 12:07:47 - Rewarded - /home/fet/stimuli/test_categories_box5/reward/Te_Stim_5_BluRas61dd_151425132423.wav"
"2017-05-19 12:07:53,348","INFO","Supplying reward for 12.00 seconds"
"2017-05-19 12:09:14,107","INFO","Trial 58 - 12:09:14 - Unrewarded - /home/fet/stimuli/test_categories_box5/nonreward/Wh_Stim_8_GreGre2522_010302010303.wav"
"2017-05-19 12:09:24,117","INFO","Trial 59 - 12:09:24 - Unrewarded - /home/fet/stimuli/test_categories_box5/nonreward/LT_Stim_5_LblGre0001_030902100408.wav"
"2017-05-19 12:09:34,492","INFO","Trial 60 - 12:09:34 - Unrewarded - /home/fet/stimuli/test_categories_box5/nonreward/LT_Stim_7_LblBlu6680_310818041130.wav"
"2017-05-19 12:09:36,668","INFO","Trial 61 - 12:09:36 - Unrewarded - /home/fet/stimuli/test_categories_box5/nonreward/Tu_Stim_7_GraLbl0457_110604160213.wav"
"2017-05-19 12:09:46,762","INFO","Trial 62 - 12:09:46 - Rewarded - /home/fet/stimuli/test_categories_box5/reward/Te_Stim_8_BluRas61dd_150309220725.wav"
"2017-05-19 12:09:52,768","INFO","Supplying reward for 12.00 seconds"
"2017-05-19 12:11:14,022","INFO","Trial 63 - 12:11:14 - Rewarded - /home/fet/stimuli/test_categories_box5/reward/Te_Stim_10_WhiWhi1415_330208101524.wav"
"2017-05-19 12:11:20,031","INFO","Supplying reward for 12.00 seconds"
"2017-05-19 12:11:59,165","INFO","Trial 64 - 12:11:59 - Unrewarded - /home/fet/stimuli/test_categories_box5/nonreward/Th_Stim_2_GraGra0201_013925484230.wav"
"2017-05-19 12:12:00,830","INFO","Trial 65 - 12:12:00 - Unrewarded - /home/fet/stimuli/test_categories_box5/nonreward/So_Stim_10_GraLbl0457_080214.wav"
"2017-05-19 12:12:10,211","INFO","Trial 66 - 12:12:10 - Unrewarded - /home/fet/stimuli/test_categories_box5/nonreward/Th_Stim_10_WhiWhi1415_161926311728.wav"
"2017-05-19 12:12:11,606","INFO","Trial 67 - 12:12:11 - Unrewarded - /home/fet/stimuli/test_categories_box5/nonreward/Be_Stim_9_WhiBlu0112_040312.wav"
"2017-05-19 12:12:13,940","INFO","Trial 68 - 12:12:13 - Rewarded - /home/fet/stimuli/test_categories_box5/reward/Te_Stim_3_WhiGra0114_190205111020.wav"
"2017-05-19 12:12:15,304","INFO","Trial 69 - 12:12:15 - Unrewarded - /home/fet/stimuli/test_categories_box5/nonreward/Be_Stim_7_GraRas1500_010603.wav"
"2017-05-19 12:12:16,184","INFO","Trial 70 - 12:12:16 - Unrewarded - /home/fet/stimuli/test_categories_box5/nonreward/Be_Stim_9_LblBlu6379_0201_0101_02.wav"
"2017-05-19 12:12:24,399","INFO","Trial 71 - 12:12:24 - Unrewarded - /home/fet/stimuli/test_categories_box5/nonreward/Tu_Stim_3_LblRed0613_020306070104.wav"
"2017-05-19 12:12:25,609","INFO","Trial 72 - 12:12:25 - Unrewarded - /home/fet/stimuli/test_categories_box5/nonreward/Ag_Stim_4_GreOra1817_010729320930.wav"
"2017-05-19 12:12:27,023","INFO","Trial 73 - 12:12:27 - Unrewarded - /home/fet/stimuli/test_categories_box5/nonreward/Th_Stim_7_HPiHPi4748_050813262127.wav"
"2017-05-19 12:12:41,761","INFO","Trial 74 - 12:12:41 - Unrewarded - /home/fet/stimuli/test_categories_box5/nonreward/Wh_Stim_10_HpiGra1004_030801040507.wav"
"2017-05-19 12:12:54,564","INFO","Trial 75 - 12:12:54 - Unrewarded - /home/fet/stimuli/test_categories_box5/nonreward/So_Stim_9_YelGre5275_303609.wav"
"2017-05-19 12:13:04,369","INFO","Trial 76 - 12:13:04 - Unrewarded - /home/fet/stimuli/test_categories_box5/nonreward/Ag_Stim_2_GreOra1817_210813273116.wav"
"2017-05-19 12:13:05,351","INFO","Trial 77 - 12:13:05 - Unrewarded - /home/fet/stimuli/test_categories_box5/nonreward/So_Stim_4_WhiBlu4818_091122.wav"
"2017-05-19 12:13:24,672","INFO","Trial 78 - 12:13:24 - Unrewarded - /home/fet/stimuli/test_categories_box5/nonreward/Di_Stim_2_WhiWhi1415_020202020202.wav"
"2017-05-19 12:13:25,574","INFO","Trial 79 - 12:13:25 - Rewarded - /home/fet/stimuli/test_categories_box5/reward/Te_Stim_5_GreRas2400_140126111618.wav"
"2017-05-19 12:13:31,582","INFO","Supplying reward for 12.00 seconds"
"2017-05-19 12:16:11,499","INFO","Trial 80 - 12:16:11 - Unrewarded - /home/fet/stimuli/test_categories_box5/nonreward/Th_Stim_2_YelGre5275_150436261225.wav"
"2017-05-19 12:16:23,721","INFO","Trial 81 - 12:16:23 - Rewarded - /home/fet/stimuli/test_categories_box5/reward/Te_Stim_7_GreRas2400_332814042529.wav"
"2017-05-19 12:16:29,726","INFO","Supplying reward for 12.00 seconds"
"2017-05-19 12:18:23,391","INFO","Trial 82 - 12:18:23 - Unrewarded - /home/fet/stimuli/test_categories_box5/nonreward/Di_Stim_1_HPiHPi4748_030503050303.wav"
"2017-05-19 12:18:45,811","INFO","Trial 83 - 12:18:45 - Unrewarded - /home/fet/stimuli/test_categories_box5/nonreward/Tu_Stim_7_LblRed0613_080204010607.wav"
"2017-05-19 12:19:05,044","INFO","Trial 84 - 12:19:05 - Unrewarded - /home/fet/stimuli/test_categories_box5/nonreward/LT_Stim_7_LblBlu6379_221321232001.wav"
"2017-05-19 12:19:05,706","INFO","Trial 85 - 12:19:05 - Unrewarded - /home/fet/stimuli/test_categories_box5/nonreward/Be_Stim_4_LblRas1800_06_0105_0110_01.wav"
"2017-05-19 12:19:06,385","INFO","Trial 86 - 12:19:06 - Unrewarded - /home/fet/stimuli/test_categories_box5/nonreward/Th_Stim_1_Unknown_11_100401030705.wav"
"2017-05-19 12:19:15,439","INFO","Trial 87 - 12:19:15 - Unrewarded - /home/fet/stimuli/test_categories_box5/nonreward/Ag_Stim_6_WhiBlu5698_080407131110.wav"
"2017-05-19 12:19:19,612","INFO","Trial 88 - 12:19:19 - Unrewarded - /home/fet/stimuli/test_categories_box5/nonreward/Di_Stim_9_WhiBlu4818_060606060606.wav"
"2017-05-19 12:19:20,814","INFO","Trial 89 - 12:19:20 - Unrewarded - /home/fet/stimuli/test_categories_box5/nonreward/DC_Stim_7_BlaLbl8026_183330321201.wav"
"2017-05-19 12:19:31,691","INFO","Trial 90 - 12:19:31 - Unrewarded - /home/fet/stimuli/test_categories_box5/nonreward/Ag_Stim_9_GraGra0201_111202041310.wav"
"2017-05-19 12:19:32,541","INFO","Trial 91 - 12:19:32 - Rewarded - /home/fet/stimuli/test_categories_box5/reward/Te_Stim_5_LblRed0613_302012212614.wav"
"2017-05-19 12:19:38,548","INFO","Supplying reward for 12.00 seconds"
"2017-05-19 12:20:14,709","INFO","Trial 92 - 12:20:14 - Unrewarded - /home/fet/stimuli/test_categories_box5/nonreward/Ne_Stim_10_GreOra1817_070905110614.wav"
"2017-05-19 12:20:16,115","INFO","Trial 93 - 12:20:16 - Rewarded - /home/fet/stimuli/test_categories_box5/reward/Te_Stim_8_BlaBla0506_221710080609.wav"
"2017-05-19 12:20:22,127","INFO","Supplying reward for 12.00 seconds"
"2017-05-19 12:21:06,458","INFO","Trial 94 - 12:21:06 - Unrewarded - /home/fet/stimuli/test_categories_box5/nonreward/Ne_Stim_7_LblRed0613_554110493829.wav"
"2017-05-19 12:21:07,268","INFO","Trial 95 - 12:21:07 - Rewarded - /home/fet/stimuli/test_categories_box5/reward/Te_Stim_7_LblRed0613_052719251713.wav"
"2017-05-19 12:21:13,282","INFO","Supplying reward for 12.00 seconds"
"2017-05-19 12:21:55,259","INFO","Trial 96 - 12:21:55 - Unrewarded - /home/fet/stimuli/test_categories_box5/nonreward/Di_Stim_6_WhiBlu4818_060606060606.wav"
"2017-05-19 12:22:03,758","INFO","Trial 97 - 12:22:03 - Unrewarded - /home/fet/stimuli/test_categories_box5/nonreward/Wh_Stim_10_BlaLbl8026_080709323207.wav"
"2017-05-19 12:22:05,147","INFO","Trial 98 - 12:22:05 - Rewarded - /home/fet/stimuli/test_categories_box5/reward/Te_Stim_7_YelGre5275_062914242821.wav"
"2017-05-19 12:22:11,155","INFO","Supplying reward for 12.00 seconds"
"2017-05-19 12:23:25,378","INFO","Trial 99 - 12:23:25 - Unrewarded - /home/fet/stimuli/test_categories_box5/nonreward/Ne_Stim_9_GraGra0201_442936040151.wav"
"2017-05-19 12:23:26,817","INFO","Trial 100 - 12:23:26 - Unrewarded - /home/fet/stimuli/test_categories_box5/nonreward/DC_Stim_7_LblRed0613_393227221917.wav"
"2017-05-19 12:23:55,113","INFO","Trial 101 - 12:23:55 - Unrewarded - /home/fet/stimuli/test_categories_box5/nonreward/LT_Stim_9_WhiBlu0112_070413080620.wav"
"2017-05-19 12:23:56,200","INFO","Trial 102 - 12:23:56 - Unrewarded - /home/fet/stimuli/test_categories_box5/nonreward/Ag_Stim_8_BlaLbl8026_232224210306.wav"
"2017-05-19 12:24:09,796","INFO","Trial 103 - 12:24:09 - Unrewarded - /home/fet/stimuli/test_categories_box5/nonreward/Be_Stim_8_GraRas1600_031308.wav"
"2017-05-19 12:24:13,287","INFO","Trial 104 - 12:24:13 - Unrewarded - /home/fet/stimuli/test_categories_box5/nonreward/So_Stim_5_WhiLbl0010_060405.wav"
"2017-05-19 12:25:20,350","INFO","Trial 105 - 12:25:20 - Unrewarded - /home/fet/stimuli/test_categories_box5/nonreward/Ne_Stim_3_GreOra1817_100911130605.wav"
"2017-05-19 12:25:59,427","INFO","Trial 106 - 12:25:59 - Rewarded - /home/fet/stimuli/test_categories_box5/reward/Te_Stim_10_GreOra1817_240702033026.wav"
"2017-05-19 12:26:00,266","INFO","Trial 107 - 12:26:00 - Unrewarded - /home/fet/stimuli/test_categories_box5/nonreward/LT_Stim_9_LblBlu6243_040724291210.wav"
"2017-05-19 12:26:04,648","INFO","Trial 108 - 12:26:04 - Rewarded - /home/fet/stimuli/test_categories_box5/reward/Te_Stim_1_GreGre6364_140225193011.wav"
"2017-05-19 12:26:06,432","INFO","Trial 109 - 12:26:06 - Unrewarded - /home/fet/stimuli/test_categories_box5/nonreward/DC_Stim_10_BluRas07dd_131404262710.wav"
"2017-05-19 12:26:22,257","INFO","Trial 110 - 12:26:22 - Unrewarded - /home/fet/stimuli/test_categories_box5/nonreward/Di_Stim_5_PurRas20dd_010401040404.wav"
"2017-05-19 12:26:23,377","INFO","Trial 111 - 12:26:23 - Rewarded - /home/fet/stimuli/test_categories_box5/reward/Te_Stim_3_LblRed0613_253001190711.wav"
"2017-05-19 12:26:23,725","INFO","Trial 112 - 12:26:23 - Unrewarded - /home/fet/stimuli/test_categories_box5/nonreward/Tu_Stim_4_WhiLbl0010_020705231518.wav"
"2017-05-19 12:26:24,988","INFO","Trial 113 - 12:26:24 - Rewarded - /home/fet/stimuli/test_categories_box5/reward/Te_Stim_5_WhiBlu5698_241813140115.wav"
"2017-05-19 12:26:30,998","INFO","Supplying reward for 12.00 seconds"
"2017-05-19 12:27:30,718","INFO","Trial 114 - 12:27:30 - Rewarded - /home/fet/stimuli/test_categories_box5/reward/Te_Stim_3_GreRas2400_230927250433.wav"
"2017-05-19 12:27:36,724","INFO","Supplying reward for 12.00 seconds"
"2017-05-19 12:28:39,404","INFO","Trial 115 - 12:28:39 - Unrewarded - /home/fet/stimuli/test_categories_box5/nonreward/LT_Stim_10_LblBlu6243_080410070611.wav"
"2017-05-19 12:28:40,609","INFO","Trial 116 - 12:28:40 - Unrewarded - /home/fet/stimuli/test_categories_box5/nonreward/Di_Stim_8_Unknown000_020101010102.wav"
"2017-05-19 12:28:48,857","INFO","Trial 117 - 12:28:48 - Unrewarded - /home/fet/stimuli/test_categories_box5/nonreward/Ag_Stim_3_HPiHPi4748_162723361838.wav"
"2017-05-19 12:28:52,745","INFO","Trial 118 - 12:28:52 - Rewarded - /home/fet/stimuli/test_categories_box5/reward/Te_Stim_8_WhiWhi1415_210811152731.wav"
"2017-05-19 12:28:58,753","INFO","Supplying reward for 12.00 seconds"
"2017-05-19 12:29:35,393","INFO","Trial 119 - 12:29:35 - Unrewarded - /home/fet/stimuli/test_categories_box5/nonreward/DC_Stim_4_YelGre5275_122627011915.wav"
"2017-05-19 12:29:37,250","INFO","Trial 120 - 12:29:37 - Unrewarded - /home/fet/stimuli/test_categories_box5/nonreward/Be_Stim_2_LblBlu6243_09_0305_0113.wav"
"2017-05-19 12:29:49,196","INFO","Trial 121 - 12:29:49 - Unrewarded - /home/fet/stimuli/test_categories_box5/nonreward/Ne_Stim_4_PurRas20dd_020803050701.wav"
"2017-05-19 12:29:50,024","INFO","Trial 122 - 12:29:50 - Rewarded - /home/fet/stimuli/test_categories_box5/reward/Te_Stim_2_BlaBla0506_141708091612.wav"
"2017-05-19 12:29:56,033","INFO","Supplying reward for 12.00 seconds"
"2017-05-19 12:30:40,098","INFO","Trial 123 - 12:30:40 - Unrewarded - /home/fet/stimuli/test_categories_box5/nonreward/So_Stim_4_LblBla4548_254730.wav"
"2017-05-19 12:31:19,900","INFO","Trial 124 - 12:31:19 - Unrewarded - /home/fet/stimuli/test_categories_box5/nonreward/DC_Stim_5_GraGra0201_462227303116.wav"
"2017-05-19 12:31:21,577","INFO","Trial 125 - 12:31:21 - Rewarded - /home/fet/stimuli/test_categories_box5/reward/Te_Stim_7_BluRas61dd_290213160514.wav"
"2017-05-19 12:31:27,589","INFO","Supplying reward for 12.00 seconds"
"2017-05-19 12:32:15,685","INFO","Trial 126 - 12:32:15 - Unrewarded - /home/fet/stimuli/test_categories_box5/nonreward/Th_Stim_5_GreOra1817_322621242242.wav"
"2017-05-19 12:32:25,572","INFO","Trial 127 - 12:32:25 - Rewarded - /home/fet/stimuli/test_categories_box5/reward/Te_Stim_4_WhiWhi1415_092211022105.wav"
"2017-05-19 12:32:31,581","INFO","Supplying reward for 12.00 seconds"
"2017-05-19 12:33:05,677","INFO","Trial 128 - 12:33:05 - Unrewarded - /home/fet/stimuli/test_categories_box5/nonreward/Be_Stim_4_LblBlu2028_03_0110_0106.wav"
"2017-05-19 12:33:06,589","INFO","Trial 129 - 12:33:06 - Unrewarded - /home/fet/stimuli/test_categories_box5/nonreward/Di_Stim_2_WhiBlu4917_010101010101.wav"
"2017-05-19 12:33:23,097","INFO","Trial 130 - 12:33:23 - Rewarded - /home/fet/stimuli/test_categories_box5/reward/Te_Stim_3_YelGre5275_191025092230.wav"
"2017-05-19 12:33:29,106","INFO","Supplying reward for 12.00 seconds"
"2017-05-19 12:34:16,304","INFO","Trial 131 - 12:34:16 - Unrewarded - /home/fet/stimuli/test_categories_box5/nonreward/Th_Stim_2_WhiBlu4818_020104030501.wav"
"2017-05-19 12:34:19,989","INFO","Trial 132 - 12:34:19 - Unrewarded - /home/fet/stimuli/test_categories_box5/nonreward/DC_Stim_9_BlaBla0506_122515261724.wav"
"2017-05-19 12:34:31,532","INFO","Trial 133 - 12:34:31 - Unrewarded - /home/fet/stimuli/test_categories_box5/nonreward/Tu_Stim_6_PurRas20dd_040705010603.wav"
"2017-05-19 12:34:44,356","INFO","Trial 134 - 12:34:44 - Unrewarded - /home/fet/stimuli/test_categories_box5/nonreward/So_Stim_1_WhiBlu5698_300225.wav"
"2017-05-19 13:49:55,476","INFO","Trial 135 - 13:49:55 - Unrewarded - /home/fet/stimuli/test_categories_box5/nonreward/Wh_Stim_5_GreGre2522_020301010101.wav"
"2017-05-19 13:49:57,054","INFO","Trial 136 - 13:49:57 - Unrewarded - /home/fet/stimuli/test_categories_box5/nonreward/LT_Stim_2_WhiBlu3414_051421010302.wav"
"2017-05-19 14:22:45,445","INFO","Trial 137 - 14:22:45 - Unrewarded - /home/fet/stimuli/test_categories_box5/nonreward/Th_Stim_4_Unknown000_050703060904.wav"
"2017-05-19 14:23:08,078","INFO","Trial 138 - 14:23:08 - Unrewarded - /home/fet/stimuli/test_categories_box5/nonreward/DC_Stim_7_WhiBlu4917_012220050619.wav"
"2017-05-19 14:23:09,452","INFO","Trial 139 - 14:23:09 - Unrewarded - /home/fet/stimuli/test_categories_box5/nonreward/Di_Stim_3_YelOra2575_110911111109.wav"
"2017-05-19 14:23:24,624","INFO","Trial 140 - 14:23:24 - Unrewarded - /home/fet/stimuli/test_categories_box5/nonreward/Wh_Stim_9_LblBla4419_130317050107.wav"
"2017-05-19 14:23:38,152","INFO","Trial 141 - 14:23:38 - Unrewarded - /home/fet/stimuli/test_categories_box5/nonreward/Di_Stim_4_Unknown000_010201010101.wav"
"2017-05-19 14:23:39,694","INFO","Trial 142 - 14:23:39 - Unrewarded - /home/fet/stimuli/test_categories_box5/nonreward/LT_Stim_1_LblGre0001_091103050204.wav"
"2017-05-19 14:23:40,599","INFO","Trial 143 - 14:23:40 - Unrewarded - /home/fet/stimuli/test_categories_box5/nonreward/Di_Stim_3_WhiBlu4818_060606060606.wav"
"2017-05-19 14:23:48,674","INFO","Trial 144 - 14:23:48 - Unrewarded - /home/fet/stimuli/test_categories_box5/nonreward/Wh_Stim_10_HPiHPi4748_163303293227.wav"
"2017-05-19 14:23:49,945","INFO","Trial 145 - 14:23:49 - Unrewarded - /home/fet/stimuli/test_categories_box5/nonreward/Di_Stim_10_BlaBla0506_010101010101.wav"
"2017-05-19 14:23:58,332","INFO","Trial 146 - 14:23:58 - Unrewarded - /home/fet/stimuli/test_categories_box5/nonreward/So_Stim_3_LblBla4548_311923.wav"
"2017-05-19 14:24:09,218","INFO","Trial 147 - 14:24:09 - Unrewarded - /home/fet/stimuli/test_categories_box5/nonreward/Tu_Stim_1_BlaLbl8026_110907060812.wav"
"2017-05-19 14:24:10,117","INFO","Trial 148 - 14:24:10 - Unrewarded - /home/fet/stimuli/test_categories_box5/nonreward/So_Stim_9_WhiBlu4818_090522.wav"
"2017-05-19 14:24:26,293","INFO","Trial 149 - 14:24:26 - Unrewarded - /home/fet/stimuli/test_categories_box5/nonreward/Wh_Stim_5_BlaLbl8026_070809320709.wav"
"2017-05-19 14:24:27,753","INFO","Trial 150 - 14:24:27 - Rewarded - /home/fet/stimuli/test_categories_box5/reward/Te_Stim_2_GreOra1817_072025152430.wav"
"2017-05-19 14:24:33,761","INFO","Supplying reward for 12.00 seconds"
"2017-05-19 14:25:16,126","INFO","Trial 151 - 14:25:16 - Unrewarded - /home/fet/stimuli/test_categories_box5/nonreward/Ne_Stim_9_BluRas07dd_031509120521.wav"
"2017-05-19 14:25:16,960","INFO","Trial 152 - 14:25:16 - Unrewarded - /home/fet/stimuli/test_categories_box5/nonreward/Tu_Stim_7_BluRas07dd_031221051810.wav"
"2017-05-19 14:25:17,553","INFO","Trial 153 - 14:25:17 - Rewarded - /home/fet/stimuli/test_categories_box5/reward/Te_Stim_10_WhiRas44dd_240105081211.wav"
"2017-05-19 14:25:23,560","INFO","Supplying reward for 12.00 seconds"
"2017-05-19 14:25:57,697","INFO","Trial 154 - 14:25:57 - Unrewarded - /home/fet/stimuli/test_categories_box5/nonreward/Ne_Stim_8_LblBla4548_153627143347.wav"
"2017-05-19 14:26:08,006","INFO","Trial 155 - 14:26:08 - Unrewarded - /home/fet/stimuli/test_categories_box5/nonreward/DC_Stim_6_GraGra0201_103409473049.wav"
"2017-05-19 14:26:17,918","INFO","Trial 156 - 14:26:17 - Unrewarded - /home/fet/stimuli/test_categories_box5/nonreward/Wh_Stim_3_LblBla4419_081315070504.wav"
"2017-05-19 14:26:18,091","INFO","Trial 157 - 14:26:18 - Unrewarded - /home/fet/stimuli/test_categories_box5/nonreward/Th_Stim_8_WhiBlu4917_030802010509.wav"
"2017-05-19 14:26:18,206","INFO","Trial 158 - 14:26:18 - Unrewarded - /home/fet/stimuli/test_categories_box5/nonreward/So_Stim_7_YelGre5275_153327.wav"
"2017-05-19 14:26:18,714","INFO","Trial 159 - 14:26:18 - Unrewarded - /home/fet/stimuli/test_categories_box5/nonreward/LT_Stim_5_LblBlu6379_190403200925.wav"
"2017-05-19 14:26:37,098","INFO","Trial 160 - 14:26:37 - Rewarded - /home/fet/stimuli/test_categories_box5/reward/Te_Stim_10_BlaBla0506_220812061711.wav"
"2017-05-19 14:26:43,107","INFO","Supplying reward for 12.00 seconds"
"2017-05-19 14:27:13,591","INFO","Trial 161 - 14:27:13 - Unrewarded - /home/fet/stimuli/test_categories_box5/nonreward/So_Stim_2_BluRas61dd_141910.wav"
"2017-05-19 14:27:20,423","INFO","Trial 162 - 14:27:20 - Unrewarded - /home/fet/stimuli/test_categories_box5/nonreward/So_Stim_5_LblBla4419_051001.wav"
"2017-05-19 14:27:30,580","INFO","Trial 163 - 14:27:30 - Unrewarded - /home/fet/stimuli/test_categories_box5/nonreward/Di_Stim_5_YelOra2575_091111091111.wav"
"2017-05-19 14:27:31,446","INFO","Trial 164 - 14:27:31 - Unrewarded - /home/fet/stimuli/test_categories_box5/nonreward/Ag_Stim_9_WhiBlu4917_010101010101.wav"
"2017-05-19 14:27:42,499","INFO","Trial 165 - 14:27:42 - Unrewarded - /home/fet/stimuli/test_categories_box5/nonreward/LT_Stim_7_LblRas1800_030104050206.wav"
"2017-05-19 14:27:53,553","INFO","Trial 166 - 14:27:53 - Unrewarded - /home/fet/stimuli/test_categories_box5/nonreward/Ne_Stim_8_GraGra0201_013635325233.wav"
"2017-05-19 14:28:27,806","INFO","Trial 167 - 14:28:27 - Unrewarded - /home/fet/stimuli/test_categories_box5/nonreward/So_Stim_9_WhiBlu5698_181202.wav"
"2017-05-19 14:28:32,496","INFO","Trial 168 - 14:28:32 - Unrewarded - /home/fet/stimuli/test_categories_box5/nonreward/Tu_Stim_4_LblRed0613_050401080207.wav"
"2017-05-19 14:28:33,304","INFO","Trial 169 - 14:28:33 - Unrewarded - /home/fet/stimuli/test_categories_box5/nonreward/Be_Stim_10_LblBlu1927_130911.wav"
"2017-05-19 14:28:34,747","INFO","Trial 170 - 14:28:34 - Rewarded - /home/fet/stimuli/test_categories_box5/reward/Te_Stim_1_BluRas61dd_292514153023.wav"
"2017-05-19 14:28:40,753","INFO","Supplying reward for 12.00 seconds"
"2017-05-19 14:29:10,569","INFO","Trial 171 - 14:29:10 - Unrewarded - /home/fet/stimuli/test_categories_box5/nonreward/So_Stim_5_LblBla4548_070831.wav"
"2017-05-19 14:29:47,144","INFO","Trial 172 - 14:29:47 - Unrewarded - /home/fet/stimuli/test_categories_box5/nonreward/Th_Stim_3_GreOra1817_032611154145.wav"
"2017-05-19 14:30:08,716","INFO","Trial 173 - 14:30:08 - Rewarded - /home/fet/stimuli/test_categories_box5/reward/Te_Stim_2_WhiGra0114_200711141905.wav"
"2017-05-19 14:30:14,721","INFO","Supplying reward for 12.00 seconds"
"2017-05-19 14:30:47,110","INFO","Trial 174 - 14:30:47 - Unrewarded - /home/fet/stimuli/test_categories_box5/nonreward/Wh_Stim_4_BlaBla0506_021015121813.wav"
"2017-05-19 14:30:55,625","INFO","Trial 175 - 14:30:55 - Unrewarded - /home/fet/stimuli/test_categories_box5/nonreward/So_Stim_8_WhiBlu5698_312408.wav"
"2017-05-19 14:30:56,392","INFO","Trial 176 - 14:30:56 - Unrewarded - /home/fet/stimuli/test_categories_box5/nonreward/Ne_Stim_5_LblBla4419_175923435644.wav"
"2017-05-19 14:30:58,505","INFO","Trial 177 - 14:30:58 - Unrewarded - /home/fet/stimuli/test_categories_box5/nonreward/Ne_Stim_7_LblBla4548_403224123102.wav"
"2017-05-19 14:31:09,067","INFO","Trial 178 - 14:31:09 - Unrewarded - /home/fet/stimuli/test_categories_box5/nonreward/Th_Stim_7_Unknown_11_110902061008.wav"
"2017-05-19 14:31:23,213","INFO","Trial 179 - 14:31:23 - Unrewarded - /home/fet/stimuli/test_categories_box5/nonreward/DC_Stim_2_GreWhi1242_020103020102.wav"
"2017-05-19 14:31:36,508","INFO","Trial 180 - 14:31:36 - Unrewarded - /home/fet/stimuli/test_categories_box5/nonreward/Di_Stim_1_BlaLbl8026_010302010303.wav"
"2017-05-19 14:31:37,386","INFO","Trial 181 - 14:31:37 - Unrewarded - /home/fet/stimuli/test_categories_box5/nonreward/Ne_Stim_10_BluRas07dd_110908121920.wav"
"2017-05-19 14:31:48,877","INFO","Trial 182 - 14:31:48 - Unrewarded - /home/fet/stimuli/test_categories_box5/nonreward/LT_Stim_2_LblGre0001_030710110905.wav"
"2017-05-19 14:31:49,567","INFO","Trial 183 - 14:31:49 - Unrewarded - /home/fet/stimuli/test_categories_box5/nonreward/Tu_Stim_2_LblRed0613_020508030607.wav"
"2017-05-19 14:31:50,402","INFO","Trial 184 - 14:31:50 - Unrewarded - /home/fet/stimuli/test_categories_box5/nonreward/Di_Stim_1_Unknown_11_020102010201.wav"
"2017-05-19 14:31:58,687","INFO","Trial 185 - 14:31:58 - Unrewarded - /home/fet/stimuli/test_categories_box5/nonreward/Wh_Stim_3_HPiHPi4748_271513141011.wav"
"2017-05-19 14:32:10,363","INFO","Trial 186 - 14:32:10 - Unrewarded - /home/fet/stimuli/test_categories_box5/nonreward/Ne_Stim_10_LblRed0613_372936630905.wav"
"2017-05-19 14:32:21,975","INFO","Trial 187 - 14:32:21 - Unrewarded - /home/fet/stimuli/test_categories_box5/nonreward/Th_Stim_9_Unknown000_070609050304.wav"
"2017-05-19 14:32:30,306","INFO","Trial 188 - 14:32:30 - Unrewarded - /home/fet/stimuli/test_categories_box5/nonreward/LT_Stim_8_LblBlu6243_150806190220.wav"
"2017-05-19 14:32:31,601","INFO","Trial 189 - 14:32:31 - Unrewarded - /home/fet/stimuli/test_categories_box5/nonreward/Wh_Stim_10_LblRed0613_360718010938.wav"
"2017-05-19 14:32:42,986","INFO","Trial 190 - 14:32:42 - Unrewarded - /home/fet/stimuli/test_categories_box5/nonreward/Th_Stim_4_WhiGra0114_060708010205.wav"
"2017-05-19 14:32:56,658","INFO","Trial 191 - 14:32:56 - Rewarded - /home/fet/stimuli/test_categories_box5/reward/Te_Stim_3_GreGre6364_202619130616.wav"
"2017-05-19 14:33:02,667","INFO","Supplying reward for 12.00 seconds"
"2017-05-19 14:33:36,714","INFO","Trial 192 - 14:33:36 - Unrewarded - /home/fet/stimuli/test_categories_box5/nonreward/Ne_Stim_8_GreOra1817_080214101305.wav"
"2017-05-19 14:33:42,915","INFO","Trial 193 - 14:33:42 - Unrewarded - /home/fet/stimuli/test_categories_box5/nonreward/Be_Stim_3_LblRas1800_0305_0104.wav"
"2017-05-19 14:33:43,838","INFO","Trial 194 - 14:33:43 - Unrewarded - /home/fet/stimuli/test_categories_box5/nonreward/Wh_Stim_4_GraLbl0457_050104020402.wav"
"2017-05-19 14:33:45,795","INFO","Trial 195 - 14:33:45 - Unrewarded - /home/fet/stimuli/test_categories_box5/nonreward/So_Stim_6_WhiBlu4818_220411.wav"
"2017-05-19 14:33:58,611","INFO","Trial 196 - 14:33:58 - Unrewarded - /home/fet/stimuli/test_categories_box5/nonreward/Ag_Stim_3_BluRas07dd_090810131705.wav"
"2017-05-19 14:34:00,132","INFO","Trial 197 - 14:34:00 - Unrewarded - /home/fet/stimuli/test_categories_box5/nonreward/Th_Stim_3_GraGra0201_224911092737.wav"
"2017-05-19 14:34:25,379","INFO","Trial 198 - 14:34:25 - Unrewarded - /home/fet/stimuli/test_categories_box5/nonreward/Be_Stim_5_WhiBlu0112_020112.wav"
"2017-05-19 14:35:02,643","INFO","Trial 199 - 14:35:02 - Unrewarded - /home/fet/stimuli/test_categories_box5/nonreward/LT_Stim_10_LblBlu6379_251323011521.wav"
"2017-05-19 14:35:14,623","INFO","Trial 200 - 14:35:14 - Unrewarded - /home/fet/stimuli/test_categories_box5/nonreward/Ag_Stim_2_GraGra0201_110508141304.wav"
"2017-05-19 14:38:57,308","INFO","Trial 201 - 14:38:57 - Unrewarded - /home/fet/stimuli/test_categories_box5/nonreward/Ne_Stim_10_PurRas20dd_050103030702.wav"
"2017-05-19 14:38:58,477","INFO","Trial 202 - 14:38:58 - Unrewarded - /home/fet/stimuli/test_categories_box5/nonreward/Wh_Stim_2_WhiWhi1415_010101010101.wav"
"2017-05-19 14:38:59,353","INFO","Trial 203 - 14:38:59 - Rewarded - /home/fet/stimuli/test_categories_box5/reward/Te_Stim_2_BluRas07dd_081222201816.wav"
"2017-05-19 14:39:05,361","INFO","Supplying reward for 12.00 seconds"
"2017-05-19 14:39:36,001","INFO","Trial 204 - 14:39:36 - Unrewarded - /home/fet/stimuli/test_categories_box5/nonreward/Di_Stim_3_BlaBla0506_010101010101.wav"
"2017-05-19 14:39:37,432","INFO","Trial 205 - 14:39:37 - Unrewarded - /home/fet/stimuli/test_categories_box5/nonreward/DC_Stim_8_GreWhi1242_010203010301.wav"
"2017-05-19 14:39:47,391","INFO","Trial 206 - 14:39:47 - Rewarded - /home/fet/stimuli/test_categories_box5/reward/Te_Stim_10_LblRed0613_280704020816.wav"
"2017-05-19 14:39:53,400","INFO","Supplying reward for 12.00 seconds"
"2017-05-19 14:41:20,209","INFO","Trial 207 - 14:41:20 - Unrewarded - /home/fet/stimuli/test_categories_box5/nonreward/Ag_Stim_8_BluRas61dd_030915041118.wav"
"2017-05-19 14:41:32,119","INFO","Trial 208 - 14:41:32 - Unrewarded - /home/fet/stimuli/test_categories_box5/nonreward/LT_Stim_7_WhiBlu3414_162301240721.wav"
"2017-05-19 14:41:33,464","INFO","Trial 209 - 14:41:33 - Unrewarded - /home/fet/stimuli/test_categories_box5/nonreward/LT_Stim_8_WhiBlu3615_050206070103.wav"
"2017-05-19 14:41:34,769","INFO","Trial 210 - 14:41:34 - Unrewarded - /home/fet/stimuli/test_categories_box5/nonreward/Di_Stim_5_BlaBla0506_010101010101.wav"
"2017-05-19 14:41:51,664","INFO","Trial 211 - 14:41:51 - Unrewarded - /home/fet/stimuli/test_categories_box5/nonreward/Th_Stim_1_WhiWhi1415_190402082129.wav"
"2017-05-19 14:42:17,185","INFO","Trial 212 - 14:42:17 - Unrewarded - /home/fet/stimuli/test_categories_box5/nonreward/Th_Stim_4_WhiBlu4818_040203050101.wav"
"2017-05-19 14:42:32,040","INFO","Trial 213 - 14:42:32 - Rewarded - /home/fet/stimuli/test_categories_box5/reward/Te_Stim_5_GreGre6364_252703242117.wav"
"2017-05-19 14:42:38,049","INFO","Supplying reward for 12.00 seconds"
"2017-05-19 14:43:25,167","INFO","Trial 214 - 14:43:25 - Rewarded - /home/fet/stimuli/test_categories_box5/reward/Te_Stim_6_BluRas61dd_301806260529.wav"
"2017-05-19 14:43:26,683","INFO","Trial 215 - 14:43:26 - Unrewarded - /home/fet/stimuli/test_categories_box5/nonreward/Ne_Stim_7_WhiWhi1415_050610070408.wav"
"2017-05-19 14:43:36,451","INFO","Trial 216 - 14:43:36 - Unrewarded - /home/fet/stimuli/test_categories_box5/nonreward/So_Stim_3_YelGre5275_080625.wav"
"2017-05-19 14:43:53,145","INFO","Trial 217 - 14:43:53 - Unrewarded - /home/fet/stimuli/test_categories_box5/nonreward/Tu_Stim_3_HPiHPi4748_032710162215.wav"
"2017-05-19 14:43:54,805","INFO","Trial 218 - 14:43:54 - Unrewarded - /home/fet/stimuli/test_categories_box5/nonreward/Th_Stim_9_Unknown_11_050603020104.wav"
"2017-05-19 14:44:04,441","INFO","Trial 219 - 14:44:04 - Rewarded - /home/fet/stimuli/test_categories_box5/reward/Te_Stim_7_WhiGra0114_072005140221.wav"
"2017-05-19 14:44:08,757","INFO","Trial 220 - 14:44:08 - Unrewarded - /home/fet/stimuli/test_categories_box5/nonreward/LT_Stim_5_WhiBlu0112_141525270617.wav"
"2017-05-19 14:44:09,468","INFO","Trial 221 - 14:44:09 - Rewarded - /home/fet/stimuli/test_categories_box5/reward/Te_Stim_3_BluRas61dd_222524282318.wav"
"2017-05-19 14:44:10,128","INFO","Trial 222 - 14:44:10 - Unrewarded - /home/fet/stimuli/test_categories_box5/nonreward/LT_Stim_4_LblBlu6243_192021100506.wav"
"2017-05-19 14:44:11,091","INFO","Trial 223 - 14:44:11 - Rewarded - /home/fet/stimuli/test_categories_box5/reward/Te_Stim_9_WhiWhi1415_021310063816.wav"
"2017-05-19 14:44:17,098","INFO","Supplying reward for 12.00 seconds"
"2017-05-19 14:45:05,719","INFO","Trial 224 - 14:45:05 - Unrewarded - /home/fet/stimuli/test_categories_box5/nonreward/Wh_Stim_2_BlaLbl8026_320708090709.wav"
"2017-05-19 14:45:12,874","INFO","Trial 225 - 14:45:12 - Unrewarded - /home/fet/stimuli/test_categories_box5/nonreward/LT_Stim_4_LblRas1800_050203060401.wav"
"2017-05-19 14:45:24,055","INFO","Trial 226 - 14:45:24 - Unrewarded - /home/fet/stimuli/test_categories_box5/nonreward/So_Stim_4_LblRed0613_333929.wav"
"2017-05-19 14:45:51,235","INFO","Trial 227 - 14:45:51 - Unrewarded - /home/fet/stimuli/test_categories_box5/nonreward/Wh_Stim_9_GraGra0201_020605010504.wav"
"2017-05-19 14:45:52,453","INFO","Trial 228 - 14:45:52 - Unrewarded - /home/fet/stimuli/test_categories_box5/nonreward/LT_Stim_4_WhiBlu3615_050704030601.wav"
"2017-05-19 14:45:53,112","INFO","Trial 229 - 14:45:53 - Unrewarded - /home/fet/stimuli/test_categories_box5/nonreward/Th_Stim_4_Unknown_11_061001040311.wav"
"2017-05-19 14:46:07,200","INFO","Trial 230 - 14:46:07 - Unrewarded - /home/fet/stimuli/test_categories_box5/nonreward/Ag_Stim_2_BlaLbl8026_062320220321.wav"
"2017-05-19 14:46:09,627","INFO","Trial 231 - 14:46:09 - Unrewarded - /home/fet/stimuli/test_categories_box5/nonreward/Ag_Stim_9_BluRas61dd_170415120203.wav"
"2017-05-19 14:46:13,927","INFO","Trial 232 - 14:46:13 - Rewarded - /home/fet/stimuli/test_categories_box5/reward/Te_Stim_8_GreOra1817_062217291615.wav"
"2017-05-19 14:46:14,193","INFO","Trial 233 - 14:46:14 - Rewarded - /home/fet/stimuli/test_categories_box5/reward/Te_Stim_9_WhiRas44dd_011210020809.wav"
"2017-05-19 14:46:20,201","INFO","Supplying reward for 12.00 seconds"
"2017-05-19 14:47:08,207","INFO","Trial 234 - 14:47:08 - Rewarded - /home/fet/stimuli/test_categories_box5/reward/Te_Stim_8_GreRas2400_042911141332.wav"
"2017-05-19 14:47:09,687","INFO","Trial 235 - 14:47:09 - Rewarded - /home/fet/stimuli/test_categories_box5/reward/Te_Stim_5_GreOra1817_291527041401.wav"
"2017-05-19 14:47:15,695","INFO","Supplying reward for 12.00 seconds"
"2017-05-19 14:48:08,583","INFO","Trial 236 - 14:48:08 - Unrewarded - /home/fet/stimuli/test_categories_box5/nonreward/Th_Stim_1_GraGra0201_435036424709.wav"
"2017-05-19 14:48:19,318","INFO","Trial 237 - 14:48:19 - Unrewarded - /home/fet/stimuli/test_categories_box5/nonreward/Th_Stim_5_Unknown_11_030410071101.wav"
"2017-05-19 14:48:20,786","INFO","Trial 238 - 14:48:20 - Unrewarded - /home/fet/stimuli/test_categories_box5/nonreward/Di_Stim_10_Unknown000_020101020102.wav"
"2017-05-19 14:48:35,628","INFO","Trial 239 - 14:48:35 - Unrewarded - /home/fet/stimuli/test_categories_box5/nonreward/DC_Stim_3_GraGra0201_471735272350.wav"
"2017-05-19 14:48:39,643","INFO","Trial 240 - 14:48:39 - Unrewarded - /home/fet/stimuli/test_categories_box5/nonreward/Wh_Stim_7_HpiGra1004_040605010802.wav"
"2017-05-19 14:48:40,552","INFO","Trial 241 - 14:48:40 - Rewarded - /home/fet/stimuli/test_categories_box5/reward/Te_Stim_8_BluRas07dd_081001211226.wav"
"2017-05-19 14:48:46,564","INFO","Supplying reward for 12.00 seconds"
"2017-05-19 14:50:12,214","INFO","Trial 242 - 14:50:12 - Rewarded - /home/fet/stimuli/test_categories_box5/reward/Te_Stim_9_LblRed0613_090627261304.wav"
"2017-05-19 14:50:14,665","INFO","Trial 243 - 14:50:14 - Unrewarded - /home/fet/stimuli/test_categories_box5/nonreward/Th_Stim_2_WhiBlu4917_050402090301.wav"
"2017-05-19 14:50:26,844","INFO","Trial 244 - 14:50:26 - Unrewarded - /home/fet/stimuli/test_categories_box5/nonreward/DC_Stim_4_BluRas07dd_071514261931.wav"
"2017-05-19 14:51:58,508","INFO","Trial 245 - 14:51:58 - Rewarded - /home/fet/stimuli/test_categories_box5/reward/Te_Stim_4_YelGre5275_031925130809.wav"
"2017-05-19 14:51:59,718","INFO","Trial 246 - 14:51:59 - Unrewarded - /home/fet/stimuli/test_categories_box5/nonreward/LT_Stim_5_WhiBlu3615_020301070605.wav"
"2017-05-19 14:52:06,625","INFO","Trial 247 - 14:52:06 - Rewarded - /home/fet/stimuli/test_categories_box5/reward/Te_Stim_1_LblRed0613_231510012609.wav"
"2017-05-19 14:52:12,635","INFO","Supplying reward for 12.00 seconds"
"2017-05-19 14:52:50,794","INFO","Trial 248 - 14:52:50 - Unrewarded - /home/fet/stimuli/test_categories_box5/nonreward/Tu_Stim_2_BluRas07dd_100508011903.wav"
"2017-05-19 14:52:55,911","INFO","Trial 249 - 14:52:55 - Unrewarded - /home/fet/stimuli/test_categories_box5/nonreward/Th_Stim_3_WhiGra0114_010506020807.wav"
"2017-05-19 14:53:20,562","INFO","Trial 250 - 14:53:20 - Unrewarded - /home/fet/stimuli/test_categories_box5/nonreward/Be_Stim_7_LblBlu6243_0205_0205_01.wav"
"2017-05-19 14:53:23,058","INFO","Trial 251 - 14:53:23 - Unrewarded - /home/fet/stimuli/test_categories_box5/nonreward/Wh_Stim_5_HPiHPi4748_223325293431.wav"
"2017-05-19 15:36:34,886","INFO","Trial 252 - 15:36:34 - Unrewarded - /home/fet/stimuli/test_categories_box5/nonreward/Wh_Stim_1_LblRed0613_292522130132.wav"
"2017-05-19 15:37:22,610","INFO","Trial 253 - 15:37:22 - Unrewarded - /home/fet/stimuli/test_categories_box5/nonreward/DC_Stim_2_LblRed0613_321924161518.wav"
"2017-05-19 15:37:33,964","INFO","Trial 254 - 15:37:33 - Unrewarded - /home/fet/stimuli/test_categories_box5/nonreward/Th_Stim_6_Unknown_11_030907100605.wav"
"2017-05-19 15:37:49,594","INFO","Trial 255 - 15:37:49 - Unrewarded - /home/fet/stimuli/test_categories_box5/nonreward/Th_Stim_5_WhiBlu5698_070406010104.wav"
"2017-05-19 15:38:00,824","INFO","Trial 256 - 15:38:00 - Unrewarded - /home/fet/stimuli/test_categories_box5/nonreward/DC_Stim_3_Unknown00F_180906221311.wav"
"2017-05-19 15:38:16,192","INFO","Trial 257 - 15:38:16 - Unrewarded - /home/fet/stimuli/test_categories_box5/nonreward/LT_Stim_8_LblBlu1927_010101010101.wav"
"2017-05-19 15:38:17,568","INFO","Trial 258 - 15:38:17 - Unrewarded - /home/fet/stimuli/test_categories_box5/nonreward/Be_Stim_10_LblBlu1630_04_a.0404.wav"
"2017-05-19 15:38:58,821","INFO","Trial 259 - 15:38:58 - Rewarded - /home/fet/stimuli/test_categories_box5/reward/Te_Stim_9_YelGre5275_082833042721.wav"
"2017-05-19 15:39:00,842","INFO","Trial 260 - 15:39:00 - Unrewarded - /home/fet/stimuli/test_categories_box5/nonreward/Tu_Stim_10_YelGre5275_012516030829.wav"
"2017-05-19 15:39:40,914","INFO","Trial 261 - 15:39:40 - Unrewarded - /home/fet/stimuli/test_categories_box5/nonreward/DC_Stim_4_WhiBlu4917_060820090105.wav"
"2017-05-19 15:39:42,422","INFO","Trial 262 - 15:39:42 - Unrewarded - /home/fet/stimuli/test_categories_box5/nonreward/Wh_Stim_1_HpiGra1004_070401020603.wav"
"2017-05-19 15:39:43,487","INFO","Trial 263 - 15:39:43 - Unrewarded - /home/fet/stimuli/test_categories_box5/nonreward/Tu_Stim_2_PurRas20dd_040305060201.wav"
"2017-05-19 15:39:52,747","INFO","Trial 264 - 15:39:52 - Rewarded - /home/fet/stimuli/test_categories_box5/reward/Te_Stim_5_YelGre5275_301220332913.wav"
"2017-05-19 15:39:58,752","INFO","Supplying reward for 12.00 seconds"
"2017-05-19 15:40:57,251","INFO","Trial 265 - 15:40:57 - Unrewarded - /home/fet/stimuli/test_categories_box5/nonreward/Wh_Stim_1_LblBla4419_091416111806.wav"
"2017-05-19 15:41:06,819","INFO","Trial 266 - 15:41:06 - Unrewarded - /home/fet/stimuli/test_categories_box5/nonreward/Tu_Stim_8_BluRas07dd_122411031505.wav"
"2017-05-19 15:41:08,467","INFO","Trial 267 - 15:41:08 - Unrewarded - /home/fet/stimuli/test_categories_box5/nonreward/Be_Stim_6_LblGre0000_101209.wav"
"2017-05-19 15:41:09,909","INFO","Trial 268 - 15:41:09 - Unrewarded - /home/fet/stimuli/test_categories_box5/nonreward/LT_Stim_3_LblBlu6379_120304101824.wav"
"2017-05-19 15:42:00,417","INFO","Trial 269 - 15:42:00 - Unrewarded - /home/fet/stimuli/test_categories_box5/nonreward/Ne_Stim_2_LblBla4419_411125593548.wav"
"2017-05-19 15:42:55,231","INFO","Trial 270 - 15:42:55 - Unrewarded - /home/fet/stimuli/test_categories_box5/nonreward/Ne_Stim_9_PurRas20dd_030301070603.wav"
"2017-05-19 15:42:56,345","INFO","Trial 271 - 15:42:56 - Unrewarded - /home/fet/stimuli/test_categories_box5/nonreward/Th_Stim_10_WhiGra0114_070502010806.wav"
"2017-05-19 15:43:07,785","INFO","Trial 272 - 15:43:07 - Rewarded - /home/fet/stimuli/test_categories_box5/reward/Te_Stim_8_GreGre6364_032117021011.wav"
"2017-05-19 15:43:13,794","INFO","Supplying reward for 12.00 seconds"
"2017-05-19 15:43:49,444","INFO","Trial 273 - 15:43:49 - Unrewarded - /home/fet/stimuli/test_categories_box5/nonreward/Wh_Stim_10_WhiWhi1415_010101010101.wav"
"2017-05-19 15:43:50,494","INFO","Trial 274 - 15:43:50 - Rewarded - /home/fet/stimuli/test_categories_box5/reward/Te_Stim_2_LblRed0613_182117291006.wav"
"2017-05-19 15:43:56,505","INFO","Supplying reward for 12.00 seconds"
"2017-05-19 15:44:38,208","INFO","Trial 275 - 15:44:38 - Unrewarded - /home/fet/stimuli/test_categories_box5/nonreward/DC_Stim_9_LblRed0613_102038131914.wav"
"2017-05-19 15:44:50,610","INFO","Trial 276 - 15:44:50 - Unrewarded - /home/fet/stimuli/test_categories_box5/nonreward/So_Stim_4_BluRas61dd_101121.wav"
"2017-05-19 15:45:52,281","INFO","Trial 277 - 15:45:52 - Unrewarded - /home/fet/stimuli/test_categories_box5/nonreward/DC_Stim_2_BlaLbl8026_343312250615.wav"
"2017-05-19 15:46:14,071","INFO","Trial 278 - 15:46:14 - Rewarded - /home/fet/stimuli/test_categories_box5/reward/Te_Stim_6_LblRed0613_121126062508.wav"
"2017-05-19 15:46:20,080","INFO","Supplying reward for 12.00 seconds"
"2017-05-19 15:47:17,310","INFO","Trial 279 - 15:47:17 - Rewarded - /home/fet/stimuli/test_categories_box5/reward/Te_Stim_7_WhiWhi1415_311613380607.wav"
"2017-05-19 15:47:23,319","INFO","Supplying reward for 12.00 seconds"
"2017-05-19 15:48:47,237","INFO","Trial 280 - 15:48:47 - Rewarded - /home/fet/stimuli/test_categories_box5/reward/Te_Stim_9_GreOra1817_022604150923.wav"
"2017-05-19 15:48:53,242","INFO","Supplying reward for 12.00 seconds"
"2017-05-19 15:49:41,318","INFO","Trial 281 - 15:49:41 - Rewarded - /home/fet/stimuli/test_categories_box5/reward/Te_Stim_6_BlaBla0506_111510130616.wav"
"2017-05-19 15:49:47,327","INFO","Supplying reward for 12.00 seconds"
"2017-05-19 15:50:18,537","INFO","Trial 282 - 15:50:18 - Unrewarded - /home/fet/stimuli/test_categories_box5/nonreward/LT_Stim_9_WhiBlu3513_050206040301.wav"
"2017-05-19 15:50:29,743","INFO","Trial 283 - 15:50:29 - Unrewarded - /home/fet/stimuli/test_categories_box5/nonreward/Wh_Stim_8_LblRed0613_423219050931.wav"
"2017-05-19 15:50:31,150","INFO","Trial 284 - 15:50:31 - Unrewarded - /home/fet/stimuli/test_categories_box5/nonreward/DC_Stim_7_BluRas07dd_181017242827.wav"
"2017-05-19 15:50:46,200","INFO","Trial 285 - 15:50:46 - Unrewarded - /home/fet/stimuli/test_categories_box5/nonreward/DC_Stim_7_GraGra0201_164143470849.wav"
"2017-05-19 15:51:01,674","INFO","Trial 286 - 15:51:01 - Unrewarded - /home/fet/stimuli/test_categories_box5/nonreward/So_Stim_5_GraLbl0457_140311.wav"
"2017-05-19 15:51:37,295","INFO","Trial 287 - 15:51:37 - Unrewarded - /home/fet/stimuli/test_categories_box5/nonreward/LT_Stim_1_LblBlu6680_051402060715.wav"
"2017-05-19 15:51:38,255","INFO","Trial 288 - 15:51:38 - Unrewarded - /home/fet/stimuli/test_categories_box5/nonreward/DC_Stim_1_WhiBlu4917_200518220108.wav"
"2017-05-19 15:51:56,705","INFO","Trial 289 - 15:51:56 - Unrewarded - /home/fet/stimuli/test_categories_box5/nonreward/Wh_Stim_7_GreOra1817_010101010101.wav"
"2017-05-19 15:52:04,520","INFO","Trial 290 - 15:52:04 - Unrewarded - /home/fet/stimuli/test_categories_box5/nonreward/Tu_Stim_5_YelGre5275_250522290330.wav"
"2017-05-19 15:54:52,501","INFO","Trial 291 - 15:54:52 - Rewarded - /home/fet/stimuli/test_categories_box5/reward/Te_Stim_4_BluRas61dd_072522101813.wav"
"2017-05-19 15:54:55,719","INFO","Trial 292 - 15:54:55 - Unrewarded - /home/fet/stimuli/test_categories_box5/nonreward/Ne_Stim_6_BluRas61dd_371838243031.wav"
"2017-05-19 15:55:47,651","INFO","Trial 293 - 15:55:47 - Unrewarded - /home/fet/stimuli/test_categories_box5/nonreward/Be_Stim_9_LblBlu1630_050301.wav"
"2017-05-19 15:55:48,830","INFO","Trial 294 - 15:55:48 - Unrewarded - /home/fet/stimuli/test_categories_box5/nonreward/Tu_Stim_3_BluRas61dd_090105020806.wav"
"2017-05-19 15:57:44,402","INFO","Trial 295 - 15:57:44 - Unrewarded - /home/fet/stimuli/test_categories_box5/nonreward/Di_Stim_2_WhiLbl0010_040404040404.wav"
"2017-05-19 15:58:05,536","INFO","Trial 296 - 15:58:05 - Unrewarded - /home/fet/stimuli/test_categories_box5/nonreward/LT_Stim_6_LblBlu6680_020704281630.wav"
"2017-05-19 15:58:47,772","INFO","Trial 297 - 15:58:47 - Unrewarded - /home/fet/stimuli/test_categories_box5/nonreward/DC_Stim_3_GreWhi1242_020301030101.wav"
"2017-05-19 15:59:49,016","INFO","Trial 298 - 15:59:49 - Unrewarded - /home/fet/stimuli/test_categories_box5/nonreward/Di_Stim_3_PurRas20dd_010401010101.wav"
"2017-05-19 16:00:36,438","INFO","Trial 299 - 16:00:36 - Unrewarded - /home/fet/stimuli/test_categories_box5/nonreward/Di_Stim_10_WhiBlu4818_060606060606.wav"
"2017-05-19 16:00:39,736","INFO","Trial 300 - 16:00:39 - Unrewarded - /home/fet/stimuli/test_categories_box5/nonreward/DC_Stim_7_RedRas3600_060104070210.wav"
"2017-05-19 16:40:12,240","INFO","Trial 301 - 16:40:12 - Unrewarded - /home/fet/stimuli/test_categories_box5/nonreward/Th_Stim_8_HPiHPi4748_151917021318.wav"
"2017-05-19 16:40:13,856","INFO","Trial 302 - 16:40:13 - Unrewarded - /home/fet/stimuli/test_categories_box5/nonreward/DC_Stim_4_BlaLbl8026_230619283308.wav"
"2017-05-19 16:40:26,318","INFO","Trial 303 - 16:40:26 - Unrewarded - /home/fet/stimuli/test_categories_box5/nonreward/Th_Stim_9_WhiBlu4818_050103040203.wav"
"2017-05-19 16:40:34,219","INFO","Trial 304 - 16:40:34 - Rewarded - /home/fet/stimuli/test_categories_box5/reward/Te_Stim_6_WhiWhi1415_070811223933.wav"
"2017-05-19 16:40:40,228","INFO","Supplying reward for 12.00 seconds"
"2017-05-19 16:41:27,939","INFO","Trial 305 - 16:41:27 - Unrewarded - /home/fet/stimuli/test_categories_box5/nonreward/Ne_Stim_1_BluRas61dd_165027142219.wav"
"2017-05-19 16:41:29,837","INFO","Trial 306 - 16:41:29 - Rewarded - /home/fet/stimuli/test_categories_box5/reward/Te_Stim_1_WhiRas44dd_031404072615.wav"
"2017-05-19 16:41:31,012","INFO","Trial 307 - 16:41:31 - Unrewarded - /home/fet/stimuli/test_categories_box5/nonreward/LT_Stim_1_LblBlu2028_020703040913.wav"
"2017-05-19 16:41:36,894","INFO","Trial 308 - 16:41:36 - Unrewarded - /home/fet/stimuli/test_categories_box5/nonreward/Be_Stim_4_LblGre0000_090804.wav"
"2017-05-19 16:41:37,742","INFO","Trial 309 - 16:41:37 - Unrewarded - /home/fet/stimuli/test_categories_box5/nonreward/Th_Stim_1_YelGre5275_252824121718.wav"
"2017-05-19 16:41:52,222","INFO","Trial 310 - 16:41:52 - Unrewarded - /home/fet/stimuli/test_categories_box5/nonreward/So_Stim_3_WhiBlu4818_041105.wav"
"2017-05-19 16:42:03,330","INFO","Trial 311 - 16:42:03 - Unrewarded - /home/fet/stimuli/test_categories_box5/nonreward/Ne_Stim_2_LblBla4548_423946251620.wav"
"2017-05-19 16:42:19,016","INFO","Trial 312 - 16:42:19 - Unrewarded - /home/fet/stimuli/test_categories_box5/nonreward/Tu_Stim_5_GreOra1817_180115141107.wav"
"2017-05-19 16:42:31,970","INFO","Trial 313 - 16:42:31 - Unrewarded - /home/fet/stimuli/test_categories_box5/nonreward/Ag_Stim_2_Unknown_11_010606060606.wav"
"2017-05-19 16:42:34,019","INFO","Trial 314 - 16:42:34 - Unrewarded - /home/fet/stimuli/test_categories_box5/nonreward/Ag_Stim_7_GreGre2522_010201020102.wav"
"2017-05-19 16:42:44,961","INFO","Trial 315 - 16:42:44 - Unrewarded - /home/fet/stimuli/test_categories_box5/nonreward/Be_Stim_3_LblBlu6243_04_021305_01.wav"
"2017-05-19 16:42:47,240","INFO","Trial 316 - 16:42:47 - Unrewarded - /home/fet/stimuli/test_categories_box5/nonreward/Th_Stim_4_YelGre5275_013608393014.wav"
"2017-05-19 16:43:04,645","INFO","Trial 317 - 16:43:04 - Unrewarded - /home/fet/stimuli/test_categories_box5/nonreward/DC_Stim_5_YelGre5275_212024332518.wav"
"2017-05-19 16:43:18,869","INFO","Trial 318 - 16:43:18 - Unrewarded - /home/fet/stimuli/test_categories_box5/nonreward/Tu_Stim_1_LblRed0613_010802060405.wav"
"2017-05-19 16:43:44,843","INFO","Trial 319 - 16:43:44 - Unrewarded - /home/fet/stimuli/test_categories_box5/nonreward/Ne_Stim_7_BlaLbl8026_300822133129.wav"
"2017-05-19 16:43:46,008","INFO","Trial 320 - 16:43:46 - Unrewarded - /home/fet/stimuli/test_categories_box5/nonreward/DC_Stim_7_GreWhi1242_030201020303.wav"
"2017-05-19 16:43:56,815","INFO","Trial 321 - 16:43:56 - Unrewarded - /home/fet/stimuli/test_categories_box5/nonreward/Wh_Stim_9_BlaBla0506_061510160214.wav"
"2017-05-19 16:44:10,596","INFO","Trial 322 - 16:44:10 - Unrewarded - /home/fet/stimuli/test_categories_box5/nonreward/LT_Stim_3_WhiBlu3414_251701091506.wav"
"2017-05-19 16:44:23,694","INFO","Trial 323 - 16:44:23 - Unrewarded - /home/fet/stimuli/test_categories_box5/nonreward/Di_Stim_8_Unknown_11_020102010102.wav"
"2017-05-19 16:44:25,547","INFO","Trial 324 - 16:44:25 - Unrewarded - /home/fet/stimuli/test_categories_box5/nonreward/Tu_Stim_3_GreOra1817_050610040903.wav"
"2017-05-19 16:44:51,041","INFO","Trial 325 - 16:44:51 - Unrewarded - /home/fet/stimuli/test_categories_box5/nonreward/Ag_Stim_10_GraGra0201_060502100412.wav"
"2017-05-19 16:44:51,985","INFO","Trial 326 - 16:44:51 - Rewarded - /home/fet/stimuli/test_categories_box5/reward/Te_Stim_6_GreRas2400_192004243132.wav"
"2017-05-19 16:44:57,992","INFO","Supplying reward for 12.00 seconds"
"2017-05-19 16:46:38,634","INFO","Trial 327 - 16:46:38 - Unrewarded - /home/fet/stimuli/test_categories_box5/nonreward/Tu_Stim_2_BlaLbl8026_120811060910.wav"
"2017-05-19 16:46:39,597","INFO","Trial 328 - 16:46:39 - Rewarded - /home/fet/stimuli/test_categories_box5/reward/Te_Stim_3_WhiWhi1415_040638211009.wav"
"2017-05-19 16:46:41,289","INFO","Trial 329 - 16:46:41 - Unrewarded - /home/fet/stimuli/test_categories_box5/nonreward/Be_Stim_2_LblGre0000_100802.wav"
"2017-05-19 16:46:55,426","INFO","Trial 330 - 16:46:55 - Unrewarded - /home/fet/stimuli/test_categories_box5/nonreward/Ne_Stim_1_WhiBlu4917_050407081007.wav"
"2017-05-19 16:46:56,348","INFO","Trial 331 - 16:46:56 - Unrewarded - /home/fet/stimuli/test_categories_box5/nonreward/Be_Stim_1_LblRas1800_05_0206_0208_01.wav"
"2017-05-19 16:46:57,419","INFO","Trial 332 - 16:46:57 - Unrewarded - /home/fet/stimuli/test_categories_box5/nonreward/Ag_Stim_1_GraGra0201_100613040814.wav"
"2017-05-19 16:46:59,179","INFO","Trial 333 - 16:46:59 - Unrewarded - /home/fet/stimuli/test_categories_box5/nonreward/DC_Stim_5_GreGre6364_120904131106.wav"
"2017-05-19 16:47:10,772","INFO","Trial 334 - 16:47:10 - Rewarded - /home/fet/stimuli/test_categories_box5/reward/Te_Stim_9_GreGre6364_242623192030.wav"
"2017-05-19 16:47:16,781","INFO","Supplying reward for 12.00 seconds"
"2017-05-19 16:47:52,007","INFO","Trial 335 - 16:47:52 - Unrewarded - /home/fet/stimuli/test_categories_box5/nonreward/Th_Stim_3_WhiBlu4917_080503020104.wav"
"2017-05-19 16:47:52,983","INFO","Trial 336 - 16:47:52 - Unrewarded - /home/fet/stimuli/test_categories_box5/nonreward/Ne_Stim_8_LblBla4419_555804165606.wav"
"2017-05-19 16:47:54,622","INFO","Trial 337 - 16:47:54 - Unrewarded - /home/fet/stimuli/test_categories_box5/nonreward/So_Stim_2_LblBla4548_183933.wav"
"2017-05-19 16:48:04,659","INFO","Trial 338 - 16:48:04 - Rewarded - /home/fet/stimuli/test_categories_box5/reward/Te_Stim_5_BluRas07dd_261618131122.wav"
"2017-05-19 16:48:10,668","INFO","Supplying reward for 12.00 seconds"
"2017-05-19 16:48:48,061","INFO","Trial 339 - 16:48:48 - Unrewarded - /home/fet/stimuli/test_categories_box5/nonreward/Ne_Stim_5_PurRas20dd_010308030207.wav"
"2017-05-19 16:48:56,957","INFO","Trial 340 - 16:48:56 - Unrewarded - /home/fet/stimuli/test_categories_box5/nonreward/Ag_Stim_8_YelOra2575_181020042319.wav"
"2017-05-19 16:49:05,517","INFO","Trial 341 - 16:49:05 - Unrewarded - /home/fet/stimuli/test_categories_box5/nonreward/LT_Stim_5_WhiBlu3513_040106020503.wav"
"2017-05-19 16:49:06,624","INFO","Trial 342 - 16:49:06 - Unrewarded - /home/fet/stimuli/test_categories_box5/nonreward/Be_Stim_3_LblBlu6379_020604_02.wav"
"2017-05-19 16:49:11,962","INFO","Trial 343 - 16:49:11 - Unrewarded - /home/fet/stimuli/test_categories_box5/nonreward/Be_Stim_9_GraGre0813_160906.wav"
"2017-05-19 16:49:13,213","WARNING","Error closing wave file. Attempting to continue"
"2017-05-19 16:49:13,214","INFO","Trial 344 - 16:49:13 - Unrewarded - /home/fet/stimuli/test_categories_box5/nonreward/Ag_Stim_7_WhiBlu5698_110614070313.wav"
"2017-05-19 16:49:29,857","INFO","Trial 345 - 16:49:29 - Unrewarded - /home/fet/stimuli/test_categories_box5/nonreward/Tu_Stim_8_GreOra1817_091106181615.wav"
"2017-05-19 16:49:41,759","INFO","Trial 346 - 16:49:41 - Rewarded - /home/fet/stimuli/test_categories_box5/reward/Te_Stim_7_WhiRas44dd_091912160423.wav"
"2017-05-19 16:49:47,769","INFO","Supplying reward for 12.00 seconds"
"2017-05-19 16:50:20,701","INFO","Trial 347 - 16:50:20 - Unrewarded - /home/fet/stimuli/test_categories_box5/nonreward/Ne_Stim_1_LblBla4419_344133353812.wav"
"2017-05-19 16:50:21,366","INFO","Trial 348 - 16:50:21 - Unrewarded - /home/fet/stimuli/test_categories_box5/nonreward/Tu_Stim_9_PurRas20dd_060205090708.wav"
"2017-05-19 16:50:29,454","INFO","Trial 349 - 16:50:29 - Rewarded - /home/fet/stimuli/test_categories_box5/reward/Te_Stim_6_WhiBlu5698_141317160224.wav"
"2017-05-19 16:50:35,463","INFO","Supplying reward for 12.00 seconds"
"2017-05-19 16:51:18,430","INFO","Trial 350 - 16:51:18 - Unrewarded - /home/fet/stimuli/test_categories_box5/nonreward/Be_Stim_8_LblBlu2028_02_010801_03.wav"
"2017-05-19 16:51:40,142","INFO","Trial 351 - 16:51:40 - Unrewarded - /home/fet/stimuli/test_categories_box5/nonreward/LT_Stim_6_LblBlu1927_010101010101.wav"
"2017-05-19 16:51:41,195","INFO","Trial 352 - 16:51:41 - Unrewarded - /home/fet/stimuli/test_categories_box5/nonreward/DC_Stim_8_RedRas3600_080603050109.wav"
"2017-05-19 16:51:42,281","INFO","Trial 353 - 16:51:42 - Unrewarded - /home/fet/stimuli/test_categories_box5/nonreward/Tu_Stim_7_YelGre5275_301520010903.wav"
"2017-05-19 16:51:52,617","INFO","Trial 354 - 16:51:52 - Rewarded - /home/fet/stimuli/test_categories_box5/reward/Te_Stim_5_BlaBla0506_081305151412.wav"
"2017-05-19 16:51:54,572","INFO","Trial 355 - 16:51:54 - Unrewarded - /home/fet/stimuli/test_categories_box5/nonreward/Ag_Stim_6_GraGra0201_101413090512.wav"
"2017-05-19 16:51:55,852","INFO","Trial 356 - 16:51:55 - Unrewarded - /home/fet/stimuli/test_categories_box5/nonreward/Be_Stim_6_LblBlu2028_02_0311_0201_03.wav"
"2017-05-19 16:51:58,471","INFO","Trial 357 - 16:51:58 - Unrewarded - /home/fet/stimuli/test_categories_box5/nonreward/DC_Stim_2_GraGra0201_364316503208.wav"
"2017-05-19 16:52:19,641","INFO","Trial 358 - 16:52:19 - Rewarded - /home/fet/stimuli/test_categories_box5/reward/Te_Stim_10_GreGre6364_100609081828.wav"
"2017-05-19 16:52:25,645","INFO","Supplying reward for 12.00 seconds"
"2017-05-19 16:53:10,718","INFO","Trial 359 - 16:53:10 - Unrewarded - /home/fet/stimuli/test_categories_box5/nonreward/So_Stim_1_WhiLbl0010_050408.wav"
"2017-05-19 16:53:37,574","INFO","Trial 360 - 16:53:37 - Unrewarded - /home/fet/stimuli/test_categories_box5/nonreward/Wh_Stim_4_LblBla4419_140213121701.wav"
"2017-05-19 16:53:50,279","INFO","Trial 361 - 16:53:50 - Unrewarded - /home/fet/stimuli/test_categories_box5/nonreward/Tu_Stim_10_HPiHPi4748_142010181219.wav"
"2017-05-19 16:53:52,676","INFO","Trial 362 - 16:53:52 - Unrewarded - /home/fet/stimuli/test_categories_box5/nonreward/Tu_Stim_8_PurRas20dd_040201070903.wav"
"2017-05-19 16:54:07,805","INFO","Trial 363 - 16:54:07 - Unrewarded - /home/fet/stimuli/test_categories_box5/nonreward/So_Stim_7_GraLbl0457_141009.wav"
"2017-05-19 16:54:27,415","INFO","Trial 364 - 16:54:27 - Unrewarded - /home/fet/stimuli/test_categories_box5/nonreward/Th_Stim_10_WhiBlu4917_080309010504.wav"
"2017-05-19 16:54:28,495","INFO","Trial 365 - 16:54:28 - Unrewarded - /home/fet/stimuli/test_categories_box5/nonreward/DC_Stim_6_WhiBlu5698_041202070806.wav"
"2017-05-19 16:55:44,197","INFO","Trial 366 - 16:55:44 - Unrewarded - /home/fet/stimuli/test_categories_box5/nonreward/Di_Stim_1_WhiLbl0010_040404040404.wav"
"2017-05-19 16:56:04,025","INFO","Trial 367 - 16:56:04 - Rewarded - /home/fet/stimuli/test_categories_box5/reward/Te_Stim_5_WhiGra0114_102014022119.wav"
"2017-05-19 16:56:10,030","INFO","Supplying reward for 12.00 seconds"
"2017-05-19 16:56:51,023","INFO","Trial 368 - 16:56:51 - Rewarded - /home/fet/stimuli/test_categories_box5/reward/Te_Stim_9_WhiBlu5698_010705181513.wav"
"2017-05-19 16:56:57,029","INFO","Supplying reward for 12.00 seconds"
"2017-05-19 16:57:30,048","INFO","Trial 369 - 16:57:30 - Rewarded - /home/fet/stimuli/test_categories_box5/reward/Te_Stim_3_BlaBla0506_061208161322.wav"
"2017-05-19 16:57:36,058","INFO","Supplying reward for 12.00 seconds"
"2017-05-19 16:58:18,136","INFO","Trial 370 - 16:58:18 - Unrewarded - /home/fet/stimuli/test_categories_box5/nonreward/Ag_Stim_5_BlaLbl8026_032404232102.wav"
"2017-05-19 16:59:10,811","INFO","Trial 371 - 16:59:10 - Unrewarded - /home/fet/stimuli/test_categories_box5/nonreward/Ag_Stim_9_Unknown_11_010606010601.wav"
"2017-05-19 16:59:12,099","INFO","Trial 372 - 16:59:12 - Unrewarded - /home/fet/stimuli/test_categories_box5/nonreward/LT_Stim_3_LblBlu6243_212716023017.wav"
"2017-05-19 16:59:13,000","INFO","Trial 373 - 16:59:13 - Rewarded - /home/fet/stimuli/test_categories_box5/reward/Te_Stim_6_GreGre6364_301217230316.wav"
"2017-05-19 16:59:19,012","INFO","Supplying reward for 12.00 seconds"
"2017-05-19 17:00:07,222","INFO","Trial 374 - 17:00:07 - Unrewarded - /home/fet/stimuli/test_categories_box5/nonreward/Tu_Stim_7_WhiRas44dd_010705250224.wav"
"2017-05-19 17:00:22,470","INFO","Trial 375 - 17:00:22 - Rewarded - /home/fet/stimuli/test_categories_box5/reward/Te_Stim_6_WhiGra0114_200705111421.wav"
"2017-05-19 17:00:28,475","INFO","Supplying reward for 12.00 seconds"
"2017-05-19 17:00:49,953","INFO","Trial 376 - 17:00:49 - Rewarded - /home/fet/stimuli/test_categories_box5/reward/Te_Stim_1_BluRas07dd_132019090729.wav"
"2017-05-19 17:00:55,966","INFO","Supplying reward for 12.00 seconds"
"2017-05-19 17:02:10,590","INFO","Trial 377 - 17:02:10 - Unrewarded - /home/fet/stimuli/test_categories_box5/nonreward/LT_Stim_3_WhiBlu3513_060401020503.wav"
"2017-05-19 18:00:01,222","INFO","Trial 378 - 18:00:01 - Rewarded - /home/fet/stimuli/test_categories_box5/reward/Te_Stim_5_WhiWhi1415_091633240636.wav"
"2017-05-19 18:00:07,231","INFO","Supplying reward for 12.00 seconds"
"2017-05-19 18:00:38,186","INFO","Trial 379 - 18:00:38 - Unrewarded - /home/fet/stimuli/test_categories_box5/nonreward/LT_Stim_8_WhiBlu0112_102103142501.wav"
"2017-05-19 18:00:47,758","INFO","Trial 380 - 18:00:47 - Unrewarded - /home/fet/stimuli/test_categories_box5/nonreward/Ag_Stim_8_BluRas07dd_101513241709.wav"
"2017-05-19 18:00:48,861","INFO","Trial 381 - 18:00:48 - Unrewarded - /home/fet/stimuli/test_categories_box5/nonreward/LT_Stim_10_LblRas1800_030102040605.wav"
"2017-05-19 18:00:49,799","INFO","Trial 382 - 18:00:49 - Unrewarded - /home/fet/stimuli/test_categories_box5/nonreward/LT_Stim_4_LblBlu6379_120306051601.wav"
"2017-05-19 18:00:51,060","INFO","Trial 383 - 18:00:51 - Unrewarded - /home/fet/stimuli/test_categories_box5/nonreward/DC_Stim_9_GreGre6364_030902061604.wav"
"2017-05-19 18:00:52,494","INFO","Trial 384 - 18:00:52 - Unrewarded - /home/fet/stimuli/test_categories_box5/nonreward/Th_Stim_7_WhiBlu4917_070102030804.wav"
"2017-05-19 18:00:57,327","INFO","Trial 385 - 18:00:57 - Unrewarded - /home/fet/stimuli/test_categories_box5/nonreward/Be_Stim_2_GraRas1500_030604.wav"
"2017-05-19 18:00:58,851","INFO","Trial 386 - 18:00:58 - Unrewarded - /home/fet/stimuli/test_categories_box5/nonreward/Wh_Stim_8_GreOra1817_010101010101.wav"
"2017-05-19 18:01:00,247","INFO","Trial 387 - 18:01:00 - Unrewarded - /home/fet/stimuli/test_categories_box5/nonreward/Th_Stim_10_YelGre5275_360741243031.wav"
"2017-05-19 18:01:02,144","INFO","Trial 388 - 18:01:02 - Unrewarded - /home/fet/stimuli/test_categories_box5/nonreward/Be_Stim_4_GraGre1001_100706.wav"
"2017-05-19 18:01:10,624","INFO","Trial 389 - 18:01:10 - Unrewarded - /home/fet/stimuli/test_categories_box5/nonreward/Di_Stim_2_HPiHPi4748_050305050505.wav"
"2017-05-19 18:01:22,686","INFO","Trial 390 - 18:01:22 - Unrewarded - /home/fet/stimuli/test_categories_box5/nonreward/Th_Stim_5_WhiGra0114_020706050108.wav"
"2017-05-19 18:01:26,255","INFO","Trial 391 - 18:01:26 - Unrewarded - /home/fet/stimuli/test_categories_box5/nonreward/Ag_Stim_3_GraGra0201_090605121311.wav"
"2017-05-19 18:01:27,212","INFO","Trial 392 - 18:01:27 - Rewarded - /home/fet/stimuli/test_categories_box5/reward/Te_Stim_9_GreRas2400_161714300528.wav"
"2017-05-19 18:01:33,222","INFO","Supplying reward for 12.00 seconds"
"2017-05-19 18:05:43,443","INFO","Trial 393 - 18:05:43 - Unrewarded - /home/fet/stimuli/test_categories_box5/nonreward/LT_Stim_6_WhiBlu3615_050306010204.wav"
"2017-05-19 18:05:44,784","INFO","Trial 394 - 18:05:44 - Unrewarded - /home/fet/stimuli/test_categories_box5/nonreward/Wh_Stim_1_GreGre2522_030201030101.wav"
"2017-05-19 18:05:45,912","INFO","Trial 395 - 18:05:45 - Unrewarded - /home/fet/stimuli/test_categories_box5/nonreward/Th_Stim_10_WhiBlu5698_070604010704.wav"
"2017-05-19 18:05:59,937","INFO","Trial 396 - 18:05:59 - Rewarded - /home/fet/stimuli/test_categories_box5/reward/Te_Stim_10_WhiBlu5698_170519140220.wav"
"2017-05-19 18:06:05,942","INFO","Supplying reward for 12.00 seconds"
"2017-05-19 18:06:35,857","INFO","Trial 397 - 18:06:35 - Rewarded - /home/fet/stimuli/test_categories_box5/reward/Te_Stim_1_YelGre5275_010830230321.wav"
"2017-05-19 18:06:41,862","INFO","Supplying reward for 12.00 seconds"
"2017-05-19 18:07:20,120","INFO","Trial 398 - 18:07:20 - Rewarded - /home/fet/stimuli/test_categories_box5/reward/Te_Stim_9_BluRas61dd_221712062027.wav"
"2017-05-19 18:07:26,133","INFO","Supplying reward for 12.00 seconds"
"2017-05-19 18:08:25,382","INFO","Trial 399 - 18:08:25 - Unrewarded - /home/fet/stimuli/test_categories_box5/nonreward/Th_Stim_2_WhiWhi1415_250319101608.wav"
"2017-05-19 18:08:36,453","INFO","Trial 400 - 18:08:36 - Unrewarded - /home/fet/stimuli/test_categories_box5/nonreward/Be_Stim_10_LblGre0000_080912.wav"
"2017-05-19 18:08:46,233","INFO","Trial 401 - 18:08:46 - Unrewarded - /home/fet/stimuli/test_categories_box5/nonreward/Be_Stim_1_LblBlu6243_161306_02.wav"
"2017-05-19 18:08:53,085","INFO","Trial 402 - 18:08:53 - Unrewarded - /home/fet/stimuli/test_categories_box5/nonreward/So_Stim_6_YelGre5275_160633.wav"
"2017-05-19 18:09:08,907","INFO","Trial 403 - 18:09:08 - Unrewarded - /home/fet/stimuli/test_categories_box5/nonreward/Ne_Stim_7_GraLbl0457_161133243708.wav"
"2017-05-19 18:09:22,071","INFO","Trial 404 - 18:09:22 - Unrewarded - /home/fet/stimuli/test_categories_box5/nonreward/DC_Stim_1_BluRas07dd_201426031110.wav"
"2017-05-19 18:09:33,171","INFO","Trial 405 - 18:09:33 - Unrewarded - /home/fet/stimuli/test_categories_box5/nonreward/Ne_Stim_4_GreOra1817_050210080614.wav"
"2017-05-19 18:09:34,237","INFO","Trial 406 - 18:09:34 - Unrewarded - /home/fet/stimuli/test_categories_box5/nonreward/Di_Stim_3_GraGra0201_070101070101.wav"
"2017-05-19 18:09:35,682","INFO","Trial 407 - 18:09:35 - Unrewarded - /home/fet/stimuli/test_categories_box5/nonreward/DC_Stim_3_RedRas3600_040508070601.wav"
"2017-05-19 18:09:45,851","INFO","Trial 408 - 18:09:45 - Unrewarded - /home/fet/stimuli/test_categories_box5/nonreward/So_Stim_5_RedRas3600_040102.wav"
"2017-05-19 18:10:01,038","INFO","Trial 409 - 18:10:01 - Unrewarded - /home/fet/stimuli/test_categories_box5/nonreward/Be_Stim_10_LblBlu2028_02_0104_0310.wav"
"2017-05-19 18:10:02,162","INFO","Trial 410 - 18:10:02 - Unrewarded - /home/fet/stimuli/test_categories_box5/nonreward/So_Stim_6_GraLbl0457_130207.wav"
"2017-05-19 18:11:02,848","INFO","Trial 411 - 18:11:02 - Rewarded - /home/fet/stimuli/test_categories_box5/reward/Te_Stim_8_WhiBlu5698_072415230220.wav"
"2017-05-19 18:11:08,857","INFO","Supplying reward for 12.00 seconds"
"2017-05-19 18:11:47,233","INFO","Trial 412 - 18:11:47 - Unrewarded - /home/fet/stimuli/test_categories_box5/nonreward/Th_Stim_5_YelGre5275_021914290732.wav"
"2017-05-19 18:12:04,411","INFO","Trial 413 - 18:12:04 - Rewarded - /home/fet/stimuli/test_categories_box5/reward/Te_Stim_3_WhiBlu5698_221723021413.wav"
"2017-05-19 18:12:10,416","INFO","Supplying reward for 12.00 seconds"
"2017-05-19 18:18:34,758","INFO","Trial 414 - 18:18:34 - Unrewarded - /home/fet/stimuli/test_categories_box5/nonreward/So_Stim_3_WhiLbl0010_050604.wav"
"2017-05-19 18:36:06,718","INFO","Finishing session 1 at Fri May 19 18:36:06 2017"
"2017-05-19 18:36:06,718","INFO","Finished all sessions."
"2017-05-19 18:36:07,025","INFO","Exiting Session state"
"2017-05-19 18:36:07,025","INFO","Finishing experiment"
"2017-05-19 18:36:07,332","INFO","Exiting Idle state"
