2017-03-05 10:53:23.365172	PeckPort	off	None
2017-03-05 10:53:23.365405	HouseLight	on	None
2017-03-05 10:53:23.365531	Hopper	down	None
2017-03-05 10:53:23.671150	Hopper	down	None
2017-03-05 10:53:23.973931	HouseLight	on	None
2017-03-05 10:53:23.974105	PeckPort	on	None
2017-03-05 10:54:12.576438	Trial	start	1
2017-03-05 10:54:12.579613	Speaker	play	None
2017-03-05 10:54:18.585169	Speaker	stop	None
2017-03-05 10:54:18.586020	Hopper	up	None
2017-03-05 10:54:30.590273	Hopper	down	None
2017-03-05 10:54:30.893416	Trial	end	1
2017-03-05 10:56:12.603422	Trial	start	2
2017-03-05 10:56:12.606135	Speaker	play	None
2017-03-05 10:56:18.612109	Speaker	stop	None
2017-03-05 10:56:18.613044	Hopper	up	None
2017-03-05 10:56:30.617182	Hopper	down	None
2017-03-05 10:56:30.920266	Trial	end	2
2017-03-05 10:56:55.508095	Trial	start	3
2017-03-05 10:56:55.510561	Speaker	play	None
2017-03-05 10:57:01.516808	Speaker	stop	None
2017-03-05 10:57:01.517397	Trial	end	3
2017-03-05 10:57:17.507172	Trial	start	4
2017-03-05 10:57:17.509228	Speaker	play	None
2017-03-05 10:57:23.511870	Speaker	stop	None
2017-03-05 10:57:23.512740	Hopper	up	None
2017-03-05 10:57:35.516886	Hopper	down	None
2017-03-05 10:57:35.819936	Trial	end	4
2017-03-05 10:58:24.458785	Trial	start	5
2017-03-05 10:58:24.461709	Speaker	play	None
2017-03-05 10:58:30.467687	Speaker	stop	None
2017-03-05 10:58:30.468573	Trial	end	5
2017-03-05 10:58:31.413564	Trial	start	6
2017-03-05 10:58:31.415574	Speaker	play	None
2017-03-05 10:58:37.418249	Speaker	stop	None
2017-03-05 10:58:37.419108	Hopper	up	None
2017-03-05 10:58:49.423448	Hopper	down	None
2017-03-05 10:58:49.726305	Trial	end	6
2017-03-05 10:59:16.587222	Trial	start	7
2017-03-05 10:59:16.590432	Speaker	play	None
2017-03-05 10:59:22.595881	Speaker	stop	None
2017-03-05 10:59:22.596499	Trial	end	7
2017-03-05 10:59:25.061570	Trial	start	8
2017-03-05 10:59:25.063496	Speaker	play	None
2017-03-05 10:59:25.118998	Speaker	stop	None
2017-03-05 10:59:25.119549	Trial	end	8
2017-03-05 10:59:25.120231	Trial	start	9
2017-03-05 10:59:25.122871	Speaker	play	None
2017-03-05 10:59:25.856446	Speaker	stop	None
2017-03-05 10:59:25.857062	Trial	end	9
2017-03-05 10:59:25.857656	Trial	start	10
2017-03-05 10:59:25.859528	Speaker	play	None
2017-03-05 10:59:31.865043	Speaker	stop	None
2017-03-05 10:59:31.866083	Trial	end	10
2017-03-05 10:59:37.414760	Trial	start	11
2017-03-05 10:59:37.416825	Speaker	play	None
2017-03-05 10:59:43.423505	Speaker	stop	None
2017-03-05 10:59:43.424039	Trial	end	11
2017-03-05 10:59:48.412217	Trial	start	12
2017-03-05 10:59:48.414097	Speaker	play	None
2017-03-05 10:59:54.416966	Speaker	stop	None
2017-03-05 10:59:54.417529	Trial	end	12
2017-03-05 10:59:57.546040	Trial	start	13
2017-03-05 10:59:57.548007	Speaker	play	None
2017-03-05 11:00:03.550705	Speaker	stop	None
2017-03-05 11:00:03.551442	Trial	end	13
2017-03-05 11:00:08.195323	Trial	start	14
2017-03-05 11:00:08.198094	Speaker	play	None
2017-03-05 11:00:14.204047	Speaker	stop	None
2017-03-05 11:00:14.204866	Hopper	up	None
2017-03-05 11:00:26.209084	Hopper	down	None
2017-03-05 11:00:26.512132	Trial	end	14
2017-03-05 11:00:44.845290	Trial	start	15
2017-03-05 11:00:44.847603	Speaker	play	None
2017-03-05 11:00:50.854039	Speaker	stop	None
2017-03-05 11:00:50.854618	Trial	end	15
2017-03-05 11:00:55.199679	Trial	start	16
2017-03-05 11:00:55.202406	Speaker	play	None
2017-03-05 11:01:01.208543	Speaker	stop	None
2017-03-05 11:01:01.209331	Trial	end	16
2017-03-05 11:01:04.472741	Trial	start	17
2017-03-05 11:01:04.474774	Speaker	play	None
2017-03-05 11:01:10.481444	Speaker	stop	None
2017-03-05 11:01:10.482001	Trial	end	17
2017-03-05 11:01:14.937710	Trial	start	18
2017-03-05 11:01:14.939569	Speaker	play	None
2017-03-05 11:01:20.942370	Speaker	stop	None
2017-03-05 11:01:20.942906	Trial	end	18
2017-03-05 11:01:25.046428	Trial	start	19
2017-03-05 11:01:25.048669	Speaker	play	None
2017-03-05 11:01:31.055069	Speaker	stop	None
2017-03-05 11:01:31.055944	Hopper	up	None
2017-03-05 11:01:43.060044	Hopper	down	None
2017-03-05 11:01:43.363143	Trial	end	19
2017-03-05 11:01:57.919876	Trial	start	20
2017-03-05 11:01:57.922517	Speaker	play	None
2017-03-05 11:02:03.928611	Speaker	stop	None
2017-03-05 11:02:03.929215	Trial	end	20
2017-03-05 11:02:09.195801	Trial	start	21
2017-03-05 11:02:09.198051	Speaker	play	None
2017-03-05 11:02:15.200505	Speaker	stop	None
2017-03-05 11:02:15.201430	Hopper	up	None
2017-03-05 11:02:27.205392	Hopper	down	None
2017-03-05 11:02:27.508429	Trial	end	21
2017-03-05 11:02:50.117643	Trial	start	22
2017-03-05 11:02:50.119634	Speaker	play	None
2017-03-05 11:02:50.175077	Speaker	stop	None
2017-03-05 11:02:50.175600	Trial	end	22
2017-03-05 11:02:50.176244	Trial	start	23
2017-03-05 11:02:50.178769	Speaker	play	None
2017-03-05 11:02:50.793529	Speaker	stop	None
2017-03-05 11:02:50.794096	Trial	end	23
2017-03-05 11:02:50.794681	Trial	start	24
2017-03-05 11:02:50.797153	Speaker	play	None
2017-03-05 11:02:56.802185	Speaker	stop	None
2017-03-05 11:02:56.802771	Trial	end	24
2017-03-05 11:02:59.087601	Trial	start	25
2017-03-05 11:02:59.092817	Speaker	play	None
2017-03-05 11:03:05.096300	Speaker	stop	None
2017-03-05 11:03:05.097060	Trial	end	25
2017-03-05 11:03:10.416814	Trial	start	26
2017-03-05 11:03:10.419114	Speaker	play	None
2017-03-05 11:03:16.425508	Speaker	stop	None
2017-03-05 11:03:16.426100	Trial	end	26
2017-03-05 11:03:20.001141	Trial	start	27
2017-03-05 11:03:20.003144	Speaker	play	None
2017-03-05 11:03:26.005700	Speaker	stop	None
2017-03-05 11:03:26.006345	Trial	end	27
2017-03-05 11:03:29.765663	Trial	start	28
2017-03-05 11:03:29.767635	Speaker	play	None
2017-03-05 11:03:30.785610	Speaker	stop	None
2017-03-05 11:03:30.786240	Trial	end	28
2017-03-05 11:03:30.786786	Trial	start	29
2017-03-05 11:03:30.788672	Speaker	play	None
2017-03-05 11:03:36.794205	Speaker	stop	None
2017-03-05 11:03:36.795005	Hopper	up	None
2017-03-05 11:03:48.799166	Hopper	down	None
2017-03-05 11:03:49.102212	Trial	end	29
2017-03-05 11:04:06.714486	Trial	start	30
2017-03-05 11:04:06.716556	Speaker	play	None
2017-03-05 11:04:12.719047	Speaker	stop	None
2017-03-05 11:04:12.719595	Trial	end	30
2017-03-05 11:04:17.404709	Trial	start	31
2017-03-05 11:04:17.407251	Speaker	play	None
2017-03-05 11:04:23.413366	Speaker	stop	None
2017-03-05 11:04:23.413956	Trial	end	31
2017-03-05 11:04:26.763684	Trial	start	32
2017-03-05 11:04:26.765831	Speaker	play	None
2017-03-05 11:04:26.817011	Speaker	stop	None
2017-03-05 11:04:26.817554	Trial	end	32
2017-03-05 11:04:26.818165	Trial	start	33
2017-03-05 11:04:26.819984	Speaker	play	None
2017-03-05 11:04:32.825669	Speaker	stop	None
2017-03-05 11:04:32.826244	Trial	end	33
2017-03-05 11:04:36.110474	Trial	start	34
2017-03-05 11:04:36.112371	Speaker	play	None
2017-03-05 11:04:42.115070	Speaker	stop	None
2017-03-05 11:04:42.115629	Trial	end	34
2017-03-05 11:04:45.191050	Trial	start	35
2017-03-05 11:04:45.193358	Speaker	play	None
2017-03-05 11:04:51.199664	Speaker	stop	None
2017-03-05 11:04:51.200184	Trial	end	35
2017-03-05 11:04:56.290781	Trial	start	36
2017-03-05 11:04:56.292792	Speaker	play	None
2017-03-05 11:05:02.299475	Speaker	stop	None
2017-03-05 11:05:02.300122	Trial	end	36
2017-03-05 11:05:07.382394	Trial	start	37
2017-03-05 11:05:07.384771	Speaker	play	None
2017-03-05 11:05:13.391096	Speaker	stop	None
2017-03-05 11:05:13.391940	Hopper	up	None
2017-03-05 11:05:25.395985	Hopper	down	None
2017-03-05 11:05:25.699080	Trial	end	37
2017-03-05 11:05:44.130454	Trial	start	38
2017-03-05 11:05:44.132635	Speaker	play	None
2017-03-05 11:05:50.139139	Speaker	stop	None
2017-03-05 11:05:50.139692	Trial	end	38
2017-03-05 11:05:53.657395	Trial	start	39
2017-03-05 11:05:53.659487	Speaker	play	None
2017-03-05 11:05:59.662087	Speaker	stop	None
2017-03-05 11:05:59.662847	Trial	end	39
2017-03-05 11:06:04.843288	Trial	start	40
2017-03-05 11:06:04.845853	Speaker	play	None
2017-03-05 11:06:05.707500	Speaker	stop	None
2017-03-05 11:06:05.707977	Trial	end	40
2017-03-05 11:06:05.708578	Trial	start	41
2017-03-05 11:06:05.710315	Speaker	play	None
2017-03-05 11:06:11.716157	Speaker	stop	None
2017-03-05 11:06:11.717242	Hopper	up	None
2017-03-05 11:06:23.721060	Hopper	down	None
2017-03-05 11:06:24.024071	Trial	end	41
2017-03-05 11:06:53.866512	Trial	start	42
2017-03-05 11:06:53.868712	Speaker	play	None
2017-03-05 11:06:59.875238	Speaker	stop	None
2017-03-05 11:06:59.875733	Trial	end	42
2017-03-05 11:07:03.696662	Trial	start	43
2017-03-05 11:07:03.698733	Speaker	play	None
2017-03-05 11:07:03.754019	Speaker	stop	None
2017-03-05 11:07:03.754542	Trial	end	43
2017-03-05 11:07:03.755214	Trial	start	44
2017-03-05 11:07:03.757694	Speaker	play	None
2017-03-05 11:07:09.762760	Speaker	stop	None
2017-03-05 11:07:09.763729	Hopper	up	None
2017-03-05 11:07:21.767526	Hopper	down	None
2017-03-05 11:07:22.070572	Trial	end	44
2017-03-05 11:07:57.458766	Trial	start	45
2017-03-05 11:07:57.462139	Speaker	play	None
2017-03-05 11:08:03.467410	Speaker	stop	None
2017-03-05 11:08:03.467927	Trial	end	45
2017-03-05 11:08:14.444322	Trial	start	46
2017-03-05 11:08:14.447016	Speaker	play	None
2017-03-05 11:08:20.452980	Speaker	stop	None
2017-03-05 11:08:20.453862	Hopper	up	None
2017-03-05 11:08:32.457976	Hopper	down	None
2017-03-05 11:08:32.760940	Trial	end	46
2017-03-05 11:08:49.099232	Trial	start	47
2017-03-05 11:08:49.101375	Speaker	play	None
2017-03-05 11:08:55.103873	Speaker	stop	None
2017-03-05 11:08:55.104566	Trial	end	47
2017-03-05 11:08:58.757321	Trial	start	48
2017-03-05 11:08:58.759284	Speaker	play	None
2017-03-05 11:09:04.761869	Speaker	stop	None
2017-03-05 11:09:04.762467	Trial	end	48
2017-03-05 11:09:08.792198	Trial	start	49
2017-03-05 11:09:08.794169	Speaker	play	None
2017-03-05 11:09:10.111085	Speaker	stop	None
2017-03-05 11:09:10.111665	Trial	end	49
2017-03-05 11:09:10.113990	Trial	start	50
2017-03-05 11:09:10.115980	Speaker	play	None
2017-03-05 11:09:16.119733	Speaker	stop	None
2017-03-05 11:09:16.120507	Trial	end	50
2017-03-05 11:09:18.773675	Trial	start	51
2017-03-05 11:09:18.775716	Speaker	play	None
2017-03-05 11:09:24.778368	Speaker	stop	None
2017-03-05 11:09:24.779098	Trial	end	51
2017-03-05 11:09:30.221619	Trial	start	52
2017-03-05 11:09:30.223573	Speaker	play	None
2017-03-05 11:09:36.226178	Speaker	stop	None
2017-03-05 11:09:36.226717	Trial	end	52
2017-03-05 11:09:39.850922	Trial	start	53
2017-03-05 11:09:39.853038	Speaker	play	None
2017-03-05 11:09:45.859600	Speaker	stop	None
2017-03-05 11:09:45.860163	Trial	end	53
2017-03-05 11:10:01.825210	Trial	start	54
2017-03-05 11:10:01.827120	Speaker	play	None
2017-03-05 11:10:07.829782	Speaker	stop	None
2017-03-05 11:10:07.830331	Trial	end	54
2017-03-05 11:10:12.654613	Trial	start	55
2017-03-05 11:10:12.656540	Speaker	play	None
2017-03-05 11:10:18.659207	Speaker	stop	None
2017-03-05 11:10:18.659700	Trial	end	55
2017-03-05 11:10:33.969387	Trial	start	56
2017-03-05 11:10:33.971609	Speaker	play	None
2017-03-05 11:10:39.973970	Speaker	stop	None
2017-03-05 11:10:39.974635	Trial	end	56
2017-03-05 11:10:57.987397	Trial	start	57
2017-03-05 11:10:57.990038	Speaker	play	None
2017-03-05 11:11:03.996087	Speaker	stop	None
2017-03-05 11:11:03.996695	Trial	end	57
2017-03-05 11:11:09.750724	Trial	start	58
2017-03-05 11:11:09.753493	Speaker	play	None
2017-03-05 11:11:09.808176	Speaker	stop	None
2017-03-05 11:11:09.808820	Trial	end	58
2017-03-05 11:11:09.809528	Trial	start	59
2017-03-05 11:11:09.811933	Speaker	play	None
2017-03-05 11:11:15.816700	Speaker	stop	None
2017-03-05 11:11:15.817243	Trial	end	59
2017-03-05 11:11:22.894303	Trial	start	60
2017-03-05 11:11:22.896243	Speaker	play	None
2017-03-05 11:11:28.898868	Speaker	stop	None
2017-03-05 11:11:28.899488	Trial	end	60
2017-03-05 11:11:42.697691	Trial	start	61
2017-03-05 11:11:42.699538	Speaker	play	None
2017-03-05 11:11:48.702333	Speaker	stop	None
2017-03-05 11:11:48.702886	Trial	end	61
2017-03-05 11:11:55.620081	Trial	start	62
2017-03-05 11:11:55.622211	Speaker	play	None
2017-03-05 11:11:56.435219	Speaker	stop	None
2017-03-05 11:11:56.435805	Trial	end	62
2017-03-05 11:11:56.436388	Trial	start	63
2017-03-05 11:11:56.438965	Speaker	play	None
2017-03-05 11:11:56.488559	Speaker	stop	None
2017-03-05 11:11:56.489159	Trial	end	63
2017-03-05 11:11:56.489876	Trial	start	64
2017-03-05 11:11:56.492312	Speaker	play	None
2017-03-05 11:12:02.501146	Speaker	stop	None
2017-03-05 11:12:02.501956	Hopper	up	None
2017-03-05 11:12:14.505979	Hopper	down	None
2017-03-05 11:12:14.809108	Trial	end	64
2017-03-05 11:12:42.882036	Trial	start	65
2017-03-05 11:12:42.883877	Speaker	play	None
2017-03-05 11:12:48.886598	Speaker	stop	None
2017-03-05 11:12:48.887386	Hopper	up	None
2017-03-05 11:13:00.891621	Hopper	down	None
2017-03-05 11:13:01.194574	Trial	end	65
2017-03-05 11:13:25.572976	Trial	start	66
2017-03-05 11:13:25.575016	Speaker	play	None
2017-03-05 11:13:31.577561	Speaker	stop	None
2017-03-05 11:13:31.578156	Trial	end	66
2017-03-05 11:13:38.454469	Trial	start	67
2017-03-05 11:13:38.456816	Speaker	play	None
2017-03-05 11:13:44.463161	Speaker	stop	None
2017-03-05 11:13:44.463820	Trial	end	67
2017-03-05 11:13:49.304333	Trial	start	68
2017-03-05 11:13:49.306271	Speaker	play	None
2017-03-05 11:13:53.695137	Speaker	stop	None
2017-03-05 11:13:53.695725	Trial	end	68
2017-03-05 11:13:53.696297	Trial	start	69
2017-03-05 11:13:53.698388	Speaker	play	None
2017-03-05 11:13:54.649534	Speaker	stop	None
2017-03-05 11:13:54.650016	Trial	end	69
2017-03-05 11:13:54.650577	Trial	start	70
2017-03-05 11:13:54.652212	Speaker	play	None
2017-03-05 11:14:00.658214	Speaker	stop	None
2017-03-05 11:14:00.658861	Trial	end	70
2017-03-05 11:14:03.971635	Trial	start	71
2017-03-05 11:14:03.974323	Speaker	play	None
2017-03-05 11:14:04.024876	Speaker	stop	None
2017-03-05 11:14:04.025400	Trial	end	71
2017-03-05 11:14:04.026087	Trial	start	72
2017-03-05 11:14:04.028033	Speaker	play	None
2017-03-05 11:14:10.033597	Speaker	stop	None
2017-03-05 11:14:10.034378	Trial	end	72
2017-03-05 11:14:13.264991	Trial	start	73
2017-03-05 11:14:13.267659	Speaker	play	None
2017-03-05 11:14:17.848344	Speaker	stop	None
2017-03-05 11:14:17.848920	Trial	end	73
2017-03-05 11:14:17.849491	Trial	start	74
2017-03-05 11:14:17.851747	Speaker	play	None
2017-03-05 11:14:23.856869	Speaker	stop	None
2017-03-05 11:14:23.857605	Hopper	up	None
2017-03-05 11:14:35.861792	Hopper	down	None
2017-03-05 11:14:36.164856	Trial	end	74
2017-03-05 11:15:08.382751	Trial	start	75
2017-03-05 11:15:08.384694	Speaker	play	None
2017-03-05 11:15:14.387346	Speaker	stop	None
2017-03-05 11:15:14.387957	Trial	end	75
2017-03-05 11:15:27.383359	Trial	start	76
2017-03-05 11:15:27.385471	Speaker	play	None
2017-03-05 11:15:33.387959	Speaker	stop	None
2017-03-05 11:15:33.388638	Trial	end	76
2017-03-05 11:15:36.742361	Trial	start	77
2017-03-05 11:15:36.744308	Speaker	play	None
2017-03-05 11:15:37.778728	Speaker	stop	None
2017-03-05 11:15:37.779238	Trial	end	77
2017-03-05 11:15:37.779768	Trial	start	78
2017-03-05 11:15:37.781616	Speaker	play	None
2017-03-05 11:15:43.787260	Speaker	stop	None
2017-03-05 11:15:43.787824	Trial	end	78
2017-03-05 11:15:48.476954	Trial	start	79
2017-03-05 11:15:48.478928	Speaker	play	None
2017-03-05 11:15:54.481481	Speaker	stop	None
2017-03-05 11:15:54.482283	Hopper	up	None
2017-03-05 11:16:06.486390	Hopper	down	None
2017-03-05 11:16:06.789530	Trial	end	79
2017-03-05 11:16:47.039263	Trial	start	80
2017-03-05 11:16:47.041369	Speaker	play	None
2017-03-05 11:16:53.043933	Speaker	stop	None
2017-03-05 11:16:53.044520	Trial	end	80
2017-03-05 11:16:57.602428	Trial	start	81
2017-03-05 11:16:57.604525	Speaker	play	None
2017-03-05 11:17:00.707152	Speaker	stop	None
2017-03-05 11:17:00.707697	Trial	end	81
2017-03-05 11:17:00.708244	Trial	start	82
2017-03-05 11:17:00.709997	Speaker	play	None
2017-03-05 11:17:06.715754	Speaker	stop	None
2017-03-05 11:17:06.716326	Trial	end	82
2017-03-05 11:17:13.211712	Trial	start	83
2017-03-05 11:17:13.214676	Speaker	play	None
2017-03-05 11:17:14.211148	Speaker	stop	None
2017-03-05 11:17:14.211612	Trial	end	83
2017-03-05 11:17:14.212274	Trial	start	84
2017-03-05 11:17:14.214531	Speaker	play	None
2017-03-05 11:17:20.219856	Speaker	stop	None
2017-03-05 11:17:20.220969	Trial	end	84
2017-03-05 11:17:24.520308	Trial	start	85
2017-03-05 11:17:24.522241	Speaker	play	None
2017-03-05 11:17:25.786050	Speaker	stop	None
2017-03-05 11:17:25.786669	Trial	end	85
2017-03-05 11:17:25.787368	Trial	start	86
2017-03-05 11:17:25.789843	Speaker	play	None
2017-03-05 11:17:31.794561	Speaker	stop	None
2017-03-05 11:17:31.795165	Trial	end	86
2017-03-05 11:17:39.687207	Trial	start	87
2017-03-05 11:17:39.689063	Speaker	play	None
2017-03-05 11:17:45.691801	Speaker	stop	None
2017-03-05 11:17:45.692923	Hopper	up	None
2017-03-05 11:17:57.696588	Hopper	down	None
2017-03-05 11:17:57.999755	Trial	end	87
2017-03-05 11:18:22.824610	Trial	start	88
2017-03-05 11:18:22.826672	Speaker	play	None
2017-03-05 11:18:23.914181	Speaker	stop	None
2017-03-05 11:18:23.914734	Trial	end	88
2017-03-05 11:18:23.915318	Trial	start	89
2017-03-05 11:18:23.917210	Speaker	play	None
2017-03-05 11:18:29.922764	Speaker	stop	None
2017-03-05 11:18:29.923287	Trial	end	89
2017-03-05 11:18:33.645739	Trial	start	90
2017-03-05 11:18:33.647853	Speaker	play	None
2017-03-05 11:18:34.723029	Speaker	stop	None
2017-03-05 11:18:34.723593	Trial	end	90
2017-03-05 11:18:34.724271	Trial	start	91
2017-03-05 11:18:34.726176	Speaker	play	None
2017-03-05 11:18:34.776347	Speaker	stop	None
2017-03-05 11:18:34.776938	Trial	end	91
2017-03-05 11:18:34.777606	Trial	start	92
2017-03-05 11:18:34.779556	Speaker	play	None
2017-03-05 11:18:40.784888	Speaker	stop	None
2017-03-05 11:18:40.785538	Trial	end	92
2017-03-05 11:18:44.065667	Trial	start	93
2017-03-05 11:18:44.068096	Speaker	play	None
2017-03-05 11:18:44.958584	Speaker	stop	None
2017-03-05 11:18:44.959138	Trial	end	93
2017-03-05 11:18:44.959842	Trial	start	94
2017-03-05 11:18:44.962371	Speaker	play	None
2017-03-05 11:18:50.966746	Speaker	stop	None
2017-03-05 11:18:50.967531	Hopper	up	None
2017-03-05 11:19:02.969907	Hopper	down	None
2017-03-05 11:19:03.272920	Trial	end	94
2017-03-05 11:19:32.697757	Trial	start	95
2017-03-05 11:19:32.700250	Speaker	play	None
2017-03-05 11:19:38.705563	Speaker	stop	None
2017-03-05 11:19:38.706155	Trial	end	95
2017-03-05 11:19:41.260954	Trial	start	96
2017-03-05 11:19:41.262914	Speaker	play	None
2017-03-05 11:19:47.268852	Speaker	stop	None
2017-03-05 11:19:47.269491	Trial	end	96
2017-03-05 11:19:53.084225	Trial	start	97
2017-03-05 11:19:53.086591	Speaker	play	None
2017-03-05 11:19:59.092063	Speaker	stop	None
2017-03-05 11:19:59.092569	Trial	end	97
2017-03-05 11:20:09.756255	Trial	start	98
2017-03-05 11:20:09.758203	Speaker	play	None
2017-03-05 11:20:15.764231	Speaker	stop	None
2017-03-05 11:20:15.764836	Trial	end	98
2017-03-05 11:20:19.335287	Trial	start	99
2017-03-05 11:20:19.337469	Speaker	play	None
2017-03-05 11:20:20.989982	Speaker	stop	None
2017-03-05 11:20:20.991071	Trial	end	99
2017-03-05 11:20:20.991833	Trial	start	100
2017-03-05 11:20:20.994366	Speaker	play	None
2017-03-05 11:20:26.997769	Speaker	stop	None
2017-03-05 11:20:26.998539	Hopper	up	None
2017-03-05 11:20:39.001201	Hopper	down	None
2017-03-05 11:20:39.304273	Trial	end	100
2017-03-05 11:21:13.414652	Trial	start	101
2017-03-05 11:21:13.416564	Speaker	play	None
2017-03-05 11:21:15.388773	Speaker	stop	None
2017-03-05 11:21:15.389578	Trial	end	101
2017-03-05 11:21:15.390435	Trial	start	102
2017-03-05 11:21:15.392991	Speaker	play	None
2017-03-05 11:21:21.396709	Speaker	stop	None
2017-03-05 11:21:21.397503	Hopper	up	None
2017-03-05 11:21:33.400214	Hopper	down	None
2017-03-05 11:21:33.703297	Trial	end	102
2017-03-05 11:21:52.448023	Trial	start	103
2017-03-05 11:21:52.450046	Speaker	play	None
2017-03-05 11:21:58.456015	Speaker	stop	None
2017-03-05 11:21:58.456698	Trial	end	103
2017-03-05 11:22:18.511317	Trial	start	104
2017-03-05 11:22:18.513971	Speaker	play	None
2017-03-05 11:22:24.519392	Speaker	stop	None
2017-03-05 11:22:24.519960	Trial	end	104
2017-03-05 11:22:30.134128	Trial	start	105
2017-03-05 11:22:30.136349	Speaker	play	None
2017-03-05 11:22:36.142231	Speaker	stop	None
2017-03-05 11:22:36.142835	Trial	end	105
2017-03-05 11:22:44.480579	Trial	start	106
2017-03-05 11:22:44.483313	Speaker	play	None
2017-03-05 11:22:50.488691	Speaker	stop	None
2017-03-05 11:22:50.489460	Trial	end	106
2017-03-05 11:23:04.302550	Trial	start	107
2017-03-05 11:23:04.304589	Speaker	play	None
2017-03-05 11:23:07.329167	Speaker	stop	None
2017-03-05 11:23:07.329824	Trial	end	107
2017-03-05 11:23:07.331047	Trial	start	108
2017-03-05 11:23:07.333370	Speaker	play	None
2017-03-05 11:23:13.337181	Speaker	stop	None
2017-03-05 11:23:13.337726	Trial	end	108
2017-03-05 11:23:15.663443	Trial	start	109
2017-03-05 11:23:15.665691	Speaker	play	None
2017-03-05 11:23:21.671483	Speaker	stop	None
2017-03-05 11:23:21.671999	Trial	end	109
2017-03-05 11:23:29.358629	Trial	start	110
2017-03-05 11:23:29.360650	Speaker	play	None
2017-03-05 11:23:35.366816	Speaker	stop	None
2017-03-05 11:23:35.367580	Trial	end	110
2017-03-05 11:24:00.078907	Trial	start	111
2017-03-05 11:24:00.080857	Speaker	play	None
2017-03-05 11:24:00.136335	Speaker	stop	None
2017-03-05 11:24:00.136945	Trial	end	111
2017-03-05 11:24:00.137658	Trial	start	112
2017-03-05 11:24:00.140262	Speaker	play	None
2017-03-05 11:24:06.144424	Speaker	stop	None
2017-03-05 11:24:06.145215	Hopper	up	None
2017-03-05 11:24:18.148312	Hopper	down	None
2017-03-05 11:24:18.451318	Trial	end	112
2017-03-05 11:24:34.366507	Trial	start	113
2017-03-05 11:24:34.369033	Speaker	play	None
2017-03-05 11:24:40.374659	Speaker	stop	None
2017-03-05 11:24:40.375212	Trial	end	113
2017-03-05 11:24:46.038700	Trial	start	114
2017-03-05 11:24:46.042311	Speaker	play	None
2017-03-05 11:24:49.032606	Speaker	stop	None
2017-03-05 11:24:49.033229	Trial	end	114
2017-03-05 11:24:49.033750	Trial	start	115
2017-03-05 11:24:49.035468	Speaker	play	None
2017-03-05 11:24:55.040855	Speaker	stop	None
2017-03-05 11:24:55.041880	Hopper	up	None
2017-03-05 11:25:07.044603	Hopper	down	None
2017-03-05 11:25:07.347721	Trial	end	115
2017-03-05 11:25:37.617850	Trial	start	116
2017-03-05 11:25:37.619784	Speaker	play	None
2017-03-05 11:25:43.626121	Speaker	stop	None
2017-03-05 11:25:43.626662	Trial	end	116
2017-03-05 11:25:48.573460	Trial	start	117
2017-03-05 11:25:48.575351	Speaker	play	None
2017-03-05 11:25:54.581659	Speaker	stop	None
2017-03-05 11:25:54.582181	Trial	end	117
2017-03-05 11:26:08.457387	Trial	start	118
2017-03-05 11:26:08.459366	Speaker	play	None
2017-03-05 11:26:08.510657	Speaker	stop	None
2017-03-05 11:26:08.511195	Trial	end	118
2017-03-05 11:26:08.511761	Trial	start	119
2017-03-05 11:26:08.513617	Speaker	play	None
2017-03-05 11:26:14.518907	Speaker	stop	None
2017-03-05 11:26:14.519892	Hopper	up	None
2017-03-05 11:26:26.522941	Hopper	down	None
2017-03-05 11:26:26.825921	Trial	end	119
2017-03-05 11:26:49.257362	Trial	start	120
2017-03-05 11:26:49.259401	Speaker	play	None
2017-03-05 11:26:55.265730	Speaker	stop	None
2017-03-05 11:26:55.266331	Trial	end	120
2017-03-05 11:27:06.245840	Trial	start	121
2017-03-05 11:27:06.247770	Speaker	play	None
2017-03-05 11:27:12.254110	Speaker	stop	None
2017-03-05 11:27:12.254665	Trial	end	121
2017-03-05 11:27:20.322359	Trial	start	122
2017-03-05 11:27:20.324449	Speaker	play	None
2017-03-05 11:27:26.330668	Speaker	stop	None
2017-03-05 11:27:26.331313	Trial	end	122
2017-03-05 11:27:37.273974	Trial	start	123
2017-03-05 11:27:37.276492	Speaker	play	None
2017-03-05 11:27:43.282298	Speaker	stop	None
2017-03-05 11:27:43.283154	Hopper	up	None
2017-03-05 11:27:55.286403	Hopper	down	None
2017-03-05 11:27:55.589466	Trial	end	123
2017-03-05 11:28:06.790947	Trial	start	124
2017-03-05 11:28:06.792952	Speaker	play	None
2017-03-05 11:28:06.844392	Speaker	stop	None
2017-03-05 11:28:06.844974	Trial	end	124
2017-03-05 11:28:06.845555	Trial	start	125
2017-03-05 11:28:06.847401	Speaker	play	None
2017-03-05 11:28:08.085284	Speaker	stop	None
2017-03-05 11:28:08.085869	Trial	end	125
2017-03-05 11:28:08.086414	Trial	start	126
2017-03-05 11:28:08.088294	Speaker	play	None
2017-03-05 11:28:14.093438	Speaker	stop	None
2017-03-05 11:28:14.093987	Trial	end	126
2017-03-05 11:28:18.758267	Trial	start	127
2017-03-05 11:28:18.760399	Speaker	play	None
2017-03-05 11:28:24.766623	Speaker	stop	None
2017-03-05 11:28:24.767275	Trial	end	127
2017-03-05 11:28:30.774848	Trial	start	128
2017-03-05 11:28:30.777320	Speaker	play	None
2017-03-05 11:28:36.783238	Speaker	stop	None
2017-03-05 11:28:36.784185	Hopper	up	None
2017-03-05 11:28:48.787313	Hopper	down	None
2017-03-05 11:28:49.090398	Trial	end	128
2017-03-05 11:29:02.134939	Trial	start	129
2017-03-05 11:29:02.136855	Speaker	play	None
2017-03-05 11:29:03.265373	Speaker	stop	None
2017-03-05 11:29:03.265939	Trial	end	129
2017-03-05 11:29:03.266688	Trial	start	130
2017-03-05 11:29:03.268649	Speaker	play	None
2017-03-05 11:29:09.273632	Speaker	stop	None
2017-03-05 11:29:09.274447	Hopper	up	None
2017-03-05 11:29:21.277873	Hopper	down	None
2017-03-05 11:29:21.580993	Trial	end	130
2017-03-05 11:29:35.698562	Trial	start	131
2017-03-05 11:29:35.700784	Speaker	play	None
2017-03-05 11:29:41.706937	Speaker	stop	None
2017-03-05 11:29:41.707767	Hopper	up	None
2017-03-05 11:29:53.711187	Hopper	down	None
2017-03-05 11:29:54.014270	Trial	end	131
2017-03-05 11:30:09.544893	Trial	start	132
2017-03-05 11:30:09.546911	Speaker	play	None
2017-03-05 11:30:15.553253	Speaker	stop	None
2017-03-05 11:30:15.553770	Trial	end	132
2017-03-05 11:30:20.615395	Trial	start	133
2017-03-05 11:30:20.617739	Speaker	play	None
2017-03-05 11:30:26.623756	Speaker	stop	None
2017-03-05 11:30:26.624313	Trial	end	133
2017-03-05 11:30:26.832581	Trial	start	134
2017-03-05 11:30:26.834544	Speaker	play	None
2017-03-05 11:30:32.840934	Speaker	stop	None
2017-03-05 11:30:32.841500	Trial	end	134
2017-03-05 11:30:39.930392	Trial	start	135
2017-03-05 11:30:39.932310	Speaker	play	None
2017-03-05 11:30:45.938806	Speaker	stop	None
2017-03-05 11:30:45.939345	Trial	end	135
2017-03-05 11:30:49.825493	Trial	start	136
2017-03-05 11:30:49.827608	Speaker	play	None
2017-03-05 11:30:50.255655	Speaker	stop	None
2017-03-05 11:30:50.256389	Trial	end	136
2017-03-05 11:30:50.257178	Trial	start	137
2017-03-05 11:30:50.259716	Speaker	play	None
2017-03-05 11:30:51.177276	Speaker	stop	None
2017-03-05 11:30:51.178095	Trial	end	137
2017-03-05 11:30:51.178867	Trial	start	138
2017-03-05 11:30:51.181234	Speaker	play	None
2017-03-05 11:30:57.185504	Speaker	stop	None
2017-03-05 11:30:57.186130	Trial	end	138
2017-03-05 11:31:03.181478	Trial	start	139
2017-03-05 11:31:03.183490	Speaker	play	None
2017-03-05 11:31:09.189788	Speaker	stop	None
2017-03-05 11:31:09.190427	Trial	end	139
2017-03-05 11:31:12.265636	Trial	start	140
2017-03-05 11:31:12.267643	Speaker	play	None
2017-03-05 11:31:15.493161	Speaker	stop	None
2017-03-05 11:31:15.494194	Trial	end	140
2017-03-05 11:31:15.494978	Trial	start	141
2017-03-05 11:31:15.497052	Speaker	play	None
2017-03-05 11:31:16.181159	Speaker	stop	None
2017-03-05 11:31:16.181887	Trial	end	141
2017-03-05 11:31:16.182401	Trial	start	142
2017-03-05 11:31:16.184103	Speaker	play	None
2017-03-05 11:31:16.238473	Speaker	stop	None
2017-03-05 11:31:16.239024	Trial	end	142
2017-03-05 11:31:16.239586	Trial	start	143
2017-03-05 11:31:16.241743	Speaker	play	None
2017-03-05 11:31:17.221417	Speaker	stop	None
2017-03-05 11:31:17.221998	Trial	end	143
2017-03-05 11:31:17.222577	Trial	start	144
2017-03-05 11:31:17.224374	Speaker	play	None
2017-03-05 11:31:17.888988	Speaker	stop	None
2017-03-05 11:31:17.889587	Trial	end	144
2017-03-05 11:31:17.890193	Trial	start	145
2017-03-05 11:31:17.892258	Speaker	play	None
2017-03-05 11:31:18.990782	Speaker	stop	None
2017-03-05 11:31:18.991255	Trial	end	145
2017-03-05 11:31:18.991890	Trial	start	146
2017-03-05 11:31:18.993680	Speaker	play	None
2017-03-05 11:31:24.999026	Speaker	stop	None
2017-03-05 11:31:24.999836	Hopper	up	None
2017-03-05 11:31:37.003389	Hopper	down	None
2017-03-05 11:31:37.306418	Trial	end	146
2017-03-05 11:31:56.785360	Trial	start	147
2017-03-05 11:31:56.787429	Speaker	play	None
2017-03-05 11:32:02.793842	Speaker	stop	None
2017-03-05 11:32:02.794406	Trial	end	147
2017-03-05 11:32:08.425339	Trial	start	148
2017-03-05 11:32:08.427495	Speaker	play	None
2017-03-05 11:32:09.351060	Speaker	stop	None
2017-03-05 11:32:09.351719	Trial	end	148
2017-03-05 11:32:09.352292	Trial	start	149
2017-03-05 11:32:09.354513	Speaker	play	None
2017-03-05 11:32:13.622817	Speaker	stop	None
2017-03-05 11:32:13.623400	Trial	end	149
2017-03-05 11:32:13.625873	Trial	start	150
2017-03-05 11:32:13.627797	Speaker	play	None
2017-03-05 11:32:19.631041	Speaker	stop	None
2017-03-05 11:32:19.631672	Trial	end	150
2017-03-05 11:32:21.154690	Trial	start	151
2017-03-05 11:32:21.156737	Speaker	play	None
2017-03-05 11:32:27.163027	Speaker	stop	None
2017-03-05 11:32:27.163745	Trial	end	151
2017-03-05 11:32:38.045126	Trial	start	152
2017-03-05 11:32:38.047228	Speaker	play	None
2017-03-05 11:32:44.053616	Speaker	stop	None
2017-03-05 11:32:44.054556	Hopper	up	None
2017-03-05 11:32:56.057964	Hopper	down	None
2017-03-05 11:32:56.360994	Trial	end	152
2017-03-05 11:33:38.239363	Trial	start	153
2017-03-05 11:33:38.242348	Speaker	play	None
2017-03-05 11:33:44.247705	Speaker	stop	None
2017-03-05 11:33:44.248283	Trial	end	153
2017-03-05 11:33:47.855983	Trial	start	154
2017-03-05 11:33:47.857956	Speaker	play	None
2017-03-05 11:33:53.860308	Speaker	stop	None
2017-03-05 11:33:53.860958	Trial	end	154
2017-03-05 11:33:54.077303	Trial	start	155
2017-03-05 11:33:54.079307	Speaker	play	None
2017-03-05 11:33:59.061843	Speaker	stop	None
2017-03-05 11:33:59.062397	Trial	end	155
2017-03-05 11:33:59.062969	Trial	start	156
2017-03-05 11:33:59.064795	Speaker	play	None
2017-03-05 11:34:05.070428	Speaker	stop	None
2017-03-05 11:34:05.071374	Trial	end	156
2017-03-05 11:34:20.764829	Trial	start	157
2017-03-05 11:34:20.767516	Speaker	play	None
2017-03-05 11:34:26.519433	Speaker	stop	None
2017-03-05 11:34:26.519961	Trial	end	157
2017-03-05 11:34:26.520583	Trial	start	158
2017-03-05 11:34:26.522335	Speaker	play	None
2017-03-05 11:34:27.948754	Speaker	stop	None
2017-03-05 11:34:27.949281	Trial	end	158
2017-03-05 11:34:27.949902	Trial	start	159
2017-03-05 11:34:27.951640	Speaker	play	None
2017-03-05 11:34:31.843753	Speaker	stop	None
2017-03-05 11:34:31.844384	Trial	end	159
2017-03-05 11:34:31.846720	Trial	start	160
2017-03-05 11:34:31.849305	Speaker	play	None
2017-03-05 11:34:32.441739	Speaker	stop	None
2017-03-05 11:34:32.442347	Trial	end	160
2017-03-05 11:34:32.443096	Trial	start	161
2017-03-05 11:34:32.445551	Speaker	play	None
2017-03-05 11:34:38.450068	Speaker	stop	None
2017-03-05 11:34:38.450596	Trial	end	161
2017-03-05 11:34:41.919026	Trial	start	162
2017-03-05 11:34:41.921052	Speaker	play	None
2017-03-05 11:34:47.923501	Speaker	stop	None
2017-03-05 11:34:47.924322	Trial	end	162
2017-03-05 11:34:50.003987	Trial	start	163
2017-03-05 11:34:50.006022	Speaker	play	None
2017-03-05 11:34:50.499576	Speaker	stop	None
2017-03-05 11:34:50.500133	Trial	end	163
2017-03-05 11:34:50.500741	Trial	start	164
2017-03-05 11:34:50.502525	Speaker	play	None
2017-03-05 11:34:56.507985	Speaker	stop	None
2017-03-05 11:34:56.508573	Trial	end	164
2017-03-05 11:34:57.232846	Trial	start	165
2017-03-05 11:34:57.234762	Speaker	play	None
2017-03-05 11:34:57.941506	Speaker	stop	None
2017-03-05 11:34:57.942217	Trial	end	165
2017-03-05 11:34:57.942877	Trial	start	166
2017-03-05 11:34:57.945123	Speaker	play	None
2017-03-05 11:35:03.949925	Speaker	stop	None
2017-03-05 11:35:03.951005	Hopper	up	None
2017-03-05 11:35:15.954261	Hopper	down	None
2017-03-05 11:35:16.257369	Trial	end	166
2017-03-05 11:35:28.962288	Trial	start	167
2017-03-05 11:35:28.964654	Speaker	play	None
2017-03-05 11:35:29.527525	Speaker	stop	None
2017-03-05 11:35:29.528129	Trial	end	167
2017-03-05 11:35:29.528688	Trial	start	168
2017-03-05 11:35:29.530563	Speaker	play	None
2017-03-05 11:35:30.518681	Speaker	stop	None
2017-03-05 11:35:30.519235	Trial	end	168
2017-03-05 11:35:30.519863	Trial	start	169
2017-03-05 11:35:30.521649	Speaker	play	None
2017-03-05 11:35:36.527048	Speaker	stop	None
2017-03-05 11:35:36.527575	Trial	end	169
2017-03-05 11:35:37.636899	Trial	start	170
2017-03-05 11:35:37.639645	Speaker	play	None
2017-03-05 11:35:43.645401	Speaker	stop	None
2017-03-05 11:35:43.645976	Trial	end	170
2017-03-05 11:35:45.070588	Trial	start	171
2017-03-05 11:35:45.072559	Speaker	play	None
2017-03-05 11:35:51.075141	Speaker	stop	None
2017-03-05 11:35:51.076032	Trial	end	171
2017-03-05 11:36:02.035040	Trial	start	172
2017-03-05 11:36:02.037951	Speaker	play	None
2017-03-05 11:36:08.043495	Speaker	stop	None
2017-03-05 11:36:08.044098	Trial	end	172
2017-03-05 11:36:10.734314	Trial	start	173
2017-03-05 11:36:10.736356	Speaker	play	None
2017-03-05 11:36:16.742750	Speaker	stop	None
2017-03-05 11:36:16.743272	Trial	end	173
2017-03-05 13:47:46.877622	Trial	start	174
2017-03-05 13:47:46.879716	Speaker	play	None
2017-03-05 13:47:49.105921	Speaker	stop	None
2017-03-05 13:47:49.106509	Trial	end	174
2017-03-05 13:47:49.107134	Trial	start	175
2017-03-05 13:47:49.109171	Speaker	play	None
2017-03-05 13:47:55.114556	Speaker	stop	None
2017-03-05 13:47:55.115254	Trial	end	175
2017-03-05 13:48:02.642492	Trial	start	176
2017-03-05 13:48:02.644492	Speaker	play	None
2017-03-05 13:48:05.792221	Speaker	stop	None
2017-03-05 13:48:05.792845	Trial	end	176
2017-03-05 13:48:05.793433	Trial	start	177
2017-03-05 13:48:05.795197	Speaker	play	None
2017-03-05 13:48:11.800796	Speaker	stop	None
2017-03-05 13:48:11.801648	Hopper	up	None
2017-03-05 13:48:23.805639	Hopper	down	None
2017-03-05 13:48:24.108687	Trial	end	177
2017-03-05 13:48:55.462203	Trial	start	178
2017-03-05 13:48:55.465391	Speaker	play	None
2017-03-05 13:49:01.470933	Speaker	stop	None
2017-03-05 13:49:01.471742	Trial	end	178
2017-03-05 13:49:04.993265	Trial	start	179
2017-03-05 13:49:04.995551	Speaker	play	None
2017-03-05 13:49:07.106699	Speaker	stop	None
2017-03-05 13:49:07.107243	Trial	end	179
2017-03-05 13:49:07.107818	Trial	start	180
2017-03-05 13:49:07.109608	Speaker	play	None
2017-03-05 13:49:07.160779	Speaker	stop	None
2017-03-05 13:49:07.162798	Trial	end	180
2017-03-05 13:49:07.163559	Trial	start	181
2017-03-05 13:49:07.166248	Speaker	play	None
2017-03-05 13:49:13.172614	Speaker	stop	None
2017-03-05 13:49:13.173182	Trial	end	181
2017-03-05 13:49:18.554428	Trial	start	182
2017-03-05 13:49:18.556608	Speaker	play	None
2017-03-05 13:49:18.603722	Speaker	stop	None
2017-03-05 13:49:18.604220	Trial	end	182
2017-03-05 13:49:18.604991	Trial	start	183
2017-03-05 13:49:18.606854	Speaker	play	None
2017-03-05 13:49:24.612252	Speaker	stop	None
2017-03-05 13:49:24.613181	Hopper	up	None
2017-03-05 13:49:36.617005	Hopper	down	None
2017-03-05 13:49:36.920211	Trial	end	183
2017-03-05 13:50:25.988045	Trial	start	184
2017-03-05 13:50:25.990303	Speaker	play	None
2017-03-05 13:50:31.996764	Speaker	stop	None
2017-03-05 13:50:31.998960	Hopper	up	None
2017-03-05 13:50:44.001591	Hopper	down	None
2017-03-05 13:50:44.304612	Trial	end	184
2017-03-05 13:51:18.324509	Trial	start	185
2017-03-05 13:51:18.327340	Speaker	play	None
2017-03-05 13:51:19.311628	Speaker	stop	None
2017-03-05 13:51:19.312196	Trial	end	185
2017-03-05 13:51:19.312733	Trial	start	186
2017-03-05 13:51:19.314572	Speaker	play	None
2017-03-05 13:51:19.360813	Speaker	stop	None
2017-03-05 13:51:19.361464	Trial	end	186
2017-03-05 13:51:19.361996	Trial	start	187
2017-03-05 13:51:19.363704	Speaker	play	None
2017-03-05 13:51:20.737004	Speaker	stop	None
2017-03-05 13:51:20.737648	Trial	end	187
2017-03-05 13:51:20.738280	Trial	start	188
2017-03-05 13:51:20.740005	Speaker	play	None
2017-03-05 13:51:20.786201	Speaker	stop	None
2017-03-05 13:51:20.786892	Trial	end	188
2017-03-05 13:51:20.787461	Trial	start	189
2017-03-05 13:51:20.789246	Speaker	play	None
2017-03-05 13:51:26.794741	Speaker	stop	None
2017-03-05 13:51:26.795610	Hopper	up	None
2017-03-05 13:51:38.799471	Hopper	down	None
2017-03-05 13:51:39.102538	Trial	end	189
2017-03-05 13:52:44.549668	Trial	start	190
2017-03-05 13:52:44.551716	Speaker	play	None
2017-03-05 13:52:50.554317	Speaker	stop	None
2017-03-05 13:52:50.554872	Trial	end	190
2017-03-05 13:52:53.769376	Trial	start	191
2017-03-05 13:52:53.771286	Speaker	play	None
2017-03-05 13:52:59.036735	Speaker	stop	None
2017-03-05 13:52:59.037338	Trial	end	191
2017-03-05 13:52:59.037927	Trial	start	192
2017-03-05 13:52:59.039689	Speaker	play	None
2017-03-05 13:53:05.045332	Speaker	stop	None
2017-03-05 13:53:05.046931	Trial	end	192
2017-03-05 13:53:08.338205	Trial	start	193
2017-03-05 13:53:08.340176	Speaker	play	None
2017-03-05 13:53:09.288520	Speaker	stop	None
2017-03-05 13:53:09.289039	Trial	end	193
2017-03-05 13:53:09.289681	Trial	start	194
2017-03-05 13:53:09.291688	Speaker	play	None
2017-03-05 13:53:15.297277	Speaker	stop	None
2017-03-05 13:53:15.298038	Trial	end	194
2017-03-05 13:53:17.946957	Trial	start	195
2017-03-05 13:53:17.949024	Speaker	play	None
2017-03-05 13:53:18.708957	Speaker	stop	None
2017-03-05 13:53:18.709642	Trial	end	195
2017-03-05 13:53:18.710368	Trial	start	196
2017-03-05 13:53:18.712511	Speaker	play	None
2017-03-05 13:53:18.758066	Speaker	stop	None
2017-03-05 13:53:18.758721	Trial	end	196
2017-03-05 13:53:18.759273	Trial	start	197
2017-03-05 13:53:18.761331	Speaker	play	None
2017-03-05 13:53:24.766628	Speaker	stop	None
2017-03-05 13:53:24.767154	Trial	end	197
2017-03-05 13:53:27.076599	Trial	start	198
2017-03-05 13:53:27.078940	Speaker	play	None
2017-03-05 13:53:28.288966	Speaker	stop	None
2017-03-05 13:53:28.289569	Trial	end	198
2017-03-05 13:53:28.290158	Trial	start	199
2017-03-05 13:53:28.292788	Speaker	play	None
2017-03-05 13:53:28.342291	Speaker	stop	None
2017-03-05 13:53:28.342888	Trial	end	199
2017-03-05 13:53:28.343594	Trial	start	200
2017-03-05 13:53:28.346303	Speaker	play	None
2017-03-05 13:53:31.746762	Speaker	stop	None
2017-03-05 13:53:31.747676	Trial	end	200
2017-03-05 13:53:31.748910	Trial	start	201
2017-03-05 13:53:31.751149	Speaker	play	None
2017-03-05 13:53:33.294194	Speaker	stop	None
2017-03-05 13:53:33.294745	Trial	end	201
2017-03-05 13:53:33.297121	Trial	start	202
2017-03-05 13:53:33.298874	Speaker	play	None
2017-03-05 13:53:39.302644	Speaker	stop	None
2017-03-05 13:53:39.303193	Trial	end	202
2017-03-05 13:53:45.728951	Trial	start	203
2017-03-05 13:53:45.730946	Speaker	play	None
2017-03-05 13:53:51.733451	Speaker	stop	None
2017-03-05 13:53:51.734003	Trial	end	203
2017-03-05 13:53:54.453017	Trial	start	204
2017-03-05 13:53:54.454950	Speaker	play	None
2017-03-05 13:54:00.457736	Speaker	stop	None
2017-03-05 13:54:00.458675	Trial	end	204
2017-03-05 13:54:06.801892	Trial	start	205
2017-03-05 13:54:06.803787	Speaker	play	None
2017-03-05 13:54:07.731757	Speaker	stop	None
2017-03-05 13:54:07.732359	Trial	end	205
2017-03-05 13:54:07.733088	Trial	start	206
2017-03-05 13:54:07.735642	Speaker	play	None
2017-03-05 13:54:13.740297	Speaker	stop	None
2017-03-05 13:54:13.741119	Hopper	up	None
2017-03-05 13:54:25.745097	Hopper	down	None
2017-03-05 13:54:26.048144	Trial	end	206
2017-03-05 13:54:59.453641	Trial	start	207
2017-03-05 13:54:59.455700	Speaker	play	None
2017-03-05 13:55:00.588259	Speaker	stop	None
2017-03-05 13:55:00.588815	Trial	end	207
2017-03-05 13:55:00.589452	Trial	start	208
2017-03-05 13:55:00.591457	Speaker	play	None
2017-03-05 13:55:00.641519	Speaker	stop	None
2017-03-05 13:55:00.642005	Trial	end	208
2017-03-05 13:55:00.642637	Trial	start	209
2017-03-05 13:55:00.644460	Speaker	play	None
2017-03-05 13:55:06.650076	Speaker	stop	None
2017-03-05 13:55:06.650633	Trial	end	209
2017-03-05 13:55:11.155388	Trial	start	210
2017-03-05 13:55:11.157380	Speaker	play	None
2017-03-05 13:55:15.460205	Speaker	stop	None
2017-03-05 13:55:15.460816	Trial	end	210
2017-03-05 13:55:15.461431	Trial	start	211
2017-03-05 13:55:15.463193	Speaker	play	None
2017-03-05 13:55:21.468844	Speaker	stop	None
2017-03-05 13:55:21.469450	Trial	end	211
2017-03-05 13:55:25.511258	Trial	start	212
2017-03-05 13:55:25.513857	Speaker	play	None
2017-03-05 13:55:31.519893	Speaker	stop	None
2017-03-05 13:55:31.520436	Trial	end	212
2017-03-05 13:55:34.198508	Trial	start	213
2017-03-05 13:55:34.201439	Speaker	play	None
2017-03-05 13:55:40.207088	Speaker	stop	None
2017-03-05 13:55:40.207962	Hopper	up	None
2017-03-05 13:55:52.211900	Hopper	down	None
2017-03-05 13:55:52.514960	Trial	end	213
2017-03-05 13:56:40.710479	Trial	start	214
2017-03-05 13:56:40.712640	Speaker	play	None
2017-03-05 13:56:46.715103	Speaker	stop	None
2017-03-05 13:56:46.716105	Hopper	up	None
2017-03-05 13:56:58.719894	Hopper	down	None
2017-03-05 13:56:59.022848	Trial	end	214
2017-03-05 13:57:37.593169	Trial	start	215
2017-03-05 13:57:37.595083	Speaker	play	None
2017-03-05 13:57:38.596726	Speaker	stop	None
2017-03-05 13:57:38.597247	Trial	end	215
2017-03-05 13:57:38.597839	Trial	start	216
2017-03-05 13:57:38.599716	Speaker	play	None
2017-03-05 13:57:38.649978	Speaker	stop	None
2017-03-05 13:57:38.650513	Trial	end	216
2017-03-05 13:57:38.651104	Trial	start	217
2017-03-05 13:57:38.653052	Speaker	play	None
2017-03-05 13:57:39.919704	Speaker	stop	None
2017-03-05 13:57:39.920343	Trial	end	217
2017-03-05 13:57:39.920951	Trial	start	218
2017-03-05 13:57:39.922766	Speaker	play	None
2017-03-05 13:57:39.972920	Speaker	stop	None
2017-03-05 13:57:39.973415	Trial	end	218
2017-03-05 13:57:39.974141	Trial	start	219
2017-03-05 13:57:39.976068	Speaker	play	None
2017-03-05 13:57:45.981470	Speaker	stop	None
2017-03-05 13:57:45.982019	Trial	end	219
2017-03-05 13:57:58.567863	Trial	start	220
2017-03-05 13:57:58.570066	Speaker	play	None
2017-03-05 13:58:04.576491	Speaker	stop	None
2017-03-05 13:58:04.577323	Hopper	up	None
2017-03-05 13:58:16.581263	Hopper	down	None
2017-03-05 13:58:16.884331	Trial	end	220
2017-03-05 13:59:56.482415	Trial	start	221
2017-03-05 13:59:56.484749	Speaker	play	None
2017-03-05 14:00:02.490919	Speaker	stop	None
2017-03-05 14:00:02.491503	Trial	end	221
2017-03-05 14:00:18.972419	Trial	start	222
2017-03-05 14:00:18.974469	Speaker	play	None
2017-03-05 14:00:20.217675	Speaker	stop	None
2017-03-05 14:00:20.218232	Trial	end	222
2017-03-05 14:00:20.218894	Trial	start	223
2017-03-05 14:00:20.220746	Speaker	play	None
2017-03-05 14:00:26.226163	Speaker	stop	None
2017-03-05 14:00:26.226686	Trial	end	223
2017-03-05 14:00:31.481069	Trial	start	224
2017-03-05 14:00:31.484173	Speaker	play	None
2017-03-05 14:00:37.489750	Speaker	stop	None
2017-03-05 14:00:37.490389	Trial	end	224
2017-03-05 14:00:45.640288	Trial	start	225
2017-03-05 14:00:45.642348	Speaker	play	None
2017-03-05 14:00:51.644870	Speaker	stop	None
2017-03-05 14:00:51.645467	Trial	end	225
2017-03-05 14:00:58.329107	Trial	start	226
2017-03-05 14:00:58.331130	Speaker	play	None
2017-03-05 14:00:59.316357	Speaker	stop	None
2017-03-05 14:00:59.316986	Trial	end	226
2017-03-05 14:00:59.317605	Trial	start	227
2017-03-05 14:00:59.319296	Speaker	play	None
2017-03-05 14:01:05.324896	Speaker	stop	None
2017-03-05 14:01:05.325736	Trial	end	227
2017-03-05 14:01:13.520508	Trial	start	228
2017-03-05 14:01:13.522601	Speaker	play	None
2017-03-05 14:01:19.275257	Speaker	stop	None
2017-03-05 14:01:19.275809	Trial	end	228
2017-03-05 14:01:19.276386	Trial	start	229
2017-03-05 14:01:19.278173	Speaker	play	None
2017-03-05 14:01:20.278771	Speaker	stop	None
2017-03-05 14:01:20.279333	Trial	end	229
2017-03-05 14:01:20.279956	Trial	start	230
2017-03-05 14:01:20.281699	Speaker	play	None
2017-03-05 14:01:26.287210	Speaker	stop	None
2017-03-05 14:01:26.287766	Trial	end	230
2017-03-05 14:01:35.662492	Trial	start	231
2017-03-05 14:01:35.664578	Speaker	play	None
2017-03-05 14:01:41.671070	Speaker	stop	None
2017-03-05 14:01:41.671699	Trial	end	231
2017-03-05 14:01:48.314484	Trial	start	232
2017-03-05 14:01:48.317345	Speaker	play	None
2017-03-05 14:01:54.323054	Speaker	stop	None
2017-03-05 14:01:54.323711	Trial	end	232
2017-03-05 14:01:58.664699	Trial	start	233
2017-03-05 14:01:58.666722	Speaker	play	None
2017-03-05 14:02:04.669111	Speaker	stop	None
2017-03-05 14:02:04.670131	Hopper	up	None
2017-03-05 14:02:16.673902	Hopper	down	None
2017-03-05 14:02:16.977062	Trial	end	233
2017-03-05 14:03:44.537338	Trial	start	234
2017-03-05 14:03:44.539577	Speaker	play	None
2017-03-05 14:03:45.471232	Speaker	stop	None
2017-03-05 14:03:45.471798	Trial	end	234
2017-03-05 14:03:45.472421	Trial	start	235
2017-03-05 14:03:45.474279	Speaker	play	None
2017-03-05 14:03:46.314976	Speaker	stop	None
2017-03-05 14:03:46.315544	Trial	end	235
2017-03-05 14:03:46.316123	Trial	start	236
2017-03-05 14:03:46.318195	Speaker	play	None
2017-03-05 14:03:46.372353	Speaker	stop	None
2017-03-05 14:03:46.372893	Trial	end	236
2017-03-05 14:03:46.373615	Trial	start	237
2017-03-05 14:03:46.376693	Speaker	play	None
2017-03-05 14:03:52.380838	Speaker	stop	None
2017-03-05 14:03:52.381392	Trial	end	237
2017-03-05 14:03:53.195830	Trial	start	238
2017-03-05 14:03:53.197663	Speaker	play	None
2017-03-05 14:03:54.260922	Speaker	stop	None
2017-03-05 14:03:54.261605	Trial	end	238
2017-03-05 14:03:54.262564	Trial	start	239
2017-03-05 14:03:54.264721	Speaker	play	None
2017-03-05 14:03:55.112799	Speaker	stop	None
2017-03-05 14:03:55.113470	Trial	end	239
2017-03-05 14:03:55.114209	Trial	start	240
2017-03-05 14:03:55.116921	Speaker	play	None
2017-03-05 14:03:55.161953	Speaker	stop	None
2017-03-05 14:03:55.162490	Trial	end	240
2017-03-05 14:03:55.163083	Trial	start	241
2017-03-05 14:03:55.164833	Speaker	play	None
2017-03-05 14:04:01.170445	Speaker	stop	None
2017-03-05 14:04:01.171274	Hopper	up	None
2017-03-05 14:04:13.175268	Hopper	down	None
2017-03-05 14:04:13.478332	Trial	end	241
2017-03-05 14:04:49.894294	Trial	start	242
2017-03-05 14:04:49.896204	Speaker	play	None
2017-03-05 14:04:55.898753	Speaker	stop	None
2017-03-05 14:04:55.899341	Trial	end	242
2017-03-05 14:04:59.634062	Trial	start	243
2017-03-05 14:04:59.645753	Speaker	play	None
2017-03-05 14:05:00.457408	Speaker	stop	None
2017-03-05 14:05:00.457938	Trial	end	243
2017-03-05 14:05:00.458596	Trial	start	244
2017-03-05 14:05:00.461074	Speaker	play	None
2017-03-05 14:05:01.436311	Speaker	stop	None
2017-03-05 14:05:01.436916	Trial	end	244
2017-03-05 14:05:01.437468	Trial	start	245
2017-03-05 14:05:01.439146	Speaker	play	None
2017-03-05 14:05:07.444975	Speaker	stop	None
2017-03-05 14:05:07.445738	Hopper	up	None
2017-03-05 14:05:19.449679	Hopper	down	None
2017-03-05 14:05:19.752758	Trial	end	245
2017-03-05 14:06:17.077746	Trial	start	246
2017-03-05 14:06:17.079598	Speaker	play	None
2017-03-05 14:06:23.082253	Speaker	stop	None
2017-03-05 14:06:23.083036	Hopper	up	None
2017-03-05 14:06:35.087011	Hopper	down	None
2017-03-05 14:06:35.390137	Trial	end	246
2017-03-05 14:07:04.757165	Trial	start	247
2017-03-05 14:07:04.761588	Speaker	play	None
2017-03-05 14:07:05.789445	Speaker	stop	None
2017-03-05 14:07:05.790260	Trial	end	247
2017-03-05 14:07:05.790965	Trial	start	248
2017-03-05 14:07:05.793661	Speaker	play	None
2017-03-05 14:07:05.842781	Speaker	stop	None
2017-03-05 14:07:05.843653	Trial	end	248
2017-03-05 14:07:05.844300	Trial	start	249
2017-03-05 14:07:05.846224	Speaker	play	None
2017-03-05 14:07:06.506139	Speaker	stop	None
2017-03-05 14:07:06.506701	Trial	end	249
2017-03-05 14:07:06.507275	Trial	start	250
2017-03-05 14:07:06.509115	Speaker	play	None
2017-03-05 14:07:06.555366	Speaker	stop	None
2017-03-05 14:07:06.556022	Trial	end	250
2017-03-05 14:07:06.556769	Trial	start	251
2017-03-05 14:07:06.559278	Speaker	play	None
2017-03-05 14:07:12.563781	Speaker	stop	None
2017-03-05 14:07:12.564298	Trial	end	251
2017-03-05 14:07:17.286220	Trial	start	252
2017-03-05 14:07:17.288490	Speaker	play	None
2017-03-05 14:07:18.273373	Speaker	stop	None
2017-03-05 14:07:18.273932	Trial	end	252
2017-03-05 14:07:18.274484	Trial	start	253
2017-03-05 14:07:18.276327	Speaker	play	None
2017-03-05 14:07:24.281947	Speaker	stop	None
2017-03-05 14:07:24.282802	Hopper	up	None
2017-03-05 14:07:36.286709	Hopper	down	None
2017-03-05 14:07:36.589780	Trial	end	253
2017-03-05 14:08:05.301467	Trial	start	254
2017-03-05 14:08:05.303309	Speaker	play	None
2017-03-05 14:08:11.306018	Speaker	stop	None
2017-03-05 14:08:11.306541	Trial	end	254
2017-03-05 14:08:15.119118	Trial	start	255
2017-03-05 14:08:15.121182	Speaker	play	None
2017-03-05 14:08:16.188227	Speaker	stop	None
2017-03-05 14:08:16.188765	Trial	end	255
2017-03-05 14:08:16.189380	Trial	start	256
2017-03-05 14:08:16.191198	Speaker	play	None
2017-03-05 14:08:17.388251	Speaker	stop	None
2017-03-05 14:08:17.389188	Trial	end	256
2017-03-05 14:08:17.390422	Trial	start	257
2017-03-05 14:08:17.393256	Speaker	play	None
2017-03-05 14:08:23.396921	Speaker	stop	None
2017-03-05 14:08:23.397989	Hopper	up	None
2017-03-05 14:08:35.401623	Hopper	down	None
2017-03-05 14:08:35.704745	Trial	end	257
2017-03-05 14:09:04.809540	Trial	start	258
2017-03-05 14:09:04.811508	Speaker	play	None
2017-03-05 14:09:10.814042	Speaker	stop	None
2017-03-05 14:09:10.814588	Trial	end	258
2017-03-05 14:09:16.965914	Trial	start	259
2017-03-05 14:09:16.967817	Speaker	play	None
2017-03-05 14:09:17.650027	Speaker	stop	None
2017-03-05 14:09:17.650587	Trial	end	259
2017-03-05 14:09:17.651166	Trial	start	260
2017-03-05 14:09:17.652950	Speaker	play	None
2017-03-05 14:09:17.707403	Speaker	stop	None
2017-03-05 14:09:17.707917	Trial	end	260
2017-03-05 14:09:17.708599	Trial	start	261
2017-03-05 14:09:17.710468	Speaker	play	None
2017-03-05 14:09:23.527449	Speaker	stop	None
2017-03-05 14:09:23.528003	Trial	end	261
2017-03-05 14:09:23.528624	Trial	start	262
2017-03-05 14:09:23.530452	Speaker	play	None
2017-03-05 14:09:26.017743	Speaker	stop	None
2017-03-05 14:09:26.018285	Trial	end	262
2017-03-05 14:09:26.018884	Trial	start	263
2017-03-05 14:09:26.020803	Speaker	play	None
2017-03-05 14:09:30.847017	Speaker	stop	None
2017-03-05 14:09:30.848032	Trial	end	263
2017-03-05 14:09:30.848777	Trial	start	264
2017-03-05 14:09:30.851061	Speaker	play	None
2017-03-05 14:09:31.940287	Speaker	stop	None
2017-03-05 14:09:31.940890	Trial	end	264
2017-03-05 14:09:31.941442	Trial	start	265
2017-03-05 14:09:31.943290	Speaker	play	None
2017-03-05 14:09:31.993545	Speaker	stop	None
2017-03-05 14:09:31.994145	Trial	end	265
2017-03-05 14:09:31.994752	Trial	start	266
2017-03-05 14:09:31.996594	Speaker	play	None
2017-03-05 14:09:33.037959	Speaker	stop	None
2017-03-05 14:09:33.038481	Trial	end	266
2017-03-05 14:09:33.039119	Trial	start	267
2017-03-05 14:09:33.041154	Speaker	play	None
2017-03-05 14:09:39.046589	Speaker	stop	None
2017-03-05 14:09:39.047342	Trial	end	267
2017-03-05 14:09:39.218575	Trial	start	268
2017-03-05 14:09:39.221435	Speaker	play	None
2017-03-05 14:09:40.103283	Speaker	stop	None
2017-03-05 14:09:40.103871	Trial	end	268
2017-03-05 14:09:40.104454	Trial	start	269
2017-03-05 14:09:40.106258	Speaker	play	None
2017-03-05 14:09:40.983866	Speaker	stop	None
2017-03-05 14:09:40.984418	Trial	end	269
2017-03-05 14:09:40.985092	Trial	start	270
2017-03-05 14:09:40.987020	Speaker	play	None
2017-03-05 14:09:41.037082	Speaker	stop	None
2017-03-05 14:09:41.037622	Trial	end	270
2017-03-05 14:09:41.038301	Trial	start	271
2017-03-05 14:09:41.040225	Speaker	play	None
2017-03-05 14:09:47.045616	Speaker	stop	None
2017-03-05 14:09:47.046210	Trial	end	271
2017-03-05 14:09:55.556682	Trial	start	272
2017-03-05 14:09:55.558711	Speaker	play	None
2017-03-05 14:09:55.614067	Speaker	stop	None
2017-03-05 14:09:55.614638	Trial	end	272
2017-03-05 14:09:55.615282	Trial	start	273
2017-03-05 14:09:55.617791	Speaker	play	None
2017-03-05 14:09:56.916623	Speaker	stop	None
2017-03-05 14:09:56.917284	Trial	end	273
2017-03-05 14:09:56.917978	Trial	start	274
2017-03-05 14:09:56.920688	Speaker	play	None
2017-03-05 14:09:58.059309	Speaker	stop	None
2017-03-05 14:09:58.059885	Trial	end	274
2017-03-05 14:09:58.060403	Trial	start	275
2017-03-05 14:09:58.062177	Speaker	play	None
2017-03-05 14:09:59.148768	Speaker	stop	None
2017-03-05 14:09:59.149326	Trial	end	275
2017-03-05 14:09:59.149936	Trial	start	276
2017-03-05 14:09:59.151887	Speaker	play	None
2017-03-05 14:10:05.157203	Speaker	stop	None
2017-03-05 14:10:05.157826	Trial	end	276
2017-03-05 14:10:09.752356	Trial	start	277
2017-03-05 14:10:09.754453	Speaker	play	None
2017-03-05 14:10:15.760638	Speaker	stop	None
2017-03-05 14:10:15.761180	Trial	end	277
2017-03-05 14:10:24.566051	Trial	start	278
2017-03-05 14:10:24.568162	Speaker	play	None
2017-03-05 14:10:25.577752	Speaker	stop	None
2017-03-05 14:10:25.578317	Trial	end	278
2017-03-05 14:10:25.578899	Trial	start	279
2017-03-05 14:10:25.581386	Speaker	play	None
2017-03-05 14:10:31.585961	Speaker	stop	None
2017-03-05 14:10:31.586880	Hopper	up	None
2017-03-05 14:10:43.590128	Hopper	down	None
2017-03-05 14:10:43.893165	Trial	end	279
2017-03-05 14:11:02.831261	Trial	start	280
2017-03-05 14:11:02.833937	Speaker	play	None
2017-03-05 14:11:03.744583	Speaker	stop	None
2017-03-05 14:11:03.745053	Trial	end	280
2017-03-05 14:11:03.745746	Trial	start	281
2017-03-05 14:11:03.747514	Speaker	play	None
2017-03-05 14:11:09.752748	Speaker	stop	None
2017-03-05 14:11:09.753716	Hopper	up	None
2017-03-05 14:11:21.756893	Hopper	down	None
2017-03-05 14:11:22.059983	Trial	end	281
2017-03-05 14:11:48.710098	Trial	start	282
2017-03-05 14:11:48.712090	Speaker	play	None
2017-03-05 14:11:54.718455	Speaker	stop	None
2017-03-05 14:11:54.719109	Trial	end	282
2017-03-05 14:12:00.333476	Trial	start	283
2017-03-05 14:12:00.335615	Speaker	play	None
2017-03-05 14:12:06.341755	Speaker	stop	None
2017-03-05 14:12:06.342680	Hopper	up	None
2017-03-05 14:12:18.345984	Hopper	down	None
2017-03-05 14:12:18.649087	Trial	end	283
2017-03-05 14:12:36.202921	Trial	start	284
2017-03-05 14:12:36.204868	Speaker	play	None
2017-03-05 14:12:41.822187	Speaker	stop	None
2017-03-05 14:12:41.822847	Trial	end	284
2017-03-05 14:12:41.823383	Trial	start	285
2017-03-05 14:12:41.825100	Speaker	play	None
2017-03-05 14:12:42.616718	Speaker	stop	None
2017-03-05 14:12:42.617357	Trial	end	285
2017-03-05 14:12:42.617934	Trial	start	286
2017-03-05 14:12:42.619704	Speaker	play	None
2017-03-05 14:12:47.269359	Speaker	stop	None
2017-03-05 14:12:47.270000	Trial	end	286
2017-03-05 14:12:47.270613	Trial	start	287
2017-03-05 14:12:47.272524	Speaker	play	None
2017-03-05 14:12:48.203163	Speaker	play	None
2017-03-05 14:12:48.203735	Trial	end	287
2017-03-05 14:12:48.204386	Trial	start	288
2017-03-05 14:12:48.208546	Speaker	play	None
2017-03-05 14:12:48.260622	Speaker	stop	None
2017-03-05 14:12:48.261208	Trial	end	288
2017-03-05 14:12:48.261815	Trial	start	289
2017-03-05 14:12:48.263658	Speaker	play	None
2017-03-05 14:12:54.268734	Speaker	stop	None
2017-03-05 14:12:54.269524	Trial	end	289
2017-03-05 14:12:58.671582	Trial	start	290
2017-03-05 14:12:58.673885	Speaker	play	None
2017-03-05 14:13:04.679840	Speaker	stop	None
2017-03-05 14:13:04.680396	Trial	end	290
2017-03-05 14:13:05.695567	Trial	start	291
2017-03-05 14:13:05.697920	Speaker	play	None
2017-03-05 14:13:11.703892	Speaker	stop	None
2017-03-05 14:13:11.704451	Trial	end	291
2017-03-05 14:13:12.572138	Trial	start	292
2017-03-05 14:13:12.574207	Speaker	play	None
2017-03-05 14:13:13.321686	Speaker	stop	None
2017-03-05 14:13:13.322286	Trial	end	292
2017-03-05 14:13:13.322926	Trial	start	293
2017-03-05 14:13:13.324698	Speaker	play	None
2017-03-05 14:13:19.329909	Speaker	stop	None
2017-03-05 14:13:19.330749	Hopper	up	None
2017-03-05 14:13:31.334210	Hopper	down	None
2017-03-05 14:13:31.637262	Trial	end	293
2017-03-05 14:13:44.665496	Trial	start	294
2017-03-05 14:13:44.667491	Speaker	play	None
2017-03-05 14:13:50.673913	Speaker	stop	None
2017-03-05 14:13:50.674765	Hopper	up	None
2017-03-05 14:14:02.678186	Hopper	down	None
2017-03-05 14:14:02.981254	Trial	end	294
2017-03-05 14:14:37.212803	Trial	start	295
2017-03-05 14:14:37.215434	Speaker	play	None
2017-03-05 14:14:37.753486	Speaker	stop	None
2017-03-05 14:14:37.754080	Trial	end	295
2017-03-05 14:14:37.754836	Trial	start	296
2017-03-05 14:14:37.757114	Speaker	play	None
2017-03-05 14:14:43.761736	Speaker	stop	None
2017-03-05 14:14:43.762509	Hopper	up	None
2017-03-05 14:14:55.766113	Hopper	down	None
2017-03-05 14:14:56.069121	Trial	end	296
2017-03-05 14:15:09.883778	Trial	start	297
2017-03-05 14:15:09.885892	Speaker	play	None
2017-03-05 14:15:15.888267	Speaker	stop	None
2017-03-05 14:15:15.889848	Hopper	up	None
2017-03-05 14:15:27.892436	Hopper	down	None
2017-03-05 14:15:28.195537	Trial	end	297
2017-03-05 14:15:49.480730	Trial	start	298
2017-03-05 14:15:49.482659	Speaker	play	None
2017-03-05 14:15:55.485288	Speaker	stop	None
2017-03-05 14:15:55.486025	Trial	end	298
2017-03-05 14:16:01.751318	Trial	start	299
2017-03-05 14:16:01.753309	Speaker	play	None
2017-03-05 14:16:07.759790	Speaker	stop	None
2017-03-05 14:16:07.760322	Trial	end	299
2017-03-05 14:16:12.154402	Trial	start	300
2017-03-05 14:16:12.157332	Speaker	play	None
2017-03-05 14:16:18.162848	Speaker	stop	None
2017-03-05 14:16:18.163644	Trial	end	300
2017-03-05 14:16:22.688455	Trial	start	301
2017-03-05 14:16:22.690445	Speaker	play	None
2017-03-05 14:16:28.692893	Speaker	stop	None
2017-03-05 14:16:28.693713	Trial	end	301
2017-03-05 14:16:33.140646	Trial	start	302
2017-03-05 14:16:33.143379	Speaker	play	None
2017-03-05 14:16:39.149037	Speaker	stop	None
2017-03-05 14:16:39.149857	Hopper	up	None
2017-03-05 14:16:51.153458	Hopper	down	None
2017-03-05 14:16:51.456524	Trial	end	302
2017-03-05 14:17:50.667931	Trial	start	303
2017-03-05 14:17:50.671120	Speaker	play	None
2017-03-05 14:17:56.676363	Speaker	stop	None
2017-03-05 14:17:56.677174	Hopper	up	None
2017-03-05 14:18:08.680766	Hopper	down	None
2017-03-05 14:18:08.983865	Trial	end	303
2017-03-05 14:18:24.338634	Trial	start	304
2017-03-05 14:18:24.341348	Speaker	play	None
2017-03-05 14:18:30.347055	Speaker	stop	None
2017-03-05 14:18:30.347664	Trial	end	304
2017-03-05 14:18:38.792380	Trial	start	305
2017-03-05 14:18:38.794319	Speaker	play	None
2017-03-05 14:18:44.800780	Speaker	stop	None
2017-03-05 14:18:44.801362	Trial	end	305
2017-03-05 16:26:33.958218	Trial	start	306
2017-03-05 16:26:33.960782	Speaker	play	None
2017-03-05 16:26:38.328526	Speaker	stop	None
2017-03-05 16:26:38.329151	Trial	end	306
2017-03-05 16:26:38.329674	Trial	start	307
2017-03-05 16:26:38.331426	Speaker	play	None
2017-03-05 16:26:39.843903	Speaker	stop	None
2017-03-05 16:26:39.844447	Trial	end	307
2017-03-05 16:26:39.845090	Trial	start	308
2017-03-05 16:26:39.847165	Speaker	play	None
2017-03-05 16:26:41.003052	Speaker	stop	None
2017-03-05 16:26:41.003703	Trial	end	308
2017-03-05 16:26:41.004616	Trial	start	309
2017-03-05 16:26:41.006560	Speaker	play	None
2017-03-05 16:26:41.052210	Speaker	stop	None
2017-03-05 16:26:41.052852	Trial	end	309
2017-03-05 16:26:41.053423	Trial	start	310
2017-03-05 16:26:41.055484	Speaker	play	None
2017-03-05 16:26:47.060727	Speaker	stop	None
2017-03-05 16:26:47.061384	Trial	end	310
2017-03-05 16:26:57.627779	Trial	start	311
2017-03-05 16:26:57.630392	Speaker	play	None
2017-03-05 16:27:03.636321	Speaker	stop	None
2017-03-05 16:27:03.636947	Trial	end	311
2017-03-05 16:27:08.755991	Trial	start	312
2017-03-05 16:27:08.758001	Speaker	play	None
2017-03-05 16:27:08.809322	Speaker	stop	None
2017-03-05 16:27:08.809860	Trial	end	312
2017-03-05 16:27:08.810473	Trial	start	313
2017-03-05 16:27:08.812348	Speaker	play	None
2017-03-05 16:27:09.812747	Speaker	stop	None
2017-03-05 16:27:09.813239	Trial	end	313
2017-03-05 16:27:09.813881	Trial	start	314
2017-03-05 16:27:09.815682	Speaker	play	None
2017-03-05 16:27:09.870055	Speaker	stop	None
2017-03-05 16:27:09.870609	Trial	end	314
2017-03-05 16:27:09.871193	Trial	start	315
2017-03-05 16:27:09.873899	Speaker	play	None
2017-03-05 16:27:15.878254	Speaker	stop	None
2017-03-05 16:27:15.878835	Trial	end	315
2017-03-05 16:27:22.738262	Trial	start	316
2017-03-05 16:27:22.740259	Speaker	play	None
2017-03-05 16:27:28.746524	Speaker	stop	None
2017-03-05 16:27:28.747067	Trial	end	316
2017-03-05 16:27:34.803836	Trial	start	317
2017-03-05 16:27:34.805884	Speaker	play	None
2017-03-05 16:27:36.012869	Speaker	stop	None
2017-03-05 16:27:36.013484	Trial	end	317
2017-03-05 16:27:36.014280	Trial	start	318
2017-03-05 16:27:36.016941	Speaker	play	None
2017-03-05 16:27:40.701532	Speaker	stop	None
2017-03-05 16:27:40.702188	Trial	end	318
2017-03-05 16:27:40.702885	Trial	start	319
2017-03-05 16:27:40.705327	Speaker	play	None
2017-03-05 16:27:46.709735	Speaker	stop	None
2017-03-05 16:27:46.710285	Trial	end	319
2017-03-05 16:27:51.542455	Trial	start	320
2017-03-05 16:27:51.545319	Speaker	play	None
2017-03-05 16:27:57.550646	Speaker	stop	None
2017-03-05 16:27:57.551225	Trial	end	320
2017-03-05 16:28:03.620251	Trial	start	321
2017-03-05 16:28:03.622300	Speaker	play	None
2017-03-05 16:28:09.628510	Speaker	stop	None
2017-03-05 16:28:09.629100	Trial	end	321
2017-03-05 16:28:15.128903	Trial	start	322
2017-03-05 16:28:15.131138	Speaker	play	None
2017-03-05 16:28:21.137140	Speaker	stop	None
2017-03-05 16:28:21.137797	Trial	end	322
2017-03-05 16:28:25.445617	Trial	start	323
2017-03-05 16:28:25.447661	Speaker	play	None
2017-03-05 16:28:26.334473	Speaker	stop	None
2017-03-05 16:28:26.335004	Trial	end	323
2017-03-05 16:28:26.335608	Trial	start	324
2017-03-05 16:28:26.337534	Speaker	play	None
2017-03-05 16:28:26.391832	Speaker	stop	None
2017-03-05 16:28:26.392346	Trial	end	324
2017-03-05 16:28:26.393039	Trial	start	325
2017-03-05 16:28:26.395787	Speaker	play	None
2017-03-05 16:28:32.399965	Speaker	stop	None
2017-03-05 16:28:32.400558	Trial	end	325
2017-03-05 16:28:35.999916	Trial	start	326
2017-03-05 16:28:36.001934	Speaker	play	None
2017-03-05 16:28:37.187729	Speaker	stop	None
2017-03-05 16:28:37.188320	Trial	end	326
2017-03-05 16:28:37.188938	Trial	start	327
2017-03-05 16:28:37.190780	Speaker	play	None
2017-03-05 16:28:37.241003	Speaker	stop	None
2017-03-05 16:28:37.241833	Trial	end	327
2017-03-05 16:28:37.242705	Trial	start	328
2017-03-05 16:28:37.245599	Speaker	play	None
2017-03-05 16:28:38.383636	Speaker	stop	None
2017-03-05 16:28:38.384225	Trial	end	328
2017-03-05 16:28:38.384781	Trial	start	329
2017-03-05 16:28:38.386604	Speaker	play	None
2017-03-05 16:28:38.432791	Speaker	stop	None
2017-03-05 16:28:38.433338	Trial	end	329
2017-03-05 16:28:38.433910	Trial	start	330
2017-03-05 16:28:38.436153	Speaker	play	None
2017-03-05 16:28:44.441134	Speaker	stop	None
2017-03-05 16:28:44.441882	Trial	end	330
2017-03-05 16:28:49.204103	Trial	start	331
2017-03-05 16:28:49.206665	Speaker	play	None
2017-03-05 16:28:50.727781	Speaker	stop	None
2017-03-05 16:28:50.728343	Trial	end	331
2017-03-05 16:28:50.728917	Trial	start	332
2017-03-05 16:28:50.730676	Speaker	play	None
2017-03-05 16:28:54.299153	Speaker	stop	None
2017-03-05 16:28:54.299805	Trial	end	332
2017-03-05 16:28:54.300407	Trial	start	333
2017-03-05 16:28:54.302392	Speaker	play	None
2017-03-05 16:28:54.352426	Speaker	stop	None
2017-03-05 16:28:54.353087	Trial	end	333
2017-03-05 16:28:54.353792	Trial	start	334
2017-03-05 16:28:54.356197	Speaker	play	None
2017-03-05 16:29:00.360618	Speaker	stop	None
2017-03-05 16:29:00.361172	Trial	end	334
2017-03-05 16:29:08.039760	Trial	start	335
2017-03-05 16:29:08.042546	Speaker	play	None
2017-03-05 16:29:14.048157	Speaker	stop	None
2017-03-05 16:29:14.048735	Trial	end	335
2017-03-05 16:29:16.157240	Trial	start	336
2017-03-05 16:29:16.160224	Speaker	play	None
2017-03-05 16:29:16.812612	Speaker	stop	None
2017-03-05 16:29:16.813156	Trial	end	336
2017-03-05 16:29:16.813770	Trial	start	337
2017-03-05 16:29:16.815570	Speaker	play	None
2017-03-05 16:29:16.865842	Speaker	stop	None
2017-03-05 16:29:16.866399	Trial	end	337
2017-03-05 16:29:16.867066	Trial	start	338
2017-03-05 16:29:16.869651	Speaker	play	None
2017-03-05 16:29:22.874098	Speaker	stop	None
2017-03-05 16:29:22.874657	Trial	end	338
2017-03-05 16:29:29.607298	Trial	start	339
2017-03-05 16:29:29.610629	Speaker	play	None
2017-03-05 16:29:29.660816	Speaker	stop	None
2017-03-05 16:29:29.661430	Trial	end	339
2017-03-05 16:29:29.661995	Trial	start	340
2017-03-05 16:29:29.663691	Speaker	play	None
2017-03-05 16:29:30.762233	Speaker	stop	None
2017-03-05 16:29:30.762869	Trial	end	340
2017-03-05 16:29:30.763666	Trial	start	341
2017-03-05 16:29:30.766267	Speaker	play	None
2017-03-05 16:29:30.815500	Speaker	stop	None
2017-03-05 16:29:30.816093	Trial	end	341
2017-03-05 16:29:30.816846	Trial	start	342
2017-03-05 16:29:30.819299	Speaker	play	None
2017-03-05 16:29:36.823737	Speaker	stop	None
2017-03-05 16:29:36.824281	Trial	end	342
2017-03-05 16:29:41.787523	Trial	start	343
2017-03-05 16:29:41.789488	Speaker	play	None
2017-03-05 16:29:42.684577	Speaker	stop	None
2017-03-05 16:29:42.685078	Trial	end	343
2017-03-05 16:29:42.685830	Trial	start	344
2017-03-05 16:29:42.688500	Speaker	play	None
2017-03-05 16:29:48.692827	Speaker	stop	None
2017-03-05 16:29:48.694355	Trial	end	344
2017-03-05 16:29:54.066110	Trial	start	345
2017-03-05 16:29:54.068392	Speaker	play	None
2017-03-05 16:29:55.180279	Speaker	stop	None
2017-03-05 16:29:55.180957	Trial	end	345
2017-03-05 16:29:55.181691	Trial	start	346
2017-03-05 16:29:55.183594	Speaker	play	None
2017-03-05 16:29:55.229376	Speaker	stop	None
2017-03-05 16:29:55.229911	Trial	end	346
2017-03-05 16:29:55.230612	Trial	start	347
2017-03-05 16:29:55.232439	Speaker	play	None
2017-03-05 16:30:01.237721	Speaker	stop	None
2017-03-05 16:30:01.238462	Trial	end	347
2017-03-05 16:30:04.690175	Trial	start	348
2017-03-05 16:30:04.692758	Speaker	play	None
2017-03-05 16:30:04.743495	Speaker	stop	None
2017-03-05 16:30:04.744029	Trial	end	348
2017-03-05 16:30:04.744776	Trial	start	349
2017-03-05 16:30:04.747399	Speaker	play	None
2017-03-05 16:30:05.329141	Speaker	stop	None
2017-03-05 16:30:05.329699	Trial	end	349
2017-03-05 16:30:05.330331	Trial	start	350
2017-03-05 16:30:05.332224	Speaker	play	None
2017-03-05 16:30:11.337434	Speaker	stop	None
2017-03-05 16:30:11.337978	Trial	end	350
2017-03-05 17:53:06.855477	PeckPort	off	None
2017-03-05 17:53:06.855671	HouseLight	on	None
2017-03-05 17:53:06.855811	Hopper	down	None
