"2017-03-05 10:53:23,364","INFO","Preparing subject and data storage"
"2017-03-05 10:53:23,364","INFO","Created subject object with name LblGra3039M"
"2017-03-05 10:53:23,364","INFO","Created datastore CSVStore: filename = /home/fet/data/LblGra3039M/050317/LblGra3039M_trialdata_20170305105323.csv, fields = session, index, time, stimulus_name, condition_name, response, correct, rt, reward, max_wait for subject LblGra3039M"
"2017-03-05 10:53:23,365","INFO","Preparing to run experiment Go No-Go Interruption"
"2017-03-05 10:53:23,670","INFO","Entering Idle state"
"2017-03-05 10:53:23,974","INFO","Beginning block #1"
"2017-03-05 10:54:12,576","INFO","Trial 1 - 10:54:12 - Rewarded - /home/fet/stimuli/test_categories_box2/reward/Di_Stim_9_PurRas20dd_040104010101.wav"
"2017-03-05 10:54:18,585","INFO","Supplying reward for 12.00 seconds"
"2017-03-05 10:56:12,603","INFO","Trial 2 - 10:56:12 - Rewarded - /home/fet/stimuli/test_categories_box2/reward/Di_Stim_2_WhiBlu4818_060606060606.wav"
"2017-03-05 10:56:18,612","INFO","Supplying reward for 12.00 seconds"
"2017-03-05 10:56:55,508","INFO","Trial 3 - 10:56:55 - Unrewarded - /home/fet/stimuli/test_categories_box2/nonreward/Ag_Stim_6_WhiWhi1415_020202020202.wav"
"2017-03-05 10:57:17,507","INFO","Trial 4 - 10:57:17 - Rewarded - /home/fet/stimuli/test_categories_box2/reward/Di_Stim_6_BlaBla0506_010101010101.wav"
"2017-03-05 10:57:23,512","INFO","Supplying reward for 12.00 seconds"
"2017-03-05 10:58:24,458","INFO","Trial 5 - 10:58:24 - Unrewarded - /home/fet/stimuli/test_categories_box2/nonreward/Th_Stim_2_WhiBlu4917_030701040208.wav"
"2017-03-05 10:58:31,413","INFO","Trial 6 - 10:58:31 - Rewarded - /home/fet/stimuli/test_categories_box2/reward/Di_Stim_10_Unknown000_020102010101.wav"
"2017-03-05 10:58:37,418","INFO","Supplying reward for 12.00 seconds"
"2017-03-05 10:59:16,587","INFO","Trial 7 - 10:59:16 - Unrewarded - /home/fet/stimuli/test_categories_box2/nonreward/Be_Stim_5_LblBlu6243_09_011404_01.wav"
"2017-03-05 10:59:25,061","INFO","Trial 8 - 10:59:25 - Unrewarded - /home/fet/stimuli/test_categories_box2/nonreward/Th_Stim_7_Unknown000_020409060701.wav"
"2017-03-05 10:59:25,120","INFO","Trial 9 - 10:59:25 - Unrewarded - /home/fet/stimuli/test_categories_box2/nonreward/Te_Stim_10_WhiBlu4818_090612180701.wav"
"2017-03-05 10:59:25,857","INFO","Trial 10 - 10:59:25 - Unrewarded - /home/fet/stimuli/test_categories_box2/nonreward/DC_Stim_10_WhiGra0114_131114071204.wav"
"2017-03-05 10:59:37,414","INFO","Trial 11 - 10:59:37 - Unrewarded - /home/fet/stimuli/test_categories_box2/nonreward/Tu_Stim_7_YelOra2575_101511281826.wav"
"2017-03-05 10:59:48,412","INFO","Trial 12 - 10:59:48 - Unrewarded - /home/fet/stimuli/test_categories_box2/nonreward/Th_Stim_5_YelGre5275_363303312207.wav"
"2017-03-05 10:59:57,546","INFO","Trial 13 - 10:59:57 - Unrewarded - /home/fet/stimuli/test_categories_box2/nonreward/Wh_Stim_10_GreOra1817_010101010101.wav"
"2017-03-05 11:00:08,195","INFO","Trial 14 - 11:00:08 - Rewarded - /home/fet/stimuli/test_categories_box2/reward/Di_Stim_1_YelOra2575_110909090911.wav"
"2017-03-05 11:00:14,204","INFO","Supplying reward for 12.00 seconds"
"2017-03-05 11:00:44,845","INFO","Trial 15 - 11:00:44 - Unrewarded - /home/fet/stimuli/test_categories_box2/nonreward/LT_Stim_2_LblBlu2028_041501090611.wav"
"2017-03-05 11:00:55,199","INFO","Trial 16 - 11:00:55 - Unrewarded - /home/fet/stimuli/test_categories_box2/nonreward/Ne_Stim_4_WhiBlu5698_120826091701.wav"
"2017-03-05 11:01:04,472","INFO","Trial 17 - 11:01:04 - Unrewarded - /home/fet/stimuli/test_categories_box2/nonreward/Wh_Stim_9_LblBla4419_060216011011.wav"
"2017-03-05 11:01:14,937","INFO","Trial 18 - 11:01:14 - Unrewarded - /home/fet/stimuli/test_categories_box2/nonreward/LT_Stim_3_WhiBlu3615_070306050201.wav"
"2017-03-05 11:01:25,046","INFO","Trial 19 - 11:01:25 - Rewarded - /home/fet/stimuli/test_categories_box2/reward/Di_Stim_9_GraGra0201_010701070707.wav"
"2017-03-05 11:01:31,055","INFO","Supplying reward for 12.00 seconds"
"2017-03-05 11:01:57,919","INFO","Trial 20 - 11:01:57 - Unrewarded - /home/fet/stimuli/test_categories_box2/nonreward/Be_Stim_10_LblBlu6680_06_0103_0111_01.wav"
"2017-03-05 11:02:09,195","INFO","Trial 21 - 11:02:09 - Rewarded - /home/fet/stimuli/test_categories_box2/reward/Di_Stim_5_YelOra2575_110911091111.wav"
"2017-03-05 11:02:15,201","INFO","Supplying reward for 12.00 seconds"
"2017-03-05 11:02:50,117","INFO","Trial 22 - 11:02:50 - Unrewarded - /home/fet/stimuli/test_categories_box2/nonreward/Ne_Stim_6_Unknown00F_020102020102.wav"
"2017-03-05 11:02:50,176","INFO","Trial 23 - 11:02:50 - Unrewarded - /home/fet/stimuli/test_categories_box2/nonreward/Th_Stim_9_WhiBlu4917_050801040203.wav"
"2017-03-05 11:02:50,794","INFO","Trial 24 - 11:02:50 - Unrewarded - /home/fet/stimuli/test_categories_box2/nonreward/Th_Stim_10_GreOra1817_371138500515.wav"
"2017-03-05 11:02:59,087","INFO","Trial 25 - 11:02:59 - Unrewarded - /home/fet/stimuli/test_categories_box2/nonreward/Be_Stim_8_LblBlu1927_151110.wav"
"2017-03-05 11:03:10,416","INFO","Trial 26 - 11:03:10 - Unrewarded - /home/fet/stimuli/test_categories_box2/nonreward/DC_Stim_10_GraLbl0457_242730131910.wav"
"2017-03-05 11:03:20,001","INFO","Trial 27 - 11:03:20 - Unrewarded - /home/fet/stimuli/test_categories_box2/nonreward/Th_Stim_1_BlaBla0506_050403010201.wav"
"2017-03-05 11:03:29,765","INFO","Trial 28 - 11:03:29 - Unrewarded - /home/fet/stimuli/test_categories_box2/nonreward/Th_Stim_4_WhiBlu4818_020105030401.wav"
"2017-03-05 11:03:30,786","INFO","Trial 29 - 11:03:30 - Rewarded - /home/fet/stimuli/test_categories_box2/reward/Di_Stim_7_PurRas20dd_010404010104.wav"
"2017-03-05 11:03:36,794","INFO","Supplying reward for 12.00 seconds"
"2017-03-05 11:04:06,714","INFO","Trial 30 - 11:04:06 - Unrewarded - /home/fet/stimuli/test_categories_box2/nonreward/So_Stim_1_WhiBlu5698_240831.wav"
"2017-03-05 11:04:17,405","INFO","Trial 31 - 11:04:17 - Unrewarded - /home/fet/stimuli/test_categories_box2/nonreward/Th_Stim_1_WhiGra0114_020605080107.wav"
"2017-03-05 11:04:26,763","INFO","Trial 32 - 11:04:26 - Unrewarded - /home/fet/stimuli/test_categories_box2/nonreward/Ag_Stim_4_GreOra1817_312812083329.wav"
"2017-03-05 11:04:26,818","INFO","Trial 33 - 11:04:26 - Unrewarded - /home/fet/stimuli/test_categories_box2/nonreward/LT_Stim_10_LblBlu2028_120806110903.wav"
"2017-03-05 11:04:36,110","INFO","Trial 34 - 11:04:36 - Unrewarded - /home/fet/stimuli/test_categories_box2/nonreward/Be_Stim_1_GraRas1600_150410.wav"
"2017-03-05 11:04:45,191","INFO","Trial 35 - 11:04:45 - Unrewarded - /home/fet/stimuli/test_categories_box2/nonreward/Ne_Stim_2_BlaBla0506_160705130404.wav"
"2017-03-05 11:04:56,290","INFO","Trial 36 - 11:04:56 - Unrewarded - /home/fet/stimuli/test_categories_box2/nonreward/LT_Stim_9_LblBlu6243_231715192710.wav"
"2017-03-05 11:05:07,382","INFO","Trial 37 - 11:05:07 - Rewarded - /home/fet/stimuli/test_categories_box2/reward/Di_Stim_9_YelOra2575_091111090911.wav"
"2017-03-05 11:05:13,391","INFO","Supplying reward for 12.00 seconds"
"2017-03-05 11:05:44,130","INFO","Trial 38 - 11:05:44 - Unrewarded - /home/fet/stimuli/test_categories_box2/nonreward/Be_Stim_4_GraRas1500_070106.wav"
"2017-03-05 11:05:53,657","INFO","Trial 39 - 11:05:53 - Unrewarded - /home/fet/stimuli/test_categories_box2/nonreward/LT_Stim_1_LblRas1800_030205060104.wav"
"2017-03-05 11:06:04,843","INFO","Trial 40 - 11:06:04 - Unrewarded - /home/fet/stimuli/test_categories_box2/nonreward/DC_Stim_7_WhiBlu4917_201922090605.wav"
"2017-03-05 11:06:05,708","INFO","Trial 41 - 11:06:05 - Rewarded - /home/fet/stimuli/test_categories_box2/reward/Di_Stim_8_WhiWhi1415_020202020202.wav"
"2017-03-05 11:06:11,716","INFO","Supplying reward for 12.00 seconds"
"2017-03-05 11:06:53,866","INFO","Trial 42 - 11:06:53 - Unrewarded - /home/fet/stimuli/test_categories_box2/nonreward/Tu_Stim_3_HPiHPi4748_272909180316.wav"
"2017-03-05 11:07:03,696","INFO","Trial 43 - 11:07:03 - Unrewarded - /home/fet/stimuli/test_categories_box2/nonreward/Be_Stim_10_LblBlu6379_01_010205_01.wav"
"2017-03-05 11:07:03,755","INFO","Trial 44 - 11:07:03 - Rewarded - /home/fet/stimuli/test_categories_box2/reward/Di_Stim_6_Unknown000_020102010102.wav"
"2017-03-05 11:07:09,763","INFO","Supplying reward for 12.00 seconds"
"2017-03-05 11:07:57,459","INFO","Trial 45 - 11:07:57 - Unrewarded - /home/fet/stimuli/test_categories_box2/nonreward/Ne_Stim_7_WhiBlu4917_131101030604.wav"
"2017-03-05 11:08:14,444","INFO","Trial 46 - 11:08:14 - Rewarded - /home/fet/stimuli/test_categories_box2/reward/Di_Stim_6_YelOra2575_110911110909.wav"
"2017-03-05 11:08:20,453","INFO","Supplying reward for 12.00 seconds"
"2017-03-05 11:08:49,099","INFO","Trial 47 - 11:08:49 - Unrewarded - /home/fet/stimuli/test_categories_box2/nonreward/So_Stim_8_WhiBlu4818_092211.wav"
"2017-03-05 11:08:58,757","INFO","Trial 48 - 11:08:58 - Unrewarded - /home/fet/stimuli/test_categories_box2/nonreward/Ag_Stim_4_WhiRas44dd_111708241032.wav"
"2017-03-05 11:09:08,792","INFO","Trial 49 - 11:09:08 - Unrewarded - /home/fet/stimuli/test_categories_box2/nonreward/Th_Stim_9_WhiGra0114_010208070506.wav"
"2017-03-05 11:09:10,114","INFO","Trial 50 - 11:09:10 - Unrewarded - /home/fet/stimuli/test_categories_box2/nonreward/Te_Stim_5_WhiBlu4818_031101050914.wav"
"2017-03-05 11:09:18,773","INFO","Trial 51 - 11:09:18 - Unrewarded - /home/fet/stimuli/test_categories_box2/nonreward/Be_Stim_9_GraRas1600_150812.wav"
"2017-03-05 11:09:30,221","INFO","Trial 52 - 11:09:30 - Unrewarded - /home/fet/stimuli/test_categories_box2/nonreward/So_Stim_3_BluRas61dd_200914.wav"
"2017-03-05 11:09:39,851","INFO","Trial 53 - 11:09:39 - Unrewarded - /home/fet/stimuli/test_categories_box2/nonreward/Tu_Stim_2_HPiHPi4748_131225100323.wav"
"2017-03-05 11:10:01,825","INFO","Trial 54 - 11:10:01 - Unrewarded - /home/fet/stimuli/test_categories_box2/nonreward/Ag_Stim_6_Unknown_11_010606060106.wav"
"2017-03-05 11:10:12,654","INFO","Trial 55 - 11:10:12 - Unrewarded - /home/fet/stimuli/test_categories_box2/nonreward/So_Stim_10_LblBla4548_434230.wav"
"2017-03-05 11:10:33,969","INFO","Trial 56 - 11:10:33 - Unrewarded - /home/fet/stimuli/test_categories_box2/nonreward/LT_Stim_10_LblBlu1927_010101010101.wav"
"2017-03-05 11:10:57,987","INFO","Trial 57 - 11:10:57 - Unrewarded - /home/fet/stimuli/test_categories_box2/nonreward/Te_Stim_10_YelOra2575_162712140622.wav"
"2017-03-05 11:11:09,750","INFO","Trial 58 - 11:11:09 - Unrewarded - /home/fet/stimuli/test_categories_box2/nonreward/Te_Stim_3_WhiBlu5698_160122141517.wav"
"2017-03-05 11:11:09,809","INFO","Trial 59 - 11:11:09 - Unrewarded - /home/fet/stimuli/test_categories_box2/nonreward/Te_Stim_8_GreRas2400_172412262033.wav"
"2017-03-05 11:11:22,894","INFO","Trial 60 - 11:11:22 - Unrewarded - /home/fet/stimuli/test_categories_box2/nonreward/Ne_Stim_4_Unknown01F_010201020102.wav"
"2017-03-05 11:11:42,697","INFO","Trial 61 - 11:11:42 - Unrewarded - /home/fet/stimuli/test_categories_box2/nonreward/So_Stim_9_GraLbl0457_081206.wav"
"2017-03-05 11:11:55,620","INFO","Trial 62 - 11:11:55 - Unrewarded - /home/fet/stimuli/test_categories_box2/nonreward/Tu_Stim_2_GreOra1817_100806020114.wav"
"2017-03-05 11:11:56,436","INFO","Trial 63 - 11:11:56 - Unrewarded - /home/fet/stimuli/test_categories_box2/nonreward/LT_Stim_5_LblBlu2028_031205011014.wav"
"2017-03-05 11:11:56,489","INFO","Trial 64 - 11:11:56 - Rewarded - /home/fet/stimuli/test_categories_box2/reward/Di_Stim_6_WhiLbl0010_040404040404.wav"
"2017-03-05 11:12:02,501","INFO","Supplying reward for 12.00 seconds"
"2017-03-05 11:12:42,882","INFO","Trial 65 - 11:12:42 - Rewarded - /home/fet/stimuli/test_categories_box2/reward/Di_Stim_2_Unknown000_010202010102.wav"
"2017-03-05 11:12:48,887","INFO","Supplying reward for 12.00 seconds"
"2017-03-05 11:13:25,573","INFO","Trial 66 - 11:13:25 - Unrewarded - /home/fet/stimuli/test_categories_box2/nonreward/Wh_Stim_10_WhiRas44dd_010203030202.wav"
"2017-03-05 11:13:38,454","INFO","Trial 67 - 11:13:38 - Unrewarded - /home/fet/stimuli/test_categories_box2/nonreward/So_Stim_3_YelOra2575_240218.wav"
"2017-03-05 11:13:49,304","INFO","Trial 68 - 11:13:49 - Unrewarded - /home/fet/stimuli/test_categories_box2/nonreward/DC_Stim_6_WhiBlu4917_091801050819.wav"
"2017-03-05 11:13:53,696","INFO","Trial 69 - 11:13:53 - Unrewarded - /home/fet/stimuli/test_categories_box2/nonreward/DC_Stim_3_GreGre6364_140609100502.wav"
"2017-03-05 11:13:54,650","INFO","Trial 70 - 11:13:54 - Unrewarded - /home/fet/stimuli/test_categories_box2/nonreward/Th_Stim_3_HPiHPi4748_071325270603.wav"
"2017-03-05 11:14:03,971","INFO","Trial 71 - 11:14:03 - Unrewarded - /home/fet/stimuli/test_categories_box2/nonreward/Be_Stim_7_GraGre1001_060905.wav"
"2017-03-05 11:14:04,026","INFO","Trial 72 - 11:14:04 - Unrewarded - /home/fet/stimuli/test_categories_box2/nonreward/Te_Stim_10_WhiWhi1415_051539360216.wav"
"2017-03-05 11:14:13,265","INFO","Trial 73 - 11:14:13 - Unrewarded - /home/fet/stimuli/test_categories_box2/nonreward/Ne_Stim_10_LblBla4419_443313105622.wav"
"2017-03-05 11:14:17,849","INFO","Trial 74 - 11:14:17 - Rewarded - /home/fet/stimuli/test_categories_box2/reward/Di_Stim_8_WhiBlu4917_010101010101.wav"
"2017-03-05 11:14:23,857","INFO","Supplying reward for 12.00 seconds"
"2017-03-05 11:15:08,382","INFO","Trial 75 - 11:15:08 - Unrewarded - /home/fet/stimuli/test_categories_box2/nonreward/Ag_Stim_8_BlaBla0506_090410071205.wav"
"2017-03-05 11:15:27,383","INFO","Trial 76 - 11:15:27 - Unrewarded - /home/fet/stimuli/test_categories_box2/nonreward/LT_Stim_2_LblBlu6243_131710042907.wav"
"2017-03-05 11:15:36,742","INFO","Trial 77 - 11:15:36 - Unrewarded - /home/fet/stimuli/test_categories_box2/nonreward/Te_Stim_2_GreRas2400_030619132224.wav"
"2017-03-05 11:15:37,779","INFO","Trial 78 - 11:15:37 - Unrewarded - /home/fet/stimuli/test_categories_box2/nonreward/LT_Stim_2_LblRas1800_010302060504.wav"
"2017-03-05 11:15:48,477","INFO","Trial 79 - 11:15:48 - Rewarded - /home/fet/stimuli/test_categories_box2/reward/Di_Stim_10_HPiHPi4748_030503050303.wav"
"2017-03-05 11:15:54,482","INFO","Supplying reward for 12.00 seconds"
"2017-03-05 11:16:47,039","INFO","Trial 80 - 11:16:47 - Unrewarded - /home/fet/stimuli/test_categories_box2/nonreward/Ag_Stim_5_WhiBlu4818_060507050605.wav"
"2017-03-05 11:16:57,602","INFO","Trial 81 - 11:16:57 - Rewarded - /home/fet/stimuli/test_categories_box2/reward/Di_Stim_1_HPiHPi4748_050305030303.wav"
"2017-03-05 11:17:00,708","INFO","Trial 82 - 11:17:00 - Unrewarded - /home/fet/stimuli/test_categories_box2/nonreward/DC_Stim_5_WhiBlu4917_060520180809.wav"
"2017-03-05 11:17:13,211","INFO","Trial 83 - 11:17:13 - Unrewarded - /home/fet/stimuli/test_categories_box2/nonreward/Tu_Stim_3_BluRas61dd_090407010506.wav"
"2017-03-05 11:17:14,212","INFO","Trial 84 - 11:17:14 - Unrewarded - /home/fet/stimuli/test_categories_box2/nonreward/Wh_Stim_8_LblBla4419_091211011013.wav"
"2017-03-05 11:17:24,520","INFO","Trial 85 - 11:17:24 - Unrewarded - /home/fet/stimuli/test_categories_box2/nonreward/Th_Stim_7_LblRed0613_090813011004.wav"
"2017-03-05 11:17:25,787","INFO","Trial 86 - 11:17:25 - Unrewarded - /home/fet/stimuli/test_categories_box2/nonreward/Ne_Stim_5_PurRas20dd_010303080605.wav"
"2017-03-05 11:17:39,687","INFO","Trial 87 - 11:17:39 - Rewarded - /home/fet/stimuli/test_categories_box2/reward/Di_Stim_8_YelOra2575_110909091111.wav"
"2017-03-05 11:17:45,692","INFO","Supplying reward for 12.00 seconds"
"2017-03-05 11:18:22,824","INFO","Trial 88 - 11:18:22 - Unrewarded - /home/fet/stimuli/test_categories_box2/nonreward/DC_Stim_6_RedRas3600_010209031007.wav"
"2017-03-05 11:18:23,915","INFO","Trial 89 - 11:18:23 - Unrewarded - /home/fet/stimuli/test_categories_box2/nonreward/DC_Stim_8_PurRas20dd_172113021223.wav"
"2017-03-05 11:18:33,645","INFO","Trial 90 - 11:18:33 - Unrewarded - /home/fet/stimuli/test_categories_box2/nonreward/Te_Stim_7_WhiWhi1415_111327063116.wav"
"2017-03-05 11:18:34,724","INFO","Trial 91 - 11:18:34 - Unrewarded - /home/fet/stimuli/test_categories_box2/nonreward/LT_Stim_3_LblBlu6379_030922251018.wav"
"2017-03-05 11:18:34,777","INFO","Trial 92 - 11:18:34 - Unrewarded - /home/fet/stimuli/test_categories_box2/nonreward/Tu_Stim_1_BlaLbl8026_070908101112.wav"
"2017-03-05 11:18:44,065","INFO","Trial 93 - 11:18:44 - Unrewarded - /home/fet/stimuli/test_categories_box2/nonreward/Th_Stim_10_WhiBlu4818_050302010401.wav"
"2017-03-05 11:18:44,959","INFO","Trial 94 - 11:18:44 - Rewarded - /home/fet/stimuli/test_categories_box2/reward/Di_Stim_3_YelOra2575_110909091109.wav"
"2017-03-05 11:18:50,967","INFO","Supplying reward for 12.00 seconds"
"2017-03-05 11:19:32,697","INFO","Trial 95 - 11:19:32 - Unrewarded - /home/fet/stimuli/test_categories_box2/nonreward/Ne_Stim_10_LblRed0613_274026220502.wav"
"2017-03-05 11:19:41,261","INFO","Trial 96 - 11:19:41 - Unrewarded - /home/fet/stimuli/test_categories_box2/nonreward/So_Stim_7_WhiLbl0010_070405.wav"
"2017-03-05 11:19:53,084","INFO","Trial 97 - 11:19:53 - Unrewarded - /home/fet/stimuli/test_categories_box2/nonreward/Ag_Stim_9_HPiHPi4748_060520363219.wav"
"2017-03-05 11:20:09,756","INFO","Trial 98 - 11:20:09 - Unrewarded - /home/fet/stimuli/test_categories_box2/nonreward/DC_Stim_2_RedRas3600_100204070903.wav"
"2017-03-05 11:20:19,335","INFO","Trial 99 - 11:20:19 - Unrewarded - /home/fet/stimuli/test_categories_box2/nonreward/LT_Stim_6_WhiBlu3414_172315072425.wav"
"2017-03-05 11:20:20,992","INFO","Trial 100 - 11:20:20 - Rewarded - /home/fet/stimuli/test_categories_box2/reward/Di_Stim_10_PurRas20dd_040101010404.wav"
"2017-03-05 11:20:26,998","INFO","Supplying reward for 12.00 seconds"
"2017-03-05 11:21:13,414","INFO","Trial 101 - 11:21:13 - Unrewarded - /home/fet/stimuli/test_categories_box2/nonreward/Tu_Stim_10_LblRed0613_030507080604.wav"
"2017-03-05 11:21:15,390","INFO","Trial 102 - 11:21:15 - Rewarded - /home/fet/stimuli/test_categories_box2/reward/Di_Stim_3_WhiLbl0010_040404040404.wav"
"2017-03-05 11:21:21,397","INFO","Supplying reward for 12.00 seconds"
"2017-03-05 11:21:52,448","INFO","Trial 103 - 11:21:52 - Unrewarded - /home/fet/stimuli/test_categories_box2/nonreward/Wh_Stim_8_LblBla4548_081117150710.wav"
"2017-03-05 11:22:18,511","INFO","Trial 104 - 11:22:18 - Unrewarded - /home/fet/stimuli/test_categories_box2/nonreward/Tu_Stim_10_GreOra1817_100515140802.wav"
"2017-03-05 11:22:30,134","INFO","Trial 105 - 11:22:30 - Unrewarded - /home/fet/stimuli/test_categories_box2/nonreward/So_Stim_6_YelOra2575_231914.wav"
"2017-03-05 11:22:44,480","INFO","Trial 106 - 11:22:44 - Unrewarded - /home/fet/stimuli/test_categories_box2/nonreward/Ne_Stim_2_WhiWhi1415_050910040608.wav"
"2017-03-05 11:23:04,302","INFO","Trial 107 - 11:23:04 - Unrewarded - /home/fet/stimuli/test_categories_box2/nonreward/Tu_Stim_3_PurRas20dd_020406080501.wav"
"2017-03-05 11:23:07,331","INFO","Trial 108 - 11:23:07 - Unrewarded - /home/fet/stimuli/test_categories_box2/nonreward/Tu_Stim_8_GreOra1817_051509080106.wav"
"2017-03-05 11:23:15,663","INFO","Trial 109 - 11:23:15 - Unrewarded - /home/fet/stimuli/test_categories_box2/nonreward/So_Stim_5_LblBla4548_402220.wav"
"2017-03-05 11:23:29,358","INFO","Trial 110 - 11:23:29 - Unrewarded - /home/fet/stimuli/test_categories_box2/nonreward/LT_Stim_1_LblBlu6243_052715121626.wav"
"2017-03-05 11:24:00,079","INFO","Trial 111 - 11:24:00 - Unrewarded - /home/fet/stimuli/test_categories_box2/nonreward/Ne_Stim_5_WhiBlu5698_081213120615.wav"
"2017-03-05 11:24:00,137","INFO","Trial 112 - 11:24:00 - Rewarded - /home/fet/stimuli/test_categories_box2/reward/Di_Stim_2_Unknown_11_020101010101.wav"
"2017-03-05 11:24:06,145","INFO","Supplying reward for 12.00 seconds"
"2017-03-05 11:24:34,366","INFO","Trial 113 - 11:24:34 - Unrewarded - /home/fet/stimuli/test_categories_box2/nonreward/Be_Stim_7_LblBlu2028_080201_03.wav"
"2017-03-05 11:24:46,038","INFO","Trial 114 - 11:24:46 - Unrewarded - /home/fet/stimuli/test_categories_box2/nonreward/Tu_Stim_1_HPiHPi4748_212622191028.wav"
"2017-03-05 11:24:49,033","INFO","Trial 115 - 11:24:49 - Rewarded - /home/fet/stimuli/test_categories_box2/reward/Di_Stim_4_BlaBla0506_010101010101.wav"
"2017-03-05 11:24:55,041","INFO","Supplying reward for 12.00 seconds"
"2017-03-05 11:25:37,617","INFO","Trial 116 - 11:25:37 - Unrewarded - /home/fet/stimuli/test_categories_box2/nonreward/Ag_Stim_2_WhiWhi1415_020202020202.wav"
"2017-03-05 11:25:48,573","INFO","Trial 117 - 11:25:48 - Unrewarded - /home/fet/stimuli/test_categories_box2/nonreward/LT_Stim_4_LblGre0000_170113210716.wav"
"2017-03-05 11:26:08,457","INFO","Trial 118 - 11:26:08 - Unrewarded - /home/fet/stimuli/test_categories_box2/nonreward/Tu_Stim_2_YelOra2575_210.17082423.wav"
"2017-03-05 11:26:08,511","INFO","Trial 119 - 11:26:08 - Rewarded - /home/fet/stimuli/test_categories_box2/reward/Di_Stim_9_WhiWhi1415_020202020202.wav"
"2017-03-05 11:26:14,519","INFO","Supplying reward for 12.00 seconds"
"2017-03-05 11:26:49,257","INFO","Trial 120 - 11:26:49 - Unrewarded - /home/fet/stimuli/test_categories_box2/nonreward/Ag_Stim_8_WhiBlu4917_010101010101.wav"
"2017-03-05 11:27:06,245","INFO","Trial 121 - 11:27:06 - Unrewarded - /home/fet/stimuli/test_categories_box2/nonreward/So_Stim_7_LblBla4548_433823.wav"
"2017-03-05 11:27:20,322","INFO","Trial 122 - 11:27:20 - Unrewarded - /home/fet/stimuli/test_categories_box2/nonreward/So_Stim_6_LblBla4548_200823.wav"
"2017-03-05 11:27:37,274","INFO","Trial 123 - 11:27:37 - Rewarded - /home/fet/stimuli/test_categories_box2/reward/Di_Stim_6_WhiBlu4917_010101010101.wav"
"2017-03-05 11:27:43,282","INFO","Supplying reward for 12.00 seconds"
"2017-03-05 11:28:06,791","INFO","Trial 124 - 11:28:06 - Unrewarded - /home/fet/stimuli/test_categories_box2/nonreward/Te_Stim_5_WhiBlu4917_111517021912.wav"
"2017-03-05 11:28:06,845","INFO","Trial 125 - 11:28:06 - Unrewarded - /home/fet/stimuli/test_categories_box2/nonreward/Wh_Stim_3_GraGra0201_050506050204.wav"
"2017-03-05 11:28:08,086","INFO","Trial 126 - 11:28:08 - Unrewarded - /home/fet/stimuli/test_categories_box2/nonreward/DC_Stim_3_RedRas3600_100306040908.wav"
"2017-03-05 11:28:18,758","INFO","Trial 127 - 11:28:18 - Unrewarded - /home/fet/stimuli/test_categories_box2/nonreward/Ag_Stim_6_HPiHPi4748_231726040506.wav"
"2017-03-05 11:28:30,774","INFO","Trial 128 - 11:28:30 - Rewarded - /home/fet/stimuli/test_categories_box2/reward/Di_Stim_10_GraGra0201_010701070107.wav"
"2017-03-05 11:28:36,783","INFO","Supplying reward for 12.00 seconds"
"2017-03-05 11:29:02,135","INFO","Trial 129 - 11:29:02 - Unrewarded - /home/fet/stimuli/test_categories_box2/nonreward/Th_Stim_1_HPiHPi4748_140720031715.wav"
"2017-03-05 11:29:03,266","INFO","Trial 130 - 11:29:03 - Rewarded - /home/fet/stimuli/test_categories_box2/reward/Di_Stim_5_Unknown000_020101020102.wav"
"2017-03-05 11:29:09,274","INFO","Supplying reward for 12.00 seconds"
"2017-03-05 11:29:35,698","INFO","Trial 131 - 11:29:35 - Rewarded - /home/fet/stimuli/test_categories_box2/reward/Di_Stim_2_GraGra0201_010701070701.wav"
"2017-03-05 11:29:41,707","INFO","Supplying reward for 12.00 seconds"
"2017-03-05 11:30:09,545","INFO","Trial 132 - 11:30:09 - Unrewarded - /home/fet/stimuli/test_categories_box2/nonreward/Th_Stim_9_WhiRas44dd_145008213226.wav"
"2017-03-05 11:30:20,615","INFO","Trial 133 - 11:30:20 - Unrewarded - /home/fet/stimuli/test_categories_box2/nonreward/Tu_Stim_8_LblRed0613_020108050706.wav"
"2017-03-05 11:30:26,832","INFO","Trial 134 - 11:30:26 - Unrewarded - /home/fet/stimuli/test_categories_box2/nonreward/Wh_Stim_1_LblBla4419_061107101202.wav"
"2017-03-05 11:30:39,930","INFO","Trial 135 - 11:30:39 - Unrewarded - /home/fet/stimuli/test_categories_box2/nonreward/Ag_Stim_7_WhiBlu5698_101311080703.wav"
"2017-03-05 11:30:49,825","INFO","Trial 136 - 11:30:49 - Rewarded - /home/fet/stimuli/test_categories_box2/reward/Di_Stim_6_PurRas20dd_010404040404.wav"
"2017-03-05 11:30:50,257","INFO","Trial 137 - 11:30:50 - Unrewarded - /home/fet/stimuli/test_categories_box2/nonreward/Tu_Stim_4_BluRas07dd_062314201807.wav"
"2017-03-05 11:30:51,178","INFO","Trial 138 - 11:30:51 - Unrewarded - /home/fet/stimuli/test_categories_box2/nonreward/Ag_Stim_4_WhiLbl0010_081826191112.wav"
"2017-03-05 11:31:03,181","INFO","Trial 139 - 11:31:03 - Unrewarded - /home/fet/stimuli/test_categories_box2/nonreward/Te_Stim_3_WhiLbl0010_050813122916.wav"
"2017-03-05 11:31:12,265","INFO","Trial 140 - 11:31:12 - Unrewarded - /home/fet/stimuli/test_categories_box2/nonreward/Be_Stim_4_LblGre0001_090603_01.wav"
"2017-03-05 11:31:15,495","INFO","Trial 141 - 11:31:15 - Unrewarded - /home/fet/stimuli/test_categories_box2/nonreward/Be_Stim_5_LblBlu2028_01_0201_0102_02.wav"
"2017-03-05 11:31:16,182","INFO","Trial 142 - 11:31:16 - Rewarded - /home/fet/stimuli/test_categories_box2/reward/Di_Stim_4_HPiHPi4748_050305050503.wav"
"2017-03-05 11:31:16,239","INFO","Trial 143 - 11:31:16 - Unrewarded - /home/fet/stimuli/test_categories_box2/nonreward/LT_Stim_5_WhiBlu3615_070604050201.wav"
"2017-03-05 11:31:17,222","INFO","Trial 144 - 11:31:17 - Unrewarded - /home/fet/stimuli/test_categories_box2/nonreward/So_Stim_8_LblRed0613_341412.wav"
"2017-03-05 11:31:17,890","INFO","Trial 145 - 11:31:17 - Unrewarded - /home/fet/stimuli/test_categories_box2/nonreward/Tu_Stim_2_BlaLbl8026_091208110706.wav"
"2017-03-05 11:31:18,991","INFO","Trial 146 - 11:31:18 - Rewarded - /home/fet/stimuli/test_categories_box2/reward/Di_Stim_5_WhiBlu4917_010101010101.wav"
"2017-03-05 11:31:24,999","INFO","Supplying reward for 12.00 seconds"
"2017-03-05 11:31:56,785","INFO","Trial 147 - 11:31:56 - Unrewarded - /home/fet/stimuli/test_categories_box2/nonreward/Te_Stim_9_HPiHPi4748_042329051202.wav"
"2017-03-05 11:32:08,425","INFO","Trial 148 - 11:32:08 - Unrewarded - /home/fet/stimuli/test_categories_box2/nonreward/Be_Stim_7_LblGre0001_11_0202_0106.wav"
"2017-03-05 11:32:09,352","INFO","Trial 149 - 11:32:09 - Unrewarded - /home/fet/stimuli/test_categories_box2/nonreward/Tu_Stim_2_LblRed0613_040203050106.wav"
"2017-03-05 11:32:13,625","INFO","Trial 150 - 11:32:13 - Unrewarded - /home/fet/stimuli/test_categories_box2/nonreward/Te_Stim_8_YelOra2575_081118030219.wav"
"2017-03-05 11:32:21,154","INFO","Trial 151 - 11:32:21 - Unrewarded - /home/fet/stimuli/test_categories_box2/nonreward/Ag_Stim_2_WhiBlu5698_110814130306.wav"
"2017-03-05 11:32:38,045","INFO","Trial 152 - 11:32:38 - Rewarded - /home/fet/stimuli/test_categories_box2/reward/Di_Stim_7_BlaBla0506_010101010101.wav"
"2017-03-05 11:32:44,054","INFO","Supplying reward for 12.00 seconds"
"2017-03-05 11:33:38,239","INFO","Trial 153 - 11:33:38 - Unrewarded - /home/fet/stimuli/test_categories_box2/nonreward/LT_Stim_1_LblBlu1630_040912131016.wav"
"2017-03-05 11:33:47,856","INFO","Trial 154 - 11:33:47 - Unrewarded - /home/fet/stimuli/test_categories_box2/nonreward/Ne_Stim_1_LblBla4419_533234094845.wav"
"2017-03-05 11:33:54,077","INFO","Trial 155 - 11:33:54 - Unrewarded - /home/fet/stimuli/test_categories_box2/nonreward/Th_Stim_6_BlaBla0506_050104030205.wav"
"2017-03-05 11:33:59,063","INFO","Trial 156 - 11:33:59 - Unrewarded - /home/fet/stimuli/test_categories_box2/nonreward/So_Stim_5_YelGre5275_080609.wav"
"2017-03-05 11:34:20,764","INFO","Trial 157 - 11:34:20 - Unrewarded - /home/fet/stimuli/test_categories_box2/nonreward/DC_Stim_3_BluRas07dd_180324131009.wav"
"2017-03-05 11:34:26,520","INFO","Trial 158 - 11:34:26 - Unrewarded - /home/fet/stimuli/test_categories_box2/nonreward/So_Stim_6_LblRed0613_042341.wav"
"2017-03-05 11:34:27,949","INFO","Trial 159 - 11:34:27 - Unrewarded - /home/fet/stimuli/test_categories_box2/nonreward/Tu_Stim_9_GraGra0201_172109070320.wav"
"2017-03-05 11:34:31,846","INFO","Trial 160 - 11:34:31 - Unrewarded - /home/fet/stimuli/test_categories_box2/nonreward/LT_Stim_10_LblBlu6243_290708040923.wav"
"2017-03-05 11:34:32,443","INFO","Trial 161 - 11:34:32 - Unrewarded - /home/fet/stimuli/test_categories_box2/nonreward/LT_Stim_2_LblBlu6680_241518270207.wav"
"2017-03-05 11:34:41,919","INFO","Trial 162 - 11:34:41 - Unrewarded - /home/fet/stimuli/test_categories_box2/nonreward/LT_Stim_5_LblBlu1630_021406150105.wav"
"2017-03-05 11:34:50,004","INFO","Trial 163 - 11:34:50 - Unrewarded - /home/fet/stimuli/test_categories_box2/nonreward/Wh_Stim_6_YelGre5275_131403050412.wav"
"2017-03-05 11:34:50,500","INFO","Trial 164 - 11:34:50 - Unrewarded - /home/fet/stimuli/test_categories_box2/nonreward/Te_Stim_1_YelOra2575_030922102318.wav"
"2017-03-05 11:34:57,232","INFO","Trial 165 - 11:34:57 - Unrewarded - /home/fet/stimuli/test_categories_box2/nonreward/Ag_Stim_7_HPiHPi4748_150528392932.wav"
"2017-03-05 11:34:57,942","INFO","Trial 166 - 11:34:57 - Rewarded - /home/fet/stimuli/test_categories_box2/reward/Di_Stim_4_Unknown_11_020102010101.wav"
"2017-03-05 11:35:03,950","INFO","Supplying reward for 12.00 seconds"
"2017-03-05 11:35:28,962","INFO","Trial 167 - 11:35:28 - Unrewarded - /home/fet/stimuli/test_categories_box2/nonreward/Be_Stim_8_LblBlu6243_06_0104_0105_01.wav"
"2017-03-05 11:35:29,528","INFO","Trial 168 - 11:35:29 - Unrewarded - /home/fet/stimuli/test_categories_box2/nonreward/Tu_Stim_9_PurRas20dd_010309050807.wav"
"2017-03-05 11:35:30,519","INFO","Trial 169 - 11:35:30 - Unrewarded - /home/fet/stimuli/test_categories_box2/nonreward/Tu_Stim_4_PurRas20dd_040503010206.wav"
"2017-03-05 11:35:37,637","INFO","Trial 170 - 11:35:37 - Unrewarded - /home/fet/stimuli/test_categories_box2/nonreward/Te_Stim_2_YelOra2575_261207041619.wav"
"2017-03-05 11:35:45,070","INFO","Trial 171 - 11:35:45 - Unrewarded - /home/fet/stimuli/test_categories_box2/nonreward/Ag_Stim_7_Unknown_11_060106010106.wav"
"2017-03-05 11:36:02,035","INFO","Trial 172 - 11:36:02 - Unrewarded - /home/fet/stimuli/test_categories_box2/nonreward/Te_Stim_6_GreGre6364_240705172820.wav"
"2017-03-05 11:36:10,734","INFO","Trial 173 - 11:36:10 - Unrewarded - /home/fet/stimuli/test_categories_box2/nonreward/DC_Stim_2_WhiGra0114_121113141007.wav"
"2017-03-05 13:47:46,877","INFO","Trial 174 - 13:47:46 - Unrewarded - /home/fet/stimuli/test_categories_box2/nonreward/Be_Stim_2_LblBlu1630_04_c.0401.wav"
"2017-03-05 13:47:49,107","INFO","Trial 175 - 13:47:49 - Unrewarded - /home/fet/stimuli/test_categories_box2/nonreward/So_Stim_9_WhiLbl0010_080705.wav"
"2017-03-05 13:48:02,642","INFO","Trial 176 - 13:48:02 - Unrewarded - /home/fet/stimuli/test_categories_box2/nonreward/DC_Stim_6_PurRas20dd_192314111015.wav"
"2017-03-05 13:48:05,793","INFO","Trial 177 - 13:48:05 - Rewarded - /home/fet/stimuli/test_categories_box2/reward/Di_Stim_8_Unknown000_010201020202.wav"
"2017-03-05 13:48:11,801","INFO","Supplying reward for 12.00 seconds"
"2017-03-05 13:48:55,462","INFO","Trial 178 - 13:48:55 - Unrewarded - /home/fet/stimuli/test_categories_box2/nonreward/Wh_Stim_4_LblBla4419_170810090514.wav"
"2017-03-05 13:49:04,993","INFO","Trial 179 - 13:49:04 - Unrewarded - /home/fet/stimuli/test_categories_box2/nonreward/Te_Stim_6_WhiBlu4818_040107141317.wav"
"2017-03-05 13:49:07,107","INFO","Trial 180 - 13:49:07 - Rewarded - /home/fet/stimuli/test_categories_box2/reward/Di_Stim_5_BlaLbl8026_030201030201.wav"
"2017-03-05 13:49:07,163","INFO","Trial 181 - 13:49:07 - Unrewarded - /home/fet/stimuli/test_categories_box2/nonreward/Wh_Stim_10_GreGre2522_010302010301.wav"
"2017-03-05 13:49:18,554","INFO","Trial 182 - 13:49:18 - Unrewarded - /home/fet/stimuli/test_categories_box2/nonreward/Be_Stim_4_LblBlu6680_03_0101_0204_01.wav"
"2017-03-05 13:49:18,605","INFO","Trial 183 - 13:49:18 - Rewarded - /home/fet/stimuli/test_categories_box2/reward/Di_Stim_7_WhiBlu4818_060606060606.wav"
"2017-03-05 13:49:24,612","INFO","Supplying reward for 12.00 seconds"
"2017-03-05 13:50:25,988","INFO","Trial 184 - 13:50:25 - Rewarded - /home/fet/stimuli/test_categories_box2/reward/Di_Stim_3_WhiBlu4818_060606060606.wav"
"2017-03-05 13:50:31,998","INFO","Supplying reward for 12.00 seconds"
"2017-03-05 13:51:18,324","INFO","Trial 185 - 13:51:18 - Unrewarded - /home/fet/stimuli/test_categories_box2/nonreward/Te_Stim_7_WhiLbl0010_030821010512.wav"
"2017-03-05 13:51:19,312","INFO","Trial 186 - 13:51:19 - Unrewarded - /home/fet/stimuli/test_categories_box2/nonreward/Ne_Stim_3_WhiBlu5698_121013052509.wav"
"2017-03-05 13:51:19,362","INFO","Trial 187 - 13:51:19 - Unrewarded - /home/fet/stimuli/test_categories_box2/nonreward/LT_Stim_4_LblGre0001_081002030907.wav"
"2017-03-05 13:51:20,738","INFO","Trial 188 - 13:51:20 - Rewarded - /home/fet/stimuli/test_categories_box2/reward/Di_Stim_9_HPiHPi4748_050303050305.wav"
"2017-03-05 13:51:20,787","INFO","Trial 189 - 13:51:20 - Rewarded - /home/fet/stimuli/test_categories_box2/reward/Di_Stim_5_WhiWhi1415_020202020202.wav"
"2017-03-05 13:51:26,795","INFO","Supplying reward for 12.00 seconds"
"2017-03-05 13:52:44,549","INFO","Trial 190 - 13:52:44 - Unrewarded - /home/fet/stimuli/test_categories_box2/nonreward/So_Stim_2_GraLbl0457_040714.wav"
"2017-03-05 13:52:53,769","INFO","Trial 191 - 13:52:53 - Unrewarded - /home/fet/stimuli/test_categories_box2/nonreward/Th_Stim_7_WhiBlu5698_010407060604.wav"
"2017-03-05 13:52:59,038","INFO","Trial 192 - 13:52:59 - Unrewarded - /home/fet/stimuli/test_categories_box2/nonreward/Be_Stim_2_LblRas1800_02_020310_02.wav"
"2017-03-05 13:53:08,338","INFO","Trial 193 - 13:53:08 - Unrewarded - /home/fet/stimuli/test_categories_box2/nonreward/Th_Stim_9_YelGre5275_132016263141.wav"
"2017-03-05 13:53:09,289","INFO","Trial 194 - 13:53:09 - Unrewarded - /home/fet/stimuli/test_categories_box2/nonreward/Wh_Stim_6_BlaLbl8026_073209080908.wav"
"2017-03-05 13:53:17,947","INFO","Trial 195 - 13:53:17 - Unrewarded - /home/fet/stimuli/test_categories_box2/nonreward/DC_Stim_7_BluRas07dd_310913220508.wav"
"2017-03-05 13:53:18,710","INFO","Trial 196 - 13:53:18 - Rewarded - /home/fet/stimuli/test_categories_box2/reward/Di_Stim_2_HPiHPi4748_030503030303.wav"
"2017-03-05 13:53:18,759","INFO","Trial 197 - 13:53:18 - Unrewarded - /home/fet/stimuli/test_categories_box2/nonreward/LT_Stim_5_LblBlu6243_100523120917.wav"
"2017-03-05 13:53:27,076","INFO","Trial 198 - 13:53:27 - Unrewarded - /home/fet/stimuli/test_categories_box2/nonreward/Te_Stim_2_WhiWhi1415_272302332122.wav"
"2017-03-05 13:53:28,290","INFO","Trial 199 - 13:53:28 - Unrewarded - /home/fet/stimuli/test_categories_box2/nonreward/Tu_Stim_6_HPiHPi4748_171510182209.wav"
"2017-03-05 13:53:28,343","INFO","Trial 200 - 13:53:28 - Unrewarded - /home/fet/stimuli/test_categories_box2/nonreward/DC_Stim_8_GraLbl0457_153227161931.wav"
"2017-03-05 13:53:31,749","INFO","Trial 201 - 13:53:31 - Unrewarded - /home/fet/stimuli/test_categories_box2/nonreward/Be_Stim_5_LblBlu6680_07_0102_0111_02.wav"
"2017-03-05 13:53:33,297","INFO","Trial 202 - 13:53:33 - Unrewarded - /home/fet/stimuli/test_categories_box2/nonreward/Ne_Stim_7_LblBla4419_182741225054.wav"
"2017-03-05 13:53:45,729","INFO","Trial 203 - 13:53:45 - Unrewarded - /home/fet/stimuli/test_categories_box2/nonreward/So_Stim_1_GraLbl0457_060205.wav"
"2017-03-05 13:53:54,453","INFO","Trial 204 - 13:53:54 - Unrewarded - /home/fet/stimuli/test_categories_box2/nonreward/Ne_Stim_2_WhiBlu4917_071112100901.wav"
"2017-03-05 13:54:06,801","INFO","Trial 205 - 13:54:06 - Unrewarded - /home/fet/stimuli/test_categories_box2/nonreward/Te_Stim_2_BluRas07dd_011918082126.wav"
"2017-03-05 13:54:07,733","INFO","Trial 206 - 13:54:07 - Rewarded - /home/fet/stimuli/test_categories_box2/reward/Di_Stim_6_BlaLbl8026_020103020302.wav"
"2017-03-05 13:54:13,740","INFO","Supplying reward for 12.00 seconds"
"2017-03-05 13:54:59,453","INFO","Trial 207 - 13:54:59 - Unrewarded - /home/fet/stimuli/test_categories_box2/nonreward/Be_Stim_8_LblBlu6379_03_0205_0203_01.wav"
"2017-03-05 13:55:00,589","INFO","Trial 208 - 13:55:00 - Unrewarded - /home/fet/stimuli/test_categories_box2/nonreward/DC_Stim_9_GraLbl0457_161915043202.wav"
"2017-03-05 13:55:00,642","INFO","Trial 209 - 13:55:00 - Unrewarded - /home/fet/stimuli/test_categories_box2/nonreward/Ne_Stim_4_PurRas20dd_060803050203.wav"
"2017-03-05 13:55:11,155","INFO","Trial 210 - 13:55:11 - Unrewarded - /home/fet/stimuli/test_categories_box2/nonreward/Te_Stim_3_BlaLbl8026_102106041822.wav"
"2017-03-05 13:55:15,461","INFO","Trial 211 - 13:55:15 - Unrewarded - /home/fet/stimuli/test_categories_box2/nonreward/Ag_Stim_5_GreOra1817_140825091821.wav"
"2017-03-05 13:55:25,511","INFO","Trial 212 - 13:55:25 - Unrewarded - /home/fet/stimuli/test_categories_box2/nonreward/Ne_Stim_10_Unknown00F_010202020202.wav"
"2017-03-05 13:55:34,198","INFO","Trial 213 - 13:55:34 - Rewarded - /home/fet/stimuli/test_categories_box2/reward/Di_Stim_4_WhiBlu4818_060606060606.wav"
"2017-03-05 13:55:40,207","INFO","Supplying reward for 12.00 seconds"
"2017-03-05 13:56:40,710","INFO","Trial 214 - 13:56:40 - Rewarded - /home/fet/stimuli/test_categories_box2/reward/Di_Stim_6_GraGra0201_010707010707.wav"
"2017-03-05 13:56:46,715","INFO","Supplying reward for 12.00 seconds"
"2017-03-05 13:57:37,593","INFO","Trial 215 - 13:57:37 - Unrewarded - /home/fet/stimuli/test_categories_box2/nonreward/Wh_Stim_5_HPiHPi4748_052714301017.wav"
"2017-03-05 13:57:38,597","INFO","Trial 216 - 13:57:38 - Unrewarded - /home/fet/stimuli/test_categories_box2/nonreward/Ag_Stim_5_WhiWhi1415_020202020202.wav"
"2017-03-05 13:57:38,651","INFO","Trial 217 - 13:57:38 - Unrewarded - /home/fet/stimuli/test_categories_box2/nonreward/LT_Stim_1_LblGre0000_080201071809.wav"
"2017-03-05 13:57:39,921","INFO","Trial 218 - 13:57:39 - Rewarded - /home/fet/stimuli/test_categories_box2/reward/Di_Stim_4_BlaLbl8026_010302010203.wav"
"2017-03-05 13:57:39,974","INFO","Trial 219 - 13:57:39 - Unrewarded - /home/fet/stimuli/test_categories_box2/nonreward/LT_Stim_7_LblRas1800_010402060503.wav"
"2017-03-05 13:57:58,568","INFO","Trial 220 - 13:57:58 - Rewarded - /home/fet/stimuli/test_categories_box2/reward/Di_Stim_3_GraGra0201_070107070701.wav"
"2017-03-05 13:58:04,577","INFO","Supplying reward for 12.00 seconds"
"2017-03-05 13:59:56,482","INFO","Trial 221 - 13:59:56 - Unrewarded - /home/fet/stimuli/test_categories_box2/nonreward/LT_Stim_7_LblBlu6379_111404101201.wav"
"2017-03-05 14:00:18,972","INFO","Trial 222 - 14:00:18 - Unrewarded - /home/fet/stimuli/test_categories_box2/nonreward/Th_Stim_5_Unknown_11_060110070305.wav"
"2017-03-05 14:00:20,218","INFO","Trial 223 - 14:00:20 - Unrewarded - /home/fet/stimuli/test_categories_box2/nonreward/Tu_Stim_10_BluRas07dd_191814082122.wav"
"2017-03-05 14:00:31,481","INFO","Trial 224 - 14:00:31 - Unrewarded - /home/fet/stimuli/test_categories_box2/nonreward/DC_Stim_1_WhiBlu4917_091922062018.wav"
"2017-03-05 14:00:45,640","INFO","Trial 225 - 14:00:45 - Unrewarded - /home/fet/stimuli/test_categories_box2/nonreward/LT_Stim_9_LblBlu1630_070105040214.wav"
"2017-03-05 14:00:58,329","INFO","Trial 226 - 14:00:58 - Unrewarded - /home/fet/stimuli/test_categories_box2/nonreward/So_Stim_2_BlaBla0506_061208.wav"
"2017-03-05 14:00:59,317","INFO","Trial 227 - 14:00:59 - Unrewarded - /home/fet/stimuli/test_categories_box2/nonreward/Ag_Stim_3_WhiBlu4818_060705050706.wav"
"2017-03-05 14:01:13,520","INFO","Trial 228 - 14:01:13 - Unrewarded - /home/fet/stimuli/test_categories_box2/nonreward/Wh_Stim_3_HpiGra1004_080704020501.wav"
"2017-03-05 14:01:19,276","INFO","Trial 229 - 14:01:19 - Unrewarded - /home/fet/stimuli/test_categories_box2/nonreward/Be_Stim_4_GraRas1600_110212.wav"
"2017-03-05 14:01:20,280","INFO","Trial 230 - 14:01:20 - Unrewarded - /home/fet/stimuli/test_categories_box2/nonreward/Ag_Stim_8_WhiBlu5698_081311040614.wav"
"2017-03-05 14:01:35,662","INFO","Trial 231 - 14:01:35 - Unrewarded - /home/fet/stimuli/test_categories_box2/nonreward/Ag_Stim_4_WhiBlu4818_060507070607.wav"
"2017-03-05 14:01:48,314","INFO","Trial 232 - 14:01:48 - Unrewarded - /home/fet/stimuli/test_categories_box2/nonreward/Wh_Stim_2_LblRed0613_281116052723.wav"
"2017-03-05 14:01:58,664","INFO","Trial 233 - 14:01:58 - Rewarded - /home/fet/stimuli/test_categories_box2/reward/Di_Stim_3_BlaBla0506_010101010101.wav"
"2017-03-05 14:02:04,669","INFO","Supplying reward for 12.00 seconds"
"2017-03-05 14:03:44,537","INFO","Trial 234 - 14:03:44 - Unrewarded - /home/fet/stimuli/test_categories_box2/nonreward/Be_Stim_7_GraGre0813_090205.wav"
"2017-03-05 14:03:45,472","INFO","Trial 235 - 14:03:45 - Unrewarded - /home/fet/stimuli/test_categories_box2/nonreward/So_Stim_8_RedRas3600_060102.wav"
"2017-03-05 14:03:46,316","INFO","Trial 236 - 14:03:46 - Rewarded - /home/fet/stimuli/test_categories_box2/reward/Di_Stim_5_Unknown_11_010201010101.wav"
"2017-03-05 14:03:46,373","INFO","Trial 237 - 14:03:46 - Unrewarded - /home/fet/stimuli/test_categories_box2/nonreward/Wh_Stim_5_HpiGra1004_020604030105.wav"
"2017-03-05 14:03:53,195","INFO","Trial 238 - 14:03:53 - Unrewarded - /home/fet/stimuli/test_categories_box2/nonreward/Te_Stim_7_GreGre6364_141903020415.wav"
"2017-03-05 14:03:54,262","INFO","Trial 239 - 14:03:54 - Unrewarded - /home/fet/stimuli/test_categories_box2/nonreward/Ne_Stim_3_GraGra0201_282336014953.wav"
"2017-03-05 14:03:55,114","INFO","Trial 240 - 14:03:55 - Unrewarded - /home/fet/stimuli/test_categories_box2/nonreward/Tu_Stim_5_GraLbl0457_031115061213.wav"
"2017-03-05 14:03:55,163","INFO","Trial 241 - 14:03:55 - Rewarded - /home/fet/stimuli/test_categories_box2/reward/Di_Stim_4_Unknown000_010201010102.wav"
"2017-03-05 14:04:01,171","INFO","Supplying reward for 12.00 seconds"
"2017-03-05 14:04:49,894","INFO","Trial 242 - 14:04:49 - Unrewarded - /home/fet/stimuli/test_categories_box2/nonreward/Ag_Stim_7_GreOra1817_292713250817.wav"
"2017-03-05 14:04:59,634","INFO","Trial 243 - 14:04:59 - Unrewarded - /home/fet/stimuli/test_categories_box2/nonreward/Ne_Stim_5_LblBla4419_364345460403.wav"
"2017-03-05 14:05:00,458","INFO","Trial 244 - 14:05:00 - Unrewarded - /home/fet/stimuli/test_categories_box2/nonreward/Tu_Stim_1_GraLbl0457_160306150111.wav"
"2017-03-05 14:05:01,437","INFO","Trial 245 - 14:05:01 - Rewarded - /home/fet/stimuli/test_categories_box2/reward/Di_Stim_7_GraGra0201_070107070701.wav"
"2017-03-05 14:05:07,445","INFO","Supplying reward for 12.00 seconds"
"2017-03-05 14:06:17,077","INFO","Trial 246 - 14:06:17 - Rewarded - /home/fet/stimuli/test_categories_box2/reward/Di_Stim_3_Unknown000_020101010101.wav"
"2017-03-05 14:06:23,082","INFO","Supplying reward for 12.00 seconds"
"2017-03-05 14:07:04,757","INFO","Trial 247 - 14:07:04 - Unrewarded - /home/fet/stimuli/test_categories_box2/nonreward/Ne_Stim_8_BluRas07dd_061912050911.wav"
"2017-03-05 14:07:05,791","INFO","Trial 248 - 14:07:05 - Unrewarded - /home/fet/stimuli/test_categories_box2/nonreward/Tu_Stim_8_BlaLbl8026_060511071009.wav"
"2017-03-05 14:07:05,844","INFO","Trial 249 - 14:07:05 - Unrewarded - /home/fet/stimuli/test_categories_box2/nonreward/Tu_Stim_5_WhiLbl0010_081218252023.wav"
"2017-03-05 14:07:06,507","INFO","Trial 250 - 14:07:06 - Unrewarded - /home/fet/stimuli/test_categories_box2/nonreward/Be_Stim_8_GraRas1600_011108.wav"
"2017-03-05 14:07:06,556","INFO","Trial 251 - 14:07:06 - Unrewarded - /home/fet/stimuli/test_categories_box2/nonreward/Wh_Stim_6_WhiRas44dd_020301010303.wav"
"2017-03-05 14:07:17,286","INFO","Trial 252 - 14:07:17 - Unrewarded - /home/fet/stimuli/test_categories_box2/nonreward/Wh_Stim_1_YelGre5275_011410060711.wav"
"2017-03-05 14:07:18,274","INFO","Trial 253 - 14:07:18 - Rewarded - /home/fet/stimuli/test_categories_box2/reward/Di_Stim_7_BlaLbl8026_030102010101.wav"
"2017-03-05 14:07:24,282","INFO","Supplying reward for 12.00 seconds"
"2017-03-05 14:08:05,301","INFO","Trial 254 - 14:08:05 - Unrewarded - /home/fet/stimuli/test_categories_box2/nonreward/LT_Stim_4_WhiBlu0112_021701062225.wav"
"2017-03-05 14:08:15,119","INFO","Trial 255 - 14:08:15 - Unrewarded - /home/fet/stimuli/test_categories_box2/nonreward/LT_Stim_9_WhiBlu3615_050301060702.wav"
"2017-03-05 14:08:16,189","INFO","Trial 256 - 14:08:16 - Unrewarded - /home/fet/stimuli/test_categories_box2/nonreward/Ne_Stim_1_Unknown00F_010201010101.wav"
"2017-03-05 14:08:17,390","INFO","Trial 257 - 14:08:17 - Rewarded - /home/fet/stimuli/test_categories_box2/reward/Di_Stim_8_WhiLbl0010_040404040404.wav"
"2017-03-05 14:08:23,397","INFO","Supplying reward for 12.00 seconds"
"2017-03-05 14:09:04,809","INFO","Trial 258 - 14:09:04 - Unrewarded - /home/fet/stimuli/test_categories_box2/nonreward/So_Stim_1_LblBla4548_462335.wav"
"2017-03-05 14:09:16,966","INFO","Trial 259 - 14:09:16 - Unrewarded - /home/fet/stimuli/test_categories_box2/nonreward/DC_Stim_9_WhiBlu4818_030105020402.wav"
"2017-03-05 14:09:17,651","INFO","Trial 260 - 14:09:17 - Unrewarded - /home/fet/stimuli/test_categories_box2/nonreward/Th_Stim_1_WhiBlu5698_010607040704.wav"
"2017-03-05 14:09:17,708","INFO","Trial 261 - 14:09:17 - Unrewarded - /home/fet/stimuli/test_categories_box2/nonreward/DC_Stim_4_YelGre5275_372416221129.wav"
"2017-03-05 14:09:23,528","INFO","Trial 262 - 14:09:23 - Unrewarded - /home/fet/stimuli/test_categories_box2/nonreward/DC_Stim_7_LblBla4548_401619304521.wav"
"2017-03-05 14:09:26,018","INFO","Trial 263 - 14:09:26 - Unrewarded - /home/fet/stimuli/test_categories_box2/nonreward/Be_Stim_3_LblBlu6379_0203_0205_02.wav"
"2017-03-05 14:09:30,848","INFO","Trial 264 - 14:09:30 - Unrewarded - /home/fet/stimuli/test_categories_box2/nonreward/Te_Stim_10_GreGre6364_282007300623.wav"
"2017-03-05 14:09:31,941","INFO","Trial 265 - 14:09:31 - Unrewarded - /home/fet/stimuli/test_categories_box2/nonreward/Th_Stim_9_Unknown_11_060211080709.wav"
"2017-03-05 14:09:31,994","INFO","Trial 266 - 14:09:31 - Unrewarded - /home/fet/stimuli/test_categories_box2/nonreward/Be_Stim_3_LblBlu1927_021508.wav"
"2017-03-05 14:09:33,039","INFO","Trial 267 - 14:09:33 - Unrewarded - /home/fet/stimuli/test_categories_box2/nonreward/Th_Stim_3_WhiBlu5698_040706010101.wav"
"2017-03-05 14:09:39,218","INFO","Trial 268 - 14:09:39 - Unrewarded - /home/fet/stimuli/test_categories_box2/nonreward/DC_Stim_8_YelGre5275_313911252021.wav"
"2017-03-05 14:09:40,104","INFO","Trial 269 - 14:09:40 - Unrewarded - /home/fet/stimuli/test_categories_box2/nonreward/DC_Stim_5_LblBla4548_011532051416.wav"
"2017-03-05 14:09:40,985","INFO","Trial 270 - 14:09:40 - Unrewarded - /home/fet/stimuli/test_categories_box2/nonreward/LT_Stim_5_WhiBlu3414_211020051503.wav"
"2017-03-05 14:09:41,038","INFO","Trial 271 - 14:09:41 - Unrewarded - /home/fet/stimuli/test_categories_box2/nonreward/Ne_Stim_1_BluRas07dd_081910220903.wav"
"2017-03-05 14:09:55,556","INFO","Trial 272 - 14:09:55 - Unrewarded - /home/fet/stimuli/test_categories_box2/nonreward/Ag_Stim_1_PurRas20dd_170408091820.wav"
"2017-03-05 14:09:55,615","INFO","Trial 273 - 14:09:55 - Unrewarded - /home/fet/stimuli/test_categories_box2/nonreward/LT_Stim_9_LblBlu1927_010101010101.wav"
"2017-03-05 14:09:56,918","INFO","Trial 274 - 14:09:56 - Unrewarded - /home/fet/stimuli/test_categories_box2/nonreward/Be_Stim_4_GraGre0813_141101.wav"
"2017-03-05 14:09:58,060","INFO","Trial 275 - 14:09:58 - Unrewarded - /home/fet/stimuli/test_categories_box2/nonreward/Te_Stim_1_WhiBlu4818_121110171907.wav"
"2017-03-05 14:09:59,150","INFO","Trial 276 - 14:09:59 - Unrewarded - /home/fet/stimuli/test_categories_box2/nonreward/So_Stim_2_WhiBlu4818_091105.wav"
"2017-03-05 14:10:09,752","INFO","Trial 277 - 14:10:09 - Unrewarded - /home/fet/stimuli/test_categories_box2/nonreward/So_Stim_9_BluRas61dd_101319.wav"
"2017-03-05 14:10:24,566","INFO","Trial 278 - 14:10:24 - Unrewarded - /home/fet/stimuli/test_categories_box2/nonreward/Be_Stim_3_LblBlu1630_04_b.0404_c..wav"
"2017-03-05 14:10:25,578","INFO","Trial 279 - 14:10:25 - Rewarded - /home/fet/stimuli/test_categories_box2/reward/Di_Stim_4_YelOra2575_110909111109.wav"
"2017-03-05 14:10:31,586","INFO","Supplying reward for 12.00 seconds"
"2017-03-05 14:11:02,831","INFO","Trial 280 - 14:11:02 - Unrewarded - /home/fet/stimuli/test_categories_box2/nonreward/So_Stim_2_LblRed0613_133631.wav"
"2017-03-05 14:11:03,745","INFO","Trial 281 - 14:11:03 - Rewarded - /home/fet/stimuli/test_categories_box2/reward/Di_Stim_9_WhiBlu4818_060606060606.wav"
"2017-03-05 14:11:09,753","INFO","Supplying reward for 12.00 seconds"
"2017-03-05 14:11:48,710","INFO","Trial 282 - 14:11:48 - Unrewarded - /home/fet/stimuli/test_categories_box2/nonreward/So_Stim_8_LblBla4548_414448.wav"
"2017-03-05 14:12:00,333","INFO","Trial 283 - 14:12:00 - Rewarded - /home/fet/stimuli/test_categories_box2/reward/Di_Stim_7_Unknown000_010202020102.wav"
"2017-03-05 14:12:06,342","INFO","Supplying reward for 12.00 seconds"
"2017-03-05 14:12:36,203","INFO","Trial 284 - 14:12:36 - Unrewarded - /home/fet/stimuli/test_categories_box2/nonreward/Tu_Stim_4_GreOra1817_061110171607.wav"
"2017-03-05 14:12:41,823","INFO","Trial 285 - 14:12:41 - Rewarded - /home/fet/stimuli/test_categories_box2/reward/Di_Stim_5_HPiHPi4748_050305030305.wav"
"2017-03-05 14:12:42,618","INFO","Trial 286 - 14:12:42 - Unrewarded - /home/fet/stimuli/test_categories_box2/nonreward/Ag_Stim_2_PurRas20dd_040915182022.wav"
"2017-03-05 14:12:47,270","INFO","Trial 287 - 14:12:47 - Unrewarded - /home/fet/stimuli/test_categories_box2/nonreward/Be_Stim_2_GraGre1001_040717.wav"
"2017-03-05 14:12:48,204","INFO","Trial 288 - 14:12:48 - Unrewarded - /home/fet/stimuli/test_categories_box2/nonreward/Tu_Stim_6_GreOra1817_140111051612.wav"
"2017-03-05 14:12:48,261","INFO","Trial 289 - 14:12:48 - Unrewarded - /home/fet/stimuli/test_categories_box2/nonreward/Ag_Stim_2_BlaBla0506_120705091004.wav"
"2017-03-05 14:12:58,671","INFO","Trial 290 - 14:12:58 - Unrewarded - /home/fet/stimuli/test_categories_box2/nonreward/Th_Stim_7_YelGre5275_301907023608.wav"
"2017-03-05 14:13:05,695","INFO","Trial 291 - 14:13:05 - Unrewarded - /home/fet/stimuli/test_categories_box2/nonreward/Wh_Stim_10_HPiHPi4748_280612151701.wav"
"2017-03-05 14:13:12,572","INFO","Trial 292 - 14:13:12 - Unrewarded - /home/fet/stimuli/test_categories_box2/nonreward/DC_Stim_7_WhiGra0114_141112130410.wav"
"2017-03-05 14:13:13,323","INFO","Trial 293 - 14:13:13 - Rewarded - /home/fet/stimuli/test_categories_box2/reward/Di_Stim_4_WhiLbl0010_040404040404.wav"
"2017-03-05 14:13:19,330","INFO","Supplying reward for 12.00 seconds"
"2017-03-05 14:13:44,665","INFO","Trial 294 - 14:13:44 - Rewarded - /home/fet/stimuli/test_categories_box2/reward/Di_Stim_6_WhiWhi1415_020202020202.wav"
"2017-03-05 14:13:50,674","INFO","Supplying reward for 12.00 seconds"
"2017-03-05 14:14:37,212","INFO","Trial 295 - 14:14:37 - Unrewarded - /home/fet/stimuli/test_categories_box2/nonreward/DC_Stim_7_GraLbl0457_242021150318.wav"
"2017-03-05 14:14:37,754","INFO","Trial 296 - 14:14:37 - Rewarded - /home/fet/stimuli/test_categories_box2/reward/Di_Stim_2_WhiBlu4917_010101010101.wav"
"2017-03-05 14:14:43,762","INFO","Supplying reward for 12.00 seconds"
"2017-03-05 14:15:09,883","INFO","Trial 297 - 14:15:09 - Rewarded - /home/fet/stimuli/test_categories_box2/reward/Di_Stim_2_BlaBla0506_010101010101.wav"
"2017-03-05 14:15:15,889","INFO","Supplying reward for 12.00 seconds"
"2017-03-05 14:15:49,480","INFO","Trial 298 - 14:15:49 - Unrewarded - /home/fet/stimuli/test_categories_box2/nonreward/DC_Stim_10_LblBla4548_350106405012.wav"
"2017-03-05 14:16:01,751","INFO","Trial 299 - 14:16:01 - Unrewarded - /home/fet/stimuli/test_categories_box2/nonreward/Ag_Stim_8_HPiHPi4748_360524213525.wav"
"2017-03-05 14:16:12,154","INFO","Trial 300 - 14:16:12 - Unrewarded - /home/fet/stimuli/test_categories_box2/nonreward/Ag_Stim_9_WhiRas44dd_172132240810.wav"
"2017-03-05 14:16:22,688","INFO","Trial 301 - 14:16:22 - Unrewarded - /home/fet/stimuli/test_categories_box2/nonreward/LT_Stim_2_LblBlu1927_010101010101.wav"
"2017-03-05 14:16:33,140","INFO","Trial 302 - 14:16:33 - Rewarded - /home/fet/stimuli/test_categories_box2/reward/Di_Stim_1_WhiWhi1415_020202020202.wav"
"2017-03-05 14:16:39,149","INFO","Supplying reward for 12.00 seconds"
"2017-03-05 14:17:50,668","INFO","Trial 303 - 14:17:50 - Rewarded - /home/fet/stimuli/test_categories_box2/reward/Di_Stim_8_GraGra0201_010707070101.wav"
"2017-03-05 14:17:56,676","INFO","Supplying reward for 12.00 seconds"
"2017-03-05 14:18:24,338","INFO","Trial 304 - 14:18:24 - Unrewarded - /home/fet/stimuli/test_categories_box2/nonreward/LT_Stim_7_LblBlu1630_031305120608.wav"
"2017-03-05 14:18:38,792","INFO","Trial 305 - 14:18:38 - Unrewarded - /home/fet/stimuli/test_categories_box2/nonreward/LT_Stim_7_LblBlu6243_170912021428.wav"
"2017-03-05 16:26:33,958","INFO","Trial 306 - 16:26:33 - Unrewarded - /home/fet/stimuli/test_categories_box2/nonreward/Te_Stim_8_HPiHPi4748_061530191708.wav"
"2017-03-05 16:26:38,329","INFO","Trial 307 - 16:26:38 - Unrewarded - /home/fet/stimuli/test_categories_box2/nonreward/Wh_Stim_3_GraLbl0457_020401050204.wav"
"2017-03-05 16:26:39,845","INFO","Trial 308 - 16:26:39 - Unrewarded - /home/fet/stimuli/test_categories_box2/nonreward/Tu_Stim_2_YelGre5275_050408090623.wav"
"2017-03-05 16:26:41,004","INFO","Trial 309 - 16:26:41 - Unrewarded - /home/fet/stimuli/test_categories_box2/nonreward/So_Stim_4_YelGre5275_091615.wav"
"2017-03-05 16:26:41,053","INFO","Trial 310 - 16:26:41 - Unrewarded - /home/fet/stimuli/test_categories_box2/nonreward/Ag_Stim_8_Unknown_11_010601060106.wav"
"2017-03-05 16:26:57,627","INFO","Trial 311 - 16:26:57 - Unrewarded - /home/fet/stimuli/test_categories_box2/nonreward/So_Stim_3_WhiLbl0010_070805.wav"
"2017-03-05 16:27:08,756","INFO","Trial 312 - 16:27:08 - Unrewarded - /home/fet/stimuli/test_categories_box2/nonreward/Tu_Stim_2_GraGra0201_061008140212.wav"
"2017-03-05 16:27:08,810","INFO","Trial 313 - 16:27:08 - Unrewarded - /home/fet/stimuli/test_categories_box2/nonreward/Th_Stim_7_HPiHPi4748_160511190810.wav"
"2017-03-05 16:27:09,813","INFO","Trial 314 - 16:27:09 - Unrewarded - /home/fet/stimuli/test_categories_box2/nonreward/So_Stim_4_GraLbl0457_110905.wav"
"2017-03-05 16:27:09,871","INFO","Trial 315 - 16:27:09 - Unrewarded - /home/fet/stimuli/test_categories_box2/nonreward/Wh_Stim_9_WhiRas44dd_020103020102.wav"
"2017-03-05 16:27:22,738","INFO","Trial 316 - 16:27:22 - Unrewarded - /home/fet/stimuli/test_categories_box2/nonreward/Wh_Stim_6_GraLbl0457_040201050105.wav"
"2017-03-05 16:27:34,803","INFO","Trial 317 - 16:27:34 - Unrewarded - /home/fet/stimuli/test_categories_box2/nonreward/Wh_Stim_7_GreGre2522_030102030103.wav"
"2017-03-05 16:27:36,014","INFO","Trial 318 - 16:27:36 - Rewarded - /home/fet/stimuli/test_categories_box2/reward/Di_Stim_3_HPiHPi4748_050303030503.wav"
"2017-03-05 16:27:40,703","INFO","Trial 319 - 16:27:40 - Unrewarded - /home/fet/stimuli/test_categories_box2/nonreward/Wh_Stim_3_YelGre5275_100501061408.wav"
"2017-03-05 16:27:51,542","INFO","Trial 320 - 16:27:51 - Unrewarded - /home/fet/stimuli/test_categories_box2/nonreward/Ne_Stim_10_BluRas07dd_041219062008.wav"
"2017-03-05 16:28:03,620","INFO","Trial 321 - 16:28:03 - Unrewarded - /home/fet/stimuli/test_categories_box2/nonreward/LT_Stim_6_LblBlu6680_131217202204.wav"
"2017-03-05 16:28:15,129","INFO","Trial 322 - 16:28:15 - Unrewarded - /home/fet/stimuli/test_categories_box2/nonreward/Wh_Stim_10_BlaLbl8026_093207080907.wav"
"2017-03-05 16:28:25,445","INFO","Trial 323 - 16:28:25 - Unrewarded - /home/fet/stimuli/test_categories_box2/nonreward/Ne_Stim_8_Unknown00F_010201020102.wav"
"2017-03-05 16:28:26,335","INFO","Trial 324 - 16:28:26 - Unrewarded - /home/fet/stimuli/test_categories_box2/nonreward/Th_Stim_7_WhiBlu4818_050304020104.wav"
"2017-03-05 16:28:26,393","INFO","Trial 325 - 16:28:26 - Unrewarded - /home/fet/stimuli/test_categories_box2/nonreward/Ag_Stim_9_WhiLbl0010_060328132708.wav"
"2017-03-05 16:28:36,000","INFO","Trial 326 - 16:28:35 - Unrewarded - /home/fet/stimuli/test_categories_box2/nonreward/Tu_Stim_4_HPiHPi4748_140420082817.wav"
"2017-03-05 16:28:37,189","INFO","Trial 327 - 16:28:37 - Rewarded - /home/fet/stimuli/test_categories_box2/reward/Di_Stim_10_WhiLbl0010_040404040404.wav"
"2017-03-05 16:28:37,243","INFO","Trial 328 - 16:28:37 - Unrewarded - /home/fet/stimuli/test_categories_box2/nonreward/Te_Stim_9_WhiLbl0010_141629101126.wav"
"2017-03-05 16:28:38,384","INFO","Trial 329 - 16:28:38 - Unrewarded - /home/fet/stimuli/test_categories_box2/nonreward/Ne_Stim_3_PurRas20dd_070103060502.wav"
"2017-03-05 16:28:38,433","INFO","Trial 330 - 16:28:38 - Unrewarded - /home/fet/stimuli/test_categories_box2/nonreward/Ag_Stim_10_WhiWhi1415_020202020202.wav"
"2017-03-05 16:28:49,204","INFO","Trial 331 - 16:28:49 - Unrewarded - /home/fet/stimuli/test_categories_box2/nonreward/So_Stim_8_WhiBlu5698_301224.wav"
"2017-03-05 16:28:50,729","INFO","Trial 332 - 16:28:50 - Unrewarded - /home/fet/stimuli/test_categories_box2/nonreward/Tu_Stim_3_WhiLbl0010_171513160126.wav"
"2017-03-05 16:28:54,300","INFO","Trial 333 - 16:28:54 - Rewarded - /home/fet/stimuli/test_categories_box2/reward/Di_Stim_9_Unknown_11_020101010201.wav"
"2017-03-05 16:28:54,353","INFO","Trial 334 - 16:28:54 - Unrewarded - /home/fet/stimuli/test_categories_box2/nonreward/So_Stim_7_WhiBlu5698_301808.wav"
"2017-03-05 16:29:08,039","INFO","Trial 335 - 16:29:08 - Unrewarded - /home/fet/stimuli/test_categories_box2/nonreward/Tu_Stim_1_LblRed0613_080605010307.wav"
"2017-03-05 16:29:16,157","INFO","Trial 336 - 16:29:16 - Unrewarded - /home/fet/stimuli/test_categories_box2/nonreward/Te_Stim_3_BlaBla0506_141317151108.wav"
"2017-03-05 16:29:16,813","INFO","Trial 337 - 16:29:16 - Rewarded - /home/fet/stimuli/test_categories_box2/reward/Di_Stim_5_WhiLbl0010_040404040404.wav"
"2017-03-05 16:29:16,867","INFO","Trial 338 - 16:29:16 - Unrewarded - /home/fet/stimuli/test_categories_box2/nonreward/Ag_Stim_4_WhiBlu5698_130403111408.wav"
"2017-03-05 16:29:29,607","INFO","Trial 339 - 16:29:29 - Unrewarded - /home/fet/stimuli/test_categories_box2/nonreward/Tu_Stim_3_LblRed0613_070506040308.wav"
"2017-03-05 16:29:29,662","INFO","Trial 340 - 16:29:29 - Unrewarded - /home/fet/stimuli/test_categories_box2/nonreward/Wh_Stim_9_HpiGra1004_060704010803.wav"
"2017-03-05 16:29:30,763","INFO","Trial 341 - 16:29:30 - Unrewarded - /home/fet/stimuli/test_categories_box2/nonreward/Ag_Stim_8_WhiWhi1415_020202020202.wav"
"2017-03-05 16:29:30,816","INFO","Trial 342 - 16:29:30 - Unrewarded - /home/fet/stimuli/test_categories_box2/nonreward/Wh_Stim_6_LblRed0613_262123392210.wav"
"2017-03-05 16:29:41,787","INFO","Trial 343 - 16:29:41 - Unrewarded - /home/fet/stimuli/test_categories_box2/nonreward/DC_Stim_8_LblBla4548_334328484911.wav"
"2017-03-05 16:29:42,685","INFO","Trial 344 - 16:29:42 - Unrewarded - /home/fet/stimuli/test_categories_box2/nonreward/Ne_Stim_9_BluRas07dd_040901211805.wav"
"2017-03-05 16:29:54,066","INFO","Trial 345 - 16:29:54 - Unrewarded - /home/fet/stimuli/test_categories_box2/nonreward/Te_Stim_8_WhiLbl0010_232927142505.wav"
"2017-03-05 16:29:55,181","INFO","Trial 346 - 16:29:55 - Unrewarded - /home/fet/stimuli/test_categories_box2/nonreward/So_Stim_2_YelOra2575_161522.wav"
"2017-03-05 16:29:55,230","INFO","Trial 347 - 16:29:55 - Unrewarded - /home/fet/stimuli/test_categories_box2/nonreward/Ag_Stim_7_WhiRas44dd_173124102132.wav"
"2017-03-05 16:30:04,690","INFO","Trial 348 - 16:30:04 - Unrewarded - /home/fet/stimuli/test_categories_box2/nonreward/Th_Stim_6_LblRed0613_131406101701.wav"
"2017-03-05 16:30:04,744","INFO","Trial 349 - 16:30:04 - Rewarded - /home/fet/stimuli/test_categories_box2/reward/Di_Stim_10_WhiWhi1415_020202020202.wav"
"2017-03-05 16:30:05,330","INFO","Trial 350 - 16:30:05 - Unrewarded - /home/fet/stimuli/test_categories_box2/nonreward/Wh_Stim_10_GraLbl0457_010205040201.wav"
"2017-03-05 17:53:07,159","INFO","Finishing session 1 at Sun Mar  5 17:53:07 2017"
"2017-03-05 17:53:07,160","INFO","Finished all sessions."
"2017-03-05 17:53:07,466","INFO","Exiting Session state"
"2017-03-05 17:53:07,467","INFO","Finishing experiment"
"2017-03-05 17:53:07,774","INFO","Exiting Idle state"
