"2017-03-10 09:18:53,488","INFO","Preparing subject and data storage"
"2017-03-10 09:18:53,488","INFO","Created subject object with name LblGra3039M"
"2017-03-10 09:18:53,488","INFO","Created datastore CSVStore: filename = /home/fet/data/LblGra3039M/100317/LblGra3039M_trialdata_20170310091853.csv, fields = session, index, time, stimulus_name, condition_name, response, correct, rt, reward, max_wait for subject LblGra3039M"
"2017-03-10 09:18:53,488","INFO","Preparing to run experiment Go No-Go Interruption"
"2017-03-10 09:18:53,794","INFO","Entering Idle state"
"2017-03-10 09:18:54,098","INFO","Beginning block #1"
"2017-03-10 09:19:07,302","INFO","Trial 1 - 09:19:07 - Unrewarded - /home/fet/stimuli/test_categories_box2/nonreward/So_Stim_9_WhiBlu4818_042211.wav"
"2017-03-10 09:19:07,345","INFO","Trial 2 - 09:19:07 - Rewarded - /home/fet/stimuli/test_categories_box2/reward/Th_Stim_5_WhiBlu4818_030204010505.wav"
"2017-03-10 09:19:13,352","INFO","Supplying reward for 12.00 seconds"
"2017-03-10 09:19:37,476","INFO","Trial 3 - 09:19:37 - Unrewarded - /home/fet/stimuli/test_categories_box2/nonreward/Te_Stim_10_GreGre6364_130522270614.wav"
"2017-03-10 09:19:37,527","INFO","Trial 4 - 09:19:37 - Unrewarded - /home/fet/stimuli/test_categories_box2/nonreward/Wh_Stim_5_LblBla4419_061810141203.wav"
"2017-03-10 09:19:48,494","INFO","Trial 5 - 09:19:48 - Unrewarded - /home/fet/stimuli/test_categories_box2/nonreward/Ne_Stim_4_Unknown000_010101010101.wav"
"2017-03-10 09:19:48,549","INFO","Trial 6 - 09:19:48 - Unrewarded - /home/fet/stimuli/test_categories_box2/nonreward/Ne_Stim_2_WhiLbl0010_061716152427.wav"
"2017-03-10 09:19:56,870","INFO","Trial 7 - 09:19:56 - Rewarded - /home/fet/stimuli/test_categories_box2/reward/Th_Stim_8_LblRed0613_171810111316.wav"
"2017-03-10 09:20:02,879","INFO","Supplying reward for 12.00 seconds"
"2017-03-10 09:20:49,014","INFO","Trial 8 - 09:20:49 - Unrewarded - /home/fet/stimuli/test_categories_box2/nonreward/LT_Stim_6_LblGre0001_040506010702.wav"
"2017-03-10 09:20:49,070","INFO","Trial 9 - 09:20:49 - Unrewarded - /home/fet/stimuli/test_categories_box2/nonreward/Ne_Stim_2_Unknown01F_020101010201.wav"
"2017-03-10 09:21:03,935","INFO","Trial 10 - 09:21:03 - Unrewarded - /home/fet/stimuli/test_categories_box2/nonreward/Te_Stim_5_BlaLbl8026_140308042011.wav"
"2017-03-10 09:21:14,785","INFO","Trial 11 - 09:21:14 - Unrewarded - /home/fet/stimuli/test_categories_box2/nonreward/Di_Stim_4_WhiLbl0010_040404040404.wav"
"2017-03-10 09:21:24,083","INFO","Trial 12 - 09:21:24 - Unrewarded - /home/fet/stimuli/test_categories_box2/nonreward/Wh_Stim_7_BlaBla0506_161413150618.wav"
"2017-03-10 09:21:56,009","INFO","Trial 13 - 09:21:56 - Rewarded - /home/fet/stimuli/test_categories_box2/reward/Th_Stim_1_Unknown_11_100609031102.wav"
"2017-03-10 09:21:56,064","INFO","Trial 14 - 09:21:56 - Unrewarded - /home/fet/stimuli/test_categories_box2/nonreward/Tu_Stim_4_BluRas07dd_092414061922.wav"
"2017-03-10 09:22:05,495","INFO","Trial 15 - 09:22:05 - Unrewarded - /home/fet/stimuli/test_categories_box2/nonreward/Tu_Stim_2_BluRas07dd_202307022110.wav"
"2017-03-10 09:22:14,920","INFO","Trial 16 - 09:22:14 - Unrewarded - /home/fet/stimuli/test_categories_box2/nonreward/LT_Stim_2_WhiBlu3615_010205040703.wav"
"2017-03-10 09:22:24,733","INFO","Trial 17 - 09:22:24 - Unrewarded - /home/fet/stimuli/test_categories_box2/nonreward/Ag_Stim_7_BluRas07dd_241015121320.wav"
"2017-03-10 09:22:24,788","INFO","Trial 18 - 09:22:24 - Rewarded - /home/fet/stimuli/test_categories_box2/reward/Th_Stim_6_GreOra1817_324929233348.wav"
"2017-03-10 09:22:25,255","INFO","Trial 19 - 09:22:25 - Unrewarded - /home/fet/stimuli/test_categories_box2/nonreward/Wh_Stim_5_BlaBla0506_101502181406.wav"
"2017-03-10 09:22:25,308","INFO","Trial 20 - 09:22:25 - Unrewarded - /home/fet/stimuli/test_categories_box2/nonreward/DC_Stim_10_RedRas3600_030108020509.wav"
"2017-03-10 09:22:35,710","INFO","Trial 21 - 09:22:35 - Unrewarded - /home/fet/stimuli/test_categories_box2/nonreward/Di_Stim_9_HPiHPi4748_050303030503.wav"
"2017-03-10 09:22:49,079","INFO","Trial 22 - 09:22:49 - Unrewarded - /home/fet/stimuli/test_categories_box2/nonreward/So_Stim_2_RedRas3600_020105.wav"
"2017-03-10 09:22:59,392","INFO","Trial 23 - 09:22:59 - Unrewarded - /home/fet/stimuli/test_categories_box2/nonreward/Be_Stim_1_LblBlu6243_1609_0306_02.wav"
"2017-03-10 09:23:11,405","INFO","Trial 24 - 09:23:11 - Unrewarded - /home/fet/stimuli/test_categories_box2/nonreward/Di_Stim_7_GraGra0201_010701010707.wav"
"2017-03-10 09:23:11,464","INFO","Trial 25 - 09:23:11 - Unrewarded - /home/fet/stimuli/test_categories_box2/nonreward/Tu_Stim_3_LblRed0613_040805020106.wav"
"2017-03-10 09:23:23,524","INFO","Trial 26 - 09:23:23 - Rewarded - /home/fet/stimuli/test_categories_box2/reward/Th_Stim_4_GreOra1817_063648194017.wav"
"2017-03-10 09:23:29,529","INFO","Supplying reward for 12.00 seconds"
"2017-03-10 09:24:32,658","INFO","Trial 27 - 09:24:32 - Unrewarded - /home/fet/stimuli/test_categories_box2/nonreward/Be_Stim_2_GraRas1500_020504.wav"
"2017-03-10 09:24:32,712","INFO","Trial 28 - 09:24:32 - Unrewarded - /home/fet/stimuli/test_categories_box2/nonreward/Ag_Stim_4_YelOra2575_181023201922.wav"
"2017-03-10 09:24:43,093","INFO","Trial 29 - 09:24:43 - Unrewarded - /home/fet/stimuli/test_categories_box2/nonreward/DC_Stim_1_BluRas07dd_281503082119.wav"
"2017-03-10 09:24:54,511","INFO","Trial 30 - 09:24:54 - Unrewarded - /home/fet/stimuli/test_categories_box2/nonreward/DC_Stim_7_BlaLbl8026_183538373928.wav"
"2017-03-10 09:25:05,151","INFO","Trial 31 - 09:25:05 - Unrewarded - /home/fet/stimuli/test_categories_box2/nonreward/Wh_Stim_8_GreGre2522_030102020203.wav"
"2017-03-10 09:25:16,385","INFO","Trial 32 - 09:25:16 - Rewarded - /home/fet/stimuli/test_categories_box2/reward/Th_Stim_1_WhiBlu5698_060701040606.wav"
"2017-03-10 09:25:22,391","INFO","Supplying reward for 12.00 seconds"
"2017-03-10 09:25:49,217","INFO","Trial 33 - 09:25:49 - Unrewarded - /home/fet/stimuli/test_categories_box2/nonreward/DC_Stim_9_WhiRas44dd_170321042710.wav"
"2017-03-10 09:25:49,271","INFO","Trial 34 - 09:25:49 - Unrewarded - /home/fet/stimuli/test_categories_box2/nonreward/Ag_Stim_8_Unknown_11_010601060606.wav"
"2017-03-10 09:26:00,409","INFO","Trial 35 - 09:26:00 - Unrewarded - /home/fet/stimuli/test_categories_box2/nonreward/LT_Stim_8_LblBlu1927_010101010101.wav"
"2017-03-10 09:26:00,465","INFO","Trial 36 - 09:26:00 - Unrewarded - /home/fet/stimuli/test_categories_box2/nonreward/Ne_Stim_10_Unknown01F_010202020102.wav"
"2017-03-10 09:26:10,405","INFO","Trial 37 - 09:26:10 - Unrewarded - /home/fet/stimuli/test_categories_box2/nonreward/So_Stim_4_RedRas3600_050402.wav"
"2017-03-10 09:26:28,877","INFO","Trial 38 - 09:26:28 - Unrewarded - /home/fet/stimuli/test_categories_box2/nonreward/Tu_Stim_8_BlaLbl8026_120907060511.wav"
"2017-03-10 09:26:29,478","INFO","Trial 39 - 09:26:29 - Unrewarded - /home/fet/stimuli/test_categories_box2/nonreward/Ag_Stim_9_YelOra2575_042010231822.wav"
"2017-03-10 09:26:39,336","INFO","Trial 40 - 09:26:39 - Unrewarded - /home/fet/stimuli/test_categories_box2/nonreward/Ag_Stim_4_GreWhi1242_010101010101.wav"
"2017-03-10 09:26:50,712","INFO","Trial 41 - 09:26:50 - Unrewarded - /home/fet/stimuli/test_categories_box2/nonreward/LT_Stim_10_LblGre0001_070401110502.wav"
"2017-03-10 09:27:01,208","INFO","Trial 42 - 09:27:01 - Rewarded - /home/fet/stimuli/test_categories_box2/reward/Th_Stim_10_LblRed0613_090813030712.wav"
"2017-03-10 09:27:07,214","INFO","Supplying reward for 12.00 seconds"
"2017-03-10 09:27:33,427","INFO","Trial 43 - 09:27:33 - Unrewarded - /home/fet/stimuli/test_categories_box2/nonreward/Tu_Stim_9_GraGra0201_081013032114.wav"
"2017-03-10 09:27:44,795","INFO","Trial 44 - 09:27:44 - Unrewarded - /home/fet/stimuli/test_categories_box2/nonreward/Di_Stim_9_WhiBlu4917_010101010101.wav"
"2017-03-10 09:27:44,850","INFO","Trial 45 - 09:27:44 - Unrewarded - /home/fet/stimuli/test_categories_box2/nonreward/Te_Stim_10_GreRas2400_302908330509.wav"
"2017-03-10 09:27:54,475","INFO","Trial 46 - 09:27:54 - Unrewarded - /home/fet/stimuli/test_categories_box2/nonreward/Ag_Stim_7_GreOra1817_291314092217.wav"
"2017-03-10 09:28:04,397","INFO","Trial 47 - 09:28:04 - Unrewarded - /home/fet/stimuli/test_categories_box2/nonreward/Ag_Stim_9_GreWhi1242_010101010101.wav"
"2017-03-10 09:28:04,759","INFO","Trial 48 - 09:28:04 - Unrewarded - /home/fet/stimuli/test_categories_box2/nonreward/DC_Stim_2_Unknown00F_160412250307.wav"
"2017-03-10 09:28:04,816","INFO","Trial 49 - 09:28:04 - Unrewarded - /home/fet/stimuli/test_categories_box2/nonreward/Te_Stim_3_PurRas20dd_181429080523.wav"
"2017-03-10 09:28:15,928","INFO","Trial 50 - 09:28:15 - Unrewarded - /home/fet/stimuli/test_categories_box2/nonreward/Te_Stim_5_WhiGra0114_051402210711.wav"
"2017-03-10 09:28:27,779","INFO","Trial 51 - 09:28:27 - Unrewarded - /home/fet/stimuli/test_categories_box2/nonreward/Wh_Stim_5_WhiRas44dd_030201020302.wav"
"2017-03-10 09:28:27,834","INFO","Trial 52 - 09:28:27 - Rewarded - /home/fet/stimuli/test_categories_box2/reward/Th_Stim_3_Unknown_11_051102060803.wav"
"2017-03-10 09:28:28,108","INFO","Trial 53 - 09:28:28 - Unrewarded - /home/fet/stimuli/test_categories_box2/nonreward/Ne_Stim_10_BluRas61dd_192322202928.wav"
"2017-03-10 09:28:29,182","INFO","Trial 54 - 09:28:29 - Unrewarded - /home/fet/stimuli/test_categories_box2/nonreward/Wh_Stim_4_GreGre2522_020301010103.wav"
"2017-03-10 09:28:53,009","INFO","Trial 55 - 09:28:53 - Rewarded - /home/fet/stimuli/test_categories_box2/reward/Th_Stim_8_Unknown000_050802090106.wav"
"2017-03-10 09:28:59,014","INFO","Supplying reward for 12.00 seconds"
"2017-03-10 09:29:28,213","INFO","Trial 56 - 09:29:28 - Unrewarded - /home/fet/stimuli/test_categories_box2/nonreward/So_Stim_3_HPiHPi4748_152015.wav"
"2017-03-10 09:29:29,246","INFO","Trial 57 - 09:29:29 - Unrewarded - /home/fet/stimuli/test_categories_box2/nonreward/So_Stim_1_LblRed0613_080625.wav"
"2017-03-10 09:29:38,261","INFO","Trial 58 - 09:29:38 - Rewarded - /home/fet/stimuli/test_categories_box2/reward/Th_Stim_5_GreOra1817_324206024143.wav"
"2017-03-10 09:29:44,267","INFO","Supplying reward for 12.00 seconds"
"2017-03-10 09:30:09,589","INFO","Trial 59 - 09:30:09 - Unrewarded - /home/fet/stimuli/test_categories_box2/nonreward/Te_Stim_7_BlaLbl8026_142107060908.wav"
"2017-03-10 09:30:19,646","INFO","Trial 60 - 09:30:19 - Rewarded - /home/fet/stimuli/test_categories_box2/reward/Th_Stim_7_WhiRas44dd_344638473750.wav"
"2017-03-10 09:30:25,655","INFO","Supplying reward for 12.00 seconds"
"2017-03-10 09:30:48,196","INFO","Trial 61 - 09:30:48 - Unrewarded - /home/fet/stimuli/test_categories_box2/nonreward/LT_Stim_3_LblGre0001_040309070811.wav"
"2017-03-10 09:30:59,752","INFO","Trial 62 - 09:30:59 - Unrewarded - /home/fet/stimuli/test_categories_box2/nonreward/Di_Stim_2_YelOra2575_110911091109.wav"
"2017-03-10 09:31:11,373","INFO","Trial 63 - 09:31:11 - Rewarded - /home/fet/stimuli/test_categories_box2/reward/Th_Stim_3_HPiHPi4748_092221110320.wav"
"2017-03-10 09:31:11,423","INFO","Trial 64 - 09:31:11 - Unrewarded - /home/fet/stimuli/test_categories_box2/nonreward/DC_Stim_9_BlaBla0506_080612210211.wav"
"2017-03-10 09:31:22,924","INFO","Trial 65 - 09:31:22 - Unrewarded - /home/fet/stimuli/test_categories_box2/nonreward/Be_Stim_2_LblBlu6243_0210_0107_02.wav"
"2017-03-10 09:31:34,397","INFO","Trial 66 - 09:31:34 - Unrewarded - /home/fet/stimuli/test_categories_box2/nonreward/LT_Stim_4_LblBlu6680_092115111318.wav"
"2017-03-10 09:31:34,452","INFO","Trial 67 - 09:31:34 - Unrewarded - /home/fet/stimuli/test_categories_box2/nonreward/Be_Stim_9_LblBlu6680_10_0106_0101_03.wav"
"2017-03-10 09:31:35,345","INFO","Trial 68 - 09:31:35 - Unrewarded - /home/fet/stimuli/test_categories_box2/nonreward/Wh_Stim_4_HPiHPi4748_240518321009.wav"
"2017-03-10 09:31:48,296","INFO","Trial 69 - 09:31:48 - Unrewarded - /home/fet/stimuli/test_categories_box2/nonreward/Di_Stim_1_HPiHPi4748_050305030505.wav"
"2017-03-10 09:31:59,552","INFO","Trial 70 - 09:31:59 - Unrewarded - /home/fet/stimuli/test_categories_box2/nonreward/Tu_Stim_6_GraLbl0457_140603100102.wav"
"2017-03-10 09:32:12,660","INFO","Trial 71 - 09:32:12 - Unrewarded - /home/fet/stimuli/test_categories_box2/nonreward/LT_Stim_2_WhiBlu3513_050302040106.wav"
"2017-03-10 09:32:23,129","INFO","Trial 72 - 09:32:23 - Unrewarded - /home/fet/stimuli/test_categories_box2/nonreward/Di_Stim_10_Unknown000_020101010202.wav"
"2017-03-10 09:32:35,024","INFO","Trial 73 - 09:32:35 - Unrewarded - /home/fet/stimuli/test_categories_box2/nonreward/Tu_Stim_5_LblRed0613_070508040602.wav"
"2017-03-10 09:32:47,149","INFO","Trial 74 - 09:32:47 - Unrewarded - /home/fet/stimuli/test_categories_box2/nonreward/Ne_Stim_9_WhiLbl0010_350832203716.wav"
"2017-03-10 09:32:47,994","INFO","Trial 75 - 09:32:47 - Unrewarded - /home/fet/stimuli/test_categories_box2/nonreward/Di_Stim_1_WhiWhi1415_020202020202.wav"
"2017-03-10 09:32:48,052","INFO","Trial 76 - 09:32:48 - Unrewarded - /home/fet/stimuli/test_categories_box2/nonreward/LT_Stim_5_WhiBlu0112_130526202315.wav"
"2017-03-10 09:32:59,724","INFO","Trial 77 - 09:32:59 - Unrewarded - /home/fet/stimuli/test_categories_box2/nonreward/DC_Stim_2_GreRas2400_020102010101.wav"
"2017-03-10 09:33:11,144","INFO","Trial 78 - 09:33:11 - Rewarded - /home/fet/stimuli/test_categories_box2/reward/Th_Stim_8_BlaBla0506_030105020403.wav"
"2017-03-10 09:33:17,150","INFO","Supplying reward for 12.00 seconds"
"2017-03-10 09:33:47,989","INFO","Trial 79 - 09:33:47 - Unrewarded - /home/fet/stimuli/test_categories_box2/nonreward/Te_Stim_3_WhiLbl0010_101130070102.wav"
"2017-03-10 09:34:09,088","INFO","Trial 80 - 09:34:09 - Rewarded - /home/fet/stimuli/test_categories_box2/reward/Th_Stim_10_WhiBlu4818_030504010204.wav"
"2017-03-10 09:34:15,101","INFO","Supplying reward for 12.00 seconds"
"2017-03-10 09:34:49,839","INFO","Trial 81 - 09:34:49 - Unrewarded - /home/fet/stimuli/test_categories_box2/nonreward/LT_Stim_5_LblBlu6680_182702032012.wav"
"2017-03-10 09:35:00,276","INFO","Trial 82 - 09:35:00 - Unrewarded - /home/fet/stimuli/test_categories_box2/nonreward/DC_Stim_8_RedRas3600_071009040601.wav"
"2017-03-10 09:35:00,331","INFO","Trial 83 - 09:35:00 - Unrewarded - /home/fet/stimuli/test_categories_box2/nonreward/Ag_Stim_2_GreWhi1242_010101010101.wav"
"2017-03-10 09:35:10,791","INFO","Trial 84 - 09:35:10 - Unrewarded - /home/fet/stimuli/test_categories_box2/nonreward/Ne_Stim_1_BluRas61dd_200447074205.wav"
"2017-03-10 09:35:20,728","INFO","Trial 85 - 09:35:20 - Unrewarded - /home/fet/stimuli/test_categories_box2/nonreward/Ne_Stim_2_BluRas61dd_030825492620.wav"
"2017-03-10 09:35:33,290","INFO","Trial 86 - 09:35:33 - Rewarded - /home/fet/stimuli/test_categories_box2/reward/Th_Stim_9_Unknown000_080301060205.wav"
"2017-03-10 09:35:39,296","INFO","Supplying reward for 12.00 seconds"
"2017-03-10 09:36:08,705","INFO","Trial 87 - 09:36:08 - Unrewarded - /home/fet/stimuli/test_categories_box2/nonreward/Ne_Stim_7_YelOra2575_132202160811.wav"
"2017-03-10 09:36:22,287","INFO","Trial 88 - 09:36:22 - Unrewarded - /home/fet/stimuli/test_categories_box2/nonreward/Wh_Stim_3_GraLbl0457_010204050104.wav"
"2017-03-10 09:36:40,912","INFO","Trial 89 - 09:36:40 - Unrewarded - /home/fet/stimuli/test_categories_box2/nonreward/Ne_Stim_7_WhiBlu5698_161217022526.wav"
"2017-03-10 09:36:40,967","INFO","Trial 90 - 09:36:40 - Rewarded - /home/fet/stimuli/test_categories_box2/reward/Th_Stim_10_WhiRas44dd_473504304238.wav"
"2017-03-10 09:36:46,975","INFO","Supplying reward for 12.00 seconds"
"2017-03-10 09:37:15,413","INFO","Trial 91 - 09:37:15 - Unrewarded - /home/fet/stimuli/test_categories_box2/nonreward/Ag_Stim_6_Unknown_11_060101010106.wav"
"2017-03-10 09:37:27,901","INFO","Trial 92 - 09:37:27 - Unrewarded - /home/fet/stimuli/test_categories_box2/nonreward/Be_Stim_6_WhiBlu0112_110214.wav"
"2017-03-10 09:37:27,956","INFO","Trial 93 - 09:37:27 - Unrewarded - /home/fet/stimuli/test_categories_box2/nonreward/LT_Stim_4_LblBlu6243_041812170224.wav"
"2017-03-10 09:37:51,003","INFO","Trial 94 - 09:37:51 - Unrewarded - /home/fet/stimuli/test_categories_box2/nonreward/Ag_Stim_10_WhiBlu5698_080607140403.wav"
"2017-03-10 09:38:05,196","INFO","Trial 95 - 09:38:05 - Unrewarded - /home/fet/stimuli/test_categories_box2/nonreward/Ag_Stim_3_WhiLbl0010_261819271512.wav"
"2017-03-10 09:38:28,436","INFO","Trial 96 - 09:38:28 - Unrewarded - /home/fet/stimuli/test_categories_box2/nonreward/Tu_Stim_4_LblRed0613_070302050604.wav"
"2017-03-10 09:38:44,894","INFO","Trial 97 - 09:38:44 - Unrewarded - /home/fet/stimuli/test_categories_box2/nonreward/Te_Stim_8_BlaBla0506_150917140611.wav"
"2017-03-10 09:38:58,632","INFO","Trial 98 - 09:38:58 - Unrewarded - /home/fet/stimuli/test_categories_box2/nonreward/Ag_Stim_1_WhiGra0114_010101010101.wav"
"2017-03-10 09:39:10,867","INFO","Trial 99 - 09:39:10 - Unrewarded - /home/fet/stimuli/test_categories_box2/nonreward/Be_Stim_10_LblBlu2028_070308.wav"
"2017-03-10 09:39:13,252","INFO","Trial 100 - 09:39:13 - Unrewarded - /home/fet/stimuli/test_categories_box2/nonreward/Te_Stim_8_LblRed0613_220927120615.wav"
"2017-03-10 09:39:23,487","INFO","Trial 101 - 09:39:23 - Unrewarded - /home/fet/stimuli/test_categories_box2/nonreward/Tu_Stim_5_GreOra1817_121811150402.wav"
"2017-03-10 09:39:38,458","INFO","Trial 102 - 09:39:38 - Unrewarded - /home/fet/stimuli/test_categories_box2/nonreward/Di_Stim_3_HPiHPi4748_030503050505.wav"
"2017-03-10 09:40:00,408","INFO","Trial 103 - 09:40:00 - Unrewarded - /home/fet/stimuli/test_categories_box2/nonreward/Tu_Stim_5_WhiRas44dd_231517182606.wav"
"2017-03-10 09:40:16,317","INFO","Trial 104 - 09:40:16 - Unrewarded - /home/fet/stimuli/test_categories_box2/nonreward/DC_Stim_5_Unknown00F_151619081724.wav"
"2017-03-10 09:40:30,055","INFO","Trial 105 - 09:40:30 - Unrewarded - /home/fet/stimuli/test_categories_box2/nonreward/Ne_Stim_1_PurRas20dd_050802030303.wav"
"2017-03-10 09:40:31,076","INFO","Trial 106 - 09:40:31 - Rewarded - /home/fet/stimuli/test_categories_box2/reward/Th_Stim_8_WhiBlu4818_010205030401.wav"
"2017-03-10 09:40:37,084","INFO","Supplying reward for 12.00 seconds"
"2017-03-10 09:41:24,881","INFO","Trial 107 - 09:41:24 - Unrewarded - /home/fet/stimuli/test_categories_box2/nonreward/Te_Stim_5_LblRed0613_082823021020.wav"
"2017-03-10 09:41:46,983","INFO","Trial 108 - 09:41:46 - Unrewarded - /home/fet/stimuli/test_categories_box2/nonreward/Ne_Stim_3_YelGre5275_043126101329.wav"
"2017-03-10 09:41:59,861","INFO","Trial 109 - 09:41:59 - Rewarded - /home/fet/stimuli/test_categories_box2/reward/Th_Stim_5_WhiWhi1415_210616312603.wav"
"2017-03-10 09:42:05,876","INFO","Supplying reward for 12.00 seconds"
"2017-03-10 09:43:03,260","INFO","Trial 110 - 09:43:03 - Unrewarded - /home/fet/stimuli/test_categories_box2/nonreward/Tu_Stim_5_BluRas07dd_020424062010.wav"
"2017-03-10 09:43:14,280","INFO","Trial 111 - 09:43:14 - Rewarded - /home/fet/stimuli/test_categories_box2/reward/Th_Stim_9_HPiHPi4748_132706162221.wav"
"2017-03-10 09:43:20,287","INFO","Supplying reward for 12.00 seconds"
"2017-03-10 09:43:55,909","INFO","Trial 112 - 09:43:55 - Unrewarded - /home/fet/stimuli/test_categories_box2/nonreward/Ag_Stim_3_WhiWhi1415_020202020202.wav"
"2017-03-10 09:43:55,964","INFO","Trial 113 - 09:43:55 - Unrewarded - /home/fet/stimuli/test_categories_box2/nonreward/Ag_Stim_8_WhiBlu4818_060507050505.wav"
"2017-03-10 09:44:06,552","INFO","Trial 114 - 09:44:06 - Unrewarded - /home/fet/stimuli/test_categories_box2/nonreward/LT_Stim_6_LblBlu2028_080712110901.wav"
"2017-03-10 09:44:32,609","INFO","Trial 115 - 09:44:32 - Unrewarded - /home/fet/stimuli/test_categories_box2/nonreward/Wh_Stim_5_GraLbl0457_040105020502.wav"
"2017-03-10 09:44:42,799","INFO","Trial 116 - 09:44:42 - Unrewarded - /home/fet/stimuli/test_categories_box2/nonreward/So_Stim_6_WhiBlu4818_220504.wav"
"2017-03-10 09:44:55,076","INFO","Trial 117 - 09:44:55 - Unrewarded - /home/fet/stimuli/test_categories_box2/nonreward/LT_Stim_2_LblBlu1630_040902141206.wav"
"2017-03-10 09:45:09,774","INFO","Trial 118 - 09:45:09 - Rewarded - /home/fet/stimuli/test_categories_box2/reward/Th_Stim_1_LblRed0613_151708051104.wav"
"2017-03-10 09:45:09,824","INFO","Trial 119 - 09:45:09 - Rewarded - /home/fet/stimuli/test_categories_box2/reward/Th_Stim_3_WhiGra0114_050201060708.wav"
"2017-03-10 09:45:15,831","INFO","Supplying reward for 12.00 seconds"
"2017-03-10 09:45:50,681","INFO","Trial 120 - 09:45:50 - Unrewarded - /home/fet/stimuli/test_categories_box2/nonreward/LT_Stim_3_LblBlu6680_270703161429.wav"
"2017-03-10 09:46:00,461","INFO","Trial 121 - 09:46:00 - Unrewarded - /home/fet/stimuli/test_categories_box2/nonreward/Ne_Stim_6_Unknown01F_010201020201.wav"
"2017-03-10 09:46:15,024","INFO","Trial 122 - 09:46:15 - Unrewarded - /home/fet/stimuli/test_categories_box2/nonreward/DC_Stim_5_WhiGra0114_141211040313.wav"
"2017-03-10 09:46:27,371","INFO","Trial 123 - 09:46:27 - Unrewarded - /home/fet/stimuli/test_categories_box2/nonreward/Ne_Stim_9_YelGre5275_312717321828.wav"
"2017-03-10 09:46:40,395","INFO","Trial 124 - 09:46:40 - Unrewarded - /home/fet/stimuli/test_categories_box2/nonreward/So_Stim_8_BluRas61dd_222118.wav"
"2017-03-10 09:46:50,748","INFO","Trial 125 - 09:46:50 - Unrewarded - /home/fet/stimuli/test_categories_box2/nonreward/Ag_Stim_2_WhiGra0114_010101010101.wav"
"2017-03-10 09:47:00,872","INFO","Trial 126 - 09:47:00 - Unrewarded - /home/fet/stimuli/test_categories_box2/nonreward/LT_Stim_7_LblRas1800_040302010506.wav"
"2017-03-10 09:47:25,121","INFO","Trial 127 - 09:47:25 - Unrewarded - /home/fet/stimuli/test_categories_box2/nonreward/Di_Stim_1_YelOra2575_110911110911.wav"
"2017-03-10 09:47:36,535","INFO","Trial 128 - 09:47:36 - Unrewarded - /home/fet/stimuli/test_categories_box2/nonreward/LT_Stim_3_WhiBlu0112_162612032302.wav"
"2017-03-10 09:47:49,337","INFO","Trial 129 - 09:47:49 - Unrewarded - /home/fet/stimuli/test_categories_box2/nonreward/Te_Stim_5_GreRas2400_140819210130.wav"
"2017-03-10 09:48:17,396","INFO","Trial 130 - 09:48:17 - Unrewarded - /home/fet/stimuli/test_categories_box2/nonreward/Ne_Stim_4_LblRed0613_611251393648.wav"
"2017-03-10 09:48:36,694","INFO","Trial 131 - 09:48:36 - Unrewarded - /home/fet/stimuli/test_categories_box2/nonreward/Di_Stim_6_BlaLbl8026_010302030201.wav"
"2017-03-10 09:48:48,280","INFO","Trial 132 - 09:48:48 - Unrewarded - /home/fet/stimuli/test_categories_box2/nonreward/LT_Stim_5_LblBlu6379_230811190918.wav"
"2017-03-10 09:48:48,871","INFO","Trial 133 - 09:48:48 - Unrewarded - /home/fet/stimuli/test_categories_box2/nonreward/So_Stim_2_LblBla4548_070528.wav"
"2017-03-10 09:49:00,264","INFO","Trial 134 - 09:49:00 - Rewarded - /home/fet/stimuli/test_categories_box2/reward/Th_Stim_2_Unknown000_110107020309.wav"
"2017-03-10 09:49:06,272","INFO","Supplying reward for 12.00 seconds"
"2017-03-10 09:49:32,107","INFO","Trial 135 - 09:49:32 - Unrewarded - /home/fet/stimuli/test_categories_box2/nonreward/Te_Stim_7_WhiBlu4917_161911041315.wav"
"2017-03-10 09:50:14,222","INFO","Trial 136 - 09:50:14 - Unrewarded - /home/fet/stimuli/test_categories_box2/nonreward/So_Stim_7_GraLbl0457_061312.wav"
"2017-03-10 09:50:24,739","INFO","Trial 137 - 09:50:24 - Unrewarded - /home/fet/stimuli/test_categories_box2/nonreward/LT_Stim_2_LblRas1800_060402050301.wav"
"2017-03-10 09:50:36,072","INFO","Trial 138 - 09:50:36 - Unrewarded - /home/fet/stimuli/test_categories_box2/nonreward/DC_Stim_5_BlaLbl8026_301205310106.wav"
"2017-03-10 09:51:01,702","INFO","Trial 139 - 09:51:01 - Unrewarded - /home/fet/stimuli/test_categories_box2/nonreward/So_Stim_3_GraLbl0457_150406.wav"
"2017-03-10 09:51:02,733","INFO","Trial 140 - 09:51:02 - Unrewarded - /home/fet/stimuli/test_categories_box2/nonreward/So_Stim_2_WhiBlu4818_091104.wav"
"2017-03-10 09:51:12,081","INFO","Trial 141 - 09:51:12 - Unrewarded - /home/fet/stimuli/test_categories_box2/nonreward/Be_Stim_1_LblRas1800_0305_0204_02.wav"
"2017-03-10 09:51:14,818","INFO","Trial 142 - 09:51:14 - Unrewarded - /home/fet/stimuli/test_categories_box2/nonreward/Te_Stim_9_BlaBla0506_161012080513.wav"
"2017-03-10 09:51:30,646","INFO","Trial 143 - 09:51:30 - Unrewarded - /home/fet/stimuli/test_categories_box2/nonreward/DC_Stim_9_GreGre6364_031209100206.wav"
"2017-03-10 09:51:46,365","INFO","Trial 144 - 09:51:46 - Unrewarded - /home/fet/stimuli/test_categories_box2/nonreward/Te_Stim_5_BlaBla0506_162209150605.wav"
"2017-03-10 09:52:05,209","INFO","Trial 145 - 09:52:05 - Unrewarded - /home/fet/stimuli/test_categories_box2/nonreward/Ag_Stim_2_YelOra2575_231904102218.wav"
"2017-03-10 09:52:23,578","INFO","Trial 146 - 09:52:23 - Rewarded - /home/fet/stimuli/test_categories_box2/reward/Th_Stim_6_BlaBla0506_050304020103.wav"
"2017-03-10 09:52:29,587","INFO","Supplying reward for 12.00 seconds"
"2017-03-10 09:53:01,943","INFO","Trial 147 - 09:53:01 - Unrewarded - /home/fet/stimuli/test_categories_box2/nonreward/Ne_Stim_5_Unknown000_010101010101.wav"
"2017-03-10 09:53:12,845","INFO","Trial 148 - 09:53:12 - Unrewarded - /home/fet/stimuli/test_categories_box2/nonreward/Be_Stim_6_GraGre0813_021203.wav"
"2017-03-10 09:53:14,428","INFO","Trial 149 - 09:53:14 - Unrewarded - /home/fet/stimuli/test_categories_box2/nonreward/Be_Stim_5_LblBlu2028_02_0211_0110_01.wav"
"2017-03-10 09:53:15,525","INFO","Trial 150 - 09:53:15 - Unrewarded - /home/fet/stimuli/test_categories_box2/nonreward/LT_Stim_3_WhiBlu3615_060703050102.wav"
"2017-03-10 09:53:26,902","INFO","Trial 151 - 09:53:26 - Unrewarded - /home/fet/stimuli/test_categories_box2/nonreward/Be_Stim_2_LblBlu6379_07_010203_01.wav"
"2017-03-10 09:53:27,624","INFO","Trial 152 - 09:53:27 - Rewarded - /home/fet/stimuli/test_categories_box2/reward/Th_Stim_3_LblRed0613_050812171807.wav"
"2017-03-10 09:53:33,632","INFO","Supplying reward for 12.00 seconds"
"2017-03-10 09:53:57,886","INFO","Trial 153 - 09:53:57 - Rewarded - /home/fet/stimuli/test_categories_box2/reward/Th_Stim_3_WhiBlu5698_010607040404.wav"
"2017-03-10 09:54:03,891","INFO","Supplying reward for 12.00 seconds"
"2017-03-10 09:55:26,472","INFO","Trial 154 - 09:55:26 - Unrewarded - /home/fet/stimuli/test_categories_box2/nonreward/Di_Stim_6_Unknown000_010202020201.wav"
"2017-03-10 09:55:56,539","INFO","Trial 155 - 09:55:56 - Unrewarded - /home/fet/stimuli/test_categories_box2/nonreward/So_Stim_4_WhiLbl0010_050806.wav"
"2017-03-10 09:56:05,275","INFO","Trial 156 - 09:56:05 - Rewarded - /home/fet/stimuli/test_categories_box2/reward/Th_Stim_1_GraGra0201_340621253729.wav"
"2017-03-10 09:56:11,284","INFO","Supplying reward for 12.00 seconds"
"2017-03-10 09:56:39,806","INFO","Trial 157 - 09:56:39 - Rewarded - /home/fet/stimuli/test_categories_box2/reward/Th_Stim_7_GreOra1817_211109290549.wav"
"2017-03-10 09:56:45,811","INFO","Supplying reward for 12.00 seconds"
"2017-03-10 09:57:53,086","INFO","Trial 158 - 09:57:53 - Rewarded - /home/fet/stimuli/test_categories_box2/reward/Th_Stim_6_HPiHPi4748_162829101105.wav"
"2017-03-10 09:57:59,095","INFO","Supplying reward for 12.00 seconds"
"2017-03-10 09:58:38,669","INFO","Trial 159 - 09:58:38 - Unrewarded - /home/fet/stimuli/test_categories_box2/nonreward/So_Stim_10_YelGre5275_302725.wav"
"2017-03-10 09:58:52,696","INFO","Trial 160 - 09:58:52 - Rewarded - /home/fet/stimuli/test_categories_box2/reward/Th_Stim_4_WhiBlu4818_050403010202.wav"
"2017-03-10 09:58:58,706","INFO","Supplying reward for 12.00 seconds"
"2017-03-10 09:59:32,517","INFO","Trial 161 - 09:59:32 - Unrewarded - /home/fet/stimuli/test_categories_box2/nonreward/Tu_Stim_10_GraLbl0457_120216130111.wav"
"2017-03-10 09:59:37,130","INFO","Trial 162 - 09:59:37 - Unrewarded - /home/fet/stimuli/test_categories_box2/nonreward/DC_Stim_7_WhiRas44dd_061012182709.wav"
"2017-03-10 10:00:01,685","INFO","Trial 163 - 10:00:01 - Rewarded - /home/fet/stimuli/test_categories_box2/reward/Th_Stim_2_WhiWhi1415_122528310307.wav"
"2017-03-10 10:00:07,693","INFO","Supplying reward for 12.00 seconds"
"2017-03-10 10:00:29,936","INFO","Trial 164 - 10:00:29 - Unrewarded - /home/fet/stimuli/test_categories_box2/nonreward/Di_Stim_10_GraGra0201_010701070701.wav"
"2017-03-10 10:00:46,572","INFO","Trial 165 - 10:00:46 - Rewarded - /home/fet/stimuli/test_categories_box2/reward/Th_Stim_7_WhiBlu5698_060704010404.wav"
"2017-03-10 10:00:52,585","INFO","Supplying reward for 12.00 seconds"
"2017-03-10 10:01:53,280","INFO","Trial 166 - 10:01:53 - Unrewarded - /home/fet/stimuli/test_categories_box2/nonreward/Wh_Stim_10_LblRed0613_173304414015.wav"
"2017-03-10 10:02:11,845","INFO","Trial 167 - 10:02:11 - Unrewarded - /home/fet/stimuli/test_categories_box2/nonreward/Be_Stim_10_GraRas1500_060104.wav"
"2017-03-10 10:02:21,065","INFO","Trial 168 - 10:02:21 - Unrewarded - /home/fet/stimuli/test_categories_box2/nonreward/DC_Stim_1_Unknown00F_081213090403.wav"
"2017-03-10 10:03:08,758","INFO","Trial 169 - 10:03:08 - Unrewarded - /home/fet/stimuli/test_categories_box2/nonreward/LT_Stim_1_LblBlu6379_171209150811.wav"
"2017-03-10 10:04:05,257","INFO","Trial 170 - 10:04:05 - Unrewarded - /home/fet/stimuli/test_categories_box2/nonreward/So_Stim_3_WhiLbl0010_050807.wav"
"2017-03-10 11:20:43,103","INFO","Trial 171 - 11:20:43 - Rewarded - /home/fet/stimuli/test_categories_box2/reward/Th_Stim_9_Unknown_11_110401030502.wav"
"2017-03-10 11:20:49,112","INFO","Supplying reward for 12.00 seconds"
"2017-03-10 13:10:28,387","INFO","Trial 172 - 13:10:28 - Unrewarded - /home/fet/stimuli/test_categories_box2/nonreward/So_Stim_1_LblBla4548_284121.wav"
"2017-03-10 13:10:28,437","INFO","Trial 173 - 13:10:28 - Unrewarded - /home/fet/stimuli/test_categories_box2/nonreward/Wh_Stim_2_BlaBla0506_180612021413.wav"
"2017-03-10 13:11:51,276","INFO","Trial 174 - 13:11:51 - Rewarded - /home/fet/stimuli/test_categories_box2/reward/Th_Stim_1_GreOra1817_234134244240.wav"
"2017-03-10 13:11:51,847","INFO","Trial 175 - 13:11:51 - Unrewarded - /home/fet/stimuli/test_categories_box2/nonreward/Te_Stim_2_GreOra1817_141823070124.wav"
"2017-03-10 13:11:51,904","INFO","Trial 176 - 13:11:51 - Unrewarded - /home/fet/stimuli/test_categories_box2/nonreward/Tu_Stim_2_YelOra2575_112825221018.wav"
"2017-03-10 13:12:03,330","INFO","Trial 177 - 13:12:03 - Unrewarded - /home/fet/stimuli/test_categories_box2/nonreward/Tu_Stim_3_YelOra2575_210828181216.wav"
"2017-03-10 13:12:04,167","INFO","Trial 178 - 13:12:04 - Unrewarded - /home/fet/stimuli/test_categories_box2/nonreward/Be_Stim_2_LblRas1800_01_0209_0206_02.wav"
"2017-03-10 13:12:10,526","INFO","Trial 179 - 13:12:10 - Unrewarded - /home/fet/stimuli/test_categories_box2/nonreward/Di_Stim_8_HPiHPi4748_050305030303.wav"
"2017-03-10 13:12:10,581","INFO","Trial 180 - 13:12:10 - Unrewarded - /home/fet/stimuli/test_categories_box2/nonreward/So_Stim_8_WhiLbl0010_080405.wav"
"2017-03-10 13:12:11,293","INFO","Trial 181 - 13:12:11 - Rewarded - /home/fet/stimuli/test_categories_box2/reward/Th_Stim_7_WhiBlu4818_030102040504.wav"
"2017-03-10 13:12:11,342","INFO","Trial 182 - 13:12:11 - Rewarded - /home/fet/stimuli/test_categories_box2/reward/Th_Stim_10_HPiHPi4748_192114161204.wav"
"2017-03-10 13:12:17,350","INFO","Supplying reward for 12.00 seconds"
"2017-03-10 13:12:46,495","INFO","Trial 183 - 13:12:46 - Unrewarded - /home/fet/stimuli/test_categories_box2/nonreward/So_Stim_7_RedRas3600_040501.wav"
"2017-03-10 13:12:46,849","INFO","Trial 184 - 13:12:46 - Unrewarded - /home/fet/stimuli/test_categories_box2/nonreward/LT_Stim_3_LblBlu6379_070910201116.wav"
"2017-03-10 13:12:48,163","INFO","Trial 185 - 13:12:48 - Unrewarded - /home/fet/stimuli/test_categories_box2/nonreward/Wh_Stim_6_YelGre5275_031413080502.wav"
"2017-03-10 13:12:48,216","INFO","Trial 186 - 13:12:48 - Rewarded - /home/fet/stimuli/test_categories_box2/reward/Th_Stim_10_WhiBlu5698_070106040607.wav"
"2017-03-10 13:12:54,224","INFO","Supplying reward for 12.00 seconds"
"2017-03-10 13:15:52,523","INFO","Trial 187 - 13:15:52 - Unrewarded - /home/fet/stimuli/test_categories_box2/nonreward/Ag_Stim_7_YelOra2575_201922230410.wav"
"2017-03-10 13:16:04,135","INFO","Trial 188 - 13:16:04 - Unrewarded - /home/fet/stimuli/test_categories_box2/nonreward/Ne_Stim_8_HPiHPi4748_404814282336.wav"
"2017-03-10 13:16:04,701","INFO","Trial 189 - 13:16:04 - Unrewarded - /home/fet/stimuli/test_categories_box2/nonreward/Ag_Stim_10_BluRas07dd_201008241309.wav"
"2017-03-10 13:16:21,968","INFO","Trial 190 - 13:16:21 - Unrewarded - /home/fet/stimuli/test_categories_box2/nonreward/LT_Stim_2_LblGre0000_070317051402.wav"
"2017-03-10 13:16:22,821","INFO","Trial 191 - 13:16:22 - Unrewarded - /home/fet/stimuli/test_categories_box2/nonreward/Te_Stim_1_BluRas61dd_102115041329.wav"
"2017-03-10 13:16:38,654","INFO","Trial 192 - 13:16:38 - Unrewarded - /home/fet/stimuli/test_categories_box2/nonreward/Di_Stim_6_Unknown_11_010201010201.wav"
"2017-03-10 13:16:50,937","INFO","Trial 193 - 13:16:50 - Unrewarded - /home/fet/stimuli/test_categories_box2/nonreward/So_Stim_5_RedRas3600_040506.wav"
"2017-03-10 13:16:51,868","INFO","Trial 194 - 13:16:51 - Unrewarded - /home/fet/stimuli/test_categories_box2/nonreward/Di_Stim_2_HPiHPi4748_030505030305.wav"
"2017-03-10 13:17:10,318","INFO","Trial 195 - 13:17:10 - Unrewarded - /home/fet/stimuli/test_categories_box2/nonreward/Wh_Stim_5_LblBla4548_110503081604.wav"
"2017-03-10 13:17:11,278","INFO","Trial 196 - 13:17:11 - Unrewarded - /home/fet/stimuli/test_categories_box2/nonreward/Tu_Stim_1_WhiRas44dd_200621171013.wav"
"2017-03-10 13:17:11,327","INFO","Trial 197 - 13:17:11 - Unrewarded - /home/fet/stimuli/test_categories_box2/nonreward/Ag_Stim_9_Unknown_11_010606010106.wav"
"2017-03-10 13:17:29,330","INFO","Trial 198 - 13:17:29 - Unrewarded - /home/fet/stimuli/test_categories_box2/nonreward/Tu_Stim_9_GreOra1817_160105111808.wav"
"2017-03-10 13:17:29,385","INFO","Trial 199 - 13:17:29 - Rewarded - /home/fet/stimuli/test_categories_box2/reward/Th_Stim_4_GraGra0201_251943160323.wav"
"2017-03-10 13:17:35,393","INFO","Supplying reward for 12.00 seconds"
"2017-03-10 13:18:32,749","INFO","Trial 200 - 13:18:32 - Unrewarded - /home/fet/stimuli/test_categories_box2/nonreward/LT_Stim_3_LblBlu1927_010101010101.wav"
"2017-03-10 13:18:32,800","INFO","Trial 201 - 13:18:32 - Unrewarded - /home/fet/stimuli/test_categories_box2/nonreward/Wh_Stim_6_WhiRas44dd_010203030203.wav"
"2017-03-10 13:18:33,934","INFO","Trial 202 - 13:18:33 - Unrewarded - /home/fet/stimuli/test_categories_box2/nonreward/Tu_Stim_10_YelOra2575_172822152120.wav"
"2017-03-10 13:19:08,694","INFO","Trial 203 - 13:19:08 - Unrewarded - /home/fet/stimuli/test_categories_box2/nonreward/Be_Stim_5_LblBlu1729_061008.wav"
"2017-03-10 13:19:09,629","INFO","Trial 204 - 13:19:09 - Unrewarded - /home/fet/stimuli/test_categories_box2/nonreward/Be_Stim_2_LblBlu2028_0201_0201_03.wav"
"2017-03-10 13:19:10,510","INFO","Trial 205 - 13:19:10 - Unrewarded - /home/fet/stimuli/test_categories_box2/nonreward/Wh_Stim_9_LblBla4548_071311101702.wav"
"2017-03-10 13:19:10,551","INFO","Trial 206 - 13:19:10 - Rewarded - /home/fet/stimuli/test_categories_box2/reward/Th_Stim_2_WhiBlu5698_040701060606.wav"
"2017-03-10 13:19:16,558","INFO","Supplying reward for 12.00 seconds"
"2017-03-10 13:19:57,707","INFO","Trial 207 - 13:19:57 - Unrewarded - /home/fet/stimuli/test_categories_box2/nonreward/Ag_Stim_5_HPiHPi4748_363015283324.wav"
"2017-03-10 13:19:58,401","INFO","Trial 208 - 13:19:58 - Unrewarded - /home/fet/stimuli/test_categories_box2/nonreward/Di_Stim_4_Unknown000_010201020202.wav"
"2017-03-10 13:20:08,381","INFO","Trial 209 - 13:20:08 - Unrewarded - /home/fet/stimuli/test_categories_box2/nonreward/Wh_Stim_4_GraGra0201_050405010206.wav"
"2017-03-10 13:20:08,763","INFO","Trial 210 - 13:20:08 - Unrewarded - /home/fet/stimuli/test_categories_box2/nonreward/Te_Stim_7_BlaBla0506_121513091008.wav"
"2017-03-10 13:20:09,460","INFO","Trial 211 - 13:20:09 - Unrewarded - /home/fet/stimuli/test_categories_box2/nonreward/Di_Stim_9_BlaLbl8026_030201010303.wav"
"2017-03-10 13:20:26,222","INFO","Trial 212 - 13:20:26 - Unrewarded - /home/fet/stimuli/test_categories_box2/nonreward/Te_Stim_1_GreOra1817_040928062227.wav"
"2017-03-10 13:20:40,860","INFO","Trial 213 - 13:20:40 - Unrewarded - /home/fet/stimuli/test_categories_box2/nonreward/So_Stim_6_LblRed0613_273932.wav"
"2017-03-10 13:20:41,685","INFO","Trial 214 - 13:20:41 - Rewarded - /home/fet/stimuli/test_categories_box2/reward/Th_Stim_3_WhiWhi1415_101322041612.wav"
"2017-03-10 13:20:41,730","INFO","Trial 215 - 13:20:41 - Rewarded - /home/fet/stimuli/test_categories_box2/reward/Th_Stim_6_LblRed0613_011002081504.wav"
"2017-03-10 13:20:47,738","INFO","Supplying reward for 12.00 seconds"
"2017-03-10 13:21:49,464","INFO","Trial 216 - 13:21:49 - Unrewarded - /home/fet/stimuli/test_categories_box2/nonreward/Ag_Stim_7_WhiLbl0010_260306092208.wav"
"2017-03-10 13:21:59,093","INFO","Trial 217 - 13:21:59 - Unrewarded - /home/fet/stimuli/test_categories_box2/nonreward/Ne_Stim_5_LblBla4548_303511371538.wav"
"2017-03-10 13:21:59,975","INFO","Trial 218 - 13:21:59 - Unrewarded - /home/fet/stimuli/test_categories_box2/nonreward/Di_Stim_7_WhiBlu4818_060606060606.wav"
"2017-03-10 13:22:10,467","INFO","Trial 219 - 13:22:10 - Unrewarded - /home/fet/stimuli/test_categories_box2/nonreward/LT_Stim_5_WhiBlu3513_020306040501.wav"
"2017-03-10 13:22:10,513","INFO","Trial 220 - 13:22:10 - Unrewarded - /home/fet/stimuli/test_categories_box2/nonreward/Tu_Stim_10_WhiLbl0010_102105040825.wav"
"2017-03-10 13:22:11,046","INFO","Trial 221 - 13:22:11 - Unrewarded - /home/fet/stimuli/test_categories_box2/nonreward/Di_Stim_10_BlaBla0506_010101010101.wav"
"2017-03-10 13:22:24,651","INFO","Trial 222 - 13:22:24 - Unrewarded - /home/fet/stimuli/test_categories_box2/nonreward/Wh_Stim_6_GreGre2522_030102030201.wav"
"2017-03-10 13:22:24,706","INFO","Trial 223 - 13:22:24 - Rewarded - /home/fet/stimuli/test_categories_box2/reward/Th_Stim_3_WhiBlu4818_020301050401.wav"
"2017-03-10 13:22:30,713","INFO","Supplying reward for 12.00 seconds"
"2017-03-10 13:23:15,696","INFO","Trial 224 - 13:23:15 - Unrewarded - /home/fet/stimuli/test_categories_box2/nonreward/Ne_Stim_5_YelGre5275_082819292110.wav"
"2017-03-10 13:23:16,525","INFO","Trial 225 - 13:23:16 - Unrewarded - /home/fet/stimuli/test_categories_box2/nonreward/DC_Stim_8_WhiGra0114_141012030407.wav"
"2017-03-10 13:23:16,583","INFO","Trial 226 - 13:23:16 - Unrewarded - /home/fet/stimuli/test_categories_box2/nonreward/Be_Stim_9_LblBlu2028_02_0304_0208.wav"
"2017-03-10 13:23:17,640","INFO","Trial 227 - 13:23:17 - Unrewarded - /home/fet/stimuli/test_categories_box2/nonreward/Wh_Stim_10_BlaBla0506_141315060218.wav"
"2017-03-10 13:23:17,688","INFO","Trial 228 - 13:23:17 - Unrewarded - /home/fet/stimuli/test_categories_box2/nonreward/LT_Stim_10_WhiBlu3513_010204050306.wav"
"2017-03-10 13:23:28,507","INFO","Trial 229 - 13:23:28 - Unrewarded - /home/fet/stimuli/test_categories_box2/nonreward/DC_Stim_6_BlaLbl8026_262415342806.wav"
"2017-03-10 13:23:28,566","INFO","Trial 230 - 13:23:28 - Unrewarded - /home/fet/stimuli/test_categories_box2/nonreward/Ne_Stim_8_LblRed0613_415025436069.wav"
"2017-03-10 13:23:46,070","INFO","Trial 231 - 13:23:46 - Unrewarded - /home/fet/stimuli/test_categories_box2/nonreward/Tu_Stim_6_YelGre5275_090715060413.wav"
"2017-03-10 13:23:46,125","INFO","Trial 232 - 13:23:46 - Unrewarded - /home/fet/stimuli/test_categories_box2/nonreward/So_Stim_5_WhiBlu4818_221105.wav"
"2017-03-10 13:23:54,362","INFO","Trial 233 - 13:23:54 - Unrewarded - /home/fet/stimuli/test_categories_box2/nonreward/DC_Stim_8_BlaLbl8026_083630122405.wav"
"2017-03-10 13:24:04,768","INFO","Trial 234 - 13:24:04 - Unrewarded - /home/fet/stimuli/test_categories_box2/nonreward/Di_Stim_2_BlaLbl8026_030201030101.wav"
"2017-03-10 13:24:19,820","INFO","Trial 235 - 13:24:19 - Unrewarded - /home/fet/stimuli/test_categories_box2/nonreward/Be_Stim_10_LblGre0001_0503_0303_01.wav"
"2017-03-10 13:24:29,186","INFO","Trial 236 - 13:24:29 - Unrewarded - /home/fet/stimuli/test_categories_box2/nonreward/LT_Stim_1_LblBlu1630_101401051112.wav"
"2017-03-10 13:24:41,140","INFO","Trial 237 - 13:24:41 - Unrewarded - /home/fet/stimuli/test_categories_box2/nonreward/Ne_Stim_8_GraGra0201_340429242330.wav"
"2017-03-10 13:24:57,658","INFO","Trial 238 - 13:24:57 - Unrewarded - /home/fet/stimuli/test_categories_box2/nonreward/Ag_Stim_2_BluRas61dd_091210150402.wav"
"2017-03-10 13:24:58,917","INFO","Trial 239 - 13:24:58 - Unrewarded - /home/fet/stimuli/test_categories_box2/nonreward/So_Stim_7_WhiBlu5698_021808.wav"
"2017-03-10 13:25:08,678","INFO","Trial 240 - 13:25:08 - Unrewarded - /home/fet/stimuli/test_categories_box2/nonreward/Te_Stim_6_LblRed0613_062215100904.wav"
"2017-03-10 13:25:19,534","INFO","Trial 241 - 13:25:19 - Unrewarded - /home/fet/stimuli/test_categories_box2/nonreward/Be_Stim_8_LblRas1800_08_0102_0204_02.wav"
"2017-03-10 13:25:19,589","INFO","Trial 242 - 13:25:19 - Rewarded - /home/fet/stimuli/test_categories_box2/reward/Th_Stim_5_Unknown_11_030709010608.wav"
"2017-03-10 13:25:25,598","INFO","Supplying reward for 12.00 seconds"
"2017-03-10 13:29:39,120","INFO","Trial 243 - 13:29:39 - Rewarded - /home/fet/stimuli/test_categories_box2/reward/Th_Stim_8_Unknown_11_110603040501.wav"
"2017-03-10 13:29:39,712","INFO","Trial 244 - 13:29:39 - Unrewarded - /home/fet/stimuli/test_categories_box2/nonreward/Wh_Stim_8_LblRed0613_193802180120.wav"
"2017-03-10 13:29:41,231","INFO","Trial 245 - 13:29:41 - Unrewarded - /home/fet/stimuli/test_categories_box2/nonreward/LT_Stim_8_LblRas1800_010205060304.wav"
"2017-03-10 13:29:56,288","INFO","Trial 246 - 13:29:56 - Rewarded - /home/fet/stimuli/test_categories_box2/reward/Th_Stim_2_Unknown_11_070803040211.wav"
"2017-03-10 13:30:02,294","INFO","Supplying reward for 12.00 seconds"
"2017-03-10 13:31:00,134","INFO","Trial 247 - 13:31:00 - Unrewarded - /home/fet/stimuli/test_categories_box2/nonreward/Te_Stim_6_BlaLbl8026_100407082203.wav"
"2017-03-10 13:31:00,193","INFO","Trial 248 - 13:31:00 - Unrewarded - /home/fet/stimuli/test_categories_box2/nonreward/Wh_Stim_10_WhiBlu5698_040618191115.wav"
"2017-03-10 13:31:07,295","INFO","Trial 249 - 13:31:07 - Rewarded - /home/fet/stimuli/test_categories_box2/reward/Th_Stim_10_GraGra0201_262118242915.wav"
"2017-03-10 13:31:13,301","INFO","Supplying reward for 12.00 seconds"
"2017-03-10 13:31:50,646","INFO","Trial 250 - 13:31:50 - Unrewarded - /home/fet/stimuli/test_categories_box2/nonreward/Tu_Stim_3_GreOra1817_031406081113.wav"
"2017-03-10 13:32:05,520","INFO","Trial 251 - 13:32:05 - Unrewarded - /home/fet/stimuli/test_categories_box2/nonreward/So_Stim_3_LblBla4419_100509.wav"
"2017-03-10 13:32:06,000","INFO","Trial 252 - 13:32:06 - Unrewarded - /home/fet/stimuli/test_categories_box2/nonreward/Te_Stim_4_BluRas61dd_101605220430.wav"
"2017-03-10 13:32:06,058","INFO","Trial 253 - 13:32:06 - Unrewarded - /home/fet/stimuli/test_categories_box2/nonreward/DC_Stim_6_Unknown00F_111907052412.wav"
"2017-03-10 13:32:18,341","INFO","Trial 254 - 13:32:18 - Unrewarded - /home/fet/stimuli/test_categories_box2/nonreward/Be_Stim_6_LblBlu6243_07_0208_0309_01.wav"
"2017-03-10 13:32:24,135","INFO","Trial 255 - 13:32:24 - Unrewarded - /home/fet/stimuli/test_categories_box2/nonreward/Wh_Stim_2_BlaLbl8026_320709080808.wav"
"2017-03-10 13:32:24,778","INFO","Trial 256 - 13:32:24 - Rewarded - /home/fet/stimuli/test_categories_box2/reward/Th_Stim_6_WhiBlu5698_060104070406.wav"
"2017-03-10 13:32:30,787","INFO","Supplying reward for 12.00 seconds"
"2017-03-10 13:33:02,708","INFO","Trial 257 - 13:33:02 - Unrewarded - /home/fet/stimuli/test_categories_box2/nonreward/Tu_Stim_2_BlaLbl8026_100605071109.wav"
"2017-03-10 13:33:02,763","INFO","Trial 258 - 13:33:02 - Unrewarded - /home/fet/stimuli/test_categories_box2/nonreward/LT_Stim_8_WhiBlu3513_060104030205.wav"
"2017-03-10 13:33:14,665","INFO","Trial 259 - 13:33:14 - Unrewarded - /home/fet/stimuli/test_categories_box2/nonreward/So_Stim_8_YelGre5275_300628.wav"
"2017-03-10 13:33:15,663","INFO","Trial 260 - 13:33:15 - Rewarded - /home/fet/stimuli/test_categories_box2/reward/Th_Stim_9_WhiGra0114_050207060801.wav"
"2017-03-10 13:33:21,674","INFO","Supplying reward for 12.00 seconds"
"2017-03-10 13:34:01,047","INFO","Trial 261 - 13:34:01 - Unrewarded - /home/fet/stimuli/test_categories_box2/nonreward/Te_Stim_9_WhiLbl0010_250415022614.wav"
"2017-03-10 13:34:01,102","INFO","Trial 262 - 13:34:01 - Unrewarded - /home/fet/stimuli/test_categories_box2/nonreward/Ne_Stim_4_BluRas61dd_343816201936.wav"
"2017-03-10 13:34:23,691","INFO","Trial 263 - 13:34:23 - Unrewarded - /home/fet/stimuli/test_categories_box2/nonreward/Te_Stim_7_WhiLbl0010_100502062314.wav"
"2017-03-10 13:34:43,082","INFO","Trial 264 - 13:34:43 - Rewarded - /home/fet/stimuli/test_categories_box2/reward/Th_Stim_4_BlaBla0506_010204050301.wav"
"2017-03-10 13:34:49,092","INFO","Supplying reward for 12.00 seconds"
"2017-03-10 13:35:26,543","INFO","Trial 265 - 13:35:26 - Unrewarded - /home/fet/stimuli/test_categories_box2/nonreward/Wh_Stim_6_WhiBlu5698_061102150704.wav"
"2017-03-10 13:35:26,601","INFO","Trial 266 - 13:35:26 - Unrewarded - /home/fet/stimuli/test_categories_box2/nonreward/Ne_Stim_6_GraGra0201_124838430649.wav"
"2017-03-10 13:35:27,691","INFO","Trial 267 - 13:35:27 - Unrewarded - /home/fet/stimuli/test_categories_box2/nonreward/Tu_Stim_8_WhiLbl0010_131006212301.wav"
"2017-03-10 13:35:51,714","INFO","Trial 268 - 13:35:51 - Unrewarded - /home/fet/stimuli/test_categories_box2/nonreward/Ne_Stim_7_Unknown01F_010202020101.wav"
"2017-03-10 13:36:05,915","INFO","Trial 269 - 13:36:05 - Unrewarded - /home/fet/stimuli/test_categories_box2/nonreward/Di_Stim_5_Unknown000_010201020101.wav"
"2017-03-10 13:36:05,966","INFO","Trial 270 - 13:36:05 - Unrewarded - /home/fet/stimuli/test_categories_box2/nonreward/So_Stim_7_LblBla4548_172216.wav"
"2017-03-10 13:36:13,272","INFO","Trial 271 - 13:36:13 - Unrewarded - /home/fet/stimuli/test_categories_box2/nonreward/LT_Stim_10_LblBlu6243_282319062230.wav"
"2017-03-10 13:36:30,762","INFO","Trial 272 - 13:36:30 - Rewarded - /home/fet/stimuli/test_categories_box2/reward/Th_Stim_6_WhiRas44dd_431136324813.wav"
"2017-03-10 13:36:36,768","INFO","Supplying reward for 12.00 seconds"
"2017-03-10 13:37:14,038","INFO","Trial 273 - 13:37:14 - Rewarded - /home/fet/stimuli/test_categories_box2/reward/Th_Stim_4_Unknown_11_040509011110.wav"
"2017-03-10 13:37:20,046","INFO","Supplying reward for 12.00 seconds"
"2017-03-10 13:37:54,045","INFO","Trial 274 - 13:37:54 - Unrewarded - /home/fet/stimuli/test_categories_box2/nonreward/DC_Stim_3_GreGre6364_051206020316.wav"
"2017-03-10 13:38:08,193","INFO","Trial 275 - 13:38:08 - Unrewarded - /home/fet/stimuli/test_categories_box2/nonreward/LT_Stim_6_WhiBlu0112_070106131017.wav"
"2017-03-10 13:38:14,042","INFO","Trial 276 - 13:38:14 - Unrewarded - /home/fet/stimuli/test_categories_box2/nonreward/Be_Stim_1_LblBlu6379_0604_0105_02.wav"
"2017-03-10 13:38:15,183","INFO","Trial 277 - 13:38:15 - Rewarded - /home/fet/stimuli/test_categories_box2/reward/Th_Stim_6_WhiBlu4818_040203050104.wav"
"2017-03-10 13:38:21,191","INFO","Supplying reward for 12.00 seconds"
"2017-03-10 13:38:55,606","INFO","Trial 278 - 13:38:55 - Unrewarded - /home/fet/stimuli/test_categories_box2/nonreward/Wh_Stim_5_HPiHPi4748_130817221623.wav"
"2017-03-10 13:39:06,592","INFO","Trial 279 - 13:39:06 - Unrewarded - /home/fet/stimuli/test_categories_box2/nonreward/Wh_Stim_9_BlaBla0506_181612061402.wav"
"2017-03-10 13:39:07,446","INFO","Trial 280 - 13:39:07 - Unrewarded - /home/fet/stimuli/test_categories_box2/nonreward/Ag_Stim_9_WhiBlu5698_060410130714.wav"
"2017-03-10 13:39:24,115","INFO","Trial 281 - 13:39:24 - Unrewarded - /home/fet/stimuli/test_categories_box2/nonreward/Be_Stim_6_GraRas1500_020104.wav"
"2017-03-10 13:39:25,305","INFO","Trial 282 - 13:39:25 - Unrewarded - /home/fet/stimuli/test_categories_box2/nonreward/Tu_Stim_7_GraGra0201_130219162005.wav"
"2017-03-10 13:39:58,440","INFO","Trial 283 - 13:39:58 - Unrewarded - /home/fet/stimuli/test_categories_box2/nonreward/Te_Stim_8_GreGre6364_122025100928.wav"
"2017-03-10 13:40:12,273","INFO","Trial 284 - 13:40:12 - Rewarded - /home/fet/stimuli/test_categories_box2/reward/Th_Stim_7_Unknown_11_011002050409.wav"
"2017-03-10 13:40:18,282","INFO","Supplying reward for 12.00 seconds"
"2017-03-10 13:40:55,314","INFO","Trial 285 - 13:40:55 - Unrewarded - /home/fet/stimuli/test_categories_box2/nonreward/Di_Stim_5_GraGra0201_070101010101.wav"
"2017-03-10 13:41:06,537","INFO","Trial 286 - 13:41:06 - Unrewarded - /home/fet/stimuli/test_categories_box2/nonreward/Wh_Stim_1_LblBla4419_130117060905.wav"
"2017-03-10 13:41:07,809","INFO","Trial 287 - 13:41:07 - Unrewarded - /home/fet/stimuli/test_categories_box2/nonreward/Ne_Stim_5_GraGra0201_242001442711.wav"
"2017-03-10 13:41:27,735","INFO","Trial 288 - 13:41:27 - Rewarded - /home/fet/stimuli/test_categories_box2/reward/Th_Stim_2_WhiBlu4818_010403020505.wav"
"2017-03-10 13:41:33,744","INFO","Supplying reward for 12.00 seconds"
"2017-03-10 13:42:10,973","INFO","Trial 289 - 13:42:10 - Unrewarded - /home/fet/stimuli/test_categories_box2/nonreward/Wh_Stim_6_HPiHPi4748_253218062915.wav"
"2017-03-10 13:42:24,211","INFO","Trial 290 - 13:42:24 - Unrewarded - /home/fet/stimuli/test_categories_box2/nonreward/Di_Stim_1_BlaLbl8026_030201030101.wav"
"2017-03-10 13:42:36,618","INFO","Trial 291 - 13:42:36 - Rewarded - /home/fet/stimuli/test_categories_box2/reward/Th_Stim_6_Unknown000_050910010607.wav"
"2017-03-10 13:42:42,624","INFO","Supplying reward for 12.00 seconds"
"2017-03-10 13:43:55,557","INFO","Trial 292 - 13:43:55 - Unrewarded - /home/fet/stimuli/test_categories_box2/nonreward/Ne_Stim_8_BluRas61dd_263202150418.wav"
"2017-03-10 13:43:55,616","INFO","Trial 293 - 13:43:55 - Unrewarded - /home/fet/stimuli/test_categories_box2/nonreward/Di_Stim_7_PurRas20dd_010401010401.wav"
"2017-03-10 13:44:25,466","INFO","Trial 294 - 13:44:25 - Unrewarded - /home/fet/stimuli/test_categories_box2/nonreward/Di_Stim_5_WhiBlu4818_060606060606.wav"
"2017-03-10 13:44:41,662","INFO","Trial 295 - 13:44:41 - Rewarded - /home/fet/stimuli/test_categories_box2/reward/Th_Stim_7_GraGra0201_050337480835.wav"
"2017-03-10 13:44:47,672","INFO","Supplying reward for 12.00 seconds"
"2017-03-10 13:45:30,065","INFO","Trial 296 - 13:45:30 - Unrewarded - /home/fet/stimuli/test_categories_box2/nonreward/Wh_Stim_10_LblBla4419_061403130916.wav"
"2017-03-10 13:45:30,120","INFO","Trial 297 - 13:45:30 - Rewarded - /home/fet/stimuli/test_categories_box2/reward/Th_Stim_5_Unknown000_010408071103.wav"
"2017-03-10 13:45:36,132","INFO","Supplying reward for 12.00 seconds"
"2017-03-10 13:46:09,293","INFO","Trial 298 - 13:46:09 - Unrewarded - /home/fet/stimuli/test_categories_box2/nonreward/Wh_Stim_5_GreGre2522_030102030203.wav"
"2017-03-10 13:46:18,509","INFO","Trial 299 - 13:46:18 - Rewarded - /home/fet/stimuli/test_categories_box2/reward/Th_Stim_9_BlaBla0506_030502040103.wav"
"2017-03-10 13:46:24,518","INFO","Supplying reward for 12.00 seconds"
"2017-03-10 13:46:53,759","INFO","Trial 300 - 13:46:53 - Unrewarded - /home/fet/stimuli/test_categories_box2/nonreward/Wh_Stim_7_GraGra0201_050504050601.wav"
"2017-03-10 13:47:02,340","INFO","Trial 301 - 13:47:02 - Unrewarded - /home/fet/stimuli/test_categories_box2/nonreward/Tu_Stim_8_GraGra0201_180717061603.wav"
"2017-03-10 13:47:16,508","INFO","Trial 302 - 13:47:16 - Rewarded - /home/fet/stimuli/test_categories_box2/reward/Th_Stim_9_WhiBlu4818_030405010201.wav"
"2017-03-10 13:47:22,518","INFO","Supplying reward for 12.00 seconds"
"2017-03-10 13:47:56,293","INFO","Trial 303 - 13:47:56 - Unrewarded - /home/fet/stimuli/test_categories_box2/nonreward/Te_Stim_8_WhiGra0114_190711211405.wav"
"2017-03-10 13:48:10,277","INFO","Trial 304 - 13:48:10 - Unrewarded - /home/fet/stimuli/test_categories_box2/nonreward/So_Stim_3_YelOra2575_201826.wav"
"2017-03-10 16:42:48,897","INFO","Trial 305 - 16:42:48 - Unrewarded - /home/fet/stimuli/test_categories_box2/nonreward/So_Stim_3_LblRed0613_353438.wav"
"2017-03-10 16:43:09,992","INFO","Trial 306 - 16:43:09 - Rewarded - /home/fet/stimuli/test_categories_box2/reward/Th_Stim_10_WhiWhi1415_140913110110.wav"
"2017-03-10 16:43:16,001","INFO","Supplying reward for 12.00 seconds"
"2017-03-10 16:43:43,469","INFO","Trial 307 - 16:43:43 - Unrewarded - /home/fet/stimuli/test_categories_box2/nonreward/Tu_Stim_1_WhiLbl0010_231926081625.wav"
"2017-03-10 16:43:44,061","INFO","Trial 308 - 16:43:44 - Unrewarded - /home/fet/stimuli/test_categories_box2/nonreward/Ag_Stim_4_WhiGra0114_010101010101.wav"
"2017-03-10 16:43:50,941","INFO","Trial 309 - 16:43:50 - Unrewarded - /home/fet/stimuli/test_categories_box2/nonreward/DC_Stim_1_GreRas2400_020102020201.wav"
"2017-03-10 16:43:50,995","INFO","Trial 310 - 16:43:50 - Rewarded - /home/fet/stimuli/test_categories_box2/reward/Th_Stim_9_GreOra1817_324705381525.wav"
"2017-03-10 16:43:57,004","INFO","Supplying reward for 12.00 seconds"
"2017-03-10 16:44:28,396","INFO","Trial 311 - 16:44:28 - Unrewarded - /home/fet/stimuli/test_categories_box2/nonreward/Be_Stim_2_LblBlu1630_040502.wav"
"2017-03-10 16:44:28,446","INFO","Trial 312 - 16:44:28 - Unrewarded - /home/fet/stimuli/test_categories_box2/nonreward/So_Stim_2_BluRas61dd_131121.wav"
"2017-03-10 16:44:29,114","INFO","Trial 313 - 16:44:29 - Unrewarded - /home/fet/stimuli/test_categories_box2/nonreward/So_Stim_4_BluRas61dd_082111.wav"
"2017-03-10 16:44:29,167","INFO","Trial 314 - 16:44:29 - Unrewarded - /home/fet/stimuli/test_categories_box2/nonreward/DC_Stim_4_YelGre5275_400213223011.wav"
"2017-03-10 16:44:40,594","INFO","Trial 315 - 16:44:40 - Unrewarded - /home/fet/stimuli/test_categories_box2/nonreward/Ag_Stim_8_GreOra1817_162509183207.wav"
"2017-03-10 16:44:40,632","INFO","Trial 316 - 16:44:40 - Unrewarded - /home/fet/stimuli/test_categories_box2/nonreward/So_Stim_10_LblRed0613_143139.wav"
"2017-03-10 16:44:42,152","INFO","Trial 317 - 16:44:42 - Unrewarded - /home/fet/stimuli/test_categories_box2/nonreward/LT_Stim_6_LblGre0000_131502081410.wav"
"2017-03-10 16:44:42,201","INFO","Trial 318 - 16:44:42 - Unrewarded - /home/fet/stimuli/test_categories_box2/nonreward/So_Stim_10_WhiBlu5698_240218.wav"
"2017-03-10 16:44:50,433","INFO","Trial 319 - 16:44:50 - Rewarded - /home/fet/stimuli/test_categories_box2/reward/Th_Stim_3_BlaBla0506_030105020403.wav"
"2017-03-10 16:44:56,438","INFO","Supplying reward for 12.00 seconds"
"2017-03-10 16:45:27,703","INFO","Trial 320 - 16:45:27 - Unrewarded - /home/fet/stimuli/test_categories_box2/nonreward/LT_Stim_9_WhiBlu3513_020601040503.wav"
"2017-03-10 16:45:27,754","INFO","Trial 321 - 16:45:27 - Unrewarded - /home/fet/stimuli/test_categories_box2/nonreward/Wh_Stim_9_LblRed0613_331201262528.wav"
"2017-03-10 16:45:28,540","INFO","Trial 322 - 16:45:28 - Rewarded - /home/fet/stimuli/test_categories_box2/reward/Th_Stim_1_Unknown000_020701080504.wav"
"2017-03-10 16:45:34,548","INFO","Supplying reward for 12.00 seconds"
"2017-03-10 16:46:11,195","INFO","Trial 323 - 16:46:11 - Unrewarded - /home/fet/stimuli/test_categories_box2/nonreward/LT_Stim_3_LblGre0000_010911051419.wav"
"2017-03-10 16:46:11,241","INFO","Trial 324 - 16:46:11 - Unrewarded - /home/fet/stimuli/test_categories_box2/nonreward/Ne_Stim_7_LblRed0613_593755125241.wav"
"2017-03-10 16:46:22,316","INFO","Trial 325 - 16:46:22 - Unrewarded - /home/fet/stimuli/test_categories_box2/nonreward/Wh_Stim_9_BlaLbl8026_320709083207.wav"
"2017-03-10 16:46:28,636","INFO","Trial 326 - 16:46:28 - Unrewarded - /home/fet/stimuli/test_categories_box2/nonreward/DC_Stim_6_BluRas07dd_041726011519.wav"
"2017-03-10 16:46:38,593","INFO","Trial 327 - 16:46:38 - Unrewarded - /home/fet/stimuli/test_categories_box2/nonreward/Be_Stim_10_LblRas1800_05_0103_0210_02.wav"
"2017-03-10 16:46:42,224","INFO","Trial 328 - 16:46:42 - Unrewarded - /home/fet/stimuli/test_categories_box2/nonreward/Te_Stim_9_BluRas61dd_060224201713.wav"
"2017-03-10 16:46:56,382","INFO","Trial 329 - 16:46:56 - Rewarded - /home/fet/stimuli/test_categories_box2/reward/Th_Stim_10_Unknown000_050908111002.wav"
"2017-03-10 16:47:02,388","INFO","Supplying reward for 12.00 seconds"
"2017-03-10 16:47:40,374","INFO","Trial 330 - 16:47:40 - Rewarded - /home/fet/stimuli/test_categories_box2/reward/Th_Stim_1_WhiGra0114_010705080602.wav"
"2017-03-10 16:47:46,379","INFO","Supplying reward for 12.00 seconds"
"2017-03-10 16:48:27,261","INFO","Trial 331 - 16:48:27 - Rewarded - /home/fet/stimuli/test_categories_box2/reward/Th_Stim_1_WhiBlu4818_030105020402.wav"
"2017-03-10 16:48:33,270","INFO","Supplying reward for 12.00 seconds"
"2017-03-10 16:49:10,940","INFO","Trial 332 - 16:49:10 - Unrewarded - /home/fet/stimuli/test_categories_box2/nonreward/LT_Stim_4_LblBlu1927_010101010101.wav"
"2017-03-10 16:49:10,995","INFO","Trial 333 - 16:49:10 - Unrewarded - /home/fet/stimuli/test_categories_box2/nonreward/DC_Stim_7_BluRas07dd_131803252907.wav"
"2017-03-10 16:49:21,090","INFO","Trial 334 - 16:49:21 - Unrewarded - /home/fet/stimuli/test_categories_box2/nonreward/Te_Stim_7_PurRas20dd_032513071026.wav"
"2017-03-10 16:49:31,748","INFO","Trial 335 - 16:49:31 - Unrewarded - /home/fet/stimuli/test_categories_box2/nonreward/DC_Stim_10_YelGre5275_171833201302.wav"
"2017-03-10 16:49:47,607","INFO","Trial 336 - 16:49:47 - Unrewarded - /home/fet/stimuli/test_categories_box2/nonreward/Be_Stim_1_LblBlu1729_080513.wav"
"2017-03-10 16:49:51,926","INFO","Trial 337 - 16:49:51 - Unrewarded - /home/fet/stimuli/test_categories_box2/nonreward/Be_Stim_1_LblBlu1630_020504_b..wav"
"2017-03-10 16:49:57,038","INFO","Trial 338 - 16:49:57 - Unrewarded - /home/fet/stimuli/test_categories_box2/nonreward/Ag_Stim_2_WhiBlu4818_060507070606.wav"
"2017-03-10 16:50:05,503","INFO","Trial 339 - 16:50:05 - Unrewarded - /home/fet/stimuli/test_categories_box2/nonreward/Di_Stim_7_WhiBlu4917_010101010101.wav"
"2017-03-10 16:50:16,275","INFO","Trial 340 - 16:50:16 - Unrewarded - /home/fet/stimuli/test_categories_box2/nonreward/Be_Stim_5_LblGre0001_050406.wav"
"2017-03-10 16:50:16,786","INFO","Trial 341 - 16:50:16 - Unrewarded - /home/fet/stimuli/test_categories_box2/nonreward/Di_Stim_10_Unknown_11_020101010102.wav"
"2017-03-10 16:50:17,542","INFO","Trial 342 - 16:50:17 - Unrewarded - /home/fet/stimuli/test_categories_box2/nonreward/Be_Stim_10_LblBlu1729_120508.wav"
"2017-03-10 16:50:21,396","INFO","Trial 343 - 16:50:21 - Unrewarded - /home/fet/stimuli/test_categories_box2/nonreward/Be_Stim_6_GraGre1001_011204.wav"
"2017-03-10 16:50:25,165","INFO","Trial 344 - 16:50:25 - Unrewarded - /home/fet/stimuli/test_categories_box2/nonreward/Te_Stim_4_GreRas2400_261833220123.wav"
"2017-03-10 16:50:25,218","INFO","Trial 345 - 16:50:25 - Unrewarded - /home/fet/stimuli/test_categories_box2/nonreward/Te_Stim_8_PurRas20dd_021901031420.wav"
"2017-03-10 16:50:37,406","INFO","Trial 346 - 16:50:37 - Unrewarded - /home/fet/stimuli/test_categories_box2/nonreward/DC_Stim_7_LblBla4419_270725062337.wav"
"2017-03-10 16:50:47,908","INFO","Trial 347 - 16:50:47 - Unrewarded - /home/fet/stimuli/test_categories_box2/nonreward/So_Stim_1_WhiLbl0010_070805.wav"
"2017-03-10 16:50:52,010","INFO","Trial 348 - 16:50:52 - Unrewarded - /home/fet/stimuli/test_categories_box2/nonreward/Wh_Stim_4_LblBla4548_111303070114.wav"
"2017-03-10 16:50:56,429","INFO","Trial 349 - 16:50:56 - Unrewarded - /home/fet/stimuli/test_categories_box2/nonreward/LT_Stim_3_LblBlu1630_070903151116.wav"
"2017-03-10 16:51:07,421","INFO","Trial 350 - 16:51:07 - Unrewarded - /home/fet/stimuli/test_categories_box2/nonreward/DC_Stim_4_GraLbl0457_282021302423.wav"
"2017-03-10 16:51:22,597","INFO","Trial 351 - 16:51:22 - Unrewarded - /home/fet/stimuli/test_categories_box2/nonreward/Di_Stim_6_WhiWhi1415_020202020202.wav"
"2017-03-10 16:51:23,356","INFO","Trial 352 - 16:51:23 - Unrewarded - /home/fet/stimuli/test_categories_box2/nonreward/Ne_Stim_3_WhiLbl0010_162510351407.wav"
"2017-03-10 16:51:28,533","INFO","Trial 353 - 16:51:28 - Unrewarded - /home/fet/stimuli/test_categories_box2/nonreward/Tu_Stim_5_GraLbl0457_030102110414.wav"
"2017-03-10 16:51:48,307","INFO","Trial 354 - 16:51:48 - Unrewarded - /home/fet/stimuli/test_categories_box2/nonreward/Te_Stim_3_WhiGra0114_052120190207.wav"
"2017-03-10 16:51:48,361","INFO","Trial 355 - 16:51:48 - Unrewarded - /home/fet/stimuli/test_categories_box2/nonreward/So_Stim_1_HPiHPi4748_092212.wav"
"2017-03-10 16:52:12,817","INFO","Trial 356 - 16:52:12 - Unrewarded - /home/fet/stimuli/test_categories_box2/nonreward/DC_Stim_4_BlaLbl8026_360529063132.wav"
"2017-03-10 16:52:27,226","INFO","Trial 357 - 16:52:27 - Rewarded - /home/fet/stimuli/test_categories_box2/reward/Th_Stim_3_WhiRas44dd_174819204344.wav"
"2017-03-10 16:52:33,236","INFO","Supplying reward for 12.00 seconds"
"2017-03-10 16:53:01,210","INFO","Trial 358 - 16:53:01 - Rewarded - /home/fet/stimuli/test_categories_box2/reward/Th_Stim_4_Unknown000_110310020501.wav"
"2017-03-10 16:53:01,261","INFO","Trial 359 - 16:53:01 - Unrewarded - /home/fet/stimuli/test_categories_box2/nonreward/DC_Stim_1_WhiRas44dd_190122281726.wav"
"2017-03-10 16:53:15,898","INFO","Trial 360 - 16:53:15 - Unrewarded - /home/fet/stimuli/test_categories_box2/nonreward/Ag_Stim_2_WhiBlu5698_100704130611.wav"
"2017-03-10 16:53:16,893","INFO","Trial 361 - 16:53:16 - Unrewarded - /home/fet/stimuli/test_categories_box2/nonreward/Ag_Stim_3_Unknown_11_010601060601.wav"
"2017-03-10 16:53:16,940","INFO","Trial 362 - 16:53:16 - Unrewarded - /home/fet/stimuli/test_categories_box2/nonreward/Be_Stim_5_LblRas1800_10_0203_0204.wav"
"2017-03-10 16:53:19,983","INFO","Trial 363 - 16:53:19 - Rewarded - /home/fet/stimuli/test_categories_box2/reward/Th_Stim_8_WhiGra0114_060107080502.wav"
"2017-03-10 16:53:20,032","INFO","Trial 364 - 16:53:20 - Rewarded - /home/fet/stimuli/test_categories_box2/reward/Th_Stim_1_BlaBla0506_040301020504.wav"
"2017-03-10 16:53:26,041","INFO","Supplying reward for 12.00 seconds"
"2017-03-10 16:53:55,576","INFO","Trial 365 - 16:53:55 - Unrewarded - /home/fet/stimuli/test_categories_box2/nonreward/Ag_Stim_7_WhiWhi1415_020202020202.wav"
"2017-03-10 16:53:55,630","INFO","Trial 366 - 16:53:55 - Unrewarded - /home/fet/stimuli/test_categories_box2/nonreward/Ne_Stim_4_WhiBlu5698_021501020804.wav"
"2017-03-10 16:53:56,445","INFO","Trial 367 - 16:53:56 - Unrewarded - /home/fet/stimuli/test_categories_box2/nonreward/LT_Stim_10_LblBlu1927_010101010101.wav"
"2017-03-10 16:54:12,143","INFO","Trial 368 - 16:54:12 - Unrewarded - /home/fet/stimuli/test_categories_box2/nonreward/Di_Stim_3_Unknown_11_020101010202.wav"
"2017-03-10 16:54:12,203","INFO","Trial 369 - 16:54:12 - Unrewarded - /home/fet/stimuli/test_categories_box2/nonreward/Ne_Stim_1_GraGra0201_540551362735.wav"
"2017-03-10 16:54:22,739","INFO","Trial 370 - 16:54:22 - Rewarded - /home/fet/stimuli/test_categories_box2/reward/Th_Stim_5_WhiRas44dd_122939381011.wav"
"2017-03-10 16:54:28,749","INFO","Supplying reward for 12.00 seconds"
"2017-03-10 16:55:03,719","INFO","Trial 371 - 16:55:03 - Unrewarded - /home/fet/stimuli/test_categories_box2/nonreward/LT_Stim_6_LblBlu6680_172707220809.wav"
"2017-03-10 16:55:03,773","INFO","Trial 372 - 16:55:03 - Rewarded - /home/fet/stimuli/test_categories_box2/reward/Th_Stim_7_Unknown000_050408110206.wav"
"2017-03-10 16:55:09,782","INFO","Supplying reward for 12.00 seconds"
"2017-03-10 16:55:40,459","INFO","Trial 373 - 16:55:40 - Unrewarded - /home/fet/stimuli/test_categories_box2/nonreward/Ne_Stim_1_Unknown01F_010201020101.wav"
"2017-03-10 16:55:40,989","INFO","Trial 374 - 16:55:40 - Unrewarded - /home/fet/stimuli/test_categories_box2/nonreward/Te_Stim_4_BlaBla0506_221110051508.wav"
"2017-03-10 16:55:41,034","INFO","Trial 375 - 16:55:41 - Unrewarded - /home/fet/stimuli/test_categories_box2/nonreward/Tu_Stim_1_GraLbl0457_121606151011.wav"
"2017-03-10 16:55:59,226","INFO","Trial 376 - 16:55:59 - Unrewarded - /home/fet/stimuli/test_categories_box2/nonreward/LT_Stim_5_LblGre0000_161817110309.wav"
"2017-03-10 16:56:00,653","INFO","Trial 377 - 16:56:00 - Unrewarded - /home/fet/stimuli/test_categories_box2/nonreward/Di_Stim_5_BlaBla0506_010101010101.wav"
"2017-03-10 16:56:00,711","INFO","Trial 378 - 16:56:00 - Unrewarded - /home/fet/stimuli/test_categories_box2/nonreward/Ag_Stim_2_Unknown_11_060106060601.wav"
"2017-03-10 16:56:10,388","INFO","Trial 379 - 16:56:10 - Unrewarded - /home/fet/stimuli/test_categories_box2/nonreward/DC_Stim_8_WhiRas44dd_091811132517.wav"
"2017-03-10 16:56:10,963","INFO","Trial 380 - 16:56:10 - Unrewarded - /home/fet/stimuli/test_categories_box2/nonreward/Wh_Stim_2_HPiHPi4748_320919281501.wav"
"2017-03-10 16:56:17,203","INFO","Trial 381 - 16:56:17 - Unrewarded - /home/fet/stimuli/test_categories_box2/nonreward/Te_Stim_5_GreGre6364_211229132423.wav"
"2017-03-10 16:56:28,594","INFO","Trial 382 - 16:56:28 - Unrewarded - /home/fet/stimuli/test_categories_box2/nonreward/Te_Stim_4_GreGre6364_122019151807.wav"
"2017-03-10 16:56:28,653","INFO","Trial 383 - 16:56:28 - Unrewarded - /home/fet/stimuli/test_categories_box2/nonreward/DC_Stim_7_WhiGra0114_031014131211.wav"
"2017-03-10 16:56:29,259","INFO","Trial 384 - 16:56:29 - Unrewarded - /home/fet/stimuli/test_categories_box2/nonreward/Be_Stim_9_GraGre0813_140406.wav"
"2017-03-10 16:56:29,312","INFO","Trial 385 - 16:56:29 - Unrewarded - /home/fet/stimuli/test_categories_box2/nonreward/So_Stim_3_RedRas3600_050201.wav"
"2017-03-10 16:56:31,987","INFO","Trial 386 - 16:56:31 - Unrewarded - /home/fet/stimuli/test_categories_box2/nonreward/Wh_Stim_3_YelGre5275_011410050211.wav"
"2017-03-10 16:56:33,114","INFO","Trial 387 - 16:56:33 - Unrewarded - /home/fet/stimuli/test_categories_box2/nonreward/Ne_Stim_10_YelGre5275_231730310113.wav"
"2017-03-10 16:56:33,168","INFO","Trial 388 - 16:56:33 - Unrewarded - /home/fet/stimuli/test_categories_box2/nonreward/Ag_Stim_10_WhiWhi1415_020202020202.wav"
"2017-03-10 16:56:43,999","INFO","Trial 389 - 16:56:43 - Unrewarded - /home/fet/stimuli/test_categories_box2/nonreward/So_Stim_1_LblBla4419_010502.wav"
"2017-03-10 16:56:44,057","INFO","Trial 390 - 16:56:44 - Unrewarded - /home/fet/stimuli/test_categories_box2/nonreward/Ag_Stim_8_WhiWhi1415_020202020202.wav"
"2017-03-10 16:57:02,176","INFO","Trial 391 - 16:57:02 - Unrewarded - /home/fet/stimuli/test_categories_box2/nonreward/Ag_Stim_1_BluRas07dd_121524171020.wav"
"2017-03-10 16:57:02,763","INFO","Trial 392 - 16:57:02 - Unrewarded - /home/fet/stimuli/test_categories_box2/nonreward/So_Stim_1_BluRas61dd_102113.wav"
"2017-03-10 16:57:02,816","INFO","Trial 393 - 16:57:02 - Rewarded - /home/fet/stimuli/test_categories_box2/reward/Th_Stim_10_BlaBla0506_040503010201.wav"
"2017-03-10 16:57:08,824","INFO","Supplying reward for 12.00 seconds"
"2017-03-10 16:57:56,397","INFO","Trial 394 - 16:57:56 - Rewarded - /home/fet/stimuli/test_categories_box2/reward/Th_Stim_2_GraGra0201_203219250911.wav"
"2017-03-10 16:58:02,403","INFO","Supplying reward for 12.00 seconds"
"2017-03-10 16:58:39,338","INFO","Trial 395 - 16:58:39 - Unrewarded - /home/fet/stimuli/test_categories_box2/nonreward/Te_Stim_6_WhiGra0114_202107100511.wav"
"2017-03-10 16:58:48,960","INFO","Trial 396 - 16:58:48 - Unrewarded - /home/fet/stimuli/test_categories_box2/nonreward/Di_Stim_9_WhiWhi1415_020202020202.wav"
"2017-03-10 16:58:58,618","INFO","Trial 397 - 16:58:58 - Rewarded - /home/fet/stimuli/test_categories_box2/reward/Th_Stim_4_WhiBlu5698_070406010606.wav"
"2017-03-10 16:58:58,672","INFO","Trial 398 - 16:58:58 - Unrewarded - /home/fet/stimuli/test_categories_box2/nonreward/Di_Stim_9_WhiBlu4818_060606060606.wav"
"2017-03-10 16:59:07,449","INFO","Trial 399 - 16:59:07 - Unrewarded - /home/fet/stimuli/test_categories_box2/nonreward/LT_Stim_10_LblGre0000_070104161502.wav"
"2017-03-10 16:59:19,036","INFO","Trial 400 - 16:59:19 - Unrewarded - /home/fet/stimuli/test_categories_box2/nonreward/Wh_Stim_9_YelGre5275_130603021214.wav"
"2017-03-10 16:59:20,327","INFO","Trial 401 - 16:59:20 - Unrewarded - /home/fet/stimuli/test_categories_box2/nonreward/LT_Stim_10_WhiBlu3615_020604070301.wav"
"2017-03-10 16:59:30,455","INFO","Trial 402 - 16:59:30 - Unrewarded - /home/fet/stimuli/test_categories_box2/nonreward/Ne_Stim_4_PurRas20dd_050302010308.wav"
"2017-03-10 16:59:30,506","INFO","Trial 403 - 16:59:30 - Unrewarded - /home/fet/stimuli/test_categories_box2/nonreward/So_Stim_6_GraLbl0457_110312.wav"
"2017-03-10 16:59:31,374","INFO","Trial 404 - 16:59:31 - Unrewarded - /home/fet/stimuli/test_categories_box2/nonreward/Di_Stim_7_WhiLbl0010_040404040404.wav"
"2017-03-10 16:59:43,218","INFO","Trial 405 - 16:59:43 - Unrewarded - /home/fet/stimuli/test_categories_box2/nonreward/Di_Stim_6_WhiBlu4917_010101010101.wav"
"2017-03-10 16:59:59,155","INFO","Trial 406 - 16:59:59 - Unrewarded - /home/fet/stimuli/test_categories_box2/nonreward/Te_Stim_3_BluRas61dd_243002170825.wav"
"2017-03-10 17:00:15,157","INFO","Trial 407 - 17:00:15 - Rewarded - /home/fet/stimuli/test_categories_box2/reward/Th_Stim_8_WhiRas44dd_110445152847.wav"
"2017-03-10 17:00:15,748","INFO","Trial 408 - 17:00:15 - Unrewarded - /home/fet/stimuli/test_categories_box2/nonreward/LT_Stim_7_LblBlu1630_030116111013.wav"
"2017-03-10 17:00:16,314","INFO","Trial 409 - 17:00:16 - Unrewarded - /home/fet/stimuli/test_categories_box2/nonreward/LT_Stim_6_LblBlu6379_162420140521.wav"
"2017-03-10 17:00:16,371","INFO","Trial 410 - 17:00:16 - Unrewarded - /home/fet/stimuli/test_categories_box2/nonreward/Ag_Stim_1_GreOra1817_280812320113.wav"
"2017-03-10 17:00:17,211","INFO","Trial 411 - 17:00:17 - Unrewarded - /home/fet/stimuli/test_categories_box2/nonreward/DC_Stim_9_GreRas2400_010201020102.wav"
"2017-03-10 17:00:19,426","INFO","Trial 412 - 17:00:19 - Unrewarded - /home/fet/stimuli/test_categories_box2/nonreward/Tu_Stim_2_GreOra1817_070913031511.wav"
"2017-03-10 17:00:19,476","INFO","Trial 413 - 17:00:19 - Rewarded - /home/fet/stimuli/test_categories_box2/reward/Th_Stim_5_GraGra0201_410522083824.wav"
"2017-03-10 17:00:25,483","INFO","Supplying reward for 12.00 seconds"
"2017-03-10 17:01:00,777","INFO","Trial 414 - 17:01:00 - Rewarded - /home/fet/stimuli/test_categories_box2/reward/Th_Stim_2_WhiRas44dd_114513212416.wav"
"2017-03-10 17:01:01,176","INFO","Trial 415 - 17:01:01 - Unrewarded - /home/fet/stimuli/test_categories_box2/nonreward/DC_Stim_7_GraLbl0457_130608230914.wav"
"2017-03-10 17:01:01,225","INFO","Trial 416 - 17:01:01 - Rewarded - /home/fet/stimuli/test_categories_box2/reward/Th_Stim_9_WhiBlu5698_060701040101.wav"
"2017-03-10 17:01:07,233","INFO","Supplying reward for 12.00 seconds"
"2017-03-10 17:32:18,254","INFO","Finishing session 1 at Fri Mar 10 17:32:18 2017"
"2017-03-10 17:32:18,255","INFO","Finished all sessions."
"2017-03-10 17:32:18,561","INFO","Exiting Session state"
"2017-03-10 17:32:18,562","INFO","Finishing experiment"
"2017-03-10 17:32:18,869","INFO","Exiting Idle state"
