2016-09-27 10:42:32.981384	PeckPort	off	None
2016-09-27 10:42:32.982039	HouseLight	on	None
2016-09-27 10:42:32.982578	Hopper	down	None
2016-09-27 10:42:33.286183	Hopper	down	None
2016-09-27 10:42:33.593057	HouseLight	on	None
2016-09-27 10:42:33.593622	PeckPort	on	None
2016-09-27 10:48:38.822943	Trial	start	1
2016-09-27 10:48:38.828405	Speaker	play	None
2016-09-27 10:48:38.905624	Speaker	stop	None
2016-09-27 10:48:38.906709	Trial	end	1
2016-09-27 10:48:38.908061	Trial	start	2
2016-09-27 10:48:38.914586	Speaker	play	None
2016-09-27 10:48:39.048677	Speaker	stop	None
2016-09-27 10:48:39.050210	Trial	end	2
2016-09-27 10:48:39.052058	Trial	start	3
2016-09-27 10:48:39.054481	Speaker	play	None
2016-09-27 10:48:45.265811	Speaker	stop	None
2016-09-27 10:48:45.267230	Hopper	up	None
2016-09-27 10:48:57.270736	Hopper	down	None
2016-09-27 10:48:57.573699	Trial	end	3
2016-09-27 10:55:32.442746	Trial	start	4
2016-09-27 10:55:32.445965	Speaker	play	None
2016-09-27 10:55:32.504127	Speaker	stop	None
2016-09-27 10:55:32.505021	Trial	end	4
2016-09-27 10:55:32.506403	Trial	start	5
2016-09-27 10:55:32.508453	Speaker	play	None
2016-09-27 10:55:33.413487	Speaker	stop	None
2016-09-27 10:55:33.414614	Trial	end	5
2016-09-27 10:55:33.416134	Trial	start	6
2016-09-27 10:55:33.418469	Speaker	play	None
2016-09-27 10:55:33.585486	Speaker	stop	None
2016-09-27 10:55:33.586259	Trial	end	6
2016-09-27 10:55:33.587693	Trial	start	7
2016-09-27 10:55:33.589753	Speaker	play	None
2016-09-27 10:55:39.589902	Speaker	stop	None
2016-09-27 10:55:39.590777	Trial	end	7
2016-09-27 10:56:55.272982	Trial	start	8
2016-09-27 10:56:55.276746	Speaker	play	None
2016-09-27 10:56:55.367090	Speaker	stop	None
2016-09-27 10:56:55.367941	Trial	end	8
2016-09-27 10:56:55.369313	Trial	start	9
2016-09-27 10:56:55.371259	Speaker	play	None
2016-09-27 10:56:55.473543	Speaker	stop	None
2016-09-27 10:56:55.474485	Trial	end	9
2016-09-27 10:56:55.475730	Trial	start	10
2016-09-27 10:56:55.478574	Speaker	play	None
2016-09-27 10:56:55.576044	Speaker	stop	None
2016-09-27 10:56:55.577013	Trial	end	10
2016-09-27 10:56:55.578385	Trial	start	11
2016-09-27 10:56:55.580482	Speaker	play	None
2016-09-27 10:56:55.940544	Speaker	stop	None
2016-09-27 10:56:55.941474	Trial	end	11
2016-09-27 10:56:55.942663	Trial	start	12
2016-09-27 10:56:55.944998	Speaker	play	None
2016-09-27 10:56:56.039152	Speaker	stop	None
2016-09-27 10:56:56.040056	Trial	end	12
2016-09-27 10:56:56.041287	Trial	start	13
2016-09-27 10:56:56.043418	Speaker	play	None
2016-09-27 10:56:56.313329	Speaker	stop	None
2016-09-27 10:56:56.314244	Trial	end	13
2016-09-27 10:56:56.315244	Trial	start	14
2016-09-27 10:56:56.317183	Speaker	play	None
2016-09-27 10:56:56.391008	Speaker	stop	None
2016-09-27 10:56:56.392376	Trial	end	14
2016-09-27 10:56:56.393706	Trial	start	15
2016-09-27 10:56:56.396188	Speaker	play	None
2016-09-27 10:56:56.505706	Speaker	stop	None
2016-09-27 10:56:56.506566	Trial	end	15
2016-09-27 10:56:56.507969	Trial	start	16
2016-09-27 10:56:56.510062	Speaker	play	None
2016-09-27 10:56:57.541983	Speaker	stop	None
2016-09-27 10:56:57.542817	Trial	end	16
2016-09-27 10:56:57.543867	Trial	start	17
2016-09-27 10:56:57.545936	Speaker	play	None
2016-09-27 10:57:03.550562	Speaker	stop	None
2016-09-27 10:57:03.551403	Trial	end	17
2016-09-27 10:57:09.014275	Trial	start	18
2016-09-27 10:57:09.016395	Speaker	play	None
2016-09-27 10:57:09.079832	Speaker	stop	None
2016-09-27 10:57:09.080595	Trial	end	18
2016-09-27 10:57:09.081923	Trial	start	19
2016-09-27 10:57:09.084440	Speaker	play	None
2016-09-27 10:57:09.186533	Speaker	stop	None
2016-09-27 10:57:09.187387	Trial	end	19
2016-09-27 10:57:09.188515	Trial	start	20
2016-09-27 10:57:09.190843	Speaker	play	None
2016-09-27 10:57:09.272531	Speaker	stop	None
2016-09-27 10:57:09.273589	Trial	end	20
2016-09-27 10:57:09.274827	Trial	start	21
2016-09-27 10:57:09.276731	Speaker	play	None
2016-09-27 10:57:09.411747	Speaker	stop	None
2016-09-27 10:57:09.412758	Trial	end	21
2016-09-27 10:57:09.414170	Trial	start	22
2016-09-27 10:57:09.416953	Speaker	play	None
2016-09-27 10:57:09.591936	Speaker	stop	None
2016-09-27 10:57:09.592741	Trial	end	22
2016-09-27 10:57:09.594081	Trial	start	23
2016-09-27 10:57:09.596056	Speaker	play	None
2016-09-27 10:57:09.694232	Speaker	stop	None
2016-09-27 10:57:09.695070	Trial	end	23
2016-09-27 10:57:09.696344	Trial	start	24
2016-09-27 10:57:09.698295	Speaker	play	None
2016-09-27 10:57:09.796863	Speaker	stop	None
2016-09-27 10:57:09.797902	Trial	end	24
2016-09-27 10:57:09.799245	Trial	start	25
2016-09-27 10:57:09.801916	Speaker	play	None
2016-09-27 10:57:10.247261	Speaker	stop	None
2016-09-27 10:57:10.248357	Trial	end	25
2016-09-27 10:57:10.250310	Trial	start	26
2016-09-27 10:57:10.254265	Speaker	play	None
2016-09-27 10:57:10.374521	Speaker	stop	None
2016-09-27 10:57:10.375526	Trial	end	26
2016-09-27 10:57:10.376585	Trial	start	27
2016-09-27 10:57:10.378515	Speaker	play	None
2016-09-27 10:57:16.382908	Speaker	stop	None
2016-09-27 10:57:16.383996	Trial	end	27
2016-09-27 10:57:35.801168	Trial	start	28
2016-09-27 10:57:35.803592	Speaker	play	None
2016-09-27 10:57:35.916183	Speaker	stop	None
2016-09-27 10:57:35.917297	Trial	end	28
2016-09-27 10:57:35.918553	Trial	start	29
2016-09-27 10:57:35.920917	Speaker	play	None
2016-09-27 10:57:36.477253	Speaker	stop	None
2016-09-27 10:57:36.478199	Trial	end	29
2016-09-27 10:57:36.479727	Trial	start	30
2016-09-27 10:57:36.482108	Speaker	play	None
2016-09-27 10:57:36.587729	Speaker	stop	None
2016-09-27 10:57:36.588902	Trial	end	30
2016-09-27 10:57:36.590536	Trial	start	31
2016-09-27 10:57:36.593654	Speaker	play	None
2016-09-27 10:57:36.673694	Speaker	stop	None
2016-09-27 10:57:36.674613	Trial	end	31
2016-09-27 10:57:36.676160	Trial	start	32
2016-09-27 10:57:36.679339	Speaker	play	None
2016-09-27 10:57:38.090747	Speaker	stop	None
2016-09-27 10:57:38.092045	Trial	end	32
2016-09-27 10:57:38.093682	Trial	start	33
2016-09-27 10:57:38.096103	Speaker	play	None
2016-09-27 10:57:38.172658	Speaker	stop	None
2016-09-27 10:57:38.173500	Trial	end	33
2016-09-27 10:57:38.174507	Trial	start	34
2016-09-27 10:57:38.176608	Speaker	play	None
2016-09-27 10:57:44.181331	Speaker	stop	None
2016-09-27 10:57:44.182272	Trial	end	34
2016-09-27 10:57:53.437092	Trial	start	35
2016-09-27 10:57:53.439360	Speaker	play	None
2016-09-27 10:57:53.515007	Speaker	stop	None
2016-09-27 10:57:53.515798	Trial	end	35
2016-09-27 10:57:53.516841	Trial	start	36
2016-09-27 10:57:53.518945	Speaker	play	None
2016-09-27 10:57:53.609373	Speaker	stop	None
2016-09-27 10:57:53.610218	Trial	end	36
2016-09-27 10:57:53.611361	Trial	start	37
2016-09-27 10:57:53.613242	Speaker	play	None
2016-09-27 10:57:53.724120	Speaker	stop	None
2016-09-27 10:57:53.725170	Trial	end	37
2016-09-27 10:57:53.726963	Trial	start	38
2016-09-27 10:57:53.729206	Speaker	play	None
2016-09-27 10:57:53.863079	Speaker	stop	None
2016-09-27 10:57:53.863955	Trial	end	38
2016-09-27 10:57:53.865345	Trial	start	39
2016-09-27 10:57:53.867623	Speaker	play	None
2016-09-27 10:57:54.035329	Speaker	stop	None
2016-09-27 10:57:54.036490	Trial	end	39
2016-09-27 10:57:54.037899	Trial	start	40
2016-09-27 10:57:54.040814	Speaker	play	None
2016-09-27 10:57:54.149769	Speaker	stop	None
2016-09-27 10:57:54.150651	Trial	end	40
2016-09-27 10:57:54.152141	Trial	start	41
2016-09-27 10:57:54.154181	Speaker	play	None
2016-09-27 10:57:54.252577	Speaker	stop	None
2016-09-27 10:57:54.254476	Trial	end	41
2016-09-27 10:57:54.256311	Trial	start	42
2016-09-27 10:57:54.258623	Speaker	play	None
2016-09-27 10:58:00.259636	Speaker	stop	None
2016-09-27 10:58:00.260398	Trial	end	42
2016-09-27 10:58:09.678236	PeckPort	off	None
2016-09-27 10:58:09.678838	HouseLight	on	None
2016-09-27 10:58:09.679640	Hopper	down	None
2016-09-27 10:58:30.495165	PeckPort	off	None
2016-09-27 10:58:30.495727	HouseLight	on	None
2016-09-27 10:58:30.496221	Hopper	down	None
2016-09-27 10:58:30.801476	Hopper	down	None
2016-09-27 10:58:31.108416	HouseLight	on	None
2016-09-27 10:58:31.109202	PeckPort	on	None
2016-09-27 10:58:39.560463	Trial	start	1
2016-09-27 10:58:39.563331	Speaker	play	None
2016-09-27 10:58:39.654859	Speaker	stop	None
2016-09-27 10:58:39.655734	Trial	end	1
2016-09-27 10:58:39.656784	Trial	start	2
2016-09-27 10:58:39.658723	Speaker	play	None
2016-09-27 10:58:45.662403	Speaker	stop	None
2016-09-27 10:58:45.663235	Trial	end	2
2016-09-27 10:59:00.364227	Trial	start	3
2016-09-27 10:59:00.368397	Speaker	play	None
2016-09-27 10:59:00.441889	Speaker	stop	None
2016-09-27 10:59:00.443213	Trial	end	3
2016-09-27 10:59:00.445605	Trial	start	4
2016-09-27 10:59:00.447889	Speaker	play	None
2016-09-27 10:59:00.675301	Speaker	stop	None
2016-09-27 10:59:00.676154	Trial	end	4
2016-09-27 10:59:00.677350	Trial	start	5
2016-09-27 10:59:00.679233	Speaker	play	None
2016-09-27 10:59:00.753102	Speaker	stop	None
2016-09-27 10:59:00.753984	Trial	end	5
2016-09-27 10:59:00.754996	Trial	start	6
2016-09-27 10:59:00.756781	Speaker	play	None
2016-09-27 10:59:00.839092	Speaker	stop	None
2016-09-27 10:59:00.839963	Trial	end	6
2016-09-27 10:59:00.840904	Trial	start	7
2016-09-27 10:59:00.842785	Speaker	play	None
2016-09-27 10:59:01.019379	Speaker	stop	None
2016-09-27 10:59:01.020330	Trial	end	7
2016-09-27 10:59:01.021699	Trial	start	8
2016-09-27 10:59:01.024227	Speaker	play	None
2016-09-27 10:59:01.142113	Speaker	stop	None
2016-09-27 10:59:01.143082	Trial	end	8
2016-09-27 10:59:01.144714	Trial	start	9
2016-09-27 10:59:01.147071	Speaker	play	None
2016-09-27 10:59:01.256843	Speaker	stop	None
2016-09-27 10:59:01.257692	Trial	end	9
2016-09-27 10:59:01.258853	Trial	start	10
2016-09-27 10:59:01.260749	Speaker	play	None
2016-09-27 10:59:02.161861	Speaker	stop	None
2016-09-27 10:59:02.162665	Trial	end	10
2016-09-27 10:59:02.163899	Trial	start	11
2016-09-27 10:59:02.165941	Speaker	play	None
2016-09-27 10:59:02.251917	Speaker	stop	None
2016-09-27 10:59:02.252787	Trial	end	11
2016-09-27 10:59:02.253963	Trial	start	12
2016-09-27 10:59:02.255831	Speaker	play	None
2016-09-27 10:59:08.259500	Speaker	stop	None
2016-09-27 10:59:08.260314	Trial	end	12
2016-09-27 11:00:54.219771	Trial	start	13
2016-09-27 11:00:54.222560	Speaker	play	None
2016-09-27 11:00:54.297480	Speaker	stop	None
2016-09-27 11:00:54.298384	Trial	end	13
2016-09-27 11:00:54.299650	Trial	start	14
2016-09-27 11:00:54.301701	Speaker	play	None
2016-09-27 11:00:54.395794	Speaker	stop	None
2016-09-27 11:00:54.396677	Trial	end	14
2016-09-27 11:00:54.397801	Trial	start	15
2016-09-27 11:00:54.399714	Speaker	play	None
2016-09-27 11:00:54.489904	Speaker	stop	None
2016-09-27 11:00:54.490786	Trial	end	15
2016-09-27 11:00:54.492414	Trial	start	16
2016-09-27 11:00:54.494825	Speaker	play	None
2016-09-27 11:00:54.768485	Speaker	stop	None
2016-09-27 11:00:54.769384	Trial	end	16
2016-09-27 11:00:54.770547	Trial	start	17
2016-09-27 11:00:54.772388	Speaker	play	None
2016-09-27 11:00:55.030624	Speaker	stop	None
2016-09-27 11:00:55.031948	Trial	end	17
2016-09-27 11:00:55.033021	Trial	start	18
2016-09-27 11:00:55.035323	Speaker	play	None
2016-09-27 11:00:55.112572	Speaker	stop	None
2016-09-27 11:00:55.113477	Trial	end	18
2016-09-27 11:00:55.114727	Trial	start	19
2016-09-27 11:00:55.116682	Speaker	play	None
2016-09-27 11:00:55.423731	Speaker	stop	None
2016-09-27 11:00:55.424657	Trial	end	19
2016-09-27 11:00:55.425770	Trial	start	20
2016-09-27 11:00:55.427639	Speaker	play	None
2016-09-27 11:00:55.513779	Speaker	stop	None
2016-09-27 11:00:55.514753	Trial	end	20
2016-09-27 11:00:55.515882	Trial	start	21
2016-09-27 11:00:55.518463	Speaker	play	None
2016-09-27 11:01:01.730857	Speaker	stop	None
2016-09-27 11:01:01.733395	Hopper	up	None
2016-09-27 11:01:13.737767	Hopper	down	None
2016-09-27 11:01:14.040728	Trial	end	21
2016-09-27 11:02:11.489889	Trial	start	22
2016-09-27 11:02:11.491987	Speaker	play	None
2016-09-27 11:02:11.584253	Speaker	stop	None
2016-09-27 11:02:11.585182	Trial	end	22
2016-09-27 11:02:11.586474	Trial	start	23
2016-09-27 11:02:11.588481	Speaker	play	None
2016-09-27 11:02:11.698900	Speaker	stop	None
2016-09-27 11:02:11.699718	Trial	end	23
2016-09-27 11:02:11.700691	Trial	start	24
2016-09-27 11:02:11.702711	Speaker	play	None
2016-09-27 11:02:11.862704	Speaker	stop	None
2016-09-27 11:02:11.863596	Trial	end	24
2016-09-27 11:02:11.864660	Trial	start	25
2016-09-27 11:02:11.866748	Speaker	play	None
2016-09-27 11:02:11.993757	Speaker	stop	None
2016-09-27 11:02:11.994670	Trial	end	25
2016-09-27 11:02:11.995614	Trial	start	26
2016-09-27 11:02:11.997458	Speaker	play	None
2016-09-27 11:02:12.043208	Speaker	stop	None
2016-09-27 11:02:12.044274	Trial	end	26
2016-09-27 11:02:12.045775	Trial	start	27
2016-09-27 11:02:12.047745	Speaker	play	None
2016-09-27 11:02:18.259620	Speaker	stop	None
2016-09-27 11:02:18.260924	Hopper	up	None
2016-09-27 11:02:30.263085	Hopper	down	None
2016-09-27 11:02:30.565988	Trial	end	27
2016-09-27 11:04:56.771897	Trial	start	28
2016-09-27 11:04:56.773952	Speaker	play	None
2016-09-27 11:04:56.849970	Speaker	stop	None
2016-09-27 11:04:56.850991	Trial	end	28
2016-09-27 11:04:56.852632	Trial	start	29
2016-09-27 11:04:56.854652	Speaker	play	None
2016-09-27 11:04:57.365834	Speaker	stop	None
2016-09-27 11:04:57.366667	Trial	end	29
2016-09-27 11:04:57.367881	Trial	start	30
2016-09-27 11:04:57.369756	Speaker	play	None
2016-09-27 11:05:02.444237	Speaker	stop	None
2016-09-27 11:05:02.445211	Trial	end	30
2016-09-27 11:05:02.446562	Trial	start	31
2016-09-27 11:05:02.452617	Speaker	play	None
2016-09-27 11:05:02.526085	Speaker	stop	None
2016-09-27 11:05:02.526925	Trial	end	31
2016-09-27 11:05:02.528097	Trial	start	32
2016-09-27 11:05:02.530037	Speaker	play	None
2016-09-27 11:05:02.636626	Speaker	stop	None
2016-09-27 11:05:02.637431	Trial	end	32
2016-09-27 11:05:02.638492	Trial	start	33
2016-09-27 11:05:02.640519	Speaker	play	None
2016-09-27 11:05:02.755878	Speaker	stop	None
2016-09-27 11:05:02.757077	Trial	end	33
2016-09-27 11:05:02.758199	Trial	start	34
2016-09-27 11:05:02.761044	Speaker	play	None
2016-09-27 11:05:02.853709	Speaker	stop	None
2016-09-27 11:05:02.854590	Trial	end	34
2016-09-27 11:05:02.855712	Trial	start	35
2016-09-27 11:05:02.857750	Speaker	play	None
2016-09-27 11:05:03.021691	Speaker	stop	None
2016-09-27 11:05:03.022565	Trial	end	35
2016-09-27 11:05:03.023700	Trial	start	36
2016-09-27 11:05:03.025636	Speaker	play	None
2016-09-27 11:05:03.132231	Speaker	stop	None
2016-09-27 11:05:03.133048	Trial	end	36
2016-09-27 11:05:03.134071	Trial	start	37
2016-09-27 11:05:03.135876	Speaker	play	None
2016-09-27 11:05:09.344996	Speaker	stop	None
2016-09-27 11:05:09.346714	Hopper	up	None
2016-09-27 11:05:21.349097	Hopper	down	None
2016-09-27 11:05:21.655985	Trial	end	37
2016-09-27 11:06:41.406923	Trial	start	38
2016-09-27 11:06:41.409382	Speaker	play	None
2016-09-27 11:06:41.468593	Speaker	stop	None
2016-09-27 11:06:41.469491	Trial	end	38
2016-09-27 11:06:41.470611	Trial	start	39
2016-09-27 11:06:41.473042	Speaker	play	None
2016-09-27 11:06:41.554693	Speaker	stop	None
2016-09-27 11:06:41.555450	Trial	end	39
2016-09-27 11:06:41.556438	Trial	start	40
2016-09-27 11:06:41.558281	Speaker	play	None
2016-09-27 11:06:41.669370	Speaker	stop	None
2016-09-27 11:06:41.670494	Trial	end	40
2016-09-27 11:06:41.671973	Trial	start	41
2016-09-27 11:06:41.673853	Speaker	play	None
2016-09-27 11:06:41.820787	Speaker	stop	None
2016-09-27 11:06:41.821596	Trial	end	41
2016-09-27 11:06:41.822581	Trial	start	42
2016-09-27 11:06:41.824342	Speaker	play	None
2016-09-27 11:06:41.902702	Speaker	stop	None
2016-09-27 11:06:41.903633	Trial	end	42
2016-09-27 11:06:41.904595	Trial	start	43
2016-09-27 11:06:41.906448	Speaker	play	None
2016-09-27 11:06:42.009161	Speaker	stop	None
2016-09-27 11:06:42.010059	Trial	end	43
2016-09-27 11:06:42.011021	Trial	start	44
2016-09-27 11:06:42.012859	Speaker	play	None
2016-09-27 11:06:42.197589	Speaker	stop	None
2016-09-27 11:06:42.198592	Trial	end	44
2016-09-27 11:06:42.199806	Trial	start	45
2016-09-27 11:06:42.201720	Speaker	play	None
2016-09-27 11:06:42.279502	Speaker	stop	None
2016-09-27 11:06:42.280345	Trial	end	45
2016-09-27 11:06:42.281465	Trial	start	46
2016-09-27 11:06:42.283355	Speaker	play	None
2016-09-27 11:06:48.492315	Speaker	stop	None
2016-09-27 11:06:48.493442	Hopper	up	None
2016-09-27 11:07:00.496259	Hopper	down	None
2016-09-27 11:07:00.799111	Trial	end	46
2016-09-27 11:07:57.333600	Trial	start	47
2016-09-27 11:07:57.335875	Speaker	play	None
2016-09-27 11:07:57.399385	Speaker	stop	None
2016-09-27 11:07:57.400979	Trial	end	47
2016-09-27 11:07:57.402644	Trial	start	48
2016-09-27 11:07:57.404578	Speaker	play	None
2016-09-27 11:07:57.477041	Speaker	stop	None
2016-09-27 11:07:57.477896	Trial	end	48
2016-09-27 11:07:57.478859	Trial	start	49
2016-09-27 11:07:57.480651	Speaker	play	None
2016-09-27 11:07:57.837509	Speaker	stop	None
2016-09-27 11:07:57.838436	Trial	end	49
2016-09-27 11:07:57.839375	Trial	start	50
2016-09-27 11:07:57.841224	Speaker	play	None
2016-09-27 11:07:57.931759	Speaker	stop	None
2016-09-27 11:07:57.932572	Trial	end	50
2016-09-27 11:07:57.933842	Trial	start	51
2016-09-27 11:07:57.935715	Speaker	play	None
2016-09-27 11:07:58.042270	Speaker	stop	None
2016-09-27 11:07:58.043221	Trial	end	51
2016-09-27 11:07:58.044489	Trial	start	52
2016-09-27 11:07:58.046370	Speaker	play	None
2016-09-27 11:08:02.117410	Speaker	stop	None
2016-09-27 11:08:02.118199	Trial	end	52
2016-09-27 11:08:02.119427	Trial	start	53
2016-09-27 11:08:02.121379	Speaker	play	None
2016-09-27 11:08:02.186857	Speaker	stop	None
2016-09-27 11:08:02.187604	Trial	end	53
2016-09-27 11:08:02.188585	Trial	start	54
2016-09-27 11:08:02.190361	Speaker	play	None
2016-09-27 11:08:02.555621	Speaker	stop	None
2016-09-27 11:08:02.556469	Trial	end	54
2016-09-27 11:08:02.557749	Trial	start	55
2016-09-27 11:08:02.559609	Speaker	play	None
2016-09-27 11:08:02.625455	Speaker	stop	None
2016-09-27 11:08:02.626472	Trial	end	55
2016-09-27 11:08:02.627830	Trial	start	56
2016-09-27 11:08:02.631002	Speaker	play	None
2016-09-27 11:08:02.723510	Speaker	stop	None
2016-09-27 11:08:02.724389	Trial	end	56
2016-09-27 11:08:02.725592	Trial	start	57
2016-09-27 11:08:02.727377	Speaker	play	None
2016-09-27 11:08:08.728426	Speaker	stop	None
2016-09-27 11:08:08.730367	Trial	end	57
2016-09-27 11:09:10.570007	Trial	start	58
2016-09-27 11:09:10.572241	Speaker	play	None
2016-09-27 11:09:10.639664	Speaker	stop	None
2016-09-27 11:09:10.640493	Trial	end	58
2016-09-27 11:09:10.641746	Trial	start	59
2016-09-27 11:09:10.643776	Speaker	play	None
2016-09-27 11:09:11.516337	Speaker	stop	None
2016-09-27 11:09:11.517415	Trial	end	59
2016-09-27 11:09:11.519282	Trial	start	60
2016-09-27 11:09:11.521740	Speaker	play	None
2016-09-27 11:09:11.589934	Speaker	stop	None
2016-09-27 11:09:11.590741	Trial	end	60
2016-09-27 11:09:11.591985	Trial	start	61
2016-09-27 11:09:11.593881	Speaker	play	None
2016-09-27 11:09:17.598063	Speaker	stop	None
2016-09-27 11:09:17.598845	Trial	end	61
2016-09-27 11:09:20.051262	Trial	start	62
2016-09-27 11:09:20.053636	Speaker	play	None
2016-09-27 11:09:20.117033	Speaker	stop	None
2016-09-27 11:09:20.118155	Trial	end	62
2016-09-27 11:09:20.119397	Trial	start	63
2016-09-27 11:09:20.121308	Speaker	play	None
2016-09-27 11:09:20.194557	Speaker	stop	None
2016-09-27 11:09:20.195540	Trial	end	63
2016-09-27 11:09:20.196749	Trial	start	64
2016-09-27 11:09:20.199374	Speaker	play	None
2016-09-27 11:09:26.411641	Speaker	stop	None
2016-09-27 11:09:26.412655	Hopper	up	None
2016-09-27 11:09:38.415709	Hopper	down	None
2016-09-27 11:09:38.718664	Trial	end	64
2016-09-27 11:10:18.732504	Trial	start	65
2016-09-27 11:10:18.735870	Speaker	play	None
2016-09-27 11:10:18.822589	Speaker	stop	None
2016-09-27 11:10:18.823343	Trial	end	65
2016-09-27 11:10:18.824364	Trial	start	66
2016-09-27 11:10:18.826359	Speaker	play	None
2016-09-27 11:10:18.924903	Speaker	stop	None
2016-09-27 11:10:18.925651	Trial	end	66
2016-09-27 11:10:18.926807	Trial	start	67
2016-09-27 11:10:18.928735	Speaker	play	None
2016-09-27 11:10:19.023232	Speaker	stop	None
2016-09-27 11:10:19.024089	Trial	end	67
2016-09-27 11:10:19.025285	Trial	start	68
2016-09-27 11:10:19.027189	Speaker	play	None
2016-09-27 11:10:19.240438	Speaker	stop	None
2016-09-27 11:10:19.241792	Trial	end	68
2016-09-27 11:10:19.243118	Trial	start	69
2016-09-27 11:10:19.245992	Speaker	play	None
2016-09-27 11:10:19.346793	Speaker	stop	None
2016-09-27 11:10:19.348044	Trial	end	69
2016-09-27 11:10:19.349260	Trial	start	70
2016-09-27 11:10:19.351070	Speaker	play	None
2016-09-27 11:10:19.445254	Speaker	stop	None
2016-09-27 11:10:19.446627	Trial	end	70
2016-09-27 11:10:19.448568	Trial	start	71
2016-09-27 11:10:19.451429	Speaker	play	None
2016-09-27 11:10:25.453287	Speaker	stop	None
2016-09-27 11:10:25.454135	Trial	end	71
2016-09-27 11:10:29.302995	Trial	start	72
2016-09-27 11:10:29.305109	Speaker	play	None
2016-09-27 11:10:29.381047	Speaker	stop	None
2016-09-27 11:10:29.381908	Trial	end	72
2016-09-27 11:10:29.383114	Trial	start	73
2016-09-27 11:10:29.385022	Speaker	play	None
2016-09-27 11:10:35.593894	Speaker	stop	None
2016-09-27 11:10:35.595054	Hopper	up	None
2016-09-27 11:10:47.598021	Hopper	down	None
2016-09-27 11:10:47.900944	Trial	end	73
2016-09-27 11:11:32.129234	Trial	start	74
2016-09-27 11:11:32.132203	Speaker	play	None
2016-09-27 11:11:32.203189	Speaker	stop	None
2016-09-27 11:11:32.204040	Trial	end	74
2016-09-27 11:11:32.205259	Trial	start	75
2016-09-27 11:11:32.207193	Speaker	play	None
2016-09-27 11:11:38.416023	Speaker	stop	None
2016-09-27 11:11:38.417237	Hopper	up	None
2016-09-27 11:11:50.420247	Hopper	down	None
2016-09-27 11:11:50.723083	Trial	end	75
2016-09-27 11:12:59.668681	Trial	start	76
2016-09-27 11:12:59.673152	Speaker	play	None
2016-09-27 11:12:59.746534	Speaker	stop	None
2016-09-27 11:12:59.747439	Trial	end	76
2016-09-27 11:12:59.748676	Trial	start	77
2016-09-27 11:12:59.750635	Speaker	play	None
2016-09-27 11:13:00.651541	Speaker	stop	None
2016-09-27 11:13:00.652419	Trial	end	77
2016-09-27 11:13:00.653634	Trial	start	78
2016-09-27 11:13:00.655542	Speaker	play	None
2016-09-27 11:13:00.729409	Speaker	stop	None
2016-09-27 11:13:00.730418	Trial	end	78
2016-09-27 11:13:00.731625	Trial	start	79
2016-09-27 11:13:00.733538	Speaker	play	None
2016-09-27 11:13:06.942365	Speaker	stop	None
2016-09-27 11:13:06.944024	Hopper	up	None
2016-09-27 11:13:18.946624	Hopper	down	None
2016-09-27 11:13:19.249510	Trial	end	79
2016-09-27 11:14:08.503495	Trial	start	80
2016-09-27 11:14:08.506180	Speaker	play	None
2016-09-27 11:14:08.569176	Speaker	stop	None
2016-09-27 11:14:08.570055	Trial	end	80
2016-09-27 11:14:08.571302	Trial	start	81
2016-09-27 11:14:08.573397	Speaker	play	None
2016-09-27 11:14:08.908982	Speaker	stop	None
2016-09-27 11:14:08.909826	Trial	end	81
2016-09-27 11:14:08.911120	Trial	start	82
2016-09-27 11:14:08.913106	Speaker	play	None
2016-09-27 11:14:09.367733	Speaker	stop	None
2016-09-27 11:14:09.368608	Trial	end	82
2016-09-27 11:14:09.369883	Trial	start	83
2016-09-27 11:14:09.371741	Speaker	play	None
2016-09-27 11:14:09.433415	Speaker	stop	None
2016-09-27 11:14:09.434834	Trial	end	83
2016-09-27 11:14:09.436280	Trial	start	84
2016-09-27 11:14:09.438249	Speaker	play	None
2016-09-27 11:14:15.650329	Speaker	stop	None
2016-09-27 11:14:15.651543	Hopper	up	None
2016-09-27 11:14:27.654654	Hopper	down	None
2016-09-27 11:14:27.957586	Trial	end	84
2016-09-27 11:15:11.510707	Trial	start	85
2016-09-27 11:15:11.514250	Speaker	play	None
2016-09-27 11:15:11.604821	Speaker	stop	None
2016-09-27 11:15:11.605855	Trial	end	85
2016-09-27 11:15:11.611038	Trial	start	86
2016-09-27 11:15:11.613543	Speaker	play	None
2016-09-27 11:15:17.826235	Speaker	stop	None
2016-09-27 11:15:17.827625	Hopper	up	None
2016-09-27 11:15:29.830395	Hopper	down	None
2016-09-27 11:15:30.133373	Trial	end	86
2016-09-27 11:16:28.147979	Trial	start	87
2016-09-27 11:16:28.150649	Speaker	play	None
2016-09-27 11:16:28.221956	Speaker	stop	None
2016-09-27 11:16:28.223096	Trial	end	87
2016-09-27 11:16:28.224273	Trial	start	88
2016-09-27 11:16:28.226116	Speaker	play	None
2016-09-27 11:16:28.295627	Speaker	stop	None
2016-09-27 11:16:28.296513	Trial	end	88
2016-09-27 11:16:28.298437	Trial	start	89
2016-09-27 11:16:28.300323	Speaker	play	None
2016-09-27 11:16:28.381956	Speaker	stop	None
2016-09-27 11:16:28.382795	Trial	end	89
2016-09-27 11:16:28.383968	Trial	start	90
2016-09-27 11:16:28.385860	Speaker	play	None
2016-09-27 11:16:28.488107	Speaker	stop	None
2016-09-27 11:16:28.489089	Trial	end	90
2016-09-27 11:16:28.490791	Trial	start	91
2016-09-27 11:16:28.493096	Speaker	play	None
2016-09-27 11:16:28.676701	Speaker	stop	None
2016-09-27 11:16:28.677581	Trial	end	91
2016-09-27 11:16:28.678707	Trial	start	92
2016-09-27 11:16:28.680527	Speaker	play	None
2016-09-27 11:16:34.889703	Speaker	stop	None
2016-09-27 11:16:34.891592	Hopper	up	None
2016-09-27 11:16:46.893934	Hopper	down	None
2016-09-27 11:16:47.196831	Trial	end	92
2016-09-27 11:17:06.602018	Trial	start	93
2016-09-27 11:17:06.605093	Speaker	play	None
2016-09-27 11:17:06.663855	Speaker	stop	None
2016-09-27 11:17:06.664945	Trial	end	93
2016-09-27 11:17:06.666479	Trial	start	94
2016-09-27 11:17:06.668899	Speaker	play	None
2016-09-27 11:17:06.745576	Speaker	stop	None
2016-09-27 11:17:06.746518	Trial	end	94
2016-09-27 11:17:06.748340	Trial	start	95
2016-09-27 11:17:06.751203	Speaker	play	None
2016-09-27 11:17:06.831960	Speaker	stop	None
2016-09-27 11:17:06.833195	Trial	end	95
2016-09-27 11:17:06.834570	Trial	start	96
2016-09-27 11:17:06.837249	Speaker	play	None
2016-09-27 11:17:06.942079	Speaker	stop	None
2016-09-27 11:17:06.942958	Trial	end	96
2016-09-27 11:17:06.944194	Trial	start	97
2016-09-27 11:17:06.946220	Speaker	play	None
2016-09-27 11:17:07.359818	Speaker	stop	None
2016-09-27 11:17:07.360616	Trial	end	97
2016-09-27 11:17:07.362012	Trial	start	98
2016-09-27 11:17:07.364864	Speaker	play	None
2016-09-27 11:17:07.429450	Speaker	stop	None
2016-09-27 11:17:07.430345	Trial	end	98
2016-09-27 11:17:07.431634	Trial	start	99
2016-09-27 11:17:07.433619	Speaker	play	None
2016-09-27 11:17:07.544149	Speaker	stop	None
2016-09-27 11:17:07.544948	Trial	end	99
2016-09-27 11:17:07.546024	Trial	start	100
2016-09-27 11:17:07.547922	Speaker	play	None
2016-09-27 11:17:07.777537	Speaker	stop	None
2016-09-27 11:17:07.778340	Trial	end	100
2016-09-27 11:17:07.779427	Trial	start	101
2016-09-27 11:17:07.787182	Speaker	play	None
2016-09-27 11:17:07.863575	Speaker	stop	None
2016-09-27 11:17:07.864374	Trial	end	101
2016-09-27 11:17:07.865639	Trial	start	102
2016-09-27 11:17:07.868360	Speaker	play	None
2016-09-27 11:17:13.872044	Speaker	stop	None
2016-09-27 11:17:13.872926	Trial	end	102
2016-09-27 11:18:13.533267	Trial	start	103
2016-09-27 11:18:13.535720	Speaker	play	None
2016-09-27 11:18:13.766681	Speaker	stop	None
2016-09-27 11:18:13.767533	Trial	end	103
2016-09-27 11:18:13.768875	Trial	start	104
2016-09-27 11:18:13.771025	Speaker	play	None
2016-09-27 11:18:19.775037	Speaker	stop	None
2016-09-27 11:18:19.775912	Trial	end	104
2016-09-27 11:18:31.066690	Trial	start	105
2016-09-27 11:18:31.070968	Speaker	play	None
2016-09-27 11:18:37.283925	Speaker	stop	None
2016-09-27 11:18:37.285056	Hopper	up	None
2016-09-27 11:18:49.288322	Hopper	down	None
2016-09-27 11:18:49.591447	Trial	end	105
2016-09-27 11:19:23.859557	Trial	start	106
2016-09-27 11:19:23.861892	Speaker	play	None
2016-09-27 11:19:23.933525	Speaker	stop	None
2016-09-27 11:19:23.934410	Trial	end	106
2016-09-27 11:19:23.935695	Trial	start	107
2016-09-27 11:19:23.937991	Speaker	play	None
2016-09-27 11:19:24.077318	Speaker	stop	None
2016-09-27 11:19:24.078406	Trial	end	107
2016-09-27 11:19:24.079555	Trial	start	108
2016-09-27 11:19:24.081525	Speaker	play	None
2016-09-27 11:19:30.294129	Speaker	stop	None
2016-09-27 11:19:30.295603	Hopper	up	None
2016-09-27 11:19:42.298572	Hopper	down	None
2016-09-27 11:19:42.601408	Trial	end	108
2016-09-27 11:20:37.139229	Trial	start	109
2016-09-27 11:20:37.141636	Speaker	play	None
2016-09-27 11:20:37.196728	Speaker	stop	None
2016-09-27 11:20:37.197666	Trial	end	109
2016-09-27 11:20:37.198986	Trial	start	110
2016-09-27 11:20:37.201160	Speaker	play	None
2016-09-27 11:20:43.413913	Speaker	stop	None
2016-09-27 11:20:43.415231	Hopper	up	None
2016-09-27 11:20:55.418480	Hopper	down	None
2016-09-27 11:20:55.721316	Trial	end	110
2016-09-27 11:21:43.087730	Trial	start	111
2016-09-27 11:21:43.089768	Speaker	play	None
2016-09-27 11:21:43.161645	Speaker	stop	None
2016-09-27 11:21:43.162465	Trial	end	111
2016-09-27 11:21:43.163478	Trial	start	112
2016-09-27 11:21:43.165459	Speaker	play	None
2016-09-27 11:21:49.165942	Speaker	stop	None
2016-09-27 11:21:49.166851	Trial	end	112
2016-09-27 11:22:49.019949	Trial	start	113
2016-09-27 11:22:49.022077	Speaker	play	None
2016-09-27 11:22:49.085655	Speaker	stop	None
2016-09-27 11:22:49.086558	Trial	end	113
2016-09-27 11:22:49.087838	Trial	start	114
2016-09-27 11:22:49.089759	Speaker	play	None
2016-09-27 11:22:49.155222	Speaker	stop	None
2016-09-27 11:22:49.156189	Trial	end	114
2016-09-27 11:22:49.157825	Trial	start	115
2016-09-27 11:22:49.160367	Speaker	play	None
2016-09-27 11:22:49.417303	Speaker	stop	None
2016-09-27 11:22:49.418092	Trial	end	115
2016-09-27 11:22:49.419159	Trial	start	116
2016-09-27 11:22:49.421045	Speaker	play	None
2016-09-27 11:22:49.482972	Speaker	stop	None
2016-09-27 11:22:49.483912	Trial	end	116
2016-09-27 11:22:49.485256	Trial	start	117
2016-09-27 11:22:49.487082	Speaker	play	None
2016-09-27 11:22:55.696015	Speaker	stop	None
2016-09-27 11:22:55.697259	Hopper	up	None
2016-09-27 11:23:07.700505	Hopper	down	None
2016-09-27 11:23:08.003473	Trial	end	117
2016-09-27 11:24:17.195805	Trial	start	118
2016-09-27 11:24:17.198082	Speaker	play	None
2016-09-27 11:24:23.409187	Speaker	stop	None
2016-09-27 11:24:23.410554	Hopper	up	None
2016-09-27 11:24:35.413567	Hopper	down	None
2016-09-27 11:24:35.716421	Trial	end	118
2016-09-27 11:25:29.672901	Trial	start	119
2016-09-27 11:25:29.675008	Speaker	play	None
2016-09-27 11:25:29.746852	Speaker	stop	None
2016-09-27 11:25:29.747816	Trial	end	119
2016-09-27 11:25:29.749045	Trial	start	120
2016-09-27 11:25:29.751026	Speaker	play	None
2016-09-27 11:25:35.960023	Speaker	stop	None
2016-09-27 11:25:35.961110	Hopper	up	None
2016-09-27 11:25:47.964434	Hopper	down	None
2016-09-27 11:25:48.267371	Trial	end	120
2016-09-27 11:26:32.021597	Trial	start	121
2016-09-27 11:26:32.023868	Speaker	play	None
2016-09-27 11:26:32.100042	Speaker	stop	None
2016-09-27 11:26:32.101614	Trial	end	121
2016-09-27 11:26:32.103125	Trial	start	122
2016-09-27 11:26:32.106578	Speaker	play	None
2016-09-27 11:26:32.169308	Speaker	stop	None
2016-09-27 11:26:32.170171	Trial	end	122
2016-09-27 11:26:32.171173	Trial	start	123
2016-09-27 11:26:32.172992	Speaker	play	None
2016-09-27 11:26:38.173598	Speaker	stop	None
2016-09-27 11:26:38.174627	Trial	end	123
2016-09-27 11:26:54.633996	Trial	start	124
2016-09-27 11:26:54.636838	Speaker	play	None
2016-09-27 11:26:54.703736	Speaker	stop	None
2016-09-27 11:26:54.704569	Trial	end	124
2016-09-27 11:26:54.706007	Trial	start	125
2016-09-27 11:26:54.708112	Speaker	play	None
2016-09-27 11:27:00.916964	Speaker	stop	None
2016-09-27 11:27:00.918184	Hopper	up	None
2016-09-27 11:27:12.921468	Hopper	down	None
2016-09-27 11:27:13.224222	Trial	end	125
2016-09-27 11:32:50.223724	Trial	start	126
2016-09-27 11:32:50.226297	Speaker	play	None
2016-09-27 11:32:50.367230	Speaker	stop	None
2016-09-27 11:32:50.368176	Trial	end	126
2016-09-27 11:32:50.369333	Trial	start	127
2016-09-27 11:32:50.371199	Speaker	play	None
2016-09-27 11:32:50.449191	Speaker	stop	None
2016-09-27 11:32:50.450053	Trial	end	127
2016-09-27 11:32:50.451316	Trial	start	128
2016-09-27 11:32:50.453235	Speaker	play	None
2016-09-27 11:32:50.826299	Speaker	stop	None
2016-09-27 11:32:50.830014	Trial	end	128
2016-09-27 11:32:50.831575	Trial	start	129
2016-09-27 11:32:50.834486	Speaker	play	None
2016-09-27 11:32:51.084432	Speaker	stop	None
2016-09-27 11:32:51.085429	Trial	end	129
2016-09-27 11:32:51.086457	Trial	start	130
2016-09-27 11:32:51.088418	Speaker	play	None
2016-09-27 11:32:51.219745	Speaker	stop	None
2016-09-27 11:32:51.221236	Trial	end	130
2016-09-27 11:32:51.222437	Trial	start	131
2016-09-27 11:32:51.224279	Speaker	play	None
2016-09-27 11:32:51.268531	Speaker	stop	None
2016-09-27 11:32:51.269753	Trial	end	131
2016-09-27 11:32:51.270797	Trial	start	132
2016-09-27 11:32:51.272856	Speaker	play	None
2016-09-27 11:32:57.273688	Speaker	stop	None
2016-09-27 11:32:57.274673	Trial	end	132
2016-09-27 11:33:02.643185	Trial	start	133
2016-09-27 11:33:02.645582	Speaker	play	None
2016-09-27 11:33:02.717248	Speaker	stop	None
2016-09-27 11:33:02.718376	Trial	end	133
2016-09-27 11:33:02.719618	Trial	start	134
2016-09-27 11:33:02.721563	Speaker	play	None
2016-09-27 11:33:02.794924	Speaker	stop	None
2016-09-27 11:33:02.795833	Trial	end	134
2016-09-27 11:33:02.797080	Trial	start	135
2016-09-27 11:33:02.799452	Speaker	play	None
2016-09-27 11:33:08.799860	Speaker	stop	None
2016-09-27 11:33:08.800896	Trial	end	135
2016-09-27 11:33:20.756490	Trial	start	136
2016-09-27 11:33:20.759118	Speaker	play	None
2016-09-27 11:33:26.761265	Speaker	stop	None
2016-09-27 11:33:26.762258	Trial	end	136
2016-09-27 12:20:32.848150	PeckPort	off	None
2016-09-27 12:20:32.848691	HouseLight	on	None
2016-09-27 12:20:32.849193	Hopper	down	None
2016-09-27 12:20:47.560157	PeckPort	off	None
2016-09-27 12:20:47.560635	HouseLight	on	None
2016-09-27 12:20:47.561113	Hopper	down	None
2016-09-27 12:20:47.867618	Hopper	down	None
2016-09-27 12:20:48.173799	HouseLight	on	None
2016-09-27 12:20:48.174319	PeckPort	on	None
2016-09-27 13:30:26.640004	Trial	start	1
2016-09-27 13:30:26.642489	Speaker	play	None
2016-09-27 13:30:32.644754	Speaker	stop	None
2016-09-27 13:30:32.645747	Trial	end	1
2016-09-27 13:30:37.764538	Trial	start	2
2016-09-27 13:30:37.767942	Speaker	play	None
2016-09-27 13:30:37.849848	Speaker	stop	None
2016-09-27 13:30:37.851362	Trial	end	2
2016-09-27 13:30:37.853001	Trial	start	3
2016-09-27 13:30:37.856193	Speaker	play	None
2016-09-27 13:30:43.859287	Speaker	stop	None
2016-09-27 13:30:43.860225	Trial	end	3
2016-09-27 13:31:08.553538	Trial	start	4
2016-09-27 13:31:08.556342	Speaker	play	None
2016-09-27 13:31:08.627259	Speaker	stop	None
2016-09-27 13:31:08.628065	Trial	end	4
2016-09-27 13:31:08.629382	Trial	start	5
2016-09-27 13:31:08.632477	Speaker	play	None
2016-09-27 13:31:14.844968	Speaker	stop	None
2016-09-27 13:31:14.847225	Hopper	up	None
2016-09-27 13:31:26.849752	Hopper	down	None
2016-09-27 13:31:27.152612	Trial	end	5
2016-09-27 13:32:14.349492	Trial	start	6
2016-09-27 13:32:14.351774	Speaker	play	None
2016-09-27 13:32:20.567112	Speaker	stop	None
2016-09-27 13:32:20.568416	Hopper	up	None
2016-09-27 13:32:32.572457	Hopper	down	None
2016-09-27 13:32:32.875267	Trial	end	6
2016-09-27 13:33:23.614900	Trial	start	7
2016-09-27 13:33:23.617242	Speaker	play	None
2016-09-27 13:33:23.660812	Speaker	stop	None
2016-09-27 13:33:23.663347	Trial	end	7
2016-09-27 13:33:23.666147	Trial	start	8
2016-09-27 13:33:23.669172	Speaker	play	None
2016-09-27 13:33:23.754343	Speaker	stop	None
2016-09-27 13:33:23.755293	Trial	end	8
2016-09-27 13:33:23.756525	Trial	start	9
2016-09-27 13:33:23.759203	Speaker	play	None
2016-09-27 13:33:29.763179	Speaker	stop	None
2016-09-27 13:33:29.764219	Trial	end	9
2016-09-27 13:33:33.260694	Trial	start	10
2016-09-27 13:33:33.263729	Speaker	play	None
2016-09-27 13:33:33.326459	Speaker	stop	None
2016-09-27 13:33:33.327484	Trial	end	10
2016-09-27 13:33:33.328682	Trial	start	11
2016-09-27 13:33:33.334815	Speaker	play	None
2016-09-27 13:33:33.568351	Speaker	stop	None
2016-09-27 13:33:33.569687	Trial	end	11
2016-09-27 13:33:33.570838	Trial	start	12
2016-09-27 13:33:33.572904	Speaker	play	None
2016-09-27 13:33:39.576785	Speaker	stop	None
2016-09-27 13:33:39.578363	Trial	end	12
2016-09-27 13:33:42.271620	Trial	start	13
2016-09-27 13:33:42.274339	Speaker	play	None
2016-09-27 13:33:42.333595	Speaker	stop	None
2016-09-27 13:33:42.334721	Trial	end	13
2016-09-27 13:33:42.336346	Trial	start	14
2016-09-27 13:33:42.339284	Speaker	play	None
2016-09-27 13:33:42.431018	Speaker	stop	None
2016-09-27 13:33:42.432159	Trial	end	14
2016-09-27 13:33:42.433733	Trial	start	15
2016-09-27 13:33:42.436317	Speaker	play	None
2016-09-27 13:33:48.649150	Speaker	stop	None
2016-09-27 13:33:48.651589	Hopper	up	None
2016-09-27 13:34:00.655004	Hopper	down	None
2016-09-27 13:34:00.961546	Trial	end	15
2016-09-27 13:34:57.511235	PeckPort	off	None
2016-09-27 13:34:57.511775	HouseLight	on	None
2016-09-27 13:34:57.512285	Hopper	down	None
2016-09-27 13:35:09.339323	PeckPort	off	None
2016-09-27 13:35:09.339810	HouseLight	on	None
2016-09-27 13:35:09.340274	Hopper	down	None
2016-09-27 13:35:09.644893	Hopper	down	None
2016-09-27 13:35:09.947878	HouseLight	on	None
2016-09-27 13:35:09.948472	PeckPort	on	None
2016-09-27 13:35:16.775622	Trial	start	1
2016-09-27 13:35:16.779014	Speaker	play	None
2016-09-27 13:35:16.980511	Speaker	stop	None
2016-09-27 13:35:16.981528	Trial	end	1
2016-09-27 13:35:16.982911	Trial	start	2
2016-09-27 13:35:16.985320	Speaker	play	None
2016-09-27 13:35:17.120370	Speaker	stop	None
2016-09-27 13:35:17.121511	Trial	end	2
2016-09-27 13:35:17.124607	Trial	start	3
2016-09-27 13:35:17.128434	Speaker	play	None
2016-09-27 13:35:23.341441	Speaker	stop	None
2016-09-27 13:35:23.342697	Hopper	up	None
2016-09-27 13:35:35.347745	Hopper	down	None
2016-09-27 13:35:35.653347	Trial	end	3
2016-09-27 13:37:20.982396	Trial	start	4
2016-09-27 13:37:20.984884	Speaker	play	None
2016-09-27 13:37:21.060512	Speaker	stop	None
2016-09-27 13:37:21.062286	Trial	end	4
2016-09-27 13:37:21.063712	Trial	start	5
2016-09-27 13:37:21.066024	Speaker	play	None
2016-09-27 13:37:27.277724	Speaker	stop	None
2016-09-27 13:37:27.279059	Hopper	up	None
2016-09-27 13:37:39.283133	Hopper	down	None
2016-09-27 13:37:39.589883	Trial	end	5
2016-09-27 13:38:29.170029	Trial	start	6
2016-09-27 13:38:29.172790	Speaker	play	None
2016-09-27 13:38:29.301520	Speaker	stop	None
2016-09-27 13:38:29.303317	Trial	end	6
2016-09-27 13:38:29.305046	Trial	start	7
2016-09-27 13:38:29.309263	Speaker	play	None
2016-09-27 13:38:29.555477	Speaker	stop	None
2016-09-27 13:38:29.556538	Trial	end	7
2016-09-27 13:38:29.558350	Trial	start	8
2016-09-27 13:38:29.561213	Speaker	play	None
2016-09-27 13:38:29.624823	Speaker	stop	None
2016-09-27 13:38:29.625760	Trial	end	8
2016-09-27 13:38:29.627293	Trial	start	9
2016-09-27 13:38:29.629718	Speaker	play	None
2016-09-27 13:38:35.838440	Speaker	stop	None
2016-09-27 13:38:35.840477	Hopper	up	None
2016-09-27 13:38:47.843257	Hopper	down	None
2016-09-27 13:38:48.146116	Trial	end	9
2016-09-27 13:39:10.988652	Trial	start	10
2016-09-27 13:39:10.991217	Speaker	play	None
2016-09-27 13:39:11.054369	Speaker	stop	None
2016-09-27 13:39:11.055238	Trial	end	10
2016-09-27 13:39:11.056561	Trial	start	11
2016-09-27 13:39:11.058520	Speaker	play	None
2016-09-27 13:39:17.271898	Speaker	stop	None
2016-09-27 13:39:17.273619	Hopper	up	None
2016-09-27 13:39:29.276795	Hopper	down	None
2016-09-27 13:39:29.579796	Trial	end	11
2016-09-27 13:39:56.235434	Trial	start	12
2016-09-27 13:39:56.238738	Speaker	play	None
2016-09-27 13:39:56.317802	Speaker	stop	None
2016-09-27 13:39:56.318885	Trial	end	12
2016-09-27 13:39:56.320436	Trial	start	13
2016-09-27 13:39:56.323145	Speaker	play	None
2016-09-27 13:39:56.502033	Speaker	stop	None
2016-09-27 13:39:56.503155	Trial	end	13
2016-09-27 13:39:56.504437	Trial	start	14
2016-09-27 13:39:56.507384	Speaker	play	None
2016-09-27 13:40:02.509066	Speaker	stop	None
2016-09-27 13:40:02.510491	Trial	end	14
2016-09-27 13:41:07.855611	Trial	start	15
2016-09-27 13:41:07.858818	Speaker	play	None
2016-09-27 13:41:07.937473	Speaker	stop	None
2016-09-27 13:41:07.938663	Trial	end	15
2016-09-27 13:41:07.940115	Trial	start	16
2016-09-27 13:41:07.942179	Speaker	play	None
2016-09-27 13:41:08.085076	Speaker	stop	None
2016-09-27 13:41:08.086286	Trial	end	16
2016-09-27 13:41:08.088951	Trial	start	17
2016-09-27 13:41:08.091350	Speaker	play	None
2016-09-27 13:41:08.162749	Speaker	stop	None
2016-09-27 13:41:08.163672	Trial	end	17
2016-09-27 13:41:08.164795	Trial	start	18
2016-09-27 13:41:08.166994	Speaker	play	None
2016-09-27 13:41:09.112956	Speaker	stop	None
2016-09-27 13:41:09.113916	Trial	end	18
2016-09-27 13:41:09.115357	Trial	start	19
2016-09-27 13:41:09.117450	Speaker	play	None
2016-09-27 13:41:09.190865	Speaker	stop	None
2016-09-27 13:41:09.192242	Trial	end	19
2016-09-27 13:41:09.193592	Trial	start	20
2016-09-27 13:41:09.196106	Speaker	play	None
2016-09-27 13:41:09.260357	Speaker	stop	None
2016-09-27 13:41:09.262805	Trial	end	20
2016-09-27 13:41:09.264112	Trial	start	21
2016-09-27 13:41:09.266616	Speaker	play	None
2016-09-27 13:41:15.477803	Speaker	stop	None
2016-09-27 13:41:15.479059	Hopper	up	None
2016-09-27 13:41:27.482758	Hopper	down	None
2016-09-27 13:41:27.789778	Trial	end	21
2016-09-27 13:43:49.255996	Trial	start	22
2016-09-27 13:43:49.259350	Speaker	play	None
2016-09-27 13:43:49.342208	Speaker	stop	None
2016-09-27 13:43:49.343625	Trial	end	22
2016-09-27 13:43:49.346567	Trial	start	23
2016-09-27 13:43:49.351187	Speaker	play	None
2016-09-27 13:43:49.522751	Speaker	stop	None
2016-09-27 13:43:49.523931	Trial	end	23
2016-09-27 13:43:49.525399	Trial	start	24
2016-09-27 13:43:49.528914	Speaker	play	None
2016-09-27 13:43:55.739963	Speaker	stop	None
2016-09-27 13:43:55.741410	Hopper	up	None
2016-09-27 13:44:07.744797	Hopper	down	None
2016-09-27 13:44:08.047602	Trial	end	24
2016-09-27 13:45:00.859599	Trial	start	25
2016-09-27 13:45:00.867700	Speaker	play	None
2016-09-27 13:45:00.946258	Speaker	stop	None
2016-09-27 13:45:00.947348	Trial	end	25
2016-09-27 13:45:00.951455	Trial	start	26
2016-09-27 13:45:00.955017	Speaker	play	None
2016-09-27 13:45:01.564593	Speaker	stop	None
2016-09-27 13:45:01.565769	Trial	end	26
2016-09-27 13:45:01.569650	Trial	start	27
2016-09-27 13:45:01.573458	Speaker	play	None
2016-09-27 13:45:07.577032	Speaker	stop	None
2016-09-27 13:45:07.578313	Trial	end	27
2016-09-27 13:51:58.301525	PeckPort	off	None
2016-09-27 13:51:58.302216	HouseLight	on	None
2016-09-27 13:51:58.303286	Hopper	down	None
2016-09-27 13:52:12.625095	PeckPort	off	None
2016-09-27 13:52:12.625662	HouseLight	on	None
2016-09-27 13:52:12.626160	Hopper	down	None
2016-09-27 13:52:12.930029	Hopper	down	None
2016-09-27 13:52:13.237303	HouseLight	on	None
2016-09-27 13:52:13.237969	PeckPort	on	None
2016-09-27 14:30:55.408135	PeckPort	off	None
2016-09-27 14:30:55.409430	HouseLight	on	None
2016-09-27 14:30:55.410356	Hopper	down	None
2016-09-27 14:31:05.939470	PeckPort	off	None
2016-09-27 14:31:05.940471	HouseLight	on	None
2016-09-27 14:31:05.941332	Hopper	down	None
2016-09-27 14:31:06.246932	Hopper	down	None
2016-09-27 14:31:06.553592	HouseLight	on	None
2016-09-27 14:31:06.554258	PeckPort	on	None
2016-09-27 14:55:03.939023	Trial	start	1
2016-09-27 14:55:03.943061	Speaker	play	None
2016-09-27 14:55:03.996461	Speaker	stop	None
2016-09-27 14:55:03.997511	Trial	end	1
2016-09-27 14:55:04.000629	Trial	start	2
2016-09-27 14:55:04.003554	Speaker	play	None
2016-09-27 14:55:10.005539	Speaker	stop	None
2016-09-27 14:55:10.007181	Trial	end	2
2016-09-27 14:55:19.372449	Trial	start	3
2016-09-27 14:55:19.377604	Speaker	play	None
2016-09-27 14:55:19.437986	Speaker	stop	None
2016-09-27 14:55:19.439768	Trial	end	3
2016-09-27 14:55:19.441379	Trial	start	4
2016-09-27 14:55:19.448875	Speaker	play	None
2016-09-27 14:55:20.527074	Speaker	stop	None
2016-09-27 14:55:20.528363	Trial	end	4
2016-09-27 14:55:20.529775	Trial	start	5
2016-09-27 14:55:20.532120	Speaker	play	None
2016-09-27 14:55:26.535696	Speaker	stop	None
2016-09-27 14:55:26.536787	Trial	end	5
2016-09-27 14:55:31.233818	Trial	start	6
2016-09-27 14:55:31.236853	Speaker	play	None
2016-09-27 14:55:37.242868	Speaker	stop	None
2016-09-27 14:55:37.244104	Trial	end	6
2016-09-27 14:55:50.114395	Trial	start	7
2016-09-27 14:55:50.116818	Speaker	play	None
2016-09-27 14:55:50.192696	Speaker	stop	None
2016-09-27 14:55:50.193945	Trial	end	7
2016-09-27 14:55:50.196151	Trial	start	8
2016-09-27 14:55:50.199329	Speaker	play	None
2016-09-27 14:55:50.271655	Speaker	stop	None
2016-09-27 14:55:50.273180	Trial	end	8
2016-09-27 14:55:50.274950	Trial	start	9
2016-09-27 14:55:50.278066	Speaker	play	None
2016-09-27 14:55:50.507919	Speaker	stop	None
2016-09-27 14:55:50.509213	Trial	end	9
2016-09-27 14:55:50.510958	Trial	start	10
2016-09-27 14:55:50.514445	Speaker	play	None
2016-09-27 14:55:50.582286	Speaker	stop	None
2016-09-27 14:55:50.585555	Trial	end	10
2016-09-27 14:55:50.587644	Trial	start	11
2016-09-27 14:55:50.599964	Speaker	play	None
2016-09-27 14:55:56.603531	Speaker	stop	None
2016-09-27 14:55:56.604668	Trial	end	11
2016-09-27 14:55:59.289063	Trial	start	12
2016-09-27 14:55:59.291627	Speaker	play	None
2016-09-27 14:55:59.358366	Speaker	stop	None
2016-09-27 14:55:59.359528	Trial	end	12
2016-09-27 14:55:59.361060	Trial	start	13
2016-09-27 14:55:59.363759	Speaker	play	None
2016-09-27 14:55:59.461310	Speaker	stop	None
2016-09-27 14:55:59.462447	Trial	end	13
2016-09-27 14:55:59.463779	Trial	start	14
2016-09-27 14:55:59.475126	Speaker	play	None
2016-09-27 14:55:59.694539	Speaker	stop	None
2016-09-27 14:55:59.695366	Trial	end	14
2016-09-27 14:55:59.696613	Trial	start	15
2016-09-27 14:55:59.698863	Speaker	play	None
2016-09-27 14:56:00.874170	Speaker	stop	None
2016-09-27 14:56:00.874989	Trial	end	15
2016-09-27 14:56:00.875933	Trial	start	16
2016-09-27 14:56:00.878921	Speaker	play	None
2016-09-27 14:56:00.969171	Speaker	stop	None
2016-09-27 14:56:00.971394	Trial	end	16
2016-09-27 14:56:00.973618	Trial	start	17
2016-09-27 14:56:00.977802	Speaker	play	None
2016-09-27 14:56:01.124014	Speaker	stop	None
2016-09-27 14:56:01.124879	Trial	end	17
2016-09-27 14:56:01.125935	Trial	start	18
2016-09-27 14:56:01.128007	Speaker	play	None
2016-09-27 14:56:07.129838	Speaker	stop	None
2016-09-27 14:56:07.130816	Trial	end	18
2016-09-27 14:57:08.335581	Trial	start	19
2016-09-27 14:57:08.339740	Speaker	play	None
2016-09-27 14:57:08.405916	Speaker	stop	None
2016-09-27 14:57:08.408018	Trial	end	19
2016-09-27 14:57:08.409700	Trial	start	20
2016-09-27 14:57:08.414819	Speaker	play	None
2016-09-27 14:57:08.597822	Speaker	stop	None
2016-09-27 14:57:08.598697	Trial	end	20
2016-09-27 14:57:08.600154	Trial	start	21
2016-09-27 14:57:08.602363	Speaker	play	None
2016-09-27 14:57:09.822893	Speaker	stop	None
2016-09-27 14:57:09.824529	Trial	end	21
2016-09-27 14:57:09.827769	Trial	start	22
2016-09-27 14:57:09.832848	Speaker	play	None
2016-09-27 14:57:09.921074	Speaker	stop	None
2016-09-27 14:57:09.922142	Trial	end	22
2016-09-27 14:57:09.924330	Trial	start	23
2016-09-27 14:57:09.927430	Speaker	play	None
2016-09-27 14:57:11.121706	Speaker	stop	None
2016-09-27 14:57:11.122744	Trial	end	23
2016-09-27 14:57:11.125503	Trial	start	24
2016-09-27 14:57:11.129826	Speaker	play	None
2016-09-27 14:57:11.182867	Speaker	stop	None
2016-09-27 14:57:11.183817	Trial	end	24
2016-09-27 14:57:11.185070	Trial	start	25
2016-09-27 14:57:11.188285	Speaker	play	None
2016-09-27 14:57:17.193111	Speaker	stop	None
2016-09-27 14:57:17.194942	Trial	end	25
2016-09-27 14:57:48.494805	Trial	start	26
2016-09-27 14:57:48.498485	Speaker	play	None
2016-09-27 14:57:48.565037	Speaker	stop	None
2016-09-27 14:57:48.566820	Trial	end	26
2016-09-27 14:57:48.568704	Trial	start	27
2016-09-27 14:57:48.572278	Speaker	play	None
2016-09-27 14:57:48.653325	Speaker	stop	None
2016-09-27 14:57:48.654505	Trial	end	27
2016-09-27 14:57:48.656273	Trial	start	28
2016-09-27 14:57:48.658650	Speaker	play	None
2016-09-27 14:57:54.660118	Speaker	stop	None
2016-09-27 14:57:54.661201	Trial	end	28
2016-09-27 14:57:59.731609	Trial	start	29
2016-09-27 14:57:59.734975	Speaker	play	None
2016-09-27 14:57:59.810137	Speaker	stop	None
2016-09-27 14:57:59.811291	Trial	end	29
2016-09-27 14:57:59.812931	Trial	start	30
2016-09-27 14:57:59.815820	Speaker	play	None
2016-09-27 14:58:00.051104	Speaker	stop	None
2016-09-27 14:58:00.052651	Trial	end	30
2016-09-27 14:58:00.054751	Trial	start	31
2016-09-27 14:58:00.062866	Speaker	play	None
2016-09-27 14:58:06.068835	Speaker	stop	None
2016-09-27 14:58:06.069762	Trial	end	31
2016-09-27 14:58:08.739679	Trial	start	32
2016-09-27 14:58:08.742431	Speaker	play	None
2016-09-27 14:58:08.809482	Speaker	stop	None
2016-09-27 14:58:08.810566	Trial	end	32
2016-09-27 14:58:08.813007	Trial	start	33
2016-09-27 14:58:08.823282	Speaker	play	None
2016-09-27 14:58:08.924173	Speaker	stop	None
2016-09-27 14:58:08.925072	Trial	end	33
2016-09-27 14:58:08.926887	Trial	start	34
2016-09-27 14:58:08.931045	Speaker	play	None
2016-09-27 14:58:09.354474	Speaker	stop	None
2016-09-27 14:58:09.355558	Trial	end	34
2016-09-27 14:58:09.357172	Trial	start	35
2016-09-27 14:58:09.364357	Speaker	play	None
2016-09-27 14:58:09.428737	Speaker	stop	None
2016-09-27 14:58:09.430105	Trial	end	35
2016-09-27 14:58:09.432270	Trial	start	36
2016-09-27 14:58:09.438492	Speaker	play	None
2016-09-27 14:58:15.442066	Speaker	stop	None
2016-09-27 14:58:15.443605	Trial	end	36
2016-09-27 14:58:19.366155	Trial	start	37
2016-09-27 14:58:19.370088	Speaker	play	None
2016-09-27 14:58:19.436234	Speaker	stop	None
2016-09-27 14:58:19.438337	Trial	end	37
2016-09-27 14:58:19.441220	Trial	start	38
2016-09-27 14:58:19.445111	Speaker	play	None
2016-09-27 14:58:25.451494	Speaker	stop	None
2016-09-27 14:58:25.452642	Trial	end	38
2016-09-27 14:58:50.356439	Trial	start	39
2016-09-27 14:58:50.358917	Speaker	play	None
2016-09-27 14:58:50.434689	Speaker	stop	None
2016-09-27 14:58:50.435807	Trial	end	39
2016-09-27 14:58:50.437733	Trial	start	40
2016-09-27 14:58:50.441889	Speaker	play	None
2016-09-27 14:58:50.501101	Speaker	stop	None
2016-09-27 14:58:50.503217	Trial	end	40
2016-09-27 14:58:50.505783	Trial	start	41
2016-09-27 14:58:50.509259	Speaker	play	None
2016-09-27 14:58:50.624112	Speaker	stop	None
2016-09-27 14:58:50.626482	Trial	end	41
2016-09-27 14:58:50.627865	Trial	start	42
2016-09-27 14:58:50.631386	Speaker	play	None
2016-09-27 14:58:50.737483	Speaker	stop	None
2016-09-27 14:58:50.739604	Trial	end	42
2016-09-27 14:58:50.740998	Trial	start	43
2016-09-27 14:58:50.746969	Speaker	play	None
2016-09-27 14:58:50.790839	Speaker	stop	None
2016-09-27 14:58:50.792007	Trial	end	43
2016-09-27 14:58:50.793394	Trial	start	44
2016-09-27 14:58:50.795902	Speaker	play	None
2016-09-27 14:58:50.905818	Speaker	stop	None
2016-09-27 14:58:50.906820	Trial	end	44
2016-09-27 14:58:50.908202	Trial	start	45
2016-09-27 14:58:50.910479	Speaker	play	None
2016-09-27 14:58:50.995355	Speaker	stop	None
2016-09-27 14:58:50.996295	Trial	end	45
2016-09-27 14:58:50.997989	Trial	start	46
2016-09-27 14:58:51.000408	Speaker	play	None
2016-09-27 14:58:52.073002	Speaker	stop	None
2016-09-27 14:58:52.074778	Trial	end	46
2016-09-27 14:58:52.076957	Trial	start	47
2016-09-27 14:58:52.081341	Speaker	play	None
2016-09-27 14:58:52.138763	Speaker	stop	None
2016-09-27 14:58:52.139922	Trial	end	47
2016-09-27 14:58:52.142069	Trial	start	48
2016-09-27 14:58:52.144503	Speaker	play	None
2016-09-27 14:58:52.215990	Speaker	play	None
2016-09-27 14:58:52.209983	Trial	end	48
2016-09-27 14:58:52.211758	Trial	start	49
2016-09-27 14:58:52.215990	Speaker	play	None
2016-09-27 14:58:58.221855	Speaker	stop	None
2016-09-27 14:58:58.222902	Trial	end	49
2016-09-27 14:58:59.266313	Trial	start	50
2016-09-27 14:58:59.269479	Speaker	play	None
2016-09-27 14:58:59.329619	Speaker	stop	None
2016-09-27 14:58:59.332440	Trial	end	50
2016-09-27 14:58:59.334164	Trial	start	51
2016-09-27 14:58:59.336358	Speaker	play	None
2016-09-27 14:58:59.393989	Speaker	stop	None
2016-09-27 14:58:59.396099	Trial	end	51
2016-09-27 14:58:59.397908	Trial	start	52
2016-09-27 14:58:59.400875	Speaker	play	None
2016-09-27 14:58:59.614943	Speaker	stop	None
2016-09-27 14:58:59.616152	Trial	end	52
2016-09-27 14:58:59.617325	Trial	start	53
2016-09-27 14:58:59.619806	Speaker	play	None
2016-09-27 14:58:59.753639	Speaker	stop	None
2016-09-27 14:58:59.755347	Trial	end	53
2016-09-27 14:58:59.757941	Trial	start	54
2016-09-27 14:58:59.763450	Speaker	play	None
2016-09-27 14:59:05.767989	Speaker	stop	None
2016-09-27 14:59:05.768947	Trial	end	54
2016-09-27 14:59:18.994917	Trial	start	55
2016-09-27 14:59:19.000391	Speaker	play	None
2016-09-27 14:59:19.049087	Speaker	stop	None
2016-09-27 14:59:19.050423	Trial	end	55
2016-09-27 14:59:19.052086	Trial	start	56
2016-09-27 14:59:19.055070	Speaker	play	None
2016-09-27 14:59:19.147444	Speaker	stop	None
2016-09-27 14:59:19.148596	Trial	end	56
2016-09-27 14:59:19.149910	Trial	start	57
2016-09-27 14:59:19.152026	Speaker	play	None
2016-09-27 14:59:25.156784	Speaker	stop	None
2016-09-27 14:59:25.157728	Trial	end	57
2016-09-27 14:59:28.854938	Trial	start	58
2016-09-27 14:59:28.858667	Speaker	play	None
2016-09-27 14:59:28.912372	Speaker	stop	None
2016-09-27 14:59:28.913369	Trial	end	58
2016-09-27 14:59:28.914765	Trial	start	59
2016-09-27 14:59:28.917914	Speaker	play	None
2016-09-27 14:59:34.926404	Speaker	stop	None
2016-09-27 14:59:34.928882	Trial	end	59
2016-09-27 15:00:36.433782	Trial	start	60
2016-09-27 15:00:36.439993	Speaker	play	None
2016-09-27 15:00:36.495673	Speaker	stop	None
2016-09-27 15:00:36.500906	Trial	end	60
2016-09-27 15:00:36.503461	Trial	start	61
2016-09-27 15:00:36.506523	Speaker	play	None
2016-09-27 15:00:36.572672	Speaker	stop	None
2016-09-27 15:00:36.573555	Trial	end	61
2016-09-27 15:00:36.575046	Trial	start	62
2016-09-27 15:00:36.576934	Speaker	play	None
2016-09-27 15:00:36.967451	Speaker	stop	None
2016-09-27 15:00:36.968967	Trial	end	62
2016-09-27 15:00:36.970878	Trial	start	63
2016-09-27 15:00:36.973559	Speaker	play	None
2016-09-27 15:00:37.036390	Speaker	stop	None
2016-09-27 15:00:37.037433	Trial	end	63
2016-09-27 15:00:37.038824	Trial	start	64
2016-09-27 15:00:37.041278	Speaker	play	None
2016-09-27 15:00:43.044900	Speaker	stop	None
2016-09-27 15:00:43.046667	Trial	end	64
2016-09-27 15:00:46.145650	Trial	start	65
2016-09-27 15:00:46.149409	Speaker	play	None
2016-09-27 15:00:46.215537	Speaker	stop	None
2016-09-27 15:00:46.216287	Trial	end	65
2016-09-27 15:00:46.217728	Trial	start	66
2016-09-27 15:00:46.221674	Speaker	play	None
2016-09-27 15:00:47.153755	Speaker	stop	None
2016-09-27 15:00:47.155601	Trial	end	66
2016-09-27 15:00:47.158067	Trial	start	67
2016-09-27 15:00:47.163457	Speaker	play	None
2016-09-27 15:00:47.219320	Speaker	stop	None
2016-09-27 15:00:47.221464	Trial	end	67
2016-09-27 15:00:47.223610	Trial	start	68
2016-09-27 15:00:47.227549	Speaker	play	None
2016-09-27 15:00:47.510836	Speaker	stop	None
2016-09-27 15:00:47.512277	Trial	end	68
2016-09-27 15:00:47.513682	Trial	start	69
2016-09-27 15:00:47.516360	Speaker	play	None
2016-09-27 15:00:48.407326	Speaker	queue	None
2016-09-27 15:00:48.408144	Trial	end	69
2016-09-27 15:00:48.409345	Trial	start	70
2016-09-27 15:00:48.416168	Speaker	play	None
2016-09-27 15:00:54.630084	Speaker	stop	None
2016-09-27 15:00:54.632994	Hopper	up	None
2016-09-27 15:01:06.635944	Hopper	down	None
2016-09-27 15:01:06.942684	Trial	end	70
2016-09-27 15:01:47.595793	Trial	start	71
2016-09-27 15:01:47.599779	Speaker	play	None
2016-09-27 15:01:47.664744	Speaker	stop	None
2016-09-27 15:01:47.665856	Trial	end	71
2016-09-27 15:01:47.667114	Trial	start	72
2016-09-27 15:01:47.669301	Speaker	play	None
2016-09-27 15:01:47.734103	Speaker	stop	None
2016-09-27 15:01:47.734983	Trial	end	72
2016-09-27 15:01:47.736540	Trial	start	73
2016-09-27 15:01:47.739411	Speaker	play	None
2016-09-27 15:01:47.812278	Speaker	stop	None
2016-09-27 15:01:47.813943	Trial	end	73
2016-09-27 15:01:47.815343	Trial	start	74
2016-09-27 15:01:47.817997	Speaker	play	None
2016-09-27 15:01:47.902433	Speaker	stop	None
2016-09-27 15:01:47.903358	Trial	end	74
2016-09-27 15:01:47.904926	Trial	start	75
2016-09-27 15:01:47.907949	Speaker	play	None
2016-09-27 15:01:48.045909	Speaker	stop	None
2016-09-27 15:01:48.047816	Trial	end	75
2016-09-27 15:01:48.049024	Trial	start	76
2016-09-27 15:01:48.051205	Speaker	play	None
2016-09-27 15:01:48.628145	Speaker	stop	None
2016-09-27 15:01:48.629864	Trial	end	76
2016-09-27 15:01:48.631854	Trial	start	77
2016-09-27 15:01:48.634542	Speaker	play	None
2016-09-27 15:01:48.693032	Speaker	stop	None
2016-09-27 15:01:48.695131	Trial	end	77
2016-09-27 15:01:48.696950	Trial	start	78
2016-09-27 15:01:48.700605	Speaker	play	None
2016-09-27 15:01:48.933730	Speaker	stop	None
2016-09-27 15:01:48.935153	Trial	end	78
2016-09-27 15:01:48.937005	Trial	start	79
2016-09-27 15:01:48.939901	Speaker	play	None
2016-09-27 15:01:54.943546	Speaker	stop	None
2016-09-27 15:01:54.944492	Trial	end	79
2016-09-27 15:01:57.901454	Trial	start	80
2016-09-27 15:01:57.906874	Speaker	play	None
2016-09-27 15:01:57.979144	Speaker	stop	None
2016-09-27 15:01:57.980321	Trial	end	80
2016-09-27 15:01:57.981943	Trial	start	81
2016-09-27 15:01:57.986638	Speaker	play	None
2016-09-27 15:02:03.993230	Speaker	stop	None
2016-09-27 15:02:03.995101	Trial	end	81
2016-09-27 15:02:10.178076	Trial	start	82
2016-09-27 15:02:10.181953	Speaker	play	None
2016-09-27 15:02:10.235323	Speaker	stop	None
2016-09-27 15:02:10.236703	Trial	end	82
2016-09-27 15:02:10.239360	Trial	start	83
2016-09-27 15:02:10.241937	Speaker	play	None
2016-09-27 15:02:10.792785	Speaker	stop	None
2016-09-27 15:02:10.794351	Trial	end	83
2016-09-27 15:02:10.796548	Trial	start	84
2016-09-27 15:02:10.800313	Speaker	play	None
2016-09-27 15:02:16.806372	Speaker	stop	None
2016-09-27 15:02:16.808069	Trial	end	84
2016-09-27 15:02:17.264208	Trial	start	85
2016-09-27 15:02:17.274499	Speaker	play	None
2016-09-27 15:02:17.371019	Speaker	stop	None
2016-09-27 15:02:17.372520	Trial	end	85
2016-09-27 15:02:17.375369	Trial	start	86
2016-09-27 15:02:17.377633	Speaker	play	None
2016-09-27 15:02:17.936484	Speaker	stop	None
2016-09-27 15:02:17.940869	Trial	end	86
2016-09-27 15:02:17.943125	Trial	start	87
2016-09-27 15:02:17.945926	Speaker	play	None
2016-09-27 15:02:18.980698	Speaker	stop	None
2016-09-27 15:02:18.982538	Trial	end	87
2016-09-27 15:02:18.985940	Trial	start	88
2016-09-27 15:02:18.990854	Speaker	play	None
2016-09-27 15:02:19.042186	Speaker	stop	None
2016-09-27 15:02:19.043199	Trial	end	88
2016-09-27 15:02:19.047825	Trial	start	89
2016-09-27 15:02:19.052086	Speaker	play	None
2016-09-27 15:02:19.111817	Speaker	stop	None
2016-09-27 15:02:19.112784	Trial	end	89
2016-09-27 15:02:19.114374	Trial	start	90
2016-09-27 15:02:19.117759	Speaker	play	None
2016-09-27 15:02:25.121188	Speaker	stop	None
2016-09-27 15:02:25.123001	Trial	end	90
2016-09-27 15:02:44.434815	Trial	start	91
2016-09-27 15:02:44.438272	Speaker	play	None
2016-09-27 15:02:44.513590	Speaker	stop	None
2016-09-27 15:02:44.515143	Trial	end	91
2016-09-27 15:02:44.516431	Trial	start	92
2016-09-27 15:02:44.519737	Speaker	play	None
2016-09-27 15:02:44.565960	Speaker	stop	None
2016-09-27 15:02:44.567833	Trial	end	92
2016-09-27 15:02:44.569084	Trial	start	93
2016-09-27 15:02:44.571181	Speaker	play	None
2016-09-27 15:02:45.143772	Speaker	stop	None
2016-09-27 15:02:45.145220	Trial	end	93
2016-09-27 15:02:45.147081	Trial	start	94
2016-09-27 15:02:45.151193	Speaker	play	None
2016-09-27 15:02:45.233964	Speaker	stop	None
2016-09-27 15:02:45.235240	Trial	end	94
2016-09-27 15:02:45.236476	Trial	start	95
2016-09-27 15:02:45.239250	Speaker	play	None
2016-09-27 15:02:51.242978	Speaker	stop	None
2016-09-27 15:02:51.244048	Trial	end	95
2016-09-27 15:02:54.638754	Trial	start	96
2016-09-27 15:02:54.641761	Speaker	play	None
2016-09-27 15:02:54.705553	Speaker	stop	None
2016-09-27 15:02:54.707013	Trial	end	96
2016-09-27 15:02:54.708343	Trial	start	97
2016-09-27 15:02:54.710670	Speaker	play	None
2016-09-27 15:02:54.769965	Speaker	stop	None
2016-09-27 15:02:54.771683	Trial	end	97
2016-09-27 15:02:54.773439	Trial	start	98
2016-09-27 15:02:54.776514	Speaker	play	None
2016-09-27 15:02:55.310612	Speaker	stop	None
2016-09-27 15:02:55.311750	Trial	end	98
2016-09-27 15:02:55.313349	Trial	start	99
2016-09-27 15:02:55.316937	Speaker	play	None
2016-09-27 15:02:55.384671	Speaker	stop	None
2016-09-27 15:02:55.386481	Trial	end	99
2016-09-27 15:02:55.389845	Trial	start	100
2016-09-27 15:02:55.392881	Speaker	play	None
2016-09-27 15:02:55.457840	Speaker	stop	None
2016-09-27 15:02:55.459369	Trial	end	100
2016-09-27 15:02:55.460597	Trial	start	101
2016-09-27 15:02:55.463073	Speaker	play	None
2016-09-27 15:03:01.467269	Speaker	stop	None
2016-09-27 15:03:01.468328	Trial	end	101
2016-09-27 15:03:03.126678	Trial	start	102
2016-09-27 15:03:03.130553	Speaker	play	None
2016-09-27 15:03:03.183605	Speaker	stop	None
2016-09-27 15:03:03.185469	Trial	end	102
2016-09-27 15:03:03.186984	Trial	start	103
2016-09-27 15:03:03.193065	Speaker	play	None
2016-09-27 15:03:03.267110	Speaker	stop	None
2016-09-27 15:03:03.268894	Trial	end	103
2016-09-27 15:03:03.270310	Trial	start	104
2016-09-27 15:03:03.281579	Speaker	play	None
2016-09-27 15:03:03.802044	Speaker	stop	None
2016-09-27 15:03:03.803198	Trial	end	104
2016-09-27 15:03:03.804781	Trial	start	105
2016-09-27 15:03:03.810351	Speaker	play	None
2016-09-27 15:03:03.855744	Speaker	stop	None
2016-09-27 15:03:03.857228	Trial	end	105
2016-09-27 15:03:03.859414	Trial	start	106
2016-09-27 15:03:03.863374	Speaker	play	None
2016-09-27 15:03:10.073357	Speaker	stop	None
2016-09-27 15:03:10.075426	Hopper	up	None
2016-09-27 15:03:22.079819	Hopper	down	None
2016-09-27 15:03:22.386178	Trial	end	106
2016-09-27 15:04:26.844321	Trial	start	107
2016-09-27 15:04:26.848108	Speaker	play	None
2016-09-27 15:04:26.902470	Speaker	play	None
2016-09-27 15:04:26.903637	Trial	end	107
2016-09-27 15:04:26.905774	Trial	start	108
2016-09-27 15:04:26.908478	Speaker	play	None
2016-09-27 15:04:27.491787	Speaker	stop	None
2016-09-27 15:04:27.493322	Trial	end	108
2016-09-27 15:04:27.494689	Trial	start	109
2016-09-27 15:04:27.498099	Speaker	play	None
2016-09-27 15:04:27.565731	Speaker	stop	None
2016-09-27 15:04:27.567897	Trial	end	109
2016-09-27 15:04:27.570322	Trial	start	110
2016-09-27 15:04:27.574822	Speaker	play	None
2016-09-27 15:04:27.635057	Speaker	stop	None
2016-09-27 15:04:27.635970	Trial	end	110
2016-09-27 15:04:27.637447	Trial	start	111
2016-09-27 15:04:27.640951	Speaker	play	None
2016-09-27 15:04:27.725304	Speaker	stop	None
2016-09-27 15:04:27.726308	Trial	end	111
2016-09-27 15:04:27.727699	Trial	start	112
2016-09-27 15:04:27.731250	Speaker	play	None
2016-09-27 15:04:28.655060	Speaker	stop	None
2016-09-27 15:04:28.656178	Trial	end	112
2016-09-27 15:04:28.659853	Trial	start	113
2016-09-27 15:04:28.663730	Speaker	play	None
2016-09-27 15:04:28.733473	Speaker	stop	None
2016-09-27 15:04:28.734801	Trial	end	113
2016-09-27 15:04:28.738810	Trial	start	114
2016-09-27 15:04:28.741957	Speaker	play	None
2016-09-27 15:04:28.794468	Speaker	stop	None
2016-09-27 15:04:28.795365	Trial	end	114
2016-09-27 15:04:28.797544	Trial	start	115
2016-09-27 15:04:28.805037	Speaker	play	None
2016-09-27 15:04:28.848322	Speaker	stop	None
2016-09-27 15:04:28.850356	Trial	end	115
2016-09-27 15:04:28.852635	Trial	start	116
2016-09-27 15:04:28.855073	Speaker	play	None
2016-09-27 15:04:28.896910	Speaker	stop	None
2016-09-27 15:04:28.899400	Trial	end	116
2016-09-27 15:04:28.900925	Trial	start	117
2016-09-27 15:04:28.903169	Speaker	play	None
2016-09-27 15:04:28.970515	Speaker	stop	None
2016-09-27 15:04:28.971515	Trial	end	117
2016-09-27 15:04:28.972650	Trial	start	118
2016-09-27 15:04:28.974699	Speaker	play	None
2016-09-27 15:04:34.975544	Speaker	stop	None
2016-09-27 15:04:34.977920	Trial	end	118
2016-09-27 15:04:36.195739	Trial	start	119
2016-09-27 15:04:36.198422	Speaker	play	None
2016-09-27 15:04:36.272081	Speaker	stop	None
2016-09-27 15:04:36.274129	Trial	end	119
2016-09-27 15:04:36.276341	Trial	start	120
2016-09-27 15:04:36.280646	Speaker	play	None
2016-09-27 15:04:36.392882	Speaker	stop	None
2016-09-27 15:04:36.397342	Trial	end	120
2016-09-27 15:04:36.399810	Trial	start	121
2016-09-27 15:04:36.402165	Speaker	play	None
2016-09-27 15:04:36.777698	Speaker	stop	None
2016-09-27 15:04:36.778471	Trial	end	121
2016-09-27 15:04:36.779850	Trial	start	122
2016-09-27 15:04:36.782726	Speaker	play	None
2016-09-27 15:04:36.835673	Speaker	stop	None
2016-09-27 15:04:36.836886	Trial	end	122
2016-09-27 15:04:36.839247	Trial	start	123
2016-09-27 15:04:36.843058	Speaker	play	None
2016-09-27 15:04:42.845714	Speaker	stop	None
2016-09-27 15:04:42.847033	Trial	end	123
2016-09-27 15:04:47.100737	Trial	start	124
2016-09-27 15:04:47.104288	Speaker	play	None
2016-09-27 15:04:47.179816	Speaker	stop	None
2016-09-27 15:04:47.180923	Trial	end	124
2016-09-27 15:04:47.183663	Trial	start	125
2016-09-27 15:04:47.186682	Speaker	play	None
2016-09-27 15:04:48.525773	Speaker	stop	None
2016-09-27 15:04:48.528711	Trial	end	125
2016-09-27 15:04:48.531186	Trial	start	126
2016-09-27 15:04:48.537850	Speaker	play	None
2016-09-27 15:04:48.619744	Speaker	stop	None
2016-09-27 15:04:48.620719	Trial	end	126
2016-09-27 15:04:48.622175	Trial	start	127
2016-09-27 15:04:48.625647	Speaker	play	None
2016-09-27 15:04:54.628670	Speaker	stop	None
2016-09-27 15:04:54.629683	Trial	end	127
2016-09-27 15:04:58.544677	Trial	start	128
2016-09-27 15:04:58.548348	Speaker	play	None
2016-09-27 15:04:58.610232	Speaker	stop	None
2016-09-27 15:04:58.612015	Trial	end	128
2016-09-27 15:04:58.613337	Trial	start	129
2016-09-27 15:04:58.615637	Speaker	play	None
2016-09-27 15:05:04.617671	Speaker	stop	None
2016-09-27 15:05:04.618762	Trial	end	129
2016-09-27 15:05:33.472907	Trial	start	130
2016-09-27 15:05:33.475519	Speaker	play	None
2016-09-27 15:05:33.513766	Speaker	stop	None
2016-09-27 15:05:33.515275	Trial	end	130
2016-09-27 15:05:33.518079	Trial	start	131
2016-09-27 15:05:33.521710	Speaker	play	None
2016-09-27 15:05:33.579266	Speaker	stop	None
2016-09-27 15:05:33.581039	Trial	end	131
2016-09-27 15:05:33.583156	Trial	start	132
2016-09-27 15:05:33.586506	Speaker	play	None
2016-09-27 15:05:33.624126	Speaker	stop	None
2016-09-27 15:05:33.625427	Trial	end	132
2016-09-27 15:05:33.626898	Trial	start	133
2016-09-27 15:05:33.630724	Speaker	play	None
2016-09-27 15:05:39.633276	Speaker	stop	None
2016-09-27 15:05:39.634417	Trial	end	133
2016-09-27 15:05:42.209428	Trial	start	134
2016-09-27 15:05:42.211965	Speaker	play	None
2016-09-27 15:05:42.277088	Speaker	stop	None
2016-09-27 15:05:42.278188	Trial	end	134
2016-09-27 15:05:42.279500	Trial	start	135
2016-09-27 15:05:42.281550	Speaker	play	None
2016-09-27 15:05:48.285214	Speaker	stop	None
2016-09-27 15:05:48.286538	Trial	end	135
2016-09-27 15:06:13.155772	Trial	start	136
2016-09-27 15:06:13.158932	Speaker	play	None
2016-09-27 15:06:13.225577	Speaker	stop	None
2016-09-27 15:06:13.226541	Trial	end	136
2016-09-27 15:06:13.230738	Trial	start	137
2016-09-27 15:06:13.235479	Speaker	play	None
2016-09-27 15:06:13.334620	Speaker	stop	None
2016-09-27 15:06:13.338640	Trial	end	137
2016-09-27 15:06:13.341164	Trial	start	138
2016-09-27 15:06:13.344174	Speaker	play	None
2016-09-27 15:06:19.559315	Speaker	stop	None
2016-09-27 15:06:19.562351	Hopper	up	None
2016-09-27 15:06:31.564191	Hopper	down	None
2016-09-27 15:06:31.870800	Trial	end	138
2016-09-27 15:07:40.099643	Trial	start	139
2016-09-27 15:07:40.102305	Speaker	play	None
2016-09-27 15:07:46.313609	Speaker	stop	None
2016-09-27 15:07:46.315512	Hopper	up	None
2016-09-27 15:07:58.319416	Hopper	down	None
2016-09-27 15:07:58.626062	Trial	end	139
2016-09-27 15:08:32.140153	Trial	start	140
2016-09-27 15:08:32.143742	Speaker	play	None
2016-09-27 15:08:32.194204	Speaker	stop	None
2016-09-27 15:08:32.196102	Trial	end	140
2016-09-27 15:08:32.200447	Trial	start	141
2016-09-27 15:08:32.203212	Speaker	play	None
2016-09-27 15:08:32.324754	Speaker	stop	None
2016-09-27 15:08:32.325786	Trial	end	141
2016-09-27 15:08:32.327207	Trial	start	142
2016-09-27 15:08:32.330736	Speaker	play	None
2016-09-27 15:08:38.341893	Speaker	stop	None
2016-09-27 15:08:38.343847	Trial	end	142
2016-09-27 15:08:45.039267	Trial	start	143
2016-09-27 15:08:45.044080	Speaker	play	None
2016-09-27 15:08:45.100321	Speaker	stop	None
2016-09-27 15:08:45.101551	Trial	end	143
2016-09-27 15:08:45.103034	Trial	start	144
2016-09-27 15:08:45.105685	Speaker	play	None
2016-09-27 15:08:45.162603	Speaker	stop	None
2016-09-27 15:08:45.164454	Trial	end	144
2016-09-27 15:08:45.165886	Trial	start	145
2016-09-27 15:08:45.168676	Speaker	play	None
2016-09-27 15:08:45.994175	Speaker	stop	None
2016-09-27 15:08:45.995698	Trial	end	145
2016-09-27 15:08:45.996957	Trial	start	146
2016-09-27 15:08:45.999531	Speaker	play	None
2016-09-27 15:08:46.067074	Speaker	stop	None
2016-09-27 15:08:46.068384	Trial	end	146
2016-09-27 15:08:46.070472	Trial	start	147
2016-09-27 15:08:46.074879	Speaker	play	None
2016-09-27 15:08:46.120503	Speaker	stop	None
2016-09-27 15:08:46.122169	Trial	end	147
2016-09-27 15:08:46.124423	Trial	start	148
2016-09-27 15:08:46.129929	Speaker	play	None
2016-09-27 15:08:52.137703	Speaker	stop	None
2016-09-27 15:08:52.138722	Trial	end	148
2016-09-27 15:08:54.938850	Trial	start	149
2016-09-27 15:08:54.941222	Speaker	play	None
2016-09-27 15:08:55.004486	Speaker	stop	None
2016-09-27 15:08:55.005422	Trial	end	149
2016-09-27 15:08:55.006658	Trial	start	150
2016-09-27 15:08:55.008771	Speaker	play	None
2016-09-27 15:09:01.011539	Speaker	stop	None
2016-09-27 15:09:01.012583	Trial	end	150
2016-09-27 15:09:26.974834	Trial	start	151
2016-09-27 15:09:26.979094	Speaker	play	None
2016-09-27 15:09:27.035843	Speaker	stop	None
2016-09-27 15:09:27.036743	Trial	end	151
2016-09-27 15:09:27.039334	Trial	start	152
2016-09-27 15:09:27.042182	Speaker	play	None
2016-09-27 15:09:33.044459	Speaker	stop	None
2016-09-27 15:09:33.045881	Trial	end	152
2016-09-27 15:09:40.810608	Trial	start	153
2016-09-27 15:09:40.813879	Speaker	play	None
2016-09-27 15:09:40.873194	Speaker	stop	None
2016-09-27 15:09:40.874827	Trial	end	153
2016-09-27 15:09:40.876254	Trial	start	154
2016-09-27 15:09:40.879090	Speaker	play	None
2016-09-27 15:09:40.991475	Speaker	stop	None
2016-09-27 15:09:40.992364	Trial	end	154
2016-09-27 15:09:40.994267	Trial	start	155
2016-09-27 15:09:40.997613	Speaker	play	None
2016-09-27 15:09:47.208743	Speaker	stop	None
2016-09-27 15:09:47.212804	Hopper	up	None
2016-09-27 15:09:59.218279	Hopper	down	None
2016-09-27 15:09:59.525069	Trial	end	155
2016-09-27 15:11:03.074849	Trial	start	156
2016-09-27 15:11:03.077759	Speaker	play	None
2016-09-27 15:11:03.128262	Speaker	stop	None
2016-09-27 15:11:03.129295	Trial	end	156
2016-09-27 15:11:03.130867	Trial	start	157
2016-09-27 15:11:03.134592	Speaker	play	None
2016-09-27 15:11:03.218655	Speaker	stop	None
2016-09-27 15:11:03.219860	Trial	end	157
2016-09-27 15:11:03.221355	Trial	start	158
2016-09-27 15:11:03.224298	Speaker	play	None
2016-09-27 15:11:09.227354	Speaker	stop	None
2016-09-27 15:11:09.228293	Trial	end	158
2016-09-27 15:11:29.921033	Trial	start	159
2016-09-27 15:11:29.927051	Speaker	play	None
2016-09-27 15:11:29.986579	Speaker	stop	None
2016-09-27 15:11:29.989601	Trial	end	159
2016-09-27 15:11:29.993744	Trial	start	160
2016-09-27 15:11:29.996627	Speaker	play	None
2016-09-27 15:11:30.063651	Speaker	stop	None
2016-09-27 15:11:30.064648	Trial	end	160
2016-09-27 15:11:30.066221	Trial	start	161
2016-09-27 15:11:30.069761	Speaker	play	None
2016-09-27 15:11:31.059139	Speaker	stop	None
2016-09-27 15:11:31.060564	Trial	end	161
2016-09-27 15:11:31.061877	Trial	start	162
2016-09-27 15:11:31.064457	Speaker	play	None
2016-09-27 15:11:31.136916	Speaker	stop	None
2016-09-27 15:11:31.138526	Trial	end	162
2016-09-27 15:11:31.141245	Trial	start	163
2016-09-27 15:11:31.145670	Speaker	play	None
2016-09-27 15:11:31.194212	Speaker	stop	None
2016-09-27 15:11:31.195325	Trial	end	163
2016-09-27 15:11:31.196734	Trial	start	164
2016-09-27 15:11:31.205029	Speaker	play	None
2016-09-27 15:11:37.211506	Speaker	stop	None
2016-09-27 15:11:37.214088	Trial	end	164
2016-09-27 15:11:41.810849	Trial	start	165
2016-09-27 15:11:41.815216	Speaker	play	None
2016-09-27 15:11:42.028699	Speaker	stop	None
2016-09-27 15:11:42.031258	Trial	end	165
2016-09-27 15:11:42.032749	Trial	start	166
2016-09-27 15:11:42.036306	Speaker	play	None
2016-09-27 15:11:42.220594	Speaker	stop	None
2016-09-27 15:11:42.221611	Trial	end	166
2016-09-27 15:11:42.222970	Trial	start	167
2016-09-27 15:11:42.225615	Speaker	play	None
2016-09-27 15:11:43.323381	Speaker	stop	None
2016-09-27 15:11:43.325455	Trial	end	167
2016-09-27 15:11:43.326840	Trial	start	168
2016-09-27 15:11:43.330578	Speaker	play	None
2016-09-27 15:11:43.384564	Speaker	stop	None
2016-09-27 15:11:43.386951	Trial	end	168
2016-09-27 15:11:43.388291	Trial	start	169
2016-09-27 15:11:43.390993	Speaker	play	None
2016-09-27 15:11:49.606047	Speaker	stop	None
2016-09-27 15:11:49.607975	Hopper	up	None
2016-09-27 15:12:01.611164	Hopper	down	None
2016-09-27 15:12:01.918069	Trial	end	169
2016-09-27 15:12:37.712870	Trial	start	170
2016-09-27 15:12:37.715025	Speaker	play	None
2016-09-27 15:12:37.774687	Speaker	stop	None
2016-09-27 15:12:37.775855	Trial	end	170
2016-09-27 15:12:37.779026	Trial	start	171
2016-09-27 15:12:37.781258	Speaker	play	None
2016-09-27 15:12:37.835907	Speaker	stop	None
2016-09-27 15:12:37.836818	Trial	end	171
2016-09-27 15:12:37.837941	Trial	start	172
2016-09-27 15:12:37.843182	Speaker	play	None
2016-09-27 15:12:37.938626	Speaker	play	None
2016-09-27 15:12:37.940146	Trial	end	172
2016-09-27 15:12:37.942009	Trial	start	173
2016-09-27 15:12:37.947727	Speaker	play	None
2016-09-27 15:12:44.160235	Speaker	stop	None
2016-09-27 15:12:44.162514	Hopper	up	None
2016-09-27 15:12:56.165445	Hopper	down	None
2016-09-27 15:12:56.468573	Trial	end	173
2016-09-27 15:13:53.566376	Trial	start	174
2016-09-27 15:13:53.569777	Speaker	play	None
2016-09-27 15:13:53.627969	Speaker	stop	None
2016-09-27 15:13:53.628978	Trial	end	174
2016-09-27 15:13:53.630358	Trial	start	175
2016-09-27 15:13:53.633450	Speaker	play	None
2016-09-27 15:13:53.693894	Speaker	stop	None
2016-09-27 15:13:53.695254	Trial	end	175
2016-09-27 15:13:53.698399	Trial	start	176
2016-09-27 15:13:53.702781	Speaker	play	None
2016-09-27 15:13:54.398193	Speaker	stop	None
2016-09-27 15:13:54.399131	Trial	end	176
2016-09-27 15:13:54.401181	Trial	start	177
2016-09-27 15:13:54.404112	Speaker	play	None
2016-09-27 15:13:54.459325	Speaker	stop	None
2016-09-27 15:13:54.460314	Trial	end	177
2016-09-27 15:13:54.461945	Trial	start	178
2016-09-27 15:13:54.464697	Speaker	play	None
2016-09-27 15:13:54.537472	Speaker	stop	None
2016-09-27 15:13:54.539284	Trial	end	178
2016-09-27 15:13:54.541796	Trial	start	179
2016-09-27 15:13:54.543873	Speaker	play	None
2016-09-27 15:13:54.619432	Speaker	stop	None
2016-09-27 15:13:54.621254	Trial	end	179
2016-09-27 15:13:54.623528	Trial	start	180
2016-09-27 15:13:54.627720	Speaker	play	None
2016-09-27 15:13:54.696913	Speaker	stop	None
2016-09-27 15:13:54.697933	Trial	end	180
2016-09-27 15:13:54.699197	Trial	start	181
2016-09-27 15:13:54.703159	Speaker	play	None
2016-09-27 15:14:00.914468	Speaker	stop	None
2016-09-27 15:14:00.915633	Hopper	up	None
2016-09-27 15:14:12.920234	Hopper	down	None
2016-09-27 15:14:13.226841	Trial	end	181
2016-09-27 15:15:36.616388	Trial	start	182
2016-09-27 15:15:36.619385	Speaker	play	None
2016-09-27 15:15:36.706791	Speaker	stop	None
2016-09-27 15:15:36.707742	Trial	end	182
2016-09-27 15:15:36.708987	Trial	start	183
2016-09-27 15:15:36.711852	Speaker	play	None
2016-09-27 15:15:37.046763	Speaker	stop	None
2016-09-27 15:15:37.047769	Trial	end	183
2016-09-27 15:15:37.049031	Trial	start	184
2016-09-27 15:15:37.052148	Speaker	play	None
2016-09-27 15:15:37.104209	Speaker	stop	None
2016-09-27 15:15:37.105969	Trial	end	184
2016-09-27 15:15:37.107346	Trial	start	185
2016-09-27 15:15:37.110122	Speaker	play	None
2016-09-27 15:15:37.157435	Speaker	stop	None
2016-09-27 15:15:37.158544	Trial	end	185
2016-09-27 15:15:37.159822	Trial	start	186
2016-09-27 15:15:37.162657	Speaker	play	None
2016-09-27 15:15:43.374778	Speaker	stop	None
2016-09-27 15:15:43.376148	Hopper	up	None
2016-09-27 15:15:55.380237	Hopper	down	None
2016-09-27 15:15:55.683055	Trial	end	186
2016-09-27 15:17:37.815268	Trial	start	187
2016-09-27 15:17:37.817615	Speaker	play	None
2016-09-27 15:17:37.884947	Speaker	stop	None
2016-09-27 15:17:37.886123	Trial	end	187
2016-09-27 15:17:37.887328	Trial	start	188
2016-09-27 15:17:37.890942	Speaker	play	None
2016-09-27 15:17:37.959179	Speaker	stop	None
2016-09-27 15:17:37.960207	Trial	end	188
2016-09-27 15:17:37.961626	Trial	start	189
2016-09-27 15:17:37.964509	Speaker	play	None
2016-09-27 15:17:39.192058	Speaker	stop	None
2016-09-27 15:17:39.192927	Trial	end	189
2016-09-27 15:17:39.194073	Trial	start	190
2016-09-27 15:17:39.196479	Speaker	play	None
2016-09-27 15:17:39.248908	Speaker	stop	None
2016-09-27 15:17:39.249769	Trial	end	190
2016-09-27 15:17:39.250971	Trial	start	191
2016-09-27 15:17:39.252973	Speaker	play	None
2016-09-27 15:17:39.315236	Speaker	stop	None
2016-09-27 15:17:39.316223	Trial	end	191
2016-09-27 15:17:39.318145	Trial	start	192
2016-09-27 15:17:39.320482	Speaker	play	None
2016-09-27 15:17:45.532199	Speaker	stop	None
2016-09-27 15:17:45.533779	Hopper	up	None
2016-09-27 15:17:57.537181	Hopper	down	None
2016-09-27 15:17:57.839990	Trial	end	192
2016-09-27 16:28:30.890932	PeckPort	off	None
2016-09-27 16:28:30.891550	HouseLight	on	None
2016-09-27 16:28:30.892543	Hopper	down	None
