"2017-02-20 10:31:35,785","INFO","Preparing subject and data storage"
"2017-02-20 10:31:35,786","INFO","Created subject object with name LblGra3039M"
"2017-02-20 10:31:35,786","INFO","Created datastore CSVStore: filename = /home/fet/data/LblGra3039M/200217/LblGra3039M_trialdata_20170220103135.csv, fields = session, index, time, stimulus_name, condition_name, response, correct, rt, reward, max_wait for subject LblGra3039M"
"2017-02-20 10:31:35,786","INFO","Preparing to run experiment Go No-Go Interruption"
"2017-02-20 10:31:36,093","INFO","Entering Idle state"
"2017-02-20 10:31:36,397","INFO","Beginning block #1"
"2017-02-20 10:32:33,050","INFO","Trial 1 - 10:32:33 - Unrewarded - /home/fet/stimuli/shaping_categories_box2/nonreward/SO_Stim_10.wav"
"2017-02-20 10:32:45,579","INFO","Trial 2 - 10:32:45 - Unrewarded - /home/fet/stimuli/shaping_categories_box2/nonreward/DC_Stim_7.wav"
"2017-02-20 10:32:45,634","INFO","Trial 3 - 10:32:45 - Unrewarded - /home/fet/stimuli/shaping_categories_box2/nonreward/DC_Stim_8.wav"
"2017-02-20 10:32:56,760","INFO","Trial 4 - 10:32:56 - Unrewarded - /home/fet/stimuli/shaping_categories_box2/nonreward/AG_Stim_12.wav"
"2017-02-20 10:32:56,803","INFO","Trial 5 - 10:32:56 - Unrewarded - /home/fet/stimuli/shaping_categories_box2/nonreward/AG_Stim_11.wav"
"2017-02-20 10:32:57,704","INFO","Trial 6 - 10:32:57 - Unrewarded - /home/fet/stimuli/shaping_categories_box2/nonreward/WH_Stim_2.wav"
"2017-02-20 10:32:57,745","INFO","Trial 7 - 10:32:57 - Rewarded - /home/fet/stimuli/shaping_categories_box2/reward/TE_Stim_2.wav"
"2017-02-20 10:33:03,752","INFO","Supplying reward for 12.00 seconds"
"2017-02-20 10:34:37,104","INFO","Trial 8 - 10:34:37 - Unrewarded - /home/fet/stimuli/shaping_categories_box2/nonreward/NC_Stim_12.wav"
"2017-02-20 10:34:37,146","INFO","Trial 9 - 10:34:37 - Rewarded - /home/fet/stimuli/shaping_categories_box2/reward/TE_Stim_1.wav"
"2017-02-20 10:34:43,154","INFO","Supplying reward for 12.00 seconds"
"2017-02-20 10:36:21,231","INFO","Trial 10 - 10:36:21 - Unrewarded - /home/fet/stimuli/shaping_categories_box2/nonreward/DI_Stim_10.wav"
"2017-02-20 10:36:25,345","INFO","Trial 11 - 10:36:25 - Unrewarded - /home/fet/stimuli/shaping_categories_box2/nonreward/TH_Stim_2.wav"
"2017-02-20 10:36:25,398","INFO","Trial 12 - 10:36:25 - Unrewarded - /home/fet/stimuli/shaping_categories_box2/nonreward/WH_Stim_1.wav"
"2017-02-20 10:36:26,271","INFO","Trial 13 - 10:36:26 - Unrewarded - /home/fet/stimuli/shaping_categories_box2/nonreward/DI_Stim_12.wav"
"2017-02-20 10:36:26,323","INFO","Trial 14 - 10:36:26 - Unrewarded - /home/fet/stimuli/shaping_categories_box2/nonreward/TH_Stim_1.wav"
"2017-02-20 10:36:35,112","INFO","Trial 15 - 10:36:35 - Unrewarded - /home/fet/stimuli/shaping_categories_box2/nonreward/SO_Stim_11.wav"
"2017-02-20 10:36:42,211","INFO","Trial 16 - 10:36:42 - Rewarded - /home/fet/stimuli/shaping_categories_box2/reward/TE_Stim_1.wav"
"2017-02-20 10:36:42,260","INFO","Trial 17 - 10:36:42 - Rewarded - /home/fet/stimuli/shaping_categories_box2/reward/TE_Stim_2.wav"
"2017-02-20 10:36:48,268","INFO","Supplying reward for 12.00 seconds"
"2017-02-20 10:38:49,143","INFO","Trial 18 - 10:38:49 - Unrewarded - /home/fet/stimuli/shaping_categories_box2/nonreward/NC_Stim_17.wav"
"2017-02-20 10:38:50,165","INFO","Trial 19 - 10:38:50 - Unrewarded - /home/fet/stimuli/shaping_categories_box2/nonreward/DI_Stim_12.wav"
"2017-02-20 10:38:50,214","INFO","Trial 20 - 10:38:50 - Unrewarded - /home/fet/stimuli/shaping_categories_box2/nonreward/DC_Stim_7.wav"
"2017-02-20 10:39:26,011","INFO","Trial 21 - 10:39:26 - Unrewarded - /home/fet/stimuli/shaping_categories_box2/nonreward/DC_Stim_8.wav"
"2017-02-20 10:39:26,066","INFO","Trial 22 - 10:39:26 - Rewarded - /home/fet/stimuli/shaping_categories_box2/reward/TE_Stim_2.wav"
"2017-02-20 10:39:32,073","INFO","Supplying reward for 12.00 seconds"
"2017-02-20 10:41:13,750","INFO","Trial 23 - 10:41:13 - Unrewarded - /home/fet/stimuli/shaping_categories_box2/nonreward/AG_Stim_11.wav"
"2017-02-20 10:41:13,804","INFO","Trial 24 - 10:41:13 - Unrewarded - /home/fet/stimuli/shaping_categories_box2/nonreward/SO_Stim_10.wav"
"2017-02-20 10:41:14,762","INFO","Trial 25 - 10:41:14 - Unrewarded - /home/fet/stimuli/shaping_categories_box2/nonreward/WH_Stim_1.wav"
"2017-02-20 10:41:14,815","INFO","Trial 26 - 10:41:14 - Unrewarded - /home/fet/stimuli/shaping_categories_box2/nonreward/DI_Stim_10.wav"
"2017-02-20 10:41:25,262","INFO","Trial 27 - 10:41:25 - Unrewarded - /home/fet/stimuli/shaping_categories_box2/nonreward/WH_Stim_2.wav"
"2017-02-20 10:41:38,446","INFO","Trial 28 - 10:41:38 - Unrewarded - /home/fet/stimuli/shaping_categories_box2/nonreward/TH_Stim_2.wav"
"2017-02-20 10:41:51,363","INFO","Trial 29 - 10:41:51 - Rewarded - /home/fet/stimuli/shaping_categories_box2/reward/TE_Stim_1.wav"
"2017-02-20 10:41:57,372","INFO","Supplying reward for 12.00 seconds"
"2017-02-20 10:43:50,349","INFO","Trial 30 - 10:43:50 - Rewarded - /home/fet/stimuli/shaping_categories_box2/reward/TE_Stim_2.wav"
"2017-02-20 10:43:50,404","INFO","Trial 31 - 10:43:50 - Rewarded - /home/fet/stimuli/shaping_categories_box2/reward/TE_Stim_1.wav"
"2017-02-20 10:43:56,412","INFO","Supplying reward for 12.00 seconds"
"2017-02-20 10:46:39,590","INFO","Trial 32 - 10:46:39 - Unrewarded - /home/fet/stimuli/shaping_categories_box2/nonreward/TH_Stim_1.wav"
"2017-02-20 10:47:29,643","INFO","Trial 33 - 10:47:29 - Unrewarded - /home/fet/stimuli/shaping_categories_box2/nonreward/AG_Stim_12.wav"
"2017-02-20 10:47:30,615","INFO","Trial 34 - 10:47:30 - Unrewarded - /home/fet/stimuli/shaping_categories_box2/nonreward/NC_Stim_17.wav"
"2017-02-20 10:48:05,637","INFO","Trial 35 - 10:48:05 - Unrewarded - /home/fet/stimuli/shaping_categories_box2/nonreward/SO_Stim_11.wav"
"2017-02-20 10:48:06,616","INFO","Trial 36 - 10:48:06 - Unrewarded - /home/fet/stimuli/shaping_categories_box2/nonreward/NC_Stim_12.wav"
"2017-02-20 10:48:32,373","INFO","Trial 37 - 10:48:32 - Unrewarded - /home/fet/stimuli/shaping_categories_box2/nonreward/DC_Stim_8.wav"
"2017-02-20 10:48:45,807","INFO","Trial 38 - 10:48:45 - Unrewarded - /home/fet/stimuli/shaping_categories_box2/nonreward/WH_Stim_1.wav"
"2017-02-20 10:49:38,801","INFO","Trial 39 - 10:49:38 - Rewarded - /home/fet/stimuli/shaping_categories_box2/reward/TE_Stim_1.wav"
"2017-02-20 10:49:44,806","INFO","Supplying reward for 12.00 seconds"
"2017-02-20 12:57:54,237","INFO","Trial 40 - 12:57:54 - Unrewarded - /home/fet/stimuli/shaping_categories_box2/nonreward/AG_Stim_11.wav"
"2017-02-20 12:58:46,301","INFO","Trial 41 - 12:58:46 - Unrewarded - /home/fet/stimuli/shaping_categories_box2/nonreward/NC_Stim_17.wav"
"2017-02-20 12:58:56,659","INFO","Trial 42 - 12:58:56 - Unrewarded - /home/fet/stimuli/shaping_categories_box2/nonreward/NC_Stim_12.wav"
"2017-02-20 12:58:58,225","INFO","Trial 43 - 12:58:58 - Unrewarded - /home/fet/stimuli/shaping_categories_box2/nonreward/DI_Stim_12.wav"
"2017-02-20 12:59:05,735","INFO","Trial 44 - 12:59:05 - Unrewarded - /home/fet/stimuli/shaping_categories_box2/nonreward/SO_Stim_11.wav"
"2017-02-20 12:59:25,718","INFO","Trial 45 - 12:59:25 - Unrewarded - /home/fet/stimuli/shaping_categories_box2/nonreward/WH_Stim_2.wav"
"2017-02-20 12:59:50,071","INFO","Trial 46 - 12:59:50 - Rewarded - /home/fet/stimuli/shaping_categories_box2/reward/TE_Stim_2.wav"
"2017-02-20 12:59:56,076","INFO","Supplying reward for 12.00 seconds"
"2017-02-20 13:01:20,025","INFO","Trial 47 - 13:01:20 - Unrewarded - /home/fet/stimuli/shaping_categories_box2/nonreward/DC_Stim_7.wav"
"2017-02-20 13:01:32,758","INFO","Trial 48 - 13:01:32 - Unrewarded - /home/fet/stimuli/shaping_categories_box2/nonreward/SO_Stim_10.wav"
"2017-02-20 13:01:32,817","INFO","Trial 49 - 13:01:32 - Unrewarded - /home/fet/stimuli/shaping_categories_box2/nonreward/DI_Stim_10.wav"
"2017-02-20 13:01:33,771","INFO","Trial 50 - 13:01:33 - Unrewarded - /home/fet/stimuli/shaping_categories_box2/nonreward/TH_Stim_1.wav"
"2017-02-20 13:01:33,816","INFO","Trial 51 - 13:01:33 - Unrewarded - /home/fet/stimuli/shaping_categories_box2/nonreward/TH_Stim_2.wav"
"2017-02-20 13:01:44,304","INFO","Trial 52 - 13:01:44 - Unrewarded - /home/fet/stimuli/shaping_categories_box2/nonreward/AG_Stim_12.wav"
"2017-02-20 13:01:57,779","INFO","Trial 53 - 13:01:57 - Unrewarded - /home/fet/stimuli/shaping_categories_box2/nonreward/SO_Stim_10.wav"
"2017-02-20 13:01:58,603","INFO","Trial 54 - 13:01:58 - Unrewarded - /home/fet/stimuli/shaping_categories_box2/nonreward/DI_Stim_12.wav"
"2017-02-20 13:01:58,656","INFO","Trial 55 - 13:01:58 - Unrewarded - /home/fet/stimuli/shaping_categories_box2/nonreward/SO_Stim_11.wav"
"2017-02-20 13:01:59,919","INFO","Trial 56 - 13:01:59 - Rewarded - /home/fet/stimuli/shaping_categories_box2/reward/TE_Stim_1.wav"
"2017-02-20 13:02:05,926","INFO","Supplying reward for 12.00 seconds"
"2017-02-20 13:04:26,519","INFO","Trial 57 - 13:04:26 - Unrewarded - /home/fet/stimuli/shaping_categories_box2/nonreward/DI_Stim_10.wav"
"2017-02-20 13:04:26,561","INFO","Trial 58 - 13:04:26 - Rewarded - /home/fet/stimuli/shaping_categories_box2/reward/TE_Stim_2.wav"
"2017-02-20 13:04:32,569","INFO","Supplying reward for 12.00 seconds"
"2017-02-20 13:07:04,675","INFO","Trial 59 - 13:07:04 - Unrewarded - /home/fet/stimuli/shaping_categories_box2/nonreward/TH_Stim_2.wav"
"2017-02-20 13:07:22,467","INFO","Trial 60 - 13:07:22 - Unrewarded - /home/fet/stimuli/shaping_categories_box2/nonreward/DC_Stim_8.wav"
"2017-02-20 13:07:23,632","INFO","Trial 61 - 13:07:23 - Unrewarded - /home/fet/stimuli/shaping_categories_box2/nonreward/AG_Stim_12.wav"
"2017-02-20 13:07:36,069","INFO","Trial 62 - 13:07:36 - Unrewarded - /home/fet/stimuli/shaping_categories_box2/nonreward/NC_Stim_12.wav"
"2017-02-20 13:07:36,123","INFO","Trial 63 - 13:07:36 - Unrewarded - /home/fet/stimuli/shaping_categories_box2/nonreward/NC_Stim_17.wav"
"2017-02-20 13:07:36,911","INFO","Trial 64 - 13:07:36 - Unrewarded - /home/fet/stimuli/shaping_categories_box2/nonreward/DC_Stim_7.wav"
"2017-02-20 13:07:59,673","INFO","Trial 65 - 13:07:59 - Unrewarded - /home/fet/stimuli/shaping_categories_box2/nonreward/AG_Stim_11.wav"
"2017-02-20 13:08:00,833","INFO","Trial 66 - 13:08:00 - Unrewarded - /home/fet/stimuli/shaping_categories_box2/nonreward/WH_Stim_1.wav"
"2017-02-20 13:08:22,277","INFO","Trial 67 - 13:08:22 - Rewarded - /home/fet/stimuli/shaping_categories_box2/reward/TE_Stim_1.wav"
"2017-02-20 13:08:23,011","INFO","Trial 68 - 13:08:23 - Unrewarded - /home/fet/stimuli/shaping_categories_box2/nonreward/TH_Stim_1.wav"
"2017-02-20 13:08:33,291","INFO","Trial 69 - 13:08:33 - Unrewarded - /home/fet/stimuli/shaping_categories_box2/nonreward/WH_Stim_2.wav"
"2017-02-20 13:08:34,145","INFO","Trial 70 - 13:08:34 - Unrewarded - /home/fet/stimuli/shaping_categories_box2/nonreward/DI_Stim_12.wav"
"2017-02-20 13:08:44,185","INFO","Trial 71 - 13:08:44 - Unrewarded - /home/fet/stimuli/shaping_categories_box2/nonreward/NC_Stim_17.wav"
"2017-02-20 13:08:59,970","INFO","Trial 72 - 13:08:59 - Rewarded - /home/fet/stimuli/shaping_categories_box2/reward/TE_Stim_2.wav"
"2017-02-20 13:09:05,979","INFO","Supplying reward for 12.00 seconds"
"2017-02-20 13:18:17,496","INFO","Trial 73 - 13:18:17 - Unrewarded - /home/fet/stimuli/shaping_categories_box2/nonreward/AG_Stim_11.wav"
"2017-02-20 13:18:38,138","INFO","Trial 74 - 13:18:38 - Unrewarded - /home/fet/stimuli/shaping_categories_box2/nonreward/SO_Stim_10.wav"
"2017-02-20 15:04:35,828","INFO","Trial 75 - 15:04:35 - Unrewarded - /home/fet/stimuli/shaping_categories_box2/nonreward/DI_Stim_10.wav"
"2017-02-20 15:04:36,714","INFO","Trial 76 - 15:04:36 - Unrewarded - /home/fet/stimuli/shaping_categories_box2/nonreward/TH_Stim_2.wav"
"2017-02-20 15:04:46,444","INFO","Trial 77 - 15:04:46 - Unrewarded - /home/fet/stimuli/shaping_categories_box2/nonreward/SO_Stim_11.wav"
"2017-02-20 15:04:47,310","INFO","Trial 78 - 15:04:47 - Unrewarded - /home/fet/stimuli/shaping_categories_box2/nonreward/DC_Stim_8.wav"
"2017-02-20 15:04:51,483","INFO","Trial 79 - 15:04:51 - Unrewarded - /home/fet/stimuli/shaping_categories_box2/nonreward/AG_Stim_12.wav"
"2017-02-20 15:04:51,537","INFO","Trial 80 - 15:04:51 - Unrewarded - /home/fet/stimuli/shaping_categories_box2/nonreward/DC_Stim_7.wav"
"2017-02-20 15:05:01,418","INFO","Trial 81 - 15:05:01 - Unrewarded - /home/fet/stimuli/shaping_categories_box2/nonreward/WH_Stim_2.wav"
"2017-02-20 15:05:05,368","INFO","Trial 82 - 15:05:05 - Unrewarded - /home/fet/stimuli/shaping_categories_box2/nonreward/TH_Stim_1.wav"
"2017-02-20 15:05:21,037","INFO","Trial 83 - 15:05:21 - Unrewarded - /home/fet/stimuli/shaping_categories_box2/nonreward/WH_Stim_1.wav"
"2017-02-20 15:05:21,091","INFO","Trial 84 - 15:05:21 - Unrewarded - /home/fet/stimuli/shaping_categories_box2/nonreward/NC_Stim_12.wav"
"2017-02-20 15:05:26,789","INFO","Trial 85 - 15:05:26 - Unrewarded - /home/fet/stimuli/shaping_categories_box2/nonreward/AG_Stim_12.wav"
"2017-02-20 15:05:27,735","INFO","Trial 86 - 15:05:27 - Unrewarded - /home/fet/stimuli/shaping_categories_box2/nonreward/NC_Stim_12.wav"
"2017-02-20 15:05:28,846","INFO","Trial 87 - 15:05:28 - Unrewarded - /home/fet/stimuli/shaping_categories_box2/nonreward/TH_Stim_2.wav"
"2017-02-20 15:05:28,898","INFO","Trial 88 - 15:05:28 - Unrewarded - /home/fet/stimuli/shaping_categories_box2/nonreward/DI_Stim_10.wav"
"2017-02-20 15:05:55,060","INFO","Trial 89 - 15:05:55 - Unrewarded - /home/fet/stimuli/shaping_categories_box2/nonreward/WH_Stim_2.wav"
"2017-02-20 15:05:55,115","INFO","Trial 90 - 15:05:55 - Unrewarded - /home/fet/stimuli/shaping_categories_box2/nonreward/SO_Stim_11.wav"
"2017-02-20 15:05:55,987","INFO","Trial 91 - 15:05:55 - Unrewarded - /home/fet/stimuli/shaping_categories_box2/nonreward/SO_Stim_10.wav"
"2017-02-20 15:06:08,920","INFO","Trial 92 - 15:06:08 - Unrewarded - /home/fet/stimuli/shaping_categories_box2/nonreward/TH_Stim_1.wav"
"2017-02-20 15:06:20,253","INFO","Trial 93 - 15:06:20 - Unrewarded - /home/fet/stimuli/shaping_categories_box2/nonreward/DC_Stim_7.wav"
"2017-02-20 15:06:20,299","INFO","Trial 94 - 15:06:20 - Unrewarded - /home/fet/stimuli/shaping_categories_box2/nonreward/DI_Stim_12.wav"
"2017-02-20 15:06:21,160","INFO","Trial 95 - 15:06:21 - Unrewarded - /home/fet/stimuli/shaping_categories_box2/nonreward/NC_Stim_17.wav"
"2017-02-20 15:06:21,213","INFO","Trial 96 - 15:06:21 - Unrewarded - /home/fet/stimuli/shaping_categories_box2/nonreward/AG_Stim_11.wav"
"2017-02-20 15:06:28,400","INFO","Trial 97 - 15:06:28 - Rewarded - /home/fet/stimuli/shaping_categories_box2/reward/TE_Stim_2.wav"
"2017-02-20 15:06:28,450","INFO","Trial 98 - 15:06:28 - Unrewarded - /home/fet/stimuli/shaping_categories_box2/nonreward/DC_Stim_8.wav"
"2017-02-20 15:06:38,471","INFO","Trial 99 - 15:06:38 - Rewarded - /home/fet/stimuli/shaping_categories_box2/reward/TE_Stim_1.wav"
"2017-02-20 15:06:44,476","INFO","Supplying reward for 12.00 seconds"
"2017-02-20 15:09:54,435","INFO","Trial 100 - 15:09:54 - Rewarded - /home/fet/stimuli/shaping_categories_box2/reward/TE_Stim_1.wav"
"2017-02-20 15:10:00,444","INFO","Supplying reward for 12.00 seconds"
"2017-02-20 15:12:45,095","INFO","Trial 101 - 15:12:45 - Unrewarded - /home/fet/stimuli/shaping_categories_box2/nonreward/WH_Stim_1.wav"
"2017-02-20 15:12:55,843","INFO","Trial 102 - 15:12:55 - Unrewarded - /home/fet/stimuli/shaping_categories_box2/nonreward/TH_Stim_1.wav"
"2017-02-20 15:13:22,671","INFO","Trial 103 - 15:13:22 - Rewarded - /home/fet/stimuli/shaping_categories_box2/reward/TE_Stim_2.wav"
"2017-02-20 15:13:28,677","INFO","Supplying reward for 12.00 seconds"
"2017-02-20 15:16:20,587","INFO","Trial 104 - 15:16:20 - Unrewarded - /home/fet/stimuli/shaping_categories_box2/nonreward/AG_Stim_11.wav"
"2017-02-20 15:16:21,473","INFO","Trial 105 - 15:16:21 - Unrewarded - /home/fet/stimuli/shaping_categories_box2/nonreward/DC_Stim_7.wav"
"2017-02-20 15:16:26,163","INFO","Trial 106 - 15:16:26 - Unrewarded - /home/fet/stimuli/shaping_categories_box2/nonreward/DC_Stim_8.wav"
"2017-02-20 15:16:33,792","INFO","Trial 107 - 15:16:33 - Unrewarded - /home/fet/stimuli/shaping_categories_box2/nonreward/SO_Stim_10.wav"
"2017-02-20 15:17:00,702","INFO","Trial 108 - 15:17:00 - Rewarded - /home/fet/stimuli/shaping_categories_box2/reward/TE_Stim_1.wav"
"2017-02-20 15:17:06,707","INFO","Supplying reward for 12.00 seconds"
"2017-02-20 15:19:13,273","INFO","Trial 109 - 15:19:13 - Unrewarded - /home/fet/stimuli/shaping_categories_box2/nonreward/TH_Stim_2.wav"
"2017-02-20 15:19:15,241","INFO","Trial 110 - 15:19:15 - Unrewarded - /home/fet/stimuli/shaping_categories_box2/nonreward/AG_Stim_12.wav"
"2017-02-20 15:19:31,844","INFO","Trial 111 - 15:19:31 - Unrewarded - /home/fet/stimuli/shaping_categories_box2/nonreward/WH_Stim_1.wav"
"2017-02-20 15:19:43,280","INFO","Trial 112 - 15:19:43 - Unrewarded - /home/fet/stimuli/shaping_categories_box2/nonreward/DI_Stim_12.wav"
"2017-02-20 15:19:56,292","INFO","Trial 113 - 15:19:56 - Rewarded - /home/fet/stimuli/shaping_categories_box2/reward/TE_Stim_2.wav"
"2017-02-20 15:20:02,298","INFO","Supplying reward for 12.00 seconds"
"2017-02-20 15:21:41,093","INFO","Trial 114 - 15:21:41 - Unrewarded - /home/fet/stimuli/shaping_categories_box2/nonreward/SO_Stim_11.wav"
"2017-02-20 15:22:37,915","INFO","Trial 115 - 15:22:37 - Unrewarded - /home/fet/stimuli/shaping_categories_box2/nonreward/DI_Stim_10.wav"
"2017-02-20 15:23:02,711","INFO","Trial 116 - 15:23:02 - Unrewarded - /home/fet/stimuli/shaping_categories_box2/nonreward/NC_Stim_17.wav"
"2017-02-20 15:23:52,447","INFO","Trial 117 - 15:23:52 - Rewarded - /home/fet/stimuli/shaping_categories_box2/reward/TE_Stim_2.wav"
"2017-02-20 15:23:58,452","INFO","Supplying reward for 12.00 seconds"
"2017-02-20 15:25:11,787","INFO","Trial 118 - 15:25:11 - Unrewarded - /home/fet/stimuli/shaping_categories_box2/nonreward/NC_Stim_12.wav"
"2017-02-20 15:25:39,463","INFO","Trial 119 - 15:25:39 - Unrewarded - /home/fet/stimuli/shaping_categories_box2/nonreward/WH_Stim_2.wav"
"2017-02-20 15:25:53,040","INFO","Trial 120 - 15:25:53 - Unrewarded - /home/fet/stimuli/shaping_categories_box2/nonreward/DI_Stim_12.wav"
"2017-02-20 15:26:06,691","INFO","Trial 121 - 15:26:06 - Rewarded - /home/fet/stimuli/shaping_categories_box2/reward/TE_Stim_1.wav"
"2017-02-20 15:26:12,700","INFO","Supplying reward for 12.00 seconds"
"2017-02-20 15:26:57,721","INFO","Trial 122 - 15:26:57 - Unrewarded - /home/fet/stimuli/shaping_categories_box2/nonreward/DC_Stim_7.wav"
"2017-02-20 15:30:06,190","INFO","Trial 123 - 15:30:06 - Rewarded - /home/fet/stimuli/shaping_categories_box2/reward/TE_Stim_1.wav"
"2017-02-20 15:30:12,199","INFO","Supplying reward for 12.00 seconds"
"2017-02-20 15:30:31,223","INFO","Trial 124 - 15:30:31 - Unrewarded - /home/fet/stimuli/shaping_categories_box2/nonreward/DI_Stim_10.wav"
"2017-02-20 15:31:02,368","INFO","Trial 125 - 15:31:02 - Rewarded - /home/fet/stimuli/shaping_categories_box2/reward/TE_Stim_2.wav"
"2017-02-20 15:31:08,373","INFO","Supplying reward for 12.00 seconds"
"2017-02-20 15:31:31,919","INFO","Trial 126 - 15:31:31 - Unrewarded - /home/fet/stimuli/shaping_categories_box2/nonreward/DC_Stim_8.wav"
"2017-02-20 15:31:48,470","INFO","Trial 127 - 15:31:48 - Rewarded - /home/fet/stimuli/shaping_categories_box2/reward/TE_Stim_2.wav"
"2017-02-20 15:31:54,475","INFO","Supplying reward for 12.00 seconds"
"2017-02-20 15:32:26,221","INFO","Trial 128 - 15:32:26 - Rewarded - /home/fet/stimuli/shaping_categories_box2/reward/TE_Stim_1.wav"
"2017-02-20 15:32:26,276","INFO","Trial 129 - 15:32:26 - Unrewarded - /home/fet/stimuli/shaping_categories_box2/nonreward/AG_Stim_11.wav"
"2017-02-20 17:32:25,838","INFO","Trial 130 - 17:32:25 - Unrewarded - /home/fet/stimuli/shaping_categories_box2/nonreward/TH_Stim_1.wav"
"2017-02-20 17:32:26,241","INFO","Trial 131 - 17:32:26 - Rewarded - /home/fet/stimuli/shaping_categories_box2/reward/TE_Stim_2.wav"
"2017-02-20 17:32:26,290","INFO","Trial 132 - 17:32:26 - Unrewarded - /home/fet/stimuli/shaping_categories_box2/nonreward/SO_Stim_10.wav"
"2017-02-20 17:32:27,241","INFO","Trial 133 - 17:32:27 - Unrewarded - /home/fet/stimuli/shaping_categories_box2/nonreward/NC_Stim_12.wav"
"2017-02-20 17:32:27,294","INFO","Trial 134 - 17:32:27 - Unrewarded - /home/fet/stimuli/shaping_categories_box2/nonreward/AG_Stim_12.wav"
"2017-02-20 17:32:35,582","INFO","Trial 135 - 17:32:35 - Rewarded - /home/fet/stimuli/shaping_categories_box2/reward/TE_Stim_1.wav"
"2017-02-20 17:32:35,632","INFO","Trial 136 - 17:32:35 - Unrewarded - /home/fet/stimuli/shaping_categories_box2/nonreward/TH_Stim_2.wav"
"2017-02-20 17:32:48,274","INFO","Trial 137 - 17:32:48 - Unrewarded - /home/fet/stimuli/shaping_categories_box2/nonreward/WH_Stim_2.wav"
"2017-02-20 17:32:48,316","INFO","Trial 138 - 17:32:48 - Unrewarded - /home/fet/stimuli/shaping_categories_box2/nonreward/SO_Stim_11.wav"
"2017-02-20 17:32:49,284","INFO","Trial 139 - 17:32:49 - Unrewarded - /home/fet/stimuli/shaping_categories_box2/nonreward/NC_Stim_17.wav"
"2017-02-20 17:32:49,328","INFO","Trial 140 - 17:32:49 - Unrewarded - /home/fet/stimuli/shaping_categories_box2/nonreward/WH_Stim_1.wav"
"2017-02-20 17:32:59,685","INFO","Trial 141 - 17:32:59 - Rewarded - /home/fet/stimuli/shaping_categories_box2/reward/TE_Stim_1.wav"
"2017-02-20 17:33:05,697","INFO","Supplying reward for 12.00 seconds"
"2017-02-20 17:35:50,280","INFO","Finishing session 1 at Mon Feb 20 17:35:50 2017"
"2017-02-20 17:35:50,280","INFO","Finished all sessions."
"2017-02-20 17:35:50,587","INFO","Exiting Session state"
"2017-02-20 17:35:50,588","INFO","Finishing experiment"
"2017-02-20 17:35:50,895","INFO","Exiting Idle state"
