"2016-11-09 08:40:07,357","INFO","Preparing subject and data storage"
"2016-11-09 08:40:07,357","INFO","Created subject object with name LblGra2826F"
"2016-11-09 08:40:07,358","INFO","Created datastore CSVStore: filename = /home/fet/data/LblGra2826F/091116/LblGra2826F_trialdata_20161109084007.csv, fields = session, index, time, stimulus_name, condition_name, response, correct, rt, reward, max_wait for subject LblGra2826F"
"2016-11-09 08:40:07,358","INFO","Preparing to run experiment Go No-Go Interruption"
"2016-11-09 08:40:07,664","INFO","Entering Idle state"
"2016-11-09 08:40:07,968","INFO","Beginning block #1"
"2016-11-09 08:45:23,006","INFO","Trial 1 - 08:45:23 - Unrewarded - /home/fet/stimuli/test_categories_box5/nonreward/DC_Stim_10_YelGre5275_101322112544.wav"
"2016-11-09 08:45:26,813","INFO","Trial 2 - 08:45:26 - Unrewarded - /home/fet/stimuli/test_categories_box5/nonreward/So_Stim_4_WhiBlu5698_083124.wav"
"2016-11-09 08:45:42,141","INFO","Trial 3 - 08:45:42 - Unrewarded - /home/fet/stimuli/test_categories_box5/nonreward/Th_Stim_1_BlaBla0506_050302040103.wav"
"2016-11-09 08:45:55,870","INFO","Trial 4 - 08:45:55 - Unrewarded - /home/fet/stimuli/test_categories_box5/nonreward/Te_Stim_1_YelOra2575_161505240402.wav"
"2016-11-09 08:46:00,176","INFO","Trial 5 - 08:46:00 - Unrewarded - /home/fet/stimuli/test_categories_box5/nonreward/So_Stim_2_GraLbl0457_140701.wav"
"2016-11-09 08:46:09,272","INFO","Trial 6 - 08:46:09 - Unrewarded - /home/fet/stimuli/test_categories_box5/nonreward/So_Stim_1_WhiBlu4818_220409.wav"
"2016-11-09 08:46:18,671","INFO","Trial 7 - 08:46:18 - Unrewarded - /home/fet/stimuli/test_categories_box5/nonreward/Ag_Stim_7_LblRed0613_271004261125.wav"
"2016-11-09 08:46:30,995","INFO","Trial 8 - 08:46:30 - Unrewarded - /home/fet/stimuli/test_categories_box5/nonreward/Ne_Stim_4_LblBla4419_106005422255.wav"
"2016-11-09 08:46:41,849","INFO","Trial 9 - 08:46:41 - Unrewarded - /home/fet/stimuli/test_categories_box5/nonreward/Ne_Stim_4_PurRas20dd_010303060203.wav"
"2016-11-09 08:46:51,618","INFO","Trial 10 - 08:46:51 - Unrewarded - /home/fet/stimuli/test_categories_box5/nonreward/DC_Stim_5_WhiBlu4917_080520220918.wav"
"2016-11-09 08:47:00,145","INFO","Trial 11 - 08:47:00 - Unrewarded - /home/fet/stimuli/test_categories_box5/nonreward/Ag_Stim_2_GraLbl0457_190905061112.wav"
"2016-11-09 08:47:08,931","INFO","Trial 12 - 08:47:08 - Unrewarded - /home/fet/stimuli/test_categories_box5/nonreward/Be_Stim_3_LblBlu2028_01_020703.wav"
"2016-11-09 08:47:16,938","INFO","Trial 13 - 08:47:16 - Unrewarded - /home/fet/stimuli/test_categories_box5/nonreward/DC_Stim_4_LblBla4548_120604344213.wav"
"2016-11-09 08:47:27,619","INFO","Trial 14 - 08:47:27 - Unrewarded - /home/fet/stimuli/test_categories_box5/nonreward/Te_Stim_8_GreGre2522_053228243312.wav"
"2016-11-09 08:47:42,065","INFO","Trial 15 - 08:47:42 - Unrewarded - /home/fet/stimuli/test_categories_box5/nonreward/Ag_Stim_8_BluRas07dd_120824200905.wav"
"2016-11-09 08:47:51,768","INFO","Trial 16 - 08:47:51 - Unrewarded - /home/fet/stimuli/test_categories_box5/nonreward/Tu_Stim_2_HPiHPi4748_132507291421.wav"
"2016-11-09 08:48:01,668","INFO","Trial 17 - 08:48:01 - Rewarded - /home/fet/stimuli/test_categories_box5/reward/Di_Stim_6_YelOra2575_091111111109.wav"
"2016-11-09 08:48:07,677","INFO","Supplying reward for 12.00 seconds"
"2016-11-09 08:49:56,718","INFO","Trial 18 - 08:49:56 - Unrewarded - /home/fet/stimuli/test_categories_box5/nonreward/DC_Stim_4_GreOra1817_163226332702.wav"
"2016-11-09 08:50:05,950","INFO","Trial 19 - 08:50:05 - Unrewarded - /home/fet/stimuli/test_categories_box5/nonreward/LT_Stim_8_WhiBlu3615_020407030105.wav"
"2016-11-09 08:50:16,041","INFO","Trial 20 - 08:50:16 - Unrewarded - /home/fet/stimuli/test_categories_box5/nonreward/Wh_Stim_5_GraLbl0457_020401050405.wav"
"2016-11-09 08:50:25,458","INFO","Trial 21 - 08:50:25 - Unrewarded - /home/fet/stimuli/test_categories_box5/nonreward/Te_Stim_2_GreGre6364_172015020728.wav"
"2016-11-09 08:50:33,723","INFO","Trial 22 - 08:50:33 - Unrewarded - /home/fet/stimuli/test_categories_box5/nonreward/Wh_Stim_2_GraGra0201_040506020501.wav"
"2016-11-09 08:50:43,811","INFO","Trial 23 - 08:50:43 - Unrewarded - /home/fet/stimuli/test_categories_box5/nonreward/Te_Stim_4_BluRas61dd_132604211502.wav"
"2016-11-09 08:51:08,041","INFO","Trial 24 - 08:51:08 - Unrewarded - /home/fet/stimuli/test_categories_box5/nonreward/Th_Stim_9_Unknown_11_040602030508.wav"
"2016-11-09 08:51:18,375","INFO","Trial 25 - 08:51:18 - Rewarded - /home/fet/stimuli/test_categories_box5/reward/Di_Stim_5_PurRas20dd_040101010401.wav"
"2016-11-09 08:51:24,386","INFO","Supplying reward for 12.00 seconds"
"2016-11-09 08:52:59,192","INFO","Trial 26 - 08:52:59 - Unrewarded - /home/fet/stimuli/test_categories_box5/nonreward/Te_Stim_8_BluRas61dd_201512130206.wav"
"2016-11-09 08:53:09,080","INFO","Trial 27 - 08:53:09 - Unrewarded - /home/fet/stimuli/test_categories_box5/nonreward/Ag_Stim_4_WhiGra0114_010101010101.wav"
"2016-11-09 08:53:19,847","INFO","Trial 28 - 08:53:19 - Unrewarded - /home/fet/stimuli/test_categories_box5/nonreward/Wh_Stim_9_GraLbl0457_020105040205.wav"
"2016-11-09 08:53:33,339","INFO","Trial 29 - 08:53:33 - Unrewarded - /home/fet/stimuli/test_categories_box5/nonreward/Ne_Stim_5_LblBla4419_112748194457.wav"
"2016-11-09 08:53:44,938","INFO","Trial 30 - 08:53:44 - Rewarded - /home/fet/stimuli/test_categories_box5/reward/Di_Stim_8_WhiBlu4818_060606060606.wav"
"2016-11-09 08:53:50,947","INFO","Supplying reward for 12.00 seconds"
"2016-11-09 08:55:12,428","INFO","Trial 31 - 08:55:12 - Rewarded - /home/fet/stimuli/test_categories_box5/reward/Di_Stim_8_PurRas20dd_010404010101.wav"
"2016-11-09 08:55:18,433","INFO","Supplying reward for 12.00 seconds"
"2016-11-09 08:57:05,160","INFO","Trial 32 - 08:57:05 - Unrewarded - /home/fet/stimuli/test_categories_box5/nonreward/Ne_Stim_9_HPiHPi4748_094127330125.wav"
"2016-11-09 08:57:14,408","INFO","Trial 33 - 08:57:14 - Unrewarded - /home/fet/stimuli/test_categories_box5/nonreward/Ne_Stim_7_WhiWhi1415_080607051004.wav"
"2016-11-09 08:57:25,786","INFO","Trial 34 - 08:57:25 - Unrewarded - /home/fet/stimuli/test_categories_box5/nonreward/Tu_Stim_9_GraLbl0457_031211161302.wav"
"2016-11-09 08:57:35,972","INFO","Trial 35 - 08:57:35 - Unrewarded - /home/fet/stimuli/test_categories_box5/nonreward/Th_Stim_6_HPiHPi4748_090427181108.wav"
"2016-11-09 08:57:45,163","INFO","Trial 36 - 08:57:45 - Unrewarded - /home/fet/stimuli/test_categories_box5/nonreward/Be_Stim_6_LblGre0001_0403_0206.wav"
"2016-11-09 08:57:54,190","INFO","Trial 37 - 08:57:54 - Unrewarded - /home/fet/stimuli/test_categories_box5/nonreward/Ne_Stim_8_LblBla4548_310905270444.wav"
"2016-11-09 08:58:06,723","INFO","Trial 38 - 08:58:06 - Rewarded - /home/fet/stimuli/test_categories_box5/reward/Di_Stim_10_WhiBlu4818_060606060606.wav"
"2016-11-09 08:58:12,732","INFO","Supplying reward for 12.00 seconds"
"2016-11-09 08:59:46,058","INFO","Trial 39 - 08:59:46 - Unrewarded - /home/fet/stimuli/test_categories_box5/nonreward/Ag_Stim_4_GraGra0201_080205150604.wav"
"2016-11-09 08:59:56,195","INFO","Trial 40 - 08:59:56 - Unrewarded - /home/fet/stimuli/test_categories_box5/nonreward/Be_Stim_8_GraGre0813_070116.wav"
"2016-11-09 09:00:06,201","INFO","Trial 41 - 09:00:06 - Unrewarded - /home/fet/stimuli/test_categories_box5/nonreward/So_Stim_6_LblBla4419_010905.wav"
"2016-11-09 09:00:16,469","INFO","Trial 42 - 09:00:16 - Unrewarded - /home/fet/stimuli/test_categories_box5/nonreward/Be_Stim_8_LblBlu6243_10_011607_02.wav"
"2016-11-09 09:00:28,617","INFO","Trial 43 - 09:00:28 - Unrewarded - /home/fet/stimuli/test_categories_box5/nonreward/So_Stim_5_WhiBlu5698_252430.wav"
"2016-11-09 09:00:41,465","INFO","Trial 44 - 09:00:41 - Unrewarded - /home/fet/stimuli/test_categories_box5/nonreward/Wh_Stim_8_WhiRas44dd_030102030203.wav"
"2016-11-09 09:00:52,070","INFO","Trial 45 - 09:00:52 - Unrewarded - /home/fet/stimuli/test_categories_box5/nonreward/DC_Stim_5_GreOra1817_093133010210.wav"
"2016-11-09 09:01:04,525","INFO","Trial 46 - 09:01:04 - Unrewarded - /home/fet/stimuli/test_categories_box5/nonreward/Tu_Stim_7_YelOra2575_120514231628.wav"
"2016-11-09 09:01:15,649","INFO","Trial 47 - 09:01:15 - Unrewarded - /home/fet/stimuli/test_categories_box5/nonreward/Te_Stim_1_GreWhi1242_150925192404.wav"
"2016-11-09 09:01:24,549","INFO","Trial 48 - 09:01:24 - Unrewarded - /home/fet/stimuli/test_categories_box5/nonreward/Wh_Stim_3_LblBla4419_100305040116.wav"
"2016-11-09 09:01:34,845","INFO","Trial 49 - 09:01:34 - Unrewarded - /home/fet/stimuli/test_categories_box5/nonreward/So_Stim_9_YelOra2575_020910.wav"
"2016-11-09 09:01:41,714","INFO","Trial 50 - 09:01:41 - Unrewarded - /home/fet/stimuli/test_categories_box5/nonreward/LT_Stim_1_LblGre0000_071211090417.wav"
"2016-11-09 09:01:53,600","INFO","Trial 51 - 09:01:53 - Unrewarded - /home/fet/stimuli/test_categories_box5/nonreward/Ne_Stim_10_LblBla4548_171829014738.wav"
"2016-11-09 09:02:03,803","INFO","Trial 52 - 09:02:03 - Unrewarded - /home/fet/stimuli/test_categories_box5/nonreward/Te_Stim_5_GreGre6364_071809290806.wav"
"2016-11-09 09:02:12,646","INFO","Trial 53 - 09:02:12 - Unrewarded - /home/fet/stimuli/test_categories_box5/nonreward/Wh_Stim_1_WhiRas44dd_010203010102.wav"
"2016-11-09 09:02:22,456","INFO","Trial 54 - 09:02:22 - Unrewarded - /home/fet/stimuli/test_categories_box5/nonreward/Wh_Stim_8_LblRed0613_282707263938.wav"
"2016-11-09 09:02:32,027","INFO","Trial 55 - 09:02:32 - Unrewarded - /home/fet/stimuli/test_categories_box5/nonreward/Ag_Stim_8_BluRas61dd_021209151103.wav"
"2016-11-09 09:02:41,951","INFO","Trial 56 - 09:02:41 - Unrewarded - /home/fet/stimuli/test_categories_box5/nonreward/Tu_Stim_7_GreOra1817_140406121709.wav"
"2016-11-09 09:03:01,225","INFO","Trial 57 - 09:03:01 - Unrewarded - /home/fet/stimuli/test_categories_box5/nonreward/Ne_Stim_6_Unknown00F_020101010102.wav"
"2016-11-09 09:03:15,159","INFO","Trial 58 - 09:03:15 - Unrewarded - /home/fet/stimuli/test_categories_box5/nonreward/Ne_Stim_4_BluRas07dd_190805210112.wav"
"2016-11-09 09:03:26,853","INFO","Trial 59 - 09:03:26 - Unrewarded - /home/fet/stimuli/test_categories_box5/nonreward/Be_Stim_10_LblGre0001_080710.wav"
"2016-11-09 09:03:37,178","INFO","Trial 60 - 09:03:37 - Unrewarded - /home/fet/stimuli/test_categories_box5/nonreward/So_Stim_8_WhiBlu5698_022431.wav"
"2016-11-09 09:03:48,548","INFO","Trial 61 - 09:03:48 - Unrewarded - /home/fet/stimuli/test_categories_box5/nonreward/Te_Stim_2_YelGre5275_022532261122.wav"
"2016-11-09 09:04:00,487","INFO","Trial 62 - 09:04:00 - Unrewarded - /home/fet/stimuli/test_categories_box5/nonreward/LT_Stim_4_WhiBlu3414_171420030812.wav"
"2016-11-09 09:04:12,799","INFO","Trial 63 - 09:04:12 - Unrewarded - /home/fet/stimuli/test_categories_box5/nonreward/Tu_Stim_6_GraGra0201_030819040211.wav"
"2016-11-09 09:04:26,188","INFO","Trial 64 - 09:04:26 - Unrewarded - /home/fet/stimuli/test_categories_box5/nonreward/Tu_Stim_3_HPiHPi4748_100406052118.wav"
"2016-11-09 09:04:38,807","INFO","Trial 65 - 09:04:38 - Unrewarded - /home/fet/stimuli/test_categories_box5/nonreward/Tu_Stim_3_GraLbl0457_131415121116.wav"
"2016-11-09 09:04:51,709","INFO","Trial 66 - 09:04:51 - Unrewarded - /home/fet/stimuli/test_categories_box5/nonreward/DC_Stim_9_Unknown00F_091824040807.wav"
"2016-11-09 09:05:07,883","INFO","Trial 67 - 09:05:07 - Rewarded - /home/fet/stimuli/test_categories_box5/reward/Di_Stim_6_WhiBlu4917_010101010101.wav"
"2016-11-09 09:05:13,892","INFO","Supplying reward for 12.00 seconds"
"2016-11-09 09:07:19,415","INFO","Trial 68 - 09:07:19 - Unrewarded - /home/fet/stimuli/test_categories_box5/nonreward/Be_Stim_4_LblBlu6379_01_0201_0302.wav"
"2016-11-09 09:07:29,838","INFO","Trial 69 - 09:07:29 - Unrewarded - /home/fet/stimuli/test_categories_box5/nonreward/LT_Stim_9_LblBlu1927_010101010101.wav"
"2016-11-09 09:07:39,490","INFO","Trial 70 - 09:07:39 - Unrewarded - /home/fet/stimuli/test_categories_box5/nonreward/DC_Stim_8_BluRas07dd_281913053124.wav"
"2016-11-09 09:07:46,594","INFO","Trial 71 - 09:07:46 - Unrewarded - /home/fet/stimuli/test_categories_box5/nonreward/Th_Stim_5_WhiWhi1415_262202043106.wav"
"2016-11-09 09:07:55,335","INFO","Trial 72 - 09:07:55 - Unrewarded - /home/fet/stimuli/test_categories_box5/nonreward/Ag_Stim_6_GreWhi1242_010101010101.wav"
"2016-11-09 09:08:05,189","INFO","Trial 73 - 09:08:05 - Rewarded - /home/fet/stimuli/test_categories_box5/reward/Di_Stim_6_BlaLbl8026_020103010202.wav"
"2016-11-09 09:08:11,198","INFO","Supplying reward for 12.00 seconds"
"2016-11-09 09:09:56,033","INFO","Trial 74 - 09:09:56 - Unrewarded - /home/fet/stimuli/test_categories_box5/nonreward/Th_Stim_6_Unknown000_020508010704.wav"
"2016-11-09 09:10:07,796","INFO","Trial 75 - 09:10:07 - Unrewarded - /home/fet/stimuli/test_categories_box5/nonreward/Be_Stim_2_LblGre0001_080511_03.wav"
"2016-11-09 09:10:18,523","INFO","Trial 76 - 09:10:18 - Unrewarded - /home/fet/stimuli/test_categories_box5/nonreward/Wh_Stim_4_LblBla4419_050314110916.wav"
"2016-11-09 09:10:27,988","INFO","Trial 77 - 09:10:27 - Unrewarded - /home/fet/stimuli/test_categories_box5/nonreward/Ag_Stim_4_BluRas07dd_131215080924.wav"
"2016-11-09 09:10:37,478","INFO","Trial 78 - 09:10:37 - Unrewarded - /home/fet/stimuli/test_categories_box5/nonreward/Ne_Stim_1_Unknown000_010101010101.wav"
"2016-11-09 09:10:48,143","INFO","Trial 79 - 09:10:48 - Unrewarded - /home/fet/stimuli/test_categories_box5/nonreward/Be_Stim_5_LblBlu6680_01_0104_0105_03.wav"
"2016-11-09 09:11:10,719","INFO","Trial 80 - 09:11:10 - Unrewarded - /home/fet/stimuli/test_categories_box5/nonreward/Ag_Stim_3_BluRas07dd_240908132012.wav"
"2016-11-09 09:11:33,611","INFO","Trial 81 - 09:11:33 - Unrewarded - /home/fet/stimuli/test_categories_box5/nonreward/Te_Stim_3_YelGre5275_270911051223.wav"
"2016-11-09 09:11:43,588","INFO","Trial 82 - 09:11:43 - Rewarded - /home/fet/stimuli/test_categories_box5/reward/Di_Stim_9_WhiLbl0010_040404040404.wav"
"2016-11-09 09:11:49,597","INFO","Supplying reward for 12.00 seconds"
"2016-11-09 09:13:39,400","INFO","Trial 83 - 09:13:39 - Unrewarded - /home/fet/stimuli/test_categories_box5/nonreward/Ag_Stim_3_BluRas61dd_111209041817.wav"
"2016-11-09 09:13:50,466","INFO","Trial 84 - 09:13:50 - Unrewarded - /home/fet/stimuli/test_categories_box5/nonreward/Ag_Stim_4_BlaLbl8026_062320242103.wav"
"2016-11-09 09:14:00,161","INFO","Trial 85 - 09:14:00 - Unrewarded - /home/fet/stimuli/test_categories_box5/nonreward/Ag_Stim_6_GraLbl0457_191211070609.wav"
"2016-11-09 09:14:10,855","INFO","Trial 86 - 09:14:10 - Rewarded - /home/fet/stimuli/test_categories_box5/reward/Di_Stim_5_WhiBlu4818_060606060606.wav"
"2016-11-09 09:14:16,865","INFO","Supplying reward for 12.00 seconds"
"2016-11-09 09:16:04,988","INFO","Trial 87 - 09:16:04 - Unrewarded - /home/fet/stimuli/test_categories_box5/nonreward/DC_Stim_2_LblBla4548_034904441008.wav"
"2016-11-09 09:16:14,973","INFO","Trial 88 - 09:16:14 - Unrewarded - /home/fet/stimuli/test_categories_box5/nonreward/LT_Stim_9_LblBlu6680_222713262818.wav"
"2016-11-09 09:16:25,336","INFO","Trial 89 - 09:16:25 - Unrewarded - /home/fet/stimuli/test_categories_box5/nonreward/Tu_Stim_10_WhiLbl0010_020424010622.wav"
"2016-11-09 09:16:36,161","INFO","Trial 90 - 09:16:36 - Rewarded - /home/fet/stimuli/test_categories_box5/reward/Di_Stim_5_Unknown000_020101020101.wav"
"2016-11-09 09:16:42,171","INFO","Supplying reward for 12.00 seconds"
"2016-11-09 09:18:27,615","INFO","Trial 91 - 09:18:27 - Unrewarded - /home/fet/stimuli/test_categories_box5/nonreward/Ag_Stim_3_LblRed0613_250827010726.wav"
"2016-11-09 09:18:38,408","INFO","Trial 92 - 09:18:38 - Unrewarded - /home/fet/stimuli/test_categories_box5/nonreward/Ne_Stim_7_Unknown00F_020102010101.wav"
"2016-11-09 09:18:48,434","INFO","Trial 93 - 09:18:48 - Unrewarded - /home/fet/stimuli/test_categories_box5/nonreward/DC_Stim_4_Unknown00F_151107041906.wav"
"2016-11-09 09:18:58,915","INFO","Trial 94 - 09:18:58 - Unrewarded - /home/fet/stimuli/test_categories_box5/nonreward/Ag_Stim_6_WhiWhi1415_020202020202.wav"
"2016-11-09 09:19:10,002","INFO","Trial 95 - 09:19:10 - Unrewarded - /home/fet/stimuli/test_categories_box5/nonreward/So_Stim_6_GraLbl0457_120408.wav"
"2016-11-09 09:19:21,651","INFO","Trial 96 - 09:19:21 - Rewarded - /home/fet/stimuli/test_categories_box5/reward/Di_Stim_5_BlaLbl8026_010203010102.wav"
"2016-11-09 09:19:27,660","INFO","Supplying reward for 12.00 seconds"
"2016-11-09 09:21:33,379","INFO","Trial 97 - 09:21:33 - Unrewarded - /home/fet/stimuli/test_categories_box5/nonreward/Th_Stim_8_WhiBlu4818_010204050303.wav"
"2016-11-09 09:21:42,181","INFO","Trial 98 - 09:21:42 - Unrewarded - /home/fet/stimuli/test_categories_box5/nonreward/Be_Stim_6_LblBlu6243_07_0110_0209_01.wav"
"2016-11-09 09:21:53,236","INFO","Trial 99 - 09:21:53 - Unrewarded - /home/fet/stimuli/test_categories_box5/nonreward/Ne_Stim_8_Unknown00F_020101010202.wav"
"2016-11-09 09:22:03,438","INFO","Trial 100 - 09:22:03 - Unrewarded - /home/fet/stimuli/test_categories_box5/nonreward/Ag_Stim_7_BluRas07dd_171209150508.wav"
"2016-11-09 09:22:14,378","INFO","Trial 101 - 09:22:14 - Unrewarded - /home/fet/stimuli/test_categories_box5/nonreward/DC_Stim_8_LblBla4548_184334211242.wav"
"2016-11-09 09:22:23,040","INFO","Trial 102 - 09:22:23 - Unrewarded - /home/fet/stimuli/test_categories_box5/nonreward/Ag_Stim_10_BlaLbl8026_242003230604.wav"
"2016-11-09 09:22:33,715","INFO","Trial 103 - 09:22:33 - Unrewarded - /home/fet/stimuli/test_categories_box5/nonreward/Th_Stim_4_BlaBla0506_040503020101.wav"
"2016-11-09 09:22:46,439","INFO","Trial 104 - 09:22:46 - Unrewarded - /home/fet/stimuli/test_categories_box5/nonreward/Ne_Stim_7_LblBla4419_573518444617.wav"
"2016-11-09 09:22:58,227","INFO","Trial 105 - 09:22:58 - Unrewarded - /home/fet/stimuli/test_categories_box5/nonreward/DC_Stim_8_GreOra1817_160508153122.wav"
"2016-11-09 09:23:13,959","INFO","Trial 106 - 09:23:13 - Unrewarded - /home/fet/stimuli/test_categories_box5/nonreward/Ne_Stim_3_Unknown000_010101010101.wav"
"2016-11-09 09:23:26,910","INFO","Trial 107 - 09:23:26 - Unrewarded - /home/fet/stimuli/test_categories_box5/nonreward/LT_Stim_9_LblBlu2028_120605131003.wav"
"2016-11-09 09:23:38,943","INFO","Trial 108 - 09:23:38 - Unrewarded - /home/fet/stimuli/test_categories_box5/nonreward/Wh_Stim_5_BlaLbl8026_093207080732.wav"
"2016-11-09 09:23:54,274","INFO","Trial 109 - 09:23:54 - Unrewarded - /home/fet/stimuli/test_categories_box5/nonreward/Tu_Stim_6_GreOra1817_171208070611.wav"
"2016-11-09 09:23:54,832","INFO","Trial 110 - 09:23:54 - Unrewarded - /home/fet/stimuli/test_categories_box5/nonreward/Te_Stim_5_YelOra2575_182924120426.wav"
"2016-11-09 09:24:05,435","INFO","Trial 111 - 09:24:05 - Unrewarded - /home/fet/stimuli/test_categories_box5/nonreward/So_Stim_6_RedRas3600_040102.wav"
"2016-11-09 09:24:15,363","INFO","Trial 112 - 09:24:15 - Unrewarded - /home/fet/stimuli/test_categories_box5/nonreward/Te_Stim_9_GreWhi1242_231913121422.wav"
"2016-11-09 09:24:27,433","INFO","Trial 113 - 09:24:27 - Unrewarded - /home/fet/stimuli/test_categories_box5/nonreward/Tu_Stim_10_LblRed0613_020806050401.wav"
"2016-11-09 09:24:51,373","INFO","Trial 114 - 09:24:51 - Unrewarded - /home/fet/stimuli/test_categories_box5/nonreward/Ne_Stim_6_WhiWhi1415_080709051004.wav"
"2016-11-09 09:25:02,747","INFO","Trial 115 - 09:25:02 - Unrewarded - /home/fet/stimuli/test_categories_box5/nonreward/Ag_Stim_1_WhiGra0114_010101010101.wav"
"2016-11-09 09:25:13,920","INFO","Trial 116 - 09:25:13 - Unrewarded - /home/fet/stimuli/test_categories_box5/nonreward/LT_Stim_1_WhiBlu3513_010602040305.wav"
"2016-11-09 09:25:24,397","INFO","Trial 117 - 09:25:24 - Unrewarded - /home/fet/stimuli/test_categories_box5/nonreward/So_Stim_2_LblBla4548_311624.wav"
"2016-11-09 09:25:26,108","INFO","Trial 118 - 09:25:26 - Unrewarded - /home/fet/stimuli/test_categories_box5/nonreward/Wh_Stim_3_GraGra0201_010504020506.wav"
"2016-11-09 09:25:27,447","INFO","Trial 119 - 09:25:27 - Unrewarded - /home/fet/stimuli/test_categories_box5/nonreward/Te_Stim_8_WhiBlu4917_082316121722.wav"
"2016-11-09 09:25:58,699","INFO","Trial 120 - 09:25:58 - Unrewarded - /home/fet/stimuli/test_categories_box5/nonreward/Be_Stim_6_LblBlu1630_020404.wav"
"2016-11-09 09:26:26,956","INFO","Trial 121 - 09:26:26 - Unrewarded - /home/fet/stimuli/test_categories_box5/nonreward/Th_Stim_8_LblRed0613_171512131108.wav"
"2016-11-09 09:26:27,514","INFO","Trial 122 - 09:26:27 - Unrewarded - /home/fet/stimuli/test_categories_box5/nonreward/Be_Stim_2_LblBlu1630_040102.wav"
"2016-11-09 09:26:42,618","INFO","Trial 123 - 09:26:42 - Unrewarded - /home/fet/stimuli/test_categories_box5/nonreward/Te_Stim_1_GreGre6364_112028130403.wav"
"2016-11-09 09:26:53,578","INFO","Trial 124 - 09:26:53 - Unrewarded - /home/fet/stimuli/test_categories_box5/nonreward/So_Stim_2_HPiHPi4748_132315.wav"
"2016-11-09 09:27:03,965","INFO","Trial 125 - 09:27:03 - Unrewarded - /home/fet/stimuli/test_categories_box5/nonreward/Be_Stim_10_GraRas1500_050401.wav"
"2016-11-09 09:27:16,011","INFO","Trial 126 - 09:27:16 - Unrewarded - /home/fet/stimuli/test_categories_box5/nonreward/Th_Stim_10_BlaBla0506_010203050403.wav"
"2016-11-09 09:27:27,237","INFO","Trial 127 - 09:27:27 - Rewarded - /home/fet/stimuli/test_categories_box5/reward/Di_Stim_8_Unknown_11_020101020102.wav"
"2016-11-09 09:27:33,246","INFO","Supplying reward for 12.00 seconds"
"2016-11-09 09:30:12,698","INFO","Trial 128 - 09:30:12 - Unrewarded - /home/fet/stimuli/test_categories_box5/nonreward/Tu_Stim_1_BlaLbl8026_100508120711.wav"
"2016-11-09 09:30:23,212","INFO","Trial 129 - 09:30:23 - Unrewarded - /home/fet/stimuli/test_categories_box5/nonreward/Wh_Stim_6_HPiHPi4748_301321230327.wav"
"2016-11-09 09:30:29,005","INFO","Trial 130 - 09:30:29 - Unrewarded - /home/fet/stimuli/test_categories_box5/nonreward/So_Stim_6_BlaBla0506_081206.wav"
"2016-11-09 09:30:33,994","INFO","Trial 131 - 09:30:33 - Rewarded - /home/fet/stimuli/test_categories_box5/reward/Di_Stim_2_BlaLbl8026_020103030302.wav"
"2016-11-09 09:30:34,749","INFO","Trial 132 - 09:30:34 - Unrewarded - /home/fet/stimuli/test_categories_box5/nonreward/Be_Stim_1_LblBlu6243_191502.wav"
"2016-11-09 09:30:44,613","INFO","Trial 133 - 09:30:44 - Unrewarded - /home/fet/stimuli/test_categories_box5/nonreward/So_Stim_7_RedRas3600_060402.wav"
"2016-11-09 09:30:51,629","INFO","Trial 134 - 09:30:51 - Unrewarded - /home/fet/stimuli/test_categories_box5/nonreward/Te_Stim_3_BluRas61dd_200805140601.wav"
"2016-11-09 09:30:51,983","INFO","Trial 135 - 09:30:51 - Unrewarded - /home/fet/stimuli/test_categories_box5/nonreward/Wh_Stim_10_LblBla4548_150114050911.wav"
"2016-11-09 09:30:59,550","INFO","Trial 136 - 09:30:59 - Unrewarded - /home/fet/stimuli/test_categories_box5/nonreward/So_Stim_10_YelGre5275_353032.wav"
"2016-11-09 09:31:09,281","INFO","Trial 137 - 09:31:09 - Unrewarded - /home/fet/stimuli/test_categories_box5/nonreward/DC_Stim_1_WhiBlu5698_030612230708.wav"
"2016-11-09 09:31:19,398","INFO","Trial 138 - 09:31:19 - Unrewarded - /home/fet/stimuli/test_categories_box5/nonreward/Wh_Stim_8_LblBla4419_150913181012.wav"
"2016-11-09 09:31:29,928","INFO","Trial 139 - 09:31:29 - Unrewarded - /home/fet/stimuli/test_categories_box5/nonreward/DC_Stim_5_YelGre5275_011929373316.wav"
"2016-11-09 09:31:30,570","INFO","Trial 140 - 09:31:30 - Unrewarded - /home/fet/stimuli/test_categories_box5/nonreward/DC_Stim_7_LblRed0613_353304383431.wav"
"2016-11-09 09:31:30,618","INFO","Trial 141 - 09:31:30 - Unrewarded - /home/fet/stimuli/test_categories_box5/nonreward/Th_Stim_8_WhiBlu4917_080503010702.wav"
"2016-11-09 09:31:43,068","INFO","Trial 142 - 09:31:43 - Unrewarded - /home/fet/stimuli/test_categories_box5/nonreward/DC_Stim_7_GraLbl0457_190832103106.wav"
"2016-11-09 09:31:43,110","INFO","Trial 143 - 09:31:43 - Unrewarded - /home/fet/stimuli/test_categories_box5/nonreward/So_Stim_2_BlaBla0506_061215.wav"
"2016-11-09 09:31:52,656","INFO","Trial 144 - 09:31:52 - Unrewarded - /home/fet/stimuli/test_categories_box5/nonreward/Th_Stim_10_WhiGra0114_080607010502.wav"
"2016-11-09 09:31:52,698","INFO","Trial 145 - 09:31:52 - Unrewarded - /home/fet/stimuli/test_categories_box5/nonreward/Ag_Stim_3_GreWhi1242_010101010101.wav"
"2016-11-09 09:31:53,500","INFO","Trial 146 - 09:31:53 - Unrewarded - /home/fet/stimuli/test_categories_box5/nonreward/Th_Stim_5_WhiBlu4917_090302080507.wav"
"2016-11-09 09:31:53,712","INFO","Trial 147 - 09:31:53 - Unrewarded - /home/fet/stimuli/test_categories_box5/nonreward/Ne_Stim_9_WhiWhi1415_090407080506.wav"
"2016-11-09 09:32:04,619","INFO","Trial 148 - 09:32:04 - Unrewarded - /home/fet/stimuli/test_categories_box5/nonreward/LT_Stim_10_LblBlu1630_130216100607.wav"
"2016-11-09 09:32:06,203","INFO","Trial 149 - 09:32:06 - Unrewarded - /home/fet/stimuli/test_categories_box5/nonreward/Wh_Stim_2_WhiRas44dd_010203020203.wav"
"2016-11-09 09:32:17,132","INFO","Trial 150 - 09:32:17 - Unrewarded - /home/fet/stimuli/test_categories_box5/nonreward/DC_Stim_3_BluRas07dd_212528311711.wav"
"2016-11-09 09:32:29,583","INFO","Trial 151 - 09:32:29 - Unrewarded - /home/fet/stimuli/test_categories_box5/nonreward/So_Stim_9_BlaBla0506_081206.wav"
"2016-11-09 09:32:40,462","INFO","Trial 152 - 09:32:40 - Unrewarded - /home/fet/stimuli/test_categories_box5/nonreward/LT_Stim_5_WhiBlu3513_060304020501.wav"
"2016-11-09 09:32:53,244","INFO","Trial 153 - 09:32:53 - Unrewarded - /home/fet/stimuli/test_categories_box5/nonreward/Be_Stim_9_WhiBlu0112_171012.wav"
"2016-11-09 09:33:07,965","INFO","Trial 154 - 09:33:07 - Unrewarded - /home/fet/stimuli/test_categories_box5/nonreward/Wh_Stim_5_LblBla4548_170601030211.wav"
"2016-11-09 09:33:17,680","INFO","Trial 155 - 09:33:17 - Unrewarded - /home/fet/stimuli/test_categories_box5/nonreward/Te_Stim_6_GreRas2400_120133303408.wav"
"2016-11-09 09:33:18,396","INFO","Trial 156 - 09:33:18 - Unrewarded - /home/fet/stimuli/test_categories_box5/nonreward/So_Stim_5_LblBla4548_472406.wav"
"2016-11-09 09:33:27,125","INFO","Trial 157 - 09:33:27 - Unrewarded - /home/fet/stimuli/test_categories_box5/nonreward/DC_Stim_4_GraLbl0457_262404283118.wav"
"2016-11-09 09:33:27,499","INFO","Trial 158 - 09:33:27 - Unrewarded - /home/fet/stimuli/test_categories_box5/nonreward/DC_Stim_3_YelGre5275_031911143521.wav"
"2016-11-09 09:33:38,368","INFO","Trial 159 - 09:33:38 - Unrewarded - /home/fet/stimuli/test_categories_box5/nonreward/Ag_Stim_10_WhiWhi1415_020202020202.wav"
"2016-11-09 09:33:49,897","INFO","Trial 160 - 09:33:49 - Unrewarded - /home/fet/stimuli/test_categories_box5/nonreward/Ne_Stim_10_GraGra0201_385130251905.wav"
"2016-11-09 09:34:03,446","INFO","Trial 161 - 09:34:03 - Unrewarded - /home/fet/stimuli/test_categories_box5/nonreward/Wh_Stim_9_BlaBla0506_021216100618.wav"
"2016-11-09 09:34:03,968","INFO","Trial 162 - 09:34:03 - Rewarded - /home/fet/stimuli/test_categories_box5/reward/Di_Stim_1_PurRas20dd_010404010101.wav"
"2016-11-09 09:34:09,976","INFO","Supplying reward for 12.00 seconds"
"2016-11-09 09:36:54,650","INFO","Trial 163 - 09:36:54 - Unrewarded - /home/fet/stimuli/test_categories_box5/nonreward/Wh_Stim_1_WhiWhi1415_010101010101.wav"
"2016-11-09 09:36:56,734","INFO","Trial 164 - 09:36:56 - Unrewarded - /home/fet/stimuli/test_categories_box5/nonreward/LT_Stim_4_LblBlu2028_090702031015.wav"
"2016-11-09 09:37:06,409","INFO","Trial 165 - 09:37:06 - Unrewarded - /home/fet/stimuli/test_categories_box5/nonreward/So_Stim_8_WhiBlu4818_040522.wav"
"2016-11-09 09:37:07,684","INFO","Trial 166 - 09:37:07 - Unrewarded - /home/fet/stimuli/test_categories_box5/nonreward/Wh_Stim_8_GreGre2522_030201030302.wav"
"2016-11-09 09:37:17,753","INFO","Trial 167 - 09:37:17 - Unrewarded - /home/fet/stimuli/test_categories_box5/nonreward/Ag_Stim_5_GreWhi1242_010101010101.wav"
"2016-11-09 09:37:27,404","INFO","Trial 168 - 09:37:27 - Unrewarded - /home/fet/stimuli/test_categories_box5/nonreward/DC_Stim_2_WhiBlu4917_190518092220.wav"
"2016-11-09 09:37:36,312","INFO","Trial 169 - 09:37:36 - Unrewarded - /home/fet/stimuli/test_categories_box5/nonreward/So_Stim_1_RedRas3600_050601.wav"
"2016-11-09 09:37:52,908","INFO","Trial 170 - 09:37:52 - Unrewarded - /home/fet/stimuli/test_categories_box5/nonreward/Ne_Stim_10_LblBla4419_244220574037.wav"
"2016-11-09 09:38:10,294","INFO","Trial 171 - 09:38:10 - Unrewarded - /home/fet/stimuli/test_categories_box5/nonreward/Tu_Stim_4_WhiRas44dd_121024162703.wav"
"2016-11-09 09:38:22,622","INFO","Trial 172 - 09:38:22 - Unrewarded - /home/fet/stimuli/test_categories_box5/nonreward/So_Stim_10_LblBla4419_020109.wav"
"2016-11-09 09:38:35,217","INFO","Trial 173 - 09:38:35 - Unrewarded - /home/fet/stimuli/test_categories_box5/nonreward/DC_Stim_1_GraLbl0457_091920212218.wav"
"2016-11-09 09:38:52,251","INFO","Trial 174 - 09:38:52 - Unrewarded - /home/fet/stimuli/test_categories_box5/nonreward/Wh_Stim_7_BlaLbl8026_083209070809.wav"
"2016-11-09 09:38:53,139","INFO","Trial 175 - 09:38:53 - Unrewarded - /home/fet/stimuli/test_categories_box5/nonreward/Be_Stim_5_LblBlu1630_04_a.0301.wav"
"2016-11-09 09:39:07,352","INFO","Trial 176 - 09:39:07 - Unrewarded - /home/fet/stimuli/test_categories_box5/nonreward/So_Stim_1_LblBla4548_292630.wav"
"2016-11-09 09:39:22,146","INFO","Trial 177 - 09:39:22 - Unrewarded - /home/fet/stimuli/test_categories_box5/nonreward/Tu_Stim_7_PurRas20dd_050804020103.wav"
"2016-11-09 09:39:38,267","INFO","Trial 178 - 09:39:38 - Unrewarded - /home/fet/stimuli/test_categories_box5/nonreward/DC_Stim_6_BlaLbl8026_051929232634.wav"
"2016-11-09 09:39:41,115","INFO","Trial 179 - 09:39:41 - Unrewarded - /home/fet/stimuli/test_categories_box5/nonreward/Te_Stim_4_PurRas20dd_112008102102.wav"
"2016-11-09 09:39:56,535","INFO","Trial 180 - 09:39:56 - Unrewarded - /home/fet/stimuli/test_categories_box5/nonreward/Be_Stim_10_GraGre0813_020901.wav"
"2016-11-09 09:40:09,084","INFO","Trial 181 - 09:40:09 - Unrewarded - /home/fet/stimuli/test_categories_box5/nonreward/DC_Stim_3_GraLbl0457_262703292102.wav"
"2016-11-09 09:40:23,996","INFO","Trial 182 - 09:40:23 - Unrewarded - /home/fet/stimuli/test_categories_box5/nonreward/Wh_Stim_8_GraGra0201_050506050201.wav"
"2016-11-09 09:40:34,605","INFO","Trial 183 - 09:40:34 - Unrewarded - /home/fet/stimuli/test_categories_box5/nonreward/Th_Stim_8_HPiHPi4748_021601230918.wav"
"2016-11-09 09:40:48,735","INFO","Trial 184 - 09:40:48 - Unrewarded - /home/fet/stimuli/test_categories_box5/nonreward/Wh_Stim_9_GreGre2522_020103010103.wav"
"2016-11-09 09:40:50,911","INFO","Trial 185 - 09:40:50 - Rewarded - /home/fet/stimuli/test_categories_box5/reward/Di_Stim_5_GraGra0201_010701070107.wav"
"2016-11-09 09:40:56,922","INFO","Supplying reward for 12.00 seconds"
"2016-11-09 09:44:15,195","INFO","Trial 186 - 09:44:15 - Unrewarded - /home/fet/stimuli/test_categories_box5/nonreward/Ag_Stim_10_GreWhi1242_010101010101.wav"
"2016-11-09 09:44:28,436","INFO","Trial 187 - 09:44:28 - Unrewarded - /home/fet/stimuli/test_categories_box5/nonreward/Tu_Stim_1_WhiLbl0010_221318242319.wav"
"2016-11-09 09:44:46,540","INFO","Trial 188 - 09:44:46 - Unrewarded - /home/fet/stimuli/test_categories_box5/nonreward/Be_Stim_8_WhiBlu0112_011512.wav"
"2016-11-09 09:44:56,906","INFO","Trial 189 - 09:44:56 - Unrewarded - /home/fet/stimuli/test_categories_box5/nonreward/Ne_Stim_5_LblBla4548_031901403207.wav"
"2016-11-09 09:45:10,619","INFO","Trial 190 - 09:45:10 - Unrewarded - /home/fet/stimuli/test_categories_box5/nonreward/Te_Stim_6_GreGre6364_222505152027.wav"
"2016-11-09 09:45:27,219","INFO","Trial 191 - 09:45:27 - Unrewarded - /home/fet/stimuli/test_categories_box5/nonreward/DC_Stim_6_GreOra1817_312715261705.wav"
"2016-11-09 09:45:43,737","INFO","Trial 192 - 09:45:43 - Unrewarded - /home/fet/stimuli/test_categories_box5/nonreward/So_Stim_1_YelGre5275_083317.wav"
"2016-11-09 09:45:55,119","INFO","Trial 193 - 09:45:55 - Unrewarded - /home/fet/stimuli/test_categories_box5/nonreward/Tu_Stim_1_WhiRas44dd_062113181905.wav"
"2016-11-09 09:46:09,893","INFO","Trial 194 - 09:46:09 - Rewarded - /home/fet/stimuli/test_categories_box5/reward/Di_Stim_2_WhiBlu4818_060606060606.wav"
"2016-11-09 09:46:15,902","INFO","Supplying reward for 12.00 seconds"
"2016-11-09 09:50:08,639","INFO","Trial 195 - 09:50:08 - Unrewarded - /home/fet/stimuli/test_categories_box5/nonreward/Be_Stim_5_WhiBlu0112_121407.wav"
"2016-11-09 09:50:21,353","INFO","Trial 196 - 09:50:21 - Unrewarded - /home/fet/stimuli/test_categories_box5/nonreward/Ag_Stim_2_BluRas61dd_181004120217.wav"
"2016-11-09 09:50:56,384","INFO","Trial 197 - 09:50:56 - Unrewarded - /home/fet/stimuli/test_categories_box5/nonreward/Ag_Stim_7_BlaBla0506_050409100712.wav"
"2016-11-09 09:51:10,646","INFO","Trial 198 - 09:51:10 - Unrewarded - /home/fet/stimuli/test_categories_box5/nonreward/Ag_Stim_7_WhiGra0114_010101010101.wav"
"2016-11-09 09:51:22,347","INFO","Trial 199 - 09:51:22 - Unrewarded - /home/fet/stimuli/test_categories_box5/nonreward/Ne_Stim_10_Unknown00F_020101010202.wav"
"2016-11-09 09:51:36,953","INFO","Trial 200 - 09:51:36 - Unrewarded - /home/fet/stimuli/test_categories_box5/nonreward/Te_Stim_5_YelGre5275_092815131117.wav"
"2016-11-09 09:51:52,082","INFO","Trial 201 - 09:51:52 - Unrewarded - /home/fet/stimuli/test_categories_box5/nonreward/Ag_Stim_7_BlaLbl8026_202202032421.wav"
"2016-11-09 09:52:06,246","INFO","Trial 202 - 09:52:06 - Unrewarded - /home/fet/stimuli/test_categories_box5/nonreward/Th_Stim_3_LblRed0613_091705121306.wav"
"2016-11-09 09:52:19,225","INFO","Trial 203 - 09:52:19 - Unrewarded - /home/fet/stimuli/test_categories_box5/nonreward/Th_Stim_4_WhiBlu4917_070502010809.wav"
"2016-11-09 09:52:37,546","INFO","Trial 204 - 09:52:37 - Unrewarded - /home/fet/stimuli/test_categories_box5/nonreward/Tu_Stim_7_HPiHPi4748_160226042214.wav"
"2016-11-09 09:52:51,537","INFO","Trial 205 - 09:52:51 - Unrewarded - /home/fet/stimuli/test_categories_box5/nonreward/Th_Stim_3_Unknown000_050906081103.wav"
"2016-11-09 09:53:05,463","INFO","Trial 206 - 09:53:05 - Unrewarded - /home/fet/stimuli/test_categories_box5/nonreward/Ag_Stim_9_LblRed0613_140708043527.wav"
"2016-11-09 09:53:19,925","INFO","Trial 207 - 09:53:19 - Unrewarded - /home/fet/stimuli/test_categories_box5/nonreward/So_Stim_5_LblRed0613_243133.wav"
"2016-11-09 09:53:21,553","INFO","Trial 208 - 09:53:21 - Unrewarded - /home/fet/stimuli/test_categories_box5/nonreward/Tu_Stim_7_LblRed0613_070608040102.wav"
"2016-11-09 09:56:10,887","INFO","Trial 209 - 09:56:10 - Unrewarded - /home/fet/stimuli/test_categories_box5/nonreward/DC_Stim_5_BluRas07dd_092728131815.wav"
"2016-11-09 09:57:56,439","INFO","Trial 210 - 09:57:56 - Rewarded - /home/fet/stimuli/test_categories_box5/reward/Di_Stim_4_PurRas20dd_040104040104.wav"
"2016-11-09 09:58:02,449","INFO","Supplying reward for 12.00 seconds"
"2016-11-09 10:33:53,139","INFO","Trial 211 - 10:33:53 - Unrewarded - /home/fet/stimuli/test_categories_box5/nonreward/So_Stim_5_GraLbl0457_090410.wav"
"2016-11-09 10:34:03,792","INFO","Trial 212 - 10:34:03 - Unrewarded - /home/fet/stimuli/test_categories_box5/nonreward/Th_Stim_2_WhiRas44dd_321518044050.wav"
"2016-11-09 10:34:15,080","INFO","Trial 213 - 10:34:15 - Unrewarded - /home/fet/stimuli/test_categories_box5/nonreward/So_Stim_2_WhiBlu4818_042211.wav"
"2016-11-09 10:34:17,540","INFO","Trial 214 - 10:34:17 - Unrewarded - /home/fet/stimuli/test_categories_box5/nonreward/Be_Stim_7_GraGre0813_041508.wav"
"2016-11-09 10:34:33,634","INFO","Trial 215 - 10:34:33 - Unrewarded - /home/fet/stimuli/test_categories_box5/nonreward/Ne_Stim_5_Unknown00F_020102010101.wav"
"2016-11-09 10:34:46,208","INFO","Trial 216 - 10:34:46 - Unrewarded - /home/fet/stimuli/test_categories_box5/nonreward/Tu_Stim_1_LblRed0613_010302040807.wav"
"2016-11-09 10:34:56,512","INFO","Trial 217 - 10:34:56 - Unrewarded - /home/fet/stimuli/test_categories_box5/nonreward/Te_Stim_1_WhiBlu4917_011511022422.wav"
"2016-11-09 10:35:08,689","INFO","Trial 218 - 10:35:08 - Unrewarded - /home/fet/stimuli/test_categories_box5/nonreward/Th_Stim_7_WhiBlu4917_050704090108.wav"
"2016-11-09 10:35:35,132","INFO","Trial 219 - 10:35:35 - Unrewarded - /home/fet/stimuli/test_categories_box5/nonreward/Be_Stim_4_LblGre0000_110812.wav"
"2016-11-09 10:35:47,579","INFO","Trial 220 - 10:35:47 - Unrewarded - /home/fet/stimuli/test_categories_box5/nonreward/DC_Stim_9_WhiBlu5698_231407061703.wav"
"2016-11-09 10:35:57,601","INFO","Trial 221 - 10:35:57 - Unrewarded - /home/fet/stimuli/test_categories_box5/nonreward/Tu_Stim_10_PurRas20dd_060907080204.wav"
"2016-11-09 10:36:10,531","INFO","Trial 222 - 10:36:10 - Rewarded - /home/fet/stimuli/test_categories_box5/reward/Di_Stim_8_GraGra0201_010701010107.wav"
"2016-11-09 10:36:16,540","INFO","Supplying reward for 12.00 seconds"
"2016-11-09 10:38:06,413","INFO","Trial 223 - 10:38:06 - Unrewarded - /home/fet/stimuli/test_categories_box5/nonreward/Wh_Stim_5_WhiWhi1415_010101010101.wav"
"2016-11-09 10:38:07,373","INFO","Trial 224 - 10:38:07 - Unrewarded - /home/fet/stimuli/test_categories_box5/nonreward/Ne_Stim_2_WhiWhi1415_071004080509.wav"
"2016-11-09 10:38:19,224","INFO","Trial 225 - 10:38:19 - Unrewarded - /home/fet/stimuli/test_categories_box5/nonreward/So_Stim_4_RedRas3600_040602.wav"
"2016-11-09 10:38:30,484","INFO","Trial 226 - 10:38:30 - Unrewarded - /home/fet/stimuli/test_categories_box5/nonreward/Wh_Stim_10_BlaLbl8026_073208090907.wav"
"2016-11-09 10:38:41,362","INFO","Trial 227 - 10:38:41 - Unrewarded - /home/fet/stimuli/test_categories_box5/nonreward/Th_Stim_5_WhiBlu4818_050304010201.wav"
"2016-11-09 10:38:51,626","INFO","Trial 228 - 10:38:51 - Unrewarded - /home/fet/stimuli/test_categories_box5/nonreward/Ne_Stim_1_HPiHPi4748_334612290110.wav"
"2016-11-09 10:39:03,045","INFO","Trial 229 - 10:39:03 - Unrewarded - /home/fet/stimuli/test_categories_box5/nonreward/Tu_Stim_3_WhiRas44dd_240623200405.wav"
"2016-11-09 10:39:15,222","INFO","Trial 230 - 10:39:15 - Unrewarded - /home/fet/stimuli/test_categories_box5/nonreward/Ag_Stim_1_GreWhi1242_010101010101.wav"
"2016-11-09 10:39:25,400","INFO","Trial 231 - 10:39:25 - Unrewarded - /home/fet/stimuli/test_categories_box5/nonreward/Te_Stim_3_YelOra2575_202602281917.wav"
"2016-11-09 10:39:34,836","INFO","Trial 232 - 10:39:34 - Unrewarded - /home/fet/stimuli/test_categories_box5/nonreward/So_Stim_9_YelGre5275_093617.wav"
"2016-11-09 10:39:44,146","INFO","Trial 233 - 10:39:44 - Unrewarded - /home/fet/stimuli/test_categories_box5/nonreward/Th_Stim_3_WhiGra0114_020108060705.wav"
"2016-11-09 10:40:07,111","INFO","Trial 234 - 10:40:07 - Unrewarded - /home/fet/stimuli/test_categories_box5/nonreward/Tu_Stim_3_BluRas61dd_010203040709.wav"
"2016-11-09 10:40:20,320","INFO","Trial 235 - 10:40:20 - Unrewarded - /home/fet/stimuli/test_categories_box5/nonreward/Th_Stim_1_WhiRas44dd_372334401308.wav"
"2016-11-09 10:40:33,283","INFO","Trial 236 - 10:40:33 - Unrewarded - /home/fet/stimuli/test_categories_box5/nonreward/Tu_Stim_4_WhiLbl0010_240803041405.wav"
"2016-11-09 10:40:45,181","INFO","Trial 237 - 10:40:45 - Unrewarded - /home/fet/stimuli/test_categories_box5/nonreward/Ag_Stim_2_BlaLbl8026_042202202421.wav"
"2016-11-09 10:40:57,850","INFO","Trial 238 - 10:40:57 - Unrewarded - /home/fet/stimuli/test_categories_box5/nonreward/Ne_Stim_3_PurRas20dd_010203060503.wav"
"2016-11-09 10:41:09,035","INFO","Trial 239 - 10:41:09 - Unrewarded - /home/fet/stimuli/test_categories_box5/nonreward/LT_Stim_10_LblGre0000_070813182117.wav"
"2016-11-09 10:41:21,683","INFO","Trial 240 - 10:41:21 - Rewarded - /home/fet/stimuli/test_categories_box5/reward/Di_Stim_2_WhiWhi1415_020202020202.wav"
"2016-11-09 10:41:27,694","INFO","Supplying reward for 12.00 seconds"
"2016-11-09 10:44:17,944","INFO","Trial 241 - 10:44:17 - Unrewarded - /home/fet/stimuli/test_categories_box5/nonreward/So_Stim_3_BluRas61dd_140911.wav"
"2016-11-09 10:44:19,053","INFO","Trial 242 - 10:44:19 - Unrewarded - /home/fet/stimuli/test_categories_box5/nonreward/Tu_Stim_2_WhiRas44dd_170902072625.wav"
"2016-11-09 10:44:28,495","INFO","Trial 243 - 10:44:28 - Unrewarded - /home/fet/stimuli/test_categories_box5/nonreward/Tu_Stim_7_GraLbl0457_041512021016.wav"
"2016-11-09 10:44:40,094","INFO","Trial 244 - 10:44:40 - Unrewarded - /home/fet/stimuli/test_categories_box5/nonreward/DC_Stim_6_BluRas07dd_080331201727.wav"
"2016-11-09 10:44:40,801","INFO","Trial 245 - 10:44:40 - Unrewarded - /home/fet/stimuli/test_categories_box5/nonreward/Be_Stim_5_LblGre0000_090507.wav"
"2016-11-09 10:44:51,747","INFO","Trial 246 - 10:44:51 - Unrewarded - /home/fet/stimuli/test_categories_box5/nonreward/Te_Stim_7_BluRas61dd_100608181627.wav"
"2016-11-09 10:44:59,046","INFO","Trial 247 - 10:44:59 - Unrewarded - /home/fet/stimuli/test_categories_box5/nonreward/LT_Stim_6_WhiBlu3513_010603050402.wav"
"2016-11-09 10:44:59,571","INFO","Trial 248 - 10:44:59 - Unrewarded - /home/fet/stimuli/test_categories_box5/nonreward/So_Stim_8_LblBla4548_443533.wav"
"2016-11-09 10:45:08,642","INFO","Trial 249 - 10:45:08 - Unrewarded - /home/fet/stimuli/test_categories_box5/nonreward/Ne_Stim_7_WhiLbl0010_181037272640.wav"
"2016-11-09 10:45:20,085","INFO","Trial 250 - 10:45:20 - Unrewarded - /home/fet/stimuli/test_categories_box5/nonreward/Ne_Stim_10_WhiLbl0010_062639252407.wav"
"2016-11-09 10:45:32,664","INFO","Trial 251 - 10:45:32 - Unrewarded - /home/fet/stimuli/test_categories_box5/nonreward/Tu_Stim_6_BlaLbl8026_111009070612.wav"
"2016-11-09 10:45:44,893","INFO","Trial 252 - 10:45:44 - Unrewarded - /home/fet/stimuli/test_categories_box5/nonreward/Wh_Stim_4_WhiRas44dd_030201010201.wav"
"2016-11-09 10:45:55,649","INFO","Trial 253 - 10:45:55 - Unrewarded - /home/fet/stimuli/test_categories_box5/nonreward/DC_Stim_7_YelGre5275_222115242831.wav"
"2016-11-09 10:46:07,834","INFO","Trial 254 - 10:46:07 - Unrewarded - /home/fet/stimuli/test_categories_box5/nonreward/LT_Stim_9_LblRas1800_040301060502.wav"
"2016-11-09 10:46:19,216","INFO","Trial 255 - 10:46:19 - Rewarded - /home/fet/stimuli/test_categories_box5/reward/Di_Stim_3_WhiBlu4917_010101010101.wav"
"2016-11-09 10:46:25,221","INFO","Supplying reward for 12.00 seconds"
"2016-11-09 10:48:37,010","INFO","Trial 256 - 10:48:37 - Unrewarded - /home/fet/stimuli/test_categories_box5/nonreward/LT_Stim_1_WhiBlu3414_120703102416.wav"
"2016-11-09 10:48:38,154","INFO","Trial 257 - 10:48:38 - Unrewarded - /home/fet/stimuli/test_categories_box5/nonreward/So_Stim_5_LblBla4419_010910.wav"
"2016-11-09 10:48:45,493","INFO","Trial 258 - 10:48:45 - Unrewarded - /home/fet/stimuli/test_categories_box5/nonreward/So_Stim_8_LblBla4419_021001.wav"
"2016-11-09 10:48:58,324","INFO","Trial 259 - 10:48:58 - Unrewarded - /home/fet/stimuli/test_categories_box5/nonreward/LT_Stim_6_WhiBlu3414_240402110519.wav"
"2016-11-09 10:49:11,050","INFO","Trial 260 - 10:49:11 - Unrewarded - /home/fet/stimuli/test_categories_box5/nonreward/DC_Stim_10_GreWhi1242_030102020101.wav"
"2016-11-09 10:49:20,192","INFO","Trial 261 - 10:49:20 - Unrewarded - /home/fet/stimuli/test_categories_box5/nonreward/DC_Stim_3_LblRed0613_190924293007.wav"
"2016-11-09 10:49:29,391","INFO","Trial 262 - 10:49:29 - Unrewarded - /home/fet/stimuli/test_categories_box5/nonreward/Tu_Stim_5_BluRas61dd_030206090805.wav"
"2016-11-09 10:49:43,484","INFO","Trial 263 - 10:49:43 - Unrewarded - /home/fet/stimuli/test_categories_box5/nonreward/Th_Stim_7_WhiGra0114_020605010807.wav"
"2016-11-09 10:49:57,074","INFO","Trial 264 - 10:49:57 - Unrewarded - /home/fet/stimuli/test_categories_box5/nonreward/DC_Stim_2_GreOra1817_030211211533.wav"
"2016-11-09 10:50:08,694","INFO","Trial 265 - 10:50:08 - Unrewarded - /home/fet/stimuli/test_categories_box5/nonreward/Ne_Stim_6_PurRas20dd_030703060308.wav"
"2016-11-09 10:50:19,150","INFO","Trial 266 - 10:50:19 - Unrewarded - /home/fet/stimuli/test_categories_box5/nonreward/Tu_Stim_3_LblRed0613_050601040307.wav"
"2016-11-09 10:50:31,733","INFO","Trial 267 - 10:50:31 - Rewarded - /home/fet/stimuli/test_categories_box5/reward/Di_Stim_8_HPiHPi4748_030505030305.wav"
"2016-11-09 10:50:37,747","INFO","Supplying reward for 12.00 seconds"
"2016-11-09 11:11:01,324","INFO","Trial 268 - 11:11:01 - Unrewarded - /home/fet/stimuli/test_categories_box5/nonreward/Ag_Stim_3_GraGra0201_090405121415.wav"
"2016-11-09 11:11:32,472","INFO","Trial 269 - 11:11:32 - Unrewarded - /home/fet/stimuli/test_categories_box5/nonreward/DC_Stim_9_WhiWhi1415_040501020303.wav"
"2016-11-09 11:11:43,040","INFO","Trial 270 - 11:11:43 - Unrewarded - /home/fet/stimuli/test_categories_box5/nonreward/DC_Stim_6_LblRed0613_110936123035.wav"
"2016-11-09 11:11:44,949","INFO","Trial 271 - 11:11:44 - Unrewarded - /home/fet/stimuli/test_categories_box5/nonreward/Wh_Stim_6_LblRed0613_351832383122.wav"
"2016-11-09 11:11:54,336","INFO","Trial 272 - 11:11:54 - Unrewarded - /home/fet/stimuli/test_categories_box5/nonreward/Wh_Stim_1_GraLbl0457_040205010401.wav"
"2016-11-09 11:11:56,087","INFO","Trial 273 - 11:11:56 - Unrewarded - /home/fet/stimuli/test_categories_box5/nonreward/LT_Stim_7_LblBlu1630_150411141016.wav"
"2016-11-09 11:12:07,446","INFO","Trial 274 - 11:12:07 - Unrewarded - /home/fet/stimuli/test_categories_box5/nonreward/Wh_Stim_4_BlaBla0506_140218131006.wav"
"2016-11-09 11:12:19,869","INFO","Trial 275 - 11:12:19 - Unrewarded - /home/fet/stimuli/test_categories_box5/nonreward/DC_Stim_2_BlaLbl8026_082412371934.wav"
"2016-11-09 11:12:33,778","INFO","Trial 276 - 11:12:33 - Unrewarded - /home/fet/stimuli/test_categories_box5/nonreward/So_Stim_9_BluRas61dd_220919.wav"
"2016-11-09 11:12:49,800","INFO","Trial 277 - 11:12:49 - Unrewarded - /home/fet/stimuli/test_categories_box5/nonreward/Ag_Stim_5_GraLbl0457_110806051219.wav"
"2016-11-09 11:13:02,669","INFO","Trial 278 - 11:13:02 - Unrewarded - /home/fet/stimuli/test_categories_box5/nonreward/Ne_Stim_8_BluRas07dd_220119060803.wav"
"2016-11-09 11:13:17,721","INFO","Trial 279 - 11:13:17 - Rewarded - /home/fet/stimuli/test_categories_box5/reward/Di_Stim_7_BlaLbl8026_010302010102.wav"
"2016-11-09 11:13:23,732","INFO","Supplying reward for 12.00 seconds"
"2016-11-09 11:16:16,034","INFO","Trial 280 - 11:16:16 - Unrewarded - /home/fet/stimuli/test_categories_box5/nonreward/Ne_Stim_9_Unknown00F_020101010201.wav"
"2016-11-09 11:16:28,932","INFO","Trial 281 - 11:16:28 - Unrewarded - /home/fet/stimuli/test_categories_box5/nonreward/Te_Stim_3_WhiBlu4917_022501241215.wav"
"2016-11-09 11:16:39,904","INFO","Trial 282 - 11:16:39 - Unrewarded - /home/fet/stimuli/test_categories_box5/nonreward/Th_Stim_7_LblRed0613_011617100515.wav"
"2016-11-09 11:16:50,959","INFO","Trial 283 - 11:16:50 - Unrewarded - /home/fet/stimuli/test_categories_box5/nonreward/Ne_Stim_5_Unknown000_010101010101.wav"
"2016-11-09 11:17:09,852","INFO","Trial 284 - 11:17:09 - Unrewarded - /home/fet/stimuli/test_categories_box5/nonreward/Wh_Stim_6_WhiBlu5698_020610041820.wav"
"2016-11-09 11:17:20,669","INFO","Trial 285 - 11:17:20 - Rewarded - /home/fet/stimuli/test_categories_box5/reward/Di_Stim_9_Unknown000_010202010201.wav"
"2016-11-09 11:17:26,679","INFO","Supplying reward for 12.00 seconds"
"2016-11-09 11:22:20,995","INFO","Trial 286 - 11:22:20 - Unrewarded - /home/fet/stimuli/test_categories_box5/nonreward/Te_Stim_1_WhiWhi1415_151121310438.wav"
"2016-11-09 11:22:32,046","INFO","Trial 287 - 11:22:32 - Unrewarded - /home/fet/stimuli/test_categories_box5/nonreward/Be_Stim_6_LblBlu1927_021008.wav"
"2016-11-09 11:22:49,482","INFO","Trial 288 - 11:22:49 - Rewarded - /home/fet/stimuli/test_categories_box5/reward/Di_Stim_10_BlaLbl8026_020301030301.wav"
"2016-11-09 11:22:55,490","INFO","Supplying reward for 12.00 seconds"
"2016-11-09 11:55:10,158","INFO","Trial 289 - 11:55:10 - Unrewarded - /home/fet/stimuli/test_categories_box5/nonreward/Th_Stim_4_WhiRas44dd_233916313210.wav"
"2016-11-09 11:55:22,662","INFO","Trial 290 - 11:55:22 - Unrewarded - /home/fet/stimuli/test_categories_box5/nonreward/LT_Stim_5_WhiBlu3414_152516042223.wav"
"2016-11-09 11:55:32,259","INFO","Trial 291 - 11:55:32 - Unrewarded - /home/fet/stimuli/test_categories_box5/nonreward/Th_Stim_8_GraGra0201_390423031940.wav"
"2016-11-09 11:55:42,973","INFO","Trial 292 - 11:55:42 - Unrewarded - /home/fet/stimuli/test_categories_box5/nonreward/Be_Stim_5_LblBlu6243_1309_0304_01.wav"
"2016-11-09 11:55:54,368","INFO","Trial 293 - 11:55:54 - Unrewarded - /home/fet/stimuli/test_categories_box5/nonreward/Tu_Stim_10_GraGra0201_171021071215.wav"
"2016-11-09 11:56:08,060","INFO","Trial 294 - 11:56:08 - Unrewarded - /home/fet/stimuli/test_categories_box5/nonreward/DC_Stim_6_WhiBlu5698_230802031114.wav"
"2016-11-09 11:56:20,732","INFO","Trial 295 - 11:56:20 - Unrewarded - /home/fet/stimuli/test_categories_box5/nonreward/Te_Stim_6_BluRas61dd_160617080119.wav"
"2016-11-09 11:56:32,573","INFO","Trial 296 - 11:56:32 - Unrewarded - /home/fet/stimuli/test_categories_box5/nonreward/Be_Stim_6_LblBlu1729_120705.wav"
"2016-11-09 11:56:43,402","INFO","Trial 297 - 11:56:43 - Unrewarded - /home/fet/stimuli/test_categories_box5/nonreward/Tu_Stim_6_YelOra2575_201415182425.wav"
"2016-11-09 11:57:27,026","INFO","Trial 298 - 11:57:27 - Unrewarded - /home/fet/stimuli/test_categories_box5/nonreward/LT_Stim_1_LblBlu6379_011325061611.wav"
"2016-11-09 11:57:39,404","INFO","Trial 299 - 11:57:39 - Unrewarded - /home/fet/stimuli/test_categories_box5/nonreward/DC_Stim_5_LblBla4548_453420142139.wav"
"2016-11-09 11:57:41,488","INFO","Trial 300 - 11:57:41 - Unrewarded - /home/fet/stimuli/test_categories_box5/nonreward/Te_Stim_10_WhiBlu4917_022723240422.wav"
"2016-11-09 11:58:22,508","INFO","Trial 301 - 11:58:22 - Unrewarded - /home/fet/stimuli/test_categories_box5/nonreward/Te_Stim_5_PurRas20dd_133019072114.wav"
"2016-11-09 11:58:48,098","INFO","Trial 302 - 11:58:48 - Unrewarded - /home/fet/stimuli/test_categories_box5/nonreward/Ag_Stim_5_GraGra0201_100204140912.wav"
"2016-11-09 11:58:58,563","INFO","Trial 303 - 11:58:58 - Unrewarded - /home/fet/stimuli/test_categories_box5/nonreward/Ag_Stim_7_GraLbl0457_151106120509.wav"
"2016-11-09 11:59:13,156","INFO","Trial 304 - 11:59:13 - Unrewarded - /home/fet/stimuli/test_categories_box5/nonreward/Th_Stim_4_WhiBlu4818_040205030104.wav"
"2016-11-09 11:59:26,901","INFO","Trial 305 - 11:59:26 - Unrewarded - /home/fet/stimuli/test_categories_box5/nonreward/Te_Stim_7_GreGre6364_032510211318.wav"
"2016-11-09 11:59:43,546","INFO","Trial 306 - 11:59:43 - Unrewarded - /home/fet/stimuli/test_categories_box5/nonreward/DC_Stim_5_WhiBlu5698_161402171204.wav"
"2016-11-09 11:59:56,591","INFO","Trial 307 - 11:59:56 - Unrewarded - /home/fet/stimuli/test_categories_box5/nonreward/Te_Stim_5_WhiBlu4917_112708192412.wav"
"2016-11-09 12:00:12,352","INFO","Trial 308 - 12:00:12 - Unrewarded - /home/fet/stimuli/test_categories_box5/nonreward/Be_Stim_1_LblBlu6379_07_0205_0103_02.wav"
"2016-11-09 12:00:25,180","INFO","Trial 309 - 12:00:25 - Unrewarded - /home/fet/stimuli/test_categories_box5/nonreward/DC_Stim_3_WhiBlu5698_071712021416.wav"
"2016-11-09 12:00:39,016","INFO","Trial 310 - 12:00:39 - Rewarded - /home/fet/stimuli/test_categories_box5/reward/Di_Stim_10_PurRas20dd_010404010101.wav"
"2016-11-09 12:00:45,026","INFO","Supplying reward for 12.00 seconds"
"2016-11-09 12:39:47,586","INFO","Trial 311 - 12:39:47 - Unrewarded - /home/fet/stimuli/test_categories_box5/nonreward/Be_Stim_6_GraGre0813_120601.wav"
"2016-11-09 12:40:01,159","INFO","Trial 312 - 12:40:01 - Unrewarded - /home/fet/stimuli/test_categories_box5/nonreward/Tu_Stim_10_GraLbl0457_111001161502.wav"
"2016-11-09 12:40:15,064","INFO","Trial 313 - 12:40:15 - Unrewarded - /home/fet/stimuli/test_categories_box5/nonreward/DC_Stim_9_LblBla4548_321706191207.wav"
"2016-11-09 12:40:18,954","INFO","Trial 314 - 12:40:18 - Unrewarded - /home/fet/stimuli/test_categories_box5/nonreward/LT_Stim_9_WhiBlu3615_050103040607.wav"
"2016-11-09 12:40:30,956","INFO","Trial 315 - 12:40:30 - Unrewarded - /home/fet/stimuli/test_categories_box5/nonreward/DC_Stim_4_GreWhi1242_010302030101.wav"
"2016-11-09 12:40:38,529","INFO","Trial 316 - 12:40:38 - Unrewarded - /home/fet/stimuli/test_categories_box5/nonreward/Th_Stim_6_Unknown_11_050810010211.wav"
"2016-11-09 12:40:48,691","INFO","Trial 317 - 12:40:48 - Unrewarded - /home/fet/stimuli/test_categories_box5/nonreward/So_Stim_3_YelOra2575_191623.wav"
"2016-11-09 12:40:58,300","INFO","Trial 318 - 12:40:58 - Unrewarded - /home/fet/stimuli/test_categories_box5/nonreward/Be_Stim_10_LblBlu2028_04_030804_01.wav"
"2016-11-09 12:41:09,494","INFO","Trial 319 - 12:41:09 - Unrewarded - /home/fet/stimuli/test_categories_box5/nonreward/Th_Stim_10_YelGre5275_272803063513.wav"
"2016-11-09 12:41:20,163","INFO","Trial 320 - 12:41:20 - Unrewarded - /home/fet/stimuli/test_categories_box5/nonreward/Te_Stim_1_GraLbl0457_072921052816.wav"
"2016-11-09 12:41:29,817","INFO","Trial 321 - 12:41:29 - Unrewarded - /home/fet/stimuli/test_categories_box5/nonreward/Th_Stim_9_WhiBlu4818_030501040205.wav"
"2016-11-09 12:41:50,144","INFO","Trial 322 - 12:41:50 - Rewarded - /home/fet/stimuli/test_categories_box5/reward/Di_Stim_7_BlaBla0506_010101010101.wav"
"2016-11-09 12:41:56,154","INFO","Supplying reward for 12.00 seconds"
"2016-11-09 12:44:18,519","INFO","Trial 323 - 12:44:18 - Rewarded - /home/fet/stimuli/test_categories_box5/reward/Di_Stim_3_PurRas20dd_010404010401.wav"
"2016-11-09 12:44:24,528","INFO","Supplying reward for 12.00 seconds"
"2016-11-09 12:47:49,788","INFO","Trial 324 - 12:47:49 - Unrewarded - /home/fet/stimuli/test_categories_box5/nonreward/Wh_Stim_3_HPiHPi4748_150626033408.wav"
"2016-11-09 12:47:55,106","INFO","Trial 325 - 12:47:55 - Unrewarded - /home/fet/stimuli/test_categories_box5/nonreward/Be_Stim_7_LblBlu6680_05_0103_0101_02.wav"
"2016-11-09 12:48:02,612","INFO","Trial 326 - 12:48:02 - Unrewarded - /home/fet/stimuli/test_categories_box5/nonreward/Te_Stim_9_WhiBlu4917_110104152702.wav"
"2016-11-09 12:48:11,783","INFO","Trial 327 - 12:48:11 - Unrewarded - /home/fet/stimuli/test_categories_box5/nonreward/Be_Stim_3_LblBlu6680_0801_0305_01.wav"
"2016-11-09 12:48:20,261","INFO","Trial 328 - 12:48:20 - Unrewarded - /home/fet/stimuli/test_categories_box5/nonreward/Ne_Stim_7_Unknown000_010101010101.wav"
"2016-11-09 12:48:30,619","INFO","Trial 329 - 12:48:30 - Unrewarded - /home/fet/stimuli/test_categories_box5/nonreward/Tu_Stim_5_HPiHPi4748_083019180504.wav"
"2016-11-09 12:48:42,034","INFO","Trial 330 - 12:48:42 - Unrewarded - /home/fet/stimuli/test_categories_box5/nonreward/Ne_Stim_1_Unknown00F_010201010101.wav"
"2016-11-09 12:48:53,158","INFO","Trial 331 - 12:48:53 - Unrewarded - /home/fet/stimuli/test_categories_box5/nonreward/Th_Stim_10_HPiHPi4748_021727211512.wav"
"2016-11-09 12:49:04,585","INFO","Trial 332 - 12:49:04 - Unrewarded - /home/fet/stimuli/test_categories_box5/nonreward/Th_Stim_1_Unknown000_020307040511.wav"
"2016-11-09 12:49:16,750","INFO","Trial 333 - 12:49:16 - Unrewarded - /home/fet/stimuli/test_categories_box5/nonreward/So_Stim_5_WhiBlu4818_220511.wav"
"2016-11-09 12:49:28,435","INFO","Trial 334 - 12:49:28 - Unrewarded - /home/fet/stimuli/test_categories_box5/nonreward/Ag_Stim_2_HPiHPi4748_211329362033.wav"
"2016-11-09 12:49:39,855","INFO","Trial 335 - 12:49:39 - Unrewarded - /home/fet/stimuli/test_categories_box5/nonreward/Ag_Stim_7_HPiHPi4748_083517051036.wav"
"2016-11-09 12:49:50,319","INFO","Trial 336 - 12:49:50 - Unrewarded - /home/fet/stimuli/test_categories_box5/nonreward/Be_Stim_9_LblGre0001_02_010508.wav"
"2016-11-09 12:49:59,727","INFO","Trial 337 - 12:49:59 - Unrewarded - /home/fet/stimuli/test_categories_box5/nonreward/So_Stim_2_YelGre5275_331732.wav"
"2016-11-09 12:50:09,815","INFO","Trial 338 - 12:50:09 - Unrewarded - /home/fet/stimuli/test_categories_box5/nonreward/Be_Stim_6_LblBlu2028_10_0103_0107.wav"
"2016-11-09 12:50:19,924","INFO","Trial 339 - 12:50:19 - Rewarded - /home/fet/stimuli/test_categories_box5/reward/Di_Stim_1_YelOra2575_110909110911.wav"
"2016-11-09 12:50:25,933","INFO","Supplying reward for 12.00 seconds"
"2016-11-09 12:54:01,518","INFO","Trial 340 - 12:54:01 - Unrewarded - /home/fet/stimuli/test_categories_box5/nonreward/Ag_Stim_10_GraLbl0457_110519080912.wav"
"2016-11-09 12:54:10,291","INFO","Trial 341 - 12:54:10 - Rewarded - /home/fet/stimuli/test_categories_box5/reward/Di_Stim_3_WhiLbl0010_040404040404.wav"
"2016-11-09 12:54:10,904","INFO","Trial 342 - 12:54:10 - Unrewarded - /home/fet/stimuli/test_categories_box5/nonreward/So_Stim_3_RedRas3600_040106.wav"
"2016-11-09 12:54:20,019","INFO","Trial 343 - 12:54:20 - Unrewarded - /home/fet/stimuli/test_categories_box5/nonreward/Be_Stim_5_LblBlu2028_0804_0103.wav"
"2016-11-09 12:54:34,274","INFO","Trial 344 - 12:54:34 - Unrewarded - /home/fet/stimuli/test_categories_box5/nonreward/Te_Stim_3_GreRas2400_052317063211.wav"
"2016-11-09 12:54:42,239","INFO","Trial 345 - 12:54:42 - Unrewarded - /home/fet/stimuli/test_categories_box5/nonreward/LT_Stim_1_LblBlu1927_010101010101.wav"
"2016-11-09 12:54:52,445","INFO","Trial 346 - 12:54:52 - Unrewarded - /home/fet/stimuli/test_categories_box5/nonreward/Wh_Stim_3_LblBla4548_161211100214.wav"
"2016-11-09 12:55:01,358","INFO","Trial 347 - 12:55:01 - Unrewarded - /home/fet/stimuli/test_categories_box5/nonreward/Ne_Stim_4_LblBla4548_104744283440.wav"
"2016-11-09 12:55:14,124","INFO","Trial 348 - 12:55:14 - Unrewarded - /home/fet/stimuli/test_categories_box5/nonreward/Ne_Stim_2_WhiBlu5698_182410152526.wav"
"2016-11-09 12:55:25,670","INFO","Trial 349 - 12:55:25 - Unrewarded - /home/fet/stimuli/test_categories_box5/nonreward/Wh_Stim_10_WhiWhi1415_010101010101.wav"
"2016-11-09 12:55:26,675","INFO","Trial 350 - 12:55:26 - Unrewarded - /home/fet/stimuli/test_categories_box5/nonreward/Th_Stim_7_YelGre5275_410722423930.wav"
"2016-11-09 12:55:39,490","INFO","Trial 351 - 12:55:39 - Unrewarded - /home/fet/stimuli/test_categories_box5/nonreward/DC_Stim_6_WhiBlu4917_190901220818.wav"
"2016-11-09 12:55:53,862","INFO","Trial 352 - 12:55:53 - Unrewarded - /home/fet/stimuli/test_categories_box5/nonreward/Ne_Stim_2_Unknown00F_020102010101.wav"
"2016-11-09 12:56:05,547","INFO","Trial 353 - 12:56:05 - Unrewarded - /home/fet/stimuli/test_categories_box5/nonreward/Ne_Stim_8_Unknown000_010101010101.wav"
"2016-11-09 12:56:22,651","INFO","Trial 354 - 12:56:22 - Unrewarded - /home/fet/stimuli/test_categories_box5/nonreward/Be_Stim_1_GraGre0813_160403.wav"
"2016-11-09 12:56:34,934","INFO","Trial 355 - 12:56:34 - Unrewarded - /home/fet/stimuli/test_categories_box5/nonreward/So_Stim_6_HPiHPi4748_152315.wav"
"2016-11-09 12:56:47,414","INFO","Trial 356 - 12:56:47 - Unrewarded - /home/fet/stimuli/test_categories_box5/nonreward/Wh_Stim_7_BlaBla0506_181213101502.wav"
"2016-11-09 12:57:11,567","INFO","Trial 357 - 12:57:11 - Rewarded - /home/fet/stimuli/test_categories_box5/reward/Di_Stim_7_Unknown_11_020101020201.wav"
"2016-11-09 12:57:17,581","INFO","Supplying reward for 12.00 seconds"
"2016-11-09 13:03:21,671","INFO","Trial 358 - 13:03:21 - Unrewarded - /home/fet/stimuli/test_categories_box5/nonreward/Be_Stim_2_LblBlu2028_01_0104_0202_01.wav"
"2016-11-09 13:03:31,410","INFO","Trial 359 - 13:03:31 - Unrewarded - /home/fet/stimuli/test_categories_box5/nonreward/Be_Stim_8_LblBlu2028_02_010802_03.wav"
"2016-11-09 13:03:40,630","INFO","Trial 360 - 13:03:40 - Unrewarded - /home/fet/stimuli/test_categories_box5/nonreward/Th_Stim_7_Unknown000_061004030807.wav"
"2016-11-09 13:03:54,105","INFO","Trial 361 - 13:03:54 - Unrewarded - /home/fet/stimuli/test_categories_box5/nonreward/DC_Stim_10_WhiBlu5698_161706071402.wav"
"2016-11-09 13:04:04,595","INFO","Trial 362 - 13:04:04 - Unrewarded - /home/fet/stimuli/test_categories_box5/nonreward/Te_Stim_8_GreWhi1242_010320021226.wav"
"2016-11-09 13:04:17,869","INFO","Trial 363 - 13:04:17 - Unrewarded - /home/fet/stimuli/test_categories_box5/nonreward/Tu_Stim_5_LblRed0613_030206080704.wav"
"2016-11-09 13:04:28,760","INFO","Trial 364 - 13:04:28 - Unrewarded - /home/fet/stimuli/test_categories_box5/nonreward/Te_Stim_10_WhiWhi1415_311323210408.wav"
"2016-11-09 13:04:49,263","INFO","Trial 365 - 13:04:49 - Unrewarded - /home/fet/stimuli/test_categories_box5/nonreward/Wh_Stim_6_GreGre2522_030102010101.wav"
"2016-11-09 13:05:03,541","INFO","Trial 366 - 13:05:03 - Rewarded - /home/fet/stimuli/test_categories_box5/reward/Di_Stim_7_Unknown000_010201020201.wav"
"2016-11-09 13:05:09,550","INFO","Supplying reward for 12.00 seconds"
"2016-11-09 13:08:10,600","INFO","Trial 367 - 13:08:10 - Unrewarded - /home/fet/stimuli/test_categories_box5/nonreward/LT_Stim_3_LblBlu6379_221603132302.wav"
"2016-11-09 13:08:20,634","INFO","Trial 368 - 13:08:20 - Unrewarded - /home/fet/stimuli/test_categories_box5/nonreward/Tu_Stim_9_WhiLbl0010_132005082204.wav"
"2016-11-09 13:08:32,963","INFO","Trial 369 - 13:08:32 - Unrewarded - /home/fet/stimuli/test_categories_box5/nonreward/DC_Stim_9_WhiBlu4917_191806220508.wav"
"2016-11-09 13:08:41,543","INFO","Trial 370 - 13:08:41 - Rewarded - /home/fet/stimuli/test_categories_box5/reward/Di_Stim_4_GraGra0201_070101010707.wav"
"2016-11-09 13:08:47,553","INFO","Supplying reward for 12.00 seconds"
"2016-11-09 13:14:00,388","INFO","Trial 371 - 13:14:00 - Unrewarded - /home/fet/stimuli/test_categories_box5/nonreward/Tu_Stim_5_GraLbl0457_031514111001.wav"
"2016-11-09 13:14:15,895","INFO","Trial 372 - 13:14:15 - Unrewarded - /home/fet/stimuli/test_categories_box5/nonreward/LT_Stim_9_WhiBlu3513_030102050406.wav"
"2016-11-09 13:14:24,631","INFO","Trial 373 - 13:14:24 - Rewarded - /home/fet/stimuli/test_categories_box5/reward/Di_Stim_3_WhiWhi1415_020202020202.wav"
"2016-11-09 13:14:30,641","INFO","Supplying reward for 12.00 seconds"
"2016-11-09 14:46:35,571","INFO","Trial 374 - 14:46:35 - Unrewarded - /home/fet/stimuli/test_categories_box5/nonreward/Be_Stim_3_LblBlu1630_040504_c..wav"
"2016-11-09 14:46:44,971","INFO","Trial 375 - 14:46:44 - Unrewarded - /home/fet/stimuli/test_categories_box5/nonreward/LT_Stim_1_LblBlu1630_120406071610.wav"
"2016-11-09 14:46:52,172","INFO","Trial 376 - 14:46:52 - Unrewarded - /home/fet/stimuli/test_categories_box5/nonreward/Ne_Stim_4_WhiLbl0010_252608153406.wav"
"2016-11-09 14:47:02,768","INFO","Trial 377 - 14:47:02 - Unrewarded - /home/fet/stimuli/test_categories_box5/nonreward/Tu_Stim_7_WhiRas44dd_112301120624.wav"
"2016-11-09 14:47:15,669","INFO","Trial 378 - 14:47:15 - Unrewarded - /home/fet/stimuli/test_categories_box5/nonreward/Tu_Stim_4_HPiHPi4748_270914022025.wav"
"2016-11-09 14:47:34,542","INFO","Trial 379 - 14:47:34 - Rewarded - /home/fet/stimuli/test_categories_box5/reward/Di_Stim_4_WhiBlu4917_010101010101.wav"
"2016-11-09 14:47:40,552","INFO","Supplying reward for 12.00 seconds"
"2016-11-09 14:49:33,574","INFO","Trial 380 - 14:49:33 - Unrewarded - /home/fet/stimuli/test_categories_box5/nonreward/LT_Stim_10_WhiBlu3513_020603050104.wav"
"2016-11-09 14:49:38,740","INFO","Trial 381 - 14:49:38 - Unrewarded - /home/fet/stimuli/test_categories_box5/nonreward/Be_Stim_4_LblGre0001_03_0102_0103_03.wav"
"2016-11-09 14:49:48,737","INFO","Trial 382 - 14:49:48 - Unrewarded - /home/fet/stimuli/test_categories_box5/nonreward/Ne_Stim_7_WhiBlu5698_181205121704.wav"
"2016-11-09 14:50:00,291","INFO","Trial 383 - 14:50:00 - Unrewarded - /home/fet/stimuli/test_categories_box5/nonreward/Ne_Stim_4_Unknown00F_010201010101.wav"
"2016-11-09 14:50:11,255","INFO","Trial 384 - 14:50:11 - Unrewarded - /home/fet/stimuli/test_categories_box5/nonreward/Te_Stim_10_PurRas20dd_240722080330.wav"
"2016-11-09 14:50:20,335","INFO","Trial 385 - 14:50:20 - Unrewarded - /home/fet/stimuli/test_categories_box5/nonreward/DC_Stim_9_LblRed0613_040919121629.wav"
"2016-11-09 14:50:28,920","INFO","Trial 386 - 14:50:28 - Unrewarded - /home/fet/stimuli/test_categories_box5/nonreward/Te_Stim_9_GreRas2400_092602253229.wav"
"2016-11-09 14:50:39,491","INFO","Trial 387 - 14:50:39 - Unrewarded - /home/fet/stimuli/test_categories_box5/nonreward/DC_Stim_4_WhiBlu5698_231403071611.wav"
"2016-11-09 14:50:49,084","INFO","Trial 388 - 14:50:49 - Unrewarded - /home/fet/stimuli/test_categories_box5/nonreward/Th_Stim_1_HPiHPi4748_261203241116.wav"
"2016-11-09 14:50:59,860","INFO","Trial 389 - 14:50:59 - Unrewarded - /home/fet/stimuli/test_categories_box5/nonreward/Th_Stim_3_WhiBlu4917_030708090504.wav"
"2016-11-09 14:51:13,363","INFO","Trial 390 - 14:51:13 - Unrewarded - /home/fet/stimuli/test_categories_box5/nonreward/DC_Stim_10_GraLbl0457_062132133031.wav"
"2016-11-09 14:51:24,565","INFO","Trial 391 - 14:51:24 - Unrewarded - /home/fet/stimuli/test_categories_box5/nonreward/Wh_Stim_6_GraGra0201_010506050205.wav"
"2016-11-09 14:51:34,878","INFO","Trial 392 - 14:51:34 - Unrewarded - /home/fet/stimuli/test_categories_box5/nonreward/Ag_Stim_2_LblRed0613_103004292208.wav"
"2016-11-09 14:51:45,425","INFO","Trial 393 - 14:51:45 - Unrewarded - /home/fet/stimuli/test_categories_box5/nonreward/Ag_Stim_4_WhiBlu4917_010101010101.wav"
"2016-11-09 14:51:56,295","INFO","Trial 394 - 14:51:56 - Unrewarded - /home/fet/stimuli/test_categories_box5/nonreward/Ne_Stim_7_LblBla4548_213034190738.wav"
"2016-11-09 14:52:08,001","INFO","Trial 395 - 14:52:08 - Unrewarded - /home/fet/stimuli/test_categories_box5/nonreward/LT_Stim_7_LblBlu2028_140210070305.wav"
"2016-11-09 14:52:17,307","INFO","Trial 396 - 14:52:17 - Unrewarded - /home/fet/stimuli/test_categories_box5/nonreward/DC_Stim_1_BlaLbl8026_342938323106.wav"
"2016-11-09 14:52:29,551","INFO","Trial 397 - 14:52:29 - Unrewarded - /home/fet/stimuli/test_categories_box5/nonreward/Be_Stim_2_LblBlu1927_130507.wav"
"2016-11-09 14:52:38,834","INFO","Trial 398 - 14:52:38 - Unrewarded - /home/fet/stimuli/test_categories_box5/nonreward/So_Stim_3_GraLbl0457_041202.wav"
"2016-11-09 14:52:49,377","INFO","Trial 399 - 14:52:49 - Unrewarded - /home/fet/stimuli/test_categories_box5/nonreward/Th_Stim_4_YelGre5275_152825030212.wav"
"2016-11-09 14:53:00,468","INFO","Trial 400 - 14:53:00 - Unrewarded - /home/fet/stimuli/test_categories_box5/nonreward/Wh_Stim_5_GraGra0201_040505020105.wav"
"2016-11-09 14:53:11,523","INFO","Trial 401 - 14:53:11 - Unrewarded - /home/fet/stimuli/test_categories_box5/nonreward/Tu_Stim_5_BlaLbl8026_090806051110.wav"
"2016-11-09 14:53:22,983","INFO","Trial 402 - 14:53:22 - Unrewarded - /home/fet/stimuli/test_categories_box5/nonreward/Be_Stim_7_LblBlu1927_061303.wav"
"2016-11-09 14:53:33,480","INFO","Trial 403 - 14:53:33 - Unrewarded - /home/fet/stimuli/test_categories_box5/nonreward/Te_Stim_9_YelGre5275_112529301509.wav"
"2016-11-09 14:53:50,187","INFO","Trial 404 - 14:53:50 - Unrewarded - /home/fet/stimuli/test_categories_box5/nonreward/Ag_Stim_4_GreWhi1242_010101010101.wav"
"2016-11-09 14:54:01,880","INFO","Trial 405 - 14:54:01 - Unrewarded - /home/fet/stimuli/test_categories_box5/nonreward/Ag_Stim_2_BluRas07dd_051308201724.wav"
"2016-11-09 14:54:12,387","INFO","Trial 406 - 14:54:12 - Unrewarded - /home/fet/stimuli/test_categories_box5/nonreward/LT_Stim_5_LblBlu6680_052630061107.wav"
"2016-11-09 14:54:22,519","INFO","Trial 407 - 14:54:22 - Rewarded - /home/fet/stimuli/test_categories_box5/reward/Di_Stim_4_YelOra2575_110911090911.wav"
"2016-11-09 14:54:28,528","INFO","Supplying reward for 12.00 seconds"
"2016-11-09 14:57:41,819","INFO","Trial 408 - 14:57:41 - Unrewarded - /home/fet/stimuli/test_categories_box5/nonreward/So_Stim_8_GraLbl0457_121101.wav"
"2016-11-09 14:57:52,857","INFO","Trial 409 - 14:57:52 - Unrewarded - /home/fet/stimuli/test_categories_box5/nonreward/Be_Stim_9_GraRas1500_070504.wav"
"2016-11-09 14:58:02,360","INFO","Trial 410 - 14:58:02 - Unrewarded - /home/fet/stimuli/test_categories_box5/nonreward/Be_Stim_9_LblBlu6243_020304_01.wav"
"2016-11-09 14:58:14,110","INFO","Trial 411 - 14:58:14 - Unrewarded - /home/fet/stimuli/test_categories_box5/nonreward/Th_Stim_8_Unknown000_110410080509.wav"
"2016-11-09 14:58:32,631","INFO","Trial 412 - 14:58:32 - Unrewarded - /home/fet/stimuli/test_categories_box5/nonreward/LT_Stim_7_WhiBlu0112_142309081012.wav"
"2016-11-09 14:58:45,492","INFO","Trial 413 - 14:58:45 - Unrewarded - /home/fet/stimuli/test_categories_box5/nonreward/Th_Stim_3_BlaBla0506_040103050205.wav"
"2016-11-09 14:58:55,527","INFO","Trial 414 - 14:58:55 - Unrewarded - /home/fet/stimuli/test_categories_box5/nonreward/Wh_Stim_6_LblBla4548_121601130315.wav"
"2016-11-09 14:59:09,403","INFO","Trial 415 - 14:59:09 - Unrewarded - /home/fet/stimuli/test_categories_box5/nonreward/Ag_Stim_4_LblRed0613_142221282702.wav"
"2016-11-09 14:59:22,534","INFO","Trial 416 - 14:59:22 - Unrewarded - /home/fet/stimuli/test_categories_box5/nonreward/Tu_Stim_5_GraGra0201_121702081916.wav"
"2016-11-09 14:59:36,533","INFO","Trial 417 - 14:59:36 - Unrewarded - /home/fet/stimuli/test_categories_box5/nonreward/Ne_Stim_8_WhiBlu5698_060925052604.wav"
"2016-11-09 14:59:48,300","INFO","Trial 418 - 14:59:48 - Unrewarded - /home/fet/stimuli/test_categories_box5/nonreward/Ne_Stim_3_WhiLbl0010_083107171816.wav"
"2016-11-09 14:59:59,408","INFO","Trial 419 - 14:59:59 - Rewarded - /home/fet/stimuli/test_categories_box5/reward/Di_Stim_9_GraGra0201_070107070107.wav"
"2016-11-09 15:00:05,417","INFO","Supplying reward for 12.00 seconds"
"2016-11-09 15:02:00,069","INFO","Trial 420 - 15:02:00 - Unrewarded - /home/fet/stimuli/test_categories_box5/nonreward/Be_Stim_2_LblBlu6379_03_0104_0201_03.wav"
"2016-11-09 15:02:13,302","INFO","Trial 421 - 15:02:13 - Unrewarded - /home/fet/stimuli/test_categories_box5/nonreward/Wh_Stim_8_WhiBlu5698_101504180720.wav"
"2016-11-09 15:02:24,172","INFO","Trial 422 - 15:02:24 - Unrewarded - /home/fet/stimuli/test_categories_box5/nonreward/Tu_Stim_8_GraGra0201_131020080205.wav"
"2016-11-09 15:02:35,861","INFO","Trial 423 - 15:02:35 - Unrewarded - /home/fet/stimuli/test_categories_box5/nonreward/So_Stim_3_WhiBlu5698_302524.wav"
"2016-11-09 15:03:01,353","INFO","Trial 424 - 15:03:01 - Unrewarded - /home/fet/stimuli/test_categories_box5/nonreward/So_Stim_4_HPiHPi4748_150210.wav"
"2016-11-09 15:03:12,011","INFO","Trial 425 - 15:03:12 - Unrewarded - /home/fet/stimuli/test_categories_box5/nonreward/Tu_Stim_2_GraLbl0457_061310121114.wav"
"2016-11-09 15:03:24,421","INFO","Trial 426 - 15:03:24 - Unrewarded - /home/fet/stimuli/test_categories_box5/nonreward/So_Stim_8_LblRed0613_150841.wav"
"2016-11-09 15:03:49,307","INFO","Trial 427 - 15:03:49 - Unrewarded - /home/fet/stimuli/test_categories_box5/nonreward/Ne_Stim_3_WhiWhi1415_090508060407.wav"
"2016-11-09 15:03:59,399","INFO","Trial 428 - 15:03:59 - Unrewarded - /home/fet/stimuli/test_categories_box5/nonreward/Be_Stim_10_LblBlu1729_091206.wav"
"2016-11-09 15:04:13,054","INFO","Trial 429 - 15:04:13 - Unrewarded - /home/fet/stimuli/test_categories_box5/nonreward/Be_Stim_1_LblBlu1927_071208.wav"
"2016-11-09 15:04:26,226","INFO","Trial 430 - 15:04:26 - Unrewarded - /home/fet/stimuli/test_categories_box5/nonreward/Te_Stim_4_GreWhi1242_050701021619.wav"
"2016-11-09 15:04:54,269","INFO","Trial 431 - 15:04:54 - Unrewarded - /home/fet/stimuli/test_categories_box5/nonreward/Tu_Stim_1_HPiHPi4748_032227130720.wav"
"2016-11-09 15:05:06,860","INFO","Trial 432 - 15:05:06 - Unrewarded - /home/fet/stimuli/test_categories_box5/nonreward/DC_Stim_7_GreWhi1242_020103030203.wav"
"2016-11-09 15:05:08,491","INFO","Trial 433 - 15:05:08 - Unrewarded - /home/fet/stimuli/test_categories_box5/nonreward/Be_Stim_6_LblGre0000_080407.wav"
"2016-11-09 15:05:20,728","INFO","Trial 434 - 15:05:20 - Unrewarded - /home/fet/stimuli/test_categories_box5/nonreward/Tu_Stim_1_YelOra2575_062605081422.wav"
"2016-11-09 15:05:33,097","INFO","Trial 435 - 15:05:33 - Unrewarded - /home/fet/stimuli/test_categories_box5/nonreward/Te_Stim_7_WhiBlu4917_191712040908.wav"
"2016-11-09 15:05:50,828","INFO","Trial 436 - 15:05:50 - Unrewarded - /home/fet/stimuli/test_categories_box5/nonreward/Wh_Stim_3_BlaLbl8026_090832070709.wav"
"2016-11-09 15:06:03,217","INFO","Trial 437 - 15:06:03 - Unrewarded - /home/fet/stimuli/test_categories_box5/nonreward/Ag_Stim_7_BluRas61dd_091812110217.wav"
"2016-11-09 15:06:13,838","INFO","Trial 438 - 15:06:13 - Unrewarded - /home/fet/stimuli/test_categories_box5/nonreward/Th_Stim_6_LblRed0613_130217041618.wav"
"2016-11-09 15:06:28,328","INFO","Trial 439 - 15:06:28 - Unrewarded - /home/fet/stimuli/test_categories_box5/nonreward/Th_Stim_7_WhiRas44dd_233328114130.wav"
"2016-11-09 15:06:42,877","INFO","Trial 440 - 15:06:42 - Unrewarded - /home/fet/stimuli/test_categories_box5/nonreward/Te_Stim_7_PurRas20dd_061610020508.wav"
"2016-11-09 15:06:56,454","INFO","Trial 441 - 15:06:56 - Unrewarded - /home/fet/stimuli/test_categories_box5/nonreward/DC_Stim_6_GraLbl0457_190314061529.wav"
"2016-11-09 15:06:58,218","INFO","Trial 442 - 15:06:58 - Unrewarded - /home/fet/stimuli/test_categories_box5/nonreward/Te_Stim_3_PurRas20dd_171606041910.wav"
"2016-11-09 15:07:10,421","INFO","Trial 443 - 15:07:10 - Unrewarded - /home/fet/stimuli/test_categories_box5/nonreward/DC_Stim_7_WhiBlu4917_060518090119.wav"
"2016-11-09 15:07:24,039","INFO","Trial 444 - 15:07:24 - Unrewarded - /home/fet/stimuli/test_categories_box5/nonreward/Tu_Stim_4_GreOra1817_071415170604.wav"
"2016-11-09 15:07:36,675","INFO","Trial 445 - 15:07:36 - Unrewarded - /home/fet/stimuli/test_categories_box5/nonreward/Be_Stim_8_LblGre0001_03_0211_0302_02.wav"
"2016-11-09 15:07:48,589","INFO","Trial 446 - 15:07:48 - Unrewarded - /home/fet/stimuli/test_categories_box5/nonreward/So_Stim_3_BlaBla0506_060812.wav"
"2016-11-09 15:08:02,232","INFO","Trial 447 - 15:08:02 - Unrewarded - /home/fet/stimuli/test_categories_box5/nonreward/Be_Stim_1_WhiBlu0112_071802.wav"
"2016-11-09 15:08:13,655","INFO","Trial 448 - 15:08:13 - Unrewarded - /home/fet/stimuli/test_categories_box5/nonreward/Be_Stim_4_LblBlu6680_03_010805_02.wav"
"2016-11-09 15:08:27,519","INFO","Trial 449 - 15:08:27 - Rewarded - /home/fet/stimuli/test_categories_box5/reward/Di_Stim_3_BlaLbl8026_020301010102.wav"
"2016-11-09 15:08:33,528","INFO","Supplying reward for 12.00 seconds"
"2016-11-09 15:12:55,902","INFO","Trial 450 - 15:12:55 - Unrewarded - /home/fet/stimuli/test_categories_box5/nonreward/Be_Stim_1_LblBlu1729_091402.wav"
"2016-11-09 15:13:05,970","INFO","Trial 451 - 15:13:05 - Unrewarded - /home/fet/stimuli/test_categories_box5/nonreward/Wh_Stim_4_HPiHPi4748_061912320205.wav"
"2016-11-09 15:13:16,897","INFO","Trial 452 - 15:13:16 - Unrewarded - /home/fet/stimuli/test_categories_box5/nonreward/Te_Stim_5_BluRas61dd_301304101511.wav"
"2016-11-09 15:13:25,998","INFO","Trial 453 - 15:13:25 - Unrewarded - /home/fet/stimuli/test_categories_box5/nonreward/LT_Stim_7_WhiBlu3414_050402160321.wav"
"2016-11-09 15:13:26,598","INFO","Trial 454 - 15:13:26 - Rewarded - /home/fet/stimuli/test_categories_box5/reward/Di_Stim_10_YelOra2575_110909091111.wav"
"2016-11-09 15:13:32,609","INFO","Supplying reward for 12.00 seconds"
"2016-11-09 15:53:42,867","INFO","Trial 455 - 15:53:42 - Unrewarded - /home/fet/stimuli/test_categories_box5/nonreward/Te_Stim_6_GraLbl0457_200619231424.wav"
"2016-11-09 15:53:49,838","INFO","Trial 456 - 15:53:49 - Unrewarded - /home/fet/stimuli/test_categories_box5/nonreward/Ag_Stim_5_WhiBlu4917_010101010101.wav"
"2016-11-09 15:53:58,865","INFO","Trial 457 - 15:53:58 - Rewarded - /home/fet/stimuli/test_categories_box5/reward/Di_Stim_6_WhiBlu4818_060606060606.wav"
"2016-11-09 15:54:04,874","INFO","Supplying reward for 12.00 seconds"
"2016-11-09 15:59:27,944","INFO","Trial 458 - 15:59:27 - Unrewarded - /home/fet/stimuli/test_categories_box5/nonreward/Te_Stim_1_GreGre2522_221201131025.wav"
"2016-11-09 15:59:37,209","INFO","Trial 459 - 15:59:37 - Rewarded - /home/fet/stimuli/test_categories_box5/reward/Di_Stim_5_YelOra2575_110911091109.wav"
"2016-11-09 15:59:43,219","INFO","Supplying reward for 12.00 seconds"
"2016-11-09 16:01:14,389","INFO","Trial 460 - 16:01:14 - Rewarded - /home/fet/stimuli/test_categories_box5/reward/Di_Stim_3_WhiBlu4818_060606060606.wav"
"2016-11-09 16:01:20,398","INFO","Supplying reward for 12.00 seconds"
"2016-11-09 16:05:58,632","INFO","Trial 461 - 16:05:58 - Unrewarded - /home/fet/stimuli/test_categories_box5/nonreward/LT_Stim_5_LblGre0000_210820090218.wav"
"2016-11-09 16:06:06,013","INFO","Trial 462 - 16:06:06 - Unrewarded - /home/fet/stimuli/test_categories_box5/nonreward/Be_Stim_2_WhiBlu0112_131006.wav"
"2016-11-09 16:06:22,293","INFO","Trial 463 - 16:06:22 - Unrewarded - /home/fet/stimuli/test_categories_box5/nonreward/DC_Stim_4_BluRas07dd_171410281106.wav"
"2016-11-09 16:06:31,828","INFO","Trial 464 - 16:06:31 - Unrewarded - /home/fet/stimuli/test_categories_box5/nonreward/So_Stim_10_GraLbl0457_141205.wav"
"2016-11-09 16:06:42,313","INFO","Trial 465 - 16:06:42 - Unrewarded - /home/fet/stimuli/test_categories_box5/nonreward/Th_Stim_2_WhiBlu4917_040907010502.wav"
"2016-11-09 16:06:54,126","INFO","Trial 466 - 16:06:54 - Unrewarded - /home/fet/stimuli/test_categories_box5/nonreward/Wh_Stim_3_LblRed0613_042219073930.wav"
"2016-11-09 16:07:04,324","INFO","Trial 467 - 16:07:04 - Unrewarded - /home/fet/stimuli/test_categories_box5/nonreward/So_Stim_7_YelOra2575_091924.wav"
"2016-11-09 16:07:05,295","INFO","Trial 468 - 16:07:05 - Unrewarded - /home/fet/stimuli/test_categories_box5/nonreward/So_Stim_2_BluRas61dd_210822.wav"
"2016-11-09 16:07:14,637","INFO","Trial 469 - 16:07:14 - Unrewarded - /home/fet/stimuli/test_categories_box5/nonreward/Th_Stim_1_WhiGra0114_020507010806.wav"
"2016-11-09 16:07:28,149","INFO","Trial 470 - 16:07:28 - Unrewarded - /home/fet/stimuli/test_categories_box5/nonreward/Ne_Stim_9_LblBla4419_190207465026.wav"
"2016-11-09 16:07:38,983","INFO","Trial 471 - 16:07:38 - Rewarded - /home/fet/stimuli/test_categories_box5/reward/Di_Stim_4_HPiHPi4748_050303030503.wav"
"2016-11-09 16:07:44,996","INFO","Supplying reward for 12.00 seconds"
"2016-11-09 16:10:41,155","INFO","Trial 472 - 16:10:41 - Unrewarded - /home/fet/stimuli/test_categories_box5/nonreward/Th_Stim_5_Unknown000_080306090407.wav"
"2016-11-09 16:10:51,591","INFO","Trial 473 - 16:10:51 - Unrewarded - /home/fet/stimuli/test_categories_box5/nonreward/Ag_Stim_1_GraGra0201_130912040805.wav"
"2016-11-09 16:11:06,684","INFO","Trial 474 - 16:11:06 - Unrewarded - /home/fet/stimuli/test_categories_box5/nonreward/Tu_Stim_7_BluRas61dd_070501020603.wav"
"2016-11-09 16:11:18,459","INFO","Trial 475 - 16:11:18 - Unrewarded - /home/fet/stimuli/test_categories_box5/nonreward/Be_Stim_3_LblBlu6379_04_0205_0204_01.wav"
"2016-11-09 16:11:31,054","INFO","Trial 476 - 16:11:31 - Unrewarded - /home/fet/stimuli/test_categories_box5/nonreward/Tu_Stim_10_HPiHPi4748_122001190511.wav"
"2016-11-09 16:11:42,092","INFO","Trial 477 - 16:11:42 - Unrewarded - /home/fet/stimuli/test_categories_box5/nonreward/LT_Stim_4_WhiBlu3513_050604010203.wav"
"2016-11-09 16:11:49,910","INFO","Trial 478 - 16:11:49 - Unrewarded - /home/fet/stimuli/test_categories_box5/nonreward/Ag_Stim_9_GraGra0201_050812021113.wav"
"2016-11-09 16:11:59,941","INFO","Trial 479 - 16:11:59 - Unrewarded - /home/fet/stimuli/test_categories_box5/nonreward/LT_Stim_8_LblRas1800_060402010503.wav"
"2016-11-09 16:12:10,721","INFO","Trial 480 - 16:12:10 - Unrewarded - /home/fet/stimuli/test_categories_box5/nonreward/LT_Stim_1_WhiBlu0112_250818172224.wav"
"2016-11-09 16:12:18,208","INFO","Trial 481 - 16:12:18 - Unrewarded - /home/fet/stimuli/test_categories_box5/nonreward/DC_Stim_3_WhiBlu4917_180105200622.wav"
"2016-11-09 16:12:27,092","INFO","Trial 482 - 16:12:27 - Rewarded - /home/fet/stimuli/test_categories_box5/reward/Di_Stim_1_BlaBla0506_010101010101.wav"
"2016-11-09 16:12:33,103","INFO","Supplying reward for 12.00 seconds"
"2016-11-09 16:16:55,521","INFO","Trial 483 - 16:16:55 - Unrewarded - /home/fet/stimuli/test_categories_box5/nonreward/Be_Stim_7_WhiBlu0112_191808.wav"
"2016-11-09 16:17:04,691","INFO","Trial 484 - 16:17:04 - Unrewarded - /home/fet/stimuli/test_categories_box5/nonreward/Ag_Stim_4_WhiWhi1415_020202020202.wav"
"2016-11-09 16:17:15,844","INFO","Trial 485 - 16:17:15 - Unrewarded - /home/fet/stimuli/test_categories_box5/nonreward/Ne_Stim_1_LblBla4419_583631410204.wav"
"2016-11-09 16:17:28,345","INFO","Trial 486 - 16:17:28 - Unrewarded - /home/fet/stimuli/test_categories_box5/nonreward/LT_Stim_4_LblBlu1630_090216040810.wav"
"2016-11-09 16:17:37,331","INFO","Trial 487 - 16:17:37 - Unrewarded - /home/fet/stimuli/test_categories_box5/nonreward/Ne_Stim_1_LblBla4548_013238351604.wav"
"2016-11-09 16:17:50,667","INFO","Trial 488 - 16:17:50 - Unrewarded - /home/fet/stimuli/test_categories_box5/nonreward/Tu_Stim_9_GreOra1817_170108150705.wav"
"2016-11-09 16:18:02,458","INFO","Trial 489 - 16:18:02 - Unrewarded - /home/fet/stimuli/test_categories_box5/nonreward/Wh_Stim_1_WhiBlu5698_061020191504.wav"
"2016-11-09 16:18:13,382","INFO","Trial 490 - 16:18:13 - Unrewarded - /home/fet/stimuli/test_categories_box5/nonreward/Ne_Stim_10_WhiWhi1415_091007080405.wav"
"2016-11-09 16:18:25,300","INFO","Trial 491 - 16:18:25 - Unrewarded - /home/fet/stimuli/test_categories_box5/nonreward/Ag_Stim_6_WhiGra0114_010101010101.wav"
"2016-11-09 16:18:47,602","INFO","Trial 492 - 16:18:47 - Unrewarded - /home/fet/stimuli/test_categories_box5/nonreward/DC_Stim_3_WhiWhi1415_010204030505.wav"
"2016-11-09 16:18:55,261","INFO","Trial 493 - 16:18:55 - Unrewarded - /home/fet/stimuli/test_categories_box5/nonreward/LT_Stim_5_WhiBlu3615_020401060307.wav"
"2016-11-09 16:18:57,859","INFO","Trial 494 - 16:18:57 - Rewarded - /home/fet/stimuli/test_categories_box5/reward/Di_Stim_9_BlaLbl8026_010302030103.wav"
"2016-11-09 16:19:03,867","INFO","Supplying reward for 12.00 seconds"
"2016-11-09 16:41:41,677","INFO","Finishing session 1 at Wed Nov  9 16:41:41 2016"
"2016-11-09 16:41:41,677","INFO","Finished all sessions."
"2016-11-09 16:41:41,984","INFO","Exiting Session state"
"2016-11-09 16:41:41,984","INFO","Finishing experiment"
"2016-11-09 16:41:42,291","INFO","Exiting Idle state"
