2017-03-07 09:28:42.322490	PeckPort	off	None
2017-03-07 09:28:42.322669	HouseLight	on	None
2017-03-07 09:28:42.322799	Hopper	down	None
2017-03-07 09:28:42.629290	Hopper	down	None
2017-03-07 09:28:42.932140	HouseLight	on	None
2017-03-07 09:28:42.932403	PeckPort	on	None
2017-03-07 10:21:05.671934	Trial	start	1
2017-03-07 10:21:05.674373	Speaker	play	None
2017-03-07 10:21:05.721134	Speaker	stop	None
2017-03-07 10:21:05.721703	Trial	end	1
2017-03-07 10:21:05.722596	Trial	start	2
2017-03-07 10:21:05.724500	Speaker	play	None
2017-03-07 10:21:11.729628	Speaker	stop	None
2017-03-07 10:21:11.730765	Hopper	up	None
2017-03-07 10:21:23.734266	Hopper	down	None
2017-03-07 10:21:24.037303	Trial	end	2
2017-03-07 10:21:59.686842	Trial	start	3
2017-03-07 10:21:59.689084	Speaker	play	None
2017-03-07 10:22:05.691573	Speaker	stop	None
2017-03-07 10:22:05.694182	Hopper	up	None
2017-03-07 10:22:17.695982	Hopper	down	None
2017-03-07 10:22:17.999104	Trial	end	3
2017-03-07 10:22:35.725511	Trial	start	4
2017-03-07 10:22:35.727613	Speaker	play	None
2017-03-07 10:22:41.734092	Speaker	stop	None
2017-03-07 10:22:41.734701	Trial	end	4
2017-03-07 10:22:46.153317	Trial	start	5
2017-03-07 10:22:46.155417	Speaker	play	None
2017-03-07 10:22:46.206613	Speaker	stop	None
2017-03-07 10:22:46.207214	Trial	end	5
2017-03-07 10:22:46.207900	Trial	start	6
2017-03-07 10:22:46.209929	Speaker	play	None
2017-03-07 10:22:52.215172	Speaker	stop	None
2017-03-07 10:22:52.215801	Trial	end	6
2017-03-07 10:22:57.592881	Trial	start	7
2017-03-07 10:22:57.594958	Speaker	play	None
2017-03-07 10:22:57.646168	Speaker	stop	None
2017-03-07 10:22:57.646714	Trial	end	7
2017-03-07 10:22:57.647485	Trial	start	8
2017-03-07 10:22:57.649787	Speaker	play	None
2017-03-07 10:23:03.654684	Speaker	stop	None
2017-03-07 10:23:03.655806	Hopper	up	None
2017-03-07 10:23:15.659285	Hopper	down	None
2017-03-07 10:23:15.962280	Trial	end	8
2017-03-07 10:24:08.736220	Trial	start	9
2017-03-07 10:24:08.738490	Speaker	play	None
2017-03-07 10:24:14.740781	Speaker	stop	None
2017-03-07 10:24:14.741510	Trial	end	9
2017-03-07 10:24:25.332256	Trial	start	10
2017-03-07 10:24:25.334218	Speaker	play	None
2017-03-07 10:24:25.385601	Speaker	stop	None
2017-03-07 10:24:25.386092	Trial	end	10
2017-03-07 10:24:25.388649	Trial	start	11
2017-03-07 10:24:25.392279	Speaker	play	None
2017-03-07 10:24:31.398250	Speaker	stop	None
2017-03-07 10:24:31.399165	Trial	end	11
2017-03-07 10:24:38.881059	Trial	start	12
2017-03-07 10:24:38.883187	Speaker	play	None
2017-03-07 10:24:38.930298	Speaker	stop	None
2017-03-07 10:24:38.930863	Trial	end	12
2017-03-07 10:24:38.933326	Trial	start	13
2017-03-07 10:24:38.935189	Speaker	play	None
2017-03-07 10:24:44.938752	Speaker	stop	None
2017-03-07 10:24:44.939300	Trial	end	13
2017-03-07 10:24:50.123966	Trial	start	14
2017-03-07 10:24:50.126490	Speaker	play	None
2017-03-07 10:24:50.177263	Speaker	stop	None
2017-03-07 10:24:50.177856	Trial	end	14
2017-03-07 10:24:50.178474	Trial	start	15
2017-03-07 10:24:50.180160	Speaker	play	None
2017-03-07 10:24:56.185778	Speaker	stop	None
2017-03-07 10:24:56.186507	Trial	end	15
2017-03-07 10:25:01.469204	Trial	start	16
2017-03-07 10:25:01.471465	Speaker	play	None
2017-03-07 10:25:01.522571	Speaker	stop	None
2017-03-07 10:25:01.523152	Trial	end	16
2017-03-07 10:25:01.523862	Trial	start	17
2017-03-07 10:25:01.525877	Speaker	play	None
2017-03-07 10:25:02.419491	Speaker	stop	None
2017-03-07 10:25:02.419997	Trial	end	17
2017-03-07 10:25:02.420770	Trial	start	18
2017-03-07 10:25:02.423412	Speaker	play	None
2017-03-07 10:25:02.472747	Speaker	stop	None
2017-03-07 10:25:02.473402	Trial	end	18
2017-03-07 10:25:02.476323	Trial	start	19
2017-03-07 10:25:02.478241	Speaker	play	None
2017-03-07 10:25:08.485334	Speaker	stop	None
2017-03-07 10:25:08.485936	Trial	end	19
2017-03-07 10:25:12.380369	Trial	start	20
2017-03-07 10:25:12.382736	Speaker	play	None
2017-03-07 10:25:18.388941	Speaker	stop	None
2017-03-07 10:25:18.389805	Hopper	up	None
2017-03-07 10:25:30.393501	Hopper	down	None
2017-03-07 10:25:30.696571	Trial	end	20
2017-03-07 10:25:54.386503	Trial	start	21
2017-03-07 10:25:54.388783	Speaker	play	None
2017-03-07 10:26:00.395062	Speaker	stop	None
2017-03-07 10:26:00.395639	Trial	end	21
2017-03-07 10:26:07.873852	Trial	start	22
2017-03-07 10:26:07.876063	Speaker	play	None
2017-03-07 10:26:07.923330	Speaker	stop	None
2017-03-07 10:26:07.924157	Trial	end	22
2017-03-07 10:26:07.926986	Trial	start	23
2017-03-07 10:26:07.929423	Speaker	play	None
2017-03-07 10:26:13.935684	Speaker	stop	None
2017-03-07 10:26:13.936322	Trial	end	23
2017-03-07 10:26:15.864699	Trial	start	24
2017-03-07 10:26:15.866907	Speaker	play	None
2017-03-07 10:26:16.470980	Speaker	stop	None
2017-03-07 10:26:16.471568	Trial	end	24
2017-03-07 10:26:16.472157	Trial	start	25
2017-03-07 10:26:16.474221	Speaker	play	None
2017-03-07 10:26:22.479448	Speaker	stop	None
2017-03-07 10:26:22.480034	Trial	end	25
2017-03-07 10:26:31.686636	Trial	start	26
2017-03-07 10:26:31.689260	Speaker	play	None
2017-03-07 10:26:37.695177	Speaker	stop	None
2017-03-07 10:26:37.695741	Trial	end	26
2017-03-07 10:26:42.732896	Trial	start	27
2017-03-07 10:26:42.734909	Speaker	play	None
2017-03-07 10:26:48.737490	Speaker	stop	None
2017-03-07 10:26:48.738611	Hopper	up	None
2017-03-07 10:27:00.742047	Hopper	down	None
2017-03-07 10:27:01.045077	Trial	end	27
2017-03-07 10:27:33.970945	Trial	start	28
2017-03-07 10:27:33.974606	Speaker	play	None
2017-03-07 10:27:39.979649	Speaker	stop	None
2017-03-07 10:27:39.981188	Hopper	up	None
2017-03-07 10:27:51.984112	Hopper	down	None
2017-03-07 10:27:52.287188	Trial	end	28
2017-03-07 10:28:04.029762	Trial	start	29
2017-03-07 10:28:04.031788	Speaker	play	None
2017-03-07 10:28:10.034269	Speaker	stop	None
2017-03-07 10:28:10.034861	Trial	end	29
2017-03-07 10:28:13.052818	Trial	start	30
2017-03-07 10:28:13.054880	Speaker	play	None
2017-03-07 10:28:19.057156	Speaker	stop	None
2017-03-07 10:28:19.057914	Hopper	up	None
2017-03-07 10:28:31.061842	Hopper	down	None
2017-03-07 10:28:31.364956	Trial	end	30
2017-03-07 10:28:53.215829	Trial	start	31
2017-03-07 10:28:53.217713	Speaker	play	None
2017-03-07 10:28:53.265086	Speaker	stop	None
2017-03-07 10:28:53.265714	Trial	end	31
2017-03-07 10:28:53.268225	Trial	start	32
2017-03-07 10:28:53.270759	Speaker	play	None
2017-03-07 10:28:59.273573	Speaker	stop	None
2017-03-07 10:28:59.274128	Trial	end	32
2017-03-07 10:29:01.501635	Trial	start	33
2017-03-07 10:29:01.503694	Speaker	play	None
2017-03-07 10:29:07.510282	Speaker	stop	None
2017-03-07 10:29:07.513080	Hopper	up	None
2017-03-07 10:29:19.514742	Hopper	down	None
2017-03-07 10:29:19.817842	Trial	end	33
2017-03-07 10:29:39.260455	Trial	start	34
2017-03-07 10:29:39.262514	Speaker	play	None
2017-03-07 10:29:45.264927	Speaker	stop	None
2017-03-07 10:29:45.265730	Trial	end	34
2017-03-07 10:29:49.159918	Trial	start	35
2017-03-07 10:29:49.161960	Speaker	play	None
2017-03-07 10:29:55.164408	Speaker	stop	None
2017-03-07 10:29:55.166116	Hopper	up	None
2017-03-07 10:30:07.169043	Hopper	down	None
2017-03-07 10:30:07.472223	Trial	end	35
2017-03-07 10:30:53.123492	Trial	start	36
2017-03-07 10:30:53.125608	Speaker	play	None
2017-03-07 10:30:53.176824	Speaker	stop	None
2017-03-07 10:30:53.177353	Trial	end	36
2017-03-07 10:30:53.179960	Trial	start	37
2017-03-07 10:30:53.181887	Speaker	play	None
2017-03-07 10:30:59.185271	Speaker	stop	None
2017-03-07 10:30:59.185846	Trial	end	37
2017-03-07 10:31:03.850337	Trial	start	38
2017-03-07 10:31:03.852844	Speaker	play	None
2017-03-07 10:31:03.903708	Speaker	stop	None
2017-03-07 10:31:03.904356	Trial	end	38
2017-03-07 10:31:03.906973	Trial	start	39
2017-03-07 10:31:03.909489	Speaker	play	None
2017-03-07 10:31:09.916328	Speaker	stop	None
2017-03-07 10:31:09.917276	Trial	end	39
2017-03-07 10:31:16.383460	Trial	start	40
2017-03-07 10:31:16.387207	Speaker	play	None
2017-03-07 10:31:22.392106	Speaker	stop	None
2017-03-07 10:31:22.393317	Trial	end	40
2017-03-07 10:31:26.741546	Trial	start	41
2017-03-07 10:31:26.743684	Speaker	play	None
2017-03-07 10:31:32.750124	Speaker	stop	None
2017-03-07 10:31:32.750800	Trial	end	41
2017-03-07 10:31:44.734387	Trial	start	42
2017-03-07 10:31:44.739753	Speaker	play	None
2017-03-07 10:31:50.746913	Speaker	stop	None
2017-03-07 10:31:50.747411	Trial	end	42
2017-03-07 10:32:02.362462	Trial	start	43
2017-03-07 10:32:02.364524	Speaker	play	None
2017-03-07 10:32:02.415757	Speaker	stop	None
2017-03-07 10:32:02.416288	Trial	end	43
2017-03-07 10:32:02.416964	Trial	start	44
2017-03-07 10:32:02.418818	Speaker	play	None
2017-03-07 10:32:08.424514	Speaker	stop	None
2017-03-07 10:32:08.425637	Trial	end	44
2017-03-07 10:32:14.404027	Trial	start	45
2017-03-07 10:32:14.406498	Speaker	play	None
2017-03-07 10:32:15.505886	Speaker	stop	None
2017-03-07 10:32:15.506465	Trial	end	45
2017-03-07 10:32:15.507104	Trial	start	46
2017-03-07 10:32:15.509314	Speaker	play	None
2017-03-07 10:32:21.514388	Speaker	stop	None
2017-03-07 10:32:21.515258	Trial	end	46
2017-03-07 10:32:30.803417	Trial	start	47
2017-03-07 10:32:30.805730	Speaker	play	None
2017-03-07 10:32:31.479304	Speaker	stop	None
2017-03-07 10:32:31.479989	Trial	end	47
2017-03-07 10:32:31.482900	Trial	start	48
2017-03-07 10:32:31.485188	Speaker	play	None
2017-03-07 10:32:31.532678	Speaker	stop	None
2017-03-07 10:32:31.533325	Trial	end	48
2017-03-07 10:32:31.534357	Trial	start	49
2017-03-07 10:32:31.536304	Speaker	play	None
2017-03-07 10:32:33.740232	Speaker	stop	None
2017-03-07 10:32:33.740971	Trial	end	49
2017-03-07 10:32:33.741652	Trial	start	50
2017-03-07 10:32:33.743822	Speaker	play	None
2017-03-07 10:32:39.748722	Speaker	stop	None
2017-03-07 10:32:39.749960	Hopper	up	None
2017-03-07 10:32:51.753307	Hopper	down	None
2017-03-07 10:32:52.056347	Trial	end	50
2017-03-07 10:33:19.920029	Trial	start	51
2017-03-07 10:33:19.924152	Speaker	play	None
2017-03-07 10:33:20.997208	Speaker	stop	None
2017-03-07 10:33:20.997797	Trial	end	51
2017-03-07 10:33:20.998462	Trial	start	52
2017-03-07 10:33:21.000299	Speaker	play	None
2017-03-07 10:33:27.002870	Speaker	stop	None
2017-03-07 10:33:27.003508	Trial	end	52
2017-03-07 10:33:39.912049	Trial	start	53
2017-03-07 10:33:39.914133	Speaker	play	None
2017-03-07 10:33:39.965310	Speaker	stop	None
2017-03-07 10:33:39.965852	Trial	end	53
2017-03-07 10:33:39.968418	Trial	start	54
2017-03-07 10:33:39.970271	Speaker	play	None
2017-03-07 10:33:45.975368	Speaker	stop	None
2017-03-07 10:33:45.975932	Trial	end	54
2017-03-07 10:33:52.374534	Trial	start	55
2017-03-07 10:33:52.376695	Speaker	play	None
2017-03-07 10:33:53.206266	Speaker	stop	None
2017-03-07 10:33:53.206815	Trial	end	55
2017-03-07 10:33:53.207462	Trial	start	56
2017-03-07 10:33:53.209680	Speaker	play	None
2017-03-07 10:33:59.212193	Speaker	stop	None
2017-03-07 10:33:59.212718	Trial	end	56
2017-03-07 10:34:07.012428	Trial	start	57
2017-03-07 10:34:07.015268	Speaker	play	None
2017-03-07 10:34:13.018415	Speaker	stop	None
2017-03-07 10:34:13.019093	Trial	end	57
2017-03-07 10:34:19.315134	Trial	start	58
2017-03-07 10:34:19.317547	Speaker	play	None
2017-03-07 10:34:19.995178	Speaker	stop	None
2017-03-07 10:34:19.995701	Trial	end	58
2017-03-07 10:34:19.996490	Trial	start	59
2017-03-07 10:34:19.998410	Speaker	play	None
2017-03-07 10:34:26.001234	Speaker	stop	None
2017-03-07 10:34:26.002101	Trial	end	59
2017-03-07 10:34:30.613912	Trial	start	60
2017-03-07 10:34:30.615901	Speaker	play	None
2017-03-07 10:34:30.663190	Speaker	stop	None
2017-03-07 10:34:30.663788	Trial	end	60
2017-03-07 10:34:30.666332	Trial	start	61
2017-03-07 10:34:30.668183	Speaker	play	None
2017-03-07 10:34:36.673168	Speaker	stop	None
2017-03-07 10:34:36.673856	Trial	end	61
2017-03-07 10:34:42.691126	Trial	start	62
2017-03-07 10:34:42.693523	Speaker	play	None
2017-03-07 10:34:48.697003	Speaker	stop	None
2017-03-07 10:34:48.697607	Trial	end	62
2017-03-07 10:34:56.865780	Trial	start	63
2017-03-07 10:34:56.868043	Speaker	play	None
2017-03-07 10:34:56.923207	Speaker	stop	None
2017-03-07 10:34:56.923824	Trial	end	63
2017-03-07 10:34:56.926373	Trial	start	64
2017-03-07 10:34:56.928235	Speaker	play	None
2017-03-07 10:34:57.472105	Speaker	stop	None
2017-03-07 10:34:57.472684	Trial	end	64
2017-03-07 10:34:57.473310	Trial	start	65
2017-03-07 10:34:57.475506	Speaker	play	None
2017-03-07 10:35:03.482050	Speaker	stop	None
2017-03-07 10:35:03.482897	Hopper	up	None
2017-03-07 10:35:15.485355	Hopper	down	None
2017-03-07 10:35:15.788389	Trial	end	65
2017-03-07 10:35:51.593159	Trial	start	66
2017-03-07 10:35:51.595042	Speaker	play	None
2017-03-07 10:35:57.598810	Speaker	stop	None
2017-03-07 10:35:57.599308	Trial	end	66
2017-03-07 10:36:14.362153	Trial	start	67
2017-03-07 10:36:14.365506	Speaker	play	None
2017-03-07 10:36:20.371869	Speaker	stop	None
2017-03-07 10:36:20.372483	Trial	end	67
2017-03-07 10:36:30.609161	Trial	start	68
2017-03-07 10:36:30.611763	Speaker	play	None
2017-03-07 10:36:36.614722	Speaker	stop	None
2017-03-07 10:36:36.615284	Trial	end	68
2017-03-07 10:36:40.211423	Trial	start	69
2017-03-07 10:36:40.216425	Speaker	play	None
2017-03-07 10:36:46.221172	Speaker	stop	None
2017-03-07 10:36:46.221776	Trial	end	69
2017-03-07 10:36:50.923995	Trial	start	70
2017-03-07 10:36:50.926028	Speaker	play	None
2017-03-07 10:36:56.929532	Speaker	stop	None
2017-03-07 10:36:56.930424	Hopper	up	None
2017-03-07 10:37:08.932293	Hopper	down	None
2017-03-07 10:37:09.235459	Trial	end	70
2017-03-07 10:37:25.703499	Trial	start	71
2017-03-07 10:37:25.705417	Speaker	play	None
2017-03-07 10:37:25.760846	Speaker	stop	None
2017-03-07 10:37:25.761391	Trial	end	71
2017-03-07 10:37:25.763820	Trial	start	72
2017-03-07 10:37:25.765612	Speaker	play	None
2017-03-07 10:37:31.770563	Speaker	stop	None
2017-03-07 10:37:31.772146	Trial	end	72
2017-03-07 10:37:45.976930	Trial	start	73
2017-03-07 10:37:45.979058	Speaker	play	None
2017-03-07 10:37:51.982456	Speaker	stop	None
2017-03-07 10:37:51.983250	Hopper	up	None
2017-03-07 10:38:03.985040	Hopper	down	None
2017-03-07 10:38:04.288160	Trial	end	73
2017-03-07 10:38:29.202733	Trial	start	74
2017-03-07 10:38:29.204858	Speaker	play	None
2017-03-07 10:38:35.208200	Speaker	stop	None
2017-03-07 10:38:35.208738	Trial	end	74
2017-03-07 10:38:38.837615	Trial	start	75
2017-03-07 10:38:38.839992	Speaker	play	None
2017-03-07 10:38:38.894982	Speaker	stop	None
2017-03-07 10:38:38.895576	Trial	end	75
2017-03-07 10:38:38.896298	Trial	start	76
2017-03-07 10:38:38.898810	Speaker	play	None
2017-03-07 10:38:44.904445	Speaker	stop	None
2017-03-07 10:38:44.905482	Hopper	up	None
2017-03-07 10:38:56.906821	Hopper	down	None
2017-03-07 10:38:57.209906	Trial	end	76
2017-03-07 10:39:20.055477	Trial	start	77
2017-03-07 10:39:20.057582	Speaker	play	None
2017-03-07 10:39:26.060858	Speaker	stop	None
2017-03-07 10:39:26.061512	Trial	end	77
2017-03-07 10:39:34.720650	Trial	start	78
2017-03-07 10:39:34.724838	Speaker	play	None
2017-03-07 10:39:40.729939	Speaker	stop	None
2017-03-07 10:39:40.730650	Trial	end	78
2017-03-07 10:39:48.394348	Trial	start	79
2017-03-07 10:39:48.396900	Speaker	play	None
2017-03-07 10:39:54.399443	Speaker	stop	None
2017-03-07 10:39:54.400042	Trial	end	79
2017-03-07 10:39:58.286853	Trial	start	80
2017-03-07 10:39:58.289420	Speaker	play	None
2017-03-07 10:39:58.958706	Speaker	stop	None
2017-03-07 10:39:58.959307	Trial	end	80
2017-03-07 10:39:58.960321	Trial	start	81
2017-03-07 10:39:58.962659	Speaker	play	None
2017-03-07 10:40:04.968154	Speaker	stop	None
2017-03-07 10:40:04.969156	Trial	end	81
2017-03-07 10:40:12.873875	Trial	start	82
2017-03-07 10:40:12.879423	Speaker	play	None
2017-03-07 10:40:14.066018	Speaker	stop	None
2017-03-07 10:40:14.066589	Trial	end	82
2017-03-07 10:40:14.069067	Trial	start	83
2017-03-07 10:40:14.071073	Speaker	play	None
2017-03-07 10:40:14.123363	Speaker	stop	None
2017-03-07 10:40:14.123888	Trial	end	83
2017-03-07 10:40:14.124478	Trial	start	84
2017-03-07 10:40:14.126513	Speaker	play	None
2017-03-07 10:40:20.132780	Speaker	stop	None
2017-03-07 10:40:20.133815	Trial	end	84
2017-03-07 10:40:49.437598	Trial	start	85
2017-03-07 10:40:49.439608	Speaker	play	None
2017-03-07 10:40:55.443040	Speaker	stop	None
2017-03-07 10:40:55.447615	Trial	end	85
2017-03-07 10:41:00.067501	Trial	start	86
2017-03-07 10:41:00.070411	Speaker	play	None
2017-03-07 10:41:00.829533	Speaker	stop	None
2017-03-07 10:41:00.829997	Trial	end	86
2017-03-07 10:41:00.832601	Trial	start	87
2017-03-07 10:41:00.834467	Speaker	play	None
2017-03-07 10:41:00.882733	Speaker	stop	None
2017-03-07 10:41:00.883337	Trial	end	87
2017-03-07 10:41:00.884497	Trial	start	88
2017-03-07 10:41:00.887395	Speaker	play	None
2017-03-07 10:41:06.891988	Speaker	stop	None
2017-03-07 10:41:06.892600	Trial	end	88
2017-03-07 10:41:18.070651	Trial	start	89
2017-03-07 10:41:18.072897	Speaker	play	None
2017-03-07 10:41:24.075972	Speaker	stop	None
2017-03-07 10:41:24.076536	Trial	end	89
2017-03-07 10:41:27.766512	Trial	start	90
2017-03-07 10:41:27.768363	Speaker	play	None
2017-03-07 10:41:27.819889	Speaker	stop	None
2017-03-07 10:41:27.820451	Trial	end	90
2017-03-07 10:41:27.823023	Trial	start	91
2017-03-07 10:41:27.824985	Speaker	play	None
2017-03-07 10:41:28.549080	Speaker	stop	None
2017-03-07 10:41:28.549837	Trial	end	91
2017-03-07 10:41:28.550802	Trial	start	92
2017-03-07 10:41:28.553898	Speaker	play	None
2017-03-07 10:41:28.606460	Speaker	stop	None
2017-03-07 10:41:28.607122	Trial	end	92
2017-03-07 10:41:28.608065	Trial	start	93
2017-03-07 10:41:28.610088	Speaker	play	None
2017-03-07 10:41:29.573287	Speaker	stop	None
2017-03-07 10:41:29.574008	Trial	end	93
2017-03-07 10:41:29.574667	Trial	start	94
2017-03-07 10:41:29.576552	Speaker	play	None
2017-03-07 10:41:29.622344	Speaker	stop	None
2017-03-07 10:41:29.622995	Trial	end	94
2017-03-07 10:41:29.623803	Trial	start	95
2017-03-07 10:41:29.626373	Speaker	play	None
2017-03-07 10:41:35.631578	Speaker	stop	None
2017-03-07 10:41:35.632958	Hopper	up	None
2017-03-07 10:41:47.633532	Hopper	down	None
2017-03-07 10:41:47.936543	Trial	end	95
2017-03-07 10:42:15.762385	Trial	start	96
2017-03-07 10:42:15.765016	Speaker	play	None
2017-03-07 10:42:21.767525	Speaker	stop	None
2017-03-07 10:42:21.769854	Hopper	up	None
2017-03-07 10:42:33.773539	Hopper	down	None
2017-03-07 10:42:34.076593	Trial	end	96
2017-03-07 10:42:53.636052	Trial	start	97
2017-03-07 10:42:53.639661	Speaker	play	None
2017-03-07 10:42:59.645249	Speaker	stop	None
2017-03-07 10:42:59.645833	Trial	end	97
2017-03-07 10:43:10.041314	Trial	start	98
2017-03-07 10:43:10.043383	Speaker	play	None
2017-03-07 10:43:10.098807	Speaker	stop	None
2017-03-07 10:43:10.099361	Trial	end	98
2017-03-07 10:43:10.101940	Trial	start	99
2017-03-07 10:43:10.103919	Speaker	play	None
2017-03-07 10:43:16.107897	Speaker	stop	None
2017-03-07 10:43:16.108467	Trial	end	99
2017-03-07 10:43:24.902360	Trial	start	100
2017-03-07 10:43:24.904300	Speaker	play	None
2017-03-07 10:43:30.657549	Speaker	stop	None
2017-03-07 10:43:30.658004	Trial	end	100
2017-03-07 10:43:30.658688	Trial	start	101
2017-03-07 10:43:30.660645	Speaker	play	None
2017-03-07 10:43:30.710871	Speaker	stop	None
2017-03-07 10:43:30.711456	Trial	end	101
2017-03-07 10:43:30.712184	Trial	start	102
2017-03-07 10:43:30.714107	Speaker	play	None
2017-03-07 10:43:36.720057	Speaker	stop	None
2017-03-07 10:43:36.723427	Trial	end	102
2017-03-07 10:43:40.480267	Trial	start	103
2017-03-07 10:43:40.482856	Speaker	play	None
2017-03-07 10:43:41.025107	Speaker	stop	None
2017-03-07 10:43:41.025703	Trial	end	103
2017-03-07 10:43:41.028260	Trial	start	104
2017-03-07 10:43:41.030127	Speaker	play	None
2017-03-07 10:43:46.870421	Speaker	stop	None
2017-03-07 10:43:46.871417	Trial	end	104
2017-03-07 10:43:46.874331	Trial	start	105
2017-03-07 10:43:46.877416	Speaker	play	None
2017-03-07 10:43:52.883615	Speaker	stop	None
2017-03-07 10:43:52.884605	Trial	end	105
2017-03-07 10:43:57.786615	Trial	start	106
2017-03-07 10:43:57.789412	Speaker	play	None
2017-03-07 10:44:03.795690	Speaker	stop	None
2017-03-07 10:44:03.796461	Hopper	up	None
2017-03-07 10:44:15.797404	Hopper	down	None
2017-03-07 10:44:16.100621	Trial	end	106
2017-03-07 10:44:49.217898	Trial	start	107
2017-03-07 10:44:49.220149	Speaker	play	None
2017-03-07 10:44:55.222980	Speaker	stop	None
2017-03-07 10:44:55.223886	Hopper	up	None
2017-03-07 10:45:07.224605	Hopper	down	None
2017-03-07 10:45:07.527735	Trial	end	107
2017-03-07 10:45:31.395917	Trial	start	108
2017-03-07 10:45:31.398766	Speaker	play	None
2017-03-07 10:45:37.404937	Speaker	stop	None
2017-03-07 10:45:37.405713	Hopper	up	None
2017-03-07 10:45:49.406491	Hopper	down	None
2017-03-07 10:45:49.709584	Trial	end	108
2017-03-07 10:46:03.497182	Trial	start	109
2017-03-07 10:46:03.499600	Speaker	play	None
2017-03-07 10:46:04.062467	Speaker	stop	None
2017-03-07 10:46:04.063046	Trial	end	109
2017-03-07 10:46:04.065630	Trial	start	110
2017-03-07 10:46:04.067739	Speaker	play	None
2017-03-07 10:46:04.111628	Speaker	stop	None
2017-03-07 10:46:04.112210	Trial	end	110
2017-03-07 10:46:04.113098	Trial	start	111
2017-03-07 10:46:04.115421	Speaker	play	None
2017-03-07 10:46:10.120606	Speaker	stop	None
2017-03-07 10:46:10.121143	Trial	end	111
2017-03-07 10:46:15.916529	Trial	start	112
2017-03-07 10:46:15.918638	Speaker	play	None
2017-03-07 10:46:21.921571	Speaker	stop	None
2017-03-07 10:46:21.922213	Trial	end	112
2017-03-07 10:46:22.044309	Trial	start	113
2017-03-07 10:46:22.046473	Speaker	play	None
2017-03-07 10:46:27.689053	Speaker	stop	None
2017-03-07 10:46:27.689765	Trial	end	113
2017-03-07 10:46:27.690609	Trial	start	114
2017-03-07 10:46:27.692787	Speaker	play	None
2017-03-07 10:46:33.697730	Speaker	stop	None
2017-03-07 10:46:33.698560	Hopper	up	None
2017-03-07 10:46:45.699273	Hopper	down	None
2017-03-07 10:46:46.002472	Trial	end	114
2017-03-07 10:46:59.191802	Trial	start	115
2017-03-07 10:46:59.193852	Speaker	play	None
2017-03-07 10:47:05.196739	Speaker	stop	None
2017-03-07 10:47:05.197261	Trial	end	115
2017-03-07 10:47:09.800667	Trial	start	116
2017-03-07 10:47:09.802686	Speaker	play	None
2017-03-07 10:47:15.805597	Speaker	stop	None
2017-03-07 10:47:15.806056	Trial	end	116
2017-03-07 10:47:26.262821	Trial	start	117
2017-03-07 10:47:26.264703	Speaker	play	None
2017-03-07 10:47:32.267788	Speaker	stop	None
2017-03-07 10:47:32.268345	Trial	end	117
2017-03-07 10:47:35.896777	Trial	start	118
2017-03-07 10:47:35.898882	Speaker	play	None
2017-03-07 10:47:41.561765	Speaker	stop	None
2017-03-07 10:47:41.562327	Trial	end	118
2017-03-07 10:47:41.564842	Trial	start	119
2017-03-07 10:47:41.566923	Speaker	play	None
2017-03-07 10:47:42.135193	Speaker	stop	None
2017-03-07 10:47:42.135707	Trial	end	119
2017-03-07 10:47:42.136447	Trial	start	120
2017-03-07 10:47:42.138441	Speaker	play	None
2017-03-07 10:47:48.144120	Speaker	stop	None
2017-03-07 10:47:48.144841	Hopper	up	None
2017-03-07 10:48:00.145607	Hopper	down	None
2017-03-07 10:48:00.448769	Trial	end	120
2017-03-07 10:48:10.619274	Trial	start	121
2017-03-07 10:48:10.622467	Speaker	play	None
2017-03-07 10:48:16.628156	Speaker	stop	None
2017-03-07 10:48:16.628690	Trial	end	121
2017-03-07 10:48:27.761221	Trial	start	122
2017-03-07 10:48:27.766184	Speaker	play	None
2017-03-07 10:48:31.071132	Speaker	stop	None
2017-03-07 10:48:31.072415	Trial	end	122
2017-03-07 10:48:31.073946	Trial	start	123
2017-03-07 10:48:31.081394	Speaker	play	None
2017-03-07 10:48:31.623839	Speaker	stop	None
2017-03-07 10:48:31.624351	Trial	end	123
2017-03-07 10:48:31.626932	Trial	start	124
2017-03-07 10:48:31.628761	Speaker	play	None
2017-03-07 10:48:31.677163	Speaker	stop	None
2017-03-07 10:48:31.677749	Trial	end	124
2017-03-07 10:48:31.678585	Trial	start	125
2017-03-07 10:48:31.680456	Speaker	play	None
2017-03-07 10:48:37.686148	Speaker	stop	None
2017-03-07 10:48:37.686741	Trial	end	125
2017-03-07 10:49:16.500168	Trial	start	126
2017-03-07 10:49:16.502462	Speaker	play	None
2017-03-07 10:49:22.504951	Speaker	stop	None
2017-03-07 10:49:22.505546	Trial	end	126
2017-03-07 10:49:30.742105	Trial	start	127
2017-03-07 10:49:30.745097	Speaker	play	None
2017-03-07 10:49:36.751071	Speaker	stop	None
2017-03-07 10:49:36.751872	Trial	end	127
2017-03-07 10:49:39.720615	Trial	start	128
2017-03-07 10:49:39.722721	Speaker	play	None
2017-03-07 10:49:43.161510	Speaker	stop	None
2017-03-07 10:49:43.162873	Trial	end	128
2017-03-07 10:49:43.164316	Trial	start	129
2017-03-07 10:49:43.166680	Speaker	play	None
2017-03-07 10:49:43.755230	Speaker	stop	None
2017-03-07 10:49:43.755792	Trial	end	129
2017-03-07 10:49:43.756323	Trial	start	130
2017-03-07 10:49:43.758113	Speaker	play	None
2017-03-07 10:49:49.764152	Speaker	stop	None
2017-03-07 10:49:49.764720	Trial	end	130
2017-03-07 14:05:39.897494	Trial	start	131
2017-03-07 14:05:39.902874	Speaker	play	None
2017-03-07 14:05:45.906314	Speaker	stop	None
2017-03-07 14:05:45.907121	Hopper	up	None
2017-03-07 14:05:57.911224	Hopper	down	None
2017-03-07 14:05:58.214345	Trial	end	131
2017-03-07 14:06:18.476738	Trial	start	132
2017-03-07 14:06:18.478812	Speaker	play	None
2017-03-07 14:06:18.525949	Speaker	stop	None
2017-03-07 14:06:18.526479	Trial	end	132
2017-03-07 14:06:18.527488	Trial	start	133
2017-03-07 14:06:18.529945	Speaker	play	None
2017-03-07 14:06:24.534723	Speaker	stop	None
2017-03-07 14:06:24.535698	Hopper	up	None
2017-03-07 14:06:36.539766	Hopper	down	None
2017-03-07 14:06:36.842844	Trial	end	133
2017-03-07 14:07:05.370717	Trial	start	134
2017-03-07 14:07:05.372793	Speaker	play	None
2017-03-07 14:07:11.375323	Speaker	stop	None
2017-03-07 14:07:11.375902	Trial	end	134
2017-03-07 14:07:15.897237	Trial	start	135
2017-03-07 14:07:15.902226	Speaker	play	None
2017-03-07 14:07:15.938264	Speaker	stop	None
2017-03-07 14:07:15.939032	Trial	end	135
2017-03-07 14:07:15.941737	Trial	start	136
2017-03-07 14:07:15.944128	Speaker	play	None
2017-03-07 14:07:19.849772	Speaker	stop	None
2017-03-07 14:07:19.850311	Trial	end	136
2017-03-07 14:07:19.852926	Trial	start	137
2017-03-07 14:07:19.855518	Speaker	play	None
2017-03-07 14:07:20.931186	Speaker	stop	None
2017-03-07 14:07:20.931774	Trial	end	137
2017-03-07 14:07:20.932697	Trial	start	138
2017-03-07 14:07:20.936610	Speaker	play	None
2017-03-07 14:07:26.943832	Speaker	stop	None
2017-03-07 14:07:26.944661	Hopper	up	None
2017-03-07 14:07:38.948833	Hopper	down	None
2017-03-07 14:07:39.251952	Trial	end	138
2017-03-07 14:08:10.917390	Trial	start	139
2017-03-07 14:08:10.919390	Speaker	play	None
2017-03-07 14:08:16.922017	Speaker	stop	None
2017-03-07 14:08:16.922641	Trial	end	139
2017-03-07 14:08:17.507703	Trial	start	140
2017-03-07 14:08:17.509649	Speaker	play	None
2017-03-07 14:08:17.556893	Speaker	stop	None
2017-03-07 14:08:17.557425	Trial	end	140
2017-03-07 14:08:17.560113	Trial	start	141
2017-03-07 14:08:17.562049	Speaker	play	None
2017-03-07 14:08:18.572703	Speaker	stop	None
2017-03-07 14:08:18.573182	Trial	end	141
2017-03-07 14:08:18.573792	Trial	start	142
2017-03-07 14:08:18.575749	Speaker	play	None
2017-03-07 14:08:18.630017	Speaker	stop	None
2017-03-07 14:08:18.630579	Trial	end	142
2017-03-07 14:08:18.631267	Trial	start	143
2017-03-07 14:08:18.633763	Speaker	play	None
2017-03-07 14:08:23.688391	Speaker	stop	None
2017-03-07 14:08:23.688970	Trial	end	143
2017-03-07 14:08:23.689792	Trial	start	144
2017-03-07 14:08:23.691761	Speaker	play	None
2017-03-07 14:08:24.327361	Speaker	stop	None
2017-03-07 14:08:24.327953	Trial	end	144
2017-03-07 14:08:24.328835	Trial	start	145
2017-03-07 14:08:24.330770	Speaker	play	None
2017-03-07 14:08:24.380708	Speaker	stop	None
2017-03-07 14:08:24.381314	Trial	end	145
2017-03-07 14:08:24.381981	Trial	start	146
2017-03-07 14:08:24.383847	Speaker	play	None
2017-03-07 14:08:30.389303	Speaker	stop	None
2017-03-07 14:08:30.390243	Hopper	up	None
2017-03-07 14:08:42.394310	Hopper	down	None
2017-03-07 14:08:42.697434	Trial	end	146
2017-03-07 14:09:03.226138	Trial	start	147
2017-03-07 14:09:03.228622	Speaker	play	None
2017-03-07 14:09:09.234796	Speaker	stop	None
2017-03-07 14:09:09.235362	Trial	end	147
2017-03-07 14:09:17.729646	Trial	start	148
2017-03-07 14:09:17.731903	Speaker	play	None
2017-03-07 14:09:17.778890	Speaker	stop	None
2017-03-07 14:09:17.779737	Trial	end	148
2017-03-07 14:09:17.780624	Trial	start	149
2017-03-07 14:09:17.782511	Speaker	play	None
2017-03-07 14:09:18.921674	Speaker	stop	None
2017-03-07 14:09:18.922319	Trial	end	149
2017-03-07 14:09:18.923073	Trial	start	150
2017-03-07 14:09:18.924870	Speaker	play	None
2017-03-07 14:09:24.930284	Speaker	stop	None
2017-03-07 14:09:24.930848	Trial	end	150
2017-03-07 14:09:51.066124	Trial	start	151
2017-03-07 14:09:51.068116	Speaker	play	None
2017-03-07 14:09:52.082012	Speaker	stop	None
2017-03-07 14:09:52.082646	Trial	end	151
2017-03-07 14:09:52.085180	Trial	start	152
2017-03-07 14:09:52.087113	Speaker	play	None
2017-03-07 14:09:53.097772	Speaker	stop	None
2017-03-07 14:09:53.098307	Trial	end	152
2017-03-07 14:09:53.099068	Trial	start	153
2017-03-07 14:09:53.101855	Speaker	play	None
2017-03-07 14:09:59.106450	Speaker	stop	None
2017-03-07 14:09:59.107075	Trial	end	153
2017-03-07 14:10:13.880312	Trial	start	154
2017-03-07 14:10:13.882477	Speaker	play	None
2017-03-07 14:10:13.933599	Speaker	stop	None
2017-03-07 14:10:13.934220	Trial	end	154
2017-03-07 14:10:13.937099	Trial	start	155
2017-03-07 14:10:13.939628	Speaker	play	None
2017-03-07 14:10:19.946351	Speaker	stop	None
2017-03-07 14:10:19.946896	Trial	end	155
2017-03-07 14:10:27.499125	Trial	start	156
2017-03-07 14:10:27.501893	Speaker	play	None
2017-03-07 14:10:28.818142	Speaker	stop	None
2017-03-07 14:10:28.818768	Trial	end	156
2017-03-07 14:10:28.819425	Trial	start	157
2017-03-07 14:10:28.821382	Speaker	play	None
2017-03-07 14:10:28.871339	Speaker	stop	None
2017-03-07 14:10:28.871883	Trial	end	157
2017-03-07 14:10:28.874475	Trial	start	158
2017-03-07 14:10:28.876287	Speaker	play	None
2017-03-07 14:10:34.880158	Speaker	stop	None
2017-03-07 14:10:34.880706	Trial	end	158
2017-03-07 14:11:39.795808	Trial	start	159
2017-03-07 14:11:39.797710	Speaker	play	None
2017-03-07 14:11:39.853215	Speaker	stop	None
2017-03-07 14:11:39.853811	Trial	end	159
2017-03-07 14:11:39.856315	Trial	start	160
2017-03-07 14:11:39.858130	Speaker	play	None
2017-03-07 14:11:45.861892	Speaker	stop	None
2017-03-07 14:11:45.862452	Trial	end	160
2017-03-07 14:12:34.152563	Trial	start	161
2017-03-07 14:12:34.155222	Speaker	play	None
2017-03-07 14:12:40.161236	Speaker	stop	None
2017-03-07 14:12:40.161761	Trial	end	161
2017-03-07 14:13:02.279036	Trial	start	162
2017-03-07 14:13:02.281974	Speaker	play	None
2017-03-07 14:13:08.286034	Speaker	stop	None
2017-03-07 14:13:08.287165	Trial	end	162
2017-03-07 14:13:26.571737	Trial	start	163
2017-03-07 14:13:26.574325	Speaker	play	None
2017-03-07 14:13:32.580454	Speaker	stop	None
2017-03-07 14:13:32.580998	Trial	end	163
2017-03-07 14:14:02.128359	Trial	start	164
2017-03-07 14:14:02.134507	Speaker	play	None
2017-03-07 14:14:08.141024	Speaker	stop	None
2017-03-07 14:14:08.141593	Trial	end	164
2017-03-07 14:14:26.437343	Trial	start	165
2017-03-07 14:14:26.440390	Speaker	play	None
2017-03-07 14:14:32.446097	Speaker	stop	None
2017-03-07 14:14:32.446643	Trial	end	165
2017-03-07 14:14:54.731875	Trial	start	166
2017-03-07 14:14:54.737415	Speaker	play	None
2017-03-07 14:14:54.785141	Speaker	stop	None
2017-03-07 14:14:54.785879	Trial	end	166
2017-03-07 14:14:54.788559	Trial	start	167
2017-03-07 14:14:54.790442	Speaker	play	None
2017-03-07 14:15:00.793794	Speaker	stop	None
2017-03-07 14:15:00.794335	Trial	end	167
2017-03-07 14:15:07.502798	Trial	start	168
2017-03-07 14:15:07.504713	Speaker	play	None
2017-03-07 14:15:13.507455	Speaker	stop	None
2017-03-07 14:15:13.509785	Hopper	up	None
2017-03-07 14:15:25.513856	Hopper	down	None
2017-03-07 14:15:25.816877	Trial	end	168
2017-03-07 14:15:53.202012	Trial	start	169
2017-03-07 14:15:53.204082	Speaker	play	None
2017-03-07 14:15:59.209067	Speaker	stop	None
2017-03-07 14:15:59.209720	Trial	end	169
2017-03-07 14:16:04.098127	Trial	start	170
2017-03-07 14:16:04.100259	Speaker	play	None
2017-03-07 14:16:04.155562	Speaker	stop	None
2017-03-07 14:16:04.156055	Trial	end	170
2017-03-07 14:16:04.156754	Trial	start	171
2017-03-07 14:16:04.159244	Speaker	play	None
2017-03-07 14:16:10.162591	Speaker	stop	None
2017-03-07 14:16:10.163167	Trial	end	171
2017-03-07 14:16:15.686425	Trial	start	172
2017-03-07 14:16:15.688314	Speaker	play	None
2017-03-07 14:16:21.693559	Speaker	stop	None
2017-03-07 14:16:21.694185	Trial	end	172
2017-03-07 14:16:25.243720	Trial	start	173
2017-03-07 14:16:25.245647	Speaker	play	None
2017-03-07 14:16:26.435409	Speaker	stop	None
2017-03-07 14:16:26.435979	Trial	end	173
2017-03-07 14:16:26.436598	Trial	start	174
2017-03-07 14:16:26.438588	Speaker	play	None
2017-03-07 14:16:26.484651	Speaker	stop	None
2017-03-07 14:16:26.485175	Trial	end	174
2017-03-07 14:16:26.487652	Trial	start	175
2017-03-07 14:16:26.489604	Speaker	play	None
2017-03-07 14:16:32.495866	Speaker	stop	None
2017-03-07 14:16:32.496407	Trial	end	175
2017-03-07 14:16:42.122783	Trial	start	176
2017-03-07 14:16:42.124779	Speaker	play	None
2017-03-07 14:16:42.172090	Speaker	stop	None
2017-03-07 14:16:42.172887	Trial	end	176
2017-03-07 14:16:42.173866	Trial	start	177
2017-03-07 14:16:42.176578	Speaker	play	None
2017-03-07 14:16:48.183399	Speaker	stop	None
2017-03-07 14:16:48.184283	Hopper	up	None
2017-03-07 14:17:00.185558	Hopper	down	None
2017-03-07 14:17:00.488558	Trial	end	177
2017-03-07 14:17:38.101252	Trial	start	178
2017-03-07 14:17:38.103949	Speaker	play	None
2017-03-07 14:17:38.150475	Speaker	stop	None
2017-03-07 14:17:38.150992	Trial	end	178
2017-03-07 14:17:38.151623	Trial	start	179
2017-03-07 14:17:38.153888	Speaker	play	None
2017-03-07 14:17:39.194730	Speaker	stop	None
2017-03-07 14:17:39.195326	Trial	end	179
2017-03-07 14:17:39.195926	Trial	start	180
2017-03-07 14:17:39.197799	Speaker	play	None
2017-03-07 14:17:39.247940	Speaker	stop	None
2017-03-07 14:17:39.248476	Trial	end	180
2017-03-07 14:17:39.251047	Trial	start	181
2017-03-07 14:17:39.253118	Speaker	play	None
2017-03-07 14:17:45.259517	Speaker	stop	None
2017-03-07 14:17:45.260032	Trial	end	181
2017-03-07 14:17:54.751858	Trial	start	182
2017-03-07 14:17:54.754041	Speaker	play	None
2017-03-07 14:17:54.809227	Speaker	stop	None
2017-03-07 14:17:54.810265	Trial	end	182
2017-03-07 14:17:54.813200	Trial	start	183
2017-03-07 14:17:54.815646	Speaker	play	None
2017-03-07 14:18:00.820885	Speaker	stop	None
2017-03-07 14:18:00.821437	Trial	end	183
2017-03-07 14:18:13.790118	Trial	start	184
2017-03-07 14:18:13.792599	Speaker	play	None
2017-03-07 14:18:14.371700	Speaker	stop	None
2017-03-07 14:18:14.372264	Trial	end	184
2017-03-07 14:18:14.374778	Trial	start	185
2017-03-07 14:18:14.377272	Speaker	play	None
2017-03-07 14:18:15.391430	Speaker	stop	None
2017-03-07 14:18:15.391985	Trial	end	185
2017-03-07 14:18:15.392781	Trial	start	186
2017-03-07 14:18:15.394903	Speaker	play	None
2017-03-07 14:18:21.398988	Speaker	stop	None
2017-03-07 14:18:21.399538	Trial	end	186
2017-03-07 14:18:24.650462	Trial	start	187
2017-03-07 14:18:24.653037	Speaker	play	None
2017-03-07 14:18:30.658314	Speaker	stop	None
2017-03-07 14:18:30.659228	Trial	end	187
2017-03-07 14:18:40.982102	Trial	start	188
2017-03-07 14:18:40.984041	Speaker	play	None
2017-03-07 14:18:41.043615	Speaker	stop	None
2017-03-07 14:18:41.044101	Trial	end	188
2017-03-07 14:18:41.046629	Trial	start	189
2017-03-07 14:18:41.048449	Speaker	play	None
2017-03-07 14:18:47.051286	Speaker	stop	None
2017-03-07 14:18:47.051867	Trial	end	189
2017-03-07 14:18:54.303853	Trial	start	190
2017-03-07 14:18:54.305819	Speaker	play	None
2017-03-07 14:19:00.311647	Speaker	stop	None
2017-03-07 14:19:00.314068	Trial	end	190
2017-03-07 14:19:03.960537	Trial	start	191
2017-03-07 14:19:03.964430	Speaker	play	None
2017-03-07 14:19:04.013852	Speaker	stop	None
2017-03-07 14:19:04.014522	Trial	end	191
2017-03-07 14:19:04.015515	Trial	start	192
2017-03-07 14:19:04.017823	Speaker	play	None
2017-03-07 14:19:10.025084	Speaker	stop	None
2017-03-07 14:19:10.026251	Trial	end	192
2017-03-07 14:19:29.736124	Trial	start	193
2017-03-07 14:19:29.738249	Speaker	play	None
2017-03-07 14:19:35.743964	Speaker	stop	None
2017-03-07 14:19:35.744829	Hopper	up	None
2017-03-07 14:19:47.751385	Hopper	down	None
2017-03-07 14:19:48.054486	Trial	end	193
2017-03-07 14:20:00.107036	Trial	start	194
2017-03-07 14:20:00.108998	Speaker	play	None
2017-03-07 14:20:00.995989	Speaker	stop	None
2017-03-07 14:20:00.997180	Trial	end	194
2017-03-07 14:20:01.000779	Trial	start	195
2017-03-07 14:20:01.003041	Speaker	play	None
2017-03-07 14:20:07.007882	Speaker	stop	None
2017-03-07 14:20:07.008671	Trial	end	195
2017-03-07 14:20:12.487292	Trial	start	196
2017-03-07 14:20:12.489850	Speaker	play	None
2017-03-07 14:20:18.495312	Speaker	stop	None
2017-03-07 14:20:18.495961	Trial	end	196
2017-03-07 14:20:47.613454	Trial	start	197
2017-03-07 14:20:47.615410	Speaker	play	None
2017-03-07 14:20:53.621507	Speaker	stop	None
2017-03-07 14:20:53.622086	Trial	end	197
2017-03-07 14:21:03.069540	Trial	start	198
2017-03-07 14:21:03.071665	Speaker	play	None
2017-03-07 14:21:09.077564	Speaker	stop	None
2017-03-07 14:21:09.078122	Trial	end	198
2017-03-07 14:21:22.113346	Trial	start	199
2017-03-07 14:21:22.115392	Speaker	play	None
2017-03-07 14:21:22.162654	Speaker	stop	None
2017-03-07 14:21:22.163288	Trial	end	199
2017-03-07 14:21:22.164497	Trial	start	200
2017-03-07 14:21:22.166821	Speaker	play	None
2017-03-07 14:21:28.170705	Speaker	stop	None
2017-03-07 14:21:28.171291	Trial	end	200
2017-03-07 14:21:35.833160	Trial	start	201
2017-03-07 14:21:35.837258	Speaker	play	None
2017-03-07 14:21:37.000458	Speaker	stop	None
2017-03-07 14:21:37.000991	Trial	end	201
2017-03-07 14:21:37.003457	Trial	start	202
2017-03-07 14:21:37.005346	Speaker	play	None
2017-03-07 14:21:43.008801	Speaker	stop	None
2017-03-07 14:21:43.010341	Trial	end	202
2017-03-07 14:21:46.526397	Trial	start	203
2017-03-07 14:21:46.528362	Speaker	play	None
2017-03-07 14:21:52.534525	Speaker	stop	None
2017-03-07 14:21:52.535097	Trial	end	203
2017-03-07 14:21:58.153492	Trial	start	204
2017-03-07 14:21:58.156798	Speaker	play	None
2017-03-07 14:22:04.161660	Speaker	stop	None
2017-03-07 14:22:04.162369	Trial	end	204
2017-03-07 14:22:28.091589	Trial	start	205
2017-03-07 14:22:28.094700	Speaker	play	None
2017-03-07 14:22:29.107322	Speaker	stop	None
2017-03-07 14:22:29.107858	Trial	end	205
2017-03-07 14:22:29.108467	Trial	start	206
2017-03-07 14:22:29.110530	Speaker	play	None
2017-03-07 14:22:35.115461	Speaker	stop	None
2017-03-07 14:22:35.116015	Trial	end	206
2017-03-07 14:22:44.961060	Trial	start	207
2017-03-07 14:22:44.964969	Speaker	play	None
2017-03-07 14:22:45.014369	Speaker	stop	None
2017-03-07 14:22:45.014937	Trial	end	207
2017-03-07 14:22:45.017522	Trial	start	208
2017-03-07 14:22:45.019607	Speaker	play	None
2017-03-07 14:22:51.026635	Speaker	stop	None
2017-03-07 14:22:51.027264	Trial	end	208
2017-03-07 14:23:04.836770	Trial	start	209
2017-03-07 14:23:04.839106	Speaker	play	None
2017-03-07 14:23:04.890028	Speaker	stop	None
2017-03-07 14:23:04.890558	Trial	end	209
2017-03-07 14:23:04.893154	Trial	start	210
2017-03-07 14:23:04.895159	Speaker	play	None
2017-03-07 14:23:05.737764	Speaker	stop	None
2017-03-07 14:23:05.738481	Trial	end	210
2017-03-07 14:23:05.741231	Trial	start	211
2017-03-07 14:23:05.743792	Speaker	play	None
2017-03-07 14:23:11.749991	Speaker	stop	None
2017-03-07 14:23:11.750690	Trial	end	211
2017-03-07 14:23:21.620233	Trial	start	212
2017-03-07 14:23:21.622439	Speaker	play	None
2017-03-07 14:23:21.677644	Speaker	stop	None
2017-03-07 14:23:21.678213	Trial	end	212
2017-03-07 14:23:21.678961	Trial	start	213
2017-03-07 14:23:21.681012	Speaker	play	None
2017-03-07 14:23:27.685830	Speaker	stop	None
2017-03-07 14:23:27.686438	Trial	end	213
2017-03-07 14:23:42.843553	Trial	start	214
2017-03-07 14:23:42.846224	Speaker	play	None
2017-03-07 14:23:44.199243	Speaker	stop	None
2017-03-07 14:23:44.199801	Trial	end	214
2017-03-07 14:23:44.200492	Trial	start	215
2017-03-07 14:23:44.202495	Speaker	play	None
2017-03-07 14:23:50.207316	Speaker	stop	None
2017-03-07 14:23:50.207952	Trial	end	215
2017-03-07 14:23:58.660489	Trial	start	216
2017-03-07 14:23:58.662478	Speaker	play	None
2017-03-07 14:24:04.664829	Speaker	stop	None
2017-03-07 14:24:04.667150	Hopper	up	None
2017-03-07 14:24:16.668788	Hopper	down	None
2017-03-07 14:24:16.971946	Trial	end	216
2017-03-07 14:24:47.754427	Trial	start	217
2017-03-07 14:24:47.757168	Speaker	play	None
2017-03-07 14:24:49.900675	Speaker	stop	None
2017-03-07 14:24:49.901544	Trial	end	217
2017-03-07 14:24:49.904675	Trial	start	218
2017-03-07 14:24:49.907316	Speaker	play	None
2017-03-07 14:24:49.949701	Speaker	stop	None
2017-03-07 14:24:49.950286	Trial	end	218
2017-03-07 14:24:49.950881	Trial	start	219
2017-03-07 14:24:49.952988	Speaker	play	None
2017-03-07 14:24:51.346329	Speaker	stop	None
2017-03-07 14:24:51.346947	Trial	end	219
2017-03-07 14:24:51.347752	Trial	start	220
2017-03-07 14:24:51.349732	Speaker	play	None
2017-03-07 14:24:57.354560	Speaker	stop	None
2017-03-07 14:24:57.355141	Trial	end	220
2017-03-07 14:25:02.412609	Trial	start	221
2017-03-07 14:25:02.415033	Speaker	play	None
2017-03-07 14:25:08.420890	Speaker	stop	None
2017-03-07 14:25:08.421469	Trial	end	221
2017-03-07 14:25:37.761866	Trial	start	222
2017-03-07 14:25:37.763926	Speaker	play	None
2017-03-07 14:25:37.819335	Speaker	stop	None
2017-03-07 14:25:37.819828	Trial	end	222
2017-03-07 14:25:37.820495	Trial	start	223
2017-03-07 14:25:37.822495	Speaker	play	None
2017-03-07 14:25:43.827497	Speaker	stop	None
2017-03-07 14:25:43.828270	Hopper	up	None
2017-03-07 14:25:55.831802	Hopper	down	None
2017-03-07 14:25:56.134832	Trial	end	223
2017-03-07 14:29:05.030822	Trial	start	224
2017-03-07 14:29:05.033878	Speaker	play	None
2017-03-07 14:29:05.080032	Speaker	stop	None
2017-03-07 14:29:05.080577	Trial	end	224
2017-03-07 14:29:05.083587	Trial	start	225
2017-03-07 14:29:05.086048	Speaker	play	None
2017-03-07 14:29:06.013915	Speaker	stop	None
2017-03-07 14:29:06.014756	Trial	end	225
2017-03-07 14:29:06.018103	Trial	start	226
2017-03-07 14:29:06.022318	Speaker	play	None
2017-03-07 14:29:06.062994	Speaker	stop	None
2017-03-07 14:29:06.063553	Trial	end	226
2017-03-07 14:29:06.064329	Trial	start	227
2017-03-07 14:29:06.066174	Speaker	play	None
2017-03-07 14:29:07.893705	Speaker	stop	None
2017-03-07 14:29:07.894287	Trial	end	227
2017-03-07 14:29:07.894977	Trial	start	228
2017-03-07 14:29:07.900468	Speaker	play	None
2017-03-07 14:29:07.946973	Speaker	stop	None
2017-03-07 14:29:07.947510	Trial	end	228
2017-03-07 14:29:07.949975	Trial	start	229
2017-03-07 14:29:07.951708	Speaker	play	None
2017-03-07 14:29:08.782536	Speaker	stop	None
2017-03-07 14:29:08.783092	Trial	end	229
2017-03-07 14:29:08.783824	Trial	start	230
2017-03-07 14:29:08.785797	Speaker	play	None
2017-03-07 14:29:14.790835	Speaker	stop	None
2017-03-07 14:29:14.791637	Hopper	up	None
2017-03-07 14:29:26.795267	Hopper	down	None
2017-03-07 14:29:27.098306	Trial	end	230
2017-03-07 14:30:47.603240	Trial	start	231
2017-03-07 14:30:47.605400	Speaker	play	None
2017-03-07 14:30:47.656532	Speaker	stop	None
2017-03-07 14:30:47.657036	Trial	end	231
2017-03-07 14:30:47.657746	Trial	start	232
2017-03-07 14:30:47.659673	Speaker	play	None
2017-03-07 14:30:49.135190	Speaker	stop	None
2017-03-07 14:30:49.136128	Trial	end	232
2017-03-07 14:30:49.137572	Trial	start	233
2017-03-07 14:30:49.141453	Speaker	play	None
2017-03-07 14:30:49.188421	Speaker	stop	None
2017-03-07 14:30:49.189085	Trial	end	233
2017-03-07 14:30:49.194065	Trial	start	234
2017-03-07 14:30:49.196199	Speaker	play	None
2017-03-07 14:30:50.175494	Speaker	stop	None
2017-03-07 14:30:50.176134	Trial	end	234
2017-03-07 14:30:50.177812	Trial	start	235
2017-03-07 14:30:50.182908	Speaker	play	None
2017-03-07 14:30:56.187857	Speaker	stop	None
2017-03-07 14:30:56.188395	Trial	end	235
2017-03-07 14:31:14.729062	Trial	start	236
2017-03-07 14:31:14.731879	Speaker	play	None
2017-03-07 14:31:14.782354	Speaker	stop	None
2017-03-07 14:31:14.782884	Trial	end	236
2017-03-07 14:31:14.785422	Trial	start	237
2017-03-07 14:31:14.787925	Speaker	play	None
2017-03-07 14:31:15.331223	Speaker	stop	None
2017-03-07 14:31:15.331822	Trial	end	237
2017-03-07 14:31:15.332494	Trial	start	238
2017-03-07 14:31:15.335297	Speaker	play	None
2017-03-07 14:31:21.339582	Speaker	stop	None
2017-03-07 14:31:21.340376	Hopper	up	None
2017-03-07 14:31:33.344122	Hopper	down	None
2017-03-07 14:31:33.647033	Trial	end	238
2017-03-07 16:04:02.181958	Trial	start	239
2017-03-07 16:04:02.184496	Speaker	play	None
2017-03-07 16:04:02.235261	Speaker	stop	None
2017-03-07 16:04:02.235745	Trial	end	239
2017-03-07 16:04:02.238669	Trial	start	240
2017-03-07 16:04:02.240951	Speaker	play	None
2017-03-07 16:04:03.533772	Speaker	stop	None
2017-03-07 16:04:03.534294	Trial	end	240
2017-03-07 16:04:03.536810	Trial	start	241
2017-03-07 16:04:03.538743	Speaker	play	None
2017-03-07 16:04:09.542908	Speaker	stop	None
2017-03-07 16:04:09.543452	Trial	end	241
2017-03-07 16:04:13.827605	Trial	start	242
2017-03-07 16:04:13.829811	Speaker	play	None
2017-03-07 16:04:13.880885	Speaker	stop	None
2017-03-07 16:04:13.881434	Trial	end	242
2017-03-07 16:04:13.883975	Trial	start	243
2017-03-07 16:04:13.886077	Speaker	play	None
2017-03-07 16:04:19.890153	Speaker	stop	None
2017-03-07 16:04:19.890816	Trial	end	243
2017-03-07 16:04:23.658453	Trial	start	244
2017-03-07 16:04:23.660464	Speaker	play	None
2017-03-07 16:04:29.663558	Speaker	stop	None
2017-03-07 16:04:29.664139	Trial	end	244
2017-03-07 16:04:31.727935	Trial	start	245
2017-03-07 16:04:31.730067	Speaker	play	None
2017-03-07 16:04:31.781273	Speaker	stop	None
2017-03-07 16:04:31.781854	Trial	end	245
2017-03-07 16:04:31.782517	Trial	start	246
2017-03-07 16:04:31.784280	Speaker	play	None
2017-03-07 16:04:37.790370	Speaker	stop	None
2017-03-07 16:04:37.790949	Trial	end	246
2017-03-07 16:04:41.562971	Trial	start	247
2017-03-07 16:04:41.565215	Speaker	play	None
2017-03-07 16:04:47.568023	Speaker	stop	None
2017-03-07 16:04:47.568610	Trial	end	247
2017-03-07 16:04:48.612547	Trial	start	248
2017-03-07 16:04:48.614535	Speaker	play	None
2017-03-07 16:04:48.665813	Speaker	stop	None
2017-03-07 16:04:48.666331	Trial	end	248
2017-03-07 16:04:48.668893	Trial	start	249
2017-03-07 16:04:48.671351	Speaker	play	None
2017-03-07 16:04:54.674926	Speaker	stop	None
2017-03-07 16:04:54.675470	Trial	end	249
2017-03-07 16:05:18.576125	Trial	start	250
2017-03-07 16:05:18.578189	Speaker	play	None
2017-03-07 16:05:18.629415	Speaker	stop	None
2017-03-07 16:05:18.629969	Trial	end	250
2017-03-07 16:05:18.632568	Trial	start	251
2017-03-07 16:05:18.634358	Speaker	play	None
2017-03-07 16:05:19.211066	Speaker	stop	None
2017-03-07 16:05:19.211619	Trial	end	251
2017-03-07 16:05:19.212305	Trial	start	252
2017-03-07 16:05:19.214139	Speaker	play	None
2017-03-07 16:05:25.220147	Speaker	stop	None
2017-03-07 16:05:25.220952	Hopper	up	None
2017-03-07 16:05:37.221868	Hopper	down	None
2017-03-07 16:05:37.524958	Trial	end	252
2017-03-07 16:06:03.609332	Trial	start	253
2017-03-07 16:06:03.611806	Speaker	play	None
2017-03-07 16:06:09.614323	Speaker	stop	None
2017-03-07 16:06:09.614904	Trial	end	253
2017-03-07 16:06:33.019601	Trial	start	254
2017-03-07 16:06:33.023338	Speaker	play	None
2017-03-07 16:06:33.073004	Speaker	stop	None
2017-03-07 16:06:33.073584	Trial	end	254
2017-03-07 16:06:33.074485	Trial	start	255
2017-03-07 16:06:33.076372	Speaker	play	None
2017-03-07 16:06:34.690927	Speaker	stop	None
2017-03-07 16:06:34.691482	Trial	end	255
2017-03-07 16:06:34.692159	Trial	start	256
2017-03-07 16:06:34.694169	Speaker	play	None
2017-03-07 16:06:34.744370	Speaker	stop	None
2017-03-07 16:06:34.744967	Trial	end	256
2017-03-07 16:06:34.747579	Trial	start	257
2017-03-07 16:06:34.749511	Speaker	play	None
2017-03-07 16:06:40.753269	Speaker	stop	None
2017-03-07 16:06:40.753891	Trial	end	257
2017-03-07 16:06:42.322024	Trial	start	258
2017-03-07 16:06:42.324646	Speaker	play	None
2017-03-07 16:06:42.367103	Speaker	stop	None
2017-03-07 16:06:42.367780	Trial	end	258
2017-03-07 16:06:42.370269	Trial	start	259
2017-03-07 16:06:42.372538	Speaker	play	None
2017-03-07 16:06:42.846360	Speaker	stop	None
2017-03-07 16:06:42.846950	Trial	end	259
2017-03-07 16:06:42.847588	Trial	start	260
2017-03-07 16:06:42.849433	Speaker	play	None
2017-03-07 16:06:48.855491	Speaker	stop	None
2017-03-07 16:06:48.856705	Trial	end	260
2017-03-07 16:06:57.743817	Trial	start	261
2017-03-07 16:06:57.746210	Speaker	play	None
2017-03-07 16:07:03.748929	Speaker	stop	None
2017-03-07 16:07:03.749896	Trial	end	261
2017-03-07 16:07:10.179781	Trial	start	262
2017-03-07 16:07:10.182041	Speaker	play	None
2017-03-07 16:07:15.615349	Speaker	stop	None
2017-03-07 16:07:15.615881	Trial	end	262
2017-03-07 16:07:15.616488	Trial	start	263
2017-03-07 16:07:15.618588	Speaker	play	None
2017-03-07 16:07:21.624855	Speaker	stop	None
2017-03-07 16:07:21.626265	Trial	end	263
2017-03-07 16:07:26.040016	Trial	start	264
2017-03-07 16:07:26.043898	Speaker	play	None
2017-03-07 16:07:26.093167	Speaker	stop	None
2017-03-07 16:07:26.093713	Trial	end	264
2017-03-07 16:07:26.096406	Trial	start	265
2017-03-07 16:07:26.099131	Speaker	play	None
2017-03-07 16:07:32.106243	Speaker	stop	None
2017-03-07 16:07:32.106817	Trial	end	265
2017-03-07 16:07:38.320007	Trial	start	266
2017-03-07 16:07:38.322300	Speaker	play	None
2017-03-07 16:07:38.680611	Speaker	stop	None
2017-03-07 16:07:38.681165	Trial	end	266
2017-03-07 16:07:38.681844	Trial	start	267
2017-03-07 16:07:38.686711	Speaker	play	None
2017-03-07 16:07:44.689532	Speaker	stop	None
2017-03-07 16:07:44.690339	Hopper	up	None
2017-03-07 16:07:56.690985	Hopper	down	None
2017-03-07 16:07:56.994106	Trial	end	267
2017-03-07 16:08:17.822773	Trial	start	268
2017-03-07 16:08:17.824919	Speaker	play	None
2017-03-07 16:08:21.431572	Speaker	stop	None
2017-03-07 16:08:21.432383	Trial	end	268
2017-03-07 16:08:21.433497	Trial	start	269
2017-03-07 16:08:21.435454	Speaker	play	None
2017-03-07 16:08:27.440389	Speaker	stop	None
2017-03-07 16:08:27.440938	Trial	end	269
2017-03-07 16:08:29.283511	Trial	start	270
2017-03-07 16:08:29.285499	Speaker	play	None
2017-03-07 16:08:29.332789	Speaker	stop	None
2017-03-07 16:08:29.333318	Trial	end	270
2017-03-07 16:08:29.335883	Trial	start	271
2017-03-07 16:08:29.338045	Speaker	play	None
2017-03-07 16:08:30.533102	Speaker	stop	None
2017-03-07 16:08:30.533777	Trial	end	271
2017-03-07 16:08:30.536268	Trial	start	272
2017-03-07 16:08:30.538246	Speaker	play	None
2017-03-07 16:08:36.541964	Speaker	stop	None
2017-03-07 16:08:36.542665	Trial	end	272
2017-03-07 16:08:40.261052	Trial	start	273
2017-03-07 16:08:40.263676	Speaker	play	None
2017-03-07 16:08:40.314385	Speaker	stop	None
2017-03-07 16:08:40.314959	Trial	end	273
2017-03-07 16:08:40.315533	Trial	start	274
2017-03-07 16:08:40.317892	Speaker	play	None
2017-03-07 16:08:40.752690	Speaker	stop	None
2017-03-07 16:08:40.753290	Trial	end	274
2017-03-07 16:08:40.756003	Trial	start	275
2017-03-07 16:08:40.758707	Speaker	play	None
2017-03-07 16:08:46.761573	Speaker	stop	None
2017-03-07 16:08:46.762115	Trial	end	275
2017-03-07 16:08:58.816339	Trial	start	276
2017-03-07 16:08:58.819656	Speaker	play	None
2017-03-07 16:09:04.825376	Speaker	stop	None
2017-03-07 16:09:04.826205	Hopper	up	None
2017-03-07 16:09:16.826704	Hopper	down	None
2017-03-07 16:09:17.129785	Trial	end	276
2017-03-07 16:10:08.101161	Trial	start	277
2017-03-07 16:10:08.103967	Speaker	play	None
2017-03-07 16:10:14.110086	Speaker	stop	None
2017-03-07 16:10:14.110841	Hopper	up	None
2017-03-07 16:10:26.111441	Hopper	down	None
2017-03-07 16:10:26.414478	Trial	end	277
2017-03-07 16:10:56.864597	Trial	start	278
2017-03-07 16:10:56.868158	Speaker	play	None
2017-03-07 16:10:57.765767	Speaker	stop	None
2017-03-07 16:10:57.766616	Trial	end	278
2017-03-07 16:10:57.769607	Trial	start	279
2017-03-07 16:10:57.771983	Speaker	play	None
2017-03-07 16:11:02.750524	Speaker	stop	None
2017-03-07 16:11:02.751115	Trial	end	279
2017-03-07 16:11:02.753766	Trial	start	280
2017-03-07 16:11:02.755939	Speaker	play	None
2017-03-07 16:11:08.759428	Speaker	stop	None
2017-03-07 16:11:08.760123	Trial	end	280
2017-03-07 16:11:15.296692	Trial	start	281
2017-03-07 16:11:15.300859	Speaker	play	None
2017-03-07 16:11:16.193733	Speaker	stop	None
2017-03-07 16:11:16.194261	Trial	end	281
2017-03-07 16:11:16.196845	Trial	start	282
2017-03-07 16:11:16.198727	Speaker	play	None
2017-03-07 16:11:20.236565	Speaker	stop	None
2017-03-07 16:11:20.237137	Trial	end	282
2017-03-07 16:11:20.239697	Trial	start	283
2017-03-07 16:11:20.241477	Speaker	play	None
2017-03-07 16:11:26.245323	Speaker	stop	None
2017-03-07 16:11:26.245930	Trial	end	283
2017-03-07 16:11:30.075044	Trial	start	284
2017-03-07 16:11:30.077126	Speaker	play	None
2017-03-07 16:11:30.128382	Speaker	stop	None
2017-03-07 16:11:30.128963	Trial	end	284
2017-03-07 16:11:30.129766	Trial	start	285
2017-03-07 16:11:30.131839	Speaker	play	None
2017-03-07 16:11:30.632187	Speaker	stop	None
2017-03-07 16:11:30.632733	Trial	end	285
2017-03-07 16:11:30.635301	Trial	start	286
2017-03-07 16:11:30.637242	Speaker	play	None
2017-03-07 16:11:30.685513	Speaker	stop	None
2017-03-07 16:11:30.686191	Trial	end	286
2017-03-07 16:11:30.687207	Trial	start	287
2017-03-07 16:11:30.689996	Speaker	play	None
2017-03-07 16:11:36.698364	Speaker	stop	None
2017-03-07 16:11:36.698921	Trial	end	287
2017-03-07 16:11:42.449118	Trial	start	288
2017-03-07 16:11:42.451401	Speaker	play	None
2017-03-07 16:11:43.587864	Speaker	stop	None
2017-03-07 16:11:43.588399	Trial	end	288
2017-03-07 16:11:43.590881	Trial	start	289
2017-03-07 16:11:43.592748	Speaker	play	None
2017-03-07 16:11:49.596773	Speaker	stop	None
2017-03-07 16:11:49.597294	Trial	end	289
2017-03-07 16:11:52.422895	Trial	start	290
2017-03-07 16:11:52.424805	Speaker	play	None
2017-03-07 16:11:53.983567	Speaker	stop	None
2017-03-07 16:11:53.984106	Trial	end	290
2017-03-07 16:11:53.986671	Trial	start	291
2017-03-07 16:11:53.988476	Speaker	play	None
2017-03-07 16:11:54.036920	Speaker	stop	None
2017-03-07 16:11:54.037484	Trial	end	291
2017-03-07 16:11:54.038334	Trial	start	292
2017-03-07 16:11:54.040565	Speaker	play	None
2017-03-07 16:11:59.926872	Speaker	stop	None
2017-03-07 16:11:59.927352	Trial	end	292
2017-03-07 16:11:59.929941	Trial	start	293
2017-03-07 16:11:59.931977	Speaker	play	None
2017-03-07 16:12:00.230008	Speaker	stop	None
2017-03-07 16:12:00.230591	Trial	end	293
2017-03-07 16:12:00.231194	Trial	start	294
2017-03-07 16:12:00.232920	Speaker	play	None
2017-03-07 16:12:00.283289	Speaker	stop	None
2017-03-07 16:12:00.283884	Trial	end	294
2017-03-07 16:12:00.286400	Trial	start	295
2017-03-07 16:12:00.288341	Speaker	play	None
2017-03-07 16:12:06.292111	Speaker	stop	None
2017-03-07 16:12:06.292664	Trial	end	295
2017-03-07 16:12:13.451901	Trial	start	296
2017-03-07 16:12:13.454861	Speaker	play	None
2017-03-07 16:12:14.738075	Speaker	stop	None
2017-03-07 16:12:14.738649	Trial	end	296
2017-03-07 16:12:14.739233	Trial	start	297
2017-03-07 16:12:14.741488	Speaker	play	None
2017-03-07 16:12:14.791303	Speaker	stop	None
2017-03-07 16:12:14.791856	Trial	end	297
2017-03-07 16:12:14.794493	Trial	start	298
2017-03-07 16:12:14.796402	Speaker	play	None
2017-03-07 16:12:20.800276	Speaker	stop	None
2017-03-07 16:12:20.801082	Trial	end	298
2017-03-07 16:12:32.432732	Trial	start	299
2017-03-07 16:12:32.434816	Speaker	play	None
2017-03-07 16:12:38.437537	Speaker	stop	None
2017-03-07 16:12:38.438141	Trial	end	299
2017-03-07 16:12:40.243806	Trial	start	300
2017-03-07 16:12:40.246054	Speaker	play	None
2017-03-07 16:12:46.248734	Speaker	stop	None
2017-03-07 16:12:46.249607	Trial	end	300
2017-03-07 16:12:52.712055	Trial	start	301
2017-03-07 16:12:52.713998	Speaker	play	None
2017-03-07 16:12:54.018892	Speaker	stop	None
2017-03-07 16:12:54.019513	Trial	end	301
2017-03-07 16:12:54.020315	Trial	start	302
2017-03-07 16:12:54.022925	Speaker	play	None
2017-03-07 16:13:00.027551	Speaker	stop	None
2017-03-07 16:13:00.028138	Trial	end	302
2017-03-07 16:13:55.085889	Trial	start	303
2017-03-07 16:13:55.088027	Speaker	play	None
2017-03-07 16:14:01.090583	Speaker	stop	None
2017-03-07 16:14:01.091297	Hopper	up	None
2017-03-07 16:14:13.091782	Hopper	down	None
2017-03-07 16:14:13.394860	Trial	end	303
2017-03-07 16:14:48.239439	Trial	start	304
2017-03-07 16:14:48.242119	Speaker	play	None
2017-03-07 16:14:54.248301	Speaker	stop	None
2017-03-07 16:14:54.249212	Hopper	up	None
2017-03-07 16:15:06.253534	Hopper	down	None
2017-03-07 16:15:06.556557	Trial	end	304
2017-03-07 16:15:32.533210	Trial	start	305
2017-03-07 16:15:32.535890	Speaker	play	None
2017-03-07 16:15:38.542051	Speaker	stop	None
2017-03-07 16:15:38.542820	Hopper	up	None
2017-03-07 16:15:50.547250	Hopper	down	None
2017-03-07 16:15:50.850401	Trial	end	305
2017-03-07 16:16:10.429071	Trial	start	306
2017-03-07 16:16:10.431211	Speaker	play	None
2017-03-07 16:16:11.023339	Speaker	stop	None
2017-03-07 16:16:11.024444	Trial	end	306
2017-03-07 16:16:11.027848	Trial	start	307
2017-03-07 16:16:11.030747	Speaker	play	None
2017-03-07 16:16:17.035970	Speaker	stop	None
2017-03-07 16:16:17.036536	Trial	end	307
2017-03-07 16:16:20.046361	Trial	start	308
2017-03-07 16:16:20.048425	Speaker	play	None
2017-03-07 16:16:20.099724	Speaker	stop	None
2017-03-07 16:16:20.100288	Trial	end	308
2017-03-07 16:16:20.102718	Trial	start	309
2017-03-07 16:16:20.105728	Speaker	play	None
2017-03-07 16:16:26.108471	Speaker	stop	None
2017-03-07 16:16:26.108997	Trial	end	309
2017-03-07 16:16:29.565433	Trial	start	310
2017-03-07 16:16:29.567505	Speaker	play	None
2017-03-07 16:16:29.614616	Speaker	stop	None
2017-03-07 16:16:29.615208	Trial	end	310
2017-03-07 16:16:29.615839	Trial	start	311
2017-03-07 16:16:29.617635	Speaker	play	None
2017-03-07 16:16:35.623411	Speaker	stop	None
2017-03-07 16:16:35.624240	Hopper	up	None
2017-03-07 16:16:47.628635	Hopper	down	None
2017-03-07 16:16:47.931627	Trial	end	311
2017-03-07 16:17:30.992399	Trial	start	312
2017-03-07 16:17:30.994441	Speaker	play	None
2017-03-07 16:17:36.997154	Speaker	stop	None
2017-03-07 16:17:36.997864	Trial	end	312
2017-03-07 16:17:44.332911	Trial	start	313
2017-03-07 16:17:44.335679	Speaker	play	None
2017-03-07 16:17:45.193141	Speaker	stop	None
2017-03-07 16:17:45.193781	Trial	end	313
2017-03-07 16:17:45.196335	Trial	start	314
2017-03-07 16:17:45.198264	Speaker	play	None
2017-03-07 16:17:51.201951	Speaker	stop	None
2017-03-07 16:17:51.202619	Trial	end	314
2017-03-07 16:17:56.374963	Trial	start	315
2017-03-07 16:17:56.376927	Speaker	play	None
2017-03-07 16:18:02.379649	Speaker	stop	None
2017-03-07 16:18:02.380247	Trial	end	315
2017-03-07 16:18:08.970102	Trial	start	316
2017-03-07 16:18:08.973347	Speaker	play	None
2017-03-07 16:18:09.363362	Speaker	stop	None
2017-03-07 16:18:09.364240	Trial	end	316
2017-03-07 16:18:09.367308	Trial	start	317
2017-03-07 16:18:09.370239	Speaker	play	None
2017-03-07 16:18:10.276744	Speaker	stop	None
2017-03-07 16:18:10.277325	Trial	end	317
2017-03-07 16:18:10.278122	Trial	start	318
2017-03-07 16:18:10.280311	Speaker	play	None
2017-03-07 16:18:16.285602	Speaker	stop	None
2017-03-07 16:18:16.286238	Trial	end	318
2017-03-07 16:18:16.604930	Trial	start	319
2017-03-07 16:18:16.607044	Speaker	play	None
2017-03-07 16:18:17.071897	Speaker	stop	None
2017-03-07 16:18:17.072712	Trial	end	319
2017-03-07 16:18:17.073549	Trial	start	320
2017-03-07 16:18:17.075960	Speaker	play	None
2017-03-07 16:18:17.129209	Speaker	stop	None
2017-03-07 16:18:17.129736	Trial	end	320
2017-03-07 16:18:17.132204	Trial	start	321
2017-03-07 16:18:17.134016	Speaker	play	None
2017-03-07 16:18:18.439908	Speaker	stop	None
2017-03-07 16:18:18.440440	Trial	end	321
2017-03-07 16:18:18.443042	Trial	start	322
2017-03-07 16:18:18.444849	Speaker	play	None
2017-03-07 16:18:24.448760	Speaker	stop	None
2017-03-07 16:18:24.449818	Trial	end	322
2017-03-07 16:18:29.875681	Trial	start	323
2017-03-07 16:18:29.877791	Speaker	play	None
2017-03-07 16:18:30.797354	Speaker	stop	None
2017-03-07 16:18:30.797943	Trial	end	323
2017-03-07 16:18:30.798646	Trial	start	324
2017-03-07 16:18:30.800576	Speaker	play	None
2017-03-07 16:18:30.850682	Speaker	stop	None
2017-03-07 16:18:30.851253	Trial	end	324
2017-03-07 16:18:30.851933	Trial	start	325
2017-03-07 16:18:30.853869	Speaker	play	None
2017-03-07 16:18:32.706138	Speaker	stop	None
2017-03-07 16:18:32.706871	Trial	end	325
2017-03-07 16:18:32.707523	Trial	start	326
2017-03-07 16:18:32.709910	Speaker	play	None
2017-03-07 16:18:38.714839	Speaker	stop	None
2017-03-07 16:18:38.716013	Hopper	up	None
2017-03-07 16:18:50.719929	Hopper	down	None
2017-03-07 16:18:51.023108	Trial	end	326
2017-03-07 16:19:32.039812	Trial	start	327
2017-03-07 16:19:32.045057	Speaker	play	None
2017-03-07 16:19:33.174387	Speaker	stop	None
2017-03-07 16:19:33.174941	Trial	end	327
2017-03-07 16:19:33.177648	Trial	start	328
2017-03-07 16:19:33.179983	Speaker	play	None
2017-03-07 16:19:34.730831	Speaker	stop	None
2017-03-07 16:19:34.731405	Trial	end	328
2017-03-07 16:19:34.732081	Trial	start	329
2017-03-07 16:19:34.734084	Speaker	play	None
2017-03-07 16:19:35.713808	Speaker	stop	None
2017-03-07 16:19:35.714377	Trial	end	329
2017-03-07 16:19:35.716963	Trial	start	330
2017-03-07 16:19:35.719035	Speaker	play	None
2017-03-07 16:19:35.771168	Speaker	stop	None
2017-03-07 16:19:35.771742	Trial	end	330
2017-03-07 16:19:35.772981	Trial	start	331
2017-03-07 16:19:35.775591	Speaker	play	None
2017-03-07 16:19:41.779938	Speaker	stop	None
2017-03-07 16:19:41.780450	Trial	end	331
2017-03-07 16:19:47.313437	Trial	start	332
2017-03-07 16:19:47.316815	Speaker	play	None
2017-03-07 16:19:47.370899	Speaker	stop	None
2017-03-07 16:19:47.371442	Trial	end	332
2017-03-07 16:19:47.373888	Trial	start	333
2017-03-07 16:19:47.375799	Speaker	play	None
2017-03-07 16:19:48.120453	Speaker	stop	None
2017-03-07 16:19:48.121006	Trial	end	333
2017-03-07 16:19:48.123462	Trial	start	334
2017-03-07 16:19:48.125468	Speaker	play	None
2017-03-07 16:19:54.129120	Speaker	stop	None
2017-03-07 16:19:54.129697	Trial	end	334
2017-03-07 16:19:58.855868	Trial	start	335
2017-03-07 16:19:58.858962	Speaker	play	None
2017-03-07 16:19:58.909094	Speaker	stop	None
2017-03-07 16:19:58.909695	Trial	end	335
2017-03-07 16:19:58.910270	Trial	start	336
2017-03-07 16:19:58.912111	Speaker	play	None
2017-03-07 16:20:00.273037	Speaker	stop	None
2017-03-07 16:20:00.273584	Trial	end	336
2017-03-07 16:20:00.274377	Trial	start	337
2017-03-07 16:20:00.276076	Speaker	play	None
2017-03-07 16:20:06.281739	Speaker	stop	None
2017-03-07 16:20:06.282217	Trial	end	337
2017-03-07 16:20:15.321416	Trial	start	338
2017-03-07 16:20:15.323460	Speaker	play	None
2017-03-07 16:20:15.956425	Speaker	stop	None
2017-03-07 16:20:15.956999	Trial	end	338
2017-03-07 16:20:15.958314	Trial	start	339
2017-03-07 16:20:15.960186	Speaker	play	None
2017-03-07 16:20:21.965221	Speaker	stop	None
2017-03-07 16:20:21.966466	Trial	end	339
2017-03-07 16:20:28.608599	Trial	start	340
2017-03-07 16:20:28.610798	Speaker	play	None
2017-03-07 16:20:28.973253	Speaker	stop	None
2017-03-07 16:20:28.974219	Trial	end	340
2017-03-07 16:20:28.977559	Trial	start	341
2017-03-07 16:20:28.979597	Speaker	play	None
2017-03-07 16:20:31.279299	Speaker	stop	None
2017-03-07 16:20:31.279872	Trial	end	341
2017-03-07 16:20:31.282358	Trial	start	342
2017-03-07 16:20:31.284229	Speaker	play	None
2017-03-07 16:20:31.336586	Speaker	stop	None
2017-03-07 16:20:31.337166	Trial	end	342
2017-03-07 16:20:31.337929	Trial	start	343
2017-03-07 16:20:31.339812	Speaker	play	None
2017-03-07 16:20:37.345307	Speaker	stop	None
2017-03-07 16:20:37.345874	Trial	end	343
2017-03-07 16:20:46.335881	Trial	start	344
2017-03-07 16:20:46.339251	Speaker	play	None
2017-03-07 16:20:52.344553	Speaker	stop	None
2017-03-07 16:20:52.345124	Trial	end	344
2017-03-07 16:21:01.142666	Trial	start	345
2017-03-07 16:21:01.146774	Speaker	play	None
2017-03-07 16:21:01.195887	Speaker	stop	None
2017-03-07 16:21:01.196398	Trial	end	345
2017-03-07 16:21:01.198967	Trial	start	346
2017-03-07 16:21:01.200991	Speaker	play	None
2017-03-07 16:21:06.930244	Speaker	stop	None
2017-03-07 16:21:06.930836	Trial	end	346
2017-03-07 16:21:06.933143	Trial	start	347
2017-03-07 16:21:06.935078	Speaker	play	None
2017-03-07 16:21:12.938891	Speaker	stop	None
2017-03-07 16:21:12.939789	Hopper	up	None
2017-03-07 16:21:24.943939	Hopper	down	None
2017-03-07 16:21:25.247086	Trial	end	347
2017-03-07 16:21:55.773951	Trial	start	348
2017-03-07 16:21:55.775867	Speaker	play	None
2017-03-07 16:21:55.823176	Speaker	stop	None
2017-03-07 16:21:55.823769	Trial	end	348
2017-03-07 16:21:55.824420	Trial	start	349
2017-03-07 16:21:55.826286	Speaker	play	None
2017-03-07 16:22:01.831908	Speaker	stop	None
2017-03-07 16:22:01.832544	Trial	end	349
2017-03-07 16:22:14.652045	Trial	start	350
2017-03-07 16:22:14.654116	Speaker	play	None
2017-03-07 16:22:15.905545	Speaker	stop	None
2017-03-07 16:22:15.906145	Trial	end	350
2017-03-07 16:22:15.908778	Trial	start	351
2017-03-07 16:22:15.910847	Speaker	play	None
2017-03-07 16:22:15.958780	Speaker	stop	None
2017-03-07 16:22:15.959329	Trial	end	351
2017-03-07 16:22:15.960045	Trial	start	352
2017-03-07 16:22:15.962048	Speaker	play	None
2017-03-07 16:22:16.204487	Speaker	stop	None
2017-03-07 16:22:16.205129	Trial	end	352
2017-03-07 16:22:16.208377	Trial	start	353
2017-03-07 16:22:16.211038	Speaker	play	None
2017-03-07 16:22:18.199235	Speaker	stop	None
2017-03-07 16:22:18.199798	Trial	end	353
2017-03-07 16:22:18.200480	Trial	start	354
2017-03-07 16:22:18.202193	Speaker	play	None
2017-03-07 16:22:24.207947	Speaker	stop	None
2017-03-07 16:22:24.208968	Hopper	up	None
2017-03-07 16:22:36.212999	Hopper	down	None
2017-03-07 16:22:36.516041	Trial	end	354
2017-03-07 16:29:48.433233	Trial	start	355
2017-03-07 16:29:48.435212	Speaker	play	None
2017-03-07 16:29:54.437757	Speaker	stop	None
2017-03-07 16:29:54.438526	Hopper	up	None
2017-03-07 16:30:06.438774	Hopper	down	None
2017-03-07 16:30:06.741852	Trial	end	355
2017-03-07 16:30:20.998203	PeckPort	off	None
2017-03-07 16:30:20.998412	HouseLight	on	None
2017-03-07 16:30:20.998554	Hopper	down	None
