"2017-03-02 09:53:39,110","INFO","Preparing subject and data storage"
"2017-03-02 09:53:39,111","INFO","Created subject object with name LblGra3039M"
"2017-03-02 09:53:39,111","INFO","Created datastore CSVStore: filename = /home/fet/data/LblGra3039M/020317/LblGra3039M_trialdata_20170302095339.csv, fields = session, index, time, stimulus_name, condition_name, response, correct, rt, reward, max_wait for subject LblGra3039M"
"2017-03-02 09:53:39,112","INFO","Preparing to run experiment Go No-Go Interruption"
"2017-03-02 09:53:39,417","INFO","Entering Idle state"
"2017-03-02 09:53:39,720","INFO","Beginning block #1"
"2017-03-02 09:53:46,343","INFO","Trial 1 - 09:53:46 - Unrewarded - /home/fet/stimuli/test_categories_box2/nonreward/Te_Stim_10_WhiWhi1415_210231223627.wav"
"2017-03-02 09:53:46,397","INFO","Trial 2 - 09:53:46 - Unrewarded - /home/fet/stimuli/test_categories_box2/nonreward/Th_Stim_9_GreOra1817_121026232838.wav"
"2017-03-02 09:53:46,803","INFO","Trial 3 - 09:53:46 - Rewarded - /home/fet/stimuli/test_categories_box2/reward/LT_Stim_2_LblBlu1630_010904101106.wav"
"2017-03-02 09:53:46,852","INFO","Trial 4 - 09:53:46 - Unrewarded - /home/fet/stimuli/test_categories_box2/nonreward/Be_Stim_4_LblBlu1729_090510.wav"
"2017-03-02 09:53:55,669","INFO","Trial 5 - 09:53:55 - Unrewarded - /home/fet/stimuli/test_categories_box2/nonreward/Te_Stim_5_BluRas61dd_210501302510.wav"
"2017-03-02 09:53:55,725","INFO","Trial 6 - 09:53:55 - Rewarded - /home/fet/stimuli/test_categories_box2/reward/LT_Stim_3_LblBlu2028_091402010507.wav"
"2017-03-02 09:54:01,731","INFO","Supplying reward for 12.00 seconds"
"2017-03-02 09:54:37,852","INFO","Trial 7 - 09:54:37 - Rewarded - /home/fet/stimuli/test_categories_box2/reward/LT_Stim_10_WhiBlu3615_050307060102.wav"
"2017-03-02 09:54:43,857","INFO","Supplying reward for 12.00 seconds"
"2017-03-02 09:56:31,117","INFO","Trial 8 - 09:56:31 - Rewarded - /home/fet/stimuli/test_categories_box2/reward/LT_Stim_1_WhiBlu3513_060105020403.wav"
"2017-03-02 09:56:37,126","INFO","Supplying reward for 12.00 seconds"
"2017-03-02 09:57:22,724","INFO","Trial 9 - 09:57:22 - Unrewarded - /home/fet/stimuli/test_categories_box2/nonreward/Di_Stim_2_PurRas20dd_040101040401.wav"
"2017-03-02 09:58:09,244","INFO","Trial 10 - 09:58:09 - Rewarded - /home/fet/stimuli/test_categories_box2/reward/LT_Stim_3_WhiBlu3615_040501020307.wav"
"2017-03-02 09:58:15,253","INFO","Supplying reward for 12.00 seconds"
"2017-03-02 09:58:41,048","INFO","Trial 11 - 09:58:41 - Unrewarded - /home/fet/stimuli/test_categories_box2/nonreward/Be_Stim_3_LblBlu2028_04_0303_0111_02.wav"
"2017-03-02 09:58:54,244","INFO","Trial 12 - 09:58:54 - Unrewarded - /home/fet/stimuli/test_categories_box2/nonreward/Te_Stim_6_BluRas61dd_140410122916.wav"
"2017-03-02 09:59:05,561","INFO","Trial 13 - 09:59:05 - Unrewarded - /home/fet/stimuli/test_categories_box2/nonreward/Ag_Stim_4_WhiBlu5698_130403081110.wav"
"2017-03-02 09:59:39,093","INFO","Trial 14 - 09:59:39 - Unrewarded - /home/fet/stimuli/test_categories_box2/nonreward/Th_Stim_5_WhiRas44dd_421610284933.wav"
"2017-03-02 09:59:50,492","INFO","Trial 15 - 09:59:50 - Rewarded - /home/fet/stimuli/test_categories_box2/reward/LT_Stim_2_LblRas1800_020406030501.wav"
"2017-03-02 09:59:51,554","INFO","Trial 16 - 09:59:51 - Unrewarded - /home/fet/stimuli/test_categories_box2/nonreward/Be_Stim_6_LblBlu1729_110902.wav"
"2017-03-02 09:59:51,607","INFO","Trial 17 - 09:59:51 - Rewarded - /home/fet/stimuli/test_categories_box2/reward/LT_Stim_2_LblBlu6680_043101152214.wav"
"2017-03-02 09:59:57,615","INFO","Supplying reward for 12.00 seconds"
"2017-03-02 10:00:31,454","INFO","Trial 18 - 10:00:31 - Rewarded - /home/fet/stimuli/test_categories_box2/reward/LT_Stim_8_LblBlu2028_091411120610.wav"
"2017-03-02 10:00:32,271","INFO","Trial 19 - 10:00:32 - Unrewarded - /home/fet/stimuli/test_categories_box2/nonreward/Te_Stim_8_GreWhi1242_242203072514.wav"
"2017-03-02 10:00:32,319","INFO","Trial 20 - 10:00:32 - Unrewarded - /home/fet/stimuli/test_categories_box2/nonreward/Tu_Stim_7_GraLbl0457_061411041602.wav"
"2017-03-02 10:00:47,026","INFO","Trial 21 - 10:00:47 - Unrewarded - /home/fet/stimuli/test_categories_box2/nonreward/DC_Stim_2_GreRas2400_010202020201.wav"
"2017-03-02 10:00:47,081","INFO","Trial 22 - 10:00:47 - Unrewarded - /home/fet/stimuli/test_categories_box2/nonreward/Ag_Stim_8_WhiBlu4818_070605060607.wav"
"2017-03-02 10:00:58,036","INFO","Trial 23 - 10:00:58 - Unrewarded - /home/fet/stimuli/test_categories_box2/nonreward/Ne_Stim_8_Unknown01F_010202010102.wav"
"2017-03-02 10:01:10,479","INFO","Trial 24 - 10:01:10 - Rewarded - /home/fet/stimuli/test_categories_box2/reward/LT_Stim_9_LblBlu6243_031207110820.wav"
"2017-03-02 10:01:11,344","INFO","Trial 25 - 10:01:11 - Unrewarded - /home/fet/stimuli/test_categories_box2/nonreward/Be_Stim_3_GraGre0813_011016.wav"
"2017-03-02 10:01:11,397","INFO","Trial 26 - 10:01:11 - Unrewarded - /home/fet/stimuli/test_categories_box2/nonreward/Te_Stim_1_GreRas2400_132701333414.wav"
"2017-03-02 10:01:24,281","INFO","Trial 27 - 10:01:24 - Unrewarded - /home/fet/stimuli/test_categories_box2/nonreward/Be_Stim_1_LblGre0001_060111_03.wav"
"2017-03-02 10:01:25,511","INFO","Trial 28 - 10:01:25 - Unrewarded - /home/fet/stimuli/test_categories_box2/nonreward/Th_Stim_4_WhiGra0114_020501060807.wav"
"2017-03-02 10:01:25,565","INFO","Trial 29 - 10:01:25 - Unrewarded - /home/fet/stimuli/test_categories_box2/nonreward/Te_Stim_10_GraLbl0457_100821240928.wav"
"2017-03-02 10:01:34,455","INFO","Trial 30 - 10:01:34 - Unrewarded - /home/fet/stimuli/test_categories_box2/nonreward/So_Stim_5_LblBla4419_010210.wav"
"2017-03-02 10:01:43,630","INFO","Trial 31 - 10:01:43 - Unrewarded - /home/fet/stimuli/test_categories_box2/nonreward/Ag_Stim_4_WhiWhi1415_020202020202.wav"
"2017-03-02 10:01:55,274","INFO","Trial 32 - 10:01:55 - Rewarded - /home/fet/stimuli/test_categories_box2/reward/LT_Stim_6_LblBlu1630_151203060805.wav"
"2017-03-02 10:01:55,333","INFO","Trial 33 - 10:01:55 - Unrewarded - /home/fet/stimuli/test_categories_box2/nonreward/Ne_Stim_9_Unknown000_010101010101.wav"
"2017-03-02 10:02:05,116","INFO","Trial 34 - 10:02:05 - Rewarded - /home/fet/stimuli/test_categories_box2/reward/LT_Stim_3_WhiBlu0112_140221241009.wav"
"2017-03-02 10:02:08,918","INFO","Trial 35 - 10:02:08 - Unrewarded - /home/fet/stimuli/test_categories_box2/nonreward/DC_Stim_6_HPiHPi4748_030729140528.wav"
"2017-03-02 10:02:23,400","INFO","Trial 36 - 10:02:23 - Unrewarded - /home/fet/stimuli/test_categories_box2/nonreward/DC_Stim_6_WhiBlu4917_201809220106.wav"
"2017-03-02 10:02:24,810","INFO","Trial 37 - 10:02:24 - Unrewarded - /home/fet/stimuli/test_categories_box2/nonreward/Wh_Stim_4_YelGre5275_091201051003.wav"
"2017-03-02 10:02:38,845","INFO","Trial 38 - 10:02:38 - Unrewarded - /home/fet/stimuli/test_categories_box2/nonreward/DC_Stim_8_YelGre5275_153224311935.wav"
"2017-03-02 10:02:38,900","INFO","Trial 39 - 10:02:38 - Unrewarded - /home/fet/stimuli/test_categories_box2/nonreward/So_Stim_5_YelGre5275_252808.wav"
"2017-03-02 10:02:59,783","INFO","Trial 40 - 10:02:59 - Rewarded - /home/fet/stimuli/test_categories_box2/reward/LT_Stim_8_LblBlu6379_021115252206.wav"
"2017-03-02 10:03:05,792","INFO","Supplying reward for 12.00 seconds"
"2017-03-02 10:04:13,454","INFO","Trial 41 - 10:04:13 - Unrewarded - /home/fet/stimuli/test_categories_box2/nonreward/Ag_Stim_4_GraGra0201_061405150913.wav"
"2017-03-02 10:04:13,857","INFO","Trial 42 - 10:04:13 - Unrewarded - /home/fet/stimuli/test_categories_box2/nonreward/Ag_Stim_7_LblRed0613_212507352904.wav"
"2017-03-02 10:04:13,906","INFO","Trial 43 - 10:04:13 - Unrewarded - /home/fet/stimuli/test_categories_box2/nonreward/Wh_Stim_6_LblBla4548_101208051503.wav"
"2017-03-02 10:04:25,343","INFO","Trial 44 - 10:04:25 - Unrewarded - /home/fet/stimuli/test_categories_box2/nonreward/Be_Stim_9_WhiBlu0112_021709.wav"
"2017-03-02 10:04:35,290","INFO","Trial 45 - 10:04:35 - Rewarded - /home/fet/stimuli/test_categories_box2/reward/LT_Stim_5_LblBlu1630_100304020511.wav"
"2017-03-02 10:04:35,344","INFO","Trial 46 - 10:04:35 - Unrewarded - /home/fet/stimuli/test_categories_box2/nonreward/So_Stim_3_GraLbl0457_140905.wav"
"2017-03-02 10:04:44,671","INFO","Trial 47 - 10:04:44 - Rewarded - /home/fet/stimuli/test_categories_box2/reward/LT_Stim_1_LblGre0001_100609110507.wav"
"2017-03-02 10:04:45,553","INFO","Trial 48 - 10:04:45 - Unrewarded - /home/fet/stimuli/test_categories_box2/nonreward/Tu_Stim_5_YelOra2575_132215232127.wav"
"2017-03-02 10:04:45,607","INFO","Trial 49 - 10:04:45 - Unrewarded - /home/fet/stimuli/test_categories_box2/nonreward/Tu_Stim_5_BluRas61dd_020408070503.wav"
"2017-03-02 10:04:55,732","INFO","Trial 50 - 10:04:55 - Unrewarded - /home/fet/stimuli/test_categories_box2/nonreward/DC_Stim_3_WhiBlu4917_200518190822.wav"
"2017-03-02 10:04:55,791","INFO","Trial 51 - 10:04:55 - Rewarded - /home/fet/stimuli/test_categories_box2/reward/LT_Stim_3_LblGre0001_071105020810.wav"
"2017-03-02 10:04:56,602","INFO","Trial 52 - 10:04:56 - Unrewarded - /home/fet/stimuli/test_categories_box2/nonreward/Th_Stim_6_HPiHPi4748_071906222814.wav"
"2017-03-02 10:05:08,042","INFO","Trial 53 - 10:05:08 - Rewarded - /home/fet/stimuli/test_categories_box2/reward/LT_Stim_4_LblBlu1630_080104100705.wav"
"2017-03-02 10:05:08,834","INFO","Trial 54 - 10:05:08 - Unrewarded - /home/fet/stimuli/test_categories_box2/nonreward/Tu_Stim_6_BluRas61dd_040305080701.wav"
"2017-03-02 10:05:20,123","INFO","Trial 55 - 10:05:20 - Rewarded - /home/fet/stimuli/test_categories_box2/reward/LT_Stim_10_LblBlu6243_081730040628.wav"
"2017-03-02 10:05:26,131","INFO","Supplying reward for 12.00 seconds"
"2017-03-02 10:06:55,134","INFO","Trial 56 - 10:06:55 - Rewarded - /home/fet/stimuli/test_categories_box2/reward/LT_Stim_6_LblBlu6680_312307200108.wav"
"2017-03-02 10:06:55,193","INFO","Trial 57 - 10:06:55 - Rewarded - /home/fet/stimuli/test_categories_box2/reward/LT_Stim_2_LblGre0001_100305010602.wav"
"2017-03-02 10:06:56,892","INFO","Trial 58 - 10:06:56 - Unrewarded - /home/fet/stimuli/test_categories_box2/nonreward/Wh_Stim_6_YelGre5275_100504091312.wav"
"2017-03-02 10:06:56,945","INFO","Trial 59 - 10:06:56 - Rewarded - /home/fet/stimuli/test_categories_box2/reward/LT_Stim_4_LblBlu6680_301612290322.wav"
"2017-03-02 10:07:02,952","INFO","Supplying reward for 12.00 seconds"
"2017-03-02 10:07:35,115","INFO","Trial 60 - 10:07:35 - Rewarded - /home/fet/stimuli/test_categories_box2/reward/LT_Stim_1_LblGre0000_100907181420.wav"
"2017-03-02 10:07:41,124","INFO","Supplying reward for 12.00 seconds"
"2017-03-02 10:08:53,114","INFO","Trial 61 - 10:08:53 - Unrewarded - /home/fet/stimuli/test_categories_box2/nonreward/Ne_Stim_6_GraGra0201_443555451231.wav"
"2017-03-02 10:08:53,168","INFO","Trial 62 - 10:08:53 - Unrewarded - /home/fet/stimuli/test_categories_box2/nonreward/Di_Stim_1_WhiBlu4917_010101010101.wav"
"2017-03-02 10:09:05,412","INFO","Trial 63 - 10:09:05 - Rewarded - /home/fet/stimuli/test_categories_box2/reward/LT_Stim_7_LblRas1800_030601020504.wav"
"2017-03-02 10:09:06,359","INFO","Trial 64 - 10:09:06 - Unrewarded - /home/fet/stimuli/test_categories_box2/nonreward/Tu_Stim_7_PurRas20dd_070504020106.wav"
"2017-03-02 10:09:06,412","INFO","Trial 65 - 10:09:06 - Unrewarded - /home/fet/stimuli/test_categories_box2/nonreward/Ag_Stim_3_WhiWhi1415_020202020202.wav"
"2017-03-02 10:09:20,282","INFO","Trial 66 - 10:09:20 - Unrewarded - /home/fet/stimuli/test_categories_box2/nonreward/Tu_Stim_9_BluRas07dd_030121100508.wav"
"2017-03-02 10:09:32,216","INFO","Trial 67 - 10:09:32 - Rewarded - /home/fet/stimuli/test_categories_box2/reward/LT_Stim_1_LblBlu6243_080319232627.wav"
"2017-03-02 10:09:33,130","INFO","Trial 68 - 10:09:33 - Unrewarded - /home/fet/stimuli/test_categories_box2/nonreward/So_Stim_6_LblBla4419_100902.wav"
"2017-03-02 10:09:33,183","INFO","Trial 69 - 10:09:33 - Rewarded - /home/fet/stimuli/test_categories_box2/reward/LT_Stim_7_WhiBlu3615_060301050704.wav"
"2017-03-02 10:09:39,191","INFO","Supplying reward for 12.00 seconds"
"2017-03-02 10:10:24,624","INFO","Trial 70 - 10:10:24 - Unrewarded - /home/fet/stimuli/test_categories_box2/nonreward/Ag_Stim_5_WhiGra0114_010101010101.wav"
"2017-03-02 10:10:24,674","INFO","Trial 71 - 10:10:24 - Unrewarded - /home/fet/stimuli/test_categories_box2/nonreward/Be_Stim_5_LblBlu1927_030815.wav"
"2017-03-02 10:10:37,680","INFO","Trial 72 - 10:10:37 - Rewarded - /home/fet/stimuli/test_categories_box2/reward/LT_Stim_8_LblBlu6680_310903041201.wav"
"2017-03-02 10:10:38,836","INFO","Trial 73 - 10:10:38 - Unrewarded - /home/fet/stimuli/test_categories_box2/nonreward/Tu_Stim_6_BlaLbl8026_120711080910.wav"
"2017-03-02 10:10:50,293","INFO","Trial 74 - 10:10:50 - Unrewarded - /home/fet/stimuli/test_categories_box2/nonreward/Th_Stim_3_HPiHPi4748_171922211311.wav"
"2017-03-02 10:11:04,410","INFO","Trial 75 - 10:11:04 - Unrewarded - /home/fet/stimuli/test_categories_box2/nonreward/Di_Stim_1_HPiHPi4748_030503030305.wav"
"2017-03-02 10:11:16,479","INFO","Trial 76 - 10:11:16 - Unrewarded - /home/fet/stimuli/test_categories_box2/nonreward/Tu_Stim_6_WhiLbl0010_221506041723.wav"
"2017-03-02 10:11:39,610","INFO","Trial 77 - 10:11:39 - Unrewarded - /home/fet/stimuli/test_categories_box2/nonreward/DC_Stim_8_WhiBlu4917_200609221908.wav"
"2017-03-02 10:11:40,735","INFO","Trial 78 - 10:11:40 - Unrewarded - /home/fet/stimuli/test_categories_box2/nonreward/So_Stim_1_BluRas61dd_132221.wav"
"2017-03-02 10:11:55,582","INFO","Trial 79 - 10:11:55 - Rewarded - /home/fet/stimuli/test_categories_box2/reward/LT_Stim_5_LblRas1800_040601050302.wav"
"2017-03-02 10:12:01,590","INFO","Supplying reward for 12.00 seconds"
"2017-03-02 10:13:00,068","INFO","Trial 80 - 10:13:00 - Unrewarded - /home/fet/stimuli/test_categories_box2/nonreward/Ag_Stim_3_GreWhi1242_010101010101.wav"
"2017-03-02 10:13:14,349","INFO","Trial 81 - 10:13:14 - Rewarded - /home/fet/stimuli/test_categories_box2/reward/LT_Stim_5_WhiBlu3615_010506020704.wav"
"2017-03-02 10:13:14,403","INFO","Trial 82 - 10:13:14 - Unrewarded - /home/fet/stimuli/test_categories_box2/nonreward/Te_Stim_9_YelGre5275_230116322922.wav"
"2017-03-02 10:13:25,870","INFO","Trial 83 - 10:13:25 - Unrewarded - /home/fet/stimuli/test_categories_box2/nonreward/Be_Stim_4_GraGre0813_020609.wav"
"2017-03-02 10:13:25,924","INFO","Trial 84 - 10:13:25 - Unrewarded - /home/fet/stimuli/test_categories_box2/nonreward/Be_Stim_4_WhiBlu0112_110110.wav"
"2017-03-02 10:13:26,743","INFO","Trial 85 - 10:13:26 - Unrewarded - /home/fet/stimuli/test_categories_box2/nonreward/Ne_Stim_5_LblBla4419_354509135205.wav"
"2017-03-02 10:13:26,796","INFO","Trial 86 - 10:13:26 - Unrewarded - /home/fet/stimuli/test_categories_box2/nonreward/Ag_Stim_2_GraGra0201_021412060905.wav"
"2017-03-02 10:13:37,492","INFO","Trial 87 - 10:13:37 - Unrewarded - /home/fet/stimuli/test_categories_box2/nonreward/Tu_Stim_9_WhiRas44dd_131221110910.wav"
"2017-03-02 10:13:50,409","INFO","Trial 88 - 10:13:50 - Unrewarded - /home/fet/stimuli/test_categories_box2/nonreward/Tu_Stim_3_WhiLbl0010_231311201817.wav"
"2017-03-02 10:14:04,220","INFO","Trial 89 - 10:14:04 - Unrewarded - /home/fet/stimuli/test_categories_box2/nonreward/Ne_Stim_6_HPiHPi4748_083121402213.wav"
"2017-03-02 10:14:17,353","INFO","Trial 90 - 10:14:17 - Unrewarded - /home/fet/stimuli/test_categories_box2/nonreward/Tu_Stim_10_YelGre5275_240201231604.wav"
"2017-03-02 10:14:18,174","INFO","Trial 91 - 10:14:18 - Unrewarded - /home/fet/stimuli/test_categories_box2/nonreward/Be_Stim_1_LblGre0000_111007.wav"
"2017-03-02 10:14:28,501","INFO","Trial 92 - 10:14:28 - Unrewarded - /home/fet/stimuli/test_categories_box2/nonreward/So_Stim_4_LblBla4419_021001.wav"
"2017-03-02 10:14:40,489","INFO","Trial 93 - 10:14:40 - Rewarded - /home/fet/stimuli/test_categories_box2/reward/LT_Stim_5_LblBlu6243_130614301610.wav"
"2017-03-02 10:14:40,547","INFO","Trial 94 - 10:14:40 - Unrewarded - /home/fet/stimuli/test_categories_box2/nonreward/Be_Stim_7_GraGre1001_020408.wav"
"2017-03-02 10:14:41,387","INFO","Trial 95 - 10:14:41 - Rewarded - /home/fet/stimuli/test_categories_box2/reward/LT_Stim_4_LblGre0000_080109161810.wav"
"2017-03-02 10:14:47,394","INFO","Supplying reward for 12.00 seconds"
"2017-03-02 10:15:42,507","INFO","Trial 96 - 10:15:42 - Unrewarded - /home/fet/stimuli/test_categories_box2/nonreward/Ag_Stim_1_GreWhi1242_010101010101.wav"
"2017-03-02 10:15:54,904","INFO","Trial 97 - 10:15:54 - Unrewarded - /home/fet/stimuli/test_categories_box2/nonreward/Be_Stim_3_LblGre0000_111207.wav"
"2017-03-02 10:15:55,900","INFO","Trial 98 - 10:15:55 - Unrewarded - /home/fet/stimuli/test_categories_box2/nonreward/So_Stim_2_LblRed0613_220623.wav"
"2017-03-02 10:15:55,958","INFO","Trial 99 - 10:15:55 - Unrewarded - /home/fet/stimuli/test_categories_box2/nonreward/Be_Stim_10_LblGre0000_030112.wav"
"2017-03-02 10:16:07,620","INFO","Trial 100 - 10:16:07 - Unrewarded - /home/fet/stimuli/test_categories_box2/nonreward/Ne_Stim_7_Unknown01F_010202020101.wav"
"2017-03-02 10:16:21,348","INFO","Trial 101 - 10:16:21 - Unrewarded - /home/fet/stimuli/test_categories_box2/nonreward/Be_Stim_3_LblBlu1729_080209.wav"
"2017-03-02 10:16:34,589","INFO","Trial 102 - 10:16:34 - Unrewarded - /home/fet/stimuli/test_categories_box2/nonreward/Ag_Stim_8_WhiRas44dd_241708311132.wav"
"2017-03-02 10:16:34,648","INFO","Trial 103 - 10:16:34 - Unrewarded - /home/fet/stimuli/test_categories_box2/nonreward/Th_Stim_4_GraGra0201_233018071903.wav"
"2017-03-02 10:16:35,389","INFO","Trial 104 - 10:16:35 - Unrewarded - /home/fet/stimuli/test_categories_box2/nonreward/So_Stim_7_HPiHPi4748_202215.wav"
"2017-03-02 10:16:45,201","INFO","Trial 105 - 10:16:45 - Unrewarded - /home/fet/stimuli/test_categories_box2/nonreward/DC_Stim_8_GraLbl0457_300324261018.wav"
"2017-03-02 10:16:46,412","INFO","Trial 106 - 10:16:46 - Unrewarded - /home/fet/stimuli/test_categories_box2/nonreward/DC_Stim_2_GraLbl0457_292418231404.wav"
"2017-03-02 10:16:46,464","INFO","Trial 107 - 10:16:46 - Unrewarded - /home/fet/stimuli/test_categories_box2/nonreward/Th_Stim_5_WhiBlu5698_070601040401.wav"
"2017-03-02 10:16:58,417","INFO","Trial 108 - 10:16:58 - Unrewarded - /home/fet/stimuli/test_categories_box2/nonreward/Te_Stim_2_GreRas2400_161015241820.wav"
"2017-03-02 10:17:08,668","INFO","Trial 109 - 10:17:08 - Unrewarded - /home/fet/stimuli/test_categories_box2/nonreward/DC_Stim_4_BlaLbl8026_180634291238.wav"
"2017-03-02 10:17:17,654","INFO","Trial 110 - 10:17:17 - Unrewarded - /home/fet/stimuli/test_categories_box2/nonreward/Wh_Stim_2_HPiHPi4748_291708181911.wav"
"2017-03-02 10:17:29,592","INFO","Trial 111 - 10:17:29 - Unrewarded - /home/fet/stimuli/test_categories_box2/nonreward/Ag_Stim_1_YelGre5275_201918091121.wav"
"2017-03-02 10:17:42,116","INFO","Trial 112 - 10:17:42 - Rewarded - /home/fet/stimuli/test_categories_box2/reward/LT_Stim_10_WhiBlu3513_010603040205.wav"
"2017-03-02 10:17:43,342","INFO","Trial 113 - 10:17:43 - Unrewarded - /home/fet/stimuli/test_categories_box2/nonreward/Ne_Stim_7_Unknown000_010101010101.wav"
"2017-03-02 10:17:57,069","INFO","Trial 114 - 10:17:57 - Unrewarded - /home/fet/stimuli/test_categories_box2/nonreward/Di_Stim_3_PurRas20dd_010401040404.wav"
"2017-03-02 10:18:09,687","INFO","Trial 115 - 10:18:09 - Unrewarded - /home/fet/stimuli/test_categories_box2/nonreward/Ag_Stim_2_YelGre5275_231921111209.wav"
"2017-03-02 10:18:23,399","INFO","Trial 116 - 10:18:23 - Unrewarded - /home/fet/stimuli/test_categories_box2/nonreward/Tu_Stim_6_WhiRas44dd_212016252708.wav"
"2017-03-02 10:18:36,271","INFO","Trial 117 - 10:18:36 - Rewarded - /home/fet/stimuli/test_categories_box2/reward/LT_Stim_1_LblBlu6379_080521160110.wav"
"2017-03-02 10:18:37,141","INFO","Trial 118 - 10:18:37 - Unrewarded - /home/fet/stimuli/test_categories_box2/nonreward/Tu_Stim_4_BlaLbl8026_080509071106.wav"
"2017-03-02 10:18:38,136","INFO","Trial 119 - 10:18:38 - Rewarded - /home/fet/stimuli/test_categories_box2/reward/LT_Stim_9_WhiBlu3615_060307020401.wav"
"2017-03-02 10:18:38,189","INFO","Trial 120 - 10:18:38 - Unrewarded - /home/fet/stimuli/test_categories_box2/nonreward/Ag_Stim_8_WhiLbl0010_152808270411.wav"
"2017-03-02 10:18:50,503","INFO","Trial 121 - 10:18:50 - Unrewarded - /home/fet/stimuli/test_categories_box2/nonreward/Tu_Stim_9_BluRas61dd_030602010407.wav"
"2017-03-02 10:18:51,561","INFO","Trial 122 - 10:18:51 - Rewarded - /home/fet/stimuli/test_categories_box2/reward/LT_Stim_4_LblBlu6379_131022061417.wav"
"2017-03-02 10:18:57,569","INFO","Supplying reward for 12.00 seconds"
"2017-03-02 10:19:33,769","INFO","Trial 123 - 10:19:33 - Unrewarded - /home/fet/stimuli/test_categories_box2/nonreward/Be_Stim_8_GraRas1500_060205.wav"
"2017-03-02 10:19:34,601","INFO","Trial 124 - 10:19:34 - Unrewarded - /home/fet/stimuli/test_categories_box2/nonreward/Be_Stim_6_LblGre0001_0611_0102_01.wav"
"2017-03-02 10:19:34,655","INFO","Trial 125 - 10:19:34 - Unrewarded - /home/fet/stimuli/test_categories_box2/nonreward/Ag_Stim_6_LblRed0613_221429101102.wav"
"2017-03-02 10:19:48,525","INFO","Trial 126 - 10:19:48 - Unrewarded - /home/fet/stimuli/test_categories_box2/nonreward/Th_Stim_4_WhiBlu5698_060104070104.wav"
"2017-03-02 10:19:48,580","INFO","Trial 127 - 10:19:48 - Unrewarded - /home/fet/stimuli/test_categories_box2/nonreward/Th_Stim_7_YelGre5275_144131180138.wav"
"2017-03-02 10:19:49,383","INFO","Trial 128 - 10:19:49 - Unrewarded - /home/fet/stimuli/test_categories_box2/nonreward/Di_Stim_8_WhiBlu4917_010101010101.wav"
"2017-03-02 10:19:57,773","INFO","Trial 129 - 10:19:57 - Unrewarded - /home/fet/stimuli/test_categories_box2/nonreward/Di_Stim_5_HPiHPi4748_050305030303.wav"
"2017-03-02 10:19:58,671","INFO","Trial 130 - 10:19:58 - Rewarded - /home/fet/stimuli/test_categories_box2/reward/LT_Stim_8_WhiBlu3513_060402010305.wav"
"2017-03-02 10:20:04,630","INFO","Trial 131 - 10:20:04 - Unrewarded - /home/fet/stimuli/test_categories_box2/nonreward/Be_Stim_1_GraRas1600_041407.wav"
"2017-03-02 10:20:17,865","INFO","Trial 132 - 10:20:17 - Unrewarded - /home/fet/stimuli/test_categories_box2/nonreward/DC_Stim_3_HPiHPi4748_190605112518.wav"
"2017-03-02 10:20:25,467","INFO","Trial 133 - 10:20:25 - Unrewarded - /home/fet/stimuli/test_categories_box2/nonreward/Di_Stim_4_HPiHPi4748_030503030303.wav"
"2017-03-02 10:20:26,402","INFO","Trial 134 - 10:20:26 - Unrewarded - /home/fet/stimuli/test_categories_box2/nonreward/Te_Stim_9_GraLbl0457_052419230803.wav"
"2017-03-02 10:20:27,717","INFO","Trial 135 - 10:20:27 - Rewarded - /home/fet/stimuli/test_categories_box2/reward/LT_Stim_10_WhiBlu0112_022526271303.wav"
"2017-03-02 10:20:33,724","INFO","Supplying reward for 12.00 seconds"
"2017-03-02 10:21:05,436","INFO","Trial 136 - 10:21:05 - Rewarded - /home/fet/stimuli/test_categories_box2/reward/LT_Stim_3_WhiBlu3513_060103050204.wav"
"2017-03-02 10:21:05,494","INFO","Trial 137 - 10:21:05 - Unrewarded - /home/fet/stimuli/test_categories_box2/nonreward/Ag_Stim_2_WhiWhi1415_020202020202.wav"
"2017-03-02 10:21:22,227","INFO","Trial 138 - 10:21:22 - Unrewarded - /home/fet/stimuli/test_categories_box2/nonreward/Wh_Stim_9_WhiWhi1415_010101010101.wav"
"2017-03-02 10:21:39,363","INFO","Trial 139 - 10:21:39 - Unrewarded - /home/fet/stimuli/test_categories_box2/nonreward/So_Stim_2_GraLbl0457_150104.wav"
"2017-03-02 10:21:57,384","INFO","Trial 140 - 10:21:57 - Unrewarded - /home/fet/stimuli/test_categories_box2/nonreward/Di_Stim_6_BlaBla0506_010101010101.wav"
"2017-03-02 10:22:05,440","INFO","Trial 141 - 10:22:05 - Unrewarded - /home/fet/stimuli/test_categories_box2/nonreward/Be_Stim_5_LblBlu6243_09_010310_03.wav"
"2017-03-02 10:22:15,352","INFO","Trial 142 - 10:22:15 - Unrewarded - /home/fet/stimuli/test_categories_box2/nonreward/Be_Stim_1_LblBlu1927_091511.wav"
"2017-03-02 10:22:16,401","INFO","Trial 143 - 10:22:16 - Unrewarded - /home/fet/stimuli/test_categories_box2/nonreward/Te_Stim_10_GreOra1817_042226270706.wav"
"2017-03-02 10:22:28,498","INFO","Trial 144 - 10:22:28 - Rewarded - /home/fet/stimuli/test_categories_box2/reward/LT_Stim_7_LblBlu2028_140513030209.wav"
"2017-03-02 10:22:34,507","INFO","Supplying reward for 12.00 seconds"
"2017-03-02 10:23:02,041","INFO","Trial 145 - 10:23:02 - Unrewarded - /home/fet/stimuli/test_categories_box2/nonreward/DC_Stim_7_YelGre5275_260506032528.wav"
"2017-03-02 10:23:02,874","INFO","Trial 146 - 10:23:02 - Unrewarded - /home/fet/stimuli/test_categories_box2/nonreward/Ne_Stim_2_WhiGra0114_020203020302.wav"
"2017-03-02 10:23:16,028","INFO","Trial 147 - 10:23:16 - Unrewarded - /home/fet/stimuli/test_categories_box2/nonreward/Tu_Stim_5_YelGre5275_290305300602.wav"
"2017-03-02 10:23:16,865","INFO","Trial 148 - 10:23:16 - Unrewarded - /home/fet/stimuli/test_categories_box2/nonreward/Di_Stim_5_Unknown000_010201010202.wav"
"2017-03-02 10:23:16,918","INFO","Trial 149 - 10:23:16 - Unrewarded - /home/fet/stimuli/test_categories_box2/nonreward/DC_Stim_3_GreRas2400_020101020101.wav"
"2017-03-02 10:23:30,964","INFO","Trial 150 - 10:23:30 - Unrewarded - /home/fet/stimuli/test_categories_box2/nonreward/Wh_Stim_6_LblBla4419_041013030714.wav"
"2017-03-02 10:23:47,563","INFO","Trial 151 - 10:23:47 - Unrewarded - /home/fet/stimuli/test_categories_box2/nonreward/DC_Stim_8_BluRas61dd_062002282701.wav"
"2017-03-02 10:24:02,480","INFO","Trial 152 - 10:24:02 - Unrewarded - /home/fet/stimuli/test_categories_box2/nonreward/Di_Stim_8_YelOra2575_110911091111.wav"
"2017-03-02 10:24:22,425","INFO","Trial 153 - 10:24:22 - Unrewarded - /home/fet/stimuli/test_categories_box2/nonreward/Ne_Stim_4_LblBla4419_571421581129.wav"
"2017-03-02 10:24:38,799","INFO","Trial 154 - 10:24:38 - Unrewarded - /home/fet/stimuli/test_categories_box2/nonreward/So_Stim_10_YelGre5275_063335.wav"
"2017-03-02 10:25:06,093","INFO","Trial 155 - 10:25:06 - Unrewarded - /home/fet/stimuli/test_categories_box2/nonreward/Te_Stim_7_BluRas61dd_052515210903.wav"
"2017-03-02 10:25:19,538","INFO","Trial 156 - 10:25:19 - Unrewarded - /home/fet/stimuli/test_categories_box2/nonreward/Te_Stim_3_GreGre6364_202908232610.wav"
"2017-03-02 10:25:39,783","INFO","Trial 157 - 10:25:39 - Rewarded - /home/fet/stimuli/test_categories_box2/reward/LT_Stim_5_LblGre0000_141903130910.wav"
"2017-03-02 10:25:42,161","INFO","Trial 158 - 10:25:42 - Unrewarded - /home/fet/stimuli/test_categories_box2/nonreward/Be_Stim_3_LblBlu1927_031510.wav"
"2017-03-02 10:25:42,213","INFO","Trial 159 - 10:25:42 - Unrewarded - /home/fet/stimuli/test_categories_box2/nonreward/Wh_Stim_5_LblBla4548_030208100407.wav"
"2017-03-02 10:25:52,438","INFO","Trial 160 - 10:25:52 - Unrewarded - /home/fet/stimuli/test_categories_box2/nonreward/DC_Stim_10_LblRed0613_170818230906.wav"
"2017-03-02 10:25:52,493","INFO","Trial 161 - 10:25:52 - Unrewarded - /home/fet/stimuli/test_categories_box2/nonreward/Th_Stim_3_YelGre5275_343902303227.wav"
"2017-03-02 10:25:53,406","INFO","Trial 162 - 10:25:53 - Unrewarded - /home/fet/stimuli/test_categories_box2/nonreward/Ne_Stim_5_LblBla4548_100626012436.wav"
"2017-03-02 10:26:04,287","INFO","Trial 163 - 10:26:04 - Unrewarded - /home/fet/stimuli/test_categories_box2/nonreward/DC_Stim_6_BluRas61dd_230506361933.wav"
"2017-03-02 10:26:05,240","INFO","Trial 164 - 10:26:05 - Unrewarded - /home/fet/stimuli/test_categories_box2/nonreward/Ne_Stim_8_LblBla4548_170929054028.wav"
"2017-03-02 10:26:17,905","INFO","Trial 165 - 10:26:17 - Rewarded - /home/fet/stimuli/test_categories_box2/reward/LT_Stim_5_WhiBlu0112_091416100824.wav"
"2017-03-02 10:26:17,963","INFO","Trial 166 - 10:26:17 - Rewarded - /home/fet/stimuli/test_categories_box2/reward/LT_Stim_7_LblBlu1927_010101010101.wav"
"2017-03-02 10:26:18,844","INFO","Trial 167 - 10:26:18 - Unrewarded - /home/fet/stimuli/test_categories_box2/nonreward/Be_Stim_3_WhiBlu0112_181211.wav"
"2017-03-02 10:26:31,768","INFO","Trial 168 - 10:26:31 - Rewarded - /home/fet/stimuli/test_categories_box2/reward/LT_Stim_6_WhiBlu0112_140609101208.wav"
"2017-03-02 10:26:32,798","INFO","Trial 169 - 10:26:32 - Unrewarded - /home/fet/stimuli/test_categories_box2/nonreward/Ne_Stim_3_YelGre5275_192917282410.wav"
"2017-03-02 10:26:46,894","INFO","Trial 170 - 10:26:46 - Unrewarded - /home/fet/stimuli/test_categories_box2/nonreward/Te_Stim_9_GreOra1817_302502062014.wav"
"2017-03-02 10:26:47,837","INFO","Trial 171 - 10:26:47 - Unrewarded - /home/fet/stimuli/test_categories_box2/nonreward/Te_Stim_3_BluRas61dd_062503180921.wav"
"2017-03-02 10:27:00,352","INFO","Trial 172 - 10:27:00 - Unrewarded - /home/fet/stimuli/test_categories_box2/nonreward/Ne_Stim_5_YelGre5275_083012151419.wav"
"2017-03-02 10:27:00,411","INFO","Trial 173 - 10:27:00 - Rewarded - /home/fet/stimuli/test_categories_box2/reward/LT_Stim_2_WhiBlu0112_070919171805.wav"
"2017-03-02 10:27:01,386","INFO","Trial 174 - 10:27:01 - Rewarded - /home/fet/stimuli/test_categories_box2/reward/LT_Stim_7_LblBlu6243_030230060708.wav"
"2017-03-02 10:27:01,443","INFO","Trial 175 - 10:27:01 - Unrewarded - /home/fet/stimuli/test_categories_box2/nonreward/Be_Stim_8_LblBlu6379_03_0204_0205_02.wav"
"2017-03-02 10:27:02,041","INFO","Trial 176 - 10:27:02 - Unrewarded - /home/fet/stimuli/test_categories_box2/nonreward/Ne_Stim_4_GraGra0201_242601544030.wav"
"2017-03-02 10:27:17,435","INFO","Trial 177 - 10:27:17 - Unrewarded - /home/fet/stimuli/test_categories_box2/nonreward/Wh_Stim_1_LblBla4419_020306041716.wav"
"2017-03-02 10:27:31,208","INFO","Trial 178 - 10:27:31 - Unrewarded - /home/fet/stimuli/test_categories_box2/nonreward/Th_Stim_1_BlaBla0506_030402050101.wav"
"2017-03-02 10:27:44,687","INFO","Trial 179 - 10:27:44 - Unrewarded - /home/fet/stimuli/test_categories_box2/nonreward/DC_Stim_3_BlaLbl8026_243412252806.wav"
"2017-03-02 10:27:56,134","INFO","Trial 180 - 10:27:56 - Unrewarded - /home/fet/stimuli/test_categories_box2/nonreward/Wh_Stim_8_GreGre2522_030102020101.wav"
"2017-03-02 10:28:06,750","INFO","Trial 181 - 10:28:06 - Unrewarded - /home/fet/stimuli/test_categories_box2/nonreward/Ne_Stim_9_YelGre5275_153124121427.wav"
"2017-03-02 10:28:18,218","INFO","Trial 182 - 10:28:18 - Unrewarded - /home/fet/stimuli/test_categories_box2/nonreward/DC_Stim_10_PurRas20dd_061809132815.wav"
"2017-03-02 10:28:18,809","INFO","Trial 183 - 10:28:18 - Unrewarded - /home/fet/stimuli/test_categories_box2/nonreward/Tu_Stim_9_HPiHPi4748_180619091203.wav"
"2017-03-02 10:28:19,842","INFO","Trial 184 - 10:28:19 - Unrewarded - /home/fet/stimuli/test_categories_box2/nonreward/Tu_Stim_1_PurRas20dd_060904080701.wav"
"2017-03-02 10:28:20,721","INFO","Trial 185 - 10:28:20 - Unrewarded - /home/fet/stimuli/test_categories_box2/nonreward/DC_Stim_8_PurRas20dd_122628100805.wav"
"2017-03-02 10:28:25,358","INFO","Trial 186 - 10:28:25 - Unrewarded - /home/fet/stimuli/test_categories_box2/nonreward/Di_Stim_6_WhiBlu4917_010101010101.wav"
"2017-03-02 10:28:26,460","INFO","Trial 187 - 10:28:26 - Unrewarded - /home/fet/stimuli/test_categories_box2/nonreward/Ag_Stim_8_PurRas20dd_040918201519.wav"
"2017-03-02 10:28:38,213","INFO","Trial 188 - 10:28:38 - Unrewarded - /home/fet/stimuli/test_categories_box2/nonreward/Be_Stim_1_GraGre0813_090203.wav"
"2017-03-02 10:28:38,906","INFO","Trial 189 - 10:28:38 - Unrewarded - /home/fet/stimuli/test_categories_box2/nonreward/Th_Stim_1_WhiBlu4818_030401020504.wav"
"2017-03-02 10:28:50,803","INFO","Trial 190 - 10:28:50 - Unrewarded - /home/fet/stimuli/test_categories_box2/nonreward/Be_Stim_2_LblGre0000_010207.wav"
"2017-03-02 10:28:51,685","INFO","Trial 191 - 10:28:51 - Unrewarded - /home/fet/stimuli/test_categories_box2/nonreward/Di_Stim_7_WhiWhi1415_020202020202.wav"
"2017-03-02 10:28:58,584","INFO","Trial 192 - 10:28:58 - Unrewarded - /home/fet/stimuli/test_categories_box2/nonreward/Wh_Stim_8_BlaLbl8026_073208090709.wav"
"2017-03-02 10:29:16,413","INFO","Trial 193 - 10:29:16 - Unrewarded - /home/fet/stimuli/test_categories_box2/nonreward/Wh_Stim_2_YelGre5275_040608121107.wav"
"2017-03-02 10:29:26,258","INFO","Trial 194 - 10:29:26 - Unrewarded - /home/fet/stimuli/test_categories_box2/nonreward/Tu_Stim_10_BluRas61dd_010904030605.wav"
"2017-03-02 10:29:27,588","INFO","Trial 195 - 10:29:27 - Unrewarded - /home/fet/stimuli/test_categories_box2/nonreward/Ne_Stim_5_Unknown000_010101010101.wav"
"2017-03-02 10:29:44,492","INFO","Trial 196 - 10:29:44 - Unrewarded - /home/fet/stimuli/test_categories_box2/nonreward/Te_Stim_9_WhiWhi1415_130721061009.wav"
"2017-03-02 10:29:44,555","INFO","Trial 197 - 10:29:44 - Unrewarded - /home/fet/stimuli/test_categories_box2/nonreward/Di_Stim_2_WhiWhi1415_020202020202.wav"
"2017-03-02 10:29:56,111","INFO","Trial 198 - 10:29:56 - Unrewarded - /home/fet/stimuli/test_categories_box2/nonreward/Te_Stim_1_LblBla4548_112437092310.wav"
"2017-03-02 10:30:05,343","INFO","Trial 199 - 10:30:05 - Rewarded - /home/fet/stimuli/test_categories_box2/reward/LT_Stim_6_LblBlu6243_263004110629.wav"
"2017-03-02 10:30:06,193","INFO","Trial 200 - 10:30:06 - Unrewarded - /home/fet/stimuli/test_categories_box2/nonreward/Ag_Stim_7_WhiLbl0010_111909152708.wav"
"2017-03-02 10:30:16,999","INFO","Trial 201 - 10:30:16 - Unrewarded - /home/fet/stimuli/test_categories_box2/nonreward/Di_Stim_10_WhiLbl0010_040404040404.wav"
"2017-03-02 10:30:27,652","INFO","Trial 202 - 10:30:27 - Rewarded - /home/fet/stimuli/test_categories_box2/reward/LT_Stim_6_LblGre0000_162017140210.wav"
"2017-03-02 10:30:27,710","INFO","Trial 203 - 10:30:27 - Unrewarded - /home/fet/stimuli/test_categories_box2/nonreward/Ag_Stim_2_WhiRas44dd_312108241732.wav"
"2017-03-02 10:30:38,428","INFO","Trial 204 - 10:30:38 - Unrewarded - /home/fet/stimuli/test_categories_box2/nonreward/Th_Stim_1_WhiRas44dd_243650370414.wav"
"2017-03-02 10:30:48,814","INFO","Trial 205 - 10:30:48 - Unrewarded - /home/fet/stimuli/test_categories_box2/nonreward/Ag_Stim_2_LblRed0613_272808301035.wav"
"2017-03-02 10:31:00,540","INFO","Trial 206 - 10:31:00 - Unrewarded - /home/fet/stimuli/test_categories_box2/nonreward/Th_Stim_8_GreOra1817_313226174946.wav"
"2017-03-02 10:31:01,925","INFO","Trial 207 - 10:31:01 - Rewarded - /home/fet/stimuli/test_categories_box2/reward/LT_Stim_4_WhiBlu3513_060103020504.wav"
"2017-03-02 10:31:02,168","INFO","Trial 208 - 10:31:02 - Unrewarded - /home/fet/stimuli/test_categories_box2/nonreward/Th_Stim_8_Unknown000_090504060102.wav"
"2017-03-02 10:31:12,933","INFO","Trial 209 - 10:31:12 - Unrewarded - /home/fet/stimuli/test_categories_box2/nonreward/Ag_Stim_4_YelGre5275_111816192021.wav"
"2017-03-02 10:31:24,204","INFO","Trial 210 - 10:31:24 - Rewarded - /home/fet/stimuli/test_categories_box2/reward/LT_Stim_6_LblBlu1927_010101010101.wav"
"2017-03-02 10:31:28,449","INFO","Trial 211 - 10:31:28 - Unrewarded - /home/fet/stimuli/test_categories_box2/nonreward/Te_Stim_6_LblBla4548_293230143923.wav"
"2017-03-02 10:31:28,506","INFO","Trial 212 - 10:31:28 - Rewarded - /home/fet/stimuli/test_categories_box2/reward/LT_Stim_4_LblBlu1927_010101010101.wav"
"2017-03-02 10:31:29,362","INFO","Trial 213 - 10:31:29 - Unrewarded - /home/fet/stimuli/test_categories_box2/nonreward/So_Stim_9_WhiBlu5698_250812.wav"
"2017-03-02 10:31:40,046","INFO","Trial 214 - 10:31:40 - Unrewarded - /home/fet/stimuli/test_categories_box2/nonreward/Di_Stim_7_YelOra2575_110911091109.wav"
"2017-03-02 10:31:47,804","INFO","Trial 215 - 10:31:47 - Unrewarded - /home/fet/stimuli/test_categories_box2/nonreward/DC_Stim_1_GreWhi1242_010203030302.wav"
"2017-03-02 10:31:48,829","INFO","Trial 216 - 10:31:48 - Unrewarded - /home/fet/stimuli/test_categories_box2/nonreward/Wh_Stim_2_WhiBlu5698_111907021804.wav"
"2017-03-02 10:32:26,405","INFO","Trial 217 - 10:32:26 - Unrewarded - /home/fet/stimuli/test_categories_box2/nonreward/DC_Stim_6_BlaLbl8026_280832151839.wav"
"2017-03-02 10:32:26,464","INFO","Trial 218 - 10:32:26 - Rewarded - /home/fet/stimuli/test_categories_box2/reward/LT_Stim_9_LblBlu2028_020511070812.wav"
"2017-03-02 10:32:32,471","INFO","Supplying reward for 12.00 seconds"
"2017-03-02 10:33:04,318","INFO","Trial 219 - 10:33:04 - Unrewarded - /home/fet/stimuli/test_categories_box2/nonreward/So_Stim_9_HPiHPi4748_201515.wav"
"2017-03-02 10:33:16,589","INFO","Trial 220 - 10:33:16 - Rewarded - /home/fet/stimuli/test_categories_box2/reward/LT_Stim_6_WhiBlu3615_010306020504.wav"
"2017-03-02 10:33:17,487","INFO","Trial 221 - 10:33:17 - Unrewarded - /home/fet/stimuli/test_categories_box2/nonreward/Th_Stim_2_WhiRas44dd_163514054121.wav"
"2017-03-02 10:33:32,988","INFO","Trial 222 - 10:33:32 - Unrewarded - /home/fet/stimuli/test_categories_box2/nonreward/Di_Stim_5_BlaBla0506_010101010101.wav"
"2017-03-02 10:33:34,123","INFO","Trial 223 - 10:33:34 - Unrewarded - /home/fet/stimuli/test_categories_box2/nonreward/Tu_Stim_10_PurRas20dd_080609050304.wav"
"2017-03-02 10:33:47,482","INFO","Trial 224 - 10:33:47 - Unrewarded - /home/fet/stimuli/test_categories_box2/nonreward/Di_Stim_3_YelOra2575_091111091109.wav"
"2017-03-02 10:33:56,464","INFO","Trial 225 - 10:33:56 - Unrewarded - /home/fet/stimuli/test_categories_box2/nonreward/Tu_Stim_7_YelGre5275_290213200605.wav"
"2017-03-02 10:33:57,424","INFO","Trial 226 - 10:33:57 - Rewarded - /home/fet/stimuli/test_categories_box2/reward/LT_Stim_3_LblBlu1927_010101010101.wav"
"2017-03-02 10:34:03,431","INFO","Supplying reward for 12.00 seconds"
"2017-03-02 10:35:04,775","INFO","Trial 227 - 10:35:04 - Unrewarded - /home/fet/stimuli/test_categories_box2/nonreward/DC_Stim_5_GreRas2400_010201020201.wav"
"2017-03-02 10:35:11,492","INFO","Trial 228 - 10:35:11 - Unrewarded - /home/fet/stimuli/test_categories_box2/nonreward/DC_Stim_7_BluRas61dd_130831361435.wav"
"2017-03-02 10:35:12,452","INFO","Trial 229 - 10:35:12 - Rewarded - /home/fet/stimuli/test_categories_box2/reward/LT_Stim_9_LblRas1800_010504020603.wav"
"2017-03-02 10:35:18,459","INFO","Supplying reward for 12.00 seconds"
"2017-03-02 12:55:43,341","INFO","Trial 230 - 12:55:43 - Rewarded - /home/fet/stimuli/test_categories_box2/reward/LT_Stim_8_LblBlu6243_241829231526.wav"
"2017-03-02 12:55:44,444","INFO","Trial 231 - 12:55:44 - Unrewarded - /home/fet/stimuli/test_categories_box2/nonreward/Wh_Stim_4_GraGra0201_040605050502.wav"
"2017-03-02 12:55:54,843","INFO","Trial 232 - 12:55:54 - Unrewarded - /home/fet/stimuli/test_categories_box2/nonreward/Te_Stim_2_BluRas61dd_061528261129.wav"
"2017-03-02 12:55:54,902","INFO","Trial 233 - 12:55:54 - Unrewarded - /home/fet/stimuli/test_categories_box2/nonreward/Wh_Stim_5_WhiWhi1415_010101010101.wav"
"2017-03-02 12:56:06,161","INFO","Trial 234 - 12:56:06 - Unrewarded - /home/fet/stimuli/test_categories_box2/nonreward/So_Stim_2_LblBla4419_021009.wav"
"2017-03-02 12:56:06,219","INFO","Trial 235 - 12:56:06 - Unrewarded - /home/fet/stimuli/test_categories_box2/nonreward/Te_Stim_6_WhiWhi1415_220227041636.wav"
"2017-03-02 12:56:17,298","INFO","Trial 236 - 12:56:17 - Unrewarded - /home/fet/stimuli/test_categories_box2/nonreward/Ne_Stim_7_LblBla4419_375320105954.wav"
"2017-03-02 12:56:18,136","INFO","Trial 237 - 12:56:18 - Unrewarded - /home/fet/stimuli/test_categories_box2/nonreward/Te_Stim_4_GreGre6364_130221260508.wav"
"2017-03-02 12:56:18,188","INFO","Trial 238 - 12:56:18 - Rewarded - /home/fet/stimuli/test_categories_box2/reward/LT_Stim_6_WhiBlu3513_020501040603.wav"
"2017-03-02 12:56:21,625","INFO","Trial 239 - 12:56:21 - Unrewarded - /home/fet/stimuli/test_categories_box2/nonreward/Th_Stim_2_BlaBla0506_050203010402.wav"
"2017-03-02 12:56:35,571","INFO","Trial 240 - 12:56:35 - Unrewarded - /home/fet/stimuli/test_categories_box2/nonreward/Ne_Stim_10_YelGre5275_052612321813.wav"
"2017-03-02 12:56:35,626","INFO","Trial 241 - 12:56:35 - Unrewarded - /home/fet/stimuli/test_categories_box2/nonreward/Di_Stim_4_Unknown000_010202020201.wav"
"2017-03-02 12:56:44,554","INFO","Trial 242 - 12:56:44 - Unrewarded - /home/fet/stimuli/test_categories_box2/nonreward/DC_Stim_6_GreWhi1242_030201020302.wav"
"2017-03-02 12:56:45,514","INFO","Trial 243 - 12:56:45 - Rewarded - /home/fet/stimuli/test_categories_box2/reward/LT_Stim_10_LblBlu6680_292201131809.wav"
"2017-03-02 12:56:45,567","INFO","Trial 244 - 12:56:45 - Unrewarded - /home/fet/stimuli/test_categories_box2/nonreward/So_Stim_4_LblBla4548_282305.wav"
"2017-03-02 12:56:59,038","INFO","Trial 245 - 12:56:59 - Unrewarded - /home/fet/stimuli/test_categories_box2/nonreward/Tu_Stim_2_YelOra2575_25182621080..wav"
"2017-03-02 12:57:00,481","INFO","Trial 246 - 12:57:00 - Unrewarded - /home/fet/stimuli/test_categories_box2/nonreward/Th_Stim_5_GraGra0201_322409473018.wav"
"2017-03-02 12:57:00,530","INFO","Trial 247 - 12:57:00 - Unrewarded - /home/fet/stimuli/test_categories_box2/nonreward/Di_Stim_6_HPiHPi4748_030503050305.wav"
"2017-03-02 12:57:07,599","INFO","Trial 248 - 12:57:07 - Unrewarded - /home/fet/stimuli/test_categories_box2/nonreward/Ne_Stim_4_PurRas20dd_030302010603.wav"
"2017-03-02 12:57:07,649","INFO","Trial 249 - 12:57:07 - Unrewarded - /home/fet/stimuli/test_categories_box2/nonreward/Tu_Stim_4_YelOra2575_241419182615.wav"
"2017-03-02 12:57:18,786","INFO","Trial 250 - 12:57:18 - Unrewarded - /home/fet/stimuli/test_categories_box2/nonreward/DC_Stim_6_YelOra2575_310350320941.wav"
"2017-03-02 12:57:18,849","INFO","Trial 251 - 12:57:18 - Unrewarded - /home/fet/stimuli/test_categories_box2/nonreward/Ne_Stim_1_YelGre5275_171629312231.wav"
"2017-03-02 12:57:32,122","INFO","Trial 252 - 12:57:32 - Rewarded - /home/fet/stimuli/test_categories_box2/reward/LT_Stim_9_LblBlu1927_010101010101.wav"
"2017-03-02 12:57:32,963","INFO","Trial 253 - 12:57:32 - Unrewarded - /home/fet/stimuli/test_categories_box2/nonreward/Ne_Stim_9_LblBla4419_190654604108.wav"
"2017-03-02 12:57:33,016","INFO","Trial 254 - 12:57:33 - Unrewarded - /home/fet/stimuli/test_categories_box2/nonreward/Tu_Stim_3_BluRas61dd_060208040305.wav"
"2017-03-02 12:57:43,727","INFO","Trial 255 - 12:57:43 - Unrewarded - /home/fet/stimuli/test_categories_box2/nonreward/Wh_Stim_2_WhiRas44dd_020301010101.wav"
"2017-03-02 12:57:57,219","INFO","Trial 256 - 12:57:57 - Rewarded - /home/fet/stimuli/test_categories_box2/reward/LT_Stim_9_LblGre0000_041020071518.wav"
"2017-03-02 12:57:58,167","INFO","Trial 257 - 12:57:58 - Rewarded - /home/fet/stimuli/test_categories_box2/reward/LT_Stim_9_LblBlu6680_241512142602.wav"
"2017-03-02 12:57:58,224","INFO","Trial 258 - 12:57:58 - Unrewarded - /home/fet/stimuli/test_categories_box2/nonreward/Be_Stim_2_LblGre0001_02_020611_02.wav"
"2017-03-02 12:58:10,564","INFO","Trial 259 - 12:58:10 - Unrewarded - /home/fet/stimuli/test_categories_box2/nonreward/DC_Stim_6_GreGre6364_161401031009.wav"
"2017-03-02 12:58:10,615","INFO","Trial 260 - 12:58:10 - Unrewarded - /home/fet/stimuli/test_categories_box2/nonreward/So_Stim_7_WhiBlu5698_023012.wav"
"2017-03-02 12:58:20,747","INFO","Trial 261 - 12:58:20 - Unrewarded - /home/fet/stimuli/test_categories_box2/nonreward/Be_Stim_5_GraRas1500_070603.wav"
"2017-03-02 12:58:39,044","INFO","Trial 262 - 12:58:39 - Unrewarded - /home/fet/stimuli/test_categories_box2/nonreward/Wh_Stim_9_WhiRas44dd_030102010202.wav"
"2017-03-02 12:58:39,104","INFO","Trial 263 - 12:58:39 - Rewarded - /home/fet/stimuli/test_categories_box2/reward/LT_Stim_2_LblBlu6379_240604050725.wav"
"2017-03-02 12:58:45,111","INFO","Supplying reward for 12.00 seconds"
"2017-03-02 12:59:26,207","INFO","Trial 264 - 12:59:26 - Unrewarded - /home/fet/stimuli/test_categories_box2/nonreward/DC_Stim_5_YelGre5275_181339311614.wav"
"2017-03-02 12:59:27,281","INFO","Trial 265 - 12:59:27 - Rewarded - /home/fet/stimuli/test_categories_box2/reward/LT_Stim_10_LblBlu2028_061014090512.wav"
"2017-03-02 12:59:33,289","INFO","Supplying reward for 12.00 seconds"
"2017-03-02 13:00:06,241","INFO","Trial 266 - 13:00:06 - Unrewarded - /home/fet/stimuli/test_categories_box2/nonreward/Be_Stim_3_LblBlu6379_01_0301_0204_02.wav"
"2017-03-02 13:00:17,784","INFO","Trial 267 - 13:00:17 - Unrewarded - /home/fet/stimuli/test_categories_box2/nonreward/Ne_Stim_2_WhiBlu4917_081307050605.wav"
"2017-03-02 13:00:28,573","INFO","Trial 268 - 13:00:28 - Rewarded - /home/fet/stimuli/test_categories_box2/reward/LT_Stim_1_LblBlu2028_081412020306.wav"
"2017-03-02 13:00:29,869","INFO","Trial 269 - 13:00:29 - Unrewarded - /home/fet/stimuli/test_categories_box2/nonreward/Tu_Stim_2_YelGre5275_112807121008.wav"
"2017-03-02 13:00:37,818","INFO","Trial 270 - 13:00:37 - Unrewarded - /home/fet/stimuli/test_categories_box2/nonreward/Di_Stim_9_PurRas20dd_040101040104.wav"
"2017-03-02 13:00:39,540","INFO","Trial 271 - 13:00:39 - Unrewarded - /home/fet/stimuli/test_categories_box2/nonreward/Th_Stim_10_LblRed0613_101705030216.wav"
"2017-03-02 13:00:49,164","INFO","Trial 272 - 13:00:49 - Unrewarded - /home/fet/stimuli/test_categories_box2/nonreward/Ag_Stim_6_WhiGra0114_010101010101.wav"
"2017-03-02 13:00:50,263","INFO","Trial 273 - 13:00:50 - Unrewarded - /home/fet/stimuli/test_categories_box2/nonreward/Ne_Stim_4_YelGre5275_151416133231.wav"
"2017-03-02 13:00:50,316","INFO","Trial 274 - 13:00:50 - Unrewarded - /home/fet/stimuli/test_categories_box2/nonreward/Ne_Stim_10_HPiHPi4748_083623172532.wav"
"2017-03-02 13:01:03,131","INFO","Trial 275 - 13:01:03 - Unrewarded - /home/fet/stimuli/test_categories_box2/nonreward/So_Stim_8_YelGre5275_273032.wav"
"2017-03-02 13:01:16,140","INFO","Trial 276 - 13:01:16 - Unrewarded - /home/fet/stimuli/test_categories_box2/nonreward/Ne_Stim_8_WhiBlu4917_060104070109.wav"
"2017-03-02 13:01:29,260","INFO","Trial 277 - 13:01:29 - Unrewarded - /home/fet/stimuli/test_categories_box2/nonreward/Te_Stim_1_WhiBlu4818_171814120305.wav"
"2017-03-02 13:01:29,310","INFO","Trial 278 - 13:01:29 - Unrewarded - /home/fet/stimuli/test_categories_box2/nonreward/Di_Stim_9_WhiBlu4818_060606060606.wav"
"2017-03-02 13:01:42,899","INFO","Trial 279 - 13:01:42 - Unrewarded - /home/fet/stimuli/test_categories_box2/nonreward/Te_Stim_2_WhiWhi1415_310504230715.wav"
"2017-03-02 13:01:59,295","INFO","Trial 280 - 13:01:59 - Unrewarded - /home/fet/stimuli/test_categories_box2/nonreward/Ag_Stim_10_WhiGra0114_010101010101.wav"
"2017-03-02 13:01:59,354","INFO","Trial 281 - 13:01:59 - Unrewarded - /home/fet/stimuli/test_categories_box2/nonreward/Ne_Stim_9_HPiHPi4748_454305011735.wav"
"2017-03-02 13:02:13,263","INFO","Trial 282 - 13:02:13 - Unrewarded - /home/fet/stimuli/test_categories_box2/nonreward/Th_Stim_4_WhiRas44dd_365037101525.wav"
"2017-03-02 13:02:25,371","INFO","Trial 283 - 13:02:25 - Unrewarded - /home/fet/stimuli/test_categories_box2/nonreward/So_Stim_10_YelOra2575_192622.wav"
"2017-03-02 13:02:36,954","INFO","Trial 284 - 13:02:36 - Rewarded - /home/fet/stimuli/test_categories_box2/reward/LT_Stim_4_LblBlu2028_110708140904.wav"
"2017-03-02 13:02:42,959","INFO","Supplying reward for 12.00 seconds"
"2017-03-02 13:03:22,526","INFO","Trial 285 - 13:03:22 - Unrewarded - /home/fet/stimuli/test_categories_box2/nonreward/DC_Stim_7_PurRas20dd_260703272223.wav"
"2017-03-02 13:03:24,350","INFO","Trial 286 - 13:03:24 - Unrewarded - /home/fet/stimuli/test_categories_box2/nonreward/Wh_Stim_1_WhiBlu5698_101904061807.wav"
"2017-03-02 13:03:37,099","INFO","Trial 287 - 13:03:37 - Unrewarded - /home/fet/stimuli/test_categories_box2/nonreward/Wh_Stim_7_GreGre2522_020103030101.wav"
"2017-03-02 13:03:37,154","INFO","Trial 288 - 13:03:37 - Unrewarded - /home/fet/stimuli/test_categories_box2/nonreward/Ne_Stim_3_BluRas07dd_122008051821.wav"
"2017-03-02 13:03:50,522","INFO","Trial 289 - 13:03:50 - Unrewarded - /home/fet/stimuli/test_categories_box2/nonreward/Tu_Stim_4_BluRas07dd_150407241408.wav"
"2017-03-02 13:04:12,546","INFO","Trial 290 - 13:04:12 - Rewarded - /home/fet/stimuli/test_categories_box2/reward/LT_Stim_5_WhiBlu3513_050603020401.wav"
"2017-03-02 13:04:18,555","INFO","Supplying reward for 12.00 seconds"
"2017-03-02 13:05:02,521","INFO","Trial 291 - 13:05:02 - Rewarded - /home/fet/stimuli/test_categories_box2/reward/LT_Stim_7_LblBlu1630_051608100903.wav"
"2017-03-02 13:05:08,530","INFO","Supplying reward for 12.00 seconds"
"2017-03-02 13:07:31,342","INFO","Trial 292 - 13:07:31 - Rewarded - /home/fet/stimuli/test_categories_box2/reward/LT_Stim_1_WhiBlu0112_051707240813.wav"
"2017-03-02 13:07:31,405","INFO","Trial 293 - 13:07:31 - Unrewarded - /home/fet/stimuli/test_categories_box2/nonreward/Be_Stim_9_GraGre0813_130205.wav"
"2017-03-02 13:07:32,260","INFO","Trial 294 - 13:07:32 - Unrewarded - /home/fet/stimuli/test_categories_box2/nonreward/Ne_Stim_9_PurRas20dd_030802070305.wav"
"2017-03-02 13:07:46,902","INFO","Trial 295 - 13:07:46 - Rewarded - /home/fet/stimuli/test_categories_box2/reward/LT_Stim_3_LblGre0000_022109081105.wav"
"2017-03-02 13:07:48,026","INFO","Trial 296 - 13:07:48 - Unrewarded - /home/fet/stimuli/test_categories_box2/nonreward/Wh_Stim_9_YelGre5275_140604070112.wav"
"2017-03-02 13:08:02,893","INFO","Trial 297 - 13:08:02 - Rewarded - /home/fet/stimuli/test_categories_box2/reward/LT_Stim_8_LblGre0000_100901201802.wav"
"2017-03-02 13:08:02,947","INFO","Trial 298 - 13:08:02 - Unrewarded - /home/fet/stimuli/test_categories_box2/nonreward/Ne_Stim_8_HPiHPi4748_284213374609.wav"
"2017-03-02 13:08:17,855","INFO","Trial 299 - 13:08:17 - Rewarded - /home/fet/stimuli/test_categories_box2/reward/LT_Stim_4_LblRas1800_030401050206.wav"
"2017-03-02 13:08:17,909","INFO","Trial 300 - 13:08:17 - Unrewarded - /home/fet/stimuli/test_categories_box2/nonreward/Wh_Stim_3_GreGre2522_010203030202.wav"
"2017-03-02 13:08:31,085","INFO","Trial 301 - 13:08:31 - Unrewarded - /home/fet/stimuli/test_categories_box2/nonreward/Wh_Stim_3_YelGre5275_070913080510.wav"
"2017-03-02 13:08:43,737","INFO","Trial 302 - 13:08:43 - Unrewarded - /home/fet/stimuli/test_categories_box2/nonreward/So_Stim_8_LblRed0613_324124.wav"
"2017-03-02 13:08:55,214","INFO","Trial 303 - 13:08:55 - Unrewarded - /home/fet/stimuli/test_categories_box2/nonreward/So_Stim_5_BlaBla0506_150608.wav"
"2017-03-02 13:08:55,268","INFO","Trial 304 - 13:08:55 - Unrewarded - /home/fet/stimuli/test_categories_box2/nonreward/Te_Stim_8_WhiBlu4818_061107152001.wav"
"2017-03-02 13:09:05,285","INFO","Trial 305 - 13:09:05 - Unrewarded - /home/fet/stimuli/test_categories_box2/nonreward/Tu_Stim_8_PurRas20dd_080407060209.wav"
"2017-03-02 13:09:05,348","INFO","Trial 306 - 13:09:05 - Unrewarded - /home/fet/stimuli/test_categories_box2/nonreward/Di_Stim_6_GraGra0201_070101070701.wav"
"2017-03-02 13:09:18,163","INFO","Trial 307 - 13:09:18 - Unrewarded - /home/fet/stimuli/test_categories_box2/nonreward/Di_Stim_10_WhiWhi1415_020202020202.wav"
"2017-03-02 13:09:18,214","INFO","Trial 308 - 13:09:18 - Unrewarded - /home/fet/stimuli/test_categories_box2/nonreward/Te_Stim_1_WhiRas44dd_132214290705.wav"
"2017-03-02 13:09:19,372","INFO","Trial 309 - 13:09:19 - Unrewarded - /home/fet/stimuli/test_categories_box2/nonreward/Ag_Stim_4_WhiRas44dd_211117321008.wav"
"2017-03-02 13:09:33,269","INFO","Trial 310 - 13:09:33 - Unrewarded - /home/fet/stimuli/test_categories_box2/nonreward/Be_Stim_7_GraRas1600_090806.wav"
"2017-03-02 13:09:34,032","INFO","Trial 311 - 13:09:34 - Unrewarded - /home/fet/stimuli/test_categories_box2/nonreward/Tu_Stim_7_GraGra0201_150420131805.wav"
"2017-03-02 13:09:46,056","INFO","Trial 312 - 13:09:46 - Unrewarded - /home/fet/stimuli/test_categories_box2/nonreward/So_Stim_6_YelGre5275_303515.wav"
"2017-03-02 13:09:47,216","INFO","Trial 313 - 13:09:47 - Unrewarded - /home/fet/stimuli/test_categories_box2/nonreward/Tu_Stim_5_PurRas20dd_030608020709.wav"
"2017-03-02 13:09:59,490","INFO","Trial 314 - 13:09:59 - Unrewarded - /home/fet/stimuli/test_categories_box2/nonreward/DC_Stim_9_GraLbl0457_202817160831.wav"
"2017-03-02 13:09:59,549","INFO","Trial 315 - 13:09:59 - Unrewarded - /home/fet/stimuli/test_categories_box2/nonreward/So_Stim_8_BluRas61dd_141108.wav"
"2017-03-02 13:10:13,273","INFO","Trial 316 - 13:10:13 - Unrewarded - /home/fet/stimuli/test_categories_box2/nonreward/Th_Stim_5_WhiWhi1415_022608280410.wav"
"2017-03-02 13:10:14,495","INFO","Trial 317 - 13:10:14 - Unrewarded - /home/fet/stimuli/test_categories_box2/nonreward/Tu_Stim_1_GraGra0201_201506031709.wav"
"2017-03-02 13:10:15,372","INFO","Trial 318 - 13:10:15 - Unrewarded - /home/fet/stimuli/test_categories_box2/nonreward/Di_Stim_10_YelOra2575_091109111111.wav"
"2017-03-02 13:10:27,814","INFO","Trial 319 - 13:10:27 - Rewarded - /home/fet/stimuli/test_categories_box2/reward/LT_Stim_6_LblGre0001_040308010702.wav"
"2017-03-02 13:10:28,851","INFO","Trial 320 - 13:10:28 - Unrewarded - /home/fet/stimuli/test_categories_box2/nonreward/Ne_Stim_8_PurRas20dd_050702080303.wav"
"2017-03-02 13:10:44,779","INFO","Trial 321 - 13:10:44 - Unrewarded - /home/fet/stimuli/test_categories_box2/nonreward/So_Stim_9_LblBla4548_242028.wav"
"2017-03-02 13:10:57,320","INFO","Trial 322 - 13:10:57 - Rewarded - /home/fet/stimuli/test_categories_box2/reward/LT_Stim_5_LblBlu2028_050103110912.wav"
"2017-03-02 13:10:57,371","INFO","Trial 323 - 13:10:57 - Unrewarded - /home/fet/stimuli/test_categories_box2/nonreward/Ag_Stim_1_YelOra2575_190410221820.wav"
"2017-03-02 13:11:08,781","INFO","Trial 324 - 13:11:08 - Unrewarded - /home/fet/stimuli/test_categories_box2/nonreward/Tu_Stim_8_GraGra0201_161106120405.wav"
"2017-03-02 13:11:09,855","INFO","Trial 325 - 13:11:09 - Unrewarded - /home/fet/stimuli/test_categories_box2/nonreward/Th_Stim_10_WhiGra0114_020607080105.wav"
"2017-03-02 13:11:09,908","INFO","Trial 326 - 13:11:09 - Unrewarded - /home/fet/stimuli/test_categories_box2/nonreward/Ag_Stim_4_YelOra2575_042019231018.wav"
"2017-03-02 13:11:22,035","INFO","Trial 327 - 13:11:22 - Unrewarded - /home/fet/stimuli/test_categories_box2/nonreward/So_Stim_1_GraLbl0457_081302.wav"
"2017-03-02 13:11:23,085","INFO","Trial 328 - 13:11:23 - Unrewarded - /home/fet/stimuli/test_categories_box2/nonreward/Th_Stim_5_WhiBlu4818_050301020404.wav"
"2017-03-02 13:11:32,348","INFO","Trial 329 - 13:11:32 - Unrewarded - /home/fet/stimuli/test_categories_box2/nonreward/Wh_Stim_3_WhiRas44dd_010203010203.wav"
"2017-03-02 13:11:35,995","INFO","Trial 330 - 13:11:35 - Unrewarded - /home/fet/stimuli/test_categories_box2/nonreward/DC_Stim_1_HPiHPi4748_172821290810.wav"
"2017-03-02 13:11:36,052","INFO","Trial 331 - 13:11:36 - Unrewarded - /home/fet/stimuli/test_categories_box2/nonreward/Wh_Stim_1_BlaLbl8026_070932080808.wav"
"2017-03-02 13:11:49,784","INFO","Trial 332 - 13:11:49 - Unrewarded - /home/fet/stimuli/test_categories_box2/nonreward/Di_Stim_6_WhiLbl0010_040404040404.wav"
"2017-03-02 13:11:50,937","INFO","Trial 333 - 13:11:50 - Unrewarded - /home/fet/stimuli/test_categories_box2/nonreward/Tu_Stim_10_YelOra2575_121406242719.wav"
"2017-03-02 13:11:52,133","INFO","Trial 334 - 13:11:52 - Rewarded - /home/fet/stimuli/test_categories_box2/reward/LT_Stim_3_LblBlu6243_152823030117.wav"
"2017-03-02 13:11:53,460","INFO","Trial 335 - 13:11:53 - Unrewarded - /home/fet/stimuli/test_categories_box2/nonreward/Te_Stim_2_GraLbl0457_042820160509.wav"
"2017-03-02 13:11:53,521","INFO","Trial 336 - 13:11:53 - Rewarded - /home/fet/stimuli/test_categories_box2/reward/LT_Stim_10_LblRas1800_040605030201.wav"
"2017-03-02 13:11:59,529","INFO","Supplying reward for 12.00 seconds"
"2017-03-02 13:13:09,715","INFO","Trial 337 - 13:13:09 - Unrewarded - /home/fet/stimuli/test_categories_box2/nonreward/Tu_Stim_5_GreOra1817_081004030616.wav"
"2017-03-02 13:13:09,766","INFO","Trial 338 - 13:13:09 - Unrewarded - /home/fet/stimuli/test_categories_box2/nonreward/So_Stim_3_LblBla4548_392750.wav"
"2017-03-02 13:13:24,719","INFO","Trial 339 - 13:13:24 - Unrewarded - /home/fet/stimuli/test_categories_box2/nonreward/Th_Stim_2_HPiHPi4748_150502142926.wav"
"2017-03-02 13:13:24,769","INFO","Trial 340 - 13:13:24 - Unrewarded - /home/fet/stimuli/test_categories_box2/nonreward/Wh_Stim_1_LblBla4548_181309160703.wav"
"2017-03-02 13:13:25,744","INFO","Trial 341 - 13:13:25 - Unrewarded - /home/fet/stimuli/test_categories_box2/nonreward/Ag_Stim_8_YelGre5275_121921111823.wav"
"2017-03-02 13:13:39,173","INFO","Trial 342 - 13:13:39 - Unrewarded - /home/fet/stimuli/test_categories_box2/nonreward/DC_Stim_3_BluRas61dd_153128363305.wav"
"2017-03-02 13:13:39,231","INFO","Trial 343 - 13:13:39 - Rewarded - /home/fet/stimuli/test_categories_box2/reward/LT_Stim_5_LblBlu6680_270520092307.wav"
"2017-03-02 13:13:40,126","INFO","Trial 344 - 13:13:40 - Unrewarded - /home/fet/stimuli/test_categories_box2/nonreward/Th_Stim_8_HPiHPi4748_282613121025.wav"
"2017-03-02 13:13:40,186","INFO","Trial 345 - 13:13:40 - Unrewarded - /home/fet/stimuli/test_categories_box2/nonreward/Wh_Stim_1_HPiHPi4748_282213330219.wav"
"2017-03-02 13:13:52,529","INFO","Trial 346 - 13:13:52 - Unrewarded - /home/fet/stimuli/test_categories_box2/nonreward/Th_Stim_2_LblRed0613_070904180817.wav"
"2017-03-02 13:13:53,411","INFO","Trial 347 - 13:13:53 - Unrewarded - /home/fet/stimuli/test_categories_box2/nonreward/Wh_Stim_1_GreGre2522_030201010301.wav"
"2017-03-02 13:13:53,469","INFO","Trial 348 - 13:13:53 - Unrewarded - /home/fet/stimuli/test_categories_box2/nonreward/Tu_Stim_1_WhiRas44dd_200504111202.wav"
"2017-03-02 13:13:54,645","INFO","Trial 349 - 13:13:54 - Unrewarded - /home/fet/stimuli/test_categories_box2/nonreward/Be_Stim_1_LblBlu2028_0211_0110_01.wav"
"2017-03-02 13:13:54,701","INFO","Trial 350 - 13:13:54 - Rewarded - /home/fet/stimuli/test_categories_box2/reward/LT_Stim_1_LblBlu6680_081411210520.wav"
"2017-03-02 13:13:55,508","INFO","Trial 351 - 13:13:55 - Unrewarded - /home/fet/stimuli/test_categories_box2/nonreward/DC_Stim_8_GreRas2400_010202010102.wav"
"2017-03-02 13:13:55,562","INFO","Trial 352 - 13:13:55 - Unrewarded - /home/fet/stimuli/test_categories_box2/nonreward/Ag_Stim_7_WhiBlu4818_070605050706.wav"
"2017-03-02 13:14:07,651","INFO","Trial 353 - 13:14:07 - Unrewarded - /home/fet/stimuli/test_categories_box2/nonreward/Wh_Stim_9_GraLbl0457_040105020405.wav"
"2017-03-02 13:14:20,754","INFO","Trial 354 - 13:14:20 - Unrewarded - /home/fet/stimuli/test_categories_box2/nonreward/Wh_Stim_10_LblRed0613_023816293514.wav"
"2017-03-02 13:14:20,808","INFO","Trial 355 - 13:14:20 - Unrewarded - /home/fet/stimuli/test_categories_box2/nonreward/Tu_Stim_10_GraLbl0457_100413141102.wav"
"2017-03-02 13:14:36,478","INFO","Trial 356 - 13:14:36 - Unrewarded - /home/fet/stimuli/test_categories_box2/nonreward/Ag_Stim_10_WhiBlu5698_101411070304.wav"
"2017-03-02 13:14:57,170","INFO","Trial 357 - 13:14:57 - Unrewarded - /home/fet/stimuli/test_categories_box2/nonreward/Th_Stim_9_LblRed0613_130216060717.wav"
"2017-03-02 13:14:58,855","INFO","Trial 358 - 13:14:58 - Unrewarded - /home/fet/stimuli/test_categories_box2/nonreward/Di_Stim_4_YelOra2575_091109111109.wav"
"2017-03-02 13:15:07,447","INFO","Trial 359 - 13:15:07 - Unrewarded - /home/fet/stimuli/test_categories_box2/nonreward/Ne_Stim_5_GraGra0201_133546490230.wav"
"2017-03-02 13:15:21,299","INFO","Trial 360 - 13:15:21 - Unrewarded - /home/fet/stimuli/test_categories_box2/nonreward/Be_Stim_2_LblBlu6379_04_0205_0207_02.wav"
"2017-03-02 13:15:22,341","INFO","Trial 361 - 13:15:22 - Rewarded - /home/fet/stimuli/test_categories_box2/reward/LT_Stim_6_LblBlu2028_010410050312.wav"
"2017-03-02 13:15:23,455","INFO","Trial 362 - 13:15:23 - Unrewarded - /home/fet/stimuli/test_categories_box2/nonreward/Th_Stim_6_YelGre5275_183640374220.wav"
"2017-03-02 13:15:23,512","INFO","Trial 363 - 13:15:23 - Unrewarded - /home/fet/stimuli/test_categories_box2/nonreward/So_Stim_5_BluRas61dd_171908.wav"
"2017-03-02 13:15:33,906","INFO","Trial 364 - 13:15:33 - Rewarded - /home/fet/stimuli/test_categories_box2/reward/LT_Stim_9_LblBlu6379_070112051914.wav"
"2017-03-02 13:15:34,780","INFO","Trial 365 - 13:15:34 - Rewarded - /home/fet/stimuli/test_categories_box2/reward/LT_Stim_4_LblGre0001_030901020410.wav"
"2017-03-02 13:15:35,689","INFO","Trial 366 - 13:15:35 - Rewarded - /home/fet/stimuli/test_categories_box2/reward/LT_Stim_2_LblBlu6243_110426192913.wav"
"2017-03-02 13:15:41,697","INFO","Supplying reward for 12.00 seconds"
"2017-03-02 13:16:08,631","INFO","Trial 367 - 13:16:08 - Unrewarded - /home/fet/stimuli/test_categories_box2/nonreward/Te_Stim_1_GraLbl0457_250712131403.wav"
"2017-03-02 13:16:08,693","INFO","Trial 368 - 13:16:08 - Rewarded - /home/fet/stimuli/test_categories_box2/reward/LT_Stim_2_LblBlu2028_030605120810.wav"
"2017-03-02 13:16:14,701","INFO","Supplying reward for 12.00 seconds"
"2017-03-02 13:16:48,164","INFO","Trial 369 - 13:16:48 - Unrewarded - /home/fet/stimuli/test_categories_box2/nonreward/Ne_Stim_3_Unknown01F_020101020201.wav"
"2017-03-02 13:16:48,218","INFO","Trial 370 - 13:16:48 - Rewarded - /home/fet/stimuli/test_categories_box2/reward/LT_Stim_3_LblBlu1630_121502041013.wav"
"2017-03-02 13:16:54,226","INFO","Supplying reward for 12.00 seconds"
"2017-03-02 13:18:00,443","INFO","Trial 371 - 13:18:00 - Unrewarded - /home/fet/stimuli/test_categories_box2/nonreward/Di_Stim_7_WhiLbl0010_040404040404.wav"
"2017-03-02 13:18:10,699","INFO","Trial 372 - 13:18:10 - Unrewarded - /home/fet/stimuli/test_categories_box2/nonreward/Di_Stim_5_BlaLbl8026_020103030202.wav"
"2017-03-02 13:18:10,762","INFO","Trial 373 - 13:18:10 - Rewarded - /home/fet/stimuli/test_categories_box2/reward/LT_Stim_10_LblBlu1630_120911040308.wav"
"2017-03-02 13:18:16,770","INFO","Supplying reward for 12.00 seconds"
"2017-03-02 13:18:52,198","INFO","Trial 374 - 13:18:52 - Rewarded - /home/fet/stimuli/test_categories_box2/reward/LT_Stim_3_LblBlu6379_170604031422.wav"
"2017-03-02 13:18:58,208","INFO","Supplying reward for 12.00 seconds"
"2017-03-02 13:19:44,334","INFO","Trial 375 - 13:19:44 - Rewarded - /home/fet/stimuli/test_categories_box2/reward/LT_Stim_9_WhiBlu0112_070518211914.wav"
"2017-03-02 13:19:44,389","INFO","Trial 376 - 13:19:44 - Rewarded - /home/fet/stimuli/test_categories_box2/reward/LT_Stim_5_LblBlu1927_010101010101.wav"
"2017-03-02 13:19:50,397","INFO","Supplying reward for 12.00 seconds"
"2017-03-02 13:20:23,233","INFO","Trial 377 - 13:20:23 - Unrewarded - /home/fet/stimuli/test_categories_box2/nonreward/Tu_Stim_2_GraLbl0457_141613031006.wav"
"2017-03-02 13:20:23,287","INFO","Trial 378 - 13:20:23 - Unrewarded - /home/fet/stimuli/test_categories_box2/nonreward/Wh_Stim_2_LblBla4419_021711040718.wav"
"2017-03-02 13:20:44,314","INFO","Trial 379 - 13:20:44 - Rewarded - /home/fet/stimuli/test_categories_box2/reward/LT_Stim_6_LblRas1800_010204050306.wav"
"2017-03-02 13:20:50,319","INFO","Supplying reward for 12.00 seconds"
"2017-03-02 13:27:14,098","INFO","Trial 380 - 13:27:14 - Unrewarded - /home/fet/stimuli/test_categories_box2/nonreward/Di_Stim_5_WhiBlu4917_010101010101.wav"
"2017-03-02 13:27:45,501","INFO","Trial 381 - 13:27:45 - Unrewarded - /home/fet/stimuli/test_categories_box2/nonreward/Ag_Stim_3_WhiGra0114_010101010101.wav"
"2017-03-02 13:28:07,139","INFO","Trial 382 - 13:28:07 - Unrewarded - /home/fet/stimuli/test_categories_box2/nonreward/Th_Stim_9_WhiRas44dd_432340190827.wav"
"2017-03-02 13:28:08,385","INFO","Trial 383 - 13:28:08 - Rewarded - /home/fet/stimuli/test_categories_box2/reward/LT_Stim_10_LblGre0000_180204101217.wav"
"2017-03-02 13:28:14,393","INFO","Supplying reward for 12.00 seconds"
"2017-03-02 13:29:29,376","INFO","Trial 384 - 13:29:29 - Rewarded - /home/fet/stimuli/test_categories_box2/reward/LT_Stim_7_WhiBlu0112_131609142312.wav"
"2017-03-02 13:29:35,385","INFO","Supplying reward for 12.00 seconds"
"2017-03-02 13:30:17,991","INFO","Trial 385 - 13:30:17 - Unrewarded - /home/fet/stimuli/test_categories_box2/nonreward/Wh_Stim_5_YelGre5275_140705021306.wav"
"2017-03-02 13:30:32,627","INFO","Trial 386 - 13:30:32 - Unrewarded - /home/fet/stimuli/test_categories_box2/nonreward/Be_Stim_2_WhiBlu0112_061303.wav"
"2017-03-02 13:30:33,685","INFO","Trial 387 - 13:30:33 - Unrewarded - /home/fet/stimuli/test_categories_box2/nonreward/Te_Stim_3_WhiWhi1415_230515074038.wav"
"2017-03-02 13:30:48,521","INFO","Trial 388 - 13:30:48 - Unrewarded - /home/fet/stimuli/test_categories_box2/nonreward/So_Stim_3_WhiBlu5698_023112.wav"
"2017-03-02 13:31:15,214","INFO","Trial 389 - 13:31:15 - Unrewarded - /home/fet/stimuli/test_categories_box2/nonreward/Th_Stim_5_Unknown000_080110090711.wav"
"2017-03-02 13:31:26,788","INFO","Trial 390 - 13:31:26 - Unrewarded - /home/fet/stimuli/test_categories_box2/nonreward/Te_Stim_4_GreRas2400_041831101505.wav"
"2017-03-02 13:31:44,913","INFO","Trial 391 - 13:31:44 - Unrewarded - /home/fet/stimuli/test_categories_box2/nonreward/Te_Stim_8_WhiLbl0010_060323092127.wav"
"2017-03-02 13:32:02,638","INFO","Trial 392 - 13:32:02 - Rewarded - /home/fet/stimuli/test_categories_box2/reward/LT_Stim_8_WhiBlu3615_030602040701.wav"
"2017-03-02 13:32:03,684","INFO","Trial 393 - 13:32:03 - Rewarded - /home/fet/stimuli/test_categories_box2/reward/LT_Stim_1_LblBlu1630_040116140308.wav"
"2017-03-02 13:32:09,691","INFO","Supplying reward for 12.00 seconds"
"2017-03-02 13:33:12,865","INFO","Trial 394 - 13:33:12 - Unrewarded - /home/fet/stimuli/test_categories_box2/nonreward/Di_Stim_3_WhiWhi1415_020202020202.wav"
"2017-03-02 13:33:13,796","INFO","Trial 395 - 13:33:13 - Unrewarded - /home/fet/stimuli/test_categories_box2/nonreward/DC_Stim_1_GreGre6364_120607051310.wav"
"2017-03-02 13:33:30,775","INFO","Trial 396 - 13:33:30 - Rewarded - /home/fet/stimuli/test_categories_box2/reward/LT_Stim_2_LblGre0000_210213160408.wav"
"2017-03-02 13:33:36,783","INFO","Supplying reward for 12.00 seconds"
"2017-03-02 13:34:07,494","INFO","Trial 397 - 13:34:07 - Rewarded - /home/fet/stimuli/test_categories_box2/reward/LT_Stim_10_LblGre0001_110904060110.wav"
"2017-03-02 13:34:13,503","INFO","Supplying reward for 12.00 seconds"
"2017-03-02 13:35:09,184","INFO","Trial 398 - 13:35:09 - Rewarded - /home/fet/stimuli/test_categories_box2/reward/LT_Stim_8_LblRas1800_060302010504.wav"
"2017-03-02 13:35:15,192","INFO","Supplying reward for 12.00 seconds"
"2017-03-02 13:36:10,972","INFO","Trial 399 - 13:36:10 - Unrewarded - /home/fet/stimuli/test_categories_box2/nonreward/Ne_Stim_8_LblBla4419_294253214726.wav"
"2017-03-02 13:36:11,027","INFO","Trial 400 - 13:36:11 - Unrewarded - /home/fet/stimuli/test_categories_box2/nonreward/Ag_Stim_7_WhiRas44dd_243221310510.wav"
"2017-03-02 13:36:28,579","INFO","Trial 401 - 13:36:28 - Unrewarded - /home/fet/stimuli/test_categories_box2/nonreward/Te_Stim_4_YelGre5275_101321042228.wav"
"2017-03-02 13:37:03,399","INFO","Trial 402 - 13:37:03 - Rewarded - /home/fet/stimuli/test_categories_box2/reward/LT_Stim_7_LblBlu6680_230230222131.wav"
"2017-03-02 13:37:09,408","INFO","Supplying reward for 12.00 seconds"
"2017-03-02 13:38:12,588","INFO","Trial 403 - 13:38:12 - Unrewarded - /home/fet/stimuli/test_categories_box2/nonreward/DC_Stim_4_PurRas20dd_122327201304.wav"
"2017-03-02 13:38:31,411","INFO","Trial 404 - 13:38:31 - Unrewarded - /home/fet/stimuli/test_categories_box2/nonreward/Be_Stim_6_LblBlu6243_04_021817.wav"
"2017-03-02 13:38:45,467","INFO","Trial 405 - 13:38:45 - Rewarded - /home/fet/stimuli/test_categories_box2/reward/LT_Stim_10_LblBlu1927_010101010101.wav"
"2017-03-02 13:38:51,476","INFO","Supplying reward for 12.00 seconds"
"2017-03-02 13:39:58,872","INFO","Trial 406 - 13:39:58 - Unrewarded - /home/fet/stimuli/test_categories_box2/nonreward/Wh_Stim_6_BlaLbl8026_083207090707.wav"
"2017-03-02 13:40:15,443","INFO","Trial 407 - 13:40:15 - Unrewarded - /home/fet/stimuli/test_categories_box2/nonreward/So_Stim_3_RedRas3600_060102.wav"
"2017-03-02 13:40:47,356","INFO","Trial 408 - 13:40:47 - Unrewarded - /home/fet/stimuli/test_categories_box2/nonreward/DC_Stim_9_LblRed0613_402310143239.wav"
"2017-03-02 13:40:48,152","INFO","Trial 409 - 13:40:48 - Unrewarded - /home/fet/stimuli/test_categories_box2/nonreward/Ne_Stim_1_LblBla4419_095357156013.wav"
"2017-03-02 13:41:00,822","INFO","Trial 410 - 13:41:00 - Unrewarded - /home/fet/stimuli/test_categories_box2/nonreward/Wh_Stim_10_YelGre5275_090110041214.wav"
"2017-03-02 13:41:15,763","INFO","Trial 411 - 13:41:15 - Unrewarded - /home/fet/stimuli/test_categories_box2/nonreward/Tu_Stim_4_HPiHPi4748_262521030518.wav"
"2017-03-02 13:41:32,911","INFO","Trial 412 - 13:41:32 - Unrewarded - /home/fet/stimuli/test_categories_box2/nonreward/Tu_Stim_5_WhiRas44dd_120105230804.wav"
"2017-03-02 13:41:51,345","INFO","Trial 413 - 13:41:51 - Unrewarded - /home/fet/stimuli/test_categories_box2/nonreward/Th_Stim_6_LblRed0613_091517140804.wav"
"2017-03-02 13:42:06,298","INFO","Trial 414 - 13:42:06 - Unrewarded - /home/fet/stimuli/test_categories_box2/nonreward/So_Stim_6_WhiBlu5698_182412.wav"
"2017-03-02 13:42:34,599","INFO","Trial 415 - 13:42:34 - Rewarded - /home/fet/stimuli/test_categories_box2/reward/LT_Stim_4_WhiBlu0112_090510200826.wav"
"2017-03-02 13:42:40,608","INFO","Supplying reward for 12.00 seconds"
"2017-03-02 13:43:41,296","INFO","Trial 416 - 13:43:41 - Unrewarded - /home/fet/stimuli/test_categories_box2/nonreward/Ag_Stim_5_LblRed0613_220727011410.wav"
"2017-03-02 13:44:08,896","INFO","Trial 417 - 13:44:08 - Unrewarded - /home/fet/stimuli/test_categories_box2/nonreward/Te_Stim_1_BluRas61dd_162924170805.wav"
"2017-03-02 16:08:47,201","INFO","Trial 418 - 16:08:47 - Unrewarded - /home/fet/stimuli/test_categories_box2/nonreward/Ne_Stim_4_WhiBlu4917_060810030913.wav"
"2017-03-02 16:08:47,251","INFO","Trial 419 - 16:08:47 - Unrewarded - /home/fet/stimuli/test_categories_box2/nonreward/Ag_Stim_4_LblRed0613_260227110835.wav"
"2017-03-02 16:09:02,228","INFO","Trial 420 - 16:09:02 - Unrewarded - /home/fet/stimuli/test_categories_box2/nonreward/DC_Stim_5_BlaLbl8026_293628333531.wav"
"2017-03-02 16:09:02,279","INFO","Trial 421 - 16:09:02 - Unrewarded - /home/fet/stimuli/test_categories_box2/nonreward/Th_Stim_10_WhiBlu4818_050201030402.wav"
"2017-03-02 16:09:17,334","INFO","Trial 422 - 16:09:17 - Unrewarded - /home/fet/stimuli/test_categories_box2/nonreward/Di_Stim_6_WhiWhi1415_020202020202.wav"
"2017-03-02 16:09:42,305","INFO","Trial 423 - 16:09:42 - Unrewarded - /home/fet/stimuli/test_categories_box2/nonreward/Be_Stim_8_LblBlu2028_01_020802.wav"
"2017-03-02 16:10:32,544","INFO","Trial 424 - 16:10:32 - Unrewarded - /home/fet/stimuli/test_categories_box2/nonreward/Te_Stim_5_WhiRas44dd_020312142505.wav"
"2017-03-02 16:11:08,312","INFO","Trial 425 - 16:11:08 - Unrewarded - /home/fet/stimuli/test_categories_box2/nonreward/So_Stim_3_HPiHPi4748_121114.wav"
"2017-03-02 16:11:08,367","INFO","Trial 426 - 16:11:08 - Unrewarded - /home/fet/stimuli/test_categories_box2/nonreward/So_Stim_1_LblRed0613_122427.wav"
"2017-03-02 16:11:19,334","INFO","Trial 427 - 16:11:19 - Unrewarded - /home/fet/stimuli/test_categories_box2/nonreward/Di_Stim_3_WhiBlu4818_060606060606.wav"
"2017-03-02 16:11:28,869","INFO","Trial 428 - 16:11:28 - Unrewarded - /home/fet/stimuli/test_categories_box2/nonreward/Te_Stim_1_YelGre5275_083120121116.wav"
"2017-03-02 16:11:28,919","INFO","Trial 429 - 16:11:28 - Unrewarded - /home/fet/stimuli/test_categories_box2/nonreward/Di_Stim_7_PurRas20dd_010401040404.wav"
"2017-03-02 16:11:56,597","INFO","Trial 430 - 16:11:56 - Unrewarded - /home/fet/stimuli/test_categories_box2/nonreward/Ne_Stim_2_LblBla4419_502656325253.wav"
"2017-03-02 16:12:18,751","INFO","Trial 431 - 16:12:18 - Unrewarded - /home/fet/stimuli/test_categories_box2/nonreward/So_Stim_1_HPiHPi4748_151615.wav"
"2017-03-02 16:12:29,064","INFO","Trial 432 - 16:12:29 - Unrewarded - /home/fet/stimuli/test_categories_box2/nonreward/Be_Stim_4_LblBlu1927_080706.wav"
"2017-03-02 16:12:40,356","INFO","Trial 433 - 16:12:40 - Unrewarded - /home/fet/stimuli/test_categories_box2/nonreward/Di_Stim_5_WhiLbl0010_040404040404.wav"
"2017-03-02 16:12:40,415","INFO","Trial 434 - 16:12:40 - Unrewarded - /home/fet/stimuli/test_categories_box2/nonreward/Di_Stim_2_HPiHPi4748_050303030503.wav"
"2017-03-02 16:12:52,910","INFO","Trial 435 - 16:12:52 - Unrewarded - /home/fet/stimuli/test_categories_box2/nonreward/Di_Stim_10_Unknown000_010201020201.wav"
"2017-03-02 16:13:13,774","INFO","Trial 436 - 16:13:13 - Rewarded - /home/fet/stimuli/test_categories_box2/reward/LT_Stim_8_LblGre0001_100203010906.wav"
"2017-03-02 16:13:13,824","INFO","Trial 437 - 16:13:13 - Rewarded - /home/fet/stimuli/test_categories_box2/reward/LT_Stim_2_LblBlu1927_010101010101.wav"
"2017-03-02 16:13:19,832","INFO","Supplying reward for 12.00 seconds"
"2017-03-02 16:13:59,691","INFO","Trial 438 - 16:13:59 - Unrewarded - /home/fet/stimuli/test_categories_box2/nonreward/So_Stim_7_BluRas61dd_112221.wav"
"2017-03-02 16:13:59,746","INFO","Trial 439 - 16:13:59 - Unrewarded - /home/fet/stimuli/test_categories_box2/nonreward/DC_Stim_10_GreGre6364_090711041606.wav"
"2017-03-02 16:14:11,172","INFO","Trial 440 - 16:14:11 - Unrewarded - /home/fet/stimuli/test_categories_box2/nonreward/Ag_Stim_3_WhiBlu4818_070605070606.wav"
"2017-03-02 16:14:11,222","INFO","Trial 441 - 16:14:11 - Unrewarded - /home/fet/stimuli/test_categories_box2/nonreward/Th_Stim_2_WhiBlu4818_050104030201.wav"
"2017-03-02 16:14:22,914","INFO","Trial 442 - 16:14:22 - Unrewarded - /home/fet/stimuli/test_categories_box2/nonreward/Ne_Stim_10_BluRas07dd_200122050815.wav"
"2017-03-02 16:14:22,969","INFO","Trial 443 - 16:14:22 - Unrewarded - /home/fet/stimuli/test_categories_box2/nonreward/Te_Stim_2_GreWhi1242_190510262206.wav"
"2017-03-02 16:14:37,450","INFO","Trial 444 - 16:14:37 - Unrewarded - /home/fet/stimuli/test_categories_box2/nonreward/Tu_Stim_2_BlaLbl8026_070809100512.wav"
"2017-03-02 16:14:37,509","INFO","Trial 445 - 16:14:37 - Rewarded - /home/fet/stimuli/test_categories_box2/reward/LT_Stim_10_LblBlu6379_110316092122.wav"
"2017-03-02 16:14:43,516","INFO","Supplying reward for 12.00 seconds"
"2017-03-02 16:15:12,276","INFO","Trial 446 - 16:15:12 - Unrewarded - /home/fet/stimuli/test_categories_box2/nonreward/So_Stim_4_LblRed0613_244017.wav"
"2017-03-02 16:15:12,335","INFO","Trial 447 - 16:15:12 - Unrewarded - /home/fet/stimuli/test_categories_box2/nonreward/Th_Stim_4_WhiBlu4818_020501040304.wav"
"2017-03-02 16:15:22,069","INFO","Trial 448 - 16:15:22 - Unrewarded - /home/fet/stimuli/test_categories_box2/nonreward/So_Stim_4_YelGre5275_361633.wav"
"2017-03-02 16:15:22,120","INFO","Trial 449 - 16:15:22 - Rewarded - /home/fet/stimuli/test_categories_box2/reward/LT_Stim_7_WhiBlu3513_040302010605.wav"
"2017-03-02 16:15:28,128","INFO","Supplying reward for 12.00 seconds"
"2017-03-02 16:16:02,752","INFO","Trial 450 - 16:16:02 - Unrewarded - /home/fet/stimuli/test_categories_box2/nonreward/So_Stim_6_BluRas61dd_191114.wav"
"2017-03-02 16:16:12,054","INFO","Trial 451 - 16:16:12 - Rewarded - /home/fet/stimuli/test_categories_box2/reward/LT_Stim_8_LblBlu1630_101516131114.wav"
"2017-03-02 16:16:12,105","INFO","Trial 452 - 16:16:12 - Unrewarded - /home/fet/stimuli/test_categories_box2/nonreward/Ag_Stim_2_WhiGra0114_010101010101.wav"
"2017-03-02 16:16:22,060","INFO","Trial 453 - 16:16:22 - Unrewarded - /home/fet/stimuli/test_categories_box2/nonreward/So_Stim_2_BluRas61dd_172214.wav"
"2017-03-02 16:16:22,110","INFO","Trial 454 - 16:16:22 - Rewarded - /home/fet/stimuli/test_categories_box2/reward/LT_Stim_2_WhiBlu3615_010304070602.wav"
"2017-03-02 16:16:28,118","INFO","Supplying reward for 12.00 seconds"
"2017-03-02 16:16:51,246","INFO","Trial 455 - 16:16:51 - Unrewarded - /home/fet/stimuli/test_categories_box2/nonreward/Ne_Stim_10_WhiBlu4917_060401110607.wav"
"2017-03-02 16:17:11,684","INFO","Trial 456 - 16:17:11 - Unrewarded - /home/fet/stimuli/test_categories_box2/nonreward/Th_Stim_4_Unknown000_060910070504.wav"
"2017-03-02 16:17:22,276","INFO","Trial 457 - 16:17:22 - Unrewarded - /home/fet/stimuli/test_categories_box2/nonreward/Ag_Stim_5_GreWhi1242_010101010101.wav"
"2017-03-02 16:17:22,330","INFO","Trial 458 - 16:17:22 - Unrewarded - /home/fet/stimuli/test_categories_box2/nonreward/Ag_Stim_2_WhiBlu5698_110313140408.wav"
"2017-03-02 16:17:36,459","INFO","Trial 459 - 16:17:36 - Unrewarded - /home/fet/stimuli/test_categories_box2/nonreward/Be_Stim_2_GraRas1500_040501.wav"
"2017-03-02 16:17:36,522","INFO","Trial 460 - 16:17:36 - Unrewarded - /home/fet/stimuli/test_categories_box2/nonreward/Te_Stim_4_WhiLbl0010_041015072720.wav"
"2017-03-02 16:17:47,391","INFO","Trial 461 - 16:17:47 - Unrewarded - /home/fet/stimuli/test_categories_box2/nonreward/Ne_Stim_7_LblBla4548_242344033606.wav"
"2017-03-02 16:17:47,445","INFO","Trial 462 - 16:17:47 - Unrewarded - /home/fet/stimuli/test_categories_box2/nonreward/Th_Stim_10_WhiWhi1415_191425130703.wav"
"2017-03-02 16:17:58,425","INFO","Trial 463 - 16:17:58 - Unrewarded - /home/fet/stimuli/test_categories_box2/nonreward/Tu_Stim_6_GraGra0201_091606081119.wav"
"2017-03-02 16:18:09,627","INFO","Trial 464 - 16:18:09 - Rewarded - /home/fet/stimuli/test_categories_box2/reward/LT_Stim_9_WhiBlu3513_060203050104.wav"
"2017-03-02 16:18:09,681","INFO","Trial 465 - 16:18:09 - Unrewarded - /home/fet/stimuli/test_categories_box2/nonreward/Te_Stim_6_GraLbl0457_230629101226.wav"
"2017-03-02 16:18:31,973","INFO","Trial 466 - 16:18:31 - Rewarded - /home/fet/stimuli/test_categories_box2/reward/LT_Stim_3_LblBlu6680_111928130116.wav"
"2017-03-02 16:18:37,982","INFO","Supplying reward for 12.00 seconds"
"2017-03-02 16:19:29,809","INFO","Trial 467 - 16:19:29 - Unrewarded - /home/fet/stimuli/test_categories_box2/nonreward/Di_Stim_7_Unknown000_010202010102.wav"
"2017-03-02 16:19:29,864","INFO","Trial 468 - 16:19:29 - Unrewarded - /home/fet/stimuli/test_categories_box2/nonreward/Tu_Stim_8_HPiHPi4748_021201180914.wav"
"2017-03-02 16:19:39,836","INFO","Trial 469 - 16:19:39 - Unrewarded - /home/fet/stimuli/test_categories_box2/nonreward/Di_Stim_7_BlaBla0506_010101010101.wav"
"2017-03-02 16:19:39,890","INFO","Trial 470 - 16:19:39 - Rewarded - /home/fet/stimuli/test_categories_box2/reward/LT_Stim_4_WhiBlu3615_010302050604.wav"
"2017-03-02 16:19:45,898","INFO","Supplying reward for 12.00 seconds"
"2017-03-02 16:20:26,212","INFO","Trial 471 - 16:20:26 - Rewarded - /home/fet/stimuli/test_categories_box2/reward/LT_Stim_4_LblBlu6243_292703232611.wav"
"2017-03-02 16:20:32,217","INFO","Supplying reward for 12.00 seconds"
"2017-03-02 16:21:05,691","INFO","Trial 472 - 16:21:05 - Unrewarded - /home/fet/stimuli/test_categories_box2/nonreward/Te_Stim_5_LblBla4548_142736380911.wav"
"2017-03-02 16:21:05,741","INFO","Trial 473 - 16:21:05 - Unrewarded - /home/fet/stimuli/test_categories_box2/nonreward/Tu_Stim_7_GreOra1817_021614120318.wav"
"2017-03-02 16:21:17,524","INFO","Trial 474 - 16:21:17 - Unrewarded - /home/fet/stimuli/test_categories_box2/nonreward/Di_Stim_3_BlaLbl8026_020301010301.wav"
"2017-03-02 16:21:17,574","INFO","Trial 475 - 16:21:17 - Unrewarded - /home/fet/stimuli/test_categories_box2/nonreward/Di_Stim_7_WhiBlu4917_010101010101.wav"
"2017-03-02 16:21:28,255","INFO","Trial 476 - 16:21:28 - Rewarded - /home/fet/stimuli/test_categories_box2/reward/LT_Stim_7_LblBlu6379_012310072017.wav"
"2017-03-02 16:21:34,264","INFO","Supplying reward for 12.00 seconds"
"2017-03-02 16:22:23,310","INFO","Trial 477 - 16:22:23 - Unrewarded - /home/fet/stimuli/test_categories_box2/nonreward/Ne_Stim_9_GraGra0201_342205382704.wav"
"2017-03-02 16:22:34,401","INFO","Trial 478 - 16:22:34 - Rewarded - /home/fet/stimuli/test_categories_box2/reward/LT_Stim_3_LblRas1800_050306020401.wav"
"2017-03-02 16:22:34,452","INFO","Trial 479 - 16:22:34 - Unrewarded - /home/fet/stimuli/test_categories_box2/nonreward/Ne_Stim_9_WhiGra0114_020203020302.wav"
"2017-03-02 16:22:47,205","INFO","Trial 480 - 16:22:47 - Rewarded - /home/fet/stimuli/test_categories_box2/reward/LT_Stim_8_LblBlu1927_010101010101.wav"
"2017-03-02 16:22:53,213","INFO","Supplying reward for 12.00 seconds"
"2017-03-02 16:23:23,108","INFO","Trial 481 - 16:23:23 - Unrewarded - /home/fet/stimuli/test_categories_box2/nonreward/Wh_Stim_9_LblRed0613_403106190127.wav"
"2017-03-02 16:23:36,816","INFO","Trial 482 - 16:23:36 - Unrewarded - /home/fet/stimuli/test_categories_box2/nonreward/Tu_Stim_6_GraLbl0457_130610031504.wav"
"2017-03-02 16:24:01,280","INFO","Trial 483 - 16:24:01 - Unrewarded - /home/fet/stimuli/test_categories_box2/nonreward/Wh_Stim_4_LblRed0613_252042093505.wav"
"2017-03-02 16:24:01,335","INFO","Trial 484 - 16:24:01 - Unrewarded - /home/fet/stimuli/test_categories_box2/nonreward/Te_Stim_7_WhiBlu4818_031220061013.wav"
"2017-03-02 16:24:18,159","INFO","Trial 485 - 16:24:18 - Unrewarded - /home/fet/stimuli/test_categories_box2/nonreward/Ne_Stim_4_HPiHPi4748_011218453406.wav"
"2017-03-02 16:24:41,075","INFO","Trial 486 - 16:24:41 - Rewarded - /home/fet/stimuli/test_categories_box2/reward/LT_Stim_9_LblBlu1630_010811120716.wav"
"2017-03-02 16:24:47,084","INFO","Supplying reward for 12.00 seconds"
"2017-03-02 16:25:39,685","INFO","Trial 487 - 16:25:39 - Unrewarded - /home/fet/stimuli/test_categories_box2/nonreward/DC_Stim_1_GreRas2400_020101020101.wav"
"2017-03-02 16:26:01,540","INFO","Trial 488 - 16:26:01 - Unrewarded - /home/fet/stimuli/test_categories_box2/nonreward/Ne_Stim_6_BlaLbl8026_341426273022.wav"
"2017-03-02 16:26:13,147","INFO","Trial 489 - 16:26:13 - Rewarded - /home/fet/stimuli/test_categories_box2/reward/LT_Stim_1_LblRas1800_040501060302.wav"
"2017-03-02 16:26:19,157","INFO","Supplying reward for 12.00 seconds"
"2017-03-02 16:27:16,021","INFO","Trial 490 - 16:27:16 - Rewarded - /home/fet/stimuli/test_categories_box2/reward/LT_Stim_2_WhiBlu3513_050104030206.wav"
"2017-03-02 16:27:16,072","INFO","Trial 491 - 16:27:16 - Unrewarded - /home/fet/stimuli/test_categories_box2/nonreward/Wh_Stim_4_LblBla4548_150312050614.wav"
"2017-03-02 16:45:11,603","INFO","Finishing session 1 at Thu Mar  2 16:45:11 2017"
"2017-03-02 16:45:11,604","INFO","Finished all sessions."
"2017-03-02 16:45:11,911","INFO","Exiting Session state"
"2017-03-02 16:45:11,911","INFO","Finishing experiment"
"2017-03-02 16:45:12,218","INFO","Exiting Idle state"
