"2017-02-06 09:50:05,472","INFO","Preparing subject and data storage"
"2017-02-06 09:50:05,472","INFO","Created subject object with name LblGra3039M"
"2017-02-06 09:50:05,473","INFO","Created datastore CSVStore: filename = /home/fet/data/LblGra3039M/060217/LblGra3039M_trialdata_20170206095005.csv, fields = session, index, time, stimulus_name, condition_name, response, correct, rt, reward, max_wait for subject LblGra3039M"
"2017-02-06 09:50:05,473","INFO","Preparing to run experiment Go No-Go Interruption"
"2017-02-06 09:50:05,778","INFO","Entering Idle state"
"2017-02-06 09:50:06,081","INFO","Beginning block #1"
"2017-02-06 10:58:01,847","INFO","Trial 1 - 10:58:01 - Rewarded - /home/fet/stimuli/shaping_categories_box2/reward/DC_Stim_7.wav"
"2017-02-06 10:58:01,902","INFO","Trial 2 - 10:58:01 - Rewarded - /home/fet/stimuli/shaping_categories_box2/reward/DC_Stim_8.wav"
"2017-02-06 10:58:03,298","INFO","Trial 3 - 10:58:03 - Rewarded - /home/fet/stimuli/shaping_categories_box2/reward/DC_Stim_8.wav"
"2017-02-06 10:58:09,307","INFO","Supplying reward for 12.00 seconds"
"2017-02-06 13:19:07,407","INFO","Trial 4 - 13:19:07 - Rewarded - /home/fet/stimuli/shaping_categories_box2/reward/DC_Stim_7.wav"
"2017-02-06 13:19:13,416","INFO","Supplying reward for 12.00 seconds"
"2017-02-06 13:22:28,512","INFO","Trial 5 - 13:22:28 - Rewarded - /home/fet/stimuli/shaping_categories_box2/reward/DC_Stim_8.wav"
"2017-02-06 13:22:28,562","INFO","Trial 6 - 13:22:28 - Rewarded - /home/fet/stimuli/shaping_categories_box2/reward/DC_Stim_7.wav"
"2017-02-06 13:22:34,569","INFO","Supplying reward for 12.00 seconds"
"2017-02-06 13:23:03,309","INFO","Trial 7 - 13:23:03 - Rewarded - /home/fet/stimuli/shaping_categories_box2/reward/DC_Stim_8.wav"
"2017-02-06 13:23:03,356","INFO","Trial 8 - 13:23:03 - Rewarded - /home/fet/stimuli/shaping_categories_box2/reward/DC_Stim_7.wav"
"2017-02-06 13:23:09,364","INFO","Supplying reward for 12.00 seconds"
"2017-02-06 13:23:28,843","INFO","Trial 9 - 13:23:28 - Rewarded - /home/fet/stimuli/shaping_categories_box2/reward/DC_Stim_7.wav"
"2017-02-06 13:23:28,886","INFO","Trial 10 - 13:23:28 - Rewarded - /home/fet/stimuli/shaping_categories_box2/reward/DC_Stim_8.wav"
"2017-02-06 13:23:34,893","INFO","Supplying reward for 12.00 seconds"
"2017-02-06 13:25:35,805","INFO","Trial 11 - 13:25:35 - Rewarded - /home/fet/stimuli/shaping_categories_box2/reward/DC_Stim_7.wav"
"2017-02-06 13:25:41,810","INFO","Supplying reward for 12.00 seconds"
"2017-02-06 13:26:37,513","INFO","Trial 12 - 13:26:37 - Rewarded - /home/fet/stimuli/shaping_categories_box2/reward/DC_Stim_8.wav"
"2017-02-06 13:26:37,568","INFO","Trial 13 - 13:26:37 - Rewarded - /home/fet/stimuli/shaping_categories_box2/reward/DC_Stim_8.wav"
"2017-02-06 13:26:43,575","INFO","Supplying reward for 12.00 seconds"
"2017-02-06 13:44:09,345","INFO","Trial 14 - 13:44:09 - Rewarded - /home/fet/stimuli/shaping_categories_box2/reward/DC_Stim_7.wav"
"2017-02-06 13:44:15,354","INFO","Supplying reward for 12.00 seconds"
"2017-02-06 13:48:44,379","INFO","Trial 15 - 13:48:44 - Rewarded - /home/fet/stimuli/shaping_categories_box2/reward/DC_Stim_8.wav"
"2017-02-06 13:48:50,388","INFO","Supplying reward for 12.00 seconds"
"2017-02-06 13:55:25,397","INFO","Trial 16 - 13:55:25 - Rewarded - /home/fet/stimuli/shaping_categories_box2/reward/DC_Stim_7.wav"
"2017-02-06 13:55:31,406","INFO","Supplying reward for 12.00 seconds"
"2017-02-06 13:57:07,591","INFO","Trial 17 - 13:57:07 - Rewarded - /home/fet/stimuli/shaping_categories_box2/reward/DC_Stim_7.wav"
"2017-02-06 13:57:07,638","INFO","Trial 18 - 13:57:07 - Rewarded - /home/fet/stimuli/shaping_categories_box2/reward/DC_Stim_8.wav"
"2017-02-06 13:57:13,645","INFO","Supplying reward for 12.00 seconds"
"2017-02-06 13:58:04,712","INFO","Trial 19 - 13:58:04 - Rewarded - /home/fet/stimuli/shaping_categories_box2/reward/DC_Stim_8.wav"
"2017-02-06 13:58:10,721","INFO","Supplying reward for 12.00 seconds"
"2017-02-06 14:14:00,528","INFO","Trial 20 - 14:14:00 - Rewarded - /home/fet/stimuli/shaping_categories_box2/reward/DC_Stim_7.wav"
"2017-02-06 14:14:04,016","INFO","Trial 21 - 14:14:04 - Rewarded - /home/fet/stimuli/shaping_categories_box2/reward/DC_Stim_7.wav"
"2017-02-06 14:14:04,068","INFO","Trial 22 - 14:14:04 - Rewarded - /home/fet/stimuli/shaping_categories_box2/reward/DC_Stim_8.wav"
"2017-02-06 14:14:10,076","INFO","Supplying reward for 12.00 seconds"
"2017-02-06 14:16:13,423","INFO","Trial 23 - 14:16:13 - Rewarded - /home/fet/stimuli/shaping_categories_box2/reward/DC_Stim_7.wav"
"2017-02-06 14:16:19,429","INFO","Supplying reward for 12.00 seconds"
"2017-02-06 14:19:05,716","INFO","Trial 24 - 14:19:05 - Rewarded - /home/fet/stimuli/shaping_categories_box2/reward/DC_Stim_8.wav"
"2017-02-06 14:19:06,172","INFO","Trial 25 - 14:19:06 - Rewarded - /home/fet/stimuli/shaping_categories_box2/reward/DC_Stim_8.wav"
"2017-02-06 14:19:12,180","INFO","Supplying reward for 12.00 seconds"
"2017-02-06 14:20:01,465","INFO","Trial 26 - 14:20:01 - Rewarded - /home/fet/stimuli/shaping_categories_box2/reward/DC_Stim_7.wav"
"2017-02-06 14:20:02,261","INFO","Trial 27 - 14:20:02 - Rewarded - /home/fet/stimuli/shaping_categories_box2/reward/DC_Stim_8.wav"
"2017-02-06 14:20:02,310","INFO","Trial 28 - 14:20:02 - Rewarded - /home/fet/stimuli/shaping_categories_box2/reward/DC_Stim_7.wav"
"2017-02-06 14:20:08,319","INFO","Supplying reward for 12.00 seconds"
"2017-02-06 14:21:22,413","INFO","Trial 29 - 14:21:22 - Rewarded - /home/fet/stimuli/shaping_categories_box2/reward/DC_Stim_7.wav"
"2017-02-06 14:21:28,422","INFO","Supplying reward for 12.00 seconds"
"2017-02-06 14:33:03,592","INFO","Trial 30 - 14:33:03 - Rewarded - /home/fet/stimuli/shaping_categories_box2/reward/DC_Stim_8.wav"
"2017-02-06 14:33:09,597","INFO","Supplying reward for 12.00 seconds"
"2017-02-06 14:34:50,746","INFO","Trial 31 - 14:34:50 - Rewarded - /home/fet/stimuli/shaping_categories_box2/reward/DC_Stim_8.wav"
"2017-02-06 14:34:50,793","INFO","Trial 32 - 14:34:50 - Rewarded - /home/fet/stimuli/shaping_categories_box2/reward/DC_Stim_7.wav"
"2017-02-06 14:34:56,800","INFO","Supplying reward for 12.00 seconds"
"2017-02-06 14:36:57,708","INFO","Trial 33 - 14:36:57 - Rewarded - /home/fet/stimuli/shaping_categories_box2/reward/DC_Stim_8.wav"
"2017-02-06 14:37:03,714","INFO","Supplying reward for 12.00 seconds"
"2017-02-06 14:37:24,303","INFO","Trial 34 - 14:37:24 - Rewarded - /home/fet/stimuli/shaping_categories_box2/reward/DC_Stim_7.wav"
"2017-02-06 14:37:30,312","INFO","Supplying reward for 12.00 seconds"
"2017-02-06 14:42:37,322","INFO","Trial 35 - 14:42:37 - Rewarded - /home/fet/stimuli/shaping_categories_box2/reward/DC_Stim_7.wav"
"2017-02-06 14:42:37,373","INFO","Trial 36 - 14:42:37 - Rewarded - /home/fet/stimuli/shaping_categories_box2/reward/DC_Stim_8.wav"
"2017-02-06 14:42:43,381","INFO","Supplying reward for 12.00 seconds"
"2017-02-06 14:46:40,730","INFO","Trial 37 - 14:46:40 - Rewarded - /home/fet/stimuli/shaping_categories_box2/reward/DC_Stim_8.wav"
"2017-02-06 14:46:40,789","INFO","Trial 38 - 14:46:40 - Rewarded - /home/fet/stimuli/shaping_categories_box2/reward/DC_Stim_7.wav"
"2017-02-06 14:46:40,937","INFO","Trial 39 - 14:46:40 - Rewarded - /home/fet/stimuli/shaping_categories_box2/reward/DC_Stim_7.wav"
"2017-02-06 14:46:40,978","INFO","Trial 40 - 14:46:40 - Rewarded - /home/fet/stimuli/shaping_categories_box2/reward/DC_Stim_8.wav"
"2017-02-06 14:46:41,305","INFO","Trial 41 - 14:46:41 - Rewarded - /home/fet/stimuli/shaping_categories_box2/reward/DC_Stim_8.wav"
"2017-02-06 14:46:41,347","INFO","Trial 42 - 14:46:41 - Rewarded - /home/fet/stimuli/shaping_categories_box2/reward/DC_Stim_7.wav"
"2017-02-06 14:46:41,534","INFO","Trial 43 - 14:46:41 - Rewarded - /home/fet/stimuli/shaping_categories_box2/reward/DC_Stim_8.wav"
"2017-02-06 14:46:41,575","INFO","Trial 44 - 14:46:41 - Rewarded - /home/fet/stimuli/shaping_categories_box2/reward/DC_Stim_7.wav"
"2017-02-06 14:46:47,583","INFO","Supplying reward for 12.00 seconds"
"2017-02-06 15:21:43,503","INFO","Trial 45 - 15:21:43 - Rewarded - /home/fet/stimuli/shaping_categories_box2/reward/DC_Stim_8.wav"
"2017-02-06 15:21:43,848","INFO","Trial 46 - 15:21:43 - Rewarded - /home/fet/stimuli/shaping_categories_box2/reward/DC_Stim_7.wav"
"2017-02-06 15:21:43,885","INFO","Trial 47 - 15:21:43 - Rewarded - /home/fet/stimuli/shaping_categories_box2/reward/DC_Stim_7.wav"
"2017-02-06 15:21:49,892","INFO","Supplying reward for 12.00 seconds"
"2017-02-06 15:34:07,556","INFO","Trial 48 - 15:34:07 - Rewarded - /home/fet/stimuli/shaping_categories_box2/reward/DC_Stim_8.wav"
"2017-02-06 15:34:07,606","INFO","Trial 49 - 15:34:07 - Rewarded - /home/fet/stimuli/shaping_categories_box2/reward/DC_Stim_8.wav"
"2017-02-06 15:34:13,614","INFO","Supplying reward for 12.00 seconds"
"2017-02-06 15:42:40,516","INFO","Trial 50 - 15:42:40 - Rewarded - /home/fet/stimuli/shaping_categories_box2/reward/DC_Stim_7.wav"
"2017-02-06 15:42:46,521","INFO","Supplying reward for 12.00 seconds"
"2017-02-06 15:43:14,490","INFO","Trial 51 - 15:43:14 - Rewarded - /home/fet/stimuli/shaping_categories_box2/reward/DC_Stim_8.wav"
"2017-02-06 15:43:20,498","INFO","Supplying reward for 12.00 seconds"
"2017-02-06 15:43:52,112","INFO","Trial 52 - 15:43:52 - Rewarded - /home/fet/stimuli/shaping_categories_box2/reward/DC_Stim_7.wav"
"2017-02-06 15:43:52,445","INFO","Trial 53 - 15:43:52 - Rewarded - /home/fet/stimuli/shaping_categories_box2/reward/DC_Stim_8.wav"
"2017-02-06 15:43:58,453","INFO","Supplying reward for 12.00 seconds"
"2017-02-06 15:48:48,014","INFO","Trial 54 - 15:48:48 - Rewarded - /home/fet/stimuli/shaping_categories_box2/reward/DC_Stim_7.wav"
"2017-02-06 15:48:48,175","INFO","Trial 55 - 15:48:48 - Rewarded - /home/fet/stimuli/shaping_categories_box2/reward/DC_Stim_7.wav"
"2017-02-06 15:48:48,360","INFO","Trial 56 - 15:48:48 - Rewarded - /home/fet/stimuli/shaping_categories_box2/reward/DC_Stim_8.wav"
"2017-02-06 15:48:48,417","INFO","Trial 57 - 15:48:48 - Rewarded - /home/fet/stimuli/shaping_categories_box2/reward/DC_Stim_7.wav"
"2017-02-06 15:48:48,507","INFO","Trial 58 - 15:48:48 - Rewarded - /home/fet/stimuli/shaping_categories_box2/reward/DC_Stim_8.wav"
"2017-02-06 15:48:48,672","INFO","Trial 59 - 15:48:48 - Rewarded - /home/fet/stimuli/shaping_categories_box2/reward/DC_Stim_7.wav"
"2017-02-06 15:48:48,802","INFO","Trial 60 - 15:48:48 - Rewarded - /home/fet/stimuli/shaping_categories_box2/reward/DC_Stim_8.wav"
"2017-02-06 15:48:48,855","INFO","Trial 61 - 15:48:48 - Rewarded - /home/fet/stimuli/shaping_categories_box2/reward/DC_Stim_8.wav"
"2017-02-06 15:48:48,958","INFO","Trial 62 - 15:48:48 - Rewarded - /home/fet/stimuli/shaping_categories_box2/reward/DC_Stim_7.wav"
"2017-02-06 15:48:49,011","INFO","Trial 63 - 15:48:49 - Rewarded - /home/fet/stimuli/shaping_categories_box2/reward/DC_Stim_8.wav"
"2017-02-06 15:48:49,336","INFO","Trial 64 - 15:48:49 - Rewarded - /home/fet/stimuli/shaping_categories_box2/reward/DC_Stim_7.wav"
"2017-02-06 15:48:49,486","INFO","Trial 65 - 15:48:49 - Rewarded - /home/fet/stimuli/shaping_categories_box2/reward/DC_Stim_8.wav"
"2017-02-06 15:48:49,637","INFO","Trial 66 - 15:48:49 - Rewarded - /home/fet/stimuli/shaping_categories_box2/reward/DC_Stim_7.wav"
"2017-02-06 15:48:49,798","INFO","Trial 67 - 15:48:49 - Rewarded - /home/fet/stimuli/shaping_categories_box2/reward/DC_Stim_8.wav"
"2017-02-06 15:48:50,084","INFO","Trial 68 - 15:48:50 - Rewarded - /home/fet/stimuli/shaping_categories_box2/reward/DC_Stim_7.wav"
"2017-02-06 15:48:50,133","INFO","Trial 69 - 15:48:50 - Rewarded - /home/fet/stimuli/shaping_categories_box2/reward/DC_Stim_8.wav"
"2017-02-06 15:48:50,227","INFO","Trial 70 - 15:48:50 - Rewarded - /home/fet/stimuli/shaping_categories_box2/reward/DC_Stim_7.wav"
"2017-02-06 15:48:50,272","INFO","Trial 71 - 15:48:50 - Rewarded - /home/fet/stimuli/shaping_categories_box2/reward/DC_Stim_8.wav"
"2017-02-06 15:48:50,363","INFO","Trial 72 - 15:48:50 - Rewarded - /home/fet/stimuli/shaping_categories_box2/reward/DC_Stim_7.wav"
"2017-02-06 15:48:50,408","INFO","Trial 73 - 15:48:50 - Rewarded - /home/fet/stimuli/shaping_categories_box2/reward/DC_Stim_7.wav"
"2017-02-06 15:48:56,416","INFO","Supplying reward for 12.00 seconds"
"2017-02-06 16:10:12,601","INFO","Trial 74 - 16:10:12 - Rewarded - /home/fet/stimuli/shaping_categories_box2/reward/DC_Stim_8.wav"
"2017-02-06 16:10:12,811","INFO","Trial 75 - 16:10:12 - Rewarded - /home/fet/stimuli/shaping_categories_box2/reward/DC_Stim_7.wav"
"2017-02-06 16:10:12,862","INFO","Trial 76 - 16:10:12 - Rewarded - /home/fet/stimuli/shaping_categories_box2/reward/DC_Stim_8.wav"
"2017-02-06 16:10:13,824","INFO","Trial 77 - 16:10:13 - Rewarded - /home/fet/stimuli/shaping_categories_box2/reward/DC_Stim_7.wav"
"2017-02-06 16:10:13,877","INFO","Trial 78 - 16:10:13 - Rewarded - /home/fet/stimuli/shaping_categories_box2/reward/DC_Stim_8.wav"
"2017-02-06 16:10:14,163","INFO","Trial 79 - 16:10:14 - Rewarded - /home/fet/stimuli/shaping_categories_box2/reward/DC_Stim_8.wav"
"2017-02-06 16:10:20,171","INFO","Supplying reward for 12.00 seconds"
"2017-02-06 16:18:24,859","INFO","Trial 80 - 16:18:24 - Rewarded - /home/fet/stimuli/shaping_categories_box2/reward/DC_Stim_7.wav"
"2017-02-06 16:18:25,053","INFO","Trial 81 - 16:18:25 - Rewarded - /home/fet/stimuli/shaping_categories_box2/reward/DC_Stim_7.wav"
"2017-02-06 16:18:31,060","INFO","Supplying reward for 12.00 seconds"
"2017-02-06 17:11:57,556","INFO","Trial 82 - 17:11:57 - Rewarded - /home/fet/stimuli/shaping_categories_box2/reward/DC_Stim_8.wav"
"2017-02-06 17:12:03,565","INFO","Supplying reward for 12.00 seconds"
"2017-02-06 17:20:52,081","INFO","Trial 83 - 17:20:52 - Rewarded - /home/fet/stimuli/shaping_categories_box2/reward/DC_Stim_7.wav"
"2017-02-06 17:20:52,132","INFO","Trial 84 - 17:20:52 - Rewarded - /home/fet/stimuli/shaping_categories_box2/reward/DC_Stim_8.wav"
"2017-02-06 17:20:52,435","INFO","Trial 85 - 17:20:52 - Rewarded - /home/fet/stimuli/shaping_categories_box2/reward/DC_Stim_8.wav"
"2017-02-06 17:20:58,442","INFO","Supplying reward for 12.00 seconds"
"2017-02-06 18:29:39,153","INFO","Finishing session 1 at Mon Feb  6 18:29:39 2017"
"2017-02-06 18:29:39,153","INFO","Finished all sessions."
"2017-02-06 18:29:39,460","INFO","Exiting Session state"
"2017-02-06 18:29:39,460","INFO","Finishing experiment"
"2017-02-06 18:29:39,767","INFO","Exiting Idle state"
