2017-02-15 09:38:20.754765	PeckPort	off	None
2017-02-15 09:38:20.755387	HouseLight	on	None
2017-02-15 09:38:20.756207	Hopper	down	None
2017-02-15 09:38:21.062164	Hopper	down	None
2017-02-15 09:38:21.365023	HouseLight	on	None
2017-02-15 09:38:21.365325	PeckPort	on	None
2017-02-15 09:39:06.299696	Trial	start	1
2017-02-15 09:39:06.302348	Speaker	play	None
2017-02-15 09:39:12.308308	Speaker	stop	None
2017-02-15 09:39:12.309072	Trial	end	1
2017-02-15 09:39:57.226442	Trial	start	2
2017-02-15 09:39:57.228574	Speaker	play	None
2017-02-15 09:39:57.279779	Speaker	stop	None
2017-02-15 09:39:57.280305	Trial	end	2
2017-02-15 09:39:57.281053	Trial	start	3
2017-02-15 09:39:57.283189	Speaker	play	None
2017-02-15 09:40:06.233052	Speaker	stop	None
2017-02-15 09:40:06.233666	Trial	end	3
2017-02-15 09:40:29.025907	Trial	start	4
2017-02-15 09:40:29.027889	Speaker	play	None
2017-02-15 09:40:29.075155	Speaker	stop	None
2017-02-15 09:40:29.075693	Trial	end	4
2017-02-15 09:40:29.076385	Trial	start	5
2017-02-15 09:40:29.078202	Speaker	play	None
2017-02-15 09:40:35.083600	Speaker	stop	None
2017-02-15 09:40:35.084147	Trial	end	5
2017-02-15 09:40:47.506007	Trial	start	6
2017-02-15 09:40:47.508187	Speaker	play	None
2017-02-15 09:40:53.510494	Speaker	stop	None
2017-02-15 09:40:53.511061	Trial	end	6
2017-02-15 09:40:58.884186	Trial	start	7
2017-02-15 09:40:58.888286	Speaker	play	None
2017-02-15 09:40:58.937461	Speaker	stop	None
2017-02-15 09:40:58.938075	Trial	end	7
2017-02-15 09:40:58.938643	Trial	start	8
2017-02-15 09:40:58.940582	Speaker	play	None
2017-02-15 09:41:04.945898	Speaker	stop	None
2017-02-15 09:41:04.946447	Trial	end	8
2017-02-15 09:41:12.482043	Trial	start	9
2017-02-15 09:41:12.484236	Speaker	play	None
2017-02-15 09:41:12.539435	Speaker	stop	None
2017-02-15 09:41:12.539960	Trial	end	9
2017-02-15 09:41:12.540590	Trial	start	10
2017-02-15 09:41:12.546406	Speaker	play	None
2017-02-15 09:41:18.552025	Speaker	stop	None
2017-02-15 09:41:18.552986	Hopper	up	None
2017-02-15 09:41:30.556660	Hopper	down	None
2017-02-15 09:41:30.859731	Trial	end	10
2017-02-15 09:42:31.440274	Trial	start	11
2017-02-15 09:42:31.443116	Speaker	play	None
2017-02-15 09:42:31.489452	Speaker	stop	None
2017-02-15 09:42:31.489948	Trial	end	11
2017-02-15 09:42:31.490610	Trial	start	12
2017-02-15 09:42:31.492298	Speaker	play	None
2017-02-15 09:42:37.497862	Speaker	stop	None
2017-02-15 09:42:37.498486	Trial	end	12
2017-02-15 09:42:44.337722	Trial	start	13
2017-02-15 09:42:44.340025	Speaker	play	None
2017-02-15 09:42:50.346417	Speaker	stop	None
2017-02-15 09:42:50.348068	Hopper	up	None
2017-02-15 09:43:02.350940	Hopper	down	None
2017-02-15 09:43:02.654086	Trial	end	13
2017-02-15 09:44:41.870019	Trial	start	14
2017-02-15 09:44:41.874040	Speaker	play	None
2017-02-15 09:44:53.104699	Speaker	stop	None
2017-02-15 09:44:53.105267	Trial	end	14
2017-02-15 09:45:04.286010	Trial	start	15
2017-02-15 09:45:04.288897	Speaker	play	None
2017-02-15 09:45:04.327094	Speaker	stop	None
2017-02-15 09:45:04.327632	Trial	end	15
2017-02-15 09:45:04.328377	Trial	start	16
2017-02-15 09:45:04.330358	Speaker	play	None
2017-02-15 09:45:10.335640	Speaker	stop	None
2017-02-15 09:45:10.337048	Trial	end	16
2017-02-15 09:45:23.052891	Trial	start	17
2017-02-15 09:45:23.054933	Speaker	play	None
2017-02-15 09:45:23.106233	Speaker	stop	None
2017-02-15 09:45:23.106769	Trial	end	17
2017-02-15 09:45:23.107485	Trial	start	18
2017-02-15 09:45:23.109377	Speaker	play	None
2017-02-15 09:45:29.114706	Speaker	stop	None
2017-02-15 09:45:29.115269	Trial	end	18
2017-02-15 09:45:34.611173	Trial	start	19
2017-02-15 09:45:34.613820	Speaker	play	None
2017-02-15 09:45:34.664509	Speaker	stop	None
2017-02-15 09:45:34.664991	Trial	end	19
2017-02-15 09:45:34.665673	Trial	start	20
2017-02-15 09:45:34.668241	Speaker	play	None
2017-02-15 09:45:40.672953	Speaker	stop	None
2017-02-15 09:45:40.673551	Trial	end	20
2017-02-15 09:45:47.643871	Trial	start	21
2017-02-15 09:45:47.646103	Speaker	play	None
2017-02-15 09:45:53.652451	Speaker	stop	None
2017-02-15 09:45:53.653253	Trial	end	21
2017-02-15 09:46:01.057536	Trial	start	22
2017-02-15 09:46:01.060586	Speaker	play	None
2017-02-15 09:46:01.114938	Speaker	stop	None
2017-02-15 09:46:01.115446	Trial	end	22
2017-02-15 09:46:01.116099	Trial	start	23
2017-02-15 09:46:01.118005	Speaker	play	None
2017-02-15 09:46:07.123472	Speaker	stop	None
2017-02-15 09:46:07.124175	Hopper	up	None
2017-02-15 09:46:19.128022	Hopper	down	None
2017-02-15 09:46:19.431085	Trial	end	23
2017-02-15 09:47:59.556306	Trial	start	24
2017-02-15 09:47:59.558445	Speaker	play	None
2017-02-15 09:47:59.605540	Speaker	stop	None
2017-02-15 09:47:59.606175	Trial	end	24
2017-02-15 09:47:59.606803	Trial	start	25
2017-02-15 09:47:59.608623	Speaker	play	None
2017-02-15 09:48:05.614028	Speaker	stop	None
2017-02-15 09:48:05.614572	Trial	end	25
2017-02-15 09:48:12.830653	Trial	start	26
2017-02-15 09:48:12.832908	Speaker	play	None
2017-02-15 09:48:12.884000	Speaker	stop	None
2017-02-15 09:48:12.884566	Trial	end	26
2017-02-15 09:48:12.885271	Trial	start	27
2017-02-15 09:48:12.887245	Speaker	play	None
2017-02-15 09:48:18.892454	Speaker	stop	None
2017-02-15 09:48:18.893384	Hopper	up	None
2017-02-15 09:48:30.897141	Hopper	down	None
2017-02-15 09:48:31.200252	Trial	end	27
2017-02-15 09:50:53.777971	Trial	start	28
2017-02-15 09:50:53.779991	Speaker	play	None
2017-02-15 09:50:53.819070	Speaker	stop	None
2017-02-15 09:50:53.819631	Trial	end	28
2017-02-15 09:50:53.820300	Trial	start	29
2017-02-15 09:50:53.822321	Speaker	play	None
2017-02-15 09:50:59.827638	Speaker	stop	None
2017-02-15 09:50:59.828309	Trial	end	29
2017-02-15 09:51:24.402089	Trial	start	30
2017-02-15 09:51:24.406716	Speaker	play	None
2017-02-15 09:51:24.455389	Speaker	stop	None
2017-02-15 09:51:24.455900	Trial	end	30
2017-02-15 09:51:24.456632	Trial	start	31
2017-02-15 09:51:24.458727	Speaker	play	None
2017-02-15 09:51:30.463921	Speaker	stop	None
2017-02-15 09:51:30.464623	Trial	end	31
2017-02-15 09:51:32.380675	Trial	start	32
2017-02-15 09:51:32.382792	Speaker	play	None
2017-02-15 09:51:38.389286	Speaker	stop	None
2017-02-15 09:51:38.390119	Hopper	up	None
2017-02-15 09:51:50.393851	Hopper	down	None
2017-02-15 09:51:50.697036	Trial	end	32
2017-02-15 09:58:10.284757	Trial	start	33
2017-02-15 09:58:10.287554	Speaker	play	None
2017-02-15 09:58:10.338186	Speaker	stop	None
2017-02-15 09:58:10.338795	Trial	end	33
2017-02-15 09:58:10.339535	Trial	start	34
2017-02-15 09:58:10.342029	Speaker	play	None
2017-02-15 09:58:16.346524	Speaker	stop	None
2017-02-15 09:58:16.347097	Trial	end	34
2017-02-15 09:58:29.534867	Trial	start	35
2017-02-15 09:58:29.537655	Speaker	play	None
2017-02-15 09:58:29.588221	Speaker	stop	None
2017-02-15 09:58:29.588980	Trial	end	35
2017-02-15 09:58:29.589866	Trial	start	36
2017-02-15 09:58:29.591936	Speaker	play	None
2017-02-15 09:58:36.686134	Speaker	stop	None
2017-02-15 09:58:36.686666	Trial	end	36
2017-02-15 09:58:36.687319	Trial	start	37
2017-02-15 09:58:36.689312	Speaker	play	None
2017-02-15 09:58:42.694615	Speaker	stop	None
2017-02-15 09:58:42.695566	Hopper	up	None
2017-02-15 09:58:54.699224	Hopper	down	None
2017-02-15 09:58:55.002367	Trial	end	37
2017-02-15 10:02:21.302236	Trial	start	38
2017-02-15 10:02:21.304293	Speaker	play	None
2017-02-15 10:02:21.351463	Speaker	stop	None
2017-02-15 10:02:21.352056	Trial	end	38
2017-02-15 10:02:21.352835	Trial	start	39
2017-02-15 10:02:21.354804	Speaker	play	None
2017-02-15 10:02:27.359903	Speaker	stop	None
2017-02-15 10:02:27.360500	Trial	end	39
2017-02-15 10:02:34.609450	Trial	start	40
2017-02-15 10:02:34.612521	Speaker	play	None
2017-02-15 10:02:34.658637	Speaker	stop	None
2017-02-15 10:02:34.659134	Trial	end	40
2017-02-15 10:02:34.659820	Trial	start	41
2017-02-15 10:02:34.661868	Speaker	play	None
2017-02-15 10:02:40.667162	Speaker	stop	None
2017-02-15 10:02:40.667703	Trial	end	41
2017-02-15 10:02:44.283593	Trial	start	42
2017-02-15 10:02:44.285675	Speaker	play	None
2017-02-15 10:02:50.288099	Speaker	stop	None
2017-02-15 10:02:50.288690	Trial	end	42
2017-02-15 10:03:00.330851	Trial	start	43
2017-02-15 10:03:00.333431	Speaker	play	None
2017-02-15 10:03:06.339347	Speaker	stop	None
2017-02-15 10:03:06.339856	Trial	end	43
2017-02-15 10:03:24.504118	Trial	start	44
2017-02-15 10:03:24.506337	Speaker	play	None
2017-02-15 10:03:24.553292	Speaker	stop	None
2017-02-15 10:03:24.553851	Trial	end	44
2017-02-15 10:03:24.554471	Trial	start	45
2017-02-15 10:03:24.556749	Speaker	play	None
2017-02-15 10:03:30.561848	Speaker	stop	None
2017-02-15 10:03:30.562427	Trial	end	45
2017-02-15 10:03:38.437913	Trial	start	46
2017-02-15 10:03:38.440639	Speaker	play	None
2017-02-15 10:03:38.491295	Speaker	stop	None
2017-02-15 10:03:38.491826	Trial	end	46
2017-02-15 10:03:38.492728	Trial	start	47
2017-02-15 10:03:38.495324	Speaker	play	None
2017-02-15 10:03:44.499692	Speaker	stop	None
2017-02-15 10:03:44.500252	Trial	end	47
2017-02-15 10:03:53.023068	Trial	start	48
2017-02-15 10:03:53.026046	Speaker	play	None
2017-02-15 10:03:53.076254	Speaker	stop	None
2017-02-15 10:03:53.076812	Trial	end	48
2017-02-15 10:03:53.077468	Trial	start	49
2017-02-15 10:03:53.079923	Speaker	play	None
2017-02-15 10:03:59.084839	Speaker	stop	None
2017-02-15 10:03:59.085477	Trial	end	49
2017-02-15 10:04:09.938512	Trial	start	50
2017-02-15 10:04:09.940575	Speaker	play	None
2017-02-15 10:04:15.942954	Speaker	stop	None
2017-02-15 10:04:15.943670	Hopper	up	None
2017-02-15 10:04:27.947562	Hopper	down	None
2017-02-15 10:04:28.250670	Trial	end	50
2017-02-15 10:06:38.660036	Trial	start	51
2017-02-15 10:06:38.663072	Speaker	play	None
2017-02-15 10:06:44.668557	Speaker	stop	None
2017-02-15 10:06:44.669114	Trial	end	51
2017-02-15 10:07:22.083475	Trial	start	52
2017-02-15 10:07:22.086318	Speaker	play	None
2017-02-15 10:07:22.136722	Speaker	stop	None
2017-02-15 10:07:22.137262	Trial	end	52
2017-02-15 10:07:22.137931	Trial	start	53
2017-02-15 10:07:22.139785	Speaker	play	None
2017-02-15 10:07:28.145235	Speaker	stop	None
2017-02-15 10:07:28.145872	Trial	end	53
2017-02-15 10:07:47.227440	Trial	start	54
2017-02-15 10:07:47.231551	Speaker	play	None
2017-02-15 10:07:53.235952	Speaker	stop	None
2017-02-15 10:07:53.236508	Trial	end	54
2017-02-15 10:08:02.557814	Trial	start	55
2017-02-15 10:08:02.560726	Speaker	play	None
2017-02-15 10:08:08.566731	Speaker	stop	None
2017-02-15 10:08:08.568767	Hopper	up	None
2017-02-15 10:08:20.571028	Hopper	down	None
2017-02-15 10:08:20.874069	Trial	end	55
2017-02-15 10:10:38.713197	Trial	start	56
2017-02-15 10:10:38.715401	Speaker	play	None
2017-02-15 10:10:38.766524	Speaker	stop	None
2017-02-15 10:10:38.767031	Trial	end	56
2017-02-15 10:10:38.767710	Trial	start	57
2017-02-15 10:10:38.769939	Speaker	play	None
2017-02-15 10:10:44.774949	Speaker	stop	None
2017-02-15 10:10:44.775494	Trial	end	57
2017-02-15 10:11:30.025107	Trial	start	58
2017-02-15 10:11:30.028748	Speaker	play	None
2017-02-15 10:11:30.078307	Speaker	stop	None
2017-02-15 10:11:30.078768	Trial	end	58
2017-02-15 10:11:30.079513	Trial	start	59
2017-02-15 10:11:30.081562	Speaker	play	None
2017-02-15 10:11:39.031702	Speaker	stop	None
2017-02-15 10:11:39.032239	Trial	end	59
2017-02-15 10:11:46.096802	Trial	start	60
2017-02-15 10:11:46.099706	Speaker	play	None
2017-02-15 10:11:52.105334	Speaker	stop	None
2017-02-15 10:11:52.106158	Hopper	up	None
2017-02-15 10:12:04.110025	Hopper	down	None
2017-02-15 10:12:04.413078	Trial	end	60
2017-02-15 10:13:50.476020	Trial	start	61
2017-02-15 10:13:50.478551	Speaker	play	None
2017-02-15 10:13:56.484026	Speaker	stop	None
2017-02-15 10:13:56.484593	Trial	end	61
2017-02-15 10:13:58.965591	Trial	start	62
2017-02-15 10:13:58.967634	Speaker	play	None
2017-02-15 10:14:04.973489	Speaker	stop	None
2017-02-15 10:14:04.974104	Trial	end	62
2017-02-15 10:14:45.124395	Trial	start	63
2017-02-15 10:14:45.127550	Speaker	play	None
2017-02-15 10:14:51.132605	Speaker	stop	None
2017-02-15 10:14:51.133707	Hopper	up	None
2017-02-15 10:15:03.135831	Hopper	down	None
2017-02-15 10:15:03.438967	Trial	end	63
2017-02-15 10:16:15.817170	Trial	start	64
2017-02-15 10:16:15.820067	Speaker	play	None
2017-02-15 10:16:15.854147	Speaker	stop	None
2017-02-15 10:16:15.854787	Trial	end	64
2017-02-15 10:16:15.855487	Trial	start	65
2017-02-15 10:16:15.857594	Speaker	play	None
2017-02-15 10:16:21.862020	Speaker	stop	None
2017-02-15 10:16:21.862575	Trial	end	65
2017-02-15 10:16:49.035298	Trial	start	66
2017-02-15 10:16:49.037840	Speaker	play	None
2017-02-15 10:16:55.043389	Speaker	stop	None
2017-02-15 10:16:55.043991	Trial	end	66
2017-02-15 10:21:18.773899	Trial	start	67
2017-02-15 10:21:18.777798	Speaker	play	None
2017-02-15 10:21:30.008055	Speaker	stop	None
2017-02-15 10:21:30.008638	Trial	end	67
2017-02-15 10:21:54.675584	Trial	start	68
2017-02-15 10:21:54.677658	Speaker	play	None
2017-02-15 10:22:00.683891	Speaker	stop	None
2017-02-15 10:22:00.684444	Trial	end	68
2017-02-15 10:22:37.396588	Trial	start	69
2017-02-15 10:22:37.398738	Speaker	play	None
2017-02-15 10:22:43.404892	Speaker	stop	None
2017-02-15 10:22:43.405458	Trial	end	69
2017-02-15 10:23:02.310080	Trial	start	70
2017-02-15 10:23:02.312158	Speaker	play	None
2017-02-15 10:23:08.318291	Speaker	stop	None
2017-02-15 10:23:08.318829	Trial	end	70
2017-02-15 10:23:32.527382	Trial	start	71
2017-02-15 10:23:32.529748	Speaker	play	None
2017-02-15 10:23:38.535673	Speaker	stop	None
2017-02-15 10:23:38.536534	Trial	end	71
2017-02-15 13:26:48.976109	Trial	start	72
2017-02-15 13:26:48.978258	Speaker	play	None
2017-02-15 13:26:49.017186	Speaker	stop	None
2017-02-15 13:26:49.017768	Trial	end	72
2017-02-15 13:26:49.018543	Trial	start	73
2017-02-15 13:26:49.021009	Speaker	play	None
2017-02-15 13:26:55.025738	Speaker	stop	None
2017-02-15 13:26:55.026261	Trial	end	73
2017-02-15 13:27:53.272854	Trial	start	74
2017-02-15 13:27:53.275533	Speaker	play	None
2017-02-15 13:28:04.503823	Speaker	stop	None
2017-02-15 13:28:04.504424	Trial	end	74
2017-02-15 13:28:09.697252	Trial	start	75
2017-02-15 13:28:09.699397	Speaker	play	None
2017-02-15 13:28:09.746591	Speaker	stop	None
2017-02-15 13:28:09.747217	Trial	end	75
2017-02-15 13:28:09.748072	Trial	start	76
2017-02-15 13:28:09.750086	Speaker	play	None
2017-02-15 13:28:15.755029	Speaker	stop	None
2017-02-15 13:28:15.755624	Trial	end	76
2017-02-15 13:28:25.073060	Trial	start	77
2017-02-15 13:28:25.075929	Speaker	play	None
2017-02-15 13:28:25.122335	Speaker	stop	None
2017-02-15 13:28:25.122854	Trial	end	77
2017-02-15 13:28:25.123476	Trial	start	78
2017-02-15 13:28:25.125294	Speaker	play	None
2017-02-15 13:28:31.130980	Speaker	stop	None
2017-02-15 13:28:31.131998	Trial	end	78
2017-02-15 13:28:36.549682	Trial	start	79
2017-02-15 13:28:36.552045	Speaker	play	None
2017-02-15 13:28:45.503243	Speaker	stop	None
2017-02-15 13:28:45.503813	Trial	end	79
2017-02-15 13:29:02.857252	Trial	start	80
2017-02-15 13:29:02.859261	Speaker	play	None
2017-02-15 13:29:08.861811	Speaker	stop	None
2017-02-15 13:29:08.862681	Hopper	up	None
2017-02-15 13:29:20.866785	Hopper	down	None
2017-02-15 13:29:21.169783	Trial	end	80
2017-02-15 13:31:02.939376	Trial	start	81
2017-02-15 13:31:02.941901	Speaker	play	None
2017-02-15 13:31:08.947980	Speaker	stop	None
2017-02-15 13:31:08.948527	Trial	end	81
2017-02-15 13:31:17.225627	Trial	start	82
2017-02-15 13:31:17.228113	Speaker	play	None
2017-02-15 13:31:17.274853	Speaker	stop	None
2017-02-15 13:31:17.275334	Trial	end	82
2017-02-15 13:31:17.276274	Trial	start	83
2017-02-15 13:31:17.278264	Speaker	play	None
2017-02-15 13:31:23.283471	Speaker	stop	None
2017-02-15 13:31:23.284346	Hopper	up	None
2017-02-15 13:31:35.288315	Hopper	down	None
2017-02-15 13:31:35.591461	Trial	end	83
2017-02-15 13:33:43.422727	Trial	start	84
2017-02-15 13:33:43.424924	Speaker	play	None
2017-02-15 13:33:49.427284	Speaker	stop	None
2017-02-15 13:33:49.427837	Trial	end	84
2017-02-15 13:33:59.228663	Trial	start	85
2017-02-15 13:33:59.230784	Speaker	play	None
2017-02-15 13:33:59.281900	Speaker	stop	None
2017-02-15 13:33:59.282482	Trial	end	85
2017-02-15 13:33:59.283094	Trial	start	86
2017-02-15 13:33:59.284870	Speaker	play	None
2017-02-15 13:34:05.290463	Speaker	stop	None
2017-02-15 13:34:05.290952	Trial	end	86
2017-02-15 13:34:10.041627	Trial	start	87
2017-02-15 13:34:10.044105	Speaker	play	None
2017-02-15 13:34:10.094946	Speaker	stop	None
2017-02-15 13:34:10.095487	Trial	end	87
2017-02-15 13:34:10.096148	Trial	start	88
2017-02-15 13:34:10.098454	Speaker	play	None
2017-02-15 13:34:16.103535	Speaker	stop	None
2017-02-15 13:34:16.104169	Trial	end	88
2017-02-15 13:34:18.024542	Trial	start	89
2017-02-15 13:34:18.026643	Speaker	play	None
2017-02-15 13:34:18.077830	Speaker	stop	None
2017-02-15 13:34:18.078344	Trial	end	89
2017-02-15 13:34:18.079054	Trial	start	90
2017-02-15 13:34:18.081416	Speaker	play	None
2017-02-15 13:34:24.086267	Speaker	stop	None
2017-02-15 13:34:24.086826	Trial	end	90
2017-02-15 13:34:32.048582	Trial	start	91
2017-02-15 13:34:32.051301	Speaker	play	None
2017-02-15 13:34:32.101990	Speaker	stop	None
2017-02-15 13:34:32.102785	Trial	end	91
2017-02-15 13:34:32.103800	Trial	start	92
2017-02-15 13:34:32.109805	Speaker	play	None
2017-02-15 13:34:38.114621	Speaker	stop	None
2017-02-15 13:34:38.115561	Hopper	up	None
2017-02-15 13:34:50.119459	Hopper	down	None
2017-02-15 13:34:50.422505	Trial	end	92
2017-02-15 13:37:23.349104	Trial	start	93
2017-02-15 13:37:23.352329	Speaker	play	None
2017-02-15 13:37:29.357585	Speaker	stop	None
2017-02-15 13:37:29.358149	Trial	end	93
2017-02-15 13:37:41.624607	Trial	start	94
2017-02-15 13:37:41.626588	Speaker	play	None
2017-02-15 13:37:41.673847	Speaker	stop	None
2017-02-15 13:37:41.674482	Trial	end	94
2017-02-15 13:37:41.675191	Trial	start	95
2017-02-15 13:37:41.677155	Speaker	play	None
2017-02-15 13:37:47.682597	Speaker	stop	None
2017-02-15 13:37:47.683399	Trial	end	95
2017-02-15 13:38:22.812323	Trial	start	96
2017-02-15 13:38:22.815392	Speaker	play	None
2017-02-15 13:38:28.821034	Speaker	stop	None
2017-02-15 13:38:28.821572	Trial	end	96
2017-02-15 13:38:47.393138	Trial	start	97
2017-02-15 13:38:47.395362	Speaker	play	None
2017-02-15 13:38:56.347342	Speaker	stop	None
2017-02-15 13:38:56.347811	Trial	end	97
2017-02-15 13:39:04.483140	Trial	start	98
2017-02-15 13:39:04.486961	Speaker	play	None
2017-02-15 13:39:10.491642	Speaker	stop	None
2017-02-15 13:39:10.492526	Trial	end	98
2017-02-15 13:39:12.998291	Trial	start	99
2017-02-15 13:39:13.000532	Speaker	play	None
2017-02-15 13:39:13.051653	Speaker	stop	None
2017-02-15 13:39:13.052217	Trial	end	99
2017-02-15 13:39:13.052918	Trial	start	100
2017-02-15 13:39:13.055347	Speaker	play	None
2017-02-15 13:39:19.064828	Speaker	stop	None
2017-02-15 13:39:19.065495	Trial	end	100
2017-02-15 13:39:34.134684	Trial	start	101
2017-02-15 13:39:34.146436	Speaker	play	None
2017-02-15 13:39:40.152034	Speaker	stop	None
2017-02-15 13:39:40.153044	Hopper	up	None
2017-02-15 13:39:52.153661	Hopper	down	None
2017-02-15 13:39:52.456891	Trial	end	101
2017-02-15 13:41:41.020808	Trial	start	102
2017-02-15 13:41:41.023253	Speaker	play	None
2017-02-15 13:41:47.029724	Speaker	stop	None
2017-02-15 13:41:47.030244	Trial	end	102
2017-02-15 13:41:59.621071	Trial	start	103
2017-02-15 13:41:59.623187	Speaker	play	None
2017-02-15 13:41:59.670320	Speaker	stop	None
2017-02-15 13:41:59.670892	Trial	end	103
2017-02-15 13:41:59.671633	Trial	start	104
2017-02-15 13:41:59.673634	Speaker	play	None
2017-02-15 13:42:05.679281	Speaker	stop	None
2017-02-15 13:42:05.679851	Trial	end	104
2017-02-15 13:42:19.442152	Trial	start	105
2017-02-15 13:42:19.444743	Speaker	play	None
2017-02-15 13:42:28.396262	Speaker	stop	None
2017-02-15 13:42:28.397183	Trial	end	105
2017-02-15 13:44:04.018964	Trial	start	106
2017-02-15 13:44:04.020975	Speaker	play	None
2017-02-15 13:44:04.068148	Speaker	stop	None
2017-02-15 13:44:04.068702	Trial	end	106
2017-02-15 13:44:04.069371	Trial	start	107
2017-02-15 13:44:04.071346	Speaker	play	None
2017-02-15 13:44:10.076930	Speaker	stop	None
2017-02-15 13:44:10.078132	Hopper	up	None
2017-02-15 13:44:22.078335	Hopper	down	None
2017-02-15 13:44:22.381439	Trial	end	107
2017-02-15 13:47:35.516863	Trial	start	108
2017-02-15 13:47:35.519029	Speaker	play	None
2017-02-15 13:47:41.521614	Speaker	stop	None
2017-02-15 13:47:41.522095	Trial	end	108
2017-02-15 13:52:19.571975	Trial	start	109
2017-02-15 13:52:19.574126	Speaker	play	None
2017-02-15 13:52:19.621278	Speaker	stop	None
2017-02-15 13:52:19.621860	Trial	end	109
2017-02-15 13:52:19.622473	Trial	start	110
2017-02-15 13:52:19.624193	Speaker	play	None
2017-02-15 13:52:30.852314	Speaker	stop	None
2017-02-15 13:52:30.853048	Trial	end	110
2017-02-15 13:52:48.337786	Trial	start	111
2017-02-15 13:52:48.339987	Speaker	play	None
2017-02-15 13:52:54.342595	Speaker	stop	None
2017-02-15 13:52:54.343467	Hopper	up	None
2017-02-15 13:53:06.347625	Hopper	down	None
2017-02-15 13:53:06.650809	Trial	end	111
2017-02-15 13:54:15.699971	Trial	start	112
2017-02-15 13:54:15.702871	Speaker	play	None
2017-02-15 13:54:21.708784	Speaker	stop	None
2017-02-15 13:54:21.709376	Trial	end	112
2017-02-15 13:54:36.408983	Trial	start	113
2017-02-15 13:54:36.411093	Speaker	play	None
2017-02-15 13:54:42.413631	Speaker	stop	None
2017-02-15 13:54:42.414202	Trial	end	113
2017-02-15 13:54:43.339260	Trial	start	114
2017-02-15 13:54:43.341531	Speaker	play	None
2017-02-15 13:54:43.388592	Speaker	stop	None
2017-02-15 13:54:43.389112	Trial	end	114
2017-02-15 13:54:43.389794	Trial	start	115
2017-02-15 13:54:43.391761	Speaker	play	None
2017-02-15 13:54:48.532998	Speaker	stop	None
2017-02-15 13:54:48.533551	Trial	end	115
2017-02-15 13:54:48.534231	Trial	start	116
2017-02-15 13:54:48.536173	Speaker	play	None
2017-02-15 13:54:54.541716	Speaker	stop	None
2017-02-15 13:54:54.542625	Hopper	up	None
2017-02-15 13:55:06.546843	Hopper	down	None
2017-02-15 13:55:06.849922	Trial	end	116
2017-02-15 13:56:13.457722	Trial	start	117
2017-02-15 13:56:13.459844	Speaker	play	None
2017-02-15 13:56:19.462514	Speaker	stop	None
2017-02-15 13:56:19.463124	Trial	end	117
2017-02-15 13:56:33.425388	Trial	start	118
2017-02-15 13:56:33.427594	Speaker	play	None
2017-02-15 13:56:39.430048	Speaker	stop	None
2017-02-15 13:56:39.430583	Trial	end	118
2017-02-15 13:57:17.202519	Trial	start	119
2017-02-15 13:57:17.204435	Speaker	play	None
2017-02-15 13:57:23.207286	Speaker	stop	None
2017-02-15 13:57:23.208003	Trial	end	119
2017-02-15 13:57:28.773486	Trial	start	120
2017-02-15 13:57:28.775586	Speaker	play	None
2017-02-15 13:57:34.778163	Speaker	stop	None
2017-02-15 13:57:34.779010	Trial	end	120
2017-02-15 16:34:48.852505	Trial	start	121
2017-02-15 16:34:48.854678	Speaker	play	None
2017-02-15 16:34:48.893505	Speaker	stop	None
2017-02-15 16:34:48.893997	Trial	end	121
2017-02-15 16:34:48.894805	Trial	start	122
2017-02-15 16:34:48.896893	Speaker	play	None
2017-02-15 16:34:54.901884	Speaker	stop	None
2017-02-15 16:34:54.902482	Trial	end	122
2017-02-15 16:35:10.514744	Trial	start	123
2017-02-15 16:35:10.517202	Speaker	play	None
2017-02-15 16:35:21.745249	Speaker	stop	None
2017-02-15 16:35:21.745886	Trial	end	123
2017-02-15 16:35:29.150345	Trial	start	124
2017-02-15 16:35:29.152581	Speaker	play	None
2017-02-15 16:35:29.199473	Speaker	stop	None
2017-02-15 16:35:29.199966	Trial	end	124
2017-02-15 16:35:29.200657	Trial	start	125
2017-02-15 16:35:29.202489	Speaker	play	None
2017-02-15 16:35:35.208048	Speaker	stop	None
2017-02-15 16:35:35.209061	Trial	end	125
2017-02-15 16:35:41.384190	Trial	start	126
2017-02-15 16:35:41.387002	Speaker	play	None
2017-02-15 16:35:41.433410	Speaker	stop	None
2017-02-15 16:35:41.433974	Trial	end	126
2017-02-15 16:35:41.434699	Trial	start	127
2017-02-15 16:35:41.436638	Speaker	play	None
2017-02-15 16:35:47.441813	Speaker	stop	None
2017-02-15 16:35:47.442374	Trial	end	127
2017-02-15 16:35:54.773175	Trial	start	128
2017-02-15 16:35:54.775562	Speaker	play	None
2017-02-15 16:36:00.781601	Speaker	stop	None
2017-02-15 16:36:00.782368	Hopper	up	None
2017-02-15 16:36:12.786057	Hopper	down	None
2017-02-15 16:36:13.089193	Trial	end	128
2017-02-15 16:37:20.885708	Trial	start	129
2017-02-15 16:37:20.887750	Speaker	play	None
2017-02-15 16:37:26.890153	Speaker	stop	None
2017-02-15 16:37:26.890696	Trial	end	129
2017-02-15 16:38:33.289886	Trial	start	130
2017-02-15 16:38:33.292113	Speaker	play	None
2017-02-15 16:38:33.330920	Speaker	stop	None
2017-02-15 16:38:33.331452	Trial	end	130
2017-02-15 16:38:33.332183	Trial	start	131
2017-02-15 16:38:33.334235	Speaker	play	None
2017-02-15 16:38:39.339355	Speaker	stop	None
2017-02-15 16:38:39.339910	Trial	end	131
2017-02-15 16:38:49.873458	Trial	start	132
2017-02-15 16:38:49.878854	Speaker	play	None
2017-02-15 16:38:49.918639	Speaker	stop	None
2017-02-15 16:38:49.919156	Trial	end	132
2017-02-15 16:38:49.919899	Trial	start	133
2017-02-15 16:38:49.921962	Speaker	play	None
2017-02-15 16:38:55.927141	Speaker	stop	None
2017-02-15 16:38:55.927767	Trial	end	133
2017-02-15 16:38:59.518908	Trial	start	134
2017-02-15 16:38:59.520919	Speaker	play	None
2017-02-15 16:39:05.523289	Speaker	stop	None
2017-02-15 16:39:05.523854	Trial	end	134
2017-02-15 16:39:19.587951	Trial	start	135
2017-02-15 16:39:19.589958	Speaker	play	None
2017-02-15 16:39:19.624902	Speaker	stop	None
2017-02-15 16:39:19.625443	Trial	end	135
2017-02-15 16:39:19.626154	Trial	start	136
2017-02-15 16:39:19.629051	Speaker	play	None
2017-02-15 16:39:25.633347	Speaker	stop	None
2017-02-15 16:39:25.634147	Trial	end	136
2017-02-15 16:39:27.365725	Trial	start	137
2017-02-15 16:39:27.367884	Speaker	play	None
2017-02-15 16:39:38.596291	Speaker	stop	None
2017-02-15 16:39:38.596874	Trial	end	137
2017-02-15 16:39:46.337204	Trial	start	138
2017-02-15 16:39:46.339670	Speaker	play	None
2017-02-15 16:39:52.345670	Speaker	stop	None
2017-02-15 16:39:52.346278	Trial	end	138
2017-02-15 16:40:01.175978	Trial	start	139
2017-02-15 16:40:01.178320	Speaker	play	None
2017-02-15 16:40:07.184398	Speaker	stop	None
2017-02-15 16:40:07.185226	Hopper	up	None
2017-02-15 16:40:19.188964	Hopper	down	None
2017-02-15 16:40:19.491999	Trial	end	139
2017-02-15 16:41:43.978675	Trial	start	140
2017-02-15 16:41:43.981518	Speaker	play	None
2017-02-15 16:41:45.174748	Speaker	stop	None
2017-02-15 16:41:45.175819	Trial	end	140
2017-02-15 16:41:45.177412	Trial	start	141
2017-02-15 16:41:45.182888	Speaker	play	None
2017-02-15 16:41:51.191215	Speaker	stop	None
2017-02-15 16:41:51.191756	Trial	end	141
2017-02-15 16:41:59.209558	Trial	start	142
2017-02-15 16:41:59.222395	Speaker	play	None
2017-02-15 16:42:05.227447	Speaker	stop	None
2017-02-15 16:42:05.228217	Trial	end	142
2017-02-15 16:42:12.607715	Trial	start	143
2017-02-15 16:42:12.609943	Speaker	play	None
2017-02-15 16:42:12.661014	Speaker	stop	None
2017-02-15 16:42:12.661506	Trial	end	143
2017-02-15 16:42:12.662155	Trial	start	144
2017-02-15 16:42:12.664056	Speaker	play	None
2017-02-15 16:42:18.669655	Speaker	stop	None
2017-02-15 16:42:18.670339	Trial	end	144
2017-02-15 16:42:23.367137	Trial	start	145
2017-02-15 16:42:23.369217	Speaker	play	None
2017-02-15 16:42:23.416383	Speaker	stop	None
2017-02-15 16:42:23.416933	Trial	end	145
2017-02-15 16:42:23.417623	Trial	start	146
2017-02-15 16:42:23.419618	Speaker	play	None
2017-02-15 16:42:29.424788	Speaker	stop	None
2017-02-15 16:42:29.425486	Trial	end	146
2017-02-15 16:42:42.068235	Trial	start	147
2017-02-15 16:42:42.070712	Speaker	play	None
2017-02-15 16:42:42.125791	Speaker	stop	None
2017-02-15 16:42:42.126500	Trial	end	147
2017-02-15 16:42:42.127313	Trial	start	148
2017-02-15 16:42:42.129358	Speaker	play	None
2017-02-15 16:42:45.963291	Speaker	stop	None
2017-02-15 16:42:45.963816	Trial	end	148
2017-02-15 16:42:45.964438	Trial	start	149
2017-02-15 16:42:45.966530	Speaker	play	None
2017-02-15 16:42:46.016586	Speaker	stop	None
2017-02-15 16:42:46.017145	Trial	end	149
2017-02-15 16:42:46.017855	Trial	start	150
2017-02-15 16:42:46.019840	Speaker	play	None
2017-02-15 16:42:52.025083	Speaker	stop	None
2017-02-15 16:42:52.026322	Trial	end	150
2017-02-15 16:43:02.079934	Trial	start	151
2017-02-15 16:43:02.082319	Speaker	play	None
2017-02-15 16:43:02.133259	Speaker	stop	None
2017-02-15 16:43:02.133803	Trial	end	151
2017-02-15 16:43:02.134567	Trial	start	152
2017-02-15 16:43:02.136501	Speaker	play	None
2017-02-15 16:43:08.141681	Speaker	stop	None
2017-02-15 16:43:08.142254	Trial	end	152
2017-02-15 16:43:13.519287	Trial	start	153
2017-02-15 16:43:13.521223	Speaker	play	None
2017-02-15 16:43:13.568598	Speaker	stop	None
2017-02-15 16:43:13.569188	Trial	end	153
2017-02-15 16:43:13.569759	Trial	start	154
2017-02-15 16:43:13.571506	Speaker	play	None
2017-02-15 16:43:19.576906	Speaker	stop	None
2017-02-15 16:43:19.577430	Trial	end	154
2017-02-15 16:43:26.965531	Trial	start	155
2017-02-15 16:43:26.968184	Speaker	play	None
2017-02-15 16:43:32.974012	Speaker	stop	None
2017-02-15 16:43:32.974588	Trial	end	155
2017-02-15 16:43:55.287486	Trial	start	156
2017-02-15 16:43:55.290216	Speaker	play	None
2017-02-15 16:43:55.345019	Speaker	stop	None
2017-02-15 16:43:55.345717	Trial	end	156
2017-02-15 16:43:55.346478	Trial	start	157
2017-02-15 16:43:55.349407	Speaker	play	None
2017-02-15 16:44:01.353478	Speaker	stop	None
2017-02-15 16:44:01.355161	Hopper	up	None
2017-02-15 16:44:13.357778	Hopper	down	None
2017-02-15 16:44:13.660916	Trial	end	157
2017-02-15 16:46:06.714736	PeckPort	off	None
2017-02-15 16:46:06.714958	HouseLight	on	None
2017-02-15 16:46:06.715084	Hopper	down	None
