2016-10-03 09:52:17.703825	PeckPort	off	None
2016-10-03 09:52:17.704285	HouseLight	on	None
2016-10-03 09:52:17.704759	Hopper	down	None
2016-10-03 09:52:18.010750	Hopper	down	None
2016-10-03 09:52:18.317716	HouseLight	on	None
2016-10-03 09:52:18.318188	PeckPort	on	None
2016-10-03 09:55:25.634144	Trial	start	1
2016-10-03 09:55:25.640412	Speaker	play	None
2016-10-03 09:55:31.645902	Speaker	stop	None
2016-10-03 09:55:31.647871	Trial	end	1
2016-10-03 09:55:46.391274	Trial	start	2
2016-10-03 09:55:46.393469	Speaker	play	None
2016-10-03 09:55:52.400444	Speaker	stop	None
2016-10-03 09:55:52.403413	Trial	end	2
2016-10-03 09:56:27.916061	Trial	start	3
2016-10-03 09:56:27.921307	Speaker	play	None
2016-10-03 09:56:33.924566	Speaker	stop	None
2016-10-03 09:56:33.926153	Hopper	up	None
2016-10-03 09:56:45.929778	Hopper	down	None
2016-10-03 09:56:46.236459	Trial	end	3
2016-10-03 09:58:41.135134	Trial	start	4
2016-10-03 09:58:41.138966	Speaker	play	None
2016-10-03 09:58:47.143327	Speaker	stop	None
2016-10-03 09:58:47.145093	Trial	end	4
2016-10-03 09:58:56.182419	Trial	start	5
2016-10-03 09:58:56.185346	Speaker	play	None
2016-10-03 09:58:56.264372	Speaker	stop	None
2016-10-03 09:58:56.265324	Trial	end	5
2016-10-03 09:58:56.266436	Trial	start	6
2016-10-03 09:58:56.268671	Speaker	play	None
2016-10-03 09:59:02.273226	Speaker	stop	None
2016-10-03 09:59:02.274115	Trial	end	6
2016-10-03 09:59:13.811356	Trial	start	7
2016-10-03 09:59:13.814151	Speaker	play	None
2016-10-03 09:59:19.819626	Speaker	stop	None
2016-10-03 09:59:19.821350	Hopper	up	None
2016-10-03 09:59:31.824786	Hopper	down	None
2016-10-03 09:59:32.131681	Trial	end	7
2016-10-03 10:01:33.479538	Trial	start	8
2016-10-03 10:01:33.484467	Speaker	play	None
2016-10-03 10:01:33.561868	Speaker	stop	None
2016-10-03 10:01:33.563837	Trial	end	8
2016-10-03 10:01:33.566332	Trial	start	9
2016-10-03 10:01:33.568889	Speaker	play	None
2016-10-03 10:01:34.413607	Speaker	stop	None
2016-10-03 10:01:34.414965	Trial	end	9
2016-10-03 10:01:34.416473	Trial	start	10
2016-10-03 10:01:34.418771	Speaker	play	None
2016-10-03 10:01:40.421856	Speaker	stop	None
2016-10-03 10:01:40.422934	Trial	end	10
2016-10-03 10:01:43.182248	Trial	start	11
2016-10-03 10:01:43.190569	Speaker	play	None
2016-10-03 10:01:43.256170	Speaker	stop	None
2016-10-03 10:01:43.257222	Trial	end	11
2016-10-03 10:01:43.258224	Trial	start	12
2016-10-03 10:01:43.259984	Speaker	play	None
2016-10-03 10:01:49.264739	Speaker	stop	None
2016-10-03 10:01:49.265580	Trial	end	12
2016-10-03 10:01:59.344461	Trial	start	13
2016-10-03 10:01:59.347444	Speaker	play	None
2016-10-03 10:01:59.418432	Speaker	stop	None
2016-10-03 10:01:59.419804	Trial	end	13
2016-10-03 10:01:59.421361	Trial	start	14
2016-10-03 10:01:59.424403	Speaker	play	None
2016-10-03 10:02:00.511865	Speaker	stop	None
2016-10-03 10:02:00.514019	Trial	end	14
2016-10-03 10:02:00.515855	Trial	start	15
2016-10-03 10:02:00.519358	Speaker	play	None
2016-10-03 10:02:06.524670	Speaker	stop	None
2016-10-03 10:02:06.525804	Trial	end	15
2016-10-03 10:02:33.544833	Trial	start	16
2016-10-03 10:02:33.547325	Speaker	play	None
2016-10-03 10:02:40.295268	Speaker	stop	None
2016-10-03 10:02:40.297107	Trial	end	16
2016-10-03 10:02:40.298737	Trial	start	17
2016-10-03 10:02:40.301179	Speaker	play	None
2016-10-03 10:02:46.307781	Speaker	stop	None
2016-10-03 10:02:46.309998	Hopper	up	None
2016-10-03 10:02:58.312735	Hopper	down	None
2016-10-03 10:02:58.619227	Trial	end	17
2016-10-03 10:04:53.036044	Trial	start	18
2016-10-03 10:04:53.038423	Speaker	play	None
2016-10-03 10:04:59.044627	Speaker	stop	None
2016-10-03 10:04:59.045978	Hopper	up	None
2016-10-03 10:05:11.057702	Hopper	down	None
2016-10-03 10:05:11.361571	Trial	end	18
2016-10-03 10:06:59.846404	Trial	start	19
2016-10-03 10:06:59.849746	Speaker	play	None
2016-10-03 10:07:05.855190	Speaker	stop	None
2016-10-03 10:07:05.856799	Hopper	up	None
2016-10-03 10:07:17.859689	Hopper	down	None
2016-10-03 10:07:18.162612	Trial	end	19
2016-10-03 10:52:24.300202	Trial	start	20
2016-10-03 10:52:24.302768	Speaker	play	None
2016-10-03 10:52:35.531056	Speaker	stop	None
2016-10-03 10:52:35.531940	Trial	end	20
2016-10-03 10:52:44.357387	Trial	start	21
2016-10-03 10:52:44.359631	Speaker	play	None
2016-10-03 10:52:55.588481	Speaker	stop	None
2016-10-03 10:52:55.589417	Trial	end	21
2016-10-03 10:54:35.297086	Trial	start	22
2016-10-03 10:54:35.299734	Speaker	play	None
2016-10-03 10:54:44.250878	Speaker	stop	None
2016-10-03 10:54:44.251930	Trial	end	22
2016-10-03 10:55:00.158781	Trial	start	23
2016-10-03 10:55:00.161170	Speaker	play	None
2016-10-03 10:55:00.228588	Speaker	stop	None
2016-10-03 10:55:00.229410	Trial	end	23
2016-10-03 10:55:00.230628	Trial	start	24
2016-10-03 10:55:00.232946	Speaker	play	None
2016-10-03 10:55:00.847162	Speaker	stop	None
2016-10-03 10:55:00.848206	Trial	end	24
2016-10-03 10:55:00.849705	Trial	start	25
2016-10-03 10:55:00.852784	Speaker	play	None
2016-10-03 10:55:06.859727	Speaker	stop	None
2016-10-03 10:55:06.860620	Trial	end	25
2016-10-03 10:55:11.479564	Trial	start	26
2016-10-03 10:55:11.482177	Speaker	play	None
2016-10-03 10:55:17.488402	Speaker	stop	None
2016-10-03 10:55:17.489302	Trial	end	26
2016-10-03 10:55:27.207694	Trial	start	27
2016-10-03 10:55:27.209741	Speaker	play	None
2016-10-03 10:55:33.216411	Speaker	stop	None
2016-10-03 10:55:33.217326	Trial	end	27
2016-10-03 10:55:34.084629	Trial	start	28
2016-10-03 10:55:34.086906	Speaker	play	None
2016-10-03 10:55:40.093330	Speaker	stop	None
2016-10-03 10:55:40.094127	Trial	end	28
2016-10-03 10:55:43.349364	Trial	start	29
2016-10-03 10:55:43.351930	Speaker	play	None
2016-10-03 10:55:49.358188	Speaker	stop	None
2016-10-03 10:55:49.359450	Hopper	up	None
2016-10-03 10:56:01.362876	Hopper	down	None
2016-10-03 10:56:01.665771	Trial	end	29
2016-10-03 10:59:01.407138	Trial	start	30
2016-10-03 10:59:01.410548	Speaker	play	None
2016-10-03 10:59:07.419970	Speaker	stop	None
2016-10-03 10:59:07.421306	Hopper	up	None
2016-10-03 10:59:19.424793	Hopper	down	None
2016-10-03 10:59:19.727665	Trial	end	30
2016-10-03 11:01:18.369047	Trial	start	31
2016-10-03 11:01:18.372482	Speaker	play	None
2016-10-03 11:01:24.380236	Speaker	stop	None
2016-10-03 11:01:24.381338	Hopper	up	None
2016-10-03 11:01:36.382835	Hopper	down	None
2016-10-03 11:01:36.685496	Trial	end	31
2016-10-03 11:03:40.115828	Trial	start	32
2016-10-03 11:03:40.118088	Speaker	play	None
2016-10-03 11:03:46.123573	Speaker	stop	None
2016-10-03 11:03:46.124966	Hopper	up	None
2016-10-03 11:03:58.130788	Hopper	down	None
2016-10-03 11:03:58.437571	Trial	end	32
2016-10-03 11:07:57.962872	Trial	start	33
2016-10-03 11:07:57.965094	Speaker	play	None
2016-10-03 11:08:03.971024	Speaker	stop	None
2016-10-03 11:08:03.971861	Trial	end	33
2016-10-03 11:08:06.968687	Trial	start	34
2016-10-03 11:08:06.971150	Speaker	play	None
2016-10-03 11:08:12.976930	Speaker	stop	None
2016-10-03 11:08:12.977978	Trial	end	34
2016-10-03 11:08:38.171607	Trial	start	35
2016-10-03 11:08:38.175312	Speaker	play	None
2016-10-03 11:08:44.179700	Speaker	stop	None
2016-10-03 11:08:44.180520	Trial	end	35
2016-10-03 11:08:47.390265	Trial	start	36
2016-10-03 11:08:47.392503	Speaker	play	None
2016-10-03 11:08:47.476874	Speaker	stop	None
2016-10-03 11:08:47.478378	Trial	end	36
2016-10-03 11:08:47.480013	Trial	start	37
2016-10-03 11:08:47.483085	Speaker	play	None
2016-10-03 11:08:53.488645	Speaker	stop	None
2016-10-03 11:08:53.489960	Trial	end	37
2016-10-03 11:09:00.180403	Trial	start	38
2016-10-03 11:09:00.183799	Speaker	play	None
2016-10-03 11:09:06.188334	Speaker	stop	None
2016-10-03 11:09:06.189244	Trial	end	38
2016-10-03 11:09:16.914160	Trial	start	39
2016-10-03 11:09:16.916834	Speaker	play	None
2016-10-03 11:09:17.905507	Speaker	stop	None
2016-10-03 11:09:17.906668	Trial	end	39
2016-10-03 11:09:17.908071	Trial	start	40
2016-10-03 11:09:17.910124	Speaker	play	None
2016-10-03 11:09:23.913538	Speaker	stop	None
2016-10-03 11:09:23.914853	Trial	end	40
2016-10-03 11:09:25.326232	Trial	start	41
2016-10-03 11:09:25.329823	Speaker	play	None
2016-10-03 11:09:25.416567	Speaker	stop	None
2016-10-03 11:09:25.418483	Trial	end	41
2016-10-03 11:09:25.420365	Trial	start	42
2016-10-03 11:09:25.423149	Speaker	play	None
2016-10-03 11:09:31.428551	Speaker	stop	None
2016-10-03 11:09:31.429512	Trial	end	42
2016-10-03 11:09:34.336352	Trial	start	43
2016-10-03 11:09:34.338892	Speaker	play	None
2016-10-03 11:09:40.344280	Speaker	stop	None
2016-10-03 11:09:40.345145	Trial	end	43
2016-10-03 11:10:06.075824	Trial	start	44
2016-10-03 11:10:06.078447	Speaker	play	None
2016-10-03 11:10:12.084059	Speaker	stop	None
2016-10-03 11:10:12.084978	Trial	end	44
2016-10-03 11:10:15.671608	Trial	start	45
2016-10-03 11:10:15.675015	Speaker	play	None
2016-10-03 11:10:15.835490	Speaker	stop	None
2016-10-03 11:10:15.836573	Trial	end	45
2016-10-03 11:10:15.838346	Trial	start	46
2016-10-03 11:10:15.841105	Speaker	play	None
2016-10-03 11:10:21.847642	Speaker	stop	None
2016-10-03 11:10:21.848587	Trial	end	46
2016-10-03 11:10:27.663023	Trial	start	47
2016-10-03 11:10:27.665316	Speaker	play	None
2016-10-03 11:10:33.671195	Speaker	stop	None
2016-10-03 11:10:33.672663	Hopper	up	None
2016-10-03 11:10:45.675073	Hopper	down	None
2016-10-03 11:10:45.977871	Trial	end	47
2016-10-03 11:12:42.073150	Trial	start	48
2016-10-03 11:12:42.075594	Speaker	play	None
2016-10-03 11:12:48.081451	Speaker	stop	None
2016-10-03 11:12:48.082444	Trial	end	48
2016-10-03 11:12:49.029725	Trial	start	49
2016-10-03 11:12:49.032294	Speaker	play	None
2016-10-03 11:12:49.301915	Speaker	stop	None
2016-10-03 11:12:49.303042	Trial	end	49
2016-10-03 11:12:49.304326	Trial	start	50
2016-10-03 11:12:49.306378	Speaker	play	None
2016-10-03 11:12:49.384217	Speaker	stop	None
2016-10-03 11:12:49.385576	Trial	end	50
2016-10-03 11:12:49.387008	Trial	start	51
2016-10-03 11:12:49.392270	Speaker	play	None
2016-10-03 11:12:58.344760	Speaker	stop	None
2016-10-03 11:12:58.345702	Trial	end	51
2016-10-03 11:13:20.329477	Trial	start	52
2016-10-03 11:13:20.331921	Speaker	play	None
2016-10-03 11:13:31.559431	Speaker	stop	None
2016-10-03 11:13:31.560234	Trial	end	52
2016-10-03 11:15:17.015923	Trial	start	53
2016-10-03 11:15:17.018747	Speaker	play	None
2016-10-03 11:15:17.999124	Speaker	stop	None
2016-10-03 11:15:17.999965	Trial	end	53
2016-10-03 11:15:18.001404	Trial	start	54
2016-10-03 11:15:18.003717	Speaker	play	None
2016-10-03 11:15:24.007184	Speaker	stop	None
2016-10-03 11:15:24.008052	Trial	end	54
2016-10-03 11:15:29.536252	Trial	start	55
2016-10-03 11:15:29.540246	Speaker	play	None
2016-10-03 11:15:30.404609	Speaker	stop	None
2016-10-03 11:15:30.405584	Trial	end	55
2016-10-03 11:15:30.406859	Trial	start	56
2016-10-03 11:15:30.409721	Speaker	play	None
2016-10-03 11:15:30.466216	Speaker	stop	None
2016-10-03 11:15:30.467115	Trial	end	56
2016-10-03 11:15:30.468849	Trial	start	57
2016-10-03 11:15:30.471303	Speaker	play	None
2016-10-03 11:15:36.474233	Speaker	stop	None
2016-10-03 11:15:36.475619	Hopper	up	None
2016-10-03 11:15:48.478319	Hopper	down	None
2016-10-03 11:15:48.781089	Trial	end	57
2016-10-03 11:19:45.843509	Trial	start	58
2016-10-03 11:19:45.846031	Speaker	play	None
2016-10-03 11:19:51.851736	Speaker	stop	None
2016-10-03 11:19:51.853145	Trial	end	58
2016-10-03 11:20:07.562554	Trial	start	59
2016-10-03 11:20:07.564908	Speaker	play	None
2016-10-03 11:20:07.642580	Speaker	stop	None
2016-10-03 11:20:07.643609	Trial	end	59
2016-10-03 11:20:07.645324	Trial	start	60
2016-10-03 11:20:07.647865	Speaker	play	None
2016-10-03 11:20:18.878616	Speaker	stop	None
2016-10-03 11:20:18.879426	Trial	end	60
2016-10-03 11:20:34.929294	Trial	start	61
2016-10-03 11:20:34.931524	Speaker	play	None
2016-10-03 11:20:35.163273	Speaker	stop	None
2016-10-03 11:20:35.164536	Trial	end	61
2016-10-03 11:20:35.166036	Trial	start	62
2016-10-03 11:20:35.168696	Speaker	play	None
2016-10-03 11:20:37.083637	Speaker	stop	None
2016-10-03 11:20:37.084526	Trial	end	62
2016-10-03 11:20:37.085566	Trial	start	63
2016-10-03 11:20:37.087478	Speaker	play	None
2016-10-03 11:20:43.092146	Speaker	stop	None
2016-10-03 11:20:43.093616	Hopper	up	None
2016-10-03 11:20:55.097180	Hopper	down	None
2016-10-03 11:20:55.403382	Trial	end	63
2016-10-03 11:23:16.297839	Trial	start	64
2016-10-03 11:23:16.301014	Speaker	play	None
2016-10-03 11:23:16.429326	Speaker	stop	None
2016-10-03 11:23:16.430796	Trial	end	64
2016-10-03 11:23:16.432177	Trial	start	65
2016-10-03 11:23:16.435029	Speaker	play	None
2016-10-03 11:23:24.386895	Speaker	stop	None
2016-10-03 11:23:24.387769	Trial	end	65
2016-10-03 11:23:24.389078	Trial	start	66
2016-10-03 11:23:24.390944	Speaker	play	None
2016-10-03 11:23:30.396207	Speaker	stop	None
2016-10-03 11:23:30.398346	Trial	end	66
2016-10-03 11:23:31.595210	Trial	start	67
2016-10-03 11:23:31.597759	Speaker	play	None
2016-10-03 11:23:31.669028	Speaker	stop	None
2016-10-03 11:23:31.670090	Trial	end	67
2016-10-03 11:23:31.671348	Trial	start	68
2016-10-03 11:23:31.673329	Speaker	play	None
2016-10-03 11:23:37.677392	Speaker	stop	None
2016-10-03 11:23:37.678457	Trial	end	68
2016-10-03 11:23:46.572934	Trial	start	69
2016-10-03 11:23:46.575696	Speaker	play	None
2016-10-03 11:23:47.695524	Speaker	stop	None
2016-10-03 11:23:47.696615	Trial	end	69
2016-10-03 11:23:47.697966	Trial	start	70
2016-10-03 11:23:47.700786	Speaker	play	None
2016-10-03 11:23:53.707822	Speaker	stop	None
2016-10-03 11:23:53.709085	Trial	end	70
2016-10-03 11:23:54.719271	Trial	start	71
2016-10-03 11:23:54.722386	Speaker	play	None
2016-10-03 11:23:54.793504	Speaker	stop	None
2016-10-03 11:23:54.794507	Trial	end	71
2016-10-03 11:23:54.795902	Trial	start	72
2016-10-03 11:23:54.799477	Speaker	play	None
2016-10-03 11:24:00.621318	Speaker	stop	None
2016-10-03 11:24:00.622206	Trial	end	72
2016-10-03 11:24:00.623672	Trial	start	73
2016-10-03 11:24:00.625595	Speaker	play	None
2016-10-03 11:24:06.633695	Speaker	stop	None
2016-10-03 11:24:06.635185	Trial	end	73
2016-10-03 11:24:31.653904	Trial	start	74
2016-10-03 11:24:31.658998	Speaker	play	None
2016-10-03 11:24:39.927438	Speaker	stop	None
2016-10-03 11:24:39.928579	Trial	end	74
2016-10-03 11:24:39.930001	Trial	start	75
2016-10-03 11:24:39.932051	Speaker	play	None
2016-10-03 11:24:45.941899	Speaker	stop	None
2016-10-03 11:24:45.943005	Trial	end	75
2016-10-03 11:26:20.533226	Trial	start	76
2016-10-03 11:26:20.535638	Speaker	play	None
2016-10-03 11:26:26.541779	Speaker	stop	None
2016-10-03 11:26:26.543347	Trial	end	76
2016-10-03 11:26:33.086461	Trial	start	77
2016-10-03 11:26:33.088688	Speaker	play	None
2016-10-03 11:26:33.164481	Speaker	stop	None
2016-10-03 11:26:33.165348	Trial	end	77
2016-10-03 11:26:33.166613	Trial	start	78
2016-10-03 11:26:33.168533	Speaker	play	None
2016-10-03 11:26:33.373364	Speaker	stop	None
2016-10-03 11:26:33.374217	Trial	end	78
2016-10-03 11:26:33.375693	Trial	start	79
2016-10-03 11:26:33.377853	Speaker	play	None
2016-10-03 11:26:39.381938	Speaker	stop	None
2016-10-03 11:26:39.383275	Trial	end	79
2016-10-03 11:26:40.725156	Trial	start	80
2016-10-03 11:26:40.731658	Speaker	play	None
2016-10-03 11:26:40.802880	Speaker	stop	None
2016-10-03 11:26:40.803716	Trial	end	80
2016-10-03 11:26:40.805053	Trial	start	81
2016-10-03 11:26:40.807104	Speaker	play	None
2016-10-03 11:26:46.811214	Speaker	stop	None
2016-10-03 11:26:46.812207	Trial	end	81
2016-10-03 11:26:54.224216	Trial	start	82
2016-10-03 11:26:54.226388	Speaker	play	None
2016-10-03 11:27:00.232919	Speaker	stop	None
2016-10-03 11:27:00.233940	Trial	end	82
2016-10-03 11:27:01.678431	Trial	start	83
2016-10-03 11:27:01.681323	Speaker	play	None
2016-10-03 11:27:01.822082	Speaker	stop	None
2016-10-03 11:27:01.823169	Trial	end	83
2016-10-03 11:27:01.824745	Trial	start	84
2016-10-03 11:27:01.826950	Speaker	play	None
2016-10-03 11:27:07.830173	Speaker	stop	None
2016-10-03 11:27:07.831105	Trial	end	84
2016-10-03 11:27:15.894515	Trial	start	85
2016-10-03 11:27:15.896826	Speaker	play	None
2016-10-03 11:27:15.972946	Speaker	stop	None
2016-10-03 11:27:15.973919	Trial	end	85
2016-10-03 11:27:15.975380	Trial	start	86
2016-10-03 11:27:15.977303	Speaker	play	None
2016-10-03 11:27:21.980797	Speaker	stop	None
2016-10-03 11:27:21.981857	Trial	end	86
2016-10-03 11:27:26.031308	Trial	start	87
2016-10-03 11:27:26.033689	Speaker	play	None
2016-10-03 11:27:33.477415	Speaker	stop	None
2016-10-03 11:27:33.478361	Trial	end	87
2016-10-03 11:27:33.479631	Trial	start	88
2016-10-03 11:27:33.481789	Speaker	play	None
2016-10-03 11:27:33.596472	Speaker	stop	None
2016-10-03 11:27:33.597569	Trial	end	88
2016-10-03 11:27:33.599254	Trial	start	89
2016-10-03 11:27:33.601672	Speaker	play	None
2016-10-03 11:27:39.604643	Speaker	stop	None
2016-10-03 11:27:39.606239	Trial	end	89
2016-10-03 11:27:47.685206	Trial	start	90
2016-10-03 11:27:47.688782	Speaker	play	None
2016-10-03 11:27:53.693689	Speaker	stop	None
2016-10-03 11:27:53.694599	Trial	end	90
2016-10-03 11:28:25.959473	Trial	start	91
2016-10-03 11:28:25.962471	Speaker	play	None
2016-10-03 11:28:31.967829	Speaker	stop	None
2016-10-03 11:28:31.968678	Trial	end	91
2016-10-03 11:28:39.806862	Trial	start	92
2016-10-03 11:28:39.809844	Speaker	play	None
2016-10-03 11:28:39.905572	Speaker	stop	None
2016-10-03 11:28:39.906714	Trial	end	92
2016-10-03 11:28:39.908068	Trial	start	93
2016-10-03 11:28:39.910314	Speaker	play	None
2016-10-03 11:28:45.913773	Speaker	stop	None
2016-10-03 11:28:45.915248	Hopper	up	None
2016-10-03 11:28:57.918026	Hopper	down	None
2016-10-03 11:28:58.220930	Trial	end	93
2016-10-03 11:29:54.135343	Trial	start	94
2016-10-03 11:29:54.138021	Speaker	play	None
2016-10-03 11:30:00.143980	Speaker	stop	None
2016-10-03 11:30:00.145189	Trial	end	94
2016-10-03 11:30:05.214293	Trial	start	95
2016-10-03 11:30:05.218341	Speaker	play	None
2016-10-03 11:30:11.226805	Speaker	stop	None
2016-10-03 11:30:11.227778	Trial	end	95
2016-10-03 11:30:27.167060	Trial	start	96
2016-10-03 11:30:27.169455	Speaker	play	None
2016-10-03 11:30:33.175583	Speaker	stop	None
2016-10-03 11:30:33.176511	Trial	end	96
2016-10-03 11:31:52.193670	Trial	start	97
2016-10-03 11:31:52.196368	Speaker	play	None
2016-10-03 11:31:58.202129	Speaker	stop	None
2016-10-03 11:31:58.203013	Trial	end	97
2016-10-03 11:32:59.608755	Trial	start	98
2016-10-03 11:32:59.611544	Speaker	play	None
2016-10-03 11:33:05.617287	Speaker	stop	None
2016-10-03 11:33:05.618929	Hopper	up	None
2016-10-03 11:33:17.621834	Hopper	down	None
2016-10-03 11:33:17.928809	Trial	end	98
2016-10-03 11:33:42.498904	Trial	start	99
2016-10-03 11:33:42.501087	Speaker	play	None
2016-10-03 11:33:48.507470	Speaker	stop	None
2016-10-03 11:33:48.508426	Trial	end	99
2016-10-03 11:34:23.083444	Trial	start	100
2016-10-03 11:34:23.085680	Speaker	play	None
2016-10-03 11:34:23.174064	Speaker	stop	None
2016-10-03 11:34:23.174983	Trial	end	100
2016-10-03 11:34:23.176494	Trial	start	101
2016-10-03 11:34:23.179214	Speaker	play	None
2016-10-03 11:34:29.183268	Speaker	stop	None
2016-10-03 11:34:29.184102	Trial	end	101
2016-10-03 11:34:44.114953	Trial	start	102
2016-10-03 11:34:44.118069	Speaker	play	None
2016-10-03 11:34:44.221602	Speaker	stop	None
2016-10-03 11:34:44.222481	Trial	end	102
2016-10-03 11:34:44.223775	Trial	start	103
2016-10-03 11:34:44.226045	Speaker	play	None
2016-10-03 11:34:50.231099	Speaker	stop	None
2016-10-03 11:34:50.232082	Trial	end	103
2016-10-03 11:34:57.284972	Trial	start	104
2016-10-03 11:34:57.287415	Speaker	play	None
2016-10-03 11:35:03.290564	Speaker	stop	None
2016-10-03 11:35:03.292020	Hopper	up	None
2016-10-03 11:35:15.293494	Hopper	down	None
2016-10-03 11:35:15.600092	Trial	end	104
2016-10-03 11:39:38.754344	Trial	start	105
2016-10-03 11:39:38.756575	Speaker	play	None
2016-10-03 11:39:44.764772	Speaker	stop	None
2016-10-03 11:39:44.766586	Hopper	up	None
2016-10-03 11:39:56.769310	Hopper	down	None
2016-10-03 11:39:57.072184	Trial	end	105
2016-10-03 11:42:02.987383	Trial	start	106
2016-10-03 11:42:02.989455	Speaker	play	None
2016-10-03 11:42:08.992587	Speaker	stop	None
2016-10-03 11:42:08.994913	Trial	end	106
2016-10-03 11:42:51.562975	Trial	start	107
2016-10-03 11:42:51.565676	Speaker	play	None
2016-10-03 11:42:51.628599	Speaker	stop	None
2016-10-03 11:42:51.629536	Trial	end	107
2016-10-03 11:42:51.631193	Trial	start	108
2016-10-03 11:42:51.633107	Speaker	play	None
2016-10-03 11:42:52.324884	Speaker	stop	None
2016-10-03 11:42:52.325818	Trial	end	108
2016-10-03 11:42:52.327393	Trial	start	109
2016-10-03 11:42:52.329607	Speaker	play	None
2016-10-03 11:42:57.141898	Speaker	stop	None
2016-10-03 11:42:57.142902	Trial	end	109
2016-10-03 11:42:57.144023	Trial	start	110
2016-10-03 11:42:57.146119	Speaker	play	None
2016-10-03 11:43:03.150901	Speaker	stop	None
2016-10-03 11:43:03.152051	Trial	end	110
2016-10-03 11:43:03.593113	Trial	start	111
2016-10-03 11:43:03.595782	Speaker	play	None
2016-10-03 11:43:09.602222	Speaker	stop	None
2016-10-03 11:43:09.603013	Trial	end	111
2016-10-03 11:43:13.943882	Trial	start	112
2016-10-03 11:43:13.946136	Speaker	play	None
2016-10-03 11:43:14.025902	Speaker	stop	None
2016-10-03 11:43:14.026794	Trial	end	112
2016-10-03 11:43:14.027855	Trial	start	113
2016-10-03 11:43:14.029653	Speaker	play	None
2016-10-03 11:43:20.034874	Speaker	stop	None
2016-10-03 11:43:20.035682	Trial	end	113
2016-10-03 11:43:43.001835	Trial	start	114
2016-10-03 11:43:43.004582	Speaker	play	None
2016-10-03 11:43:53.397329	Speaker	stop	None
2016-10-03 11:43:53.398901	Trial	end	114
2016-10-03 11:43:53.400511	Trial	start	115
2016-10-03 11:43:53.402915	Speaker	play	None
2016-10-03 11:43:59.406415	Speaker	stop	None
2016-10-03 11:43:59.407404	Trial	end	115
2016-10-03 11:44:01.048463	Trial	start	116
2016-10-03 11:44:01.050607	Speaker	play	None
2016-10-03 11:44:01.142908	Speaker	stop	None
2016-10-03 11:44:01.143898	Trial	end	116
2016-10-03 11:44:01.145682	Trial	start	117
2016-10-03 11:44:01.147574	Speaker	play	None
2016-10-03 11:44:07.151884	Speaker	stop	None
2016-10-03 11:44:07.152690	Trial	end	117
2016-10-03 11:44:21.889192	Trial	start	118
2016-10-03 11:44:21.891588	Speaker	play	None
2016-10-03 11:44:22.032687	Speaker	stop	None
2016-10-03 11:44:22.033954	Trial	end	118
2016-10-03 11:44:22.035174	Trial	start	119
2016-10-03 11:44:22.037488	Speaker	play	None
2016-10-03 11:44:28.041531	Speaker	stop	None
2016-10-03 11:44:28.042515	Trial	end	119
2016-10-03 11:45:04.549576	Trial	start	120
2016-10-03 11:45:04.553531	Speaker	play	None
2016-10-03 11:45:04.668262	Speaker	stop	None
2016-10-03 11:45:04.669173	Trial	end	120
2016-10-03 11:45:04.671181	Trial	start	121
2016-10-03 11:45:04.673378	Speaker	play	None
2016-10-03 11:45:10.677223	Speaker	stop	None
2016-10-03 11:45:10.678587	Hopper	up	None
2016-10-03 11:45:22.682543	Hopper	down	None
2016-10-03 11:45:22.985454	Trial	end	121
2016-10-03 11:45:39.267171	Trial	start	122
2016-10-03 11:45:39.269947	Speaker	play	None
2016-10-03 11:45:39.427032	Speaker	stop	None
2016-10-03 11:45:39.427925	Trial	end	122
2016-10-03 11:45:39.429100	Trial	start	123
2016-10-03 11:45:39.431819	Speaker	play	None
2016-10-03 11:45:45.439935	Speaker	stop	None
2016-10-03 11:45:45.441005	Hopper	up	None
2016-10-03 11:45:57.445399	Hopper	down	None
2016-10-03 11:45:57.748323	Trial	end	123
2016-10-03 11:46:56.919271	Trial	start	124
2016-10-03 11:46:56.921611	Speaker	play	None
2016-10-03 11:46:56.997178	Speaker	stop	None
2016-10-03 11:46:56.998100	Trial	end	124
2016-10-03 11:46:56.999611	Trial	start	125
2016-10-03 11:46:57.001973	Speaker	play	None
2016-10-03 11:46:57.951574	Speaker	stop	None
2016-10-03 11:46:57.953161	Trial	end	125
2016-10-03 11:46:57.955018	Trial	start	126
2016-10-03 11:46:57.957670	Speaker	play	None
2016-10-03 11:47:03.964360	Speaker	stop	None
2016-10-03 11:47:03.965755	Trial	end	126
2016-10-03 11:47:12.537085	Trial	start	127
2016-10-03 11:47:12.539462	Speaker	play	None
2016-10-03 11:47:18.546079	Speaker	stop	None
2016-10-03 11:47:18.547515	Hopper	up	None
2016-10-03 11:47:30.551388	Hopper	down	None
2016-10-03 11:47:30.854227	Trial	end	127
2016-10-03 11:49:05.176260	Trial	start	128
2016-10-03 11:49:05.180147	Speaker	play	None
2016-10-03 11:49:11.185095	Speaker	stop	None
2016-10-03 11:49:11.186179	Trial	end	128
2016-10-03 11:49:26.905420	Trial	start	129
2016-10-03 11:49:26.909409	Speaker	play	None
2016-10-03 11:49:27.073541	Speaker	stop	None
2016-10-03 11:49:27.074752	Trial	end	129
2016-10-03 11:49:27.076207	Trial	start	130
2016-10-03 11:49:27.079898	Speaker	play	None
2016-10-03 11:49:33.086121	Speaker	stop	None
2016-10-03 11:49:33.086950	Trial	end	130
2016-10-03 11:49:48.998763	Trial	start	131
2016-10-03 11:49:49.001070	Speaker	play	None
2016-10-03 11:49:55.007658	Speaker	stop	None
2016-10-03 11:49:55.008577	Trial	end	131
2016-10-03 11:50:15.671508	Trial	start	132
2016-10-03 11:50:15.674046	Speaker	play	None
2016-10-03 11:50:21.680321	Speaker	stop	None
2016-10-03 11:50:21.681111	Trial	end	132
2016-10-03 11:50:28.250126	Trial	start	133
2016-10-03 11:50:28.252493	Speaker	play	None
2016-10-03 11:50:28.401906	Speaker	stop	None
2016-10-03 11:50:28.402967	Trial	end	133
2016-10-03 11:50:28.404720	Trial	start	134
2016-10-03 11:50:28.407501	Speaker	play	None
2016-10-03 11:50:34.414894	Speaker	stop	None
2016-10-03 11:50:34.416473	Trial	end	134
2016-10-03 11:50:37.175258	Trial	start	135
2016-10-03 11:50:37.177976	Speaker	play	None
2016-10-03 11:50:43.184077	Speaker	stop	None
2016-10-03 11:50:43.185477	Trial	end	135
2016-10-03 11:50:53.583702	Trial	start	136
2016-10-03 11:50:53.586536	Speaker	play	None
2016-10-03 11:50:53.808908	Speaker	stop	None
2016-10-03 11:50:53.809842	Trial	end	136
2016-10-03 11:50:53.811147	Trial	start	137
2016-10-03 11:50:53.813360	Speaker	play	None
2016-10-03 11:50:59.817643	Speaker	stop	None
2016-10-03 11:50:59.818544	Trial	end	137
2016-10-03 11:51:01.386284	Trial	start	138
2016-10-03 11:51:01.391332	Speaker	play	None
2016-10-03 11:51:01.460367	Speaker	stop	None
2016-10-03 11:51:01.461476	Trial	end	138
2016-10-03 11:51:01.462798	Trial	start	139
2016-10-03 11:51:01.464984	Speaker	play	None
2016-10-03 11:51:10.417953	Speaker	stop	None
2016-10-03 11:51:10.418919	Trial	end	139
2016-10-03 11:51:16.745977	Trial	start	140
2016-10-03 11:51:16.748069	Speaker	play	None
2016-10-03 11:51:22.754938	Speaker	stop	None
2016-10-03 11:51:22.756762	Trial	end	140
2016-10-03 11:51:27.960647	Trial	start	141
2016-10-03 11:51:27.962764	Speaker	play	None
2016-10-03 11:51:33.965528	Speaker	stop	None
2016-10-03 11:51:33.966389	Trial	end	141
2016-10-03 11:51:58.037002	Trial	start	142
2016-10-03 11:51:58.040703	Speaker	play	None
2016-10-03 11:51:58.111099	Speaker	stop	None
2016-10-03 11:51:58.112730	Trial	end	142
2016-10-03 11:51:58.114910	Trial	start	143
2016-10-03 11:51:58.118234	Speaker	play	None
2016-10-03 11:52:04.127930	Speaker	stop	None
2016-10-03 11:52:04.128879	Trial	end	143
2016-10-03 11:52:14.179081	Trial	start	144
2016-10-03 11:52:14.182469	Speaker	play	None
2016-10-03 11:52:16.055190	Speaker	stop	None
2016-10-03 11:52:16.056182	Trial	end	144
2016-10-03 11:52:16.057991	Trial	start	145
2016-10-03 11:52:16.061026	Speaker	play	None
2016-10-03 11:52:16.165845	Speaker	stop	None
2016-10-03 11:52:16.166816	Trial	end	145
2016-10-03 11:52:16.168080	Trial	start	146
2016-10-03 11:52:16.170677	Speaker	play	None
2016-10-03 11:52:22.178665	Speaker	stop	None
2016-10-03 11:52:22.179523	Trial	end	146
2016-10-03 11:52:25.438717	Trial	start	147
2016-10-03 11:52:25.440814	Speaker	play	None
2016-10-03 11:52:25.508568	Speaker	stop	None
2016-10-03 11:52:25.509492	Trial	end	147
2016-10-03 11:52:25.510675	Trial	start	148
2016-10-03 11:52:25.512703	Speaker	play	None
2016-10-03 11:52:31.517414	Speaker	stop	None
2016-10-03 11:52:31.518446	Trial	end	148
2016-10-03 11:52:31.914460	Trial	start	149
2016-10-03 11:52:31.917244	Speaker	play	None
2016-10-03 11:52:31.980577	Speaker	stop	None
2016-10-03 11:52:31.981696	Trial	end	149
2016-10-03 11:52:31.984410	Trial	start	150
2016-10-03 11:52:31.986661	Speaker	play	None
2016-10-03 11:52:37.993006	Speaker	stop	None
2016-10-03 11:52:37.994360	Hopper	up	None
2016-10-03 11:52:49.998251	Hopper	down	None
2016-10-03 11:52:50.304875	Trial	end	150
2016-10-03 11:53:52.120455	Trial	start	151
2016-10-03 11:53:52.122775	Speaker	play	None
2016-10-03 11:53:58.129798	Speaker	stop	None
2016-10-03 11:53:58.130790	Trial	end	151
2016-10-03 11:54:07.725927	Trial	start	152
2016-10-03 11:54:07.729695	Speaker	play	None
2016-10-03 11:54:07.804685	Speaker	stop	None
2016-10-03 11:54:07.806061	Trial	end	152
2016-10-03 11:54:07.807712	Trial	start	153
2016-10-03 11:54:07.810305	Speaker	play	None
2016-10-03 11:54:13.818070	Speaker	stop	None
2016-10-03 11:54:13.819257	Trial	end	153
2016-10-03 11:54:19.047047	Trial	start	154
2016-10-03 11:54:19.051085	Speaker	play	None
2016-10-03 11:54:19.690199	Speaker	stop	None
2016-10-03 11:54:19.691235	Trial	end	154
2016-10-03 11:54:19.692551	Trial	start	155
2016-10-03 11:54:19.694804	Speaker	play	None
2016-10-03 11:54:19.755730	Speaker	stop	None
2016-10-03 11:54:19.757372	Trial	end	155
2016-10-03 11:54:19.758646	Trial	start	156
2016-10-03 11:54:19.760795	Speaker	play	None
2016-10-03 11:54:25.764380	Speaker	stop	None
2016-10-03 11:54:25.765359	Trial	end	156
2016-10-03 11:54:40.124556	Trial	start	157
2016-10-03 11:54:40.127617	Speaker	play	None
2016-10-03 11:54:46.133404	Speaker	stop	None
2016-10-03 11:54:46.134933	Hopper	up	None
2016-10-03 11:54:58.138442	Hopper	down	None
2016-10-03 11:54:58.445360	Trial	end	157
2016-10-03 11:57:51.144490	Trial	start	158
2016-10-03 11:57:51.148197	Speaker	play	None
2016-10-03 11:58:02.379506	Speaker	stop	None
2016-10-03 11:58:02.380925	Trial	end	158
2016-10-03 11:58:11.091282	Trial	start	159
2016-10-03 11:58:11.093450	Speaker	play	None
2016-10-03 11:58:11.185597	Speaker	stop	None
2016-10-03 11:58:11.186412	Trial	end	159
2016-10-03 11:58:11.187498	Trial	start	160
2016-10-03 11:58:11.189515	Speaker	play	None
2016-10-03 11:58:17.194423	Speaker	stop	None
2016-10-03 11:58:17.196145	Hopper	up	None
2016-10-03 11:58:29.203476	Hopper	down	None
2016-10-03 11:58:29.506350	Trial	end	160
2016-10-03 11:59:58.428110	Trial	start	161
2016-10-03 11:59:58.430689	Speaker	play	None
2016-10-03 12:00:04.436638	Speaker	stop	None
2016-10-03 12:00:04.437903	Hopper	up	None
2016-10-03 12:00:16.441801	Hopper	down	None
2016-10-03 12:00:16.744537	Trial	end	161
2016-10-03 12:00:58.448682	Trial	start	162
2016-10-03 12:00:58.450806	Speaker	play	None
2016-10-03 12:00:58.592165	Speaker	stop	None
2016-10-03 12:00:58.592990	Trial	end	162
2016-10-03 12:00:58.595258	Trial	start	163
2016-10-03 12:00:58.599226	Speaker	play	None
2016-10-03 12:01:04.609224	Speaker	stop	None
2016-10-03 12:01:04.610125	Trial	end	163
2016-10-03 12:01:10.089108	Trial	start	164
2016-10-03 12:01:10.091232	Speaker	play	None
2016-10-03 12:01:10.228505	Speaker	stop	None
2016-10-03 12:01:10.229403	Trial	end	164
2016-10-03 12:01:10.230728	Trial	start	165
2016-10-03 12:01:10.232513	Speaker	play	None
2016-10-03 12:01:16.229378	Speaker	stop	None
2016-10-03 12:01:16.230177	Trial	end	165
2016-10-03 12:01:16.231428	Trial	start	166
2016-10-03 12:01:16.233332	Speaker	play	None
2016-10-03 12:01:27.464132	Speaker	stop	None
2016-10-03 12:01:27.465278	Trial	end	166
2016-10-03 12:01:29.720582	Trial	start	167
2016-10-03 12:01:29.722844	Speaker	play	None
2016-10-03 12:01:29.819353	Speaker	stop	None
2016-10-03 12:01:29.820874	Trial	end	167
2016-10-03 12:01:29.822832	Trial	start	168
2016-10-03 12:01:29.826100	Speaker	play	None
2016-10-03 12:01:35.831954	Speaker	stop	None
2016-10-03 12:01:35.833404	Hopper	up	None
2016-10-03 12:01:47.836823	Hopper	down	None
2016-10-03 12:01:48.139686	Trial	end	168
2016-10-03 12:03:19.608649	Trial	start	169
2016-10-03 12:03:19.611499	Speaker	play	None
2016-10-03 12:03:25.617416	Speaker	stop	None
2016-10-03 12:03:25.618313	Trial	end	169
2016-10-03 12:03:28.017519	Trial	start	170
2016-10-03 12:03:28.019691	Speaker	play	None
2016-10-03 12:03:34.026198	Speaker	stop	None
2016-10-03 12:03:34.027556	Hopper	up	None
2016-10-03 12:03:46.031177	Hopper	down	None
2016-10-03 12:03:46.334066	Trial	end	170
2016-10-03 12:04:54.521999	Trial	start	171
2016-10-03 12:04:54.525498	Speaker	play	None
2016-10-03 12:05:00.530634	Speaker	stop	None
2016-10-03 12:05:00.531474	Trial	end	171
2016-10-03 12:05:17.958529	Trial	start	172
2016-10-03 12:05:17.962147	Speaker	play	None
2016-10-03 12:05:23.967167	Speaker	stop	None
2016-10-03 12:05:23.967950	Trial	end	172
2016-10-03 12:05:57.114800	Trial	start	173
2016-10-03 12:05:57.117056	Speaker	play	None
2016-10-03 12:05:57.209296	Speaker	stop	None
2016-10-03 12:05:57.210291	Trial	end	173
2016-10-03 12:05:57.211659	Trial	start	174
2016-10-03 12:05:57.214623	Speaker	play	None
2016-10-03 12:06:03.221765	Speaker	stop	None
2016-10-03 12:06:03.222629	Trial	end	174
2016-10-03 12:06:03.565718	Trial	start	175
2016-10-03 12:06:03.567798	Speaker	play	None
2016-10-03 12:06:09.574525	Speaker	stop	None
2016-10-03 12:06:09.575936	Hopper	up	None
2016-10-03 12:06:21.579883	Hopper	down	None
2016-10-03 12:06:21.886463	Trial	end	175
2016-10-03 12:07:15.538167	Trial	start	176
2016-10-03 12:07:15.541208	Speaker	play	None
2016-10-03 12:07:21.551029	Speaker	stop	None
2016-10-03 12:07:21.552209	Trial	end	176
2016-10-03 12:07:49.841029	Trial	start	177
2016-10-03 12:07:49.843409	Speaker	play	None
2016-10-03 12:07:55.849748	Speaker	stop	None
2016-10-03 12:07:55.850686	Trial	end	177
2016-10-03 12:08:04.864650	Trial	start	178
2016-10-03 12:08:04.867557	Speaker	play	None
2016-10-03 12:08:13.817580	Speaker	stop	None
2016-10-03 12:08:13.818402	Trial	end	178
2016-10-03 12:08:22.503837	Trial	start	179
2016-10-03 12:08:22.506529	Speaker	play	None
2016-10-03 12:08:22.577703	Speaker	stop	None
2016-10-03 12:08:22.578897	Trial	end	179
2016-10-03 12:08:22.579954	Trial	start	180
2016-10-03 12:08:22.581892	Speaker	play	None
2016-10-03 12:08:28.585868	Speaker	stop	None
2016-10-03 12:08:28.586885	Trial	end	180
2016-10-03 12:08:40.499340	Trial	start	181
2016-10-03 12:08:40.501999	Speaker	play	None
2016-10-03 12:08:40.638884	Speaker	stop	None
2016-10-03 12:08:40.639923	Trial	end	181
2016-10-03 12:08:40.641585	Trial	start	182
2016-10-03 12:08:40.644296	Speaker	play	None
2016-10-03 12:08:46.650824	Speaker	stop	None
2016-10-03 12:08:46.652434	Trial	end	182
2016-10-03 12:08:49.320850	Trial	start	183
2016-10-03 12:08:49.323012	Speaker	play	None
2016-10-03 12:08:55.329113	Speaker	stop	None
2016-10-03 12:08:55.330112	Trial	end	183
2016-10-03 12:09:37.798951	Trial	start	184
2016-10-03 12:09:37.802130	Speaker	play	None
2016-10-03 12:09:37.881386	Speaker	stop	None
2016-10-03 12:09:37.882267	Trial	end	184
2016-10-03 12:09:37.883576	Trial	start	185
2016-10-03 12:09:37.885968	Speaker	play	None
2016-10-03 12:09:43.889179	Speaker	stop	None
2016-10-03 12:09:43.890606	Hopper	up	None
2016-10-03 12:09:55.606497	Hopper	down	None
2016-10-03 12:09:55.909231	Trial	end	185
2016-10-03 12:09:55.910674	Trial	start	186
2016-10-03 12:09:55.912726	Speaker	play	None
2016-10-03 12:10:01.917486	Speaker	stop	None
2016-10-03 12:10:01.918662	Hopper	up	None
2016-10-03 12:10:13.921563	Hopper	down	None
2016-10-03 12:10:14.228408	Trial	end	186
2016-10-03 12:10:54.876482	Trial	start	187
2016-10-03 12:10:54.879383	Speaker	play	None
2016-10-03 12:10:54.958518	Speaker	stop	None
2016-10-03 12:10:54.959550	Trial	end	187
2016-10-03 12:10:54.960824	Trial	start	188
2016-10-03 12:10:54.962955	Speaker	play	None
2016-10-03 12:11:00.966618	Speaker	stop	None
2016-10-03 12:11:00.967516	Trial	end	188
2016-10-03 12:11:07.077198	Trial	start	189
2016-10-03 12:11:07.079399	Speaker	play	None
2016-10-03 12:11:07.155315	Speaker	stop	None
2016-10-03 12:11:07.156540	Trial	end	189
2016-10-03 12:11:07.158807	Trial	start	190
2016-10-03 12:11:07.161925	Speaker	play	None
2016-10-03 12:11:13.167215	Speaker	stop	None
2016-10-03 12:11:13.168196	Trial	end	190
2016-10-03 12:11:14.477994	Trial	start	191
2016-10-03 12:11:14.481114	Speaker	play	None
2016-10-03 12:11:14.543552	Speaker	stop	None
2016-10-03 12:11:14.544698	Trial	end	191
2016-10-03 12:11:14.546112	Trial	start	192
2016-10-03 12:11:14.548362	Speaker	play	None
2016-10-03 12:11:19.990435	Speaker	stop	None
2016-10-03 12:11:19.991505	Trial	end	192
2016-10-03 12:11:19.992505	Trial	start	193
2016-10-03 12:11:19.994477	Speaker	play	None
2016-10-03 12:11:20.064096	Speaker	stop	None
2016-10-03 12:11:20.065152	Trial	end	193
2016-10-03 12:11:20.066568	Trial	start	194
2016-10-03 12:11:20.068842	Speaker	play	None
2016-10-03 12:11:29.021320	Speaker	stop	None
2016-10-03 12:11:29.022868	Trial	end	194
2016-10-03 12:11:38.944386	Trial	start	195
2016-10-03 12:11:38.946862	Speaker	play	None
2016-10-03 12:11:50.174648	Speaker	stop	None
2016-10-03 12:11:50.175490	Trial	end	195
2016-10-03 12:11:54.532434	Trial	start	196
2016-10-03 12:11:54.535624	Speaker	play	None
2016-10-03 12:11:54.601939	Speaker	stop	None
2016-10-03 12:11:54.602873	Trial	end	196
2016-10-03 12:11:54.604218	Trial	start	197
2016-10-03 12:11:54.606307	Speaker	play	None
2016-10-03 12:12:00.610131	Speaker	stop	None
2016-10-03 12:12:00.611033	Trial	end	197
2016-10-03 12:12:01.609340	Trial	start	198
2016-10-03 12:12:01.611908	Speaker	play	None
2016-10-03 12:12:01.687365	Speaker	stop	None
2016-10-03 12:12:01.688245	Trial	end	198
2016-10-03 12:12:01.689860	Trial	start	199
2016-10-03 12:12:01.692032	Speaker	play	None
2016-10-03 12:12:07.695733	Speaker	stop	None
2016-10-03 12:12:07.696892	Trial	end	199
2016-10-03 12:12:12.462651	Trial	start	200
2016-10-03 12:12:12.464724	Speaker	play	None
2016-10-03 12:12:12.524523	Speaker	stop	None
2016-10-03 12:12:12.525958	Trial	end	200
2016-10-03 12:12:12.527403	Trial	start	201
2016-10-03 12:12:12.530210	Speaker	play	None
2016-10-03 12:12:18.536599	Speaker	stop	None
2016-10-03 12:12:18.538609	Hopper	up	None
2016-10-03 12:12:30.540548	Hopper	down	None
2016-10-03 12:12:30.843381	Trial	end	201
2016-10-03 12:13:26.822070	Trial	start	202
2016-10-03 12:13:26.825810	Speaker	play	None
2016-10-03 12:13:37.196163	Speaker	stop	None
2016-10-03 12:13:37.196975	Trial	end	202
2016-10-03 12:13:37.198204	Trial	start	203
2016-10-03 12:13:37.200526	Speaker	play	None
2016-10-03 12:13:43.204519	Speaker	stop	None
2016-10-03 12:13:43.205593	Hopper	up	None
2016-10-03 12:13:55.208985	Hopper	down	None
2016-10-03 12:13:55.515821	Trial	end	203
2016-10-03 12:14:33.707580	Trial	start	204
2016-10-03 12:14:33.711064	Speaker	play	None
2016-10-03 12:14:33.810048	Speaker	stop	None
2016-10-03 12:14:33.811054	Trial	end	204
2016-10-03 12:14:33.813463	Trial	start	205
2016-10-03 12:14:33.816505	Speaker	play	None
2016-10-03 12:14:39.822201	Speaker	stop	None
2016-10-03 12:14:39.823071	Trial	end	205
2016-10-03 12:14:53.444268	Trial	start	206
2016-10-03 12:14:53.449967	Speaker	play	None
2016-10-03 12:14:59.456783	Speaker	stop	None
2016-10-03 12:14:59.457720	Trial	end	206
2016-10-03 12:15:00.656639	Trial	start	207
2016-10-03 12:15:00.659239	Speaker	play	None
2016-10-03 12:15:00.755178	Speaker	stop	None
2016-10-03 12:15:00.756396	Trial	end	207
2016-10-03 12:15:00.757538	Trial	start	208
2016-10-03 12:15:00.759875	Speaker	play	None
2016-10-03 12:15:09.712447	Speaker	stop	None
2016-10-03 12:15:09.714235	Trial	end	208
2016-10-03 12:15:13.930507	Trial	start	209
2016-10-03 12:15:13.933319	Speaker	play	None
2016-10-03 12:15:14.004443	Speaker	stop	None
2016-10-03 12:15:14.005412	Trial	end	209
2016-10-03 12:15:14.007276	Trial	start	210
2016-10-03 12:15:14.010302	Speaker	play	None
2016-10-03 12:15:20.016801	Speaker	stop	None
2016-10-03 12:15:20.017735	Trial	end	210
2016-10-03 12:15:25.259123	Trial	start	211
2016-10-03 12:15:25.262475	Speaker	play	None
2016-10-03 12:15:25.361586	Speaker	stop	None
2016-10-03 12:15:25.362879	Trial	end	211
2016-10-03 12:15:25.364133	Trial	start	212
2016-10-03 12:15:25.366644	Speaker	play	None
2016-10-03 12:15:31.374033	Speaker	stop	None
2016-10-03 12:15:31.374953	Trial	end	212
2016-10-03 12:15:36.030571	Trial	start	213
2016-10-03 12:15:36.033426	Speaker	play	None
2016-10-03 12:15:36.145507	Speaker	stop	None
2016-10-03 12:15:36.146487	Trial	end	213
2016-10-03 12:15:36.147719	Trial	start	214
2016-10-03 12:15:36.149702	Speaker	play	None
2016-10-03 12:15:42.153753	Speaker	stop	None
2016-10-03 12:15:42.155348	Trial	end	214
2016-10-03 12:16:08.582778	Trial	start	215
2016-10-03 12:16:08.585322	Speaker	play	None
2016-10-03 12:16:08.984317	Speaker	stop	None
2016-10-03 12:16:08.985245	Trial	end	215
2016-10-03 12:16:08.986973	Trial	start	216
2016-10-03 12:16:08.989026	Speaker	play	None
2016-10-03 12:16:14.996970	Speaker	stop	None
2016-10-03 12:16:14.998245	Trial	end	216
2016-10-03 12:16:23.790267	Trial	start	217
2016-10-03 12:16:23.793499	Speaker	play	None
2016-10-03 12:16:29.798667	Speaker	stop	None
2016-10-03 12:16:29.800407	Trial	end	217
2016-10-03 12:17:03.079736	Trial	start	218
2016-10-03 12:17:03.082494	Speaker	play	None
2016-10-03 12:17:03.153670	Speaker	stop	None
2016-10-03 12:17:03.154592	Trial	end	218
2016-10-03 12:17:03.155836	Trial	start	219
2016-10-03 12:17:03.158051	Speaker	play	None
2016-10-03 12:17:09.162142	Speaker	stop	None
2016-10-03 12:17:09.163188	Trial	end	219
2016-10-03 12:17:17.103260	Trial	start	220
2016-10-03 12:17:17.105768	Speaker	play	None
2016-10-03 12:17:17.189363	Speaker	stop	None
2016-10-03 12:17:17.190246	Trial	end	220
2016-10-03 12:17:17.191935	Trial	start	221
2016-10-03 12:17:17.194825	Speaker	play	None
2016-10-03 12:17:17.578524	Speaker	stop	None
2016-10-03 12:17:17.579441	Trial	end	221
2016-10-03 12:17:17.580654	Trial	start	222
2016-10-03 12:17:17.583055	Speaker	play	None
2016-10-03 12:17:23.586761	Speaker	stop	None
2016-10-03 12:17:23.587882	Hopper	up	None
2016-10-03 12:17:35.591292	Hopper	down	None
2016-10-03 12:17:35.894168	Trial	end	222
2016-10-03 12:17:52.891336	Trial	start	223
2016-10-03 12:17:52.893980	Speaker	play	None
2016-10-03 12:18:04.121920	Speaker	stop	None
2016-10-03 12:18:04.123734	Trial	end	223
2016-10-03 12:18:14.020937	Trial	start	224
2016-10-03 12:18:14.023767	Speaker	play	None
2016-10-03 12:18:14.094919	Speaker	stop	None
2016-10-03 12:18:14.095884	Trial	end	224
2016-10-03 12:18:14.097178	Trial	start	225
2016-10-03 12:18:14.100444	Speaker	play	None
2016-10-03 12:18:23.052060	Speaker	stop	None
2016-10-03 12:18:23.053070	Trial	end	225
2016-10-03 12:18:38.070795	Trial	start	226
2016-10-03 12:18:38.073410	Speaker	play	None
2016-10-03 12:18:38.152785	Speaker	stop	None
2016-10-03 12:18:38.153877	Trial	end	226
2016-10-03 12:18:38.155146	Trial	start	227
2016-10-03 12:18:38.157161	Speaker	play	None
2016-10-03 12:18:38.566413	Speaker	stop	None
2016-10-03 12:18:38.567169	Trial	end	227
2016-10-03 12:18:38.568538	Trial	start	228
2016-10-03 12:18:38.570794	Speaker	play	None
2016-10-03 12:18:44.575068	Speaker	stop	None
2016-10-03 12:18:44.576146	Trial	end	228
2016-10-03 12:19:23.270797	Trial	start	229
2016-10-03 12:19:23.273525	Speaker	play	None
2016-10-03 12:19:23.377391	Speaker	stop	None
2016-10-03 12:19:23.378283	Trial	end	229
2016-10-03 12:19:23.379552	Trial	start	230
2016-10-03 12:19:23.381666	Speaker	play	None
2016-10-03 12:19:23.770562	Speaker	stop	None
2016-10-03 12:19:23.771407	Trial	end	230
2016-10-03 12:19:23.772572	Trial	start	231
2016-10-03 12:19:23.782083	Speaker	play	None
2016-10-03 12:19:23.827928	Speaker	stop	None
2016-10-03 12:19:23.828910	Trial	end	231
2016-10-03 12:19:23.830385	Trial	start	232
2016-10-03 12:19:23.832777	Speaker	play	None
2016-10-03 12:19:29.836304	Speaker	stop	None
2016-10-03 12:19:29.837901	Hopper	up	None
2016-10-03 12:19:41.840830	Hopper	down	None
2016-10-03 12:19:42.143664	Trial	end	232
2016-10-03 12:20:00.943069	Trial	start	233
2016-10-03 12:20:00.947058	Speaker	play	None
2016-10-03 12:20:06.951605	Speaker	stop	None
2016-10-03 12:20:06.952499	Trial	end	233
2016-10-03 12:20:14.180539	Trial	start	234
2016-10-03 12:20:14.183106	Speaker	play	None
2016-10-03 12:20:15.053182	Speaker	stop	None
2016-10-03 12:20:15.054176	Trial	end	234
2016-10-03 12:20:15.055621	Trial	start	235
2016-10-03 12:20:15.058076	Speaker	play	None
2016-10-03 12:20:15.359998	Speaker	stop	None
2016-10-03 12:20:15.360884	Trial	end	235
2016-10-03 12:20:15.362097	Trial	start	236
2016-10-03 12:20:15.364478	Speaker	play	None
2016-10-03 12:20:21.368510	Speaker	stop	None
2016-10-03 12:20:21.371998	Trial	end	236
2016-10-03 12:20:25.275800	Trial	start	237
2016-10-03 12:20:25.278484	Speaker	play	None
2016-10-03 12:20:31.284139	Speaker	stop	None
2016-10-03 12:20:31.284901	Trial	end	237
2016-10-03 12:21:30.356458	Trial	start	238
2016-10-03 12:21:30.359027	Speaker	play	None
2016-10-03 12:21:30.442602	Speaker	stop	None
2016-10-03 12:21:30.443877	Trial	end	238
2016-10-03 12:21:30.445151	Trial	start	239
2016-10-03 12:21:30.447374	Speaker	play	None
2016-10-03 12:21:36.451368	Speaker	stop	None
2016-10-03 12:21:36.452845	Hopper	up	None
2016-10-03 12:21:48.455728	Hopper	down	None
2016-10-03 12:21:48.758589	Trial	end	239
2016-10-03 12:22:43.526581	Trial	start	240
2016-10-03 12:22:43.528633	Speaker	play	None
2016-10-03 12:22:44.034752	Speaker	stop	None
2016-10-03 12:22:44.035673	Trial	end	240
2016-10-03 12:22:44.037349	Trial	start	241
2016-10-03 12:22:44.041308	Speaker	play	None
2016-10-03 12:22:44.129215	Speaker	stop	None
2016-10-03 12:22:44.130385	Trial	end	241
2016-10-03 12:22:44.131797	Trial	start	242
2016-10-03 12:22:44.134051	Speaker	play	None
2016-10-03 12:22:50.137318	Speaker	stop	None
2016-10-03 12:22:50.138234	Trial	end	242
2016-10-03 12:23:10.030138	Trial	start	243
2016-10-03 12:23:10.033474	Speaker	play	None
2016-10-03 12:23:15.092640	Speaker	play	None
2016-10-03 12:23:15.093542	Trial	end	243
2016-10-03 12:23:15.094763	Trial	start	244
2016-10-03 12:23:15.098343	Speaker	play	None
2016-10-03 12:23:24.050021	Speaker	stop	None
2016-10-03 12:23:24.051559	Trial	end	244
2016-10-03 12:23:36.431260	Trial	start	245
2016-10-03 12:23:36.433812	Speaker	play	None
2016-10-03 12:23:42.439809	Speaker	stop	None
2016-10-03 12:23:42.440739	Trial	end	245
2016-10-03 16:24:38.327153	PeckPort	off	None
2016-10-03 16:24:38.327606	HouseLight	on	None
2016-10-03 16:24:38.328181	Hopper	down	None
