2017-05-16 09:43:05.319581	PeckPort	off	None
2017-05-16 09:43:05.319958	HouseLight	on	None
2017-05-16 09:43:05.320340	Hopper	down	None
2017-05-16 09:43:05.624121	Hopper	down	None
2017-05-16 09:43:05.926921	HouseLight	on	None
2017-05-16 09:43:05.927108	PeckPort	on	None
2017-05-16 10:05:48.842973	Trial	start	1
2017-05-16 10:05:48.846112	Speaker	play	None
2017-05-16 10:05:50.809004	Speaker	stop	None
2017-05-16 10:05:50.809677	Trial	end	1
2017-05-16 10:05:50.810434	Trial	start	2
2017-05-16 10:05:50.812474	Speaker	play	None
2017-05-16 10:05:56.817523	Speaker	stop	None
2017-05-16 10:05:56.821702	Trial	end	2
2017-05-16 10:06:08.072392	Trial	start	3
2017-05-16 10:06:08.077261	Speaker	play	None
2017-05-16 10:06:11.193293	Speaker	stop	None
2017-05-16 10:06:11.193857	Trial	end	3
2017-05-16 10:06:11.194481	Trial	start	4
2017-05-16 10:06:11.196304	Speaker	play	None
2017-05-16 10:06:17.201657	Speaker	stop	None
2017-05-16 10:06:17.202552	Hopper	up	None
2017-05-16 10:06:29.206097	Hopper	down	None
2017-05-16 10:06:29.509203	Trial	end	4
2017-05-16 10:06:33.351002	Trial	start	5
2017-05-16 10:06:33.353038	Speaker	play	None
2017-05-16 10:06:37.934388	Speaker	stop	None
2017-05-16 10:06:37.935447	Trial	end	5
2017-05-16 10:06:37.936756	Trial	start	6
2017-05-16 10:06:37.940663	Speaker	play	None
2017-05-16 10:06:39.379875	Speaker	stop	None
2017-05-16 10:06:39.380414	Trial	end	6
2017-05-16 10:06:39.381091	Trial	start	7
2017-05-16 10:06:39.383174	Speaker	play	None
2017-05-16 10:06:45.388257	Speaker	stop	None
2017-05-16 10:06:45.388817	Trial	end	7
2017-05-16 10:07:01.435233	Trial	start	8
2017-05-16 10:07:01.437374	Speaker	play	None
2017-05-16 10:07:07.443668	Speaker	stop	None
2017-05-16 10:07:07.444950	Hopper	up	None
2017-05-16 10:07:19.448193	Hopper	down	None
2017-05-16 10:07:19.751223	Trial	end	8
2017-05-16 10:07:23.781390	Trial	start	9
2017-05-16 10:07:23.787146	Speaker	play	None
2017-05-16 10:07:29.793893	Speaker	stop	None
2017-05-16 10:07:29.794776	Hopper	up	None
2017-05-16 10:07:41.798437	Hopper	down	None
2017-05-16 10:07:42.101398	Trial	end	9
2017-05-16 10:07:49.498417	Trial	start	10
2017-05-16 10:07:49.503146	Speaker	play	None
2017-05-16 10:07:50.362619	Speaker	stop	None
2017-05-16 10:07:50.363212	Trial	end	10
2017-05-16 10:07:50.363774	Trial	start	11
2017-05-16 10:07:50.365684	Speaker	play	None
2017-05-16 10:07:56.370925	Speaker	stop	None
2017-05-16 10:07:56.371780	Hopper	up	None
2017-05-16 10:08:08.375328	Hopper	down	None
2017-05-16 10:08:08.678438	Trial	end	11
2017-05-16 10:08:14.502560	Trial	start	12
2017-05-16 10:08:14.504677	Speaker	play	None
2017-05-16 10:08:20.506915	Speaker	stop	None
2017-05-16 10:08:20.507490	Trial	end	12
2017-05-16 10:08:21.440808	Trial	start	13
2017-05-16 10:08:21.442892	Speaker	play	None
2017-05-16 10:08:26.929055	Speaker	stop	None
2017-05-16 10:08:26.929896	Trial	end	13
2017-05-16 10:08:26.930581	Trial	start	14
2017-05-16 10:08:26.932525	Speaker	play	None
2017-05-16 10:08:32.830881	Speaker	stop	None
2017-05-16 10:08:32.831455	Trial	end	14
2017-05-16 10:08:32.832071	Trial	start	15
2017-05-16 10:08:32.833902	Speaker	play	None
2017-05-16 10:08:38.839390	Speaker	stop	None
2017-05-16 10:08:38.840154	Trial	end	15
2017-05-16 10:08:43.418220	Trial	start	16
2017-05-16 10:08:43.420742	Speaker	play	None
2017-05-16 10:08:46.481928	Speaker	stop	None
2017-05-16 10:08:46.482529	Trial	end	16
2017-05-16 10:08:46.483182	Trial	start	17
2017-05-16 10:08:46.485216	Speaker	play	None
2017-05-16 10:08:52.490441	Speaker	stop	None
2017-05-16 10:08:52.491526	Trial	end	17
2017-05-16 10:08:58.658375	Trial	start	18
2017-05-16 10:08:58.661489	Speaker	play	None
2017-05-16 10:09:04.666800	Speaker	stop	None
2017-05-16 10:09:04.667331	Trial	end	18
2017-05-16 10:09:10.073126	Trial	start	19
2017-05-16 10:09:10.076251	Speaker	play	None
2017-05-16 10:09:16.081494	Speaker	stop	None
2017-05-16 10:09:16.082021	Trial	end	19
2017-05-16 10:09:21.950644	Trial	start	20
2017-05-16 10:09:21.953531	Speaker	play	None
2017-05-16 10:09:27.959057	Speaker	stop	None
2017-05-16 10:09:27.959639	Trial	end	20
2017-05-16 10:09:31.948224	Trial	start	21
2017-05-16 10:09:31.950326	Speaker	play	None
2017-05-16 10:09:37.952990	Speaker	stop	None
2017-05-16 10:09:37.954255	Trial	end	21
2017-05-16 10:09:41.114406	Trial	start	22
2017-05-16 10:09:41.116449	Speaker	play	None
2017-05-16 10:09:46.774840	Speaker	stop	None
2017-05-16 10:09:46.775463	Trial	end	22
2017-05-16 10:09:46.776125	Trial	start	23
2017-05-16 10:09:46.778213	Speaker	play	None
2017-05-16 10:09:52.783145	Speaker	stop	None
2017-05-16 10:09:52.783992	Hopper	up	None
2017-05-16 10:10:04.787631	Hopper	down	None
2017-05-16 10:10:05.090695	Trial	end	23
2017-05-16 10:10:14.281495	Trial	start	24
2017-05-16 10:10:14.283760	Speaker	play	None
2017-05-16 10:10:15.661725	Speaker	stop	None
2017-05-16 10:10:15.662258	Trial	end	24
2017-05-16 10:10:15.663030	Trial	start	25
2017-05-16 10:10:15.664977	Speaker	play	None
2017-05-16 10:10:21.670161	Speaker	stop	None
2017-05-16 10:10:21.670772	Trial	end	25
2017-05-16 10:10:24.643656	Trial	start	26
2017-05-16 10:10:24.646371	Speaker	play	None
2017-05-16 10:10:30.652053	Speaker	stop	None
2017-05-16 10:10:30.652656	Trial	end	26
2017-05-16 10:10:33.084808	Trial	start	27
2017-05-16 10:10:33.086877	Speaker	play	None
2017-05-16 10:10:39.093309	Speaker	stop	None
2017-05-16 10:10:39.093928	Trial	end	27
2017-05-16 10:10:43.643656	Trial	start	28
2017-05-16 10:10:43.647652	Speaker	play	None
2017-05-16 10:10:49.652124	Speaker	stop	None
2017-05-16 10:10:49.653377	Hopper	up	None
2017-05-16 10:11:01.656449	Hopper	down	None
2017-05-16 10:11:01.959526	Trial	end	28
2017-05-16 10:11:04.695502	Trial	start	29
2017-05-16 10:11:04.697721	Speaker	play	None
2017-05-16 10:11:10.703936	Speaker	stop	None
2017-05-16 10:11:10.704481	Trial	end	29
2017-05-16 10:11:14.492421	Trial	start	30
2017-05-16 10:11:14.494522	Speaker	play	None
2017-05-16 10:11:20.500904	Speaker	stop	None
2017-05-16 10:11:20.502159	Hopper	up	None
2017-05-16 10:11:32.505342	Hopper	down	None
2017-05-16 10:11:32.808364	Trial	end	30
2017-05-16 10:12:28.121030	Trial	start	31
2017-05-16 10:12:28.126731	Speaker	play	None
2017-05-16 10:12:34.133440	Speaker	stop	None
2017-05-16 10:12:34.133933	Trial	end	31
2017-05-16 10:12:39.375957	Trial	start	32
2017-05-16 10:12:39.387849	Speaker	play	None
2017-05-16 10:12:45.392596	Speaker	stop	None
2017-05-16 10:12:45.393519	Hopper	up	None
2017-05-16 10:12:57.397016	Hopper	down	None
2017-05-16 10:12:57.700090	Trial	end	32
2017-05-16 10:13:01.177347	Trial	start	33
2017-05-16 10:13:01.179445	Speaker	play	None
2017-05-16 10:13:01.796825	Speaker	stop	None
2017-05-16 10:13:01.798147	Trial	end	33
2017-05-16 10:13:01.800938	Trial	start	34
2017-05-16 10:13:01.804980	Speaker	play	None
2017-05-16 10:13:07.812490	Speaker	stop	None
2017-05-16 10:13:07.813911	Hopper	up	None
2017-05-16 10:13:19.816947	Hopper	down	None
2017-05-16 10:13:20.119956	Trial	end	34
2017-05-16 10:13:21.201333	Trial	start	35
2017-05-16 10:13:21.204445	Speaker	play	None
2017-05-16 10:13:22.507822	Speaker	stop	None
2017-05-16 10:13:22.508389	Trial	end	35
2017-05-16 10:13:22.509085	Trial	start	36
2017-05-16 10:13:22.510996	Speaker	play	None
2017-05-16 10:13:26.099817	Speaker	stop	None
2017-05-16 10:13:26.100598	Trial	end	36
2017-05-16 10:13:26.101567	Trial	start	37
2017-05-16 10:13:26.103870	Speaker	play	None
2017-05-16 10:13:32.108160	Speaker	stop	None
2017-05-16 10:13:32.108694	Trial	end	37
2017-05-16 10:13:38.603896	Trial	start	38
2017-05-16 10:13:38.605878	Speaker	play	None
2017-05-16 10:13:44.608330	Speaker	stop	None
2017-05-16 10:13:44.609251	Hopper	up	None
2017-05-16 10:13:56.612711	Hopper	down	None
2017-05-16 10:13:56.915939	Trial	end	38
2017-05-16 10:15:14.304268	Trial	start	39
2017-05-16 10:15:14.308992	Speaker	play	None
2017-05-16 10:15:20.312621	Speaker	stop	None
2017-05-16 10:15:20.313530	Hopper	up	None
2017-05-16 10:15:32.317167	Hopper	down	None
2017-05-16 10:15:32.620239	Trial	end	39
2017-05-16 10:15:33.984067	Trial	start	40
2017-05-16 10:15:33.986951	Speaker	play	None
2017-05-16 10:15:39.992628	Speaker	stop	None
2017-05-16 10:15:39.994346	Hopper	up	None
2017-05-16 10:15:51.997121	Hopper	down	None
2017-05-16 10:15:52.300055	Trial	end	40
2017-05-16 10:16:40.506529	Trial	start	41
2017-05-16 10:16:40.509399	Speaker	play	None
2017-05-16 10:16:43.176993	Speaker	stop	None
2017-05-16 10:16:43.177542	Trial	end	41
2017-05-16 10:16:43.178109	Trial	start	42
2017-05-16 10:16:43.180008	Speaker	play	None
2017-05-16 10:16:49.185556	Speaker	stop	None
2017-05-16 10:16:49.187797	Hopper	up	None
2017-05-16 10:17:01.189825	Hopper	down	None
2017-05-16 10:17:01.492929	Trial	end	42
2017-05-16 10:17:38.739248	Trial	start	43
2017-05-16 10:17:38.741495	Speaker	play	None
2017-05-16 10:17:39.648682	Speaker	stop	None
2017-05-16 10:17:39.649412	Trial	end	43
2017-05-16 10:17:39.650179	Trial	start	44
2017-05-16 10:17:39.652211	Speaker	play	None
2017-05-16 10:17:45.657070	Speaker	stop	None
2017-05-16 10:17:45.658103	Trial	end	44
2017-05-16 10:18:08.252951	Trial	start	45
2017-05-16 10:18:08.254939	Speaker	play	None
2017-05-16 10:18:14.257347	Speaker	stop	None
2017-05-16 10:18:14.258369	Hopper	up	None
2017-05-16 10:18:26.261837	Hopper	down	None
2017-05-16 10:18:26.564890	Trial	end	45
2017-05-16 10:18:51.573240	Trial	start	46
2017-05-16 10:18:51.576292	Speaker	play	None
2017-05-16 10:18:52.499059	Speaker	stop	None
2017-05-16 10:18:52.499875	Trial	end	46
2017-05-16 10:18:52.500711	Trial	start	47
2017-05-16 10:18:52.503014	Speaker	play	None
2017-05-16 10:18:58.507317	Speaker	stop	None
2017-05-16 10:18:58.508235	Hopper	up	None
2017-05-16 10:19:10.511784	Hopper	down	None
2017-05-16 10:19:10.814880	Trial	end	47
2017-05-16 10:20:57.504024	Trial	start	48
2017-05-16 10:20:57.506149	Speaker	play	None
2017-05-16 10:21:03.512478	Speaker	stop	None
2017-05-16 10:21:03.513255	Trial	end	48
2017-05-16 10:21:04.339706	Trial	start	49
2017-05-16 10:21:04.341683	Speaker	play	None
2017-05-16 10:21:10.348165	Speaker	stop	None
2017-05-16 10:21:10.348743	Trial	end	49
2017-05-16 10:21:14.865687	Trial	start	50
2017-05-16 10:21:14.867505	Speaker	play	None
2017-05-16 10:21:17.740949	Speaker	stop	None
2017-05-16 10:21:17.742671	Trial	end	50
2017-05-16 10:21:17.743261	Trial	start	51
2017-05-16 10:21:17.745304	Speaker	play	None
2017-05-16 10:21:23.753406	Speaker	stop	None
2017-05-16 10:21:23.753951	Trial	end	51
2017-05-16 10:21:28.459290	Trial	start	52
2017-05-16 10:21:28.461754	Speaker	play	None
2017-05-16 10:21:34.467786	Speaker	stop	None
2017-05-16 10:21:34.468558	Hopper	up	None
2017-05-16 10:21:46.472287	Hopper	down	None
2017-05-16 10:21:46.775282	Trial	end	52
2017-05-16 10:22:10.395354	Trial	start	53
2017-05-16 10:22:10.397399	Speaker	play	None
2017-05-16 10:22:15.985977	Speaker	stop	None
2017-05-16 10:22:15.986585	Trial	end	53
2017-05-16 10:22:15.987253	Trial	start	54
2017-05-16 10:22:15.989640	Speaker	play	None
2017-05-16 10:22:21.994356	Speaker	stop	None
2017-05-16 10:22:21.994968	Trial	end	54
2017-05-16 10:22:27.101636	Trial	start	55
2017-05-16 10:22:27.103613	Speaker	play	None
2017-05-16 10:22:28.154381	Speaker	stop	None
2017-05-16 10:22:28.154965	Trial	end	55
2017-05-16 10:22:28.155688	Trial	start	56
2017-05-16 10:22:28.157678	Speaker	play	None
2017-05-16 10:22:34.162855	Speaker	stop	None
2017-05-16 10:22:34.163775	Trial	end	56
2017-05-16 10:22:40.609361	Trial	start	57
2017-05-16 10:22:40.613531	Speaker	play	None
2017-05-16 10:22:43.255380	Speaker	stop	None
2017-05-16 10:22:43.256294	Trial	end	57
2017-05-16 10:22:43.257261	Trial	start	58
2017-05-16 10:22:43.259501	Speaker	play	None
2017-05-16 10:22:49.263655	Speaker	stop	None
2017-05-16 10:22:49.264533	Hopper	up	None
2017-05-16 10:23:01.268096	Hopper	down	None
2017-05-16 10:23:01.571165	Trial	end	58
2017-05-16 10:24:06.946846	Trial	start	59
2017-05-16 10:24:06.950037	Speaker	play	None
2017-05-16 10:24:12.955447	Speaker	stop	None
2017-05-16 10:24:12.956487	Trial	end	59
2017-05-16 10:25:14.648916	Trial	start	60
2017-05-16 10:25:14.650964	Speaker	play	None
2017-05-16 10:25:15.775328	Speaker	stop	None
2017-05-16 10:25:15.776219	Trial	end	60
2017-05-16 10:25:15.776933	Trial	start	61
2017-05-16 10:25:15.778757	Speaker	play	None
2017-05-16 10:25:21.784048	Speaker	stop	None
2017-05-16 10:25:21.785488	Trial	end	61
2017-05-16 10:25:47.123758	Trial	start	62
2017-05-16 10:25:47.125701	Speaker	play	None
2017-05-16 10:25:53.128178	Speaker	stop	None
2017-05-16 10:25:53.128723	Trial	end	62
2017-05-16 10:25:54.803251	Trial	start	63
2017-05-16 10:25:54.805389	Speaker	play	None
2017-05-16 10:26:00.807815	Speaker	stop	None
2017-05-16 10:26:00.809167	Trial	end	63
2017-05-16 10:26:54.727559	Trial	start	64
2017-05-16 10:26:54.731122	Speaker	play	None
2017-05-16 10:26:55.493464	Speaker	stop	None
2017-05-16 10:26:55.494018	Trial	end	64
2017-05-16 10:26:55.494656	Trial	start	65
2017-05-16 10:26:55.496526	Speaker	play	None
2017-05-16 10:26:55.845979	Speaker	stop	None
2017-05-16 10:26:55.846883	Trial	end	65
2017-05-16 10:26:55.847807	Trial	start	66
2017-05-16 10:26:55.850481	Speaker	play	None
2017-05-16 10:26:57.169015	Speaker	stop	None
2017-05-16 10:26:57.170549	Trial	end	66
2017-05-16 10:26:57.172083	Trial	start	67
2017-05-16 10:26:57.176950	Speaker	play	None
2017-05-16 10:26:59.015999	Speaker	stop	None
2017-05-16 10:26:59.017188	Trial	end	67
2017-05-16 10:26:59.018476	Trial	start	68
2017-05-16 10:26:59.021870	Speaker	play	None
2017-05-16 10:27:05.028305	Speaker	stop	None
2017-05-16 10:27:05.028898	Trial	end	68
2017-05-16 10:27:22.336735	Trial	start	69
2017-05-16 10:27:22.338737	Speaker	play	None
2017-05-16 10:27:28.345227	Speaker	stop	None
2017-05-16 10:27:28.345762	Trial	end	69
2017-05-16 10:27:38.576212	Trial	start	70
2017-05-16 10:27:38.578214	Speaker	play	None
2017-05-16 10:27:44.580690	Speaker	stop	None
2017-05-16 10:27:44.582080	Hopper	up	None
2017-05-16 10:27:56.585060	Hopper	down	None
2017-05-16 10:27:56.888058	Trial	end	70
2017-05-16 10:32:17.158104	Trial	start	71
2017-05-16 10:32:17.161799	Speaker	play	None
2017-05-16 10:32:23.166643	Speaker	stop	None
2017-05-16 10:32:23.167246	Trial	end	71
2017-05-16 10:33:00.519339	Trial	start	72
2017-05-16 10:33:00.521829	Speaker	play	None
2017-05-16 10:33:01.723553	Speaker	stop	None
2017-05-16 10:33:01.724108	Trial	end	72
2017-05-16 10:33:01.724876	Trial	start	73
2017-05-16 10:33:01.729133	Speaker	play	None
2017-05-16 10:33:07.731918	Speaker	stop	None
2017-05-16 10:33:07.732446	Trial	end	73
2017-05-16 10:33:14.825612	Trial	start	74
2017-05-16 10:33:14.827826	Speaker	play	None
2017-05-16 10:33:20.834135	Speaker	stop	None
2017-05-16 10:33:20.834735	Trial	end	74
2017-05-16 10:34:26.930583	Trial	start	75
2017-05-16 10:34:26.932556	Speaker	play	None
2017-05-16 10:34:32.939058	Speaker	stop	None
2017-05-16 10:34:32.939640	Trial	end	75
2017-05-16 10:38:48.957646	Trial	start	76
2017-05-16 10:38:48.959594	Speaker	play	None
2017-05-16 10:38:54.963528	Speaker	stop	None
2017-05-16 10:38:54.964434	Trial	end	76
2017-05-16 12:25:54.255465	Trial	start	77
2017-05-16 12:25:54.258080	Speaker	play	None
2017-05-16 12:25:55.152480	Speaker	stop	None
2017-05-16 12:25:55.153028	Trial	end	77
2017-05-16 12:25:55.153653	Trial	start	78
2017-05-16 12:25:55.155409	Speaker	play	None
2017-05-16 12:26:01.161059	Speaker	stop	None
2017-05-16 12:26:01.161896	Hopper	up	None
2017-05-16 12:26:13.165666	Hopper	down	None
2017-05-16 12:26:13.468919	Trial	end	78
2017-05-16 12:27:41.278487	Trial	start	79
2017-05-16 12:27:41.280444	Speaker	play	None
2017-05-16 12:27:47.283129	Speaker	stop	None
2017-05-16 12:27:47.283753	Trial	end	79
2017-05-16 12:27:50.055823	Trial	start	80
2017-05-16 12:27:50.058860	Speaker	play	None
2017-05-16 12:27:52.066967	Speaker	stop	None
2017-05-16 12:27:52.067575	Trial	end	80
2017-05-16 12:27:52.068206	Trial	start	81
2017-05-16 12:27:52.069974	Speaker	play	None
2017-05-16 12:27:56.576453	Speaker	stop	None
2017-05-16 12:27:56.577065	Trial	end	81
2017-05-16 12:27:56.577669	Trial	start	82
2017-05-16 12:27:56.579650	Speaker	play	None
2017-05-16 12:27:58.726705	Speaker	stop	None
2017-05-16 12:27:58.727261	Trial	end	82
2017-05-16 12:27:58.727902	Trial	start	83
2017-05-16 12:27:58.729875	Speaker	play	None
2017-05-16 12:28:04.735210	Speaker	stop	None
2017-05-16 12:28:04.735759	Trial	end	83
2017-05-16 12:28:10.858474	Trial	start	84
2017-05-16 12:28:10.862028	Speaker	play	None
2017-05-16 12:28:16.866976	Speaker	stop	None
2017-05-16 12:28:16.867600	Trial	end	84
2017-05-16 12:28:30.296945	Trial	start	85
2017-05-16 12:28:30.299030	Speaker	play	None
2017-05-16 12:28:31.620114	Speaker	stop	None
2017-05-16 12:28:31.621139	Trial	end	85
2017-05-16 12:28:31.622216	Trial	start	86
2017-05-16 12:28:31.625171	Speaker	play	None
2017-05-16 12:28:37.632675	Speaker	stop	None
2017-05-16 12:28:37.633266	Trial	end	86
2017-05-16 12:28:46.389381	Trial	start	87
2017-05-16 12:28:46.391337	Speaker	play	None
2017-05-16 12:28:52.393855	Speaker	stop	None
2017-05-16 12:28:52.394435	Trial	end	87
2017-05-16 12:28:56.911466	Trial	start	88
2017-05-16 12:28:56.913742	Speaker	play	None
2017-05-16 12:29:02.916010	Speaker	stop	None
2017-05-16 12:29:02.916644	Trial	end	88
2017-05-16 12:29:12.000337	Trial	start	89
2017-05-16 12:29:12.002190	Speaker	play	None
2017-05-16 12:29:18.004826	Speaker	stop	None
2017-05-16 12:29:18.005379	Trial	end	89
2017-05-16 12:29:24.123940	Trial	start	90
2017-05-16 12:29:24.128500	Speaker	play	None
2017-05-16 12:29:30.136601	Speaker	stop	None
2017-05-16 12:29:30.137226	Trial	end	90
2017-05-16 12:29:33.933340	Trial	start	91
2017-05-16 12:29:33.935359	Speaker	play	None
2017-05-16 12:29:35.113029	Speaker	stop	None
2017-05-16 12:29:35.113805	Trial	end	91
2017-05-16 12:29:35.114578	Trial	start	92
2017-05-16 12:29:35.116369	Speaker	play	None
2017-05-16 12:29:37.656571	Speaker	stop	None
2017-05-16 12:29:37.657326	Trial	end	92
2017-05-16 12:29:37.658295	Trial	start	93
2017-05-16 12:29:37.660116	Speaker	play	None
2017-05-16 12:29:43.664949	Speaker	stop	None
2017-05-16 12:29:43.665506	Trial	end	93
2017-05-16 12:30:06.609544	Trial	start	94
2017-05-16 12:30:06.611741	Speaker	play	None
2017-05-16 12:30:12.614095	Speaker	stop	None
2017-05-16 12:30:12.615316	Hopper	up	None
2017-05-16 12:30:24.618740	Hopper	down	None
2017-05-16 12:30:24.921868	Trial	end	94
2017-05-16 12:30:55.042272	Trial	start	95
2017-05-16 12:30:55.044368	Speaker	play	None
2017-05-16 12:31:01.046752	Speaker	stop	None
2017-05-16 12:31:01.047294	Trial	end	95
2017-05-16 12:31:08.959774	Trial	start	96
2017-05-16 12:31:08.962816	Speaker	play	None
2017-05-16 12:31:14.968386	Speaker	stop	None
2017-05-16 12:31:14.968976	Trial	end	96
2017-05-16 12:31:19.875072	Trial	start	97
2017-05-16 12:31:19.877073	Speaker	play	None
2017-05-16 12:31:25.879579	Speaker	stop	None
2017-05-16 12:31:25.880159	Trial	end	97
2017-05-16 12:31:29.655818	Trial	start	98
2017-05-16 12:31:29.657793	Speaker	play	None
2017-05-16 12:31:35.660304	Speaker	stop	None
2017-05-16 12:31:35.660894	Trial	end	98
2017-05-16 12:31:44.695596	Trial	start	99
2017-05-16 12:31:44.697559	Speaker	play	None
2017-05-16 12:31:50.700034	Speaker	stop	None
2017-05-16 12:31:50.700541	Trial	end	99
2017-05-16 12:32:20.586967	Trial	start	100
2017-05-16 12:32:20.588931	Speaker	play	None
2017-05-16 12:32:22.266343	Speaker	stop	None
2017-05-16 12:32:22.266842	Trial	end	100
2017-05-16 12:32:22.267734	Trial	start	101
2017-05-16 12:32:22.269614	Speaker	play	None
2017-05-16 12:32:28.274857	Speaker	stop	None
2017-05-16 12:32:28.275420	Trial	end	101
2017-05-16 12:32:31.010778	Trial	start	102
2017-05-16 12:32:31.012962	Speaker	play	None
2017-05-16 12:32:37.019390	Speaker	stop	None
2017-05-16 12:32:37.020408	Hopper	up	None
2017-05-16 12:32:49.024056	Hopper	down	None
2017-05-16 12:32:49.327158	Trial	end	102
2017-05-16 12:38:25.300444	Trial	start	103
2017-05-16 12:38:25.302483	Speaker	play	None
2017-05-16 12:38:31.308760	Speaker	stop	None
2017-05-16 12:38:31.309475	Trial	end	103
2017-05-16 12:39:22.622147	Trial	start	104
2017-05-16 12:39:22.624096	Speaker	play	None
2017-05-16 12:39:23.568320	Speaker	stop	None
2017-05-16 12:39:23.568933	Trial	end	104
2017-05-16 12:39:23.569506	Trial	start	105
2017-05-16 12:39:23.571440	Speaker	play	None
2017-05-16 12:39:24.743753	Speaker	stop	None
2017-05-16 12:39:24.744315	Trial	end	105
2017-05-16 12:39:24.745013	Trial	start	106
2017-05-16 12:39:24.747139	Speaker	play	None
2017-05-16 12:39:30.752006	Speaker	stop	None
2017-05-16 12:39:30.752560	Trial	end	106
2017-05-16 12:39:43.092086	Trial	start	107
2017-05-16 12:39:43.095921	Speaker	play	None
2017-05-16 12:39:44.394425	Speaker	stop	None
2017-05-16 12:39:44.395023	Trial	end	107
2017-05-16 12:39:44.395623	Trial	start	108
2017-05-16 12:39:44.397549	Speaker	play	None
2017-05-16 12:39:50.402772	Speaker	stop	None
2017-05-16 12:39:50.403705	Hopper	up	None
2017-05-16 12:40:02.406821	Hopper	down	None
2017-05-16 12:40:02.709897	Trial	end	108
2017-05-16 12:40:49.191030	Trial	start	109
2017-05-16 12:40:49.193026	Speaker	play	None
2017-05-16 12:40:50.640995	Speaker	stop	None
2017-05-16 12:40:50.641503	Trial	end	109
2017-05-16 12:40:50.642540	Trial	start	110
2017-05-16 12:40:50.644634	Speaker	play	None
2017-05-16 12:40:56.649203	Speaker	stop	None
2017-05-16 12:40:56.649790	Trial	end	110
2017-05-16 12:41:00.818561	Trial	start	111
2017-05-16 12:41:00.820420	Speaker	play	None
2017-05-16 12:41:01.776937	Speaker	stop	None
2017-05-16 12:41:01.777524	Trial	end	111
2017-05-16 12:41:01.779732	Trial	start	112
2017-05-16 12:41:01.781710	Speaker	play	None
2017-05-16 12:41:07.785336	Speaker	stop	None
2017-05-16 12:41:07.786387	Trial	end	112
2017-05-16 12:41:11.569526	Trial	start	113
2017-05-16 12:41:11.571514	Speaker	play	None
2017-05-16 12:41:12.450150	Speaker	stop	None
2017-05-16 12:41:12.450698	Trial	end	113
2017-05-16 12:41:12.451710	Trial	start	114
2017-05-16 12:41:12.454402	Speaker	play	None
2017-05-16 12:41:18.458438	Speaker	stop	None
2017-05-16 12:41:18.459290	Hopper	up	None
2017-05-16 12:41:30.462663	Hopper	down	None
2017-05-16 12:41:30.765714	Trial	end	114
2017-05-16 12:41:48.581750	Trial	start	115
2017-05-16 12:41:48.583772	Speaker	play	None
2017-05-16 12:41:54.590051	Speaker	stop	None
2017-05-16 12:41:54.590858	Hopper	up	None
2017-05-16 12:42:06.594287	Hopper	down	None
2017-05-16 12:42:06.897438	Trial	end	115
2017-05-16 12:43:19.304387	Trial	start	116
2017-05-16 12:43:19.306369	Speaker	play	None
2017-05-16 12:43:25.308656	Speaker	stop	None
2017-05-16 12:43:25.309552	Hopper	up	None
2017-05-16 12:43:37.312910	Hopper	down	None
2017-05-16 12:43:37.616126	Trial	end	116
2017-05-16 12:44:50.588557	Trial	start	117
2017-05-16 12:44:50.590803	Speaker	play	None
2017-05-16 12:44:52.063111	Speaker	stop	None
2017-05-16 12:44:52.063855	Trial	end	117
2017-05-16 12:44:52.064574	Trial	start	118
2017-05-16 12:44:52.066370	Speaker	play	None
2017-05-16 12:44:58.071485	Speaker	stop	None
2017-05-16 12:44:58.072717	Hopper	up	None
2017-05-16 12:45:10.075716	Hopper	down	None
2017-05-16 12:45:10.378863	Trial	end	118
2017-05-16 12:46:05.047929	Trial	start	119
2017-05-16 12:46:05.050042	Speaker	play	None
2017-05-16 12:46:06.067778	Speaker	stop	None
2017-05-16 12:46:06.068288	Trial	end	119
2017-05-16 12:46:06.069049	Trial	start	120
2017-05-16 12:46:06.070916	Speaker	play	None
2017-05-16 12:46:12.076124	Speaker	stop	None
2017-05-16 12:46:12.076660	Trial	end	120
2017-05-16 12:46:41.917318	Trial	start	121
2017-05-16 12:46:41.920286	Speaker	play	None
2017-05-16 12:46:43.268936	Speaker	stop	None
2017-05-16 12:46:43.269531	Trial	end	121
2017-05-16 12:46:43.270199	Trial	start	122
2017-05-16 12:46:43.272249	Speaker	play	None
2017-05-16 12:46:49.277253	Speaker	stop	None
2017-05-16 12:46:49.278076	Hopper	up	None
2017-05-16 12:47:01.281656	Hopper	down	None
2017-05-16 12:47:01.584839	Trial	end	122
2017-05-16 12:48:01.594804	Trial	start	123
2017-05-16 12:48:01.596843	Speaker	play	None
2017-05-16 12:48:07.599283	Speaker	stop	None
2017-05-16 12:48:07.600160	Hopper	up	None
2017-05-16 12:48:19.603567	Hopper	down	None
2017-05-16 12:48:19.906675	Trial	end	123
2017-05-16 12:49:18.221301	Trial	start	124
2017-05-16 12:49:18.224317	Speaker	play	None
2017-05-16 12:49:20.330618	Speaker	stop	None
2017-05-16 12:49:20.331183	Trial	end	124
2017-05-16 12:49:20.331815	Trial	start	125
2017-05-16 12:49:20.333700	Speaker	play	None
2017-05-16 12:49:26.339210	Speaker	stop	None
2017-05-16 12:49:26.340478	Trial	end	125
2017-05-16 12:49:29.345376	Trial	start	126
2017-05-16 12:49:29.350797	Speaker	play	None
2017-05-16 12:49:35.357827	Speaker	stop	None
2017-05-16 12:49:35.358472	Trial	end	126
2017-05-16 12:49:41.624071	Trial	start	127
2017-05-16 12:49:41.626202	Speaker	play	None
2017-05-16 12:49:47.628635	Speaker	stop	None
2017-05-16 12:49:47.629367	Trial	end	127
2017-05-16 12:49:55.889487	Trial	start	128
2017-05-16 12:49:55.891559	Speaker	play	None
2017-05-16 12:49:57.630178	Speaker	stop	None
2017-05-16 12:49:57.630780	Trial	end	128
2017-05-16 12:49:57.631495	Trial	start	129
2017-05-16 12:49:57.633447	Speaker	play	None
2017-05-16 12:49:58.719656	Speaker	stop	None
2017-05-16 12:49:58.720273	Trial	end	129
2017-05-16 12:49:58.720869	Trial	start	130
2017-05-16 12:49:58.722835	Speaker	play	None
2017-05-16 12:50:04.728120	Speaker	stop	None
2017-05-16 12:50:04.728720	Trial	end	130
2017-05-16 12:50:16.982345	Trial	start	131
2017-05-16 12:50:16.984615	Speaker	play	None
2017-05-16 12:50:22.990874	Speaker	stop	None
2017-05-16 12:50:22.991450	Trial	end	131
2017-05-16 12:50:31.440222	Trial	start	132
2017-05-16 12:50:31.442333	Speaker	play	None
2017-05-16 12:50:32.566639	Speaker	stop	None
2017-05-16 12:50:32.567876	Trial	end	132
2017-05-16 12:50:32.568532	Trial	start	133
2017-05-16 12:50:32.570550	Speaker	play	None
2017-05-16 12:50:38.575076	Speaker	stop	None
2017-05-16 12:50:38.575886	Trial	end	133
2017-05-16 12:50:41.212577	Trial	start	134
2017-05-16 12:50:41.214701	Speaker	play	None
2017-05-16 12:50:42.347163	Speaker	stop	None
2017-05-16 12:50:42.347744	Trial	end	134
2017-05-16 12:50:42.348451	Trial	start	135
2017-05-16 12:50:42.350265	Speaker	play	None
2017-05-16 12:50:48.355636	Speaker	stop	None
2017-05-16 12:50:48.356269	Trial	end	135
2017-05-16 12:51:01.887750	Trial	start	136
2017-05-16 12:51:01.889784	Speaker	play	None
2017-05-16 12:51:07.896292	Speaker	stop	None
2017-05-16 12:51:07.896925	Trial	end	136
2017-05-16 12:51:08.023248	Trial	start	137
2017-05-16 12:51:08.026916	Speaker	play	None
2017-05-16 12:51:14.031557	Speaker	stop	None
2017-05-16 12:51:14.032184	Trial	end	137
2017-05-16 12:51:24.561765	Trial	start	138
2017-05-16 12:51:24.566148	Speaker	play	None
2017-05-16 12:51:25.761855	Speaker	stop	None
2017-05-16 12:51:25.762909	Trial	end	138
2017-05-16 12:51:25.764252	Trial	start	139
2017-05-16 12:51:25.769348	Speaker	play	None
2017-05-16 12:51:31.778253	Speaker	stop	None
2017-05-16 12:51:31.779075	Hopper	up	None
2017-05-16 12:51:43.782755	Hopper	down	None
2017-05-16 12:51:44.085889	Trial	end	139
2017-05-16 12:52:04.249086	Trial	start	140
2017-05-16 12:52:04.251082	Speaker	play	None
2017-05-16 12:52:05.748212	Speaker	stop	None
2017-05-16 12:52:05.749104	Trial	end	140
2017-05-16 12:52:05.750018	Trial	start	141
2017-05-16 12:52:05.752549	Speaker	play	None
2017-05-16 12:52:05.928471	Speaker	stop	None
2017-05-16 12:52:05.929534	Trial	end	141
2017-05-16 12:52:05.931198	Trial	start	142
2017-05-16 12:52:05.936361	Speaker	play	None
2017-05-16 12:52:11.945036	Speaker	stop	None
2017-05-16 12:52:11.946232	Hopper	up	None
2017-05-16 12:52:23.949517	Hopper	down	None
2017-05-16 12:52:24.252608	Trial	end	142
2017-05-16 12:53:21.879329	Trial	start	143
2017-05-16 12:53:21.881476	Speaker	play	None
2017-05-16 12:53:27.883787	Speaker	stop	None
2017-05-16 12:53:27.884516	Trial	end	143
2017-05-16 12:53:27.937023	Trial	start	144
2017-05-16 12:53:27.939011	Speaker	play	None
2017-05-16 12:53:33.945472	Speaker	stop	None
2017-05-16 12:53:33.946332	Hopper	up	None
2017-05-16 12:53:45.950178	Hopper	down	None
2017-05-16 12:53:46.252965	Trial	end	144
2017-05-16 12:57:14.643729	Trial	start	145
2017-05-16 12:57:14.646011	Speaker	play	None
2017-05-16 12:57:16.306744	Speaker	stop	None
2017-05-16 12:57:16.307672	Trial	end	145
2017-05-16 12:57:16.308393	Trial	start	146
2017-05-16 12:57:16.312037	Speaker	play	None
2017-05-16 12:57:22.319150	Speaker	stop	None
2017-05-16 12:57:22.319748	Trial	end	146
2017-05-16 12:57:26.009278	Trial	start	147
2017-05-16 12:57:26.011463	Speaker	play	None
2017-05-16 12:57:27.229997	Speaker	stop	None
2017-05-16 12:57:27.230522	Trial	end	147
2017-05-16 12:57:27.231322	Trial	start	148
2017-05-16 12:57:27.233381	Speaker	play	None
2017-05-16 12:57:33.238448	Speaker	stop	None
2017-05-16 12:57:33.239306	Trial	end	148
2017-05-16 12:57:35.204315	Trial	start	149
2017-05-16 12:57:35.208197	Speaker	play	None
2017-05-16 12:57:35.605772	Speaker	stop	None
2017-05-16 12:57:35.606376	Trial	end	149
2017-05-16 12:57:35.607084	Trial	start	150
2017-05-16 12:57:35.609158	Speaker	play	None
2017-05-16 12:57:41.614261	Speaker	stop	None
2017-05-16 12:57:41.615028	Trial	end	150
2017-05-16 12:58:05.426684	Trial	start	151
2017-05-16 12:58:05.430299	Speaker	play	None
2017-05-16 12:58:07.409055	Speaker	stop	None
2017-05-16 12:58:07.409688	Trial	end	151
2017-05-16 12:58:07.410266	Trial	start	152
2017-05-16 12:58:07.412176	Speaker	play	None
2017-05-16 12:58:08.572269	Speaker	stop	None
2017-05-16 12:58:08.572851	Trial	end	152
2017-05-16 12:58:08.573450	Trial	start	153
2017-05-16 12:58:08.575446	Speaker	play	None
2017-05-16 12:58:08.887661	Speaker	stop	None
2017-05-16 12:58:08.888241	Trial	end	153
2017-05-16 12:58:08.889069	Trial	start	154
2017-05-16 12:58:08.891069	Speaker	play	None
2017-05-16 12:58:11.566293	Speaker	stop	None
2017-05-16 12:58:11.566878	Trial	end	154
2017-05-16 12:58:11.567482	Trial	start	155
2017-05-16 12:58:11.569526	Speaker	play	None
2017-05-16 12:58:12.922115	Speaker	stop	None
2017-05-16 12:58:12.923007	Trial	end	155
2017-05-16 12:58:12.923811	Trial	start	156
2017-05-16 12:58:12.925986	Speaker	play	None
2017-05-16 12:58:18.930359	Speaker	stop	None
2017-05-16 12:58:18.931154	Hopper	up	None
2017-05-16 12:58:30.934872	Hopper	down	None
2017-05-16 12:58:31.238060	Trial	end	156
2017-05-16 12:58:56.709419	Trial	start	157
2017-05-16 12:58:56.712006	Speaker	play	None
2017-05-16 12:59:00.264520	Speaker	stop	None
2017-05-16 12:59:00.265098	Trial	end	157
2017-05-16 12:59:00.265792	Trial	start	158
2017-05-16 12:59:00.267640	Speaker	play	None
2017-05-16 12:59:03.328335	Speaker	stop	None
2017-05-16 12:59:03.329184	Trial	end	158
2017-05-16 12:59:03.330009	Trial	start	159
2017-05-16 12:59:03.332284	Speaker	play	None
2017-05-16 12:59:06.473685	Speaker	stop	None
2017-05-16 12:59:06.474246	Trial	end	159
2017-05-16 12:59:06.474871	Trial	start	160
2017-05-16 12:59:06.476808	Speaker	play	None
2017-05-16 12:59:07.870330	Speaker	stop	None
2017-05-16 12:59:07.870912	Trial	end	160
2017-05-16 12:59:07.871727	Trial	start	161
2017-05-16 12:59:07.874174	Speaker	play	None
2017-05-16 12:59:08.038220	Speaker	stop	None
2017-05-16 12:59:08.038715	Trial	end	161
2017-05-16 12:59:08.039374	Trial	start	162
2017-05-16 12:59:08.042243	Speaker	play	None
2017-05-16 12:59:09.991909	Speaker	stop	None
2017-05-16 12:59:09.992516	Trial	end	162
2017-05-16 12:59:09.993261	Trial	start	163
2017-05-16 12:59:09.996149	Speaker	play	None
2017-05-16 12:59:10.135294	Speaker	stop	None
2017-05-16 12:59:10.135885	Trial	end	163
2017-05-16 12:59:10.136620	Trial	start	164
2017-05-16 12:59:10.138661	Speaker	play	None
2017-05-16 12:59:16.143837	Speaker	stop	None
2017-05-16 12:59:16.144742	Trial	end	164
2017-05-16 12:59:18.457726	Trial	start	165
2017-05-16 12:59:18.460146	Speaker	play	None
2017-05-16 12:59:19.747984	Speaker	stop	None
2017-05-16 12:59:19.748545	Trial	end	165
2017-05-16 12:59:19.749388	Trial	start	166
2017-05-16 12:59:19.751103	Speaker	play	None
2017-05-16 12:59:22.270967	Speaker	stop	None
2017-05-16 12:59:22.271551	Trial	end	166
2017-05-16 12:59:22.272164	Trial	start	167
2017-05-16 12:59:22.274192	Speaker	play	None
2017-05-16 12:59:28.279373	Speaker	stop	None
2017-05-16 12:59:28.279974	Trial	end	167
2017-05-16 12:59:32.649432	Trial	start	168
2017-05-16 12:59:32.652076	Speaker	play	None
2017-05-16 12:59:33.734876	Speaker	stop	None
2017-05-16 12:59:33.735448	Trial	end	168
2017-05-16 12:59:33.736207	Trial	start	169
2017-05-16 12:59:33.739454	Speaker	play	None
2017-05-16 12:59:35.299521	Speaker	stop	None
2017-05-16 12:59:35.300078	Trial	end	169
2017-05-16 12:59:35.300886	Trial	start	170
2017-05-16 12:59:35.302895	Speaker	play	None
2017-05-16 12:59:35.528888	Speaker	stop	None
2017-05-16 12:59:35.529522	Trial	end	170
2017-05-16 12:59:35.530217	Trial	start	171
2017-05-16 12:59:35.532033	Speaker	play	None
2017-05-16 12:59:36.876354	Speaker	stop	None
2017-05-16 12:59:36.876964	Trial	end	171
2017-05-16 12:59:36.877554	Trial	start	172
2017-05-16 12:59:36.879436	Speaker	play	None
2017-05-16 12:59:37.048369	Speaker	stop	None
2017-05-16 12:59:37.049329	Trial	end	172
2017-05-16 12:59:37.050224	Trial	start	173
2017-05-16 12:59:37.052181	Speaker	play	None
2017-05-16 12:59:38.866896	Speaker	stop	None
2017-05-16 12:59:38.867488	Trial	end	173
2017-05-16 12:59:38.868050	Trial	start	174
2017-05-16 12:59:38.869916	Speaker	play	None
2017-05-16 12:59:40.091584	Speaker	stop	None
2017-05-16 12:59:40.092084	Trial	end	174
2017-05-16 12:59:40.092758	Trial	start	175
2017-05-16 12:59:40.094717	Speaker	play	None
2017-05-16 12:59:46.099930	Speaker	stop	None
2017-05-16 12:59:46.100491	Trial	end	175
2017-05-16 12:59:53.111839	Trial	start	176
2017-05-16 12:59:53.116341	Speaker	play	None
2017-05-16 12:59:59.120292	Speaker	stop	None
2017-05-16 12:59:59.123309	Hopper	up	None
2017-05-16 13:00:11.128936	Hopper	down	None
2017-05-16 13:00:11.432000	Trial	end	176
2017-05-16 13:00:38.717823	Trial	start	177
2017-05-16 13:00:38.719996	Speaker	play	None
2017-05-16 13:00:39.692696	Speaker	stop	None
2017-05-16 13:00:39.693749	Trial	end	177
2017-05-16 13:00:39.695329	Trial	start	178
2017-05-16 13:00:39.699684	Speaker	play	None
2017-05-16 13:00:40.901081	Speaker	stop	None
2017-05-16 13:00:40.901651	Trial	end	178
2017-05-16 13:00:40.902465	Trial	start	179
2017-05-16 13:00:40.904622	Speaker	play	None
2017-05-16 13:00:43.444709	Speaker	stop	None
2017-05-16 13:00:43.446150	Trial	end	179
2017-05-16 13:00:43.447781	Trial	start	180
2017-05-16 13:00:43.452835	Speaker	play	None
2017-05-16 13:00:44.779565	Speaker	stop	None
2017-05-16 13:00:44.780154	Trial	end	180
2017-05-16 13:00:44.780951	Trial	start	181
2017-05-16 13:00:44.783027	Speaker	play	None
2017-05-16 13:00:50.788062	Speaker	stop	None
2017-05-16 13:00:50.788922	Trial	end	181
2017-05-16 13:00:56.137020	Trial	start	182
2017-05-16 13:00:56.138925	Speaker	play	None
2017-05-16 13:00:56.362522	Speaker	stop	None
2017-05-16 13:00:56.363396	Trial	end	182
2017-05-16 13:00:56.364329	Trial	start	183
2017-05-16 13:00:56.368723	Speaker	play	None
2017-05-16 13:00:57.533757	Speaker	stop	None
2017-05-16 13:00:57.534367	Trial	end	183
2017-05-16 13:00:57.535148	Trial	start	184
2017-05-16 13:00:57.537201	Speaker	play	None
2017-05-16 13:01:03.542434	Speaker	stop	None
2017-05-16 13:01:03.544918	Trial	end	184
2017-05-16 13:01:06.462449	Trial	start	185
2017-05-16 13:01:06.465122	Speaker	play	None
2017-05-16 13:01:12.470914	Speaker	stop	None
2017-05-16 13:01:12.471743	Hopper	up	None
2017-05-16 13:01:24.475431	Hopper	down	None
2017-05-16 13:01:24.778488	Trial	end	185
2017-05-16 13:02:34.922197	Trial	start	186
2017-05-16 13:02:34.924717	Speaker	play	None
2017-05-16 13:02:36.077358	Speaker	stop	None
2017-05-16 13:02:36.077987	Trial	end	186
2017-05-16 13:02:36.078594	Trial	start	187
2017-05-16 13:02:36.080423	Speaker	play	None
2017-05-16 13:02:42.085736	Speaker	stop	None
2017-05-16 13:02:42.086348	Trial	end	187
2017-05-16 13:02:47.705235	Trial	start	188
2017-05-16 13:02:47.709108	Speaker	play	None
2017-05-16 13:02:53.717562	Speaker	stop	None
2017-05-16 13:02:53.718135	Trial	end	188
2017-05-16 13:03:13.454907	Trial	start	189
2017-05-16 13:03:13.457053	Speaker	play	None
2017-05-16 13:03:14.974531	Speaker	stop	None
2017-05-16 13:03:14.975090	Trial	end	189
2017-05-16 13:03:14.975780	Trial	start	190
2017-05-16 13:03:14.977815	Speaker	play	None
2017-05-16 13:03:15.470172	Speaker	stop	None
2017-05-16 13:03:15.470797	Trial	end	190
2017-05-16 13:03:15.471693	Trial	start	191
2017-05-16 13:03:15.474412	Speaker	play	None
2017-05-16 13:03:21.478551	Speaker	stop	None
2017-05-16 13:03:21.479174	Trial	end	191
2017-05-16 13:04:01.928047	Trial	start	192
2017-05-16 13:04:01.930172	Speaker	play	None
2017-05-16 13:04:04.049841	Speaker	stop	None
2017-05-16 13:04:04.050611	Trial	end	192
2017-05-16 13:04:04.051848	Trial	start	193
2017-05-16 13:04:04.054640	Speaker	play	None
2017-05-16 13:04:10.058199	Speaker	stop	None
2017-05-16 13:04:10.059071	Hopper	up	None
2017-05-16 13:04:22.062709	Hopper	down	None
2017-05-16 13:04:22.365806	Trial	end	193
2017-05-16 13:04:44.470667	Trial	start	194
2017-05-16 13:04:44.474693	Speaker	play	None
2017-05-16 13:04:50.479219	Speaker	stop	None
2017-05-16 13:04:50.480231	Trial	end	194
2017-05-16 13:05:05.678430	Trial	start	195
2017-05-16 13:05:05.683493	Speaker	play	None
2017-05-16 13:05:11.691011	Speaker	stop	None
2017-05-16 13:05:11.691532	Trial	end	195
2017-05-16 13:05:38.657264	Trial	start	196
2017-05-16 13:05:38.659110	Speaker	play	None
2017-05-16 13:05:42.089583	Speaker	stop	None
2017-05-16 13:05:42.090171	Trial	end	196
2017-05-16 13:05:42.090903	Trial	start	197
2017-05-16 13:05:42.092856	Speaker	play	None
2017-05-16 13:05:43.203625	Speaker	stop	None
2017-05-16 13:05:43.204240	Trial	end	197
2017-05-16 13:05:43.204951	Trial	start	198
2017-05-16 13:05:43.206984	Speaker	play	None
2017-05-16 13:05:49.212229	Speaker	stop	None
2017-05-16 13:05:49.213093	Trial	end	198
2017-05-16 13:05:58.370111	Trial	start	199
2017-05-16 13:05:58.372937	Speaker	play	None
2017-05-16 13:05:59.590757	Speaker	stop	None
2017-05-16 13:05:59.591316	Trial	end	199
2017-05-16 13:05:59.592055	Trial	start	200
2017-05-16 13:05:59.594286	Speaker	play	None
2017-05-16 13:06:01.020134	Speaker	stop	None
2017-05-16 13:06:01.020694	Trial	end	200
2017-05-16 13:06:01.021327	Trial	start	201
2017-05-16 13:06:01.023186	Speaker	play	None
2017-05-16 13:06:02.515050	Speaker	stop	None
2017-05-16 13:06:02.515625	Trial	end	201
2017-05-16 13:06:02.516202	Trial	start	202
2017-05-16 13:06:02.519754	Speaker	play	None
2017-05-16 13:06:08.527542	Speaker	stop	None
2017-05-16 13:06:08.528066	Trial	end	202
2017-05-16 13:06:37.197754	Trial	start	203
2017-05-16 13:06:37.200146	Speaker	play	None
2017-05-16 13:06:43.206223	Speaker	stop	None
2017-05-16 13:06:43.206786	Trial	end	203
2017-05-16 13:06:58.065674	Trial	start	204
2017-05-16 13:06:58.069081	Speaker	play	None
2017-05-16 13:06:59.179857	Speaker	stop	None
2017-05-16 13:06:59.180359	Trial	end	204
2017-05-16 13:06:59.181137	Trial	start	205
2017-05-16 13:06:59.183090	Speaker	play	None
2017-05-16 13:07:05.188354	Speaker	stop	None
2017-05-16 13:07:05.189842	Trial	end	205
2017-05-16 13:07:32.785218	Trial	start	206
2017-05-16 13:07:32.787653	Speaker	play	None
2017-05-16 13:07:34.218826	Speaker	stop	None
2017-05-16 13:07:34.219415	Trial	end	206
2017-05-16 13:07:34.220041	Trial	start	207
2017-05-16 13:07:34.221762	Speaker	play	None
2017-05-16 13:07:35.578614	Speaker	stop	None
2017-05-16 13:07:35.579335	Trial	end	207
2017-05-16 13:07:35.580092	Trial	start	208
2017-05-16 13:07:35.582196	Speaker	play	None
2017-05-16 13:07:36.393664	Speaker	stop	None
2017-05-16 13:07:36.394218	Trial	end	208
2017-05-16 13:07:36.395033	Trial	start	209
2017-05-16 13:07:36.397281	Speaker	play	None
2017-05-16 13:07:37.614246	Speaker	stop	None
2017-05-16 13:07:37.614786	Trial	end	209
2017-05-16 13:07:37.615506	Trial	start	210
2017-05-16 13:07:37.617229	Speaker	play	None
2017-05-16 13:07:41.910593	Speaker	stop	None
2017-05-16 13:07:41.911114	Trial	end	210
2017-05-16 13:07:41.911841	Trial	start	211
2017-05-16 13:07:41.913745	Speaker	play	None
2017-05-16 13:07:42.586397	Speaker	stop	None
2017-05-16 13:07:42.586959	Trial	end	211
2017-05-16 13:07:42.587596	Trial	start	212
2017-05-16 13:07:42.589524	Speaker	play	None
2017-05-16 13:07:48.594855	Speaker	stop	None
2017-05-16 13:07:48.595437	Trial	end	212
2017-05-16 13:07:53.272178	Trial	start	213
2017-05-16 13:07:53.274471	Speaker	play	None
2017-05-16 13:07:54.451787	Speaker	stop	None
2017-05-16 13:07:54.452311	Trial	end	213
2017-05-16 13:07:54.453306	Trial	start	214
2017-05-16 13:07:54.457138	Speaker	play	None
2017-05-16 13:07:55.107125	Speaker	stop	None
2017-05-16 13:07:55.107683	Trial	end	214
2017-05-16 13:07:55.108336	Trial	start	215
2017-05-16 13:07:55.110303	Speaker	play	None
2017-05-16 13:07:56.446459	Speaker	stop	None
2017-05-16 13:07:56.447044	Trial	end	215
2017-05-16 13:07:56.447738	Trial	start	216
2017-05-16 13:07:56.449666	Speaker	play	None
2017-05-16 13:08:02.454839	Speaker	stop	None
2017-05-16 13:08:02.455668	Hopper	up	None
2017-05-16 13:08:14.459452	Hopper	down	None
2017-05-16 13:08:14.762863	Trial	end	216
2017-05-16 13:09:24.734307	Trial	start	217
2017-05-16 13:09:24.736426	Speaker	play	None
2017-05-16 13:09:30.247242	Speaker	stop	None
2017-05-16 13:09:30.247804	Trial	end	217
2017-05-16 13:09:30.248386	Trial	start	218
2017-05-16 13:09:30.250293	Speaker	play	None
2017-05-16 13:09:36.255703	Speaker	stop	None
2017-05-16 13:09:36.256352	Trial	end	218
2017-05-16 13:09:54.907771	Trial	start	219
2017-05-16 13:09:54.909727	Speaker	play	None
2017-05-16 13:09:56.857390	Speaker	stop	None
2017-05-16 13:09:56.857996	Trial	end	219
2017-05-16 13:09:56.858710	Trial	start	220
2017-05-16 13:09:56.861114	Speaker	play	None
2017-05-16 13:10:00.314120	Speaker	stop	None
2017-05-16 13:10:00.314736	Trial	end	220
2017-05-16 13:10:00.315447	Trial	start	221
2017-05-16 13:10:00.317398	Speaker	play	None
2017-05-16 13:10:01.411866	Speaker	stop	None
2017-05-16 13:10:01.412522	Trial	end	221
2017-05-16 13:10:01.413280	Trial	start	222
2017-05-16 13:10:01.415688	Speaker	play	None
2017-05-16 13:10:01.669820	Speaker	stop	None
2017-05-16 13:10:01.670379	Trial	end	222
2017-05-16 13:10:01.671128	Trial	start	223
2017-05-16 13:10:01.673057	Speaker	play	None
2017-05-16 13:10:03.316368	Speaker	stop	None
2017-05-16 13:10:03.316907	Trial	end	223
2017-05-16 13:10:03.317648	Trial	start	224
2017-05-16 13:10:03.319468	Speaker	play	None
2017-05-16 13:10:09.324789	Speaker	stop	None
2017-05-16 13:10:09.325693	Hopper	up	None
2017-05-16 13:10:21.329293	Hopper	down	None
2017-05-16 13:10:21.632400	Trial	end	224
2017-05-16 13:34:05.920116	Trial	start	225
2017-05-16 13:34:05.922485	Speaker	play	None
2017-05-16 13:34:06.723069	Speaker	stop	None
2017-05-16 13:34:06.724059	Trial	end	225
2017-05-16 13:34:06.725214	Trial	start	226
2017-05-16 13:34:06.730361	Speaker	play	None
2017-05-16 13:34:07.341362	Speaker	stop	None
2017-05-16 13:34:07.342136	Trial	end	226
2017-05-16 13:34:07.342803	Trial	start	227
2017-05-16 13:34:07.345444	Speaker	play	None
2017-05-16 13:34:13.349947	Speaker	stop	None
2017-05-16 13:34:13.351639	Hopper	up	None
2017-05-16 13:34:25.354532	Hopper	down	None
2017-05-16 13:34:25.657560	Trial	end	227
2017-05-16 13:36:24.947254	Trial	start	228
2017-05-16 13:36:24.949212	Speaker	play	None
2017-05-16 13:36:26.852134	Speaker	stop	None
2017-05-16 13:36:26.853212	Trial	end	228
2017-05-16 13:36:26.854985	Trial	start	229
2017-05-16 13:36:26.859355	Speaker	play	None
2017-05-16 13:36:32.864533	Speaker	stop	None
2017-05-16 13:36:32.865689	Trial	end	229
2017-05-16 13:56:55.529520	Trial	start	230
2017-05-16 13:56:55.531647	Speaker	play	None
2017-05-16 13:57:01.537946	Speaker	stop	None
2017-05-16 13:57:01.538502	Trial	end	230
2017-05-16 13:57:08.779100	Trial	start	231
2017-05-16 13:57:08.781092	Speaker	play	None
2017-05-16 13:57:14.783519	Speaker	stop	None
2017-05-16 13:57:14.784117	Trial	end	231
2017-05-16 13:57:20.046375	Trial	start	232
2017-05-16 13:57:20.048973	Speaker	play	None
2017-05-16 13:57:21.586502	Speaker	stop	None
2017-05-16 13:57:21.587200	Trial	end	232
2017-05-16 13:57:21.587943	Trial	start	233
2017-05-16 13:57:21.590637	Speaker	play	None
2017-05-16 13:57:25.878776	Speaker	stop	None
2017-05-16 13:57:25.879427	Trial	end	233
2017-05-16 13:57:25.880558	Trial	start	234
2017-05-16 13:57:25.885139	Speaker	play	None
2017-05-16 13:57:31.891135	Speaker	stop	None
2017-05-16 13:57:31.891678	Trial	end	234
2017-05-16 13:57:42.802064	Trial	start	235
2017-05-16 13:57:42.804063	Speaker	play	None
2017-05-16 13:57:44.034996	Speaker	stop	None
2017-05-16 13:57:44.035622	Trial	end	235
2017-05-16 13:57:44.036271	Trial	start	236
2017-05-16 13:57:44.038149	Speaker	play	None
2017-05-16 13:57:50.043355	Speaker	stop	None
2017-05-16 13:57:50.044100	Trial	end	236
2017-05-16 13:57:51.640696	Trial	start	237
2017-05-16 13:57:51.644442	Speaker	play	None
2017-05-16 13:57:52.963582	Speaker	stop	None
2017-05-16 13:57:52.964137	Trial	end	237
2017-05-16 13:57:52.964948	Trial	start	238
2017-05-16 13:57:52.966704	Speaker	play	None
2017-05-16 13:57:54.335729	Speaker	stop	None
2017-05-16 13:57:54.336336	Trial	end	238
2017-05-16 13:57:54.337078	Trial	start	239
2017-05-16 13:57:54.339510	Speaker	play	None
2017-05-16 13:58:00.344034	Speaker	stop	None
2017-05-16 13:58:00.344898	Hopper	up	None
2017-05-16 13:58:12.348531	Hopper	down	None
2017-05-16 13:58:12.651532	Trial	end	239
2017-05-16 14:01:25.080347	Trial	start	240
2017-05-16 14:01:25.082887	Speaker	play	None
2017-05-16 14:01:26.071745	Speaker	stop	None
2017-05-16 14:01:26.072967	Trial	end	240
2017-05-16 14:01:26.074401	Trial	start	241
2017-05-16 14:01:26.078285	Speaker	play	None
2017-05-16 14:01:32.084059	Speaker	stop	None
2017-05-16 14:01:32.084934	Hopper	up	None
2017-05-16 14:01:44.088614	Hopper	down	None
2017-05-16 14:01:44.391647	Trial	end	241
2017-05-16 14:03:00.047821	Trial	start	242
2017-05-16 14:03:00.051371	Speaker	play	None
2017-05-16 14:03:06.056274	Speaker	stop	None
2017-05-16 14:03:06.056877	Trial	end	242
2017-05-16 14:03:29.778611	Trial	start	243
2017-05-16 14:03:29.780647	Speaker	play	None
2017-05-16 14:03:35.783125	Speaker	stop	None
2017-05-16 14:03:35.784021	Hopper	up	None
2017-05-16 14:03:47.787592	Hopper	down	None
2017-05-16 14:03:48.090557	Trial	end	243
2017-05-16 14:05:17.033340	Trial	start	244
2017-05-16 14:05:17.037063	Speaker	play	None
2017-05-16 14:05:23.041845	Speaker	stop	None
2017-05-16 14:05:23.042422	Trial	end	244
2017-05-16 14:51:12.474031	Trial	start	245
2017-05-16 14:51:12.476028	Speaker	play	None
2017-05-16 14:51:13.629063	Speaker	stop	None
2017-05-16 14:51:13.629619	Trial	end	245
2017-05-16 14:51:13.630239	Trial	start	246
2017-05-16 14:51:13.632035	Speaker	play	None
2017-05-16 14:51:14.849886	Speaker	stop	None
2017-05-16 14:51:14.850709	Trial	end	246
2017-05-16 14:51:14.851603	Trial	start	247
2017-05-16 14:51:14.854465	Speaker	play	None
2017-05-16 14:51:20.858120	Speaker	stop	None
2017-05-16 14:51:20.858956	Hopper	up	None
2017-05-16 14:51:32.862913	Hopper	down	None
2017-05-16 14:51:33.165830	Trial	end	247
2017-05-16 14:52:00.705913	Trial	start	248
2017-05-16 14:52:00.708353	Speaker	play	None
2017-05-16 14:52:06.714433	Speaker	stop	None
2017-05-16 14:52:06.715019	Trial	end	248
2017-05-16 14:53:10.207132	Trial	start	249
2017-05-16 14:53:10.209714	Speaker	play	None
2017-05-16 14:53:16.215636	Speaker	stop	None
2017-05-16 14:53:16.216140	Trial	end	249
2017-05-16 14:53:39.471458	Trial	start	250
2017-05-16 14:53:39.476759	Speaker	play	None
2017-05-16 14:53:40.855764	Speaker	stop	None
2017-05-16 14:53:40.856291	Trial	end	250
2017-05-16 14:53:40.858754	Trial	start	251
2017-05-16 14:53:40.860635	Speaker	play	None
2017-05-16 14:53:46.864239	Speaker	stop	None
2017-05-16 14:53:46.864842	Trial	end	251
2017-05-16 14:53:50.345748	Trial	start	252
2017-05-16 14:53:50.348929	Speaker	play	None
2017-05-16 14:53:56.354216	Speaker	stop	None
2017-05-16 14:53:56.354793	Trial	end	252
2017-05-16 14:54:22.829391	Trial	start	253
2017-05-16 14:54:22.832629	Speaker	play	None
2017-05-16 14:54:23.947454	Speaker	stop	None
2017-05-16 14:54:23.948012	Trial	end	253
2017-05-16 14:54:23.948813	Trial	start	254
2017-05-16 14:54:23.950660	Speaker	play	None
2017-05-16 14:54:29.956437	Speaker	stop	None
2017-05-16 14:54:29.958618	Trial	end	254
2017-05-16 14:54:39.728385	Trial	start	255
2017-05-16 14:54:39.730668	Speaker	play	None
2017-05-16 14:54:45.736893	Speaker	stop	None
2017-05-16 14:54:45.737443	Trial	end	255
2017-05-16 14:54:48.943799	Trial	start	256
2017-05-16 14:54:48.945717	Speaker	play	None
2017-05-16 14:54:54.948255	Speaker	stop	None
2017-05-16 14:54:54.948839	Trial	end	256
2017-05-16 14:54:58.732672	Trial	start	257
2017-05-16 14:54:58.734648	Speaker	play	None
2017-05-16 14:55:04.741010	Speaker	stop	None
2017-05-16 14:55:04.741718	Trial	end	257
2017-05-16 14:55:09.577916	Trial	start	258
2017-05-16 14:55:09.579822	Speaker	play	None
2017-05-16 14:55:15.586245	Speaker	stop	None
2017-05-16 14:55:15.587129	Hopper	up	None
2017-05-16 14:55:27.590621	Hopper	down	None
2017-05-16 14:55:27.893619	Trial	end	258
2017-05-16 14:57:49.239172	Trial	start	259
2017-05-16 14:57:49.241564	Speaker	play	None
2017-05-16 14:57:55.247589	Speaker	stop	None
2017-05-16 14:57:55.248142	Trial	end	259
2017-05-16 14:58:16.344399	Trial	start	260
2017-05-16 14:58:16.347001	Speaker	play	None
2017-05-16 14:58:22.352854	Speaker	stop	None
2017-05-16 14:58:22.353671	Hopper	up	None
2017-05-16 14:58:34.357141	Hopper	down	None
2017-05-16 14:58:34.660296	Trial	end	260
2017-05-16 15:02:24.568054	Trial	start	261
2017-05-16 15:02:24.569955	Speaker	play	None
2017-05-16 15:02:25.907408	Speaker	stop	None
2017-05-16 15:02:25.907877	Trial	end	261
2017-05-16 15:02:25.908685	Trial	start	262
2017-05-16 15:02:25.910719	Speaker	play	None
2017-05-16 15:02:27.627792	Speaker	stop	None
2017-05-16 15:02:27.628917	Trial	end	262
2017-05-16 15:02:27.630289	Trial	start	263
2017-05-16 15:02:27.632597	Speaker	play	None
2017-05-16 15:02:28.635184	Speaker	stop	None
2017-05-16 15:02:28.635702	Trial	end	263
2017-05-16 15:02:28.636354	Trial	start	264
2017-05-16 15:02:28.638374	Speaker	play	None
2017-05-16 15:02:29.343706	Speaker	stop	None
2017-05-16 15:02:29.344258	Trial	end	264
2017-05-16 15:02:29.344919	Trial	start	265
2017-05-16 15:02:29.346871	Speaker	play	None
2017-05-16 15:02:35.352079	Speaker	stop	None
2017-05-16 15:02:35.352942	Hopper	up	None
2017-05-16 15:02:47.356559	Hopper	down	None
2017-05-16 15:02:47.659703	Trial	end	265
2017-05-16 15:03:34.449108	Trial	start	266
2017-05-16 15:03:34.451097	Speaker	play	None
2017-05-16 15:03:40.453442	Speaker	stop	None
2017-05-16 15:03:40.454731	Hopper	up	None
2017-05-16 15:03:52.457909	Hopper	down	None
2017-05-16 15:03:52.760988	Trial	end	266
2017-05-16 15:06:31.871541	Trial	start	267
2017-05-16 15:06:31.873800	Speaker	play	None
2017-05-16 15:06:34.144654	Speaker	stop	None
2017-05-16 15:06:34.145177	Trial	end	267
2017-05-16 15:06:34.145776	Trial	start	268
2017-05-16 15:06:34.147675	Speaker	play	None
2017-05-16 15:06:40.153210	Speaker	stop	None
2017-05-16 15:06:40.154417	Trial	end	268
2017-05-16 15:06:58.112751	Trial	start	269
2017-05-16 15:06:58.114885	Speaker	play	None
2017-05-16 15:06:59.738890	Speaker	stop	None
2017-05-16 15:06:59.740241	Trial	end	269
2017-05-16 15:06:59.740982	Trial	start	270
2017-05-16 15:06:59.742791	Speaker	play	None
2017-05-16 15:07:05.747281	Speaker	stop	None
2017-05-16 15:07:05.748150	Hopper	up	None
2017-05-16 15:07:17.751739	Hopper	down	None
2017-05-16 15:07:18.054844	Trial	end	270
2017-05-16 15:07:53.978449	Trial	start	271
2017-05-16 15:07:53.980441	Speaker	play	None
2017-05-16 15:07:54.924685	Speaker	stop	None
2017-05-16 15:07:54.925241	Trial	end	271
2017-05-16 15:07:54.925995	Trial	start	272
2017-05-16 15:07:54.927997	Speaker	play	None
2017-05-16 15:08:00.933101	Speaker	stop	None
2017-05-16 15:08:00.933657	Trial	end	272
2017-05-16 15:08:11.815378	Trial	start	273
2017-05-16 15:08:11.817851	Speaker	play	None
2017-05-16 15:08:13.089267	Speaker	stop	None
2017-05-16 15:08:13.089841	Trial	end	273
2017-05-16 15:08:13.090477	Trial	start	274
2017-05-16 15:08:13.092441	Speaker	play	None
2017-05-16 15:08:19.097820	Speaker	stop	None
2017-05-16 15:08:19.098429	Trial	end	274
2017-05-16 15:08:29.693288	Trial	start	275
2017-05-16 15:08:29.696766	Speaker	play	None
2017-05-16 15:08:31.024494	Speaker	stop	None
2017-05-16 15:08:31.025233	Trial	end	275
2017-05-16 15:08:31.025829	Trial	start	276
2017-05-16 15:08:31.027994	Speaker	play	None
2017-05-16 15:08:32.011548	Speaker	stop	None
2017-05-16 15:08:32.012219	Trial	end	276
2017-05-16 15:08:32.012964	Trial	start	277
2017-05-16 15:08:32.017636	Speaker	play	None
2017-05-16 15:08:32.458043	Speaker	stop	None
2017-05-16 15:08:32.458834	Trial	end	277
2017-05-16 15:08:32.460040	Trial	start	278
2017-05-16 15:08:32.463036	Speaker	play	None
2017-05-16 15:08:38.470621	Speaker	stop	None
2017-05-16 15:08:38.471741	Hopper	up	None
2017-05-16 15:08:50.474937	Hopper	down	None
2017-05-16 15:08:50.778151	Trial	end	278
2017-05-16 15:10:25.741652	Trial	start	279
2017-05-16 15:10:25.743601	Speaker	play	None
2017-05-16 15:10:31.750162	Speaker	stop	None
2017-05-16 15:10:31.750711	Trial	end	279
2017-05-16 15:10:38.495928	Trial	start	280
2017-05-16 15:10:38.498657	Speaker	play	None
2017-05-16 15:10:39.691874	Speaker	stop	None
2017-05-16 15:10:39.692369	Trial	end	280
2017-05-16 15:10:39.693127	Trial	start	281
2017-05-16 15:10:39.695029	Speaker	play	None
2017-05-16 15:10:45.700259	Speaker	stop	None
2017-05-16 15:10:45.701168	Trial	end	281
2017-05-16 15:10:53.691090	Trial	start	282
2017-05-16 15:10:53.693285	Speaker	play	None
2017-05-16 15:10:59.699601	Speaker	stop	None
2017-05-16 15:10:59.700679	Trial	end	282
2017-05-16 15:11:05.310548	Trial	start	283
2017-05-16 15:11:05.312480	Speaker	play	None
2017-05-16 15:11:11.315048	Speaker	stop	None
2017-05-16 15:11:11.315663	Trial	end	283
2017-05-16 15:11:35.852499	Trial	start	284
2017-05-16 15:11:35.856707	Speaker	play	None
2017-05-16 15:11:40.644644	Speaker	stop	None
2017-05-16 15:11:40.645371	Trial	end	284
2017-05-16 15:11:40.646267	Trial	start	285
2017-05-16 15:11:40.648744	Speaker	play	None
2017-05-16 15:11:46.652984	Speaker	stop	None
2017-05-16 15:11:46.653766	Hopper	up	None
2017-05-16 15:11:58.657522	Hopper	down	None
2017-05-16 15:11:58.960648	Trial	end	285
2017-05-16 15:13:13.003526	Trial	start	286
2017-05-16 15:13:13.005530	Speaker	play	None
2017-05-16 15:13:15.059528	Speaker	stop	None
2017-05-16 15:13:15.060107	Trial	end	286
2017-05-16 15:13:15.060864	Trial	start	287
2017-05-16 15:13:15.062716	Speaker	play	None
2017-05-16 15:13:15.809161	Speaker	stop	None
2017-05-16 15:13:15.810111	Trial	end	287
2017-05-16 15:13:15.811413	Trial	start	288
2017-05-16 15:13:15.815590	Speaker	play	None
2017-05-16 15:13:17.246614	Speaker	stop	None
2017-05-16 15:13:17.247182	Trial	end	288
2017-05-16 15:13:17.247836	Trial	start	289
2017-05-16 15:13:17.249724	Speaker	play	None
2017-05-16 15:13:23.255136	Speaker	stop	None
2017-05-16 15:13:23.256053	Hopper	up	None
2017-05-16 15:13:35.259578	Hopper	down	None
2017-05-16 15:13:35.562775	Trial	end	289
2017-05-16 15:14:07.685561	Trial	start	290
2017-05-16 15:14:07.687607	Speaker	play	None
2017-05-16 15:14:13.694062	Speaker	stop	None
2017-05-16 15:14:13.694653	Trial	end	290
2017-05-16 15:14:30.654482	Trial	start	291
2017-05-16 15:14:30.656343	Speaker	play	None
2017-05-16 15:14:31.601141	Speaker	stop	None
2017-05-16 15:14:31.602237	Trial	end	291
2017-05-16 15:14:31.603499	Trial	start	292
2017-05-16 15:14:31.606063	Speaker	play	None
2017-05-16 15:14:37.609101	Speaker	stop	None
2017-05-16 15:14:37.609674	Trial	end	292
2017-05-16 15:14:43.101490	Trial	start	293
2017-05-16 15:14:43.104725	Speaker	play	None
2017-05-16 15:14:49.109975	Speaker	stop	None
2017-05-16 15:14:49.110853	Hopper	up	None
2017-05-16 15:15:01.114514	Hopper	down	None
2017-05-16 15:15:01.417652	Trial	end	293
2017-05-16 15:15:31.844870	Trial	start	294
2017-05-16 15:15:31.846855	Speaker	play	None
2017-05-16 15:15:36.940134	Speaker	stop	None
2017-05-16 15:15:36.941550	Trial	end	294
2017-05-16 15:15:36.945374	Trial	start	295
2017-05-16 15:15:36.949253	Speaker	play	None
2017-05-16 15:15:42.956720	Speaker	stop	None
2017-05-16 15:15:42.957546	Trial	end	295
2017-05-16 15:15:56.857515	Trial	start	296
2017-05-16 15:15:56.859451	Speaker	play	None
2017-05-16 15:16:02.866219	Speaker	stop	None
2017-05-16 15:16:02.867019	Trial	end	296
2017-05-16 15:16:14.989460	Trial	start	297
2017-05-16 15:16:14.992980	Speaker	play	None
2017-05-16 15:16:20.998137	Speaker	stop	None
2017-05-16 15:16:20.999412	Trial	end	297
2017-05-16 15:16:24.458769	Trial	start	298
2017-05-16 15:16:24.460945	Speaker	play	None
2017-05-16 15:16:26.310106	Speaker	stop	None
2017-05-16 15:16:26.310713	Trial	end	298
2017-05-16 15:16:26.311332	Trial	start	299
2017-05-16 15:16:26.313423	Speaker	play	None
2017-05-16 15:16:28.071315	Speaker	stop	None
2017-05-16 15:16:28.071886	Trial	end	299
2017-05-16 15:16:28.072559	Trial	start	300
2017-05-16 15:16:28.076545	Speaker	play	None
2017-05-16 15:16:29.050154	Speaker	stop	None
2017-05-16 15:16:29.050776	Trial	end	300
2017-05-16 15:16:29.051563	Trial	start	301
2017-05-16 15:16:29.053384	Speaker	play	None
2017-05-16 15:16:30.795118	Speaker	stop	None
2017-05-16 15:16:30.796225	Trial	end	301
2017-05-16 15:16:30.797248	Trial	start	302
2017-05-16 15:16:30.799167	Speaker	play	None
2017-05-16 15:16:36.803394	Speaker	stop	None
2017-05-16 15:16:36.804974	Hopper	up	None
2017-05-16 15:16:48.807939	Hopper	down	None
2017-05-16 15:16:49.111040	Trial	end	302
2017-05-16 15:17:16.904833	Trial	start	303
2017-05-16 15:17:16.908494	Speaker	play	None
2017-05-16 15:17:17.953318	Speaker	stop	None
2017-05-16 15:17:17.953878	Trial	end	303
2017-05-16 15:17:17.954577	Trial	start	304
2017-05-16 15:17:17.956682	Speaker	play	None
2017-05-16 15:17:20.632042	Speaker	stop	None
2017-05-16 15:17:20.632630	Trial	end	304
2017-05-16 15:17:20.633254	Trial	start	305
2017-05-16 15:17:20.635215	Speaker	play	None
2017-05-16 15:17:26.640366	Speaker	stop	None
2017-05-16 15:17:26.641148	Hopper	up	None
2017-05-16 15:17:38.644969	Hopper	down	None
2017-05-16 15:17:38.948075	Trial	end	305
2017-05-16 15:18:52.597720	Trial	start	306
2017-05-16 15:18:52.601389	Speaker	play	None
2017-05-16 15:18:53.589124	Speaker	stop	None
2017-05-16 15:18:53.589699	Trial	end	306
2017-05-16 15:18:53.590450	Trial	start	307
2017-05-16 15:18:53.592457	Speaker	play	None
2017-05-16 15:18:59.597424	Speaker	stop	None
2017-05-16 15:18:59.598039	Trial	end	307
2017-05-16 15:19:12.548062	Trial	start	308
2017-05-16 15:19:12.550271	Speaker	play	None
2017-05-16 15:19:18.552545	Speaker	stop	None
2017-05-16 15:19:18.553163	Trial	end	308
2017-05-16 15:19:25.953444	Trial	start	309
2017-05-16 15:19:25.955458	Speaker	play	None
2017-05-16 15:19:26.866940	Speaker	stop	None
2017-05-16 15:19:26.867553	Trial	end	309
2017-05-16 15:19:26.868157	Trial	start	310
2017-05-16 15:19:26.870032	Speaker	play	None
2017-05-16 15:19:28.636233	Speaker	stop	None
2017-05-16 15:19:28.636731	Trial	end	310
2017-05-16 15:19:28.637446	Trial	start	311
2017-05-16 15:19:28.639352	Speaker	play	None
2017-05-16 15:19:29.660155	Speaker	stop	None
2017-05-16 15:19:29.660654	Trial	end	311
2017-05-16 15:19:29.661363	Trial	start	312
2017-05-16 15:19:29.663840	Speaker	play	None
2017-05-16 15:19:31.069096	Speaker	stop	None
2017-05-16 15:19:31.069804	Trial	end	312
2017-05-16 15:19:31.070463	Trial	start	313
2017-05-16 15:19:31.072391	Speaker	play	None
2017-05-16 15:19:31.188153	Speaker	stop	None
2017-05-16 15:19:31.189388	Trial	end	313
2017-05-16 15:19:31.190475	Trial	start	314
2017-05-16 15:19:31.195295	Speaker	play	None
2017-05-16 15:19:32.527191	Speaker	stop	None
2017-05-16 15:19:32.527710	Trial	end	314
2017-05-16 15:19:32.528331	Trial	start	315
2017-05-16 15:19:32.530415	Speaker	play	None
2017-05-16 15:19:38.535617	Speaker	stop	None
2017-05-16 15:19:38.536149	Trial	end	315
2017-05-16 15:19:40.390915	Trial	start	316
2017-05-16 15:19:40.393009	Speaker	play	None
2017-05-16 15:19:46.395420	Speaker	stop	None
2017-05-16 15:19:46.396025	Trial	end	316
2017-05-16 15:19:54.103643	Trial	start	317
2017-05-16 15:19:54.106744	Speaker	play	None
2017-05-16 15:20:00.112021	Speaker	stop	None
2017-05-16 15:20:00.112638	Trial	end	317
2017-05-16 15:20:05.932007	Trial	start	318
2017-05-16 15:20:05.935335	Speaker	play	None
2017-05-16 15:20:07.750945	Speaker	stop	None
2017-05-16 15:20:07.752092	Trial	end	318
2017-05-16 15:20:07.753418	Trial	start	319
2017-05-16 15:20:07.757925	Speaker	play	None
2017-05-16 15:20:10.576722	Speaker	stop	None
2017-05-16 15:20:10.577399	Trial	end	319
2017-05-16 15:20:10.578402	Trial	start	320
2017-05-16 15:20:10.580391	Speaker	play	None
2017-05-16 15:20:15.925971	Speaker	stop	None
2017-05-16 15:20:15.927124	Trial	end	320
2017-05-16 15:20:15.928536	Trial	start	321
2017-05-16 15:20:15.933244	Speaker	play	None
2017-05-16 15:20:17.441147	Speaker	stop	None
2017-05-16 15:20:17.441730	Trial	end	321
2017-05-16 15:20:17.442301	Trial	start	322
2017-05-16 15:20:17.443981	Speaker	play	None
2017-05-16 15:20:17.617263	Speaker	stop	None
2017-05-16 15:20:17.617827	Trial	end	322
2017-05-16 15:20:17.618458	Trial	start	323
2017-05-16 15:20:17.620197	Speaker	play	None
2017-05-16 15:20:23.625734	Speaker	stop	None
2017-05-16 15:20:23.626981	Trial	end	323
2017-05-16 15:20:38.165502	Trial	start	324
2017-05-16 15:20:38.167578	Speaker	play	None
2017-05-16 15:20:39.926800	Speaker	stop	None
2017-05-16 15:20:39.927376	Trial	end	324
2017-05-16 15:20:39.928157	Trial	start	325
2017-05-16 15:20:39.930248	Speaker	play	None
2017-05-16 15:20:41.212825	Speaker	stop	None
2017-05-16 15:20:41.213378	Trial	end	325
2017-05-16 15:20:41.214052	Trial	start	326
2017-05-16 15:20:41.216018	Speaker	play	None
2017-05-16 15:20:42.064751	Speaker	stop	None
2017-05-16 15:20:42.065264	Trial	end	326
2017-05-16 15:20:42.065895	Trial	start	327
2017-05-16 15:20:42.067785	Speaker	play	None
2017-05-16 15:20:48.073464	Speaker	stop	None
2017-05-16 15:20:48.077061	Hopper	up	None
2017-05-16 15:21:00.077723	Hopper	down	None
2017-05-16 15:21:00.380947	Trial	end	327
2017-05-16 15:21:26.069329	Trial	start	328
2017-05-16 15:21:26.071437	Speaker	play	None
2017-05-16 15:21:28.862706	Speaker	stop	None
2017-05-16 15:21:28.863186	Trial	end	328
2017-05-16 15:21:28.863961	Trial	start	329
2017-05-16 15:21:28.865953	Speaker	play	None
2017-05-16 15:21:29.755798	Speaker	stop	None
2017-05-16 15:21:29.756966	Trial	end	329
2017-05-16 15:21:29.758294	Trial	start	330
2017-05-16 15:21:29.762132	Speaker	play	None
2017-05-16 15:21:31.393998	Speaker	stop	None
2017-05-16 15:21:31.394568	Trial	end	330
2017-05-16 15:21:31.395283	Trial	start	331
2017-05-16 15:21:31.397322	Speaker	play	None
2017-05-16 15:21:32.745511	Speaker	stop	None
2017-05-16 15:21:32.746096	Trial	end	331
2017-05-16 15:21:32.746670	Trial	start	332
2017-05-16 15:21:32.748502	Speaker	play	None
2017-05-16 15:21:38.754061	Speaker	stop	None
2017-05-16 15:21:38.755077	Trial	end	332
2017-05-16 15:21:47.727747	Trial	start	333
2017-05-16 15:21:47.730384	Speaker	play	None
2017-05-16 15:21:53.736197	Speaker	stop	None
2017-05-16 15:21:53.736698	Trial	end	333
2017-05-16 15:21:56.496674	Trial	start	334
2017-05-16 15:21:56.498519	Speaker	play	None
2017-05-16 15:22:02.501246	Speaker	stop	None
2017-05-16 15:22:02.502442	Trial	end	334
2017-05-16 15:22:06.097099	Trial	start	335
2017-05-16 15:22:06.099163	Speaker	play	None
2017-05-16 15:22:12.101516	Speaker	stop	None
2017-05-16 15:22:12.102075	Trial	end	335
2017-05-16 15:22:13.739876	Trial	start	336
2017-05-16 15:22:13.744672	Speaker	play	None
2017-05-16 15:22:16.840320	Speaker	stop	None
2017-05-16 15:22:16.840927	Trial	end	336
2017-05-16 15:22:16.841550	Trial	start	337
2017-05-16 15:22:16.843292	Speaker	play	None
2017-05-16 15:22:22.848711	Speaker	stop	None
2017-05-16 15:22:22.849356	Trial	end	337
2017-05-16 15:22:29.746011	Trial	start	338
2017-05-16 15:22:29.748472	Speaker	play	None
2017-05-16 15:22:31.396586	Speaker	stop	None
2017-05-16 15:22:31.397240	Trial	end	338
2017-05-16 15:22:31.397861	Trial	start	339
2017-05-16 15:22:31.399681	Speaker	play	None
2017-05-16 15:22:37.405103	Speaker	stop	None
2017-05-16 15:22:37.406227	Hopper	up	None
2017-05-16 15:22:49.409614	Hopper	down	None
2017-05-16 15:22:49.712881	Trial	end	339
2017-05-16 15:23:26.013269	Trial	start	340
2017-05-16 15:23:26.015412	Speaker	play	None
2017-05-16 15:23:27.889296	Speaker	stop	None
2017-05-16 15:23:27.890516	Trial	end	340
2017-05-16 15:23:27.891239	Trial	start	341
2017-05-16 15:23:27.893255	Speaker	play	None
2017-05-16 15:23:29.757063	Speaker	stop	None
2017-05-16 15:23:29.758050	Trial	end	341
2017-05-16 15:23:29.759042	Trial	start	342
2017-05-16 15:23:29.761973	Speaker	play	None
2017-05-16 15:23:29.982181	Speaker	stop	None
2017-05-16 15:23:29.982728	Trial	end	342
2017-05-16 15:23:29.983585	Trial	start	343
2017-05-16 15:23:29.985564	Speaker	play	None
2017-05-16 15:23:31.100689	Speaker	stop	None
2017-05-16 15:23:31.102140	Trial	end	343
2017-05-16 15:23:31.103388	Trial	start	344
2017-05-16 15:23:31.106942	Speaker	play	None
2017-05-16 15:23:37.112996	Speaker	stop	None
2017-05-16 15:23:37.113700	Trial	end	344
2017-05-16 15:23:48.130379	Trial	start	345
2017-05-16 15:23:48.132527	Speaker	play	None
2017-05-16 15:23:49.039784	Speaker	stop	None
2017-05-16 15:23:49.040493	Trial	end	345
2017-05-16 15:23:49.041162	Trial	start	346
2017-05-16 15:23:49.042985	Speaker	play	None
2017-05-16 15:23:49.248575	Speaker	stop	None
2017-05-16 15:23:49.249162	Trial	end	346
2017-05-16 15:23:49.249829	Trial	start	347
2017-05-16 15:23:49.251648	Speaker	play	None
2017-05-16 15:23:50.374923	Speaker	stop	None
2017-05-16 15:23:50.375527	Trial	end	347
2017-05-16 15:23:50.376212	Trial	start	348
2017-05-16 15:23:50.378206	Speaker	play	None
2017-05-16 15:23:56.383310	Speaker	stop	None
2017-05-16 15:23:56.383905	Trial	end	348
2017-05-16 15:24:07.462273	Trial	start	349
2017-05-16 15:24:07.464220	Speaker	play	None
2017-05-16 15:24:13.466694	Speaker	stop	None
2017-05-16 15:24:13.467249	Trial	end	349
2017-05-16 15:24:17.271693	Trial	start	350
2017-05-16 15:24:17.276298	Speaker	play	None
2017-05-16 15:24:22.088305	Speaker	stop	None
2017-05-16 15:24:22.089228	Trial	end	350
2017-05-16 15:24:22.090943	Trial	start	351
2017-05-16 15:24:22.095915	Speaker	play	None
2017-05-16 15:24:28.100987	Speaker	stop	None
2017-05-16 15:24:28.102283	Hopper	up	None
2017-05-16 15:24:40.105374	Hopper	down	None
2017-05-16 15:24:40.408513	Trial	end	351
2017-05-16 15:26:13.656286	Trial	start	352
2017-05-16 15:26:13.658225	Speaker	play	None
2017-05-16 15:26:15.130884	Speaker	stop	None
2017-05-16 15:26:15.131545	Trial	end	352
2017-05-16 15:26:15.132208	Trial	start	353
2017-05-16 15:26:15.134284	Speaker	play	None
2017-05-16 15:26:21.139657	Speaker	stop	None
2017-05-16 15:26:21.141062	Trial	end	353
2017-05-16 15:26:46.905632	Trial	start	354
2017-05-16 15:26:46.907984	Speaker	play	None
2017-05-16 15:26:49.682576	Speaker	stop	None
2017-05-16 15:26:49.683144	Trial	end	354
2017-05-16 15:26:49.683865	Trial	start	355
2017-05-16 15:26:49.685746	Speaker	play	None
2017-05-16 15:26:55.691027	Speaker	stop	None
2017-05-16 15:26:55.691656	Trial	end	355
2017-05-16 15:28:22.594568	Trial	start	356
2017-05-16 15:28:22.596507	Speaker	play	None
2017-05-16 15:28:23.860305	Speaker	stop	None
2017-05-16 15:28:23.860955	Trial	end	356
2017-05-16 15:28:23.861597	Trial	start	357
2017-05-16 15:28:23.863479	Speaker	play	None
2017-05-16 15:28:24.806482	Speaker	stop	None
2017-05-16 15:28:24.807492	Trial	end	357
2017-05-16 15:28:24.808757	Trial	start	358
2017-05-16 15:28:24.811822	Speaker	play	None
2017-05-16 15:28:25.195479	Speaker	stop	None
2017-05-16 15:28:25.196059	Trial	end	358
2017-05-16 15:28:25.196804	Trial	start	359
2017-05-16 15:28:25.198921	Speaker	play	None
2017-05-16 15:28:25.916466	Speaker	stop	None
2017-05-16 15:28:25.917097	Trial	end	359
2017-05-16 15:28:25.917685	Trial	start	360
2017-05-16 15:28:25.920262	Speaker	play	None
2017-05-16 15:28:26.096517	Speaker	stop	None
2017-05-16 15:28:26.097156	Trial	end	360
2017-05-16 15:28:26.097812	Trial	start	361
2017-05-16 15:28:26.099678	Speaker	play	None
2017-05-16 15:28:28.205866	Speaker	stop	None
2017-05-16 15:28:28.206495	Trial	end	361
2017-05-16 15:28:28.207118	Trial	start	362
2017-05-16 15:28:28.209026	Speaker	play	None
2017-05-16 15:28:30.069616	Speaker	stop	None
2017-05-16 15:28:30.070843	Trial	end	362
2017-05-16 15:28:30.072485	Trial	start	363
2017-05-16 15:28:30.076548	Speaker	play	None
2017-05-16 15:28:30.618218	Speaker	stop	None
2017-05-16 15:28:30.618795	Trial	end	363
2017-05-16 15:28:30.619543	Trial	start	364
2017-05-16 15:28:30.621477	Speaker	play	None
2017-05-16 15:28:36.626799	Speaker	stop	None
2017-05-16 15:28:36.627856	Trial	end	364
2017-05-16 15:28:52.157671	Trial	start	365
2017-05-16 15:28:52.160529	Speaker	play	None
2017-05-16 15:28:53.124478	Speaker	stop	None
2017-05-16 15:28:53.125539	Trial	end	365
2017-05-16 15:28:53.126633	Trial	start	366
2017-05-16 15:28:53.129856	Speaker	play	None
2017-05-16 15:28:54.410406	Speaker	stop	None
2017-05-16 15:28:54.411016	Trial	end	366
2017-05-16 15:28:54.411895	Trial	start	367
2017-05-16 15:28:54.413768	Speaker	play	None
2017-05-16 15:29:00.418837	Speaker	stop	None
2017-05-16 15:29:00.419454	Trial	end	367
2017-05-16 15:29:04.649730	Trial	start	368
2017-05-16 15:29:04.651812	Speaker	play	None
2017-05-16 15:29:10.654469	Speaker	stop	None
2017-05-16 15:29:10.655397	Trial	end	368
2017-05-16 16:02:11.692557	Trial	start	369
2017-05-16 16:02:11.694821	Speaker	play	None
2017-05-16 16:02:13.835325	Speaker	stop	None
2017-05-16 16:02:13.836353	Trial	end	369
2017-05-16 16:02:13.837300	Trial	start	370
2017-05-16 16:02:13.839980	Speaker	play	None
2017-05-16 16:02:15.038896	Speaker	stop	None
2017-05-16 16:02:15.039434	Trial	end	370
2017-05-16 16:02:15.040151	Trial	start	371
2017-05-16 16:02:15.042341	Speaker	play	None
2017-05-16 16:02:21.047291	Speaker	stop	None
2017-05-16 16:02:21.047887	Trial	end	371
2017-05-16 16:02:38.343687	Trial	start	372
2017-05-16 16:02:38.345738	Speaker	play	None
2017-05-16 16:02:44.348315	Speaker	stop	None
2017-05-16 16:02:44.351724	Hopper	up	None
2017-05-16 16:02:56.356843	Hopper	down	None
2017-05-16 16:02:56.659952	Trial	end	372
2017-05-16 16:21:27.202935	Trial	start	373
2017-05-16 16:21:27.204993	Speaker	play	None
2017-05-16 16:21:33.207528	Speaker	stop	None
2017-05-16 16:21:33.208523	Trial	end	373
2017-05-16 16:21:54.030210	Trial	start	374
2017-05-16 16:21:54.033954	Speaker	play	None
2017-05-16 16:21:54.996960	Speaker	stop	None
2017-05-16 16:21:54.997766	Trial	end	374
2017-05-16 16:21:54.998797	Trial	start	375
2017-05-16 16:21:55.001983	Speaker	play	None
2017-05-16 16:22:01.009366	Speaker	stop	None
2017-05-16 16:22:01.009996	Trial	end	375
2017-05-16 16:22:07.865634	Trial	start	376
2017-05-16 16:22:07.868167	Speaker	play	None
2017-05-16 16:22:13.874151	Speaker	stop	None
2017-05-16 16:22:13.874763	Trial	end	376
2017-05-16 16:22:23.425529	Trial	start	377
2017-05-16 16:22:23.428454	Speaker	play	None
2017-05-16 16:22:24.367534	Speaker	stop	None
2017-05-16 16:22:24.368129	Trial	end	377
2017-05-16 16:22:24.368728	Trial	start	378
2017-05-16 16:22:24.370432	Speaker	play	None
2017-05-16 16:22:25.301322	Speaker	stop	None
2017-05-16 16:22:25.301898	Trial	end	378
2017-05-16 16:22:25.302533	Trial	start	379
2017-05-16 16:22:25.304560	Speaker	play	None
2017-05-16 16:22:31.309824	Speaker	stop	None
2017-05-16 16:22:31.310512	Trial	end	379
2017-05-16 16:22:33.791756	Trial	start	380
2017-05-16 16:22:33.793802	Speaker	play	None
2017-05-16 16:22:39.796317	Speaker	stop	None
2017-05-16 16:22:39.798864	Hopper	up	None
2017-05-16 16:22:51.800830	Hopper	down	None
2017-05-16 16:22:52.103875	Trial	end	380
2017-05-16 16:23:26.033253	Trial	start	381
2017-05-16 16:23:26.037090	Speaker	play	None
2017-05-16 16:23:27.282433	Speaker	stop	None
2017-05-16 16:23:27.282943	Trial	end	381
2017-05-16 16:23:27.283628	Trial	start	382
2017-05-16 16:23:27.285494	Speaker	play	None
2017-05-16 16:23:28.658644	Speaker	stop	None
2017-05-16 16:23:28.661259	Trial	end	382
2017-05-16 16:23:28.661828	Trial	start	383
2017-05-16 16:23:28.664198	Speaker	play	None
2017-05-16 16:23:34.671129	Speaker	stop	None
2017-05-16 16:23:34.671988	Hopper	up	None
2017-05-16 16:23:46.675892	Hopper	down	None
2017-05-16 16:23:46.978875	Trial	end	383
2017-05-16 16:25:28.779075	Trial	start	384
2017-05-16 16:25:28.782829	Speaker	play	None
2017-05-16 16:25:34.787500	Speaker	stop	None
2017-05-16 16:25:34.788057	Trial	end	384
2017-05-16 16:25:36.278272	Trial	start	385
2017-05-16 16:25:36.280848	Speaker	play	None
2017-05-16 16:25:42.286812	Speaker	stop	None
2017-05-16 16:25:42.287745	Hopper	up	None
2017-05-16 16:25:54.291530	Hopper	down	None
2017-05-16 16:25:54.594657	Trial	end	385
2017-05-16 16:26:27.430230	Trial	start	386
2017-05-16 16:26:27.433445	Speaker	play	None
2017-05-16 16:26:29.236568	Speaker	stop	None
2017-05-16 16:26:29.237197	Trial	end	386
2017-05-16 16:26:29.237960	Trial	start	387
2017-05-16 16:26:29.239847	Speaker	play	None
2017-05-16 16:26:32.144465	Speaker	stop	None
2017-05-16 16:26:32.145056	Trial	end	387
2017-05-16 16:26:32.145765	Trial	start	388
2017-05-16 16:26:32.147725	Speaker	play	None
2017-05-16 16:26:38.152953	Speaker	stop	None
2017-05-16 16:26:38.153555	Trial	end	388
2017-05-16 16:26:40.585813	Trial	start	389
2017-05-16 16:26:40.587709	Speaker	play	None
2017-05-16 16:26:46.590374	Speaker	stop	None
2017-05-16 16:26:46.594790	Trial	end	389
2017-05-16 16:26:53.208927	Trial	start	390
2017-05-16 16:26:53.211229	Speaker	play	None
2017-05-16 16:26:59.217482	Speaker	stop	None
2017-05-16 16:26:59.218048	Trial	end	390
2017-05-16 16:27:02.600563	Trial	start	391
2017-05-16 16:27:02.606580	Speaker	play	None
2017-05-16 16:27:03.538482	Speaker	stop	None
2017-05-16 16:27:03.539041	Trial	end	391
2017-05-16 16:27:03.539674	Trial	start	392
2017-05-16 16:27:03.541680	Speaker	play	None
2017-05-16 16:27:04.537850	Speaker	stop	None
2017-05-16 16:27:04.538456	Trial	end	392
2017-05-16 16:27:04.539273	Trial	start	393
2017-05-16 16:27:04.541712	Speaker	play	None
2017-05-16 16:27:05.295709	Speaker	stop	None
2017-05-16 16:27:05.296663	Trial	end	393
2017-05-16 16:27:05.298152	Trial	start	394
2017-05-16 16:27:05.302067	Speaker	play	None
2017-05-16 16:27:11.308123	Speaker	stop	None
2017-05-16 16:27:11.308662	Trial	end	394
2017-05-16 16:27:16.145239	Trial	start	395
2017-05-16 16:27:16.148751	Speaker	play	None
2017-05-16 16:27:17.259273	Speaker	stop	None
2017-05-16 16:27:17.259796	Trial	end	395
2017-05-16 16:27:17.260501	Trial	start	396
2017-05-16 16:27:17.262593	Speaker	play	None
2017-05-16 16:27:18.938577	Speaker	stop	None
2017-05-16 16:27:18.939157	Trial	end	396
2017-05-16 16:27:18.940226	Trial	start	397
2017-05-16 16:27:18.942121	Speaker	play	None
2017-05-16 16:27:24.947092	Speaker	stop	None
2017-05-16 16:27:24.948059	Hopper	up	None
2017-05-16 16:27:36.951599	Hopper	down	None
2017-05-16 16:27:37.254796	Trial	end	397
2017-05-16 16:28:27.116550	Trial	start	398
2017-05-16 16:28:27.120386	Speaker	play	None
2017-05-16 16:28:28.034047	Speaker	stop	None
2017-05-16 16:28:28.034649	Trial	end	398
2017-05-16 16:28:28.036861	Trial	start	399
2017-05-16 16:28:28.038702	Speaker	play	None
2017-05-16 16:28:34.042480	Speaker	stop	None
2017-05-16 16:28:34.043081	Trial	end	399
2017-05-16 16:28:39.669985	Trial	start	400
2017-05-16 16:28:39.671950	Speaker	play	None
2017-05-16 16:28:45.674798	Speaker	stop	None
2017-05-16 16:28:45.676233	Hopper	up	None
2017-05-16 16:28:57.679023	Hopper	down	None
2017-05-16 16:28:57.982120	Trial	end	400
2017-05-16 16:29:41.983005	Trial	start	401
2017-05-16 16:29:41.985076	Speaker	play	None
2017-05-16 16:29:43.006883	Speaker	stop	None
2017-05-16 16:29:43.007530	Trial	end	401
2017-05-16 16:29:43.008299	Trial	start	402
2017-05-16 16:29:43.010236	Speaker	play	None
2017-05-16 16:29:49.015466	Speaker	stop	None
2017-05-16 16:29:49.016236	Trial	end	402
2017-05-16 16:29:55.007398	Trial	start	403
2017-05-16 16:29:55.009617	Speaker	play	None
2017-05-16 16:30:01.015888	Speaker	stop	None
2017-05-16 16:30:01.016438	Trial	end	403
2017-05-16 16:30:13.339988	Trial	start	404
2017-05-16 16:30:13.342038	Speaker	play	None
2017-05-16 16:30:19.344460	Speaker	stop	None
2017-05-16 16:30:19.345025	Trial	end	404
2017-05-16 16:30:45.803038	Trial	start	405
2017-05-16 16:30:45.804912	Speaker	play	None
2017-05-16 16:30:46.855853	Speaker	stop	None
2017-05-16 16:30:46.856678	Trial	end	405
2017-05-16 16:30:46.857412	Trial	start	406
2017-05-16 16:30:46.859358	Speaker	play	None
2017-05-16 16:30:52.864178	Speaker	stop	None
2017-05-16 16:30:52.865124	Trial	end	406
2017-05-16 16:31:10.357161	Trial	start	407
2017-05-16 16:31:10.359273	Speaker	play	None
2017-05-16 16:31:16.365685	Speaker	stop	None
2017-05-16 16:31:16.366982	Hopper	up	None
2017-05-16 16:31:28.370323	Hopper	down	None
2017-05-16 16:31:28.673260	Trial	end	407
2017-05-16 16:33:01.987123	Trial	start	408
2017-05-16 16:33:01.990208	Speaker	play	None
2017-05-16 16:33:07.995582	Speaker	stop	None
2017-05-16 16:33:07.996186	Trial	end	408
2017-05-16 16:33:50.443917	Trial	start	409
2017-05-16 16:33:50.446099	Speaker	play	None
2017-05-16 16:33:56.452473	Speaker	stop	None
2017-05-16 16:33:56.453479	Hopper	up	None
2017-05-16 16:34:08.457072	Hopper	down	None
2017-05-16 16:34:08.760176	Trial	end	409
2017-05-16 16:34:32.503252	Trial	start	410
2017-05-16 16:34:32.505292	Speaker	play	None
2017-05-16 16:34:38.507756	Speaker	stop	None
2017-05-16 16:34:38.508482	Trial	end	410
2017-05-16 16:34:49.492564	Trial	start	411
2017-05-16 16:34:49.495513	Speaker	play	None
2017-05-16 16:34:55.501331	Speaker	stop	None
2017-05-16 16:34:55.503281	Hopper	up	None
2017-05-16 16:35:07.505615	Hopper	down	None
2017-05-16 16:35:07.808713	Trial	end	411
2017-05-16 16:35:56.490148	PeckPort	off	None
2017-05-16 16:35:56.490505	HouseLight	on	None
2017-05-16 16:35:56.490765	Hopper	down	None
