2017-03-12 10:34:45.993141	PeckPort	off	None
2017-03-12 10:34:45.993351	HouseLight	on	None
2017-03-12 10:34:45.993520	Hopper	down	None
2017-03-12 10:34:46.299593	Hopper	down	None
2017-03-12 10:34:46.602424	HouseLight	on	None
2017-03-12 10:34:46.602663	PeckPort	on	None
2017-03-12 10:35:01.281124	Trial	start	1
2017-03-12 10:35:01.283880	Speaker	play	None
2017-03-12 10:35:07.289500	Speaker	stop	None
2017-03-12 10:35:07.290096	Trial	end	1
2017-03-12 10:35:12.073160	Trial	start	2
2017-03-12 10:35:12.075725	Speaker	play	None
2017-03-12 10:35:12.126449	Speaker	stop	None
2017-03-12 10:35:12.127069	Trial	end	2
2017-03-12 10:35:12.127702	Trial	start	3
2017-03-12 10:35:12.129714	Speaker	play	None
2017-03-12 10:35:12.753123	Speaker	stop	None
2017-03-12 10:35:12.753766	Trial	end	3
2017-03-12 10:35:12.754430	Trial	start	4
2017-03-12 10:35:12.756414	Speaker	play	None
2017-03-12 10:35:18.761410	Speaker	stop	None
2017-03-12 10:35:18.761939	Trial	end	4
2017-03-12 10:35:26.961510	Trial	start	5
2017-03-12 10:35:26.964404	Speaker	play	None
2017-03-12 10:35:27.009987	Speaker	stop	None
2017-03-12 10:35:27.010525	Trial	end	5
2017-03-12 10:35:27.011163	Trial	start	6
2017-03-12 10:35:27.013303	Speaker	play	None
2017-03-12 10:35:33.018264	Speaker	stop	None
2017-03-12 10:35:33.018854	Trial	end	6
2017-03-12 10:35:39.128877	Trial	start	7
2017-03-12 10:35:39.131018	Speaker	play	None
2017-03-12 10:35:39.178165	Speaker	stop	None
2017-03-12 10:35:39.178845	Trial	end	7
2017-03-12 10:35:39.179644	Trial	start	8
2017-03-12 10:35:39.182245	Speaker	play	None
2017-03-12 10:35:45.186408	Speaker	stop	None
2017-03-12 10:35:45.186988	Trial	end	8
2017-03-12 10:35:51.198867	Trial	start	9
2017-03-12 10:35:51.201053	Speaker	play	None
2017-03-12 10:35:57.207100	Speaker	stop	None
2017-03-12 10:35:57.207677	Trial	end	9
2017-03-12 10:36:14.838840	Trial	start	10
2017-03-12 10:36:14.841327	Speaker	play	None
2017-03-12 10:36:14.884037	Speaker	stop	None
2017-03-12 10:36:14.884719	Trial	end	10
2017-03-12 10:36:14.885447	Trial	start	11
2017-03-12 10:36:14.887532	Speaker	play	None
2017-03-12 10:36:20.892220	Speaker	stop	None
2017-03-12 10:36:20.892769	Trial	end	11
2017-03-12 10:36:26.667021	Trial	start	12
2017-03-12 10:36:26.669748	Speaker	play	None
2017-03-12 10:36:32.675426	Speaker	stop	None
2017-03-12 10:36:32.675992	Trial	end	12
2017-03-12 10:36:36.066616	Trial	start	13
2017-03-12 10:36:36.069155	Speaker	play	None
2017-03-12 10:36:42.074895	Speaker	stop	None
2017-03-12 10:36:42.075459	Trial	end	13
2017-03-12 10:36:45.879747	Trial	start	14
2017-03-12 10:36:45.881703	Speaker	play	None
2017-03-12 10:36:51.884061	Speaker	stop	None
2017-03-12 10:36:51.884645	Trial	end	14
2017-03-12 10:36:56.139365	Trial	start	15
2017-03-12 10:36:56.141999	Speaker	play	None
2017-03-12 10:36:56.188595	Speaker	stop	None
2017-03-12 10:36:56.189082	Trial	end	15
2017-03-12 10:36:56.189857	Trial	start	16
2017-03-12 10:36:56.191863	Speaker	play	None
2017-03-12 10:37:02.196911	Speaker	stop	None
2017-03-12 10:37:02.197544	Trial	end	16
2017-03-12 10:37:16.027886	Trial	start	17
2017-03-12 10:37:16.030400	Speaker	play	None
2017-03-12 10:37:16.081173	Speaker	stop	None
2017-03-12 10:37:16.081722	Trial	end	17
2017-03-12 10:37:16.082380	Trial	start	18
2017-03-12 10:37:16.084271	Speaker	play	None
2017-03-12 10:37:22.089523	Speaker	stop	None
2017-03-12 10:37:22.090161	Trial	end	18
2017-03-12 10:37:25.419159	Trial	start	19
2017-03-12 10:37:25.421222	Speaker	play	None
2017-03-12 10:37:31.423618	Speaker	stop	None
2017-03-12 10:37:31.424696	Trial	end	19
2017-03-12 10:37:37.415479	Trial	start	20
2017-03-12 10:37:37.418050	Speaker	play	None
2017-03-12 10:37:43.423833	Speaker	stop	None
2017-03-12 10:37:43.424620	Hopper	up	None
2017-03-12 10:37:55.428101	Hopper	down	None
2017-03-12 10:37:55.731179	Trial	end	20
2017-03-12 10:38:07.211318	Trial	start	21
2017-03-12 10:38:07.213598	Speaker	play	None
2017-03-12 10:38:13.219719	Speaker	stop	None
2017-03-12 10:38:13.220334	Trial	end	21
2017-03-12 10:38:17.098306	Trial	start	22
2017-03-12 10:38:17.100470	Speaker	play	None
2017-03-12 10:38:23.106718	Speaker	stop	None
2017-03-12 10:38:23.107552	Trial	end	22
2017-03-12 10:38:31.670659	Trial	start	23
2017-03-12 10:38:31.672818	Speaker	play	None
2017-03-12 10:38:31.715827	Speaker	stop	None
2017-03-12 10:38:31.716387	Trial	end	23
2017-03-12 10:38:31.717011	Trial	start	24
2017-03-12 10:38:31.718909	Speaker	play	None
2017-03-12 10:38:37.724198	Speaker	stop	None
2017-03-12 10:38:37.724828	Trial	end	24
2017-03-12 10:38:41.131708	Trial	start	25
2017-03-12 10:38:41.134004	Speaker	play	None
2017-03-12 10:38:41.184967	Speaker	stop	None
2017-03-12 10:38:41.185688	Trial	end	25
2017-03-12 10:38:41.186447	Trial	start	26
2017-03-12 10:38:41.188553	Speaker	play	None
2017-03-12 10:38:47.193403	Speaker	stop	None
2017-03-12 10:38:47.194102	Trial	end	26
2017-03-12 10:38:49.650702	Trial	start	27
2017-03-12 10:38:49.652720	Speaker	play	None
2017-03-12 10:38:49.699918	Speaker	stop	None
2017-03-12 10:38:49.700527	Trial	end	27
2017-03-12 10:38:49.701244	Trial	start	28
2017-03-12 10:38:49.703875	Speaker	play	None
2017-03-12 10:38:55.708528	Speaker	stop	None
2017-03-12 10:38:55.709998	Hopper	up	None
2017-03-12 10:39:07.712559	Hopper	down	None
2017-03-12 10:39:08.015631	Trial	end	28
2017-03-12 10:39:20.859674	Trial	start	29
2017-03-12 10:39:20.862085	Speaker	play	None
2017-03-12 10:39:26.868090	Speaker	stop	None
2017-03-12 10:39:26.868662	Trial	end	29
2017-03-12 10:39:29.321518	Trial	start	30
2017-03-12 10:39:29.324347	Speaker	play	None
2017-03-12 10:39:35.329787	Speaker	stop	None
2017-03-12 10:39:35.330399	Trial	end	30
2017-03-12 10:39:36.951624	Trial	start	31
2017-03-12 10:39:36.955122	Speaker	play	None
2017-03-12 10:39:42.960028	Speaker	stop	None
2017-03-12 10:39:42.960794	Hopper	up	None
2017-03-12 10:39:54.964377	Hopper	down	None
2017-03-12 10:39:55.267434	Trial	end	31
2017-03-12 10:40:07.996856	Trial	start	32
2017-03-12 10:40:07.998948	Speaker	play	None
2017-03-12 10:40:08.050193	Speaker	stop	None
2017-03-12 10:40:08.050910	Trial	end	32
2017-03-12 10:40:08.051994	Trial	start	33
2017-03-12 10:40:08.054176	Speaker	play	None
2017-03-12 10:40:14.058568	Speaker	stop	None
2017-03-12 10:40:14.059349	Hopper	up	None
2017-03-12 10:40:26.063061	Hopper	down	None
2017-03-12 10:40:26.365964	Trial	end	33
2017-03-12 10:40:42.027879	Trial	start	34
2017-03-12 10:40:42.030189	Speaker	play	None
2017-03-12 10:40:42.081209	Speaker	stop	None
2017-03-12 10:40:42.081819	Trial	end	34
2017-03-12 10:40:42.082458	Trial	start	35
2017-03-12 10:40:42.084411	Speaker	play	None
2017-03-12 10:40:48.089518	Speaker	stop	None
2017-03-12 10:40:48.090090	Trial	end	35
2017-03-12 10:40:50.772151	Trial	start	36
2017-03-12 10:40:50.774560	Speaker	play	None
2017-03-12 10:40:50.825487	Speaker	stop	None
2017-03-12 10:40:50.826059	Trial	end	36
2017-03-12 10:40:50.826713	Trial	start	37
2017-03-12 10:40:50.828836	Speaker	play	None
2017-03-12 10:40:56.833866	Speaker	stop	None
2017-03-12 10:40:56.834412	Trial	end	37
2017-03-12 10:41:00.429803	Trial	start	38
2017-03-12 10:41:00.431953	Speaker	play	None
2017-03-12 10:41:06.438252	Speaker	stop	None
2017-03-12 10:41:06.439162	Hopper	up	None
2017-03-12 10:41:18.442588	Hopper	down	None
2017-03-12 10:41:18.745787	Trial	end	38
2017-03-12 10:41:35.689562	Trial	start	39
2017-03-12 10:41:35.691854	Speaker	play	None
2017-03-12 10:41:35.742907	Speaker	stop	None
2017-03-12 10:41:35.743392	Trial	end	39
2017-03-12 10:41:35.744134	Trial	start	40
2017-03-12 10:41:35.746186	Speaker	play	None
2017-03-12 10:41:41.751321	Speaker	stop	None
2017-03-12 10:41:41.752129	Trial	end	40
2017-03-12 10:41:47.329676	Trial	start	41
2017-03-12 10:41:47.332785	Speaker	play	None
2017-03-12 10:41:53.338021	Speaker	stop	None
2017-03-12 10:41:53.338660	Trial	end	41
2017-03-12 10:41:56.557104	Trial	start	42
2017-03-12 10:41:56.559873	Speaker	play	None
2017-03-12 10:42:02.565621	Speaker	stop	None
2017-03-12 10:42:02.566621	Hopper	up	None
2017-03-12 10:42:14.569954	Hopper	down	None
2017-03-12 10:42:14.873057	Trial	end	42
2017-03-12 10:42:36.899775	Trial	start	43
2017-03-12 10:42:36.901985	Speaker	play	None
2017-03-12 10:42:36.948962	Speaker	stop	None
2017-03-12 10:42:36.949513	Trial	end	43
2017-03-12 10:42:36.950153	Trial	start	44
2017-03-12 10:42:36.951903	Speaker	play	None
2017-03-12 10:42:42.957329	Speaker	stop	None
2017-03-12 10:42:42.957962	Trial	end	44
2017-03-12 10:42:45.742403	Trial	start	45
2017-03-12 10:42:45.745186	Speaker	play	None
2017-03-12 10:42:45.795886	Speaker	stop	None
2017-03-12 10:42:45.796609	Trial	end	45
2017-03-12 10:42:45.797974	Trial	start	46
2017-03-12 10:42:45.803392	Speaker	play	None
2017-03-12 10:42:51.808192	Speaker	stop	None
2017-03-12 10:42:51.809218	Hopper	up	None
2017-03-12 10:43:03.812489	Hopper	down	None
2017-03-12 10:43:04.115633	Trial	end	46
2017-03-12 10:43:26.355268	Trial	start	47
2017-03-12 10:43:26.357387	Speaker	play	None
2017-03-12 10:43:32.363822	Speaker	stop	None
2017-03-12 10:43:32.364469	Trial	end	47
2017-03-12 10:43:37.192521	Trial	start	48
2017-03-12 10:43:37.194801	Speaker	play	None
2017-03-12 10:43:37.245779	Speaker	stop	None
2017-03-12 10:43:37.246360	Trial	end	48
2017-03-12 10:43:37.246976	Trial	start	49
2017-03-12 10:43:37.248842	Speaker	play	None
2017-03-12 10:43:43.254231	Speaker	stop	None
2017-03-12 10:43:43.254770	Trial	end	49
2017-03-12 10:43:48.082973	Trial	start	50
2017-03-12 10:43:48.084884	Speaker	play	None
2017-03-12 10:43:54.087340	Speaker	stop	None
2017-03-12 10:43:54.087793	Trial	end	50
2017-03-12 10:44:08.504199	Trial	start	51
2017-03-12 10:44:08.506284	Speaker	play	None
2017-03-12 10:44:14.512576	Speaker	stop	None
2017-03-12 10:44:14.513177	Trial	end	51
2017-03-12 10:44:17.621190	Trial	start	52
2017-03-12 10:44:17.623978	Speaker	play	None
2017-03-12 10:44:23.629646	Speaker	stop	None
2017-03-12 10:44:23.630189	Trial	end	52
2017-03-12 10:44:27.938275	Trial	start	53
2017-03-12 10:44:27.940425	Speaker	play	None
2017-03-12 10:44:33.946690	Speaker	stop	None
2017-03-12 10:44:33.947536	Hopper	up	None
2017-03-12 10:44:45.951128	Hopper	down	None
2017-03-12 10:44:46.254229	Trial	end	53
2017-03-12 10:45:23.287617	Trial	start	54
2017-03-12 10:45:23.289786	Speaker	play	None
2017-03-12 10:45:29.296084	Speaker	stop	None
2017-03-12 10:45:29.296675	Trial	end	54
2017-03-12 10:45:32.396459	Trial	start	55
2017-03-12 10:45:32.402858	Speaker	play	None
2017-03-12 10:45:38.409010	Speaker	stop	None
2017-03-12 10:45:38.409560	Trial	end	55
2017-03-12 10:45:43.155909	Trial	start	56
2017-03-12 10:45:43.158521	Speaker	play	None
2017-03-12 10:45:43.209223	Speaker	stop	None
2017-03-12 10:45:43.209914	Trial	end	56
2017-03-12 10:45:43.210845	Trial	start	57
2017-03-12 10:45:43.213012	Speaker	play	None
2017-03-12 10:45:49.217635	Speaker	stop	None
2017-03-12 10:45:49.218461	Hopper	up	None
2017-03-12 10:46:01.222066	Hopper	down	None
2017-03-12 10:46:01.525163	Trial	end	57
2017-03-12 10:46:32.947492	Trial	start	58
2017-03-12 10:46:32.949773	Speaker	play	None
2017-03-12 10:46:38.955886	Speaker	stop	None
2017-03-12 10:46:38.956425	Trial	end	58
2017-03-12 10:46:53.749572	Trial	start	59
2017-03-12 10:46:53.752514	Speaker	play	None
2017-03-12 10:46:59.758097	Speaker	stop	None
2017-03-12 10:46:59.758693	Trial	end	59
2017-03-12 10:47:03.546558	Trial	start	60
2017-03-12 10:47:03.549578	Speaker	play	None
2017-03-12 10:47:09.555054	Speaker	stop	None
2017-03-12 10:47:09.555662	Trial	end	60
2017-03-12 10:47:29.013703	Trial	start	61
2017-03-12 10:47:29.015785	Speaker	play	None
2017-03-12 10:47:29.067031	Speaker	stop	None
2017-03-12 10:47:29.067620	Trial	end	61
2017-03-12 10:47:29.068199	Trial	start	62
2017-03-12 10:47:29.070357	Speaker	play	None
2017-03-12 10:47:35.075442	Speaker	stop	None
2017-03-12 10:47:35.075983	Trial	end	62
2017-03-12 10:47:41.419613	Trial	start	63
2017-03-12 10:47:41.422303	Speaker	play	None
2017-03-12 10:47:47.428079	Speaker	stop	None
2017-03-12 10:47:47.428640	Trial	end	63
2017-03-12 10:47:51.847366	Trial	start	64
2017-03-12 10:47:51.849418	Speaker	play	None
2017-03-12 10:47:51.900632	Speaker	stop	None
2017-03-12 10:47:51.901083	Trial	end	64
2017-03-12 10:47:51.901872	Trial	start	65
2017-03-12 10:47:51.903928	Speaker	play	None
2017-03-12 10:47:57.909161	Speaker	stop	None
2017-03-12 10:47:57.909845	Trial	end	65
2017-03-12 10:48:02.098979	Trial	start	66
2017-03-12 10:48:02.101842	Speaker	play	None
2017-03-12 10:48:08.107328	Speaker	stop	None
2017-03-12 10:48:08.107896	Trial	end	66
2017-03-12 10:48:22.176115	Trial	start	67
2017-03-12 10:48:22.178319	Speaker	play	None
2017-03-12 10:48:28.184592	Speaker	stop	None
2017-03-12 10:48:28.185183	Trial	end	67
2017-03-12 10:48:31.366920	Trial	start	68
2017-03-12 10:48:31.368887	Speaker	play	None
2017-03-12 10:48:37.375401	Speaker	stop	None
2017-03-12 10:48:37.376096	Trial	end	68
2017-03-12 10:48:42.793968	Trial	start	69
2017-03-12 10:48:42.798014	Speaker	play	None
2017-03-12 10:48:48.802500	Speaker	stop	None
2017-03-12 10:48:48.803247	Trial	end	69
2017-03-12 10:48:52.214102	Trial	start	70
2017-03-12 10:48:52.216324	Speaker	play	None
2017-03-12 10:48:58.222686	Speaker	stop	None
2017-03-12 10:48:58.223502	Hopper	up	None
2017-03-12 10:49:10.227027	Hopper	down	None
2017-03-12 10:49:10.530107	Trial	end	70
2017-03-12 10:49:29.014119	Trial	start	71
2017-03-12 10:49:29.016214	Speaker	play	None
2017-03-12 10:49:29.063422	Speaker	stop	None
2017-03-12 10:49:29.064009	Trial	end	71
2017-03-12 10:49:29.064696	Trial	start	72
2017-03-12 10:49:29.069276	Speaker	play	None
2017-03-12 10:49:35.071867	Speaker	stop	None
2017-03-12 10:49:35.072456	Trial	end	72
2017-03-12 10:49:41.653584	Trial	start	73
2017-03-12 10:49:41.656036	Speaker	play	None
2017-03-12 10:49:47.662024	Speaker	stop	None
2017-03-12 10:49:47.662570	Trial	end	73
2017-03-12 10:49:52.765235	Trial	start	74
2017-03-12 10:49:52.767869	Speaker	play	None
2017-03-12 10:49:52.818572	Speaker	stop	None
2017-03-12 10:49:52.819090	Trial	end	74
2017-03-12 10:49:52.819788	Trial	start	75
2017-03-12 10:49:52.821924	Speaker	play	None
2017-03-12 10:49:58.826954	Speaker	stop	None
2017-03-12 10:49:58.827500	Trial	end	75
2017-03-12 10:50:03.127493	Trial	start	76
2017-03-12 10:50:03.130214	Speaker	play	None
2017-03-12 10:50:09.135854	Speaker	stop	None
2017-03-12 10:50:09.136400	Trial	end	76
2017-03-12 10:50:13.751690	Trial	start	77
2017-03-12 10:50:13.754240	Speaker	play	None
2017-03-12 10:50:19.760155	Speaker	stop	None
2017-03-12 10:50:19.760687	Trial	end	77
2017-03-12 10:50:25.322222	Trial	start	78
2017-03-12 10:50:25.324906	Speaker	play	None
2017-03-12 10:50:25.379559	Speaker	stop	None
2017-03-12 10:50:25.380161	Trial	end	78
2017-03-12 10:50:25.380933	Trial	start	79
2017-03-12 10:50:25.383649	Speaker	play	None
2017-03-12 10:50:31.388022	Speaker	stop	None
2017-03-12 10:50:31.388561	Trial	end	79
2017-03-12 10:50:34.597652	Trial	start	80
2017-03-12 10:50:34.601453	Speaker	play	None
2017-03-12 10:50:40.607437	Speaker	stop	None
2017-03-12 10:50:40.608316	Hopper	up	None
2017-03-12 10:50:52.611918	Hopper	down	None
2017-03-12 10:50:52.915004	Trial	end	80
2017-03-12 10:51:12.848877	Trial	start	81
2017-03-12 10:51:12.851602	Speaker	play	None
2017-03-12 10:51:12.898093	Speaker	stop	None
2017-03-12 10:51:12.898620	Trial	end	81
2017-03-12 10:51:12.899323	Trial	start	82
2017-03-12 10:51:12.901292	Speaker	play	None
2017-03-12 10:51:18.906595	Speaker	stop	None
2017-03-12 10:51:18.907187	Trial	end	82
2017-03-12 10:51:23.673867	Trial	start	83
2017-03-12 10:51:23.675950	Speaker	play	None
2017-03-12 10:51:29.682384	Speaker	stop	None
2017-03-12 10:51:29.682959	Trial	end	83
2017-03-12 10:51:32.881056	Trial	start	84
2017-03-12 10:51:32.883002	Speaker	play	None
2017-03-12 10:51:32.934467	Speaker	stop	None
2017-03-12 10:51:32.935081	Trial	end	84
2017-03-12 10:51:32.935850	Trial	start	85
2017-03-12 10:51:32.938286	Speaker	play	None
2017-03-12 10:51:38.942865	Speaker	stop	None
2017-03-12 10:51:38.943388	Trial	end	85
2017-03-12 10:51:43.026200	Trial	start	86
2017-03-12 10:51:43.029032	Speaker	play	None
2017-03-12 10:51:49.034686	Speaker	stop	None
2017-03-12 10:51:49.035308	Trial	end	86
2017-03-12 10:52:09.959641	Trial	start	87
2017-03-12 10:52:09.961768	Speaker	play	None
2017-03-12 10:52:15.964166	Speaker	stop	None
2017-03-12 10:52:15.964971	Hopper	up	None
2017-03-12 10:52:27.968607	Hopper	down	None
2017-03-12 10:52:28.271691	Trial	end	87
2017-03-12 10:52:42.152091	Trial	start	88
2017-03-12 10:52:42.155114	Speaker	play	None
2017-03-12 10:52:42.209540	Speaker	stop	None
2017-03-12 10:52:42.210066	Trial	end	88
2017-03-12 10:52:42.210854	Trial	start	89
2017-03-12 10:52:42.212868	Speaker	play	None
2017-03-12 10:52:48.217923	Speaker	stop	None
2017-03-12 10:52:48.218549	Trial	end	89
2017-03-12 10:52:52.194814	Trial	start	90
2017-03-12 10:52:52.196958	Speaker	play	None
2017-03-12 10:52:52.248159	Speaker	stop	None
2017-03-12 10:52:52.248753	Trial	end	90
2017-03-12 10:52:52.249353	Trial	start	91
2017-03-12 10:52:52.251392	Speaker	play	None
2017-03-12 10:52:58.256538	Speaker	stop	None
2017-03-12 10:52:58.257538	Hopper	up	None
2017-03-12 10:53:10.261083	Hopper	down	None
2017-03-12 10:53:10.564157	Trial	end	91
2017-03-12 10:54:13.695681	Trial	start	92
2017-03-12 10:54:13.698311	Speaker	play	None
2017-03-12 10:54:19.704204	Speaker	stop	None
2017-03-12 10:54:19.704721	Trial	end	92
2017-03-12 10:54:26.404806	Trial	start	93
2017-03-12 10:54:26.407109	Speaker	play	None
2017-03-12 10:54:32.413267	Speaker	stop	None
2017-03-12 10:54:32.413864	Trial	end	93
2017-03-12 10:54:40.776714	Trial	start	94
2017-03-12 10:54:40.779215	Speaker	play	None
2017-03-12 10:54:46.785198	Speaker	stop	None
2017-03-12 10:54:46.785818	Trial	end	94
2017-03-12 10:54:51.847440	Trial	start	95
2017-03-12 10:54:51.850409	Speaker	play	None
2017-03-12 10:54:51.900817	Speaker	stop	None
2017-03-12 10:54:51.901414	Trial	end	95
2017-03-12 10:54:51.902046	Trial	start	96
2017-03-12 10:54:51.903990	Speaker	play	None
2017-03-12 10:54:57.909173	Speaker	stop	None
2017-03-12 10:54:57.909775	Trial	end	96
2017-03-12 10:55:02.795389	Trial	start	97
2017-03-12 10:55:02.797724	Speaker	play	None
2017-03-12 10:55:02.848636	Speaker	stop	None
2017-03-12 10:55:02.849135	Trial	end	97
2017-03-12 10:55:02.849755	Trial	start	98
2017-03-12 10:55:02.851823	Speaker	play	None
2017-03-12 10:55:08.857023	Speaker	stop	None
2017-03-12 10:55:08.857596	Trial	end	98
2017-03-12 10:55:30.617602	Trial	start	99
2017-03-12 10:55:30.619610	Speaker	play	None
2017-03-12 10:55:30.666858	Speaker	stop	None
2017-03-12 10:55:30.667356	Trial	end	99
2017-03-12 10:55:30.667959	Trial	start	100
2017-03-12 10:55:30.669923	Speaker	play	None
2017-03-12 10:55:36.675283	Speaker	stop	None
2017-03-12 10:55:36.675822	Trial	end	100
2017-03-12 10:55:42.134813	Trial	start	101
2017-03-12 10:55:42.137592	Speaker	play	None
2017-03-12 10:55:48.143325	Speaker	stop	None
2017-03-12 10:55:48.143884	Trial	end	101
2017-03-12 10:56:05.148757	Trial	start	102
2017-03-12 10:56:05.151192	Speaker	play	None
2017-03-12 10:56:11.157300	Speaker	stop	None
2017-03-12 10:56:11.158056	Trial	end	102
2017-03-12 10:56:17.308975	Trial	start	103
2017-03-12 10:56:17.311417	Speaker	play	None
2017-03-12 10:56:17.358180	Speaker	stop	None
2017-03-12 10:56:17.358754	Trial	end	103
2017-03-12 10:56:17.359453	Trial	start	104
2017-03-12 10:56:17.361577	Speaker	play	None
2017-03-12 10:56:23.366606	Speaker	stop	None
2017-03-12 10:56:23.367162	Trial	end	104
2017-03-12 10:56:59.290195	Trial	start	105
2017-03-12 10:56:59.292181	Speaker	play	None
2017-03-12 10:56:59.343534	Speaker	stop	None
2017-03-12 10:56:59.344059	Trial	end	105
2017-03-12 10:56:59.344735	Trial	start	106
2017-03-12 10:56:59.346740	Speaker	play	None
2017-03-12 10:57:05.351941	Speaker	stop	None
2017-03-12 10:57:05.352511	Trial	end	106
2017-03-12 10:57:20.407991	Trial	start	107
2017-03-12 10:57:20.410697	Speaker	play	None
2017-03-12 10:57:26.416321	Speaker	stop	None
2017-03-12 10:57:26.416920	Trial	end	107
2017-03-12 10:57:47.071949	Trial	start	108
2017-03-12 10:57:47.073960	Speaker	play	None
2017-03-12 10:57:47.125332	Speaker	stop	None
2017-03-12 10:57:47.125887	Trial	end	108
2017-03-12 10:57:47.126484	Trial	start	109
2017-03-12 10:57:47.128422	Speaker	play	None
2017-03-12 10:57:53.134351	Speaker	stop	None
2017-03-12 10:57:53.135219	Hopper	up	None
2017-03-12 10:58:05.136070	Hopper	down	None
2017-03-12 10:58:05.439156	Trial	end	109
2017-03-12 10:58:19.861660	Trial	start	110
2017-03-12 10:58:19.863771	Speaker	play	None
2017-03-12 10:58:25.866634	Speaker	stop	None
2017-03-12 10:58:25.867413	Hopper	up	None
2017-03-12 10:58:37.868298	Hopper	down	None
2017-03-12 10:58:38.171313	Trial	end	110
2017-03-12 10:59:16.740330	Trial	start	111
2017-03-12 10:59:16.742454	Speaker	play	None
2017-03-12 10:59:22.745231	Speaker	stop	None
2017-03-12 10:59:22.745779	Trial	end	111
2017-03-12 10:59:30.093621	Trial	start	112
2017-03-12 10:59:30.095572	Speaker	play	None
2017-03-12 10:59:36.098527	Speaker	stop	None
2017-03-12 10:59:36.099300	Hopper	up	None
2017-03-12 10:59:48.100162	Hopper	down	None
2017-03-12 10:59:48.403103	Trial	end	112
2017-03-12 11:00:25.779751	Trial	start	113
2017-03-12 11:00:25.781928	Speaker	play	None
2017-03-12 11:00:31.784666	Speaker	stop	None
2017-03-12 11:00:31.787021	Hopper	up	None
2017-03-12 11:00:43.790088	Hopper	down	None
2017-03-12 11:00:44.093202	Trial	end	113
2017-03-12 11:01:06.326566	Trial	start	114
2017-03-12 11:01:06.328763	Speaker	play	None
2017-03-12 11:01:12.331455	Speaker	stop	None
2017-03-12 11:01:12.332171	Trial	end	114
2017-03-12 11:01:19.208669	Trial	start	115
2017-03-12 11:01:19.210985	Speaker	play	None
2017-03-12 11:01:25.213477	Speaker	stop	None
2017-03-12 11:01:25.213980	Trial	end	115
2017-03-12 11:01:28.781165	Trial	start	116
2017-03-12 11:01:28.784853	Speaker	play	None
2017-03-12 11:01:34.789990	Speaker	stop	None
2017-03-12 11:01:34.790655	Trial	end	116
2017-03-12 11:01:40.028692	Trial	start	117
2017-03-12 11:01:40.030819	Speaker	play	None
2017-03-12 11:01:40.086136	Speaker	stop	None
2017-03-12 11:01:40.086622	Trial	end	117
2017-03-12 11:01:40.087265	Trial	start	118
2017-03-12 11:01:40.089561	Speaker	play	None
2017-03-12 11:01:46.095103	Speaker	stop	None
2017-03-12 11:01:46.095735	Trial	end	118
2017-03-12 11:02:06.915119	Trial	start	119
2017-03-12 11:02:06.919557	Speaker	play	None
2017-03-12 11:02:12.923842	Speaker	stop	None
2017-03-12 11:02:12.924398	Trial	end	119
2017-03-12 11:02:18.494451	Trial	start	120
2017-03-12 11:02:18.496568	Speaker	play	None
2017-03-12 11:02:24.503302	Speaker	stop	None
2017-03-12 11:02:24.504041	Trial	end	120
2017-03-12 11:02:28.558290	Trial	start	121
2017-03-12 11:02:28.561073	Speaker	play	None
2017-03-12 11:02:34.567186	Speaker	stop	None
2017-03-12 11:02:34.568149	Hopper	up	None
2017-03-12 11:02:46.568442	Hopper	down	None
2017-03-12 11:02:46.871468	Trial	end	121
2017-03-12 11:03:05.520575	Trial	start	122
2017-03-12 11:03:05.522776	Speaker	play	None
2017-03-12 11:03:11.525308	Speaker	stop	None
2017-03-12 11:03:11.526160	Hopper	up	None
2017-03-12 11:03:23.526519	Hopper	down	None
2017-03-12 11:03:23.829581	Trial	end	122
2017-03-12 11:03:52.833207	Trial	start	123
2017-03-12 11:03:52.836464	Speaker	play	None
2017-03-12 11:03:58.842026	Speaker	stop	None
2017-03-12 11:03:58.842629	Trial	end	123
2017-03-12 11:04:06.915096	Trial	start	124
2017-03-12 11:04:06.917773	Speaker	play	None
2017-03-12 11:04:12.923962	Speaker	stop	None
2017-03-12 11:04:12.924730	Trial	end	124
2017-03-12 11:04:34.485071	Trial	start	125
2017-03-12 11:04:34.487261	Speaker	play	None
2017-03-12 11:04:40.489745	Speaker	stop	None
2017-03-12 11:04:40.490536	Hopper	up	None
2017-03-12 11:04:52.490823	Hopper	down	None
2017-03-12 11:04:52.794036	Trial	end	125
2017-03-12 11:05:18.029097	Trial	start	126
2017-03-12 11:05:18.031431	Speaker	play	None
2017-03-12 11:05:24.033889	Speaker	stop	None
2017-03-12 11:05:24.034812	Hopper	up	None
2017-03-12 11:05:36.038994	Hopper	down	None
2017-03-12 11:05:36.341975	Trial	end	126
2017-03-12 11:05:54.777767	Trial	start	127
2017-03-12 11:05:54.780305	Speaker	play	None
2017-03-12 11:06:00.786561	Speaker	stop	None
2017-03-12 11:06:00.787108	Trial	end	127
2017-03-12 11:06:42.175822	Trial	start	128
2017-03-12 11:06:42.178110	Speaker	play	None
2017-03-12 11:06:42.229165	Speaker	stop	None
2017-03-12 11:06:42.229842	Trial	end	128
2017-03-12 11:06:42.230482	Trial	start	129
2017-03-12 11:06:42.232427	Speaker	play	None
2017-03-12 11:06:48.237860	Speaker	stop	None
2017-03-12 11:06:48.238457	Trial	end	129
2017-03-12 11:06:53.230691	Trial	start	130
2017-03-12 11:06:53.232676	Speaker	play	None
2017-03-12 11:06:59.235356	Speaker	stop	None
2017-03-12 11:06:59.237709	Hopper	up	None
2017-03-12 11:07:11.240439	Hopper	down	None
2017-03-12 11:07:11.543541	Trial	end	130
2017-03-12 11:07:41.025877	Trial	start	131
2017-03-12 11:07:41.027851	Speaker	play	None
2017-03-12 11:07:47.030563	Speaker	stop	None
2017-03-12 11:07:47.031127	Trial	end	131
2017-03-12 11:08:11.802575	Trial	start	132
2017-03-12 11:08:11.804849	Speaker	play	None
2017-03-12 11:08:17.811344	Speaker	stop	None
2017-03-12 11:08:17.812092	Trial	end	132
2017-03-12 11:08:24.630917	Trial	start	133
2017-03-12 11:08:24.633407	Speaker	play	None
2017-03-12 11:08:30.639533	Speaker	stop	None
2017-03-12 11:08:30.640064	Trial	end	133
2017-03-12 11:08:41.780342	Trial	start	134
2017-03-12 11:08:41.783066	Speaker	play	None
2017-03-12 11:08:47.789045	Speaker	stop	None
2017-03-12 11:08:47.789766	Trial	end	134
2017-03-12 11:09:05.536472	Trial	start	135
2017-03-12 11:09:05.538549	Speaker	play	None
2017-03-12 11:09:11.541228	Speaker	stop	None
2017-03-12 11:09:11.541843	Trial	end	135
2017-03-12 11:09:16.452036	Trial	start	136
2017-03-12 11:09:16.454143	Speaker	play	None
2017-03-12 11:09:22.456617	Speaker	stop	None
2017-03-12 11:09:22.457232	Trial	end	136
2017-03-12 11:09:30.050378	Trial	start	137
2017-03-12 11:09:30.052374	Speaker	play	None
2017-03-12 11:09:30.103686	Speaker	stop	None
2017-03-12 11:09:30.104252	Trial	end	137
2017-03-12 11:09:30.104953	Trial	start	138
2017-03-12 11:09:30.106959	Speaker	play	None
2017-03-12 11:09:36.112337	Speaker	stop	None
2017-03-12 11:09:36.112920	Trial	end	138
2017-03-12 11:09:56.190293	Trial	start	139
2017-03-12 11:09:56.192409	Speaker	play	None
2017-03-12 11:10:02.199021	Speaker	stop	None
2017-03-12 11:10:02.199575	Trial	end	139
2017-03-12 11:10:11.439234	Trial	start	140
2017-03-12 11:10:11.441285	Speaker	play	None
2017-03-12 11:10:17.443819	Speaker	stop	None
2017-03-12 11:10:17.444404	Trial	end	140
2017-03-12 11:10:52.127621	Trial	start	141
2017-03-12 11:10:52.129687	Speaker	play	None
2017-03-12 11:10:58.132253	Speaker	stop	None
2017-03-12 11:10:58.133121	Hopper	up	None
2017-03-12 11:11:10.137120	Hopper	down	None
2017-03-12 11:11:10.440296	Trial	end	141
2017-03-12 11:11:52.873354	Trial	start	142
2017-03-12 11:11:52.875784	Speaker	play	None
2017-03-12 11:11:58.882092	Speaker	stop	None
2017-03-12 11:11:58.882735	Trial	end	142
2017-03-12 11:12:17.968775	Trial	start	143
2017-03-12 11:12:17.970880	Speaker	play	None
2017-03-12 11:12:18.022025	Speaker	stop	None
2017-03-12 11:12:18.022563	Trial	end	143
2017-03-12 11:12:18.023159	Trial	start	144
2017-03-12 11:12:18.025173	Speaker	play	None
2017-03-12 11:12:24.030603	Speaker	stop	None
2017-03-12 11:12:24.031221	Trial	end	144
2017-03-12 11:12:28.183735	Trial	start	145
2017-03-12 11:12:28.185941	Speaker	play	None
2017-03-12 11:12:34.188419	Speaker	stop	None
2017-03-12 11:12:34.189266	Trial	end	145
2017-03-12 11:12:39.615275	Trial	start	146
2017-03-12 11:12:39.617351	Speaker	play	None
2017-03-12 11:12:45.619862	Speaker	stop	None
2017-03-12 11:12:45.620419	Trial	end	146
2017-03-12 11:12:53.270915	Trial	start	147
2017-03-12 11:12:53.273147	Speaker	play	None
2017-03-12 11:12:59.279497	Speaker	stop	None
2017-03-12 11:12:59.280012	Trial	end	147
2017-03-12 11:13:06.455386	Trial	start	148
2017-03-12 11:13:06.457476	Speaker	play	None
2017-03-12 11:13:12.459996	Speaker	stop	None
2017-03-12 11:13:12.460542	Trial	end	148
2017-03-12 11:13:34.856091	Trial	start	149
2017-03-12 11:13:34.859057	Speaker	play	None
2017-03-12 11:13:40.864718	Speaker	stop	None
2017-03-12 11:13:40.865590	Hopper	up	None
2017-03-12 11:13:52.869606	Hopper	down	None
2017-03-12 11:13:53.172614	Trial	end	149
2017-03-12 11:14:14.782386	Trial	start	150
2017-03-12 11:14:14.786228	Speaker	play	None
2017-03-12 11:14:20.447263	Speaker	stop	None
2017-03-12 11:14:20.448633	Trial	end	150
2017-03-12 11:14:20.450025	Trial	start	151
2017-03-12 11:14:20.452849	Speaker	play	None
2017-03-12 11:14:26.455491	Speaker	stop	None
2017-03-12 11:14:26.456063	Trial	end	151
2017-03-12 11:16:42.428972	Trial	start	152
2017-03-12 11:16:42.432651	Speaker	play	None
2017-03-12 11:16:48.437641	Speaker	stop	None
2017-03-12 11:16:48.438471	Hopper	up	None
2017-03-12 11:17:00.442431	Hopper	down	None
2017-03-12 11:17:00.745543	Trial	end	152
2017-03-12 11:17:20.933841	Trial	start	153
2017-03-12 11:17:20.935956	Speaker	play	None
2017-03-12 11:17:25.709683	Speaker	stop	None
2017-03-12 11:17:25.710243	Trial	end	153
2017-03-12 11:17:25.710905	Trial	start	154
2017-03-12 11:17:25.712903	Speaker	play	None
2017-03-12 11:17:31.718197	Speaker	stop	None
2017-03-12 11:17:31.719040	Hopper	up	None
2017-03-12 11:17:43.723021	Hopper	down	None
2017-03-12 11:17:44.026085	Trial	end	154
2017-03-12 11:18:10.362207	Trial	start	155
2017-03-12 11:18:10.364422	Speaker	play	None
2017-03-12 11:18:16.366953	Speaker	stop	None
2017-03-12 11:18:16.367832	Trial	end	155
2017-03-12 11:19:48.121234	Trial	start	156
2017-03-12 11:19:48.123663	Speaker	play	None
2017-03-12 11:19:54.129875	Speaker	stop	None
2017-03-12 11:19:54.130501	Trial	end	156
2017-03-12 13:11:12.893213	Trial	start	157
2017-03-12 13:11:12.895719	Speaker	play	None
2017-03-12 13:11:12.950596	Speaker	stop	None
2017-03-12 13:11:12.951157	Trial	end	157
2017-03-12 13:11:12.951789	Trial	start	158
2017-03-12 13:11:12.953881	Speaker	play	None
2017-03-12 13:11:18.958973	Speaker	stop	None
2017-03-12 13:11:18.959509	Trial	end	158
2017-03-12 13:12:03.008236	Trial	start	159
2017-03-12 13:12:03.010350	Speaker	play	None
2017-03-12 13:12:03.065823	Speaker	stop	None
2017-03-12 13:12:03.066499	Trial	end	159
2017-03-12 13:12:03.067261	Trial	start	160
2017-03-12 13:12:03.069189	Speaker	play	None
2017-03-12 13:12:09.074062	Speaker	stop	None
2017-03-12 13:12:09.074614	Trial	end	160
2017-03-12 13:12:19.612312	Trial	start	161
2017-03-12 13:12:19.614678	Speaker	play	None
2017-03-12 13:12:19.665584	Speaker	stop	None
2017-03-12 13:12:19.666118	Trial	end	161
2017-03-12 13:12:19.666776	Trial	start	162
2017-03-12 13:12:19.669060	Speaker	play	None
2017-03-12 13:12:20.202275	Speaker	stop	None
2017-03-12 13:12:20.202993	Trial	end	162
2017-03-12 13:12:20.203946	Trial	start	163
2017-03-12 13:12:20.206326	Speaker	play	None
2017-03-12 13:12:26.210554	Speaker	stop	None
2017-03-12 13:12:26.211146	Trial	end	163
2017-03-12 13:12:33.848975	Trial	start	164
2017-03-12 13:12:33.851162	Speaker	play	None
2017-03-12 13:12:39.857441	Speaker	stop	None
2017-03-12 13:12:39.858009	Trial	end	164
2017-03-12 13:12:46.033648	Trial	start	165
2017-03-12 13:12:46.035723	Speaker	play	None
2017-03-12 13:12:46.091087	Speaker	stop	None
2017-03-12 13:12:46.091632	Trial	end	165
2017-03-12 13:12:46.092233	Trial	start	166
2017-03-12 13:12:46.094138	Speaker	play	None
2017-03-12 13:12:52.099481	Speaker	stop	None
2017-03-12 13:12:52.100115	Trial	end	166
2017-03-12 13:13:14.097472	Trial	start	167
2017-03-12 13:13:14.099535	Speaker	play	None
2017-03-12 13:13:20.105929	Speaker	stop	None
2017-03-12 13:13:20.106515	Trial	end	167
2017-03-12 13:13:27.400296	Trial	start	168
2017-03-12 13:13:27.402262	Speaker	play	None
2017-03-12 13:13:33.404675	Speaker	stop	None
2017-03-12 13:13:33.405245	Trial	end	168
2017-03-12 13:13:42.210469	Trial	start	169
2017-03-12 13:13:42.213522	Speaker	play	None
2017-03-12 13:13:42.268044	Speaker	stop	None
2017-03-12 13:13:42.268642	Trial	end	169
2017-03-12 13:13:42.269396	Trial	start	170
2017-03-12 13:13:42.271308	Speaker	play	None
2017-03-12 13:13:48.276195	Speaker	stop	None
2017-03-12 13:13:48.276788	Trial	end	170
2017-03-12 13:13:52.695445	Trial	start	171
2017-03-12 13:13:52.697443	Speaker	play	None
2017-03-12 13:13:58.703879	Speaker	stop	None
2017-03-12 13:13:58.704434	Trial	end	171
2017-03-12 13:14:27.842952	Trial	start	172
2017-03-12 13:14:27.845607	Speaker	play	None
2017-03-12 13:14:33.847940	Speaker	stop	None
2017-03-12 13:14:33.848475	Trial	end	172
2017-03-12 13:15:04.831633	Trial	start	173
2017-03-12 13:15:04.833810	Speaker	play	None
2017-03-12 13:15:04.881063	Speaker	stop	None
2017-03-12 13:15:04.881820	Trial	end	173
2017-03-12 13:15:04.882637	Trial	start	174
2017-03-12 13:15:04.884570	Speaker	play	None
2017-03-12 13:15:10.889928	Speaker	stop	None
2017-03-12 13:15:10.890757	Hopper	up	None
2017-03-12 13:15:22.891722	Hopper	down	None
2017-03-12 13:15:23.194866	Trial	end	174
2017-03-12 13:15:51.351989	Trial	start	175
2017-03-12 13:15:51.354735	Speaker	play	None
2017-03-12 13:15:51.388944	Speaker	stop	None
2017-03-12 13:15:51.389556	Trial	end	175
2017-03-12 13:15:51.390176	Trial	start	176
2017-03-12 13:15:51.392037	Speaker	play	None
2017-03-12 13:15:57.398053	Speaker	stop	None
2017-03-12 13:15:57.398667	Trial	end	176
2017-03-12 13:16:15.212061	Trial	start	177
2017-03-12 13:16:15.214145	Speaker	play	None
2017-03-12 13:16:21.217163	Speaker	stop	None
2017-03-12 13:16:21.217884	Trial	end	177
2017-03-12 13:16:24.993716	Trial	start	178
2017-03-12 13:16:24.997021	Speaker	play	None
2017-03-12 13:16:25.051100	Speaker	stop	None
2017-03-12 13:16:25.051659	Trial	end	178
2017-03-12 13:16:25.052383	Trial	start	179
2017-03-12 13:16:25.055593	Speaker	play	None
2017-03-12 13:16:25.788407	Speaker	stop	None
2017-03-12 13:16:25.788987	Trial	end	179
2017-03-12 13:16:25.789788	Trial	start	180
2017-03-12 13:16:25.792511	Speaker	play	None
2017-03-12 13:16:25.841649	Speaker	stop	None
2017-03-12 13:16:25.842167	Trial	end	180
2017-03-12 13:16:25.842883	Trial	start	181
2017-03-12 13:16:25.845500	Speaker	play	None
2017-03-12 13:16:31.850678	Speaker	stop	None
2017-03-12 13:16:31.851288	Trial	end	181
2017-03-12 13:16:52.269804	Trial	start	182
2017-03-12 13:16:52.272448	Speaker	play	None
2017-03-12 13:16:58.278931	Speaker	stop	None
2017-03-12 13:16:58.279548	Trial	end	182
2017-03-12 13:17:06.733201	Trial	start	183
2017-03-12 13:17:06.735144	Speaker	play	None
2017-03-12 13:17:06.786541	Speaker	stop	None
2017-03-12 13:17:06.787157	Trial	end	183
2017-03-12 13:17:06.787890	Trial	start	184
2017-03-12 13:17:06.790639	Speaker	play	None
2017-03-12 13:17:12.795587	Speaker	stop	None
2017-03-12 13:17:12.796337	Trial	end	184
2017-03-12 13:17:18.079444	Trial	start	185
2017-03-12 13:17:18.081746	Speaker	play	None
2017-03-12 13:17:24.084371	Speaker	stop	None
2017-03-12 13:17:24.084946	Trial	end	185
2017-03-12 13:17:28.250055	Trial	start	186
2017-03-12 13:17:28.252048	Speaker	play	None
2017-03-12 13:17:34.255010	Speaker	stop	None
2017-03-12 13:17:34.255883	Hopper	up	None
2017-03-12 13:17:46.256469	Hopper	down	None
2017-03-12 13:17:46.559567	Trial	end	186
2017-03-12 13:18:03.677160	Trial	start	187
2017-03-12 13:18:03.679417	Speaker	play	None
2017-03-12 13:18:05.479484	Speaker	stop	None
2017-03-12 13:18:05.480097	Trial	end	187
2017-03-12 13:18:05.480801	Trial	start	188
2017-03-12 13:18:05.482942	Speaker	play	None
2017-03-12 13:18:11.488435	Speaker	stop	None
2017-03-12 13:18:11.488944	Trial	end	188
2017-03-12 13:18:16.149646	Trial	start	189
2017-03-12 13:18:16.151597	Speaker	play	None
2017-03-12 13:18:22.154550	Speaker	stop	None
2017-03-12 13:18:22.155357	Hopper	up	None
2017-03-12 13:18:34.156001	Hopper	down	None
2017-03-12 13:18:34.459056	Trial	end	189
2017-03-12 13:19:17.455312	Trial	start	190
2017-03-12 13:19:17.457695	Speaker	play	None
2017-03-12 13:19:23.460134	Speaker	stop	None
2017-03-12 13:19:23.460702	Trial	end	190
2017-03-12 13:19:40.778044	Trial	start	191
2017-03-12 13:19:40.780046	Speaker	play	None
2017-03-12 13:19:46.783055	Speaker	stop	None
2017-03-12 13:19:46.784064	Trial	end	191
2017-03-12 13:19:51.599786	Trial	start	192
2017-03-12 13:19:51.602399	Speaker	play	None
2017-03-12 13:19:51.653109	Speaker	stop	None
2017-03-12 13:19:51.653714	Trial	end	192
2017-03-12 13:19:51.654451	Trial	start	193
2017-03-12 13:19:51.656473	Speaker	play	None
2017-03-12 13:19:57.661919	Speaker	stop	None
2017-03-12 13:19:57.662756	Hopper	up	None
2017-03-12 13:20:09.663183	Hopper	down	None
2017-03-12 13:20:09.966291	Trial	end	193
2017-03-12 13:20:29.766434	Trial	start	194
2017-03-12 13:20:29.768525	Speaker	play	None
2017-03-12 13:20:35.771145	Speaker	stop	None
2017-03-12 13:20:35.771731	Trial	end	194
2017-03-12 13:21:23.485241	Trial	start	195
2017-03-12 13:21:23.487322	Speaker	play	None
2017-03-12 13:21:29.490032	Speaker	stop	None
2017-03-12 13:21:29.490612	Trial	end	195
2017-03-12 13:21:40.192785	Trial	start	196
2017-03-12 13:21:40.194850	Speaker	play	None
2017-03-12 13:21:40.246118	Speaker	stop	None
2017-03-12 13:21:40.246719	Trial	end	196
2017-03-12 13:21:40.247538	Trial	start	197
2017-03-12 13:21:40.250391	Speaker	play	None
2017-03-12 13:21:46.254842	Speaker	stop	None
2017-03-12 13:21:46.255449	Trial	end	197
2017-03-12 13:21:55.257749	Trial	start	198
2017-03-12 13:21:55.260276	Speaker	play	None
2017-03-12 13:22:01.266572	Speaker	stop	None
2017-03-12 13:22:01.267149	Trial	end	198
2017-03-12 13:22:09.462526	Trial	start	199
2017-03-12 13:22:09.464520	Speaker	play	None
2017-03-12 13:22:09.515900	Speaker	stop	None
2017-03-12 13:22:09.516475	Trial	end	199
2017-03-12 13:22:09.517493	Trial	start	200
2017-03-12 13:22:09.519954	Speaker	play	None
2017-03-12 13:22:15.524609	Speaker	stop	None
2017-03-12 13:22:15.526951	Hopper	up	None
2017-03-12 13:22:27.529927	Hopper	down	None
2017-03-12 13:22:27.832899	Trial	end	200
2017-03-12 13:23:14.805215	Trial	start	201
2017-03-12 13:23:14.807414	Speaker	play	None
2017-03-12 13:23:20.809945	Speaker	stop	None
2017-03-12 13:23:20.810506	Trial	end	201
2017-03-12 13:23:29.124603	Trial	start	202
2017-03-12 13:23:29.126904	Speaker	play	None
2017-03-12 13:23:29.755424	Speaker	stop	None
2017-03-12 13:23:29.755955	Trial	end	202
2017-03-12 13:23:29.756668	Trial	start	203
2017-03-12 13:23:29.758633	Speaker	play	None
2017-03-12 13:23:29.804714	Speaker	stop	None
2017-03-12 13:23:29.805679	Trial	end	203
2017-03-12 13:23:29.806329	Trial	start	204
2017-03-12 13:23:29.808232	Speaker	play	None
2017-03-12 13:23:35.813449	Speaker	stop	None
2017-03-12 13:23:35.814385	Trial	end	204
2017-03-12 13:23:41.342781	Trial	start	205
2017-03-12 13:23:41.345052	Speaker	play	None
2017-03-12 13:23:41.396586	Speaker	stop	None
2017-03-12 13:23:41.397270	Trial	end	205
2017-03-12 13:23:41.397899	Trial	start	206
2017-03-12 13:23:41.399915	Speaker	play	None
2017-03-12 13:23:47.404842	Speaker	stop	None
2017-03-12 13:23:47.405490	Trial	end	206
2017-03-12 13:23:52.340349	Trial	start	207
2017-03-12 13:23:52.342509	Speaker	play	None
2017-03-12 13:23:58.345060	Speaker	stop	None
2017-03-12 13:23:58.345783	Trial	end	207
2017-03-12 13:24:03.882653	Trial	start	208
2017-03-12 13:24:03.884688	Speaker	play	None
2017-03-12 13:24:09.887327	Speaker	stop	None
2017-03-12 13:24:09.888249	Hopper	up	None
2017-03-12 13:24:21.892426	Hopper	down	None
2017-03-12 13:24:22.195517	Trial	end	208
2017-03-12 13:24:54.397658	Trial	start	209
2017-03-12 13:24:54.399858	Speaker	play	None
2017-03-12 13:25:00.402254	Speaker	stop	None
2017-03-12 13:25:00.402841	Trial	end	209
2017-03-12 13:25:11.555485	Trial	start	210
2017-03-12 13:25:11.560011	Speaker	play	None
2017-03-12 13:25:17.564275	Speaker	stop	None
2017-03-12 13:25:17.565249	Trial	end	210
2017-03-12 13:25:24.314090	Trial	start	211
2017-03-12 13:25:24.316149	Speaker	play	None
2017-03-12 13:25:30.318824	Speaker	stop	None
2017-03-12 13:25:30.319393	Trial	end	211
2017-03-12 13:25:36.024269	Trial	start	212
2017-03-12 13:25:36.026342	Speaker	play	None
2017-03-12 13:25:42.028966	Speaker	stop	None
2017-03-12 13:25:42.029666	Trial	end	212
2017-03-12 13:26:17.843355	Trial	start	213
2017-03-12 13:26:17.845442	Speaker	play	None
2017-03-12 13:26:23.848005	Speaker	stop	None
2017-03-12 13:26:23.848909	Hopper	up	None
2017-03-12 13:26:35.853011	Hopper	down	None
2017-03-12 13:26:36.156061	Trial	end	213
2017-03-12 13:27:09.054170	Trial	start	214
2017-03-12 13:27:09.056193	Speaker	play	None
2017-03-12 13:27:15.058804	Speaker	stop	None
2017-03-12 13:27:15.059417	Trial	end	214
2017-03-12 13:27:20.924037	Trial	start	215
2017-03-12 13:27:20.926264	Speaker	play	None
2017-03-12 13:27:20.977395	Speaker	stop	None
2017-03-12 13:27:20.977953	Trial	end	215
2017-03-12 13:27:20.978683	Trial	start	216
2017-03-12 13:27:20.980656	Speaker	play	None
2017-03-12 13:27:26.986034	Speaker	stop	None
2017-03-12 13:27:26.986776	Trial	end	216
2017-03-12 13:27:47.108963	Trial	start	217
2017-03-12 13:27:47.111352	Speaker	play	None
2017-03-12 13:27:53.117643	Speaker	stop	None
2017-03-12 13:27:53.118182	Trial	end	217
2017-03-12 13:28:01.207028	Trial	start	218
2017-03-12 13:28:01.210120	Speaker	play	None
2017-03-12 13:28:07.215674	Speaker	stop	None
2017-03-12 13:28:07.216514	Hopper	up	None
2017-03-12 13:28:19.220508	Hopper	down	None
2017-03-12 13:28:19.523736	Trial	end	218
2017-03-12 13:28:48.678049	Trial	start	219
2017-03-12 13:28:48.681007	Speaker	play	None
2017-03-12 13:28:48.727266	Speaker	stop	None
2017-03-12 13:28:48.728014	Trial	end	219
2017-03-12 13:28:48.729169	Trial	start	220
2017-03-12 13:28:48.732308	Speaker	play	None
2017-03-12 13:28:54.735888	Speaker	stop	None
2017-03-12 13:28:54.736910	Hopper	up	None
2017-03-12 13:29:06.740774	Hopper	down	None
2017-03-12 13:29:07.043846	Trial	end	220
2017-03-12 13:29:38.459036	Trial	start	221
2017-03-12 13:29:38.461064	Speaker	play	None
2017-03-12 13:29:44.463572	Speaker	stop	None
2017-03-12 13:29:44.464330	Hopper	up	None
2017-03-12 13:29:56.468417	Hopper	down	None
2017-03-12 13:29:56.771573	Trial	end	221
2017-03-12 13:30:26.486940	Trial	start	222
2017-03-12 13:30:26.488954	Speaker	play	None
2017-03-12 13:30:32.491570	Speaker	stop	None
2017-03-12 13:30:32.492279	Trial	end	222
2017-03-12 13:30:50.419011	Trial	start	223
2017-03-12 13:30:50.421827	Speaker	play	None
2017-03-12 13:30:56.427611	Speaker	stop	None
2017-03-12 13:30:56.428172	Trial	end	223
2017-03-12 13:31:05.303296	Trial	start	224
2017-03-12 13:31:05.305969	Speaker	play	None
2017-03-12 13:31:11.311863	Speaker	stop	None
2017-03-12 13:31:11.312663	Hopper	up	None
2017-03-12 13:31:23.316782	Hopper	down	None
2017-03-12 13:31:23.619797	Trial	end	224
2017-03-12 13:56:36.269682	Trial	start	225
2017-03-12 13:56:36.271912	Speaker	play	None
2017-03-12 13:56:42.274286	Speaker	stop	None
2017-03-12 13:56:42.274840	Trial	end	225
2017-03-12 15:29:32.426095	Trial	start	226
2017-03-12 15:29:32.428823	Speaker	play	None
2017-03-12 15:29:38.434824	Speaker	stop	None
2017-03-12 15:29:38.435553	Trial	end	226
2017-03-12 15:29:41.985666	Trial	start	227
2017-03-12 15:29:41.988764	Speaker	play	None
2017-03-12 15:29:42.043146	Speaker	stop	None
2017-03-12 15:29:42.043671	Trial	end	227
2017-03-12 15:29:42.044285	Trial	start	228
2017-03-12 15:29:42.047085	Speaker	play	None
2017-03-12 15:29:48.051707	Speaker	stop	None
2017-03-12 15:29:48.052307	Trial	end	228
2017-03-12 15:29:53.724502	Trial	start	229
2017-03-12 15:29:53.727082	Speaker	play	None
2017-03-12 15:29:54.355556	Speaker	stop	None
2017-03-12 15:29:54.356598	Trial	end	229
2017-03-12 15:29:54.357341	Trial	start	230
2017-03-12 15:29:54.359378	Speaker	play	None
2017-03-12 15:29:54.400288	Speaker	stop	None
2017-03-12 15:29:54.400841	Trial	end	230
2017-03-12 15:29:54.401516	Trial	start	231
2017-03-12 15:29:54.403394	Speaker	play	None
2017-03-12 15:30:00.408884	Speaker	stop	None
2017-03-12 15:30:00.409484	Trial	end	231
2017-03-12 15:30:12.290883	Trial	start	232
2017-03-12 15:30:12.292927	Speaker	play	None
2017-03-12 15:30:12.335961	Speaker	stop	None
2017-03-12 15:30:12.336522	Trial	end	232
2017-03-12 15:30:12.338127	Trial	start	233
2017-03-12 15:30:12.340355	Speaker	play	None
2017-03-12 15:30:18.344609	Speaker	stop	None
2017-03-12 15:30:18.345418	Hopper	up	None
2017-03-12 15:30:30.349450	Hopper	down	None
2017-03-12 15:30:30.652533	Trial	end	233
2017-03-12 15:31:05.565580	Trial	start	234
2017-03-12 15:31:05.567927	Speaker	play	None
2017-03-12 15:31:05.618825	Speaker	stop	None
2017-03-12 15:31:05.619283	Trial	end	234
2017-03-12 15:31:05.620053	Trial	start	235
2017-03-12 15:31:05.622019	Speaker	play	None
2017-03-12 15:31:11.627319	Speaker	stop	None
2017-03-12 15:31:11.628634	Hopper	up	None
2017-03-12 15:31:23.632203	Hopper	down	None
2017-03-12 15:31:23.935250	Trial	end	235
2017-03-12 15:32:01.039589	Trial	start	236
2017-03-12 15:32:01.042088	Speaker	play	None
2017-03-12 15:32:01.092747	Speaker	stop	None
2017-03-12 15:32:01.093326	Trial	end	236
2017-03-12 15:32:01.094071	Trial	start	237
2017-03-12 15:32:01.095949	Speaker	play	None
2017-03-12 15:32:06.568878	Speaker	stop	None
2017-03-12 15:32:06.569456	Trial	end	237
2017-03-12 15:32:06.570208	Trial	start	238
2017-03-12 15:32:06.572500	Speaker	play	None
2017-03-12 15:32:07.486392	Speaker	stop	None
2017-03-12 15:32:07.486987	Trial	end	238
2017-03-12 15:32:07.487827	Trial	start	239
2017-03-12 15:32:07.489781	Speaker	play	None
2017-03-12 15:32:07.543676	Speaker	stop	None
2017-03-12 15:32:07.544275	Trial	end	239
2017-03-12 15:32:07.544907	Trial	start	240
2017-03-12 15:32:07.547016	Speaker	play	None
2017-03-12 15:32:13.552317	Speaker	stop	None
2017-03-12 15:32:13.553295	Trial	end	240
2017-03-12 15:32:18.344321	Trial	start	241
2017-03-12 15:32:18.347187	Speaker	play	None
2017-03-12 15:32:24.352962	Speaker	stop	None
2017-03-12 15:32:24.353911	Hopper	up	None
2017-03-12 15:32:36.357737	Hopper	down	None
2017-03-12 15:32:36.660810	Trial	end	241
2017-03-12 15:32:56.910775	Trial	start	242
2017-03-12 15:32:56.915579	Speaker	play	None
2017-03-12 15:32:56.963960	Speaker	stop	None
2017-03-12 15:32:56.964563	Trial	end	242
2017-03-12 15:32:56.965183	Trial	start	243
2017-03-12 15:32:56.967088	Speaker	play	None
2017-03-12 15:33:02.972483	Speaker	stop	None
2017-03-12 15:33:02.973137	Trial	end	243
2017-03-12 15:33:09.546262	Trial	start	244
2017-03-12 15:33:09.548564	Speaker	play	None
2017-03-12 15:33:09.599539	Speaker	stop	None
2017-03-12 15:33:09.600073	Trial	end	244
2017-03-12 15:33:09.600708	Trial	start	245
2017-03-12 15:33:09.603141	Speaker	play	None
2017-03-12 15:33:15.608105	Speaker	stop	None
2017-03-12 15:33:15.609240	Hopper	up	None
2017-03-12 15:33:27.612933	Hopper	down	None
2017-03-12 15:33:27.915963	Trial	end	245
2017-03-12 15:33:51.090148	Trial	start	246
2017-03-12 15:33:51.092385	Speaker	play	None
2017-03-12 15:33:51.135257	Speaker	stop	None
2017-03-12 15:33:51.135799	Trial	end	246
2017-03-12 15:33:51.136513	Trial	start	247
2017-03-12 15:33:51.138569	Speaker	play	None
2017-03-12 15:33:57.144007	Speaker	stop	None
2017-03-12 15:33:57.144671	Trial	end	247
2017-03-12 15:34:05.134763	Trial	start	248
2017-03-12 15:34:05.136646	Speaker	play	None
2017-03-12 15:34:05.188065	Speaker	stop	None
2017-03-12 15:34:05.188582	Trial	end	248
2017-03-12 15:34:05.189283	Trial	start	249
2017-03-12 15:34:05.191196	Speaker	play	None
2017-03-12 15:34:11.196572	Speaker	stop	None
2017-03-12 15:34:11.197292	Trial	end	249
2017-03-12 15:34:15.198128	Trial	start	250
2017-03-12 15:34:15.200154	Speaker	play	None
2017-03-12 15:34:15.255624	Speaker	stop	None
2017-03-12 15:34:15.256454	Trial	end	250
2017-03-12 15:34:15.257792	Trial	start	251
2017-03-12 15:34:15.259796	Speaker	play	None
2017-03-12 15:34:21.264036	Speaker	stop	None
2017-03-12 15:34:21.264571	Trial	end	251
2017-03-12 15:34:25.380321	Trial	start	252
2017-03-12 15:34:25.382727	Speaker	play	None
2017-03-12 15:34:31.388962	Speaker	stop	None
2017-03-12 15:34:31.389777	Hopper	up	None
2017-03-12 15:34:43.393726	Hopper	down	None
2017-03-12 15:34:43.696801	Trial	end	252
2017-03-12 15:35:05.498867	Trial	start	253
2017-03-12 15:35:05.501022	Speaker	play	None
2017-03-12 15:35:05.548185	Speaker	stop	None
2017-03-12 15:35:05.548786	Trial	end	253
2017-03-12 15:35:05.549503	Trial	start	254
2017-03-12 15:35:05.551363	Speaker	play	None
2017-03-12 15:35:11.556727	Speaker	stop	None
2017-03-12 15:35:11.557466	Trial	end	254
2017-03-12 15:35:15.324729	Trial	start	255
2017-03-12 15:35:15.327433	Speaker	play	None
2017-03-12 15:35:21.333587	Speaker	stop	None
2017-03-12 15:35:21.334586	Trial	end	255
2017-03-12 15:35:24.646777	Trial	start	256
2017-03-12 15:35:24.648771	Speaker	play	None
2017-03-12 15:35:30.651324	Speaker	stop	None
2017-03-12 15:35:30.651879	Trial	end	256
2017-03-12 15:35:43.090241	Trial	start	257
2017-03-12 15:35:43.092365	Speaker	play	None
2017-03-12 15:35:43.143580	Speaker	stop	None
2017-03-12 15:35:43.144137	Trial	end	257
2017-03-12 15:35:43.144820	Trial	start	258
2017-03-12 15:35:43.147984	Speaker	play	None
2017-03-12 15:35:49.152149	Speaker	stop	None
2017-03-12 15:35:49.152812	Trial	end	258
2017-03-12 15:35:52.883315	Trial	start	259
2017-03-12 15:35:52.885602	Speaker	play	None
2017-03-12 15:35:58.891939	Speaker	stop	None
2017-03-12 15:35:58.893108	Trial	end	259
2017-03-12 15:36:02.938698	Trial	start	260
2017-03-12 15:36:02.943203	Speaker	play	None
2017-03-12 15:36:08.947145	Speaker	stop	None
2017-03-12 15:36:08.947691	Trial	end	260
2017-03-12 15:36:15.254662	Trial	start	261
2017-03-12 15:36:15.257139	Speaker	play	None
2017-03-12 15:36:15.303880	Speaker	stop	None
2017-03-12 15:36:15.304484	Trial	end	261
2017-03-12 15:36:15.305214	Trial	start	262
2017-03-12 15:36:15.307316	Speaker	play	None
2017-03-12 15:36:21.312593	Speaker	stop	None
2017-03-12 15:36:21.313996	Hopper	up	None
2017-03-12 15:36:33.317152	Hopper	down	None
2017-03-12 15:36:33.620280	Trial	end	262
2017-03-12 15:36:51.121646	Trial	start	263
2017-03-12 15:36:51.124108	Speaker	play	None
2017-03-12 15:36:57.130320	Speaker	stop	None
2017-03-12 15:36:57.130972	Trial	end	263
2017-03-12 15:37:02.020643	Trial	start	264
2017-03-12 15:37:02.022893	Speaker	play	None
2017-03-12 15:37:08.029239	Speaker	stop	None
2017-03-12 15:37:08.030106	Hopper	up	None
2017-03-12 15:37:20.034011	Hopper	down	None
2017-03-12 15:37:20.337075	Trial	end	264
2017-03-12 15:37:54.631305	Trial	start	265
2017-03-12 15:37:54.634101	Speaker	play	None
2017-03-12 15:38:00.640033	Speaker	stop	None
2017-03-12 15:38:00.640813	Trial	end	265
2017-03-12 15:38:06.181486	Trial	start	266
2017-03-12 15:38:06.183733	Speaker	play	None
2017-03-12 15:38:12.186111	Speaker	stop	None
2017-03-12 15:38:12.186754	Trial	end	266
2017-03-12 15:38:16.674968	Trial	start	267
2017-03-12 15:38:16.677284	Speaker	play	None
2017-03-12 15:38:16.716038	Speaker	stop	None
2017-03-12 15:38:16.716603	Trial	end	267
2017-03-12 15:38:16.717341	Trial	start	268
2017-03-12 15:38:16.719482	Speaker	play	None
2017-03-12 15:38:22.724545	Speaker	stop	None
2017-03-12 15:38:22.725145	Trial	end	268
2017-03-12 15:38:27.610922	Trial	start	269
2017-03-12 15:38:27.613667	Speaker	play	None
2017-03-12 15:38:33.619343	Speaker	stop	None
2017-03-12 15:38:33.620195	Trial	end	269
2017-03-12 15:38:37.493963	Trial	start	270
2017-03-12 15:38:37.496068	Speaker	play	None
2017-03-12 15:38:43.498517	Speaker	stop	None
2017-03-12 15:38:43.499031	Trial	end	270
2017-03-12 15:38:48.630457	Trial	start	271
2017-03-12 15:38:48.632582	Speaker	play	None
2017-03-12 15:38:54.635032	Speaker	stop	None
2017-03-12 15:38:54.635927	Hopper	up	None
2017-03-12 15:39:06.639727	Hopper	down	None
2017-03-12 15:39:06.942791	Trial	end	271
2017-03-12 15:39:30.941733	Trial	start	272
2017-03-12 15:39:30.944059	Speaker	play	None
2017-03-12 15:39:30.999176	Speaker	stop	None
2017-03-12 15:39:30.999723	Trial	end	272
2017-03-12 15:39:31.000404	Trial	start	273
2017-03-12 15:39:31.002616	Speaker	play	None
2017-03-12 15:39:37.006293	Speaker	stop	None
2017-03-12 15:39:37.007041	Trial	end	273
2017-03-12 15:39:45.275139	Trial	start	274
2017-03-12 15:39:45.277167	Speaker	play	None
2017-03-12 15:39:45.324415	Speaker	stop	None
2017-03-12 15:39:45.324974	Trial	end	274
2017-03-12 15:39:45.325658	Trial	start	275
2017-03-12 15:39:45.328521	Speaker	play	None
2017-03-12 15:39:51.331469	Speaker	stop	None
2017-03-12 15:39:51.332021	Trial	end	275
2017-03-12 15:39:55.482218	Trial	start	276
2017-03-12 15:39:55.484356	Speaker	play	None
2017-03-12 15:39:55.535513	Speaker	stop	None
2017-03-12 15:39:55.536085	Trial	end	276
2017-03-12 15:39:55.536771	Trial	start	277
2017-03-12 15:39:55.538765	Speaker	play	None
2017-03-12 15:40:01.542465	Speaker	stop	None
2017-03-12 15:40:01.543019	Trial	end	277
2017-03-12 15:40:06.742213	Trial	start	278
2017-03-12 15:40:06.744660	Speaker	play	None
2017-03-12 15:40:12.749003	Speaker	stop	None
2017-03-12 15:40:12.749853	Hopper	up	None
2017-03-12 15:40:24.750214	Hopper	down	None
2017-03-12 15:40:25.053528	Trial	end	278
2017-03-12 15:41:03.961098	Trial	start	279
2017-03-12 15:41:03.963222	Speaker	play	None
2017-03-12 15:41:04.014537	Speaker	stop	None
2017-03-12 15:41:04.015197	Trial	end	279
2017-03-12 15:41:04.015908	Trial	start	280
2017-03-12 15:41:04.017830	Speaker	play	None
2017-03-12 15:41:10.020908	Speaker	stop	None
2017-03-12 15:41:10.021507	Trial	end	280
2017-03-12 15:41:15.428990	Trial	start	281
2017-03-12 15:41:15.431045	Speaker	play	None
2017-03-12 15:41:15.482388	Speaker	stop	None
2017-03-12 15:41:15.482886	Trial	end	281
2017-03-12 15:41:15.483685	Trial	start	282
2017-03-12 15:41:15.486026	Speaker	play	None
2017-03-12 15:41:21.488670	Speaker	stop	None
2017-03-12 15:41:21.489513	Hopper	up	None
2017-03-12 15:41:33.493053	Hopper	down	None
2017-03-12 15:41:33.796301	Trial	end	282
2017-03-12 15:41:52.802430	Trial	start	283
2017-03-12 15:41:52.804754	Speaker	play	None
2017-03-12 15:41:52.859703	Speaker	stop	None
2017-03-12 15:41:52.860212	Trial	end	283
2017-03-12 15:41:52.860988	Trial	start	284
2017-03-12 15:41:52.863079	Speaker	play	None
2017-03-12 15:41:58.865861	Speaker	stop	None
2017-03-12 15:41:58.866530	Trial	end	284
2017-03-12 15:42:43.439910	Trial	start	285
2017-03-12 15:42:43.442300	Speaker	play	None
2017-03-12 15:42:43.489150	Speaker	stop	None
2017-03-12 15:42:43.490086	Trial	end	285
2017-03-12 15:42:43.490854	Trial	start	286
2017-03-12 15:42:43.492720	Speaker	play	None
2017-03-12 15:42:49.498985	Speaker	stop	None
2017-03-12 15:42:49.499600	Trial	end	286
2017-03-12 15:42:55.021438	Trial	start	287
2017-03-12 15:42:55.023494	Speaker	play	None
2017-03-12 15:42:55.074951	Speaker	stop	None
2017-03-12 15:42:55.075647	Trial	end	287
2017-03-12 15:42:55.076424	Trial	start	288
2017-03-12 15:42:55.078512	Speaker	play	None
2017-03-12 15:43:01.084709	Speaker	stop	None
2017-03-12 15:43:01.085703	Hopper	up	None
2017-03-12 15:43:13.088026	Hopper	down	None
2017-03-12 15:43:13.391178	Trial	end	288
2017-03-12 15:43:35.959833	Trial	start	289
2017-03-12 15:43:35.962085	Speaker	play	None
2017-03-12 15:43:36.013205	Speaker	stop	None
2017-03-12 15:43:36.013754	Trial	end	289
2017-03-12 15:43:36.014546	Trial	start	290
2017-03-12 15:43:36.016893	Speaker	play	None
2017-03-12 15:43:42.023133	Speaker	stop	None
2017-03-12 15:43:42.023881	Trial	end	290
2017-03-12 15:43:45.877810	Trial	start	291
2017-03-12 15:43:45.880526	Speaker	play	None
2017-03-12 15:43:51.887674	Speaker	stop	None
2017-03-12 15:43:51.888299	Trial	end	291
2017-03-12 15:44:04.292103	Trial	start	292
2017-03-12 15:44:04.294072	Speaker	play	None
2017-03-12 15:44:04.341285	Speaker	stop	None
2017-03-12 15:44:04.341857	Trial	end	292
2017-03-12 15:44:04.342505	Trial	start	293
2017-03-12 15:44:04.344328	Speaker	play	None
2017-03-12 15:44:05.238487	Speaker	stop	None
2017-03-12 15:44:05.239032	Trial	end	293
2017-03-12 15:44:05.239731	Trial	start	294
2017-03-12 15:44:05.241674	Speaker	play	None
2017-03-12 15:44:11.244027	Speaker	stop	None
2017-03-12 15:44:11.244535	Trial	end	294
2017-03-12 15:44:16.426166	Trial	start	295
2017-03-12 15:44:16.430030	Speaker	play	None
2017-03-12 15:44:22.435899	Speaker	stop	None
2017-03-12 15:44:22.436474	Trial	end	295
2017-03-12 15:44:27.679379	Trial	start	296
2017-03-12 15:44:27.681294	Speaker	play	None
2017-03-12 15:44:28.470049	Speaker	stop	None
2017-03-12 15:44:28.470582	Trial	end	296
2017-03-12 15:44:28.471282	Trial	start	297
2017-03-12 15:44:28.473283	Speaker	play	None
2017-03-12 15:44:28.527437	Speaker	stop	None
2017-03-12 15:44:28.528017	Trial	end	297
2017-03-12 15:44:28.528671	Trial	start	298
2017-03-12 15:44:28.530636	Speaker	play	None
2017-03-12 15:44:34.532995	Speaker	stop	None
2017-03-12 15:44:34.534548	Trial	end	298
2017-03-12 15:44:37.695452	Trial	start	299
2017-03-12 15:44:37.697678	Speaker	play	None
2017-03-12 15:44:43.701008	Speaker	stop	None
2017-03-12 15:44:43.701739	Trial	end	299
2017-03-12 15:44:54.802401	Trial	start	300
2017-03-12 15:44:54.804968	Speaker	play	None
2017-03-12 15:45:00.807878	Speaker	stop	None
2017-03-12 15:45:00.808396	Trial	end	300
2017-03-12 15:45:07.849714	Trial	start	301
2017-03-12 15:45:07.852490	Speaker	play	None
2017-03-12 15:45:07.898917	Speaker	stop	None
2017-03-12 15:45:07.899504	Trial	end	301
2017-03-12 15:45:07.900259	Trial	start	302
2017-03-12 15:45:07.902201	Speaker	play	None
2017-03-12 15:45:13.908411	Speaker	stop	None
2017-03-12 15:45:13.911393	Hopper	up	None
2017-03-12 15:45:25.914991	Hopper	down	None
2017-03-12 15:45:26.218109	Trial	end	302
2017-03-12 15:45:52.021512	Trial	start	303
2017-03-12 15:45:52.023638	Speaker	play	None
2017-03-12 15:45:58.026780	Speaker	stop	None
2017-03-12 15:45:58.027236	Trial	end	303
2017-03-12 15:46:01.579220	Trial	start	304
2017-03-12 15:46:01.582731	Speaker	play	None
2017-03-12 15:46:01.631623	Speaker	stop	None
2017-03-12 15:46:01.632113	Trial	end	304
2017-03-12 15:46:01.632783	Trial	start	305
2017-03-12 15:46:01.635188	Speaker	play	None
2017-03-12 15:46:07.641075	Speaker	stop	None
2017-03-12 15:46:07.641974	Trial	end	305
2017-03-12 15:46:14.682614	Trial	start	306
2017-03-12 15:46:14.684872	Speaker	play	None
2017-03-12 15:46:20.687935	Speaker	stop	None
2017-03-12 15:46:20.688519	Trial	end	306
2017-03-12 15:46:25.226671	Trial	start	307
2017-03-12 15:46:25.228785	Speaker	play	None
2017-03-12 15:46:25.804307	Speaker	stop	None
2017-03-12 15:46:25.804966	Trial	end	307
2017-03-12 15:46:25.805706	Trial	start	308
2017-03-12 15:46:25.807772	Speaker	play	None
2017-03-12 15:46:31.813584	Speaker	stop	None
2017-03-12 15:46:31.814134	Trial	end	308
2017-03-12 15:46:47.428791	Trial	start	309
2017-03-12 15:46:47.431506	Speaker	play	None
2017-03-12 15:46:53.433994	Speaker	stop	None
2017-03-12 15:46:53.434546	Trial	end	309
2017-03-12 15:47:00.344413	Trial	start	310
2017-03-12 15:47:00.346511	Speaker	play	None
2017-03-12 15:47:06.349661	Speaker	stop	None
2017-03-12 15:47:06.350252	Trial	end	310
2017-03-12 15:47:10.245155	Trial	start	311
2017-03-12 15:47:10.247207	Speaker	play	None
2017-03-12 15:47:10.298523	Speaker	stop	None
2017-03-12 15:47:10.299136	Trial	end	311
2017-03-12 15:47:10.299775	Trial	start	312
2017-03-12 15:47:10.302379	Speaker	play	None
2017-03-12 15:47:16.307759	Speaker	stop	None
2017-03-12 15:47:16.308374	Trial	end	312
2017-03-12 15:47:23.676931	Trial	start	313
2017-03-12 15:47:23.679098	Speaker	play	None
2017-03-12 15:47:24.701086	Speaker	stop	None
2017-03-12 15:47:24.701773	Trial	end	313
2017-03-12 15:47:24.702820	Trial	start	314
2017-03-12 15:47:24.705066	Speaker	play	None
2017-03-12 15:47:30.710391	Speaker	stop	None
2017-03-12 15:47:30.710986	Trial	end	314
2017-03-12 15:47:33.934042	Trial	start	315
2017-03-12 15:47:33.936693	Speaker	play	None
2017-03-12 15:47:39.939201	Speaker	stop	None
2017-03-12 15:47:39.939765	Trial	end	315
2017-03-12 15:47:45.116864	Trial	start	316
2017-03-12 15:47:45.120011	Speaker	play	None
2017-03-12 15:47:45.170199	Speaker	stop	None
2017-03-12 15:47:45.170818	Trial	end	316
2017-03-12 15:47:45.171757	Trial	start	317
2017-03-12 15:47:45.174004	Speaker	play	None
2017-03-12 15:47:51.179413	Speaker	stop	None
2017-03-12 15:47:51.180007	Trial	end	317
2017-03-12 15:47:55.332853	Trial	start	318
2017-03-12 15:47:55.334955	Speaker	play	None
2017-03-12 15:48:01.338025	Speaker	stop	None
2017-03-12 15:48:01.338534	Trial	end	318
2017-03-12 15:48:20.696744	Trial	start	319
2017-03-12 15:48:20.698751	Speaker	play	None
2017-03-12 15:48:26.701986	Speaker	stop	None
2017-03-12 15:48:26.702770	Hopper	up	None
2017-03-12 15:48:38.703820	Hopper	down	None
2017-03-12 15:48:39.006859	Trial	end	319
2017-03-12 15:52:55.667257	Trial	start	320
2017-03-12 15:52:55.669956	Speaker	play	None
2017-03-12 15:52:57.330176	Speaker	stop	None
2017-03-12 15:52:57.330858	Trial	end	320
2017-03-12 15:52:57.331594	Trial	start	321
2017-03-12 15:52:57.333649	Speaker	play	None
2017-03-12 15:53:03.339112	Speaker	stop	None
2017-03-12 15:53:03.339730	Trial	end	321
2017-03-12 15:53:13.091846	Trial	start	322
2017-03-12 15:53:13.094332	Speaker	play	None
2017-03-12 15:53:19.100938	Speaker	stop	None
2017-03-12 15:53:19.101744	Trial	end	322
2017-03-12 15:53:33.969620	Trial	start	323
2017-03-12 15:53:33.971710	Speaker	play	None
2017-03-12 15:53:34.022876	Speaker	stop	None
2017-03-12 15:53:34.023449	Trial	end	323
2017-03-12 15:53:34.024028	Trial	start	324
2017-03-12 15:53:34.025861	Speaker	play	None
2017-03-12 15:53:36.214736	Speaker	stop	None
2017-03-12 15:53:36.216223	Trial	end	324
2017-03-12 15:53:36.217720	Trial	start	325
2017-03-12 15:53:36.220591	Speaker	play	None
2017-03-12 15:53:39.929477	Speaker	stop	None
2017-03-12 15:53:39.930098	Trial	end	325
2017-03-12 15:53:39.930701	Trial	start	326
2017-03-12 15:53:39.932518	Speaker	play	None
2017-03-12 15:53:45.938368	Speaker	stop	None
2017-03-12 15:53:45.938983	Trial	end	326
2017-03-12 15:53:55.506895	Trial	start	327
2017-03-12 15:53:55.509439	Speaker	play	None
2017-03-12 15:53:55.560288	Speaker	stop	None
2017-03-12 15:53:55.561118	Trial	end	327
2017-03-12 15:53:55.561777	Trial	start	328
2017-03-12 15:53:55.563690	Speaker	play	None
2017-03-12 15:53:56.608801	Speaker	stop	None
2017-03-12 15:53:56.609390	Trial	end	328
2017-03-12 15:53:56.610081	Trial	start	329
2017-03-12 15:53:56.612105	Speaker	play	None
2017-03-12 15:54:02.617642	Speaker	stop	None
2017-03-12 15:54:02.618349	Trial	end	329
2017-03-12 15:54:24.076820	Trial	start	330
2017-03-12 15:54:24.078861	Speaker	play	None
2017-03-12 15:54:30.081842	Speaker	stop	None
2017-03-12 15:54:30.082912	Hopper	up	None
2017-03-12 15:54:42.087231	Hopper	down	None
2017-03-12 15:54:42.390403	Trial	end	330
2017-03-12 15:54:57.877612	Trial	start	331
2017-03-12 15:54:57.879971	Speaker	play	None
2017-03-12 15:55:03.886600	Speaker	stop	None
2017-03-12 15:55:03.887146	Trial	end	331
2017-03-12 15:55:13.446769	Trial	start	332
2017-03-12 15:55:13.450011	Speaker	play	None
2017-03-12 15:55:19.455749	Speaker	stop	None
2017-03-12 15:55:19.456481	Hopper	up	None
2017-03-12 15:55:31.457130	Hopper	down	None
2017-03-12 15:55:31.760180	Trial	end	332
2017-03-12 15:56:10.242772	Trial	start	333
2017-03-12 15:56:10.245104	Speaker	play	None
2017-03-12 15:56:16.253956	Speaker	stop	None
2017-03-12 15:56:16.255869	Trial	end	333
2017-03-12 15:56:22.305518	Trial	start	334
2017-03-12 15:56:22.307559	Speaker	play	None
2017-03-12 15:56:28.313171	Speaker	stop	None
2017-03-12 15:56:28.314558	Trial	end	334
2017-03-12 15:56:34.860506	Trial	start	335
2017-03-12 15:56:34.863168	Speaker	play	None
2017-03-12 15:56:40.867646	Speaker	stop	None
2017-03-12 15:56:40.868412	Hopper	up	None
2017-03-12 15:56:52.869524	Hopper	down	None
2017-03-12 15:56:53.172529	Trial	end	335
2017-03-12 15:57:15.542931	Trial	start	336
2017-03-12 15:57:15.545234	Speaker	play	None
2017-03-12 15:57:15.596244	Speaker	stop	None
2017-03-12 15:57:15.596755	Trial	end	336
2017-03-12 15:57:15.597567	Trial	start	337
2017-03-12 15:57:15.599514	Speaker	play	None
2017-03-12 15:57:21.603397	Speaker	stop	None
2017-03-12 15:57:21.603945	Trial	end	337
2017-03-12 15:57:28.896509	Trial	start	338
2017-03-12 15:57:28.898508	Speaker	play	None
2017-03-12 15:57:28.949974	Speaker	stop	None
2017-03-12 15:57:28.950904	Trial	end	338
2017-03-12 15:57:28.951686	Trial	start	339
2017-03-12 15:57:28.953804	Speaker	play	None
2017-03-12 15:57:34.957104	Speaker	stop	None
2017-03-12 15:57:34.957938	Hopper	up	None
2017-03-12 15:57:46.959600	Hopper	down	None
2017-03-12 15:57:47.262559	Trial	end	339
2017-03-12 15:58:25.654204	Trial	start	340
2017-03-12 15:58:25.656302	Speaker	play	None
2017-03-12 15:58:31.661861	Speaker	stop	None
2017-03-12 15:58:31.662459	Trial	end	340
2017-03-12 15:58:43.799937	Trial	start	341
2017-03-12 15:58:43.802264	Speaker	play	None
2017-03-12 15:58:44.647757	Speaker	stop	None
2017-03-12 15:58:44.648350	Trial	end	341
2017-03-12 15:58:44.649019	Trial	start	342
2017-03-12 15:58:44.651124	Speaker	play	None
2017-03-12 15:58:50.655373	Speaker	stop	None
2017-03-12 15:58:50.655954	Trial	end	342
2017-03-12 15:58:57.707263	Trial	start	343
2017-03-12 15:58:57.709509	Speaker	play	None
2017-03-12 15:58:57.760631	Speaker	stop	None
2017-03-12 15:58:57.761346	Trial	end	343
2017-03-12 15:58:57.761909	Trial	start	344
2017-03-12 15:58:57.764127	Speaker	play	None
2017-03-12 15:58:58.526469	Speaker	stop	None
2017-03-12 15:58:58.527016	Trial	end	344
2017-03-12 15:58:58.527719	Trial	start	345
2017-03-12 15:58:58.529866	Speaker	play	None
2017-03-12 15:59:04.534147	Speaker	stop	None
2017-03-12 15:59:04.534726	Trial	end	345
2017-03-12 15:59:12.028408	Trial	start	346
2017-03-12 15:59:12.030695	Speaker	play	None
2017-03-12 15:59:12.081719	Speaker	stop	None
2017-03-12 15:59:12.082250	Trial	end	346
2017-03-12 15:59:12.082821	Trial	start	347
2017-03-12 15:59:12.085076	Speaker	play	None
2017-03-12 15:59:12.556850	Speaker	stop	None
2017-03-12 15:59:12.557599	Trial	end	347
2017-03-12 15:59:12.558318	Trial	start	348
2017-03-12 15:59:12.560330	Speaker	play	None
2017-03-12 15:59:18.564577	Speaker	stop	None
2017-03-12 15:59:18.565152	Trial	end	348
2017-03-12 15:59:25.460991	Trial	start	349
2017-03-12 15:59:25.463802	Speaker	play	None
2017-03-12 15:59:31.468927	Speaker	stop	None
2017-03-12 15:59:31.469794	Trial	end	349
2017-03-12 16:00:21.895178	Trial	start	350
2017-03-12 16:00:21.899461	Speaker	play	None
2017-03-12 16:00:27.903167	Speaker	stop	None
2017-03-12 16:00:27.904139	Hopper	up	None
2017-03-12 16:00:39.906795	Hopper	down	None
2017-03-12 16:00:40.209889	Trial	end	350
2017-03-12 18:48:48.312486	PeckPort	off	None
2017-03-12 18:48:48.312702	HouseLight	on	None
2017-03-12 18:48:48.312839	Hopper	down	None
