"2017-03-12 10:34:45,991","INFO","Preparing subject and data storage"
"2017-03-12 10:34:45,991","INFO","Created subject object with name LblGra3039M"
"2017-03-12 10:34:45,991","INFO","Created datastore CSVStore: filename = /home/fet/data/LblGra3039M/120317/LblGra3039M_trialdata_20170312103445.csv, fields = session, index, time, stimulus_name, condition_name, response, correct, rt, reward, max_wait for subject LblGra3039M"
"2017-03-12 10:34:45,992","INFO","Preparing to run experiment Go No-Go Interruption"
"2017-03-12 10:34:46,299","INFO","Entering Idle state"
"2017-03-12 10:34:46,602","INFO","Beginning block #1"
"2017-03-12 10:35:01,281","INFO","Trial 1 - 10:35:01 - Unrewarded - /home/fet/stimuli/test_categories_box2/nonreward/Tu_Stim_3_GreOra1817_161803020610.wav"
"2017-03-12 10:35:12,073","INFO","Trial 2 - 10:35:12 - Rewarded - /home/fet/stimuli/test_categories_box2/reward/Wh_Stim_2_GraGra0201_050501060205.wav"
"2017-03-12 10:35:12,127","INFO","Trial 3 - 10:35:12 - Unrewarded - /home/fet/stimuli/test_categories_box2/nonreward/Be_Stim_9_GraRas1500_020607.wav"
"2017-03-12 10:35:12,754","INFO","Trial 4 - 10:35:12 - Unrewarded - /home/fet/stimuli/test_categories_box2/nonreward/Ag_Stim_1_WhiBlu4917_010101010101.wav"
"2017-03-12 10:35:26,961","INFO","Trial 5 - 10:35:26 - Unrewarded - /home/fet/stimuli/test_categories_box2/nonreward/Th_Stim_5_LblRed0613_130302041611.wav"
"2017-03-12 10:35:27,011","INFO","Trial 6 - 10:35:27 - Unrewarded - /home/fet/stimuli/test_categories_box2/nonreward/So_Stim_1_WhiBlu5698_311825.wav"
"2017-03-12 10:35:39,128","INFO","Trial 7 - 10:35:39 - Rewarded - /home/fet/stimuli/test_categories_box2/reward/Wh_Stim_1_GraLbl0457_020401050405.wav"
"2017-03-12 10:35:39,179","INFO","Trial 8 - 10:35:39 - Unrewarded - /home/fet/stimuli/test_categories_box2/nonreward/Tu_Stim_6_BluRas07dd_210119100711.wav"
"2017-03-12 10:35:51,198","INFO","Trial 9 - 10:35:51 - Unrewarded - /home/fet/stimuli/test_categories_box2/nonreward/Th_Stim_3_GraGra0201_173906022320.wav"
"2017-03-12 10:36:14,839","INFO","Trial 10 - 10:36:14 - Unrewarded - /home/fet/stimuli/test_categories_box2/nonreward/Ag_Stim_8_WhiLbl0010_152206132827.wav"
"2017-03-12 10:36:14,885","INFO","Trial 11 - 10:36:14 - Unrewarded - /home/fet/stimuli/test_categories_box2/nonreward/Tu_Stim_10_BluRas61dd_030705040208.wav"
"2017-03-12 10:36:26,667","INFO","Trial 12 - 10:36:26 - Unrewarded - /home/fet/stimuli/test_categories_box2/nonreward/LT_Stim_2_LblRas1800_030401060502.wav"
"2017-03-12 10:36:36,066","INFO","Trial 13 - 10:36:36 - Unrewarded - /home/fet/stimuli/test_categories_box2/nonreward/Ne_Stim_10_PurRas20dd_070602030301.wav"
"2017-03-12 10:36:45,879","INFO","Trial 14 - 10:36:45 - Unrewarded - /home/fet/stimuli/test_categories_box2/nonreward/Th_Stim_10_BlaBla0506_040501020301.wav"
"2017-03-12 10:36:56,139","INFO","Trial 15 - 10:36:56 - Unrewarded - /home/fet/stimuli/test_categories_box2/nonreward/LT_Stim_2_WhiBlu0112_080311161415.wav"
"2017-03-12 10:36:56,189","INFO","Trial 16 - 10:36:56 - Unrewarded - /home/fet/stimuli/test_categories_box2/nonreward/Be_Stim_9_LblBlu2028_02_0204_0310_01.wav"
"2017-03-12 10:37:16,028","INFO","Trial 17 - 10:37:16 - Unrewarded - /home/fet/stimuli/test_categories_box2/nonreward/DC_Stim_8_BlaBla0506_131508122514.wav"
"2017-03-12 10:37:16,082","INFO","Trial 18 - 10:37:16 - Unrewarded - /home/fet/stimuli/test_categories_box2/nonreward/Ne_Stim_5_YelGre5275_163120213001.wav"
"2017-03-12 10:37:25,419","INFO","Trial 19 - 10:37:25 - Unrewarded - /home/fet/stimuli/test_categories_box2/nonreward/Th_Stim_8_YelGre5275_340807062924.wav"
"2017-03-12 10:37:37,415","INFO","Trial 20 - 10:37:37 - Rewarded - /home/fet/stimuli/test_categories_box2/reward/Wh_Stim_6_BlaBla0506_101214131516.wav"
"2017-03-12 10:37:43,424","INFO","Supplying reward for 12.00 seconds"
"2017-03-12 10:38:07,211","INFO","Trial 21 - 10:38:07 - Unrewarded - /home/fet/stimuli/test_categories_box2/nonreward/LT_Stim_2_WhiBlu3414_092203061501.wav"
"2017-03-12 10:38:17,098","INFO","Trial 22 - 10:38:17 - Unrewarded - /home/fet/stimuli/test_categories_box2/nonreward/Ne_Stim_3_PurRas20dd_030807010305.wav"
"2017-03-12 10:38:31,670","INFO","Trial 23 - 10:38:31 - Rewarded - /home/fet/stimuli/test_categories_box2/reward/Wh_Stim_7_WhiWhi1415_010101010101.wav"
"2017-03-12 10:38:31,717","INFO","Trial 24 - 10:38:31 - Unrewarded - /home/fet/stimuli/test_categories_box2/nonreward/Th_Stim_10_WhiRas44dd_484518374225.wav"
"2017-03-12 10:38:41,131","INFO","Trial 25 - 10:38:41 - Unrewarded - /home/fet/stimuli/test_categories_box2/nonreward/Te_Stim_2_GreGre6364_300615111202.wav"
"2017-03-12 10:38:41,186","INFO","Trial 26 - 10:38:41 - Unrewarded - /home/fet/stimuli/test_categories_box2/nonreward/Th_Stim_4_Unknown000_110902030801.wav"
"2017-03-12 10:38:49,650","INFO","Trial 27 - 10:38:49 - Unrewarded - /home/fet/stimuli/test_categories_box2/nonreward/Di_Stim_10_WhiWhi1415_020202020202.wav"
"2017-03-12 10:38:49,701","INFO","Trial 28 - 10:38:49 - Rewarded - /home/fet/stimuli/test_categories_box2/reward/Wh_Stim_3_YelGre5275_130810030407.wav"
"2017-03-12 10:38:55,709","INFO","Supplying reward for 12.00 seconds"
"2017-03-12 10:39:20,859","INFO","Trial 29 - 10:39:20 - Unrewarded - /home/fet/stimuli/test_categories_box2/nonreward/So_Stim_6_RedRas3600_060201.wav"
"2017-03-12 10:39:29,321","INFO","Trial 30 - 10:39:29 - Unrewarded - /home/fet/stimuli/test_categories_box2/nonreward/Be_Stim_10_WhiBlu0112_051908.wav"
"2017-03-12 10:39:36,951","INFO","Trial 31 - 10:39:36 - Rewarded - /home/fet/stimuli/test_categories_box2/reward/Wh_Stim_8_LblBla4548_040911061614.wav"
"2017-03-12 10:39:42,960","INFO","Supplying reward for 12.00 seconds"
"2017-03-12 10:40:07,996","INFO","Trial 32 - 10:40:07 - Unrewarded - /home/fet/stimuli/test_categories_box2/nonreward/LT_Stim_3_WhiBlu0112_062401080511.wav"
"2017-03-12 10:40:08,052","INFO","Trial 33 - 10:40:08 - Rewarded - /home/fet/stimuli/test_categories_box2/reward/Wh_Stim_9_GraLbl0457_010502040505.wav"
"2017-03-12 10:40:14,059","INFO","Supplying reward for 12.00 seconds"
"2017-03-12 10:40:42,027","INFO","Trial 34 - 10:40:42 - Unrewarded - /home/fet/stimuli/test_categories_box2/nonreward/Ag_Stim_9_BlaLbl8026_020304232106.wav"
"2017-03-12 10:40:42,082","INFO","Trial 35 - 10:40:42 - Unrewarded - /home/fet/stimuli/test_categories_box2/nonreward/Tu_Stim_10_HPiHPi4748_032928232415.wav"
"2017-03-12 10:40:50,772","INFO","Trial 36 - 10:40:50 - Unrewarded - /home/fet/stimuli/test_categories_box2/nonreward/Tu_Stim_3_GraGra0201_101201080313.wav"
"2017-03-12 10:40:50,826","INFO","Trial 37 - 10:40:50 - Unrewarded - /home/fet/stimuli/test_categories_box2/nonreward/Di_Stim_7_BlaLbl8026_020103020203.wav"
"2017-03-12 10:41:00,429","INFO","Trial 38 - 10:41:00 - Rewarded - /home/fet/stimuli/test_categories_box2/reward/Wh_Stim_4_LblBla4419_040614181101.wav"
"2017-03-12 10:41:06,438","INFO","Supplying reward for 12.00 seconds"
"2017-03-12 10:41:35,689","INFO","Trial 39 - 10:41:35 - Unrewarded - /home/fet/stimuli/test_categories_box2/nonreward/DC_Stim_4_LblBla4419_141915273607.wav"
"2017-03-12 10:41:35,744","INFO","Trial 40 - 10:41:35 - Unrewarded - /home/fet/stimuli/test_categories_box2/nonreward/LT_Stim_7_LblRas1800_010203050604.wav"
"2017-03-12 10:41:47,330","INFO","Trial 41 - 10:41:47 - Unrewarded - /home/fet/stimuli/test_categories_box2/nonreward/Be_Stim_4_LblRas1800_01_0201_0108_01.wav"
"2017-03-12 10:41:56,557","INFO","Trial 42 - 10:41:56 - Rewarded - /home/fet/stimuli/test_categories_box2/reward/Wh_Stim_10_GreOra1817_010101010101.wav"
"2017-03-12 10:42:02,566","INFO","Supplying reward for 12.00 seconds"
"2017-03-12 10:42:36,899","INFO","Trial 43 - 10:42:36 - Unrewarded - /home/fet/stimuli/test_categories_box2/nonreward/Di_Stim_1_BlaLbl8026_010302020101.wav"
"2017-03-12 10:42:36,950","INFO","Trial 44 - 10:42:36 - Unrewarded - /home/fet/stimuli/test_categories_box2/nonreward/So_Stim_10_WhiBlu4818_052209.wav"
"2017-03-12 10:42:45,742","INFO","Trial 45 - 10:42:45 - Unrewarded - /home/fet/stimuli/test_categories_box2/nonreward/Ag_Stim_7_BlaBla0506_090512100704.wav"
"2017-03-12 10:42:45,798","INFO","Trial 46 - 10:42:45 - Rewarded - /home/fet/stimuli/test_categories_box2/reward/Wh_Stim_4_BlaLbl8026_070832090907.wav"
"2017-03-12 10:42:51,808","INFO","Supplying reward for 12.00 seconds"
"2017-03-12 10:43:26,355","INFO","Trial 47 - 10:43:26 - Unrewarded - /home/fet/stimuli/test_categories_box2/nonreward/Ne_Stim_8_BlaBla0506_131607051212.wav"
"2017-03-12 10:43:37,192","INFO","Trial 48 - 10:43:37 - Unrewarded - /home/fet/stimuli/test_categories_box2/nonreward/DC_Stim_7_WhiBlu4917_090618080122.wav"
"2017-03-12 10:43:37,247","INFO","Trial 49 - 10:43:37 - Unrewarded - /home/fet/stimuli/test_categories_box2/nonreward/Ne_Stim_9_YelOra2575_082102161320.wav"
"2017-03-12 10:43:48,083","INFO","Trial 50 - 10:43:48 - Unrewarded - /home/fet/stimuli/test_categories_box2/nonreward/Te_Stim_1_GraLbl0457_060720130914.wav"
"2017-03-12 10:44:08,504","INFO","Trial 51 - 10:44:08 - Unrewarded - /home/fet/stimuli/test_categories_box2/nonreward/Te_Stim_6_WhiGra0114_200221100711.wav"
"2017-03-12 10:44:17,621","INFO","Trial 52 - 10:44:17 - Unrewarded - /home/fet/stimuli/test_categories_box2/nonreward/DC_Stim_10_WhiRas44dd_152918100901.wav"
"2017-03-12 10:44:27,938","INFO","Trial 53 - 10:44:27 - Rewarded - /home/fet/stimuli/test_categories_box2/reward/Wh_Stim_2_GreOra1817_010101010101.wav"
"2017-03-12 10:44:33,947","INFO","Supplying reward for 12.00 seconds"
"2017-03-12 10:45:23,287","INFO","Trial 54 - 10:45:23 - Unrewarded - /home/fet/stimuli/test_categories_box2/nonreward/So_Stim_7_WhiLbl0010_060507.wav"
"2017-03-12 10:45:32,396","INFO","Trial 55 - 10:45:32 - Unrewarded - /home/fet/stimuli/test_categories_box2/nonreward/Di_Stim_2_HPiHPi4748_050303030505.wav"
"2017-03-12 10:45:43,156","INFO","Trial 56 - 10:45:43 - Unrewarded - /home/fet/stimuli/test_categories_box2/nonreward/Be_Stim_3_GraRas1600_060114.wav"
"2017-03-12 10:45:43,210","INFO","Trial 57 - 10:45:43 - Rewarded - /home/fet/stimuli/test_categories_box2/reward/Wh_Stim_5_BlaLbl8026_093208070732.wav"
"2017-03-12 10:45:49,218","INFO","Supplying reward for 12.00 seconds"
"2017-03-12 10:46:32,947","INFO","Trial 58 - 10:46:32 - Unrewarded - /home/fet/stimuli/test_categories_box2/nonreward/So_Stim_8_LblRed0613_062214.wav"
"2017-03-12 10:46:53,749","INFO","Trial 59 - 10:46:53 - Unrewarded - /home/fet/stimuli/test_categories_box2/nonreward/LT_Stim_2_WhiBlu3513_060402030501.wav"
"2017-03-12 10:47:03,546","INFO","Trial 60 - 10:47:03 - Unrewarded - /home/fet/stimuli/test_categories_box2/nonreward/Ne_Stim_4_GraGra0201_284647272405.wav"
"2017-03-12 10:47:29,013","INFO","Trial 61 - 10:47:29 - Unrewarded - /home/fet/stimuli/test_categories_box2/nonreward/Ag_Stim_7_GreOra1817_122128140120.wav"
"2017-03-12 10:47:29,068","INFO","Trial 62 - 10:47:29 - Unrewarded - /home/fet/stimuli/test_categories_box2/nonreward/Ag_Stim_5_BlaBla0506_070509041210.wav"
"2017-03-12 10:47:41,419","INFO","Trial 63 - 10:47:41 - Unrewarded - /home/fet/stimuli/test_categories_box2/nonreward/DC_Stim_3_GreGre6364_050116020911.wav"
"2017-03-12 10:47:51,847","INFO","Trial 64 - 10:47:51 - Unrewarded - /home/fet/stimuli/test_categories_box2/nonreward/Be_Stim_9_LblBlu1630_0504_c.04.wav"
"2017-03-12 10:47:51,901","INFO","Trial 65 - 10:47:51 - Unrewarded - /home/fet/stimuli/test_categories_box2/nonreward/Ag_Stim_8_GreOra1817_292012162128.wav"
"2017-03-12 10:48:02,099","INFO","Trial 66 - 10:48:02 - Unrewarded - /home/fet/stimuli/test_categories_box2/nonreward/Tu_Stim_2_BlaLbl8026_081007110905.wav"
"2017-03-12 10:48:22,176","INFO","Trial 67 - 10:48:22 - Unrewarded - /home/fet/stimuli/test_categories_box2/nonreward/Di_Stim_9_WhiLbl0010_040404040404.wav"
"2017-03-12 10:48:31,367","INFO","Trial 68 - 10:48:31 - Unrewarded - /home/fet/stimuli/test_categories_box2/nonreward/Be_Stim_1_GraGre0813_100114.wav"
"2017-03-12 10:48:42,794","INFO","Trial 69 - 10:48:42 - Unrewarded - /home/fet/stimuli/test_categories_box2/nonreward/Te_Stim_8_GreRas2400_190832210509.wav"
"2017-03-12 10:48:52,214","INFO","Trial 70 - 10:48:52 - Rewarded - /home/fet/stimuli/test_categories_box2/reward/Wh_Stim_9_BlaBla0506_161318101214.wav"
"2017-03-12 10:48:58,223","INFO","Supplying reward for 12.00 seconds"
"2017-03-12 10:49:29,014","INFO","Trial 71 - 10:49:29 - Unrewarded - /home/fet/stimuli/test_categories_box2/nonreward/So_Stim_3_LblBla4419_050102.wav"
"2017-03-12 10:49:29,064","INFO","Trial 72 - 10:49:29 - Unrewarded - /home/fet/stimuli/test_categories_box2/nonreward/Te_Stim_9_WhiGra0114_110214102019.wav"
"2017-03-12 10:49:41,653","INFO","Trial 73 - 10:49:41 - Unrewarded - /home/fet/stimuli/test_categories_box2/nonreward/So_Stim_10_BlaBla0506_150806.wav"
"2017-03-12 10:49:52,765","INFO","Trial 74 - 10:49:52 - Unrewarded - /home/fet/stimuli/test_categories_box2/nonreward/Ne_Stim_10_HPiHPi4748_343108063805.wav"
"2017-03-12 10:49:52,819","INFO","Trial 75 - 10:49:52 - Unrewarded - /home/fet/stimuli/test_categories_box2/nonreward/LT_Stim_10_LblRas1800_020306050104.wav"
"2017-03-12 10:50:03,127","INFO","Trial 76 - 10:50:03 - Unrewarded - /home/fet/stimuli/test_categories_box2/nonreward/Tu_Stim_5_YelGre5275_282630151424.wav"
"2017-03-12 10:50:13,751","INFO","Trial 77 - 10:50:13 - Unrewarded - /home/fet/stimuli/test_categories_box2/nonreward/Be_Stim_6_GraGre0813_010401.wav"
"2017-03-12 10:50:25,322","INFO","Trial 78 - 10:50:25 - Unrewarded - /home/fet/stimuli/test_categories_box2/nonreward/Th_Stim_6_HPiHPi4748_072019272910.wav"
"2017-03-12 10:50:25,381","INFO","Trial 79 - 10:50:25 - Unrewarded - /home/fet/stimuli/test_categories_box2/nonreward/Te_Stim_5_GreRas2400_272422073114.wav"
"2017-03-12 10:50:34,598","INFO","Trial 80 - 10:50:34 - Rewarded - /home/fet/stimuli/test_categories_box2/reward/Wh_Stim_2_WhiRas44dd_020103020201.wav"
"2017-03-12 10:50:40,608","INFO","Supplying reward for 12.00 seconds"
"2017-03-12 10:51:12,848","INFO","Trial 81 - 10:51:12 - Rewarded - /home/fet/stimuli/test_categories_box2/reward/Wh_Stim_8_YelGre5275_130410030506.wav"
"2017-03-12 10:51:12,899","INFO","Trial 82 - 10:51:12 - Unrewarded - /home/fet/stimuli/test_categories_box2/nonreward/LT_Stim_1_LblBlu1630_150706141613.wav"
"2017-03-12 10:51:23,673","INFO","Trial 83 - 10:51:23 - Unrewarded - /home/fet/stimuli/test_categories_box2/nonreward/Te_Stim_5_PurRas20dd_190508201106.wav"
"2017-03-12 10:51:32,881","INFO","Trial 84 - 10:51:32 - Unrewarded - /home/fet/stimuli/test_categories_box2/nonreward/So_Stim_10_LblRed0613_270822.wav"
"2017-03-12 10:51:32,935","INFO","Trial 85 - 10:51:32 - Unrewarded - /home/fet/stimuli/test_categories_box2/nonreward/Be_Stim_3_LblRas1800_09_0102_0406_02.wav"
"2017-03-12 10:51:43,026","INFO","Trial 86 - 10:51:43 - Unrewarded - /home/fet/stimuli/test_categories_box2/nonreward/LT_Stim_2_LblBlu6680_162607170903.wav"
"2017-03-12 10:52:09,959","INFO","Trial 87 - 10:52:09 - Rewarded - /home/fet/stimuli/test_categories_box2/reward/Wh_Stim_8_GraGra0201_050506050401.wav"
"2017-03-12 10:52:15,964","INFO","Supplying reward for 12.00 seconds"
"2017-03-12 10:52:42,152","INFO","Trial 88 - 10:52:42 - Rewarded - /home/fet/stimuli/test_categories_box2/reward/Wh_Stim_8_WhiRas44dd_020103020301.wav"
"2017-03-12 10:52:42,210","INFO","Trial 89 - 10:52:42 - Unrewarded - /home/fet/stimuli/test_categories_box2/nonreward/LT_Stim_10_WhiBlu3513_050103020604.wav"
"2017-03-12 10:52:52,194","INFO","Trial 90 - 10:52:52 - Unrewarded - /home/fet/stimuli/test_categories_box2/nonreward/Te_Stim_6_BlaBla0506_111506101416.wav"
"2017-03-12 10:52:52,249","INFO","Trial 91 - 10:52:52 - Rewarded - /home/fet/stimuli/test_categories_box2/reward/Wh_Stim_2_WhiWhi1415_010101010101.wav"
"2017-03-12 10:52:58,257","INFO","Supplying reward for 12.00 seconds"
"2017-03-12 10:54:13,695","INFO","Trial 92 - 10:54:13 - Unrewarded - /home/fet/stimuli/test_categories_box2/nonreward/Ag_Stim_1_BlaBla0506_070904101205.wav"
"2017-03-12 10:54:26,404","INFO","Trial 93 - 10:54:26 - Unrewarded - /home/fet/stimuli/test_categories_box2/nonreward/Te_Stim_10_GreRas2400_211124180220.wav"
"2017-03-12 10:54:40,776","INFO","Trial 94 - 10:54:40 - Unrewarded - /home/fet/stimuli/test_categories_box2/nonreward/Di_Stim_10_Unknown000_020101020202.wav"
"2017-03-12 10:54:51,847","INFO","Trial 95 - 10:54:51 - Rewarded - /home/fet/stimuli/test_categories_box2/reward/Wh_Stim_9_GreGre2522_030201020103.wav"
"2017-03-12 10:54:51,902","INFO","Trial 96 - 10:54:51 - Unrewarded - /home/fet/stimuli/test_categories_box2/nonreward/Ag_Stim_6_WhiRas44dd_100508112131.wav"
"2017-03-12 10:55:02,795","INFO","Trial 97 - 10:55:02 - Unrewarded - /home/fet/stimuli/test_categories_box2/nonreward/So_Stim_6_YelOra2575_181419.wav"
"2017-03-12 10:55:02,849","INFO","Trial 98 - 10:55:02 - Unrewarded - /home/fet/stimuli/test_categories_box2/nonreward/Ne_Stim_3_LblRed0613_593354030843.wav"
"2017-03-12 10:55:30,617","INFO","Trial 99 - 10:55:30 - Unrewarded - /home/fet/stimuli/test_categories_box2/nonreward/Di_Stim_4_Unknown000_020102010102.wav"
"2017-03-12 10:55:30,668","INFO","Trial 100 - 10:55:30 - Unrewarded - /home/fet/stimuli/test_categories_box2/nonreward/Be_Stim_3_LblBlu6243_1405_0209_01.wav"
"2017-03-12 10:55:42,134","INFO","Trial 101 - 10:55:42 - Unrewarded - /home/fet/stimuli/test_categories_box2/nonreward/Be_Stim_10_LblBlu1630_04_a.0405.wav"
"2017-03-12 10:56:05,148","INFO","Trial 102 - 10:56:05 - Unrewarded - /home/fet/stimuli/test_categories_box2/nonreward/Th_Stim_10_WhiBlu5698_010604070706.wav"
"2017-03-12 10:56:17,309","INFO","Trial 103 - 10:56:17 - Rewarded - /home/fet/stimuli/test_categories_box2/reward/Wh_Stim_1_YelGre5275_030804051310.wav"
"2017-03-12 10:56:17,359","INFO","Trial 104 - 10:56:17 - Unrewarded - /home/fet/stimuli/test_categories_box2/nonreward/Th_Stim_4_GraGra0201_194440113441.wav"
"2017-03-12 10:56:59,290","INFO","Trial 105 - 10:56:59 - Unrewarded - /home/fet/stimuli/test_categories_box2/nonreward/Th_Stim_5_WhiBlu5698_040107060701.wav"
"2017-03-12 10:56:59,344","INFO","Trial 106 - 10:56:59 - Unrewarded - /home/fet/stimuli/test_categories_box2/nonreward/So_Stim_2_WhiBlu5698_301802.wav"
"2017-03-12 10:57:20,408","INFO","Trial 107 - 10:57:20 - Unrewarded - /home/fet/stimuli/test_categories_box2/nonreward/Th_Stim_6_WhiRas44dd_082522413805.wav"
"2017-03-12 10:57:47,072","INFO","Trial 108 - 10:57:47 - Unrewarded - /home/fet/stimuli/test_categories_box2/nonreward/Th_Stim_9_GraGra0201_130729032016.wav"
"2017-03-12 10:57:47,126","INFO","Trial 109 - 10:57:47 - Rewarded - /home/fet/stimuli/test_categories_box2/reward/Wh_Stim_5_YelGre5275_041105071003.wav"
"2017-03-12 10:57:53,134","INFO","Supplying reward for 12.00 seconds"
"2017-03-12 10:58:19,861","INFO","Trial 110 - 10:58:19 - Rewarded - /home/fet/stimuli/test_categories_box2/reward/Wh_Stim_7_GreGre2522_020301030203.wav"
"2017-03-12 10:58:25,867","INFO","Supplying reward for 12.00 seconds"
"2017-03-12 10:59:16,740","INFO","Trial 111 - 10:59:16 - Unrewarded - /home/fet/stimuli/test_categories_box2/nonreward/Th_Stim_1_GreOra1817_441718024707.wav"
"2017-03-12 10:59:30,093","INFO","Trial 112 - 10:59:30 - Rewarded - /home/fet/stimuli/test_categories_box2/reward/Wh_Stim_6_GreOra1817_010101010101.wav"
"2017-03-12 10:59:36,099","INFO","Supplying reward for 12.00 seconds"
"2017-03-12 11:00:25,779","INFO","Trial 113 - 11:00:25 - Rewarded - /home/fet/stimuli/test_categories_box2/reward/Wh_Stim_1_LblBla4548_080516090103.wav"
"2017-03-12 11:00:31,785","INFO","Supplying reward for 12.00 seconds"
"2017-03-12 11:01:06,326","INFO","Trial 114 - 11:01:06 - Unrewarded - /home/fet/stimuli/test_categories_box2/nonreward/Th_Stim_1_WhiBlu4818_010402030505.wav"
"2017-03-12 11:01:19,208","INFO","Trial 115 - 11:01:19 - Unrewarded - /home/fet/stimuli/test_categories_box2/nonreward/Di_Stim_7_HPiHPi4748_050305050505.wav"
"2017-03-12 11:01:28,781","INFO","Trial 116 - 11:01:28 - Unrewarded - /home/fet/stimuli/test_categories_box2/nonreward/So_Stim_7_BlaBla0506_081512.wav"
"2017-03-12 11:01:40,028","INFO","Trial 117 - 11:01:40 - Unrewarded - /home/fet/stimuli/test_categories_box2/nonreward/So_Stim_4_YelOra2575_182202.wav"
"2017-03-12 11:01:40,087","INFO","Trial 118 - 11:01:40 - Unrewarded - /home/fet/stimuli/test_categories_box2/nonreward/Th_Stim_3_Unknown000_030205011108.wav"
"2017-03-12 11:02:06,915","INFO","Trial 119 - 11:02:06 - Unrewarded - /home/fet/stimuli/test_categories_box2/nonreward/DC_Stim_10_WhiBlu4917_200605091822.wav"
"2017-03-12 11:02:18,494","INFO","Trial 120 - 11:02:18 - Unrewarded - /home/fet/stimuli/test_categories_box2/nonreward/So_Stim_8_YelGre5275_283236.wav"
"2017-03-12 11:02:28,558","INFO","Trial 121 - 11:02:28 - Rewarded - /home/fet/stimuli/test_categories_box2/reward/Wh_Stim_6_WhiWhi1415_010101010101.wav"
"2017-03-12 11:02:34,567","INFO","Supplying reward for 12.00 seconds"
"2017-03-12 11:03:05,520","INFO","Trial 122 - 11:03:05 - Rewarded - /home/fet/stimuli/test_categories_box2/reward/Wh_Stim_1_GreOra1817_010101010101.wav"
"2017-03-12 11:03:11,525","INFO","Supplying reward for 12.00 seconds"
"2017-03-12 11:03:52,833","INFO","Trial 123 - 11:03:52 - Unrewarded - /home/fet/stimuli/test_categories_box2/nonreward/Di_Stim_7_PurRas20dd_010401010104.wav"
"2017-03-12 11:04:06,915","INFO","Trial 124 - 11:04:06 - Unrewarded - /home/fet/stimuli/test_categories_box2/nonreward/Tu_Stim_4_YelGre5275_140405063023.wav"
"2017-03-12 11:04:34,485","INFO","Trial 125 - 11:04:34 - Rewarded - /home/fet/stimuli/test_categories_box2/reward/Wh_Stim_3_LblBla4548_120116180917.wav"
"2017-03-12 11:04:40,490","INFO","Supplying reward for 12.00 seconds"
"2017-03-12 11:05:18,029","INFO","Trial 126 - 11:05:18 - Rewarded - /home/fet/stimuli/test_categories_box2/reward/Wh_Stim_3_WhiRas44dd_020103010203.wav"
"2017-03-12 11:05:24,034","INFO","Supplying reward for 12.00 seconds"
"2017-03-12 11:05:54,777","INFO","Trial 127 - 11:05:54 - Unrewarded - /home/fet/stimuli/test_categories_box2/nonreward/Te_Stim_2_BlaBla0506_081722111510.wav"
"2017-03-12 11:06:42,175","INFO","Trial 128 - 11:06:42 - Unrewarded - /home/fet/stimuli/test_categories_box2/nonreward/DC_Stim_3_BluRas07dd_101917292505.wav"
"2017-03-12 11:06:42,230","INFO","Trial 129 - 11:06:42 - Unrewarded - /home/fet/stimuli/test_categories_box2/nonreward/So_Stim_8_BlaBla0506_120815.wav"
"2017-03-12 11:06:53,230","INFO","Trial 130 - 11:06:53 - Rewarded - /home/fet/stimuli/test_categories_box2/reward/Wh_Stim_3_GraLbl0457_010405020104.wav"
"2017-03-12 11:06:59,235","INFO","Supplying reward for 12.00 seconds"
"2017-03-12 11:07:41,025","INFO","Trial 131 - 11:07:41 - Unrewarded - /home/fet/stimuli/test_categories_box2/nonreward/Di_Stim_4_WhiWhi1415_020202020202.wav"
"2017-03-12 11:08:11,802","INFO","Trial 132 - 11:08:11 - Unrewarded - /home/fet/stimuli/test_categories_box2/nonreward/So_Stim_9_BlaBla0506_150608.wav"
"2017-03-12 11:08:24,631","INFO","Trial 133 - 11:08:24 - Unrewarded - /home/fet/stimuli/test_categories_box2/nonreward/Be_Stim_6_LblGre0001_02_020105.wav"
"2017-03-12 11:08:41,780","INFO","Trial 134 - 11:08:41 - Unrewarded - /home/fet/stimuli/test_categories_box2/nonreward/Ne_Stim_6_Unknown00F_010201010101.wav"
"2017-03-12 11:09:05,536","INFO","Trial 135 - 11:09:05 - Unrewarded - /home/fet/stimuli/test_categories_box2/nonreward/Di_Stim_3_BlaLbl8026_010203030203.wav"
"2017-03-12 11:09:16,452","INFO","Trial 136 - 11:09:16 - Unrewarded - /home/fet/stimuli/test_categories_box2/nonreward/Tu_Stim_3_BlaLbl8026_110910050708.wav"
"2017-03-12 11:09:30,050","INFO","Trial 137 - 11:09:30 - Unrewarded - /home/fet/stimuli/test_categories_box2/nonreward/Ne_Stim_2_BlaBla0506_120513121602.wav"
"2017-03-12 11:09:30,105","INFO","Trial 138 - 11:09:30 - Unrewarded - /home/fet/stimuli/test_categories_box2/nonreward/Ne_Stim_1_WhiWhi1415_100906070504.wav"
"2017-03-12 11:09:56,190","INFO","Trial 139 - 11:09:56 - Unrewarded - /home/fet/stimuli/test_categories_box2/nonreward/Ag_Stim_6_BlaLbl8026_232103060204.wav"
"2017-03-12 11:10:11,439","INFO","Trial 140 - 11:10:11 - Unrewarded - /home/fet/stimuli/test_categories_box2/nonreward/Th_Stim_1_WhiRas44dd_414729134525.wav"
"2017-03-12 11:10:52,127","INFO","Trial 141 - 11:10:52 - Rewarded - /home/fet/stimuli/test_categories_box2/reward/Wh_Stim_10_BlaBla0506_141202161815.wav"
"2017-03-12 11:10:58,132","INFO","Supplying reward for 12.00 seconds"
"2017-03-12 11:11:52,873","INFO","Trial 142 - 11:11:52 - Unrewarded - /home/fet/stimuli/test_categories_box2/nonreward/Th_Stim_2_GraGra0201_211623421901.wav"
"2017-03-12 11:12:17,968","INFO","Trial 143 - 11:12:17 - Unrewarded - /home/fet/stimuli/test_categories_box2/nonreward/Tu_Stim_9_PurRas20dd_020305060401.wav"
"2017-03-12 11:12:18,023","INFO","Trial 144 - 11:12:18 - Unrewarded - /home/fet/stimuli/test_categories_box2/nonreward/So_Stim_6_YelGre5275_272935.wav"
"2017-03-12 11:12:28,183","INFO","Trial 145 - 11:12:28 - Unrewarded - /home/fet/stimuli/test_categories_box2/nonreward/Ne_Stim_3_Unknown01F_020102020101.wav"
"2017-03-12 11:12:39,615","INFO","Trial 146 - 11:12:39 - Unrewarded - /home/fet/stimuli/test_categories_box2/nonreward/Th_Stim_7_WhiBlu5698_010607040601.wav"
"2017-03-12 11:12:53,271","INFO","Trial 147 - 11:12:53 - Unrewarded - /home/fet/stimuli/test_categories_box2/nonreward/Te_Stim_5_WhiBlu4917_241312040222.wav"
"2017-03-12 11:13:06,455","INFO","Trial 148 - 11:13:06 - Unrewarded - /home/fet/stimuli/test_categories_box2/nonreward/Ag_Stim_6_BlaBla0506_050409101207.wav"
"2017-03-12 11:13:34,856","INFO","Trial 149 - 11:13:34 - Rewarded - /home/fet/stimuli/test_categories_box2/reward/Wh_Stim_2_BlaBla0506_120615161314.wav"
"2017-03-12 11:13:40,865","INFO","Supplying reward for 12.00 seconds"
"2017-03-12 11:14:14,782","INFO","Trial 150 - 11:14:14 - Unrewarded - /home/fet/stimuli/test_categories_box2/nonreward/Be_Stim_2_GraGre1001_061501.wav"
"2017-03-12 11:14:20,450","INFO","Trial 151 - 11:14:20 - Unrewarded - /home/fet/stimuli/test_categories_box2/nonreward/So_Stim_4_YelGre5275_292809.wav"
"2017-03-12 11:16:42,429","INFO","Trial 152 - 11:16:42 - Rewarded - /home/fet/stimuli/test_categories_box2/reward/Wh_Stim_10_GreGre2522_010203010102.wav"
"2017-03-12 11:16:48,438","INFO","Supplying reward for 12.00 seconds"
"2017-03-12 11:17:20,933","INFO","Trial 153 - 11:17:20 - Unrewarded - /home/fet/stimuli/test_categories_box2/nonreward/Be_Stim_4_LblBlu6680_11_0211_0104_01.wav"
"2017-03-12 11:17:25,710","INFO","Trial 154 - 11:17:25 - Rewarded - /home/fet/stimuli/test_categories_box2/reward/Wh_Stim_4_BlaBla0506_151006141202.wav"
"2017-03-12 11:17:31,718","INFO","Supplying reward for 12.00 seconds"
"2017-03-12 11:18:10,362","INFO","Trial 155 - 11:18:10 - Unrewarded - /home/fet/stimuli/test_categories_box2/nonreward/So_Stim_2_HPiHPi4748_150911.wav"
"2017-03-12 11:19:48,121","INFO","Trial 156 - 11:19:48 - Unrewarded - /home/fet/stimuli/test_categories_box2/nonreward/So_Stim_3_WhiLbl0010_070506.wav"
"2017-03-12 13:11:12,893","INFO","Trial 157 - 13:11:12 - Unrewarded - /home/fet/stimuli/test_categories_box2/nonreward/Ag_Stim_2_BlaBla0506_070412100509.wav"
"2017-03-12 13:11:12,951","INFO","Trial 158 - 13:11:12 - Unrewarded - /home/fet/stimuli/test_categories_box2/nonreward/Tu_Stim_7_YelGre5275_212224082904.wav"
"2017-03-12 13:12:03,008","INFO","Trial 159 - 13:12:03 - Unrewarded - /home/fet/stimuli/test_categories_box2/nonreward/Be_Stim_10_LblBlu6243_0308_0208_01.wav"
"2017-03-12 13:12:03,067","INFO","Trial 160 - 13:12:03 - Unrewarded - /home/fet/stimuli/test_categories_box2/nonreward/Th_Stim_2_HPiHPi4748_162026041417.wav"
"2017-03-12 13:12:19,612","INFO","Trial 161 - 13:12:19 - Unrewarded - /home/fet/stimuli/test_categories_box2/nonreward/LT_Stim_7_LblBlu6680_132331041906.wav"
"2017-03-12 13:12:19,666","INFO","Trial 162 - 13:12:19 - Unrewarded - /home/fet/stimuli/test_categories_box2/nonreward/So_Stim_6_LblRed0613_120837.wav"
"2017-03-12 13:12:20,204","INFO","Trial 163 - 13:12:20 - Unrewarded - /home/fet/stimuli/test_categories_box2/nonreward/LT_Stim_8_WhiBlu3513_020605040103.wav"
"2017-03-12 13:12:33,849","INFO","Trial 164 - 13:12:33 - Unrewarded - /home/fet/stimuli/test_categories_box2/nonreward/DC_Stim_10_BluRas07dd_132118140328.wav"
"2017-03-12 13:12:46,033","INFO","Trial 165 - 13:12:46 - Unrewarded - /home/fet/stimuli/test_categories_box2/nonreward/Ag_Stim_9_Unknown_11_010606010601.wav"
"2017-03-12 13:12:46,092","INFO","Trial 166 - 13:12:46 - Unrewarded - /home/fet/stimuli/test_categories_box2/nonreward/Th_Stim_3_HPiHPi4748_111525021601.wav"
"2017-03-12 13:13:14,097","INFO","Trial 167 - 13:13:14 - Unrewarded - /home/fet/stimuli/test_categories_box2/nonreward/DC_Stim_10_RedRas3600_010410090307.wav"
"2017-03-12 13:13:27,400","INFO","Trial 168 - 13:13:27 - Unrewarded - /home/fet/stimuli/test_categories_box2/nonreward/So_Stim_8_LblBla4419_020109.wav"
"2017-03-12 13:13:42,210","INFO","Trial 169 - 13:13:42 - Unrewarded - /home/fet/stimuli/test_categories_box2/nonreward/Be_Stim_3_GraGre0813_161109.wav"
"2017-03-12 13:13:42,269","INFO","Trial 170 - 13:13:42 - Unrewarded - /home/fet/stimuli/test_categories_box2/nonreward/Ag_Stim_9_GreOra1817_090108302116.wav"
"2017-03-12 13:13:52,695","INFO","Trial 171 - 13:13:52 - Unrewarded - /home/fet/stimuli/test_categories_box2/nonreward/Ne_Stim_2_WhiWhi1415_060708090504.wav"
"2017-03-12 13:14:27,843","INFO","Trial 172 - 13:14:27 - Unrewarded - /home/fet/stimuli/test_categories_box2/nonreward/LT_Stim_7_LblBlu6243_142205111823.wav"
"2017-03-12 13:15:04,831","INFO","Trial 173 - 13:15:04 - Unrewarded - /home/fet/stimuli/test_categories_box2/nonreward/Be_Stim_8_GraGre0813_131509.wav"
"2017-03-12 13:15:04,882","INFO","Trial 174 - 13:15:04 - Rewarded - /home/fet/stimuli/test_categories_box2/reward/Wh_Stim_5_WhiRas44dd_020103030203.wav"
"2017-03-12 13:15:10,890","INFO","Supplying reward for 12.00 seconds"
"2017-03-12 13:15:51,352","INFO","Trial 175 - 13:15:51 - Unrewarded - /home/fet/stimuli/test_categories_box2/nonreward/Ne_Stim_9_PurRas20dd_070308020103.wav"
"2017-03-12 13:15:51,390","INFO","Trial 176 - 13:15:51 - Unrewarded - /home/fet/stimuli/test_categories_box2/nonreward/Tu_Stim_3_GraLbl0457_131215041403.wav"
"2017-03-12 13:16:15,212","INFO","Trial 177 - 13:16:15 - Unrewarded - /home/fet/stimuli/test_categories_box2/nonreward/DC_Stim_6_LblBla4419_063019201510.wav"
"2017-03-12 13:16:24,993","INFO","Trial 178 - 13:16:24 - Unrewarded - /home/fet/stimuli/test_categories_box2/nonreward/So_Stim_5_RedRas3600_040501.wav"
"2017-03-12 13:16:25,052","INFO","Trial 179 - 13:16:25 - Unrewarded - /home/fet/stimuli/test_categories_box2/nonreward/Be_Stim_8_LblGre0000_040311.wav"
"2017-03-12 13:16:25,789","INFO","Trial 180 - 13:16:25 - Unrewarded - /home/fet/stimuli/test_categories_box2/nonreward/Th_Stim_2_YelGre5275_133140303639.wav"
"2017-03-12 13:16:25,843","INFO","Trial 181 - 13:16:25 - Unrewarded - /home/fet/stimuli/test_categories_box2/nonreward/DC_Stim_9_WhiLbl0010_262820242327.wav"
"2017-03-12 13:16:52,269","INFO","Trial 182 - 13:16:52 - Unrewarded - /home/fet/stimuli/test_categories_box2/nonreward/Be_Stim_3_WhiBlu0112_031006.wav"
"2017-03-12 13:17:06,733","INFO","Trial 183 - 13:17:06 - Unrewarded - /home/fet/stimuli/test_categories_box2/nonreward/Tu_Stim_1_PurRas20dd_050307010608.wav"
"2017-03-12 13:17:06,787","INFO","Trial 184 - 13:17:06 - Unrewarded - /home/fet/stimuli/test_categories_box2/nonreward/DC_Stim_6_LblBla4548_403943344413.wav"
"2017-03-12 13:17:18,079","INFO","Trial 185 - 13:17:18 - Unrewarded - /home/fet/stimuli/test_categories_box2/nonreward/DC_Stim_3_WhiBlu4917_201809190601.wav"
"2017-03-12 13:17:28,250","INFO","Trial 186 - 13:17:28 - Rewarded - /home/fet/stimuli/test_categories_box2/reward/Wh_Stim_3_GreOra1817_010101010101.wav"
"2017-03-12 13:17:34,255","INFO","Supplying reward for 12.00 seconds"
"2017-03-12 13:18:03,677","INFO","Trial 187 - 13:18:03 - Unrewarded - /home/fet/stimuli/test_categories_box2/nonreward/Be_Stim_4_LblBlu6243_09_021708_03.wav"
"2017-03-12 13:18:05,480","INFO","Trial 188 - 13:18:05 - Unrewarded - /home/fet/stimuli/test_categories_box2/nonreward/Tu_Stim_9_WhiLbl0010_091014010626.wav"
"2017-03-12 13:18:16,149","INFO","Trial 189 - 13:18:16 - Rewarded - /home/fet/stimuli/test_categories_box2/reward/Wh_Stim_9_GraGra0201_050604050502.wav"
"2017-03-12 13:18:22,155","INFO","Supplying reward for 12.00 seconds"
"2017-03-12 13:19:17,455","INFO","Trial 190 - 13:19:17 - Unrewarded - /home/fet/stimuli/test_categories_box2/nonreward/Tu_Stim_2_WhiRas44dd_030123172710.wav"
"2017-03-12 13:19:40,778","INFO","Trial 191 - 13:19:40 - Unrewarded - /home/fet/stimuli/test_categories_box2/nonreward/So_Stim_8_LblBla4548_384844.wav"
"2017-03-12 13:19:51,599","INFO","Trial 192 - 13:19:51 - Unrewarded - /home/fet/stimuli/test_categories_box2/nonreward/So_Stim_9_LblRed0613_300940.wav"
"2017-03-12 13:19:51,654","INFO","Trial 193 - 13:19:51 - Rewarded - /home/fet/stimuli/test_categories_box2/reward/Wh_Stim_1_WhiWhi1415_010101010101.wav"
"2017-03-12 13:19:57,662","INFO","Supplying reward for 12.00 seconds"
"2017-03-12 13:20:29,766","INFO","Trial 194 - 13:20:29 - Unrewarded - /home/fet/stimuli/test_categories_box2/nonreward/Te_Stim_10_YelOra2575_162309100302.wav"
"2017-03-12 13:21:23,485","INFO","Trial 195 - 13:21:23 - Unrewarded - /home/fet/stimuli/test_categories_box2/nonreward/Ag_Stim_6_GreWhi1242_010101010101.wav"
"2017-03-12 13:21:40,192","INFO","Trial 196 - 13:21:40 - Unrewarded - /home/fet/stimuli/test_categories_box2/nonreward/Te_Stim_5_YelOra2575_180429031728.wav"
"2017-03-12 13:21:40,247","INFO","Trial 197 - 13:21:40 - Unrewarded - /home/fet/stimuli/test_categories_box2/nonreward/Te_Stim_9_YelOra2575_052002292606.wav"
"2017-03-12 13:21:55,257","INFO","Trial 198 - 13:21:55 - Unrewarded - /home/fet/stimuli/test_categories_box2/nonreward/Tu_Stim_6_GraGra0201_171806021204.wav"
"2017-03-12 13:22:09,462","INFO","Trial 199 - 13:22:09 - Unrewarded - /home/fet/stimuli/test_categories_box2/nonreward/Te_Stim_4_WhiWhi1415_152105133327.wav"
"2017-03-12 13:22:09,517","INFO","Trial 200 - 13:22:09 - Rewarded - /home/fet/stimuli/test_categories_box2/reward/Wh_Stim_2_BlaLbl8026_070809320909.wav"
"2017-03-12 13:22:15,525","INFO","Supplying reward for 12.00 seconds"
"2017-03-12 13:23:14,805","INFO","Trial 201 - 13:23:14 - Unrewarded - /home/fet/stimuli/test_categories_box2/nonreward/Tu_Stim_7_BlaLbl8026_060805110709.wav"
"2017-03-12 13:23:29,124","INFO","Trial 202 - 13:23:29 - Unrewarded - /home/fet/stimuli/test_categories_box2/nonreward/Be_Stim_3_GraRas1500_050703.wav"
"2017-03-12 13:23:29,756","INFO","Trial 203 - 13:23:29 - Unrewarded - /home/fet/stimuli/test_categories_box2/nonreward/Te_Stim_2_YelGre5275_113102171810.wav"
"2017-03-12 13:23:29,806","INFO","Trial 204 - 13:23:29 - Unrewarded - /home/fet/stimuli/test_categories_box2/nonreward/LT_Stim_9_LblBlu6243_031016301427.wav"
"2017-03-12 13:23:41,342","INFO","Trial 205 - 13:23:41 - Rewarded - /home/fet/stimuli/test_categories_box2/reward/Wh_Stim_7_YelGre5275_010410141203.wav"
"2017-03-12 13:23:41,397","INFO","Trial 206 - 13:23:41 - Unrewarded - /home/fet/stimuli/test_categories_box2/nonreward/Tu_Stim_3_YelOra2575_112417141813.wav"
"2017-03-12 13:23:52,340","INFO","Trial 207 - 13:23:52 - Unrewarded - /home/fet/stimuli/test_categories_box2/nonreward/DC_Stim_8_BluRas07dd_201119070424.wav"
"2017-03-12 13:24:03,882","INFO","Trial 208 - 13:24:03 - Rewarded - /home/fet/stimuli/test_categories_box2/reward/Wh_Stim_7_LblRed0613_103633370704.wav"
"2017-03-12 13:24:09,887","INFO","Supplying reward for 12.00 seconds"
"2017-03-12 13:24:54,397","INFO","Trial 209 - 13:24:54 - Unrewarded - /home/fet/stimuli/test_categories_box2/nonreward/Th_Stim_8_GraGra0201_474012110550.wav"
"2017-03-12 13:25:11,555","INFO","Trial 210 - 13:25:11 - Unrewarded - /home/fet/stimuli/test_categories_box2/nonreward/Be_Stim_9_LblBlu6243_08_010310_03.wav"
"2017-03-12 13:25:24,314","INFO","Trial 211 - 13:25:24 - Unrewarded - /home/fet/stimuli/test_categories_box2/nonreward/DC_Stim_5_RedRas3600_050306010708.wav"
"2017-03-12 13:25:36,024","INFO","Trial 212 - 13:25:36 - Unrewarded - /home/fet/stimuli/test_categories_box2/nonreward/Ne_Stim_8_WhiWhi1415_080706090510.wav"
"2017-03-12 13:26:17,843","INFO","Trial 213 - 13:26:17 - Rewarded - /home/fet/stimuli/test_categories_box2/reward/Wh_Stim_3_BlaBla0506_141210181615.wav"
"2017-03-12 13:26:23,848","INFO","Supplying reward for 12.00 seconds"
"2017-03-12 13:27:09,054","INFO","Trial 214 - 13:27:09 - Unrewarded - /home/fet/stimuli/test_categories_box2/nonreward/Ag_Stim_5_WhiBlu4917_010101010101.wav"
"2017-03-12 13:27:20,924","INFO","Trial 215 - 13:27:20 - Unrewarded - /home/fet/stimuli/test_categories_box2/nonreward/LT_Stim_5_WhiBlu3414_062117072314.wav"
"2017-03-12 13:27:20,978","INFO","Trial 216 - 13:27:20 - Unrewarded - /home/fet/stimuli/test_categories_box2/nonreward/Di_Stim_5_WhiBlu4917_010101010101.wav"
"2017-03-12 13:27:47,109","INFO","Trial 217 - 13:27:47 - Unrewarded - /home/fet/stimuli/test_categories_box2/nonreward/So_Stim_1_WhiBlu4818_220409.wav"
"2017-03-12 13:28:01,207","INFO","Trial 218 - 13:28:01 - Rewarded - /home/fet/stimuli/test_categories_box2/reward/Wh_Stim_3_BlaLbl8026_320908070909.wav"
"2017-03-12 13:28:07,216","INFO","Supplying reward for 12.00 seconds"
"2017-03-12 13:28:48,678","INFO","Trial 219 - 13:28:48 - Unrewarded - /home/fet/stimuli/test_categories_box2/nonreward/Ag_Stim_1_WhiBlu5698_061104100807.wav"
"2017-03-12 13:28:48,729","INFO","Trial 220 - 13:28:48 - Rewarded - /home/fet/stimuli/test_categories_box2/reward/Wh_Stim_7_GraLbl0457_050104020204.wav"
"2017-03-12 13:28:54,736","INFO","Supplying reward for 12.00 seconds"
"2017-03-12 13:29:38,459","INFO","Trial 221 - 13:29:38 - Rewarded - /home/fet/stimuli/test_categories_box2/reward/Wh_Stim_1_GreGre2522_010302010201.wav"
"2017-03-12 13:29:44,464","INFO","Supplying reward for 12.00 seconds"
"2017-03-12 13:30:26,487","INFO","Trial 222 - 13:30:26 - Unrewarded - /home/fet/stimuli/test_categories_box2/nonreward/Ag_Stim_5_GreWhi1242_010101010101.wav"
"2017-03-12 13:30:50,419","INFO","Trial 223 - 13:30:50 - Unrewarded - /home/fet/stimuli/test_categories_box2/nonreward/So_Stim_10_YelOra2575_152520.wav"
"2017-03-12 13:31:05,303","INFO","Trial 224 - 13:31:05 - Rewarded - /home/fet/stimuli/test_categories_box2/reward/Wh_Stim_5_GreGre2522_010302030101.wav"
"2017-03-12 13:31:11,312","INFO","Supplying reward for 12.00 seconds"
"2017-03-12 13:56:36,269","INFO","Trial 225 - 13:56:36 - Unrewarded - /home/fet/stimuli/test_categories_box2/nonreward/So_Stim_6_LblBla4419_100102.wav"
"2017-03-12 15:29:32,426","INFO","Trial 226 - 15:29:32 - Unrewarded - /home/fet/stimuli/test_categories_box2/nonreward/Ag_Stim_2_GraLbl0457_091112190608.wav"
"2017-03-12 15:29:41,985","INFO","Trial 227 - 15:29:41 - Unrewarded - /home/fet/stimuli/test_categories_box2/nonreward/So_Stim_1_LblBla4419_090102.wav"
"2017-03-12 15:29:42,044","INFO","Trial 228 - 15:29:42 - Unrewarded - /home/fet/stimuli/test_categories_box2/nonreward/So_Stim_9_HPiHPi4748_021506.wav"
"2017-03-12 15:29:53,724","INFO","Trial 229 - 15:29:53 - Unrewarded - /home/fet/stimuli/test_categories_box2/nonreward/Di_Stim_2_Unknown_11_020101010201.wav"
"2017-03-12 15:29:54,357","INFO","Trial 230 - 15:29:54 - Unrewarded - /home/fet/stimuli/test_categories_box2/nonreward/So_Stim_4_GraLbl0457_040913.wav"
"2017-03-12 15:29:54,401","INFO","Trial 231 - 15:29:54 - Unrewarded - /home/fet/stimuli/test_categories_box2/nonreward/DC_Stim_2_BluRas07dd_111413170706.wav"
"2017-03-12 15:30:12,290","INFO","Trial 232 - 15:30:12 - Rewarded - /home/fet/stimuli/test_categories_box2/reward/Wh_Stim_4_WhiRas44dd_010302010103.wav"
"2017-03-12 15:30:12,338","INFO","Trial 233 - 15:30:12 - Rewarded - /home/fet/stimuli/test_categories_box2/reward/Wh_Stim_7_LblBla4419_010513080609.wav"
"2017-03-12 15:30:18,345","INFO","Supplying reward for 12.00 seconds"
"2017-03-12 15:31:05,565","INFO","Trial 234 - 15:31:05 - Unrewarded - /home/fet/stimuli/test_categories_box2/nonreward/So_Stim_7_LblBla4548_322346.wav"
"2017-03-12 15:31:05,620","INFO","Trial 235 - 15:31:05 - Rewarded - /home/fet/stimuli/test_categories_box2/reward/Wh_Stim_8_GreOra1817_010101010101.wav"
"2017-03-12 15:31:11,627","INFO","Supplying reward for 12.00 seconds"
"2017-03-12 15:32:01,039","INFO","Trial 236 - 15:32:01 - Unrewarded - /home/fet/stimuli/test_categories_box2/nonreward/Te_Stim_1_GreRas2400_080613101802.wav"
"2017-03-12 15:32:01,094","INFO","Trial 237 - 15:32:01 - Unrewarded - /home/fet/stimuli/test_categories_box2/nonreward/DC_Stim_7_WhiRas44dd_140904010516.wav"
"2017-03-12 15:32:06,570","INFO","Trial 238 - 15:32:06 - Unrewarded - /home/fet/stimuli/test_categories_box2/nonreward/Be_Stim_8_GraGre1001_040203.wav"
"2017-03-12 15:32:07,487","INFO","Trial 239 - 15:32:07 - Unrewarded - /home/fet/stimuli/test_categories_box2/nonreward/Ne_Stim_7_LblRed0613_543039196756.wav"
"2017-03-12 15:32:07,544","INFO","Trial 240 - 15:32:07 - Unrewarded - /home/fet/stimuli/test_categories_box2/nonreward/Ag_Stim_8_WhiRas44dd_111710320521.wav"
"2017-03-12 15:32:18,344","INFO","Trial 241 - 15:32:18 - Rewarded - /home/fet/stimuli/test_categories_box2/reward/Wh_Stim_10_WhiRas44dd_010203020301.wav"
"2017-03-12 15:32:24,353","INFO","Supplying reward for 12.00 seconds"
"2017-03-12 15:32:56,910","INFO","Trial 242 - 15:32:56 - Unrewarded - /home/fet/stimuli/test_categories_box2/nonreward/Ag_Stim_5_GreOra1817_221812212908.wav"
"2017-03-12 15:32:56,965","INFO","Trial 243 - 15:32:56 - Unrewarded - /home/fet/stimuli/test_categories_box2/nonreward/Di_Stim_2_PurRas20dd_040101010401.wav"
"2017-03-12 15:33:09,546","INFO","Trial 244 - 15:33:09 - Unrewarded - /home/fet/stimuli/test_categories_box2/nonreward/Tu_Stim_8_BlaLbl8026_061208090710.wav"
"2017-03-12 15:33:09,600","INFO","Trial 245 - 15:33:09 - Rewarded - /home/fet/stimuli/test_categories_box2/reward/Wh_Stim_10_BlaLbl8026_090832070709.wav"
"2017-03-12 15:33:15,608","INFO","Supplying reward for 12.00 seconds"
"2017-03-12 15:33:51,090","INFO","Trial 246 - 15:33:51 - Unrewarded - /home/fet/stimuli/test_categories_box2/nonreward/Tu_Stim_2_YelGre5275_131615040710.wav"
"2017-03-12 15:33:51,136","INFO","Trial 247 - 15:33:51 - Unrewarded - /home/fet/stimuli/test_categories_box2/nonreward/LT_Stim_6_LblBlu1630_041103021315.wav"
"2017-03-12 15:34:05,134","INFO","Trial 248 - 15:34:05 - Unrewarded - /home/fet/stimuli/test_categories_box2/nonreward/Tu_Stim_4_YelOra2575_272216230.24.wav"
"2017-03-12 15:34:05,189","INFO","Trial 249 - 15:34:05 - Unrewarded - /home/fet/stimuli/test_categories_box2/nonreward/Te_Stim_10_GraLbl0457_071315051219.wav"
"2017-03-12 15:34:15,198","INFO","Trial 250 - 15:34:15 - Unrewarded - /home/fet/stimuli/test_categories_box2/nonreward/So_Stim_2_LblBla4419_020110.wav"
"2017-03-12 15:34:15,257","INFO","Trial 251 - 15:34:15 - Unrewarded - /home/fet/stimuli/test_categories_box2/nonreward/Tu_Stim_7_BluRas07dd_041120021914.wav"
"2017-03-12 15:34:25,380","INFO","Trial 252 - 15:34:25 - Rewarded - /home/fet/stimuli/test_categories_box2/reward/Wh_Stim_6_GraGra0201_050605040201.wav"
"2017-03-12 15:34:31,389","INFO","Supplying reward for 12.00 seconds"
"2017-03-12 15:35:05,498","INFO","Trial 253 - 15:35:05 - Unrewarded - /home/fet/stimuli/test_categories_box2/nonreward/Be_Stim_7_LblBlu6243_07_0209_0115.wav"
"2017-03-12 15:35:05,549","INFO","Trial 254 - 15:35:05 - Unrewarded - /home/fet/stimuli/test_categories_box2/nonreward/Di_Stim_3_YelOra2575_091109110909.wav"
"2017-03-12 15:35:15,324","INFO","Trial 255 - 15:35:15 - Unrewarded - /home/fet/stimuli/test_categories_box2/nonreward/Di_Stim_4_WhiBlu4917_010101010101.wav"
"2017-03-12 15:35:24,646","INFO","Trial 256 - 15:35:24 - Unrewarded - /home/fet/stimuli/test_categories_box2/nonreward/Ag_Stim_2_WhiRas44dd_241105082117.wav"
"2017-03-12 15:35:43,090","INFO","Trial 257 - 15:35:43 - Unrewarded - /home/fet/stimuli/test_categories_box2/nonreward/Ag_Stim_9_WhiBlu4917_010101010101.wav"
"2017-03-12 15:35:43,144","INFO","Trial 258 - 15:35:43 - Unrewarded - /home/fet/stimuli/test_categories_box2/nonreward/Di_Stim_1_Unknown_11_010201020102.wav"
"2017-03-12 15:35:52,883","INFO","Trial 259 - 15:35:52 - Unrewarded - /home/fet/stimuli/test_categories_box2/nonreward/Ne_Stim_6_WhiWhi1415_040508100706.wav"
"2017-03-12 15:36:02,938","INFO","Trial 260 - 15:36:02 - Unrewarded - /home/fet/stimuli/test_categories_box2/nonreward/Te_Stim_9_LblBla4548_131924332811.wav"
"2017-03-12 15:36:15,254","INFO","Trial 261 - 15:36:15 - Rewarded - /home/fet/stimuli/test_categories_box2/reward/Wh_Stim_7_GraGra0201_050205060104.wav"
"2017-03-12 15:36:15,305","INFO","Trial 262 - 15:36:15 - Rewarded - /home/fet/stimuli/test_categories_box2/reward/Wh_Stim_5_LblBla4548_071810020405.wav"
"2017-03-12 15:36:21,313","INFO","Supplying reward for 12.00 seconds"
"2017-03-12 15:36:51,121","INFO","Trial 263 - 15:36:51 - Unrewarded - /home/fet/stimuli/test_categories_box2/nonreward/DC_Stim_4_WhiBlu4917_090806051801.wav"
"2017-03-12 15:37:02,020","INFO","Trial 264 - 15:37:02 - Rewarded - /home/fet/stimuli/test_categories_box2/reward/Wh_Stim_6_YelGre5275_111410010212.wav"
"2017-03-12 15:37:08,029","INFO","Supplying reward for 12.00 seconds"
"2017-03-12 15:37:54,631","INFO","Trial 265 - 15:37:54 - Unrewarded - /home/fet/stimuli/test_categories_box2/nonreward/DC_Stim_1_GreGre6364_011603111009.wav"
"2017-03-12 15:38:06,181","INFO","Trial 266 - 15:38:06 - Unrewarded - /home/fet/stimuli/test_categories_box2/nonreward/Th_Stim_8_BlaBla0506_040205010302.wav"
"2017-03-12 15:38:16,675","INFO","Trial 267 - 15:38:16 - Unrewarded - /home/fet/stimuli/test_categories_box2/nonreward/Tu_Stim_8_YelOra2575_172114121328.wav"
"2017-03-12 15:38:16,717","INFO","Trial 268 - 15:38:16 - Unrewarded - /home/fet/stimuli/test_categories_box2/nonreward/DC_Stim_7_PurRas20dd_142220230309.wav"
"2017-03-12 15:38:27,611","INFO","Trial 269 - 15:38:27 - Unrewarded - /home/fet/stimuli/test_categories_box2/nonreward/Te_Stim_3_PurRas20dd_112315081318.wav"
"2017-03-12 15:38:37,494","INFO","Trial 270 - 15:38:37 - Unrewarded - /home/fet/stimuli/test_categories_box2/nonreward/Ag_Stim_7_BlaLbl8026_212324020604.wav"
"2017-03-12 15:38:48,630","INFO","Trial 271 - 15:38:48 - Rewarded - /home/fet/stimuli/test_categories_box2/reward/Wh_Stim_2_LblBla4548_151017130911.wav"
"2017-03-12 15:38:54,635","INFO","Supplying reward for 12.00 seconds"
"2017-03-12 15:39:30,941","INFO","Trial 272 - 15:39:30 - Unrewarded - /home/fet/stimuli/test_categories_box2/nonreward/Ag_Stim_8_GreWhi1242_010101010101.wav"
"2017-03-12 15:39:31,000","INFO","Trial 273 - 15:39:31 - Unrewarded - /home/fet/stimuli/test_categories_box2/nonreward/Tu_Stim_1_HPiHPi4748_032707120629.wav"
"2017-03-12 15:39:45,275","INFO","Trial 274 - 15:39:45 - Unrewarded - /home/fet/stimuli/test_categories_box2/nonreward/Be_Stim_6_LblBlu1630_050203.wav"
"2017-03-12 15:39:45,325","INFO","Trial 275 - 15:39:45 - Unrewarded - /home/fet/stimuli/test_categories_box2/nonreward/Di_Stim_2_WhiBlu4917_010101010101.wav"
"2017-03-12 15:39:55,482","INFO","Trial 276 - 15:39:55 - Unrewarded - /home/fet/stimuli/test_categories_box2/nonreward/Ne_Stim_7_YelGre5275_161227142220.wav"
"2017-03-12 15:39:55,536","INFO","Trial 277 - 15:39:55 - Unrewarded - /home/fet/stimuli/test_categories_box2/nonreward/Ne_Stim_2_PurRas20dd_020803070605.wav"
"2017-03-12 15:40:06,742","INFO","Trial 278 - 15:40:06 - Rewarded - /home/fet/stimuli/test_categories_box2/reward/Wh_Stim_4_GraGra0201_050201050405.wav"
"2017-03-12 15:40:12,749","INFO","Supplying reward for 12.00 seconds"
"2017-03-12 15:41:03,961","INFO","Trial 279 - 15:41:03 - Unrewarded - /home/fet/stimuli/test_categories_box2/nonreward/Te_Stim_7_BlaBla0506_052214081110.wav"
"2017-03-12 15:41:04,015","INFO","Trial 280 - 15:41:04 - Unrewarded - /home/fet/stimuli/test_categories_box2/nonreward/Be_Stim_2_LblRas1800_06_010702_02.wav"
"2017-03-12 15:41:15,429","INFO","Trial 281 - 15:41:15 - Unrewarded - /home/fet/stimuli/test_categories_box2/nonreward/DC_Stim_2_GreGre6364_011304160610.wav"
"2017-03-12 15:41:15,483","INFO","Trial 282 - 15:41:15 - Rewarded - /home/fet/stimuli/test_categories_box2/reward/Wh_Stim_3_GreGre2522_010302020301.wav"
"2017-03-12 15:41:21,489","INFO","Supplying reward for 12.00 seconds"
"2017-03-12 15:41:52,802","INFO","Trial 283 - 15:41:52 - Rewarded - /home/fet/stimuli/test_categories_box2/reward/Wh_Stim_7_GreOra1817_010101010101.wav"
"2017-03-12 15:41:52,861","INFO","Trial 284 - 15:41:52 - Unrewarded - /home/fet/stimuli/test_categories_box2/nonreward/Ne_Stim_8_LblRed0613_412163412212.wav"
"2017-03-12 15:42:43,440","INFO","Trial 285 - 15:42:43 - Unrewarded - /home/fet/stimuli/test_categories_box2/nonreward/Be_Stim_3_LblGre0001_02_0211_0306.wav"
"2017-03-12 15:42:43,490","INFO","Trial 286 - 15:42:43 - Unrewarded - /home/fet/stimuli/test_categories_box2/nonreward/Tu_Stim_5_GreOra1817_030705180401.wav"
"2017-03-12 15:42:55,021","INFO","Trial 287 - 15:42:55 - Unrewarded - /home/fet/stimuli/test_categories_box2/nonreward/Te_Stim_1_LblBla4548_382013352421.wav"
"2017-03-12 15:42:55,076","INFO","Trial 288 - 15:42:55 - Rewarded - /home/fet/stimuli/test_categories_box2/reward/Wh_Stim_2_LblBla4419_140301051804.wav"
"2017-03-12 15:43:01,085","INFO","Supplying reward for 12.00 seconds"
"2017-03-12 15:43:35,959","INFO","Trial 289 - 15:43:35 - Unrewarded - /home/fet/stimuli/test_categories_box2/nonreward/LT_Stim_8_LblGre0001_040503061102.wav"
"2017-03-12 15:43:36,014","INFO","Trial 290 - 15:43:36 - Unrewarded - /home/fet/stimuli/test_categories_box2/nonreward/LT_Stim_1_LblBlu6379_251624211904.wav"
"2017-03-12 15:43:45,877","INFO","Trial 291 - 15:43:45 - Unrewarded - /home/fet/stimuli/test_categories_box2/nonreward/Ne_Stim_2_GraGra0201_324451475229.wav"
"2017-03-12 15:44:04,292","INFO","Trial 292 - 15:44:04 - Rewarded - /home/fet/stimuli/test_categories_box2/reward/Wh_Stim_6_LblRed0613_010743364210.wav"
"2017-03-12 15:44:04,342","INFO","Trial 293 - 15:44:04 - Unrewarded - /home/fet/stimuli/test_categories_box2/nonreward/Be_Stim_7_GraRas1600_100902.wav"
"2017-03-12 15:44:05,239","INFO","Trial 294 - 15:44:05 - Unrewarded - /home/fet/stimuli/test_categories_box2/nonreward/Th_Stim_10_GraGra0201_482735071739.wav"
"2017-03-12 15:44:16,426","INFO","Trial 295 - 15:44:16 - Unrewarded - /home/fet/stimuli/test_categories_box2/nonreward/LT_Stim_3_LblRas1800_020506040301.wav"
"2017-03-12 15:44:27,679","INFO","Trial 296 - 15:44:27 - Unrewarded - /home/fet/stimuli/test_categories_box2/nonreward/Be_Stim_9_LblGre0000_020407.wav"
"2017-03-12 15:44:28,471","INFO","Trial 297 - 15:44:28 - Unrewarded - /home/fet/stimuli/test_categories_box2/nonreward/Te_Stim_3_GreGre6364_101517041208.wav"
"2017-03-12 15:44:28,528","INFO","Trial 298 - 15:44:28 - Unrewarded - /home/fet/stimuli/test_categories_box2/nonreward/Di_Stim_9_WhiWhi1415_020202020202.wav"
"2017-03-12 15:44:37,695","INFO","Trial 299 - 15:44:37 - Unrewarded - /home/fet/stimuli/test_categories_box2/nonreward/Ne_Stim_10_YelGre5275_201310182322.wav"
"2017-03-12 15:44:54,802","INFO","Trial 300 - 15:44:54 - Unrewarded - /home/fet/stimuli/test_categories_box2/nonreward/Th_Stim_1_BlaBla0506_050102030402.wav"
"2017-03-12 15:45:07,849","INFO","Trial 301 - 15:45:07 - Unrewarded - /home/fet/stimuli/test_categories_box2/nonreward/So_Stim_9_LblBla4548_243112.wav"
"2017-03-12 15:45:07,900","INFO","Trial 302 - 15:45:07 - Rewarded - /home/fet/stimuli/test_categories_box2/reward/Wh_Stim_4_GreOra1817_010101010101.wav"
"2017-03-12 15:45:13,911","INFO","Supplying reward for 12.00 seconds"
"2017-03-12 15:45:52,021","INFO","Trial 303 - 15:45:52 - Unrewarded - /home/fet/stimuli/test_categories_box2/nonreward/Di_Stim_8_BlaBla0506_010101010101.wav"
"2017-03-12 15:46:01,579","INFO","Trial 304 - 15:46:01 - Rewarded - /home/fet/stimuli/test_categories_box2/reward/Wh_Stim_10_LblRed0613_012034153829.wav"
"2017-03-12 15:46:01,632","INFO","Trial 305 - 15:46:01 - Unrewarded - /home/fet/stimuli/test_categories_box2/nonreward/Di_Stim_6_WhiBlu4818_060606060606.wav"
"2017-03-12 15:46:14,682","INFO","Trial 306 - 15:46:14 - Unrewarded - /home/fet/stimuli/test_categories_box2/nonreward/Be_Stim_2_LblBlu6680_11_0311_0401_02.wav"
"2017-03-12 15:46:25,226","INFO","Trial 307 - 15:46:25 - Unrewarded - /home/fet/stimuli/test_categories_box2/nonreward/Ne_Stim_1_LblRed0613_602437083341.wav"
"2017-03-12 15:46:25,805","INFO","Trial 308 - 15:46:25 - Unrewarded - /home/fet/stimuli/test_categories_box2/nonreward/Th_Stim_2_LblRed0613_170703140601.wav"
"2017-03-12 15:46:47,428","INFO","Trial 309 - 15:46:47 - Unrewarded - /home/fet/stimuli/test_categories_box2/nonreward/DC_Stim_4_BlaBla0506_111625241420.wav"
"2017-03-12 15:47:00,344","INFO","Trial 310 - 15:47:00 - Unrewarded - /home/fet/stimuli/test_categories_box2/nonreward/Di_Stim_4_BlaBla0506_010101010101.wav"
"2017-03-12 15:47:10,245","INFO","Trial 311 - 15:47:10 - Unrewarded - /home/fet/stimuli/test_categories_box2/nonreward/Be_Stim_1_GraRas1600_041302.wav"
"2017-03-12 15:47:10,299","INFO","Trial 312 - 15:47:10 - Unrewarded - /home/fet/stimuli/test_categories_box2/nonreward/LT_Stim_9_LblGre0001_010710030604.wav"
"2017-03-12 15:47:23,677","INFO","Trial 313 - 15:47:23 - Unrewarded - /home/fet/stimuli/test_categories_box2/nonreward/Te_Stim_9_GraLbl0457_252304120314.wav"
"2017-03-12 15:47:24,702","INFO","Trial 314 - 15:47:24 - Unrewarded - /home/fet/stimuli/test_categories_box2/nonreward/DC_Stim_7_WhiWhi1415_040302050102.wav"
"2017-03-12 15:47:33,934","INFO","Trial 315 - 15:47:33 - Unrewarded - /home/fet/stimuli/test_categories_box2/nonreward/Tu_Stim_8_GraGra0201_131412030504.wav"
"2017-03-12 15:47:45,117","INFO","Trial 316 - 15:47:45 - Unrewarded - /home/fet/stimuli/test_categories_box2/nonreward/Be_Stim_10_GraRas1600_111505.wav"
"2017-03-12 15:47:45,171","INFO","Trial 317 - 15:47:45 - Unrewarded - /home/fet/stimuli/test_categories_box2/nonreward/Th_Stim_5_WhiRas44dd_401829200924.wav"
"2017-03-12 15:47:55,332","INFO","Trial 318 - 15:47:55 - Unrewarded - /home/fet/stimuli/test_categories_box2/nonreward/Ag_Stim_2_GreWhi1242_010101010101.wav"
"2017-03-12 15:48:20,696","INFO","Trial 319 - 15:48:20 - Rewarded - /home/fet/stimuli/test_categories_box2/reward/Wh_Stim_9_LblBla4419_181303080602.wav"
"2017-03-12 15:48:26,702","INFO","Supplying reward for 12.00 seconds"
"2017-03-12 15:52:55,667","INFO","Trial 320 - 15:52:55 - Unrewarded - /home/fet/stimuli/test_categories_box2/nonreward/LT_Stim_3_WhiBlu3615_020704010306.wav"
"2017-03-12 15:52:57,331","INFO","Trial 321 - 15:52:57 - Unrewarded - /home/fet/stimuli/test_categories_box2/nonreward/Be_Stim_4_LblBlu1630_040402.wav"
"2017-03-12 15:53:13,091","INFO","Trial 322 - 15:53:13 - Unrewarded - /home/fet/stimuli/test_categories_box2/nonreward/Ag_Stim_9_BluRas07dd_081705132024.wav"
"2017-03-12 15:53:33,969","INFO","Trial 323 - 15:53:33 - Rewarded - /home/fet/stimuli/test_categories_box2/reward/Wh_Stim_9_BlaLbl8026_090732083209.wav"
"2017-03-12 15:53:34,024","INFO","Trial 324 - 15:53:34 - Rewarded - /home/fet/stimuli/test_categories_box2/reward/Wh_Stim_6_GreGre2522_030102030301.wav"
"2017-03-12 15:53:36,217","INFO","Trial 325 - 15:53:36 - Unrewarded - /home/fet/stimuli/test_categories_box2/nonreward/DC_Stim_2_LblBla4548_320612024716.wav"
"2017-03-12 15:53:39,930","INFO","Trial 326 - 15:53:39 - Unrewarded - /home/fet/stimuli/test_categories_box2/nonreward/DC_Stim_7_LblBla4419_281125211737.wav"
"2017-03-12 15:53:55,507","INFO","Trial 327 - 15:53:55 - Rewarded - /home/fet/stimuli/test_categories_box2/reward/Wh_Stim_1_WhiRas44dd_020301020103.wav"
"2017-03-12 15:53:55,561","INFO","Trial 328 - 15:53:55 - Unrewarded - /home/fet/stimuli/test_categories_box2/nonreward/So_Stim_1_HPiHPi4748_071513.wav"
"2017-03-12 15:53:56,610","INFO","Trial 329 - 15:53:56 - Unrewarded - /home/fet/stimuli/test_categories_box2/nonreward/LT_Stim_8_WhiBlu3414_240712141102.wav"
"2017-03-12 15:54:24,076","INFO","Trial 330 - 15:54:24 - Rewarded - /home/fet/stimuli/test_categories_box2/reward/Wh_Stim_8_BlaLbl8026_073208090732.wav"
"2017-03-12 15:54:30,082","INFO","Supplying reward for 12.00 seconds"
"2017-03-12 15:54:57,877","INFO","Trial 331 - 15:54:57 - Unrewarded - /home/fet/stimuli/test_categories_box2/nonreward/Th_Stim_7_GreOra1817_024117450725.wav"
"2017-03-12 15:55:13,446","INFO","Trial 332 - 15:55:13 - Rewarded - /home/fet/stimuli/test_categories_box2/reward/Wh_Stim_9_LblBla4548_110515171801.wav"
"2017-03-12 15:55:19,456","INFO","Supplying reward for 12.00 seconds"
"2017-03-12 15:56:10,242","INFO","Trial 333 - 15:56:10 - Unrewarded - /home/fet/stimuli/test_categories_box2/nonreward/Ne_Stim_9_HPiHPi4748_451141470425.wav"
"2017-03-12 15:56:22,305","INFO","Trial 334 - 15:56:22 - Unrewarded - /home/fet/stimuli/test_categories_box2/nonreward/Tu_Stim_9_BluRas61dd_030207090104.wav"
"2017-03-12 15:56:34,860","INFO","Trial 335 - 15:56:34 - Rewarded - /home/fet/stimuli/test_categories_box2/reward/Wh_Stim_2_GreGre2522_020301030201.wav"
"2017-03-12 15:56:40,868","INFO","Supplying reward for 12.00 seconds"
"2017-03-12 15:57:15,543","INFO","Trial 336 - 15:57:15 - Rewarded - /home/fet/stimuli/test_categories_box2/reward/Wh_Stim_5_BlaBla0506_140602121015.wav"
"2017-03-12 15:57:15,597","INFO","Trial 337 - 15:57:15 - Unrewarded - /home/fet/stimuli/test_categories_box2/nonreward/So_Stim_3_LblBla4548_033749.wav"
"2017-03-12 15:57:28,896","INFO","Trial 338 - 15:57:28 - Unrewarded - /home/fet/stimuli/test_categories_box2/nonreward/Di_Stim_4_WhiBlu4818_060606060606.wav"
"2017-03-12 15:57:28,951","INFO","Trial 339 - 15:57:28 - Rewarded - /home/fet/stimuli/test_categories_box2/reward/Wh_Stim_8_LblBla4419_131804151101.wav"
"2017-03-12 15:57:34,957","INFO","Supplying reward for 12.00 seconds"
"2017-03-12 15:58:25,654","INFO","Trial 340 - 15:58:25 - Unrewarded - /home/fet/stimuli/test_categories_box2/nonreward/Th_Stim_5_GraGra0201_081518221129.wav"
"2017-03-12 15:58:43,800","INFO","Trial 341 - 15:58:43 - Unrewarded - /home/fet/stimuli/test_categories_box2/nonreward/Be_Stim_5_LblRas1800_04_0104_0305_02.wav"
"2017-03-12 15:58:44,649","INFO","Trial 342 - 15:58:44 - Unrewarded - /home/fet/stimuli/test_categories_box2/nonreward/Th_Stim_1_WhiBlu5698_060107040104.wav"
"2017-03-12 15:58:57,707","INFO","Trial 343 - 15:58:57 - Unrewarded - /home/fet/stimuli/test_categories_box2/nonreward/Th_Stim_10_YelGre5275_393230162327.wav"
"2017-03-12 15:58:57,762","INFO","Trial 344 - 15:58:57 - Unrewarded - /home/fet/stimuli/test_categories_box2/nonreward/Tu_Stim_5_BluRas61dd_020504090706.wav"
"2017-03-12 15:58:58,527","INFO","Trial 345 - 15:58:58 - Unrewarded - /home/fet/stimuli/test_categories_box2/nonreward/Te_Stim_4_WhiGra0114_211119140507.wav"
"2017-03-12 15:59:12,028","INFO","Trial 346 - 15:59:12 - Unrewarded - /home/fet/stimuli/test_categories_box2/nonreward/Tu_Stim_9_YelGre5275_052918281903.wav"
"2017-03-12 15:59:12,082","INFO","Trial 347 - 15:59:12 - Rewarded - /home/fet/stimuli/test_categories_box2/reward/Wh_Stim_9_LblRed0613_380728191734.wav"
"2017-03-12 15:59:12,558","INFO","Trial 348 - 15:59:12 - Unrewarded - /home/fet/stimuli/test_categories_box2/nonreward/Di_Stim_9_Unknown_11_020101010102.wav"
"2017-03-12 15:59:25,461","INFO","Trial 349 - 15:59:25 - Unrewarded - /home/fet/stimuli/test_categories_box2/nonreward/DC_Stim_7_RedRas3600_041008020103.wav"
"2017-03-12 16:00:21,895","INFO","Trial 350 - 16:00:21 - Rewarded - /home/fet/stimuli/test_categories_box2/reward/Wh_Stim_8_GraLbl0457_050102040501.wav"
"2017-03-12 16:00:27,903","INFO","Supplying reward for 12.00 seconds"
"2017-03-12 18:48:48,617","INFO","Finishing session 1 at Sun Mar 12 18:48:48 2017"
"2017-03-12 18:48:48,617","INFO","Finished all sessions."
"2017-03-12 18:48:48,920","INFO","Exiting Session state"
"2017-03-12 18:48:48,920","INFO","Finishing experiment"
"2017-03-12 18:48:49,223","INFO","Exiting Idle state"
