2016-11-06 11:09:48.452441	PeckPort	off	None
2016-11-06 11:09:48.452688	HouseLight	on	None
2016-11-06 11:09:48.452856	Hopper	down	None
2016-11-06 11:09:48.758905	Hopper	down	None
2016-11-06 11:09:49.061604	HouseLight	on	None
2016-11-06 11:09:49.061997	PeckPort	on	None
2016-11-06 11:16:16.456374	Trial	start	1
2016-11-06 11:16:16.462810	Speaker	play	None
2016-11-06 11:16:22.468886	Speaker	stop	None
2016-11-06 11:16:22.469855	Hopper	up	None
2016-11-06 11:16:34.473787	Hopper	down	None
2016-11-06 11:16:34.776581	Trial	end	1
2016-11-06 11:17:00.719253	Trial	start	2
2016-11-06 11:17:00.722962	Speaker	play	None
2016-11-06 11:17:04.660007	Speaker	stop	None
2016-11-06 11:17:04.661618	Trial	end	2
2016-11-06 11:17:04.662746	Trial	start	3
2016-11-06 11:17:04.665650	Speaker	play	None
2016-11-06 11:17:09.086238	Speaker	play	None
2016-11-06 11:17:09.080002	Trial	end	3
2016-11-06 11:17:09.080713	Trial	start	4
2016-11-06 11:17:09.086238	Speaker	play	None
2016-11-06 11:17:14.759663	Speaker	stop	None
2016-11-06 11:17:14.760278	Trial	end	4
2016-11-06 11:17:14.760888	Trial	start	5
2016-11-06 11:17:14.763231	Speaker	play	None
2016-11-06 11:17:20.768283	Speaker	stop	None
2016-11-06 11:17:20.769654	Trial	end	5
2016-11-06 11:17:28.591126	Trial	start	6
2016-11-06 11:17:28.594231	Speaker	play	None
2016-11-06 11:17:34.251559	Speaker	stop	None
2016-11-06 11:17:34.252579	Trial	end	6
2016-11-06 11:17:34.253255	Trial	start	7
2016-11-06 11:17:34.255477	Speaker	play	None
2016-11-06 11:17:40.259924	Speaker	stop	None
2016-11-06 11:17:40.260589	Trial	end	7
2016-11-06 11:17:43.483260	Trial	start	8
2016-11-06 11:17:43.486269	Speaker	play	None
2016-11-06 11:17:49.491938	Speaker	stop	None
2016-11-06 11:17:49.493568	Trial	end	8
2016-11-06 11:17:55.242218	Trial	start	9
2016-11-06 11:17:55.247495	Speaker	play	None
2016-11-06 11:18:01.250885	Speaker	stop	None
2016-11-06 11:18:01.252175	Trial	end	9
2016-11-06 11:18:04.813986	Trial	start	10
2016-11-06 11:18:04.816304	Speaker	play	None
2016-11-06 11:18:10.822656	Speaker	stop	None
2016-11-06 11:18:10.824192	Trial	end	10
2016-11-06 11:18:16.605649	Trial	start	11
2016-11-06 11:18:16.607812	Speaker	play	None
2016-11-06 11:18:22.614448	Speaker	stop	None
2016-11-06 11:18:22.616369	Trial	end	11
2016-11-06 11:18:26.308538	Trial	start	12
2016-11-06 11:18:26.310758	Speaker	play	None
2016-11-06 11:18:32.317099	Speaker	stop	None
2016-11-06 11:18:32.317957	Trial	end	12
2016-11-06 11:18:38.382897	Trial	start	13
2016-11-06 11:18:38.385447	Speaker	play	None
2016-11-06 11:18:44.391346	Speaker	stop	None
2016-11-06 11:18:44.391919	Trial	end	13
2016-11-06 11:19:09.006856	Trial	start	14
2016-11-06 11:19:09.009453	Speaker	play	None
2016-11-06 11:19:15.015383	Speaker	stop	None
2016-11-06 11:19:15.016318	Trial	end	14
2016-11-06 11:19:22.047750	Trial	start	15
2016-11-06 11:19:22.050566	Speaker	play	None
2016-11-06 11:19:28.056265	Speaker	stop	None
2016-11-06 11:19:28.056877	Trial	end	15
2016-11-06 11:19:39.397499	Trial	start	16
2016-11-06 11:19:39.400141	Speaker	play	None
2016-11-06 11:19:45.405919	Speaker	stop	None
2016-11-06 11:19:45.406548	Trial	end	16
2016-11-06 11:19:49.505737	Trial	start	17
2016-11-06 11:19:49.510378	Speaker	play	None
2016-11-06 11:19:55.522486	Speaker	stop	None
2016-11-06 11:19:55.523665	Trial	end	17
2016-11-06 11:19:59.814716	Trial	start	18
2016-11-06 11:19:59.817543	Speaker	play	None
2016-11-06 11:20:05.823434	Speaker	stop	None
2016-11-06 11:20:05.824679	Trial	end	18
2016-11-06 11:20:14.690530	Trial	start	19
2016-11-06 11:20:14.692682	Speaker	play	None
2016-11-06 11:20:20.699085	Speaker	stop	None
2016-11-06 11:20:20.699928	Trial	end	19
2016-11-06 11:20:24.741481	Trial	start	20
2016-11-06 11:20:24.744065	Speaker	play	None
2016-11-06 11:20:30.750099	Speaker	stop	None
2016-11-06 11:20:30.751024	Trial	end	20
2016-11-06 11:20:36.815918	Trial	start	21
2016-11-06 11:20:36.819808	Speaker	play	None
2016-11-06 11:20:42.824391	Speaker	stop	None
2016-11-06 11:20:42.825001	Trial	end	21
2016-11-06 11:20:49.447164	Trial	start	22
2016-11-06 11:20:49.449186	Speaker	play	None
2016-11-06 11:20:55.451649	Speaker	stop	None
2016-11-06 11:20:55.452213	Trial	end	22
2016-11-06 11:21:01.193803	Trial	start	23
2016-11-06 11:21:01.197127	Speaker	play	None
2016-11-06 11:21:01.353699	Speaker	stop	None
2016-11-06 11:21:01.354584	Trial	end	23
2016-11-06 11:21:01.355342	Trial	start	24
2016-11-06 11:21:01.357553	Speaker	play	None
2016-11-06 11:21:07.362058	Speaker	stop	None
2016-11-06 11:21:07.362693	Trial	end	24
2016-11-06 11:21:14.300176	Trial	start	25
2016-11-06 11:21:14.302330	Speaker	play	None
2016-11-06 11:21:20.304676	Speaker	stop	None
2016-11-06 11:21:20.305342	Trial	end	25
2016-11-06 11:21:24.576507	Trial	start	26
2016-11-06 11:21:24.579181	Speaker	play	None
2016-11-06 11:21:30.585057	Speaker	stop	None
2016-11-06 11:21:30.585697	Trial	end	26
2016-11-06 11:21:38.715072	Trial	start	27
2016-11-06 11:21:38.717299	Speaker	play	None
2016-11-06 11:21:44.719774	Speaker	stop	None
2016-11-06 11:21:44.720940	Trial	end	27
2016-11-06 11:21:48.839788	Trial	start	28
2016-11-06 11:21:48.842008	Speaker	play	None
2016-11-06 11:21:54.845292	Speaker	stop	None
2016-11-06 11:21:54.845954	Trial	end	28
2016-11-06 11:21:58.440429	Trial	start	29
2016-11-06 11:21:58.444920	Speaker	play	None
2016-11-06 11:22:04.448843	Speaker	stop	None
2016-11-06 11:22:04.449492	Trial	end	29
2016-11-06 11:22:11.423864	Trial	start	30
2016-11-06 11:22:11.426612	Speaker	play	None
2016-11-06 11:22:17.432367	Speaker	stop	None
2016-11-06 11:22:17.432959	Trial	end	30
2016-11-06 11:22:23.223729	Trial	start	31
2016-11-06 11:22:23.227856	Speaker	play	None
2016-11-06 11:22:29.232389	Speaker	stop	None
2016-11-06 11:22:29.234027	Trial	end	31
2016-11-06 11:22:34.405239	Trial	start	32
2016-11-06 11:22:34.408032	Speaker	play	None
2016-11-06 11:22:40.413713	Speaker	stop	None
2016-11-06 11:22:40.414312	Trial	end	32
2016-11-06 11:22:47.482903	Trial	start	33
2016-11-06 11:22:47.485292	Speaker	play	None
2016-11-06 11:22:53.491474	Speaker	stop	None
2016-11-06 11:22:53.492372	Hopper	up	None
2016-11-06 11:23:05.496089	Hopper	down	None
2016-11-06 11:23:05.799112	Trial	end	33
2016-11-06 11:23:32.888570	Trial	start	34
2016-11-06 11:23:32.890909	Speaker	play	None
2016-11-06 11:23:38.897285	Speaker	stop	None
2016-11-06 11:23:38.898840	Trial	end	34
2016-11-06 11:23:49.808300	Trial	start	35
2016-11-06 11:23:49.810920	Speaker	play	None
2016-11-06 11:23:55.816735	Speaker	stop	None
2016-11-06 11:23:55.817388	Trial	end	35
2016-11-06 11:24:00.358810	Trial	start	36
2016-11-06 11:24:00.361278	Speaker	play	None
2016-11-06 11:24:06.367518	Speaker	stop	None
2016-11-06 11:24:06.368593	Trial	end	36
2016-11-06 11:24:09.255005	Trial	start	37
2016-11-06 11:24:09.257577	Speaker	play	None
2016-11-06 11:24:15.263428	Speaker	stop	None
2016-11-06 11:24:15.264260	Hopper	up	None
2016-11-06 11:24:27.268294	Hopper	down	None
2016-11-06 11:24:27.575168	Trial	end	37
2016-11-06 11:26:24.931207	Trial	start	38
2016-11-06 11:26:24.933587	Speaker	play	None
2016-11-06 11:26:30.939883	Speaker	stop	None
2016-11-06 11:26:30.943926	Trial	end	38
2016-11-06 11:26:35.842252	Trial	start	39
2016-11-06 11:26:35.845563	Speaker	play	None
2016-11-06 11:26:41.851115	Speaker	stop	None
2016-11-06 11:26:41.852394	Trial	end	39
2016-11-06 11:26:45.147857	Trial	start	40
2016-11-06 11:26:45.150510	Speaker	play	None
2016-11-06 11:26:51.156738	Speaker	stop	None
2016-11-06 11:26:51.158344	Trial	end	40
2016-11-06 11:27:18.921599	Trial	start	41
2016-11-06 11:27:18.925149	Speaker	play	None
2016-11-06 11:27:24.930189	Speaker	stop	None
2016-11-06 11:27:24.931438	Trial	end	41
2016-11-06 11:27:31.536652	Trial	start	42
2016-11-06 11:27:31.540202	Speaker	play	None
2016-11-06 11:27:37.545244	Speaker	stop	None
2016-11-06 11:27:37.546015	Trial	end	42
2016-11-06 11:28:05.883659	Trial	start	43
2016-11-06 11:28:05.886354	Speaker	play	None
2016-11-06 11:28:11.892171	Speaker	stop	None
2016-11-06 11:28:11.892802	Trial	end	43
2016-11-06 11:28:37.232743	Trial	start	44
2016-11-06 11:28:37.236957	Speaker	play	None
2016-11-06 11:28:43.241234	Speaker	stop	None
2016-11-06 11:28:43.241964	Trial	end	44
2016-11-06 11:28:52.038883	Trial	start	45
2016-11-06 11:28:52.041839	Speaker	play	None
2016-11-06 11:28:58.047509	Speaker	stop	None
2016-11-06 11:28:58.048556	Trial	end	45
2016-11-06 11:29:06.009577	Trial	start	46
2016-11-06 11:29:06.011661	Speaker	play	None
2016-11-06 11:29:12.014066	Speaker	stop	None
2016-11-06 11:29:12.014760	Trial	end	46
2016-11-06 11:29:19.615704	Trial	start	47
2016-11-06 11:29:19.619500	Speaker	play	None
2016-11-06 11:29:25.624231	Speaker	stop	None
2016-11-06 11:29:25.624913	Trial	end	47
2016-11-06 11:29:32.701599	Trial	start	48
2016-11-06 11:29:32.703719	Speaker	play	None
2016-11-06 11:29:38.710210	Speaker	stop	None
2016-11-06 11:29:38.711141	Trial	end	48
2016-11-06 11:29:43.633305	Trial	start	49
2016-11-06 11:29:43.637289	Speaker	play	None
2016-11-06 11:29:49.641898	Speaker	stop	None
2016-11-06 11:29:49.642772	Trial	end	49
2016-11-06 11:29:56.776578	Trial	start	50
2016-11-06 11:29:56.780301	Speaker	play	None
2016-11-06 11:30:02.785255	Speaker	stop	None
2016-11-06 11:30:02.785997	Trial	end	50
2016-11-06 11:30:23.661342	Trial	start	51
2016-11-06 11:30:23.665726	Speaker	play	None
2016-11-06 11:30:29.669802	Speaker	stop	None
2016-11-06 11:30:29.670595	Trial	end	51
2016-11-06 11:30:58.770220	Trial	start	52
2016-11-06 11:30:58.774379	Speaker	play	None
2016-11-06 11:31:04.778746	Speaker	stop	None
2016-11-06 11:31:04.779784	Hopper	up	None
2016-11-06 11:31:16.783337	Hopper	down	None
2016-11-06 11:31:17.086531	Trial	end	52
2016-11-06 11:34:08.293722	Trial	start	53
2016-11-06 11:34:08.297555	Speaker	play	None
2016-11-06 11:34:14.302571	Speaker	stop	None
2016-11-06 11:34:14.303480	Trial	end	53
2016-11-06 11:34:19.467408	Trial	start	54
2016-11-06 11:34:19.471611	Speaker	play	None
2016-11-06 11:34:24.480224	Speaker	stop	None
2016-11-06 11:34:24.480877	Trial	end	54
2016-11-06 11:34:24.481616	Trial	start	55
2016-11-06 11:34:24.483666	Speaker	play	None
2016-11-06 11:34:24.603120	Speaker	stop	None
2016-11-06 11:34:24.604038	Trial	end	55
2016-11-06 11:34:24.604867	Trial	start	56
2016-11-06 11:34:24.608866	Speaker	play	None
2016-11-06 11:34:30.615678	Speaker	stop	None
2016-11-06 11:34:30.616523	Trial	end	56
2016-11-06 11:34:44.582177	Trial	start	57
2016-11-06 11:34:44.584635	Speaker	play	None
2016-11-06 11:34:50.590899	Speaker	stop	None
2016-11-06 11:34:50.591946	Trial	end	57
2016-11-06 11:34:55.030608	Trial	start	58
2016-11-06 11:34:55.033849	Speaker	play	None
2016-11-06 11:35:01.039035	Speaker	stop	None
2016-11-06 11:35:01.039657	Trial	end	58
2016-11-06 11:35:07.670069	Trial	start	59
2016-11-06 11:35:07.673821	Speaker	play	None
2016-11-06 11:35:13.678723	Speaker	stop	None
2016-11-06 11:35:13.679536	Trial	end	59
2016-11-06 11:35:17.983193	Trial	start	60
2016-11-06 11:35:17.985839	Speaker	play	None
2016-11-06 11:35:23.991753	Speaker	stop	None
2016-11-06 11:35:23.992437	Trial	end	60
2016-11-06 11:35:33.604430	Trial	start	61
2016-11-06 11:35:33.606989	Speaker	play	None
2016-11-06 11:35:34.010228	Speaker	stop	None
2016-11-06 11:35:34.011450	Trial	end	61
2016-11-06 11:35:34.013699	Trial	start	62
2016-11-06 11:35:34.016346	Speaker	play	None
2016-11-06 11:35:40.022579	Speaker	stop	None
2016-11-06 11:35:40.023189	Trial	end	62
2016-11-06 11:35:46.616815	Trial	start	63
2016-11-06 11:35:46.620365	Speaker	play	None
2016-11-06 11:35:52.625519	Speaker	stop	None
2016-11-06 11:35:52.627191	Hopper	up	None
2016-11-06 11:36:04.629896	Hopper	down	None
2016-11-06 11:36:04.933037	Trial	end	63
2016-11-06 11:37:37.055081	Trial	start	64
2016-11-06 11:37:37.057126	Speaker	play	None
2016-11-06 11:37:43.059585	Speaker	stop	None
2016-11-06 11:37:43.060228	Trial	end	64
2016-11-06 11:37:46.794824	Trial	start	65
2016-11-06 11:37:46.797250	Speaker	play	None
2016-11-06 11:37:52.803365	Speaker	stop	None
2016-11-06 11:37:52.803988	Trial	end	65
2016-11-06 11:37:53.454516	Trial	start	66
2016-11-06 11:37:53.456663	Speaker	play	None
2016-11-06 11:37:59.459018	Speaker	stop	None
2016-11-06 11:37:59.459664	Trial	end	66
2016-11-06 11:38:13.290424	Trial	start	67
2016-11-06 11:38:13.293591	Speaker	play	None
2016-11-06 11:38:19.299044	Speaker	stop	None
2016-11-06 11:38:19.300280	Trial	end	67
2016-11-06 11:38:25.323694	Trial	start	68
2016-11-06 11:38:25.325754	Speaker	play	None
2016-11-06 11:38:31.328191	Speaker	stop	None
2016-11-06 11:38:31.328766	Trial	end	68
2016-11-06 11:38:42.878187	Trial	start	69
2016-11-06 11:38:42.882646	Speaker	play	None
2016-11-06 11:38:48.886855	Speaker	stop	None
2016-11-06 11:38:48.887677	Trial	end	69
2016-11-06 11:38:56.599033	Trial	start	70
2016-11-06 11:38:56.601783	Speaker	play	None
2016-11-06 11:38:59.130300	Speaker	stop	None
2016-11-06 11:38:59.131121	Trial	end	70
2016-11-06 11:38:59.131816	Trial	start	71
2016-11-06 11:38:59.133892	Speaker	play	None
2016-11-06 11:39:05.138738	Speaker	stop	None
2016-11-06 11:39:05.139336	Trial	end	71
2016-11-06 11:39:11.695984	Trial	start	72
2016-11-06 11:39:11.698810	Speaker	play	None
2016-11-06 11:39:17.704774	Speaker	stop	None
2016-11-06 11:39:17.707597	Hopper	up	None
2016-11-06 11:39:29.709205	Hopper	down	None
2016-11-06 11:39:30.012421	Trial	end	72
2016-11-06 11:41:11.648899	Trial	start	73
2016-11-06 11:41:11.651007	Speaker	play	None
2016-11-06 11:41:17.657420	Speaker	stop	None
2016-11-06 11:41:17.659225	Hopper	up	None
2016-11-06 11:41:29.662063	Hopper	down	None
2016-11-06 11:41:29.965137	Trial	end	73
2016-11-06 11:43:43.585736	Trial	start	74
2016-11-06 11:43:43.589515	Speaker	play	None
2016-11-06 11:43:49.389717	Speaker	stop	None
2016-11-06 11:43:49.391080	Trial	end	74
2016-11-06 11:43:49.396490	Trial	start	75
2016-11-06 11:43:49.398772	Speaker	play	None
2016-11-06 11:43:55.406054	Speaker	stop	None
2016-11-06 11:43:55.406610	Trial	end	75
2016-11-06 11:44:07.521390	Trial	start	76
2016-11-06 11:44:07.525441	Speaker	play	None
2016-11-06 11:44:12.518203	Speaker	stop	None
2016-11-06 11:44:12.518772	Trial	end	76
2016-11-06 11:44:12.519441	Trial	start	77
2016-11-06 11:44:12.527648	Speaker	play	None
2016-11-06 11:44:18.530768	Speaker	stop	None
2016-11-06 11:44:18.531408	Trial	end	77
2016-11-06 11:44:19.693917	Trial	start	78
2016-11-06 11:44:19.697263	Speaker	play	None
2016-11-06 11:44:25.702525	Speaker	stop	None
2016-11-06 11:44:25.703164	Trial	end	78
2016-11-06 11:44:29.032248	Trial	start	79
2016-11-06 11:44:29.035734	Speaker	play	None
2016-11-06 11:44:33.697409	Speaker	stop	None
2016-11-06 11:44:33.697949	Trial	end	79
2016-11-06 11:44:33.698668	Trial	start	80
2016-11-06 11:44:33.700441	Speaker	play	None
2016-11-06 11:44:34.160239	Speaker	stop	None
2016-11-06 11:44:34.160935	Trial	end	80
2016-11-06 11:44:34.161960	Trial	start	81
2016-11-06 11:44:34.166089	Speaker	play	None
2016-11-06 11:44:40.168701	Speaker	stop	None
2016-11-06 11:44:40.169334	Trial	end	81
2016-11-06 11:44:45.165707	Trial	start	82
2016-11-06 11:44:45.169994	Speaker	play	None
2016-11-06 11:44:51.174132	Speaker	stop	None
2016-11-06 11:44:51.174989	Trial	end	82
2016-11-06 11:45:38.861031	Trial	start	83
2016-11-06 11:45:38.863259	Speaker	play	None
2016-11-06 11:45:44.865599	Speaker	stop	None
2016-11-06 11:45:44.866281	Trial	end	83
2016-11-06 11:45:53.044706	Trial	start	84
2016-11-06 11:45:53.051693	Speaker	play	None
2016-11-06 11:45:59.057437	Speaker	stop	None
2016-11-06 11:45:59.058140	Trial	end	84
2016-11-06 11:46:04.492519	Trial	start	85
2016-11-06 11:46:04.496660	Speaker	play	None
2016-11-06 11:46:10.505097	Speaker	stop	None
2016-11-06 11:46:10.505686	Trial	end	85
2016-11-06 11:46:29.775928	Trial	start	86
2016-11-06 11:46:29.779840	Speaker	play	None
2016-11-06 11:46:35.784244	Speaker	stop	None
2016-11-06 11:46:35.784995	Trial	end	86
2016-11-06 11:46:55.321105	Trial	start	87
2016-11-06 11:46:55.323327	Speaker	play	None
2016-11-06 11:47:01.329459	Speaker	stop	None
2016-11-06 11:47:01.331123	Hopper	up	None
2016-11-06 11:47:13.334145	Hopper	down	None
2016-11-06 11:47:13.637251	Trial	end	87
2016-11-06 11:49:21.761157	Trial	start	88
2016-11-06 11:49:21.763218	Speaker	play	None
2016-11-06 11:49:27.765597	Speaker	stop	None
2016-11-06 11:49:27.766229	Trial	end	88
2016-11-06 11:49:32.283552	Trial	start	89
2016-11-06 11:49:32.294818	Speaker	play	None
2016-11-06 11:49:38.300387	Speaker	stop	None
2016-11-06 11:49:38.301995	Trial	end	89
2016-11-06 11:49:43.657152	Trial	start	90
2016-11-06 11:49:43.659536	Speaker	play	None
2016-11-06 11:49:49.665689	Speaker	stop	None
2016-11-06 11:49:49.666354	Trial	end	90
2016-11-06 11:49:55.420202	Trial	start	91
2016-11-06 11:49:55.422748	Speaker	play	None
2016-11-06 11:50:01.428900	Speaker	stop	None
2016-11-06 11:50:01.430515	Trial	end	91
2016-11-06 11:50:08.203156	Trial	start	92
2016-11-06 11:50:08.207131	Speaker	play	None
2016-11-06 11:50:14.211728	Speaker	stop	None
2016-11-06 11:50:14.212828	Trial	end	92
2016-11-06 11:50:19.630474	Trial	start	93
2016-11-06 11:50:19.637653	Speaker	play	None
2016-11-06 11:50:25.643031	Speaker	stop	None
2016-11-06 11:50:25.643735	Trial	end	93
2016-11-06 11:50:26.789575	Trial	start	94
2016-11-06 11:50:26.793108	Speaker	play	None
2016-11-06 11:50:32.798262	Speaker	stop	None
2016-11-06 11:50:32.798923	Trial	end	94
2016-11-06 11:50:36.722117	Trial	start	95
2016-11-06 11:50:36.725795	Speaker	play	None
2016-11-06 11:50:42.730735	Speaker	stop	None
2016-11-06 11:50:42.732036	Trial	end	95
2016-11-06 11:50:47.653602	Trial	start	96
2016-11-06 11:50:47.655643	Speaker	play	None
2016-11-06 11:50:50.082690	Speaker	stop	None
2016-11-06 11:50:50.084217	Trial	end	96
2016-11-06 11:50:50.085227	Trial	start	97
2016-11-06 11:50:50.089591	Speaker	play	None
2016-11-06 11:50:56.095109	Speaker	stop	None
2016-11-06 11:50:56.095727	Trial	end	97
2016-11-06 11:51:00.727877	Trial	start	98
2016-11-06 11:51:00.730909	Speaker	play	None
2016-11-06 11:51:06.735817	Speaker	stop	None
2016-11-06 11:51:06.736774	Hopper	up	None
2016-11-06 11:51:18.740538	Hopper	down	None
2016-11-06 11:51:19.043607	Trial	end	98
2016-11-06 11:52:47.168568	Trial	start	99
2016-11-06 11:52:47.172334	Speaker	play	None
2016-11-06 11:52:53.177042	Speaker	stop	None
2016-11-06 11:52:53.177769	Trial	end	99
2016-11-06 11:52:55.691843	Trial	start	100
2016-11-06 11:52:55.696551	Speaker	play	None
2016-11-06 11:53:01.700626	Speaker	stop	None
2016-11-06 11:53:01.701742	Trial	end	100
2016-11-06 11:53:13.033250	Trial	start	101
2016-11-06 11:53:13.035534	Speaker	play	None
2016-11-06 11:53:19.042166	Speaker	stop	None
2016-11-06 11:53:19.044662	Trial	end	101
2016-11-06 11:53:24.419596	Trial	start	102
2016-11-06 11:53:24.422905	Speaker	play	None
2016-11-06 11:53:30.428242	Speaker	stop	None
2016-11-06 11:53:30.428868	Trial	end	102
2016-11-06 11:53:47.712340	Trial	start	103
2016-11-06 11:53:47.715567	Speaker	play	None
2016-11-06 11:53:53.721166	Speaker	stop	None
2016-11-06 11:53:53.722564	Trial	end	103
2016-11-06 11:54:02.408103	Trial	start	104
2016-11-06 11:54:02.412687	Speaker	play	None
2016-11-06 11:54:08.416668	Speaker	stop	None
2016-11-06 11:54:08.417478	Trial	end	104
2016-11-06 11:54:26.843612	Trial	start	105
2016-11-06 11:54:26.848880	Speaker	play	None
2016-11-06 11:54:32.852080	Speaker	stop	None
2016-11-06 11:54:32.852695	Trial	end	105
2016-11-06 11:54:37.844790	Trial	start	106
2016-11-06 11:54:37.847235	Speaker	play	None
2016-11-06 11:54:39.425816	Speaker	stop	None
2016-11-06 11:54:39.426461	Trial	end	106
2016-11-06 11:54:39.427098	Trial	start	107
2016-11-06 11:54:39.429098	Speaker	play	None
2016-11-06 11:54:45.431965	Speaker	stop	None
2016-11-06 11:54:45.433847	Trial	end	107
2016-11-06 11:54:51.074127	Trial	start	108
2016-11-06 11:54:51.077319	Speaker	play	None
2016-11-06 11:54:57.082913	Speaker	stop	None
2016-11-06 11:54:57.084058	Trial	end	108
2016-11-06 11:55:11.848046	Trial	start	109
2016-11-06 11:55:11.850488	Speaker	play	None
2016-11-06 11:55:17.856576	Speaker	stop	None
2016-11-06 11:55:17.857187	Trial	end	109
2016-11-06 11:55:25.401100	Trial	start	110
2016-11-06 11:55:25.403770	Speaker	play	None
2016-11-06 11:55:31.409708	Speaker	stop	None
2016-11-06 11:55:31.410835	Trial	end	110
2016-11-06 11:55:40.051676	Trial	start	111
2016-11-06 11:55:40.057505	Speaker	play	None
2016-11-06 11:55:42.238810	Speaker	stop	None
2016-11-06 11:55:42.239409	Trial	end	111
2016-11-06 11:55:42.240130	Trial	start	112
2016-11-06 11:55:42.242337	Speaker	play	None
2016-11-06 11:55:48.247256	Speaker	stop	None
2016-11-06 11:55:48.247840	Trial	end	112
2016-11-06 11:55:58.109981	Trial	start	113
2016-11-06 11:55:58.114033	Speaker	play	None
2016-11-06 11:56:04.118502	Speaker	stop	None
2016-11-06 11:56:04.119165	Trial	end	113
2016-11-06 11:56:07.001876	Trial	start	114
2016-11-06 11:56:07.007282	Speaker	play	None
2016-11-06 11:56:13.010563	Speaker	stop	None
2016-11-06 11:56:13.011409	Trial	end	114
2016-11-06 11:56:18.379910	Trial	start	115
2016-11-06 11:56:18.382815	Speaker	play	None
2016-11-06 11:56:24.388483	Speaker	stop	None
2016-11-06 11:56:24.389147	Trial	end	115
2016-11-06 11:56:29.983283	Trial	start	116
2016-11-06 11:56:29.986216	Speaker	play	None
2016-11-06 11:56:30.991023	Speaker	stop	None
2016-11-06 11:56:30.991824	Trial	end	116
2016-11-06 11:56:30.993019	Trial	start	117
2016-11-06 11:56:30.995084	Speaker	play	None
2016-11-06 11:56:36.999394	Speaker	stop	None
2016-11-06 11:56:36.999951	Trial	end	117
2016-11-06 11:56:44.105539	Trial	start	118
2016-11-06 11:56:44.108092	Speaker	play	None
2016-11-06 11:56:50.114226	Speaker	stop	None
2016-11-06 11:56:50.115390	Trial	end	118
2016-11-06 11:57:17.437056	Trial	start	119
2016-11-06 11:57:17.444310	Speaker	play	None
2016-11-06 11:57:23.449695	Speaker	stop	None
2016-11-06 11:57:23.450328	Trial	end	119
2016-11-06 11:57:32.226883	Trial	start	120
2016-11-06 11:57:32.229702	Speaker	play	None
2016-11-06 11:57:38.235731	Speaker	stop	None
2016-11-06 11:57:38.236814	Trial	end	120
2016-11-06 11:57:43.506743	Trial	start	121
2016-11-06 11:57:43.517335	Speaker	play	None
2016-11-06 11:57:49.523471	Speaker	stop	None
2016-11-06 11:57:49.524102	Trial	end	121
2016-11-06 11:58:10.366893	Trial	start	122
2016-11-06 11:58:10.368910	Speaker	play	None
2016-11-06 11:58:16.371398	Speaker	stop	None
2016-11-06 11:58:16.371953	Trial	end	122
2016-11-06 11:58:26.033175	Trial	start	123
2016-11-06 11:58:26.035867	Speaker	play	None
2016-11-06 11:58:32.042002	Speaker	stop	None
2016-11-06 11:58:32.044909	Trial	end	123
2016-11-06 11:58:37.599784	Trial	start	124
2016-11-06 11:58:37.603303	Speaker	play	None
2016-11-06 11:58:43.608212	Speaker	stop	None
2016-11-06 11:58:43.608861	Trial	end	124
2016-11-06 11:58:49.387368	Trial	start	125
2016-11-06 11:58:49.397959	Speaker	play	None
2016-11-06 11:58:55.404093	Speaker	stop	None
2016-11-06 11:58:55.404668	Trial	end	125
2016-11-06 11:59:03.353970	Trial	start	126
2016-11-06 11:59:03.357039	Speaker	play	None
2016-11-06 11:59:09.362534	Speaker	stop	None
2016-11-06 11:59:09.363105	Trial	end	126
2016-11-06 11:59:13.912859	Trial	start	127
2016-11-06 11:59:13.915137	Speaker	play	None
2016-11-06 11:59:19.921455	Speaker	stop	None
2016-11-06 11:59:19.922107	Trial	end	127
2016-11-06 11:59:34.871138	Trial	start	128
2016-11-06 11:59:34.875533	Speaker	play	None
2016-11-06 11:59:40.879600	Speaker	stop	None
2016-11-06 11:59:40.881528	Trial	end	128
2016-11-06 11:59:47.535206	Trial	start	129
2016-11-06 11:59:47.537460	Speaker	play	None
2016-11-06 11:59:53.543708	Speaker	stop	None
2016-11-06 11:59:53.544329	Trial	end	129
2016-11-06 11:59:58.847683	Trial	start	130
2016-11-06 11:59:58.849819	Speaker	play	None
2016-11-06 12:00:04.852212	Speaker	stop	None
2016-11-06 12:00:04.852775	Trial	end	130
2016-11-06 12:00:12.646346	Trial	start	131
2016-11-06 12:00:12.649692	Speaker	play	None
2016-11-06 12:00:18.655079	Speaker	stop	None
2016-11-06 12:00:18.656744	Hopper	up	None
2016-11-06 12:00:30.659595	Hopper	down	None
2016-11-06 12:00:30.962919	Trial	end	131
2016-11-06 12:01:41.860598	Trial	start	132
2016-11-06 12:01:41.863312	Speaker	play	None
2016-11-06 12:01:47.869522	Speaker	stop	None
2016-11-06 12:01:47.870316	Trial	end	132
2016-11-06 12:01:51.600382	Trial	start	133
2016-11-06 12:01:51.602452	Speaker	play	None
2016-11-06 12:01:52.513937	Speaker	stop	None
2016-11-06 12:01:52.514676	Trial	end	133
2016-11-06 12:01:52.515538	Trial	start	134
2016-11-06 12:01:52.518295	Speaker	play	None
2016-11-06 12:01:58.522357	Speaker	stop	None
2016-11-06 12:01:58.523006	Trial	end	134
2016-11-06 12:02:03.637889	Trial	start	135
2016-11-06 12:02:03.639991	Speaker	play	None
2016-11-06 12:02:05.120739	Speaker	stop	None
2016-11-06 12:02:05.121611	Trial	end	135
2016-11-06 12:02:05.122399	Trial	start	136
2016-11-06 12:02:05.124270	Speaker	play	None
2016-11-06 12:02:11.129198	Speaker	stop	None
2016-11-06 12:02:11.129751	Trial	end	136
2016-11-06 12:02:15.278132	Trial	start	137
2016-11-06 12:02:15.280661	Speaker	play	None
2016-11-06 12:02:21.286692	Speaker	stop	None
2016-11-06 12:02:21.287322	Trial	end	137
2016-11-06 12:02:22.142626	Trial	start	138
2016-11-06 12:02:22.146472	Speaker	play	None
2016-11-06 12:02:28.151392	Speaker	stop	None
2016-11-06 12:02:28.152770	Trial	end	138
2016-11-06 12:02:32.939304	Trial	start	139
2016-11-06 12:02:32.942524	Speaker	play	None
2016-11-06 12:02:38.947702	Speaker	stop	None
2016-11-06 12:02:38.948286	Trial	end	139
2016-11-06 12:02:42.097383	Trial	start	140
2016-11-06 12:02:42.100102	Speaker	play	None
2016-11-06 12:02:48.105834	Speaker	stop	None
2016-11-06 12:02:48.106602	Trial	end	140
2016-11-06 12:02:52.656228	Trial	start	141
2016-11-06 12:02:52.658773	Speaker	play	None
2016-11-06 12:02:58.664742	Speaker	stop	None
2016-11-06 12:02:58.665556	Hopper	up	None
2016-11-06 12:03:10.669405	Hopper	down	None
2016-11-06 12:03:10.972476	Trial	end	141
2016-11-06 12:05:09.508498	Trial	start	142
2016-11-06 12:05:09.511165	Speaker	play	None
2016-11-06 12:05:10.266498	Speaker	stop	None
2016-11-06 12:05:10.267582	Trial	end	142
2016-11-06 12:05:10.268715	Trial	start	143
2016-11-06 12:05:10.275417	Speaker	play	None
2016-11-06 12:05:16.283060	Speaker	stop	None
2016-11-06 12:05:16.283808	Trial	end	143
2016-11-06 12:05:20.071435	Trial	start	144
2016-11-06 12:05:20.074189	Speaker	play	None
2016-11-06 12:05:20.785338	Speaker	stop	None
2016-11-06 12:05:20.786109	Trial	end	144
2016-11-06 12:05:20.787315	Trial	start	145
2016-11-06 12:05:20.791301	Speaker	play	None
2016-11-06 12:05:26.796898	Speaker	stop	None
2016-11-06 12:05:26.798261	Trial	end	145
2016-11-06 12:05:34.226536	Trial	start	146
2016-11-06 12:05:34.229013	Speaker	play	None
2016-11-06 12:05:40.234984	Speaker	stop	None
2016-11-06 12:05:40.235638	Trial	end	146
2016-11-06 12:05:41.394323	Trial	start	147
2016-11-06 12:05:41.397849	Speaker	play	None
2016-11-06 12:05:41.754577	Speaker	stop	None
2016-11-06 12:05:41.755184	Trial	end	147
2016-11-06 12:05:41.755891	Trial	start	148
2016-11-06 12:05:41.759022	Speaker	play	None
2016-11-06 12:05:41.861506	Speaker	stop	None
2016-11-06 12:05:41.862444	Trial	end	148
2016-11-06 12:05:41.863299	Trial	start	149
2016-11-06 12:05:41.865930	Speaker	play	None
2016-11-06 12:05:47.873693	Speaker	stop	None
2016-11-06 12:05:47.874406	Trial	end	149
2016-11-06 12:05:50.945371	Trial	start	150
2016-11-06 12:05:50.947707	Speaker	play	None
2016-11-06 12:05:51.482423	Speaker	stop	None
2016-11-06 12:05:51.483465	Trial	end	150
2016-11-06 12:05:51.484568	Trial	start	151
2016-11-06 12:05:51.488433	Speaker	play	None
2016-11-06 12:05:57.494611	Speaker	stop	None
2016-11-06 12:05:57.495192	Trial	end	151
2016-11-06 12:06:03.851196	Trial	start	152
2016-11-06 12:06:03.853229	Speaker	play	None
2016-11-06 12:06:09.855645	Speaker	stop	None
2016-11-06 12:06:09.856301	Trial	end	152
2016-11-06 12:06:17.096967	Trial	start	153
2016-11-06 12:06:17.099554	Speaker	play	None
2016-11-06 12:06:23.105916	Speaker	stop	None
2016-11-06 12:06:23.107277	Trial	end	153
2016-11-06 12:06:26.312609	Trial	start	154
2016-11-06 12:06:26.316065	Speaker	play	None
2016-11-06 12:06:32.321054	Speaker	stop	None
2016-11-06 12:06:32.321716	Trial	end	154
2016-11-06 12:06:35.847454	Trial	start	155
2016-11-06 12:06:35.850730	Speaker	play	None
2016-11-06 12:06:36.392283	Speaker	stop	None
2016-11-06 12:06:36.392905	Trial	end	155
2016-11-06 12:06:36.393651	Trial	start	156
2016-11-06 12:06:36.395943	Speaker	play	None
2016-11-06 12:06:42.400698	Speaker	stop	None
2016-11-06 12:06:42.401442	Trial	end	156
2016-11-06 12:06:46.979795	Trial	start	157
2016-11-06 12:06:46.982374	Speaker	play	None
2016-11-06 12:06:52.988348	Speaker	stop	None
2016-11-06 12:06:52.988984	Trial	end	157
2016-11-06 12:06:57.706780	Trial	start	158
2016-11-06 12:06:57.709027	Speaker	play	None
2016-11-06 12:06:58.436078	Speaker	stop	None
2016-11-06 12:06:58.437003	Trial	end	158
2016-11-06 12:06:58.437869	Trial	start	159
2016-11-06 12:06:58.442332	Speaker	play	None
2016-11-06 12:07:04.448326	Speaker	stop	None
2016-11-06 12:07:04.449139	Trial	end	159
2016-11-06 12:07:09.543535	Trial	start	160
2016-11-06 12:07:09.546564	Speaker	play	None
2016-11-06 12:07:15.551931	Speaker	stop	None
2016-11-06 12:07:15.552718	Trial	end	160
2016-11-06 12:07:19.946684	Trial	start	161
2016-11-06 12:07:19.952268	Speaker	play	None
2016-11-06 12:07:20.581828	Speaker	stop	None
2016-11-06 12:07:20.583043	Trial	end	161
2016-11-06 12:07:20.583970	Trial	start	162
2016-11-06 12:07:20.586755	Speaker	play	None
2016-11-06 12:07:26.590382	Speaker	stop	None
2016-11-06 12:07:26.591334	Trial	end	162
2016-11-06 12:07:36.809022	Trial	start	163
2016-11-06 12:07:36.812560	Speaker	play	None
2016-11-06 12:07:42.817715	Speaker	stop	None
2016-11-06 12:07:42.818704	Trial	end	163
2016-11-06 12:07:46.917592	Trial	start	164
2016-11-06 12:07:46.922098	Speaker	play	None
2016-11-06 12:07:52.925980	Speaker	stop	None
2016-11-06 12:07:52.926675	Trial	end	164
2016-11-06 12:08:05.155856	Trial	start	165
2016-11-06 12:08:05.158173	Speaker	play	None
2016-11-06 12:08:11.164375	Speaker	stop	None
2016-11-06 12:08:11.165049	Trial	end	165
2016-11-06 12:08:17.598837	Trial	start	166
2016-11-06 12:08:17.601396	Speaker	play	None
2016-11-06 12:08:17.848788	Speaker	stop	None
2016-11-06 12:08:17.849434	Trial	end	166
2016-11-06 12:08:17.850229	Trial	start	167
2016-11-06 12:08:17.852134	Speaker	play	None
2016-11-06 12:08:17.934780	Speaker	stop	None
2016-11-06 12:08:17.935342	Trial	end	167
2016-11-06 12:08:17.935973	Trial	start	168
2016-11-06 12:08:17.938000	Speaker	play	None
2016-11-06 12:08:23.949591	Speaker	stop	None
2016-11-06 12:08:23.951113	Hopper	up	None
2016-11-06 12:08:35.952016	Hopper	down	None
2016-11-06 12:08:36.255159	Trial	end	168
2016-11-06 12:10:41.381364	Trial	start	169
2016-11-06 12:10:41.384852	Speaker	play	None
2016-11-06 12:10:41.848265	Speaker	stop	None
2016-11-06 12:10:41.849423	Trial	end	169
2016-11-06 12:10:41.851545	Trial	start	170
2016-11-06 12:10:41.854480	Speaker	play	None
2016-11-06 12:10:47.860660	Speaker	stop	None
2016-11-06 12:10:47.861867	Hopper	up	None
2016-11-06 12:10:59.865387	Hopper	down	None
2016-11-06 12:11:00.168345	Trial	end	170
2016-11-06 12:12:08.846524	Trial	start	171
2016-11-06 12:12:08.850561	Speaker	play	None
2016-11-06 12:12:14.854937	Speaker	stop	None
2016-11-06 12:12:14.855703	Trial	end	171
2016-11-06 12:12:19.925468	Trial	start	172
2016-11-06 12:12:19.928668	Speaker	play	None
2016-11-06 12:12:20.724519	Speaker	stop	None
2016-11-06 12:12:20.725394	Trial	end	172
2016-11-06 12:12:20.726313	Trial	start	173
2016-11-06 12:12:20.728301	Speaker	play	None
2016-11-06 12:12:26.732616	Speaker	stop	None
2016-11-06 12:12:26.733237	Trial	end	173
2016-11-06 12:12:30.832563	Trial	start	174
2016-11-06 12:12:30.835282	Speaker	play	None
2016-11-06 12:12:36.841000	Speaker	stop	None
2016-11-06 12:12:36.841604	Trial	end	174
2016-11-06 12:12:42.890541	Trial	start	175
2016-11-06 12:12:42.894733	Speaker	play	None
2016-11-06 12:12:48.898961	Speaker	stop	None
2016-11-06 12:12:48.899618	Trial	end	175
2016-11-06 12:12:55.218758	Trial	start	176
2016-11-06 12:12:55.221503	Speaker	play	None
2016-11-06 12:13:01.227355	Speaker	stop	None
2016-11-06 12:13:01.228428	Hopper	up	None
2016-11-06 12:13:13.231954	Hopper	down	None
2016-11-06 12:13:13.535002	Trial	end	176
2016-11-06 12:15:24.333567	Trial	start	177
2016-11-06 12:15:24.335856	Speaker	play	None
2016-11-06 12:15:30.342315	Speaker	stop	None
2016-11-06 12:15:30.343453	Trial	end	177
2016-11-06 12:15:38.324771	Trial	start	178
2016-11-06 12:15:38.326990	Speaker	play	None
2016-11-06 12:15:44.333302	Speaker	stop	None
2016-11-06 12:15:44.334083	Trial	end	178
2016-11-06 12:15:48.445560	Trial	start	179
2016-11-06 12:15:48.447696	Speaker	play	None
2016-11-06 12:15:54.453994	Speaker	stop	None
2016-11-06 12:15:54.454728	Trial	end	179
2016-11-06 12:15:57.140723	Trial	start	180
2016-11-06 12:15:57.143006	Speaker	play	None
2016-11-06 12:16:03.149508	Speaker	stop	None
2016-11-06 12:16:03.150627	Trial	end	180
2016-11-06 12:16:07.138707	Trial	start	181
2016-11-06 12:16:07.143254	Speaker	play	None
2016-11-06 12:16:13.147150	Speaker	stop	None
2016-11-06 12:16:13.147720	Trial	end	181
2016-11-06 12:16:18.062078	Trial	start	182
2016-11-06 12:16:18.066417	Speaker	play	None
2016-11-06 12:16:24.070533	Speaker	stop	None
2016-11-06 12:16:24.071399	Trial	end	182
2016-11-06 12:16:38.303287	Trial	start	183
2016-11-06 12:16:38.305748	Speaker	play	None
2016-11-06 12:16:44.311881	Speaker	stop	None
2016-11-06 12:16:44.312611	Trial	end	183
2016-11-06 12:16:54.473668	Trial	start	184
2016-11-06 12:16:54.478022	Speaker	play	None
2016-11-06 12:17:00.482003	Speaker	stop	None
2016-11-06 12:17:00.482842	Trial	end	184
2016-11-06 12:17:04.192776	Trial	start	185
2016-11-06 12:17:04.195648	Speaker	play	None
2016-11-06 12:17:10.204474	Speaker	stop	None
2016-11-06 12:17:10.205709	Hopper	up	None
2016-11-06 12:17:22.210089	Hopper	down	None
2016-11-06 12:17:22.513156	Trial	end	185
2016-11-06 12:57:03.260636	Trial	start	186
2016-11-06 12:57:03.263395	Speaker	play	None
2016-11-06 12:57:09.273367	Speaker	stop	None
2016-11-06 12:57:09.274375	Trial	end	186
2016-11-06 12:57:19.410403	Trial	start	187
2016-11-06 12:57:19.414163	Speaker	play	None
2016-11-06 12:57:25.419103	Speaker	stop	None
2016-11-06 12:57:25.421149	Trial	end	187
2016-11-06 12:57:32.500387	Trial	start	188
2016-11-06 12:57:32.502716	Speaker	play	None
2016-11-06 12:57:38.509040	Speaker	stop	None
2016-11-06 12:57:38.510545	Hopper	up	None
2016-11-06 12:57:50.513612	Hopper	down	None
2016-11-06 12:57:50.816645	Trial	end	188
2016-11-06 12:59:15.288285	Trial	start	189
2016-11-06 12:59:15.290715	Speaker	play	None
2016-11-06 12:59:21.296570	Speaker	stop	None
2016-11-06 12:59:21.297223	Trial	end	189
2016-11-06 12:59:25.474263	Trial	start	190
2016-11-06 12:59:25.478670	Speaker	play	None
2016-11-06 12:59:31.482816	Speaker	stop	None
2016-11-06 12:59:31.483503	Trial	end	190
2016-11-06 12:59:48.545710	Trial	start	191
2016-11-06 12:59:48.547988	Speaker	play	None
2016-11-06 12:59:50.995363	Speaker	stop	None
2016-11-06 12:59:50.996097	Trial	end	191
2016-11-06 12:59:50.997133	Trial	start	192
2016-11-06 12:59:50.999347	Speaker	play	None
2016-11-06 12:59:53.342172	Speaker	stop	None
2016-11-06 12:59:53.342848	Trial	end	192
2016-11-06 12:59:53.343550	Trial	start	193
2016-11-06 12:59:53.346966	Speaker	play	None
2016-11-06 12:59:59.354498	Speaker	stop	None
2016-11-06 12:59:59.355105	Trial	end	193
2016-11-06 13:00:05.477626	Trial	start	194
2016-11-06 13:00:05.479674	Speaker	play	None
2016-11-06 13:00:11.486175	Speaker	stop	None
2016-11-06 13:00:11.487158	Hopper	up	None
2016-11-06 13:00:23.490857	Hopper	down	None
2016-11-06 13:00:23.793912	Trial	end	194
2016-11-06 13:02:43.393455	Trial	start	195
2016-11-06 13:02:43.395757	Speaker	play	None
2016-11-06 13:02:49.402285	Speaker	stop	None
2016-11-06 13:02:49.403658	Trial	end	195
2016-11-06 13:02:53.141463	Trial	start	196
2016-11-06 13:02:53.146967	Speaker	play	None
2016-11-06 13:02:59.149882	Speaker	stop	None
2016-11-06 13:02:59.150524	Trial	end	196
2016-11-06 13:03:04.736607	Trial	start	197
2016-11-06 13:03:04.746089	Speaker	play	None
2016-11-06 13:03:10.749101	Speaker	stop	None
2016-11-06 13:03:10.749690	Trial	end	197
2016-11-06 13:03:14.000998	Trial	start	198
2016-11-06 13:03:14.003256	Speaker	play	None
2016-11-06 13:03:20.009614	Speaker	stop	None
2016-11-06 13:03:20.010283	Trial	end	198
2016-11-06 13:03:25.842512	Trial	start	199
2016-11-06 13:03:25.845367	Speaker	play	None
2016-11-06 13:03:31.850373	Speaker	stop	None
2016-11-06 13:03:31.851307	Trial	end	199
2016-11-06 13:03:35.122963	Trial	start	200
2016-11-06 13:03:35.126818	Speaker	play	None
2016-11-06 13:03:41.131500	Speaker	stop	None
2016-11-06 13:03:41.132730	Hopper	up	None
2016-11-06 13:03:53.136110	Hopper	down	None
2016-11-06 13:03:53.439038	Trial	end	200
2016-11-06 13:05:00.330905	Trial	start	201
2016-11-06 13:05:00.333206	Speaker	play	None
2016-11-06 13:05:06.339516	Speaker	stop	None
2016-11-06 13:05:06.340345	Trial	end	201
2016-11-06 13:05:10.693508	Trial	start	202
2016-11-06 13:05:10.697306	Speaker	play	None
2016-11-06 13:05:16.701711	Speaker	stop	None
2016-11-06 13:05:16.702617	Trial	end	202
2016-11-06 13:05:22.001615	Trial	start	203
2016-11-06 13:05:22.005477	Speaker	play	None
2016-11-06 13:05:28.010321	Speaker	stop	None
2016-11-06 13:05:28.011021	Trial	end	203
2016-11-06 13:05:33.764657	Trial	start	204
2016-11-06 13:05:33.767720	Speaker	play	None
2016-11-06 13:05:34.891108	Speaker	stop	None
2016-11-06 13:05:34.893582	Trial	end	204
2016-11-06 13:05:34.895484	Trial	start	205
2016-11-06 13:05:34.899892	Speaker	play	None
2016-11-06 13:05:36.529502	Speaker	stop	None
2016-11-06 13:05:36.530525	Trial	end	205
2016-11-06 13:05:36.531617	Trial	start	206
2016-11-06 13:05:36.534583	Speaker	play	None
2016-11-06 13:05:42.542331	Speaker	stop	None
2016-11-06 13:05:42.546976	Trial	end	206
2016-11-06 13:05:52.109663	Trial	start	207
2016-11-06 13:05:52.113123	Speaker	play	None
2016-11-06 13:05:58.118109	Speaker	stop	None
2016-11-06 13:05:58.119098	Hopper	up	None
2016-11-06 13:06:10.122819	Hopper	down	None
2016-11-06 13:06:10.425757	Trial	end	207
2016-11-06 13:07:31.268122	Trial	start	208
2016-11-06 13:07:31.271453	Speaker	play	None
2016-11-06 13:07:37.276434	Speaker	stop	None
2016-11-06 13:07:37.277060	Trial	end	208
2016-11-06 13:07:43.870608	Trial	start	209
2016-11-06 13:07:43.874416	Speaker	play	None
2016-11-06 13:07:45.824428	Speaker	stop	None
2016-11-06 13:07:45.825390	Trial	end	209
2016-11-06 13:07:45.826464	Trial	start	210
2016-11-06 13:07:45.828783	Speaker	play	None
2016-11-06 13:07:47.687884	Speaker	stop	None
2016-11-06 13:07:47.688585	Trial	end	210
2016-11-06 13:07:47.689454	Trial	start	211
2016-11-06 13:07:47.692894	Speaker	play	None
2016-11-06 13:07:53.698791	Speaker	stop	None
2016-11-06 13:07:53.700370	Trial	end	211
2016-11-06 13:08:01.695267	Trial	start	212
2016-11-06 13:08:01.697278	Speaker	play	None
2016-11-06 13:08:07.703938	Speaker	stop	None
2016-11-06 13:08:07.705023	Trial	end	212
2016-11-06 13:08:17.103565	Trial	start	213
2016-11-06 13:08:17.106618	Speaker	play	None
2016-11-06 13:08:18.086604	Speaker	stop	None
2016-11-06 13:08:18.087216	Trial	end	213
2016-11-06 13:08:18.087937	Trial	start	214
2016-11-06 13:08:18.089998	Speaker	play	None
2016-11-06 13:08:24.095054	Speaker	stop	None
2016-11-06 13:08:24.095673	Trial	end	214
2016-11-06 13:08:37.656057	Trial	start	215
2016-11-06 13:08:37.658876	Speaker	play	None
2016-11-06 13:08:43.664720	Speaker	stop	None
2016-11-06 13:08:43.665795	Trial	end	215
2016-11-06 13:08:52.998773	Trial	start	216
2016-11-06 13:08:53.000965	Speaker	play	None
2016-11-06 13:08:59.007430	Speaker	stop	None
2016-11-06 13:08:59.008178	Trial	end	216
2016-11-06 13:09:02.738511	Trial	start	217
2016-11-06 13:09:02.740744	Speaker	play	None
2016-11-06 13:09:08.747069	Speaker	stop	None
2016-11-06 13:09:08.747924	Trial	end	217
2016-11-06 13:09:17.077800	Trial	start	218
2016-11-06 13:09:17.080423	Speaker	play	None
2016-11-06 13:09:18.540788	Speaker	stop	None
2016-11-06 13:09:18.541787	Trial	end	218
2016-11-06 13:09:18.543754	Trial	start	219
2016-11-06 13:09:18.546740	Speaker	play	None
2016-11-06 13:09:21.435750	Speaker	stop	None
2016-11-06 13:09:21.436325	Trial	end	219
2016-11-06 13:09:21.437109	Trial	start	220
2016-11-06 13:09:21.439159	Speaker	play	None
2016-11-06 13:09:27.448422	Speaker	stop	None
2016-11-06 13:09:27.449767	Trial	end	220
2016-11-06 13:09:49.352410	Trial	start	221
2016-11-06 13:09:49.355107	Speaker	play	None
2016-11-06 13:09:55.360986	Speaker	stop	None
2016-11-06 13:09:55.361655	Trial	end	221
2016-11-06 13:10:02.094373	Trial	start	222
2016-11-06 13:10:02.096926	Speaker	play	None
2016-11-06 13:10:08.102848	Speaker	stop	None
2016-11-06 13:10:08.103431	Trial	end	222
2016-11-06 13:10:18.661670	Trial	start	223
2016-11-06 13:10:18.663758	Speaker	play	None
2016-11-06 13:10:19.968349	Speaker	stop	None
2016-11-06 13:10:19.969521	Trial	end	223
2016-11-06 13:10:19.971090	Trial	start	224
2016-11-06 13:10:19.974502	Speaker	play	None
2016-11-06 13:10:25.980857	Speaker	stop	None
2016-11-06 13:10:25.981544	Trial	end	224
2016-11-06 13:10:34.987404	Trial	start	225
2016-11-06 13:10:34.989660	Speaker	play	None
2016-11-06 13:10:40.995930	Speaker	stop	None
2016-11-06 13:10:40.996593	Trial	end	225
2016-11-06 13:11:16.022855	Trial	start	226
2016-11-06 13:11:16.025218	Speaker	play	None
2016-11-06 13:11:22.031672	Speaker	stop	None
2016-11-06 13:11:22.032863	Trial	end	226
2016-11-06 13:11:34.453799	Trial	start	227
2016-11-06 13:11:34.456141	Speaker	play	None
2016-11-06 13:11:40.462917	Speaker	stop	None
2016-11-06 13:11:40.464190	Trial	end	227
2016-11-06 13:11:45.614822	Trial	start	228
2016-11-06 13:11:45.618684	Speaker	play	None
2016-11-06 13:11:46.843591	Speaker	stop	None
2016-11-06 13:11:46.844190	Trial	end	228
2016-11-06 13:11:46.844924	Trial	start	229
2016-11-06 13:11:46.847154	Speaker	play	None
2016-11-06 13:11:47.222233	Speaker	play	None
2016-11-06 13:11:47.217934	Trial	end	229
2016-11-06 13:11:47.218956	Trial	start	230
2016-11-06 13:11:47.222233	Speaker	play	None
2016-11-06 13:11:49.221157	Speaker	stop	None
2016-11-06 13:11:49.223657	Trial	end	230
2016-11-06 13:11:49.224949	Trial	start	231
2016-11-06 13:11:49.228489	Speaker	play	None
2016-11-06 13:11:55.231695	Speaker	stop	None
2016-11-06 13:11:55.232432	Trial	end	231
2016-11-06 13:12:00.478400	Trial	start	232
2016-11-06 13:12:00.481863	Speaker	play	None
2016-11-06 13:12:06.486851	Speaker	stop	None
2016-11-06 13:12:06.487481	Trial	end	232
2016-11-06 13:12:12.560842	Trial	start	233
2016-11-06 13:12:12.563075	Speaker	play	None
2016-11-06 13:12:18.569353	Speaker	stop	None
2016-11-06 13:12:18.570098	Trial	end	233
2016-11-06 13:12:25.368328	Trial	start	234
2016-11-06 13:12:25.371251	Speaker	play	None
2016-11-06 13:12:31.376790	Speaker	stop	None
2016-11-06 13:12:31.377500	Trial	end	234
2016-11-06 13:12:41.628533	Trial	start	235
2016-11-06 13:12:41.631170	Speaker	play	None
2016-11-06 13:12:47.637061	Speaker	stop	None
2016-11-06 13:12:47.637738	Trial	end	235
2016-11-06 13:12:58.916710	Trial	start	236
2016-11-06 13:12:58.919163	Speaker	play	None
2016-11-06 13:13:00.207107	Speaker	stop	None
2016-11-06 13:13:00.207976	Trial	end	236
2016-11-06 13:13:00.208912	Trial	start	237
2016-11-06 13:13:00.211372	Speaker	play	None
2016-11-06 13:13:06.215403	Speaker	stop	None
2016-11-06 13:13:06.216385	Hopper	up	None
2016-11-06 13:13:18.220223	Hopper	down	None
2016-11-06 13:13:18.523109	Trial	end	237
2016-11-06 13:16:21.898792	Trial	start	238
2016-11-06 13:16:21.901297	Speaker	play	None
2016-11-06 13:16:27.907582	Speaker	stop	None
2016-11-06 13:16:27.908562	Trial	end	238
2016-11-06 13:16:34.899024	Trial	start	239
2016-11-06 13:16:34.902766	Speaker	play	None
2016-11-06 13:16:40.907360	Speaker	stop	None
2016-11-06 13:16:40.908065	Trial	end	239
2016-11-06 13:17:01.623652	Trial	start	240
2016-11-06 13:17:01.626447	Speaker	play	None
2016-11-06 13:17:03.004027	Speaker	stop	None
2016-11-06 13:17:03.004638	Trial	end	240
2016-11-06 13:17:03.005493	Trial	start	241
2016-11-06 13:17:03.007776	Speaker	play	None
2016-11-06 13:17:09.012482	Speaker	stop	None
2016-11-06 13:17:09.014085	Trial	end	241
2016-11-06 13:17:12.956739	Trial	start	242
2016-11-06 13:17:12.961111	Speaker	play	None
2016-11-06 13:17:18.965521	Speaker	stop	None
2016-11-06 13:17:18.966661	Trial	end	242
2016-11-06 13:17:32.972684	Trial	start	243
2016-11-06 13:17:32.977488	Speaker	play	None
2016-11-06 13:17:38.981263	Speaker	stop	None
2016-11-06 13:17:38.982448	Hopper	up	None
2016-11-06 13:17:50.985931	Hopper	down	None
2016-11-06 13:17:51.289206	Trial	end	243
2016-11-06 14:04:02.650663	Trial	start	244
2016-11-06 14:04:02.654946	Speaker	play	None
2016-11-06 14:04:08.659172	Speaker	stop	None
2016-11-06 14:04:08.661704	Trial	end	244
2016-11-06 14:04:15.150823	Trial	start	245
2016-11-06 14:04:15.153108	Speaker	play	None
2016-11-06 14:04:21.159500	Speaker	stop	None
2016-11-06 14:04:21.161185	Hopper	up	None
2016-11-06 14:04:33.164065	Hopper	down	None
2016-11-06 14:04:33.467112	Trial	end	245
2016-11-06 14:45:38.837158	Trial	start	246
2016-11-06 14:45:38.840448	Speaker	play	None
2016-11-06 14:45:44.845848	Speaker	stop	None
2016-11-06 14:45:44.846908	Trial	end	246
2016-11-06 14:46:05.070433	Trial	start	247
2016-11-06 14:46:05.072444	Speaker	play	None
2016-11-06 14:46:11.074883	Speaker	stop	None
2016-11-06 14:46:11.075447	Trial	end	247
2016-11-06 14:46:16.751608	Trial	start	248
2016-11-06 14:46:16.755799	Speaker	play	None
2016-11-06 14:46:17.746936	Speaker	stop	None
2016-11-06 14:46:17.747528	Trial	end	248
2016-11-06 14:46:17.748244	Trial	start	249
2016-11-06 14:46:17.750472	Speaker	play	None
2016-11-06 14:46:23.755427	Speaker	stop	None
2016-11-06 14:46:23.756375	Trial	end	249
2016-11-06 14:46:25.827971	Trial	start	250
2016-11-06 14:46:25.832444	Speaker	play	None
2016-11-06 14:46:31.836328	Speaker	stop	None
2016-11-06 14:46:31.836910	Trial	end	250
2016-11-06 14:46:35.571756	Trial	start	251
2016-11-06 14:46:35.574193	Speaker	play	None
2016-11-06 14:46:41.580137	Speaker	stop	None
2016-11-06 14:46:41.580729	Trial	end	251
2016-11-06 14:46:47.813855	Trial	start	252
2016-11-06 14:46:47.815955	Speaker	play	None
2016-11-06 14:46:53.822395	Speaker	stop	None
2016-11-06 14:46:53.823043	Trial	end	252
2016-11-06 14:46:58.204848	Trial	start	253
2016-11-06 14:46:58.207428	Speaker	play	None
2016-11-06 14:47:00.011119	Speaker	stop	None
2016-11-06 14:47:00.011777	Trial	end	253
2016-11-06 14:47:00.012461	Trial	start	254
2016-11-06 14:47:00.014836	Speaker	play	None
2016-11-06 14:47:06.019612	Speaker	stop	None
2016-11-06 14:47:06.020374	Trial	end	254
2016-11-06 14:47:09.955557	Trial	start	255
2016-11-06 14:47:09.960643	Speaker	play	None
2016-11-06 14:47:15.968165	Speaker	stop	None
2016-11-06 14:47:15.968789	Trial	end	255
2016-11-06 14:47:23.103144	Trial	start	256
2016-11-06 14:47:23.106810	Speaker	play	None
2016-11-06 14:47:24.012346	Speaker	stop	None
2016-11-06 14:47:24.012888	Trial	end	256
2016-11-06 14:47:24.013562	Trial	start	257
2016-11-06 14:47:24.015724	Speaker	play	None
2016-11-06 14:47:30.020879	Speaker	stop	None
2016-11-06 14:47:30.022758	Hopper	up	None
2016-11-06 14:47:42.025368	Hopper	down	None
2016-11-06 14:47:42.328475	Trial	end	257
2016-11-06 14:53:07.909232	Trial	start	258
2016-11-06 14:53:07.911644	Speaker	play	None
2016-11-06 14:53:13.917748	Speaker	stop	None
2016-11-06 14:53:13.918642	Trial	end	258
2016-11-06 14:53:15.351184	Trial	start	259
2016-11-06 14:53:15.354233	Speaker	play	None
2016-11-06 14:53:21.359698	Speaker	stop	None
2016-11-06 14:53:21.360346	Trial	end	259
2016-11-06 14:53:23.346147	Trial	start	260
2016-11-06 14:53:23.349590	Speaker	play	None
2016-11-06 14:53:29.354719	Speaker	stop	None
2016-11-06 14:53:29.356025	Trial	end	260
2016-11-06 14:53:34.277763	Trial	start	261
2016-11-06 14:53:34.280349	Speaker	play	None
2016-11-06 14:53:40.286277	Speaker	stop	None
2016-11-06 14:53:40.287206	Hopper	up	None
2016-11-06 14:53:52.291023	Hopper	down	None
2016-11-06 14:53:52.593957	Trial	end	261
2016-11-06 14:56:13.271513	Trial	start	262
2016-11-06 14:56:13.274890	Speaker	play	None
2016-11-06 14:56:19.280197	Speaker	stop	None
2016-11-06 14:56:19.282197	Trial	end	262
2016-11-06 14:56:26.537656	Trial	start	263
2016-11-06 14:56:26.540851	Speaker	play	None
2016-11-06 14:56:32.546063	Speaker	stop	None
2016-11-06 14:56:32.546654	Trial	end	263
2016-11-06 14:56:36.498441	Trial	start	264
2016-11-06 14:56:36.500694	Speaker	play	None
2016-11-06 14:56:42.506957	Speaker	stop	None
2016-11-06 14:56:42.507603	Trial	end	264
2016-11-06 14:56:47.815096	Trial	start	265
2016-11-06 14:56:47.819398	Speaker	play	None
2016-11-06 14:56:53.823775	Speaker	stop	None
2016-11-06 14:56:53.824806	Trial	end	265
2016-11-06 14:56:55.293953	Trial	start	266
2016-11-06 14:56:55.296375	Speaker	play	None
2016-11-06 14:56:55.785527	Speaker	stop	None
2016-11-06 14:56:55.786529	Trial	end	266
2016-11-06 14:56:55.788592	Trial	start	267
2016-11-06 14:56:55.793319	Speaker	play	None
2016-11-06 14:57:01.798169	Speaker	stop	None
2016-11-06 14:57:01.799479	Trial	end	267
2016-11-06 14:57:06.282942	Trial	start	268
2016-11-06 14:57:06.285767	Speaker	play	None
2016-11-06 14:57:12.291416	Speaker	stop	None
2016-11-06 14:57:12.292032	Trial	end	268
2016-11-06 14:57:17.169556	Trial	start	269
2016-11-06 14:57:17.173034	Speaker	play	None
2016-11-06 14:57:23.178256	Speaker	stop	None
2016-11-06 14:57:23.179548	Trial	end	269
2016-11-06 14:57:29.026709	Trial	start	270
2016-11-06 14:57:29.029489	Speaker	play	None
2016-11-06 14:57:29.956592	Speaker	stop	None
2016-11-06 14:57:29.957229	Trial	end	270
2016-11-06 14:57:29.957955	Trial	start	271
2016-11-06 14:57:29.960088	Speaker	play	None
2016-11-06 14:57:31.309809	Speaker	stop	None
2016-11-06 14:57:31.310713	Trial	end	271
2016-11-06 14:57:31.311597	Trial	start	272
2016-11-06 14:57:31.315837	Speaker	play	None
2016-11-06 14:57:37.320810	Speaker	stop	None
2016-11-06 14:57:37.322106	Trial	end	272
2016-11-06 14:57:42.878637	Trial	start	273
2016-11-06 14:57:42.880685	Speaker	play	None
2016-11-06 14:57:48.883231	Speaker	stop	None
2016-11-06 14:57:48.884219	Trial	end	273
2016-11-06 14:57:58.803074	Trial	start	274
2016-11-06 14:57:58.807473	Speaker	play	None
2016-11-06 14:58:04.811523	Speaker	stop	None
2016-11-06 14:58:04.812209	Trial	end	274
2016-11-06 14:58:20.776814	Trial	start	275
2016-11-06 14:58:20.779451	Speaker	play	None
2016-11-06 14:58:21.813119	Speaker	stop	None
2016-11-06 14:58:21.813749	Trial	end	275
2016-11-06 14:58:21.814525	Trial	start	276
2016-11-06 14:58:21.816745	Speaker	play	None
2016-11-06 14:58:22.304777	Speaker	stop	None
2016-11-06 14:58:22.306010	Trial	end	276
2016-11-06 14:58:22.307139	Trial	start	277
2016-11-06 14:58:22.309352	Speaker	play	None
2016-11-06 14:58:28.313020	Speaker	stop	None
2016-11-06 14:58:28.313694	Trial	end	277
2016-11-06 14:58:36.889489	Trial	start	278
2016-11-06 14:58:36.891432	Speaker	play	None
2016-11-06 14:58:37.884976	Speaker	stop	None
2016-11-06 14:58:37.885940	Trial	end	278
2016-11-06 14:58:37.887065	Trial	start	279
2016-11-06 14:58:37.889634	Speaker	play	None
2016-11-06 14:58:43.893412	Speaker	stop	None
2016-11-06 14:58:43.894315	Hopper	up	None
2016-11-06 14:58:55.898133	Hopper	down	None
2016-11-06 14:58:56.201060	Trial	end	279
2016-11-06 15:54:42.248140	Trial	start	280
2016-11-06 15:54:42.251624	Speaker	play	None
2016-11-06 15:54:48.256621	Speaker	stop	None
2016-11-06 15:54:48.258149	Trial	end	280
2016-11-06 15:54:52.901236	Trial	start	281
2016-11-06 15:54:52.903285	Speaker	play	None
2016-11-06 15:54:53.396973	Speaker	stop	None
2016-11-06 15:54:53.398147	Trial	end	281
2016-11-06 15:54:53.399186	Trial	start	282
2016-11-06 15:54:53.401625	Speaker	play	None
2016-11-06 15:54:59.404936	Speaker	stop	None
2016-11-06 15:54:59.405587	Trial	end	282
2016-11-06 15:55:03.750572	Trial	start	283
2016-11-06 15:55:03.754423	Speaker	play	None
2016-11-06 15:55:09.759139	Speaker	stop	None
2016-11-06 15:55:09.760302	Hopper	up	None
2016-11-06 15:55:21.763860	Hopper	down	None
2016-11-06 15:55:22.066886	Trial	end	283
2016-11-06 15:58:24.918451	Trial	start	284
2016-11-06 15:58:24.921189	Speaker	play	None
2016-11-06 15:58:30.926939	Speaker	stop	None
2016-11-06 15:58:30.927629	Trial	end	284
2016-11-06 15:58:32.233477	Trial	start	285
2016-11-06 15:58:32.235915	Speaker	play	None
2016-11-06 15:58:38.242133	Speaker	stop	None
2016-11-06 15:58:38.243232	Trial	end	285
2016-11-06 15:58:40.400487	Trial	start	286
2016-11-06 15:58:40.402675	Speaker	play	None
2016-11-06 15:58:41.027345	Speaker	stop	None
2016-11-06 15:58:41.030161	Trial	end	286
2016-11-06 15:58:41.031656	Trial	start	287
2016-11-06 15:58:41.034842	Speaker	play	None
2016-11-06 15:58:46.183792	Speaker	stop	None
2016-11-06 15:58:46.184487	Trial	end	287
2016-11-06 15:58:46.185649	Trial	start	288
2016-11-06 15:58:46.189485	Speaker	play	None
2016-11-06 15:58:47.576379	Speaker	stop	None
2016-11-06 15:58:47.577249	Trial	end	288
2016-11-06 15:58:47.578033	Trial	start	289
2016-11-06 15:58:47.580418	Speaker	play	None
2016-11-06 15:58:53.593019	Speaker	stop	None
2016-11-06 15:58:53.593724	Trial	end	289
2016-11-06 15:58:55.272395	Trial	start	290
2016-11-06 15:58:55.275440	Speaker	play	None
2016-11-06 15:59:01.280738	Speaker	stop	None
2016-11-06 15:59:01.281442	Trial	end	290
2016-11-06 15:59:04.242051	Trial	start	291
2016-11-06 15:59:04.245575	Speaker	play	None
2016-11-06 15:59:05.593646	Speaker	stop	None
2016-11-06 15:59:05.595026	Trial	end	291
2016-11-06 15:59:05.596279	Trial	start	292
2016-11-06 15:59:05.600056	Speaker	play	None
2016-11-06 15:59:11.606242	Speaker	stop	None
2016-11-06 15:59:11.607198	Hopper	up	None
2016-11-06 15:59:23.610874	Hopper	down	None
2016-11-06 15:59:23.913891	Trial	end	292
2016-11-06 16:02:03.301059	Trial	start	293
2016-11-06 16:02:03.303534	Speaker	play	None
2016-11-06 16:02:09.309598	Speaker	stop	None
2016-11-06 16:02:09.310472	Trial	end	293
2016-11-06 16:02:14.691331	Trial	start	294
2016-11-06 16:02:14.695090	Speaker	play	None
2016-11-06 16:02:20.699917	Speaker	stop	None
2016-11-06 16:02:20.700600	Trial	end	294
2016-11-06 16:02:24.062514	Trial	start	295
2016-11-06 16:02:24.064728	Speaker	play	None
2016-11-06 16:02:30.071047	Speaker	stop	None
2016-11-06 16:02:30.071659	Trial	end	295
2016-11-06 16:02:35.485640	Trial	start	296
2016-11-06 16:02:35.489347	Speaker	play	None
2016-11-06 16:02:41.494101	Speaker	stop	None
2016-11-06 16:02:41.494727	Trial	end	296
2016-11-06 16:02:45.765974	Trial	start	297
2016-11-06 16:02:45.768083	Speaker	play	None
2016-11-06 16:02:51.771127	Speaker	stop	None
2016-11-06 16:02:51.771760	Trial	end	297
2016-11-06 16:02:56.791779	Trial	start	298
2016-11-06 16:02:56.793893	Speaker	play	None
2016-11-06 16:03:02.800427	Speaker	stop	None
2016-11-06 16:03:02.801542	Hopper	up	None
2016-11-06 16:03:14.805014	Hopper	down	None
2016-11-06 16:03:15.108094	Trial	end	298
2016-11-06 16:05:11.932083	Trial	start	299
2016-11-06 16:05:11.935899	Speaker	play	None
2016-11-06 16:05:17.940523	Speaker	stop	None
2016-11-06 16:05:17.941446	Trial	end	299
2016-11-06 16:05:25.280056	Trial	start	300
2016-11-06 16:05:25.283209	Speaker	play	None
2016-11-06 16:05:31.288597	Speaker	stop	None
2016-11-06 16:05:31.289254	Trial	end	300
2016-11-06 16:05:34.974714	Trial	start	301
2016-11-06 16:05:34.977557	Speaker	play	None
2016-11-06 16:05:40.983283	Speaker	stop	None
2016-11-06 16:05:40.984386	Trial	end	301
2016-11-06 16:05:41.990903	Trial	start	302
2016-11-06 16:05:41.993753	Speaker	play	None
2016-11-06 16:05:47.999363	Speaker	stop	None
2016-11-06 16:05:47.999936	Trial	end	302
2016-11-06 16:05:51.808365	Trial	start	303
2016-11-06 16:05:51.812189	Speaker	play	None
2016-11-06 16:05:57.817215	Speaker	stop	None
2016-11-06 16:05:57.818753	Trial	end	303
2016-11-06 16:06:01.384316	Trial	start	304
2016-11-06 16:06:01.388265	Speaker	play	None
2016-11-06 16:06:07.392926	Speaker	stop	None
2016-11-06 16:06:07.393756	Trial	end	304
2016-11-06 16:06:11.980087	Trial	start	305
2016-11-06 16:06:11.982718	Speaker	play	None
2016-11-06 16:06:12.831592	Speaker	stop	None
2016-11-06 16:06:12.834090	Trial	end	305
2016-11-06 16:06:12.835726	Trial	start	306
2016-11-06 16:06:12.841247	Speaker	play	None
2016-11-06 16:06:18.844672	Speaker	stop	None
2016-11-06 16:06:18.845356	Trial	end	306
2016-11-06 16:06:24.754899	Trial	start	307
2016-11-06 16:06:24.757407	Speaker	play	None
2016-11-06 16:06:30.763416	Speaker	stop	None
2016-11-06 16:06:30.764043	Trial	end	307
2016-11-06 16:06:36.831332	Trial	start	308
2016-11-06 16:06:36.835579	Speaker	play	None
2016-11-06 16:06:42.841751	Speaker	stop	None
2016-11-06 16:06:42.842382	Trial	end	308
2016-11-06 16:06:48.694678	Trial	start	309
2016-11-06 16:06:48.698291	Speaker	play	None
2016-11-06 16:06:49.579316	Speaker	stop	None
2016-11-06 16:06:49.579879	Trial	end	309
2016-11-06 16:06:49.580545	Trial	start	310
2016-11-06 16:06:49.582471	Speaker	play	None
2016-11-06 16:06:55.587840	Speaker	stop	None
2016-11-06 16:06:55.588452	Trial	end	310
2016-11-06 16:06:59.556575	Trial	start	311
2016-11-06 16:06:59.559064	Speaker	play	None
2016-11-06 16:07:05.565525	Speaker	stop	None
2016-11-06 16:07:05.567305	Trial	end	311
2016-11-06 16:07:09.210338	Trial	start	312
2016-11-06 16:07:09.212574	Speaker	play	None
2016-11-06 16:07:10.041898	Speaker	stop	None
2016-11-06 16:07:10.042725	Trial	end	312
2016-11-06 16:07:10.043470	Trial	start	313
2016-11-06 16:07:10.052422	Speaker	play	None
2016-11-06 16:07:16.058870	Speaker	stop	None
2016-11-06 16:07:16.059932	Trial	end	313
2016-11-06 16:07:28.722623	Trial	start	314
2016-11-06 16:07:28.725000	Speaker	play	None
2016-11-06 16:07:34.731192	Speaker	stop	None
2016-11-06 16:07:34.732102	Hopper	up	None
2016-11-06 16:07:46.735884	Hopper	down	None
2016-11-06 16:07:47.038884	Trial	end	314
2016-11-06 16:09:59.189163	Trial	start	315
2016-11-06 16:09:59.191586	Speaker	play	None
2016-11-06 16:10:05.197809	Speaker	stop	None
2016-11-06 16:10:05.199143	Trial	end	315
2016-11-06 16:10:20.692025	Trial	start	316
2016-11-06 16:10:20.696078	Speaker	play	None
2016-11-06 16:10:26.700541	Speaker	stop	None
2016-11-06 16:10:26.701561	Trial	end	316
2016-11-06 16:10:30.448459	Trial	start	317
2016-11-06 16:10:30.451650	Speaker	play	None
2016-11-06 16:10:36.456879	Speaker	stop	None
2016-11-06 16:10:36.458811	Trial	end	317
2016-11-06 16:10:42.370856	Trial	start	318
2016-11-06 16:10:42.372878	Speaker	play	None
2016-11-06 16:10:43.591516	Speaker	stop	None
2016-11-06 16:10:43.592150	Trial	end	318
2016-11-06 16:10:43.593009	Trial	start	319
2016-11-06 16:10:43.596317	Speaker	play	None
2016-11-06 16:10:49.600278	Speaker	stop	None
2016-11-06 16:10:49.601466	Trial	end	319
2016-11-06 16:10:53.900566	Trial	start	320
2016-11-06 16:10:53.911280	Speaker	play	None
2016-11-06 16:10:59.917231	Speaker	stop	None
2016-11-06 16:10:59.917832	Trial	end	320
2016-11-06 16:11:06.642504	Trial	start	321
2016-11-06 16:11:06.646044	Speaker	play	None
2016-11-06 16:11:07.621430	Speaker	stop	None
2016-11-06 16:11:07.622028	Trial	end	321
2016-11-06 16:11:07.622725	Trial	start	322
2016-11-06 16:11:07.624780	Speaker	play	None
2016-11-06 16:11:13.629998	Speaker	stop	None
2016-11-06 16:11:13.631192	Trial	end	322
2016-11-06 16:13:16.834857	Trial	start	323
2016-11-06 16:13:16.837258	Speaker	play	None
2016-11-06 16:13:22.843569	Speaker	stop	None
2016-11-06 16:13:22.845206	Trial	end	323
2016-11-06 16:13:29.056882	Trial	start	324
2016-11-06 16:13:29.059414	Speaker	play	None
2016-11-06 16:13:35.065282	Speaker	stop	None
2016-11-06 16:13:35.066496	Hopper	up	None
2016-11-06 16:13:47.069884	Hopper	down	None
2016-11-06 16:13:47.373086	Trial	end	324
2016-11-06 16:18:08.384452	Trial	start	325
2016-11-06 16:18:08.387125	Speaker	play	None
2016-11-06 16:18:14.393543	Speaker	stop	None
2016-11-06 16:18:14.396015	Trial	end	325
2016-11-06 16:18:22.814050	Trial	start	326
2016-11-06 16:18:22.818309	Speaker	play	None
2016-11-06 16:18:28.822622	Speaker	stop	None
2016-11-06 16:18:28.823943	Trial	end	326
2016-11-06 16:18:33.868348	Trial	start	327
2016-11-06 16:18:33.870645	Speaker	play	None
2016-11-06 16:18:39.880488	Speaker	stop	None
2016-11-06 16:18:39.882065	Trial	end	327
2016-11-06 16:18:42.412418	Trial	start	328
2016-11-06 16:18:42.425313	Speaker	play	None
2016-11-06 16:18:48.433162	Speaker	stop	None
2016-11-06 16:18:48.434278	Trial	end	328
2016-11-06 16:18:51.902213	Trial	start	329
2016-11-06 16:18:51.906735	Speaker	play	None
2016-11-06 16:18:57.910948	Speaker	stop	None
2016-11-06 16:18:57.911922	Trial	end	329
2016-11-06 16:19:00.949641	Trial	start	330
2016-11-06 16:19:00.952081	Speaker	play	None
2016-11-06 16:19:06.958197	Speaker	stop	None
2016-11-06 16:19:06.958813	Trial	end	330
2016-11-06 16:19:11.848525	Trial	start	331
2016-11-06 16:19:11.851391	Speaker	play	None
2016-11-06 16:19:17.857431	Speaker	stop	None
2016-11-06 16:19:17.859326	Trial	end	331
2016-11-06 16:19:24.398017	Trial	start	332
2016-11-06 16:19:24.400503	Speaker	play	None
2016-11-06 16:19:30.406571	Speaker	stop	None
2016-11-06 16:19:30.407137	Trial	end	332
2016-11-06 16:19:33.978084	Trial	start	333
2016-11-06 16:19:33.981316	Speaker	play	None
2016-11-06 16:19:39.986656	Speaker	stop	None
2016-11-06 16:19:39.987249	Trial	end	333
2016-11-06 16:19:43.533465	Trial	start	334
2016-11-06 16:19:43.535579	Speaker	play	None
2016-11-06 16:19:49.537987	Speaker	stop	None
2016-11-06 16:19:49.538563	Trial	end	334
2016-11-06 16:19:55.345697	Trial	start	335
2016-11-06 16:19:55.348327	Speaker	play	None
2016-11-06 16:20:01.354375	Speaker	stop	None
2016-11-06 16:20:01.355959	Hopper	up	None
2016-11-06 16:20:13.358893	Hopper	down	None
2016-11-06 16:20:13.661982	Trial	end	335
2016-11-06 17:11:55.207950	Trial	start	336
2016-11-06 17:11:55.212221	Speaker	play	None
2016-11-06 17:12:01.217271	Speaker	stop	None
2016-11-06 17:12:01.218567	Trial	end	336
2016-11-06 17:12:12.131532	Trial	start	337
2016-11-06 17:12:12.133790	Speaker	play	None
2016-11-06 17:12:18.140122	Speaker	stop	None
2016-11-06 17:12:18.140685	Trial	end	337
2016-11-06 17:12:19.151745	Trial	start	338
2016-11-06 17:12:19.154540	Speaker	play	None
2016-11-06 17:12:25.160309	Speaker	stop	None
2016-11-06 17:12:25.160919	Trial	end	338
2016-11-06 17:12:28.182920	Trial	start	339
2016-11-06 17:12:28.185950	Speaker	play	None
2016-11-06 17:12:34.191858	Speaker	stop	None
2016-11-06 17:12:34.193046	Trial	end	339
2016-11-06 17:12:36.755363	Trial	start	340
2016-11-06 17:12:36.765051	Speaker	play	None
2016-11-06 17:12:42.768031	Speaker	stop	None
2016-11-06 17:12:42.768696	Trial	end	340
2016-11-06 17:12:46.286241	Trial	start	341
2016-11-06 17:12:46.288814	Speaker	play	None
2016-11-06 17:12:51.754316	Speaker	stop	None
2016-11-06 17:12:51.755437	Trial	end	341
2016-11-06 17:12:51.757335	Trial	start	342
2016-11-06 17:12:51.759234	Speaker	play	None
2016-11-06 17:12:57.762636	Speaker	stop	None
2016-11-06 17:12:57.763374	Trial	end	342
2016-11-06 17:13:05.200543	Trial	start	343
2016-11-06 17:13:05.203913	Speaker	play	None
2016-11-06 17:13:11.209125	Speaker	stop	None
2016-11-06 17:13:11.209830	Trial	end	343
2016-11-06 17:13:14.887064	Trial	start	344
2016-11-06 17:13:14.891965	Speaker	play	None
2016-11-06 17:13:20.895653	Speaker	stop	None
2016-11-06 17:13:20.896471	Trial	end	344
2016-11-06 17:13:25.794080	Trial	start	345
2016-11-06 17:13:25.797779	Speaker	play	None
2016-11-06 17:13:31.802810	Speaker	stop	None
2016-11-06 17:13:31.803847	Trial	end	345
2016-11-06 17:13:37.925773	Trial	start	346
2016-11-06 17:13:37.928358	Speaker	play	None
2016-11-06 17:13:43.934251	Speaker	stop	None
2016-11-06 17:13:43.935101	Hopper	up	None
2016-11-06 17:13:55.938949	Hopper	down	None
2016-11-06 17:13:56.241975	Trial	end	346
2016-11-06 17:16:06.356458	Trial	start	347
2016-11-06 17:16:06.358560	Speaker	play	None
2016-11-06 17:16:12.361042	Speaker	stop	None
2016-11-06 17:16:12.361651	Trial	end	347
2016-11-06 17:16:24.091182	Trial	start	348
2016-11-06 17:16:24.095335	Speaker	play	None
2016-11-06 17:16:30.100697	Speaker	stop	None
2016-11-06 17:16:30.101382	Trial	end	348
2016-11-06 17:16:33.191932	Trial	start	349
2016-11-06 17:16:33.194236	Speaker	play	None
2016-11-06 17:16:39.200562	Speaker	stop	None
2016-11-06 17:16:39.201302	Trial	end	349
2016-11-06 17:16:44.021210	Trial	start	350
2016-11-06 17:16:44.025382	Speaker	play	None
2016-11-06 17:16:45.155846	Speaker	stop	None
2016-11-06 17:16:45.156746	Trial	end	350
2016-11-06 17:16:45.158014	Trial	start	351
2016-11-06 17:16:45.161936	Speaker	play	None
2016-11-06 17:16:51.168403	Speaker	stop	None
2016-11-06 17:16:51.169049	Trial	end	351
2016-11-06 17:16:54.219610	Trial	start	352
2016-11-06 17:16:54.223682	Speaker	play	None
2016-11-06 17:16:55.141249	Speaker	stop	None
2016-11-06 17:16:55.141829	Trial	end	352
2016-11-06 17:16:55.142638	Trial	start	353
2016-11-06 17:16:55.144791	Speaker	play	None
2016-11-06 17:17:01.149712	Speaker	stop	None
2016-11-06 17:17:01.150358	Trial	end	353
2016-11-06 17:17:07.342553	Trial	start	354
2016-11-06 17:17:07.347211	Speaker	play	None
2016-11-06 17:17:13.355149	Speaker	stop	None
2016-11-06 17:17:13.355705	Trial	end	354
2016-11-06 17:17:17.692555	Trial	start	355
2016-11-06 17:17:17.694626	Speaker	play	None
2016-11-06 17:17:23.701115	Speaker	stop	None
2016-11-06 17:17:23.701890	Trial	end	355
2016-11-06 17:17:29.284027	Trial	start	356
2016-11-06 17:17:29.285906	Speaker	play	None
2016-11-06 17:17:35.292584	Speaker	stop	None
2016-11-06 17:17:35.293546	Trial	end	356
2016-11-06 17:17:38.462231	Trial	start	357
2016-11-06 17:17:38.465497	Speaker	play	None
2016-11-06 17:17:44.470866	Speaker	stop	None
2016-11-06 17:17:44.471928	Trial	end	357
2016-11-06 17:17:52.096960	Trial	start	358
2016-11-06 17:17:52.099274	Speaker	play	None
2016-11-06 17:17:58.105545	Speaker	stop	None
2016-11-06 17:17:58.106447	Hopper	up	None
2016-11-06 17:18:10.110167	Hopper	down	None
2016-11-06 17:18:10.413256	Trial	end	358
2016-11-06 17:21:07.641483	Trial	start	359
2016-11-06 17:21:07.644118	Speaker	play	None
2016-11-06 17:21:13.649992	Speaker	stop	None
2016-11-06 17:21:13.650620	Trial	end	359
2016-11-06 17:21:30.944107	PeckPort	off	None
2016-11-06 17:21:30.944291	HouseLight	on	None
2016-11-06 17:21:30.944531	Hopper	down	None
