"2016-11-06 11:09:48,451","INFO","Preparing subject and data storage"
"2016-11-06 11:09:48,451","INFO","Created subject object with name LblGra2826F"
"2016-11-06 11:09:48,451","INFO","Created datastore CSVStore: filename = /home/fet/data/LblGra2826F/061116/LblGra2826F_trialdata_20161106110948.csv, fields = session, index, time, stimulus_name, condition_name, response, correct, rt, reward, max_wait for subject LblGra2826F"
"2016-11-06 11:09:48,452","INFO","Preparing to run experiment Go No-Go Interruption"
"2016-11-06 11:09:48,758","INFO","Entering Idle state"
"2016-11-06 11:09:49,062","INFO","Beginning block #1"
"2016-11-06 11:16:16,456","INFO","Trial 1 - 11:16:16 - Rewarded - /home/fet/stimuli/test_categories_box5/reward/Tu_Stim_9_BluRas07dd_180806200121.wav"
"2016-11-06 11:16:22,469","INFO","Supplying reward for 12.00 seconds"
"2016-11-06 11:17:00,719","INFO","Trial 2 - 11:17:00 - Unrewarded - /home/fet/stimuli/test_categories_box5/nonreward/So_Stim_7_GraLbl0457_051113.wav"
"2016-11-06 11:17:04,663","INFO","Trial 3 - 11:17:04 - Unrewarded - /home/fet/stimuli/test_categories_box5/nonreward/Ne_Stim_9_GraLbl0457_220204383919.wav"
"2016-11-06 11:17:09,080","INFO","Trial 4 - 11:17:09 - Unrewarded - /home/fet/stimuli/test_categories_box5/nonreward/Wh_Stim_2_YelGre5275_041314071101.wav"
"2016-11-06 11:17:14,760","INFO","Trial 5 - 11:17:14 - Unrewarded - /home/fet/stimuli/test_categories_box5/nonreward/Th_Stim_4_Unknown_11_040107110502.wav"
"2016-11-06 11:17:28,591","INFO","Trial 6 - 11:17:28 - Unrewarded - /home/fet/stimuli/test_categories_box5/nonreward/So_Stim_7_WhiBlu4818_091105.wav"
"2016-11-06 11:17:34,253","INFO","Trial 7 - 11:17:34 - Unrewarded - /home/fet/stimuli/test_categories_box5/nonreward/DC_Stim_2_LblBla4548_474519284405.wav"
"2016-11-06 11:17:43,483","INFO","Trial 8 - 11:17:43 - Unrewarded - /home/fet/stimuli/test_categories_box5/nonreward/LT_Stim_2_LblBlu6680_041406262824.wav"
"2016-11-06 11:17:55,242","INFO","Trial 9 - 11:17:55 - Unrewarded - /home/fet/stimuli/test_categories_box5/nonreward/Ne_Stim_6_HPiHPi4748_120143372011.wav"
"2016-11-06 11:18:04,814","INFO","Trial 10 - 11:18:04 - Unrewarded - /home/fet/stimuli/test_categories_box5/nonreward/Ne_Stim_3_PurRas20dd_060501030208.wav"
"2016-11-06 11:18:16,605","INFO","Trial 11 - 11:18:16 - Unrewarded - /home/fet/stimuli/test_categories_box5/nonreward/Te_Stim_2_YelOra2575_090315012704.wav"
"2016-11-06 11:18:26,308","INFO","Trial 12 - 11:18:26 - Unrewarded - /home/fet/stimuli/test_categories_box5/nonreward/DC_Stim_3_WhiBlu4917_220601190905.wav"
"2016-11-06 11:18:38,383","INFO","Trial 13 - 11:18:38 - Unrewarded - /home/fet/stimuli/test_categories_box5/nonreward/Ag_Stim_2_BlaLbl8026_210203062022.wav"
"2016-11-06 11:19:09,007","INFO","Trial 14 - 11:19:09 - Unrewarded - /home/fet/stimuli/test_categories_box5/nonreward/Te_Stim_10_YelGre5275_251202230105.wav"
"2016-11-06 11:19:22,047","INFO","Trial 15 - 11:19:22 - Unrewarded - /home/fet/stimuli/test_categories_box5/nonreward/Th_Stim_10_WhiBlu5698_010406070607.wav"
"2016-11-06 11:19:39,397","INFO","Trial 16 - 11:19:39 - Unrewarded - /home/fet/stimuli/test_categories_box5/nonreward/Wh_Stim_10_WhiBlu5698_071502190406.wav"
"2016-11-06 11:19:49,506","INFO","Trial 17 - 11:19:49 - Unrewarded - /home/fet/stimuli/test_categories_box5/nonreward/Ne_Stim_8_WhiLbl0010_083312221617.wav"
"2016-11-06 11:19:59,814","INFO","Trial 18 - 11:19:59 - Unrewarded - /home/fet/stimuli/test_categories_box5/nonreward/Be_Stim_3_LblRas1800_09_0110_0102_03.wav"
"2016-11-06 11:20:14,690","INFO","Trial 19 - 11:20:14 - Unrewarded - /home/fet/stimuli/test_categories_box5/nonreward/Th_Stim_5_HPiHPi4748_072105120929.wav"
"2016-11-06 11:20:24,741","INFO","Trial 20 - 11:20:24 - Unrewarded - /home/fet/stimuli/test_categories_box5/nonreward/Te_Stim_1_YelOra2575_051003232911.wav"
"2016-11-06 11:20:36,816","INFO","Trial 21 - 11:20:36 - Unrewarded - /home/fet/stimuli/test_categories_box5/nonreward/DC_Stim_2_WhiBlu5698_171404031207.wav"
"2016-11-06 11:20:49,447","INFO","Trial 22 - 11:20:49 - Unrewarded - /home/fet/stimuli/test_categories_box5/nonreward/Wh_Stim_1_HPiHPi4748_012023151827.wav"
"2016-11-06 11:21:01,193","INFO","Trial 23 - 11:21:01 - Unrewarded - /home/fet/stimuli/test_categories_box5/nonreward/So_Stim_2_HPiHPi4748_161315.wav"
"2016-11-06 11:21:01,355","INFO","Trial 24 - 11:21:01 - Unrewarded - /home/fet/stimuli/test_categories_box5/nonreward/Wh_Stim_10_WhiWhi1415_010101010101.wav"
"2016-11-06 11:21:14,300","INFO","Trial 25 - 11:21:14 - Unrewarded - /home/fet/stimuli/test_categories_box5/nonreward/Wh_Stim_10_GraLbl0457_040502010404.wav"
"2016-11-06 11:21:24,576","INFO","Trial 26 - 11:21:24 - Unrewarded - /home/fet/stimuli/test_categories_box5/nonreward/DC_Stim_5_WhiBlu5698_230816040702.wav"
"2016-11-06 11:21:38,715","INFO","Trial 27 - 11:21:38 - Unrewarded - /home/fet/stimuli/test_categories_box5/nonreward/Ne_Stim_1_WhiGra0114_020302020203.wav"
"2016-11-06 11:21:48,839","INFO","Trial 28 - 11:21:48 - Unrewarded - /home/fet/stimuli/test_categories_box5/nonreward/DC_Stim_1_GreOra1817_192620040121.wav"
"2016-11-06 11:21:58,440","INFO","Trial 29 - 11:21:58 - Unrewarded - /home/fet/stimuli/test_categories_box5/nonreward/DC_Stim_9_PurRas20dd_291009111322.wav"
"2016-11-06 11:22:11,423","INFO","Trial 30 - 11:22:11 - Unrewarded - /home/fet/stimuli/test_categories_box5/nonreward/Th_Stim_10_GraGra0201_221418303727.wav"
"2016-11-06 11:22:23,223","INFO","Trial 31 - 11:22:23 - Unrewarded - /home/fet/stimuli/test_categories_box5/nonreward/Be_Stim_9_LblBlu6243_1407_0206_02.wav"
"2016-11-06 11:22:34,405","INFO","Trial 32 - 11:22:34 - Unrewarded - /home/fet/stimuli/test_categories_box5/nonreward/LT_Stim_10_LblBlu6243_271119301028.wav"
"2016-11-06 11:22:47,483","INFO","Trial 33 - 11:22:47 - Rewarded - /home/fet/stimuli/test_categories_box5/reward/Tu_Stim_9_WhiLbl0010_051814081521.wav"
"2016-11-06 11:22:53,492","INFO","Supplying reward for 12.00 seconds"
"2016-11-06 11:23:32,888","INFO","Trial 34 - 11:23:32 - Unrewarded - /home/fet/stimuli/test_categories_box5/nonreward/DC_Stim_1_WhiGra0114_110710120313.wav"
"2016-11-06 11:23:49,808","INFO","Trial 35 - 11:23:49 - Unrewarded - /home/fet/stimuli/test_categories_box5/nonreward/Te_Stim_7_WhiBlu4818_201714190918.wav"
"2016-11-06 11:24:00,358","INFO","Trial 36 - 11:24:00 - Unrewarded - /home/fet/stimuli/test_categories_box5/nonreward/Ag_Stim_9_LblRed0613_142625083530.wav"
"2016-11-06 11:24:09,255","INFO","Trial 37 - 11:24:09 - Rewarded - /home/fet/stimuli/test_categories_box5/reward/Tu_Stim_9_BlaLbl8026_050912070611.wav"
"2016-11-06 11:24:15,264","INFO","Supplying reward for 12.00 seconds"
"2016-11-06 11:26:24,931","INFO","Trial 38 - 11:26:24 - Unrewarded - /home/fet/stimuli/test_categories_box5/nonreward/Ne_Stim_8_WhiWhi1415_100704050906.wav"
"2016-11-06 11:26:35,842","INFO","Trial 39 - 11:26:35 - Unrewarded - /home/fet/stimuli/test_categories_box5/nonreward/Wh_Stim_10_HpiGra1004_020803060704.wav"
"2016-11-06 11:26:45,148","INFO","Trial 40 - 11:26:45 - Unrewarded - /home/fet/stimuli/test_categories_box5/nonreward/LT_Stim_2_LblBlu2028_080109070410.wav"
"2016-11-06 11:27:18,921","INFO","Trial 41 - 11:27:18 - Unrewarded - /home/fet/stimuli/test_categories_box5/nonreward/DC_Stim_1_BlaLbl8026_323715060836.wav"
"2016-11-06 11:27:31,536","INFO","Trial 42 - 11:27:31 - Unrewarded - /home/fet/stimuli/test_categories_box5/nonreward/Ne_Stim_10_WhiWhi1415_070806051004.wav"
"2016-11-06 11:28:05,883","INFO","Trial 43 - 11:28:05 - Unrewarded - /home/fet/stimuli/test_categories_box5/nonreward/Be_Stim_1_LblBlu1927_110515.wav"
"2016-11-06 11:28:37,233","INFO","Trial 44 - 11:28:37 - Unrewarded - /home/fet/stimuli/test_categories_box5/nonreward/Be_Stim_7_LblBlu1630_0504_a.04_b..wav"
"2016-11-06 11:28:52,038","INFO","Trial 45 - 11:28:52 - Unrewarded - /home/fet/stimuli/test_categories_box5/nonreward/Wh_Stim_6_HPiHPi4748_321118061731.wav"
"2016-11-06 11:29:06,009","INFO","Trial 46 - 11:29:06 - Unrewarded - /home/fet/stimuli/test_categories_box5/nonreward/DC_Stim_7_BluRas61dd_020910121533.wav"
"2016-11-06 11:29:19,615","INFO","Trial 47 - 11:29:19 - Unrewarded - /home/fet/stimuli/test_categories_box5/nonreward/LT_Stim_2_LblBlu6379_091702151603.wav"
"2016-11-06 11:29:32,701","INFO","Trial 48 - 11:29:32 - Unrewarded - /home/fet/stimuli/test_categories_box5/nonreward/Th_Stim_8_WhiBlu4818_020401050304.wav"
"2016-11-06 11:29:43,633","INFO","Trial 49 - 11:29:43 - Unrewarded - /home/fet/stimuli/test_categories_box5/nonreward/Be_Stim_8_LblBlu1927_020412.wav"
"2016-11-06 11:29:56,776","INFO","Trial 50 - 11:29:56 - Unrewarded - /home/fet/stimuli/test_categories_box5/nonreward/So_Stim_8_YelOra2575_161014.wav"
"2016-11-06 11:30:23,661","INFO","Trial 51 - 11:30:23 - Unrewarded - /home/fet/stimuli/test_categories_box5/nonreward/DC_Stim_1_BluRas07dd_042707251724.wav"
"2016-11-06 11:30:58,770","INFO","Trial 52 - 11:30:58 - Rewarded - /home/fet/stimuli/test_categories_box5/reward/Tu_Stim_1_GraLbl0457_041512010302.wav"
"2016-11-06 11:31:04,779","INFO","Supplying reward for 12.00 seconds"
"2016-11-06 11:34:08,293","INFO","Trial 53 - 11:34:08 - Unrewarded - /home/fet/stimuli/test_categories_box5/nonreward/Ag_Stim_10_BlaLbl8026_062024220421.wav"
"2016-11-06 11:34:19,468","INFO","Trial 54 - 11:34:19 - Unrewarded - /home/fet/stimuli/test_categories_box5/nonreward/So_Stim_9_LblBla4419_010910.wav"
"2016-11-06 11:34:24,481","INFO","Trial 55 - 11:34:24 - Unrewarded - /home/fet/stimuli/test_categories_box5/nonreward/Wh_Stim_8_GraGra0201_040601050505.wav"
"2016-11-06 11:34:24,604","INFO","Trial 56 - 11:34:24 - Unrewarded - /home/fet/stimuli/test_categories_box5/nonreward/DC_Stim_1_GraLbl0457_081904092631.wav"
"2016-11-06 11:34:44,582","INFO","Trial 57 - 11:34:44 - Unrewarded - /home/fet/stimuli/test_categories_box5/nonreward/LT_Stim_3_WhiBlu3615_030705040102.wav"
"2016-11-06 11:34:55,030","INFO","Trial 58 - 11:34:55 - Unrewarded - /home/fet/stimuli/test_categories_box5/nonreward/Ag_Stim_4_BlaLbl8026_222324200321.wav"
"2016-11-06 11:35:07,670","INFO","Trial 59 - 11:35:07 - Unrewarded - /home/fet/stimuli/test_categories_box5/nonreward/Di_Stim_8_HPiHPi4748_030505030503.wav"
"2016-11-06 11:35:17,983","INFO","Trial 60 - 11:35:17 - Unrewarded - /home/fet/stimuli/test_categories_box5/nonreward/Th_Stim_8_WhiBlu5698_060107040606.wav"
"2016-11-06 11:35:33,604","INFO","Trial 61 - 11:35:33 - Unrewarded - /home/fet/stimuli/test_categories_box5/nonreward/Ne_Stim_8_GraLbl0457_223011103319.wav"
"2016-11-06 11:35:34,013","INFO","Trial 62 - 11:35:34 - Unrewarded - /home/fet/stimuli/test_categories_box5/nonreward/Di_Stim_8_PurRas20dd_040101010101.wav"
"2016-11-06 11:35:46,617","INFO","Trial 63 - 11:35:46 - Rewarded - /home/fet/stimuli/test_categories_box5/reward/Tu_Stim_3_WhiLbl0010_181421091507.wav"
"2016-11-06 11:35:52,626","INFO","Supplying reward for 12.00 seconds"
"2016-11-06 11:37:37,055","INFO","Trial 64 - 11:37:37 - Unrewarded - /home/fet/stimuli/test_categories_box5/nonreward/Ne_Stim_3_BluRas61dd_361402040319.wav"
"2016-11-06 11:37:46,794","INFO","Trial 65 - 11:37:46 - Unrewarded - /home/fet/stimuli/test_categories_box5/nonreward/Di_Stim_10_HPiHPi4748_050305050305.wav"
"2016-11-06 11:37:53,454","INFO","Trial 66 - 11:37:53 - Unrewarded - /home/fet/stimuli/test_categories_box5/nonreward/Be_Stim_9_GraGre1001_091507.wav"
"2016-11-06 11:38:13,290","INFO","Trial 67 - 11:38:13 - Unrewarded - /home/fet/stimuli/test_categories_box5/nonreward/Di_Stim_3_WhiBlu4917_010101010101.wav"
"2016-11-06 11:38:25,323","INFO","Trial 68 - 11:38:25 - Unrewarded - /home/fet/stimuli/test_categories_box5/nonreward/Te_Stim_5_GreOra1817_151628092506.wav"
"2016-11-06 11:38:42,878","INFO","Trial 69 - 11:38:42 - Unrewarded - /home/fet/stimuli/test_categories_box5/nonreward/Te_Stim_4_GreGre2522_130132342712.wav"
"2016-11-06 11:38:56,599","INFO","Trial 70 - 11:38:56 - Unrewarded - /home/fet/stimuli/test_categories_box5/nonreward/Di_Stim_10_BlaLbl8026_010302010303.wav"
"2016-11-06 11:38:59,131","INFO","Trial 71 - 11:38:59 - Unrewarded - /home/fet/stimuli/test_categories_box5/nonreward/Be_Stim_3_GraGre1001_081304.wav"
"2016-11-06 11:39:11,696","INFO","Trial 72 - 11:39:11 - Rewarded - /home/fet/stimuli/test_categories_box5/reward/Tu_Stim_2_LblRed0613_030402010806.wav"
"2016-11-06 11:39:17,706","INFO","Supplying reward for 12.00 seconds"
"2016-11-06 11:41:11,649","INFO","Trial 73 - 11:41:11 - Rewarded - /home/fet/stimuli/test_categories_box5/reward/Tu_Stim_6_BlaLbl8026_070611090805.wav"
"2016-11-06 11:41:17,658","INFO","Supplying reward for 12.00 seconds"
"2016-11-06 11:43:43,585","INFO","Trial 74 - 11:43:43 - Unrewarded - /home/fet/stimuli/test_categories_box5/nonreward/Di_Stim_5_Unknown000_020102020202.wav"
"2016-11-06 11:43:49,396","INFO","Trial 75 - 11:43:49 - Unrewarded - /home/fet/stimuli/test_categories_box5/nonreward/LT_Stim_6_LblBlu1927_010101010101.wav"
"2016-11-06 11:44:07,521","INFO","Trial 76 - 11:44:07 - Unrewarded - /home/fet/stimuli/test_categories_box5/nonreward/So_Stim_7_YelGre5275_252729.wav"
"2016-11-06 11:44:12,519","INFO","Trial 77 - 11:44:12 - Unrewarded - /home/fet/stimuli/test_categories_box5/nonreward/So_Stim_7_LblBla4419_020105.wav"
"2016-11-06 11:44:19,694","INFO","Trial 78 - 11:44:19 - Unrewarded - /home/fet/stimuli/test_categories_box5/nonreward/Wh_Stim_1_WhiBlu5698_061910071102.wav"
"2016-11-06 11:44:29,032","INFO","Trial 79 - 11:44:29 - Unrewarded - /home/fet/stimuli/test_categories_box5/nonreward/So_Stim_2_LblBla4419_010902.wav"
"2016-11-06 11:44:33,698","INFO","Trial 80 - 11:44:33 - Unrewarded - /home/fet/stimuli/test_categories_box5/nonreward/Di_Stim_9_HPiHPi4748_030505050503.wav"
"2016-11-06 11:44:34,162","INFO","Trial 81 - 11:44:34 - Unrewarded - /home/fet/stimuli/test_categories_box5/nonreward/Wh_Stim_3_GraLbl0457_050401020205.wav"
"2016-11-06 11:44:45,165","INFO","Trial 82 - 11:44:45 - Unrewarded - /home/fet/stimuli/test_categories_box5/nonreward/Te_Stim_6_LblBla4548_353937122026.wav"
"2016-11-06 11:45:38,861","INFO","Trial 83 - 11:45:38 - Unrewarded - /home/fet/stimuli/test_categories_box5/nonreward/Ag_Stim_2_GreGre2522_020101010202.wav"
"2016-11-06 11:45:53,044","INFO","Trial 84 - 11:45:53 - Unrewarded - /home/fet/stimuli/test_categories_box5/nonreward/Te_Stim_5_YelGre5275_213201110218.wav"
"2016-11-06 11:46:04,492","INFO","Trial 85 - 11:46:04 - Unrewarded - /home/fet/stimuli/test_categories_box5/nonreward/LT_Stim_4_WhiBlu3615_070106020503.wav"
"2016-11-06 11:46:29,776","INFO","Trial 86 - 11:46:29 - Unrewarded - /home/fet/stimuli/test_categories_box5/nonreward/Ag_Stim_1_BlaBla0506_040712090510.wav"
"2016-11-06 11:46:55,321","INFO","Trial 87 - 11:46:55 - Rewarded - /home/fet/stimuli/test_categories_box5/reward/Tu_Stim_8_BlaLbl8026_111006091205.wav"
"2016-11-06 11:47:01,330","INFO","Supplying reward for 12.00 seconds"
"2016-11-06 11:49:21,761","INFO","Trial 88 - 11:49:21 - Unrewarded - /home/fet/stimuli/test_categories_box5/nonreward/So_Stim_8_BlaBla0506_151206.wav"
"2016-11-06 11:49:32,283","INFO","Trial 89 - 11:49:32 - Unrewarded - /home/fet/stimuli/test_categories_box5/nonreward/DC_Stim_10_LblBla4548_074050494402.wav"
"2016-11-06 11:49:43,657","INFO","Trial 90 - 11:49:43 - Unrewarded - /home/fet/stimuli/test_categories_box5/nonreward/Wh_Stim_3_WhiBlu5698_100415190702.wav"
"2016-11-06 11:49:55,420","INFO","Trial 91 - 11:49:55 - Unrewarded - /home/fet/stimuli/test_categories_box5/nonreward/Ne_Stim_9_WhiBlu4917_040213010611.wav"
"2016-11-06 11:50:08,203","INFO","Trial 92 - 11:50:08 - Unrewarded - /home/fet/stimuli/test_categories_box5/nonreward/Ne_Stim_7_WhiLbl0010_361208402620.wav"
"2016-11-06 11:50:19,630","INFO","Trial 93 - 11:50:19 - Unrewarded - /home/fet/stimuli/test_categories_box5/nonreward/So_Stim_6_WhiBlu5698_022531.wav"
"2016-11-06 11:50:26,789","INFO","Trial 94 - 11:50:26 - Unrewarded - /home/fet/stimuli/test_categories_box5/nonreward/LT_Stim_5_LblBlu1927_010101010101.wav"
"2016-11-06 11:50:36,722","INFO","Trial 95 - 11:50:36 - Unrewarded - /home/fet/stimuli/test_categories_box5/nonreward/Ag_Stim_10_GreGre2522_010201010201.wav"
"2016-11-06 11:50:47,653","INFO","Trial 96 - 11:50:47 - Unrewarded - /home/fet/stimuli/test_categories_box5/nonreward/DC_Stim_2_PurRas20dd_281826151405.wav"
"2016-11-06 11:50:50,085","INFO","Trial 97 - 11:50:50 - Unrewarded - /home/fet/stimuli/test_categories_box5/nonreward/Ne_Stim_10_HPiHPi4748_020123443343.wav"
"2016-11-06 11:51:00,728","INFO","Trial 98 - 11:51:00 - Rewarded - /home/fet/stimuli/test_categories_box5/reward/Tu_Stim_7_BlaLbl8026_100711120508.wav"
"2016-11-06 11:51:06,736","INFO","Supplying reward for 12.00 seconds"
"2016-11-06 11:52:47,168","INFO","Trial 99 - 11:52:47 - Unrewarded - /home/fet/stimuli/test_categories_box5/nonreward/So_Stim_2_WhiBlu4818_112205.wav"
"2016-11-06 11:52:55,692","INFO","Trial 100 - 11:52:55 - Unrewarded - /home/fet/stimuli/test_categories_box5/nonreward/So_Stim_2_RedRas3600_050406.wav"
"2016-11-06 11:53:13,033","INFO","Trial 101 - 11:53:13 - Unrewarded - /home/fet/stimuli/test_categories_box5/nonreward/Be_Stim_4_GraGre1001_060816.wav"
"2016-11-06 11:53:24,419","INFO","Trial 102 - 11:53:24 - Unrewarded - /home/fet/stimuli/test_categories_box5/nonreward/So_Stim_4_WhiBlu4818_110422.wav"
"2016-11-06 11:53:47,712","INFO","Trial 103 - 11:53:47 - Unrewarded - /home/fet/stimuli/test_categories_box5/nonreward/Di_Stim_4_HPiHPi4748_050305050503.wav"
"2016-11-06 11:54:02,408","INFO","Trial 104 - 11:54:02 - Unrewarded - /home/fet/stimuli/test_categories_box5/nonreward/Wh_Stim_3_GraGra0201_020105050406.wav"
"2016-11-06 11:54:26,843","INFO","Trial 105 - 11:54:26 - Unrewarded - /home/fet/stimuli/test_categories_box5/nonreward/Th_Stim_1_BlaBla0506_020403010504.wav"
"2016-11-06 11:54:37,844","INFO","Trial 106 - 11:54:37 - Unrewarded - /home/fet/stimuli/test_categories_box5/nonreward/Wh_Stim_6_WhiWhi1415_010101010101.wav"
"2016-11-06 11:54:39,427","INFO","Trial 107 - 11:54:39 - Unrewarded - /home/fet/stimuli/test_categories_box5/nonreward/Be_Stim_6_LblRas1800_01_0106_0207.wav"
"2016-11-06 11:54:51,074","INFO","Trial 108 - 11:54:51 - Unrewarded - /home/fet/stimuli/test_categories_box5/nonreward/Be_Stim_3_LblBlu2028_1004_0308.wav"
"2016-11-06 11:55:11,848","INFO","Trial 109 - 11:55:11 - Unrewarded - /home/fet/stimuli/test_categories_box5/nonreward/Ne_Stim_9_WhiRas44dd_060711100512.wav"
"2016-11-06 11:55:25,401","INFO","Trial 110 - 11:55:25 - Unrewarded - /home/fet/stimuli/test_categories_box5/nonreward/Ne_Stim_7_WhiGra0114_020203020202.wav"
"2016-11-06 11:55:40,051","INFO","Trial 111 - 11:55:40 - Unrewarded - /home/fet/stimuli/test_categories_box5/nonreward/Di_Stim_4_BlaBla0506_010101010101.wav"
"2016-11-06 11:55:42,240","INFO","Trial 112 - 11:55:42 - Unrewarded - /home/fet/stimuli/test_categories_box5/nonreward/Di_Stim_4_WhiWhi1415_020202020202.wav"
"2016-11-06 11:55:58,110","INFO","Trial 113 - 11:55:58 - Unrewarded - /home/fet/stimuli/test_categories_box5/nonreward/So_Stim_5_YelGre5275_353615.wav"
"2016-11-06 11:56:07,002","INFO","Trial 114 - 11:56:07 - Unrewarded - /home/fet/stimuli/test_categories_box5/nonreward/So_Stim_6_LblRed0613_402541.wav"
"2016-11-06 11:56:18,380","INFO","Trial 115 - 11:56:18 - Unrewarded - /home/fet/stimuli/test_categories_box5/nonreward/So_Stim_8_WhiBlu4818_091122.wav"
"2016-11-06 11:56:29,983","INFO","Trial 116 - 11:56:29 - Unrewarded - /home/fet/stimuli/test_categories_box5/nonreward/So_Stim_7_RedRas3600_010602.wav"
"2016-11-06 11:56:30,993","INFO","Trial 117 - 11:56:30 - Unrewarded - /home/fet/stimuli/test_categories_box5/nonreward/Ne_Stim_3_WhiLbl0010_170533152514.wav"
"2016-11-06 11:56:44,105","INFO","Trial 118 - 11:56:44 - Unrewarded - /home/fet/stimuli/test_categories_box5/nonreward/Ag_Stim_2_BlaBla0506_120710090504.wav"
"2016-11-06 11:57:17,437","INFO","Trial 119 - 11:57:17 - Unrewarded - /home/fet/stimuli/test_categories_box5/nonreward/DC_Stim_5_PurRas20dd_090721181229.wav"
"2016-11-06 11:57:32,227","INFO","Trial 120 - 11:57:32 - Unrewarded - /home/fet/stimuli/test_categories_box5/nonreward/Th_Stim_9_Unknown000_020510060704.wav"
"2016-11-06 11:57:43,506","INFO","Trial 121 - 11:57:43 - Unrewarded - /home/fet/stimuli/test_categories_box5/nonreward/Ne_Stim_8_GreOra1817_121302110509.wav"
"2016-11-06 11:58:10,367","INFO","Trial 122 - 11:58:10 - Unrewarded - /home/fet/stimuli/test_categories_box5/nonreward/LT_Stim_10_WhiBlu3615_010503040607.wav"
"2016-11-06 11:58:26,033","INFO","Trial 123 - 11:58:26 - Unrewarded - /home/fet/stimuli/test_categories_box5/nonreward/Te_Stim_1_WhiBlu4818_090104201314.wav"
"2016-11-06 11:58:37,600","INFO","Trial 124 - 11:58:37 - Unrewarded - /home/fet/stimuli/test_categories_box5/nonreward/Ne_Stim_8_WhiRas44dd_070812101113.wav"
"2016-11-06 11:58:49,387","INFO","Trial 125 - 11:58:49 - Unrewarded - /home/fet/stimuli/test_categories_box5/nonreward/Ag_Stim_9_GreWhi1242_010101010101.wav"
"2016-11-06 11:59:03,354","INFO","Trial 126 - 11:59:03 - Unrewarded - /home/fet/stimuli/test_categories_box5/nonreward/Ag_Stim_8_GreWhi1242_010101010101.wav"
"2016-11-06 11:59:13,912","INFO","Trial 127 - 11:59:13 - Unrewarded - /home/fet/stimuli/test_categories_box5/nonreward/Wh_Stim_2_HpiGra1004_070806020305.wav"
"2016-11-06 11:59:34,871","INFO","Trial 128 - 11:59:34 - Unrewarded - /home/fet/stimuli/test_categories_box5/nonreward/DC_Stim_5_LblBla4548_054740431828.wav"
"2016-11-06 11:59:47,535","INFO","Trial 129 - 11:59:47 - Unrewarded - /home/fet/stimuli/test_categories_box5/nonreward/Wh_Stim_8_WhiRas44dd_030201010303.wav"
"2016-11-06 11:59:58,847","INFO","Trial 130 - 11:59:58 - Unrewarded - /home/fet/stimuli/test_categories_box5/nonreward/Te_Stim_8_WhiBlu4818_052004120310.wav"
"2016-11-06 12:00:12,646","INFO","Trial 131 - 12:00:12 - Rewarded - /home/fet/stimuli/test_categories_box5/reward/Tu_Stim_2_GreOra1817_171009120314.wav"
"2016-11-06 12:00:18,656","INFO","Supplying reward for 12.00 seconds"
"2016-11-06 12:01:41,860","INFO","Trial 132 - 12:01:41 - Unrewarded - /home/fet/stimuli/test_categories_box5/nonreward/Te_Stim_2_GreOra1817_060317301204.wav"
"2016-11-06 12:01:51,600","INFO","Trial 133 - 12:01:51 - Unrewarded - /home/fet/stimuli/test_categories_box5/nonreward/Di_Stim_7_WhiBlu4818_060606060606.wav"
"2016-11-06 12:01:52,515","INFO","Trial 134 - 12:01:52 - Unrewarded - /home/fet/stimuli/test_categories_box5/nonreward/Th_Stim_10_Unknown_11_091110010205.wav"
"2016-11-06 12:02:03,637","INFO","Trial 135 - 12:02:03 - Unrewarded - /home/fet/stimuli/test_categories_box5/nonreward/So_Stim_1_WhiBlu4818_040511.wav"
"2016-11-06 12:02:05,122","INFO","Trial 136 - 12:02:05 - Unrewarded - /home/fet/stimuli/test_categories_box5/nonreward/Te_Stim_4_GreOra1817_020322292518.wav"
"2016-11-06 12:02:15,278","INFO","Trial 137 - 12:02:15 - Unrewarded - /home/fet/stimuli/test_categories_box5/nonreward/So_Stim_4_YelOra2575_142319.wav"
"2016-11-06 12:02:22,142","INFO","Trial 138 - 12:02:22 - Unrewarded - /home/fet/stimuli/test_categories_box5/nonreward/Th_Stim_5_WhiBlu4818_030104020503.wav"
"2016-11-06 12:02:32,939","INFO","Trial 139 - 12:02:32 - Unrewarded - /home/fet/stimuli/test_categories_box5/nonreward/Di_Stim_4_Unknown000_010202010101.wav"
"2016-11-06 12:02:42,097","INFO","Trial 140 - 12:02:42 - Unrewarded - /home/fet/stimuli/test_categories_box5/nonreward/Be_Stim_7_LblGre0001_070804.wav"
"2016-11-06 12:02:52,656","INFO","Trial 141 - 12:02:52 - Rewarded - /home/fet/stimuli/test_categories_box5/reward/Tu_Stim_10_BluRas61dd_050409030807.wav"
"2016-11-06 12:02:58,665","INFO","Supplying reward for 12.00 seconds"
"2016-11-06 12:05:09,508","INFO","Trial 142 - 12:05:09 - Unrewarded - /home/fet/stimuli/test_categories_box5/nonreward/Ne_Stim_1_BluRas61dd_502937021413.wav"
"2016-11-06 12:05:10,268","INFO","Trial 143 - 12:05:10 - Unrewarded - /home/fet/stimuli/test_categories_box5/nonreward/Te_Stim_5_WhiLbl0010_240711121605.wav"
"2016-11-06 12:05:20,071","INFO","Trial 144 - 12:05:20 - Unrewarded - /home/fet/stimuli/test_categories_box5/nonreward/So_Stim_3_WhiLbl0010_080605.wav"
"2016-11-06 12:05:20,787","INFO","Trial 145 - 12:05:20 - Unrewarded - /home/fet/stimuli/test_categories_box5/nonreward/Te_Stim_10_PurRas20dd_011518080304.wav"
"2016-11-06 12:05:34,226","INFO","Trial 146 - 12:05:34 - Unrewarded - /home/fet/stimuli/test_categories_box5/nonreward/Di_Stim_9_BlaLbl8026_020301010302.wav"
"2016-11-06 12:05:41,394","INFO","Trial 147 - 12:05:41 - Unrewarded - /home/fet/stimuli/test_categories_box5/nonreward/So_Stim_2_GraLbl0457_130908.wav"
"2016-11-06 12:05:41,756","INFO","Trial 148 - 12:05:41 - Unrewarded - /home/fet/stimuli/test_categories_box5/nonreward/Ne_Stim_5_GreOra1817_130906141110.wav"
"2016-11-06 12:05:41,863","INFO","Trial 149 - 12:05:41 - Unrewarded - /home/fet/stimuli/test_categories_box5/nonreward/Wh_Stim_1_HpiGra1004_010506030802.wav"
"2016-11-06 12:05:50,945","INFO","Trial 150 - 12:05:50 - Unrewarded - /home/fet/stimuli/test_categories_box5/nonreward/Te_Stim_6_WhiGra0114_201021050211.wav"
"2016-11-06 12:05:51,484","INFO","Trial 151 - 12:05:51 - Unrewarded - /home/fet/stimuli/test_categories_box5/nonreward/Be_Stim_7_LblBlu6680_11_0311_0401_03.wav"
"2016-11-06 12:06:03,851","INFO","Trial 152 - 12:06:03 - Unrewarded - /home/fet/stimuli/test_categories_box5/nonreward/Te_Stim_3_WhiBlu4818_060407092001.wav"
"2016-11-06 12:06:17,097","INFO","Trial 153 - 12:06:17 - Unrewarded - /home/fet/stimuli/test_categories_box5/nonreward/Ag_Stim_8_WhiBlu5698_070308100414.wav"
"2016-11-06 12:06:26,312","INFO","Trial 154 - 12:06:26 - Unrewarded - /home/fet/stimuli/test_categories_box5/nonreward/LT_Stim_5_WhiBlu3513_030106040502.wav"
"2016-11-06 12:06:35,847","INFO","Trial 155 - 12:06:35 - Unrewarded - /home/fet/stimuli/test_categories_box5/nonreward/So_Stim_8_GraLbl0457_151409.wav"
"2016-11-06 12:06:36,393","INFO","Trial 156 - 12:06:36 - Unrewarded - /home/fet/stimuli/test_categories_box5/nonreward/DC_Stim_1_PurRas20dd_102421020307.wav"
"2016-11-06 12:06:46,979","INFO","Trial 157 - 12:06:46 - Unrewarded - /home/fet/stimuli/test_categories_box5/nonreward/Th_Stim_8_YelGre5275_292509280331.wav"
"2016-11-06 12:06:57,706","INFO","Trial 158 - 12:06:57 - Unrewarded - /home/fet/stimuli/test_categories_box5/nonreward/DC_Stim_10_PurRas20dd_132405192025.wav"
"2016-11-06 12:06:58,438","INFO","Trial 159 - 12:06:58 - Unrewarded - /home/fet/stimuli/test_categories_box5/nonreward/Te_Stim_4_WhiGra0114_051907100221.wav"
"2016-11-06 12:07:09,543","INFO","Trial 160 - 12:07:09 - Unrewarded - /home/fet/stimuli/test_categories_box5/nonreward/Di_Stim_2_GraGra0201_010701070707.wav"
"2016-11-06 12:07:19,949","INFO","Trial 161 - 12:07:19 - Rewarded - /home/fet/stimuli/test_categories_box5/reward/Tu_Stim_8_GraLbl0457_010412150216.wav"
"2016-11-06 12:07:20,584","INFO","Trial 162 - 12:07:20 - Unrewarded - /home/fet/stimuli/test_categories_box5/nonreward/Be_Stim_9_LblBlu6379_01_0201_0105_02.wav"
"2016-11-06 12:07:36,809","INFO","Trial 163 - 12:07:36 - Unrewarded - /home/fet/stimuli/test_categories_box5/nonreward/Wh_Stim_8_BlaLbl8026_080907323209.wav"
"2016-11-06 12:07:46,917","INFO","Trial 164 - 12:07:46 - Unrewarded - /home/fet/stimuli/test_categories_box5/nonreward/Be_Stim_10_LblGre0001_060702_01.wav"
"2016-11-06 12:08:05,155","INFO","Trial 165 - 12:08:05 - Unrewarded - /home/fet/stimuli/test_categories_box5/nonreward/Wh_Stim_6_YelGre5275_080504021007.wav"
"2016-11-06 12:08:17,598","INFO","Trial 166 - 12:08:17 - Unrewarded - /home/fet/stimuli/test_categories_box5/nonreward/So_Stim_1_WhiBlu5698_023018.wav"
"2016-11-06 12:08:17,850","INFO","Trial 167 - 12:08:17 - Unrewarded - /home/fet/stimuli/test_categories_box5/nonreward/Wh_Stim_3_YelGre5275_110107081214.wav"
"2016-11-06 12:08:17,936","INFO","Trial 168 - 12:08:17 - Rewarded - /home/fet/stimuli/test_categories_box5/reward/Tu_Stim_5_WhiRas44dd_051618082609.wav"
"2016-11-06 12:08:23,950","INFO","Supplying reward for 12.00 seconds"
"2016-11-06 12:10:41,381","INFO","Trial 169 - 12:10:41 - Unrewarded - /home/fet/stimuli/test_categories_box5/nonreward/Wh_Stim_6_GraLbl0457_050201040501.wav"
"2016-11-06 12:10:41,851","INFO","Trial 170 - 12:10:41 - Rewarded - /home/fet/stimuli/test_categories_box5/reward/Tu_Stim_10_GraGra0201_201110091308.wav"
"2016-11-06 12:10:47,861","INFO","Supplying reward for 12.00 seconds"
"2016-11-06 12:12:08,846","INFO","Trial 171 - 12:12:08 - Unrewarded - /home/fet/stimuli/test_categories_box5/nonreward/Wh_Stim_10_GreGre2522_030102030202.wav"
"2016-11-06 12:12:19,925","INFO","Trial 172 - 12:12:19 - Unrewarded - /home/fet/stimuli/test_categories_box5/nonreward/DC_Stim_6_HPiHPi4748_230605102811.wav"
"2016-11-06 12:12:20,726","INFO","Trial 173 - 12:12:20 - Unrewarded - /home/fet/stimuli/test_categories_box5/nonreward/Ne_Stim_1_WhiWhi1415_080907050406.wav"
"2016-11-06 12:12:30,832","INFO","Trial 174 - 12:12:30 - Unrewarded - /home/fet/stimuli/test_categories_box5/nonreward/Te_Stim_3_GreGre2522_250916271510.wav"
"2016-11-06 12:12:42,890","INFO","Trial 175 - 12:12:42 - Unrewarded - /home/fet/stimuli/test_categories_box5/nonreward/Be_Stim_2_GraGre1001_110908.wav"
"2016-11-06 12:12:55,218","INFO","Trial 176 - 12:12:55 - Rewarded - /home/fet/stimuli/test_categories_box5/reward/Tu_Stim_9_WhiRas44dd_230817041902.wav"
"2016-11-06 12:13:01,228","INFO","Supplying reward for 12.00 seconds"
"2016-11-06 12:15:24,333","INFO","Trial 177 - 12:15:24 - Unrewarded - /home/fet/stimuli/test_categories_box5/nonreward/Ne_Stim_2_WhiLbl0010_023506221828.wav"
"2016-11-06 12:15:38,324","INFO","Trial 178 - 12:15:38 - Unrewarded - /home/fet/stimuli/test_categories_box5/nonreward/DC_Stim_9_WhiBlu5698_071116030208.wav"
"2016-11-06 12:15:48,445","INFO","Trial 179 - 12:15:48 - Unrewarded - /home/fet/stimuli/test_categories_box5/nonreward/Wh_Stim_7_GraLbl0457_010204050501.wav"
"2016-11-06 12:15:57,140","INFO","Trial 180 - 12:15:57 - Unrewarded - /home/fet/stimuli/test_categories_box5/nonreward/Ag_Stim_10_GreWhi1242_010101010101.wav"
"2016-11-06 12:16:07,139","INFO","Trial 181 - 12:16:07 - Unrewarded - /home/fet/stimuli/test_categories_box5/nonreward/Ne_Stim_7_WhiBlu4917_070202041004.wav"
"2016-11-06 12:16:18,062","INFO","Trial 182 - 12:16:18 - Unrewarded - /home/fet/stimuli/test_categories_box5/nonreward/Ag_Stim_7_BlaBla0506_040905120710.wav"
"2016-11-06 12:16:38,303","INFO","Trial 183 - 12:16:38 - Unrewarded - /home/fet/stimuli/test_categories_box5/nonreward/Th_Stim_5_Unknown_11_080507021110.wav"
"2016-11-06 12:16:54,473","INFO","Trial 184 - 12:16:54 - Unrewarded - /home/fet/stimuli/test_categories_box5/nonreward/Di_Stim_9_Unknown000_010202020201.wav"
"2016-11-06 12:17:04,192","INFO","Trial 185 - 12:17:04 - Rewarded - /home/fet/stimuli/test_categories_box5/reward/Tu_Stim_4_BluRas07dd_011015140504.wav"
"2016-11-06 12:17:10,205","INFO","Supplying reward for 12.00 seconds"
"2016-11-06 12:57:03,260","INFO","Trial 186 - 12:57:03 - Unrewarded - /home/fet/stimuli/test_categories_box5/nonreward/So_Stim_3_YelGre5275_300933.wav"
"2016-11-06 12:57:19,410","INFO","Trial 187 - 12:57:19 - Unrewarded - /home/fet/stimuli/test_categories_box5/nonreward/Th_Stim_10_WhiRas44dd_154617222745.wav"
"2016-11-06 12:57:32,500","INFO","Trial 188 - 12:57:32 - Rewarded - /home/fet/stimuli/test_categories_box5/reward/Tu_Stim_8_BluRas61dd_080203050401.wav"
"2016-11-06 12:57:38,510","INFO","Supplying reward for 12.00 seconds"
"2016-11-06 12:59:15,288","INFO","Trial 189 - 12:59:15 - Unrewarded - /home/fet/stimuli/test_categories_box5/nonreward/LT_Stim_6_LblBlu6680_242731301109.wav"
"2016-11-06 12:59:25,474","INFO","Trial 190 - 12:59:25 - Unrewarded - /home/fet/stimuli/test_categories_box5/nonreward/Wh_Stim_3_GreOra1817_010101010101.wav"
"2016-11-06 12:59:48,545","INFO","Trial 191 - 12:59:48 - Unrewarded - /home/fet/stimuli/test_categories_box5/nonreward/Di_Stim_2_Unknown000_020101020101.wav"
"2016-11-06 12:59:50,997","INFO","Trial 192 - 12:59:50 - Unrewarded - /home/fet/stimuli/test_categories_box5/nonreward/So_Stim_1_LblRed0613_153623.wav"
"2016-11-06 12:59:53,343","INFO","Trial 193 - 12:59:53 - Unrewarded - /home/fet/stimuli/test_categories_box5/nonreward/Di_Stim_3_HPiHPi4748_030505050505.wav"
"2016-11-06 13:00:05,477","INFO","Trial 194 - 13:00:05 - Rewarded - /home/fet/stimuli/test_categories_box5/reward/Tu_Stim_9_PurRas20dd_070301020809.wav"
"2016-11-06 13:00:11,486","INFO","Supplying reward for 12.00 seconds"
"2016-11-06 13:02:43,393","INFO","Trial 195 - 13:02:43 - Unrewarded - /home/fet/stimuli/test_categories_box5/nonreward/Wh_Stim_6_LblBla4548_170110080911.wav"
"2016-11-06 13:02:53,141","INFO","Trial 196 - 13:02:53 - Unrewarded - /home/fet/stimuli/test_categories_box5/nonreward/Te_Stim_4_WhiRas44dd_081622130729.wav"
"2016-11-06 13:03:04,736","INFO","Trial 197 - 13:03:04 - Unrewarded - /home/fet/stimuli/test_categories_box5/nonreward/Te_Stim_7_GreOra1817_240307180928.wav"
"2016-11-06 13:03:14,001","INFO","Trial 198 - 13:03:14 - Unrewarded - /home/fet/stimuli/test_categories_box5/nonreward/Be_Stim_10_GraRas1500_040702.wav"
"2016-11-06 13:03:25,842","INFO","Trial 199 - 13:03:25 - Unrewarded - /home/fet/stimuli/test_categories_box5/nonreward/Be_Stim_1_LblBlu6379_04_010601_01.wav"
"2016-11-06 13:03:35,123","INFO","Trial 200 - 13:03:35 - Rewarded - /home/fet/stimuli/test_categories_box5/reward/Tu_Stim_4_YelGre5275_121007262201.wav"
"2016-11-06 13:03:41,132","INFO","Supplying reward for 12.00 seconds"
"2016-11-06 13:05:00,331","INFO","Trial 201 - 13:05:00 - Unrewarded - /home/fet/stimuli/test_categories_box5/nonreward/LT_Stim_8_LblBlu1630_081410130204.wav"
"2016-11-06 13:05:10,693","INFO","Trial 202 - 13:05:10 - Unrewarded - /home/fet/stimuli/test_categories_box5/nonreward/Te_Stim_10_WhiGra0114_070219051021.wav"
"2016-11-06 13:05:22,001","INFO","Trial 203 - 13:05:22 - Unrewarded - /home/fet/stimuli/test_categories_box5/nonreward/Di_Stim_4_YelOra2575_110909091111.wav"
"2016-11-06 13:05:33,764","INFO","Trial 204 - 13:05:33 - Unrewarded - /home/fet/stimuli/test_categories_box5/nonreward/LT_Stim_1_LblBlu2028_070908101504.wav"
"2016-11-06 13:05:34,895","INFO","Trial 205 - 13:05:34 - Unrewarded - /home/fet/stimuli/test_categories_box5/nonreward/Di_Stim_9_WhiLbl0010_040404040404.wav"
"2016-11-06 13:05:36,531","INFO","Trial 206 - 13:05:36 - Unrewarded - /home/fet/stimuli/test_categories_box5/nonreward/Th_Stim_2_LblRed0613_060812151807.wav"
"2016-11-06 13:05:52,109","INFO","Trial 207 - 13:05:52 - Rewarded - /home/fet/stimuli/test_categories_box5/reward/Tu_Stim_10_HPiHPi4748_012507160605.wav"
"2016-11-06 13:05:58,118","INFO","Supplying reward for 12.00 seconds"
"2016-11-06 13:07:31,268","INFO","Trial 208 - 13:07:31 - Unrewarded - /home/fet/stimuli/test_categories_box5/nonreward/Be_Stim_1_LblBlu2028_01_0202_0307.wav"
"2016-11-06 13:07:43,870","INFO","Trial 209 - 13:07:43 - Unrewarded - /home/fet/stimuli/test_categories_box5/nonreward/DC_Stim_7_GraLbl0457_232732281506.wav"
"2016-11-06 13:07:45,826","INFO","Trial 210 - 13:07:45 - Unrewarded - /home/fet/stimuli/test_categories_box5/nonreward/Di_Stim_1_Unknown000_010201010202.wav"
"2016-11-06 13:07:47,689","INFO","Trial 211 - 13:07:47 - Unrewarded - /home/fet/stimuli/test_categories_box5/nonreward/Th_Stim_4_WhiWhi1415_310417081421.wav"
"2016-11-06 13:08:01,695","INFO","Trial 212 - 13:08:01 - Unrewarded - /home/fet/stimuli/test_categories_box5/nonreward/Ne_Stim_9_WhiWhi1415_050704080910.wav"
"2016-11-06 13:08:17,103","INFO","Trial 213 - 13:08:17 - Unrewarded - /home/fet/stimuli/test_categories_box5/nonreward/LT_Stim_6_LblBlu2028_021501131412.wav"
"2016-11-06 13:08:18,088","INFO","Trial 214 - 13:08:18 - Unrewarded - /home/fet/stimuli/test_categories_box5/nonreward/Be_Stim_7_LblBlu6243_1707_0210_02.wav"
"2016-11-06 13:08:37,656","INFO","Trial 215 - 13:08:37 - Unrewarded - /home/fet/stimuli/test_categories_box5/nonreward/DC_Stim_3_WhiGra0114_030713101104.wav"
"2016-11-06 13:08:52,998","INFO","Trial 216 - 13:08:52 - Unrewarded - /home/fet/stimuli/test_categories_box5/nonreward/DC_Stim_6_GraLbl0457_290313300927.wav"
"2016-11-06 13:09:02,738","INFO","Trial 217 - 13:09:02 - Unrewarded - /home/fet/stimuli/test_categories_box5/nonreward/So_Stim_9_GraLbl0457_121309.wav"
"2016-11-06 13:09:17,077","INFO","Trial 218 - 13:09:17 - Unrewarded - /home/fet/stimuli/test_categories_box5/nonreward/Di_Stim_10_Unknown_11_010201020202.wav"
"2016-11-06 13:09:18,544","INFO","Trial 219 - 13:09:18 - Unrewarded - /home/fet/stimuli/test_categories_box5/nonreward/Di_Stim_1_WhiLbl0010_040404040404.wav"
"2016-11-06 13:09:21,437","INFO","Trial 220 - 13:09:21 - Unrewarded - /home/fet/stimuli/test_categories_box5/nonreward/Be_Stim_4_LblBlu6243_08_0306_0304_01.wav"
"2016-11-06 13:09:49,352","INFO","Trial 221 - 13:09:49 - Unrewarded - /home/fet/stimuli/test_categories_box5/nonreward/Te_Stim_10_YelOra2575_071323042201.wav"
"2016-11-06 13:10:02,094","INFO","Trial 222 - 13:10:02 - Unrewarded - /home/fet/stimuli/test_categories_box5/nonreward/Ne_Stim_7_YelOra2575_140216172009.wav"
"2016-11-06 13:10:18,661","INFO","Trial 223 - 13:10:18 - Unrewarded - /home/fet/stimuli/test_categories_box5/nonreward/LT_Stim_10_LblBlu1927_010101010101.wav"
"2016-11-06 13:10:19,971","INFO","Trial 224 - 13:10:19 - Unrewarded - /home/fet/stimuli/test_categories_box5/nonreward/Wh_Stim_2_GraLbl0457_010405020104.wav"
"2016-11-06 13:10:34,987","INFO","Trial 225 - 13:10:34 - Unrewarded - /home/fet/stimuli/test_categories_box5/nonreward/Th_Stim_1_Unknown000_030907011006.wav"
"2016-11-06 13:11:16,022","INFO","Trial 226 - 13:11:16 - Unrewarded - /home/fet/stimuli/test_categories_box5/nonreward/Wh_Stim_5_YelGre5275_110306080902.wav"
"2016-11-06 13:11:34,453","INFO","Trial 227 - 13:11:34 - Unrewarded - /home/fet/stimuli/test_categories_box5/nonreward/LT_Stim_3_WhiBlu3414_202112152304.wav"
"2016-11-06 13:11:45,615","INFO","Trial 228 - 13:11:45 - Unrewarded - /home/fet/stimuli/test_categories_box5/nonreward/So_Stim_6_YelGre5275_283009.wav"
"2016-11-06 13:11:46,845","INFO","Trial 229 - 13:11:46 - Unrewarded - /home/fet/stimuli/test_categories_box5/nonreward/Wh_Stim_7_GraGra0201_050201060405.wav"
"2016-11-06 13:11:47,219","INFO","Trial 230 - 13:11:47 - Unrewarded - /home/fet/stimuli/test_categories_box5/nonreward/Ag_Stim_10_WhiBlu5698_131411060704.wav"
"2016-11-06 13:11:49,225","INFO","Trial 231 - 13:11:49 - Unrewarded - /home/fet/stimuli/test_categories_box5/nonreward/LT_Stim_7_LblBlu2028_080701150914.wav"
"2016-11-06 13:12:00,478","INFO","Trial 232 - 13:12:00 - Unrewarded - /home/fet/stimuli/test_categories_box5/nonreward/Be_Stim_1_LblGre0000_111201.wav"
"2016-11-06 13:12:12,560","INFO","Trial 233 - 13:12:12 - Unrewarded - /home/fet/stimuli/test_categories_box5/nonreward/Di_Stim_10_BlaBla0506_010101010101.wav"
"2016-11-06 13:12:25,368","INFO","Trial 234 - 13:12:25 - Unrewarded - /home/fet/stimuli/test_categories_box5/nonreward/Ne_Stim_10_YelOra2575_230719131422.wav"
"2016-11-06 13:12:41,628","INFO","Trial 235 - 13:12:41 - Unrewarded - /home/fet/stimuli/test_categories_box5/nonreward/Te_Stim_5_YelOra2575_202416041302.wav"
"2016-11-06 13:12:58,916","INFO","Trial 236 - 13:12:58 - Unrewarded - /home/fet/stimuli/test_categories_box5/nonreward/Ag_Stim_6_GreWhi1242_010101010101.wav"
"2016-11-06 13:13:00,209","INFO","Trial 237 - 13:13:00 - Rewarded - /home/fet/stimuli/test_categories_box5/reward/Tu_Stim_10_WhiLbl0010_181425210223.wav"
"2016-11-06 13:13:06,216","INFO","Supplying reward for 12.00 seconds"
"2016-11-06 13:16:21,898","INFO","Trial 238 - 13:16:21 - Unrewarded - /home/fet/stimuli/test_categories_box5/nonreward/Ag_Stim_2_Unknown_11_060101060601.wav"
"2016-11-06 13:16:34,899","INFO","Trial 239 - 13:16:34 - Unrewarded - /home/fet/stimuli/test_categories_box5/nonreward/Ne_Stim_5_GraLbl0457_403722270213.wav"
"2016-11-06 13:17:01,623","INFO","Trial 240 - 13:17:01 - Unrewarded - /home/fet/stimuli/test_categories_box5/nonreward/Wh_Stim_6_HpiGra1004_080107050402.wav"
"2016-11-06 13:17:03,005","INFO","Trial 241 - 13:17:03 - Unrewarded - /home/fet/stimuli/test_categories_box5/nonreward/LT_Stim_8_WhiBlu3615_070205030604.wav"
"2016-11-06 13:17:12,956","INFO","Trial 242 - 13:17:12 - Unrewarded - /home/fet/stimuli/test_categories_box5/nonreward/Te_Stim_8_PurRas20dd_092527222328.wav"
"2016-11-06 13:17:32,972","INFO","Trial 243 - 13:17:32 - Rewarded - /home/fet/stimuli/test_categories_box5/reward/Tu_Stim_9_YelGre5275_031029260518.wav"
"2016-11-06 13:17:38,982","INFO","Supplying reward for 12.00 seconds"
"2016-11-06 14:04:02,650","INFO","Trial 244 - 14:04:02 - Unrewarded - /home/fet/stimuli/test_categories_box5/nonreward/Ne_Stim_4_WhiGra0114_020203020202.wav"
"2016-11-06 14:04:15,150","INFO","Trial 245 - 14:04:15 - Rewarded - /home/fet/stimuli/test_categories_box5/reward/Tu_Stim_5_GreOra1817_121411090207.wav"
"2016-11-06 14:04:21,160","INFO","Supplying reward for 12.00 seconds"
"2016-11-06 14:45:38,837","INFO","Trial 246 - 14:45:38 - Unrewarded - /home/fet/stimuli/test_categories_box5/nonreward/Be_Stim_10_LblBlu6243_05_0206_0304_02.wav"
"2016-11-06 14:46:05,070","INFO","Trial 247 - 14:46:05 - Unrewarded - /home/fet/stimuli/test_categories_box5/nonreward/Th_Stim_8_Unknown000_011110020409.wav"
"2016-11-06 14:46:16,751","INFO","Trial 248 - 14:46:16 - Unrewarded - /home/fet/stimuli/test_categories_box5/nonreward/Di_Stim_3_Unknown000_010202010102.wav"
"2016-11-06 14:46:17,748","INFO","Trial 249 - 14:46:17 - Unrewarded - /home/fet/stimuli/test_categories_box5/nonreward/Be_Stim_7_GraGre0813_070710.wav"
"2016-11-06 14:46:25,828","INFO","Trial 250 - 14:46:25 - Unrewarded - /home/fet/stimuli/test_categories_box5/nonreward/LT_Stim_1_LblGre0001_040307020508.wav"
"2016-11-06 14:46:35,572","INFO","Trial 251 - 14:46:35 - Unrewarded - /home/fet/stimuli/test_categories_box5/nonreward/Th_Stim_6_BlaBla0506_050302040101.wav"
"2016-11-06 14:46:47,813","INFO","Trial 252 - 14:46:47 - Unrewarded - /home/fet/stimuli/test_categories_box5/nonreward/Te_Stim_6_YelGre5275_060923032616.wav"
"2016-11-06 14:46:58,205","INFO","Trial 253 - 14:46:58 - Unrewarded - /home/fet/stimuli/test_categories_box5/nonreward/LT_Stim_5_LblBlu6379_011411121713.wav"
"2016-11-06 14:47:00,012","INFO","Trial 254 - 14:47:00 - Unrewarded - /home/fet/stimuli/test_categories_box5/nonreward/Be_Stim_6_LblBlu1630_04_b.0405.wav"
"2016-11-06 14:47:09,956","INFO","Trial 255 - 14:47:09 - Unrewarded - /home/fet/stimuli/test_categories_box5/nonreward/Th_Stim_1_WhiBlu5698_070406010401.wav"
"2016-11-06 14:47:23,103","INFO","Trial 256 - 14:47:23 - Unrewarded - /home/fet/stimuli/test_categories_box5/nonreward/So_Stim_4_WhiLbl0010_060507.wav"
"2016-11-06 14:47:24,013","INFO","Trial 257 - 14:47:24 - Rewarded - /home/fet/stimuli/test_categories_box5/reward/Tu_Stim_1_PurRas20dd_040801070305.wav"
"2016-11-06 14:47:30,022","INFO","Supplying reward for 12.00 seconds"
"2016-11-06 14:53:07,909","INFO","Trial 258 - 14:53:07 - Unrewarded - /home/fet/stimuli/test_categories_box5/nonreward/So_Stim_2_YelGre5275_303227.wav"
"2016-11-06 14:53:15,351","INFO","Trial 259 - 14:53:15 - Unrewarded - /home/fet/stimuli/test_categories_box5/nonreward/Di_Stim_3_BlaBla0506_010101010101.wav"
"2016-11-06 14:53:23,346","INFO","Trial 260 - 14:53:23 - Unrewarded - /home/fet/stimuli/test_categories_box5/nonreward/Ag_Stim_7_Unknown_11_010606060101.wav"
"2016-11-06 14:53:34,277","INFO","Trial 261 - 14:53:34 - Rewarded - /home/fet/stimuli/test_categories_box5/reward/Tu_Stim_6_GreOra1817_060405101511.wav"
"2016-11-06 14:53:40,286","INFO","Supplying reward for 12.00 seconds"
"2016-11-06 14:56:13,271","INFO","Trial 262 - 14:56:13 - Unrewarded - /home/fet/stimuli/test_categories_box5/nonreward/DC_Stim_9_HPiHPi4748_280326232429.wav"
"2016-11-06 14:56:26,537","INFO","Trial 263 - 14:56:26 - Unrewarded - /home/fet/stimuli/test_categories_box5/nonreward/So_Stim_7_HPiHPi4748_150715.wav"
"2016-11-06 14:56:36,498","INFO","Trial 264 - 14:56:36 - Unrewarded - /home/fet/stimuli/test_categories_box5/nonreward/Ag_Stim_2_LblBla4419_020103020102.wav"
"2016-11-06 14:56:47,815","INFO","Trial 265 - 14:56:47 - Unrewarded - /home/fet/stimuli/test_categories_box5/nonreward/Ag_Stim_4_WhiBlu5698_130306081114.wav"
"2016-11-06 14:56:55,294","INFO","Trial 266 - 14:56:55 - Unrewarded - /home/fet/stimuli/test_categories_box5/nonreward/Ne_Stim_4_WhiBlu4917_030601090408.wav"
"2016-11-06 14:56:55,789","INFO","Trial 267 - 14:56:55 - Unrewarded - /home/fet/stimuli/test_categories_box5/nonreward/LT_Stim_4_LblBlu1927_010101010101.wav"
"2016-11-06 14:57:06,283","INFO","Trial 268 - 14:57:06 - Unrewarded - /home/fet/stimuli/test_categories_box5/nonreward/Th_Stim_8_Unknown_11_030708051004.wav"
"2016-11-06 14:57:17,169","INFO","Trial 269 - 14:57:17 - Unrewarded - /home/fet/stimuli/test_categories_box5/nonreward/Di_Stim_2_BlaLbl8026_010203020303.wav"
"2016-11-06 14:57:29,026","INFO","Trial 270 - 14:57:29 - Unrewarded - /home/fet/stimuli/test_categories_box5/nonreward/So_Stim_8_LblBla4419_090502.wav"
"2016-11-06 14:57:29,958","INFO","Trial 271 - 14:57:29 - Unrewarded - /home/fet/stimuli/test_categories_box5/nonreward/Th_Stim_6_GreOra1817_040650304948.wav"
"2016-11-06 14:57:31,311","INFO","Trial 272 - 14:57:31 - Unrewarded - /home/fet/stimuli/test_categories_box5/nonreward/Wh_Stim_10_LblBla4548_101711151401.wav"
"2016-11-06 14:57:42,878","INFO","Trial 273 - 14:57:42 - Unrewarded - /home/fet/stimuli/test_categories_box5/nonreward/Ne_Stim_1_GraLbl0457_252012080227.wav"
"2016-11-06 14:57:58,803","INFO","Trial 274 - 14:57:58 - Unrewarded - /home/fet/stimuli/test_categories_box5/nonreward/DC_Stim_10_GraLbl0457_172826321523.wav"
"2016-11-06 14:58:20,776","INFO","Trial 275 - 14:58:20 - Unrewarded - /home/fet/stimuli/test_categories_box5/nonreward/So_Stim_6_YelOra2575_221315.wav"
"2016-11-06 14:58:21,814","INFO","Trial 276 - 14:58:21 - Unrewarded - /home/fet/stimuli/test_categories_box5/nonreward/Be_Stim_6_LblGre0001_0103_0206.wav"
"2016-11-06 14:58:22,307","INFO","Trial 277 - 14:58:22 - Unrewarded - /home/fet/stimuli/test_categories_box5/nonreward/LT_Stim_4_LblBlu6680_201311273129.wav"
"2016-11-06 14:58:36,889","INFO","Trial 278 - 14:58:36 - Unrewarded - /home/fet/stimuli/test_categories_box5/nonreward/Di_Stim_8_BlaBla0506_010101010101.wav"
"2016-11-06 14:58:37,887","INFO","Trial 279 - 14:58:37 - Rewarded - /home/fet/stimuli/test_categories_box5/reward/Tu_Stim_3_PurRas20dd_080507090302.wav"
"2016-11-06 14:58:43,894","INFO","Supplying reward for 12.00 seconds"
"2016-11-06 15:54:42,248","INFO","Trial 280 - 15:54:42 - Unrewarded - /home/fet/stimuli/test_categories_box5/nonreward/Be_Stim_3_LblBlu1630_04_b.0405.wav"
"2016-11-06 15:54:52,901","INFO","Trial 281 - 15:54:52 - Unrewarded - /home/fet/stimuli/test_categories_box5/nonreward/Di_Stim_2_WhiLbl0010_040404040404.wav"
"2016-11-06 15:54:53,399","INFO","Trial 282 - 15:54:53 - Unrewarded - /home/fet/stimuli/test_categories_box5/nonreward/Di_Stim_1_HPiHPi4748_030503050303.wav"
"2016-11-06 15:55:03,750","INFO","Trial 283 - 15:55:03 - Rewarded - /home/fet/stimuli/test_categories_box5/reward/Tu_Stim_5_BluRas07dd_062314150212.wav"
"2016-11-06 15:55:09,759","INFO","Supplying reward for 12.00 seconds"
"2016-11-06 15:58:24,918","INFO","Trial 284 - 15:58:24 - Unrewarded - /home/fet/stimuli/test_categories_box5/nonreward/So_Stim_9_YelOra2575_261625.wav"
"2016-11-06 15:58:32,233","INFO","Trial 285 - 15:58:32 - Unrewarded - /home/fet/stimuli/test_categories_box5/nonreward/So_Stim_9_WhiBlu4818_112205.wav"
"2016-11-06 15:58:40,400","INFO","Trial 286 - 15:58:40 - Unrewarded - /home/fet/stimuli/test_categories_box5/nonreward/Wh_Stim_9_GreGre2522_010302030203.wav"
"2016-11-06 15:58:41,032","INFO","Trial 287 - 15:58:41 - Unrewarded - /home/fet/stimuli/test_categories_box5/nonreward/Ag_Stim_3_GreWhi1242_010101010101.wav"
"2016-11-06 15:58:46,185","INFO","Trial 288 - 15:58:46 - Unrewarded - /home/fet/stimuli/test_categories_box5/nonreward/DC_Stim_4_GraLbl0457_173026190323.wav"
"2016-11-06 15:58:47,578","INFO","Trial 289 - 15:58:47 - Unrewarded - /home/fet/stimuli/test_categories_box5/nonreward/So_Stim_2_LblRed0613_072223.wav"
"2016-11-06 15:58:55,272","INFO","Trial 290 - 15:58:55 - Unrewarded - /home/fet/stimuli/test_categories_box5/nonreward/Te_Stim_2_WhiRas44dd_070226270508.wav"
"2016-11-06 15:59:04,242","INFO","Trial 291 - 15:59:04 - Unrewarded - /home/fet/stimuli/test_categories_box5/nonreward/LT_Stim_8_LblBlu2028_050106101203.wav"
"2016-11-06 15:59:05,596","INFO","Trial 292 - 15:59:05 - Rewarded - /home/fet/stimuli/test_categories_box5/reward/Tu_Stim_10_GreOra1817_151613060407.wav"
"2016-11-06 15:59:11,606","INFO","Supplying reward for 12.00 seconds"
"2016-11-06 16:02:03,301","INFO","Trial 293 - 16:02:03 - Unrewarded - /home/fet/stimuli/test_categories_box5/nonreward/LT_Stim_9_LblBlu1630_040203061614.wav"
"2016-11-06 16:02:14,691","INFO","Trial 294 - 16:02:14 - Unrewarded - /home/fet/stimuli/test_categories_box5/nonreward/Di_Stim_7_HPiHPi4748_030503050503.wav"
"2016-11-06 16:02:24,062","INFO","Trial 295 - 16:02:24 - Unrewarded - /home/fet/stimuli/test_categories_box5/nonreward/Te_Stim_1_WhiGra0114_211910142002.wav"
"2016-11-06 16:02:35,485","INFO","Trial 296 - 16:02:35 - Unrewarded - /home/fet/stimuli/test_categories_box5/nonreward/Te_Stim_3_GreOra1817_250227070109.wav"
"2016-11-06 16:02:45,766","INFO","Trial 297 - 16:02:45 - Unrewarded - /home/fet/stimuli/test_categories_box5/nonreward/Ne_Stim_4_GreOra1817_111202061407.wav"
"2016-11-06 16:02:56,791","INFO","Trial 298 - 16:02:56 - Rewarded - /home/fet/stimuli/test_categories_box5/reward/Tu_Stim_8_HPiHPi4748_201929160814.wav"
"2016-11-06 16:03:02,801","INFO","Supplying reward for 12.00 seconds"
"2016-11-06 16:05:11,932","INFO","Trial 299 - 16:05:11 - Unrewarded - /home/fet/stimuli/test_categories_box5/nonreward/Ne_Stim_6_YelOra2575_092123072017.wav"
"2016-11-06 16:05:25,280","INFO","Trial 300 - 16:05:25 - Unrewarded - /home/fet/stimuli/test_categories_box5/nonreward/Te_Stim_1_PurRas20dd_132905110401.wav"
"2016-11-06 16:05:34,974","INFO","Trial 301 - 16:05:34 - Unrewarded - /home/fet/stimuli/test_categories_box5/nonreward/So_Stim_1_GraLbl0457_050311.wav"
"2016-11-06 16:05:41,991","INFO","Trial 302 - 16:05:41 - Unrewarded - /home/fet/stimuli/test_categories_box5/nonreward/Wh_Stim_7_GreGre2522_010302010103.wav"
"2016-11-06 16:05:51,808","INFO","Trial 303 - 16:05:51 - Unrewarded - /home/fet/stimuli/test_categories_box5/nonreward/Be_Stim_6_GraGre1001_170310.wav"
"2016-11-06 16:06:01,384","INFO","Trial 304 - 16:06:01 - Unrewarded - /home/fet/stimuli/test_categories_box5/nonreward/Ne_Stim_6_WhiGra0114_020203020203.wav"
"2016-11-06 16:06:11,980","INFO","Trial 305 - 16:06:11 - Unrewarded - /home/fet/stimuli/test_categories_box5/nonreward/Ag_Stim_10_Unknown_11_060106010601.wav"
"2016-11-06 16:06:12,836","INFO","Trial 306 - 16:06:12 - Unrewarded - /home/fet/stimuli/test_categories_box5/nonreward/Ne_Stim_2_PurRas20dd_080503070602.wav"
"2016-11-06 16:06:24,755","INFO","Trial 307 - 16:06:24 - Unrewarded - /home/fet/stimuli/test_categories_box5/nonreward/Wh_Stim_8_GreOra1817_010101010101.wav"
"2016-11-06 16:06:36,831","INFO","Trial 308 - 16:06:36 - Unrewarded - /home/fet/stimuli/test_categories_box5/nonreward/Te_Stim_3_WhiRas44dd_200602251004.wav"
"2016-11-06 16:06:48,694","INFO","Trial 309 - 16:06:48 - Unrewarded - /home/fet/stimuli/test_categories_box5/nonreward/Th_Stim_9_WhiBlu5698_060407010707.wav"
"2016-11-06 16:06:49,580","INFO","Trial 310 - 16:06:49 - Unrewarded - /home/fet/stimuli/test_categories_box5/nonreward/Di_Stim_7_PurRas20dd_010401010104.wav"
"2016-11-06 16:06:59,556","INFO","Trial 311 - 16:06:59 - Unrewarded - /home/fet/stimuli/test_categories_box5/nonreward/Th_Stim_4_YelGre5275_224243202725.wav"
"2016-11-06 16:07:09,210","INFO","Trial 312 - 16:07:09 - Unrewarded - /home/fet/stimuli/test_categories_box5/nonreward/Th_Stim_4_Unknown000_060901080402.wav"
"2016-11-06 16:07:10,043","INFO","Trial 313 - 16:07:10 - Unrewarded - /home/fet/stimuli/test_categories_box5/nonreward/LT_Stim_4_LblGre0001_090510070308.wav"
"2016-11-06 16:07:28,722","INFO","Trial 314 - 16:07:28 - Rewarded - /home/fet/stimuli/test_categories_box5/reward/Tu_Stim_2_GraLbl0457_101202060314.wav"
"2016-11-06 16:07:34,731","INFO","Supplying reward for 12.00 seconds"
"2016-11-06 16:09:59,189","INFO","Trial 315 - 16:09:59 - Unrewarded - /home/fet/stimuli/test_categories_box5/nonreward/Di_Stim_6_BlaBla0506_010101010101.wav"
"2016-11-06 16:10:20,692","INFO","Trial 316 - 16:10:20 - Unrewarded - /home/fet/stimuli/test_categories_box5/nonreward/LT_Stim_10_LblGre0000_140503101719.wav"
"2016-11-06 16:10:30,448","INFO","Trial 317 - 16:10:30 - Unrewarded - /home/fet/stimuli/test_categories_box5/nonreward/Ne_Stim_7_WhiRas44dd_021107050612.wav"
"2016-11-06 16:10:42,370","INFO","Trial 318 - 16:10:42 - Unrewarded - /home/fet/stimuli/test_categories_box5/nonreward/Ag_Stim_3_BlaLbl8026_030223220604.wav"
"2016-11-06 16:10:43,593","INFO","Trial 319 - 16:10:43 - Unrewarded - /home/fet/stimuli/test_categories_box5/nonreward/LT_Stim_9_LblGre0000_110912011413.wav"
"2016-11-06 16:10:53,900","INFO","Trial 320 - 16:10:53 - Unrewarded - /home/fet/stimuli/test_categories_box5/nonreward/Be_Stim_6_LblBlu6243_04_021709_02.wav"
"2016-11-06 16:11:06,642","INFO","Trial 321 - 16:11:06 - Unrewarded - /home/fet/stimuli/test_categories_box5/nonreward/DC_Stim_1_BluRas61dd_320520040836.wav"
"2016-11-06 16:11:07,622","INFO","Trial 322 - 16:11:07 - Unrewarded - /home/fet/stimuli/test_categories_box5/nonreward/Wh_Stim_5_WhiBlu5698_190610021507.wav"
"2016-11-06 16:13:16,834","INFO","Trial 323 - 16:13:16 - Unrewarded - /home/fet/stimuli/test_categories_box5/nonreward/Th_Stim_6_HPiHPi4748_122011021418.wav"
"2016-11-06 16:13:29,057","INFO","Trial 324 - 16:13:29 - Rewarded - /home/fet/stimuli/test_categories_box5/reward/Tu_Stim_8_YelGre5275_191625151814.wav"
"2016-11-06 16:13:35,066","INFO","Supplying reward for 12.00 seconds"
"2016-11-06 16:18:08,384","INFO","Trial 325 - 16:18:08 - Unrewarded - /home/fet/stimuli/test_categories_box5/nonreward/Th_Stim_2_YelGre5275_342209373308.wav"
"2016-11-06 16:18:22,814","INFO","Trial 326 - 16:18:22 - Unrewarded - /home/fet/stimuli/test_categories_box5/nonreward/Ne_Stim_5_WhiRas44dd_070410061305.wav"
"2016-11-06 16:18:33,868","INFO","Trial 327 - 16:18:33 - Unrewarded - /home/fet/stimuli/test_categories_box5/nonreward/So_Stim_9_WhiLbl0010_070804.wav"
"2016-11-06 16:18:42,413","INFO","Trial 328 - 16:18:42 - Unrewarded - /home/fet/stimuli/test_categories_box5/nonreward/Ne_Stim_2_WhiRas44dd_041006131105.wav"
"2016-11-06 16:18:51,902","INFO","Trial 329 - 16:18:51 - Unrewarded - /home/fet/stimuli/test_categories_box5/nonreward/LT_Stim_2_LblGre0001_110509040307.wav"
"2016-11-06 16:19:00,949","INFO","Trial 330 - 16:19:00 - Unrewarded - /home/fet/stimuli/test_categories_box5/nonreward/Te_Stim_5_WhiBlu4818_132001171418.wav"
"2016-11-06 16:19:11,848","INFO","Trial 331 - 16:19:11 - Unrewarded - /home/fet/stimuli/test_categories_box5/nonreward/LT_Stim_9_WhiBlu3615_070203060401.wav"
"2016-11-06 16:19:24,398","INFO","Trial 332 - 16:19:24 - Unrewarded - /home/fet/stimuli/test_categories_box5/nonreward/DC_Stim_2_BluRas61dd_270631122315.wav"
"2016-11-06 16:19:33,978","INFO","Trial 333 - 16:19:33 - Unrewarded - /home/fet/stimuli/test_categories_box5/nonreward/Wh_Stim_7_WhiRas44dd_020301020101.wav"
"2016-11-06 16:19:43,533","INFO","Trial 334 - 16:19:43 - Unrewarded - /home/fet/stimuli/test_categories_box5/nonreward/Te_Stim_7_PurRas20dd_080305062416.wav"
"2016-11-06 16:19:55,345","INFO","Trial 335 - 16:19:55 - Rewarded - /home/fet/stimuli/test_categories_box5/reward/Tu_Stim_6_GraLbl0457_101604021211.wav"
"2016-11-06 16:20:01,355","INFO","Supplying reward for 12.00 seconds"
"2016-11-06 17:11:55,208","INFO","Trial 336 - 17:11:55 - Unrewarded - /home/fet/stimuli/test_categories_box5/nonreward/Th_Stim_3_WhiBlu4818_030105020405.wav"
"2016-11-06 17:12:12,131","INFO","Trial 337 - 17:12:12 - Unrewarded - /home/fet/stimuli/test_categories_box5/nonreward/Wh_Stim_6_BlaLbl8026_070809323209.wav"
"2016-11-06 17:12:19,151","INFO","Trial 338 - 17:12:19 - Unrewarded - /home/fet/stimuli/test_categories_box5/nonreward/Be_Stim_2_LblBlu1630_04_a.0304_b..wav"
"2016-11-06 17:12:28,183","INFO","Trial 339 - 17:12:28 - Unrewarded - /home/fet/stimuli/test_categories_box5/nonreward/Wh_Stim_3_BlaLbl8026_320807090708.wav"
"2016-11-06 17:12:36,755","INFO","Trial 340 - 17:12:36 - Unrewarded - /home/fet/stimuli/test_categories_box5/nonreward/Ag_Stim_9_PurRas20dd_190420152218.wav"
"2016-11-06 17:12:46,286","INFO","Trial 341 - 17:12:46 - Unrewarded - /home/fet/stimuli/test_categories_box5/nonreward/So_Stim_10_LblRed0613_273734.wav"
"2016-11-06 17:12:51,757","INFO","Trial 342 - 17:12:51 - Unrewarded - /home/fet/stimuli/test_categories_box5/nonreward/LT_Stim_4_LblBlu2028_020704061115.wav"
"2016-11-06 17:13:05,200","INFO","Trial 343 - 17:13:05 - Unrewarded - /home/fet/stimuli/test_categories_box5/nonreward/Be_Stim_7_LblBlu1927_040310.wav"
"2016-11-06 17:13:14,887","INFO","Trial 344 - 17:13:14 - Unrewarded - /home/fet/stimuli/test_categories_box5/nonreward/Te_Stim_9_LblBla4548_220336292704.wav"
"2016-11-06 17:13:25,794","INFO","Trial 345 - 17:13:25 - Unrewarded - /home/fet/stimuli/test_categories_box5/nonreward/Th_Stim_2_WhiWhi1415_171422212602.wav"
"2016-11-06 17:13:37,925","INFO","Trial 346 - 17:13:37 - Rewarded - /home/fet/stimuli/test_categories_box5/reward/Tu_Stim_6_PurRas20dd_050301060708.wav"
"2016-11-06 17:13:43,934","INFO","Supplying reward for 12.00 seconds"
"2016-11-06 17:16:06,356","INFO","Trial 347 - 17:16:06 - Unrewarded - /home/fet/stimuli/test_categories_box5/nonreward/Di_Stim_6_PurRas20dd_040104010104.wav"
"2016-11-06 17:16:24,091","INFO","Trial 348 - 17:16:24 - Unrewarded - /home/fet/stimuli/test_categories_box5/nonreward/Ag_Stim_9_WhiRas44dd_312421113210.wav"
"2016-11-06 17:16:33,192","INFO","Trial 349 - 17:16:33 - Unrewarded - /home/fet/stimuli/test_categories_box5/nonreward/Te_Stim_10_WhiRas44dd_291714131821.wav"
"2016-11-06 17:16:44,021","INFO","Trial 350 - 17:16:44 - Unrewarded - /home/fet/stimuli/test_categories_box5/nonreward/Di_Stim_5_WhiBlu4917_010101010101.wav"
"2016-11-06 17:16:45,158","INFO","Trial 351 - 17:16:45 - Unrewarded - /home/fet/stimuli/test_categories_box5/nonreward/Be_Stim_2_LblBlu2028_01_020310.wav"
"2016-11-06 17:16:54,219","INFO","Trial 352 - 17:16:54 - Unrewarded - /home/fet/stimuli/test_categories_box5/nonreward/So_Stim_10_WhiBlu4818_221109.wav"
"2016-11-06 17:16:55,142","INFO","Trial 353 - 17:16:55 - Unrewarded - /home/fet/stimuli/test_categories_box5/nonreward/Be_Stim_2_LblBlu6379_0603_0207_02.wav"
"2016-11-06 17:17:07,343","INFO","Trial 354 - 17:17:07 - Unrewarded - /home/fet/stimuli/test_categories_box5/nonreward/Be_Stim_7_GraGre1001_050308.wav"
"2016-11-06 17:17:17,692","INFO","Trial 355 - 17:17:17 - Unrewarded - /home/fet/stimuli/test_categories_box5/nonreward/Be_Stim_2_LblRas1800_0406_0110_02.wav"
"2016-11-06 17:17:29,284","INFO","Trial 356 - 17:17:29 - Unrewarded - /home/fet/stimuli/test_categories_box5/nonreward/So_Stim_6_WhiBlu4818_110904.wav"
"2016-11-06 17:17:38,462","INFO","Trial 357 - 17:17:38 - Unrewarded - /home/fet/stimuli/test_categories_box5/nonreward/DC_Stim_7_LblRed0613_082225380933.wav"
"2016-11-06 17:17:52,097","INFO","Trial 358 - 17:17:52 - Rewarded - /home/fet/stimuli/test_categories_box5/reward/Tu_Stim_5_PurRas20dd_020408010907.wav"
"2016-11-06 17:17:58,106","INFO","Supplying reward for 12.00 seconds"
"2016-11-06 17:21:07,641","INFO","Trial 359 - 17:21:07 - Unrewarded - /home/fet/stimuli/test_categories_box5/nonreward/Ne_Stim_10_WhiLbl0010_231539120528.wav"
"2016-11-06 17:21:31,249","INFO","Finishing session 1 at Sun Nov  6 17:21:31 2016"
"2016-11-06 17:21:31,249","INFO","Finished all sessions."
"2016-11-06 17:21:31,556","INFO","Exiting Session state"
"2016-11-06 17:21:31,556","INFO","Finishing experiment"
"2016-11-06 17:21:31,863","INFO","Exiting Idle state"
