"2017-03-19 11:24:17,891","INFO","Preparing subject and data storage"
"2017-03-19 11:24:17,891","INFO","Created subject object with name LblGra3039M"
"2017-03-19 11:24:17,892","INFO","Created datastore CSVStore: filename = /home/fet/data/LblGra3039M/190317/LblGra3039M_trialdata_20170319112417.csv, fields = session, index, time, stimulus_name, condition_name, response, correct, rt, reward, max_wait for subject LblGra3039M"
"2017-03-19 11:24:17,892","INFO","Preparing to run experiment Go No-Go Interruption"
"2017-03-19 11:24:18,196","INFO","Entering Idle state"
"2017-03-19 11:24:18,503","INFO","Beginning block #1"
"2017-03-19 11:24:29,777","INFO","Trial 1 - 11:24:29 - Unrewarded - /home/fet/stimuli/test_categories_box2/nonreward/Ag_Stim_4_Unknown000_060106010106.wav"
"2017-03-19 11:24:43,366","INFO","Trial 2 - 11:24:43 - Unrewarded - /home/fet/stimuli/test_categories_box2/nonreward/Ag_Stim_3_WhiRas44dd_322411102108.wav"
"2017-03-19 11:24:54,444","INFO","Trial 3 - 11:24:54 - Unrewarded - /home/fet/stimuli/test_categories_box2/nonreward/Di_Stim_2_WhiBlu4818_060606060606.wav"
"2017-03-19 11:24:59,909","INFO","Trial 4 - 11:24:59 - Unrewarded - /home/fet/stimuli/test_categories_box2/nonreward/Be_Stim_4_GraRas1600_011110.wav"
"2017-03-19 11:24:59,958","INFO","Trial 5 - 11:24:59 - Rewarded - /home/fet/stimuli/test_categories_box2/reward/Tu_Stim_8_BluRas07dd_041821241915.wav"
"2017-03-19 11:25:05,966","INFO","Supplying reward for 12.00 seconds"
"2017-03-19 11:26:08,859","INFO","Trial 6 - 11:26:08 - Unrewarded - /home/fet/stimuli/test_categories_box2/nonreward/Ag_Stim_10_GreGre2522_010201020202.wav"
"2017-03-19 11:26:08,914","INFO","Trial 7 - 11:26:08 - Unrewarded - /home/fet/stimuli/test_categories_box2/nonreward/DC_Stim_7_GraLbl0457_021627260632.wav"
"2017-03-19 11:26:20,343","INFO","Trial 8 - 11:26:20 - Unrewarded - /home/fet/stimuli/test_categories_box2/nonreward/Th_Stim_4_Unknown_11_100206030511.wav"
"2017-03-19 11:26:20,394","INFO","Trial 9 - 11:26:20 - Unrewarded - /home/fet/stimuli/test_categories_box2/nonreward/Te_Stim_8_WhiBlu5698_190504261317.wav"
"2017-03-19 11:26:29,149","INFO","Trial 10 - 11:26:29 - Rewarded - /home/fet/stimuli/test_categories_box2/reward/Tu_Stim_4_YelGre5275_291225090818.wav"
"2017-03-19 11:26:29,818","INFO","Trial 11 - 11:26:29 - Unrewarded - /home/fet/stimuli/test_categories_box2/nonreward/Wh_Stim_2_GraLbl0457_050104020204.wav"
"2017-03-19 11:26:29,872","INFO","Trial 12 - 11:26:29 - Rewarded - /home/fet/stimuli/test_categories_box2/reward/Tu_Stim_3_WhiLbl0010_100215122423.wav"
"2017-03-19 11:26:35,879","INFO","Supplying reward for 12.00 seconds"
"2017-03-19 11:27:10,467","INFO","Trial 13 - 11:27:10 - Unrewarded - /home/fet/stimuli/test_categories_box2/nonreward/LT_Stim_4_LblBlu1927_010101010101.wav"
"2017-03-19 11:27:19,958","INFO","Trial 14 - 11:27:19 - Unrewarded - /home/fet/stimuli/test_categories_box2/nonreward/Ag_Stim_2_WhiBlu4917_010101010101.wav"
"2017-03-19 11:27:29,689","INFO","Trial 15 - 11:27:29 - Unrewarded - /home/fet/stimuli/test_categories_box2/nonreward/Ag_Stim_9_GreGre2522_020102010101.wav"
"2017-03-19 11:27:48,586","INFO","Trial 16 - 11:27:48 - Unrewarded - /home/fet/stimuli/test_categories_box2/nonreward/Di_Stim_10_GraGra0201_070107010701.wav"
"2017-03-19 11:27:48,641","INFO","Trial 17 - 11:27:48 - Unrewarded - /home/fet/stimuli/test_categories_box2/nonreward/Ne_Stim_5_BluRas07dd_102212010802.wav"
"2017-03-19 11:27:57,461","INFO","Trial 18 - 11:27:57 - Rewarded - /home/fet/stimuli/test_categories_box2/reward/Tu_Stim_5_GraGra0201_160514170209.wav"
"2017-03-19 11:28:03,467","INFO","Supplying reward for 12.00 seconds"
"2017-03-19 11:28:30,829","INFO","Trial 19 - 11:28:30 - Unrewarded - /home/fet/stimuli/test_categories_box2/nonreward/Di_Stim_4_GraGra0201_070101070707.wav"
"2017-03-19 11:28:50,549","INFO","Trial 20 - 11:28:50 - Unrewarded - /home/fet/stimuli/test_categories_box2/nonreward/Te_Stim_2_WhiBlu4818_031209110619.wav"
"2017-03-19 11:28:51,480","INFO","Trial 21 - 11:28:51 - Unrewarded - /home/fet/stimuli/test_categories_box2/nonreward/LT_Stim_6_LblBlu2028_020510130709.wav"
"2017-03-19 11:28:51,529","INFO","Trial 22 - 11:28:51 - Unrewarded - /home/fet/stimuli/test_categories_box2/nonreward/Di_Stim_9_HPiHPi4748_050303050305.wav"
"2017-03-19 11:29:00,863","INFO","Trial 23 - 11:29:00 - Unrewarded - /home/fet/stimuli/test_categories_box2/nonreward/Th_Stim_9_Unknown000_050910030602.wav"
"2017-03-19 11:29:10,718","INFO","Trial 24 - 11:29:10 - Unrewarded - /home/fet/stimuli/test_categories_box2/nonreward/Be_Stim_8_GraGre0813_121416.wav"
"2017-03-19 11:29:10,778","INFO","Trial 25 - 11:29:10 - Unrewarded - /home/fet/stimuli/test_categories_box2/nonreward/Ag_Stim_2_GraLbl0457_080506190715.wav"
"2017-03-19 11:29:20,683","INFO","Trial 26 - 11:29:20 - Rewarded - /home/fet/stimuli/test_categories_box2/reward/Tu_Stim_7_BlaLbl8026_090805121107.wav"
"2017-03-19 11:29:26,690","INFO","Supplying reward for 12.00 seconds"
"2017-03-19 11:29:52,044","INFO","Trial 27 - 11:29:52 - Unrewarded - /home/fet/stimuli/test_categories_box2/nonreward/Ne_Stim_1_GraGra0201_324929042847.wav"
"2017-03-19 11:30:03,291","INFO","Trial 28 - 11:30:03 - Unrewarded - /home/fet/stimuli/test_categories_box2/nonreward/Be_Stim_5_WhiBlu0112_170416.wav"
"2017-03-19 11:30:13,214","INFO","Trial 29 - 11:30:13 - Rewarded - /home/fet/stimuli/test_categories_box2/reward/Tu_Stim_5_GraLbl0457_140415060116.wav"
"2017-03-19 11:30:13,264","INFO","Trial 30 - 11:30:13 - Rewarded - /home/fet/stimuli/test_categories_box2/reward/Tu_Stim_10_GraGra0201_070418091215.wav"
"2017-03-19 11:30:19,270","INFO","Supplying reward for 12.00 seconds"
"2017-03-19 11:30:45,412","INFO","Trial 31 - 11:30:45 - Unrewarded - /home/fet/stimuli/test_categories_box2/nonreward/Di_Stim_3_BlaBla0506_010101010101.wav"
"2017-03-19 11:31:04,028","INFO","Trial 32 - 11:31:04 - Unrewarded - /home/fet/stimuli/test_categories_box2/nonreward/Wh_Stim_6_BlaBla0506_151802061013.wav"
"2017-03-19 11:31:59,937","INFO","Trial 33 - 11:31:59 - Unrewarded - /home/fet/stimuli/test_categories_box2/nonreward/Di_Stim_1_WhiLbl0010_040404040404.wav"
"2017-03-19 11:32:16,558","INFO","Trial 34 - 11:32:16 - Unrewarded - /home/fet/stimuli/test_categories_box2/nonreward/Te_Stim_7_GreWhi1242_260824090401.wav"
"2017-03-19 11:32:28,983","INFO","Trial 35 - 11:32:28 - Unrewarded - /home/fet/stimuli/test_categories_box2/nonreward/Be_Stim_4_GraRas1500_040305.wav"
"2017-03-19 11:32:45,909","INFO","Trial 36 - 11:32:45 - Unrewarded - /home/fet/stimuli/test_categories_box2/nonreward/LT_Stim_4_LblGre0001_010709051103.wav"
"2017-03-19 11:32:45,964","INFO","Trial 37 - 11:32:45 - Unrewarded - /home/fet/stimuli/test_categories_box2/nonreward/Ag_Stim_8_GreGre2522_020102020101.wav"
"2017-03-19 11:32:55,767","INFO","Trial 38 - 11:32:55 - Unrewarded - /home/fet/stimuli/test_categories_box2/nonreward/Ne_Stim_3_WhiWhi1415_081005090706.wav"
"2017-03-19 11:33:07,686","INFO","Trial 39 - 11:33:07 - Unrewarded - /home/fet/stimuli/test_categories_box2/nonreward/LT_Stim_5_WhiBlu3414_092105251914.wav"
"2017-03-19 11:33:18,204","INFO","Trial 40 - 11:33:18 - Unrewarded - /home/fet/stimuli/test_categories_box2/nonreward/Di_Stim_9_BlaLbl8026_020301010101.wav"
"2017-03-19 11:33:28,079","INFO","Trial 41 - 11:33:28 - Unrewarded - /home/fet/stimuli/test_categories_box2/nonreward/So_Stim_10_LblRed0613_361137.wav"
"2017-03-19 11:33:38,737","INFO","Trial 42 - 11:33:38 - Unrewarded - /home/fet/stimuli/test_categories_box2/nonreward/Ag_Stim_10_GreOra1817_140922271830.wav"
"2017-03-19 11:33:38,792","INFO","Trial 43 - 11:33:38 - Unrewarded - /home/fet/stimuli/test_categories_box2/nonreward/Th_Stim_9_LblRed0613_170312180611.wav"
"2017-03-19 11:34:02,609","INFO","Trial 44 - 11:34:02 - Rewarded - /home/fet/stimuli/test_categories_box2/reward/Tu_Stim_3_PurRas20dd_080605010304.wav"
"2017-03-19 11:34:08,614","INFO","Supplying reward for 12.00 seconds"
"2017-03-19 11:34:45,590","INFO","Trial 45 - 11:34:45 - Rewarded - /home/fet/stimuli/test_categories_box2/reward/Tu_Stim_8_GraGra0201_092016180104.wav"
"2017-03-19 11:34:51,600","INFO","Supplying reward for 12.00 seconds"
"2017-03-19 11:35:16,962","INFO","Trial 46 - 11:35:16 - Unrewarded - /home/fet/stimuli/test_categories_box2/nonreward/Ne_Stim_7_PurRas20dd_010308060207.wav"
"2017-03-19 11:35:17,013","INFO","Trial 47 - 11:35:17 - Unrewarded - /home/fet/stimuli/test_categories_box2/nonreward/Ne_Stim_2_BluRas07dd_100209210811.wav"
"2017-03-19 11:35:26,925","INFO","Trial 48 - 11:35:26 - Unrewarded - /home/fet/stimuli/test_categories_box2/nonreward/LT_Stim_5_LblBlu2028_051303010609.wav"
"2017-03-19 11:35:49,316","INFO","Trial 49 - 11:35:49 - Unrewarded - /home/fet/stimuli/test_categories_box2/nonreward/Ag_Stim_5_WhiRas44dd_111017080531.wav"
"2017-03-19 11:35:58,784","INFO","Trial 50 - 11:35:58 - Unrewarded - /home/fet/stimuli/test_categories_box2/nonreward/Di_Stim_1_WhiBlu4818_060606060606.wav"
"2017-03-19 11:35:58,838","INFO","Trial 51 - 11:35:58 - Unrewarded - /home/fet/stimuli/test_categories_box2/nonreward/Th_Stim_8_WhiBlu4818_010305040204.wav"
"2017-03-19 11:36:08,182","INFO","Trial 52 - 11:36:08 - Unrewarded - /home/fet/stimuli/test_categories_box2/nonreward/Be_Stim_8_LblBlu2028_10_010811_02.wav"
"2017-03-19 11:36:18,391","INFO","Trial 53 - 11:36:18 - Unrewarded - /home/fet/stimuli/test_categories_box2/nonreward/Be_Stim_1_LblBlu6379_05_0207_0104_02.wav"
"2017-03-19 11:36:30,427","INFO","Trial 54 - 11:36:30 - Unrewarded - /home/fet/stimuli/test_categories_box2/nonreward/Ne_Stim_6_HPiHPi4748_344736224239.wav"
"2017-03-19 11:36:30,482","INFO","Trial 55 - 11:36:30 - Rewarded - /home/fet/stimuli/test_categories_box2/reward/Tu_Stim_7_HPiHPi4748_162209292506.wav"
"2017-03-19 11:36:36,489","INFO","Supplying reward for 12.00 seconds"
"2017-03-19 11:37:01,639","INFO","Trial 56 - 11:37:01 - Unrewarded - /home/fet/stimuli/test_categories_box2/nonreward/Be_Stim_7_LblBlu1729_091005.wav"
"2017-03-19 11:37:12,312","INFO","Trial 57 - 11:37:12 - Unrewarded - /home/fet/stimuli/test_categories_box2/nonreward/So_Stim_4_WhiBlu4818_110904.wav"
"2017-03-19 11:37:31,266","INFO","Trial 58 - 11:37:31 - Rewarded - /home/fet/stimuli/test_categories_box2/reward/Tu_Stim_5_BluRas07dd_152024192122.wav"
"2017-03-19 11:37:37,271","INFO","Supplying reward for 12.00 seconds"
"2017-03-19 11:38:36,687","INFO","Trial 59 - 11:38:36 - Rewarded - /home/fet/stimuli/test_categories_box2/reward/Tu_Stim_10_GraLbl0457_031610141315.wav"
"2017-03-19 11:38:42,692","INFO","Supplying reward for 12.00 seconds"
"2017-03-19 11:39:14,451","INFO","Trial 60 - 11:39:14 - Unrewarded - /home/fet/stimuli/test_categories_box2/nonreward/Wh_Stim_5_WhiBlu5698_112006101504.wav"
"2017-03-19 11:39:27,866","INFO","Trial 61 - 11:39:27 - Unrewarded - /home/fet/stimuli/test_categories_box2/nonreward/Wh_Stim_5_LblBla4548_060114120403.wav"
"2017-03-19 11:39:37,823","INFO","Trial 62 - 11:39:37 - Unrewarded - /home/fet/stimuli/test_categories_box2/nonreward/Ag_Stim_3_WhiGra0114_010101010101.wav"
"2017-03-19 11:39:51,643","INFO","Trial 63 - 11:39:51 - Unrewarded - /home/fet/stimuli/test_categories_box2/nonreward/Wh_Stim_6_YelGre5275_070114090513.wav"
"2017-03-19 11:40:04,877","INFO","Trial 64 - 11:40:04 - Unrewarded - /home/fet/stimuli/test_categories_box2/nonreward/DC_Stim_3_BlaBla0506_150824250510.wav"
"2017-03-19 11:40:42,044","INFO","Trial 65 - 11:40:42 - Unrewarded - /home/fet/stimuli/test_categories_box2/nonreward/Wh_Stim_4_HpiGra1004_030604010508.wav"
"2017-03-19 11:40:42,104","INFO","Trial 66 - 11:40:42 - Unrewarded - /home/fet/stimuli/test_categories_box2/nonreward/LT_Stim_1_LblBlu6243_060524271016.wav"
"2017-03-19 11:40:54,860","INFO","Trial 67 - 11:40:54 - Rewarded - /home/fet/stimuli/test_categories_box2/reward/Tu_Stim_8_WhiLbl0010_181510062012.wav"
"2017-03-19 11:41:00,866","INFO","Supplying reward for 12.00 seconds"
"2017-03-19 11:42:01,589","INFO","Trial 68 - 11:42:01 - Unrewarded - /home/fet/stimuli/test_categories_box2/nonreward/Ag_Stim_6_WhiWhi1415_020202020202.wav"
"2017-03-19 11:42:01,648","INFO","Trial 69 - 11:42:01 - Unrewarded - /home/fet/stimuli/test_categories_box2/nonreward/Wh_Stim_8_GreGre2522_010203020202.wav"
"2017-03-19 11:42:12,591","INFO","Trial 70 - 11:42:12 - Rewarded - /home/fet/stimuli/test_categories_box2/reward/Tu_Stim_5_YelOra2575_281408122713.wav"
"2017-03-19 11:42:12,650","INFO","Trial 71 - 11:42:12 - Unrewarded - /home/fet/stimuli/test_categories_box2/nonreward/DC_Stim_3_WhiBlu4917_190108052206.wav"
"2017-03-19 11:42:13,490","INFO","Trial 72 - 11:42:13 - Unrewarded - /home/fet/stimuli/test_categories_box2/nonreward/LT_Stim_5_WhiBlu3615_040702030105.wav"
"2017-03-19 11:42:25,560","INFO","Trial 73 - 11:42:25 - Unrewarded - /home/fet/stimuli/test_categories_box2/nonreward/So_Stim_2_WhiLbl0010_050708.wav"
"2017-03-19 11:42:36,005","INFO","Trial 74 - 11:42:36 - Unrewarded - /home/fet/stimuli/test_categories_box2/nonreward/Ne_Stim_8_GraGra0201_443631292320.wav"
"2017-03-19 11:42:36,059","INFO","Trial 75 - 11:42:36 - Unrewarded - /home/fet/stimuli/test_categories_box2/nonreward/Te_Stim_6_GreWhi1242_051407132420.wav"
"2017-03-19 11:42:48,621","INFO","Trial 76 - 11:42:48 - Unrewarded - /home/fet/stimuli/test_categories_box2/nonreward/LT_Stim_3_WhiBlu0112_152316140417.wav"
"2017-03-19 11:42:59,918","INFO","Trial 77 - 11:42:59 - Unrewarded - /home/fet/stimuli/test_categories_box2/nonreward/Ne_Stim_3_Unknown000_010101010101.wav"
"2017-03-19 11:43:10,637","INFO","Trial 78 - 11:43:10 - Unrewarded - /home/fet/stimuli/test_categories_box2/nonreward/Di_Stim_9_WhiLbl0010_040404040404.wav"
"2017-03-19 11:43:10,692","INFO","Trial 79 - 11:43:10 - Unrewarded - /home/fet/stimuli/test_categories_box2/nonreward/Be_Stim_10_GraGre1001_080607.wav"
"2017-03-19 11:43:35,693","INFO","Trial 80 - 11:43:35 - Unrewarded - /home/fet/stimuli/test_categories_box2/nonreward/So_Stim_9_YelOra2575_251011.wav"
"2017-03-19 11:43:50,563","INFO","Trial 81 - 11:43:50 - Rewarded - /home/fet/stimuli/test_categories_box2/reward/Tu_Stim_3_WhiRas44dd_131008030114.wav"
"2017-03-19 11:43:56,570","INFO","Supplying reward for 12.00 seconds"
"2017-03-19 11:44:34,880","INFO","Trial 82 - 11:44:34 - Unrewarded - /home/fet/stimuli/test_categories_box2/nonreward/LT_Stim_2_LblBlu6243_101324030815.wav"
"2017-03-19 11:44:46,094","INFO","Trial 83 - 11:44:46 - Unrewarded - /home/fet/stimuli/test_categories_box2/nonreward/Th_Stim_8_WhiWhi1415_221925052811.wav"
"2017-03-19 11:44:56,551","INFO","Trial 84 - 11:44:56 - Rewarded - /home/fet/stimuli/test_categories_box2/reward/Tu_Stim_9_GraLbl0457_021412160603.wav"
"2017-03-19 11:45:02,557","INFO","Supplying reward for 12.00 seconds"
"2017-03-19 11:45:28,701","INFO","Trial 85 - 11:45:28 - Rewarded - /home/fet/stimuli/test_categories_box2/reward/Tu_Stim_7_BluRas07dd_151812042024.wav"
"2017-03-19 11:45:34,707","INFO","Supplying reward for 12.00 seconds"
"2017-03-19 11:46:14,451","INFO","Trial 86 - 11:46:14 - Unrewarded - /home/fet/stimuli/test_categories_box2/nonreward/Te_Stim_8_PurRas20dd_241323121927.wav"
"2017-03-19 11:46:24,375","INFO","Trial 87 - 11:46:24 - Rewarded - /home/fet/stimuli/test_categories_box2/reward/Tu_Stim_10_BlaLbl8026_100605091207.wav"
"2017-03-19 11:46:30,382","INFO","Supplying reward for 12.00 seconds"
"2017-03-19 11:46:56,996","INFO","Trial 88 - 11:46:56 - Unrewarded - /home/fet/stimuli/test_categories_box2/nonreward/DC_Stim_10_BluRas61dd_152934220233.wav"
"2017-03-19 11:47:06,143","INFO","Trial 89 - 11:47:06 - Unrewarded - /home/fet/stimuli/test_categories_box2/nonreward/LT_Stim_6_LblGre0001_060205080903.wav"
"2017-03-19 11:47:19,058","INFO","Trial 90 - 11:47:19 - Rewarded - /home/fet/stimuli/test_categories_box2/reward/Tu_Stim_8_HPiHPi4748_240822170307.wav"
"2017-03-19 11:47:25,070","INFO","Supplying reward for 12.00 seconds"
"2017-03-19 11:47:48,877","INFO","Trial 91 - 11:47:48 - Unrewarded - /home/fet/stimuli/test_categories_box2/nonreward/Th_Stim_3_Unknown_11_030611090701.wav"
"2017-03-19 11:48:02,489","INFO","Trial 92 - 11:48:02 - Unrewarded - /home/fet/stimuli/test_categories_box2/nonreward/DC_Stim_6_GraLbl0457_222003270618.wav"
"2017-03-19 11:48:14,233","INFO","Trial 93 - 11:48:14 - Unrewarded - /home/fet/stimuli/test_categories_box2/nonreward/Te_Stim_6_PurRas20dd_100108290206.wav"
"2017-03-19 11:48:28,665","INFO","Trial 94 - 11:48:28 - Unrewarded - /home/fet/stimuli/test_categories_box2/nonreward/Ag_Stim_6_GreOra1817_273017140829.wav"
"2017-03-19 11:48:40,950","INFO","Trial 95 - 11:48:40 - Rewarded - /home/fet/stimuli/test_categories_box2/reward/Tu_Stim_6_PurRas20dd_080507010302.wav"
"2017-03-19 11:48:46,959","INFO","Supplying reward for 12.00 seconds"
"2017-03-19 11:49:27,726","INFO","Trial 96 - 11:49:27 - Unrewarded - /home/fet/stimuli/test_categories_box2/nonreward/So_Stim_8_LblBla4548_180802.wav"
"2017-03-19 11:49:35,024","INFO","Trial 97 - 11:49:35 - Rewarded - /home/fet/stimuli/test_categories_box2/reward/Tu_Stim_8_BlaLbl8026_080611090705.wav"
"2017-03-19 11:49:41,036","INFO","Supplying reward for 12.00 seconds"
"2017-03-19 11:50:26,371","INFO","Trial 98 - 11:50:26 - Unrewarded - /home/fet/stimuli/test_categories_box2/nonreward/Ag_Stim_8_BluRas07dd_081209200524.wav"
"2017-03-19 11:50:37,740","INFO","Trial 99 - 11:50:37 - Unrewarded - /home/fet/stimuli/test_categories_box2/nonreward/Ne_Stim_9_GraGra0201_283248345554.wav"
"2017-03-19 11:50:49,654","INFO","Trial 100 - 11:50:49 - Unrewarded - /home/fet/stimuli/test_categories_box2/nonreward/Ne_Stim_9_LblRed0613_292303116132.wav"
"2017-03-19 11:51:00,626","INFO","Trial 101 - 11:51:00 - Unrewarded - /home/fet/stimuli/test_categories_box2/nonreward/Th_Stim_4_WhiGra0114_050201060807.wav"
"2017-03-19 11:51:00,677","INFO","Trial 102 - 11:51:00 - Rewarded - /home/fet/stimuli/test_categories_box2/reward/Tu_Stim_10_PurRas20dd_050108060703.wav"
"2017-03-19 11:51:06,688","INFO","Supplying reward for 12.00 seconds"
"2017-03-19 11:51:41,757","INFO","Trial 103 - 11:51:41 - Unrewarded - /home/fet/stimuli/test_categories_box2/nonreward/Te_Stim_4_YelOra2575_142530132806.wav"
"2017-03-19 11:51:52,802","INFO","Trial 104 - 11:51:52 - Unrewarded - /home/fet/stimuli/test_categories_box2/nonreward/Be_Stim_1_LblBlu1729_081410.wav"
"2017-03-19 11:52:01,608","INFO","Trial 105 - 11:52:01 - Unrewarded - /home/fet/stimuli/test_categories_box2/nonreward/Wh_Stim_10_GraGra0201_010502040505.wav"
"2017-03-19 11:52:14,185","INFO","Trial 106 - 11:52:14 - Unrewarded - /home/fet/stimuli/test_categories_box2/nonreward/Th_Stim_1_BlaBla0506_040203050105.wav"
"2017-03-19 11:52:31,301","INFO","Trial 107 - 11:52:31 - Unrewarded - /home/fet/stimuli/test_categories_box2/nonreward/Te_Stim_6_WhiBlu4818_180920101607.wav"
"2017-03-19 11:52:44,158","INFO","Trial 108 - 11:52:44 - Unrewarded - /home/fet/stimuli/test_categories_box2/nonreward/Wh_Stim_3_LblBla4548_030710021606.wav"
"2017-03-19 11:52:55,692","INFO","Trial 109 - 11:52:55 - Unrewarded - /home/fet/stimuli/test_categories_box2/nonreward/Di_Stim_1_GraGra0201_010701010701.wav"
"2017-03-19 11:53:07,910","INFO","Trial 110 - 11:53:07 - Unrewarded - /home/fet/stimuli/test_categories_box2/nonreward/Te_Stim_3_GraGra0201_321929343337.wav"
"2017-03-19 11:53:18,244","INFO","Trial 111 - 11:53:18 - Unrewarded - /home/fet/stimuli/test_categories_box2/nonreward/DC_Stim_9_RedRas3600_050208060907.wav"
"2017-03-19 11:53:28,963","INFO","Trial 112 - 11:53:28 - Unrewarded - /home/fet/stimuli/test_categories_box2/nonreward/Be_Stim_10_LblGre0001_0903_0303_01.wav"
"2017-03-19 11:53:29,021","INFO","Trial 113 - 11:53:29 - Unrewarded - /home/fet/stimuli/test_categories_box2/nonreward/LT_Stim_10_LblGre0000_171316111805.wav"
"2017-03-19 11:53:39,493","INFO","Trial 114 - 11:53:39 - Unrewarded - /home/fet/stimuli/test_categories_box2/nonreward/Ag_Stim_10_WhiBlu4917_010101010101.wav"
"2017-03-19 11:53:52,657","INFO","Trial 115 - 11:53:52 - Unrewarded - /home/fet/stimuli/test_categories_box2/nonreward/Ne_Stim_7_Unknown000_010101010101.wav"
"2017-03-19 11:54:03,638","INFO","Trial 116 - 11:54:03 - Unrewarded - /home/fet/stimuli/test_categories_box2/nonreward/Th_Stim_1_Unknown_11_110410060705.wav"
"2017-03-19 11:54:19,182","INFO","Trial 117 - 11:54:19 - Unrewarded - /home/fet/stimuli/test_categories_box2/nonreward/Ag_Stim_7_WhiBlu4917_010101010101.wav"
"2017-03-19 11:54:31,195","INFO","Trial 118 - 11:54:31 - Rewarded - /home/fet/stimuli/test_categories_box2/reward/Tu_Stim_2_WhiLbl0010_100106162522.wav"
"2017-03-19 11:54:31,249","INFO","Trial 119 - 11:54:31 - Unrewarded - /home/fet/stimuli/test_categories_box2/nonreward/Wh_Stim_5_GraLbl0457_040502010101.wav"
"2017-03-19 11:54:45,702","INFO","Trial 120 - 11:54:45 - Rewarded - /home/fet/stimuli/test_categories_box2/reward/Tu_Stim_3_GreOra1817_071016040813.wav"
"2017-03-19 11:54:51,707","INFO","Supplying reward for 12.00 seconds"
"2017-03-19 11:55:24,927","INFO","Trial 121 - 11:55:24 - Rewarded - /home/fet/stimuli/test_categories_box2/reward/Tu_Stim_6_WhiLbl0010_172513142203.wav"
"2017-03-19 11:55:24,982","INFO","Trial 122 - 11:55:24 - Unrewarded - /home/fet/stimuli/test_categories_box2/nonreward/DC_Stim_2_WhiRas44dd_202624121609.wav"
"2017-03-19 11:55:34,053","INFO","Trial 123 - 11:55:34 - Unrewarded - /home/fet/stimuli/test_categories_box2/nonreward/DC_Stim_1_BlaBla0506_261905142517.wav"
"2017-03-19 11:55:51,287","INFO","Trial 124 - 11:55:51 - Unrewarded - /home/fet/stimuli/test_categories_box2/nonreward/Be_Stim_10_LblBlu1927_070312.wav"
"2017-03-19 11:56:02,252","INFO","Trial 125 - 11:56:02 - Unrewarded - /home/fet/stimuli/test_categories_box2/nonreward/DC_Stim_6_WhiBlu4917_182009192205.wav"
"2017-03-19 11:56:21,514","INFO","Trial 126 - 11:56:21 - Unrewarded - /home/fet/stimuli/test_categories_box2/nonreward/Ag_Stim_4_WhiBlu4818_070506070507.wav"
"2017-03-19 11:56:41,723","INFO","Trial 127 - 11:56:41 - Unrewarded - /home/fet/stimuli/test_categories_box2/nonreward/Ag_Stim_6_GraGra0201_150504101402.wav"
"2017-03-19 11:56:41,777","INFO","Trial 128 - 11:56:41 - Unrewarded - /home/fet/stimuli/test_categories_box2/nonreward/Di_Stim_8_WhiBlu4917_010101010101.wav"
"2017-03-19 11:56:52,027","INFO","Trial 129 - 11:56:52 - Unrewarded - /home/fet/stimuli/test_categories_box2/nonreward/LT_Stim_9_WhiBlu3615_060103040702.wav"
"2017-03-19 11:57:04,331","INFO","Trial 130 - 11:57:04 - Rewarded - /home/fet/stimuli/test_categories_box2/reward/Tu_Stim_1_BluRas07dd_220802070901.wav"
"2017-03-19 11:57:10,336","INFO","Supplying reward for 12.00 seconds"
"2017-03-19 11:57:42,929","INFO","Trial 131 - 11:57:42 - Unrewarded - /home/fet/stimuli/test_categories_box2/nonreward/Ne_Stim_7_LblBla4548_204222080905.wav"
"2017-03-19 11:58:04,714","INFO","Trial 132 - 11:58:04 - Unrewarded - /home/fet/stimuli/test_categories_box2/nonreward/Ne_Stim_3_LblRed0613_026563410947.wav"
"2017-03-19 11:58:17,345","INFO","Trial 133 - 11:58:17 - Unrewarded - /home/fet/stimuli/test_categories_box2/nonreward/Be_Stim_2_LblBlu1729_021214.wav"
"2017-03-19 11:58:30,992","INFO","Trial 134 - 11:58:30 - Rewarded - /home/fet/stimuli/test_categories_box2/reward/Tu_Stim_10_WhiLbl0010_021719112208.wav"
"2017-03-19 11:58:37,001","INFO","Supplying reward for 12.00 seconds"
"2017-03-19 11:59:22,704","INFO","Trial 135 - 11:59:22 - Unrewarded - /home/fet/stimuli/test_categories_box2/nonreward/Ag_Stim_4_BluRas07dd_130508091520.wav"
"2017-03-19 11:59:31,309","INFO","Trial 136 - 11:59:31 - Unrewarded - /home/fet/stimuli/test_categories_box2/nonreward/Di_Stim_6_YelOra2575_091109090911.wav"
"2017-03-19 12:00:00,892","INFO","Trial 137 - 12:00:00 - Unrewarded - /home/fet/stimuli/test_categories_box2/nonreward/Wh_Stim_10_GreGre2522_020301030302.wav"
"2017-03-19 12:00:31,680","INFO","Trial 138 - 12:00:31 - Unrewarded - /home/fet/stimuli/test_categories_box2/nonreward/Di_Stim_3_YelOra2575_091109110909.wav"
"2017-03-19 12:00:47,354","INFO","Trial 139 - 12:00:47 - Unrewarded - /home/fet/stimuli/test_categories_box2/nonreward/DC_Stim_4_GraLbl0457_032408091823.wav"
"2017-03-19 12:01:29,212","INFO","Trial 140 - 12:01:29 - Rewarded - /home/fet/stimuli/test_categories_box2/reward/Tu_Stim_6_GraGra0201_190804100907.wav"
"2017-03-19 12:01:29,266","INFO","Trial 141 - 12:01:29 - Unrewarded - /home/fet/stimuli/test_categories_box2/nonreward/Be_Stim_1_GraGre1001_081018.wav"
"2017-03-19 12:01:41,290","INFO","Trial 142 - 12:01:41 - Unrewarded - /home/fet/stimuli/test_categories_box2/nonreward/Wh_Stim_5_GreGre2522_020103030103.wav"
"2017-03-19 12:01:53,781","INFO","Trial 143 - 12:01:53 - Rewarded - /home/fet/stimuli/test_categories_box2/reward/Tu_Stim_8_WhiRas44dd_102418152123.wav"
"2017-03-19 12:01:59,791","INFO","Supplying reward for 12.00 seconds"
"2017-03-19 12:02:34,169","INFO","Trial 144 - 12:02:34 - Unrewarded - /home/fet/stimuli/test_categories_box2/nonreward/Ag_Stim_4_GraGra0201_110613051410.wav"
"2017-03-19 12:03:01,307","INFO","Trial 145 - 12:03:01 - Rewarded - /home/fet/stimuli/test_categories_box2/reward/Tu_Stim_7_GraLbl0457_011210041502.wav"
"2017-03-19 12:03:07,316","INFO","Supplying reward for 12.00 seconds"
"2017-03-19 12:03:33,310","INFO","Trial 146 - 12:03:33 - Unrewarded - /home/fet/stimuli/test_categories_box2/nonreward/Ne_Stim_5_WhiBlu4917_041102040108.wav"
"2017-03-19 12:03:33,361","INFO","Trial 147 - 12:03:33 - Unrewarded - /home/fet/stimuli/test_categories_box2/nonreward/DC_Stim_8_LblBla4419_123033260413.wav"
"2017-03-19 12:03:48,403","INFO","Trial 148 - 12:03:48 - Unrewarded - /home/fet/stimuli/test_categories_box2/nonreward/Te_Stim_8_LblRed0613_221629182307.wav"
"2017-03-19 12:03:57,618","INFO","Trial 149 - 12:03:57 - Unrewarded - /home/fet/stimuli/test_categories_box2/nonreward/Ne_Stim_6_BlaBla0506_020716130707.wav"
"2017-03-19 12:04:24,113","INFO","Trial 150 - 12:04:24 - Unrewarded - /home/fet/stimuli/test_categories_box2/nonreward/LT_Stim_8_WhiBlu3615_060703050401.wav"
"2017-03-19 12:04:32,922","INFO","Trial 151 - 12:04:32 - Unrewarded - /home/fet/stimuli/test_categories_box2/nonreward/So_Stim_2_LblBla4419_010905.wav"
"2017-03-19 12:04:33,866","INFO","Trial 152 - 12:04:33 - Unrewarded - /home/fet/stimuli/test_categories_box2/nonreward/DC_Stim_7_BlaBla0506_131426220815.wav"
"2017-03-19 12:04:46,545","INFO","Trial 153 - 12:04:46 - Unrewarded - /home/fet/stimuli/test_categories_box2/nonreward/LT_Stim_7_WhiBlu3615_020407010605.wav"
"2017-03-19 12:04:46,599","INFO","Trial 154 - 12:04:46 - Unrewarded - /home/fet/stimuli/test_categories_box2/nonreward/Di_Stim_4_PurRas20dd_010404010101.wav"
"2017-03-19 12:04:59,880","INFO","Trial 155 - 12:04:59 - Unrewarded - /home/fet/stimuli/test_categories_box2/nonreward/Te_Stim_5_GraLbl0457_070504270821.wav"
"2017-03-19 12:05:26,575","INFO","Trial 156 - 12:05:26 - Unrewarded - /home/fet/stimuli/test_categories_box2/nonreward/Ne_Stim_8_YelGre5275_201719291516.wav"
"2017-03-19 12:05:49,089","INFO","Trial 157 - 12:05:49 - Unrewarded - /home/fet/stimuli/test_categories_box2/nonreward/Wh_Stim_4_YelGre5275_140207080309.wav"
"2017-03-19 12:06:00,975","INFO","Trial 158 - 12:06:00 - Unrewarded - /home/fet/stimuli/test_categories_box2/nonreward/Ne_Stim_7_GraGra0201_323831270704.wav"
"2017-03-19 12:06:16,133","INFO","Trial 159 - 12:06:16 - Rewarded - /home/fet/stimuli/test_categories_box2/reward/Tu_Stim_9_BlaLbl8026_091210070605.wav"
"2017-03-19 12:06:22,139","INFO","Supplying reward for 12.00 seconds"
"2017-03-19 12:07:10,695","INFO","Trial 160 - 12:07:10 - Unrewarded - /home/fet/stimuli/test_categories_box2/nonreward/Ag_Stim_5_WhiWhi1415_020202020202.wav"
"2017-03-19 12:07:22,597","INFO","Trial 161 - 12:07:22 - Rewarded - /home/fet/stimuli/test_categories_box2/reward/Tu_Stim_2_GraLbl0457_141110010213.wav"
"2017-03-19 12:07:22,656","INFO","Trial 162 - 12:07:22 - Unrewarded - /home/fet/stimuli/test_categories_box2/nonreward/Be_Stim_9_LblBlu2028_0702_0304_03.wav"
"2017-03-19 12:07:37,702","INFO","Trial 163 - 12:07:37 - Unrewarded - /home/fet/stimuli/test_categories_box2/nonreward/DC_Stim_3_HPiHPi4748_171409211603.wav"
"2017-03-19 12:07:49,960","INFO","Trial 164 - 12:07:49 - Unrewarded - /home/fet/stimuli/test_categories_box2/nonreward/Di_Stim_9_BlaBla0506_010101010101.wav"
"2017-03-19 12:08:04,876","INFO","Trial 165 - 12:08:04 - Rewarded - /home/fet/stimuli/test_categories_box2/reward/Tu_Stim_3_BluRas07dd_110520121410.wav"
"2017-03-19 12:08:10,885","INFO","Supplying reward for 12.00 seconds"
"2017-03-19 12:08:40,119","INFO","Trial 166 - 12:08:40 - Unrewarded - /home/fet/stimuli/test_categories_box2/nonreward/Th_Stim_10_WhiBlu4917_080109020507.wav"
"2017-03-19 12:08:57,997","INFO","Trial 167 - 12:08:57 - Unrewarded - /home/fet/stimuli/test_categories_box2/nonreward/Wh_Stim_2_WhiBlu5698_061504200719.wav"
"2017-03-19 12:09:04,722","INFO","Trial 168 - 12:09:04 - Unrewarded - /home/fet/stimuli/test_categories_box2/nonreward/Th_Stim_5_WhiBlu4818_020405010304.wav"
"2017-03-19 12:09:18,958","INFO","Trial 169 - 12:09:18 - Unrewarded - /home/fet/stimuli/test_categories_box2/nonreward/Di_Stim_1_Unknown000_020102020102.wav"
"2017-03-19 12:09:29,439","INFO","Trial 170 - 12:09:29 - Unrewarded - /home/fet/stimuli/test_categories_box2/nonreward/Wh_Stim_1_GraLbl0457_010502040205.wav"
"2017-03-19 12:09:29,494","INFO","Trial 171 - 12:09:29 - Unrewarded - /home/fet/stimuli/test_categories_box2/nonreward/Be_Stim_6_LblGre0000_080711.wav"
"2017-03-19 12:09:40,744","INFO","Trial 172 - 12:09:40 - Unrewarded - /home/fet/stimuli/test_categories_box2/nonreward/Be_Stim_2_LblBlu1927_031309.wav"
"2017-03-19 12:09:44,829","INFO","Trial 173 - 12:09:44 - Unrewarded - /home/fet/stimuli/test_categories_box2/nonreward/Di_Stim_10_BlaBla0506_010101010101.wav"
"2017-03-19 12:10:17,628","INFO","Trial 174 - 12:10:17 - Unrewarded - /home/fet/stimuli/test_categories_box2/nonreward/So_Stim_2_BluRas61dd_101917.wav"
"2017-03-19 12:10:27,090","INFO","Trial 175 - 12:10:27 - Unrewarded - /home/fet/stimuli/test_categories_box2/nonreward/DC_Stim_2_WhiBlu4917_091820012206.wav"
"2017-03-19 12:10:36,912","INFO","Trial 176 - 12:10:36 - Unrewarded - /home/fet/stimuli/test_categories_box2/nonreward/Ag_Stim_7_Unknown000_060106060606.wav"
"2017-03-19 12:10:44,961","INFO","Trial 177 - 12:10:44 - Unrewarded - /home/fet/stimuli/test_categories_box2/nonreward/Th_Stim_7_GraGra0201_231343254507.wav"
"2017-03-19 12:10:45,015","INFO","Trial 178 - 12:10:45 - Unrewarded - /home/fet/stimuli/test_categories_box2/nonreward/So_Stim_7_LblRed0613_131108.wav"
"2017-03-19 14:40:52,979","INFO","Trial 179 - 14:40:52 - Unrewarded - /home/fet/stimuli/test_categories_box2/nonreward/DC_Stim_3_BluRas61dd_230112142620.wav"
"2017-03-19 14:40:53,033","INFO","Trial 180 - 14:40:53 - Unrewarded - /home/fet/stimuli/test_categories_box2/nonreward/Te_Stim_2_WhiBlu4917_011915241213.wav"
"2017-03-19 14:40:54,000","INFO","Trial 181 - 14:40:54 - Unrewarded - /home/fet/stimuli/test_categories_box2/nonreward/Be_Stim_9_GraGre0813_061605.wav"
"2017-03-19 14:40:54,049","INFO","Trial 182 - 14:40:54 - Rewarded - /home/fet/stimuli/test_categories_box2/reward/Tu_Stim_5_LblRed0613_010603020705.wav"
"2017-03-19 14:40:54,696","INFO","Trial 183 - 14:40:54 - Rewarded - /home/fet/stimuli/test_categories_box2/reward/Tu_Stim_1_WhiLbl0010_021815230622.wav"
"2017-03-19 14:41:00,704","INFO","Supplying reward for 12.00 seconds"
"2017-03-19 14:41:42,775","INFO","Trial 184 - 14:41:42 - Unrewarded - /home/fet/stimuli/test_categories_box2/nonreward/Wh_Stim_4_WhiBlu5698_181106150419.wav"
"2017-03-19 14:41:45,160","INFO","Trial 185 - 14:41:45 - Unrewarded - /home/fet/stimuli/test_categories_box2/nonreward/Ne_Stim_10_BlaBla0506_071316030513.wav"
"2017-03-19 14:41:55,488","INFO","Trial 186 - 14:41:55 - Rewarded - /home/fet/stimuli/test_categories_box2/reward/Tu_Stim_7_GraGra0201_050301101502.wav"
"2017-03-19 14:42:01,497","INFO","Supplying reward for 12.00 seconds"
"2017-03-19 14:43:06,115","INFO","Trial 187 - 14:43:06 - Unrewarded - /home/fet/stimuli/test_categories_box2/nonreward/Di_Stim_1_WhiBlu4917_010101010101.wav"
"2017-03-19 14:43:07,329","INFO","Trial 188 - 14:43:07 - Unrewarded - /home/fet/stimuli/test_categories_box2/nonreward/Te_Stim_2_BluRas61dd_250501233019.wav"
"2017-03-19 14:43:07,374","INFO","Trial 189 - 14:43:07 - Rewarded - /home/fet/stimuli/test_categories_box2/reward/Tu_Stim_1_YelGre5275_222729140702.wav"
"2017-03-19 14:43:13,382","INFO","Supplying reward for 12.00 seconds"
"2017-03-19 14:43:49,882","INFO","Trial 190 - 14:43:49 - Rewarded - /home/fet/stimuli/test_categories_box2/reward/Tu_Stim_9_WhiLbl0010_030726160201.wav"
"2017-03-19 14:43:55,887","INFO","Supplying reward for 12.00 seconds"
"2017-03-19 14:44:44,421","INFO","Trial 191 - 14:44:44 - Unrewarded - /home/fet/stimuli/test_categories_box2/nonreward/LT_Stim_4_WhiBlu0112_141708232419.wav"
"2017-03-19 14:44:45,488","INFO","Trial 192 - 14:44:45 - Rewarded - /home/fet/stimuli/test_categories_box2/reward/Tu_Stim_4_GreOra1817_170511151009.wav"
"2017-03-19 14:44:51,495","INFO","Supplying reward for 12.00 seconds"
"2017-03-19 14:45:21,664","INFO","Trial 193 - 14:45:21 - Unrewarded - /home/fet/stimuli/test_categories_box2/nonreward/Ag_Stim_2_LblBla4419_030201020201.wav"
"2017-03-19 14:45:22,685","INFO","Trial 194 - 14:45:22 - Unrewarded - /home/fet/stimuli/test_categories_box2/nonreward/DC_Stim_5_WhiBlu4818_040302050102.wav"
"2017-03-19 14:45:22,739","INFO","Trial 195 - 14:45:22 - Unrewarded - /home/fet/stimuli/test_categories_box2/nonreward/Be_Stim_2_LblGre0000_060410.wav"
"2017-03-19 14:45:39,665","INFO","Trial 196 - 14:45:39 - Unrewarded - /home/fet/stimuli/test_categories_box2/nonreward/Ag_Stim_4_WhiBlu4917_010101010101.wav"
"2017-03-19 14:45:49,560","INFO","Trial 197 - 14:45:49 - Unrewarded - /home/fet/stimuli/test_categories_box2/nonreward/Ne_Stim_10_PurRas20dd_070803020305.wav"
"2017-03-19 14:45:59,640","INFO","Trial 198 - 14:45:59 - Unrewarded - /home/fet/stimuli/test_categories_box2/nonreward/Te_Stim_10_GraGra0201_052106142537.wav"
"2017-03-19 14:45:59,694","INFO","Trial 199 - 14:45:59 - Rewarded - /home/fet/stimuli/test_categories_box2/reward/Tu_Stim_10_WhiRas44dd_011302192511.wav"
"2017-03-19 14:46:05,702","INFO","Supplying reward for 12.00 seconds"
"2017-03-19 14:46:55,264","INFO","Trial 200 - 14:46:55 - Unrewarded - /home/fet/stimuli/test_categories_box2/nonreward/Be_Stim_7_LblGre0001_040911_03.wav"
"2017-03-19 14:47:14,846","INFO","Trial 201 - 14:47:14 - Unrewarded - /home/fet/stimuli/test_categories_box2/nonreward/So_Stim_10_GraLbl0457_081103.wav"
"2017-03-19 14:47:16,769","INFO","Trial 202 - 14:47:16 - Unrewarded - /home/fet/stimuli/test_categories_box2/nonreward/LT_Stim_3_LblBlu1630_051416040815.wav"
"2017-03-19 14:47:29,366","INFO","Trial 203 - 14:47:29 - Unrewarded - /home/fet/stimuli/test_categories_box2/nonreward/Ag_Stim_7_WhiBlu4818_070506060705.wav"
"2017-03-19 14:47:39,056","INFO","Trial 204 - 14:47:39 - Unrewarded - /home/fet/stimuli/test_categories_box2/nonreward/Th_Stim_3_BlaBla0506_050401020303.wav"
"2017-03-19 14:47:51,200","INFO","Trial 205 - 14:47:51 - Rewarded - /home/fet/stimuli/test_categories_box2/reward/Tu_Stim_9_BluRas07dd_110215051422.wav"
"2017-03-19 14:47:57,205","INFO","Supplying reward for 12.00 seconds"
"2017-03-19 14:48:53,247","INFO","Trial 206 - 14:48:53 - Rewarded - /home/fet/stimuli/test_categories_box2/reward/Tu_Stim_8_YelGre5275_101107022609.wav"
"2017-03-19 14:48:53,306","INFO","Trial 207 - 14:48:53 - Rewarded - /home/fet/stimuli/test_categories_box2/reward/Tu_Stim_8_GreOra1817_150318141613.wav"
"2017-03-19 14:48:59,313","INFO","Supplying reward for 12.00 seconds"
"2017-03-19 14:49:40,856","INFO","Trial 208 - 14:49:40 - Unrewarded - /home/fet/stimuli/test_categories_box2/nonreward/Te_Stim_2_WhiGra0114_071021021920.wav"
"2017-03-19 14:49:42,012","INFO","Trial 209 - 14:49:42 - Rewarded - /home/fet/stimuli/test_categories_box2/reward/Tu_Stim_10_GreOra1817_031410091305.wav"
"2017-03-19 14:49:48,020","INFO","Supplying reward for 12.00 seconds"
"2017-03-19 14:50:22,502","INFO","Trial 210 - 14:50:22 - Rewarded - /home/fet/stimuli/test_categories_box2/reward/Tu_Stim_3_GraGra0201_131202141707.wav"
"2017-03-19 14:50:28,515","INFO","Supplying reward for 12.00 seconds"
"2017-03-19 14:52:40,918","INFO","Trial 211 - 14:52:40 - Rewarded - /home/fet/stimuli/test_categories_box2/reward/Tu_Stim_9_YelOra2575_181016061221.wav"
"2017-03-19 14:52:46,927","INFO","Supplying reward for 12.00 seconds"
"2017-03-19 14:53:33,778","INFO","Trial 212 - 14:53:33 - Unrewarded - /home/fet/stimuli/test_categories_box2/nonreward/So_Stim_4_GraLbl0457_140301.wav"
"2017-03-19 14:53:34,831","INFO","Trial 213 - 14:53:34 - Unrewarded - /home/fet/stimuli/test_categories_box2/nonreward/Be_Stim_3_WhiBlu0112_151813.wav"
"2017-03-19 14:53:55,923","INFO","Trial 214 - 14:53:55 - Unrewarded - /home/fet/stimuli/test_categories_box2/nonreward/Ag_Stim_2_WhiWhi1415_020202020202.wav"
"2017-03-19 14:54:06,314","INFO","Trial 215 - 14:54:06 - Unrewarded - /home/fet/stimuli/test_categories_box2/nonreward/DC_Stim_4_Unknown00F_142422250716.wav"
"2017-03-19 14:54:07,270","INFO","Trial 216 - 14:54:07 - Unrewarded - /home/fet/stimuli/test_categories_box2/nonreward/Wh_Stim_9_LblRed0613_162918112317.wav"
"2017-03-19 14:54:34,039","INFO","Trial 217 - 14:54:34 - Unrewarded - /home/fet/stimuli/test_categories_box2/nonreward/Ne_Stim_6_Unknown000_010101010101.wav"
"2017-03-19 14:54:35,129","INFO","Trial 218 - 14:54:35 - Unrewarded - /home/fet/stimuli/test_categories_box2/nonreward/DC_Stim_6_RedRas3600_020805011004.wav"
"2017-03-19 14:54:44,331","INFO","Trial 219 - 14:54:44 - Rewarded - /home/fet/stimuli/test_categories_box2/reward/Tu_Stim_2_WhiRas44dd_162715121707.wav"
"2017-03-19 14:54:50,337","INFO","Supplying reward for 12.00 seconds"
"2017-03-19 14:59:26,054","INFO","Trial 220 - 14:59:26 - Unrewarded - /home/fet/stimuli/test_categories_box2/nonreward/Di_Stim_2_WhiLbl0010_040404040404.wav"
"2017-03-19 14:59:33,893","INFO","Trial 221 - 14:59:33 - Unrewarded - /home/fet/stimuli/test_categories_box2/nonreward/Wh_Stim_9_WhiBlu5698_070204182010.wav"
"2017-03-19 14:59:40,549","INFO","Trial 222 - 14:59:40 - Rewarded - /home/fet/stimuli/test_categories_box2/reward/Tu_Stim_3_HPiHPi4748_131204221802.wav"
"2017-03-19 14:59:40,608","INFO","Trial 223 - 14:59:40 - Unrewarded - /home/fet/stimuli/test_categories_box2/nonreward/Th_Stim_7_WhiBlu5698_010706040704.wav"
"2017-03-19 14:59:51,870","INFO","Trial 224 - 14:59:51 - Unrewarded - /home/fet/stimuli/test_categories_box2/nonreward/Di_Stim_8_YelOra2575_110909111111.wav"
"2017-03-19 15:00:03,506","INFO","Trial 225 - 15:00:03 - Unrewarded - /home/fet/stimuli/test_categories_box2/nonreward/DC_Stim_1_BluRas61dd_102633230934.wav"
"2017-03-19 15:00:05,104","INFO","Trial 226 - 15:00:05 - Unrewarded - /home/fet/stimuli/test_categories_box2/nonreward/Wh_Stim_5_BlaBla0506_061312140218.wav"
"2017-03-19 15:00:05,158","INFO","Trial 227 - 15:00:05 - Unrewarded - /home/fet/stimuli/test_categories_box2/nonreward/DC_Stim_9_WhiBlu4818_010503020403.wav"
"2017-03-19 15:00:22,461","INFO","Trial 228 - 15:00:22 - Rewarded - /home/fet/stimuli/test_categories_box2/reward/Tu_Stim_4_GraLbl0457_110113040316.wav"
"2017-03-19 15:00:28,471","INFO","Supplying reward for 12.00 seconds"
"2017-03-19 15:01:18,046","INFO","Trial 229 - 15:01:18 - Unrewarded - /home/fet/stimuli/test_categories_box2/nonreward/So_Stim_8_GraLbl0457_071214.wav"
"2017-03-19 15:01:18,888","INFO","Trial 230 - 15:01:18 - Unrewarded - /home/fet/stimuli/test_categories_box2/nonreward/Be_Stim_5_LblBlu1729_130209.wav"
"2017-03-19 15:01:41,527","INFO","Trial 231 - 15:01:41 - Unrewarded - /home/fet/stimuli/test_categories_box2/nonreward/LT_Stim_7_WhiBlu0112_022126192006.wav"
"2017-03-19 15:01:42,579","INFO","Trial 232 - 15:01:42 - Unrewarded - /home/fet/stimuli/test_categories_box2/nonreward/Wh_Stim_10_BlaLbl8026_080907320908.wav"
"2017-03-19 15:02:00,258","INFO","Trial 233 - 15:02:00 - Unrewarded - /home/fet/stimuli/test_categories_box2/nonreward/Di_Stim_2_GraGra0201_010707070707.wav"
"2017-03-19 15:02:01,324","INFO","Trial 234 - 15:02:01 - Unrewarded - /home/fet/stimuli/test_categories_box2/nonreward/DC_Stim_5_WhiBlu4917_182206200919.wav"
"2017-03-19 15:02:16,416","INFO","Trial 235 - 15:02:16 - Unrewarded - /home/fet/stimuli/test_categories_box2/nonreward/Be_Stim_9_GraGre1001_091202.wav"
"2017-03-19 15:02:37,018","INFO","Trial 236 - 15:02:37 - Unrewarded - /home/fet/stimuli/test_categories_box2/nonreward/Ne_Stim_4_BlaBla0506_030916071307.wav"
"2017-03-19 15:02:46,995","INFO","Trial 237 - 15:02:46 - Unrewarded - /home/fet/stimuli/test_categories_box2/nonreward/Be_Stim_1_LblBlu1927_060408.wav"
"2017-03-19 15:02:58,033","INFO","Trial 238 - 15:02:58 - Unrewarded - /home/fet/stimuli/test_categories_box2/nonreward/Ne_Stim_2_BlaBla0506_160910050207.wav"
"2017-03-19 15:03:15,310","INFO","Trial 239 - 15:03:15 - Rewarded - /home/fet/stimuli/test_categories_box2/reward/Tu_Stim_6_WhiRas44dd_162326030121.wav"
"2017-03-19 15:03:21,319","INFO","Supplying reward for 12.00 seconds"
"2017-03-19 15:04:35,318","INFO","Trial 240 - 15:04:35 - Unrewarded - /home/fet/stimuli/test_categories_box2/nonreward/Ag_Stim_3_WhiBlu4917_010101010101.wav"
"2017-03-19 15:04:36,290","INFO","Trial 241 - 15:04:36 - Unrewarded - /home/fet/stimuli/test_categories_box2/nonreward/Ag_Stim_10_WhiRas44dd_213210312411.wav"
"2017-03-19 15:04:49,186","INFO","Trial 242 - 15:04:49 - Rewarded - /home/fet/stimuli/test_categories_box2/reward/Tu_Stim_4_PurRas20dd_070804020603.wav"
"2017-03-19 15:04:55,195","INFO","Supplying reward for 12.00 seconds"
"2017-03-19 15:05:40,466","INFO","Trial 243 - 15:05:40 - Rewarded - /home/fet/stimuli/test_categories_box2/reward/Tu_Stim_9_PurRas20dd_040602030507.wav"
"2017-03-19 15:05:46,475","INFO","Supplying reward for 12.00 seconds"
"2017-03-19 15:06:36,079","INFO","Trial 244 - 15:06:36 - Rewarded - /home/fet/stimuli/test_categories_box2/reward/Tu_Stim_2_GreOra1817_031418130607.wav"
"2017-03-19 15:06:42,088","INFO","Supplying reward for 12.00 seconds"
"2017-03-19 15:07:16,455","INFO","Trial 245 - 15:07:16 - Unrewarded - /home/fet/stimuli/test_categories_box2/nonreward/Ne_Stim_8_WhiWhi1415_100604070809.wav"
"2017-03-19 15:07:26,167","INFO","Trial 246 - 15:07:26 - Rewarded - /home/fet/stimuli/test_categories_box2/reward/Tu_Stim_7_WhiRas44dd_162406111901.wav"
"2017-03-19 15:07:32,175","INFO","Supplying reward for 12.00 seconds"
"2017-03-19 15:08:18,388","INFO","Trial 247 - 15:08:18 - Unrewarded - /home/fet/stimuli/test_categories_box2/nonreward/Ag_Stim_1_Unknown000_060101010101.wav"
"2017-03-19 15:08:34,538","INFO","Trial 248 - 15:08:34 - Unrewarded - /home/fet/stimuli/test_categories_box2/nonreward/Wh_Stim_6_GraLbl0457_010502040105.wav"
"2017-03-19 15:08:48,136","INFO","Trial 249 - 15:08:48 - Unrewarded - /home/fet/stimuli/test_categories_box2/nonreward/Ne_Stim_10_HPiHPi4748_224514032730.wav"
"2017-03-19 15:09:20,567","INFO","Trial 250 - 15:09:20 - Unrewarded - /home/fet/stimuli/test_categories_box2/nonreward/Th_Stim_5_WhiBlu5698_060407010601.wav"
"2017-03-19 15:09:42,717","INFO","Trial 251 - 15:09:42 - Unrewarded - /home/fet/stimuli/test_categories_box2/nonreward/LT_Stim_6_LblGre0000_161013171821.wav"
"2017-03-19 15:09:52,977","INFO","Trial 252 - 15:09:52 - Unrewarded - /home/fet/stimuli/test_categories_box2/nonreward/Ne_Stim_8_LblBla4548_280422214529.wav"
"2017-03-19 15:09:59,714","INFO","Trial 253 - 15:09:59 - Unrewarded - /home/fet/stimuli/test_categories_box2/nonreward/Te_Stim_6_WhiBlu4917_080925160423.wav"
"2017-03-19 15:10:26,648","INFO","Trial 254 - 15:10:26 - Rewarded - /home/fet/stimuli/test_categories_box2/reward/Tu_Stim_9_HPiHPi4748_291911250823.wav"
"2017-03-19 15:10:32,653","INFO","Supplying reward for 12.00 seconds"
"2017-03-19 15:10:59,980","INFO","Trial 255 - 15:10:59 - Unrewarded - /home/fet/stimuli/test_categories_box2/nonreward/So_Stim_2_YelOra2575_251423.wav"
"2017-03-19 15:11:17,899","INFO","Trial 256 - 15:11:17 - Rewarded - /home/fet/stimuli/test_categories_box2/reward/Tu_Stim_5_WhiLbl0010_190712242002.wav"
"2017-03-19 15:11:23,904","INFO","Supplying reward for 12.00 seconds"
"2017-03-19 15:11:52,766","INFO","Trial 257 - 15:11:52 - Unrewarded - /home/fet/stimuli/test_categories_box2/nonreward/Ag_Stim_8_WhiRas44dd_082111312410.wav"
"2017-03-19 15:12:05,140","INFO","Trial 258 - 15:12:05 - Unrewarded - /home/fet/stimuli/test_categories_box2/nonreward/Te_Stim_8_YelOra2575_041827301017.wav"
"2017-03-19 15:12:23,079","INFO","Trial 259 - 15:12:23 - Unrewarded - /home/fet/stimuli/test_categories_box2/nonreward/Ag_Stim_8_GreOra1817_292122312032.wav"
"2017-03-19 15:12:33,302","INFO","Trial 260 - 15:12:33 - Unrewarded - /home/fet/stimuli/test_categories_box2/nonreward/Be_Stim_2_WhiBlu0112_191202.wav"
"2017-03-19 15:12:54,715","INFO","Trial 261 - 15:12:54 - Rewarded - /home/fet/stimuli/test_categories_box2/reward/Tu_Stim_6_YelOra2575_100818212212.wav"
"2017-03-19 15:13:00,724","INFO","Supplying reward for 12.00 seconds"
"2017-03-19 15:13:25,438","INFO","Trial 262 - 15:13:25 - Unrewarded - /home/fet/stimuli/test_categories_box2/nonreward/Th_Stim_10_Unknown000_070410010205.wav"
"2017-03-19 15:13:48,104","INFO","Trial 263 - 15:13:48 - Unrewarded - /home/fet/stimuli/test_categories_box2/nonreward/DC_Stim_8_RedRas3600_050901080402.wav"
"2017-03-19 15:14:03,074","INFO","Trial 264 - 15:14:03 - Unrewarded - /home/fet/stimuli/test_categories_box2/nonreward/Ag_Stim_3_GreOra1817_281425090729.wav"
"2017-03-19 15:14:20,072","INFO","Trial 265 - 15:14:20 - Rewarded - /home/fet/stimuli/test_categories_box2/reward/Tu_Stim_4_YelOra2575_172115221016.wav"
"2017-03-19 15:14:26,081","INFO","Supplying reward for 12.00 seconds"
"2017-03-19 15:14:55,480","INFO","Trial 266 - 15:14:55 - Rewarded - /home/fet/stimuli/test_categories_box2/reward/Tu_Stim_7_LblRed0613_010308060502.wav"
"2017-03-19 15:15:01,485","INFO","Supplying reward for 12.00 seconds"
"2017-03-19 15:15:30,949","INFO","Trial 267 - 15:15:30 - Unrewarded - /home/fet/stimuli/test_categories_box2/nonreward/Di_Stim_9_PurRas20dd_010404040404.wav"
"2017-03-19 15:15:42,606","INFO","Trial 268 - 15:15:42 - Unrewarded - /home/fet/stimuli/test_categories_box2/nonreward/DC_Stim_9_BlaBla0506_152612172416.wav"
"2017-03-19 15:16:17,027","INFO","Trial 269 - 15:16:17 - Unrewarded - /home/fet/stimuli/test_categories_box2/nonreward/Wh_Stim_9_LblBla4548_051201141011.wav"
"2017-03-19 16:34:54,420","INFO","Trial 270 - 16:34:54 - Unrewarded - /home/fet/stimuli/test_categories_box2/nonreward/Ag_Stim_5_BluRas07dd_200805101309.wav"
"2017-03-19 16:35:09,553","INFO","Trial 271 - 16:35:09 - Unrewarded - /home/fet/stimuli/test_categories_box2/nonreward/Te_Stim_5_WhiGra0114_201102072105.wav"
"2017-03-19 16:35:38,080","INFO","Trial 272 - 16:35:38 - Unrewarded - /home/fet/stimuli/test_categories_box2/nonreward/LT_Stim_6_LblBlu6379_051503060823.wav"
"2017-03-19 16:35:56,678","INFO","Trial 273 - 16:35:56 - Rewarded - /home/fet/stimuli/test_categories_box2/reward/Tu_Stim_5_YelGre5275_041814122702.wav"
"2017-03-19 16:36:02,688","INFO","Supplying reward for 12.00 seconds"
"2017-03-19 16:37:33,948","INFO","Trial 274 - 16:37:33 - Unrewarded - /home/fet/stimuli/test_categories_box2/nonreward/LT_Stim_6_LblBlu6243_083029011402.wav"
"2017-03-19 16:37:44,416","INFO","Trial 275 - 16:37:44 - Unrewarded - /home/fet/stimuli/test_categories_box2/nonreward/Ag_Stim_9_WhiRas44dd_243110081121.wav"
"2017-03-19 16:37:44,467","INFO","Trial 276 - 16:37:44 - Unrewarded - /home/fet/stimuli/test_categories_box2/nonreward/Ne_Stim_2_WhiBlu4917_120407061008.wav"
"2017-03-19 16:37:59,374","INFO","Trial 277 - 16:37:59 - Rewarded - /home/fet/stimuli/test_categories_box2/reward/Tu_Stim_2_BluRas07dd_012019101207.wav"
"2017-03-19 16:37:59,428","INFO","Trial 278 - 16:37:59 - Unrewarded - /home/fet/stimuli/test_categories_box2/nonreward/LT_Stim_6_LblBlu1630_020813140709.wav"
"2017-03-19 16:38:12,677","INFO","Trial 279 - 16:38:12 - Unrewarded - /home/fet/stimuli/test_categories_box2/nonreward/Be_Stim_3_LblGre0001_0711_0208.wav"
"2017-03-19 16:38:27,872","INFO","Trial 280 - 16:38:27 - Unrewarded - /home/fet/stimuli/test_categories_box2/nonreward/Be_Stim_5_GraRas1500_050406.wav"
"2017-03-19 16:38:38,144","INFO","Trial 281 - 16:38:38 - Rewarded - /home/fet/stimuli/test_categories_box2/reward/Tu_Stim_2_YelGre5275_051121240610.wav"
"2017-03-19 16:38:38,199","INFO","Trial 282 - 16:38:38 - Unrewarded - /home/fet/stimuli/test_categories_box2/nonreward/Te_Stim_4_GraLbl0457_131614042326.wav"
"2017-03-19 16:38:38,867","INFO","Trial 283 - 16:38:38 - Unrewarded - /home/fet/stimuli/test_categories_box2/nonreward/Th_Stim_10_WhiBlu5698_010604070601.wav"
"2017-03-19 16:38:38,915","INFO","Trial 284 - 16:38:38 - Unrewarded - /home/fet/stimuli/test_categories_box2/nonreward/LT_Stim_9_LblBlu2028_020911070508.wav"
"2017-03-19 16:38:51,746","INFO","Trial 285 - 16:38:51 - Unrewarded - /home/fet/stimuli/test_categories_box2/nonreward/Be_Stim_2_GraGre0813_061410.wav"
"2017-03-19 16:39:02,067","INFO","Trial 286 - 16:39:02 - Unrewarded - /home/fet/stimuli/test_categories_box2/nonreward/Be_Stim_4_LblBlu1927_150305.wav"
"2017-03-19 16:39:16,148","INFO","Trial 287 - 16:39:16 - Unrewarded - /home/fet/stimuli/test_categories_box2/nonreward/Be_Stim_8_LblGre0000_011006.wav"
"2017-03-19 16:39:33,198","INFO","Trial 288 - 16:39:33 - Rewarded - /home/fet/stimuli/test_categories_box2/reward/Tu_Stim_9_GreOra1817_030412141609.wav"
"2017-03-19 16:39:39,203","INFO","Supplying reward for 12.00 seconds"
"2017-03-19 16:41:08,489","INFO","Trial 289 - 16:41:08 - Unrewarded - /home/fet/stimuli/test_categories_box2/nonreward/Te_Stim_10_BluRas61dd_251017240308.wav"
"2017-03-19 16:41:08,540","INFO","Trial 290 - 16:41:08 - Unrewarded - /home/fet/stimuli/test_categories_box2/nonreward/Di_Stim_4_BlaBla0506_010101010101.wav"
"2017-03-19 16:41:18,217","INFO","Trial 291 - 16:41:18 - Unrewarded - /home/fet/stimuli/test_categories_box2/nonreward/DC_Stim_4_HPiHPi4748_071108122706.wav"
"2017-03-19 16:41:32,396","INFO","Trial 292 - 16:41:32 - Unrewarded - /home/fet/stimuli/test_categories_box2/nonreward/Ne_Stim_2_YelGre5275_172131321222.wav"
"2017-03-19 16:41:45,851","INFO","Trial 293 - 16:41:45 - Rewarded - /home/fet/stimuli/test_categories_box2/reward/Tu_Stim_10_YelOra2575_281726230624.wav"
"2017-03-19 16:41:45,901","INFO","Trial 294 - 16:41:45 - Unrewarded - /home/fet/stimuli/test_categories_box2/nonreward/Be_Stim_8_LblGre0001_03_020108.wav"
"2017-03-19 16:41:52,523","INFO","Trial 295 - 16:41:52 - Unrewarded - /home/fet/stimuli/test_categories_box2/nonreward/Th_Stim_3_GraGra0201_051244010214.wav"
"2017-03-19 16:42:37,560","INFO","Trial 296 - 16:42:37 - Rewarded - /home/fet/stimuli/test_categories_box2/reward/Tu_Stim_4_BluRas07dd_190411061407.wav"
"2017-03-19 16:42:37,614","INFO","Trial 297 - 16:42:37 - Unrewarded - /home/fet/stimuli/test_categories_box2/nonreward/Be_Stim_3_GraGre1001_031408.wav"
"2017-03-19 16:42:45,109","INFO","Trial 298 - 16:42:45 - Unrewarded - /home/fet/stimuli/test_categories_box2/nonreward/So_Stim_1_GraLbl0457_030612.wav"
"2017-03-19 16:42:52,229","INFO","Trial 299 - 16:42:52 - Unrewarded - /home/fet/stimuli/test_categories_box2/nonreward/So_Stim_4_YelOra2575_111819.wav"
"2017-03-19 16:43:05,971","INFO","Trial 300 - 16:43:05 - Unrewarded - /home/fet/stimuli/test_categories_box2/nonreward/Wh_Stim_10_LblRed0613_392925140218.wav"
"2017-03-19 16:43:06,026","INFO","Trial 301 - 16:43:06 - Unrewarded - /home/fet/stimuli/test_categories_box2/nonreward/Wh_Stim_4_LblBla4548_030117081605.wav"
"2017-03-19 16:43:22,479","INFO","Trial 302 - 16:43:22 - Unrewarded - /home/fet/stimuli/test_categories_box2/nonreward/Di_Stim_8_BlaBla0506_010101010101.wav"
"2017-03-19 16:43:24,348","INFO","Trial 303 - 16:43:24 - Unrewarded - /home/fet/stimuli/test_categories_box2/nonreward/So_Stim_4_WhiBlu5698_241831.wav"
"2017-03-19 16:43:35,579","INFO","Trial 304 - 16:43:35 - Unrewarded - /home/fet/stimuli/test_categories_box2/nonreward/Th_Stim_4_WhiBlu5698_060107040101.wav"
"2017-03-19 16:43:35,634","INFO","Trial 305 - 16:43:35 - Unrewarded - /home/fet/stimuli/test_categories_box2/nonreward/Be_Stim_3_LblBlu1729_110907.wav"
"2017-03-19 16:43:36,695","INFO","Trial 306 - 16:43:36 - Rewarded - /home/fet/stimuli/test_categories_box2/reward/Tu_Stim_10_YelGre5275_230206122609.wav"
"2017-03-19 16:43:36,744","INFO","Trial 307 - 16:43:36 - Rewarded - /home/fet/stimuli/test_categories_box2/reward/Tu_Stim_10_HPiHPi4748_071022051323.wav"
"2017-03-19 16:43:42,752","INFO","Supplying reward for 12.00 seconds"
"2017-03-19 16:44:15,013","INFO","Trial 308 - 16:44:15 - Unrewarded - /home/fet/stimuli/test_categories_box2/nonreward/Be_Stim_5_LblGre0000_040103.wav"
"2017-03-19 16:44:15,072","INFO","Trial 309 - 16:44:15 - Unrewarded - /home/fet/stimuli/test_categories_box2/nonreward/Th_Stim_9_WhiWhi1415_141906010417.wav"
"2017-03-19 16:44:36,846","INFO","Trial 310 - 16:44:36 - Unrewarded - /home/fet/stimuli/test_categories_box2/nonreward/Di_Stim_7_PurRas20dd_040101010401.wav"
"2017-03-19 16:44:36,900","INFO","Trial 311 - 16:44:36 - Unrewarded - /home/fet/stimuli/test_categories_box2/nonreward/LT_Stim_1_LblBlu1630_040712010210.wav"
"2017-03-19 16:44:37,827","INFO","Trial 312 - 16:44:37 - Unrewarded - /home/fet/stimuli/test_categories_box2/nonreward/Ne_Stim_10_WhiWhi1415_100604050907.wav"
"2017-03-19 16:44:37,879","INFO","Trial 313 - 16:44:37 - Rewarded - /home/fet/stimuli/test_categories_box2/reward/Tu_Stim_1_PurRas20dd_060701090402.wav"
"2017-03-19 16:44:43,888","INFO","Supplying reward for 12.00 seconds"
"2017-03-19 16:45:27,400","INFO","Trial 314 - 16:45:27 - Unrewarded - /home/fet/stimuli/test_categories_box2/nonreward/Wh_Stim_3_BlaLbl8026_090732080709.wav"
"2017-03-19 16:45:38,071","INFO","Trial 315 - 16:45:38 - Unrewarded - /home/fet/stimuli/test_categories_box2/nonreward/Ne_Stim_9_HPiHPi4748_081603140121.wav"
"2017-03-19 16:45:38,125","INFO","Trial 316 - 16:45:38 - Unrewarded - /home/fet/stimuli/test_categories_box2/nonreward/DC_Stim_9_WhiBlu5698_161112231703.wav"
"2017-03-19 16:45:51,736","INFO","Trial 317 - 16:45:51 - Unrewarded - /home/fet/stimuli/test_categories_box2/nonreward/Wh_Stim_5_GraGra0201_050105020504.wav"
"2017-03-19 16:46:06,752","INFO","Trial 318 - 16:46:06 - Unrewarded - /home/fet/stimuli/test_categories_box2/nonreward/Ne_Stim_1_PurRas20dd_010306050708.wav"
"2017-03-19 16:46:18,336","INFO","Trial 319 - 16:46:18 - Rewarded - /home/fet/stimuli/test_categories_box2/reward/Tu_Stim_6_HPiHPi4748_231424151918.wav"
"2017-03-19 16:46:24,341","INFO","Supplying reward for 12.00 seconds"
"2017-03-19 16:46:54,824","INFO","Trial 320 - 16:46:54 - Unrewarded - /home/fet/stimuli/test_categories_box2/nonreward/Ne_Stim_10_LblRed0613_143960083143.wav"
"2017-03-19 16:47:17,913","INFO","Trial 321 - 16:47:17 - Unrewarded - /home/fet/stimuli/test_categories_box2/nonreward/Be_Stim_9_LblBlu6379_04_0103_0101_01.wav"
"2017-03-19 16:47:27,273","INFO","Trial 322 - 16:47:27 - Unrewarded - /home/fet/stimuli/test_categories_box2/nonreward/Th_Stim_3_YelGre5275_281301022942.wav"
"2017-03-19 16:47:48,380","INFO","Trial 323 - 16:47:48 - Rewarded - /home/fet/stimuli/test_categories_box2/reward/Tu_Stim_1_WhiRas44dd_230126120317.wav"
"2017-03-19 16:47:48,435","INFO","Trial 324 - 16:47:48 - Unrewarded - /home/fet/stimuli/test_categories_box2/nonreward/Wh_Stim_9_LblBla4419_180501171004.wav"
"2017-03-19 16:48:14,341","INFO","Trial 325 - 16:48:14 - Unrewarded - /home/fet/stimuli/test_categories_box2/nonreward/Wh_Stim_1_GreGre2522_020103030303.wav"
"2017-03-19 16:48:20,956","INFO","Trial 326 - 16:48:20 - Unrewarded - /home/fet/stimuli/test_categories_box2/nonreward/Te_Stim_10_PurRas20dd_252330010316.wav"
"2017-03-19 16:48:46,384","INFO","Trial 327 - 16:48:46 - Unrewarded - /home/fet/stimuli/test_categories_box2/nonreward/Di_Stim_2_YelOra2575_091111090911.wav"
"2017-03-19 16:48:56,460","INFO","Trial 328 - 16:48:56 - Unrewarded - /home/fet/stimuli/test_categories_box2/nonreward/So_Stim_7_WhiLbl0010_060408.wav"
"2017-03-19 16:49:11,886","INFO","Trial 329 - 16:49:11 - Unrewarded - /home/fet/stimuli/test_categories_box2/nonreward/LT_Stim_4_LblBlu1630_030207090512.wav"
"2017-03-19 16:49:24,268","INFO","Trial 330 - 16:49:24 - Unrewarded - /home/fet/stimuli/test_categories_box2/nonreward/Di_Stim_3_PurRas20dd_040104010104.wav"
"2017-03-19 16:49:44,424","INFO","Trial 331 - 16:49:44 - Unrewarded - /home/fet/stimuli/test_categories_box2/nonreward/LT_Stim_8_LblGre0000_101418191708.wav"
"2017-03-19 16:49:44,864","INFO","Trial 332 - 16:49:44 - Rewarded - /home/fet/stimuli/test_categories_box2/reward/Tu_Stim_8_GraLbl0457_061115041001.wav"
"2017-03-19 16:49:50,872","INFO","Supplying reward for 12.00 seconds"
"2017-03-19 16:50:14,030","INFO","Trial 333 - 16:50:14 - Rewarded - /home/fet/stimuli/test_categories_box2/reward/Tu_Stim_9_GraGra0201_020719151416.wav"
"2017-03-19 16:50:20,039","INFO","Supplying reward for 12.00 seconds"
"2017-03-19 16:51:23,490","INFO","Trial 334 - 16:51:23 - Unrewarded - /home/fet/stimuli/test_categories_box2/nonreward/DC_Stim_9_LblBla4419_041023181329.wav"
"2017-03-19 16:51:49,470","INFO","Trial 335 - 16:51:49 - Unrewarded - /home/fet/stimuli/test_categories_box2/nonreward/So_Stim_2_GraLbl0457_081410.wav"
"2017-03-19 17:45:16,289","INFO","Finishing session 1 at Sun Mar 19 17:45:16 2017"
"2017-03-19 17:45:16,289","INFO","Finished all sessions."
"2017-03-19 17:45:16,596","INFO","Exiting Session state"
"2017-03-19 17:45:16,597","INFO","Finishing experiment"
"2017-03-19 17:45:16,903","INFO","Exiting Idle state"
