2016-10-29 10:14:45.916397	PeckPort	off	None
2016-10-29 10:14:45.918492	HouseLight	on	None
2016-10-29 10:14:45.920505	Hopper	down	None
2016-10-29 10:14:46.226102	Hopper	down	None
2016-10-29 10:14:46.532122	HouseLight	on	None
2016-10-29 10:14:46.532666	PeckPort	on	None
2016-10-29 10:16:17.771405	Trial	start	1
2016-10-29 10:16:17.774085	Speaker	play	None
2016-10-29 10:16:23.779671	Speaker	stop	None
2016-10-29 10:16:23.780721	Trial	end	1
2016-10-29 10:16:25.851682	Trial	start	2
2016-10-29 10:16:25.859980	Speaker	play	None
2016-10-29 10:16:31.864303	Speaker	stop	None
2016-10-29 10:16:31.865431	Trial	end	2
2016-10-29 10:16:35.550566	Trial	start	3
2016-10-29 10:16:35.553381	Speaker	play	None
2016-10-29 10:16:41.558144	Speaker	stop	None
2016-10-29 10:16:41.559158	Trial	end	3
2016-10-29 10:16:47.213714	Trial	start	4
2016-10-29 10:16:47.218690	Speaker	play	None
2016-10-29 10:16:53.222244	Speaker	stop	None
2016-10-29 10:16:53.223945	Trial	end	4
2016-10-29 10:17:04.136446	Trial	start	5
2016-10-29 10:17:04.138854	Speaker	play	None
2016-10-29 10:17:08.953096	Speaker	stop	None
2016-10-29 10:17:08.954309	Trial	end	5
2016-10-29 10:17:08.955739	Trial	start	6
2016-10-29 10:17:08.958138	Speaker	play	None
2016-10-29 10:17:14.215780	Speaker	stop	None
2016-10-29 10:17:14.216678	Trial	end	6
2016-10-29 10:17:14.218032	Trial	start	7
2016-10-29 10:17:14.220865	Speaker	play	None
2016-10-29 10:17:20.229013	Speaker	stop	None
2016-10-29 10:17:20.230386	Trial	end	7
2016-10-29 10:17:23.315829	Trial	start	8
2016-10-29 10:17:23.318357	Speaker	play	None
2016-10-29 10:17:26.989701	Speaker	stop	None
2016-10-29 10:17:26.990621	Trial	end	8
2016-10-29 10:17:26.991691	Trial	start	9
2016-10-29 10:17:26.994272	Speaker	play	None
2016-10-29 10:17:31.056603	Speaker	stop	None
2016-10-29 10:17:31.057623	Trial	end	9
2016-10-29 10:17:31.058958	Trial	start	10
2016-10-29 10:17:31.061727	Speaker	play	None
2016-10-29 10:17:31.138807	Speaker	stop	None
2016-10-29 10:17:31.140454	Trial	end	10
2016-10-29 10:17:31.142289	Trial	start	11
2016-10-29 10:17:31.144405	Speaker	play	None
2016-10-29 10:17:33.952650	Speaker	stop	None
2016-10-29 10:17:33.954797	Trial	end	11
2016-10-29 10:17:33.956841	Trial	start	12
2016-10-29 10:17:33.959010	Speaker	play	None
2016-10-29 10:17:34.018729	Speaker	stop	None
2016-10-29 10:17:34.021232	Trial	end	12
2016-10-29 10:17:34.023444	Trial	start	13
2016-10-29 10:17:34.025340	Speaker	play	None
2016-10-29 10:17:40.031033	Speaker	stop	None
2016-10-29 10:17:40.032445	Trial	end	13
2016-10-29 10:17:43.142670	Trial	start	14
2016-10-29 10:17:43.146412	Speaker	play	None
2016-10-29 10:17:49.151174	Speaker	stop	None
2016-10-29 10:17:49.153055	Trial	end	14
2016-10-29 10:17:53.086303	Trial	start	15
2016-10-29 10:17:53.088841	Speaker	play	None
2016-10-29 10:17:59.094414	Speaker	stop	None
2016-10-29 10:17:59.095296	Trial	end	15
2016-10-29 10:17:59.791076	Trial	start	16
2016-10-29 10:17:59.794599	Speaker	play	None
2016-10-29 10:18:05.798838	Speaker	stop	None
2016-10-29 10:18:05.800132	Trial	end	16
2016-10-29 10:18:09.412076	Trial	start	17
2016-10-29 10:18:09.418567	Speaker	play	None
2016-10-29 10:18:10.815930	Speaker	stop	None
2016-10-29 10:18:10.816896	Trial	end	17
2016-10-29 10:18:10.817875	Trial	start	18
2016-10-29 10:18:10.819769	Speaker	play	None
2016-10-29 10:18:16.823977	Speaker	stop	None
2016-10-29 10:18:16.824907	Trial	end	18
2016-10-29 10:18:21.337235	Trial	start	19
2016-10-29 10:18:21.342200	Speaker	play	None
2016-10-29 10:18:27.349493	Speaker	stop	None
2016-10-29 10:18:27.350834	Hopper	up	None
2016-10-29 10:18:39.353651	Hopper	down	None
2016-10-29 10:18:39.656304	Trial	end	19
2016-10-29 10:19:45.033527	Trial	start	20
2016-10-29 10:19:45.036372	Speaker	play	None
2016-10-29 10:19:45.246584	Speaker	stop	None
2016-10-29 10:19:45.247632	Trial	end	20
2016-10-29 10:19:45.248681	Trial	start	21
2016-10-29 10:19:45.250614	Speaker	play	None
2016-10-29 10:19:51.254729	Speaker	stop	None
2016-10-29 10:19:51.255502	Trial	end	21
2016-10-29 10:19:55.030868	Trial	start	22
2016-10-29 10:19:55.034829	Speaker	play	None
2016-10-29 10:20:01.039443	Speaker	stop	None
2016-10-29 10:20:01.040860	Trial	end	22
2016-10-29 10:20:02.632334	Trial	start	23
2016-10-29 10:20:02.635873	Speaker	play	None
2016-10-29 10:20:08.648492	Speaker	stop	None
2016-10-29 10:20:08.649524	Trial	end	23
2016-10-29 10:20:11.646466	Trial	start	24
2016-10-29 10:20:11.648747	Speaker	play	None
2016-10-29 10:20:17.654465	Speaker	stop	None
2016-10-29 10:20:17.655386	Trial	end	24
2016-10-29 10:20:21.381458	Trial	start	25
2016-10-29 10:20:21.383826	Speaker	play	None
2016-10-29 10:20:27.389873	Speaker	stop	None
2016-10-29 10:20:27.391087	Trial	end	25
2016-10-29 10:20:30.060008	Trial	start	26
2016-10-29 10:20:30.062563	Speaker	play	None
2016-10-29 10:20:30.142674	Speaker	stop	None
2016-10-29 10:20:30.144007	Trial	end	26
2016-10-29 10:20:30.145699	Trial	start	27
2016-10-29 10:20:30.148258	Speaker	play	None
2016-10-29 10:20:36.154135	Speaker	stop	None
2016-10-29 10:20:36.155034	Trial	end	27
2016-10-29 10:20:39.962966	Trial	start	28
2016-10-29 10:20:39.966640	Speaker	play	None
2016-10-29 10:20:45.971287	Speaker	stop	None
2016-10-29 10:20:45.972266	Trial	end	28
2016-10-29 10:20:51.827753	Trial	start	29
2016-10-29 10:20:51.831387	Speaker	play	None
2016-10-29 10:20:52.057553	Speaker	stop	None
2016-10-29 10:20:52.058801	Trial	end	29
2016-10-29 10:20:52.060064	Trial	start	30
2016-10-29 10:20:52.062099	Speaker	play	None
2016-10-29 10:20:58.065400	Speaker	stop	None
2016-10-29 10:20:58.066415	Trial	end	30
2016-10-29 10:21:06.146042	Trial	start	31
2016-10-29 10:21:06.148513	Speaker	play	None
2016-10-29 10:21:12.154065	Speaker	stop	None
2016-10-29 10:21:12.155164	Trial	end	31
2016-10-29 10:21:13.394822	Trial	start	32
2016-10-29 10:21:13.397537	Speaker	play	None
2016-10-29 10:21:19.403023	Speaker	stop	None
2016-10-29 10:21:19.403866	Trial	end	32
2016-10-29 10:21:21.881002	Trial	start	33
2016-10-29 10:21:21.883967	Speaker	play	None
2016-10-29 10:21:27.889061	Speaker	stop	None
2016-10-29 10:21:27.889858	Trial	end	33
2016-10-29 10:21:30.731292	Trial	start	34
2016-10-29 10:21:30.733601	Speaker	play	None
2016-10-29 10:21:36.739573	Speaker	stop	None
2016-10-29 10:21:36.740427	Trial	end	34
2016-10-29 10:21:39.786516	Trial	start	35
2016-10-29 10:21:39.788795	Speaker	play	None
2016-10-29 10:21:39.925866	Speaker	stop	None
2016-10-29 10:21:39.926751	Trial	end	35
2016-10-29 10:21:39.927853	Trial	start	36
2016-10-29 10:21:39.929688	Speaker	play	None
2016-10-29 10:21:40.774168	Speaker	stop	None
2016-10-29 10:21:40.775793	Trial	end	36
2016-10-29 10:21:40.777614	Trial	start	37
2016-10-29 10:21:40.780605	Speaker	play	None
2016-10-29 10:21:46.785894	Speaker	stop	None
2016-10-29 10:21:46.786804	Trial	end	37
2016-10-29 10:21:52.269741	Trial	start	38
2016-10-29 10:21:52.272092	Speaker	play	None
2016-10-29 10:21:52.380889	Speaker	stop	None
2016-10-29 10:21:52.383027	Trial	end	38
2016-10-29 10:21:52.384584	Trial	start	39
2016-10-29 10:21:52.386777	Speaker	play	None
2016-10-29 10:21:58.392789	Speaker	stop	None
2016-10-29 10:21:58.393700	Trial	end	39
2016-10-29 10:22:04.032203	Trial	start	40
2016-10-29 10:22:04.035180	Speaker	play	None
2016-10-29 10:22:10.041493	Speaker	stop	None
2016-10-29 10:22:10.043484	Trial	end	40
2016-10-29 10:22:13.804143	Trial	start	41
2016-10-29 10:22:13.807289	Speaker	play	None
2016-10-29 10:22:19.812662	Speaker	stop	None
2016-10-29 10:22:19.814860	Hopper	up	None
2016-10-29 10:22:31.816551	Hopper	down	None
2016-10-29 10:22:32.119587	Trial	end	41
2016-10-29 10:23:39.917983	Trial	start	42
2016-10-29 10:23:39.922428	Speaker	play	None
2016-10-29 10:23:45.926122	Speaker	stop	None
2016-10-29 10:23:45.927252	Trial	end	42
2016-10-29 10:23:49.059918	Trial	start	43
2016-10-29 10:23:49.066121	Speaker	play	None
2016-10-29 10:23:52.397360	Speaker	stop	None
2016-10-29 10:23:52.398408	Trial	end	43
2016-10-29 10:23:52.399638	Trial	start	44
2016-10-29 10:23:52.401461	Speaker	play	None
2016-10-29 10:23:58.405184	Speaker	stop	None
2016-10-29 10:23:58.406878	Trial	end	44
2016-10-29 10:24:01.669494	Trial	start	45
2016-10-29 10:24:01.673356	Speaker	play	None
2016-10-29 10:24:02.103928	Speaker	stop	None
2016-10-29 10:24:02.105459	Trial	end	45
2016-10-29 10:24:02.106950	Trial	start	46
2016-10-29 10:24:02.108903	Speaker	play	None
2016-10-29 10:24:08.115712	Speaker	stop	None
2016-10-29 10:24:08.117196	Hopper	up	None
2016-10-29 10:24:20.119696	Hopper	down	None
2016-10-29 10:24:20.422538	Trial	end	46
2016-10-29 10:31:56.597593	Trial	start	47
2016-10-29 10:31:56.601356	Speaker	play	None
2016-10-29 10:32:02.606735	Speaker	stop	None
2016-10-29 10:32:02.608682	Trial	end	47
2016-10-29 10:32:20.716593	Trial	start	48
2016-10-29 10:32:20.722620	Speaker	play	None
2016-10-29 10:32:26.733112	Speaker	stop	None
2016-10-29 10:32:26.734526	Hopper	up	None
2016-10-29 10:32:38.738989	Hopper	down	None
2016-10-29 10:32:39.041747	Trial	end	48
2016-10-29 10:35:28.472483	Trial	start	49
2016-10-29 10:35:28.476238	Speaker	play	None
2016-10-29 10:35:34.484306	Speaker	stop	None
2016-10-29 10:35:34.485316	Trial	end	49
2016-10-29 10:35:35.066021	Trial	start	50
2016-10-29 10:35:35.077207	Speaker	play	None
2016-10-29 10:35:41.092307	Speaker	stop	None
2016-10-29 10:35:41.093213	Trial	end	50
2016-10-29 10:35:46.511274	Trial	start	51
2016-10-29 10:35:46.513624	Speaker	play	None
2016-10-29 10:35:52.520289	Speaker	stop	None
2016-10-29 10:35:52.521277	Trial	end	51
2016-10-29 10:35:57.304284	Trial	start	52
2016-10-29 10:35:57.306831	Speaker	play	None
2016-10-29 10:36:02.682873	Speaker	stop	None
2016-10-29 10:36:02.684722	Trial	end	52
2016-10-29 10:36:02.685956	Trial	start	53
2016-10-29 10:36:02.688268	Speaker	play	None
2016-10-29 10:36:08.691440	Speaker	stop	None
2016-10-29 10:36:08.693229	Hopper	up	None
2016-10-29 10:36:20.696697	Hopper	down	None
2016-10-29 10:36:20.999820	Trial	end	53
2016-10-29 10:38:07.031846	Trial	start	54
2016-10-29 10:38:07.035358	Speaker	play	None
2016-10-29 10:38:13.041563	Speaker	stop	None
2016-10-29 10:38:13.043063	Trial	end	54
2016-10-29 10:38:16.903122	Trial	start	55
2016-10-29 10:38:16.919162	Speaker	play	None
2016-10-29 10:38:18.295663	Speaker	stop	None
2016-10-29 10:38:18.296483	Trial	end	55
2016-10-29 10:38:18.297767	Trial	start	56
2016-10-29 10:38:18.299878	Speaker	play	None
2016-10-29 10:38:24.304528	Speaker	stop	None
2016-10-29 10:38:24.305310	Trial	end	56
2016-10-29 10:38:29.051832	Trial	start	57
2016-10-29 10:38:29.054899	Speaker	play	None
2016-10-29 10:38:34.704742	Speaker	stop	None
2016-10-29 10:38:34.707123	Trial	end	57
2016-10-29 10:38:34.708616	Trial	start	58
2016-10-29 10:38:34.710743	Speaker	play	None
2016-10-29 10:38:40.716747	Speaker	stop	None
2016-10-29 10:38:40.717948	Hopper	up	None
2016-10-29 10:38:52.722120	Hopper	down	None
2016-10-29 10:38:53.024727	Trial	end	58
2016-10-29 10:40:59.133115	Trial	start	59
2016-10-29 10:40:59.140884	Speaker	play	None
2016-10-29 10:41:05.150542	Speaker	stop	None
2016-10-29 10:41:05.158550	Hopper	up	None
2016-10-29 10:41:17.163357	Hopper	down	None
2016-10-29 10:41:17.470210	Trial	end	59
2016-10-29 10:43:44.187072	Trial	start	60
2016-10-29 10:43:44.190601	Speaker	play	None
2016-10-29 10:43:50.195957	Speaker	stop	None
2016-10-29 10:43:50.197782	Hopper	up	None
2016-10-29 10:44:02.201358	Hopper	down	None
2016-10-29 10:44:02.507485	Trial	end	60
2016-10-29 10:45:27.724647	Trial	start	61
2016-10-29 10:45:27.727479	Speaker	play	None
2016-10-29 10:45:33.278628	Speaker	stop	None
2016-10-29 10:45:33.279392	Trial	end	61
2016-10-29 10:45:33.280585	Trial	start	62
2016-10-29 10:45:33.283187	Speaker	play	None
2016-10-29 10:45:38.775399	Speaker	stop	None
2016-10-29 10:45:38.776428	Trial	end	62
2016-10-29 10:45:38.777753	Trial	start	63
2016-10-29 10:45:38.787235	Speaker	play	None
2016-10-29 10:45:44.792174	Speaker	stop	None
2016-10-29 10:45:44.793634	Trial	end	63
2016-10-29 10:45:47.196280	Trial	start	64
2016-10-29 10:45:47.200630	Speaker	play	None
2016-10-29 10:45:53.204696	Speaker	stop	None
2016-10-29 10:45:53.205736	Trial	end	64
2016-10-29 10:45:58.697357	Trial	start	65
2016-10-29 10:45:58.704207	Speaker	play	None
2016-10-29 10:45:59.681348	Speaker	stop	None
2016-10-29 10:45:59.682381	Trial	end	65
2016-10-29 10:45:59.683829	Trial	start	66
2016-10-29 10:45:59.687728	Speaker	play	None
2016-10-29 10:46:05.693127	Speaker	stop	None
2016-10-29 10:46:05.694782	Trial	end	66
2016-10-29 10:46:11.500517	Trial	start	67
2016-10-29 10:46:11.503154	Speaker	play	None
2016-10-29 10:46:17.508909	Speaker	stop	None
2016-10-29 10:46:17.509687	Trial	end	67
2016-10-29 10:46:19.396894	Trial	start	68
2016-10-29 10:46:19.399423	Speaker	play	None
2016-10-29 10:46:25.406028	Speaker	stop	None
2016-10-29 10:46:25.408951	Trial	end	68
2016-10-29 10:46:58.233276	Trial	start	69
2016-10-29 10:46:58.236118	Speaker	play	None
2016-10-29 10:47:04.241309	Speaker	stop	None
2016-10-29 10:47:04.242200	Trial	end	69
2016-10-29 10:47:29.189130	Trial	start	70
2016-10-29 10:47:29.192518	Speaker	play	None
2016-10-29 10:47:35.198238	Speaker	stop	None
2016-10-29 10:47:35.199330	Trial	end	70
2016-10-29 10:47:46.141415	Trial	start	71
2016-10-29 10:47:46.152439	Speaker	play	None
2016-10-29 10:47:46.419925	Speaker	stop	None
2016-10-29 10:47:46.421034	Trial	end	71
2016-10-29 10:47:46.422934	Trial	start	72
2016-10-29 10:47:46.425512	Speaker	play	None
2016-10-29 10:47:52.432370	Speaker	stop	None
2016-10-29 10:47:52.433800	Trial	end	72
2016-10-29 10:47:59.363097	Trial	start	73
2016-10-29 10:47:59.366864	Speaker	play	None
2016-10-29 10:48:05.371183	Speaker	stop	None
2016-10-29 10:48:05.372806	Trial	end	73
2016-10-29 10:48:42.019853	Trial	start	74
2016-10-29 10:48:42.029126	Speaker	play	None
2016-10-29 10:48:48.037067	Speaker	stop	None
2016-10-29 10:48:48.038195	Trial	end	74
2016-10-29 10:48:53.934636	Trial	start	75
2016-10-29 10:48:53.942794	Speaker	play	None
2016-10-29 10:48:59.947474	Speaker	stop	None
2016-10-29 10:48:59.949588	Trial	end	75
2016-10-29 10:49:39.717038	Trial	start	76
2016-10-29 10:49:39.721687	Speaker	play	None
2016-10-29 10:49:45.725161	Speaker	stop	None
2016-10-29 10:49:45.726244	Trial	end	76
2016-10-29 10:50:08.928077	Trial	start	77
2016-10-29 10:50:08.932591	Speaker	play	None
2016-10-29 10:50:14.940545	Speaker	stop	None
2016-10-29 10:50:14.941957	Trial	end	77
2016-10-29 10:50:24.991205	Trial	start	78
2016-10-29 10:50:24.993680	Speaker	play	None
2016-10-29 10:50:30.999630	Speaker	stop	None
2016-10-29 10:50:31.000758	Trial	end	78
2016-10-29 10:51:07.181170	Trial	start	79
2016-10-29 10:51:07.184760	Speaker	play	None
2016-10-29 10:51:13.190673	Speaker	stop	None
2016-10-29 10:51:13.192375	Trial	end	79
2016-10-29 10:51:14.283256	Trial	start	80
2016-10-29 10:51:14.286742	Speaker	play	None
2016-10-29 10:51:20.293733	Speaker	stop	None
2016-10-29 10:51:20.295882	Hopper	up	None
2016-10-29 10:51:32.300875	Hopper	down	None
2016-10-29 10:51:32.607273	Trial	end	80
2016-10-29 10:53:45.128934	Trial	start	81
2016-10-29 10:53:45.132671	Speaker	play	None
2016-10-29 10:53:45.317757	Speaker	stop	None
2016-10-29 10:53:45.319442	Trial	end	81
2016-10-29 10:53:45.321408	Trial	start	82
2016-10-29 10:53:45.323919	Speaker	play	None
2016-10-29 10:53:51.334266	Speaker	stop	None
2016-10-29 10:53:51.337223	Trial	end	82
2016-10-29 10:54:02.801572	Trial	start	83
2016-10-29 10:54:02.804360	Speaker	play	None
2016-10-29 10:54:08.810506	Speaker	stop	None
2016-10-29 10:54:08.811659	Trial	end	83
2016-10-29 10:54:14.016044	Trial	start	84
2016-10-29 10:54:14.020317	Speaker	play	None
2016-10-29 10:54:20.028315	Speaker	stop	None
2016-10-29 10:54:20.029238	Trial	end	84
2016-10-29 10:54:24.070661	Trial	start	85
2016-10-29 10:54:24.074627	Speaker	play	None
2016-10-29 10:54:30.079278	Speaker	stop	None
2016-10-29 10:54:30.081380	Hopper	up	None
2016-10-29 10:54:42.084219	Hopper	down	None
2016-10-29 10:54:42.390763	Trial	end	85
2016-10-29 10:56:24.972013	Trial	start	86
2016-10-29 10:56:24.975129	Speaker	play	None
2016-10-29 10:56:30.981059	Speaker	stop	None
2016-10-29 10:56:30.983714	Trial	end	86
2016-10-29 10:56:37.844775	Trial	start	87
2016-10-29 10:56:37.847072	Speaker	play	None
2016-10-29 10:56:43.853899	Speaker	stop	None
2016-10-29 10:56:43.855785	Hopper	up	None
2016-10-29 10:56:55.862154	Hopper	down	None
2016-10-29 10:56:56.169530	Trial	end	87
2016-10-29 10:58:30.013762	Trial	start	88
2016-10-29 10:58:30.016957	Speaker	play	None
2016-10-29 10:58:36.023056	Speaker	stop	None
2016-10-29 10:58:36.025194	Trial	end	88
2016-10-29 10:58:43.017948	Trial	start	89
2016-10-29 10:58:43.024742	Speaker	play	None
2016-10-29 10:58:49.030670	Speaker	stop	None
2016-10-29 10:58:49.032026	Trial	end	89
2016-10-29 10:58:51.761992	Trial	start	90
2016-10-29 10:58:51.765144	Speaker	play	None
2016-10-29 10:58:51.991725	Speaker	stop	None
2016-10-29 10:58:51.992658	Trial	end	90
2016-10-29 10:58:51.994143	Trial	start	91
2016-10-29 10:58:51.997083	Speaker	play	None
2016-10-29 10:58:58.004049	Speaker	stop	None
2016-10-29 10:58:58.005403	Trial	end	91
2016-10-29 10:59:01.407901	Trial	start	92
2016-10-29 10:59:01.411616	Speaker	play	None
2016-10-29 10:59:07.415878	Speaker	stop	None
2016-10-29 10:59:07.416760	Trial	end	92
2016-10-29 10:59:12.114440	Trial	start	93
2016-10-29 10:59:12.118383	Speaker	play	None
2016-10-29 10:59:18.122208	Speaker	stop	None
2016-10-29 10:59:18.124726	Hopper	up	None
2016-10-29 10:59:30.126641	Hopper	down	None
2016-10-29 10:59:30.433612	Trial	end	93
2016-10-29 11:00:57.959055	Trial	start	94
2016-10-29 11:00:57.964852	Speaker	play	None
2016-10-29 11:00:58.049070	Speaker	stop	None
2016-10-29 11:00:58.050120	Trial	end	94
2016-10-29 11:00:58.052584	Trial	start	95
2016-10-29 11:00:58.055880	Speaker	play	None
2016-10-29 11:01:04.061734	Speaker	stop	None
2016-10-29 11:01:04.064622	Trial	end	95
2016-10-29 11:01:11.483009	Trial	start	96
2016-10-29 11:01:11.486969	Speaker	play	None
2016-10-29 11:01:17.491324	Speaker	stop	None
2016-10-29 11:01:17.492448	Trial	end	96
2016-10-29 11:01:17.577217	Trial	start	97
2016-10-29 11:01:17.580617	Speaker	play	None
2016-10-29 11:01:23.586239	Speaker	stop	None
2016-10-29 11:01:23.587520	Trial	end	97
2016-10-29 11:01:29.659362	Trial	start	98
2016-10-29 11:01:29.662754	Speaker	play	None
2016-10-29 11:01:35.668498	Speaker	stop	None
2016-10-29 11:01:35.670233	Trial	end	98
2016-10-29 11:01:41.295715	Trial	start	99
2016-10-29 11:01:41.299081	Speaker	play	None
2016-10-29 11:01:47.312239	Speaker	stop	None
2016-10-29 11:01:47.315009	Trial	end	99
2016-10-29 11:01:54.803040	Trial	start	100
2016-10-29 11:01:54.808144	Speaker	play	None
2016-10-29 11:02:00.811323	Speaker	stop	None
2016-10-29 11:02:00.812338	Trial	end	100
2016-10-29 11:02:06.713132	Trial	start	101
2016-10-29 11:02:06.715285	Speaker	play	None
2016-10-29 11:02:12.721635	Speaker	stop	None
2016-10-29 11:02:12.722544	Trial	end	101
2016-10-29 11:02:19.663933	Trial	start	102
2016-10-29 11:02:19.667742	Speaker	play	None
2016-10-29 11:02:25.676502	Speaker	stop	None
2016-10-29 11:02:25.678425	Hopper	up	None
2016-10-29 11:02:37.681434	Hopper	down	None
2016-10-29 11:02:37.987733	Trial	end	102
2016-10-29 11:10:25.851422	Trial	start	103
2016-10-29 11:10:25.859078	Speaker	play	None
2016-10-29 11:10:31.868639	Speaker	stop	None
2016-10-29 11:10:31.870351	Trial	end	103
2016-10-29 11:10:37.574708	Trial	start	104
2016-10-29 11:10:37.577478	Speaker	play	None
2016-10-29 11:10:39.670773	Speaker	stop	None
2016-10-29 11:10:39.671859	Trial	end	104
2016-10-29 11:10:39.673242	Trial	start	105
2016-10-29 11:10:39.676258	Speaker	play	None
2016-10-29 11:10:40.748304	Speaker	stop	None
2016-10-29 11:10:40.749864	Trial	end	105
2016-10-29 11:10:40.751677	Trial	start	106
2016-10-29 11:10:40.754869	Speaker	play	None
2016-10-29 11:10:41.989085	Speaker	stop	None
2016-10-29 11:10:41.991114	Trial	end	106
2016-10-29 11:10:41.993196	Trial	start	107
2016-10-29 11:10:42.001702	Speaker	play	None
2016-10-29 11:10:44.070176	Speaker	stop	None
2016-10-29 11:10:44.071463	Trial	end	107
2016-10-29 11:10:44.072817	Trial	start	108
2016-10-29 11:10:44.080141	Speaker	play	None
2016-10-29 11:10:50.086863	Speaker	stop	None
2016-10-29 11:10:50.089066	Trial	end	108
2016-10-29 11:10:58.491431	Trial	start	109
2016-10-29 11:10:58.495558	Speaker	play	None
2016-10-29 11:11:04.501366	Speaker	stop	None
2016-10-29 11:11:04.502611	Trial	end	109
2016-10-29 11:11:08.800483	Trial	start	110
2016-10-29 11:11:08.803321	Speaker	play	None
2016-10-29 11:11:14.810486	Speaker	stop	None
2016-10-29 11:11:14.812413	Trial	end	110
2016-10-29 11:11:21.723321	Trial	start	111
2016-10-29 11:11:21.728103	Speaker	play	None
2016-10-29 11:11:27.731494	Speaker	stop	None
2016-10-29 11:11:27.732936	Hopper	up	None
2016-10-29 11:11:39.736747	Hopper	down	None
2016-10-29 11:11:40.043575	Trial	end	111
2016-10-29 11:13:19.097478	Trial	start	112
2016-10-29 11:13:19.102048	Speaker	play	None
2016-10-29 11:13:25.106142	Speaker	stop	None
2016-10-29 11:13:25.107266	Trial	end	112
2016-10-29 11:13:27.801447	Trial	start	113
2016-10-29 11:13:27.806653	Speaker	play	None
2016-10-29 11:13:29.230703	Speaker	queue	None
2016-10-29 11:13:29.232133	Trial	end	113
2016-10-29 11:13:29.233375	Trial	start	114
2016-10-29 11:13:29.238510	Speaker	play	None
2016-10-29 11:13:35.247654	Speaker	stop	None
2016-10-29 11:13:35.248779	Trial	end	114
2016-10-29 11:13:44.143486	Trial	start	115
2016-10-29 11:13:44.147634	Speaker	play	None
2016-10-29 11:13:50.157149	Speaker	stop	None
2016-10-29 11:13:50.158982	Trial	end	115
2016-10-29 11:14:15.787734	Trial	start	116
2016-10-29 11:14:15.791008	Speaker	play	None
2016-10-29 11:14:17.897163	Speaker	stop	None
2016-10-29 11:14:17.898095	Trial	end	116
2016-10-29 11:14:17.899430	Trial	start	117
2016-10-29 11:14:17.901701	Speaker	play	None
2016-10-29 11:14:17.997382	Speaker	stop	None
2016-10-29 11:14:17.998331	Trial	end	117
2016-10-29 11:14:18.000014	Trial	start	118
2016-10-29 11:14:18.002635	Speaker	play	None
2016-10-29 11:14:24.008227	Speaker	stop	None
2016-10-29 11:14:24.009717	Hopper	up	None
2016-10-29 11:14:36.013027	Hopper	down	None
2016-10-29 11:14:36.315873	Trial	end	118
2016-10-29 11:17:09.466780	Trial	start	119
2016-10-29 11:17:09.470587	Speaker	play	None
2016-10-29 11:17:09.540477	Speaker	stop	None
2016-10-29 11:17:09.541632	Trial	end	119
2016-10-29 11:17:09.544099	Trial	start	120
2016-10-29 11:17:09.546444	Speaker	play	None
2016-10-29 11:17:15.553088	Speaker	stop	None
2016-10-29 11:17:15.554570	Trial	end	120
2016-10-29 11:17:21.995676	Trial	start	121
2016-10-29 11:17:21.999993	Speaker	play	None
2016-10-29 11:17:22.855543	Speaker	stop	None
2016-10-29 11:17:22.856462	Trial	end	121
2016-10-29 11:17:22.858099	Trial	start	122
2016-10-29 11:17:22.861235	Speaker	play	None
2016-10-29 11:17:28.868106	Speaker	stop	None
2016-10-29 11:17:28.869019	Trial	end	122
2016-10-29 11:17:35.900610	Trial	start	123
2016-10-29 11:17:35.903594	Speaker	play	None
2016-10-29 11:17:41.910489	Speaker	stop	None
2016-10-29 11:17:41.912621	Hopper	up	None
2016-10-29 11:17:53.914067	Hopper	down	None
2016-10-29 11:17:54.221018	Trial	end	123
2016-10-29 11:19:18.664608	Trial	start	124
2016-10-29 11:19:18.669207	Speaker	play	None
2016-10-29 11:19:19.372365	Speaker	stop	None
2016-10-29 11:19:19.373275	Trial	end	124
2016-10-29 11:19:19.374440	Trial	start	125
2016-10-29 11:19:19.376999	Speaker	play	None
2016-10-29 11:19:25.385123	Speaker	stop	None
2016-10-29 11:19:25.387399	Trial	end	125
2016-10-29 11:19:31.430444	Trial	start	126
2016-10-29 11:19:31.434076	Speaker	play	None
2016-10-29 11:19:37.439105	Speaker	stop	None
2016-10-29 11:19:37.440527	Hopper	up	None
2016-10-29 11:19:49.443798	Hopper	down	None
2016-10-29 11:19:49.750861	Trial	end	126
2016-10-29 11:55:25.761441	Trial	start	127
2016-10-29 11:55:25.764127	Speaker	play	None
2016-10-29 11:55:31.770499	Speaker	stop	None
2016-10-29 11:55:31.772265	Trial	end	127
2016-10-29 11:55:32.793849	Trial	start	128
2016-10-29 11:55:32.795936	Speaker	play	None
2016-10-29 11:55:35.427882	Speaker	stop	None
2016-10-29 11:55:35.431674	Trial	end	128
2016-10-29 11:55:35.433328	Trial	start	129
2016-10-29 11:55:35.435610	Speaker	play	None
2016-10-29 11:55:41.440611	Speaker	stop	None
2016-10-29 11:55:41.443018	Trial	end	129
2016-10-29 11:56:20.122461	Trial	start	130
2016-10-29 11:56:20.127448	Speaker	play	None
2016-10-29 11:56:26.134599	Speaker	stop	None
2016-10-29 11:56:26.136005	Hopper	up	None
2016-10-29 11:56:38.143650	Hopper	down	None
2016-10-29 11:56:38.446512	Trial	end	130
2016-10-29 11:59:49.522323	Trial	start	131
2016-10-29 11:59:49.524461	Speaker	play	None
2016-10-29 11:59:55.531309	Speaker	stop	None
2016-10-29 11:59:55.532786	Trial	end	131
2016-10-29 12:00:00.597608	Trial	start	132
2016-10-29 12:00:00.600449	Speaker	play	None
2016-10-29 12:00:06.606609	Speaker	stop	None
2016-10-29 12:00:06.607617	Trial	end	132
2016-10-29 12:00:12.218358	Trial	start	133
2016-10-29 12:00:12.223064	Speaker	play	None
2016-10-29 12:00:18.230706	Speaker	stop	None
2016-10-29 12:00:18.231890	Trial	end	133
2016-10-29 12:00:23.829151	Trial	start	134
2016-10-29 12:00:23.831235	Speaker	play	None
2016-10-29 12:00:29.834311	Speaker	stop	None
2016-10-29 12:00:29.835323	Trial	end	134
2016-10-29 12:00:37.251761	Trial	start	135
2016-10-29 12:00:37.255726	Speaker	play	None
2016-10-29 12:00:43.262104	Speaker	stop	None
2016-10-29 12:00:43.265193	Trial	end	135
2016-10-29 12:00:51.222242	Trial	start	136
2016-10-29 12:00:51.224313	Speaker	play	None
2016-10-29 12:00:52.389820	Speaker	stop	None
2016-10-29 12:00:52.390781	Trial	end	136
2016-10-29 12:00:52.391829	Trial	start	137
2016-10-29 12:00:52.394505	Speaker	play	None
2016-10-29 12:00:53.339924	Speaker	stop	None
2016-10-29 12:00:53.340790	Trial	end	137
2016-10-29 12:00:53.341829	Trial	start	138
2016-10-29 12:00:53.343939	Speaker	play	None
2016-10-29 12:00:55.363862	Speaker	stop	None
2016-10-29 12:00:55.365067	Trial	end	138
2016-10-29 12:00:55.368150	Trial	start	139
2016-10-29 12:00:55.371585	Speaker	play	None
2016-10-29 12:00:59.283420	Speaker	stop	None
2016-10-29 12:00:59.284774	Trial	end	139
2016-10-29 12:00:59.286800	Trial	start	140
2016-10-29 12:00:59.289118	Speaker	play	None
2016-10-29 12:01:05.292147	Speaker	stop	None
2016-10-29 12:01:05.294075	Trial	end	140
2016-10-29 12:01:10.055152	Trial	start	141
2016-10-29 12:01:10.058598	Speaker	play	None
2016-10-29 12:01:16.064919	Speaker	stop	None
2016-10-29 12:01:16.066922	Hopper	up	None
2016-10-29 12:01:28.073043	Hopper	down	None
2016-10-29 12:01:28.379570	Trial	end	141
2016-10-29 12:02:59.835478	Trial	start	142
2016-10-29 12:02:59.838818	Speaker	play	None
2016-10-29 12:03:05.856432	Speaker	stop	None
2016-10-29 12:03:05.857651	Trial	end	142
2016-10-29 12:03:12.249940	Trial	start	143
2016-10-29 12:03:12.253060	Speaker	play	None
2016-10-29 12:03:18.257706	Speaker	stop	None
2016-10-29 12:03:18.261335	Trial	end	143
2016-10-29 12:03:24.693423	Trial	start	144
2016-10-29 12:03:24.697577	Speaker	play	None
2016-10-29 12:03:30.710072	Speaker	stop	None
2016-10-29 12:03:30.713013	Trial	end	144
2016-10-29 12:03:34.707337	Trial	start	145
2016-10-29 12:03:34.710506	Speaker	play	None
2016-10-29 12:03:36.448522	Speaker	stop	None
2016-10-29 12:03:36.450000	Trial	end	145
2016-10-29 12:03:36.451499	Trial	start	146
2016-10-29 12:03:36.455536	Speaker	play	None
2016-10-29 12:03:37.128069	Speaker	stop	None
2016-10-29 12:03:37.128895	Trial	end	146
2016-10-29 12:03:37.130102	Trial	start	147
2016-10-29 12:03:37.132931	Speaker	play	None
2016-10-29 12:03:43.148944	Speaker	stop	None
2016-10-29 12:03:43.149993	Trial	end	147
2016-10-29 12:03:49.964509	Trial	start	148
2016-10-29 12:03:49.967884	Speaker	play	None
2016-10-29 12:03:55.973095	Speaker	stop	None
2016-10-29 12:03:55.974340	Trial	end	148
2016-10-29 12:03:59.544408	Trial	start	149
2016-10-29 12:03:59.549699	Speaker	play	None
2016-10-29 12:04:05.553374	Speaker	stop	None
2016-10-29 12:04:05.556262	Trial	end	149
2016-10-29 12:04:12.122532	Trial	start	150
2016-10-29 12:04:12.124952	Speaker	play	None
2016-10-29 12:04:18.132005	Speaker	stop	None
2016-10-29 12:04:18.135059	Hopper	up	None
2016-10-29 12:04:30.136214	Hopper	down	None
2016-10-29 12:04:30.439366	Trial	end	150
2016-10-29 12:38:01.310186	Trial	start	151
2016-10-29 12:38:01.314273	Speaker	play	None
2016-10-29 12:38:07.320472	Speaker	stop	None
2016-10-29 12:38:07.322138	Trial	end	151
2016-10-29 12:38:18.656493	Trial	start	152
2016-10-29 12:38:18.661896	Speaker	play	None
2016-10-29 12:38:22.934147	Speaker	stop	None
2016-10-29 12:38:22.935835	Trial	end	152
2016-10-29 12:38:22.937494	Trial	start	153
2016-10-29 12:38:22.939470	Speaker	play	None
2016-10-29 12:38:28.945682	Speaker	stop	None
2016-10-29 12:38:28.947345	Trial	end	153
2016-10-29 12:39:22.282962	Trial	start	154
2016-10-29 12:39:22.285631	Speaker	play	None
2016-10-29 12:39:28.292108	Speaker	stop	None
2016-10-29 12:39:28.295022	Trial	end	154
2016-10-29 12:39:36.139877	Trial	start	155
2016-10-29 12:39:36.142984	Speaker	play	None
2016-10-29 12:39:42.147211	Speaker	stop	None
2016-10-29 12:39:42.151971	Trial	end	155
2016-10-29 12:39:48.014167	Trial	start	156
2016-10-29 12:39:48.016502	Speaker	play	None
2016-10-29 12:39:50.632464	Speaker	stop	None
2016-10-29 12:39:50.634715	Trial	end	156
2016-10-29 12:39:50.636651	Trial	start	157
2016-10-29 12:39:50.638783	Speaker	play	None
2016-10-29 12:39:56.644048	Speaker	stop	None
2016-10-29 12:39:56.644941	Trial	end	157
2016-10-29 12:40:04.174652	Trial	start	158
2016-10-29 12:40:04.179569	Speaker	play	None
2016-10-29 12:40:10.185572	Speaker	stop	None
2016-10-29 12:40:10.186617	Trial	end	158
2016-10-29 12:40:22.297055	Trial	start	159
2016-10-29 12:40:22.299298	Speaker	play	None
2016-10-29 12:40:28.305985	Speaker	stop	None
2016-10-29 12:40:28.308262	Trial	end	159
2016-10-29 12:40:37.084063	Trial	start	160
2016-10-29 12:40:37.088069	Speaker	play	None
2016-10-29 12:40:43.096308	Speaker	stop	None
2016-10-29 12:40:43.097648	Hopper	up	None
2016-10-29 12:40:55.102763	Hopper	down	None
2016-10-29 12:40:55.408460	Trial	end	160
2016-10-29 12:43:45.014193	Trial	start	161
2016-10-29 12:43:45.018074	Speaker	play	None
2016-10-29 12:43:51.026425	Speaker	stop	None
2016-10-29 12:43:51.027263	Trial	end	161
2016-10-29 12:43:55.462162	Trial	start	162
2016-10-29 12:43:55.464380	Speaker	play	None
2016-10-29 12:43:55.707988	Speaker	stop	None
2016-10-29 12:43:55.708857	Trial	end	162
2016-10-29 12:43:55.710187	Trial	start	163
2016-10-29 12:43:55.712199	Speaker	play	None
2016-10-29 12:44:01.716791	Speaker	stop	None
2016-10-29 12:44:01.718597	Hopper	up	None
2016-10-29 12:44:13.722592	Hopper	down	None
2016-10-29 12:44:14.028993	Trial	end	163
2016-10-29 12:45:43.513154	Trial	start	164
2016-10-29 12:45:43.515361	Speaker	play	None
2016-10-29 12:45:49.521945	Speaker	stop	None
2016-10-29 12:45:49.523100	Trial	end	164
2016-10-29 12:45:52.876516	Trial	start	165
2016-10-29 12:45:52.880476	Speaker	play	None
2016-10-29 12:45:53.368196	Speaker	stop	None
2016-10-29 12:45:53.369152	Trial	end	165
2016-10-29 12:45:53.370800	Trial	start	166
2016-10-29 12:45:53.372971	Speaker	play	None
2016-10-29 12:45:59.376731	Speaker	stop	None
2016-10-29 12:45:59.377701	Trial	end	166
2016-10-29 12:46:01.691121	Trial	start	167
2016-10-29 12:46:01.693696	Speaker	play	None
2016-10-29 12:46:07.699763	Speaker	stop	None
2016-10-29 12:46:07.700813	Trial	end	167
2016-10-29 12:46:20.683845	Trial	start	168
2016-10-29 12:46:20.688622	Speaker	play	None
2016-10-29 12:46:22.232033	Speaker	stop	None
2016-10-29 12:46:22.233030	Trial	end	168
2016-10-29 12:46:22.235677	Trial	start	169
2016-10-29 12:46:22.238852	Speaker	play	None
2016-10-29 12:46:28.245051	Speaker	stop	None
2016-10-29 12:46:28.245963	Trial	end	169
2016-10-29 12:46:32.201529	Trial	start	170
2016-10-29 12:46:32.203932	Speaker	play	None
2016-10-29 12:46:33.209210	Speaker	stop	None
2016-10-29 12:46:33.210274	Trial	end	170
2016-10-29 12:46:33.212883	Trial	start	171
2016-10-29 12:46:33.216271	Speaker	play	None
2016-10-29 12:46:39.222484	Speaker	stop	None
2016-10-29 12:46:39.223555	Trial	end	171
2016-10-29 12:46:53.850784	Trial	start	172
2016-10-29 12:46:53.857259	Speaker	play	None
2016-10-29 12:46:59.861738	Speaker	stop	None
2016-10-29 12:46:59.862992	Trial	end	172
2016-10-29 12:47:06.787778	Trial	start	173
2016-10-29 12:47:06.792694	Speaker	play	None
2016-10-29 12:47:12.796516	Speaker	stop	None
2016-10-29 12:47:12.797654	Trial	end	173
2016-10-29 12:47:19.780143	Trial	start	174
2016-10-29 12:47:19.783222	Speaker	play	None
2016-10-29 12:47:25.788988	Speaker	stop	None
2016-10-29 12:47:25.790243	Trial	end	174
2016-10-29 12:47:30.351499	Trial	start	175
2016-10-29 12:47:30.355245	Speaker	play	None
2016-10-29 12:47:33.034428	Speaker	stop	None
2016-10-29 12:47:33.035317	Trial	end	175
2016-10-29 12:47:33.036699	Trial	start	176
2016-10-29 12:47:33.038667	Speaker	play	None
2016-10-29 12:47:39.043397	Speaker	stop	None
2016-10-29 12:47:39.044903	Trial	end	176
2016-10-29 12:48:01.451765	Trial	start	177
2016-10-29 12:48:01.454177	Speaker	play	None
2016-10-29 12:48:07.459364	Speaker	stop	None
2016-10-29 12:48:07.460237	Trial	end	177
2016-10-29 12:48:24.078068	Trial	start	178
2016-10-29 12:48:24.082076	Speaker	play	None
2016-10-29 12:48:30.089088	Speaker	stop	None
2016-10-29 12:48:30.090049	Trial	end	178
2016-10-29 12:48:34.314700	Trial	start	179
2016-10-29 12:48:34.318861	Speaker	play	None
2016-10-29 12:48:40.324262	Speaker	stop	None
2016-10-29 12:48:40.326083	Trial	end	179
2016-10-29 12:48:47.010452	Trial	start	180
2016-10-29 12:48:47.014800	Speaker	play	None
2016-10-29 12:48:53.018108	Speaker	stop	None
2016-10-29 12:48:53.019131	Trial	end	180
2016-10-29 12:49:03.010101	Trial	start	181
2016-10-29 12:49:03.012423	Speaker	play	None
2016-10-29 12:49:09.018613	Speaker	stop	None
2016-10-29 12:49:09.020245	Trial	end	181
2016-10-29 12:49:31.418774	Trial	start	182
2016-10-29 12:49:31.421683	Speaker	play	None
2016-10-29 12:49:37.426320	Speaker	stop	None
2016-10-29 12:49:37.428027	Hopper	up	None
2016-10-29 12:49:49.430201	Hopper	down	None
2016-10-29 12:49:49.736684	Trial	end	182
2016-10-29 12:52:46.008554	Trial	start	183
2016-10-29 12:52:46.013321	Speaker	play	None
2016-10-29 12:52:49.902958	Speaker	stop	None
2016-10-29 12:52:49.904163	Trial	end	183
2016-10-29 12:52:49.905513	Trial	start	184
2016-10-29 12:52:49.914632	Speaker	play	None
2016-10-29 12:52:55.919231	Speaker	stop	None
2016-10-29 12:52:55.920692	Trial	end	184
2016-10-29 12:53:03.397408	Trial	start	185
2016-10-29 12:53:03.399718	Speaker	play	None
2016-10-29 12:53:04.294197	Speaker	stop	None
2016-10-29 12:53:04.294966	Trial	end	185
2016-10-29 12:53:04.296449	Trial	start	186
2016-10-29 12:53:04.299279	Speaker	play	None
2016-10-29 12:53:10.307103	Speaker	stop	None
2016-10-29 12:53:10.309706	Hopper	up	None
2016-10-29 12:53:22.314880	Hopper	down	None
2016-10-29 12:53:22.621235	Trial	end	186
2016-10-29 12:56:23.569079	Trial	start	187
2016-10-29 12:56:23.572782	Speaker	play	None
2016-10-29 12:56:29.580844	Speaker	stop	None
2016-10-29 12:56:29.584916	Trial	end	187
2016-10-29 12:56:33.889896	Trial	start	188
2016-10-29 12:56:33.894891	Speaker	play	None
2016-10-29 12:56:39.902006	Speaker	stop	None
2016-10-29 12:56:39.902927	Trial	end	188
2016-10-29 12:56:48.658682	Trial	start	189
2016-10-29 12:56:48.664678	Speaker	play	None
2016-10-29 12:56:54.670867	Speaker	stop	None
2016-10-29 12:56:54.672812	Hopper	up	None
2016-10-29 12:57:06.674712	Hopper	down	None
2016-10-29 12:57:06.977697	Trial	end	189
2016-10-29 12:59:47.534083	Trial	start	190
2016-10-29 12:59:47.537486	Speaker	play	None
2016-10-29 12:59:53.542648	Speaker	stop	None
2016-10-29 12:59:53.543697	Trial	end	190
2016-10-29 12:59:59.591880	Trial	start	191
2016-10-29 12:59:59.595132	Speaker	play	None
2016-10-29 13:00:01.311984	Speaker	stop	None
2016-10-29 13:00:01.312918	Trial	end	191
2016-10-29 13:00:01.314198	Trial	start	192
2016-10-29 13:00:01.317551	Speaker	play	None
2016-10-29 13:00:07.328638	Speaker	stop	None
2016-10-29 13:00:07.329442	Trial	end	192
2016-10-29 13:00:18.239462	Trial	start	193
2016-10-29 13:00:18.241861	Speaker	play	None
2016-10-29 13:00:19.025628	Speaker	stop	None
2016-10-29 13:00:19.026652	Trial	end	193
2016-10-29 13:00:19.030379	Trial	start	194
2016-10-29 13:00:19.033114	Speaker	play	None
2016-10-29 13:00:20.389576	Speaker	stop	None
2016-10-29 13:00:20.390396	Trial	end	194
2016-10-29 13:00:20.391451	Trial	start	195
2016-10-29 13:00:20.393348	Speaker	play	None
2016-10-29 13:00:26.397887	Speaker	stop	None
2016-10-29 13:00:26.399554	Trial	end	195
2016-10-29 13:00:27.417690	Trial	start	196
2016-10-29 13:00:27.421077	Speaker	play	None
2016-10-29 13:00:33.430031	Speaker	stop	None
2016-10-29 13:00:33.432407	Hopper	up	None
2016-10-29 13:00:45.435098	Hopper	down	None
2016-10-29 13:00:45.741523	Trial	end	196
2016-10-29 14:17:50.877657	Trial	start	197
2016-10-29 14:17:50.880800	Speaker	play	None
2016-10-29 14:17:56.885486	Speaker	stop	None
2016-10-29 14:17:56.886715	Hopper	up	None
2016-10-29 14:18:08.890812	Hopper	down	None
2016-10-29 14:18:09.197176	Trial	end	197
2016-10-29 14:19:44.207430	Trial	start	198
2016-10-29 14:19:44.210967	Speaker	play	None
2016-10-29 14:19:50.224740	Speaker	stop	None
2016-10-29 14:19:50.227370	Trial	end	198
2016-10-29 14:19:51.935901	Trial	start	199
2016-10-29 14:19:51.938976	Speaker	play	None
2016-10-29 14:19:57.944518	Speaker	stop	None
2016-10-29 14:19:57.947149	Hopper	up	None
2016-10-29 14:20:09.949356	Hopper	down	None
2016-10-29 14:20:10.251993	Trial	end	199
2016-10-29 14:22:24.393050	Trial	start	200
2016-10-29 14:22:24.396061	Speaker	play	None
2016-10-29 14:22:30.401793	Speaker	stop	None
2016-10-29 14:22:30.403298	Hopper	up	None
2016-10-29 14:22:42.406937	Hopper	down	None
2016-10-29 14:22:42.713175	Trial	end	200
2016-10-29 14:24:41.449943	Trial	start	201
2016-10-29 14:24:41.452624	Speaker	play	None
2016-10-29 14:24:43.195830	Speaker	stop	None
2016-10-29 14:24:43.197550	Trial	end	201
2016-10-29 14:24:43.199596	Trial	start	202
2016-10-29 14:24:43.202539	Speaker	play	None
2016-10-29 14:24:49.207464	Speaker	stop	None
2016-10-29 14:24:49.208761	Trial	end	202
2016-10-29 14:24:52.459358	Trial	start	203
2016-10-29 14:24:52.462615	Speaker	play	None
2016-10-29 14:24:54.064988	Speaker	stop	None
2016-10-29 14:24:54.066651	Trial	end	203
2016-10-29 14:24:54.068739	Trial	start	204
2016-10-29 14:24:54.078297	Speaker	play	None
2016-10-29 14:25:00.085986	Speaker	stop	None
2016-10-29 14:25:00.086903	Trial	end	204
2016-10-29 14:25:06.814907	Trial	start	205
2016-10-29 14:25:06.816870	Speaker	play	None
2016-10-29 14:25:08.261512	Speaker	stop	None
2016-10-29 14:25:08.263639	Trial	end	205
2016-10-29 14:25:08.266790	Trial	start	206
2016-10-29 14:25:08.270604	Speaker	play	None
2016-10-29 14:25:14.278752	Speaker	stop	None
2016-10-29 14:25:14.279758	Trial	end	206
2016-10-29 14:25:19.659221	Trial	start	207
2016-10-29 14:25:19.661609	Speaker	play	None
2016-10-29 14:25:25.667958	Speaker	stop	None
2016-10-29 14:25:25.669130	Trial	end	207
2016-10-29 14:25:30.873521	Trial	start	208
2016-10-29 14:25:30.877489	Speaker	play	None
2016-10-29 14:25:36.886377	Speaker	stop	None
2016-10-29 14:25:36.887250	Trial	end	208
2016-10-29 14:25:42.423680	Trial	start	209
2016-10-29 14:25:42.427221	Speaker	play	None
2016-10-29 14:25:48.432472	Speaker	stop	None
2016-10-29 14:25:48.433504	Trial	end	209
2016-10-29 14:25:56.373884	Trial	start	210
2016-10-29 14:25:56.382588	Speaker	play	None
2016-10-29 14:26:02.390565	Speaker	stop	None
2016-10-29 14:26:02.392408	Hopper	up	None
2016-10-29 14:26:14.396531	Hopper	down	None
2016-10-29 14:26:14.702144	Trial	end	210
2016-10-29 14:28:27.096632	Trial	start	211
2016-10-29 14:28:27.101092	Speaker	play	None
2016-10-29 14:28:27.254383	Speaker	stop	None
2016-10-29 14:28:27.256141	Trial	end	211
2016-10-29 14:28:27.259686	Trial	start	212
2016-10-29 14:28:27.262915	Speaker	play	None
2016-10-29 14:28:33.267806	Speaker	stop	None
2016-10-29 14:28:33.268619	Trial	end	212
2016-10-29 14:28:39.848462	Trial	start	213
2016-10-29 14:28:39.855436	Speaker	play	None
2016-10-29 14:28:45.860990	Speaker	stop	None
2016-10-29 14:28:45.862261	Trial	end	213
2016-10-29 14:28:52.307842	Trial	start	214
2016-10-29 14:28:52.313803	Speaker	play	None
2016-10-29 14:28:58.320725	Speaker	stop	None
2016-10-29 14:28:58.322066	Trial	end	214
2016-10-29 14:29:03.742946	Trial	start	215
2016-10-29 14:29:03.745541	Speaker	play	None
2016-10-29 14:29:09.754635	Speaker	stop	None
2016-10-29 14:29:09.756096	Trial	end	215
2016-10-29 14:29:15.583772	Trial	start	216
2016-10-29 14:29:15.586218	Speaker	play	None
2016-10-29 14:29:17.517283	Speaker	stop	None
2016-10-29 14:29:17.518314	Trial	end	216
2016-10-29 14:29:17.519660	Trial	start	217
2016-10-29 14:29:17.526769	Speaker	play	None
2016-10-29 14:29:23.534611	Speaker	stop	None
2016-10-29 14:29:23.536994	Trial	end	217
2016-10-29 14:29:29.292782	Trial	start	218
2016-10-29 14:29:29.299253	Speaker	play	None
2016-10-29 14:29:35.305271	Speaker	stop	None
2016-10-29 14:29:35.307202	Trial	end	218
2016-10-29 14:29:40.436985	Trial	start	219
2016-10-29 14:29:40.439767	Speaker	play	None
2016-10-29 14:29:42.178414	Speaker	stop	None
2016-10-29 14:29:42.181427	Trial	end	219
2016-10-29 14:29:42.184025	Trial	start	220
2016-10-29 14:29:42.186046	Speaker	play	None
2016-10-29 14:29:48.190432	Speaker	stop	None
2016-10-29 14:29:48.191338	Trial	end	220
2016-10-29 14:29:54.497741	Trial	start	221
2016-10-29 14:29:54.500046	Speaker	play	None
2016-10-29 14:30:00.506624	Speaker	stop	None
2016-10-29 14:30:00.509338	Trial	end	221
2016-10-29 14:30:06.093230	Trial	start	222
2016-10-29 14:30:06.096812	Speaker	play	None
2016-10-29 14:30:12.101969	Speaker	stop	None
2016-10-29 14:30:12.104368	Hopper	up	None
2016-10-29 14:30:24.106253	Hopper	down	None
2016-10-29 14:30:24.409474	Trial	end	222
2016-10-29 14:33:14.979027	Trial	start	223
2016-10-29 14:33:14.984071	Speaker	play	None
2016-10-29 14:33:20.990926	Speaker	stop	None
2016-10-29 14:33:20.993832	Trial	end	223
2016-10-29 14:33:52.937360	Trial	start	224
2016-10-29 14:33:52.941011	Speaker	play	None
2016-10-29 14:33:58.946467	Speaker	stop	None
2016-10-29 14:33:58.948150	Trial	end	224
2016-10-29 14:34:03.991747	Trial	start	225
2016-10-29 14:34:03.994151	Speaker	play	None
2016-10-29 14:34:10.004868	Speaker	stop	None
2016-10-29 14:34:10.007630	Hopper	up	None
2016-10-29 14:34:22.009056	Hopper	down	None
2016-10-29 14:34:22.316144	Trial	end	225
2016-10-29 14:37:22.961959	Trial	start	226
2016-10-29 14:37:22.965541	Speaker	play	None
2016-10-29 14:37:28.973402	Speaker	stop	None
2016-10-29 14:37:28.975864	Hopper	up	None
2016-10-29 14:37:40.978828	Hopper	down	None
2016-10-29 14:37:41.281667	Trial	end	226
2016-10-29 15:31:20.488854	Trial	start	227
2016-10-29 15:31:20.491098	Speaker	play	None
2016-10-29 15:31:26.497812	Speaker	stop	None
2016-10-29 15:31:26.498740	Trial	end	227
2016-10-29 15:31:28.115921	Trial	start	228
2016-10-29 15:31:28.119540	Speaker	play	None
2016-10-29 15:31:34.124820	Speaker	stop	None
2016-10-29 15:31:34.125782	Trial	end	228
2016-10-29 15:31:48.378320	Trial	start	229
2016-10-29 15:31:48.381684	Speaker	play	None
2016-10-29 15:31:54.394613	Speaker	stop	None
2016-10-29 15:31:54.397716	Hopper	up	None
2016-10-29 15:32:06.400960	Hopper	down	None
2016-10-29 15:32:06.707819	Trial	end	229
2016-10-29 15:53:07.175030	Trial	start	230
2016-10-29 15:53:07.177348	Speaker	play	None
2016-10-29 15:53:13.183073	Speaker	stop	None
2016-10-29 15:53:13.184927	Trial	end	230
2016-10-29 15:53:18.569768	Trial	start	231
2016-10-29 15:53:18.573567	Speaker	play	None
2016-10-29 15:53:24.579350	Speaker	stop	None
2016-10-29 15:53:24.582842	Trial	end	231
2016-10-29 15:53:27.150902	Trial	start	232
2016-10-29 15:53:27.154685	Speaker	play	None
2016-10-29 15:53:33.160033	Speaker	stop	None
2016-10-29 15:53:33.161808	Hopper	up	None
2016-10-29 15:53:45.165792	Hopper	down	None
2016-10-29 15:53:45.471737	Trial	end	232
2016-10-29 15:56:44.286634	Trial	start	233
2016-10-29 15:56:44.292864	Speaker	play	None
2016-10-29 15:56:50.301164	Speaker	stop	None
2016-10-29 15:56:50.302113	Trial	end	233
2016-10-29 15:56:52.414433	Trial	start	234
2016-10-29 15:56:52.416958	Speaker	play	None
2016-10-29 15:56:58.423284	Speaker	stop	None
2016-10-29 15:56:58.424181	Trial	end	234
2016-10-29 15:57:02.691143	Trial	start	235
2016-10-29 15:57:02.693776	Speaker	play	None
2016-10-29 15:57:03.580076	Speaker	stop	None
2016-10-29 15:57:03.583659	Trial	end	235
2016-10-29 15:57:03.585977	Trial	start	236
2016-10-29 15:57:03.595161	Speaker	play	None
2016-10-29 15:57:09.601380	Speaker	stop	None
2016-10-29 15:57:09.602753	Trial	end	236
2016-10-29 15:57:16.523143	Trial	start	237
2016-10-29 15:57:16.528831	Speaker	play	None
2016-10-29 15:57:22.536106	Speaker	stop	None
2016-10-29 15:57:22.537467	Trial	end	237
2016-10-29 15:57:24.883044	Trial	start	238
2016-10-29 15:57:24.886540	Speaker	play	None
2016-10-29 15:57:25.759743	Speaker	stop	None
2016-10-29 15:57:25.761719	Trial	end	238
2016-10-29 15:57:25.763084	Trial	start	239
2016-10-29 15:57:25.766259	Speaker	play	None
2016-10-29 15:57:31.772599	Speaker	stop	None
2016-10-29 15:57:31.774057	Trial	end	239
2016-10-29 15:57:33.984015	Trial	start	240
2016-10-29 15:57:33.987022	Speaker	play	None
2016-10-29 15:57:39.993493	Speaker	stop	None
2016-10-29 15:57:39.996447	Trial	end	240
2016-10-29 15:57:45.096657	Trial	start	241
2016-10-29 15:57:45.100100	Speaker	play	None
2016-10-29 15:57:45.903640	Speaker	stop	None
2016-10-29 15:57:45.906066	Trial	end	241
2016-10-29 15:57:45.909274	Trial	start	242
2016-10-29 15:57:45.911436	Speaker	play	None
2016-10-29 15:57:50.900627	Speaker	stop	None
2016-10-29 15:57:50.901960	Trial	end	242
2016-10-29 15:57:50.904160	Trial	start	243
2016-10-29 15:57:50.910045	Speaker	play	None
2016-10-29 15:57:56.917504	Speaker	stop	None
2016-10-29 15:57:56.918643	Trial	end	243
2016-10-29 15:57:56.979080	Trial	start	244
2016-10-29 15:57:56.983626	Speaker	play	None
2016-10-29 15:58:02.987572	Speaker	stop	None
2016-10-29 15:58:02.988634	Hopper	up	None
2016-10-29 15:58:14.993443	Hopper	down	None
2016-10-29 15:58:15.299766	Trial	end	244
2016-10-29 15:59:38.092814	Trial	start	245
2016-10-29 15:59:38.097300	Speaker	play	None
2016-10-29 15:59:39.074762	Speaker	stop	None
2016-10-29 15:59:39.076239	Trial	end	245
2016-10-29 15:59:39.079009	Trial	start	246
2016-10-29 15:59:39.081615	Speaker	play	None
2016-10-29 15:59:45.087189	Speaker	stop	None
2016-10-29 15:59:45.088381	Trial	end	246
2016-10-29 15:59:51.193957	Trial	start	247
2016-10-29 15:59:51.202109	Speaker	play	None
2016-10-29 15:59:53.262634	Speaker	stop	None
2016-10-29 15:59:53.263936	Trial	end	247
2016-10-29 15:59:53.265492	Trial	start	248
2016-10-29 15:59:53.268895	Speaker	play	None
2016-10-29 15:59:55.064754	Speaker	stop	None
2016-10-29 15:59:55.065672	Trial	end	248
2016-10-29 15:59:55.068520	Trial	start	249
2016-10-29 15:59:55.073446	Speaker	play	None
2016-10-29 15:59:55.916725	Speaker	stop	None
2016-10-29 15:59:55.918031	Trial	end	249
2016-10-29 15:59:55.920740	Trial	start	250
2016-10-29 15:59:55.924543	Speaker	play	None
2016-10-29 15:59:57.150705	Speaker	stop	None
2016-10-29 15:59:57.153010	Trial	end	250
2016-10-29 15:59:57.155681	Trial	start	251
2016-10-29 15:59:57.158923	Speaker	play	None
2016-10-29 15:59:57.244052	Speaker	stop	None
2016-10-29 15:59:57.245324	Trial	end	251
2016-10-29 15:59:57.246606	Trial	start	252
2016-10-29 15:59:57.249589	Speaker	play	None
2016-10-29 16:00:03.257147	Speaker	stop	None
2016-10-29 16:00:03.259517	Trial	end	252
2016-10-29 16:00:07.283074	Trial	start	253
2016-10-29 16:00:07.286534	Speaker	play	None
2016-10-29 16:00:07.598681	Speaker	stop	None
2016-10-29 16:00:07.599625	Trial	end	253
2016-10-29 16:00:07.602845	Trial	start	254
2016-10-29 16:00:07.604785	Speaker	play	None
2016-10-29 16:00:13.611541	Speaker	stop	None
2016-10-29 16:00:13.613452	Hopper	up	None
2016-10-29 16:00:25.616264	Hopper	down	None
2016-10-29 16:00:25.919162	Trial	end	254
2016-10-29 16:03:00.434716	Trial	start	255
2016-10-29 16:03:00.437640	Speaker	play	None
2016-10-29 16:03:06.447422	Speaker	stop	None
2016-10-29 16:03:06.449116	Hopper	up	None
2016-10-29 16:03:18.452517	Hopper	down	None
2016-10-29 16:03:18.755385	Trial	end	255
2016-10-29 16:05:39.406091	Trial	start	256
2016-10-29 16:05:39.409336	Speaker	play	None
2016-10-29 16:05:45.414786	Speaker	stop	None
2016-10-29 16:05:45.415780	Trial	end	256
2016-10-29 16:05:51.292212	Trial	start	257
2016-10-29 16:05:51.297086	Speaker	play	None
2016-10-29 16:05:53.029199	Speaker	stop	None
2016-10-29 16:05:53.030254	Trial	end	257
2016-10-29 16:05:53.033644	Trial	start	258
2016-10-29 16:05:53.038896	Speaker	play	None
2016-10-29 16:05:59.047027	Speaker	stop	None
2016-10-29 16:05:59.048084	Trial	end	258
2016-10-29 16:06:02.736319	Trial	start	259
2016-10-29 16:06:02.740057	Speaker	play	None
2016-10-29 16:06:08.746255	Speaker	stop	None
2016-10-29 16:06:08.747568	Trial	end	259
2016-10-29 16:06:15.029025	Trial	start	260
2016-10-29 16:06:15.034452	Speaker	play	None
2016-10-29 16:06:21.038421	Speaker	stop	None
2016-10-29 16:06:21.039707	Trial	end	260
2016-10-29 16:06:27.914127	Trial	start	261
2016-10-29 16:06:27.916323	Speaker	play	None
2016-10-29 16:06:31.662420	Speaker	stop	None
2016-10-29 16:06:31.664025	Trial	end	261
2016-10-29 16:06:31.665772	Trial	start	262
2016-10-29 16:06:31.668720	Speaker	play	None
2016-10-29 16:06:37.674825	Speaker	stop	None
2016-10-29 16:06:37.675837	Trial	end	262
2016-10-29 16:06:42.024466	Trial	start	263
2016-10-29 16:06:42.027012	Speaker	play	None
2016-10-29 16:06:48.038364	Speaker	stop	None
2016-10-29 16:06:48.039923	Trial	end	263
2016-10-29 16:07:07.223146	Trial	start	264
2016-10-29 16:07:07.225940	Speaker	play	None
2016-10-29 16:07:13.231528	Speaker	stop	None
2016-10-29 16:07:13.232455	Trial	end	264
2016-10-29 16:07:29.054155	Trial	start	265
2016-10-29 16:07:29.056867	Speaker	play	None
2016-10-29 16:07:29.992326	Speaker	stop	None
2016-10-29 16:07:29.993599	Trial	end	265
2016-10-29 16:07:29.995296	Trial	start	266
2016-10-29 16:07:29.998080	Speaker	play	None
2016-10-29 16:07:32.330875	Speaker	stop	None
2016-10-29 16:07:32.332240	Trial	end	266
2016-10-29 16:07:32.333605	Trial	start	267
2016-10-29 16:07:32.336868	Speaker	play	None
2016-10-29 16:07:38.343927	Speaker	stop	None
2016-10-29 16:07:38.346240	Trial	end	267
2016-10-29 16:08:13.646464	Trial	start	268
2016-10-29 16:08:13.649365	Speaker	play	None
2016-10-29 16:08:19.655316	Speaker	stop	None
2016-10-29 16:08:19.656278	Trial	end	268
2016-10-29 16:08:37.898458	Trial	start	269
2016-10-29 16:08:37.901212	Speaker	play	None
2016-10-29 16:08:43.911623	Speaker	stop	None
2016-10-29 16:08:43.913221	Trial	end	269
2016-10-29 16:08:50.647356	Trial	start	270
2016-10-29 16:08:50.652109	Speaker	play	None
2016-10-29 16:08:51.739300	Speaker	stop	None
2016-10-29 16:08:51.740433	Trial	end	270
2016-10-29 16:08:51.741951	Trial	start	271
2016-10-29 16:08:51.744060	Speaker	play	None
2016-10-29 16:08:57.751795	Speaker	stop	None
2016-10-29 16:08:57.753452	Hopper	up	None
2016-10-29 16:09:09.756807	Hopper	down	None
2016-10-29 16:09:10.059713	Trial	end	271
2016-10-29 16:10:49.194972	Trial	start	272
2016-10-29 16:10:49.199170	Speaker	play	None
2016-10-29 16:10:55.206893	Speaker	stop	None
2016-10-29 16:10:55.207961	Trial	end	272
2016-10-29 16:11:02.128738	Trial	start	273
2016-10-29 16:11:02.131151	Speaker	play	None
2016-10-29 16:11:04.185277	Speaker	stop	None
2016-10-29 16:11:04.186555	Trial	end	273
2016-10-29 16:11:04.191586	Trial	start	274
2016-10-29 16:11:04.194772	Speaker	play	None
2016-10-29 16:11:05.230135	Speaker	stop	None
2016-10-29 16:11:05.231457	Trial	end	274
2016-10-29 16:11:05.235060	Trial	start	275
2016-10-29 16:11:05.238426	Speaker	play	None
2016-10-29 16:11:11.243635	Speaker	stop	None
2016-10-29 16:11:11.246261	Trial	end	275
2016-10-29 17:13:32.896412	Trial	start	276
2016-10-29 17:13:32.900004	Speaker	play	None
2016-10-29 17:13:38.913780	Speaker	stop	None
2016-10-29 17:13:38.914716	Trial	end	276
2016-10-29 17:13:44.333499	Trial	start	277
2016-10-29 17:13:44.337186	Speaker	play	None
2016-10-29 17:13:50.341844	Speaker	stop	None
2016-10-29 17:13:50.342797	Trial	end	277
2016-10-29 17:13:54.392781	Trial	start	278
2016-10-29 17:13:54.395193	Speaker	play	None
2016-10-29 17:14:00.402134	Speaker	stop	None
2016-10-29 17:14:00.403365	Trial	end	278
2016-10-29 17:14:06.996810	Trial	start	279
2016-10-29 17:14:07.001552	Speaker	play	None
2016-10-29 17:14:08.251093	Speaker	stop	None
2016-10-29 17:14:08.252277	Trial	end	279
2016-10-29 17:14:08.255651	Trial	start	280
2016-10-29 17:14:08.257897	Speaker	play	None
2016-10-29 17:14:14.263066	Speaker	stop	None
2016-10-29 17:14:14.264030	Trial	end	280
2016-10-29 17:14:16.528005	Trial	start	281
2016-10-29 17:14:16.530174	Speaker	play	None
2016-10-29 17:14:22.537378	Speaker	stop	None
2016-10-29 17:14:22.539340	Hopper	up	None
2016-10-29 17:14:34.542944	Hopper	down	None
2016-10-29 17:14:34.845657	Trial	end	281
2016-10-29 17:17:03.970527	Trial	start	282
2016-10-29 17:17:03.973161	Speaker	play	None
2016-10-29 17:17:09.988552	Speaker	stop	None
2016-10-29 17:17:09.989620	Trial	end	282
2016-10-29 17:17:15.021623	Trial	start	283
2016-10-29 17:17:15.023886	Speaker	play	None
2016-10-29 17:17:16.111579	Speaker	stop	None
2016-10-29 17:17:16.113224	Trial	end	283
2016-10-29 17:17:16.114572	Trial	start	284
2016-10-29 17:17:16.117274	Speaker	play	None
2016-10-29 17:17:21.924053	Speaker	stop	None
2016-10-29 17:17:21.925343	Trial	end	284
2016-10-29 17:17:21.929168	Trial	start	285
2016-10-29 17:17:21.931650	Speaker	play	None
2016-10-29 17:17:27.936823	Speaker	stop	None
2016-10-29 17:17:27.938654	Hopper	up	None
2016-10-29 17:17:39.941883	Hopper	down	None
2016-10-29 17:17:40.244911	Trial	end	285
2016-10-29 17:18:56.483886	Trial	start	286
2016-10-29 17:18:56.486781	Speaker	play	None
2016-10-29 17:19:02.492838	Speaker	stop	None
2016-10-29 17:19:02.494232	Hopper	up	None
2016-10-29 17:19:14.498203	Hopper	down	None
2016-10-29 17:19:14.801090	Trial	end	286
2016-10-29 17:20:36.541805	Trial	start	287
2016-10-29 17:20:36.545224	Speaker	play	None
2016-10-29 17:20:42.549927	Speaker	stop	None
2016-10-29 17:20:42.551489	Trial	end	287
2016-10-29 17:20:51.998516	Trial	start	288
2016-10-29 17:20:52.002215	Speaker	play	None
2016-10-29 17:20:58.007398	Speaker	stop	None
2016-10-29 17:20:58.009638	Trial	end	288
2016-10-29 17:20:59.890348	Trial	start	289
2016-10-29 17:20:59.895551	Speaker	play	None
2016-10-29 17:21:05.902752	Speaker	stop	None
2016-10-29 17:21:05.903620	Trial	end	289
2016-10-29 17:21:09.351358	Trial	start	290
2016-10-29 17:21:09.354071	Speaker	play	None
2016-10-29 17:21:15.359221	Speaker	stop	None
2016-10-29 17:21:15.362728	Trial	end	290
2016-10-29 17:21:21.470211	Trial	start	291
2016-10-29 17:21:21.473728	Speaker	play	None
2016-10-29 17:21:24.678713	Speaker	stop	None
2016-10-29 17:21:24.679925	Trial	end	291
2016-10-29 17:21:24.683921	Trial	start	292
2016-10-29 17:21:24.687777	Speaker	play	None
2016-10-29 17:21:25.844374	Speaker	stop	None
2016-10-29 17:21:25.845783	Trial	end	292
2016-10-29 17:21:25.849115	Trial	start	293
2016-10-29 17:21:25.851019	Speaker	play	None
2016-10-29 17:21:31.856602	Speaker	stop	None
2016-10-29 17:21:31.857673	Trial	end	293
2016-10-29 17:21:35.738869	Trial	start	294
2016-10-29 17:21:35.741064	Speaker	play	None
2016-10-29 17:21:36.583673	Speaker	stop	None
2016-10-29 17:21:36.586785	Trial	end	294
2016-10-29 17:21:36.590465	Trial	start	295
2016-10-29 17:21:36.595616	Speaker	play	None
2016-10-29 17:21:42.599240	Speaker	stop	None
2016-10-29 17:21:42.603583	Trial	end	295
2016-10-29 17:21:44.708582	Trial	start	296
2016-10-29 17:21:44.711172	Speaker	play	None
2016-10-29 17:21:50.717280	Speaker	stop	None
2016-10-29 17:21:50.718577	Trial	end	296
2016-10-29 17:21:53.923451	Trial	start	297
2016-10-29 17:21:53.928751	Speaker	play	None
2016-10-29 17:21:59.935985	Speaker	stop	None
2016-10-29 17:21:59.937178	Trial	end	297
2016-10-29 17:22:04.617486	Trial	start	298
2016-10-29 17:22:04.622070	Speaker	play	None
2016-10-29 17:22:05.796745	Speaker	stop	None
2016-10-29 17:22:05.798099	Trial	end	298
2016-10-29 17:22:05.803674	Trial	start	299
2016-10-29 17:22:05.809238	Speaker	play	None
2016-10-29 17:22:11.813119	Speaker	stop	None
2016-10-29 17:22:11.814223	Trial	end	299
2016-10-29 17:22:19.517012	Trial	start	300
2016-10-29 17:22:19.531525	Speaker	play	None
2016-10-29 17:22:25.537875	Speaker	stop	None
2016-10-29 17:22:25.538936	Trial	end	300
2016-10-29 17:22:27.151271	Trial	start	301
2016-10-29 17:22:27.155009	Speaker	play	None
2016-10-29 17:22:28.744515	Speaker	stop	None
2016-10-29 17:22:28.745375	Trial	end	301
2016-10-29 17:22:28.748894	Trial	start	302
2016-10-29 17:22:28.751519	Speaker	play	None
2016-10-29 17:22:31.578587	Speaker	stop	None
2016-10-29 17:22:31.579450	Trial	end	302
2016-10-29 17:22:31.580720	Trial	start	303
2016-10-29 17:22:31.588229	Speaker	play	None
2016-10-29 17:22:37.595342	Speaker	stop	None
2016-10-29 17:22:37.598608	Trial	end	303
2016-10-29 17:22:43.378726	Trial	start	304
2016-10-29 17:22:43.391473	Speaker	play	None
2016-10-29 17:22:49.399242	Speaker	stop	None
2016-10-29 17:22:49.400455	Trial	end	304
2016-10-29 17:22:56.406839	Trial	start	305
2016-10-29 17:22:56.411584	Speaker	play	None
2016-10-29 17:23:02.418732	Speaker	stop	None
2016-10-29 17:23:02.419656	Trial	end	305
2016-10-29 17:23:06.858236	Trial	start	306
2016-10-29 17:23:06.860761	Speaker	play	None
2016-10-29 17:23:12.866758	Speaker	stop	None
2016-10-29 17:23:12.867770	Trial	end	306
2016-10-29 17:23:16.532668	Trial	start	307
2016-10-29 17:23:16.537550	Speaker	play	None
2016-10-29 17:23:17.552654	Speaker	stop	None
2016-10-29 17:23:17.554857	Trial	end	307
2016-10-29 17:23:17.558263	Trial	start	308
2016-10-29 17:23:17.560922	Speaker	play	None
2016-10-29 17:23:17.642457	Speaker	stop	None
2016-10-29 17:23:17.643469	Trial	end	308
2016-10-29 17:23:17.646507	Trial	start	309
2016-10-29 17:23:17.649687	Speaker	play	None
2016-10-29 17:23:23.658990	Speaker	stop	None
2016-10-29 17:23:23.660347	Trial	end	309
2016-10-29 17:23:30.154279	Trial	start	310
2016-10-29 17:23:30.163990	Speaker	play	None
2016-10-29 17:23:36.174817	Speaker	stop	None
2016-10-29 17:23:36.176575	Hopper	up	None
2016-10-29 17:23:48.179875	Hopper	down	None
2016-10-29 17:23:48.486146	Trial	end	310
2016-10-29 17:25:41.838710	Trial	start	311
2016-10-29 17:25:41.844024	Speaker	play	None
2016-10-29 17:25:47.847165	Speaker	stop	None
2016-10-29 17:25:47.848294	Trial	end	311
2016-10-29 17:25:53.425297	Trial	start	312
2016-10-29 17:25:53.429047	Speaker	play	None
2016-10-29 17:25:59.433782	Speaker	stop	None
2016-10-29 17:25:59.434763	Trial	end	312
2016-10-29 17:26:04.570909	Trial	start	313
2016-10-29 17:26:04.574442	Speaker	play	None
2016-10-29 17:26:05.716805	Speaker	stop	None
2016-10-29 17:26:05.717731	Trial	end	313
2016-10-29 17:26:05.720143	Trial	start	314
2016-10-29 17:26:05.725019	Speaker	play	None
2016-10-29 17:26:11.729533	Speaker	stop	None
2016-10-29 17:26:11.731696	Trial	end	314
2016-10-29 17:26:20.354854	Trial	start	315
2016-10-29 17:26:20.357319	Speaker	play	None
2016-10-29 17:26:26.363292	Speaker	stop	None
2016-10-29 17:26:26.364509	Trial	end	315
2016-10-29 17:26:32.465669	Trial	start	316
2016-10-29 17:26:32.467995	Speaker	play	None
2016-10-29 17:26:38.474344	Speaker	stop	None
2016-10-29 17:26:38.475541	Trial	end	316
2016-10-29 17:26:45.801640	Trial	start	317
2016-10-29 17:26:45.806215	Speaker	play	None
2016-10-29 17:26:51.810255	Speaker	stop	None
2016-10-29 17:26:51.812308	Hopper	up	None
2016-10-29 17:27:03.814651	Hopper	down	None
2016-10-29 17:27:04.121341	Trial	end	317
2016-10-29 17:28:45.077750	Trial	start	318
2016-10-29 17:28:45.080472	Speaker	play	None
2016-10-29 17:28:51.086627	Speaker	stop	None
2016-10-29 17:28:51.087604	Trial	end	318
2016-10-29 17:29:50.241636	Trial	start	319
2016-10-29 17:29:50.243972	Speaker	play	None
2016-10-29 17:29:56.250543	Speaker	stop	None
2016-10-29 17:29:56.251760	Trial	end	319
2016-10-29 17:29:59.555459	Trial	start	320
2016-10-29 17:29:59.560121	Speaker	play	None
2016-10-29 17:30:05.571121	Speaker	stop	None
2016-10-29 17:30:05.572536	Trial	end	320
2016-10-29 17:30:25.695091	Trial	start	321
2016-10-29 17:30:25.699940	Speaker	play	None
2016-10-29 17:30:26.480369	Speaker	stop	None
2016-10-29 17:30:26.481810	Trial	end	321
2016-10-29 17:30:26.484539	Trial	start	322
2016-10-29 17:30:26.488911	Speaker	play	None
2016-10-29 17:30:32.493885	Speaker	stop	None
2016-10-29 17:30:32.494842	Trial	end	322
2016-10-29 17:30:36.499526	Trial	start	323
2016-10-29 17:30:36.509988	Speaker	play	None
2016-10-29 17:30:42.520455	Speaker	stop	None
2016-10-29 17:30:42.521478	Trial	end	323
2016-10-29 17:30:44.732012	Trial	start	324
2016-10-29 17:30:44.734727	Speaker	play	None
2016-10-29 17:30:50.740633	Speaker	stop	None
2016-10-29 17:30:50.741429	Trial	end	324
2016-10-29 17:30:52.600438	Trial	start	325
2016-10-29 17:30:52.608001	Speaker	play	None
2016-10-29 17:30:58.613551	Speaker	stop	None
2016-10-29 17:30:58.616030	Hopper	up	None
2016-10-29 17:31:10.617852	Hopper	down	None
2016-10-29 17:31:10.925684	Trial	end	325
2016-10-29 17:32:31.137241	Trial	start	326
2016-10-29 17:32:31.140527	Speaker	play	None
2016-10-29 17:32:37.146479	Speaker	stop	None
2016-10-29 17:32:37.149311	Trial	end	326
2016-10-29 17:32:39.509082	Trial	start	327
2016-10-29 17:32:39.519637	Speaker	play	None
2016-10-29 17:32:45.525896	Speaker	stop	None
2016-10-29 17:32:45.527728	Hopper	up	None
2016-10-29 17:32:57.530968	Hopper	down	None
2016-10-29 17:32:57.837665	Trial	end	327
2016-10-29 17:36:45.693622	Trial	start	328
2016-10-29 17:36:45.697817	Speaker	play	None
2016-10-29 17:36:51.707220	Speaker	stop	None
2016-10-29 17:36:51.708919	Trial	end	328
2016-10-29 17:36:57.113243	Trial	start	329
2016-10-29 17:36:57.115871	Speaker	play	None
2016-10-29 17:37:03.121711	Speaker	stop	None
2016-10-29 17:37:03.122746	Trial	end	329
2016-10-29 17:37:10.404901	Trial	start	330
2016-10-29 17:37:10.408111	Speaker	play	None
2016-10-29 17:37:11.154448	Speaker	stop	None
2016-10-29 17:37:11.157534	Trial	end	330
2016-10-29 17:37:11.161091	Trial	start	331
2016-10-29 17:37:11.163843	Speaker	play	None
2016-10-29 17:37:17.170812	Speaker	stop	None
2016-10-29 17:37:17.172372	Hopper	up	None
2016-10-29 17:37:29.175397	Hopper	down	None
2016-10-29 17:37:29.478288	Trial	end	331
2016-10-29 17:39:05.092378	Trial	start	332
2016-10-29 17:39:05.095090	Speaker	play	None
2016-10-29 17:39:11.101531	Speaker	stop	None
2016-10-29 17:39:11.103264	Hopper	up	None
2016-10-29 17:39:23.106215	Hopper	down	None
2016-10-29 17:39:23.408866	Trial	end	332
2016-10-29 17:51:08.816896	PeckPort	off	None
2016-10-29 17:51:08.818775	HouseLight	on	None
2016-10-29 17:51:08.819587	Hopper	down	None
