2016-09-30 10:38:30.664910	PeckPort	off	None
2016-09-30 10:38:30.665490	HouseLight	on	None
2016-09-30 10:38:30.666059	Hopper	down	None
2016-09-30 10:38:30.969512	Hopper	down	None
2016-09-30 10:38:31.272449	HouseLight	on	None
2016-09-30 10:38:31.273072	PeckPort	on	None
2016-09-30 10:38:51.226487	Trial	start	1
2016-09-30 10:38:51.228869	Speaker	play	None
2016-09-30 10:38:57.231022	Speaker	stop	None
2016-09-30 10:38:57.231989	Trial	end	1
2016-09-30 10:39:51.396807	Trial	start	2
2016-09-30 10:39:51.398895	Speaker	play	None
2016-09-30 10:39:51.458506	Speaker	stop	None
2016-09-30 10:39:51.459526	Trial	end	2
2016-09-30 10:39:51.460990	Trial	start	3
2016-09-30 10:39:51.464824	Speaker	play	None
2016-09-30 10:39:57.676748	Speaker	stop	None
2016-09-30 10:39:57.679368	Hopper	up	None
2016-09-30 10:40:09.684353	Hopper	down	None
2016-09-30 10:40:09.987273	Trial	end	3
2016-09-30 10:41:11.333092	Trial	start	4
2016-09-30 10:41:11.336145	Speaker	play	None
2016-09-30 10:41:14.187980	Speaker	stop	None
2016-09-30 10:41:14.188810	Trial	end	4
2016-09-30 10:41:14.190068	Trial	start	5
2016-09-30 10:41:14.192283	Speaker	play	None
2016-09-30 10:41:14.253757	Speaker	stop	None
2016-09-30 10:41:14.257193	Trial	end	5
2016-09-30 10:41:14.259213	Trial	start	6
2016-09-30 10:41:14.262840	Speaker	play	None
2016-09-30 10:41:14.667226	Speaker	stop	None
2016-09-30 10:41:14.668103	Trial	end	6
2016-09-30 10:41:14.669387	Trial	start	7
2016-09-30 10:41:14.671281	Speaker	play	None
2016-09-30 10:41:15.547818	Speaker	stop	None
2016-09-30 10:41:15.548643	Trial	end	7
2016-09-30 10:41:15.549871	Trial	start	8
2016-09-30 10:41:15.552270	Speaker	play	None
2016-09-30 10:41:21.761212	Speaker	stop	None
2016-09-30 10:41:21.763034	Hopper	up	None
2016-09-30 10:41:33.765595	Hopper	down	None
2016-09-30 10:41:34.068454	Trial	end	8
2016-09-30 10:41:58.446231	Trial	start	9
2016-09-30 10:41:58.448460	Speaker	play	None
2016-09-30 10:41:58.515951	Speaker	stop	None
2016-09-30 10:41:58.516897	Trial	end	9
2016-09-30 10:41:58.518328	Trial	start	10
2016-09-30 10:41:58.520649	Speaker	play	None
2016-09-30 10:41:58.573354	Speaker	stop	None
2016-09-30 10:41:58.574299	Trial	end	10
2016-09-30 10:41:58.575598	Trial	start	11
2016-09-30 10:41:58.578613	Speaker	play	None
2016-09-30 10:42:03.434889	Speaker	stop	None
2016-09-30 10:42:03.435793	Trial	end	11
2016-09-30 10:42:03.437091	Trial	start	12
2016-09-30 10:42:03.438962	Speaker	play	None
2016-09-30 10:42:04.274666	Speaker	stop	None
2016-09-30 10:42:04.275750	Trial	end	12
2016-09-30 10:42:04.277154	Trial	start	13
2016-09-30 10:42:04.280056	Speaker	play	None
2016-09-30 10:42:04.356697	Speaker	stop	None
2016-09-30 10:42:04.357803	Trial	end	13
2016-09-30 10:42:04.359362	Trial	start	14
2016-09-30 10:42:04.361431	Speaker	play	None
2016-09-30 10:42:09.795587	Speaker	stop	None
2016-09-30 10:42:09.796615	Trial	end	14
2016-09-30 10:42:09.798217	Trial	start	15
2016-09-30 10:42:09.800303	Speaker	play	None
2016-09-30 10:42:09.882220	Speaker	stop	None
2016-09-30 10:42:09.883169	Trial	end	15
2016-09-30 10:42:09.884312	Trial	start	16
2016-09-30 10:42:09.887661	Speaker	play	None
2016-09-30 10:42:10.594292	Speaker	stop	None
2016-09-30 10:42:10.595226	Trial	end	16
2016-09-30 10:42:10.596651	Trial	start	17
2016-09-30 10:42:10.598795	Speaker	play	None
2016-09-30 10:42:10.665777	Speaker	stop	None
2016-09-30 10:42:10.666663	Trial	end	17
2016-09-30 10:42:10.667784	Trial	start	18
2016-09-30 10:42:10.670213	Speaker	play	None
2016-09-30 10:42:14.481504	Speaker	stop	None
2016-09-30 10:42:14.482544	Trial	end	18
2016-09-30 10:42:14.483842	Trial	start	19
2016-09-30 10:42:14.485772	Speaker	play	None
2016-09-30 10:42:14.550709	Speaker	stop	None
2016-09-30 10:42:14.551598	Trial	end	19
2016-09-30 10:42:14.552797	Trial	start	20
2016-09-30 10:42:14.555542	Speaker	play	None
2016-09-30 10:42:19.690882	Speaker	stop	None
2016-09-30 10:42:19.691940	Trial	end	20
2016-09-30 10:42:19.693366	Trial	start	21
2016-09-30 10:42:19.696030	Speaker	play	None
2016-09-30 10:42:25.699328	Speaker	stop	None
2016-09-30 10:42:25.700160	Trial	end	21
2016-09-30 10:42:28.025568	Trial	start	22
2016-09-30 10:42:28.028124	Speaker	play	None
2016-09-30 10:42:34.238995	Speaker	stop	None
2016-09-30 10:42:34.240075	Hopper	up	None
2016-09-30 10:42:46.243514	Hopper	down	None
2016-09-30 10:42:46.546393	Trial	end	22
2016-09-30 10:43:21.319321	Trial	start	23
2016-09-30 10:43:21.322458	Speaker	play	None
2016-09-30 10:43:27.532605	Speaker	stop	None
2016-09-30 10:43:27.534580	Hopper	up	None
2016-09-30 10:43:39.537215	Hopper	down	None
2016-09-30 10:43:39.844100	Trial	end	23
2016-09-30 10:44:32.994316	Trial	start	24
2016-09-30 10:44:32.996686	Speaker	play	None
2016-09-30 10:44:33.699022	Speaker	stop	None
2016-09-30 10:44:33.700399	Trial	end	24
2016-09-30 10:44:33.701809	Trial	start	25
2016-09-30 10:44:33.704130	Speaker	play	None
2016-09-30 10:44:33.776841	Speaker	stop	None
2016-09-30 10:44:33.777809	Trial	end	25
2016-09-30 10:44:33.779009	Trial	start	26
2016-09-30 10:44:33.781619	Speaker	play	None
2016-09-30 10:44:39.551836	Speaker	stop	None
2016-09-30 10:44:39.552698	Trial	end	26
2016-09-30 10:44:39.554280	Trial	start	27
2016-09-30 10:44:39.556832	Speaker	play	None
2016-09-30 10:44:39.625553	Speaker	stop	None
2016-09-30 10:44:39.626662	Trial	end	27
2016-09-30 10:44:39.627838	Trial	start	28
2016-09-30 10:44:39.629965	Speaker	play	None
2016-09-30 10:44:40.129268	Speaker	stop	None
2016-09-30 10:44:40.132326	Trial	end	28
2016-09-30 10:44:40.133645	Trial	start	29
2016-09-30 10:44:40.135617	Speaker	play	None
2016-09-30 10:44:46.137744	Speaker	stop	None
2016-09-30 10:44:46.138727	Trial	end	29
2016-09-30 10:44:54.980383	Trial	start	30
2016-09-30 10:44:54.983684	Speaker	play	None
2016-09-30 10:44:55.058434	Speaker	stop	None
2016-09-30 10:44:55.059459	Trial	end	30
2016-09-30 10:44:55.060911	Trial	start	31
2016-09-30 10:44:55.063663	Speaker	play	None
2016-09-30 10:44:55.570312	Speaker	stop	None
2016-09-30 10:44:55.571237	Trial	end	31
2016-09-30 10:44:55.572696	Trial	start	32
2016-09-30 10:44:55.574629	Speaker	play	None
2016-09-30 10:45:01.296086	Speaker	stop	None
2016-09-30 10:45:01.296983	Trial	end	32
2016-09-30 10:45:01.298382	Trial	start	33
2016-09-30 10:45:01.300481	Speaker	play	None
2016-09-30 10:45:01.369935	Speaker	stop	None
2016-09-30 10:45:01.370841	Trial	end	33
2016-09-30 10:45:01.372438	Trial	start	34
2016-09-30 10:45:01.374741	Speaker	play	None
2016-09-30 10:45:02.197073	Speaker	stop	None
2016-09-30 10:45:02.197943	Trial	end	34
2016-09-30 10:45:02.199700	Trial	start	35
2016-09-30 10:45:02.202348	Speaker	play	None
2016-09-30 10:45:02.274907	Speaker	stop	None
2016-09-30 10:45:02.275862	Trial	end	35
2016-09-30 10:45:02.277298	Trial	start	36
2016-09-30 10:45:02.279930	Speaker	play	None
2016-09-30 10:45:07.611733	Speaker	stop	None
2016-09-30 10:45:07.612624	Trial	end	36
2016-09-30 10:45:07.614302	Trial	start	37
2016-09-30 10:45:07.616988	Speaker	play	None
2016-09-30 10:45:07.685634	Speaker	stop	None
2016-09-30 10:45:07.686848	Trial	end	37
2016-09-30 10:45:07.688017	Trial	start	38
2016-09-30 10:45:07.690004	Speaker	play	None
2016-09-30 10:45:13.902560	Speaker	stop	None
2016-09-30 10:45:13.903935	Hopper	up	None
2016-09-30 10:45:25.907449	Hopper	down	None
2016-09-30 10:45:26.214240	Trial	end	38
2016-09-30 10:46:43.217990	Trial	start	39
2016-09-30 10:46:43.220166	Speaker	play	None
2016-09-30 10:46:43.365975	Speaker	stop	None
2016-09-30 10:46:43.367139	Trial	end	39
2016-09-30 10:46:43.368637	Trial	start	40
2016-09-30 10:46:43.371838	Speaker	play	None
2016-09-30 10:46:43.926872	Speaker	stop	None
2016-09-30 10:46:43.927646	Trial	end	40
2016-09-30 10:46:43.928919	Trial	start	41
2016-09-30 10:46:43.931679	Speaker	play	None
2016-09-30 10:46:44.033796	Speaker	stop	None
2016-09-30 10:46:44.035089	Trial	end	41
2016-09-30 10:46:44.036292	Trial	start	42
2016-09-30 10:46:44.038647	Speaker	play	None
2016-09-30 10:46:44.827821	Speaker	stop	None
2016-09-30 10:46:44.828743	Trial	end	42
2016-09-30 10:46:44.830143	Trial	start	43
2016-09-30 10:46:44.832547	Speaker	play	None
2016-09-30 10:46:44.926099	Speaker	stop	None
2016-09-30 10:46:44.926913	Trial	end	43
2016-09-30 10:46:44.928080	Trial	start	44
2016-09-30 10:46:44.929941	Speaker	play	None
2016-09-30 10:46:50.930813	Speaker	stop	None
2016-09-30 10:46:50.931822	Trial	end	44
2016-09-30 10:46:51.442330	Trial	start	45
2016-09-30 10:46:51.444951	Speaker	play	None
2016-09-30 10:46:51.520355	Speaker	stop	None
2016-09-30 10:46:51.521262	Trial	end	45
2016-09-30 10:46:51.522711	Trial	start	46
2016-09-30 10:46:51.524555	Speaker	play	None
2016-09-30 10:46:57.528669	Speaker	stop	None
2016-09-30 10:46:57.529604	Trial	end	46
2016-09-30 10:46:58.056871	Trial	start	47
2016-09-30 10:46:58.059262	Speaker	play	None
2016-09-30 10:46:58.128392	Speaker	stop	None
2016-09-30 10:46:58.130570	Trial	end	47
2016-09-30 10:46:58.134088	Trial	start	48
2016-09-30 10:46:58.140906	Speaker	play	None
2016-09-30 10:47:04.143310	Speaker	stop	None
2016-09-30 10:47:04.144628	Trial	end	48
2016-09-30 10:47:06.813678	Trial	start	49
2016-09-30 10:47:06.816140	Speaker	play	None
2016-09-30 10:47:13.027172	Speaker	stop	None
2016-09-30 10:47:13.028608	Hopper	up	None
2016-09-30 10:47:25.031520	Hopper	down	None
2016-09-30 10:47:25.334506	Trial	end	49
2016-09-30 10:49:26.060268	Trial	start	50
2016-09-30 10:49:26.062501	Speaker	play	None
2016-09-30 10:49:32.064613	Speaker	stop	None
2016-09-30 10:49:32.065590	Trial	end	50
2016-09-30 10:49:32.912300	Trial	start	51
2016-09-30 10:49:32.914538	Speaker	play	None
2016-09-30 10:49:32.982174	Speaker	stop	None
2016-09-30 10:49:32.983002	Trial	end	51
2016-09-30 10:49:32.984276	Trial	start	52
2016-09-30 10:49:32.986348	Speaker	play	None
2016-09-30 10:49:33.391775	Speaker	stop	None
2016-09-30 10:49:33.392866	Trial	end	52
2016-09-30 10:49:33.395027	Trial	start	53
2016-09-30 10:49:33.397829	Speaker	play	None
2016-09-30 10:49:39.400114	Speaker	stop	None
2016-09-30 10:49:39.400917	Trial	end	53
2016-09-30 10:51:12.213374	Trial	start	54
2016-09-30 10:51:12.215579	Speaker	play	None
2016-09-30 10:51:12.401932	Speaker	stop	None
2016-09-30 10:51:12.403111	Trial	end	54
2016-09-30 10:51:12.404598	Trial	start	55
2016-09-30 10:51:12.408560	Speaker	play	None
2016-09-30 10:51:13.200594	Speaker	stop	None
2016-09-30 10:51:13.201418	Trial	end	55
2016-09-30 10:51:13.202710	Trial	start	56
2016-09-30 10:51:13.204895	Speaker	play	None
2016-09-30 10:51:13.282641	Speaker	stop	None
2016-09-30 10:51:13.283854	Trial	end	56
2016-09-30 10:51:13.285391	Trial	start	57
2016-09-30 10:51:13.287653	Speaker	play	None
2016-09-30 10:51:19.290876	Speaker	stop	None
2016-09-30 10:51:19.291627	Trial	end	57
2016-09-30 10:52:26.174118	Trial	start	58
2016-09-30 10:52:26.179985	Speaker	play	None
2016-09-30 10:52:32.391948	Speaker	stop	None
2016-09-30 10:52:32.393413	Hopper	up	None
2016-09-30 10:52:44.396182	Hopper	down	None
2016-09-30 10:52:44.698952	Trial	end	58
2016-09-30 10:54:41.492858	Trial	start	59
2016-09-30 10:54:41.495506	Speaker	play	None
2016-09-30 10:54:47.501438	Speaker	stop	None
2016-09-30 10:54:47.502396	Trial	end	59
2016-09-30 10:54:48.845263	Trial	start	60
2016-09-30 10:54:48.847565	Speaker	play	None
2016-09-30 10:54:55.059815	Speaker	stop	None
2016-09-30 10:54:55.061406	Hopper	up	None
2016-09-30 10:55:07.065554	Hopper	down	None
2016-09-30 10:55:07.368296	Trial	end	60
2016-09-30 10:57:04.608778	Trial	start	61
2016-09-30 10:57:04.611298	Speaker	play	None
2016-09-30 10:57:04.670450	Speaker	stop	None
2016-09-30 10:57:04.671320	Trial	end	61
2016-09-30 10:57:04.672280	Trial	start	62
2016-09-30 10:57:04.674254	Speaker	play	None
2016-09-30 10:57:10.884587	Speaker	stop	None
2016-09-30 10:57:10.886301	Hopper	up	None
2016-09-30 10:57:22.890028	Hopper	down	None
2016-09-30 10:57:23.192810	Trial	end	62
2016-09-30 10:57:55.793914	Trial	start	63
2016-09-30 10:57:55.795916	Speaker	play	None
2016-09-30 10:57:55.908830	Speaker	stop	None
2016-09-30 10:57:55.909834	Trial	end	63
2016-09-30 10:57:55.911226	Trial	start	64
2016-09-30 10:57:55.913513	Speaker	play	None
2016-09-30 10:57:56.875597	Speaker	stop	None
2016-09-30 10:57:56.876921	Trial	end	64
2016-09-30 10:57:56.878266	Trial	start	65
2016-09-30 10:57:56.880235	Speaker	play	None
2016-09-30 10:57:56.949182	Speaker	stop	None
2016-09-30 10:57:56.950107	Trial	end	65
2016-09-30 10:57:56.951316	Trial	start	66
2016-09-30 10:57:56.953774	Speaker	play	None
2016-09-30 10:58:02.954351	Speaker	stop	None
2016-09-30 10:58:02.955259	Trial	end	66
2016-09-30 10:58:15.799198	Trial	start	67
2016-09-30 10:58:15.801435	Speaker	play	None
2016-09-30 10:58:15.856871	Speaker	stop	None
2016-09-30 10:58:15.858102	Trial	end	67
2016-09-30 10:58:15.859671	Trial	start	68
2016-09-30 10:58:15.862447	Speaker	play	None
2016-09-30 10:58:16.425971	Speaker	stop	None
2016-09-30 10:58:16.426879	Trial	end	68
2016-09-30 10:58:16.428148	Trial	start	69
2016-09-30 10:58:16.430458	Speaker	play	None
2016-09-30 10:58:16.512162	Speaker	stop	None
2016-09-30 10:58:16.513553	Trial	end	69
2016-09-30 10:58:16.514889	Trial	start	70
2016-09-30 10:58:16.517765	Speaker	play	None
2016-09-30 10:58:17.593437	Speaker	stop	None
2016-09-30 10:58:17.594361	Trial	end	70
2016-09-30 10:58:17.595757	Trial	start	71
2016-09-30 10:58:17.598587	Speaker	play	None
2016-09-30 10:58:23.602441	Speaker	stop	None
2016-09-30 10:58:23.603766	Trial	end	71
2016-09-30 10:58:25.179235	Trial	start	72
2016-09-30 10:58:25.181980	Speaker	play	None
2016-09-30 10:58:31.184362	Speaker	stop	None
2016-09-30 10:58:31.185247	Trial	end	72
2016-09-30 10:58:36.504925	Trial	start	73
2016-09-30 10:58:36.507704	Speaker	play	None
2016-09-30 10:58:42.509987	Speaker	stop	None
2016-09-30 10:58:42.511056	Trial	end	73
2016-09-30 10:58:45.155770	Trial	start	74
2016-09-30 10:58:45.157844	Speaker	play	None
2016-09-30 10:58:51.377851	Speaker	stop	None
2016-09-30 10:58:51.379231	Hopper	up	None
2016-09-30 10:59:03.383481	Hopper	down	None
2016-09-30 10:59:03.686287	Trial	end	74
2016-09-30 11:01:50.976537	Trial	start	75
2016-09-30 11:01:50.979853	Speaker	play	None
2016-09-30 11:01:51.037979	Speaker	stop	None
2016-09-30 11:01:51.038870	Trial	end	75
2016-09-30 11:01:51.040184	Trial	start	76
2016-09-30 11:01:51.042107	Speaker	play	None
2016-09-30 11:01:51.214052	Speaker	stop	None
2016-09-30 11:01:51.214927	Trial	end	76
2016-09-30 11:01:51.216191	Trial	start	77
2016-09-30 11:01:51.218155	Speaker	play	None
2016-09-30 11:01:57.218930	Speaker	stop	None
2016-09-30 11:01:57.220887	Trial	end	77
2016-09-30 11:01:59.115057	Trial	start	78
2016-09-30 11:01:59.117451	Speaker	play	None
2016-09-30 11:01:59.991993	Speaker	stop	None
2016-09-30 11:01:59.993531	Trial	end	78
2016-09-30 11:01:59.994993	Trial	start	79
2016-09-30 11:01:59.997256	Speaker	play	None
2016-09-30 11:02:06.000770	Speaker	stop	None
2016-09-30 11:02:06.001942	Trial	end	79
2016-09-30 11:02:18.538342	Trial	start	80
2016-09-30 11:02:18.540879	Speaker	play	None
2016-09-30 11:02:18.600056	Speaker	stop	None
2016-09-30 11:02:18.601966	Trial	end	80
2016-09-30 11:02:18.603732	Trial	start	81
2016-09-30 11:02:18.606714	Speaker	play	None
2016-09-30 11:02:24.608694	Speaker	stop	None
2016-09-30 11:02:24.610294	Trial	end	81
2016-09-30 11:02:30.785480	Trial	start	82
2016-09-30 11:02:30.788166	Speaker	play	None
2016-09-30 11:02:30.850967	Speaker	stop	None
2016-09-30 11:02:30.851846	Trial	end	82
2016-09-30 11:02:30.853590	Trial	start	83
2016-09-30 11:02:30.855683	Speaker	play	None
2016-09-30 11:02:36.859809	Speaker	stop	None
2016-09-30 11:02:36.860738	Trial	end	83
2016-09-30 11:02:39.780206	Trial	start	84
2016-09-30 11:02:39.784040	Speaker	play	None
2016-09-30 11:02:39.849890	Speaker	stop	None
2016-09-30 11:02:39.850929	Trial	end	84
2016-09-30 11:02:39.852235	Trial	start	85
2016-09-30 11:02:39.854584	Speaker	play	None
2016-09-30 11:02:45.858683	Speaker	stop	None
2016-09-30 11:02:45.859584	Trial	end	85
2016-09-30 11:03:07.448521	Trial	start	86
2016-09-30 11:03:07.451910	Speaker	play	None
2016-09-30 11:03:07.542683	Speaker	stop	None
2016-09-30 11:03:07.543456	Trial	end	86
2016-09-30 11:03:07.544720	Trial	start	87
2016-09-30 11:03:07.546668	Speaker	play	None
2016-09-30 11:03:08.473293	Speaker	stop	None
2016-09-30 11:03:08.474690	Trial	end	87
2016-09-30 11:03:08.475997	Trial	start	88
2016-09-30 11:03:08.478837	Speaker	play	None
2016-09-30 11:03:08.579003	Speaker	stop	None
2016-09-30 11:03:08.579889	Trial	end	88
2016-09-30 11:03:08.581219	Trial	start	89
2016-09-30 11:03:08.583148	Speaker	play	None
2016-09-30 11:03:14.583770	Speaker	stop	None
2016-09-30 11:03:14.584724	Trial	end	89
2016-09-30 11:43:06.040977	Trial	start	90
2016-09-30 11:43:06.043197	Speaker	play	None
2016-09-30 11:43:07.073462	Speaker	stop	None
2016-09-30 11:43:07.074517	Trial	end	90
2016-09-30 11:43:07.075919	Trial	start	91
2016-09-30 11:43:07.078094	Speaker	play	None
2016-09-30 11:43:07.163385	Speaker	stop	None
2016-09-30 11:43:07.164269	Trial	end	91
2016-09-30 11:43:07.165783	Trial	start	92
2016-09-30 11:43:07.168515	Speaker	play	None
2016-09-30 11:43:13.172006	Speaker	stop	None
2016-09-30 11:43:13.172856	Trial	end	92
2016-09-30 11:43:18.238340	Trial	start	93
2016-09-30 11:43:18.241053	Speaker	play	None
2016-09-30 11:43:24.243036	Speaker	stop	None
2016-09-30 11:43:24.244012	Trial	end	93
2016-09-30 11:43:27.015871	Trial	start	94
2016-09-30 11:43:27.017934	Speaker	play	None
2016-09-30 11:43:28.154550	Speaker	stop	None
2016-09-30 11:43:28.155758	Trial	end	94
2016-09-30 11:43:28.157910	Trial	start	95
2016-09-30 11:43:28.160228	Speaker	play	None
2016-09-30 11:43:28.244570	Speaker	stop	None
2016-09-30 11:43:28.245537	Trial	end	95
2016-09-30 11:43:28.246995	Trial	start	96
2016-09-30 11:43:28.249358	Speaker	play	None
2016-09-30 11:43:28.715592	Speaker	stop	None
2016-09-30 11:43:28.716554	Trial	end	96
2016-09-30 11:43:28.717850	Trial	start	97
2016-09-30 11:43:28.719945	Speaker	play	None
2016-09-30 11:43:28.814057	Speaker	stop	None
2016-09-30 11:43:28.815956	Trial	end	97
2016-09-30 11:43:28.818112	Trial	start	98
2016-09-30 11:43:28.820739	Speaker	play	None
2016-09-30 11:43:34.822619	Speaker	stop	None
2016-09-30 11:43:34.823714	Trial	end	98
2016-09-30 11:43:37.476369	Trial	start	99
2016-09-30 11:43:37.478800	Speaker	play	None
2016-09-30 11:43:37.559373	Speaker	stop	None
2016-09-30 11:43:37.560668	Trial	end	99
2016-09-30 11:43:37.562448	Trial	start	100
2016-09-30 11:43:37.565966	Speaker	play	None
2016-09-30 11:43:43.775936	Speaker	stop	None
2016-09-30 11:43:43.777192	Hopper	up	None
2016-09-30 11:43:55.780801	Hopper	down	None
2016-09-30 11:43:56.083765	Trial	end	100
2016-09-30 11:46:20.633774	Trial	start	101
2016-09-30 11:46:20.642414	Speaker	play	None
2016-09-30 11:46:26.646859	Speaker	stop	None
2016-09-30 11:46:26.648008	Trial	end	101
2016-09-30 11:46:33.761187	Trial	start	102
2016-09-30 11:46:33.765414	Speaker	play	None
2016-09-30 11:46:39.769643	Speaker	stop	None
2016-09-30 11:46:39.770501	Trial	end	102
2016-09-30 11:46:41.756020	Trial	start	103
2016-09-30 11:46:41.758091	Speaker	play	None
2016-09-30 11:46:42.153572	Speaker	stop	None
2016-09-30 11:46:42.154498	Trial	end	103
2016-09-30 11:46:42.155844	Trial	start	104
2016-09-30 11:46:42.157945	Speaker	play	None
2016-09-30 11:46:42.227101	Speaker	stop	None
2016-09-30 11:46:42.227992	Trial	end	104
2016-09-30 11:46:42.229263	Trial	start	105
2016-09-30 11:46:42.231527	Speaker	play	None
2016-09-30 11:46:43.755058	Speaker	play	None
2016-09-30 11:46:43.755965	Trial	end	105
2016-09-30 11:46:43.757891	Trial	start	106
2016-09-30 11:46:43.761103	Speaker	play	None
2016-09-30 11:46:44.041608	Speaker	stop	None
2016-09-30 11:46:44.042524	Trial	end	106
2016-09-30 11:46:44.043821	Trial	start	107
2016-09-30 11:46:44.046033	Speaker	play	None
2016-09-30 11:46:50.050384	Speaker	stop	None
2016-09-30 11:46:50.051612	Trial	end	107
2016-09-30 11:46:50.963605	Trial	start	108
2016-09-30 11:46:50.966339	Speaker	play	None
2016-09-30 11:46:56.969686	Speaker	stop	None
2016-09-30 11:46:56.970699	Trial	end	108
2016-09-30 11:47:08.444453	Trial	start	109
2016-09-30 11:47:08.446684	Speaker	play	None
2016-09-30 11:47:08.743703	Speaker	stop	None
2016-09-30 11:47:08.745258	Trial	end	109
2016-09-30 11:47:08.746891	Trial	start	110
2016-09-30 11:47:08.750280	Speaker	play	None
2016-09-30 11:47:14.752428	Speaker	stop	None
2016-09-30 11:47:14.753513	Trial	end	110
2016-09-30 11:47:45.360174	Trial	start	111
2016-09-30 11:47:45.362391	Speaker	play	None
2016-09-30 11:47:51.365076	Speaker	stop	None
2016-09-30 11:47:51.366183	Trial	end	111
2016-09-30 11:47:55.558952	Trial	start	112
2016-09-30 11:47:55.561921	Speaker	play	None
2016-09-30 11:48:01.563511	Speaker	stop	None
2016-09-30 11:48:01.564299	Trial	end	112
2016-09-30 11:48:04.769645	Trial	start	113
2016-09-30 11:48:04.773235	Speaker	play	None
2016-09-30 11:48:10.775428	Speaker	stop	None
2016-09-30 11:48:10.776440	Trial	end	113
2016-09-30 11:48:14.375495	Trial	start	114
2016-09-30 11:48:14.377821	Speaker	play	None
2016-09-30 11:48:14.449015	Speaker	stop	None
2016-09-30 11:48:14.449956	Trial	end	114
2016-09-30 11:48:14.451397	Trial	start	115
2016-09-30 11:48:14.453653	Speaker	play	None
2016-09-30 11:48:20.457557	Speaker	stop	None
2016-09-30 11:48:20.458371	Trial	end	115
2016-09-30 11:48:39.806000	Trial	start	116
2016-09-30 11:48:39.808111	Speaker	play	None
2016-09-30 11:48:40.953175	Speaker	stop	None
2016-09-30 11:48:40.954296	Trial	end	116
2016-09-30 11:48:40.956124	Trial	start	117
2016-09-30 11:48:40.958486	Speaker	play	None
2016-09-30 11:48:41.207180	Speaker	stop	None
2016-09-30 11:48:41.209743	Trial	end	117
2016-09-30 11:48:41.210950	Trial	start	118
2016-09-30 11:48:41.213009	Speaker	play	None
2016-09-30 11:48:47.215770	Speaker	stop	None
2016-09-30 11:48:47.216601	Trial	end	118
2016-09-30 11:48:48.800711	Trial	start	119
2016-09-30 11:48:48.804009	Speaker	play	None
2016-09-30 11:48:49.070917	Speaker	stop	None
2016-09-30 11:48:49.071926	Trial	end	119
2016-09-30 11:48:49.073235	Trial	start	120
2016-09-30 11:48:49.075191	Speaker	play	None
2016-09-30 11:48:50.258800	Speaker	stop	None
2016-09-30 11:48:50.259703	Trial	end	120
2016-09-30 11:48:50.260933	Trial	start	121
2016-09-30 11:48:50.263317	Speaker	play	None
2016-09-30 11:48:56.267384	Speaker	stop	None
2016-09-30 11:48:56.268250	Trial	end	121
2016-09-30 11:49:00.580233	Trial	start	122
2016-09-30 11:49:00.582586	Speaker	play	None
2016-09-30 11:49:00.781468	Speaker	stop	None
2016-09-30 11:49:00.782454	Trial	end	122
2016-09-30 11:49:00.783799	Trial	start	123
2016-09-30 11:49:00.787570	Speaker	play	None
2016-09-30 11:49:00.854914	Speaker	stop	None
2016-09-30 11:49:00.856173	Trial	end	123
2016-09-30 11:49:00.857630	Trial	start	124
2016-09-30 11:49:00.859928	Speaker	play	None
2016-09-30 11:49:01.588168	Speaker	stop	None
2016-09-30 11:49:01.589352	Trial	end	124
2016-09-30 11:49:01.591054	Trial	start	125
2016-09-30 11:49:01.593698	Speaker	play	None
2016-09-30 11:49:07.596658	Speaker	stop	None
2016-09-30 11:49:07.597758	Trial	end	125
2016-09-30 11:49:13.232342	Trial	start	126
2016-09-30 11:49:13.234973	Speaker	play	None
2016-09-30 11:49:13.568187	Speaker	stop	None
2016-09-30 11:49:13.568985	Trial	end	126
2016-09-30 11:49:13.570078	Trial	start	127
2016-09-30 11:49:13.572687	Speaker	play	None
2016-09-30 11:49:13.637819	Speaker	stop	None
2016-09-30 11:49:13.639156	Trial	end	127
2016-09-30 11:49:13.640685	Trial	start	128
2016-09-30 11:49:13.643274	Speaker	play	None
2016-09-30 11:49:19.855420	Speaker	stop	None
2016-09-30 11:49:19.856545	Hopper	up	None
2016-09-30 11:49:31.860160	Hopper	down	None
2016-09-30 11:49:32.162972	Trial	end	128
2016-09-30 11:52:22.127710	Trial	start	129
2016-09-30 11:52:22.130303	Speaker	play	None
2016-09-30 11:52:28.345421	Speaker	stop	None
2016-09-30 11:52:28.346915	Hopper	up	None
2016-09-30 11:52:40.350215	Hopper	down	None
2016-09-30 11:52:40.653007	Trial	end	129
2016-09-30 11:54:03.634594	Trial	start	130
2016-09-30 11:54:03.637625	Speaker	play	None
2016-09-30 11:54:03.704350	Speaker	stop	None
2016-09-30 11:54:03.705277	Trial	end	130
2016-09-30 11:54:03.706878	Trial	start	131
2016-09-30 11:54:03.709821	Speaker	play	None
2016-09-30 11:54:04.183533	Speaker	stop	None
2016-09-30 11:54:04.184300	Trial	end	131
2016-09-30 11:54:04.185646	Trial	start	132
2016-09-30 11:54:04.187627	Speaker	play	None
2016-09-30 11:54:10.192063	Speaker	stop	None
2016-09-30 11:54:10.193067	Trial	end	132
2016-09-30 11:54:12.051661	Trial	start	133
2016-09-30 11:54:12.054744	Speaker	play	None
2016-09-30 11:54:12.154061	Speaker	stop	None
2016-09-30 11:54:12.154962	Trial	end	133
2016-09-30 11:54:12.156336	Trial	start	134
2016-09-30 11:54:12.158605	Speaker	play	None
2016-09-30 11:54:13.071788	Speaker	stop	None
2016-09-30 11:54:13.073306	Trial	end	134
2016-09-30 11:54:13.074551	Trial	start	135
2016-09-30 11:54:13.077100	Speaker	play	None
2016-09-30 11:54:19.289078	Speaker	stop	None
2016-09-30 11:54:19.290776	Hopper	up	None
2016-09-30 11:54:31.293834	Hopper	down	None
2016-09-30 11:54:31.596710	Trial	end	135
2016-09-30 11:56:30.777528	Trial	start	136
2016-09-30 11:56:30.784306	Speaker	play	None
2016-09-30 11:56:30.879595	Speaker	stop	None
2016-09-30 11:56:30.880406	Trial	end	136
2016-09-30 11:56:30.881686	Trial	start	137
2016-09-30 11:56:30.883522	Speaker	play	None
2016-09-30 11:56:31.326128	Speaker	stop	None
2016-09-30 11:56:31.326931	Trial	end	137
2016-09-30 11:56:31.328127	Trial	start	138
2016-09-30 11:56:31.330097	Speaker	play	None
2016-09-30 11:56:37.334783	Speaker	stop	None
2016-09-30 11:56:37.335741	Trial	end	138
2016-09-30 11:56:40.984202	Trial	start	139
2016-09-30 11:56:40.987312	Speaker	play	None
2016-09-30 11:56:46.988504	Speaker	stop	None
2016-09-30 11:56:46.989432	Trial	end	139
2016-09-30 11:56:52.251580	Trial	start	140
2016-09-30 11:56:52.254075	Speaker	play	None
2016-09-30 11:56:52.485316	Speaker	stop	None
2016-09-30 11:56:52.486399	Trial	end	140
2016-09-30 11:56:52.487820	Trial	start	141
2016-09-30 11:56:52.490219	Speaker	play	None
2016-09-30 11:56:58.493759	Speaker	stop	None
2016-09-30 11:56:58.494856	Trial	end	141
2016-09-30 11:56:59.996709	Trial	start	142
2016-09-30 11:56:59.999196	Speaker	play	None
2016-09-30 11:57:00.201648	Speaker	stop	None
2016-09-30 11:57:00.202497	Trial	end	142
2016-09-30 11:57:00.203846	Trial	start	143
2016-09-30 11:57:00.205820	Speaker	play	None
2016-09-30 11:57:06.206210	Speaker	stop	None
2016-09-30 11:57:06.207128	Trial	end	143
2016-09-30 11:57:10.842424	Trial	start	144
2016-09-30 11:57:10.844463	Speaker	play	None
2016-09-30 11:57:11.285545	Speaker	stop	None
2016-09-30 11:57:11.287868	Trial	end	144
2016-09-30 11:57:11.290388	Trial	start	145
2016-09-30 11:57:11.292806	Speaker	play	None
2016-09-30 11:57:17.293524	Speaker	stop	None
2016-09-30 11:57:17.294455	Trial	end	145
2016-09-30 11:57:19.906765	Trial	start	146
2016-09-30 11:57:19.914079	Speaker	play	None
2016-09-30 11:57:26.128157	Speaker	stop	None
2016-09-30 11:57:26.129606	Hopper	up	None
2016-09-30 11:57:38.133265	Hopper	down	None
2016-09-30 11:57:38.440134	Trial	end	146
2016-09-30 12:01:15.805580	Trial	start	147
2016-09-30 12:01:15.808251	Speaker	play	None
2016-09-30 12:01:21.814462	Speaker	stop	None
2016-09-30 12:01:21.815416	Trial	end	147
2016-09-30 12:01:31.668953	Trial	start	148
2016-09-30 12:01:31.672440	Speaker	play	None
2016-09-30 12:01:31.791741	Speaker	stop	None
2016-09-30 12:01:31.792580	Trial	end	148
2016-09-30 12:01:31.793573	Trial	start	149
2016-09-30 12:01:31.795442	Speaker	play	None
2016-09-30 12:01:38.005324	Speaker	stop	None
2016-09-30 12:01:38.008422	Hopper	up	None
2016-09-30 12:01:50.009942	Hopper	down	None
2016-09-30 12:01:50.312800	Trial	end	149
2016-09-30 12:04:46.888199	Trial	start	150
2016-09-30 12:04:46.890471	Speaker	play	None
2016-09-30 12:04:47.690887	Speaker	stop	None
2016-09-30 12:04:47.691681	Trial	end	150
2016-09-30 12:04:47.692752	Trial	start	151
2016-09-30 12:04:47.694881	Speaker	play	None
2016-09-30 12:04:53.695482	Speaker	stop	None
2016-09-30 12:04:53.696575	Trial	end	151
2016-09-30 12:05:00.342709	Trial	start	152
2016-09-30 12:05:00.344576	Speaker	play	None
2016-09-30 12:05:00.412425	Speaker	stop	None
2016-09-30 12:05:00.413294	Trial	end	152
2016-09-30 12:05:00.414609	Trial	start	153
2016-09-30 12:05:00.416646	Speaker	play	None
2016-09-30 12:05:06.417238	Speaker	stop	None
2016-09-30 12:05:06.418108	Trial	end	153
2016-09-30 12:05:16.447614	Trial	start	154
2016-09-30 12:05:16.450911	Speaker	play	None
2016-09-30 12:05:22.452210	Speaker	stop	None
2016-09-30 12:05:22.453081	Trial	end	154
2016-09-30 12:06:38.028538	Trial	start	155
2016-09-30 12:06:38.030926	Speaker	play	None
2016-09-30 12:06:44.032917	Speaker	stop	None
2016-09-30 12:06:44.034453	Trial	end	155
2016-09-30 12:06:49.132211	Trial	start	156
2016-09-30 12:06:49.135826	Speaker	play	None
2016-09-30 12:06:55.136777	Speaker	stop	None
2016-09-30 12:06:55.137672	Trial	end	156
2016-09-30 12:42:00.132104	Trial	start	157
2016-09-30 12:42:00.135040	Speaker	play	None
2016-09-30 12:42:06.136983	Speaker	stop	None
2016-09-30 12:42:06.137874	Trial	end	157
2016-09-30 12:42:10.776694	Trial	start	158
2016-09-30 12:42:10.779141	Speaker	play	None
2016-09-30 12:42:16.781695	Speaker	stop	None
2016-09-30 12:42:16.782539	Trial	end	158
2016-09-30 12:42:20.434397	Trial	start	159
2016-09-30 12:42:20.436937	Speaker	play	None
2016-09-30 12:42:21.225079	Speaker	stop	None
2016-09-30 12:42:21.226070	Trial	end	159
2016-09-30 12:42:21.227153	Trial	start	160
2016-09-30 12:42:21.229528	Speaker	play	None
2016-09-30 12:42:21.298965	Speaker	stop	None
2016-09-30 12:42:21.299931	Trial	end	160
2016-09-30 12:42:21.301042	Trial	start	161
2016-09-30 12:42:21.303062	Speaker	play	None
2016-09-30 12:42:27.307043	Speaker	stop	None
2016-09-30 12:42:27.307932	Trial	end	161
2016-09-30 12:42:34.048582	Trial	start	162
2016-09-30 12:42:34.052084	Speaker	play	None
2016-09-30 12:42:34.126852	Speaker	stop	None
2016-09-30 12:42:34.127949	Trial	end	162
2016-09-30 12:42:34.129733	Trial	start	163
2016-09-30 12:42:34.132076	Speaker	play	None
2016-09-30 12:42:40.341447	Speaker	stop	None
2016-09-30 12:42:40.344343	Hopper	up	None
2016-09-30 12:42:52.348325	Hopper	down	None
2016-09-30 12:42:52.651254	Trial	end	163
2016-09-30 12:44:57.906891	Trial	start	164
2016-09-30 12:44:57.911679	Speaker	play	None
2016-09-30 12:45:04.124074	Speaker	stop	None
2016-09-30 12:45:04.125265	Hopper	up	None
2016-09-30 12:45:16.128810	Hopper	down	None
2016-09-30 12:45:16.435637	Trial	end	164
2016-09-30 12:48:30.295069	Trial	start	165
2016-09-30 12:48:30.302720	Speaker	play	None
2016-09-30 12:48:30.385112	Speaker	stop	None
2016-09-30 12:48:30.386096	Trial	end	165
2016-09-30 12:48:30.387069	Trial	start	166
2016-09-30 12:48:30.389319	Speaker	play	None
2016-09-30 12:48:36.598109	Speaker	stop	None
2016-09-30 12:48:36.599304	Hopper	up	None
2016-09-30 12:48:48.602800	Hopper	down	None
2016-09-30 12:48:48.905632	Trial	end	166
2016-09-30 12:51:46.345301	Trial	start	167
2016-09-30 12:51:46.347546	Speaker	play	None
2016-09-30 12:51:52.349796	Speaker	stop	None
2016-09-30 12:51:52.350883	Trial	end	167
2016-09-30 12:51:59.046425	Trial	start	168
2016-09-30 12:51:59.048791	Speaker	play	None
2016-09-30 12:51:59.226587	Speaker	stop	None
2016-09-30 12:51:59.228014	Trial	end	168
2016-09-30 12:51:59.230034	Trial	start	169
2016-09-30 12:51:59.232278	Speaker	play	None
2016-09-30 12:52:05.235120	Speaker	stop	None
2016-09-30 12:52:05.236226	Trial	end	169
2016-09-30 12:52:11.677530	Trial	start	170
2016-09-30 12:52:11.681077	Speaker	play	None
2016-09-30 12:52:11.755527	Speaker	stop	None
2016-09-30 12:52:11.756517	Trial	end	170
2016-09-30 12:52:11.757784	Trial	start	171
2016-09-30 12:52:11.759751	Speaker	play	None
2016-09-30 12:52:17.763834	Speaker	stop	None
2016-09-30 12:52:17.764644	Trial	end	171
2016-09-30 12:52:28.011118	Trial	start	172
2016-09-30 12:52:28.020052	Speaker	play	None
2016-09-30 12:52:34.232820	Speaker	stop	None
2016-09-30 12:52:34.234331	Hopper	up	None
2016-09-30 12:52:46.237858	Hopper	down	None
2016-09-30 12:52:46.540754	Trial	end	172
2016-09-30 12:55:39.874286	Trial	start	173
2016-09-30 12:55:39.876629	Speaker	play	None
2016-09-30 12:55:46.087987	Speaker	stop	None
2016-09-30 12:55:46.089394	Hopper	up	None
2016-09-30 12:55:58.093090	Hopper	down	None
2016-09-30 12:55:58.396111	Trial	end	173
2016-09-30 12:56:38.249594	Trial	start	174
2016-09-30 12:56:38.252432	Speaker	play	None
2016-09-30 12:56:39.433429	Speaker	stop	None
2016-09-30 12:56:39.434700	Trial	end	174
2016-09-30 12:56:39.435980	Trial	start	175
2016-09-30 12:56:39.438061	Speaker	play	None
2016-09-30 12:56:45.442125	Speaker	stop	None
2016-09-30 12:56:45.442988	Trial	end	175
2016-09-30 12:57:19.143305	Trial	start	176
2016-09-30 12:57:19.146387	Speaker	play	None
2016-09-30 12:57:19.368789	Speaker	stop	None
2016-09-30 12:57:19.369888	Trial	end	176
2016-09-30 12:57:19.371227	Trial	start	177
2016-09-30 12:57:19.373310	Speaker	play	None
2016-09-30 12:57:25.373926	Speaker	stop	None
2016-09-30 12:57:25.374834	Trial	end	177
2016-09-30 12:57:33.499491	Trial	start	178
2016-09-30 12:57:33.501829	Speaker	play	None
2016-09-30 12:57:34.876013	Speaker	stop	None
2016-09-30 12:57:34.878118	Trial	end	178
2016-09-30 12:57:34.879527	Trial	start	179
2016-09-30 12:57:34.881778	Speaker	play	None
2016-09-30 12:57:40.884687	Speaker	stop	None
2016-09-30 12:57:40.886779	Trial	end	179
2016-09-30 13:35:01.581666	Trial	start	180
2016-09-30 13:35:01.584841	Speaker	play	None
2016-09-30 13:35:01.659584	Speaker	stop	None
2016-09-30 13:35:01.660716	Trial	end	180
2016-09-30 13:35:01.661814	Trial	start	181
2016-09-30 13:35:01.663831	Speaker	play	None
2016-09-30 13:35:07.667964	Speaker	stop	None
2016-09-30 13:35:07.668732	Trial	end	181
2016-09-30 13:35:11.358406	Trial	start	182
2016-09-30 13:35:11.360510	Speaker	play	None
2016-09-30 13:35:11.567274	Speaker	stop	None
2016-09-30 13:35:11.568416	Trial	end	182
2016-09-30 13:35:11.570026	Trial	start	183
2016-09-30 13:35:11.572520	Speaker	play	None
2016-09-30 13:35:17.576038	Speaker	stop	None
2016-09-30 13:35:17.577246	Trial	end	183
2016-09-30 13:35:29.727754	Trial	start	184
2016-09-30 13:35:29.730213	Speaker	play	None
2016-09-30 13:35:35.732361	Speaker	stop	None
2016-09-30 13:35:35.733313	Trial	end	184
2016-09-30 13:35:49.145830	Trial	start	185
2016-09-30 13:35:49.148135	Speaker	play	None
2016-09-30 13:35:50.276540	Speaker	stop	None
2016-09-30 13:35:50.277501	Trial	end	185
2016-09-30 13:35:50.278862	Trial	start	186
2016-09-30 13:35:50.281712	Speaker	play	None
2016-09-30 13:35:50.407598	Speaker	stop	None
2016-09-30 13:35:50.408537	Trial	end	186
2016-09-30 13:35:50.409668	Trial	start	187
2016-09-30 13:35:50.411935	Speaker	play	None
2016-09-30 13:35:56.624908	Speaker	stop	None
2016-09-30 13:35:56.626454	Hopper	up	None
2016-09-30 13:36:08.629841	Hopper	down	None
2016-09-30 13:36:08.936692	Trial	end	187
2016-09-30 13:38:28.377624	Trial	start	188
2016-09-30 13:38:28.380257	Speaker	play	None
2016-09-30 13:38:28.479940	Speaker	stop	None
2016-09-30 13:38:28.480806	Trial	end	188
2016-09-30 13:38:28.482754	Trial	start	189
2016-09-30 13:38:28.484753	Speaker	play	None
2016-09-30 13:38:29.147549	Speaker	stop	None
2016-09-30 13:38:29.148527	Trial	end	189
2016-09-30 13:38:29.149959	Trial	start	190
2016-09-30 13:38:29.152147	Speaker	play	None
2016-09-30 13:38:35.153194	Speaker	stop	None
2016-09-30 13:38:35.154663	Trial	end	190
2016-09-30 13:38:54.705063	Trial	start	191
2016-09-30 13:38:54.707452	Speaker	play	None
2016-09-30 13:39:00.709742	Speaker	stop	None
2016-09-30 13:39:00.710742	Trial	end	191
2016-09-30 13:39:05.862226	Trial	start	192
2016-09-30 13:39:05.865433	Speaker	play	None
2016-09-30 13:39:11.870617	Speaker	stop	None
2016-09-30 13:39:11.871502	Trial	end	192
2016-09-30 13:39:14.991502	Trial	start	193
2016-09-30 13:39:14.993921	Speaker	play	None
2016-09-30 13:39:15.065274	Speaker	stop	None
2016-09-30 13:39:15.067006	Trial	end	193
2016-09-30 13:39:15.068368	Trial	start	194
2016-09-30 13:39:15.070508	Speaker	play	None
2016-09-30 13:39:15.311084	Speaker	stop	None
2016-09-30 13:39:15.311990	Trial	end	194
2016-09-30 13:39:15.313182	Trial	start	195
2016-09-30 13:39:15.316376	Speaker	play	None
2016-09-30 13:39:21.528387	Speaker	stop	None
2016-09-30 13:39:21.529764	Hopper	up	None
2016-09-30 13:39:33.533239	Hopper	down	None
2016-09-30 13:39:33.836047	Trial	end	195
2016-09-30 13:45:03.980684	Trial	start	196
2016-09-30 13:45:03.983445	Speaker	play	None
2016-09-30 13:45:04.115794	Speaker	stop	None
2016-09-30 13:45:04.117191	Trial	end	196
2016-09-30 13:45:04.118355	Trial	start	197
2016-09-30 13:45:04.120150	Speaker	play	None
2016-09-30 13:45:10.124323	Speaker	stop	None
2016-09-30 13:45:10.125256	Trial	end	197
2016-09-30 13:45:16.988627	Trial	start	198
2016-09-30 13:45:16.991383	Speaker	play	None
2016-09-30 13:45:17.054294	Speaker	stop	None
2016-09-30 13:45:17.055388	Trial	end	198
2016-09-30 13:45:17.056802	Trial	start	199
2016-09-30 13:45:17.059432	Speaker	play	None
2016-09-30 13:45:23.063549	Speaker	stop	None
2016-09-30 13:45:23.064837	Trial	end	199
2016-09-30 13:45:30.582537	Trial	start	200
2016-09-30 13:45:30.584475	Speaker	play	None
2016-09-30 13:45:36.587648	Speaker	stop	None
2016-09-30 13:45:36.590611	Trial	end	200
2016-09-30 13:45:59.597008	Trial	start	201
2016-09-30 13:45:59.599694	Speaker	play	None
2016-09-30 13:46:05.601619	Speaker	stop	None
2016-09-30 13:46:05.602620	Trial	end	201
2016-09-30 13:46:14.571259	Trial	start	202
2016-09-30 13:46:14.573445	Speaker	play	None
2016-09-30 13:46:20.575866	Speaker	stop	None
2016-09-30 13:46:20.576881	Trial	end	202
2016-09-30 13:46:31.654675	Trial	start	203
2016-09-30 13:46:31.657450	Speaker	play	None
2016-09-30 13:46:37.659401	Speaker	stop	None
2016-09-30 13:46:37.660154	Trial	end	203
2016-09-30 13:46:41.759011	Trial	start	204
2016-09-30 13:46:41.761390	Speaker	play	None
2016-09-30 13:46:42.037932	Speaker	stop	None
2016-09-30 13:46:42.038933	Trial	end	204
2016-09-30 13:46:42.040278	Trial	start	205
2016-09-30 13:46:42.042566	Speaker	play	None
2016-09-30 13:46:48.046067	Speaker	stop	None
2016-09-30 13:46:48.047368	Trial	end	205
2016-09-30 13:47:18.608745	Trial	start	206
2016-09-30 13:47:18.611871	Speaker	play	None
2016-09-30 13:47:20.111988	Speaker	stop	None
2016-09-30 13:47:20.112998	Trial	end	206
2016-09-30 13:47:20.114771	Trial	start	207
2016-09-30 13:47:20.117095	Speaker	play	None
2016-09-30 13:47:20.193905	Speaker	stop	None
2016-09-30 13:47:20.194825	Trial	end	207
2016-09-30 13:47:20.196387	Trial	start	208
2016-09-30 13:47:20.198641	Speaker	play	None
2016-09-30 13:47:26.202503	Speaker	stop	None
2016-09-30 13:47:26.204327	Trial	end	208
2016-09-30 13:47:39.988644	Trial	start	209
2016-09-30 13:47:39.991080	Speaker	play	None
2016-09-30 13:47:45.993267	Speaker	stop	None
2016-09-30 13:47:45.994177	Trial	end	209
2016-09-30 13:47:48.676073	Trial	start	210
2016-09-30 13:47:48.678577	Speaker	play	None
2016-09-30 13:47:48.753947	Speaker	stop	None
2016-09-30 13:47:48.754919	Trial	end	210
2016-09-30 13:47:48.756330	Trial	start	211
2016-09-30 13:47:48.759625	Speaker	play	None
2016-09-30 13:47:54.971131	Speaker	stop	None
2016-09-30 13:47:54.972179	Hopper	up	None
2016-09-30 13:48:06.975908	Hopper	down	None
2016-09-30 13:48:07.278747	Trial	end	211
2016-09-30 13:50:21.055190	Trial	start	212
2016-09-30 13:50:21.060232	Speaker	play	None
2016-09-30 13:50:27.064229	Speaker	stop	None
2016-09-30 13:50:27.065087	Trial	end	212
2016-09-30 13:50:37.651278	Trial	start	213
2016-09-30 13:50:37.654115	Speaker	play	None
2016-09-30 13:50:43.865157	Speaker	stop	None
2016-09-30 13:50:43.867183	Hopper	up	None
2016-09-30 13:50:55.869936	Hopper	down	None
2016-09-30 13:50:56.176418	Trial	end	213
2016-09-30 13:52:56.690722	Trial	start	214
2016-09-30 13:52:56.693226	Speaker	play	None
2016-09-30 13:52:57.010302	Speaker	stop	None
2016-09-30 13:52:57.011178	Trial	end	214
2016-09-30 13:52:57.012434	Trial	start	215
2016-09-30 13:52:57.014887	Speaker	play	None
2016-09-30 13:53:03.018876	Speaker	stop	None
2016-09-30 13:53:03.019738	Trial	end	215
2016-09-30 14:24:30.221244	Trial	start	216
2016-09-30 14:24:30.223683	Speaker	play	None
2016-09-30 14:24:36.225999	Speaker	stop	None
2016-09-30 14:24:36.227030	Trial	end	216
2016-09-30 14:24:40.063318	Trial	start	217
2016-09-30 14:24:40.065605	Speaker	play	None
2016-09-30 14:24:40.133298	Speaker	stop	None
2016-09-30 14:24:40.134195	Trial	end	217
2016-09-30 14:24:40.135680	Trial	start	218
2016-09-30 14:24:40.139591	Speaker	play	None
2016-09-30 14:24:46.141973	Speaker	stop	None
2016-09-30 14:24:46.142991	Trial	end	218
2016-09-30 14:24:51.167148	Trial	start	219
2016-09-30 14:24:51.169450	Speaker	play	None
2016-09-30 14:24:52.412565	Speaker	stop	None
2016-09-30 14:24:52.413415	Trial	end	219
2016-09-30 14:24:52.414589	Trial	start	220
2016-09-30 14:24:52.417020	Speaker	play	None
2016-09-30 14:24:58.625996	Speaker	stop	None
2016-09-30 14:24:58.627379	Hopper	up	None
2016-09-30 14:25:10.630723	Hopper	down	None
2016-09-30 14:25:10.933431	Trial	end	220
2016-09-30 14:27:31.657738	Trial	start	221
2016-09-30 14:27:31.660160	Speaker	play	None
2016-09-30 14:27:31.915914	Speaker	stop	None
2016-09-30 14:27:31.916896	Trial	end	221
2016-09-30 14:27:31.917986	Trial	start	222
2016-09-30 14:27:31.919836	Speaker	play	None
2016-09-30 14:27:37.924501	Speaker	stop	None
2016-09-30 14:27:37.925467	Trial	end	222
2016-09-30 14:27:59.140686	Trial	start	223
2016-09-30 14:27:59.143752	Speaker	play	None
2016-09-30 14:27:59.202436	Speaker	stop	None
2016-09-30 14:27:59.203560	Trial	end	223
2016-09-30 14:27:59.204826	Trial	start	224
2016-09-30 14:27:59.207071	Speaker	play	None
2016-09-30 14:28:00.083002	Speaker	stop	None
2016-09-30 14:28:00.084580	Trial	end	224
2016-09-30 14:28:00.085996	Trial	start	225
2016-09-30 14:28:00.088918	Speaker	play	None
2016-09-30 14:28:00.148420	Speaker	stop	None
2016-09-30 14:28:00.149624	Trial	end	225
2016-09-30 14:28:00.150760	Trial	start	226
2016-09-30 14:28:00.152738	Speaker	play	None
2016-09-30 14:28:06.157092	Speaker	stop	None
2016-09-30 14:28:06.158974	Trial	end	226
2016-09-30 14:28:34.327865	Trial	start	227
2016-09-30 14:28:34.330694	Speaker	play	None
2016-09-30 14:28:34.397624	Speaker	stop	None
2016-09-30 14:28:34.398550	Trial	end	227
2016-09-30 14:28:34.399855	Trial	start	228
2016-09-30 14:28:34.401921	Speaker	play	None
2016-09-30 14:28:40.402266	Speaker	stop	None
2016-09-30 14:28:40.403629	Trial	end	228
2016-09-30 14:28:55.355829	Trial	start	229
2016-09-30 14:28:55.358326	Speaker	play	None
2016-09-30 14:28:56.388058	Speaker	stop	None
2016-09-30 14:28:56.388973	Trial	end	229
2016-09-30 14:28:56.390544	Trial	start	230
2016-09-30 14:28:56.392801	Speaker	play	None
2016-09-30 14:28:56.658441	Speaker	stop	None
2016-09-30 14:28:56.659835	Trial	end	230
2016-09-30 14:28:56.661074	Trial	start	231
2016-09-30 14:28:56.663813	Speaker	play	None
2016-09-30 14:29:02.875969	Speaker	stop	None
2016-09-30 14:29:02.877343	Hopper	up	None
2016-09-30 14:29:14.881014	Hopper	down	None
2016-09-30 14:29:15.187653	Trial	end	231
2016-09-30 14:34:48.906613	Trial	start	232
2016-09-30 14:34:48.909414	Speaker	play	None
2016-09-30 14:34:54.911204	Speaker	stop	None
2016-09-30 14:34:54.912199	Trial	end	232
2016-09-30 14:35:28.365646	Trial	start	233
2016-09-30 14:35:28.368787	Speaker	play	None
2016-09-30 14:35:29.315546	Speaker	stop	None
2016-09-30 14:35:29.316387	Trial	end	233
2016-09-30 14:35:29.317676	Trial	start	234
2016-09-30 14:35:29.319700	Speaker	play	None
2016-09-30 14:35:35.528762	Speaker	stop	None
2016-09-30 14:35:35.530135	Hopper	up	None
2016-09-30 14:35:47.533778	Hopper	down	None
2016-09-30 14:35:47.840417	Trial	end	234
2016-09-30 14:48:38.569664	Trial	start	235
2016-09-30 14:48:38.572096	Speaker	play	None
2016-09-30 14:48:44.574544	Speaker	stop	None
2016-09-30 14:48:44.575598	Trial	end	235
2016-09-30 15:30:09.881229	Trial	start	236
2016-09-30 15:30:09.883977	Speaker	play	None
2016-09-30 15:30:16.093957	Speaker	stop	None
2016-09-30 15:30:16.096480	Hopper	up	None
2016-09-30 15:30:28.099475	Hopper	down	None
2016-09-30 15:30:28.402303	Trial	end	236
2016-09-30 15:33:30.244221	Trial	start	237
2016-09-30 15:33:30.247182	Speaker	play	None
2016-09-30 15:33:36.252879	Speaker	stop	None
2016-09-30 15:33:36.253758	Trial	end	237
2016-09-30 15:33:52.127945	Trial	start	238
2016-09-30 15:33:52.130193	Speaker	play	None
2016-09-30 15:33:58.341681	Speaker	stop	None
2016-09-30 15:33:58.343291	Hopper	up	None
2016-09-30 15:34:10.346342	Hopper	down	None
2016-09-30 15:34:10.653192	Trial	end	238
2016-09-30 15:35:55.252150	Trial	start	239
2016-09-30 15:35:55.257417	Speaker	play	None
2016-09-30 15:36:01.469634	Speaker	stop	None
2016-09-30 15:36:01.471304	Hopper	up	None
2016-09-30 15:36:13.474677	Hopper	down	None
2016-09-30 15:36:13.781327	Trial	end	239
2016-09-30 15:38:08.492994	Trial	start	240
2016-09-30 15:38:08.496622	Speaker	play	None
2016-09-30 15:38:08.624145	Speaker	stop	None
2016-09-30 15:38:08.625889	Trial	end	240
2016-09-30 15:38:08.627199	Trial	start	241
2016-09-30 15:38:08.631282	Speaker	play	None
2016-09-30 15:38:10.082192	Speaker	stop	None
2016-09-30 15:38:10.083514	Trial	end	241
2016-09-30 15:38:10.084957	Trial	start	242
2016-09-30 15:38:10.088265	Speaker	play	None
2016-09-30 15:38:10.196733	Speaker	stop	None
2016-09-30 15:38:10.198138	Trial	end	242
2016-09-30 15:38:10.199335	Trial	start	243
2016-09-30 15:38:10.201302	Speaker	play	None
2016-09-30 15:38:16.205235	Speaker	stop	None
2016-09-30 15:38:16.206235	Trial	end	243
2016-09-30 15:38:28.074749	Trial	start	244
2016-09-30 15:38:28.077224	Speaker	play	None
2016-09-30 15:38:28.156742	Speaker	stop	None
2016-09-30 15:38:28.157602	Trial	end	244
2016-09-30 15:38:28.158954	Trial	start	245
2016-09-30 15:38:28.161000	Speaker	play	None
2016-09-30 15:38:28.697462	Speaker	stop	None
2016-09-30 15:38:28.698382	Trial	end	245
2016-09-30 15:38:28.699685	Trial	start	246
2016-09-30 15:38:28.701722	Speaker	play	None
2016-09-30 15:38:34.911044	Speaker	stop	None
2016-09-30 15:38:34.912569	Hopper	up	None
2016-09-30 15:38:46.915603	Hopper	down	None
2016-09-30 15:38:47.218473	Trial	end	246
2016-09-30 15:39:53.120072	Trial	start	247
2016-09-30 15:39:53.122916	Speaker	play	None
2016-09-30 15:39:59.124669	Speaker	stop	None
2016-09-30 15:39:59.125592	Trial	end	247
2016-09-30 15:40:10.691142	Trial	start	248
2016-09-30 15:40:10.693560	Speaker	play	None
2016-09-30 15:40:10.769032	Speaker	stop	None
2016-09-30 15:40:10.769812	Trial	end	248
2016-09-30 15:40:10.771074	Trial	start	249
2016-09-30 15:40:10.773328	Speaker	play	None
2016-09-30 15:40:12.596994	Speaker	stop	None
2016-09-30 15:40:12.598128	Trial	end	249
2016-09-30 15:40:12.599333	Trial	start	250
2016-09-30 15:40:12.601733	Speaker	play	None
2016-09-30 15:40:18.604349	Speaker	stop	None
2016-09-30 15:40:18.605293	Trial	end	250
2016-09-30 15:40:25.833340	Trial	start	251
2016-09-30 15:40:25.835992	Speaker	play	None
2016-09-30 15:40:26.460309	Speaker	stop	None
2016-09-30 15:40:26.461591	Trial	end	251
2016-09-30 15:40:26.462898	Trial	start	252
2016-09-30 15:40:26.464883	Speaker	play	None
2016-09-30 15:40:26.529902	Speaker	stop	None
2016-09-30 15:40:26.532118	Trial	end	252
2016-09-30 15:40:26.533468	Trial	start	253
2016-09-30 15:40:26.536067	Speaker	play	None
2016-09-30 15:40:32.538271	Speaker	stop	None
2016-09-30 15:40:32.539179	Trial	end	253
2016-09-30 15:40:58.415543	Trial	start	254
2016-09-30 15:40:58.418222	Speaker	play	None
2016-09-30 15:40:59.677294	Speaker	stop	None
2016-09-30 15:40:59.679429	Trial	end	254
2016-09-30 15:40:59.681148	Trial	start	255
2016-09-30 15:40:59.683892	Speaker	play	None
2016-09-30 15:40:59.751038	Speaker	stop	None
2016-09-30 15:40:59.752224	Trial	end	255
2016-09-30 15:40:59.754143	Trial	start	256
2016-09-30 15:40:59.758168	Speaker	play	None
2016-09-30 15:41:05.759364	Speaker	stop	None
2016-09-30 15:41:05.760226	Trial	end	256
2016-09-30 15:41:18.505410	Trial	start	257
2016-09-30 15:41:18.507878	Speaker	play	None
2016-09-30 15:41:19.542208	Speaker	stop	None
2016-09-30 15:41:19.544546	Trial	end	257
2016-09-30 15:41:19.545989	Trial	start	258
2016-09-30 15:41:19.548191	Speaker	play	None
2016-09-30 15:41:25.550349	Speaker	stop	None
2016-09-30 15:41:25.551363	Trial	end	258
2016-09-30 15:41:40.999589	Trial	start	259
2016-09-30 15:41:41.001953	Speaker	play	None
2016-09-30 15:41:47.004108	Speaker	stop	None
2016-09-30 15:41:47.005607	Trial	end	259
2016-09-30 15:42:20.118742	Trial	start	260
2016-09-30 15:42:20.122736	Speaker	play	None
2016-09-30 15:42:20.188371	Speaker	stop	None
2016-09-30 15:42:20.189105	Trial	end	260
2016-09-30 15:42:20.190265	Trial	start	261
2016-09-30 15:42:20.192476	Speaker	play	None
2016-09-30 15:42:21.237054	Speaker	stop	None
2016-09-30 15:42:21.238072	Trial	end	261
2016-09-30 15:42:21.239338	Trial	start	262
2016-09-30 15:42:21.242051	Speaker	play	None
2016-09-30 15:42:27.245551	Speaker	stop	None
2016-09-30 15:42:27.246480	Trial	end	262
2016-09-30 15:42:31.136479	Trial	start	263
2016-09-30 15:42:31.140415	Speaker	play	None
2016-09-30 15:42:31.202119	Speaker	stop	None
2016-09-30 15:42:31.205549	Trial	end	263
2016-09-30 15:42:31.206903	Trial	start	264
2016-09-30 15:42:31.210449	Speaker	play	None
2016-09-30 15:42:32.328327	Speaker	stop	None
2016-09-30 15:42:32.329426	Trial	end	264
2016-09-30 15:42:32.330772	Trial	start	265
2016-09-30 15:42:32.333799	Speaker	play	None
2016-09-30 15:42:38.336964	Speaker	stop	None
2016-09-30 15:42:38.338114	Trial	end	265
2016-09-30 15:42:43.780088	Trial	start	266
2016-09-30 15:42:43.782824	Speaker	play	None
2016-09-30 15:42:43.850185	Speaker	stop	None
2016-09-30 15:42:43.851038	Trial	end	266
2016-09-30 15:42:43.852545	Trial	start	267
2016-09-30 15:42:43.855119	Speaker	play	None
2016-09-30 15:42:50.067276	Speaker	stop	None
2016-09-30 15:42:50.069059	Hopper	up	None
2016-09-30 15:43:02.072141	Hopper	down	None
2016-09-30 15:43:02.379114	Trial	end	267
2016-09-30 15:45:38.314430	Trial	start	268
2016-09-30 15:45:38.317862	Speaker	play	None
2016-09-30 15:45:44.322743	Speaker	stop	None
2016-09-30 15:45:44.323724	Trial	end	268
2016-09-30 15:45:48.508324	Trial	start	269
2016-09-30 15:45:48.510587	Speaker	play	None
2016-09-30 15:45:49.835255	Speaker	stop	None
2016-09-30 15:45:49.836174	Trial	end	269
2016-09-30 15:45:49.837809	Trial	start	270
2016-09-30 15:45:49.841638	Speaker	play	None
2016-09-30 15:45:49.904871	Speaker	stop	None
2016-09-30 15:45:49.906585	Trial	end	270
2016-09-30 15:45:49.909697	Trial	start	271
2016-09-30 15:45:49.912929	Speaker	play	None
2016-09-30 15:45:55.917266	Speaker	stop	None
2016-09-30 15:45:55.918248	Trial	end	271
2016-09-30 15:46:07.188163	Trial	start	272
2016-09-30 15:46:07.191704	Speaker	play	None
2016-09-30 15:46:07.249657	Speaker	stop	None
2016-09-30 15:46:07.250537	Trial	end	272
2016-09-30 15:46:07.251631	Trial	start	273
2016-09-30 15:46:07.254187	Speaker	play	None
2016-09-30 15:46:13.262357	Speaker	stop	None
2016-09-30 15:46:13.263343	Trial	end	273
2016-09-30 15:46:48.135843	Trial	start	274
2016-09-30 15:46:48.138628	Speaker	play	None
2016-09-30 15:46:54.144404	Speaker	stop	None
2016-09-30 15:46:54.145415	Trial	end	274
2016-09-30 15:47:23.280288	Trial	start	275
2016-09-30 15:47:23.282509	Speaker	play	None
2016-09-30 15:47:23.345920	Speaker	stop	None
2016-09-30 15:47:23.346797	Trial	end	275
2016-09-30 15:47:23.348129	Trial	start	276
2016-09-30 15:47:23.350164	Speaker	play	None
2016-09-30 15:47:25.205408	Speaker	stop	None
2016-09-30 15:47:25.206254	Trial	end	276
2016-09-30 15:47:25.207336	Trial	start	277
2016-09-30 15:47:25.209700	Speaker	play	None
2016-09-30 15:47:26.532499	Speaker	stop	None
2016-09-30 15:47:26.533505	Trial	end	277
2016-09-30 15:47:26.534817	Trial	start	278
2016-09-30 15:47:26.537606	Speaker	play	None
2016-09-30 15:47:32.540748	Speaker	stop	None
2016-09-30 15:47:32.541745	Trial	end	278
2016-09-30 15:47:38.524177	Trial	start	279
2016-09-30 15:47:38.526702	Speaker	play	None
2016-09-30 15:47:44.528684	Speaker	stop	None
2016-09-30 15:47:44.529721	Trial	end	279
2016-09-30 15:48:04.822132	Trial	start	280
2016-09-30 15:48:04.824416	Speaker	play	None
2016-09-30 15:48:05.014792	Speaker	stop	None
2016-09-30 15:48:05.015582	Trial	end	280
2016-09-30 15:48:05.016804	Trial	start	281
2016-09-30 15:48:05.018702	Speaker	play	None
2016-09-30 15:48:06.292684	Speaker	stop	None
2016-09-30 15:48:06.293673	Trial	end	281
2016-09-30 15:48:06.295106	Trial	start	282
2016-09-30 15:48:06.298190	Speaker	play	None
2016-09-30 15:48:12.034922	Speaker	stop	None
2016-09-30 15:48:12.035918	Trial	end	282
2016-09-30 15:48:12.037391	Trial	start	283
2016-09-30 15:48:12.039417	Speaker	play	None
2016-09-30 15:48:18.042926	Speaker	stop	None
2016-09-30 15:48:18.043742	Trial	end	283
2016-09-30 15:48:24.599970	Trial	start	284
2016-09-30 15:48:24.602109	Speaker	play	None
2016-09-30 15:48:25.812377	Speaker	stop	None
2016-09-30 15:48:25.813322	Trial	end	284
2016-09-30 15:48:25.814891	Trial	start	285
2016-09-30 15:48:25.817021	Speaker	play	None
2016-09-30 15:48:25.882707	Speaker	stop	None
2016-09-30 15:48:25.884096	Trial	end	285
2016-09-30 15:48:25.886144	Trial	start	286
2016-09-30 15:48:25.889077	Speaker	play	None
2016-09-30 15:48:31.890431	Speaker	stop	None
2016-09-30 15:48:31.891282	Trial	end	286
2016-09-30 15:48:55.210812	Trial	start	287
2016-09-30 15:48:55.214003	Speaker	play	None
2016-09-30 15:49:01.428138	Speaker	stop	None
2016-09-30 15:49:01.429361	Hopper	up	None
2016-09-30 15:49:13.432492	Hopper	down	None
2016-09-30 15:49:13.735336	Trial	end	287
2016-09-30 16:31:58.841407	Trial	start	288
2016-09-30 16:31:58.844027	Speaker	play	None
2016-09-30 16:32:04.845713	Speaker	stop	None
2016-09-30 16:32:04.846624	Trial	end	288
2016-09-30 16:32:09.703009	Trial	start	289
2016-09-30 16:32:09.705008	Speaker	play	None
2016-09-30 16:32:15.707331	Speaker	stop	None
2016-09-30 16:32:15.708170	Trial	end	289
2016-09-30 16:32:28.563420	Trial	start	290
2016-09-30 16:32:28.565771	Speaker	play	None
2016-09-30 16:32:30.489627	Speaker	stop	None
2016-09-30 16:32:30.491035	Trial	end	290
2016-09-30 16:32:30.492557	Trial	start	291
2016-09-30 16:32:30.495733	Speaker	play	None
2016-09-30 16:32:36.710171	Speaker	stop	None
2016-09-30 16:32:36.712427	Hopper	up	None
2016-09-30 16:32:48.714367	Hopper	down	None
2016-09-30 16:32:49.021455	Trial	end	291
2016-09-30 16:36:42.400299	Trial	start	292
2016-09-30 16:36:42.402877	Speaker	play	None
2016-09-30 16:36:48.613527	Speaker	stop	None
2016-09-30 16:36:48.614695	Hopper	up	None
2016-09-30 16:37:00.617954	Hopper	down	None
2016-09-30 16:37:00.920826	Trial	end	292
2016-09-30 16:40:06.680416	Trial	start	293
2016-09-30 16:40:06.682992	Speaker	play	None
2016-09-30 16:40:12.684957	Speaker	stop	None
2016-09-30 16:40:12.686421	Trial	end	293
2016-09-30 16:40:14.789855	Trial	start	294
2016-09-30 16:40:14.792228	Speaker	play	None
2016-09-30 16:40:21.003080	Speaker	stop	None
2016-09-30 16:40:21.004495	Hopper	up	None
2016-09-30 16:40:33.007682	Hopper	down	None
2016-09-30 16:40:33.310407	Trial	end	294
2016-09-30 16:41:30.411809	PeckPort	off	None
2016-09-30 16:41:30.412335	HouseLight	on	None
2016-09-30 16:41:30.413278	Hopper	down	None
