"2017-02-14 09:52:31,355","INFO","Preparing subject and data storage"
"2017-02-14 09:52:31,356","INFO","Created subject object with name LblGra3039M"
"2017-02-14 09:52:31,356","INFO","Created datastore CSVStore: filename = /home/fet/data/LblGra3039M/140217/LblGra3039M_trialdata_20170214095231.csv, fields = session, index, time, stimulus_name, condition_name, response, correct, rt, reward, max_wait for subject LblGra3039M"
"2017-02-14 09:52:31,356","INFO","Preparing to run experiment Go No-Go Interruption"
"2017-02-14 09:52:31,660","INFO","Entering Idle state"
"2017-02-14 09:52:31,964","INFO","Beginning block #1"
"2017-02-14 09:52:52,886","INFO","Trial 1 - 09:52:52 - Rewarded - /home/fet/stimuli/shaping_categories_box2/reward/TE_Stim_1.wav"
"2017-02-14 09:52:58,895","INFO","Supplying reward for 12.00 seconds"
"2017-02-14 09:55:46,054","INFO","Trial 2 - 09:55:46 - Unrewarded - /home/fet/stimuli/shaping_categories_box2/nonreward/WH_Stim_1.wav"
"2017-02-14 09:55:46,100","INFO","Trial 3 - 09:55:46 - Unrewarded - /home/fet/stimuli/shaping_categories_box2/nonreward/DI_Stim_12.wav"
"2017-02-14 09:56:00,770","INFO","Trial 4 - 09:56:00 - Rewarded - /home/fet/stimuli/shaping_categories_box2/reward/TE_Stim_2.wav"
"2017-02-14 09:56:00,829","INFO","Trial 5 - 09:56:00 - Unrewarded - /home/fet/stimuli/shaping_categories_box2/nonreward/WH_Stim_2.wav"
"2017-02-14 09:56:01,751","INFO","Trial 6 - 09:56:01 - Unrewarded - /home/fet/stimuli/shaping_categories_box2/nonreward/NC_Stim_17.wav"
"2017-02-14 09:56:01,805","INFO","Trial 7 - 09:56:01 - Unrewarded - /home/fet/stimuli/shaping_categories_box2/nonreward/AG_Stim_12.wav"
"2017-02-14 09:56:12,726","INFO","Trial 8 - 09:56:12 - Unrewarded - /home/fet/stimuli/shaping_categories_box2/nonreward/DC_Stim_8.wav"
"2017-02-14 09:56:31,441","INFO","Trial 9 - 09:56:31 - Unrewarded - /home/fet/stimuli/shaping_categories_box2/nonreward/SO_Stim_11.wav"
"2017-02-14 09:56:34,850","INFO","Trial 10 - 09:56:34 - Unrewarded - /home/fet/stimuli/shaping_categories_box2/nonreward/TH_Stim_1.wav"
"2017-02-14 09:56:34,891","INFO","Trial 11 - 09:56:34 - Unrewarded - /home/fet/stimuli/shaping_categories_box2/nonreward/SO_Stim_10.wav"
"2017-02-14 09:56:49,188","INFO","Trial 12 - 09:56:49 - Unrewarded - /home/fet/stimuli/shaping_categories_box2/nonreward/DC_Stim_7.wav"
"2017-02-14 09:56:49,243","INFO","Trial 13 - 09:56:49 - Unrewarded - /home/fet/stimuli/shaping_categories_box2/nonreward/DI_Stim_10.wav"
"2017-02-14 09:56:50,156","INFO","Trial 14 - 09:56:50 - Unrewarded - /home/fet/stimuli/shaping_categories_box2/nonreward/TH_Stim_2.wav"
"2017-02-14 09:56:50,202","INFO","Trial 15 - 09:56:50 - Rewarded - /home/fet/stimuli/shaping_categories_box2/reward/TE_Stim_1.wav"
"2017-02-14 09:56:51,340","INFO","Trial 16 - 09:56:51 - Rewarded - /home/fet/stimuli/shaping_categories_box2/reward/TE_Stim_2.wav"
"2017-02-14 09:56:57,348","INFO","Supplying reward for 12.00 seconds"
"2017-02-14 09:59:02,293","INFO","Trial 17 - 09:59:02 - Unrewarded - /home/fet/stimuli/shaping_categories_box2/nonreward/NC_Stim_12.wav"
"2017-02-14 09:59:24,452","INFO","Trial 18 - 09:59:24 - Rewarded - /home/fet/stimuli/shaping_categories_box2/reward/TE_Stim_1.wav"
"2017-02-14 09:59:25,351","INFO","Trial 19 - 09:59:25 - Unrewarded - /home/fet/stimuli/shaping_categories_box2/nonreward/AG_Stim_11.wav"
"2017-02-14 09:59:25,405","INFO","Trial 20 - 09:59:25 - Unrewarded - /home/fet/stimuli/shaping_categories_box2/nonreward/WH_Stim_1.wav"
"2017-02-14 09:59:34,958","INFO","Trial 21 - 09:59:34 - Unrewarded - /home/fet/stimuli/shaping_categories_box2/nonreward/TH_Stim_1.wav"
"2017-02-14 09:59:48,913","INFO","Trial 22 - 09:59:48 - Rewarded - /home/fet/stimuli/shaping_categories_box2/reward/TE_Stim_2.wav"
"2017-02-14 09:59:49,906","INFO","Trial 23 - 09:59:49 - Unrewarded - /home/fet/stimuli/shaping_categories_box2/nonreward/NC_Stim_12.wav"
"2017-02-14 09:59:49,959","INFO","Trial 24 - 09:59:49 - Unrewarded - /home/fet/stimuli/shaping_categories_box2/nonreward/DI_Stim_12.wav"
"2017-02-14 10:00:02,266","INFO","Trial 25 - 10:00:02 - Unrewarded - /home/fet/stimuli/shaping_categories_box2/nonreward/AG_Stim_11.wav"
"2017-02-14 10:00:03,209","INFO","Trial 26 - 10:00:03 - Unrewarded - /home/fet/stimuli/shaping_categories_box2/nonreward/SO_Stim_10.wav"
"2017-02-14 10:00:22,630","INFO","Trial 27 - 10:00:22 - Unrewarded - /home/fet/stimuli/shaping_categories_box2/nonreward/TH_Stim_2.wav"
"2017-02-14 10:00:39,731","INFO","Trial 28 - 10:00:39 - Unrewarded - /home/fet/stimuli/shaping_categories_box2/nonreward/NC_Stim_17.wav"
"2017-02-14 10:00:55,226","INFO","Trial 29 - 10:00:55 - Unrewarded - /home/fet/stimuli/shaping_categories_box2/nonreward/DI_Stim_10.wav"
"2017-02-14 10:01:06,817","INFO","Trial 30 - 10:01:06 - Unrewarded - /home/fet/stimuli/shaping_categories_box2/nonreward/DC_Stim_8.wav"
"2017-02-14 10:01:06,877","INFO","Trial 31 - 10:01:06 - Unrewarded - /home/fet/stimuli/shaping_categories_box2/nonreward/DC_Stim_7.wav"
"2017-02-14 10:01:28,075","INFO","Trial 32 - 10:01:28 - Unrewarded - /home/fet/stimuli/shaping_categories_box2/nonreward/SO_Stim_11.wav"
"2017-02-14 10:01:28,125","INFO","Trial 33 - 10:01:28 - Unrewarded - /home/fet/stimuli/shaping_categories_box2/nonreward/AG_Stim_12.wav"
"2017-02-14 10:01:56,545","INFO","Trial 34 - 10:01:56 - Unrewarded - /home/fet/stimuli/shaping_categories_box2/nonreward/WH_Stim_2.wav"
"2017-02-14 10:02:51,545","INFO","Trial 35 - 10:02:51 - Unrewarded - /home/fet/stimuli/shaping_categories_box2/nonreward/SO_Stim_10.wav"
"2017-02-14 10:03:10,452","INFO","Trial 36 - 10:03:10 - Unrewarded - /home/fet/stimuli/shaping_categories_box2/nonreward/WH_Stim_1.wav"
"2017-02-14 10:03:10,506","INFO","Trial 37 - 10:03:10 - Unrewarded - /home/fet/stimuli/shaping_categories_box2/nonreward/AG_Stim_12.wav"
"2017-02-14 10:03:21,724","INFO","Trial 38 - 10:03:21 - Unrewarded - /home/fet/stimuli/shaping_categories_box2/nonreward/AG_Stim_11.wav"
"2017-02-14 10:03:42,371","INFO","Trial 39 - 10:03:42 - Unrewarded - /home/fet/stimuli/shaping_categories_box2/nonreward/TH_Stim_2.wav"
"2017-02-14 10:03:42,417","INFO","Trial 40 - 10:03:42 - Unrewarded - /home/fet/stimuli/shaping_categories_box2/nonreward/DC_Stim_8.wav"
"2017-02-14 10:04:02,379","INFO","Trial 41 - 10:04:02 - Rewarded - /home/fet/stimuli/shaping_categories_box2/reward/TE_Stim_2.wav"
"2017-02-14 10:04:03,302","INFO","Trial 42 - 10:04:03 - Unrewarded - /home/fet/stimuli/shaping_categories_box2/nonreward/SO_Stim_11.wav"
"2017-02-14 10:04:16,899","INFO","Trial 43 - 10:04:16 - Unrewarded - /home/fet/stimuli/shaping_categories_box2/nonreward/TH_Stim_1.wav"
"2017-02-14 10:04:18,715","INFO","Trial 44 - 10:04:18 - Rewarded - /home/fet/stimuli/shaping_categories_box2/reward/TE_Stim_1.wav"
"2017-02-14 10:04:19,813","INFO","Trial 45 - 10:04:19 - Unrewarded - /home/fet/stimuli/shaping_categories_box2/nonreward/DI_Stim_10.wav"
"2017-02-14 10:04:21,431","INFO","Trial 46 - 10:04:21 - Rewarded - /home/fet/stimuli/shaping_categories_box2/reward/TE_Stim_2.wav"
"2017-02-14 10:04:21,484","INFO","Trial 47 - 10:04:21 - Unrewarded - /home/fet/stimuli/shaping_categories_box2/nonreward/DI_Stim_12.wav"
"2017-02-14 10:04:39,521","INFO","Trial 48 - 10:04:39 - Unrewarded - /home/fet/stimuli/shaping_categories_box2/nonreward/DC_Stim_7.wav"
"2017-02-14 10:04:57,084","INFO","Trial 49 - 10:04:57 - Rewarded - /home/fet/stimuli/shaping_categories_box2/reward/TE_Stim_1.wav"
"2017-02-14 10:04:57,909","INFO","Trial 50 - 10:04:57 - Unrewarded - /home/fet/stimuli/shaping_categories_box2/nonreward/NC_Stim_17.wav"
"2017-02-14 10:04:57,962","INFO","Trial 51 - 10:04:57 - Unrewarded - /home/fet/stimuli/shaping_categories_box2/nonreward/NC_Stim_12.wav"
"2017-02-14 10:05:06,476","INFO","Trial 52 - 10:05:06 - Unrewarded - /home/fet/stimuli/shaping_categories_box2/nonreward/WH_Stim_2.wav"
"2017-02-14 10:05:23,609","INFO","Trial 53 - 10:05:23 - Unrewarded - /home/fet/stimuli/shaping_categories_box2/nonreward/TH_Stim_2.wav"
"2017-02-14 10:05:24,700","INFO","Trial 54 - 10:05:24 - Unrewarded - /home/fet/stimuli/shaping_categories_box2/nonreward/WH_Stim_2.wav"
"2017-02-14 10:05:40,701","INFO","Trial 55 - 10:05:40 - Unrewarded - /home/fet/stimuli/shaping_categories_box2/nonreward/AG_Stim_11.wav"
"2017-02-14 10:05:41,759","INFO","Trial 56 - 10:05:41 - Unrewarded - /home/fet/stimuli/shaping_categories_box2/nonreward/TH_Stim_1.wav"
"2017-02-14 10:05:47,399","INFO","Trial 57 - 10:05:47 - Rewarded - /home/fet/stimuli/shaping_categories_box2/reward/TE_Stim_2.wav"
"2017-02-14 10:05:47,448","INFO","Trial 58 - 10:05:47 - Unrewarded - /home/fet/stimuli/shaping_categories_box2/nonreward/DC_Stim_7.wav"
"2017-02-14 10:06:03,650","INFO","Trial 59 - 10:06:03 - Unrewarded - /home/fet/stimuli/shaping_categories_box2/nonreward/WH_Stim_1.wav"
"2017-02-14 10:06:03,709","INFO","Trial 60 - 10:06:03 - Unrewarded - /home/fet/stimuli/shaping_categories_box2/nonreward/AG_Stim_12.wav"
"2017-02-14 10:06:04,656","INFO","Trial 61 - 10:06:04 - Unrewarded - /home/fet/stimuli/shaping_categories_box2/nonreward/SO_Stim_10.wav"
"2017-02-14 10:06:04,709","INFO","Trial 62 - 10:06:04 - Rewarded - /home/fet/stimuli/shaping_categories_box2/reward/TE_Stim_1.wav"
"2017-02-14 10:06:10,716","INFO","Supplying reward for 12.00 seconds"
"2017-02-14 10:08:35,264","INFO","Trial 63 - 10:08:35 - Unrewarded - /home/fet/stimuli/shaping_categories_box2/nonreward/NC_Stim_17.wav"
"2017-02-14 10:08:36,252","INFO","Trial 64 - 10:08:36 - Unrewarded - /home/fet/stimuli/shaping_categories_box2/nonreward/DI_Stim_10.wav"
"2017-02-14 10:08:47,564","INFO","Trial 65 - 10:08:47 - Unrewarded - /home/fet/stimuli/shaping_categories_box2/nonreward/DI_Stim_12.wav"
"2017-02-14 10:08:48,535","INFO","Trial 66 - 10:08:48 - Unrewarded - /home/fet/stimuli/shaping_categories_box2/nonreward/DC_Stim_8.wav"
"2017-02-14 10:08:48,576","INFO","Trial 67 - 10:08:48 - Unrewarded - /home/fet/stimuli/shaping_categories_box2/nonreward/SO_Stim_11.wav"
"2017-02-14 10:08:54,143","INFO","Trial 68 - 10:08:54 - Unrewarded - /home/fet/stimuli/shaping_categories_box2/nonreward/NC_Stim_12.wav"
"2017-02-14 10:09:02,161","INFO","Trial 69 - 10:09:02 - Unrewarded - /home/fet/stimuli/shaping_categories_box2/nonreward/AG_Stim_11.wav"
"2017-02-14 10:09:02,209","INFO","Trial 70 - 10:09:02 - Unrewarded - /home/fet/stimuli/shaping_categories_box2/nonreward/DC_Stim_7.wav"
"2017-02-14 10:09:27,802","INFO","Trial 71 - 10:09:27 - Unrewarded - /home/fet/stimuli/shaping_categories_box2/nonreward/DI_Stim_12.wav"
"2017-02-14 10:09:28,823","INFO","Trial 72 - 10:09:28 - Unrewarded - /home/fet/stimuli/shaping_categories_box2/nonreward/SO_Stim_10.wav"
"2017-02-14 10:09:28,877","INFO","Trial 73 - 10:09:28 - Unrewarded - /home/fet/stimuli/shaping_categories_box2/nonreward/WH_Stim_2.wav"
"2017-02-14 10:09:45,238","INFO","Trial 74 - 10:09:45 - Unrewarded - /home/fet/stimuli/shaping_categories_box2/nonreward/AG_Stim_12.wav"
"2017-02-14 10:09:45,289","INFO","Trial 75 - 10:09:45 - Rewarded - /home/fet/stimuli/shaping_categories_box2/reward/TE_Stim_2.wav"
"2017-02-14 10:09:51,296","INFO","Supplying reward for 12.00 seconds"
"2017-02-14 10:11:07,315","INFO","Trial 76 - 10:11:07 - Rewarded - /home/fet/stimuli/shaping_categories_box2/reward/TE_Stim_1.wav"
"2017-02-14 10:11:07,370","INFO","Trial 77 - 10:11:07 - Rewarded - /home/fet/stimuli/shaping_categories_box2/reward/TE_Stim_2.wav"
"2017-02-14 10:11:08,451","INFO","Trial 78 - 10:11:08 - Unrewarded - /home/fet/stimuli/shaping_categories_box2/nonreward/TH_Stim_2.wav"
"2017-02-14 10:11:08,500","INFO","Trial 79 - 10:11:08 - Unrewarded - /home/fet/stimuli/shaping_categories_box2/nonreward/TH_Stim_1.wav"
"2017-02-14 10:11:17,104","INFO","Trial 80 - 10:11:17 - Unrewarded - /home/fet/stimuli/shaping_categories_box2/nonreward/NC_Stim_17.wav"
"2017-02-14 10:11:18,122","INFO","Trial 81 - 10:11:18 - Unrewarded - /home/fet/stimuli/shaping_categories_box2/nonreward/WH_Stim_1.wav"
"2017-02-14 10:11:18,166","INFO","Trial 82 - 10:11:18 - Unrewarded - /home/fet/stimuli/shaping_categories_box2/nonreward/DI_Stim_10.wav"
"2017-02-14 10:11:23,048","INFO","Trial 83 - 10:11:23 - Unrewarded - /home/fet/stimuli/shaping_categories_box2/nonreward/SO_Stim_11.wav"
"2017-02-14 10:11:23,102","INFO","Trial 84 - 10:11:23 - Unrewarded - /home/fet/stimuli/shaping_categories_box2/nonreward/DC_Stim_8.wav"
"2017-02-14 10:11:39,889","INFO","Trial 85 - 10:11:39 - Unrewarded - /home/fet/stimuli/shaping_categories_box2/nonreward/NC_Stim_12.wav"
"2017-02-14 10:11:40,902","INFO","Trial 86 - 10:11:40 - Unrewarded - /home/fet/stimuli/shaping_categories_box2/nonreward/NC_Stim_12.wav"
"2017-02-14 10:11:51,223","INFO","Trial 87 - 10:11:51 - Unrewarded - /home/fet/stimuli/shaping_categories_box2/nonreward/DC_Stim_7.wav"
"2017-02-14 10:12:06,656","INFO","Trial 88 - 10:12:06 - Unrewarded - /home/fet/stimuli/shaping_categories_box2/nonreward/AG_Stim_12.wav"
"2017-02-14 10:12:17,993","INFO","Trial 89 - 10:12:17 - Unrewarded - /home/fet/stimuli/shaping_categories_box2/nonreward/SO_Stim_10.wav"
"2017-02-14 10:12:35,638","INFO","Trial 90 - 10:12:35 - Unrewarded - /home/fet/stimuli/shaping_categories_box2/nonreward/SO_Stim_11.wav"
"2017-02-14 10:12:42,160","INFO","Trial 91 - 10:12:42 - Unrewarded - /home/fet/stimuli/shaping_categories_box2/nonreward/NC_Stim_17.wav"
"2017-02-14 10:12:42,218","INFO","Trial 92 - 10:12:42 - Unrewarded - /home/fet/stimuli/shaping_categories_box2/nonreward/TH_Stim_2.wav"
"2017-02-14 10:12:48,229","INFO","Trial 93 - 10:12:48 - Unrewarded - /home/fet/stimuli/shaping_categories_box2/nonreward/WH_Stim_1.wav"
"2017-02-14 10:12:48,288","INFO","Trial 94 - 10:12:48 - Rewarded - /home/fet/stimuli/shaping_categories_box2/reward/TE_Stim_1.wav"
"2017-02-14 10:12:54,296","INFO","Supplying reward for 12.00 seconds"
"2017-02-14 10:15:17,421","INFO","Trial 95 - 10:15:17 - Unrewarded - /home/fet/stimuli/shaping_categories_box2/nonreward/DI_Stim_12.wav"
"2017-02-14 10:15:17,472","INFO","Trial 96 - 10:15:17 - Unrewarded - /home/fet/stimuli/shaping_categories_box2/nonreward/AG_Stim_11.wav"
"2017-02-14 10:15:18,726","INFO","Trial 97 - 10:15:18 - Unrewarded - /home/fet/stimuli/shaping_categories_box2/nonreward/WH_Stim_2.wav"
"2017-02-14 10:15:36,926","INFO","Trial 98 - 10:15:36 - Rewarded - /home/fet/stimuli/shaping_categories_box2/reward/TE_Stim_2.wav"
"2017-02-14 10:15:38,095","INFO","Trial 99 - 10:15:38 - Unrewarded - /home/fet/stimuli/shaping_categories_box2/nonreward/DI_Stim_10.wav"
"2017-02-14 10:15:49,722","INFO","Trial 100 - 10:15:49 - Unrewarded - /home/fet/stimuli/shaping_categories_box2/nonreward/TH_Stim_1.wav"
"2017-02-14 10:16:34,919","INFO","Trial 101 - 10:16:34 - Unrewarded - /home/fet/stimuli/shaping_categories_box2/nonreward/DC_Stim_8.wav"
"2017-02-14 11:36:30,326","INFO","Trial 102 - 11:36:30 - Rewarded - /home/fet/stimuli/shaping_categories_box2/reward/TE_Stim_1.wav"
"2017-02-14 11:36:31,561","INFO","Trial 103 - 11:36:31 - Unrewarded - /home/fet/stimuli/shaping_categories_box2/nonreward/DI_Stim_10.wav"
"2017-02-14 11:36:42,593","INFO","Trial 104 - 11:36:42 - Unrewarded - /home/fet/stimuli/shaping_categories_box2/nonreward/NC_Stim_17.wav"
"2017-02-14 11:36:52,161","INFO","Trial 105 - 11:36:52 - Unrewarded - /home/fet/stimuli/shaping_categories_box2/nonreward/SO_Stim_10.wav"
"2017-02-14 11:37:15,364","INFO","Trial 106 - 11:37:15 - Unrewarded - /home/fet/stimuli/shaping_categories_box2/nonreward/WH_Stim_2.wav"
"2017-02-14 11:37:29,027","INFO","Trial 107 - 11:37:29 - Rewarded - /home/fet/stimuli/shaping_categories_box2/reward/TE_Stim_2.wav"
"2017-02-14 11:37:30,409","INFO","Trial 108 - 11:37:30 - Unrewarded - /home/fet/stimuli/shaping_categories_box2/nonreward/DI_Stim_12.wav"
"2017-02-14 11:37:30,450","INFO","Trial 109 - 11:37:30 - Unrewarded - /home/fet/stimuli/shaping_categories_box2/nonreward/NC_Stim_12.wav"
"2017-02-14 11:37:31,441","INFO","Trial 110 - 11:37:31 - Unrewarded - /home/fet/stimuli/shaping_categories_box2/nonreward/AG_Stim_12.wav"
"2017-02-14 11:37:31,490","INFO","Trial 111 - 11:37:31 - Rewarded - /home/fet/stimuli/shaping_categories_box2/reward/TE_Stim_1.wav"
"2017-02-14 11:37:37,498","INFO","Supplying reward for 12.00 seconds"
"2017-02-14 11:40:07,219","INFO","Trial 112 - 11:40:07 - Unrewarded - /home/fet/stimuli/shaping_categories_box2/nonreward/AG_Stim_11.wav"
"2017-02-14 11:40:07,265","INFO","Trial 113 - 11:40:07 - Unrewarded - /home/fet/stimuli/shaping_categories_box2/nonreward/DC_Stim_8.wav"
"2017-02-14 11:40:20,141","INFO","Trial 114 - 11:40:20 - Unrewarded - /home/fet/stimuli/shaping_categories_box2/nonreward/SO_Stim_11.wav"
"2017-02-14 11:40:40,360","INFO","Trial 115 - 11:40:40 - Unrewarded - /home/fet/stimuli/shaping_categories_box2/nonreward/TH_Stim_2.wav"
"2017-02-14 11:40:47,879","INFO","Trial 116 - 11:40:47 - Unrewarded - /home/fet/stimuli/shaping_categories_box2/nonreward/DC_Stim_7.wav"
"2017-02-14 11:40:47,934","INFO","Trial 117 - 11:40:47 - Unrewarded - /home/fet/stimuli/shaping_categories_box2/nonreward/WH_Stim_1.wav"
"2017-02-14 11:40:59,428","INFO","Trial 118 - 11:40:59 - Unrewarded - /home/fet/stimuli/shaping_categories_box2/nonreward/TH_Stim_1.wav"
"2017-02-14 11:40:59,483","INFO","Trial 119 - 11:40:59 - Unrewarded - /home/fet/stimuli/shaping_categories_box2/nonreward/DC_Stim_8.wav"
"2017-02-14 11:41:16,506","INFO","Trial 120 - 11:41:16 - Unrewarded - /home/fet/stimuli/shaping_categories_box2/nonreward/TH_Stim_1.wav"
"2017-02-14 11:41:16,565","INFO","Trial 121 - 11:41:16 - Unrewarded - /home/fet/stimuli/shaping_categories_box2/nonreward/WH_Stim_2.wav"
"2017-02-14 11:41:33,854","INFO","Trial 122 - 11:41:33 - Unrewarded - /home/fet/stimuli/shaping_categories_box2/nonreward/DI_Stim_10.wav"
"2017-02-14 11:41:33,909","INFO","Trial 123 - 11:41:33 - Unrewarded - /home/fet/stimuli/shaping_categories_box2/nonreward/AG_Stim_12.wav"
"2017-02-14 11:41:34,955","INFO","Trial 124 - 11:41:34 - Unrewarded - /home/fet/stimuli/shaping_categories_box2/nonreward/DI_Stim_12.wav"
"2017-02-14 11:41:34,991","INFO","Trial 125 - 11:41:34 - Unrewarded - /home/fet/stimuli/shaping_categories_box2/nonreward/NC_Stim_17.wav"
"2017-02-14 11:43:48,532","INFO","Trial 126 - 11:43:48 - Unrewarded - /home/fet/stimuli/shaping_categories_box2/nonreward/TH_Stim_2.wav"
"2017-02-14 11:43:48,586","INFO","Trial 127 - 11:43:48 - Rewarded - /home/fet/stimuli/shaping_categories_box2/reward/TE_Stim_1.wav"
"2017-02-14 11:43:54,594","INFO","Supplying reward for 12.00 seconds"
"2017-02-14 11:46:00,939","INFO","Trial 128 - 11:46:00 - Unrewarded - /home/fet/stimuli/shaping_categories_box2/nonreward/SO_Stim_11.wav"
"2017-02-14 11:47:30,264","INFO","Trial 129 - 11:47:30 - Rewarded - /home/fet/stimuli/shaping_categories_box2/reward/TE_Stim_2.wav"
"2017-02-14 11:47:31,400","INFO","Trial 130 - 11:47:31 - Unrewarded - /home/fet/stimuli/shaping_categories_box2/nonreward/SO_Stim_10.wav"
"2017-02-14 12:08:20,821","INFO","Trial 131 - 12:08:20 - Unrewarded - /home/fet/stimuli/shaping_categories_box2/nonreward/NC_Stim_12.wav"
"2017-02-14 12:08:20,880","INFO","Trial 132 - 12:08:20 - Unrewarded - /home/fet/stimuli/shaping_categories_box2/nonreward/AG_Stim_11.wav"
"2017-02-14 12:08:34,865","INFO","Trial 133 - 12:08:34 - Unrewarded - /home/fet/stimuli/shaping_categories_box2/nonreward/WH_Stim_1.wav"
"2017-02-14 12:08:52,182","INFO","Trial 134 - 12:08:52 - Rewarded - /home/fet/stimuli/shaping_categories_box2/reward/TE_Stim_1.wav"
"2017-02-14 12:08:53,379","INFO","Trial 135 - 12:08:53 - Unrewarded - /home/fet/stimuli/shaping_categories_box2/nonreward/DC_Stim_7.wav"
"2017-02-14 12:08:53,433","INFO","Trial 136 - 12:08:53 - Unrewarded - /home/fet/stimuli/shaping_categories_box2/nonreward/NC_Stim_17.wav"
"2017-02-14 12:09:23,674","INFO","Trial 137 - 12:09:23 - Rewarded - /home/fet/stimuli/shaping_categories_box2/reward/TE_Stim_2.wav"
"2017-02-14 12:09:24,691","INFO","Trial 138 - 12:09:24 - Rewarded - /home/fet/stimuli/shaping_categories_box2/reward/TE_Stim_2.wav"
"2017-02-14 12:09:30,699","INFO","Supplying reward for 12.00 seconds"
"2017-02-14 12:11:52,508","INFO","Trial 139 - 12:11:52 - Unrewarded - /home/fet/stimuli/shaping_categories_box2/nonreward/TH_Stim_2.wav"
"2017-02-14 12:12:27,937","INFO","Trial 140 - 12:12:27 - Unrewarded - /home/fet/stimuli/shaping_categories_box2/nonreward/AG_Stim_12.wav"
"2017-02-14 12:12:42,530","INFO","Trial 141 - 12:12:42 - Unrewarded - /home/fet/stimuli/shaping_categories_box2/nonreward/AG_Stim_11.wav"
"2017-02-14 12:12:42,585","INFO","Trial 142 - 12:12:42 - Unrewarded - /home/fet/stimuli/shaping_categories_box2/nonreward/DC_Stim_7.wav"
"2017-02-14 12:13:00,045","INFO","Trial 143 - 12:13:00 - Unrewarded - /home/fet/stimuli/shaping_categories_box2/nonreward/WH_Stim_1.wav"
"2017-02-14 12:13:07,935","INFO","Trial 144 - 12:13:07 - Unrewarded - /home/fet/stimuli/shaping_categories_box2/nonreward/TH_Stim_1.wav"
"2017-02-14 12:13:29,898","INFO","Trial 145 - 12:13:29 - Unrewarded - /home/fet/stimuli/shaping_categories_box2/nonreward/SO_Stim_11.wav"
"2017-02-14 12:14:19,200","INFO","Trial 146 - 12:14:19 - Rewarded - /home/fet/stimuli/shaping_categories_box2/reward/TE_Stim_1.wav"
"2017-02-14 12:14:23,024","INFO","Trial 147 - 12:14:23 - Unrewarded - /home/fet/stimuli/shaping_categories_box2/nonreward/DI_Stim_12.wav"
"2017-02-14 12:14:28,783","INFO","Trial 148 - 12:14:28 - Unrewarded - /home/fet/stimuli/shaping_categories_box2/nonreward/NC_Stim_12.wav"
"2017-02-14 12:33:53,248","INFO","Trial 149 - 12:33:53 - Unrewarded - /home/fet/stimuli/shaping_categories_box2/nonreward/SO_Stim_10.wav"
"2017-02-14 12:35:10,514","INFO","Trial 150 - 12:35:10 - Unrewarded - /home/fet/stimuli/shaping_categories_box2/nonreward/DC_Stim_8.wav"
"2017-02-14 12:35:54,630","INFO","Trial 151 - 12:35:54 - Unrewarded - /home/fet/stimuli/shaping_categories_box2/nonreward/DI_Stim_10.wav"
"2017-02-14 12:36:05,032","INFO","Trial 152 - 12:36:05 - Unrewarded - /home/fet/stimuli/shaping_categories_box2/nonreward/WH_Stim_2.wav"
"2017-02-14 12:36:05,082","INFO","Trial 153 - 12:36:05 - Unrewarded - /home/fet/stimuli/shaping_categories_box2/nonreward/DI_Stim_10.wav"
"2017-02-14 12:36:06,241","INFO","Trial 154 - 12:36:06 - Unrewarded - /home/fet/stimuli/shaping_categories_box2/nonreward/SO_Stim_10.wav"
"2017-02-14 12:36:06,294","INFO","Trial 155 - 12:36:06 - Rewarded - /home/fet/stimuli/shaping_categories_box2/reward/TE_Stim_1.wav"
"2017-02-14 12:36:12,303","INFO","Supplying reward for 12.00 seconds"
"2017-02-14 12:39:36,102","INFO","Trial 156 - 12:39:36 - Unrewarded - /home/fet/stimuli/shaping_categories_box2/nonreward/TH_Stim_2.wav"
"2017-02-14 12:39:36,153","INFO","Trial 157 - 12:39:36 - Rewarded - /home/fet/stimuli/shaping_categories_box2/reward/TE_Stim_2.wav"
"2017-02-14 12:39:37,197","INFO","Trial 158 - 12:39:37 - Rewarded - /home/fet/stimuli/shaping_categories_box2/reward/TE_Stim_1.wav"
"2017-02-14 12:39:43,203","INFO","Supplying reward for 12.00 seconds"
"2017-02-14 12:41:52,823","INFO","Trial 159 - 12:41:52 - Unrewarded - /home/fet/stimuli/shaping_categories_box2/nonreward/AG_Stim_11.wav"
"2017-02-14 12:41:52,878","INFO","Trial 160 - 12:41:52 - Unrewarded - /home/fet/stimuli/shaping_categories_box2/nonreward/NC_Stim_17.wav"
"2017-02-14 12:43:04,494","INFO","Trial 161 - 12:43:04 - Rewarded - /home/fet/stimuli/shaping_categories_box2/reward/TE_Stim_2.wav"
"2017-02-14 12:43:04,553","INFO","Trial 162 - 12:43:04 - Unrewarded - /home/fet/stimuli/shaping_categories_box2/nonreward/WH_Stim_2.wav"
"2017-02-14 12:43:45,312","INFO","Trial 163 - 12:43:45 - Unrewarded - /home/fet/stimuli/shaping_categories_box2/nonreward/TH_Stim_1.wav"
"2017-02-14 12:43:45,367","INFO","Trial 164 - 12:43:45 - Unrewarded - /home/fet/stimuli/shaping_categories_box2/nonreward/WH_Stim_1.wav"
"2017-02-14 12:44:12,871","INFO","Trial 165 - 12:44:12 - Rewarded - /home/fet/stimuli/shaping_categories_box2/reward/TE_Stim_2.wav"
"2017-02-14 12:44:18,879","INFO","Supplying reward for 12.00 seconds"
"2017-02-14 12:49:30,451","INFO","Trial 166 - 12:49:30 - Unrewarded - /home/fet/stimuli/shaping_categories_box2/nonreward/DC_Stim_7.wav"
"2017-02-14 12:49:30,502","INFO","Trial 167 - 12:49:30 - Unrewarded - /home/fet/stimuli/shaping_categories_box2/nonreward/AG_Stim_12.wav"
"2017-02-14 12:51:05,671","INFO","Trial 168 - 12:51:05 - Unrewarded - /home/fet/stimuli/shaping_categories_box2/nonreward/DI_Stim_12.wav"
"2017-02-14 12:52:16,817","INFO","Trial 169 - 12:52:16 - Unrewarded - /home/fet/stimuli/shaping_categories_box2/nonreward/NC_Stim_12.wav"
"2017-02-14 12:52:43,132","INFO","Trial 170 - 12:52:43 - Unrewarded - /home/fet/stimuli/shaping_categories_box2/nonreward/DC_Stim_8.wav"
"2017-02-14 12:53:17,585","INFO","Trial 171 - 12:53:17 - Unrewarded - /home/fet/stimuli/shaping_categories_box2/nonreward/SO_Stim_11.wav"
"2017-02-14 12:53:17,640","INFO","Trial 172 - 12:53:17 - Unrewarded - /home/fet/stimuli/shaping_categories_box2/nonreward/TH_Stim_1.wav"
"2017-02-14 12:53:31,425","INFO","Trial 173 - 12:53:31 - Unrewarded - /home/fet/stimuli/shaping_categories_box2/nonreward/SO_Stim_11.wav"
"2017-02-14 13:12:23,855","INFO","Trial 174 - 13:12:23 - Rewarded - /home/fet/stimuli/shaping_categories_box2/reward/TE_Stim_1.wav"
"2017-02-14 13:12:29,862","INFO","Supplying reward for 12.00 seconds"
"2017-02-14 13:16:37,669","INFO","Trial 175 - 13:16:37 - Unrewarded - /home/fet/stimuli/shaping_categories_box2/nonreward/DC_Stim_8.wav"
"2017-02-14 13:16:37,723","INFO","Trial 176 - 13:16:37 - Unrewarded - /home/fet/stimuli/shaping_categories_box2/nonreward/DC_Stim_7.wav"
"2017-02-14 13:17:06,216","INFO","Trial 177 - 13:17:06 - Unrewarded - /home/fet/stimuli/shaping_categories_box2/nonreward/DI_Stim_12.wav"
"2017-02-14 13:17:26,263","INFO","Trial 178 - 13:17:26 - Unrewarded - /home/fet/stimuli/shaping_categories_box2/nonreward/SO_Stim_10.wav"
"2017-02-14 14:37:55,916","INFO","Trial 179 - 14:37:55 - Unrewarded - /home/fet/stimuli/shaping_categories_box2/nonreward/NC_Stim_12.wav"
"2017-02-14 14:37:57,187","INFO","Trial 180 - 14:37:57 - Rewarded - /home/fet/stimuli/shaping_categories_box2/reward/TE_Stim_1.wav"
"2017-02-14 14:38:03,195","INFO","Supplying reward for 12.00 seconds"
"2017-02-14 14:41:21,154","INFO","Trial 181 - 14:41:21 - Unrewarded - /home/fet/stimuli/shaping_categories_box2/nonreward/AG_Stim_11.wav"
"2017-02-14 14:41:21,204","INFO","Trial 182 - 14:41:21 - Rewarded - /home/fet/stimuli/shaping_categories_box2/reward/TE_Stim_2.wav"
"2017-02-14 14:41:27,212","INFO","Supplying reward for 12.00 seconds"
"2017-02-14 14:44:10,306","INFO","Trial 183 - 14:44:10 - Unrewarded - /home/fet/stimuli/shaping_categories_box2/nonreward/WH_Stim_2.wav"
"2017-02-14 14:44:10,360","INFO","Trial 184 - 14:44:10 - Unrewarded - /home/fet/stimuli/shaping_categories_box2/nonreward/WH_Stim_1.wav"
"2017-02-14 14:44:35,438","INFO","Trial 185 - 14:44:35 - Unrewarded - /home/fet/stimuli/shaping_categories_box2/nonreward/DI_Stim_10.wav"
"2017-02-14 14:44:49,827","INFO","Trial 186 - 14:44:49 - Unrewarded - /home/fet/stimuli/shaping_categories_box2/nonreward/NC_Stim_17.wav"
"2017-02-14 14:44:50,938","INFO","Trial 187 - 14:44:50 - Unrewarded - /home/fet/stimuli/shaping_categories_box2/nonreward/AG_Stim_12.wav"
"2017-02-14 14:45:05,481","INFO","Trial 188 - 14:45:05 - Unrewarded - /home/fet/stimuli/shaping_categories_box2/nonreward/TH_Stim_2.wav"
"2017-02-14 14:45:05,540","INFO","Trial 189 - 14:45:05 - Unrewarded - /home/fet/stimuli/shaping_categories_box2/nonreward/DC_Stim_8.wav"
"2017-02-14 14:45:23,343","INFO","Trial 190 - 14:45:23 - Unrewarded - /home/fet/stimuli/shaping_categories_box2/nonreward/AG_Stim_12.wav"
"2017-02-14 14:45:23,402","INFO","Trial 191 - 14:45:23 - Unrewarded - /home/fet/stimuli/shaping_categories_box2/nonreward/WH_Stim_2.wav"
"2017-02-14 14:45:41,922","INFO","Trial 192 - 14:45:41 - Unrewarded - /home/fet/stimuli/shaping_categories_box2/nonreward/NC_Stim_12.wav"
"2017-02-14 14:46:09,135","INFO","Trial 193 - 14:46:09 - Unrewarded - /home/fet/stimuli/shaping_categories_box2/nonreward/DC_Stim_7.wav"
"2017-02-14 14:46:09,186","INFO","Trial 194 - 14:46:09 - Unrewarded - /home/fet/stimuli/shaping_categories_box2/nonreward/AG_Stim_11.wav"
"2017-02-14 14:46:29,189","INFO","Trial 195 - 14:46:29 - Unrewarded - /home/fet/stimuli/shaping_categories_box2/nonreward/SO_Stim_11.wav"
"2017-02-14 14:46:44,106","INFO","Trial 196 - 14:46:44 - Unrewarded - /home/fet/stimuli/shaping_categories_box2/nonreward/TH_Stim_2.wav"
"2017-02-14 14:46:54,596","INFO","Trial 197 - 14:46:54 - Unrewarded - /home/fet/stimuli/shaping_categories_box2/nonreward/DI_Stim_10.wav"
"2017-02-14 14:47:09,517","INFO","Trial 198 - 14:47:09 - Rewarded - /home/fet/stimuli/shaping_categories_box2/reward/TE_Stim_2.wav"
"2017-02-14 14:47:15,522","INFO","Supplying reward for 12.00 seconds"
"2017-02-14 14:50:45,611","INFO","Trial 199 - 14:50:45 - Unrewarded - /home/fet/stimuli/shaping_categories_box2/nonreward/NC_Stim_17.wav"
"2017-02-14 14:50:45,665","INFO","Trial 200 - 14:50:45 - Unrewarded - /home/fet/stimuli/shaping_categories_box2/nonreward/SO_Stim_10.wav"
"2017-02-14 14:51:12,353","INFO","Trial 201 - 14:51:12 - Unrewarded - /home/fet/stimuli/shaping_categories_box2/nonreward/DI_Stim_12.wav"
"2017-02-14 14:51:12,403","INFO","Trial 202 - 14:51:12 - Unrewarded - /home/fet/stimuli/shaping_categories_box2/nonreward/WH_Stim_1.wav"
"2017-02-14 14:51:36,969","INFO","Trial 203 - 14:51:36 - Unrewarded - /home/fet/stimuli/shaping_categories_box2/nonreward/TH_Stim_1.wav"
"2017-02-14 14:52:01,855","INFO","Trial 204 - 14:52:01 - Unrewarded - /home/fet/stimuli/shaping_categories_box2/nonreward/AG_Stim_12.wav"
"2017-02-14 14:52:11,382","INFO","Trial 205 - 14:52:11 - Unrewarded - /home/fet/stimuli/shaping_categories_box2/nonreward/DI_Stim_12.wav"
"2017-02-14 14:52:20,065","INFO","Trial 206 - 14:52:20 - Unrewarded - /home/fet/stimuli/shaping_categories_box2/nonreward/SO_Stim_11.wav"
"2017-02-14 14:52:54,439","INFO","Trial 207 - 14:52:54 - Rewarded - /home/fet/stimuli/shaping_categories_box2/reward/TE_Stim_1.wav"
"2017-02-14 14:52:54,486","INFO","Trial 208 - 14:52:54 - Unrewarded - /home/fet/stimuli/shaping_categories_box2/nonreward/NC_Stim_12.wav"
"2017-02-14 14:53:14,117","INFO","Trial 209 - 14:53:14 - Unrewarded - /home/fet/stimuli/shaping_categories_box2/nonreward/WH_Stim_2.wav"
"2017-02-14 14:53:41,022","INFO","Trial 210 - 14:53:41 - Unrewarded - /home/fet/stimuli/shaping_categories_box2/nonreward/NC_Stim_17.wav"
"2017-02-14 14:53:41,072","INFO","Trial 211 - 14:53:41 - Unrewarded - /home/fet/stimuli/shaping_categories_box2/nonreward/SO_Stim_10.wav"
"2017-02-14 14:53:42,114","INFO","Trial 212 - 14:53:42 - Unrewarded - /home/fet/stimuli/shaping_categories_box2/nonreward/TH_Stim_2.wav"
"2017-02-14 14:53:42,162","INFO","Trial 213 - 14:53:42 - Unrewarded - /home/fet/stimuli/shaping_categories_box2/nonreward/DC_Stim_8.wav"
"2017-02-14 14:54:01,814","INFO","Trial 214 - 14:54:01 - Unrewarded - /home/fet/stimuli/shaping_categories_box2/nonreward/TH_Stim_1.wav"
"2017-02-14 14:54:21,155","INFO","Trial 215 - 14:54:21 - Rewarded - /home/fet/stimuli/shaping_categories_box2/reward/TE_Stim_2.wav"
"2017-02-14 14:54:27,164","INFO","Supplying reward for 12.00 seconds"
"2017-02-14 16:03:03,715","INFO","Trial 216 - 16:03:03 - Unrewarded - /home/fet/stimuli/shaping_categories_box2/nonreward/DC_Stim_7.wav"
"2017-02-14 16:03:03,770","INFO","Trial 217 - 16:03:03 - Rewarded - /home/fet/stimuli/shaping_categories_box2/reward/TE_Stim_1.wav"
"2017-02-14 16:03:09,778","INFO","Supplying reward for 12.00 seconds"
"2017-02-14 16:06:27,879","INFO","Trial 218 - 16:06:27 - Rewarded - /home/fet/stimuli/shaping_categories_box2/reward/TE_Stim_1.wav"
"2017-02-14 16:06:27,933","INFO","Trial 219 - 16:06:27 - Unrewarded - /home/fet/stimuli/shaping_categories_box2/nonreward/DI_Stim_10.wav"
"2017-02-14 16:06:42,943","INFO","Trial 220 - 16:06:42 - Rewarded - /home/fet/stimuli/shaping_categories_box2/reward/TE_Stim_2.wav"
"2017-02-14 16:06:42,994","INFO","Trial 221 - 16:06:42 - Unrewarded - /home/fet/stimuli/shaping_categories_box2/nonreward/AG_Stim_11.wav"
"2017-02-14 16:06:55,059","INFO","Trial 222 - 16:06:55 - Unrewarded - /home/fet/stimuli/shaping_categories_box2/nonreward/WH_Stim_1.wav"
"2017-02-14 16:06:55,114","INFO","Trial 223 - 16:06:55 - Unrewarded - /home/fet/stimuli/shaping_categories_box2/nonreward/AG_Stim_12.wav"
"2017-02-14 16:07:07,420","INFO","Trial 224 - 16:07:07 - Unrewarded - /home/fet/stimuli/shaping_categories_box2/nonreward/NC_Stim_12.wav"
"2017-02-14 16:07:38,286","INFO","Trial 225 - 16:07:38 - Unrewarded - /home/fet/stimuli/shaping_categories_box2/nonreward/TH_Stim_1.wav"
"2017-02-14 16:07:38,341","INFO","Trial 226 - 16:07:38 - Unrewarded - /home/fet/stimuli/shaping_categories_box2/nonreward/AG_Stim_11.wav"
"2017-02-14 16:07:54,146","INFO","Trial 227 - 16:07:54 - Unrewarded - /home/fet/stimuli/shaping_categories_box2/nonreward/NC_Stim_17.wav"
"2017-02-14 16:08:17,058","INFO","Trial 228 - 16:08:17 - Unrewarded - /home/fet/stimuli/shaping_categories_box2/nonreward/DI_Stim_12.wav"
"2017-02-14 16:08:34,080","INFO","Trial 229 - 16:08:34 - Unrewarded - /home/fet/stimuli/shaping_categories_box2/nonreward/SO_Stim_11.wav"
"2017-02-14 16:09:06,237","INFO","Trial 230 - 16:09:06 - Unrewarded - /home/fet/stimuli/shaping_categories_box2/nonreward/DC_Stim_8.wav"
"2017-02-14 16:09:06,291","INFO","Trial 231 - 16:09:06 - Unrewarded - /home/fet/stimuli/shaping_categories_box2/nonreward/DI_Stim_10.wav"
"2017-02-14 16:09:07,267","INFO","Trial 232 - 16:09:07 - Unrewarded - /home/fet/stimuli/shaping_categories_box2/nonreward/DC_Stim_7.wav"
"2017-02-14 16:09:07,319","INFO","Trial 233 - 16:09:07 - Rewarded - /home/fet/stimuli/shaping_categories_box2/reward/TE_Stim_1.wav"
"2017-02-14 16:09:08,069","INFO","Trial 234 - 16:09:08 - Unrewarded - /home/fet/stimuli/shaping_categories_box2/nonreward/SO_Stim_10.wav"
"2017-02-14 16:09:08,122","INFO","Trial 235 - 16:09:08 - Unrewarded - /home/fet/stimuli/shaping_categories_box2/nonreward/WH_Stim_2.wav"
"2017-02-14 16:09:20,376","INFO","Trial 236 - 16:09:20 - Rewarded - /home/fet/stimuli/shaping_categories_box2/reward/TE_Stim_2.wav"
"2017-02-14 16:09:26,381","INFO","Supplying reward for 12.00 seconds"
"2017-02-14 16:12:04,975","INFO","Trial 237 - 16:12:04 - Rewarded - /home/fet/stimuli/shaping_categories_box2/reward/TE_Stim_1.wav"
"2017-02-14 16:12:10,984","INFO","Supplying reward for 12.00 seconds"
"2017-02-14 16:14:28,845","INFO","Trial 238 - 16:14:28 - Unrewarded - /home/fet/stimuli/shaping_categories_box2/nonreward/WH_Stim_1.wav"
"2017-02-14 16:14:28,892","INFO","Trial 239 - 16:14:28 - Rewarded - /home/fet/stimuli/shaping_categories_box2/reward/TE_Stim_2.wav"
"2017-02-14 16:14:34,899","INFO","Supplying reward for 12.00 seconds"
"2017-02-14 17:11:53,371","INFO","Finishing session 1 at Tue Feb 14 17:11:53 2017"
"2017-02-14 17:11:53,371","INFO","Finished all sessions."
"2017-02-14 17:11:53,678","INFO","Exiting Session state"
"2017-02-14 17:11:53,678","INFO","Finishing experiment"
"2017-02-14 17:11:53,985","INFO","Exiting Idle state"
