2016-10-09 09:16:27.491207	PeckPort	off	None
2016-10-09 09:16:27.491690	HouseLight	on	None
2016-10-09 09:16:27.492276	Hopper	down	None
2016-10-09 09:16:27.798682	Hopper	down	None
2016-10-09 09:16:28.105155	HouseLight	on	None
2016-10-09 09:16:28.105765	PeckPort	on	None
2016-10-09 10:18:43.553493	Trial	start	1
2016-10-09 10:18:43.561515	Speaker	play	None
2016-10-09 10:18:49.566166	Speaker	stop	None
2016-10-09 10:18:49.567722	Hopper	up	None
2016-10-09 10:19:01.570564	Hopper	down	None
2016-10-09 10:19:01.877346	Trial	end	1
2016-10-09 10:24:34.567718	Trial	start	2
2016-10-09 10:24:34.572275	Speaker	play	None
2016-10-09 10:24:40.577324	Speaker	stop	None
2016-10-09 10:24:40.578825	Trial	end	2
2016-10-09 10:24:48.796933	Trial	start	3
2016-10-09 10:24:48.800451	Speaker	play	None
2016-10-09 10:24:48.858527	Speaker	stop	None
2016-10-09 10:24:48.859658	Trial	end	3
2016-10-09 10:24:48.863100	Trial	start	4
2016-10-09 10:24:48.869128	Speaker	play	None
2016-10-09 10:24:53.783024	Speaker	stop	None
2016-10-09 10:24:53.786596	Trial	end	4
2016-10-09 10:24:53.788394	Trial	start	5
2016-10-09 10:24:53.791149	Speaker	play	None
2016-10-09 10:24:59.794559	Speaker	stop	None
2016-10-09 10:24:59.796502	Hopper	up	None
2016-10-09 10:25:11.800207	Hopper	down	None
2016-10-09 10:25:12.106858	Trial	end	5
2016-10-09 10:27:44.415841	Trial	start	6
2016-10-09 10:27:44.418306	Speaker	play	None
2016-10-09 10:27:50.425411	Speaker	stop	None
2016-10-09 10:27:50.427826	Hopper	up	None
2016-10-09 10:28:02.430436	Hopper	down	None
2016-10-09 10:28:02.736757	Trial	end	6
2016-10-09 10:29:22.017537	Trial	start	7
2016-10-09 10:29:22.028401	Speaker	play	None
2016-10-09 10:29:22.895273	Speaker	stop	None
2016-10-09 10:29:22.898110	Trial	end	7
2016-10-09 10:29:22.900459	Trial	start	8
2016-10-09 10:29:22.903509	Speaker	play	None
2016-10-09 10:29:28.906875	Speaker	stop	None
2016-10-09 10:29:28.907783	Trial	end	8
2016-10-09 10:29:37.274754	Trial	start	9
2016-10-09 10:29:37.277297	Speaker	play	None
2016-10-09 10:29:43.283568	Speaker	stop	None
2016-10-09 10:29:43.284539	Trial	end	9
2016-10-09 10:30:37.456218	Trial	start	10
2016-10-09 10:30:37.459382	Speaker	play	None
2016-10-09 10:30:38.578038	Speaker	stop	None
2016-10-09 10:30:38.578802	Trial	end	10
2016-10-09 10:30:38.580452	Trial	start	11
2016-10-09 10:30:38.582655	Speaker	play	None
2016-10-09 10:30:38.652069	Speaker	stop	None
2016-10-09 10:30:38.654420	Trial	end	11
2016-10-09 10:30:38.655863	Trial	start	12
2016-10-09 10:30:38.657970	Speaker	play	None
2016-10-09 10:30:44.661103	Speaker	stop	None
2016-10-09 10:30:44.663057	Hopper	up	None
2016-10-09 10:30:56.666268	Hopper	down	None
2016-10-09 10:30:56.973172	Trial	end	12
2016-10-09 10:33:07.262186	Trial	start	13
2016-10-09 10:33:07.266913	Speaker	play	None
2016-10-09 10:33:13.275090	Speaker	stop	None
2016-10-09 10:33:13.276502	Hopper	up	None
2016-10-09 10:33:25.280287	Hopper	down	None
2016-10-09 10:33:25.586772	Trial	end	13
2016-10-09 10:36:06.680014	Trial	start	14
2016-10-09 10:36:06.682547	Speaker	play	None
2016-10-09 10:36:06.770455	Speaker	stop	None
2016-10-09 10:36:06.771466	Trial	end	14
2016-10-09 10:36:06.774381	Trial	start	15
2016-10-09 10:36:06.783976	Speaker	play	None
2016-10-09 10:36:12.793541	Speaker	stop	None
2016-10-09 10:36:12.795715	Trial	end	15
2016-10-09 10:36:48.428666	Trial	start	16
2016-10-09 10:36:48.430961	Speaker	play	None
2016-10-09 10:36:48.539368	Speaker	stop	None
2016-10-09 10:36:48.540302	Trial	end	16
2016-10-09 10:36:48.541611	Trial	start	17
2016-10-09 10:36:48.543926	Speaker	play	None
2016-10-09 10:36:54.552414	Speaker	stop	None
2016-10-09 10:36:54.553855	Trial	end	17
2016-10-09 10:37:24.889724	Trial	start	18
2016-10-09 10:37:24.893530	Speaker	play	None
2016-10-09 10:37:25.643746	Speaker	stop	None
2016-10-09 10:37:25.646443	Trial	end	18
2016-10-09 10:37:25.649008	Trial	start	19
2016-10-09 10:37:25.651810	Speaker	play	None
2016-10-09 10:37:31.660072	Speaker	stop	None
2016-10-09 10:37:31.661199	Trial	end	19
2016-10-09 10:37:46.703936	Trial	start	20
2016-10-09 10:37:46.708457	Speaker	play	None
2016-10-09 10:37:52.712889	Speaker	stop	None
2016-10-09 10:37:52.715539	Trial	end	20
2016-10-09 10:39:02.435282	Trial	start	21
2016-10-09 10:39:02.437667	Speaker	play	None
2016-10-09 10:39:02.509087	Speaker	stop	None
2016-10-09 10:39:02.510184	Trial	end	21
2016-10-09 10:39:02.511604	Trial	start	22
2016-10-09 10:39:02.516140	Speaker	play	None
2016-10-09 10:39:08.522506	Speaker	stop	None
2016-10-09 10:39:08.524698	Hopper	up	None
2016-10-09 10:39:20.526664	Hopper	down	None
2016-10-09 10:39:20.829417	Trial	end	22
2016-10-09 10:41:29.715839	Trial	start	23
2016-10-09 10:41:29.717914	Speaker	play	None
2016-10-09 10:41:35.724549	Speaker	stop	None
2016-10-09 10:41:35.726168	Trial	end	23
2016-10-09 10:41:54.642918	Trial	start	24
2016-10-09 10:41:54.646529	Speaker	play	None
2016-10-09 10:42:00.651720	Speaker	stop	None
2016-10-09 10:42:00.652544	Trial	end	24
2016-10-09 10:42:42.994217	Trial	start	25
2016-10-09 10:42:42.999506	Speaker	play	None
2016-10-09 10:42:49.006356	Speaker	stop	None
2016-10-09 10:42:49.007252	Trial	end	25
2016-10-09 10:43:30.898673	Trial	start	26
2016-10-09 10:43:30.903088	Speaker	play	None
2016-10-09 10:43:30.963749	Speaker	stop	None
2016-10-09 10:43:30.965576	Trial	end	26
2016-10-09 10:43:30.967269	Trial	start	27
2016-10-09 10:43:30.970677	Speaker	play	None
2016-10-09 10:43:36.976056	Speaker	stop	None
2016-10-09 10:43:36.977473	Hopper	up	None
2016-10-09 10:43:48.980860	Hopper	down	None
2016-10-09 10:43:49.287694	Trial	end	27
2016-10-09 10:45:28.152189	Trial	start	28
2016-10-09 10:45:28.159533	Speaker	play	None
2016-10-09 10:45:34.164296	Speaker	stop	None
2016-10-09 10:45:34.165239	Trial	end	28
2016-10-09 10:45:46.971488	Trial	start	29
2016-10-09 10:45:46.974014	Speaker	play	None
2016-10-09 10:45:52.980095	Speaker	stop	None
2016-10-09 10:45:52.982563	Trial	end	29
2016-10-09 10:46:04.645331	Trial	start	30
2016-10-09 10:46:04.649491	Speaker	play	None
2016-10-09 10:46:10.653948	Speaker	stop	None
2016-10-09 10:46:10.655419	Hopper	up	None
2016-10-09 10:46:22.658972	Hopper	down	None
2016-10-09 10:46:22.965150	Trial	end	30
2016-10-09 10:47:56.074780	Trial	start	31
2016-10-09 10:47:56.077813	Speaker	play	None
2016-10-09 10:47:56.594864	Speaker	stop	None
2016-10-09 10:47:56.596221	Trial	end	31
2016-10-09 10:47:56.598022	Trial	start	32
2016-10-09 10:47:56.600840	Speaker	play	None
2016-10-09 10:48:05.552532	Speaker	stop	None
2016-10-09 10:48:05.553847	Trial	end	32
2016-10-09 10:48:17.045024	Trial	start	33
2016-10-09 10:48:17.048317	Speaker	play	None
2016-10-09 10:48:23.052370	Speaker	stop	None
2016-10-09 10:48:23.054942	Trial	end	33
2016-10-09 10:49:19.509213	Trial	start	34
2016-10-09 10:49:19.512126	Speaker	play	None
2016-10-09 10:49:25.517853	Speaker	stop	None
2016-10-09 10:49:25.518984	Trial	end	34
2016-10-09 10:51:54.849179	Trial	start	35
2016-10-09 10:51:54.857897	Speaker	play	None
2016-10-09 10:52:00.865779	Speaker	stop	None
2016-10-09 10:52:00.867568	Hopper	up	None
2016-10-09 10:52:12.870462	Hopper	down	None
2016-10-09 10:52:13.173307	Trial	end	35
2016-10-09 10:54:17.876970	Trial	start	36
2016-10-09 10:54:17.886085	Speaker	play	None
2016-10-09 10:54:23.894660	Speaker	stop	None
2016-10-09 10:54:23.898053	Trial	end	36
2016-10-09 10:55:36.429513	Trial	start	37
2016-10-09 10:55:36.433396	Speaker	play	None
2016-10-09 10:55:36.839132	Speaker	stop	None
2016-10-09 10:55:36.840039	Trial	end	37
2016-10-09 10:55:36.841181	Trial	start	38
2016-10-09 10:55:36.843138	Speaker	play	None
2016-10-09 10:55:42.847810	Speaker	stop	None
2016-10-09 10:55:42.849034	Trial	end	38
2016-10-09 10:56:09.352002	Trial	start	39
2016-10-09 10:56:09.355574	Speaker	play	None
2016-10-09 10:56:15.359903	Speaker	stop	None
2016-10-09 10:56:15.360842	Trial	end	39
2016-10-09 10:58:00.141674	Trial	start	40
2016-10-09 10:58:00.145349	Speaker	play	None
2016-10-09 10:58:06.151180	Speaker	stop	None
2016-10-09 10:58:06.151946	Trial	end	40
2016-10-09 10:58:23.247569	Trial	start	41
2016-10-09 10:58:23.251429	Speaker	play	None
2016-10-09 10:58:29.257507	Speaker	stop	None
2016-10-09 10:58:29.258372	Trial	end	41
2016-10-09 10:58:41.388395	Trial	start	42
2016-10-09 10:58:41.391941	Speaker	play	None
2016-10-09 10:58:47.398452	Speaker	stop	None
2016-10-09 10:58:47.399419	Trial	end	42
2016-10-09 10:59:03.969811	Trial	start	43
2016-10-09 10:59:03.974162	Speaker	play	None
2016-10-09 10:59:09.977693	Speaker	stop	None
2016-10-09 10:59:09.979493	Trial	end	43
2016-10-09 11:09:18.955663	Trial	start	44
2016-10-09 11:09:18.960330	Speaker	play	None
2016-10-09 11:09:24.968107	Speaker	stop	None
2016-10-09 11:09:24.969563	Hopper	up	None
2016-10-09 11:09:36.974409	Hopper	down	None
2016-10-09 11:09:37.281017	Trial	end	44
2016-10-09 11:09:58.179772	Trial	start	45
2016-10-09 11:09:58.183694	Speaker	play	None
2016-10-09 11:09:58.270003	Speaker	stop	None
2016-10-09 11:09:58.271211	Trial	end	45
2016-10-09 11:09:58.273230	Trial	start	46
2016-10-09 11:09:58.279106	Speaker	play	None
2016-10-09 11:10:04.283043	Speaker	stop	None
2016-10-09 11:10:04.284117	Trial	end	46
2016-10-09 11:10:19.471411	Trial	start	47
2016-10-09 11:10:19.474345	Speaker	play	None
2016-10-09 11:10:25.480459	Speaker	stop	None
2016-10-09 11:10:25.481235	Trial	end	47
2016-10-09 11:10:31.403153	Trial	start	48
2016-10-09 11:10:31.406073	Speaker	play	None
2016-10-09 11:10:37.412505	Speaker	stop	None
2016-10-09 11:10:37.414304	Hopper	up	None
2016-10-09 11:10:49.418491	Hopper	down	None
2016-10-09 11:10:49.725216	Trial	end	48
2016-10-09 11:11:21.445332	Trial	start	49
2016-10-09 11:11:21.447880	Speaker	play	None
2016-10-09 11:11:27.454652	Speaker	stop	None
2016-10-09 11:11:27.455581	Trial	end	49
2016-10-09 11:12:06.965338	Trial	start	50
2016-10-09 11:12:06.969250	Speaker	play	None
2016-10-09 11:12:12.974572	Speaker	stop	None
2016-10-09 11:12:12.975691	Trial	end	50
2016-10-09 11:12:34.253368	Trial	start	51
2016-10-09 11:12:34.256279	Speaker	play	None
2016-10-09 11:12:34.794903	Speaker	stop	None
2016-10-09 11:12:34.797468	Trial	end	51
2016-10-09 11:12:34.799965	Trial	start	52
2016-10-09 11:12:34.804585	Speaker	play	None
2016-10-09 11:12:40.811286	Speaker	stop	None
2016-10-09 11:12:40.812309	Trial	end	52
2016-10-09 11:12:54.700862	Trial	start	53
2016-10-09 11:12:54.703003	Speaker	play	None
2016-10-09 11:13:00.706063	Speaker	stop	None
2016-10-09 11:13:00.711360	Trial	end	53
2016-10-09 11:13:10.127503	Trial	start	54
2016-10-09 11:13:10.131691	Speaker	play	None
2016-10-09 11:13:10.262172	Speaker	stop	None
2016-10-09 11:13:10.263242	Trial	end	54
2016-10-09 11:13:10.264613	Trial	start	55
2016-10-09 11:13:10.266679	Speaker	play	None
2016-10-09 11:13:10.921646	Speaker	stop	None
2016-10-09 11:13:10.922743	Trial	end	55
2016-10-09 11:13:10.925202	Trial	start	56
2016-10-09 11:13:10.929247	Speaker	play	None
2016-10-09 11:13:22.160935	Speaker	stop	None
2016-10-09 11:13:22.161649	Trial	end	56
2016-10-09 11:14:16.376825	Trial	start	57
2016-10-09 11:14:16.382607	Speaker	play	None
2016-10-09 11:14:16.532416	Speaker	stop	None
2016-10-09 11:14:16.533438	Trial	end	57
2016-10-09 11:14:16.534954	Trial	start	58
2016-10-09 11:14:16.548141	Speaker	play	None
2016-10-09 11:14:22.553166	Speaker	stop	None
2016-10-09 11:14:22.554030	Trial	end	58
2016-10-09 11:15:01.178717	Trial	start	59
2016-10-09 11:15:01.181417	Speaker	play	None
2016-10-09 11:15:07.189700	Speaker	stop	None
2016-10-09 11:15:07.191086	Trial	end	59
2016-10-09 11:15:23.453474	Trial	start	60
2016-10-09 11:15:23.456479	Speaker	play	None
2016-10-09 11:15:23.613372	Speaker	stop	None
2016-10-09 11:15:23.615181	Trial	end	60
2016-10-09 11:15:23.616992	Trial	start	61
2016-10-09 11:15:23.621665	Speaker	play	None
2016-10-09 11:15:29.625716	Speaker	stop	None
2016-10-09 11:15:29.626832	Trial	end	61
2016-10-09 11:16:10.458633	Trial	start	62
2016-10-09 11:16:10.460851	Speaker	play	None
2016-10-09 11:16:10.570780	Speaker	stop	None
2016-10-09 11:16:10.572084	Trial	end	62
2016-10-09 11:16:10.573236	Trial	start	63
2016-10-09 11:16:10.575103	Speaker	play	None
2016-10-09 11:16:16.578415	Speaker	stop	None
2016-10-09 11:16:16.579303	Trial	end	63
2016-10-09 11:16:21.792764	Trial	start	64
2016-10-09 11:16:21.796641	Speaker	play	None
2016-10-09 11:16:27.802437	Speaker	stop	None
2016-10-09 11:16:27.803790	Trial	end	64
2016-10-09 11:16:46.900922	Trial	start	65
2016-10-09 11:16:46.903052	Speaker	play	None
2016-10-09 11:16:52.906920	Speaker	stop	None
2016-10-09 11:16:52.910525	Hopper	up	None
2016-10-09 11:17:04.911615	Hopper	down	None
2016-10-09 11:17:05.218261	Trial	end	65
2016-10-09 11:19:54.754979	Trial	start	66
2016-10-09 11:19:54.757162	Speaker	play	None
2016-10-09 11:19:54.865838	Speaker	stop	None
2016-10-09 11:19:54.866641	Trial	end	66
2016-10-09 11:19:54.868113	Trial	start	67
2016-10-09 11:19:54.870018	Speaker	play	None
2016-10-09 11:20:00.874623	Speaker	stop	None
2016-10-09 11:20:00.875479	Trial	end	67
2016-10-09 11:20:10.307571	Trial	start	68
2016-10-09 11:20:10.314537	Speaker	play	None
2016-10-09 11:20:10.374118	Speaker	stop	None
2016-10-09 11:20:10.376103	Trial	end	68
2016-10-09 11:20:10.380477	Trial	start	69
2016-10-09 11:20:10.383568	Speaker	play	None
2016-10-09 11:20:21.612605	Speaker	stop	None
2016-10-09 11:20:21.614171	Trial	end	69
2016-10-09 11:20:38.131682	Trial	start	70
2016-10-09 11:20:38.134601	Speaker	play	None
2016-10-09 11:20:44.140096	Speaker	stop	None
2016-10-09 11:20:44.141470	Trial	end	70
2016-10-09 11:21:28.478873	Trial	start	71
2016-10-09 11:21:28.482162	Speaker	play	None
2016-10-09 11:21:28.667937	Speaker	stop	None
2016-10-09 11:21:28.671066	Trial	end	71
2016-10-09 11:21:28.673618	Trial	start	72
2016-10-09 11:21:28.676137	Speaker	play	None
2016-10-09 11:21:37.629314	Speaker	stop	None
2016-10-09 11:21:37.630149	Trial	end	72
2016-10-09 11:23:34.335180	Trial	start	73
2016-10-09 11:23:34.341397	Speaker	play	None
2016-10-09 11:23:40.347985	Speaker	stop	None
2016-10-09 11:23:40.348895	Trial	end	73
2016-10-09 11:24:09.498640	Trial	start	74
2016-10-09 11:24:09.501340	Speaker	play	None
2016-10-09 11:24:15.507511	Speaker	stop	None
2016-10-09 11:24:15.508566	Trial	end	74
2016-10-09 11:24:54.414980	Trial	start	75
2016-10-09 11:24:54.419206	Speaker	play	None
2016-10-09 11:25:00.423465	Speaker	stop	None
2016-10-09 11:25:00.424247	Trial	end	75
2016-10-09 11:25:15.823995	Trial	start	76
2016-10-09 11:25:15.826035	Speaker	play	None
2016-10-09 11:25:21.833267	Speaker	stop	None
2016-10-09 11:25:21.834732	Trial	end	76
2016-10-09 11:25:31.724504	Trial	start	77
2016-10-09 11:25:31.728283	Speaker	play	None
2016-10-09 11:25:37.733437	Speaker	stop	None
2016-10-09 11:25:37.734886	Hopper	up	None
2016-10-09 11:25:49.738974	Hopper	down	None
2016-10-09 11:25:50.045474	Trial	end	77
2016-10-09 11:26:24.086757	Trial	start	78
2016-10-09 11:26:24.089168	Speaker	play	None
2016-10-09 11:26:24.537974	Speaker	stop	None
2016-10-09 11:26:24.539171	Trial	end	78
2016-10-09 11:26:24.543012	Trial	start	79
2016-10-09 11:26:24.545915	Speaker	play	None
2016-10-09 11:26:30.554694	Speaker	stop	None
2016-10-09 11:26:30.555900	Trial	end	79
2016-10-09 11:26:36.821001	Trial	start	80
2016-10-09 11:26:36.826238	Speaker	play	None
2016-10-09 11:26:48.056910	Speaker	stop	None
2016-10-09 11:26:48.058143	Trial	end	80
2016-10-09 11:27:20.700676	Trial	start	81
2016-10-09 11:27:20.703230	Speaker	play	None
2016-10-09 11:27:29.654430	Speaker	stop	None
2016-10-09 11:27:29.655188	Trial	end	81
2016-10-09 11:28:52.547899	Trial	start	82
2016-10-09 11:28:52.551274	Speaker	play	None
2016-10-09 11:28:58.556785	Speaker	stop	None
2016-10-09 11:28:58.557947	Trial	end	82
2016-10-09 11:29:39.191855	Trial	start	83
2016-10-09 11:29:39.194131	Speaker	play	None
2016-10-09 11:29:39.310837	Speaker	stop	None
2016-10-09 11:29:39.312151	Trial	end	83
2016-10-09 11:29:39.313552	Trial	start	84
2016-10-09 11:29:39.316483	Speaker	play	None
2016-10-09 11:29:45.323660	Speaker	stop	None
2016-10-09 11:29:45.324962	Hopper	up	None
2016-10-09 11:29:57.328718	Hopper	down	None
2016-10-09 11:29:57.635825	Trial	end	84
2016-10-09 11:32:12.522772	Trial	start	85
2016-10-09 11:32:12.525153	Speaker	play	None
2016-10-09 11:32:18.531417	Speaker	stop	None
2016-10-09 11:32:18.532851	Trial	end	85
2016-10-09 11:33:49.550246	Trial	start	86
2016-10-09 11:33:49.552111	Speaker	play	None
2016-10-09 11:33:55.559173	Speaker	stop	None
2016-10-09 11:33:55.560037	Trial	end	86
2016-10-09 11:35:38.783858	Trial	start	87
2016-10-09 11:35:38.786192	Speaker	play	None
2016-10-09 11:35:38.874504	Speaker	stop	None
2016-10-09 11:35:38.876619	Trial	end	87
2016-10-09 11:35:38.879519	Trial	start	88
2016-10-09 11:35:38.885568	Speaker	play	None
2016-10-09 11:35:44.891086	Speaker	stop	None
2016-10-09 11:35:44.892200	Hopper	up	None
2016-10-09 11:35:56.896156	Hopper	down	None
2016-10-09 11:35:57.199159	Trial	end	88
2016-10-09 11:37:22.406545	Trial	start	89
2016-10-09 11:37:22.411428	Speaker	play	None
2016-10-09 11:37:28.415518	Speaker	stop	None
2016-10-09 11:37:28.417421	Trial	end	89
2016-10-09 11:37:36.864731	Trial	start	90
2016-10-09 11:37:36.868698	Speaker	play	None
2016-10-09 11:37:42.874336	Speaker	stop	None
2016-10-09 11:37:42.876946	Hopper	up	None
2016-10-09 11:37:54.878726	Hopper	down	None
2016-10-09 11:37:55.181546	Trial	end	90
2016-10-09 11:41:00.206192	Trial	start	91
2016-10-09 11:41:00.209974	Speaker	play	None
2016-10-09 11:41:06.215814	Speaker	stop	None
2016-10-09 11:41:06.219417	Hopper	up	None
2016-10-09 11:41:18.224710	Hopper	down	None
2016-10-09 11:41:18.530514	Trial	end	91
2016-10-09 11:44:05.159781	Trial	start	92
2016-10-09 11:44:05.162584	Speaker	play	None
2016-10-09 11:44:11.168924	Speaker	stop	None
2016-10-09 11:44:11.170680	Trial	end	92
2016-10-09 11:51:13.655830	Trial	start	93
2016-10-09 11:51:13.666001	Speaker	play	None
2016-10-09 11:51:19.672864	Speaker	stop	None
2016-10-09 11:51:19.673755	Trial	end	93
2016-10-09 11:52:03.118532	Trial	start	94
2016-10-09 11:52:03.122330	Speaker	play	None
2016-10-09 11:52:09.130701	Speaker	stop	None
2016-10-09 11:52:09.131692	Trial	end	94
2016-10-09 11:52:56.725473	Trial	start	95
2016-10-09 11:52:56.729402	Speaker	play	None
2016-10-09 11:52:56.798747	Speaker	stop	None
2016-10-09 11:52:56.799946	Trial	end	95
2016-10-09 11:52:56.801169	Trial	start	96
2016-10-09 11:52:56.803872	Speaker	play	None
2016-10-09 11:53:02.816059	Speaker	stop	None
2016-10-09 11:53:02.818148	Hopper	up	None
2016-10-09 11:53:14.821122	Hopper	down	None
2016-10-09 11:53:15.127706	Trial	end	96
2016-10-09 12:05:45.563684	Trial	start	97
2016-10-09 12:05:45.567940	Speaker	play	None
2016-10-09 12:05:51.571535	Speaker	stop	None
2016-10-09 12:05:51.572536	Trial	end	97
2016-10-09 12:05:57.605038	Trial	start	98
2016-10-09 12:05:57.607269	Speaker	play	None
2016-10-09 12:05:57.717029	Speaker	stop	None
2016-10-09 12:05:57.719665	Trial	end	98
2016-10-09 12:05:57.731116	Trial	start	99
2016-10-09 12:05:57.739513	Speaker	play	None
2016-10-09 12:06:03.750068	Speaker	stop	None
2016-10-09 12:06:03.751255	Trial	end	99
2016-10-09 12:07:41.733584	Trial	start	100
2016-10-09 12:07:41.736190	Speaker	play	None
2016-10-09 12:07:47.741086	Speaker	stop	None
2016-10-09 12:07:47.742575	Trial	end	100
2016-10-09 12:08:22.727969	Trial	start	101
2016-10-09 12:08:22.733479	Speaker	play	None
2016-10-09 12:08:22.801732	Speaker	stop	None
2016-10-09 12:08:22.802818	Trial	end	101
2016-10-09 12:08:22.805023	Trial	start	102
2016-10-09 12:08:22.808318	Speaker	play	None
2016-10-09 12:08:28.813200	Speaker	stop	None
2016-10-09 12:08:28.819103	Hopper	up	None
2016-10-09 12:08:40.823082	Hopper	down	None
2016-10-09 12:08:41.129216	Trial	end	102
2016-10-09 12:09:39.524979	Trial	start	103
2016-10-09 12:09:39.528966	Speaker	play	None
2016-10-09 12:09:39.594915	Speaker	stop	None
2016-10-09 12:09:39.596456	Trial	end	103
2016-10-09 12:09:39.597561	Trial	start	104
2016-10-09 12:09:39.599947	Speaker	play	None
2016-10-09 12:09:45.609230	Speaker	stop	None
2016-10-09 12:09:45.610338	Trial	end	104
2016-10-09 12:11:04.893048	Trial	start	105
2016-10-09 12:11:04.895635	Speaker	play	None
2016-10-09 12:11:10.901012	Speaker	stop	None
2016-10-09 12:11:10.902019	Trial	end	105
2016-10-09 12:12:34.540789	Trial	start	106
2016-10-09 12:12:34.543936	Speaker	play	None
2016-10-09 12:12:40.548185	Speaker	stop	None
2016-10-09 12:12:40.549083	Trial	end	106
2016-10-09 12:13:27.447881	Trial	start	107
2016-10-09 12:13:27.450432	Speaker	play	None
2016-10-09 12:13:33.456323	Speaker	stop	None
2016-10-09 12:13:33.457227	Trial	end	107
2016-10-09 12:14:32.919699	Trial	start	108
2016-10-09 12:14:32.921944	Speaker	play	None
2016-10-09 12:14:38.926352	Speaker	stop	None
2016-10-09 12:14:38.928185	Hopper	up	None
2016-10-09 12:14:50.932308	Hopper	down	None
2016-10-09 12:14:51.238495	Trial	end	108
2016-10-09 12:20:43.232141	Trial	start	109
2016-10-09 12:20:43.244544	Speaker	play	None
2016-10-09 12:20:52.197568	Speaker	stop	None
2016-10-09 12:20:52.199686	Trial	end	109
2016-10-09 12:21:36.886072	Trial	start	110
2016-10-09 12:21:36.888757	Speaker	play	None
2016-10-09 12:21:48.117620	Speaker	stop	None
2016-10-09 12:21:48.119184	Trial	end	110
2016-10-09 12:22:23.696461	Trial	start	111
2016-10-09 12:22:23.698918	Speaker	play	None
2016-10-09 12:22:29.704735	Speaker	stop	None
2016-10-09 12:22:29.706065	Trial	end	111
2016-10-09 12:22:45.873400	Trial	start	112
2016-10-09 12:22:45.877378	Speaker	play	None
2016-10-09 12:22:46.754129	Speaker	stop	None
2016-10-09 12:22:46.756230	Trial	end	112
2016-10-09 12:22:46.760115	Trial	start	113
2016-10-09 12:22:46.764348	Speaker	play	None
2016-10-09 12:22:52.775514	Speaker	stop	None
2016-10-09 12:22:52.777134	Trial	end	113
2016-10-09 12:23:00.296849	Trial	start	114
2016-10-09 12:23:00.311236	Speaker	play	None
2016-10-09 12:23:00.354481	Speaker	stop	None
2016-10-09 12:23:00.355537	Trial	end	114
2016-10-09 12:23:00.357076	Trial	start	115
2016-10-09 12:23:00.365027	Speaker	play	None
2016-10-09 12:23:06.370309	Speaker	stop	None
2016-10-09 12:23:06.372378	Hopper	up	None
2016-10-09 12:23:18.374344	Hopper	down	None
2016-10-09 12:23:18.680838	Trial	end	115
2016-10-09 12:27:51.507873	Trial	start	116
2016-10-09 12:27:51.511706	Speaker	play	None
2016-10-09 12:27:57.517581	Speaker	stop	None
2016-10-09 12:27:57.519412	Hopper	up	None
2016-10-09 12:28:09.524357	Hopper	down	None
2016-10-09 12:28:09.831075	Trial	end	116
2016-10-09 12:29:58.142858	Trial	start	117
2016-10-09 12:29:58.149150	Speaker	play	None
2016-10-09 12:30:04.155926	Speaker	stop	None
2016-10-09 12:30:04.158154	Hopper	up	None
2016-10-09 12:30:16.164891	Hopper	down	None
2016-10-09 12:30:16.471809	Trial	end	117
2016-10-09 12:34:24.424906	Trial	start	118
2016-10-09 12:34:24.428464	Speaker	play	None
2016-10-09 12:34:30.433653	Speaker	stop	None
2016-10-09 12:34:30.434936	Trial	end	118
2016-10-09 12:34:42.819353	Trial	start	119
2016-10-09 12:34:42.825522	Speaker	play	None
2016-10-09 12:34:48.831511	Speaker	stop	None
2016-10-09 12:34:48.836363	Trial	end	119
2016-10-09 12:38:47.480089	Trial	start	120
2016-10-09 12:38:47.485258	Speaker	play	None
2016-10-09 12:38:47.556955	Speaker	stop	None
2016-10-09 12:38:47.557903	Trial	end	120
2016-10-09 12:38:47.559263	Trial	start	121
2016-10-09 12:38:47.562181	Speaker	play	None
2016-10-09 12:38:53.567039	Speaker	stop	None
2016-10-09 12:38:53.568159	Trial	end	121
2016-10-09 12:40:01.488399	Trial	start	122
2016-10-09 12:40:01.491715	Speaker	play	None
2016-10-09 12:40:03.032980	Speaker	stop	None
2016-10-09 12:40:03.035377	Trial	end	122
2016-10-09 12:40:03.037487	Trial	start	123
2016-10-09 12:40:03.043030	Speaker	play	None
2016-10-09 12:40:03.115734	Speaker	stop	None
2016-10-09 12:40:03.117303	Trial	end	123
2016-10-09 12:40:03.124208	Trial	start	124
2016-10-09 12:40:03.126602	Speaker	play	None
2016-10-09 12:40:09.132703	Speaker	stop	None
2016-10-09 12:40:09.134512	Hopper	up	None
2016-10-09 12:40:21.139498	Hopper	down	None
2016-10-09 12:40:21.442202	Trial	end	124
2016-10-09 12:40:44.026396	Trial	start	125
2016-10-09 12:40:44.030488	Speaker	play	None
2016-10-09 12:40:44.490630	Speaker	stop	None
2016-10-09 12:40:44.491843	Trial	end	125
2016-10-09 12:40:44.493576	Trial	start	126
2016-10-09 12:40:44.495817	Speaker	play	None
2016-10-09 12:40:53.448424	Speaker	stop	None
2016-10-09 12:40:53.449709	Trial	end	126
2016-10-09 12:42:58.867972	Trial	start	127
2016-10-09 12:42:58.879849	Speaker	play	None
2016-10-09 12:42:59.626048	Speaker	stop	None
2016-10-09 12:42:59.627119	Trial	end	127
2016-10-09 12:42:59.628389	Trial	start	128
2016-10-09 12:42:59.633297	Speaker	play	None
2016-10-09 12:43:10.862660	Speaker	stop	None
2016-10-09 12:43:10.864587	Trial	end	128
2016-10-09 12:43:20.012885	Trial	start	129
2016-10-09 12:43:20.019893	Speaker	play	None
2016-10-09 12:43:20.109131	Speaker	stop	None
2016-10-09 12:43:20.112595	Trial	end	129
2016-10-09 12:43:20.113951	Trial	start	130
2016-10-09 12:43:20.116473	Speaker	play	None
2016-10-09 12:43:26.120507	Speaker	stop	None
2016-10-09 12:43:26.122432	Hopper	up	None
2016-10-09 12:43:38.139636	Hopper	down	None
2016-10-09 12:43:38.445685	Trial	end	130
2016-10-09 12:46:53.739879	Trial	start	131
2016-10-09 12:46:53.742439	Speaker	play	None
2016-10-09 12:46:59.749005	Speaker	stop	None
2016-10-09 12:46:59.750180	Hopper	up	None
2016-10-09 12:47:11.751715	Hopper	down	None
2016-10-09 12:47:12.057937	Trial	end	131
2016-10-09 12:47:51.766533	Trial	start	132
2016-10-09 12:47:51.770525	Speaker	play	None
2016-10-09 12:47:57.776112	Speaker	stop	None
2016-10-09 12:47:57.777435	Hopper	up	None
2016-10-09 12:48:09.785303	Hopper	down	None
2016-10-09 12:48:10.091617	Trial	end	132
2016-10-09 12:48:51.085252	Trial	start	133
2016-10-09 12:48:51.089265	Speaker	play	None
2016-10-09 12:48:51.175035	Speaker	stop	None
2016-10-09 12:48:51.175965	Trial	end	133
2016-10-09 12:48:51.177783	Trial	start	134
2016-10-09 12:48:51.180589	Speaker	play	None
2016-10-09 12:48:57.188243	Speaker	stop	None
2016-10-09 12:48:57.190557	Trial	end	134
2016-10-09 12:49:15.602709	Trial	start	135
2016-10-09 12:49:15.606641	Speaker	play	None
2016-10-09 12:49:15.734052	Speaker	stop	None
2016-10-09 12:49:15.735086	Trial	end	135
2016-10-09 12:49:15.736915	Trial	start	136
2016-10-09 12:49:15.739601	Speaker	play	None
2016-10-09 12:49:16.405908	Speaker	stop	None
2016-10-09 12:49:16.408660	Trial	end	136
2016-10-09 12:49:16.410932	Trial	start	137
2016-10-09 12:49:16.413493	Speaker	play	None
2016-10-09 12:49:25.363694	Speaker	stop	None
2016-10-09 12:49:25.364827	Trial	end	137
2016-10-09 12:49:38.641242	Trial	start	138
2016-10-09 12:49:38.643805	Speaker	play	None
2016-10-09 12:49:44.648200	Speaker	stop	None
2016-10-09 12:49:44.650861	Hopper	up	None
2016-10-09 12:49:56.653579	Hopper	down	None
2016-10-09 12:49:56.960515	Trial	end	138
2016-10-09 12:50:35.582861	Trial	start	139
2016-10-09 12:50:35.585454	Speaker	play	None
2016-10-09 12:50:37.437731	Speaker	stop	None
2016-10-09 12:50:37.439864	Trial	end	139
2016-10-09 12:50:37.442726	Trial	start	140
2016-10-09 12:50:37.447043	Speaker	play	None
2016-10-09 12:50:37.610661	Speaker	stop	None
2016-10-09 12:50:37.612187	Trial	end	140
2016-10-09 12:50:37.613701	Trial	start	141
2016-10-09 12:50:37.615933	Speaker	play	None
2016-10-09 12:50:43.621405	Speaker	stop	None
2016-10-09 12:50:43.622450	Trial	end	141
2016-10-09 12:50:57.277798	Trial	start	142
2016-10-09 12:50:57.280696	Speaker	play	None
2016-10-09 12:50:57.552468	Speaker	stop	None
2016-10-09 12:50:57.553803	Trial	end	142
2016-10-09 12:50:57.555909	Trial	start	143
2016-10-09 12:50:57.559110	Speaker	play	None
2016-10-09 12:51:08.789232	Speaker	stop	None
2016-10-09 12:51:08.790284	Trial	end	143
2016-10-09 12:51:31.521496	Trial	start	144
2016-10-09 12:51:31.526554	Speaker	play	None
2016-10-09 12:51:37.541799	Speaker	stop	None
2016-10-09 12:51:37.543463	Trial	end	144
2016-10-09 12:51:51.954446	Trial	start	145
2016-10-09 12:51:51.958047	Speaker	play	None
2016-10-09 12:51:57.965480	Speaker	stop	None
2016-10-09 12:51:57.975585	Hopper	up	None
2016-10-09 12:52:09.978463	Hopper	down	None
2016-10-09 12:52:10.281222	Trial	end	145
2016-10-09 12:54:17.364322	Trial	start	146
2016-10-09 12:54:17.366708	Speaker	play	None
2016-10-09 12:54:23.372032	Speaker	stop	None
2016-10-09 12:54:23.373871	Trial	end	146
2016-10-09 12:54:54.228498	Trial	start	147
2016-10-09 12:54:54.232735	Speaker	play	None
2016-10-09 12:55:00.239360	Speaker	stop	None
2016-10-09 12:55:00.240512	Hopper	up	None
2016-10-09 12:55:12.242055	Hopper	down	None
2016-10-09 12:55:12.548914	Trial	end	147
2016-10-09 12:56:39.422568	Trial	start	148
2016-10-09 12:56:39.425296	Speaker	play	None
2016-10-09 12:56:45.430421	Speaker	stop	None
2016-10-09 12:56:45.431937	Trial	end	148
2016-10-09 12:57:36.554505	Trial	start	149
2016-10-09 12:57:36.558707	Speaker	play	None
2016-10-09 12:57:42.562131	Speaker	stop	None
2016-10-09 12:57:42.563546	Trial	end	149
2016-10-09 12:57:57.533656	Trial	start	150
2016-10-09 12:57:57.538300	Speaker	play	None
2016-10-09 12:58:03.544887	Speaker	stop	None
2016-10-09 12:58:03.545658	Trial	end	150
2016-10-09 12:58:11.547066	Trial	start	151
2016-10-09 12:58:11.550576	Speaker	play	None
2016-10-09 12:58:17.554546	Speaker	stop	None
2016-10-09 12:58:17.555995	Hopper	up	None
2016-10-09 12:58:29.557913	Hopper	down	None
2016-10-09 12:58:29.864451	Trial	end	151
2016-10-09 13:00:45.622786	Trial	start	152
2016-10-09 13:00:45.624915	Speaker	play	None
2016-10-09 13:00:51.629251	Speaker	stop	None
2016-10-09 13:00:51.630590	Trial	end	152
2016-10-09 13:01:00.277268	Trial	start	153
2016-10-09 13:01:00.283095	Speaker	play	None
2016-10-09 13:01:00.397225	Speaker	stop	None
2016-10-09 13:01:00.399511	Trial	end	153
2016-10-09 13:01:00.401545	Trial	start	154
2016-10-09 13:01:00.404301	Speaker	play	None
2016-10-09 13:01:06.410208	Speaker	stop	None
2016-10-09 13:01:06.411150	Trial	end	154
2016-10-09 13:01:15.259201	Trial	start	155
2016-10-09 13:01:15.262468	Speaker	play	None
2016-10-09 13:01:21.268708	Speaker	stop	None
2016-10-09 13:01:21.270262	Trial	end	155
2016-10-09 13:02:10.097458	Trial	start	156
2016-10-09 13:02:10.100920	Speaker	play	None
2016-10-09 13:02:10.679373	Speaker	stop	None
2016-10-09 13:02:10.680438	Trial	end	156
2016-10-09 13:02:10.681714	Trial	start	157
2016-10-09 13:02:10.683856	Speaker	play	None
2016-10-09 13:02:16.688251	Speaker	stop	None
2016-10-09 13:02:16.689323	Trial	end	157
2016-10-09 13:02:33.031727	Trial	start	158
2016-10-09 13:02:33.034246	Speaker	play	None
2016-10-09 13:02:33.879924	Speaker	stop	None
2016-10-09 13:02:33.881829	Trial	end	158
2016-10-09 13:02:33.883245	Trial	start	159
2016-10-09 13:02:33.886157	Speaker	play	None
2016-10-09 13:02:39.892694	Speaker	stop	None
2016-10-09 13:02:39.893480	Trial	end	159
2016-10-09 13:02:51.197558	Trial	start	160
2016-10-09 13:02:51.200914	Speaker	play	None
2016-10-09 13:02:51.398391	Speaker	stop	None
2016-10-09 13:02:51.399305	Trial	end	160
2016-10-09 13:02:51.400755	Trial	start	161
2016-10-09 13:02:51.403881	Speaker	play	None
2016-10-09 13:02:57.411862	Speaker	stop	None
2016-10-09 13:02:57.413422	Trial	end	161
2016-10-09 13:03:02.490126	Trial	start	162
2016-10-09 13:03:02.492304	Speaker	play	None
2016-10-09 13:03:02.572156	Speaker	stop	None
2016-10-09 13:03:02.572970	Trial	end	162
2016-10-09 13:03:02.574084	Trial	start	163
2016-10-09 13:03:02.575904	Speaker	play	None
2016-10-09 13:03:03.818240	Speaker	stop	None
2016-10-09 13:03:03.820251	Trial	end	163
2016-10-09 13:03:03.822420	Trial	start	164
2016-10-09 13:03:03.824381	Speaker	play	None
2016-10-09 13:03:12.775173	Speaker	stop	None
2016-10-09 13:03:12.776622	Trial	end	164
2016-10-09 13:03:48.966101	Trial	start	165
2016-10-09 13:03:48.971070	Speaker	play	None
2016-10-09 13:03:54.979049	Speaker	stop	None
2016-10-09 13:03:54.980256	Trial	end	165
2016-10-09 13:04:11.037993	Trial	start	166
2016-10-09 13:04:11.040353	Speaker	play	None
2016-10-09 13:04:17.047588	Speaker	stop	None
2016-10-09 13:04:17.048781	Trial	end	166
2016-10-09 13:04:54.800532	Trial	start	167
2016-10-09 13:04:54.805144	Speaker	play	None
2016-10-09 13:04:54.937365	Speaker	stop	None
2016-10-09 13:04:54.939210	Trial	end	167
2016-10-09 13:04:54.940796	Trial	start	168
2016-10-09 13:04:54.943498	Speaker	play	None
2016-10-09 13:05:00.948281	Speaker	stop	None
2016-10-09 13:05:00.954721	Trial	end	168
2016-10-09 13:05:04.298472	Trial	start	169
2016-10-09 13:05:04.303989	Speaker	play	None
2016-10-09 13:05:15.532869	Speaker	stop	None
2016-10-09 13:05:15.535009	Trial	end	169
2016-10-09 13:05:22.126427	Trial	start	170
2016-10-09 13:05:22.129013	Speaker	play	None
2016-10-09 13:05:22.200374	Speaker	stop	None
2016-10-09 13:05:22.201528	Trial	end	170
2016-10-09 13:05:22.204581	Trial	start	171
2016-10-09 13:05:22.209464	Speaker	play	None
2016-10-09 13:05:23.232630	Speaker	stop	None
2016-10-09 13:05:23.233696	Trial	end	171
2016-10-09 13:05:23.236023	Trial	start	172
2016-10-09 13:05:23.241482	Speaker	play	None
2016-10-09 13:05:32.194031	Speaker	stop	None
2016-10-09 13:05:32.195167	Trial	end	172
2016-10-09 13:05:49.779854	Trial	start	173
2016-10-09 13:05:49.782176	Speaker	play	None
2016-10-09 13:05:50.460027	Speaker	stop	None
2016-10-09 13:05:50.461467	Trial	end	173
2016-10-09 13:05:50.463637	Trial	start	174
2016-10-09 13:05:50.465702	Speaker	play	None
2016-10-09 13:05:56.472251	Speaker	stop	None
2016-10-09 13:05:56.473240	Trial	end	174
2016-10-09 13:06:00.891312	Trial	start	175
2016-10-09 13:06:00.900393	Speaker	play	None
2016-10-09 13:06:06.907793	Speaker	stop	None
2016-10-09 13:06:06.908746	Trial	end	175
2016-10-09 13:06:22.036466	Trial	start	176
2016-10-09 13:06:22.038758	Speaker	play	None
2016-10-09 13:06:28.047129	Speaker	stop	None
2016-10-09 13:06:28.048518	Trial	end	176
2016-10-09 13:08:51.019180	Trial	start	177
2016-10-09 13:08:51.021407	Speaker	play	None
2016-10-09 13:08:57.027980	Speaker	stop	None
2016-10-09 13:08:57.030034	Hopper	up	None
2016-10-09 13:09:09.033560	Hopper	down	None
2016-10-09 13:09:09.340089	Trial	end	177
2016-10-09 13:10:21.144885	Trial	start	178
2016-10-09 13:10:21.148533	Speaker	play	None
2016-10-09 13:10:27.154240	Speaker	stop	None
2016-10-09 13:10:27.156033	Hopper	up	None
2016-10-09 13:10:39.158750	Hopper	down	None
2016-10-09 13:10:39.464837	Trial	end	178
2016-10-09 13:11:00.365550	Trial	start	179
2016-10-09 13:11:00.368122	Speaker	play	None
2016-10-09 13:11:06.374161	Speaker	stop	None
2016-10-09 13:11:06.376660	Trial	end	179
2016-10-09 13:11:13.738413	Trial	start	180
2016-10-09 13:11:13.741084	Speaker	play	None
2016-10-09 13:11:19.746979	Speaker	stop	None
2016-10-09 13:11:19.748190	Trial	end	180
2016-10-09 13:11:38.506030	Trial	start	181
2016-10-09 13:11:38.508717	Speaker	play	None
2016-10-09 13:11:39.091034	Speaker	stop	None
2016-10-09 13:11:39.092338	Trial	end	181
2016-10-09 13:11:39.093689	Trial	start	182
2016-10-09 13:11:39.096545	Speaker	play	None
2016-10-09 13:11:45.103689	Speaker	stop	None
2016-10-09 13:11:45.105335	Trial	end	182
2016-10-09 13:14:53.273953	Trial	start	183
2016-10-09 13:14:53.280072	Speaker	play	None
2016-10-09 13:14:59.286213	Speaker	stop	None
2016-10-09 13:14:59.287030	Trial	end	183
2016-10-09 13:15:06.801683	Trial	start	184
2016-10-09 13:15:06.804942	Speaker	play	None
2016-10-09 13:15:06.961537	Speaker	stop	None
2016-10-09 13:15:06.962891	Trial	end	184
2016-10-09 13:15:06.965796	Trial	start	185
2016-10-09 13:15:06.970565	Speaker	play	None
2016-10-09 13:15:18.203891	Speaker	stop	None
2016-10-09 13:15:18.205062	Trial	end	185
2016-10-09 13:17:06.056130	Trial	start	186
2016-10-09 13:17:06.058852	Speaker	play	None
2016-10-09 13:17:12.064614	Speaker	stop	None
2016-10-09 13:17:12.066659	Trial	end	186
2016-10-09 13:19:45.422245	Trial	start	187
2016-10-09 13:19:45.426405	Speaker	play	None
2016-10-09 13:19:45.508582	Speaker	stop	None
2016-10-09 13:19:45.510192	Trial	end	187
2016-10-09 13:19:45.511638	Trial	start	188
2016-10-09 13:19:45.513714	Speaker	play	None
2016-10-09 13:19:51.524777	Speaker	stop	None
2016-10-09 13:19:51.527771	Hopper	up	None
2016-10-09 13:20:03.532266	Hopper	down	None
2016-10-09 13:20:03.835271	Trial	end	188
2016-10-09 13:20:42.378426	Trial	start	189
2016-10-09 13:20:42.384270	Speaker	play	None
2016-10-09 13:20:48.387660	Speaker	stop	None
2016-10-09 13:20:48.392770	Hopper	up	None
2016-10-09 13:21:00.395235	Hopper	down	None
2016-10-09 13:21:00.701473	Trial	end	189
2016-10-09 13:21:25.503986	Trial	start	190
2016-10-09 13:21:25.507346	Speaker	play	None
2016-10-09 13:21:31.512930	Speaker	stop	None
2016-10-09 13:21:31.515220	Trial	end	190
2016-10-09 13:21:36.209681	Trial	start	191
2016-10-09 13:21:36.214433	Speaker	play	None
2016-10-09 13:21:42.222513	Speaker	stop	None
2016-10-09 13:21:42.223734	Trial	end	191
2016-10-09 13:22:14.822515	Trial	start	192
2016-10-09 13:22:14.825945	Speaker	play	None
2016-10-09 13:22:14.974828	Speaker	stop	None
2016-10-09 13:22:14.978064	Trial	end	192
2016-10-09 13:22:14.979961	Trial	start	193
2016-10-09 13:22:14.982204	Speaker	play	None
2016-10-09 13:22:20.986164	Speaker	stop	None
2016-10-09 13:22:20.987272	Trial	end	193
2016-10-09 13:23:59.618305	Trial	start	194
2016-10-09 13:23:59.620691	Speaker	play	None
2016-10-09 13:24:05.626206	Speaker	stop	None
2016-10-09 13:24:05.627150	Trial	end	194
2016-10-09 13:24:33.459237	Trial	start	195
2016-10-09 13:24:33.462316	Speaker	play	None
2016-10-09 13:24:34.499663	Speaker	stop	None
2016-10-09 13:24:34.501953	Trial	end	195
2016-10-09 13:24:34.503598	Trial	start	196
2016-10-09 13:24:34.507196	Speaker	play	None
2016-10-09 13:24:43.457058	Speaker	stop	None
2016-10-09 13:24:43.458195	Trial	end	196
2016-10-09 13:25:43.426811	Trial	start	197
2016-10-09 13:25:43.430037	Speaker	play	None
2016-10-09 13:25:49.435158	Speaker	stop	None
2016-10-09 13:25:49.436179	Trial	end	197
2016-10-09 13:25:53.519889	Trial	start	198
2016-10-09 13:25:53.523549	Speaker	play	None
2016-10-09 13:25:59.529311	Speaker	stop	None
2016-10-09 13:25:59.530247	Trial	end	198
2016-10-09 13:26:10.485146	Trial	start	199
2016-10-09 13:26:10.489842	Speaker	play	None
2016-10-09 13:26:10.677621	Speaker	stop	None
2016-10-09 13:26:10.679221	Trial	end	199
2016-10-09 13:26:10.681025	Trial	start	200
2016-10-09 13:26:10.691850	Speaker	play	None
2016-10-09 13:26:16.698491	Speaker	stop	None
2016-10-09 13:26:16.700617	Trial	end	200
2016-10-09 13:26:53.233570	Trial	start	201
2016-10-09 13:26:53.236563	Speaker	play	None
2016-10-09 13:26:59.240703	Speaker	stop	None
2016-10-09 13:26:59.247562	PeckPort	off	None
2016-10-09 13:26:59.248339	HouseLight	on	None
2016-10-09 13:26:59.249053	Hopper	down	None
