"2017-03-06 09:18:55,191","INFO","Preparing subject and data storage"
"2017-03-06 09:18:55,191","INFO","Created subject object with name LblGra3039M"
"2017-03-06 09:18:55,192","INFO","Created datastore CSVStore: filename = /home/fet/data/LblGra3039M/060317/LblGra3039M_trialdata_20170306091855.csv, fields = session, index, time, stimulus_name, condition_name, response, correct, rt, reward, max_wait for subject LblGra3039M"
"2017-03-06 09:18:55,192","INFO","Preparing to run experiment Go No-Go Interruption"
"2017-03-06 09:18:55,496","INFO","Entering Idle state"
"2017-03-06 09:18:55,800","INFO","Beginning block #1"
"2017-03-06 09:24:06,181","INFO","Trial 1 - 09:24:06 - Unrewarded - /home/fet/stimuli/test_categories_box2/nonreward/Ag_Stim_3_WhiBlu4818_060507060606.wav"
"2017-03-06 09:24:06,232","INFO","Trial 2 - 09:24:06 - Rewarded - /home/fet/stimuli/test_categories_box2/reward/DC_Stim_5_WhiRas44dd_082806291205.wav"
"2017-03-06 09:24:12,239","INFO","Supplying reward for 12.00 seconds"
"2017-03-06 09:24:51,292","INFO","Trial 3 - 09:24:51 - Rewarded - /home/fet/stimuli/test_categories_box2/reward/DC_Stim_9_WhiRas44dd_132912090119.wav"
"2017-03-06 09:24:51,353","INFO","Trial 4 - 09:24:51 - Unrewarded - /home/fet/stimuli/test_categories_box2/nonreward/Te_Stim_3_BlaLbl8026_110613042014.wav"
"2017-03-06 09:25:02,309","INFO","Trial 5 - 09:25:02 - Unrewarded - /home/fet/stimuli/test_categories_box2/nonreward/LT_Stim_9_LblBlu6243_200610302307.wav"
"2017-03-06 09:25:12,963","INFO","Trial 6 - 09:25:12 - Rewarded - /home/fet/stimuli/test_categories_box2/reward/DC_Stim_1_LblRed0613_231929372539.wav"
"2017-03-06 09:25:18,968","INFO","Supplying reward for 12.00 seconds"
"2017-03-06 09:26:17,938","INFO","Trial 7 - 09:26:17 - Rewarded - /home/fet/stimuli/test_categories_box2/reward/DC_Stim_7_Unknown00F_222507131117.wav"
"2017-03-06 09:26:23,943","INFO","Supplying reward for 12.00 seconds"
"2017-03-06 09:26:59,555","INFO","Trial 8 - 09:26:59 - Unrewarded - /home/fet/stimuli/test_categories_box2/nonreward/Ne_Stim_4_WhiWhi1415_070905041006.wav"
"2017-03-06 09:27:09,278","INFO","Trial 9 - 09:27:09 - Unrewarded - /home/fet/stimuli/test_categories_box2/nonreward/LT_Stim_4_LblBlu6243_151910171309.wav"
"2017-03-06 09:27:21,541","INFO","Trial 10 - 09:27:21 - Unrewarded - /home/fet/stimuli/test_categories_box2/nonreward/Be_Stim_9_LblGre0000_120206.wav"
"2017-03-06 09:27:33,144","INFO","Trial 11 - 09:27:33 - Unrewarded - /home/fet/stimuli/test_categories_box2/nonreward/So_Stim_10_WhiBlu4818_220904.wav"
"2017-03-06 09:27:43,781","INFO","Trial 12 - 09:27:43 - Rewarded - /home/fet/stimuli/test_categories_box2/reward/DC_Stim_1_WhiRas44dd_281320070304.wav"
"2017-03-06 09:27:43,838","INFO","Trial 13 - 09:27:43 - Unrewarded - /home/fet/stimuli/test_categories_box2/nonreward/So_Stim_6_YelGre5275_063008.wav"
"2017-03-06 09:27:53,939","INFO","Trial 14 - 09:27:53 - Rewarded - /home/fet/stimuli/test_categories_box2/reward/DC_Stim_1_WhiWhi1415_050102040301.wav"
"2017-03-06 09:27:55,474","INFO","Trial 15 - 09:27:55 - Rewarded - /home/fet/stimuli/test_categories_box2/reward/DC_Stim_2_WhiBlu5698_162314120703.wav"
"2017-03-06 09:27:55,525","INFO","Trial 16 - 09:27:55 - Unrewarded - /home/fet/stimuli/test_categories_box2/nonreward/Ne_Stim_4_WhiBlu5698_081015241706.wav"
"2017-03-06 09:28:07,053","INFO","Trial 17 - 09:28:07 - Unrewarded - /home/fet/stimuli/test_categories_box2/nonreward/Wh_Stim_8_YelGre5275_091408060211.wav"
"2017-03-06 09:28:16,773","INFO","Trial 18 - 09:28:16 - Unrewarded - /home/fet/stimuli/test_categories_box2/nonreward/Ag_Stim_2_BlaBla0506_071205100409.wav"
"2017-03-06 09:28:26,848","INFO","Trial 19 - 09:28:26 - Rewarded - /home/fet/stimuli/test_categories_box2/reward/DC_Stim_6_BluRas61dd_231231141915.wav"
"2017-03-06 09:28:26,901","INFO","Trial 20 - 09:28:26 - Unrewarded - /home/fet/stimuli/test_categories_box2/nonreward/Ag_Stim_7_HPiHPi4748_071625304010.wav"
"2017-03-06 09:28:36,637","INFO","Trial 21 - 09:28:36 - Unrewarded - /home/fet/stimuli/test_categories_box2/nonreward/Ne_Stim_10_YelGre5275_292319011228.wav"
"2017-03-06 09:28:36,694","INFO","Trial 22 - 09:28:36 - Rewarded - /home/fet/stimuli/test_categories_box2/reward/DC_Stim_2_PurRas20dd_162625242108.wav"
"2017-03-06 09:28:42,704","INFO","Supplying reward for 12.00 seconds"
"2017-03-06 09:29:49,726","INFO","Trial 23 - 09:29:49 - Unrewarded - /home/fet/stimuli/test_categories_box2/nonreward/Te_Stim_1_WhiBlu4818_061417110305.wav"
"2017-03-06 09:29:58,413","INFO","Trial 24 - 09:29:58 - Unrewarded - /home/fet/stimuli/test_categories_box2/nonreward/Tu_Stim_7_BluRas07dd_152321191005.wav"
"2017-03-06 09:29:59,519","INFO","Trial 25 - 09:29:59 - Unrewarded - /home/fet/stimuli/test_categories_box2/nonreward/Be_Stim_3_GraGre0813_040101.wav"
"2017-03-06 09:30:09,329","INFO","Trial 26 - 09:30:09 - Rewarded - /home/fet/stimuli/test_categories_box2/reward/DC_Stim_2_WhiWhi1415_050402030101.wav"
"2017-03-06 09:30:15,334","INFO","Supplying reward for 12.00 seconds"
"2017-03-06 09:30:43,049","INFO","Trial 27 - 09:30:43 - Unrewarded - /home/fet/stimuli/test_categories_box2/nonreward/Di_Stim_2_Unknown000_010202020202.wav"
"2017-03-06 09:30:56,450","INFO","Trial 28 - 09:30:56 - Rewarded - /home/fet/stimuli/test_categories_box2/reward/DC_Stim_3_YelGre5275_053319123117.wav"
"2017-03-06 09:31:02,456","INFO","Supplying reward for 12.00 seconds"
"2017-03-06 09:31:36,814","INFO","Trial 29 - 09:31:36 - Unrewarded - /home/fet/stimuli/test_categories_box2/nonreward/Ne_Stim_9_WhiWhi1415_080610090705.wav"
"2017-03-06 09:31:45,014","INFO","Trial 30 - 09:31:45 - Unrewarded - /home/fet/stimuli/test_categories_box2/nonreward/Te_Stim_9_PurRas20dd_143022041811.wav"
"2017-03-06 09:31:46,070","INFO","Trial 31 - 09:31:46 - Unrewarded - /home/fet/stimuli/test_categories_box2/nonreward/Tu_Stim_5_GraGra0201_111013150508.wav"
"2017-03-06 09:31:55,692","INFO","Trial 32 - 09:31:55 - Unrewarded - /home/fet/stimuli/test_categories_box2/nonreward/Ag_Stim_1_HPiHPi4748_202829322438.wav"
"2017-03-06 09:32:07,406","INFO","Trial 33 - 09:32:07 - Unrewarded - /home/fet/stimuli/test_categories_box2/nonreward/Tu_Stim_3_GraLbl0457_101406130403.wav"
"2017-03-06 09:32:08,482","INFO","Trial 34 - 09:32:08 - Unrewarded - /home/fet/stimuli/test_categories_box2/nonreward/Be_Stim_9_GraRas1600_100211.wav"
"2017-03-06 09:32:21,729","INFO","Trial 35 - 09:32:21 - Unrewarded - /home/fet/stimuli/test_categories_box2/nonreward/Wh_Stim_10_WhiBlu5698_192011061502.wav"
"2017-03-06 09:32:34,663","INFO","Trial 36 - 09:32:34 - Rewarded - /home/fet/stimuli/test_categories_box2/reward/DC_Stim_7_RedRas3600_020903100704.wav"
"2017-03-06 09:32:40,668","INFO","Supplying reward for 12.00 seconds"
"2017-03-06 09:33:11,963","INFO","Trial 37 - 09:33:11 - Unrewarded - /home/fet/stimuli/test_categories_box2/nonreward/Ne_Stim_9_YelGre5275_273014080401.wav"
"2017-03-06 09:33:12,020","INFO","Trial 38 - 09:33:12 - Unrewarded - /home/fet/stimuli/test_categories_box2/nonreward/Be_Stim_3_LblBlu6680_02_0105_0306_01.wav"
"2017-03-06 09:33:21,928","INFO","Trial 39 - 09:33:21 - Rewarded - /home/fet/stimuli/test_categories_box2/reward/DC_Stim_2_YelOra2575_024917071444.wav"
"2017-03-06 09:33:21,985","INFO","Trial 40 - 09:33:21 - Unrewarded - /home/fet/stimuli/test_categories_box2/nonreward/Th_Stim_2_BlaBla0506_030204050102.wav"
"2017-03-06 09:33:23,066","INFO","Trial 41 - 09:33:23 - Unrewarded - /home/fet/stimuli/test_categories_box2/nonreward/Tu_Stim_2_GraLbl0457_021110120604.wav"
"2017-03-06 09:33:24,254","INFO","Trial 42 - 09:33:24 - Unrewarded - /home/fet/stimuli/test_categories_box2/nonreward/Ne_Stim_5_LblBla4548_083530380418.wav"
"2017-03-06 09:33:41,297","INFO","Trial 43 - 09:33:41 - Unrewarded - /home/fet/stimuli/test_categories_box2/nonreward/LT_Stim_8_LblBlu6379_032101230604.wav"
"2017-03-06 09:33:53,499","INFO","Trial 44 - 09:33:53 - Rewarded - /home/fet/stimuli/test_categories_box2/reward/DC_Stim_2_RedRas3600_061004020705.wav"
"2017-03-06 09:33:59,508","INFO","Supplying reward for 12.00 seconds"
"2017-03-06 09:35:02,779","INFO","Trial 45 - 09:35:02 - Unrewarded - /home/fet/stimuli/test_categories_box2/nonreward/Wh_Stim_1_WhiWhi1415_010101010101.wav"
"2017-03-06 09:35:04,351","INFO","Trial 46 - 09:35:04 - Rewarded - /home/fet/stimuli/test_categories_box2/reward/DC_Stim_8_WhiWhi1415_020103040504.wav"
"2017-03-06 09:35:04,406","INFO","Trial 47 - 09:35:04 - Unrewarded - /home/fet/stimuli/test_categories_box2/nonreward/Th_Stim_7_WhiBlu4917_020904070105.wav"
"2017-03-06 09:35:13,579","INFO","Trial 48 - 09:35:13 - Unrewarded - /home/fet/stimuli/test_categories_box2/nonreward/Be_Stim_9_LblRas1800_04_030902_04.wav"
"2017-03-06 09:35:13,636","INFO","Trial 49 - 09:35:13 - Unrewarded - /home/fet/stimuli/test_categories_box2/nonreward/Ne_Stim_6_PurRas20dd_060702030508.wav"
"2017-03-06 09:35:23,819","INFO","Trial 50 - 09:35:23 - Unrewarded - /home/fet/stimuli/test_categories_box2/nonreward/Ne_Stim_7_PurRas20dd_010603020307.wav"
"2017-03-06 09:35:24,777","INFO","Trial 51 - 09:35:24 - Unrewarded - /home/fet/stimuli/test_categories_box2/nonreward/LT_Stim_9_LblGre0001_110402081003.wav"
"2017-03-06 09:35:24,824","INFO","Trial 52 - 09:35:24 - Unrewarded - /home/fet/stimuli/test_categories_box2/nonreward/Di_Stim_1_YelOra2575_091111091111.wav"
"2017-03-06 09:35:41,009","INFO","Trial 53 - 09:35:41 - Unrewarded - /home/fet/stimuli/test_categories_box2/nonreward/Ne_Stim_7_Unknown00F_020102010202.wav"
"2017-03-06 09:35:51,924","INFO","Trial 54 - 09:35:51 - Rewarded - /home/fet/stimuli/test_categories_box2/reward/DC_Stim_5_WhiBlu5698_041607230206.wav"
"2017-03-06 09:35:57,933","INFO","Supplying reward for 12.00 seconds"
"2017-03-06 09:36:34,405","INFO","Trial 55 - 09:36:34 - Unrewarded - /home/fet/stimuli/test_categories_box2/nonreward/Tu_Stim_5_PurRas20dd_030502090108.wav"
"2017-03-06 09:36:34,458","INFO","Trial 56 - 09:36:34 - Unrewarded - /home/fet/stimuli/test_categories_box2/nonreward/Ag_Stim_6_HPiHPi4748_251020111840.wav"
"2017-03-06 09:36:43,522","INFO","Trial 57 - 09:36:43 - Unrewarded - /home/fet/stimuli/test_categories_box2/nonreward/Wh_Stim_9_GreGre2522_020301030102.wav"
"2017-03-06 09:36:55,703","INFO","Trial 58 - 09:36:55 - Unrewarded - /home/fet/stimuli/test_categories_box2/nonreward/Di_Stim_10_YelOra2575_110911091111.wav"
"2017-03-06 09:37:07,262","INFO","Trial 59 - 09:37:07 - Unrewarded - /home/fet/stimuli/test_categories_box2/nonreward/Be_Stim_1_LblBlu2028_11_0203_0104_01.wav"
"2017-03-06 09:37:08,551","INFO","Trial 60 - 09:37:08 - Unrewarded - /home/fet/stimuli/test_categories_box2/nonreward/Be_Stim_3_LblRas1800_09_0110_0202_03.wav"
"2017-03-06 09:37:22,195","INFO","Trial 61 - 09:37:22 - Unrewarded - /home/fet/stimuli/test_categories_box2/nonreward/Ag_Stim_10_BluRas61dd_181211021509.wav"
"2017-03-06 09:37:35,510","INFO","Trial 62 - 09:37:35 - Unrewarded - /home/fet/stimuli/test_categories_box2/nonreward/Be_Stim_7_LblBlu2028_02_010611_02.wav"
"2017-03-06 09:37:37,127","INFO","Trial 63 - 09:37:37 - Unrewarded - /home/fet/stimuli/test_categories_box2/nonreward/Tu_Stim_8_YelGre5275_210501202909.wav"
"2017-03-06 09:37:37,179","INFO","Trial 64 - 09:37:37 - Rewarded - /home/fet/stimuli/test_categories_box2/reward/DC_Stim_2_GreOra1817_090216153201.wav"
"2017-03-06 09:37:43,186","INFO","Supplying reward for 12.00 seconds"
"2017-03-06 09:38:11,647","INFO","Trial 65 - 09:38:11 - Unrewarded - /home/fet/stimuli/test_categories_box2/nonreward/Be_Stim_5_LblGre0000_090408.wav"
"2017-03-06 09:38:11,708","INFO","Trial 66 - 09:38:11 - Unrewarded - /home/fet/stimuli/test_categories_box2/nonreward/LT_Stim_4_WhiBlu3615_030107060402.wav"
"2017-03-06 09:38:21,424","INFO","Trial 67 - 09:38:21 - Unrewarded - /home/fet/stimuli/test_categories_box2/nonreward/So_Stim_6_LblBla4548_461622.wav"
"2017-03-06 09:38:32,540","INFO","Trial 68 - 09:38:32 - Unrewarded - /home/fet/stimuli/test_categories_box2/nonreward/LT_Stim_10_LblGre0001_070511090610.wav"
"2017-03-06 09:38:47,788","INFO","Trial 69 - 09:38:47 - Unrewarded - /home/fet/stimuli/test_categories_box2/nonreward/So_Stim_9_GraLbl0457_080503.wav"
"2017-03-06 09:38:58,122","INFO","Trial 70 - 09:38:58 - Unrewarded - /home/fet/stimuli/test_categories_box2/nonreward/Di_Stim_5_GraGra0201_010707010701.wav"
"2017-03-06 09:39:10,962","INFO","Trial 71 - 09:39:10 - Unrewarded - /home/fet/stimuli/test_categories_box2/nonreward/Th_Stim_4_WhiBlu4917_050803020409.wav"
"2017-03-06 09:39:11,989","INFO","Trial 72 - 09:39:11 - Unrewarded - /home/fet/stimuli/test_categories_box2/nonreward/So_Stim_7_GraLbl0457_050401.wav"
"2017-03-06 09:39:12,041","INFO","Trial 73 - 09:39:12 - Unrewarded - /home/fet/stimuli/test_categories_box2/nonreward/Be_Stim_3_LblBlu6379_01_0204_0101_03.wav"
"2017-03-06 09:39:23,028","INFO","Trial 74 - 09:39:23 - Unrewarded - /home/fet/stimuli/test_categories_box2/nonreward/Ag_Stim_4_LblBla4419_020103010301.wav"
"2017-03-06 09:39:37,028","INFO","Trial 75 - 09:39:37 - Unrewarded - /home/fet/stimuli/test_categories_box2/nonreward/LT_Stim_5_LblBlu1927_010101010101.wav"
"2017-03-06 09:39:52,678","INFO","Trial 76 - 09:39:52 - Unrewarded - /home/fet/stimuli/test_categories_box2/nonreward/Di_Stim_4_HPiHPi4748_030503050303.wav"
"2017-03-06 09:39:53,860","INFO","Trial 77 - 09:39:53 - Rewarded - /home/fet/stimuli/test_categories_box2/reward/DC_Stim_9_LblRed0613_391623361529.wav"
"2017-03-06 09:39:59,866","INFO","Supplying reward for 12.00 seconds"
"2017-03-06 09:40:51,890","INFO","Trial 78 - 09:40:51 - Unrewarded - /home/fet/stimuli/test_categories_box2/nonreward/So_Stim_9_WhiBlu5698_312502.wav"
"2017-03-06 09:40:51,947","INFO","Trial 79 - 09:40:51 - Unrewarded - /home/fet/stimuli/test_categories_box2/nonreward/So_Stim_9_LblBla4548_470739.wav"
"2017-03-06 09:41:02,023","INFO","Trial 80 - 09:41:02 - Unrewarded - /home/fet/stimuli/test_categories_box2/nonreward/Be_Stim_8_LblGre0000_040605.wav"
"2017-03-06 09:41:14,372","INFO","Trial 81 - 09:41:14 - Unrewarded - /home/fet/stimuli/test_categories_box2/nonreward/So_Stim_10_YelGre5275_272915.wav"
"2017-03-06 09:41:26,106","INFO","Trial 82 - 09:41:26 - Unrewarded - /home/fet/stimuli/test_categories_box2/nonreward/Wh_Stim_6_WhiWhi1415_010101010101.wav"
"2017-03-06 09:41:39,454","INFO","Trial 83 - 09:41:39 - Unrewarded - /home/fet/stimuli/test_categories_box2/nonreward/So_Stim_7_LblBla4548_204034.wav"
"2017-03-06 09:41:53,036","INFO","Trial 84 - 09:41:53 - Unrewarded - /home/fet/stimuli/test_categories_box2/nonreward/Tu_Stim_4_GreOra1817_171810061602.wav"
"2017-03-06 09:41:53,093","INFO","Trial 85 - 09:41:53 - Unrewarded - /home/fet/stimuli/test_categories_box2/nonreward/Di_Stim_9_HPiHPi4748_050305030303.wav"
"2017-03-06 09:41:54,043","INFO","Trial 86 - 09:41:54 - Unrewarded - /home/fet/stimuli/test_categories_box2/nonreward/Th_Stim_10_GraGra0201_442418215046.wav"
"2017-03-06 09:42:06,212","INFO","Trial 87 - 09:42:06 - Unrewarded - /home/fet/stimuli/test_categories_box2/nonreward/Th_Stim_10_HPiHPi4748_261819211305.wav"
"2017-03-06 09:42:06,267","INFO","Trial 88 - 09:42:06 - Unrewarded - /home/fet/stimuli/test_categories_box2/nonreward/Wh_Stim_9_HPiHPi4748_240630180134.wav"
"2017-03-06 09:42:19,397","INFO","Trial 89 - 09:42:19 - Unrewarded - /home/fet/stimuli/test_categories_box2/nonreward/Th_Stim_2_Unknown_11_060701030509.wav"
"2017-03-06 09:42:30,705","INFO","Trial 90 - 09:42:30 - Unrewarded - /home/fet/stimuli/test_categories_box2/nonreward/Di_Stim_7_WhiLbl0010_040404040404.wav"
"2017-03-06 09:42:42,271","INFO","Trial 91 - 09:42:42 - Unrewarded - /home/fet/stimuli/test_categories_box2/nonreward/Be_Stim_9_LblBlu1729_091211.wav"
"2017-03-06 09:42:42,332","INFO","Trial 92 - 09:42:42 - Unrewarded - /home/fet/stimuli/test_categories_box2/nonreward/Th_Stim_2_GraGra0201_201129393848.wav"
"2017-03-06 09:42:43,339","INFO","Trial 93 - 09:42:43 - Unrewarded - /home/fet/stimuli/test_categories_box2/nonreward/LT_Stim_5_LblBlu1630_050714130206.wav"
"2017-03-06 09:42:54,424","INFO","Trial 94 - 09:42:54 - Unrewarded - /home/fet/stimuli/test_categories_box2/nonreward/Be_Stim_1_LblBlu1630_04_c.0305.wav"
"2017-03-06 09:42:55,389","INFO","Trial 95 - 09:42:55 - Unrewarded - /home/fet/stimuli/test_categories_box2/nonreward/Ag_Stim_4_Unknown000_010606060601.wav"
"2017-03-06 09:43:06,711","INFO","Trial 96 - 09:43:06 - Unrewarded - /home/fet/stimuli/test_categories_box2/nonreward/Th_Stim_3_WhiRas44dd_324624181530.wav"
"2017-03-06 09:43:24,204","INFO","Trial 97 - 09:43:24 - Unrewarded - /home/fet/stimuli/test_categories_box2/nonreward/Be_Stim_2_LblBlu6680_06_0101_0107_01.wav"
"2017-03-06 09:43:24,261","INFO","Trial 98 - 09:43:24 - Unrewarded - /home/fet/stimuli/test_categories_box2/nonreward/Di_Stim_3_HPiHPi4748_050303050305.wav"
"2017-03-06 09:43:25,372","INFO","Trial 99 - 09:43:25 - Rewarded - /home/fet/stimuli/test_categories_box2/reward/DC_Stim_10_YelGre5275_281614123520.wav"
"2017-03-06 09:43:25,422","INFO","Trial 100 - 09:43:25 - Unrewarded - /home/fet/stimuli/test_categories_box2/nonreward/So_Stim_4_BluRas61dd_211417.wav"
"2017-03-06 09:43:36,663","INFO","Trial 101 - 09:43:36 - Unrewarded - /home/fet/stimuli/test_categories_box2/nonreward/LT_Stim_6_WhiBlu0112_142603080412.wav"
"2017-03-06 09:44:03,015","INFO","Trial 102 - 09:44:03 - Unrewarded - /home/fet/stimuli/test_categories_box2/nonreward/Be_Stim_7_LblBlu1630_04_b.0405.wav"
"2017-03-06 09:44:03,969","INFO","Trial 103 - 09:44:03 - Rewarded - /home/fet/stimuli/test_categories_box2/reward/DC_Stim_4_RedRas3600_060103021007.wav"
"2017-03-06 09:44:09,979","INFO","Supplying reward for 12.00 seconds"
"2017-03-06 09:44:41,151","INFO","Trial 104 - 09:44:41 - Unrewarded - /home/fet/stimuli/test_categories_box2/nonreward/Th_Stim_10_YelGre5275_423404362831.wav"
"2017-03-06 09:44:42,219","INFO","Trial 105 - 09:44:42 - Unrewarded - /home/fet/stimuli/test_categories_box2/nonreward/Di_Stim_6_GraGra0201_070107010707.wav"
"2017-03-06 09:44:55,835","INFO","Trial 106 - 09:44:55 - Unrewarded - /home/fet/stimuli/test_categories_box2/nonreward/Wh_Stim_3_GraGra0201_050601050402.wav"
"2017-03-06 09:44:56,821","INFO","Trial 107 - 09:44:56 - Unrewarded - /home/fet/stimuli/test_categories_box2/nonreward/So_Stim_3_WhiLbl0010_060407.wav"
"2017-03-06 09:44:56,871","INFO","Trial 108 - 09:44:56 - Unrewarded - /home/fet/stimuli/test_categories_box2/nonreward/Te_Stim_5_GraGra0201_121821241634.wav"
"2017-03-06 09:45:08,065","INFO","Trial 109 - 09:45:08 - Rewarded - /home/fet/stimuli/test_categories_box2/reward/DC_Stim_5_BluRas61dd_362403351025.wav"
"2017-03-06 09:45:08,785","INFO","Trial 110 - 09:45:08 - Unrewarded - /home/fet/stimuli/test_categories_box2/nonreward/Ne_Stim_5_YelOra2575_160219111714.wav"
"2017-03-06 09:45:08,832","INFO","Trial 111 - 09:45:08 - Unrewarded - /home/fet/stimuli/test_categories_box2/nonreward/Ne_Stim_6_WhiRas44dd_121008060513.wav"
"2017-03-06 09:45:19,885","INFO","Trial 112 - 09:45:19 - Unrewarded - /home/fet/stimuli/test_categories_box2/nonreward/Wh_Stim_9_BlaBla0506_120213140618.wav"
"2017-03-06 09:45:19,941","INFO","Trial 113 - 09:45:19 - Unrewarded - /home/fet/stimuli/test_categories_box2/nonreward/Ne_Stim_6_WhiBlu5698_240916020402.wav"
"2017-03-06 09:45:33,426","INFO","Trial 114 - 09:45:33 - Rewarded - /home/fet/stimuli/test_categories_box2/reward/DC_Stim_4_YelGre5275_440208353817.wav"
"2017-03-06 09:45:39,435","INFO","Supplying reward for 12.00 seconds"
"2017-03-06 09:46:16,063","INFO","Trial 115 - 09:46:16 - Rewarded - /home/fet/stimuli/test_categories_box2/reward/DC_Stim_8_LblRed0613_083813110722.wav"
"2017-03-06 09:46:22,072","INFO","Supplying reward for 12.00 seconds"
"2017-03-06 09:46:53,449","INFO","Trial 116 - 09:46:53 - Unrewarded - /home/fet/stimuli/test_categories_box2/nonreward/Te_Stim_6_BlaBla0506_141513220916.wav"
"2017-03-06 09:46:54,308","INFO","Trial 117 - 09:46:54 - Unrewarded - /home/fet/stimuli/test_categories_box2/nonreward/LT_Stim_10_LblRas1800_030401050206.wav"
"2017-03-06 09:47:06,965","INFO","Trial 118 - 09:47:06 - Unrewarded - /home/fet/stimuli/test_categories_box2/nonreward/Ne_Stim_7_BluRas61dd_112014410340.wav"
"2017-03-06 09:47:07,894","INFO","Trial 119 - 09:47:07 - Unrewarded - /home/fet/stimuli/test_categories_box2/nonreward/Ag_Stim_3_BluRas61dd_041702091803.wav"
"2017-03-06 09:47:09,507","INFO","Trial 120 - 09:47:09 - Rewarded - /home/fet/stimuli/test_categories_box2/reward/DC_Stim_10_RedRas3600_070906020810.wav"
"2017-03-06 09:47:15,522","INFO","Supplying reward for 12.00 seconds"
"2017-03-06 09:47:55,412","INFO","Trial 121 - 09:47:55 - Unrewarded - /home/fet/stimuli/test_categories_box2/nonreward/Th_Stim_8_YelGre5275_091342292704.wav"
"2017-03-06 09:47:56,272","INFO","Trial 122 - 09:47:56 - Unrewarded - /home/fet/stimuli/test_categories_box2/nonreward/Di_Stim_9_BlaLbl8026_010203020302.wav"
"2017-03-06 09:47:56,328","INFO","Trial 123 - 09:47:56 - Rewarded - /home/fet/stimuli/test_categories_box2/reward/DC_Stim_10_BluRas61dd_303105362412.wav"
"2017-03-06 09:48:02,336","INFO","Supplying reward for 12.00 seconds"
"2017-03-06 09:48:32,439","INFO","Trial 124 - 09:48:32 - Unrewarded - /home/fet/stimuli/test_categories_box2/nonreward/Ne_Stim_10_WhiBlu5698_031409241304.wav"
"2017-03-06 09:48:32,499","INFO","Trial 125 - 09:48:32 - Unrewarded - /home/fet/stimuli/test_categories_box2/nonreward/Te_Stim_9_YelOra2575_081928123018.wav"
"2017-03-06 09:48:54,516","INFO","Trial 126 - 09:48:54 - Rewarded - /home/fet/stimuli/test_categories_box2/reward/DC_Stim_1_BluRas61dd_322236050809.wav"
"2017-03-06 09:49:00,523","INFO","Supplying reward for 12.00 seconds"
"2017-03-06 09:49:59,182","INFO","Trial 127 - 09:49:59 - Rewarded - /home/fet/stimuli/test_categories_box2/reward/DC_Stim_6_RedRas3600_040102080507.wav"
"2017-03-06 09:50:05,192","INFO","Supplying reward for 12.00 seconds"
"2017-03-06 09:50:41,181","INFO","Trial 128 - 09:50:41 - Unrewarded - /home/fet/stimuli/test_categories_box2/nonreward/Th_Stim_9_LblRed0613_091604101407.wav"
"2017-03-06 09:50:52,151","INFO","Trial 129 - 09:50:52 - Unrewarded - /home/fet/stimuli/test_categories_box2/nonreward/LT_Stim_7_LblBlu1630_161207050409.wav"
"2017-03-06 09:50:52,207","INFO","Trial 130 - 09:50:52 - Unrewarded - /home/fet/stimuli/test_categories_box2/nonreward/Ag_Stim_2_YelGre5275_201809231112.wav"
"2017-03-06 09:51:11,458","INFO","Trial 131 - 09:51:11 - Rewarded - /home/fet/stimuli/test_categories_box2/reward/DC_Stim_5_YelGre5275_302940133537.wav"
"2017-03-06 09:51:17,464","INFO","Supplying reward for 12.00 seconds"
"2017-03-06 09:51:59,514","INFO","Trial 132 - 09:51:59 - Unrewarded - /home/fet/stimuli/test_categories_box2/nonreward/Be_Stim_4_GraGre0813_111303.wav"
"2017-03-06 09:52:09,562","INFO","Trial 133 - 09:52:09 - Unrewarded - /home/fet/stimuli/test_categories_box2/nonreward/Ag_Stim_6_GreGre2522_020102010102.wav"
"2017-03-06 09:52:24,813","INFO","Trial 134 - 09:52:24 - Unrewarded - /home/fet/stimuli/test_categories_box2/nonreward/Di_Stim_2_WhiWhi1415_020202020202.wav"
"2017-03-06 09:52:37,996","INFO","Trial 135 - 09:52:37 - Rewarded - /home/fet/stimuli/test_categories_box2/reward/DC_Stim_8_PurRas20dd_082507032412.wav"
"2017-03-06 09:52:44,002","INFO","Supplying reward for 12.00 seconds"
"2017-03-06 09:53:15,204","INFO","Trial 136 - 09:53:15 - Rewarded - /home/fet/stimuli/test_categories_box2/reward/DC_Stim_1_YelOra2575_294117111002.wav"
"2017-03-06 09:53:21,209","INFO","Supplying reward for 12.00 seconds"
"2017-03-06 09:53:54,656","INFO","Trial 137 - 09:53:54 - Unrewarded - /home/fet/stimuli/test_categories_box2/nonreward/So_Stim_9_BlaBla0506_060815.wav"
"2017-03-06 09:53:54,712","INFO","Trial 138 - 09:53:54 - Unrewarded - /home/fet/stimuli/test_categories_box2/nonreward/LT_Stim_8_LblGre0001_090208030506.wav"
"2017-03-06 09:54:08,804","INFO","Trial 139 - 09:54:08 - Unrewarded - /home/fet/stimuli/test_categories_box2/nonreward/Th_Stim_4_GraGra0201_454244500618.wav"
"2017-03-06 09:54:10,168","INFO","Trial 140 - 09:54:10 - Unrewarded - /home/fet/stimuli/test_categories_box2/nonreward/Tu_Stim_1_WhiRas44dd_110216191210.wav"
"2017-03-06 09:54:15,449","INFO","Trial 141 - 09:54:15 - Rewarded - /home/fet/stimuli/test_categories_box2/reward/DC_Stim_3_WhiLbl0010_261522093017.wav"
"2017-03-06 09:54:16,754","INFO","Trial 142 - 09:54:16 - Unrewarded - /home/fet/stimuli/test_categories_box2/nonreward/Di_Stim_8_WhiLbl0010_040404040404.wav"
"2017-03-06 09:55:12,113","INFO","Trial 143 - 09:55:12 - Unrewarded - /home/fet/stimuli/test_categories_box2/nonreward/Ne_Stim_2_Unknown00F_010201010101.wav"
"2017-03-06 09:55:36,686","INFO","Trial 144 - 09:55:36 - Unrewarded - /home/fet/stimuli/test_categories_box2/nonreward/So_Stim_4_WhiBlu4818_050411.wav"
"2017-03-06 09:55:37,701","INFO","Trial 145 - 09:55:37 - Unrewarded - /home/fet/stimuli/test_categories_box2/nonreward/Be_Stim_10_LblBlu6680_07_0103_0109.wav"
"2017-03-06 09:55:38,628","INFO","Trial 146 - 09:55:38 - Unrewarded - /home/fet/stimuli/test_categories_box2/nonreward/Wh_Stim_4_BlaBla0506_181602131514.wav"
"2017-03-06 09:55:38,679","INFO","Trial 147 - 09:55:38 - Rewarded - /home/fet/stimuli/test_categories_box2/reward/DC_Stim_3_RedRas3600_050810010309.wav"
"2017-03-06 09:55:44,687","INFO","Supplying reward for 12.00 seconds"
"2017-03-06 09:56:13,983","INFO","Trial 148 - 09:56:13 - Unrewarded - /home/fet/stimuli/test_categories_box2/nonreward/Wh_Stim_10_WhiRas44dd_020301030101.wav"
"2017-03-06 09:56:23,543","INFO","Trial 149 - 09:56:23 - Unrewarded - /home/fet/stimuli/test_categories_box2/nonreward/Th_Stim_2_WhiRas44dd_473311452623.wav"
"2017-03-06 09:56:24,444","INFO","Trial 150 - 09:56:24 - Unrewarded - /home/fet/stimuli/test_categories_box2/nonreward/Ag_Stim_7_BluRas07dd_101705201309.wav"
"2017-03-06 09:56:40,162","INFO","Trial 151 - 09:56:40 - Unrewarded - /home/fet/stimuli/test_categories_box2/nonreward/Th_Stim_7_WhiWhi1415_281716020931.wav"
"2017-03-06 09:56:41,112","INFO","Trial 152 - 09:56:41 - Rewarded - /home/fet/stimuli/test_categories_box2/reward/DC_Stim_6_PurRas20dd_111623071803.wav"
"2017-03-06 09:56:41,163","INFO","Trial 153 - 09:56:41 - Unrewarded - /home/fet/stimuli/test_categories_box2/nonreward/Ag_Stim_6_WhiBlu4917_010101010101.wav"
"2017-03-06 09:57:03,633","INFO","Trial 154 - 09:57:03 - Unrewarded - /home/fet/stimuli/test_categories_box2/nonreward/Di_Stim_2_WhiLbl0010_040404040404.wav"
"2017-03-06 09:57:21,509","INFO","Trial 155 - 09:57:21 - Unrewarded - /home/fet/stimuli/test_categories_box2/nonreward/LT_Stim_8_LblBlu6680_280622091105.wav"
"2017-03-06 09:57:38,701","INFO","Trial 156 - 09:57:38 - Unrewarded - /home/fet/stimuli/test_categories_box2/nonreward/Te_Stim_8_GraGra0201_091226283031.wav"
"2017-03-06 09:57:39,888","INFO","Trial 157 - 09:57:39 - Rewarded - /home/fet/stimuli/test_categories_box2/reward/DC_Stim_9_WhiBlu5698_112303141707.wav"
"2017-03-06 09:57:39,939","INFO","Trial 158 - 09:57:39 - Unrewarded - /home/fet/stimuli/test_categories_box2/nonreward/Te_Stim_10_LblRed0613_201715132305.wav"
"2017-03-06 09:58:40,254","INFO","Trial 159 - 09:58:40 - Unrewarded - /home/fet/stimuli/test_categories_box2/nonreward/Te_Stim_1_GraGra0201_041114092938.wav"
"2017-03-06 09:58:40,903","INFO","Trial 160 - 09:58:40 - Unrewarded - /home/fet/stimuli/test_categories_box2/nonreward/Be_Stim_7_LblBlu6680_06_0111_0311_02.wav"
"2017-03-06 09:58:47,050","INFO","Trial 161 - 09:58:47 - Unrewarded - /home/fet/stimuli/test_categories_box2/nonreward/Tu_Stim_1_LblRed0613_080507010302.wav"
"2017-03-06 09:58:48,110","INFO","Trial 162 - 09:58:48 - Rewarded - /home/fet/stimuli/test_categories_box2/reward/DC_Stim_5_LblRed0613_312315293733.wav"
"2017-03-06 09:58:49,335","INFO","Trial 163 - 09:58:49 - Unrewarded - /home/fet/stimuli/test_categories_box2/nonreward/Be_Stim_5_LblBlu1729_021309.wav"
"2017-03-06 09:58:53,942","INFO","Trial 164 - 09:58:53 - Rewarded - /home/fet/stimuli/test_categories_box2/reward/DC_Stim_7_PurRas20dd_140224150604.wav"
"2017-03-06 09:58:54,483","INFO","Trial 165 - 09:58:54 - Unrewarded - /home/fet/stimuli/test_categories_box2/nonreward/Di_Stim_9_Unknown000_010201010201.wav"
"2017-03-06 09:58:54,535","INFO","Trial 166 - 09:58:54 - Unrewarded - /home/fet/stimuli/test_categories_box2/nonreward/Tu_Stim_8_BlaLbl8026_091107100608.wav"
"2017-03-06 09:59:01,784","INFO","Trial 167 - 09:59:01 - Unrewarded - /home/fet/stimuli/test_categories_box2/nonreward/Th_Stim_1_WhiBlu4917_090207010308.wav"
"2017-03-06 09:59:01,844","INFO","Trial 168 - 09:59:01 - Unrewarded - /home/fet/stimuli/test_categories_box2/nonreward/Be_Stim_6_GraRas1600_080210.wav"
"2017-03-06 09:59:42,094","INFO","Trial 169 - 09:59:42 - Unrewarded - /home/fet/stimuli/test_categories_box2/nonreward/Tu_Stim_8_LblRed0613_040207050103.wav"
"2017-03-06 09:59:43,125","INFO","Trial 170 - 09:59:43 - Rewarded - /home/fet/stimuli/test_categories_box2/reward/DC_Stim_9_WhiWhi1415_020305040102.wav"
"2017-03-06 09:59:44,516","INFO","Trial 171 - 09:59:44 - Unrewarded - /home/fet/stimuli/test_categories_box2/nonreward/Wh_Stim_10_HPiHPi4748_220916240112.wav"
"2017-03-06 11:59:51,090","INFO","Trial 172 - 11:59:51 - Unrewarded - /home/fet/stimuli/test_categories_box2/nonreward/Te_Stim_2_GreGre2522_301814093334.wav"
"2017-03-06 11:59:52,397","INFO","Trial 173 - 11:59:52 - Unrewarded - /home/fet/stimuli/test_categories_box2/nonreward/So_Stim_4_WhiBlu5698_250212.wav"
"2017-03-06 12:00:06,395","INFO","Trial 174 - 12:00:06 - Rewarded - /home/fet/stimuli/test_categories_box2/reward/DC_Stim_2_Unknown00F_141218150725.wav"
"2017-03-06 12:00:12,404","INFO","Supplying reward for 12.00 seconds"
"2017-03-06 12:01:26,234","INFO","Trial 175 - 12:01:26 - Unrewarded - /home/fet/stimuli/test_categories_box2/nonreward/Wh_Stim_6_WhiRas44dd_030102020101.wav"
"2017-03-06 12:01:26,287","INFO","Trial 176 - 12:01:26 - Rewarded - /home/fet/stimuli/test_categories_box2/reward/DC_Stim_9_Unknown00F_171122250413.wav"
"2017-03-06 12:01:32,297","INFO","Supplying reward for 12.00 seconds"
"2017-03-06 12:02:37,330","INFO","Trial 177 - 12:02:37 - Unrewarded - /home/fet/stimuli/test_categories_box2/nonreward/Ag_Stim_1_LblBla4419_020301020103.wav"
"2017-03-06 12:02:46,766","INFO","Trial 178 - 12:02:46 - Unrewarded - /home/fet/stimuli/test_categories_box2/nonreward/Di_Stim_3_GraGra0201_070101070107.wav"
"2017-03-06 12:02:59,569","INFO","Trial 179 - 12:02:59 - Unrewarded - /home/fet/stimuli/test_categories_box2/nonreward/Ag_Stim_1_BluRas07dd_051708121320.wav"
"2017-03-06 12:03:24,564","INFO","Trial 180 - 12:03:24 - Unrewarded - /home/fet/stimuli/test_categories_box2/nonreward/LT_Stim_9_LblBlu1927_010101010101.wav"
"2017-03-06 12:03:38,952","INFO","Trial 181 - 12:03:38 - Unrewarded - /home/fet/stimuli/test_categories_box2/nonreward/Di_Stim_2_WhiBlu4818_060606060606.wav"
"2017-03-06 12:03:39,004","INFO","Trial 182 - 12:03:39 - Unrewarded - /home/fet/stimuli/test_categories_box2/nonreward/Ne_Stim_5_Unknown00F_020101010102.wav"
"2017-03-06 12:11:42,008","INFO","Trial 183 - 12:11:42 - Unrewarded - /home/fet/stimuli/test_categories_box2/nonreward/Th_Stim_4_WhiBlu4818_020105030403.wav"
"2017-03-06 12:11:43,023","INFO","Trial 184 - 12:11:43 - Unrewarded - /home/fet/stimuli/test_categories_box2/nonreward/So_Stim_2_WhiBlu4818_041122.wav"
"2017-03-06 12:11:43,071","INFO","Trial 185 - 12:11:43 - Unrewarded - /home/fet/stimuli/test_categories_box2/nonreward/Te_Stim_3_GreGre2522_023308262110.wav"
"2017-03-06 12:11:55,029","INFO","Trial 186 - 12:11:55 - Unrewarded - /home/fet/stimuli/test_categories_box2/nonreward/Te_Stim_8_YelOra2575_142609270503.wav"
"2017-03-06 12:12:05,614","INFO","Trial 187 - 12:12:05 - Unrewarded - /home/fet/stimuli/test_categories_box2/nonreward/Ne_Stim_5_PurRas20dd_070308030102.wav"
"2017-03-06 12:12:05,670","INFO","Trial 188 - 12:12:05 - Unrewarded - /home/fet/stimuli/test_categories_box2/nonreward/Ne_Stim_1_YelGre5275_281418012616.wav"
"2017-03-06 12:12:06,349","INFO","Trial 189 - 12:12:06 - Rewarded - /home/fet/stimuli/test_categories_box2/reward/DC_Stim_1_GreOra1817_233211031517.wav"
"2017-03-06 12:12:06,406","INFO","Trial 190 - 12:12:06 - Unrewarded - /home/fet/stimuli/test_categories_box2/nonreward/Te_Stim_10_GreGre2522_303404063308.wav"
"2017-03-06 12:12:08,878","INFO","Trial 191 - 12:12:08 - Rewarded - /home/fet/stimuli/test_categories_box2/reward/DC_Stim_7_GreOra1817_261523010813.wav"
"2017-03-06 12:12:08,925","INFO","Trial 192 - 12:12:08 - Unrewarded - /home/fet/stimuli/test_categories_box2/nonreward/Ne_Stim_9_LblBla4548_223602132016.wav"
"2017-03-06 12:12:19,438","INFO","Trial 193 - 12:12:19 - Unrewarded - /home/fet/stimuli/test_categories_box2/nonreward/Ne_Stim_3_WhiRas44dd_040705131211.wav"
"2017-03-06 12:12:19,495","INFO","Trial 194 - 12:12:19 - Unrewarded - /home/fet/stimuli/test_categories_box2/nonreward/Th_Stim_8_LblRed0613_010910140718.wav"
"2017-03-06 12:12:20,564","INFO","Trial 195 - 12:12:20 - Unrewarded - /home/fet/stimuli/test_categories_box2/nonreward/Ne_Stim_9_Unknown01F_010201010102.wav"
"2017-03-06 12:12:31,055","INFO","Trial 196 - 12:12:31 - Rewarded - /home/fet/stimuli/test_categories_box2/reward/DC_Stim_1_WhiBlu5698_231214040302.wav"
"2017-03-06 12:12:37,064","INFO","Supplying reward for 12.00 seconds"
"2017-03-06 12:13:40,999","INFO","Trial 197 - 12:13:40 - Unrewarded - /home/fet/stimuli/test_categories_box2/nonreward/Te_Stim_2_WhiWhi1415_212208363831.wav"
"2017-03-06 12:13:41,981","INFO","Trial 198 - 12:13:41 - Rewarded - /home/fet/stimuli/test_categories_box2/reward/DC_Stim_1_Unknown00F_180621102209.wav"
"2017-03-06 12:13:42,033","INFO","Trial 199 - 12:13:42 - Unrewarded - /home/fet/stimuli/test_categories_box2/nonreward/Tu_Stim_10_BlaLbl8026_111208090605.wav"
"2017-03-06 12:13:51,550","INFO","Trial 200 - 12:13:51 - Unrewarded - /home/fet/stimuli/test_categories_box2/nonreward/So_Stim_1_WhiBlu4818_220911.wav"
"2017-03-06 12:13:51,605","INFO","Trial 201 - 12:13:51 - Unrewarded - /home/fet/stimuli/test_categories_box2/nonreward/So_Stim_10_YelOra2575_231320.wav"
"2017-03-06 12:14:05,878","INFO","Trial 202 - 12:14:05 - Unrewarded - /home/fet/stimuli/test_categories_box2/nonreward/Ag_Stim_1_WhiGra0114_010101010101.wav"
"2017-03-06 12:14:05,930","INFO","Trial 203 - 12:14:05 - Unrewarded - /home/fet/stimuli/test_categories_box2/nonreward/Th_Stim_9_Unknown_11_080304050906.wav"
"2017-03-06 12:14:15,311","INFO","Trial 204 - 12:14:15 - Rewarded - /home/fet/stimuli/test_categories_box2/reward/DC_Stim_4_Unknown00F_170416072024.wav"
"2017-03-06 12:14:21,316","INFO","Supplying reward for 12.00 seconds"
"2017-03-06 12:15:11,131","INFO","Trial 205 - 12:15:11 - Rewarded - /home/fet/stimuli/test_categories_box2/reward/DC_Stim_10_PurRas20dd_262421112017.wav"
"2017-03-06 12:15:12,142","INFO","Trial 206 - 12:15:12 - Unrewarded - /home/fet/stimuli/test_categories_box2/nonreward/Th_Stim_3_WhiBlu4818_020103050402.wav"
"2017-03-06 12:15:12,193","INFO","Trial 207 - 12:15:12 - Unrewarded - /home/fet/stimuli/test_categories_box2/nonreward/Th_Stim_10_WhiBlu4917_040209010305.wav"
"2017-03-06 12:15:21,383","INFO","Trial 208 - 12:15:21 - Unrewarded - /home/fet/stimuli/test_categories_box2/nonreward/Th_Stim_4_Unknown_11_010710090503.wav"
"2017-03-06 12:15:25,203","INFO","Trial 209 - 12:15:25 - Rewarded - /home/fet/stimuli/test_categories_box2/reward/DC_Stim_4_WhiRas44dd_082112182927.wav"
"2017-03-06 12:15:31,209","INFO","Supplying reward for 12.00 seconds"
"2017-03-06 12:16:05,729","INFO","Trial 210 - 12:16:05 - Unrewarded - /home/fet/stimuli/test_categories_box2/nonreward/Ag_Stim_3_Unknown_11_060101060106.wav"
"2017-03-06 12:16:16,161","INFO","Trial 211 - 12:16:16 - Unrewarded - /home/fet/stimuli/test_categories_box2/nonreward/Ag_Stim_2_WhiGra0114_010101010101.wav"
"2017-03-06 12:16:16,216","INFO","Trial 212 - 12:16:16 - Unrewarded - /home/fet/stimuli/test_categories_box2/nonreward/Tu_Stim_3_GraGra0201_141102160906.wav"
"2017-03-06 12:16:26,462","INFO","Trial 213 - 12:16:26 - Unrewarded - /home/fet/stimuli/test_categories_box2/nonreward/Th_Stim_10_LblRed0613_160118130602.wav"
"2017-03-06 12:16:38,492","INFO","Trial 214 - 12:16:38 - Unrewarded - /home/fet/stimuli/test_categories_box2/nonreward/So_Stim_5_GraLbl0457_070815.wav"
"2017-03-06 12:16:48,834","INFO","Trial 215 - 12:16:48 - Unrewarded - /home/fet/stimuli/test_categories_box2/nonreward/Te_Stim_7_GreWhi1242_082623112114.wav"
"2017-03-06 12:16:58,599","INFO","Trial 216 - 12:16:58 - Unrewarded - /home/fet/stimuli/test_categories_box2/nonreward/So_Stim_7_WhiBlu4818_220504.wav"
"2017-03-06 12:16:58,658","INFO","Trial 217 - 12:16:58 - Unrewarded - /home/fet/stimuli/test_categories_box2/nonreward/LT_Stim_9_LblBlu2028_010804030212.wav"
"2017-03-06 12:17:13,249","INFO","Trial 218 - 12:17:13 - Rewarded - /home/fet/stimuli/test_categories_box2/reward/DC_Stim_10_WhiLbl0010_132208290415.wav"
"2017-03-06 12:17:13,306","INFO","Trial 219 - 12:17:13 - Unrewarded - /home/fet/stimuli/test_categories_box2/nonreward/Wh_Stim_8_BlaBla0506_151306140212.wav"
"2017-03-06 12:17:24,685","INFO","Trial 220 - 12:17:24 - Unrewarded - /home/fet/stimuli/test_categories_box2/nonreward/So_Stim_5_LblBla4419_050110.wav"
"2017-03-06 12:17:39,549","INFO","Trial 221 - 12:17:39 - Unrewarded - /home/fet/stimuli/test_categories_box2/nonreward/Th_Stim_3_YelGre5275_220625341639.wav"
"2017-03-06 12:17:50,120","INFO","Trial 222 - 12:17:50 - Rewarded - /home/fet/stimuli/test_categories_box2/reward/DC_Stim_1_PurRas20dd_221628140408.wav"
"2017-03-06 12:17:56,125","INFO","Supplying reward for 12.00 seconds"
"2017-03-06 12:18:25,373","INFO","Trial 223 - 12:18:25 - Rewarded - /home/fet/stimuli/test_categories_box2/reward/DC_Stim_5_PurRas20dd_190618030825.wav"
"2017-03-06 12:18:31,379","INFO","Supplying reward for 12.00 seconds"
"2017-03-06 12:19:13,237","INFO","Trial 224 - 12:19:13 - Unrewarded - /home/fet/stimuli/test_categories_box2/nonreward/Th_Stim_9_Unknown000_081005040301.wav"
"2017-03-06 12:19:22,088","INFO","Trial 225 - 12:19:22 - Unrewarded - /home/fet/stimuli/test_categories_box2/nonreward/Te_Stim_6_YelOra2575_031407023025.wav"
"2017-03-06 12:19:33,486","INFO","Trial 226 - 12:19:33 - Unrewarded - /home/fet/stimuli/test_categories_box2/nonreward/Ag_Stim_6_WhiBlu4818_060507060506.wav"
"2017-03-06 12:19:43,574","INFO","Trial 227 - 12:19:43 - Rewarded - /home/fet/stimuli/test_categories_box2/reward/DC_Stim_6_GreOra1817_193305320916.wav"
"2017-03-06 12:19:49,583","INFO","Supplying reward for 12.00 seconds"
"2017-03-06 12:20:18,081","INFO","Trial 228 - 12:20:18 - Rewarded - /home/fet/stimuli/test_categories_box2/reward/DC_Stim_8_WhiRas44dd_212209300708.wav"
"2017-03-06 12:20:24,086","INFO","Supplying reward for 12.00 seconds"
"2017-03-06 12:20:52,343","INFO","Trial 229 - 12:20:52 - Unrewarded - /home/fet/stimuli/test_categories_box2/nonreward/Th_Stim_7_YelGre5275_193338421130.wav"
"2017-03-06 12:20:52,399","INFO","Trial 230 - 12:20:52 - Unrewarded - /home/fet/stimuli/test_categories_box2/nonreward/Wh_Stim_1_HpiGra1004_020103040805.wav"
"2017-03-06 12:21:02,066","INFO","Trial 231 - 12:21:02 - Unrewarded - /home/fet/stimuli/test_categories_box2/nonreward/So_Stim_10_HPiHPi4748_111609.wav"
"2017-03-06 12:21:02,122","INFO","Trial 232 - 12:21:02 - Unrewarded - /home/fet/stimuli/test_categories_box2/nonreward/Ag_Stim_5_BluRas07dd_150912081713.wav"
"2017-03-06 12:21:11,212","INFO","Trial 233 - 12:21:11 - Rewarded - /home/fet/stimuli/test_categories_box2/reward/DC_Stim_8_YelOra2575_343908304432.wav"
"2017-03-06 12:21:11,268","INFO","Trial 234 - 12:21:11 - Unrewarded - /home/fet/stimuli/test_categories_box2/nonreward/Be_Stim_5_LblBlu6243_09_0207_0108_03.wav"
"2017-03-06 12:21:21,627","INFO","Trial 235 - 12:21:21 - Unrewarded - /home/fet/stimuli/test_categories_box2/nonreward/Ag_Stim_10_Unknown000_060106010101.wav"
"2017-03-06 12:21:39,563","INFO","Trial 236 - 12:21:39 - Unrewarded - /home/fet/stimuli/test_categories_box2/nonreward/LT_Stim_5_LblGre0001_090508020603.wav"
"2017-03-06 12:21:50,216","INFO","Trial 237 - 12:21:50 - Unrewarded - /home/fet/stimuli/test_categories_box2/nonreward/Di_Stim_10_Unknown000_020101010102.wav"
"2017-03-06 12:22:07,754","INFO","Trial 238 - 12:22:07 - Unrewarded - /home/fet/stimuli/test_categories_box2/nonreward/Di_Stim_8_WhiWhi1415_020202020202.wav"
"2017-03-06 12:22:22,097","INFO","Trial 239 - 12:22:22 - Unrewarded - /home/fet/stimuli/test_categories_box2/nonreward/Be_Stim_8_GraRas1600_051512.wav"
"2017-03-06 12:22:33,946","INFO","Trial 240 - 12:22:33 - Unrewarded - /home/fet/stimuli/test_categories_box2/nonreward/LT_Stim_6_LblBlu6243_240305300820.wav"
"2017-03-06 12:22:44,948","INFO","Trial 241 - 12:22:44 - Unrewarded - /home/fet/stimuli/test_categories_box2/nonreward/Ne_Stim_7_WhiRas44dd_101107080604.wav"
"2017-03-06 12:22:46,135","INFO","Trial 242 - 12:22:46 - Unrewarded - /home/fet/stimuli/test_categories_box2/nonreward/Te_Stim_2_WhiBlu4818_170714201612.wav"
"2017-03-06 12:22:46,186","INFO","Trial 243 - 12:22:46 - Unrewarded - /home/fet/stimuli/test_categories_box2/nonreward/Be_Stim_6_GraGre1001_160203.wav"
"2017-03-06 12:22:57,591","INFO","Trial 244 - 12:22:57 - Unrewarded - /home/fet/stimuli/test_categories_box2/nonreward/Tu_Stim_2_GreOra1817_051301101211.wav"
"2017-03-06 12:22:57,644","INFO","Trial 245 - 12:22:57 - Rewarded - /home/fet/stimuli/test_categories_box2/reward/DC_Stim_4_WhiWhi1415_040105030201.wav"
"2017-03-06 12:23:03,650","INFO","Supplying reward for 12.00 seconds"
"2017-03-06 12:23:49,542","INFO","Trial 246 - 12:23:49 - Unrewarded - /home/fet/stimuli/test_categories_box2/nonreward/Wh_Stim_1_GraLbl0457_020105040202.wav"
"2017-03-06 12:24:03,939","INFO","Trial 247 - 12:24:03 - Unrewarded - /home/fet/stimuli/test_categories_box2/nonreward/Te_Stim_10_BlaLbl8026_091304082223.wav"
"2017-03-06 12:24:04,825","INFO","Trial 248 - 12:24:04 - Unrewarded - /home/fet/stimuli/test_categories_box2/nonreward/Ag_Stim_3_LblBla4419_010302030101.wav"
"2017-03-06 12:24:34,518","INFO","Trial 249 - 12:24:34 - Rewarded - /home/fet/stimuli/test_categories_box2/reward/DC_Stim_4_WhiBlu5698_172306040211.wav"
"2017-03-06 12:24:40,526","INFO","Supplying reward for 12.00 seconds"
"2017-03-06 12:25:22,432","INFO","Trial 250 - 12:25:22 - Unrewarded - /home/fet/stimuli/test_categories_box2/nonreward/Th_Stim_6_HPiHPi4748_240315060223.wav"
"2017-03-06 12:25:32,363","INFO","Trial 251 - 12:25:32 - Unrewarded - /home/fet/stimuli/test_categories_box2/nonreward/Te_Stim_3_GraGra0201_321929060730.wav"
"2017-03-06 12:25:32,420","INFO","Trial 252 - 12:25:32 - Unrewarded - /home/fet/stimuli/test_categories_box2/nonreward/Be_Stim_2_LblRas1800_08_0105_0102_02.wav"
"2017-03-06 12:25:33,218","INFO","Trial 253 - 12:25:33 - Unrewarded - /home/fet/stimuli/test_categories_box2/nonreward/Wh_Stim_8_GraLbl0457_020104050404.wav"
"2017-03-06 12:25:33,270","INFO","Trial 254 - 12:25:33 - Unrewarded - /home/fet/stimuli/test_categories_box2/nonreward/Ne_Stim_3_BluRas61dd_022925382740.wav"
"2017-03-06 12:25:44,347","INFO","Trial 255 - 12:25:44 - Unrewarded - /home/fet/stimuli/test_categories_box2/nonreward/Di_Stim_2_HPiHPi4748_050305050305.wav"
"2017-03-06 12:25:44,399","INFO","Trial 256 - 12:25:44 - Unrewarded - /home/fet/stimuli/test_categories_box2/nonreward/So_Stim_6_GraLbl0457_030612.wav"
"2017-03-06 12:25:55,487","INFO","Trial 257 - 12:25:55 - Unrewarded - /home/fet/stimuli/test_categories_box2/nonreward/Ne_Stim_1_WhiRas44dd_110207060804.wav"
"2017-03-06 12:25:56,932","INFO","Trial 258 - 12:25:56 - Unrewarded - /home/fet/stimuli/test_categories_box2/nonreward/Wh_Stim_9_WhiBlu5698_191807021120.wav"
"2017-03-06 12:26:06,934","INFO","Trial 259 - 12:26:06 - Unrewarded - /home/fet/stimuli/test_categories_box2/nonreward/Th_Stim_1_YelGre5275_202243244140.wav"
"2017-03-06 12:26:06,993","INFO","Trial 260 - 12:26:06 - Unrewarded - /home/fet/stimuli/test_categories_box2/nonreward/Te_Stim_4_GraGra0201_182107051722.wav"
"2017-03-06 12:26:07,734","INFO","Trial 261 - 12:26:07 - Unrewarded - /home/fet/stimuli/test_categories_box2/nonreward/Be_Stim_6_LblRas1800_10_0110_0202_04.wav"
"2017-03-06 12:26:18,102","INFO","Trial 262 - 12:26:18 - Unrewarded - /home/fet/stimuli/test_categories_box2/nonreward/Ne_Stim_9_WhiRas44dd_050408120613.wav"
"2017-03-06 12:26:35,099","INFO","Trial 263 - 12:26:35 - Unrewarded - /home/fet/stimuli/test_categories_box2/nonreward/Ne_Stim_8_Unknown01F_020101020102.wav"
"2017-03-06 12:26:36,101","INFO","Trial 264 - 12:26:36 - Unrewarded - /home/fet/stimuli/test_categories_box2/nonreward/Ag_Stim_2_BluRas61dd_020911170304.wav"
"2017-03-06 12:26:52,362","INFO","Trial 265 - 12:26:52 - Unrewarded - /home/fet/stimuli/test_categories_box2/nonreward/Th_Stim_9_WhiWhi1415_142909280326.wav"
"2017-03-06 12:26:52,414","INFO","Trial 266 - 12:26:52 - Unrewarded - /home/fet/stimuli/test_categories_box2/nonreward/Ne_Stim_6_WhiWhi1415_050406070910.wav"
"2017-03-06 12:26:53,080","INFO","Trial 267 - 12:26:53 - Unrewarded - /home/fet/stimuli/test_categories_box2/nonreward/Tu_Stim_4_HPiHPi4748_191109172322.wav"
"2017-03-06 12:27:07,085","INFO","Trial 268 - 12:27:07 - Unrewarded - /home/fet/stimuli/test_categories_box2/nonreward/LT_Stim_3_WhiBlu0112_121627012225.wav"
"2017-03-06 12:27:24,762","INFO","Trial 269 - 12:27:24 - Unrewarded - /home/fet/stimuli/test_categories_box2/nonreward/Wh_Stim_4_WhiBlu5698_180604190207.wav"
"2017-03-06 12:27:24,818","INFO","Trial 270 - 12:27:24 - Rewarded - /home/fet/stimuli/test_categories_box2/reward/DC_Stim_3_LblRed0613_301031273705.wav"
"2017-03-06 12:27:30,824","INFO","Supplying reward for 12.00 seconds"
"2017-03-06 12:28:10,214","INFO","Trial 271 - 12:28:10 - Rewarded - /home/fet/stimuli/test_categories_box2/reward/DC_Stim_6_YelOra2575_442304113819.wav"
"2017-03-06 12:28:16,223","INFO","Supplying reward for 12.00 seconds"
"2017-03-06 12:28:53,488","INFO","Trial 272 - 12:28:53 - Unrewarded - /home/fet/stimuli/test_categories_box2/nonreward/Te_Stim_1_LblRed0613_082201291915.wav"
"2017-03-06 12:28:54,487","INFO","Trial 273 - 12:28:54 - Rewarded - /home/fet/stimuli/test_categories_box2/reward/DC_Stim_3_WhiRas44dd_092811302123.wav"
"2017-03-06 12:28:54,538","INFO","Trial 274 - 12:28:54 - Unrewarded - /home/fet/stimuli/test_categories_box2/nonreward/Tu_Stim_2_GraGra0201_050210041701.wav"
"2017-03-06 12:29:05,124","INFO","Trial 275 - 12:29:05 - Unrewarded - /home/fet/stimuli/test_categories_box2/nonreward/Ne_Stim_2_Unknown01F_010201010202.wav"
"2017-03-06 12:29:13,983","INFO","Trial 276 - 12:29:13 - Unrewarded - /home/fet/stimuli/test_categories_box2/nonreward/LT_Stim_9_LblRas1800_040605010203.wav"
"2017-03-06 12:29:34,285","INFO","Trial 277 - 12:29:34 - Rewarded - /home/fet/stimuli/test_categories_box2/reward/DC_Stim_9_RedRas3600_090310050208.wav"
"2017-03-06 12:29:40,293","INFO","Supplying reward for 12.00 seconds"
"2017-03-06 12:30:12,366","INFO","Trial 278 - 12:30:12 - Unrewarded - /home/fet/stimuli/test_categories_box2/nonreward/Ag_Stim_8_WhiBlu4917_010101010101.wav"
"2017-03-06 12:30:21,253","INFO","Trial 279 - 12:30:21 - Unrewarded - /home/fet/stimuli/test_categories_box2/nonreward/Te_Stim_1_GreGre2522_213412321319.wav"
"2017-03-06 12:30:22,829","INFO","Trial 280 - 12:30:22 - Unrewarded - /home/fet/stimuli/test_categories_box2/nonreward/Be_Stim_3_LblBlu6243_08_031510_01.wav"
"2017-03-06 12:30:36,345","INFO","Trial 281 - 12:30:36 - Unrewarded - /home/fet/stimuli/test_categories_box2/nonreward/Te_Stim_1_YelGre5275_233129213032.wav"
"2017-03-06 12:30:37,448","INFO","Trial 282 - 12:30:37 - Unrewarded - /home/fet/stimuli/test_categories_box2/nonreward/Ag_Stim_3_BlaBla0506_120409070510.wav"
"2017-03-06 12:30:52,204","INFO","Trial 283 - 12:30:52 - Unrewarded - /home/fet/stimuli/test_categories_box2/nonreward/Th_Stim_9_WhiBlu4917_080409030705.wav"
"2017-03-06 12:30:53,002","INFO","Trial 284 - 12:30:53 - Unrewarded - /home/fet/stimuli/test_categories_box2/nonreward/Th_Stim_8_BlaBla0506_010504030202.wav"
"2017-03-06 12:30:53,053","INFO","Trial 285 - 12:30:53 - Unrewarded - /home/fet/stimuli/test_categories_box2/nonreward/Th_Stim_1_LblRed0613_041316080211.wav"
"2017-03-06 12:31:02,197","INFO","Trial 286 - 12:31:02 - Rewarded - /home/fet/stimuli/test_categories_box2/reward/DC_Stim_2_WhiRas44dd_220509061228.wav"
"2017-03-06 12:31:08,202","INFO","Supplying reward for 12.00 seconds"
"2017-03-06 12:31:42,453","INFO","Trial 287 - 12:31:42 - Rewarded - /home/fet/stimuli/test_categories_box2/reward/DC_Stim_9_YelGre5275_150221391138.wav"
"2017-03-06 12:31:43,349","INFO","Trial 288 - 12:31:43 - Rewarded - /home/fet/stimuli/test_categories_box2/reward/DC_Stim_3_PurRas20dd_131822202707.wav"
"2017-03-06 12:31:49,354","INFO","Supplying reward for 12.00 seconds"
"2017-03-06 12:32:22,090","INFO","Trial 289 - 12:32:22 - Unrewarded - /home/fet/stimuli/test_categories_box2/nonreward/LT_Stim_6_LblBlu6680_061208271409.wav"
"2017-03-06 12:32:30,753","INFO","Trial 290 - 12:32:30 - Unrewarded - /home/fet/stimuli/test_categories_box2/nonreward/Ag_Stim_7_BlaBla0506_091012040705.wav"
"2017-03-06 12:32:43,498","INFO","Trial 291 - 12:32:43 - Unrewarded - /home/fet/stimuli/test_categories_box2/nonreward/Wh_Stim_9_GraLbl0457_010405020405.wav"
"2017-03-06 12:32:57,690","INFO","Trial 292 - 12:32:57 - Unrewarded - /home/fet/stimuli/test_categories_box2/nonreward/Te_Stim_6_GreRas2400_070309021719.wav"
"2017-03-06 12:33:10,079","INFO","Trial 293 - 12:33:10 - Unrewarded - /home/fet/stimuli/test_categories_box2/nonreward/LT_Stim_1_LblBlu1630_150104080913.wav"
"2017-03-06 12:33:10,131","INFO","Trial 294 - 12:33:10 - Unrewarded - /home/fet/stimuli/test_categories_box2/nonreward/Tu_Stim_4_YelGre5275_122611181308.wav"
"2017-03-06 12:33:11,253","INFO","Trial 295 - 12:33:11 - Unrewarded - /home/fet/stimuli/test_categories_box2/nonreward/Tu_Stim_2_BlaLbl8026_060811090705.wav"
"2017-03-06 12:33:16,263","INFO","Trial 296 - 12:33:16 - Rewarded - /home/fet/stimuli/test_categories_box2/reward/DC_Stim_2_LblRed0613_391333071625.wav"
"2017-03-06 12:33:22,272","INFO","Supplying reward for 12.00 seconds"
"2017-03-06 12:34:13,213","INFO","Trial 297 - 12:34:13 - Rewarded - /home/fet/stimuli/test_categories_box2/reward/DC_Stim_3_GreOra1817_063215010802.wav"
"2017-03-06 12:34:19,218","INFO","Supplying reward for 12.00 seconds"
"2017-03-06 12:34:51,397","INFO","Trial 298 - 12:34:51 - Unrewarded - /home/fet/stimuli/test_categories_box2/nonreward/Tu_Stim_4_BluRas07dd_181020060201.wav"
"2017-03-06 12:34:51,454","INFO","Trial 299 - 12:34:51 - Rewarded - /home/fet/stimuli/test_categories_box2/reward/DC_Stim_7_WhiWhi1415_050203040103.wav"
"2017-03-06 12:34:57,463","INFO","Supplying reward for 12.00 seconds"
"2017-03-06 12:35:30,109","INFO","Trial 300 - 12:35:30 - Unrewarded - /home/fet/stimuli/test_categories_box2/nonreward/Wh_Stim_3_WhiBlu5698_190704100615.wav"
"2017-03-06 12:36:02,145","INFO","Trial 301 - 12:36:02 - Unrewarded - /home/fet/stimuli/test_categories_box2/nonreward/Tu_Stim_7_GraGra0201_170306010504.wav"
"2017-03-06 12:36:14,629","INFO","Trial 302 - 12:36:14 - Unrewarded - /home/fet/stimuli/test_categories_box2/nonreward/Di_Stim_1_PurRas20dd_040104040404.wav"
"2017-03-06 12:36:31,016","INFO","Trial 303 - 12:36:31 - Unrewarded - /home/fet/stimuli/test_categories_box2/nonreward/Ag_Stim_9_BluRas07dd_101509082012.wav"
"2017-03-06 12:36:47,075","INFO","Trial 304 - 12:36:47 - Unrewarded - /home/fet/stimuli/test_categories_box2/nonreward/Te_Stim_8_BlaLbl8026_080323140718.wav"
"2017-03-06 12:36:47,622","INFO","Trial 305 - 12:36:47 - Unrewarded - /home/fet/stimuli/test_categories_box2/nonreward/Di_Stim_8_Unknown000_020102010102.wav"
"2017-03-06 12:37:07,057","INFO","Trial 306 - 12:37:07 - Unrewarded - /home/fet/stimuli/test_categories_box2/nonreward/Ne_Stim_2_LblBla4548_212917152542.wav"
"2017-03-06 12:37:07,114","INFO","Trial 307 - 12:37:07 - Rewarded - /home/fet/stimuli/test_categories_box2/reward/DC_Stim_2_YelGre5275_212420312911.wav"
"2017-03-06 12:37:13,124","INFO","Supplying reward for 12.00 seconds"
"2017-03-06 12:37:39,479","INFO","Trial 308 - 12:37:39 - Unrewarded - /home/fet/stimuli/test_categories_box2/nonreward/Ne_Stim_3_LblBla4548_452006471203.wav"
"2017-03-06 12:37:51,659","INFO","Trial 309 - 12:37:51 - Rewarded - /home/fet/stimuli/test_categories_box2/reward/DC_Stim_10_WhiRas44dd_300628211317.wav"
"2017-03-06 12:37:57,668","INFO","Supplying reward for 12.00 seconds"
"2017-03-06 12:38:33,845","INFO","Trial 310 - 12:38:33 - Rewarded - /home/fet/stimuli/test_categories_box2/reward/DC_Stim_8_GreOra1817_171511190133.wav"
"2017-03-06 12:38:39,853","INFO","Supplying reward for 12.00 seconds"
"2017-03-06 12:39:12,598","INFO","Trial 311 - 12:39:12 - Unrewarded - /home/fet/stimuli/test_categories_box2/nonreward/LT_Stim_9_LblGre0000_051114021901.wav"
"2017-03-06 12:39:23,050","INFO","Trial 312 - 12:39:23 - Unrewarded - /home/fet/stimuli/test_categories_box2/nonreward/Tu_Stim_8_PurRas20dd_010604070208.wav"
"2017-03-06 12:39:34,870","INFO","Trial 313 - 12:39:34 - Unrewarded - /home/fet/stimuli/test_categories_box2/nonreward/Wh_Stim_9_HpiGra1004_030401050602.wav"
"2017-03-06 12:39:43,254","INFO","Trial 314 - 12:39:43 - Unrewarded - /home/fet/stimuli/test_categories_box2/nonreward/Di_Stim_8_WhiBlu4818_060606060606.wav"
"2017-03-06 12:39:43,311","INFO","Trial 315 - 12:39:43 - Unrewarded - /home/fet/stimuli/test_categories_box2/nonreward/Te_Stim_6_YelGre5275_192010281708.wav"
"2017-03-06 12:39:53,354","INFO","Trial 316 - 12:39:53 - Unrewarded - /home/fet/stimuli/test_categories_box2/nonreward/Di_Stim_10_BlaBla0506_010101010101.wav"
"2017-03-06 12:40:12,190","INFO","Trial 317 - 12:40:12 - Unrewarded - /home/fet/stimuli/test_categories_box2/nonreward/Be_Stim_7_GraGre1001_130701.wav"
"2017-03-06 12:40:15,867","INFO","Trial 318 - 12:40:15 - Unrewarded - /home/fet/stimuli/test_categories_box2/nonreward/Ne_Stim_9_BluRas61dd_280237303223.wav"
"2017-03-06 12:40:25,358","INFO","Trial 319 - 12:40:25 - Rewarded - /home/fet/stimuli/test_categories_box2/reward/DC_Stim_4_LblRed0613_122304373810.wav"
"2017-03-06 12:40:31,362","INFO","Supplying reward for 12.00 seconds"
"2017-03-06 15:47:08,184","INFO","Trial 320 - 15:47:08 - Rewarded - /home/fet/stimuli/test_categories_box2/reward/DC_Stim_10_YelOra2575_483111102350.wav"
"2017-03-06 15:47:08,236","INFO","Trial 321 - 15:47:08 - Unrewarded - /home/fet/stimuli/test_categories_box2/nonreward/Di_Stim_2_BlaBla0506_010101010101.wav"
"2017-03-06 15:47:18,148","INFO","Trial 322 - 15:47:18 - Unrewarded - /home/fet/stimuli/test_categories_box2/nonreward/Be_Stim_7_LblBlu6243_1710_0201.wav"
"2017-03-06 15:47:18,201","INFO","Trial 323 - 15:47:18 - Unrewarded - /home/fet/stimuli/test_categories_box2/nonreward/Be_Stim_10_LblBlu6243_1205_0219.wav"
"2017-03-06 15:48:53,167","INFO","Trial 324 - 15:48:53 - Unrewarded - /home/fet/stimuli/test_categories_box2/nonreward/Be_Stim_8_LblBlu2028_04_0210_0104_01.wav"
"2017-03-06 15:49:03,656","INFO","Trial 325 - 15:49:03 - Unrewarded - /home/fet/stimuli/test_categories_box2/nonreward/Th_Stim_1_HPiHPi4748_151601242802.wav"
"2017-03-06 15:49:12,847","INFO","Trial 326 - 15:49:12 - Unrewarded - /home/fet/stimuli/test_categories_box2/nonreward/So_Stim_1_BluRas61dd_131914.wav"
"2017-03-06 15:49:12,900","INFO","Trial 327 - 15:49:12 - Rewarded - /home/fet/stimuli/test_categories_box2/reward/DC_Stim_6_WhiWhi1415_020304050105.wav"
"2017-03-06 15:49:18,906","INFO","Supplying reward for 12.00 seconds"
"2017-03-06 15:50:04,891","INFO","Trial 328 - 15:50:04 - Unrewarded - /home/fet/stimuli/test_categories_box2/nonreward/Be_Stim_1_GraGre0813_041401.wav"
"2017-03-06 15:50:04,947","INFO","Trial 329 - 15:50:04 - Unrewarded - /home/fet/stimuli/test_categories_box2/nonreward/So_Stim_5_HPiHPi4748_091515.wav"
"2017-03-06 15:50:13,578","INFO","Trial 330 - 15:50:13 - Unrewarded - /home/fet/stimuli/test_categories_box2/nonreward/So_Stim_7_HPiHPi4748_141313.wav"
"2017-03-06 15:50:13,638","INFO","Trial 331 - 15:50:13 - Unrewarded - /home/fet/stimuli/test_categories_box2/nonreward/Di_Stim_7_WhiWhi1415_020202020202.wav"
"2017-03-06 15:50:23,375","INFO","Trial 332 - 15:50:23 - Unrewarded - /home/fet/stimuli/test_categories_box2/nonreward/LT_Stim_10_WhiBlu0112_112624130105.wav"
"2017-03-06 15:50:32,791","INFO","Trial 333 - 15:50:32 - Rewarded - /home/fet/stimuli/test_categories_box2/reward/DC_Stim_4_BluRas61dd_352321263313.wav"
"2017-03-06 15:50:32,844","INFO","Trial 334 - 15:50:32 - Unrewarded - /home/fet/stimuli/test_categories_box2/nonreward/So_Stim_2_LblBla4419_010510.wav"
"2017-03-06 15:50:45,434","INFO","Trial 335 - 15:50:45 - Unrewarded - /home/fet/stimuli/test_categories_box2/nonreward/Ne_Stim_3_LblBla4419_103251063702.wav"
"2017-03-06 15:50:46,568","INFO","Trial 336 - 15:50:46 - Unrewarded - /home/fet/stimuli/test_categories_box2/nonreward/Th_Stim_10_WhiGra0114_070508010206.wav"
"2017-03-06 15:50:55,068","INFO","Trial 337 - 15:50:55 - Unrewarded - /home/fet/stimuli/test_categories_box2/nonreward/Tu_Stim_9_GraLbl0457_120104061511.wav"
"2017-03-06 15:50:55,120","INFO","Trial 338 - 15:50:55 - Unrewarded - /home/fet/stimuli/test_categories_box2/nonreward/Wh_Stim_4_GraLbl0457_020104050402.wav"
"2017-03-06 15:51:05,802","INFO","Trial 339 - 15:51:05 - Unrewarded - /home/fet/stimuli/test_categories_box2/nonreward/Ne_Stim_4_LblBla4548_063711382823.wav"
"2017-03-06 15:51:05,858","INFO","Trial 340 - 15:51:05 - Unrewarded - /home/fet/stimuli/test_categories_box2/nonreward/Te_Stim_5_PurRas20dd_141308061125.wav"
"2017-03-06 15:51:14,805","INFO","Trial 341 - 15:51:14 - Unrewarded - /home/fet/stimuli/test_categories_box2/nonreward/So_Stim_4_YelOra2575_252623.wav"
"2017-03-06 15:51:14,861","INFO","Trial 342 - 15:51:14 - Unrewarded - /home/fet/stimuli/test_categories_box2/nonreward/Th_Stim_7_WhiGra0114_020507010806.wav"
"2017-03-06 15:51:24,532","INFO","Trial 343 - 15:51:24 - Unrewarded - /home/fet/stimuli/test_categories_box2/nonreward/LT_Stim_5_LblRas1800_050302040106.wav"
"2017-03-06 15:51:35,955","INFO","Trial 344 - 15:51:35 - Unrewarded - /home/fet/stimuli/test_categories_box2/nonreward/Wh_Stim_2_HPiHPi4748_173105180227.wav"
"2017-03-06 15:51:45,575","INFO","Trial 345 - 15:51:45 - Unrewarded - /home/fet/stimuli/test_categories_box2/nonreward/Be_Stim_7_LblRas1800_02_0205_0207.wav"
"2017-03-06 15:51:58,137","INFO","Trial 346 - 15:51:58 - Unrewarded - /home/fet/stimuli/test_categories_box2/nonreward/So_Stim_6_BluRas61dd_131911.wav"
"2017-03-06 15:52:07,467","INFO","Trial 347 - 15:52:07 - Rewarded - /home/fet/stimuli/test_categories_box2/reward/DC_Stim_8_BluRas61dd_291321110403.wav"
"2017-03-06 15:52:07,523","INFO","Trial 348 - 15:52:07 - Unrewarded - /home/fet/stimuli/test_categories_box2/nonreward/Di_Stim_4_WhiBlu4818_060606060606.wav"
"2017-03-06 15:52:21,654","INFO","Trial 349 - 15:52:21 - Unrewarded - /home/fet/stimuli/test_categories_box2/nonreward/Be_Stim_6_LblBlu1630_010504_b..wav"
"2017-03-06 15:52:21,707","INFO","Trial 350 - 15:52:21 - Unrewarded - /home/fet/stimuli/test_categories_box2/nonreward/Be_Stim_6_LblBlu1729_051307.wav"
"2017-03-06 15:52:32,271","INFO","Trial 351 - 15:52:32 - Unrewarded - /home/fet/stimuli/test_categories_box2/nonreward/Be_Stim_10_GraGre0813_080909.wav"
"2017-03-06 15:52:33,961","INFO","Trial 352 - 15:52:33 - Unrewarded - /home/fet/stimuli/test_categories_box2/nonreward/LT_Stim_10_WhiBlu3414_250519070224.wav"
"2017-03-06 15:52:44,107","INFO","Trial 353 - 15:52:44 - Unrewarded - /home/fet/stimuli/test_categories_box2/nonreward/Be_Stim_9_LblBlu6243_1205_0208_02.wav"
"2017-03-06 15:52:54,187","INFO","Trial 354 - 15:52:54 - Unrewarded - /home/fet/stimuli/test_categories_box2/nonreward/LT_Stim_1_LblBlu6243_062226071618.wav"
"2017-03-06 15:53:04,868","INFO","Trial 355 - 15:53:04 - Rewarded - /home/fet/stimuli/test_categories_box2/reward/DC_Stim_7_BluRas61dd_152124083334.wav"
"2017-03-06 15:53:10,878","INFO","Supplying reward for 12.00 seconds"
"2017-03-06 15:53:45,097","INFO","Trial 356 - 15:53:45 - Unrewarded - /home/fet/stimuli/test_categories_box2/nonreward/Di_Stim_7_HPiHPi4748_050305050505.wav"
"2017-03-06 15:53:53,792","INFO","Trial 357 - 15:53:53 - Unrewarded - /home/fet/stimuli/test_categories_box2/nonreward/Wh_Stim_5_BlaLbl8026_320708090909.wav"
"2017-03-06 15:53:53,843","INFO","Trial 358 - 15:53:53 - Unrewarded - /home/fet/stimuli/test_categories_box2/nonreward/So_Stim_5_BluRas61dd_202111.wav"
"2017-03-06 15:54:04,781","INFO","Trial 359 - 15:54:04 - Rewarded - /home/fet/stimuli/test_categories_box2/reward/DC_Stim_6_WhiBlu5698_231102031207.wav"
"2017-03-06 15:54:10,786","INFO","Supplying reward for 12.00 seconds"
"2017-03-06 15:55:05,938","INFO","Trial 360 - 15:55:05 - Unrewarded - /home/fet/stimuli/test_categories_box2/nonreward/Be_Stim_6_LblBlu6379_01_0101_0204_02.wav"
"2017-03-06 15:55:05,999","INFO","Trial 361 - 15:55:05 - Unrewarded - /home/fet/stimuli/test_categories_box2/nonreward/So_Stim_2_BluRas61dd_201018.wav"
"2017-03-06 15:55:18,742","INFO","Trial 362 - 15:55:18 - Unrewarded - /home/fet/stimuli/test_categories_box2/nonreward/Tu_Stim_6_WhiRas44dd_071309241518.wav"
"2017-03-06 15:55:25,520","INFO","Trial 363 - 15:55:25 - Rewarded - /home/fet/stimuli/test_categories_box2/reward/DC_Stim_3_WhiBlu5698_140602160408.wav"
"2017-03-06 15:55:25,576","INFO","Trial 364 - 15:55:25 - Unrewarded - /home/fet/stimuli/test_categories_box2/nonreward/LT_Stim_9_WhiBlu3615_060205070301.wav"
"2017-03-06 15:55:25,987","INFO","Trial 365 - 15:55:25 - Unrewarded - /home/fet/stimuli/test_categories_box2/nonreward/Ne_Stim_8_PurRas20dd_030203070605.wav"
"2017-03-06 15:55:26,042","INFO","Trial 366 - 15:55:26 - Rewarded - /home/fet/stimuli/test_categories_box2/reward/DC_Stim_5_WhiWhi1415_030402010502.wav"
"2017-03-06 15:55:32,051","INFO","Supplying reward for 12.00 seconds"
"2017-03-06 15:56:03,279","INFO","Trial 367 - 15:56:03 - Unrewarded - /home/fet/stimuli/test_categories_box2/nonreward/Te_Stim_2_YelGre5275_283327120421.wav"
"2017-03-06 15:56:03,328","INFO","Trial 368 - 15:56:03 - Unrewarded - /home/fet/stimuli/test_categories_box2/nonreward/Th_Stim_2_WhiGra0114_080601070205.wav"
"2017-03-06 15:56:04,048","INFO","Trial 369 - 15:56:04 - Unrewarded - /home/fet/stimuli/test_categories_box2/nonreward/Ag_Stim_5_WhiBlu4818_070605070606.wav"
"2017-03-06 15:56:04,100","INFO","Trial 370 - 15:56:04 - Rewarded - /home/fet/stimuli/test_categories_box2/reward/DC_Stim_6_WhiLbl0010_211607180914.wav"
"2017-03-06 15:56:10,107","INFO","Supplying reward for 12.00 seconds"
"2017-03-06 15:56:57,724","INFO","Trial 371 - 15:56:57 - Unrewarded - /home/fet/stimuli/test_categories_box2/nonreward/Te_Stim_6_GraGra0201_183527372411.wav"
"2017-03-06 15:56:57,781","INFO","Trial 372 - 15:56:57 - Rewarded - /home/fet/stimuli/test_categories_box2/reward/DC_Stim_10_WhiBlu5698_081704231103.wav"
"2017-03-06 15:57:03,788","INFO","Supplying reward for 12.00 seconds"
"2017-03-06 15:57:49,551","INFO","Trial 373 - 15:57:49 - Unrewarded - /home/fet/stimuli/test_categories_box2/nonreward/Be_Stim_3_LblBlu1630_04_b.04_a.05.wav"
"2017-03-06 15:57:49,608","INFO","Trial 374 - 15:57:49 - Unrewarded - /home/fet/stimuli/test_categories_box2/nonreward/Th_Stim_5_LblRed0613_120315061318.wav"
"2017-03-06 15:57:50,206","INFO","Trial 375 - 15:57:50 - Rewarded - /home/fet/stimuli/test_categories_box2/reward/DC_Stim_1_RedRas3600_070601080509.wav"
"2017-03-06 15:57:50,262","INFO","Trial 376 - 15:57:50 - Rewarded - /home/fet/stimuli/test_categories_box2/reward/DC_Stim_1_YelGre5275_023344263211.wav"
"2017-03-06 15:57:56,270","INFO","Supplying reward for 12.00 seconds"
"2017-03-06 15:58:32,008","INFO","Trial 377 - 15:58:32 - Unrewarded - /home/fet/stimuli/test_categories_box2/nonreward/Wh_Stim_7_LblRed0613_074032420441.wav"
"2017-03-06 15:58:32,065","INFO","Trial 378 - 15:58:32 - Unrewarded - /home/fet/stimuli/test_categories_box2/nonreward/Th_Stim_5_YelGre5275_280827331523.wav"
"2017-03-06 15:58:32,963","INFO","Trial 379 - 15:58:32 - Unrewarded - /home/fet/stimuli/test_categories_box2/nonreward/Wh_Stim_2_GraLbl0457_040502010401.wav"
"2017-03-06 15:58:51,881","INFO","Trial 380 - 15:58:51 - Unrewarded - /home/fet/stimuli/test_categories_box2/nonreward/Ag_Stim_4_Unknown_11_060101060106.wav"
"2017-03-06 15:58:51,933","INFO","Trial 381 - 15:58:51 - Unrewarded - /home/fet/stimuli/test_categories_box2/nonreward/Be_Stim_10_LblBlu6379_07_0101_0101_03.wav"
"2017-03-06 15:59:02,874","INFO","Trial 382 - 15:59:02 - Unrewarded - /home/fet/stimuli/test_categories_box2/nonreward/Ag_Stim_5_WhiGra0114_010101010101.wav"
"2017-03-06 15:59:13,339","INFO","Trial 383 - 15:59:13 - Unrewarded - /home/fet/stimuli/test_categories_box2/nonreward/Te_Stim_5_WhiWhi1415_060402130910.wav"
"2017-03-06 15:59:13,930","INFO","Trial 384 - 15:59:13 - Unrewarded - /home/fet/stimuli/test_categories_box2/nonreward/Ag_Stim_4_BluRas61dd_101112090417.wav"
"2017-03-06 15:59:13,983","INFO","Trial 385 - 15:59:13 - Unrewarded - /home/fet/stimuli/test_categories_box2/nonreward/Ag_Stim_5_WhiBlu4917_010101010101.wav"
"2017-03-06 15:59:24,938","INFO","Trial 386 - 15:59:24 - Unrewarded - /home/fet/stimuli/test_categories_box2/nonreward/Tu_Stim_8_HPiHPi4748_172414182706.wav"
"2017-03-06 15:59:25,871","INFO","Trial 387 - 15:59:25 - Unrewarded - /home/fet/stimuli/test_categories_box2/nonreward/So_Stim_7_YelGre5275_303635.wav"
"2017-03-06 15:59:35,394","INFO","Trial 388 - 15:59:35 - Rewarded - /home/fet/stimuli/test_categories_box2/reward/DC_Stim_7_WhiLbl0010_071723250118.wav"
"2017-03-06 15:59:35,451","INFO","Trial 389 - 15:59:35 - Unrewarded - /home/fet/stimuli/test_categories_box2/nonreward/Ag_Stim_8_WhiGra0114_010101010101.wav"
"2017-03-06 15:59:47,432","INFO","Trial 390 - 15:59:47 - Unrewarded - /home/fet/stimuli/test_categories_box2/nonreward/Wh_Stim_10_HpiGra1004_010804050603.wav"
"2017-03-06 15:59:59,596","INFO","Trial 391 - 15:59:59 - Rewarded - /home/fet/stimuli/test_categories_box2/reward/DC_Stim_8_Unknown00F_142505082210.wav"
"2017-03-06 16:00:00,304","INFO","Trial 392 - 16:00:00 - Unrewarded - /home/fet/stimuli/test_categories_box2/nonreward/Ne_Stim_6_Unknown00F_010201010202.wav"
"2017-03-06 16:00:12,817","INFO","Trial 393 - 16:00:12 - Unrewarded - /home/fet/stimuli/test_categories_box2/nonreward/LT_Stim_3_LblBlu6680_110815172220.wav"
"2017-03-06 16:00:12,870","INFO","Trial 394 - 16:00:12 - Unrewarded - /home/fet/stimuli/test_categories_box2/nonreward/So_Stim_2_WhiBlu5698_181202.wav"
"2017-03-06 16:00:26,866","INFO","Trial 395 - 16:00:26 - Unrewarded - /home/fet/stimuli/test_categories_box2/nonreward/Tu_Stim_4_WhiRas44dd_060224191718.wav"
"2017-03-06 16:00:28,057","INFO","Trial 396 - 16:00:28 - Unrewarded - /home/fet/stimuli/test_categories_box2/nonreward/Tu_Stim_8_WhiRas44dd_271415172324.wav"
"2017-03-06 16:00:28,110","INFO","Trial 397 - 16:00:28 - Unrewarded - /home/fet/stimuli/test_categories_box2/nonreward/So_Stim_10_RedRas3600_060102.wav"
"2017-03-06 16:00:42,586","INFO","Trial 398 - 16:00:42 - Unrewarded - /home/fet/stimuli/test_categories_box2/nonreward/Di_Stim_9_YelOra2575_110909091109.wav"
"2017-03-06 16:00:54,848","INFO","Trial 399 - 16:00:54 - Unrewarded - /home/fet/stimuli/test_categories_box2/nonreward/Be_Stim_10_LblGre0000_120809.wav"
"2017-03-06 16:01:04,601","INFO","Trial 400 - 16:01:04 - Unrewarded - /home/fet/stimuli/test_categories_box2/nonreward/Tu_Stim_7_GreOra1817_021403041709.wav"
"2017-03-06 16:01:05,212","INFO","Trial 401 - 16:01:05 - Unrewarded - /home/fet/stimuli/test_categories_box2/nonreward/So_Stim_7_WhiLbl0010_060507.wav"
"2017-03-06 16:01:17,220","INFO","Trial 402 - 16:01:17 - Unrewarded - /home/fet/stimuli/test_categories_box2/nonreward/Di_Stim_6_Unknown_11_010201020201.wav"
"2017-03-06 16:01:29,769","INFO","Trial 403 - 16:01:29 - Unrewarded - /home/fet/stimuli/test_categories_box2/nonreward/Th_Stim_4_WhiWhi1415_020509040610.wav"
"2017-03-06 16:01:29,821","INFO","Trial 404 - 16:01:29 - Unrewarded - /home/fet/stimuli/test_categories_box2/nonreward/So_Stim_6_BlaBla0506_081506.wav"
"2017-03-06 16:01:30,756","INFO","Trial 405 - 16:01:30 - Unrewarded - /home/fet/stimuli/test_categories_box2/nonreward/Di_Stim_6_WhiBlu4917_010101010101.wav"
"2017-03-06 16:01:42,720","INFO","Trial 406 - 16:01:42 - Unrewarded - /home/fet/stimuli/test_categories_box2/nonreward/Te_Stim_7_GreRas2400_301319043326.wav"
"2017-03-06 16:01:56,850","INFO","Trial 407 - 16:01:56 - Unrewarded - /home/fet/stimuli/test_categories_box2/nonreward/Te_Stim_4_WhiBlu4818_121615130619.wav"
"2017-03-06 16:01:58,795","INFO","Trial 408 - 16:01:58 - Unrewarded - /home/fet/stimuli/test_categories_box2/nonreward/Tu_Stim_6_YelGre5275_231404210630.wav"
"2017-03-06 16:02:10,477","INFO","Trial 409 - 16:02:10 - Unrewarded - /home/fet/stimuli/test_categories_box2/nonreward/LT_Stim_1_LblBlu2028_060813051411.wav"
"2017-03-06 16:02:20,327","INFO","Trial 410 - 16:02:20 - Unrewarded - /home/fet/stimuli/test_categories_box2/nonreward/So_Stim_9_RedRas3600_060105.wav"
"2017-03-06 16:02:29,858","INFO","Trial 411 - 16:02:29 - Unrewarded - /home/fet/stimuli/test_categories_box2/nonreward/Wh_Stim_3_HPiHPi4748_033429120627.wav"
"2017-03-06 16:02:29,915","INFO","Trial 412 - 16:02:29 - Unrewarded - /home/fet/stimuli/test_categories_box2/nonreward/Ag_Stim_3_WhiBlu4917_010101010101.wav"
"2017-03-06 16:02:40,843","INFO","Trial 413 - 16:02:40 - Unrewarded - /home/fet/stimuli/test_categories_box2/nonreward/Di_Stim_1_WhiBlu4818_060606060606.wav"
"2017-03-06 16:02:50,804","INFO","Trial 414 - 16:02:50 - Unrewarded - /home/fet/stimuli/test_categories_box2/nonreward/LT_Stim_6_LblBlu1927_010101010101.wav"
"2017-03-06 16:03:02,154","INFO","Trial 415 - 16:03:02 - Rewarded - /home/fet/stimuli/test_categories_box2/reward/DC_Stim_8_WhiBlu5698_161412030607.wav"
"2017-03-06 16:03:02,571","INFO","Trial 416 - 16:03:02 - Unrewarded - /home/fet/stimuli/test_categories_box2/nonreward/Ag_Stim_1_WhiBlu4917_010101010101.wav"
"2017-03-06 16:03:12,581","INFO","Trial 417 - 16:03:12 - Rewarded - /home/fet/stimuli/test_categories_box2/reward/DC_Stim_5_GreOra1817_260104153309.wav"
"2017-03-06 16:03:12,995","INFO","Trial 418 - 16:03:12 - Unrewarded - /home/fet/stimuli/test_categories_box2/nonreward/Ag_Stim_4_BlaBla0506_050412100907.wav"
"2017-03-06 16:03:13,556","INFO","Trial 419 - 16:03:13 - Unrewarded - /home/fet/stimuli/test_categories_box2/nonreward/Ne_Stim_8_WhiRas44dd_050604070213.wav"
"2017-03-06 16:03:34,158","INFO","Trial 420 - 16:03:34 - Rewarded - /home/fet/stimuli/test_categories_box2/reward/DC_Stim_6_WhiRas44dd_101520052318.wav"
"2017-03-06 16:03:40,167","INFO","Supplying reward for 12.00 seconds"
"2017-03-06 16:04:20,518","INFO","Trial 421 - 16:04:20 - Unrewarded - /home/fet/stimuli/test_categories_box2/nonreward/Wh_Stim_10_BlaLbl8026_093207083232.wav"
"2017-03-06 16:04:20,575","INFO","Trial 422 - 16:04:20 - Unrewarded - /home/fet/stimuli/test_categories_box2/nonreward/Tu_Stim_10_WhiRas44dd_151301201123.wav"
"2017-03-06 16:04:21,587","INFO","Trial 423 - 16:04:21 - Unrewarded - /home/fet/stimuli/test_categories_box2/nonreward/So_Stim_1_WhiBlu5698_082430.wav"
"2017-03-06 16:04:21,639","INFO","Trial 424 - 16:04:21 - Unrewarded - /home/fet/stimuli/test_categories_box2/nonreward/Ne_Stim_4_BluRas61dd_025122083415.wav"
"2017-03-06 16:04:33,203","INFO","Trial 425 - 16:04:33 - Unrewarded - /home/fet/stimuli/test_categories_box2/nonreward/Be_Stim_8_GraGre1001_051509.wav"
"2017-03-06 16:04:33,266","INFO","Trial 426 - 16:04:33 - Unrewarded - /home/fet/stimuli/test_categories_box2/nonreward/Tu_Stim_10_GreOra1817_170509150210.wav"
"2017-03-06 16:04:33,767","INFO","Trial 427 - 16:04:33 - Unrewarded - /home/fet/stimuli/test_categories_box2/nonreward/Wh_Stim_1_BlaBla0506_141218130610.wav"
"2017-03-06 16:04:33,819","INFO","Trial 428 - 16:04:33 - Unrewarded - /home/fet/stimuli/test_categories_box2/nonreward/Be_Stim_3_GraRas1600_121003.wav"
"2017-03-06 16:04:41,550","INFO","Trial 429 - 16:04:41 - Unrewarded - /home/fet/stimuli/test_categories_box2/nonreward/Th_Stim_5_BlaBla0506_040201050305.wav"
"2017-03-06 16:04:42,998","INFO","Trial 430 - 16:04:42 - Unrewarded - /home/fet/stimuli/test_categories_box2/nonreward/Te_Stim_2_BlaLbl8026_040706212014.wav"
"2017-03-06 16:04:53,711","INFO","Trial 431 - 16:04:53 - Rewarded - /home/fet/stimuli/test_categories_box2/reward/DC_Stim_6_YelGre5275_313316031522.wav"
"2017-03-06 16:04:59,716","INFO","Supplying reward for 12.00 seconds"
"2017-03-06 16:05:36,901","INFO","Trial 432 - 16:05:36 - Unrewarded - /home/fet/stimuli/test_categories_box2/nonreward/Th_Stim_3_Unknown_11_090603080411.wav"
"2017-03-06 16:05:45,572","INFO","Trial 433 - 16:05:45 - Unrewarded - /home/fet/stimuli/test_categories_box2/nonreward/Be_Stim_2_GraRas1600_130704.wav"
"2017-03-06 16:05:45,628","INFO","Trial 434 - 16:05:45 - Rewarded - /home/fet/stimuli/test_categories_box2/reward/DC_Stim_9_PurRas20dd_192613180615.wav"
"2017-03-06 16:05:51,634","INFO","Supplying reward for 12.00 seconds"
"2017-03-06 16:06:21,152","INFO","Trial 435 - 16:06:21 - Unrewarded - /home/fet/stimuli/test_categories_box2/nonreward/LT_Stim_5_LblBlu6680_232731182016.wav"
"2017-03-06 16:06:33,751","INFO","Trial 436 - 16:06:33 - Rewarded - /home/fet/stimuli/test_categories_box2/reward/DC_Stim_2_BluRas61dd_022826363505.wav"
"2017-03-06 16:06:33,807","INFO","Trial 437 - 16:06:33 - Unrewarded - /home/fet/stimuli/test_categories_box2/nonreward/Te_Stim_8_GreRas2400_123022050233.wav"
"2017-03-06 16:06:45,349","INFO","Trial 438 - 16:06:45 - Unrewarded - /home/fet/stimuli/test_categories_box2/nonreward/Tu_Stim_9_WhiLbl0010_111622060212.wav"
"2017-03-06 16:06:52,992","INFO","Trial 439 - 16:06:52 - Unrewarded - /home/fet/stimuli/test_categories_box2/nonreward/LT_Stim_4_LblBlu6680_072001130816.wav"
"2017-03-06 16:06:53,052","INFO","Trial 440 - 16:06:53 - Unrewarded - /home/fet/stimuli/test_categories_box2/nonreward/Wh_Stim_8_GreGre2522_020301020102.wav"
"2017-03-06 16:06:53,634","INFO","Trial 441 - 16:06:53 - Unrewarded - /home/fet/stimuli/test_categories_box2/nonreward/Th_Stim_4_WhiGra0114_060502070108.wav"
"2017-03-06 16:06:53,687","INFO","Trial 442 - 16:06:53 - Unrewarded - /home/fet/stimuli/test_categories_box2/nonreward/LT_Stim_7_LblGre0000_031118011202.wav"
"2017-03-06 16:07:04,561","INFO","Trial 443 - 16:07:04 - Rewarded - /home/fet/stimuli/test_categories_box2/reward/DC_Stim_4_PurRas20dd_102718221906.wav"
"2017-03-06 16:07:10,570","INFO","Supplying reward for 12.00 seconds"
"2017-03-06 16:07:43,005","INFO","Trial 444 - 16:07:43 - Unrewarded - /home/fet/stimuli/test_categories_box2/nonreward/Te_Stim_3_YelOra2575_010407032026.wav"
"2017-03-06 16:07:54,038","INFO","Trial 445 - 16:07:54 - Unrewarded - /home/fet/stimuli/test_categories_box2/nonreward/LT_Stim_5_WhiBlu3414_221417051609.wav"
"2017-03-06 16:07:54,095","INFO","Trial 446 - 16:07:54 - Rewarded - /home/fet/stimuli/test_categories_box2/reward/DC_Stim_6_Unknown00F_061718051015.wav"
"2017-03-06 16:08:00,104","INFO","Supplying reward for 12.00 seconds"
"2017-03-06 16:08:45,535","INFO","Trial 447 - 16:08:45 - Unrewarded - /home/fet/stimuli/test_categories_box2/nonreward/Be_Stim_3_LblGre0000_120204.wav"
"2017-03-06 16:08:45,591","INFO","Trial 448 - 16:08:45 - Rewarded - /home/fet/stimuli/test_categories_box2/reward/DC_Stim_9_WhiLbl0010_091611061729.wav"
"2017-03-06 16:08:51,597","INFO","Supplying reward for 12.00 seconds"
"2017-03-06 16:09:32,682","INFO","Trial 449 - 16:09:32 - Unrewarded - /home/fet/stimuli/test_categories_box2/nonreward/Th_Stim_6_YelGre5275_311428270435.wav"
"2017-03-06 16:09:34,450","INFO","Trial 450 - 16:09:34 - Unrewarded - /home/fet/stimuli/test_categories_box2/nonreward/So_Stim_8_HPiHPi4748_151511.wav"
"2017-03-06 16:09:34,502","INFO","Trial 451 - 16:09:34 - Unrewarded - /home/fet/stimuli/test_categories_box2/nonreward/Te_Stim_8_WhiWhi1415_100907162123.wav"
"2017-03-06 16:09:44,964","INFO","Trial 452 - 16:09:44 - Unrewarded - /home/fet/stimuli/test_categories_box2/nonreward/Di_Stim_3_WhiLbl0010_040404040404.wav"
"2017-03-06 16:09:58,836","INFO","Trial 453 - 16:09:58 - Unrewarded - /home/fet/stimuli/test_categories_box2/nonreward/Ne_Stim_5_WhiRas44dd_130710040805.wav"
"2017-03-06 16:10:08,936","INFO","Trial 454 - 16:10:08 - Unrewarded - /home/fet/stimuli/test_categories_box2/nonreward/Tu_Stim_9_BluRas07dd_090220190506.wav"
"2017-03-06 16:10:10,354","INFO","Trial 455 - 16:10:10 - Rewarded - /home/fet/stimuli/test_categories_box2/reward/DC_Stim_9_GreOra1817_170602091316.wav"
"2017-03-06 16:10:16,361","INFO","Supplying reward for 12.00 seconds"
"2017-03-06 16:10:49,383","INFO","Trial 456 - 16:10:49 - Unrewarded - /home/fet/stimuli/test_categories_box2/nonreward/So_Stim_6_LblBla4419_090102.wav"
"2017-03-06 16:11:00,744","INFO","Trial 457 - 16:11:00 - Unrewarded - /home/fet/stimuli/test_categories_box2/nonreward/Wh_Stim_4_GreGre2522_010203030102.wav"
"2017-03-06 16:11:00,804","INFO","Trial 458 - 16:11:00 - Unrewarded - /home/fet/stimuli/test_categories_box2/nonreward/Wh_Stim_10_GraLbl0457_010205040502.wav"
"2017-03-06 16:11:04,206","INFO","Trial 459 - 16:11:04 - Unrewarded - /home/fet/stimuli/test_categories_box2/nonreward/Te_Stim_10_GreRas2400_113406302614.wav"
"2017-03-06 16:11:16,762","INFO","Trial 460 - 16:11:16 - Unrewarded - /home/fet/stimuli/test_categories_box2/nonreward/Di_Stim_1_WhiLbl0010_040404040404.wav"
"2017-03-06 16:11:16,821","INFO","Trial 461 - 16:11:16 - Unrewarded - /home/fet/stimuli/test_categories_box2/nonreward/Tu_Stim_4_BlaLbl8026_050706111012.wav"
"2017-03-06 16:11:19,435","INFO","Trial 462 - 16:11:19 - Unrewarded - /home/fet/stimuli/test_categories_box2/nonreward/Tu_Stim_8_BluRas07dd_041521032301.wav"
"2017-03-06 16:11:19,488","INFO","Trial 463 - 16:11:19 - Rewarded - /home/fet/stimuli/test_categories_box2/reward/DC_Stim_2_WhiLbl0010_270420011330.wav"
"2017-03-06 16:11:25,494","INFO","Supplying reward for 12.00 seconds"
"2017-03-06 16:12:14,817","INFO","Trial 464 - 16:12:14 - Unrewarded - /home/fet/stimuli/test_categories_box2/nonreward/Di_Stim_2_GraGra0201_070107010101.wav"
"2017-03-06 16:12:14,877","INFO","Trial 465 - 16:12:14 - Unrewarded - /home/fet/stimuli/test_categories_box2/nonreward/Tu_Stim_7_PurRas20dd_010205090703.wav"
"2017-03-06 16:12:29,376","INFO","Trial 466 - 16:12:29 - Unrewarded - /home/fet/stimuli/test_categories_box2/nonreward/Ag_Stim_7_Unknown_11_010601010601.wav"
"2017-03-06 16:12:38,509","INFO","Trial 467 - 16:12:38 - Unrewarded - /home/fet/stimuli/test_categories_box2/nonreward/Ne_Stim_8_WhiBlu4917_060210020104.wav"
"2017-03-06 16:12:40,446","INFO","Trial 468 - 16:12:40 - Unrewarded - /home/fet/stimuli/test_categories_box2/nonreward/Ag_Stim_9_Unknown_11_060101010101.wav"
"2017-03-06 16:12:40,498","INFO","Trial 469 - 16:12:40 - Rewarded - /home/fet/stimuli/test_categories_box2/reward/DC_Stim_10_LblRed0613_390415063325.wav"
"2017-03-06 16:12:46,505","INFO","Supplying reward for 12.00 seconds"
"2017-03-06 16:13:29,221","INFO","Trial 470 - 16:13:29 - Unrewarded - /home/fet/stimuli/test_categories_box2/nonreward/Te_Stim_2_GraGra0201_213228360609.wav"
"2017-03-06 16:13:40,799","INFO","Trial 471 - 16:13:40 - Unrewarded - /home/fet/stimuli/test_categories_box2/nonreward/LT_Stim_7_LblBlu1927_010101010101.wav"
"2017-03-06 16:13:40,856","INFO","Trial 472 - 16:13:40 - Unrewarded - /home/fet/stimuli/test_categories_box2/nonreward/Be_Stim_2_GraGre0813_040616.wav"
"2017-03-06 16:13:42,570","INFO","Trial 473 - 16:13:42 - Unrewarded - /home/fet/stimuli/test_categories_box2/nonreward/Ne_Stim_7_WhiBlu5698_121015250216.wav"
"2017-03-06 16:13:52,787","INFO","Trial 474 - 16:13:52 - Rewarded - /home/fet/stimuli/test_categories_box2/reward/DC_Stim_6_LblRed0613_182029321214.wav"
"2017-03-06 16:13:58,796","INFO","Supplying reward for 12.00 seconds"
"2017-03-06 16:14:30,348","INFO","Trial 475 - 16:14:30 - Unrewarded - /home/fet/stimuli/test_categories_box2/nonreward/So_Stim_5_WhiLbl0010_060705.wav"
"2017-03-06 16:14:44,531","INFO","Trial 476 - 16:14:44 - Rewarded - /home/fet/stimuli/test_categories_box2/reward/DC_Stim_7_YelGre5275_234425041816.wav"
"2017-03-06 16:14:44,584","INFO","Trial 477 - 16:14:44 - Unrewarded - /home/fet/stimuli/test_categories_box2/nonreward/So_Stim_6_WhiBlu5698_312408.wav"
"2017-03-06 16:14:58,465","INFO","Trial 478 - 16:14:58 - Unrewarded - /home/fet/stimuli/test_categories_box2/nonreward/So_Stim_6_YelOra2575_182615.wav"
"2017-03-06 16:14:59,549","INFO","Trial 479 - 16:14:59 - Unrewarded - /home/fet/stimuli/test_categories_box2/nonreward/So_Stim_9_HPiHPi4748_151513.wav"
"2017-03-06 16:14:59,601","INFO","Trial 480 - 16:14:59 - Unrewarded - /home/fet/stimuli/test_categories_box2/nonreward/So_Stim_9_WhiLbl0010_060804.wav"
"2017-03-06 16:15:39,499","INFO","Trial 481 - 16:15:39 - Unrewarded - /home/fet/stimuli/test_categories_box2/nonreward/Th_Stim_6_GraGra0201_174620394711.wav"
"2017-03-06 16:15:40,481","INFO","Trial 482 - 16:15:40 - Rewarded - /home/fet/stimuli/test_categories_box2/reward/DC_Stim_7_YelOra2575_100746254008.wav"
"2017-03-06 16:15:46,487","INFO","Supplying reward for 12.00 seconds"
"2017-03-06 16:16:38,234","INFO","Trial 483 - 16:16:38 - Rewarded - /home/fet/stimuli/test_categories_box2/reward/DC_Stim_3_Unknown00F_121409240704.wav"
"2017-03-06 16:16:44,243","INFO","Supplying reward for 12.00 seconds"
"2017-03-06 17:50:29,810","INFO","Trial 484 - 17:50:29 - Unrewarded - /home/fet/stimuli/test_categories_box2/nonreward/Te_Stim_6_WhiWhi1415_023808330507.wav"
"2017-03-06 17:50:29,867","INFO","Trial 485 - 17:50:29 - Unrewarded - /home/fet/stimuli/test_categories_box2/nonreward/Be_Stim_5_LblBlu1630_04_c.0504_b..wav"
"2017-03-06 17:50:58,037","INFO","Trial 486 - 17:50:58 - Unrewarded - /home/fet/stimuli/test_categories_box2/nonreward/Be_Stim_1_LblBlu6680_0811_0105_02.wav"
"2017-03-06 17:50:59,487","INFO","Trial 487 - 17:50:59 - Unrewarded - /home/fet/stimuli/test_categories_box2/nonreward/Ne_Stim_10_Unknown00F_010202020201.wav"
"2017-03-06 17:50:59,538","INFO","Trial 488 - 17:50:59 - Rewarded - /home/fet/stimuli/test_categories_box2/reward/DC_Stim_9_YelOra2575_292123145008.wav"
"2017-03-06 17:51:05,543","INFO","Supplying reward for 12.00 seconds"
"2017-03-06 17:51:44,413","INFO","Trial 489 - 17:51:44 - Unrewarded - /home/fet/stimuli/test_categories_box2/nonreward/So_Stim_1_LblBla4419_010502.wav"
"2017-03-06 17:51:52,598","INFO","Trial 490 - 17:51:52 - Unrewarded - /home/fet/stimuli/test_categories_box2/nonreward/LT_Stim_8_LblBlu1630_120109100516.wav"
"2017-03-06 17:52:02,893","INFO","Trial 491 - 17:52:02 - Unrewarded - /home/fet/stimuli/test_categories_box2/nonreward/So_Stim_8_WhiBlu4818_091105.wav"
"2017-03-06 17:52:02,949","INFO","Trial 492 - 17:52:02 - Unrewarded - /home/fet/stimuli/test_categories_box2/nonreward/So_Stim_2_HPiHPi4748_141520.wav"
"2017-03-06 17:52:12,340","INFO","Trial 493 - 17:52:12 - Rewarded - /home/fet/stimuli/test_categories_box2/reward/DC_Stim_8_WhiLbl0010_191623242920.wav"
"2017-03-06 17:52:18,350","INFO","Supplying reward for 12.00 seconds"
"2017-03-06 17:52:54,077","INFO","Trial 494 - 17:52:54 - Unrewarded - /home/fet/stimuli/test_categories_box2/nonreward/So_Stim_5_LblBla4548_240307.wav"
"2017-03-06 17:53:03,081","INFO","Trial 495 - 17:53:03 - Unrewarded - /home/fet/stimuli/test_categories_box2/nonreward/Tu_Stim_2_YelGre5275_152411220325.wav"
"2017-03-06 17:53:03,132","INFO","Trial 496 - 17:53:03 - Unrewarded - /home/fet/stimuli/test_categories_box2/nonreward/Be_Stim_10_LblRas1800_08_0103_0207.wav"
"2017-03-06 17:53:09,385","INFO","Trial 497 - 17:53:09 - Rewarded - /home/fet/stimuli/test_categories_box2/reward/DC_Stim_7_LblRed0613_101418261917.wav"
"2017-03-06 17:53:15,392","INFO","Supplying reward for 12.00 seconds"
"2017-03-06 17:53:44,358","INFO","Trial 498 - 17:53:44 - Unrewarded - /home/fet/stimuli/test_categories_box2/nonreward/Ne_Stim_4_YelOra2575_202108261722.wav"
"2017-03-06 17:53:54,865","INFO","Trial 499 - 17:53:54 - Rewarded - /home/fet/stimuli/test_categories_box2/reward/DC_Stim_10_GreOra1817_202706262109.wav"
"2017-03-06 17:54:00,871","INFO","Supplying reward for 12.00 seconds"
"2017-03-06 17:54:48,349","INFO","Trial 500 - 17:54:48 - Unrewarded - /home/fet/stimuli/test_categories_box2/nonreward/Th_Stim_5_WhiRas44dd_432616274746.wav"
"2017-03-06 17:54:48,947","INFO","Trial 501 - 17:54:48 - Rewarded - /home/fet/stimuli/test_categories_box2/reward/DC_Stim_5_RedRas3600_060905010308.wav"
"2017-03-06 17:54:48,998","INFO","Trial 502 - 17:54:48 - Unrewarded - /home/fet/stimuli/test_categories_box2/nonreward/Di_Stim_8_HPiHPi4748_050305050303.wav"
"2017-03-06 17:54:58,640","INFO","Trial 503 - 17:54:58 - Rewarded - /home/fet/stimuli/test_categories_box2/reward/DC_Stim_10_WhiWhi1415_020403010501.wav"
"2017-03-06 17:55:04,646","INFO","Supplying reward for 12.00 seconds"
"2017-03-06 17:55:52,028","INFO","Trial 504 - 17:55:52 - Unrewarded - /home/fet/stimuli/test_categories_box2/nonreward/Th_Stim_6_WhiBlu4917_010304020709.wav"
"2017-03-06 17:56:35,393","INFO","Trial 505 - 17:56:35 - Unrewarded - /home/fet/stimuli/test_categories_box2/nonreward/Ne_Stim_2_YelOra2575_211602071226.wav"
"2017-03-06 17:56:45,199","INFO","Trial 506 - 17:56:45 - Unrewarded - /home/fet/stimuli/test_categories_box2/nonreward/Tu_Stim_3_WhiLbl0010_260311140106.wav"
"2017-03-06 17:56:45,252","INFO","Trial 507 - 17:56:45 - Unrewarded - /home/fet/stimuli/test_categories_box2/nonreward/Di_Stim_4_WhiBlu4917_010101010101.wav"
"2017-03-06 17:56:59,254","INFO","Trial 508 - 17:56:59 - Unrewarded - /home/fet/stimuli/test_categories_box2/nonreward/Wh_Stim_3_HpiGra1004_060802070305.wav"
"2017-03-06 17:56:59,310","INFO","Trial 509 - 17:56:59 - Rewarded - /home/fet/stimuli/test_categories_box2/reward/DC_Stim_8_YelGre5275_022926313714.wav"
"2017-03-06 17:57:05,317","INFO","Supplying reward for 12.00 seconds"
"2017-03-06 17:58:20,307","INFO","Trial 510 - 17:58:20 - Unrewarded - /home/fet/stimuli/test_categories_box2/nonreward/LT_Stim_1_LblGre0001_020106081105.wav"
"2017-03-06 17:58:20,364","INFO","Trial 511 - 17:58:20 - Rewarded - /home/fet/stimuli/test_categories_box2/reward/DC_Stim_5_YelOra2575_264101194428.wav"
"2017-03-06 17:58:26,370","INFO","Supplying reward for 12.00 seconds"
"2017-03-06 17:59:23,943","INFO","Trial 512 - 17:59:23 - Rewarded - /home/fet/stimuli/test_categories_box2/reward/DC_Stim_5_Unknown00F_062117251604.wav"
"2017-03-06 17:59:29,948","INFO","Supplying reward for 12.00 seconds"
"2017-03-06 18:00:23,481","INFO","Trial 513 - 18:00:23 - Unrewarded - /home/fet/stimuli/test_categories_box2/nonreward/Te_Stim_2_GreWhi1242_130811070904.wav"
"2017-03-06 18:00:36,196","INFO","Trial 514 - 18:00:36 - Rewarded - /home/fet/stimuli/test_categories_box2/reward/DC_Stim_7_WhiRas44dd_190503020823.wav"
"2017-03-06 18:00:42,201","INFO","Supplying reward for 12.00 seconds"
"2017-03-06 18:01:32,600","INFO","Trial 515 - 18:01:32 - Unrewarded - /home/fet/stimuli/test_categories_box2/nonreward/Ag_Stim_8_YelGre5275_191618212023.wav"
"2017-03-06 18:01:44,573","INFO","Trial 516 - 18:01:44 - Rewarded - /home/fet/stimuli/test_categories_box2/reward/DC_Stim_7_WhiBlu5698_230403170714.wav"
"2017-03-06 18:01:44,630","INFO","Trial 517 - 18:01:44 - Rewarded - /home/fet/stimuli/test_categories_box2/reward/DC_Stim_3_WhiWhi1415_050403020101.wav"
"2017-03-06 18:01:50,636","INFO","Supplying reward for 12.00 seconds"
"2017-03-06 18:02:22,089","INFO","Trial 518 - 18:02:22 - Unrewarded - /home/fet/stimuli/test_categories_box2/nonreward/Be_Stim_1_LblRas1800_03_0202_0203.wav"
"2017-03-06 18:02:22,142","INFO","Trial 519 - 18:02:22 - Rewarded - /home/fet/stimuli/test_categories_box2/reward/DC_Stim_9_BluRas61dd_370203050636.wav"
"2017-03-06 18:02:28,148","INFO","Supplying reward for 12.00 seconds"
"2017-03-06 18:03:12,312","INFO","Trial 520 - 18:03:12 - Rewarded - /home/fet/stimuli/test_categories_box2/reward/DC_Stim_3_BluRas61dd_032036040935.wav"
"2017-03-06 18:03:18,318","INFO","Supplying reward for 12.00 seconds"
"2017-03-06 18:04:57,454","INFO","Trial 521 - 18:04:57 - Unrewarded - /home/fet/stimuli/test_categories_box2/nonreward/Tu_Stim_1_YelOra2575_231714082621.wav"
"2017-03-06 18:04:57,507","INFO","Trial 522 - 18:04:57 - Unrewarded - /home/fet/stimuli/test_categories_box2/nonreward/Th_Stim_1_WhiWhi1415_121031060228.wav"
"2017-03-06 18:04:58,007","INFO","Trial 523 - 18:04:58 - Unrewarded - /home/fet/stimuli/test_categories_box2/nonreward/Di_Stim_7_BlaLbl8026_030201030303.wav"
"2017-03-06 18:04:58,058","INFO","Trial 524 - 18:04:58 - Rewarded - /home/fet/stimuli/test_categories_box2/reward/DC_Stim_4_WhiLbl0010_111427042316.wav"
"2017-03-06 18:05:04,066","INFO","Supplying reward for 12.00 seconds"
"2017-03-06 18:05:37,813","INFO","Trial 525 - 18:05:37 - Unrewarded - /home/fet/stimuli/test_categories_box2/nonreward/Wh_Stim_6_YelGre5275_050106141309.wav"
"2017-03-06 18:05:47,033","INFO","Trial 526 - 18:05:47 - Unrewarded - /home/fet/stimuli/test_categories_box2/nonreward/Wh_Stim_1_YelGre5275_030613140111.wav"
"2017-03-06 18:05:47,086","INFO","Trial 527 - 18:05:47 - Rewarded - /home/fet/stimuli/test_categories_box2/reward/DC_Stim_8_RedRas3600_021008090704.wav"
"2017-03-06 18:05:49,624","INFO","Trial 528 - 18:05:49 - Unrewarded - /home/fet/stimuli/test_categories_box2/nonreward/LT_Stim_10_LblBlu1927_010101010101.wav"
"2017-03-06 18:06:08,075","INFO","Trial 529 - 18:06:08 - Unrewarded - /home/fet/stimuli/test_categories_box2/nonreward/Ag_Stim_4_WhiGra0114_010101010101.wav"
"2017-03-06 18:06:16,791","INFO","Trial 530 - 18:06:16 - Unrewarded - /home/fet/stimuli/test_categories_box2/nonreward/Be_Stim_2_LblGre0000_080401.wav"
"2017-03-06 18:06:26,511","INFO","Trial 531 - 18:06:26 - Unrewarded - /home/fet/stimuli/test_categories_box2/nonreward/LT_Stim_9_LblBlu1630_041605010811.wav"
"2017-03-06 18:06:37,152","INFO","Trial 532 - 18:06:37 - Rewarded - /home/fet/stimuli/test_categories_box2/reward/DC_Stim_1_WhiLbl0010_252914200828.wav"
"2017-03-06 18:06:43,158","INFO","Supplying reward for 12.00 seconds"
"2017-03-06 18:07:18,883","INFO","Trial 533 - 18:07:18 - Unrewarded - /home/fet/stimuli/test_categories_box2/nonreward/Di_Stim_9_GraGra0201_010701010107.wav"
"2017-03-06 18:07:32,846","INFO","Trial 534 - 18:07:32 - Unrewarded - /home/fet/stimuli/test_categories_box2/nonreward/Be_Stim_4_LblBlu6243_10_031418.wav"
"2017-03-06 18:07:34,644","INFO","Trial 535 - 18:07:34 - Unrewarded - /home/fet/stimuli/test_categories_box2/nonreward/Th_Stim_9_WhiBlu4818_030504010202.wav"
"2017-03-06 18:07:35,622","INFO","Trial 536 - 18:07:35 - Unrewarded - /home/fet/stimuli/test_categories_box2/nonreward/Te_Stim_10_GreWhi1242_190309071726.wav"
"2017-03-06 18:07:35,675","INFO","Trial 537 - 18:07:35 - Unrewarded - /home/fet/stimuli/test_categories_box2/nonreward/Be_Stim_3_LblBlu2028_04_031010_01.wav"
"2017-03-06 18:07:41,886","INFO","Trial 538 - 18:07:41 - Unrewarded - /home/fet/stimuli/test_categories_box2/nonreward/Be_Stim_7_GraGre0813_120908.wav"
"2017-03-06 18:07:41,942","INFO","Trial 539 - 18:07:41 - Unrewarded - /home/fet/stimuli/test_categories_box2/nonreward/Th_Stim_3_Unknown000_050610110803.wav"
"2017-03-06 18:07:42,803","INFO","Trial 540 - 18:07:42 - Rewarded - /home/fet/stimuli/test_categories_box2/reward/DC_Stim_5_WhiLbl0010_162317061304.wav"
"2017-03-06 18:07:48,809","INFO","Supplying reward for 12.00 seconds"
"2017-03-06 18:08:33,168","INFO","Trial 541 - 18:08:33 - Unrewarded - /home/fet/stimuli/test_categories_box2/nonreward/Wh_Stim_2_BlaBla0506_120615181002.wav"
"2017-03-06 18:08:34,339","INFO","Trial 542 - 18:08:34 - Unrewarded - /home/fet/stimuli/test_categories_box2/nonreward/Tu_Stim_6_YelOra2575_120614051028.wav"
"2017-03-06 18:08:36,435","INFO","Trial 543 - 18:08:36 - Unrewarded - /home/fet/stimuli/test_categories_box2/nonreward/Tu_Stim_8_GreOra1817_131706050411.wav"
"2017-03-06 18:08:38,322","INFO","Trial 544 - 18:08:38 - Unrewarded - /home/fet/stimuli/test_categories_box2/nonreward/Tu_Stim_3_YelOra2575_2017050.0613.wav"
"2017-03-06 18:08:38,372","INFO","Trial 545 - 18:08:38 - Rewarded - /home/fet/stimuli/test_categories_box2/reward/DC_Stim_4_YelOra2575_143139374117.wav"
"2017-03-06 18:08:44,379","INFO","Supplying reward for 12.00 seconds"
"2017-03-06 18:09:18,929","INFO","Trial 546 - 18:09:18 - Unrewarded - /home/fet/stimuli/test_categories_box2/nonreward/Ne_Stim_3_Unknown01F_010202010101.wav"
"2017-03-06 18:09:19,896","INFO","Trial 547 - 18:09:19 - Unrewarded - /home/fet/stimuli/test_categories_box2/nonreward/Ne_Stim_3_WhiBlu5698_030204141602.wav"
"2017-03-06 18:09:19,934","INFO","Trial 548 - 18:09:19 - Unrewarded - /home/fet/stimuli/test_categories_box2/nonreward/Te_Stim_9_BlaBla0506_101214152209.wav"
"2017-03-06 18:09:50,857","INFO","Trial 549 - 18:09:50 - Rewarded - /home/fet/stimuli/test_categories_box2/reward/DC_Stim_3_YelOra2575_460418163014.wav"
"2017-03-06 18:09:51,356","INFO","Trial 550 - 18:09:51 - Unrewarded - /home/fet/stimuli/test_categories_box2/nonreward/Tu_Stim_9_YelGre5275_052603292408.wav"
"2017-03-06 18:09:51,408","INFO","Trial 551 - 18:09:51 - Unrewarded - /home/fet/stimuli/test_categories_box2/nonreward/Th_Stim_3_LblRed0613_070915051410.wav"
"2017-03-06 18:10:10,616","INFO","Trial 552 - 18:10:10 - Rewarded - /home/fet/stimuli/test_categories_box2/reward/DC_Stim_10_Unknown00F_161403100924.wav"
"2017-03-06 18:10:10,672","INFO","Trial 553 - 18:10:10 - Unrewarded - /home/fet/stimuli/test_categories_box2/nonreward/Te_Stim_7_BlaLbl8026_071108032223.wav"
"2017-03-06 18:10:11,123","INFO","Trial 554 - 18:10:11 - Unrewarded - /home/fet/stimuli/test_categories_box2/nonreward/Wh_Stim_7_GreGre2522_010203020202.wav"
"2017-03-06 18:10:12,672","INFO","Trial 555 - 18:10:12 - Unrewarded - /home/fet/stimuli/test_categories_box2/nonreward/Wh_Stim_7_BlaBla0506_101806140213.wav"
"2017-03-06 18:10:26,787","INFO","Trial 556 - 18:10:26 - Rewarded - /home/fet/stimuli/test_categories_box2/reward/DC_Stim_4_GreOra1817_081101222619.wav"
"2017-03-06 18:10:32,796","INFO","Supplying reward for 12.00 seconds"
"2017-03-06 18:11:33,568","INFO","Trial 557 - 18:11:33 - Rewarded - /home/fet/stimuli/test_categories_box2/reward/DC_Stim_3_WhiLbl0010_261522093017.wav"
"2017-03-06 18:11:33,622","INFO","Trial 558 - 18:11:33 - Rewarded - /home/fet/stimuli/test_categories_box2/reward/DC_Stim_9_YelGre5275_150221391138.wav"
"2017-03-06 18:11:39,630","INFO","Supplying reward for 12.00 seconds"
"2017-03-06 18:12:15,990","INFO","Trial 559 - 18:12:15 - Unrewarded - /home/fet/stimuli/test_categories_box2/nonreward/Te_Stim_8_LblRed0613_102328082607.wav"
"2017-03-06 18:12:16,051","INFO","Trial 560 - 18:12:16 - Unrewarded - /home/fet/stimuli/test_categories_box2/nonreward/Be_Stim_5_LblBlu6680_06_0103_0104_01.wav"
"2017-03-06 18:12:17,348","INFO","Trial 561 - 18:12:17 - Rewarded - /home/fet/stimuli/test_categories_box2/reward/DC_Stim_1_RedRas3600_070601080509.wav"
"2017-03-06 18:12:23,355","INFO","Supplying reward for 12.00 seconds"
"2017-03-06 18:13:24,970","INFO","Trial 562 - 18:13:24 - Rewarded - /home/fet/stimuli/test_categories_box2/reward/DC_Stim_2_WhiLbl0010_270420011330.wav"
"2017-03-06 18:13:25,533","INFO","Trial 563 - 18:13:25 - Unrewarded - /home/fet/stimuli/test_categories_box2/nonreward/Di_Stim_8_YelOra2575_110909110909.wav"
"2017-03-06 18:13:39,556","INFO","Trial 564 - 18:13:39 - Unrewarded - /home/fet/stimuli/test_categories_box2/nonreward/LT_Stim_3_WhiBlu3615_040603050201.wav"
"2017-03-06 18:13:53,310","INFO","Trial 565 - 18:13:53 - Unrewarded - /home/fet/stimuli/test_categories_box2/nonreward/So_Stim_3_GraLbl0457_010402.wav"
"2017-03-06 18:13:53,362","INFO","Trial 566 - 18:13:53 - Unrewarded - /home/fet/stimuli/test_categories_box2/nonreward/Be_Stim_9_LblBlu1630_0504_c.02.wav"
"2017-03-06 18:14:14,077","INFO","Trial 567 - 18:14:14 - Unrewarded - /home/fet/stimuli/test_categories_box2/nonreward/Te_Stim_3_GreRas2400_121617223225.wav"
"2017-03-06 18:14:27,941","INFO","Trial 568 - 18:14:27 - Unrewarded - /home/fet/stimuli/test_categories_box2/nonreward/Wh_Stim_10_GreGre2522_030201020102.wav"
"2017-03-06 18:14:38,546","INFO","Trial 569 - 18:14:38 - Unrewarded - /home/fet/stimuli/test_categories_box2/nonreward/Di_Stim_1_GraGra0201_010701010107.wav"
"2017-03-06 18:14:48,929","INFO","Trial 570 - 18:14:48 - Unrewarded - /home/fet/stimuli/test_categories_box2/nonreward/Di_Stim_2_BlaLbl8026_010302020302.wav"
"2017-03-06 18:14:48,988","INFO","Trial 571 - 18:14:48 - Unrewarded - /home/fet/stimuli/test_categories_box2/nonreward/Th_Stim_7_Unknown_11_070209050403.wav"
"2017-03-06 18:15:01,200","INFO","Trial 572 - 18:15:01 - Unrewarded - /home/fet/stimuli/test_categories_box2/nonreward/Te_Stim_3_PurRas20dd_232129101526.wav"
"2017-03-06 18:15:26,427","INFO","Trial 573 - 18:15:26 - Unrewarded - /home/fet/stimuli/test_categories_box2/nonreward/Ag_Stim_3_HPiHPi4748_104004322035.wav"
"2017-03-06 18:15:37,011","INFO","Trial 574 - 18:15:37 - Unrewarded - /home/fet/stimuli/test_categories_box2/nonreward/So_Stim_10_LblBla4548_475025.wav"
"2017-03-06 18:15:44,331","INFO","Trial 575 - 18:15:44 - Unrewarded - /home/fet/stimuli/test_categories_box2/nonreward/Ag_Stim_10_WhiBlu4917_010101010101.wav"
"2017-03-06 18:15:51,675","INFO","Trial 576 - 18:15:51 - Rewarded - /home/fet/stimuli/test_categories_box2/reward/DC_Stim_5_YelGre5275_302940133537.wav"
"2017-03-06 18:15:57,680","INFO","Supplying reward for 12.00 seconds"
"2017-03-06 18:16:27,961","INFO","Trial 577 - 18:16:27 - Unrewarded - /home/fet/stimuli/test_categories_box2/nonreward/So_Stim_8_LblBla4419_010209.wav"
"2017-03-06 18:16:28,013","INFO","Trial 578 - 18:16:28 - Unrewarded - /home/fet/stimuli/test_categories_box2/nonreward/Ne_Stim_8_WhiWhi1415_040709100506.wav"
"2017-03-06 18:16:33,694","INFO","Trial 579 - 18:16:33 - Unrewarded - /home/fet/stimuli/test_categories_box2/nonreward/LT_Stim_5_LblBlu6243_192722292015.wav"
"2017-03-06 18:16:45,634","INFO","Trial 580 - 18:16:45 - Rewarded - /home/fet/stimuli/test_categories_box2/reward/DC_Stim_6_WhiRas44dd_101520052318.wav"
"2017-03-06 18:16:51,644","INFO","Supplying reward for 12.00 seconds"
"2017-03-06 19:07:35,330","INFO","Finishing session 1 at Mon Mar  6 19:07:35 2017"
"2017-03-06 19:07:35,331","INFO","Finished all sessions."
"2017-03-06 19:07:35,638","INFO","Exiting Session state"
"2017-03-06 19:07:35,638","INFO","Finishing experiment"
"2017-03-06 19:07:35,945","INFO","Exiting Idle state"
