"2017-03-15 10:34:09,296","INFO","Preparing subject and data storage"
"2017-03-15 10:34:09,296","INFO","Created subject object with name LblGra3039M"
"2017-03-15 10:34:09,296","INFO","Created datastore CSVStore: filename = /home/fet/data/LblGra3039M/150317/LblGra3039M_trialdata_20170315103409.csv, fields = session, index, time, stimulus_name, condition_name, response, correct, rt, reward, max_wait for subject LblGra3039M"
"2017-03-15 10:34:09,297","INFO","Preparing to run experiment Go No-Go Interruption"
"2017-03-15 10:34:09,603","INFO","Entering Idle state"
"2017-03-15 10:34:09,907","INFO","Beginning block #1"
"2017-03-15 10:36:43,351","INFO","Trial 1 - 10:36:43 - Unrewarded - /home/fet/stimuli/test_categories_box2/nonreward/DC_Stim_3_BlaLbl8026_193612350137.wav"
"2017-03-15 10:36:43,394","INFO","Trial 2 - 10:36:43 - Unrewarded - /home/fet/stimuli/test_categories_box2/nonreward/LT_Stim_5_LblBlu2028_011107150503.wav"
"2017-03-15 10:36:53,128","INFO","Trial 3 - 10:36:53 - Unrewarded - /home/fet/stimuli/test_categories_box2/nonreward/Tu_Stim_8_YelOra2575_211105161518.wav"
"2017-03-15 10:37:03,138","INFO","Trial 4 - 10:37:03 - Unrewarded - /home/fet/stimuli/test_categories_box2/nonreward/LT_Stim_4_WhiBlu0112_042420180311.wav"
"2017-03-15 10:37:03,196","INFO","Trial 5 - 10:37:03 - Rewarded - /home/fet/stimuli/test_categories_box2/reward/Be_Stim_5_GraGre1001_100914.wav"
"2017-03-15 10:37:09,204","INFO","Supplying reward for 12.00 seconds"
"2017-03-15 10:38:54,606","INFO","Trial 6 - 10:38:54 - Unrewarded - /home/fet/stimuli/test_categories_box2/nonreward/So_Stim_9_LblBla4548_211826.wav"
"2017-03-15 10:38:54,660","INFO","Trial 7 - 10:38:54 - Rewarded - /home/fet/stimuli/test_categories_box2/reward/Be_Stim_7_LblBlu1729_120705.wav"
"2017-03-15 10:39:00,668","INFO","Supplying reward for 12.00 seconds"
"2017-03-15 10:53:03,485","INFO","Trial 8 - 10:53:03 - Rewarded - /home/fet/stimuli/test_categories_box2/reward/Be_Stim_7_LblBlu6680_11_0305_0304_01.wav"
"2017-03-15 10:53:03,535","INFO","Trial 9 - 10:53:03 - Unrewarded - /home/fet/stimuli/test_categories_box2/nonreward/LT_Stim_2_LblBlu6680_301916291724.wav"
"2017-03-15 10:53:12,156","INFO","Trial 10 - 10:53:12 - Unrewarded - /home/fet/stimuli/test_categories_box2/nonreward/LT_Stim_6_WhiBlu3414_162505241401.wav"
"2017-03-15 10:53:12,198","INFO","Trial 11 - 10:53:12 - Unrewarded - /home/fet/stimuli/test_categories_box2/nonreward/LT_Stim_10_LblRas1800_040305060201.wav"
"2017-03-15 10:53:23,898","INFO","Trial 12 - 10:53:23 - Rewarded - /home/fet/stimuli/test_categories_box2/reward/Be_Stim_8_LblBlu6243_0107_0210_02.wav"
"2017-03-15 10:53:23,948","INFO","Trial 13 - 10:53:23 - Unrewarded - /home/fet/stimuli/test_categories_box2/nonreward/DC_Stim_6_YelOra2575_061838453136.wav"
"2017-03-15 10:53:45,560","INFO","Trial 14 - 10:53:45 - Rewarded - /home/fet/stimuli/test_categories_box2/reward/Be_Stim_1_LblGre0001_02_010804.wav"
"2017-03-15 10:53:45,604","INFO","Trial 15 - 10:53:45 - Unrewarded - /home/fet/stimuli/test_categories_box2/nonreward/Wh_Stim_10_WhiWhi1415_010101010101.wav"
"2017-03-15 10:54:17,769","INFO","Trial 16 - 10:54:17 - Unrewarded - /home/fet/stimuli/test_categories_box2/nonreward/DC_Stim_7_PurRas20dd_290414121826.wav"
"2017-03-15 10:54:17,819","INFO","Trial 17 - 10:54:17 - Unrewarded - /home/fet/stimuli/test_categories_box2/nonreward/Di_Stim_3_PurRas20dd_040101010104.wav"
"2017-03-15 10:54:29,179","INFO","Trial 18 - 10:54:29 - Unrewarded - /home/fet/stimuli/test_categories_box2/nonreward/So_Stim_8_YelOra2575_092516.wav"
"2017-03-15 10:54:29,234","INFO","Trial 19 - 10:54:29 - Unrewarded - /home/fet/stimuli/test_categories_box2/nonreward/Tu_Stim_7_BluRas07dd_111518192308.wav"
"2017-03-15 10:54:38,173","INFO","Trial 20 - 10:54:38 - Rewarded - /home/fet/stimuli/test_categories_box2/reward/Be_Stim_10_LblBlu1729_091306.wav"
"2017-03-15 10:54:38,228","INFO","Trial 21 - 10:54:38 - Unrewarded - /home/fet/stimuli/test_categories_box2/nonreward/So_Stim_9_WhiLbl0010_080604.wav"
"2017-03-15 10:54:49,982","INFO","Trial 22 - 10:54:49 - Unrewarded - /home/fet/stimuli/test_categories_box2/nonreward/Tu_Stim_2_BluRas61dd_090203050608.wav"
"2017-03-15 10:54:50,867","INFO","Trial 23 - 10:54:50 - Unrewarded - /home/fet/stimuli/test_categories_box2/nonreward/Ne_Stim_1_YelGre5275_132008293004.wav"
"2017-03-15 10:54:50,916","INFO","Trial 24 - 10:54:50 - Unrewarded - /home/fet/stimuli/test_categories_box2/nonreward/So_Stim_3_LblBla4419_011005.wav"
"2017-03-15 10:54:59,713","INFO","Trial 25 - 10:54:59 - Unrewarded - /home/fet/stimuli/test_categories_box2/nonreward/Di_Stim_4_WhiLbl0010_040404040404.wav"
"2017-03-15 10:55:21,969","INFO","Trial 26 - 10:55:21 - Unrewarded - /home/fet/stimuli/test_categories_box2/nonreward/So_Stim_1_YelGre5275_063436.wav"
"2017-03-15 10:55:22,023","INFO","Trial 27 - 10:55:22 - Unrewarded - /home/fet/stimuli/test_categories_box2/nonreward/Wh_Stim_5_GraGra0201_060205050105.wav"
"2017-03-15 10:55:31,794","INFO","Trial 28 - 10:55:31 - Unrewarded - /home/fet/stimuli/test_categories_box2/nonreward/Te_Stim_6_BlaBla0506_141512091017.wav"
"2017-03-15 10:55:31,849","INFO","Trial 29 - 10:55:31 - Unrewarded - /home/fet/stimuli/test_categories_box2/nonreward/Tu_Stim_2_BluRas07dd_021812012104.wav"
"2017-03-15 10:55:52,953","INFO","Trial 30 - 10:55:52 - Unrewarded - /home/fet/stimuli/test_categories_box2/nonreward/So_Stim_8_WhiBlu4818_110422.wav"
"2017-03-15 10:55:52,999","INFO","Trial 31 - 10:55:52 - Unrewarded - /home/fet/stimuli/test_categories_box2/nonreward/Th_Stim_10_WhiWhi1415_212508091901.wav"
"2017-03-15 10:56:03,671","INFO","Trial 32 - 10:56:03 - Unrewarded - /home/fet/stimuli/test_categories_box2/nonreward/Wh_Stim_10_HpiGra1004_040307060105.wav"
"2017-03-15 10:56:03,714","INFO","Trial 33 - 10:56:03 - Unrewarded - /home/fet/stimuli/test_categories_box2/nonreward/Ag_Stim_9_BluRas61dd_111815090302.wav"
"2017-03-15 10:56:13,947","INFO","Trial 34 - 10:56:13 - Rewarded - /home/fet/stimuli/test_categories_box2/reward/Be_Stim_2_LblBlu6379_0601_0107_02.wav"
"2017-03-15 10:56:14,003","INFO","Trial 35 - 10:56:14 - Unrewarded - /home/fet/stimuli/test_categories_box2/nonreward/So_Stim_7_LblBla4419_021009.wav"
"2017-03-15 10:56:24,633","INFO","Trial 36 - 10:56:24 - Unrewarded - /home/fet/stimuli/test_categories_box2/nonreward/Wh_Stim_7_LblBla4419_141004150817.wav"
"2017-03-15 10:56:24,676","INFO","Trial 37 - 10:56:24 - Unrewarded - /home/fet/stimuli/test_categories_box2/nonreward/LT_Stim_3_LblBlu1927_010101010101.wav"
"2017-03-15 10:56:34,606","INFO","Trial 38 - 10:56:34 - Unrewarded - /home/fet/stimuli/test_categories_box2/nonreward/Ag_Stim_1_PurRas20dd_081522192017.wav"
"2017-03-15 10:56:34,661","INFO","Trial 39 - 10:56:34 - Unrewarded - /home/fet/stimuli/test_categories_box2/nonreward/DC_Stim_10_GreGre6364_070201051312.wav"
"2017-03-15 10:56:35,510","INFO","Trial 40 - 10:56:35 - Unrewarded - /home/fet/stimuli/test_categories_box2/nonreward/Te_Stim_5_WhiBlu4818_091710070506.wav"
"2017-03-15 10:56:35,559","INFO","Trial 41 - 10:56:35 - Unrewarded - /home/fet/stimuli/test_categories_box2/nonreward/Tu_Stim_9_LblRed0613_010208040507.wav"
"2017-03-15 10:56:56,375","INFO","Trial 42 - 10:56:56 - Unrewarded - /home/fet/stimuli/test_categories_box2/nonreward/So_Stim_8_BluRas61dd_201408.wav"
"2017-03-15 10:56:56,429","INFO","Trial 43 - 10:56:56 - Unrewarded - /home/fet/stimuli/test_categories_box2/nonreward/Wh_Stim_5_WhiWhi1415_010101010101.wav"
"2017-03-15 10:57:05,135","INFO","Trial 44 - 10:57:05 - Unrewarded - /home/fet/stimuli/test_categories_box2/nonreward/DC_Stim_2_WhiBlu4917_182219010506.wav"
"2017-03-15 10:57:16,755","INFO","Trial 45 - 10:57:16 - Unrewarded - /home/fet/stimuli/test_categories_box2/nonreward/Ag_Stim_3_YelOra2575_202304191018.wav"
"2017-03-15 10:57:16,809","INFO","Trial 46 - 10:57:16 - Unrewarded - /home/fet/stimuli/test_categories_box2/nonreward/Th_Stim_6_WhiBlu5698_040107060704.wav"
"2017-03-15 10:57:32,974","INFO","Trial 47 - 10:57:32 - Unrewarded - /home/fet/stimuli/test_categories_box2/nonreward/Te_Stim_8_BlaBla0506_050806151112.wav"
"2017-03-15 10:57:33,016","INFO","Trial 48 - 10:57:33 - Unrewarded - /home/fet/stimuli/test_categories_box2/nonreward/DC_Stim_6_BluRas61dd_063514042427.wav"
"2017-03-15 10:57:50,962","INFO","Trial 49 - 10:57:50 - Unrewarded - /home/fet/stimuli/test_categories_box2/nonreward/Th_Stim_7_YelGre5275_173903230729.wav"
"2017-03-15 10:57:51,009","INFO","Trial 50 - 10:57:51 - Rewarded - /home/fet/stimuli/test_categories_box2/reward/Be_Stim_3_LblBlu6243_031718.wav"
"2017-03-15 10:57:57,016","INFO","Supplying reward for 12.00 seconds"
"2017-03-15 10:58:29,151","INFO","Trial 51 - 10:58:29 - Unrewarded - /home/fet/stimuli/test_categories_box2/nonreward/Tu_Stim_9_BluRas61dd_010304020605.wav"
"2017-03-15 10:58:29,189","INFO","Trial 52 - 10:58:29 - Unrewarded - /home/fet/stimuli/test_categories_box2/nonreward/Ag_Stim_7_WhiLbl0010_260319080628.wav"
"2017-03-15 10:58:39,152","INFO","Trial 53 - 10:58:39 - Unrewarded - /home/fet/stimuli/test_categories_box2/nonreward/Tu_Stim_1_GreOra1817_101516070412.wav"
"2017-03-15 10:58:39,208","INFO","Trial 54 - 10:58:39 - Unrewarded - /home/fet/stimuli/test_categories_box2/nonreward/Ne_Stim_7_YelOra2575_092325172114.wav"
"2017-03-15 10:58:50,457","INFO","Trial 55 - 10:58:50 - Unrewarded - /home/fet/stimuli/test_categories_box2/nonreward/Tu_Stim_6_GraGra0201_042001190908.wav"
"2017-03-15 10:58:50,511","INFO","Trial 56 - 10:58:50 - Unrewarded - /home/fet/stimuli/test_categories_box2/nonreward/Te_Stim_2_LblBla4548_362408210223.wav"
"2017-03-15 10:59:01,380","INFO","Trial 57 - 10:59:01 - Rewarded - /home/fet/stimuli/test_categories_box2/reward/Be_Stim_6_LblBlu6379_07_0105_0105_02.wav"
"2017-03-15 10:59:01,430","INFO","Trial 58 - 10:59:01 - Unrewarded - /home/fet/stimuli/test_categories_box2/nonreward/Tu_Stim_1_GraLbl0457_120616131503.wav"
"2017-03-15 10:59:10,841","INFO","Trial 59 - 10:59:10 - Rewarded - /home/fet/stimuli/test_categories_box2/reward/Be_Stim_1_GraGre0813_110704.wav"
"2017-03-15 10:59:10,891","INFO","Trial 60 - 10:59:10 - Unrewarded - /home/fet/stimuli/test_categories_box2/nonreward/Te_Stim_4_GreRas2400_283134271307.wav"
"2017-03-15 10:59:20,855","INFO","Trial 61 - 10:59:20 - Unrewarded - /home/fet/stimuli/test_categories_box2/nonreward/DC_Stim_8_WhiGra0114_071413031004.wav"
"2017-03-15 10:59:20,909","INFO","Trial 62 - 10:59:20 - Unrewarded - /home/fet/stimuli/test_categories_box2/nonreward/Th_Stim_7_HPiHPi4748_070614161118.wav"
"2017-03-15 10:59:31,618","INFO","Trial 63 - 10:59:31 - Unrewarded - /home/fet/stimuli/test_categories_box2/nonreward/Ne_Stim_2_WhiGra0114_030202020302.wav"
"2017-03-15 10:59:42,587","INFO","Trial 64 - 10:59:42 - Unrewarded - /home/fet/stimuli/test_categories_box2/nonreward/DC_Stim_7_BlaLbl8026_241225192831.wav"
"2017-03-15 10:59:42,637","INFO","Trial 65 - 10:59:42 - Unrewarded - /home/fet/stimuli/test_categories_box2/nonreward/Ne_Stim_2_BluRas07dd_110322120102.wav"
"2017-03-15 10:59:51,311","INFO","Trial 66 - 10:59:51 - Unrewarded - /home/fet/stimuli/test_categories_box2/nonreward/Tu_Stim_10_GraGra0201_160406072014.wav"
"2017-03-15 10:59:59,932","INFO","Trial 67 - 10:59:59 - Unrewarded - /home/fet/stimuli/test_categories_box2/nonreward/So_Stim_2_WhiBlu5698_301202.wav"
"2017-03-15 11:00:10,503","INFO","Trial 68 - 11:00:10 - Rewarded - /home/fet/stimuli/test_categories_box2/reward/Be_Stim_7_LblBlu2028_02_0102_0204_01.wav"
"2017-03-15 11:00:10,562","INFO","Trial 69 - 11:00:10 - Rewarded - /home/fet/stimuli/test_categories_box2/reward/Be_Stim_5_LblBlu2028_0704_0303_01.wav"
"2017-03-15 11:00:16,570","INFO","Supplying reward for 12.00 seconds"
"2017-03-15 11:00:44,116","INFO","Trial 70 - 11:00:44 - Unrewarded - /home/fet/stimuli/test_categories_box2/nonreward/Te_Stim_6_LblRed0613_231118041005.wav"
"2017-03-15 11:00:44,175","INFO","Trial 71 - 11:00:44 - Unrewarded - /home/fet/stimuli/test_categories_box2/nonreward/DC_Stim_9_WhiRas44dd_101804111929.wav"
"2017-03-15 11:01:02,752","INFO","Trial 72 - 11:01:02 - Unrewarded - /home/fet/stimuli/test_categories_box2/nonreward/Th_Stim_1_Unknown_11_100409070306.wav"
"2017-03-15 11:01:02,807","INFO","Trial 73 - 11:01:02 - Unrewarded - /home/fet/stimuli/test_categories_box2/nonreward/Ag_Stim_10_WhiLbl0010_220315120627.wav"
"2017-03-15 11:01:12,696","INFO","Trial 74 - 11:01:12 - Unrewarded - /home/fet/stimuli/test_categories_box2/nonreward/LT_Stim_8_LblRas1800_060204030105.wav"
"2017-03-15 11:01:22,002","INFO","Trial 75 - 11:01:22 - Unrewarded - /home/fet/stimuli/test_categories_box2/nonreward/Th_Stim_10_Unknown_11_041002030906.wav"
"2017-03-15 11:01:42,124","INFO","Trial 76 - 11:01:42 - Unrewarded - /home/fet/stimuli/test_categories_box2/nonreward/Di_Stim_6_Unknown_11_010201020201.wav"
"2017-03-15 11:01:42,179","INFO","Trial 77 - 11:01:42 - Rewarded - /home/fet/stimuli/test_categories_box2/reward/Be_Stim_1_LblBlu1927_070415.wav"
"2017-03-15 11:01:48,186","INFO","Supplying reward for 12.00 seconds"
"2017-03-15 11:02:19,895","INFO","Trial 78 - 11:02:19 - Unrewarded - /home/fet/stimuli/test_categories_box2/nonreward/Th_Stim_2_Unknown_11_090208060103.wav"
"2017-03-15 11:02:29,497","INFO","Trial 79 - 11:02:29 - Unrewarded - /home/fet/stimuli/test_categories_box2/nonreward/Wh_Stim_6_BlaBla0506_180613120216.wav"
"2017-03-15 11:02:40,069","INFO","Trial 80 - 11:02:40 - Unrewarded - /home/fet/stimuli/test_categories_box2/nonreward/Th_Stim_5_WhiBlu5698_060407010707.wav"
"2017-03-15 11:02:50,141","INFO","Trial 81 - 11:02:50 - Unrewarded - /home/fet/stimuli/test_categories_box2/nonreward/So_Stim_6_WhiLbl0010_050406.wav"
"2017-03-15 11:02:51,086","INFO","Trial 82 - 11:02:51 - Unrewarded - /home/fet/stimuli/test_categories_box2/nonreward/Wh_Stim_2_HpiGra1004_050302040806.wav"
"2017-03-15 11:02:51,139","INFO","Trial 83 - 11:02:51 - Unrewarded - /home/fet/stimuli/test_categories_box2/nonreward/Te_Stim_4_GraGra0201_370612150416.wav"
"2017-03-15 11:03:00,255","INFO","Trial 84 - 11:03:00 - Unrewarded - /home/fet/stimuli/test_categories_box2/nonreward/Ag_Stim_6_WhiLbl0010_121904220615.wav"
"2017-03-15 11:03:00,309","INFO","Trial 85 - 11:03:00 - Rewarded - /home/fet/stimuli/test_categories_box2/reward/Be_Stim_5_LblBlu6680_01_0301_0202_01.wav"
"2017-03-15 11:03:06,318","INFO","Supplying reward for 12.00 seconds"
"2017-03-15 11:03:43,391","INFO","Trial 86 - 11:03:43 - Unrewarded - /home/fet/stimuli/test_categories_box2/nonreward/Ag_Stim_3_BluRas61dd_121018170902.wav"
"2017-03-15 11:03:53,934","INFO","Trial 87 - 11:03:53 - Rewarded - /home/fet/stimuli/test_categories_box2/reward/Be_Stim_2_LblGre0000_120901.wav"
"2017-03-15 11:03:59,940","INFO","Supplying reward for 12.00 seconds"
"2017-03-15 11:04:38,144","INFO","Trial 88 - 11:04:38 - Unrewarded - /home/fet/stimuli/test_categories_box2/nonreward/Te_Stim_10_GreRas2400_243007211527.wav"
"2017-03-15 11:04:38,190","INFO","Trial 89 - 11:04:38 - Unrewarded - /home/fet/stimuli/test_categories_box2/nonreward/DC_Stim_5_WhiRas44dd_051512171130.wav"
"2017-03-15 11:04:48,986","INFO","Trial 90 - 11:04:48 - Unrewarded - /home/fet/stimuli/test_categories_box2/nonreward/Tu_Stim_1_YelOra2575_112024271721.wav"
"2017-03-15 11:04:49,041","INFO","Trial 91 - 11:04:49 - Unrewarded - /home/fet/stimuli/test_categories_box2/nonreward/Th_Stim_1_BlaBla0506_030102050404.wav"
"2017-03-15 11:04:59,574","INFO","Trial 92 - 11:04:59 - Rewarded - /home/fet/stimuli/test_categories_box2/reward/Be_Stim_3_LblBlu6379_03_0201_0205_01.wav"
"2017-03-15 11:05:05,580","INFO","Supplying reward for 12.00 seconds"
"2017-03-15 11:05:44,561","INFO","Trial 93 - 11:05:44 - Rewarded - /home/fet/stimuli/test_categories_box2/reward/Be_Stim_8_LblBlu6379_05_0101_0103_01.wav"
"2017-03-15 11:05:44,608","INFO","Trial 94 - 11:05:44 - Unrewarded - /home/fet/stimuli/test_categories_box2/nonreward/LT_Stim_9_WhiBlu3414_042514071206.wav"
"2017-03-15 11:05:56,227","INFO","Trial 95 - 11:05:56 - Rewarded - /home/fet/stimuli/test_categories_box2/reward/Be_Stim_7_LblBlu6379_01_0103_0102.wav"
"2017-03-15 11:05:56,281","INFO","Trial 96 - 11:05:56 - Unrewarded - /home/fet/stimuli/test_categories_box2/nonreward/Th_Stim_3_WhiRas44dd_502535433314.wav"
"2017-03-15 11:06:05,861","INFO","Trial 97 - 11:06:05 - Unrewarded - /home/fet/stimuli/test_categories_box2/nonreward/Wh_Stim_5_WhiBlu5698_070619151011.wav"
"2017-03-15 11:06:05,915","INFO","Trial 98 - 11:06:05 - Unrewarded - /home/fet/stimuli/test_categories_box2/nonreward/Di_Stim_9_YelOra2575_091109091111.wav"
"2017-03-15 11:06:19,664","INFO","Trial 99 - 11:06:19 - Unrewarded - /home/fet/stimuli/test_categories_box2/nonreward/Th_Stim_10_WhiBlu4818_050402030101.wav"
"2017-03-15 11:06:19,711","INFO","Trial 100 - 11:06:19 - Unrewarded - /home/fet/stimuli/test_categories_box2/nonreward/Tu_Stim_1_HPiHPi4748_220130250810.wav"
"2017-03-15 11:06:32,391","INFO","Trial 101 - 11:06:32 - Unrewarded - /home/fet/stimuli/test_categories_box2/nonreward/Te_Stim_4_WhiBlu4818_010415100312.wav"
"2017-03-15 11:06:32,445","INFO","Trial 102 - 11:06:32 - Unrewarded - /home/fet/stimuli/test_categories_box2/nonreward/Te_Stim_9_LblBla4548_281227092507.wav"
"2017-03-15 11:06:42,295","INFO","Trial 103 - 11:06:42 - Unrewarded - /home/fet/stimuli/test_categories_box2/nonreward/Wh_Stim_8_GreGre2522_010203030103.wav"
"2017-03-15 11:06:53,075","INFO","Trial 104 - 11:06:53 - Unrewarded - /home/fet/stimuli/test_categories_box2/nonreward/Th_Stim_2_LblRed0613_171115100114.wav"
"2017-03-15 11:06:53,130","INFO","Trial 105 - 11:06:53 - Unrewarded - /home/fet/stimuli/test_categories_box2/nonreward/Te_Stim_7_WhiBlu4917_160409190802.wav"
"2017-03-15 11:06:54,068","INFO","Trial 106 - 11:06:54 - Unrewarded - /home/fet/stimuli/test_categories_box2/nonreward/So_Stim_6_WhiBlu4818_092205.wav"
"2017-03-15 11:07:04,692","INFO","Trial 107 - 11:07:04 - Unrewarded - /home/fet/stimuli/test_categories_box2/nonreward/Di_Stim_1_HPiHPi4748_050303050505.wav"
"2017-03-15 11:07:16,673","INFO","Trial 108 - 11:07:16 - Unrewarded - /home/fet/stimuli/test_categories_box2/nonreward/DC_Stim_6_WhiBlu4917_010509181920.wav"
"2017-03-15 11:07:16,723","INFO","Trial 109 - 11:07:16 - Unrewarded - /home/fet/stimuli/test_categories_box2/nonreward/Ag_Stim_10_HPiHPi4748_402624200836.wav"
"2017-03-15 11:07:31,795","INFO","Trial 110 - 11:07:31 - Rewarded - /home/fet/stimuli/test_categories_box2/reward/Be_Stim_2_LblBlu1729_061309.wav"
"2017-03-15 11:07:31,845","INFO","Trial 111 - 11:07:31 - Unrewarded - /home/fet/stimuli/test_categories_box2/nonreward/Ne_Stim_9_BluRas07dd_112108010622.wav"
"2017-03-15 11:07:44,804","INFO","Trial 112 - 11:07:44 - Unrewarded - /home/fet/stimuli/test_categories_box2/nonreward/So_Stim_8_WhiLbl0010_070608.wav"
"2017-03-15 11:07:55,081","INFO","Trial 113 - 11:07:55 - Unrewarded - /home/fet/stimuli/test_categories_box2/nonreward/Ne_Stim_7_WhiBlu4917_080407091102.wav"
"2017-03-15 11:07:55,133","INFO","Trial 114 - 11:07:55 - Rewarded - /home/fet/stimuli/test_categories_box2/reward/Be_Stim_1_GraGre1001_061209.wav"
"2017-03-15 11:08:01,143","INFO","Supplying reward for 12.00 seconds"
"2017-03-15 11:08:49,307","INFO","Trial 115 - 11:08:49 - Unrewarded - /home/fet/stimuli/test_categories_box2/nonreward/Tu_Stim_3_GraGra0201_130208030717.wav"
"2017-03-15 11:09:00,362","INFO","Trial 116 - 11:09:00 - Unrewarded - /home/fet/stimuli/test_categories_box2/nonreward/Th_Stim_5_Unknown_11_070506030810.wav"
"2017-03-15 11:09:11,696","INFO","Trial 117 - 11:09:11 - Unrewarded - /home/fet/stimuli/test_categories_box2/nonreward/Tu_Stim_7_WhiLbl0010_162219152314.wav"
"2017-03-15 11:09:37,771","INFO","Trial 118 - 11:09:37 - Unrewarded - /home/fet/stimuli/test_categories_box2/nonreward/Di_Stim_7_BlaBla0506_010101010101.wav"
"2017-03-15 11:09:50,087","INFO","Trial 119 - 11:09:50 - Rewarded - /home/fet/stimuli/test_categories_box2/reward/Be_Stim_3_GraGre0813_011104.wav"
"2017-03-15 11:09:56,096","INFO","Supplying reward for 12.00 seconds"
"2017-03-15 11:10:38,911","INFO","Trial 120 - 11:10:38 - Unrewarded - /home/fet/stimuli/test_categories_box2/nonreward/LT_Stim_1_LblRas1800_030504020106.wav"
"2017-03-15 11:10:52,247","INFO","Trial 121 - 11:10:52 - Unrewarded - /home/fet/stimuli/test_categories_box2/nonreward/Tu_Stim_9_YelOra2575_260.08142216.wav"
"2017-03-15 11:11:13,214","INFO","Trial 122 - 11:11:13 - Unrewarded - /home/fet/stimuli/test_categories_box2/nonreward/DC_Stim_4_WhiGra0114_040712031114.wav"
"2017-03-15 11:11:27,099","INFO","Trial 123 - 11:11:27 - Rewarded - /home/fet/stimuli/test_categories_box2/reward/Be_Stim_9_WhiBlu0112_020118.wav"
"2017-03-15 11:11:33,104","INFO","Supplying reward for 12.00 seconds"
"2017-03-15 11:12:17,221","INFO","Trial 124 - 11:12:17 - Rewarded - /home/fet/stimuli/test_categories_box2/reward/Be_Stim_3_GraRas1500_020107.wav"
"2017-03-15 11:12:17,275","INFO","Trial 125 - 11:12:17 - Unrewarded - /home/fet/stimuli/test_categories_box2/nonreward/So_Stim_6_YelOra2575_141324.wav"
"2017-03-15 11:12:31,274","INFO","Trial 126 - 11:12:31 - Unrewarded - /home/fet/stimuli/test_categories_box2/nonreward/Di_Stim_6_YelOra2575_091111110911.wav"
"2017-03-15 11:12:31,329","INFO","Trial 127 - 11:12:31 - Unrewarded - /home/fet/stimuli/test_categories_box2/nonreward/Th_Stim_1_YelGre5275_401741063415.wav"
"2017-03-15 11:12:41,493","INFO","Trial 128 - 11:12:41 - Unrewarded - /home/fet/stimuli/test_categories_box2/nonreward/Te_Stim_10_GraGra0201_272822080418.wav"
"2017-03-15 11:12:41,544","INFO","Trial 129 - 11:12:41 - Unrewarded - /home/fet/stimuli/test_categories_box2/nonreward/Th_Stim_6_Unknown000_100107110804.wav"
"2017-03-15 11:12:52,769","INFO","Trial 130 - 11:12:52 - Unrewarded - /home/fet/stimuli/test_categories_box2/nonreward/Te_Stim_1_GraLbl0457_230721150412.wav"
"2017-03-15 11:13:05,180","INFO","Trial 131 - 11:13:05 - Unrewarded - /home/fet/stimuli/test_categories_box2/nonreward/Wh_Stim_6_HPiHPi4748_162919122711.wav"
"2017-03-15 11:13:16,095","INFO","Trial 132 - 11:13:16 - Unrewarded - /home/fet/stimuli/test_categories_box2/nonreward/Te_Stim_2_GraGra0201_203107162133.wav"
"2017-03-15 11:13:16,969","INFO","Trial 133 - 11:13:16 - Unrewarded - /home/fet/stimuli/test_categories_box2/nonreward/Di_Stim_4_WhiBlu4917_010101010101.wav"
"2017-03-15 11:13:33,192","INFO","Trial 134 - 11:13:33 - Rewarded - /home/fet/stimuli/test_categories_box2/reward/Be_Stim_2_LblBlu1927_111302.wav"
"2017-03-15 11:13:39,201","INFO","Supplying reward for 12.00 seconds"
"2017-03-15 11:14:13,241","INFO","Trial 135 - 11:14:13 - Rewarded - /home/fet/stimuli/test_categories_box2/reward/Be_Stim_7_LblBlu1927_030911.wav"
"2017-03-15 11:14:19,250","INFO","Supplying reward for 12.00 seconds"
"2017-03-15 11:15:09,404","INFO","Trial 136 - 11:15:09 - Unrewarded - /home/fet/stimuli/test_categories_box2/nonreward/So_Stim_3_BlaBla0506_150612.wav"
"2017-03-15 11:15:09,454","INFO","Trial 137 - 11:15:09 - Unrewarded - /home/fet/stimuli/test_categories_box2/nonreward/Ne_Stim_6_BlaLbl8026_30C-13252630C-14.wav"
"2017-03-15 11:15:21,970","INFO","Trial 138 - 11:15:21 - Unrewarded - /home/fet/stimuli/test_categories_box2/nonreward/Th_Stim_3_Unknown000_100305020104.wav"
"2017-03-15 11:15:49,588","INFO","Trial 139 - 11:15:49 - Unrewarded - /home/fet/stimuli/test_categories_box2/nonreward/LT_Stim_4_LblBlu6243_181430151320.wav"
"2017-03-15 11:16:23,809","INFO","Trial 140 - 11:16:23 - Unrewarded - /home/fet/stimuli/test_categories_box2/nonreward/Tu_Stim_5_BluRas07dd_101224200121.wav"
"2017-03-15 11:16:38,181","INFO","Trial 141 - 11:16:38 - Unrewarded - /home/fet/stimuli/test_categories_box2/nonreward/Ag_Stim_2_WhiRas44dd_053117211124.wav"
"2017-03-15 11:17:03,227","INFO","Trial 142 - 11:17:03 - Unrewarded - /home/fet/stimuli/test_categories_box2/nonreward/Th_Stim_9_Unknown_11_091101100507.wav"
"2017-03-15 11:17:03,282","INFO","Trial 143 - 11:17:03 - Rewarded - /home/fet/stimuli/test_categories_box2/reward/Be_Stim_5_LblBlu1729_060809.wav"
"2017-03-15 11:17:09,291","INFO","Supplying reward for 12.00 seconds"
"2017-03-15 11:17:56,113","INFO","Trial 144 - 11:17:56 - Rewarded - /home/fet/stimuli/test_categories_box2/reward/Be_Stim_1_LblBlu6680_01_0105_0106_01.wav"
"2017-03-15 11:18:02,122","INFO","Supplying reward for 12.00 seconds"
"2017-03-15 11:18:54,802","INFO","Trial 145 - 11:18:54 - Unrewarded - /home/fet/stimuli/test_categories_box2/nonreward/Th_Stim_9_WhiWhi1415_091814262105.wav"
"2017-03-15 11:19:07,487","INFO","Trial 146 - 11:19:07 - Unrewarded - /home/fet/stimuli/test_categories_box2/nonreward/Di_Stim_6_BlaLbl8026_010302010302.wav"
"2017-03-15 11:19:19,398","INFO","Trial 147 - 11:19:19 - Unrewarded - /home/fet/stimuli/test_categories_box2/nonreward/DC_Stim_9_WhiBlu4917_092220010608.wav"
"2017-03-15 11:19:31,510","INFO","Trial 148 - 11:19:31 - Unrewarded - /home/fet/stimuli/test_categories_box2/nonreward/Di_Stim_9_WhiBlu4917_010101010101.wav"
"2017-03-15 11:19:50,473","INFO","Trial 149 - 11:19:50 - Unrewarded - /home/fet/stimuli/test_categories_box2/nonreward/Tu_Stim_6_BluRas07dd_021511082118.wav"
"2017-03-15 13:09:32,267","INFO","Trial 150 - 13:09:32 - Unrewarded - /home/fet/stimuli/test_categories_box2/nonreward/Ne_Stim_1_WhiGra0114_020203030202.wav"
"2017-03-15 13:09:32,309","INFO","Trial 151 - 13:09:32 - Unrewarded - /home/fet/stimuli/test_categories_box2/nonreward/So_Stim_7_WhiLbl0010_060408.wav"
"2017-03-15 13:09:44,128","INFO","Trial 152 - 13:09:44 - Unrewarded - /home/fet/stimuli/test_categories_box2/nonreward/LT_Stim_4_LblBlu1927_010101010101.wav"
"2017-03-15 13:09:44,184","INFO","Trial 153 - 13:09:44 - Unrewarded - /home/fet/stimuli/test_categories_box2/nonreward/Te_Stim_3_GraGra0201_131030153621.wav"
"2017-03-15 13:09:54,478","INFO","Trial 154 - 13:09:54 - Unrewarded - /home/fet/stimuli/test_categories_box2/nonreward/Th_Stim_6_WhiRas44dd_333532153134.wav"
"2017-03-15 13:10:05,398","INFO","Trial 155 - 13:10:05 - Rewarded - /home/fet/stimuli/test_categories_box2/reward/Be_Stim_9_GraRas1500_020406.wav"
"2017-03-15 13:10:05,447","INFO","Trial 156 - 13:10:05 - Unrewarded - /home/fet/stimuli/test_categories_box2/nonreward/Di_Stim_3_WhiBlu4917_010101010101.wav"
"2017-03-15 13:10:15,834","INFO","Trial 157 - 13:10:15 - Unrewarded - /home/fet/stimuli/test_categories_box2/nonreward/Di_Stim_8_WhiWhi1415_020202020202.wav"
"2017-03-15 13:10:15,884","INFO","Trial 158 - 13:10:15 - Rewarded - /home/fet/stimuli/test_categories_box2/reward/Be_Stim_3_LblGre0000_100702.wav"
"2017-03-15 13:10:21,892","INFO","Supplying reward for 12.00 seconds"
"2017-03-15 13:11:05,266","INFO","Trial 159 - 13:11:05 - Unrewarded - /home/fet/stimuli/test_categories_box2/nonreward/Tu_Stim_4_LblRed0613_010302060807.wav"
"2017-03-15 13:11:05,325","INFO","Trial 160 - 13:11:05 - Rewarded - /home/fet/stimuli/test_categories_box2/reward/Be_Stim_7_LblGre0000_110608.wav"
"2017-03-15 13:11:11,332","INFO","Supplying reward for 12.00 seconds"
"2017-03-15 13:12:01,173","INFO","Trial 161 - 13:12:01 - Unrewarded - /home/fet/stimuli/test_categories_box2/nonreward/Ag_Stim_4_YelOra2575_100423201918.wav"
"2017-03-15 13:12:11,765","INFO","Trial 162 - 13:12:11 - Unrewarded - /home/fet/stimuli/test_categories_box2/nonreward/LT_Stim_7_LblBlu1630_081209071113.wav"
"2017-03-15 13:12:23,405","INFO","Trial 163 - 13:12:23 - Unrewarded - /home/fet/stimuli/test_categories_box2/nonreward/Ag_Stim_8_BlaLbl8026_222124060203.wav"
"2017-03-15 13:12:23,460","INFO","Trial 164 - 13:12:23 - Rewarded - /home/fet/stimuli/test_categories_box2/reward/Be_Stim_1_LblGre0000_120801.wav"
"2017-03-15 13:12:29,468","INFO","Supplying reward for 12.00 seconds"
"2017-03-15 13:13:04,404","INFO","Trial 165 - 13:13:04 - Unrewarded - /home/fet/stimuli/test_categories_box2/nonreward/Th_Stim_6_YelGre5275_081511170210.wav"
"2017-03-15 13:13:05,224","INFO","Trial 166 - 13:13:05 - Unrewarded - /home/fet/stimuli/test_categories_box2/nonreward/Wh_Stim_9_WhiWhi1415_010101010101.wav"
"2017-03-15 13:13:15,938","INFO","Trial 167 - 13:13:15 - Unrewarded - /home/fet/stimuli/test_categories_box2/nonreward/Tu_Stim_9_GraGra0201_091501101119.wav"
"2017-03-15 13:13:15,992","INFO","Trial 168 - 13:13:15 - Unrewarded - /home/fet/stimuli/test_categories_box2/nonreward/Wh_Stim_6_YelGre5275_081009021205.wav"
"2017-03-15 13:13:27,455","INFO","Trial 169 - 13:13:27 - Unrewarded - /home/fet/stimuli/test_categories_box2/nonreward/Tu_Stim_4_YelOra2575_121116151027.wav"
"2017-03-15 13:13:28,412","INFO","Trial 170 - 13:13:28 - Unrewarded - /home/fet/stimuli/test_categories_box2/nonreward/Te_Stim_3_BlaBla0506_151112221008.wav"
"2017-03-15 13:13:28,464","INFO","Trial 171 - 13:13:28 - Rewarded - /home/fet/stimuli/test_categories_box2/reward/Be_Stim_2_LblBlu6680_11_0307_0108.wav"
"2017-03-15 13:13:34,472","INFO","Supplying reward for 12.00 seconds"
"2017-03-15 13:15:06,937","INFO","Trial 172 - 13:15:06 - Unrewarded - /home/fet/stimuli/test_categories_box2/nonreward/Th_Stim_4_Unknown000_050607090203.wav"
"2017-03-15 13:15:06,992","INFO","Trial 173 - 13:15:06 - Unrewarded - /home/fet/stimuli/test_categories_box2/nonreward/Di_Stim_7_WhiBlu4818_060606060606.wav"
"2017-03-15 13:15:17,062","INFO","Trial 174 - 13:15:17 - Unrewarded - /home/fet/stimuli/test_categories_box2/nonreward/DC_Stim_2_WhiWhi1415_040103020501.wav"
"2017-03-15 13:15:17,912","INFO","Trial 175 - 13:15:17 - Rewarded - /home/fet/stimuli/test_categories_box2/reward/Be_Stim_4_GraGre0813_020711.wav"
"2017-03-15 13:15:17,961","INFO","Trial 176 - 13:15:17 - Unrewarded - /home/fet/stimuli/test_categories_box2/nonreward/LT_Stim_8_LblBlu1927_010101010101.wav"
"2017-03-15 13:15:28,092","INFO","Trial 177 - 13:15:28 - Unrewarded - /home/fet/stimuli/test_categories_box2/nonreward/DC_Stim_3_YelOra2575_422836491139.wav"
"2017-03-15 13:15:37,500","INFO","Trial 178 - 13:15:37 - Unrewarded - /home/fet/stimuli/test_categories_box2/nonreward/Ag_Stim_1_GreGre2522_010201010102.wav"
"2017-03-15 13:15:37,555","INFO","Trial 179 - 13:15:37 - Unrewarded - /home/fet/stimuli/test_categories_box2/nonreward/Tu_Stim_2_YelGre5275_250507302012.wav"
"2017-03-15 13:15:55,677","INFO","Trial 180 - 13:15:55 - Rewarded - /home/fet/stimuli/test_categories_box2/reward/Be_Stim_5_WhiBlu0112_170715.wav"
"2017-03-15 13:16:01,694","INFO","Supplying reward for 12.00 seconds"
"2017-03-15 13:16:49,819","INFO","Trial 181 - 13:16:49 - Unrewarded - /home/fet/stimuli/test_categories_box2/nonreward/Th_Stim_9_WhiBlu4818_020301040501.wav"
"2017-03-15 13:16:49,870","INFO","Trial 182 - 13:16:49 - Unrewarded - /home/fet/stimuli/test_categories_box2/nonreward/Ag_Stim_3_WhiGra0114_010101010101.wav"
"2017-03-15 13:17:00,178","INFO","Trial 183 - 13:17:00 - Unrewarded - /home/fet/stimuli/test_categories_box2/nonreward/So_Stim_10_BlaBla0506_060815.wav"
"2017-03-15 13:17:00,232","INFO","Trial 184 - 13:17:00 - Unrewarded - /home/fet/stimuli/test_categories_box2/nonreward/Tu_Stim_3_WhiLbl0010_050806211014.wav"
"2017-03-15 13:17:10,389","INFO","Trial 185 - 13:17:10 - Unrewarded - /home/fet/stimuli/test_categories_box2/nonreward/LT_Stim_3_LblBlu6680_082809043121.wav"
"2017-03-15 13:17:21,066","INFO","Trial 186 - 13:17:21 - Unrewarded - /home/fet/stimuli/test_categories_box2/nonreward/LT_Stim_5_LblBlu1630_071106020410.wav"
"2017-03-15 13:17:32,514","INFO","Trial 187 - 13:17:32 - Unrewarded - /home/fet/stimuli/test_categories_box2/nonreward/LT_Stim_8_LblGre0001_060403080211.wav"
"2017-03-15 13:17:43,708","INFO","Trial 188 - 13:17:43 - Unrewarded - /home/fet/stimuli/test_categories_box2/nonreward/Ne_Stim_4_YelGre5275_281614241726.wav"
"2017-03-15 13:17:55,266","INFO","Trial 189 - 13:17:55 - Unrewarded - /home/fet/stimuli/test_categories_box2/nonreward/Tu_Stim_7_GreOra1817_080411010715.wav"
"2017-03-15 13:18:06,296","INFO","Trial 190 - 13:18:06 - Unrewarded - /home/fet/stimuli/test_categories_box2/nonreward/Ne_Stim_8_LblBla4419_275750223930.wav"
"2017-03-15 13:18:32,751","INFO","Trial 191 - 13:18:32 - Unrewarded - /home/fet/stimuli/test_categories_box2/nonreward/Ne_Stim_4_LblBla4419_564417184555.wav"
"2017-03-15 13:18:32,805","INFO","Trial 192 - 13:18:32 - Unrewarded - /home/fet/stimuli/test_categories_box2/nonreward/DC_Stim_9_WhiWhi1415_040501020301.wav"
"2017-03-15 13:18:45,075","INFO","Trial 193 - 13:18:45 - Unrewarded - /home/fet/stimuli/test_categories_box2/nonreward/Ag_Stim_8_GreGre2522_020102010102.wav"
"2017-03-15 13:18:55,916","INFO","Trial 194 - 13:18:55 - Unrewarded - /home/fet/stimuli/test_categories_box2/nonreward/Wh_Stim_7_HPiHPi4748_062823220124.wav"
"2017-03-15 13:19:05,983","INFO","Trial 195 - 13:19:05 - Unrewarded - /home/fet/stimuli/test_categories_box2/nonreward/LT_Stim_5_LblBlu1927_010101010101.wav"
"2017-03-15 13:19:23,488","INFO","Trial 196 - 13:19:23 - Unrewarded - /home/fet/stimuli/test_categories_box2/nonreward/DC_Stim_1_BlaLbl8026_233524343630.wav"
"2017-03-15 13:19:23,530","INFO","Trial 197 - 13:19:23 - Unrewarded - /home/fet/stimuli/test_categories_box2/nonreward/Ne_Stim_10_HPiHPi4748_361038112933.wav"
"2017-03-15 13:19:34,182","INFO","Trial 198 - 13:19:34 - Unrewarded - /home/fet/stimuli/test_categories_box2/nonreward/Ne_Stim_3_Unknown000_010101010101.wav"
"2017-03-15 13:19:46,067","INFO","Trial 199 - 13:19:46 - Unrewarded - /home/fet/stimuli/test_categories_box2/nonreward/Di_Stim_8_Unknown_11_010202010202.wav"
"2017-03-15 13:20:01,680","INFO","Trial 200 - 13:20:01 - Rewarded - /home/fet/stimuli/test_categories_box2/reward/Be_Stim_9_LblGre0000_011107.wav"
"2017-03-15 13:20:01,736","INFO","Trial 201 - 13:20:01 - Rewarded - /home/fet/stimuli/test_categories_box2/reward/Be_Stim_7_GraRas1500_040104.wav"
"2017-03-15 13:20:07,746","INFO","Supplying reward for 12.00 seconds"
"2017-03-15 13:20:46,855","INFO","Trial 202 - 13:20:46 - Unrewarded - /home/fet/stimuli/test_categories_box2/nonreward/Tu_Stim_2_WhiLbl0010_252106021019.wav"
"2017-03-15 13:20:46,910","INFO","Trial 203 - 13:20:46 - Unrewarded - /home/fet/stimuli/test_categories_box2/nonreward/LT_Stim_10_LblBlu2028_021210031301.wav"
"2017-03-15 13:21:05,667","INFO","Trial 204 - 13:21:05 - Rewarded - /home/fet/stimuli/test_categories_box2/reward/Be_Stim_8_GraGre1001_161407.wav"
"2017-03-15 13:21:11,675","INFO","Supplying reward for 12.00 seconds"
"2017-03-15 13:21:52,185","INFO","Trial 205 - 13:21:52 - Unrewarded - /home/fet/stimuli/test_categories_box2/nonreward/LT_Stim_2_LblBlu1630_071308061103.wav"
"2017-03-15 13:21:52,240","INFO","Trial 206 - 13:21:52 - Unrewarded - /home/fet/stimuli/test_categories_box2/nonreward/Ne_Stim_7_WhiGra0114_030202030202.wav"
"2017-03-15 13:22:02,187","INFO","Trial 207 - 13:22:02 - Unrewarded - /home/fet/stimuli/test_categories_box2/nonreward/Wh_Stim_6_GraGra0201_010504060502.wav"
"2017-03-15 13:22:02,237","INFO","Trial 208 - 13:22:02 - Unrewarded - /home/fet/stimuli/test_categories_box2/nonreward/Wh_Stim_10_BlaLbl8026_073209080909.wav"
"2017-03-15 13:22:12,500","INFO","Trial 209 - 13:22:12 - Unrewarded - /home/fet/stimuli/test_categories_box2/nonreward/Ag_Stim_8_WhiGra0114_010101010101.wav"
"2017-03-15 13:22:12,559","INFO","Trial 210 - 13:22:12 - Unrewarded - /home/fet/stimuli/test_categories_box2/nonreward/Tu_Stim_3_GraLbl0457_121406151113.wav"
"2017-03-15 13:22:13,566","INFO","Trial 211 - 13:22:13 - Unrewarded - /home/fet/stimuli/test_categories_box2/nonreward/Di_Stim_2_Unknown000_020102020102.wav"
"2017-03-15 13:22:13,615","INFO","Trial 212 - 13:22:13 - Unrewarded - /home/fet/stimuli/test_categories_box2/nonreward/Te_Stim_9_HPiHPi4748_261602072709.wav"
"2017-03-15 13:22:21,338","INFO","Trial 213 - 13:22:21 - Unrewarded - /home/fet/stimuli/test_categories_box2/nonreward/Tu_Stim_4_GraGra0201_041301211619.wav"
"2017-03-15 13:22:22,056","INFO","Trial 214 - 13:22:22 - Rewarded - /home/fet/stimuli/test_categories_box2/reward/Be_Stim_2_WhiBlu0112_120817.wav"
"2017-03-15 13:22:28,064","INFO","Supplying reward for 12.00 seconds"
"2017-03-15 13:23:16,601","INFO","Trial 215 - 13:23:16 - Unrewarded - /home/fet/stimuli/test_categories_box2/nonreward/Ag_Stim_6_BluRas61dd_151017091204.wav"
"2017-03-15 13:23:26,206","INFO","Trial 216 - 13:23:26 - Unrewarded - /home/fet/stimuli/test_categories_box2/nonreward/Th_Stim_1_WhiWhi1415_010525190603.wav"
"2017-03-15 13:23:26,257","INFO","Trial 217 - 13:23:26 - Unrewarded - /home/fet/stimuli/test_categories_box2/nonreward/DC_Stim_1_GreGre6364_140104160512.wav"
"2017-03-15 13:23:36,245","INFO","Trial 218 - 13:23:36 - Rewarded - /home/fet/stimuli/test_categories_box2/reward/Be_Stim_8_LblBlu1729_101409.wav"
"2017-03-15 13:23:42,253","INFO","Supplying reward for 12.00 seconds"
"2017-03-15 13:24:15,899","INFO","Trial 219 - 13:24:15 - Unrewarded - /home/fet/stimuli/test_categories_box2/nonreward/Te_Stim_2_GreRas2400_243128191016.wav"
"2017-03-15 13:24:30,828","INFO","Trial 220 - 13:24:30 - Unrewarded - /home/fet/stimuli/test_categories_box2/nonreward/Te_Stim_6_GreRas2400_231620251719.wav"
"2017-03-15 13:24:30,883","INFO","Trial 221 - 13:24:30 - Rewarded - /home/fet/stimuli/test_categories_box2/reward/Be_Stim_10_LblBlu1927_081102.wav"
"2017-03-15 13:24:36,890","INFO","Supplying reward for 12.00 seconds"
"2017-03-15 13:25:06,440","INFO","Trial 222 - 13:25:06 - Unrewarded - /home/fet/stimuli/test_categories_box2/nonreward/Te_Stim_9_BlaBla0506_121506111713.wav"
"2017-03-15 13:25:06,486","INFO","Trial 223 - 13:25:06 - Rewarded - /home/fet/stimuli/test_categories_box2/reward/Be_Stim_5_LblBlu1927_081203.wav"
"2017-03-15 13:25:12,494","INFO","Supplying reward for 12.00 seconds"
"2017-03-15 13:25:57,358","INFO","Trial 224 - 13:25:57 - Unrewarded - /home/fet/stimuli/test_categories_box2/nonreward/So_Stim_5_LblBla4419_020510.wav"
"2017-03-15 13:25:57,416","INFO","Trial 225 - 13:25:57 - Unrewarded - /home/fet/stimuli/test_categories_box2/nonreward/Ne_Stim_3_BlaLbl8026_191031023132.wav"
"2017-03-15 13:26:13,143","INFO","Trial 226 - 13:26:13 - Unrewarded - /home/fet/stimuli/test_categories_box2/nonreward/So_Stim_7_YelOra2575_242619.wav"
"2017-03-15 13:26:23,185","INFO","Trial 227 - 13:26:23 - Unrewarded - /home/fet/stimuli/test_categories_box2/nonreward/Th_Stim_3_WhiBlu5698_070406010401.wav"
"2017-03-15 13:26:23,240","INFO","Trial 228 - 13:26:23 - Unrewarded - /home/fet/stimuli/test_categories_box2/nonreward/Wh_Stim_3_WhiBlu5698_111918070604.wav"
"2017-03-15 13:26:34,985","INFO","Trial 229 - 13:26:34 - Unrewarded - /home/fet/stimuli/test_categories_box2/nonreward/LT_Stim_4_LblBlu1630_061507021213.wav"
"2017-03-15 13:26:44,999","INFO","Trial 230 - 13:26:44 - Unrewarded - /home/fet/stimuli/test_categories_box2/nonreward/Wh_Stim_3_LblBla4548_180509121604.wav"
"2017-03-15 13:26:45,050","INFO","Trial 231 - 13:26:45 - Unrewarded - /home/fet/stimuli/test_categories_box2/nonreward/Di_Stim_9_HPiHPi4748_050305050505.wav"
"2017-03-15 13:26:56,508","INFO","Trial 232 - 13:26:56 - Unrewarded - /home/fet/stimuli/test_categories_box2/nonreward/DC_Stim_7_YelOra2575_463907083709.wav"
"2017-03-15 13:26:56,559","INFO","Trial 233 - 13:26:56 - Rewarded - /home/fet/stimuli/test_categories_box2/reward/Be_Stim_9_LblBlu6243_06_0106_0210_01.wav"
"2017-03-15 13:27:02,566","INFO","Supplying reward for 12.00 seconds"
"2017-03-15 13:27:40,050","INFO","Trial 234 - 13:27:40 - Unrewarded - /home/fet/stimuli/test_categories_box2/nonreward/Te_Stim_3_YelOra2575_112928191623.wav"
"2017-03-15 13:27:55,761","INFO","Trial 235 - 13:27:55 - Unrewarded - /home/fet/stimuli/test_categories_box2/nonreward/DC_Stim_9_GraGra0201_384722161735.wav"
"2017-03-15 13:28:05,468","INFO","Trial 236 - 13:28:05 - Unrewarded - /home/fet/stimuli/test_categories_box2/nonreward/DC_Stim_1_WhiLbl0010_192718071317.wav"
"2017-03-15 13:28:06,452","INFO","Trial 237 - 13:28:06 - Unrewarded - /home/fet/stimuli/test_categories_box2/nonreward/Te_Stim_1_BlaBla0506_161322051208.wav"
"2017-03-15 13:28:06,505","INFO","Trial 238 - 13:28:06 - Unrewarded - /home/fet/stimuli/test_categories_box2/nonreward/DC_Stim_2_WhiRas44dd_251630191120.wav"
"2017-03-15 13:28:17,923","INFO","Trial 239 - 13:28:17 - Unrewarded - /home/fet/stimuli/test_categories_box2/nonreward/DC_Stim_10_GraGra0201_274342301631.wav"
"2017-03-15 13:28:17,977","INFO","Trial 240 - 13:28:17 - Unrewarded - /home/fet/stimuli/test_categories_box2/nonreward/Di_Stim_2_HPiHPi4748_030505050505.wav"
"2017-03-15 13:28:31,406","INFO","Trial 241 - 13:28:31 - Rewarded - /home/fet/stimuli/test_categories_box2/reward/Be_Stim_10_WhiBlu0112_070806.wav"
"2017-03-15 13:28:31,456","INFO","Trial 242 - 13:28:31 - Rewarded - /home/fet/stimuli/test_categories_box2/reward/Be_Stim_4_LblGre0001_0811_0207.wav"
"2017-03-15 13:28:37,464","INFO","Supplying reward for 12.00 seconds"
"2017-03-15 13:29:12,945","INFO","Trial 243 - 13:29:12 - Unrewarded - /home/fet/stimuli/test_categories_box2/nonreward/Tu_Stim_2_GraGra0201_100603201108.wav"
"2017-03-15 13:29:13,004","INFO","Trial 244 - 13:29:13 - Rewarded - /home/fet/stimuli/test_categories_box2/reward/Be_Stim_2_GraGre0813_100105.wav"
"2017-03-15 13:29:19,011","INFO","Supplying reward for 12.00 seconds"
"2017-03-15 13:29:42,987","INFO","Trial 245 - 13:29:42 - Rewarded - /home/fet/stimuli/test_categories_box2/reward/Be_Stim_5_LblBlu6243_07_010304_02.wav"
"2017-03-15 13:29:48,996","INFO","Supplying reward for 12.00 seconds"
"2017-03-15 15:21:49,912","INFO","Trial 246 - 15:21:49 - Unrewarded - /home/fet/stimuli/test_categories_box2/nonreward/Te_Stim_9_GraLbl0457_121108102527.wav"
"2017-03-15 15:21:49,950","INFO","Trial 247 - 15:21:49 - Unrewarded - /home/fet/stimuli/test_categories_box2/nonreward/LT_Stim_4_WhiBlu3513_050104030602.wav"
"2017-03-15 15:22:00,716","INFO","Trial 248 - 15:22:00 - Rewarded - /home/fet/stimuli/test_categories_box2/reward/Be_Stim_5_LblGre0000_120902.wav"
"2017-03-15 15:22:00,767","INFO","Trial 249 - 15:22:00 - Unrewarded - /home/fet/stimuli/test_categories_box2/nonreward/DC_Stim_4_LblBla4419_110728100802.wav"
"2017-03-15 15:22:12,049","INFO","Trial 250 - 15:22:12 - Unrewarded - /home/fet/stimuli/test_categories_box2/nonreward/LT_Stim_2_WhiBlu3513_060205040103.wav"
"2017-03-15 15:22:12,108","INFO","Trial 251 - 15:22:12 - Unrewarded - /home/fet/stimuli/test_categories_box2/nonreward/Ag_Stim_6_WhiGra0114_010101010101.wav"
"2017-03-15 15:22:21,703","INFO","Trial 252 - 15:22:21 - Unrewarded - /home/fet/stimuli/test_categories_box2/nonreward/LT_Stim_3_LblBlu2028_131109120804.wav"
"2017-03-15 15:22:21,757","INFO","Trial 253 - 15:22:21 - Unrewarded - /home/fet/stimuli/test_categories_box2/nonreward/Th_Stim_5_WhiBlu4917_070402030108.wav"
"2017-03-15 15:22:31,332","INFO","Trial 254 - 15:22:31 - Unrewarded - /home/fet/stimuli/test_categories_box2/nonreward/Th_Stim_4_WhiWhi1415_181228031714.wav"
"2017-03-15 15:22:31,387","INFO","Trial 255 - 15:22:31 - Unrewarded - /home/fet/stimuli/test_categories_box2/nonreward/So_Stim_4_YelGre5275_273530.wav"
"2017-03-15 15:22:45,867","INFO","Trial 256 - 15:22:45 - Unrewarded - /home/fet/stimuli/test_categories_box2/nonreward/DC_Stim_9_BlaLbl8026_391830082319.wav"
"2017-03-15 15:22:55,951","INFO","Trial 257 - 15:22:55 - Rewarded - /home/fet/stimuli/test_categories_box2/reward/Be_Stim_10_GraGre0813_010614.wav"
"2017-03-15 15:22:55,989","INFO","Trial 258 - 15:22:55 - Unrewarded - /home/fet/stimuli/test_categories_box2/nonreward/Ne_Stim_6_GraLbl0457_311135041918.wav"
"2017-03-15 15:23:07,013","INFO","Trial 259 - 15:23:07 - Unrewarded - /home/fet/stimuli/test_categories_box2/nonreward/Ne_Stim_6_Unknown01F_010201020101.wav"
"2017-03-15 15:23:07,064","INFO","Trial 260 - 15:23:07 - Unrewarded - /home/fet/stimuli/test_categories_box2/nonreward/LT_Stim_6_LblBlu6379_181301042310.wav"
"2017-03-15 15:23:17,552","INFO","Trial 261 - 15:23:17 - Unrewarded - /home/fet/stimuli/test_categories_box2/nonreward/Ne_Stim_2_YelOra2575_252026181423.wav"
"2017-03-15 15:23:44,747","INFO","Trial 262 - 15:23:44 - Unrewarded - /home/fet/stimuli/test_categories_box2/nonreward/LT_Stim_5_LblRas1800_030106040205.wav"
"2017-03-15 15:24:06,704","INFO","Trial 263 - 15:24:06 - Unrewarded - /home/fet/stimuli/test_categories_box2/nonreward/Ne_Stim_1_HPiHPi4748_303802061727.wav"
"2017-03-15 15:24:17,607","INFO","Trial 264 - 15:24:17 - Rewarded - /home/fet/stimuli/test_categories_box2/reward/Be_Stim_4_LblBlu2028_0203_0104_02.wav"
"2017-03-15 15:24:23,612","INFO","Supplying reward for 12.00 seconds"
"2017-03-15 15:24:55,001","INFO","Trial 265 - 15:24:55 - Unrewarded - /home/fet/stimuli/test_categories_box2/nonreward/Di_Stim_3_YelOra2575_091111111111.wav"
"2017-03-15 15:24:55,052","INFO","Trial 266 - 15:24:55 - Unrewarded - /home/fet/stimuli/test_categories_box2/nonreward/Ag_Stim_2_BlaLbl8026_060402202124.wav"
"2017-03-15 15:25:06,878","INFO","Trial 267 - 15:25:06 - Unrewarded - /home/fet/stimuli/test_categories_box2/nonreward/Te_Stim_8_LblRed0613_060219290904.wav"
"2017-03-15 15:25:06,933","INFO","Trial 268 - 15:25:06 - Unrewarded - /home/fet/stimuli/test_categories_box2/nonreward/Th_Stim_5_HPiHPi4748_171125212901.wav"
"2017-03-15 15:25:19,530","INFO","Trial 269 - 15:25:19 - Unrewarded - /home/fet/stimuli/test_categories_box2/nonreward/DC_Stim_7_WhiLbl0010_070908141504.wav"
"2017-03-15 15:25:30,142","INFO","Trial 270 - 15:25:30 - Unrewarded - /home/fet/stimuli/test_categories_box2/nonreward/Te_Stim_4_GreWhi1242_180121201417.wav"
"2017-03-15 15:25:30,196","INFO","Trial 271 - 15:25:30 - Rewarded - /home/fet/stimuli/test_categories_box2/reward/Be_Stim_7_GraGre0813_021602.wav"
"2017-03-15 15:25:36,204","INFO","Supplying reward for 12.00 seconds"
"2017-03-15 15:26:16,382","INFO","Trial 272 - 15:26:16 - Unrewarded - /home/fet/stimuli/test_categories_box2/nonreward/DC_Stim_2_PurRas20dd_052913081011.wav"
"2017-03-15 15:26:17,805","INFO","Trial 273 - 15:26:17 - Unrewarded - /home/fet/stimuli/test_categories_box2/nonreward/Th_Stim_2_WhiBlu4818_010405030205.wav"
"2017-03-15 15:26:31,267","INFO","Trial 274 - 15:26:31 - Unrewarded - /home/fet/stimuli/test_categories_box2/nonreward/Tu_Stim_4_GreOra1817_090501080702.wav"
"2017-03-15 15:26:31,321","INFO","Trial 275 - 15:26:31 - Unrewarded - /home/fet/stimuli/test_categories_box2/nonreward/So_Stim_9_BlaBla0506_120608.wav"
"2017-03-15 15:26:32,459","INFO","Trial 276 - 15:26:32 - Rewarded - /home/fet/stimuli/test_categories_box2/reward/Be_Stim_2_LblGre0001_11_0103_0311_03.wav"
"2017-03-15 15:26:38,467","INFO","Supplying reward for 12.00 seconds"
"2017-03-15 15:28:34,723","INFO","Trial 277 - 15:28:34 - Rewarded - /home/fet/stimuli/test_categories_box2/reward/Be_Stim_6_LblBlu2028_0804_0210.wav"
"2017-03-15 15:28:34,782","INFO","Trial 278 - 15:28:34 - Unrewarded - /home/fet/stimuli/test_categories_box2/nonreward/Wh_Stim_2_GraGra0201_040501060205.wav"
"2017-03-15 15:28:48,907","INFO","Trial 279 - 15:28:48 - Unrewarded - /home/fet/stimuli/test_categories_box2/nonreward/LT_Stim_1_WhiBlu3414_121522102319.wav"
"2017-03-15 15:28:48,957","INFO","Trial 280 - 15:28:48 - Rewarded - /home/fet/stimuli/test_categories_box2/reward/Be_Stim_1_WhiBlu0112_100120.wav"
"2017-03-15 15:28:54,965","INFO","Supplying reward for 12.00 seconds"
"2017-03-15 15:29:34,259","INFO","Trial 281 - 15:29:34 - Unrewarded - /home/fet/stimuli/test_categories_box2/nonreward/So_Stim_6_WhiBlu5698_241831.wav"
"2017-03-15 15:29:46,431","INFO","Trial 282 - 15:29:46 - Rewarded - /home/fet/stimuli/test_categories_box2/reward/Be_Stim_1_LblBlu6243_05_0208_0101.wav"
"2017-03-15 15:29:52,440","INFO","Supplying reward for 12.00 seconds"
"2017-03-15 15:30:29,993","INFO","Trial 283 - 15:30:29 - Rewarded - /home/fet/stimuli/test_categories_box2/reward/Be_Stim_4_LblBlu6680_03_0101_0306_02.wav"
"2017-03-15 15:30:36,003","INFO","Supplying reward for 12.00 seconds"
"2017-03-15 15:31:20,408","INFO","Trial 284 - 15:31:20 - Unrewarded - /home/fet/stimuli/test_categories_box2/nonreward/Di_Stim_4_BlaLbl8026_020301020201.wav"
"2017-03-15 15:31:35,549","INFO","Trial 285 - 15:31:35 - Rewarded - /home/fet/stimuli/test_categories_box2/reward/Be_Stim_2_LblBlu6243_09_0308_0205_02.wav"
"2017-03-15 15:31:41,554","INFO","Supplying reward for 12.00 seconds"
"2017-03-15 15:32:23,670","INFO","Trial 286 - 15:32:23 - Unrewarded - /home/fet/stimuli/test_categories_box2/nonreward/Di_Stim_1_WhiBlu4818_060606060606.wav"
"2017-03-15 15:32:33,205","INFO","Trial 287 - 15:32:33 - Unrewarded - /home/fet/stimuli/test_categories_box2/nonreward/Ne_Stim_3_WhiLbl0010_390710233133.wav"
"2017-03-15 15:32:46,270","INFO","Trial 288 - 15:32:46 - Unrewarded - /home/fet/stimuli/test_categories_box2/nonreward/DC_Stim_8_WhiRas44dd_170603020921.wav"
"2017-03-15 15:32:47,149","INFO","Trial 289 - 15:32:47 - Unrewarded - /home/fet/stimuli/test_categories_box2/nonreward/Ne_Stim_5_Unknown01F_010201020102.wav"
"2017-03-15 15:33:08,162","INFO","Trial 290 - 15:33:08 - Unrewarded - /home/fet/stimuli/test_categories_box2/nonreward/LT_Stim_7_WhiBlu3414_140712221502.wav"
"2017-03-15 15:33:18,196","INFO","Trial 291 - 15:33:18 - Unrewarded - /home/fet/stimuli/test_categories_box2/nonreward/Ag_Stim_8_WhiLbl0010_090803262713.wav"
"2017-03-15 15:33:29,492","INFO","Trial 292 - 15:33:29 - Rewarded - /home/fet/stimuli/test_categories_box2/reward/Be_Stim_3_WhiBlu0112_020406.wav"
"2017-03-15 15:33:35,497","INFO","Supplying reward for 12.00 seconds"
"2017-03-15 15:34:52,406","INFO","Trial 293 - 15:34:52 - Rewarded - /home/fet/stimuli/test_categories_box2/reward/Be_Stim_3_LblBlu1927_021315.wav"
"2017-03-15 15:34:58,416","INFO","Supplying reward for 12.00 seconds"
"2017-03-15 15:35:41,258","INFO","Trial 294 - 15:35:41 - Rewarded - /home/fet/stimuli/test_categories_box2/reward/Be_Stim_9_GraGre1001_080418.wav"
"2017-03-15 15:35:47,264","INFO","Supplying reward for 12.00 seconds"
"2017-03-15 15:36:34,492","INFO","Trial 295 - 15:36:34 - Unrewarded - /home/fet/stimuli/test_categories_box2/nonreward/Te_Stim_6_GreWhi1242_060307160119.wav"
"2017-03-15 15:36:34,547","INFO","Trial 296 - 15:36:34 - Unrewarded - /home/fet/stimuli/test_categories_box2/nonreward/Tu_Stim_5_WhiRas44dd_060302170401.wav"
"2017-03-15 15:36:39,823","INFO","Trial 297 - 15:36:39 - Unrewarded - /home/fet/stimuli/test_categories_box2/nonreward/Ag_Stim_8_BlaBla0506_040509101207.wav"
"2017-03-15 15:36:59,704","INFO","Trial 298 - 15:36:59 - Unrewarded - /home/fet/stimuli/test_categories_box2/nonreward/Di_Stim_3_WhiWhi1415_020202020202.wav"
"2017-03-15 15:37:11,378","INFO","Trial 299 - 15:37:11 - Unrewarded - /home/fet/stimuli/test_categories_box2/nonreward/DC_Stim_3_GreGre6364_061104020516.wav"
"2017-03-15 15:37:11,433","INFO","Trial 300 - 15:37:11 - Unrewarded - /home/fet/stimuli/test_categories_box2/nonreward/Tu_Stim_6_WhiRas44dd_060213181416.wav"
"2017-03-15 15:37:24,404","INFO","Trial 301 - 15:37:24 - Unrewarded - /home/fet/stimuli/test_categories_box2/nonreward/Ne_Stim_7_LblBla4419_425748255502.wav"
"2017-03-15 15:37:36,017","INFO","Trial 302 - 15:37:36 - Unrewarded - /home/fet/stimuli/test_categories_box2/nonreward/Tu_Stim_3_BluRas07dd_240809121902.wav"
"2017-03-15 15:37:36,075","INFO","Trial 303 - 15:37:36 - Unrewarded - /home/fet/stimuli/test_categories_box2/nonreward/Wh_Stim_9_LblBla4548_090314121506.wav"
"2017-03-15 15:38:09,015","INFO","Trial 304 - 15:38:09 - Unrewarded - /home/fet/stimuli/test_categories_box2/nonreward/Di_Stim_6_WhiBlu4818_060606060606.wav"
"2017-03-15 15:38:20,156","INFO","Trial 305 - 15:38:20 - Unrewarded - /home/fet/stimuli/test_categories_box2/nonreward/Th_Stim_9_YelGre5275_373508431936.wav"
"2017-03-15 15:38:20,211","INFO","Trial 306 - 15:38:20 - Unrewarded - /home/fet/stimuli/test_categories_box2/nonreward/LT_Stim_1_LblBlu6379_040907141601.wav"
"2017-03-15 15:38:33,866","INFO","Trial 307 - 15:38:33 - Unrewarded - /home/fet/stimuli/test_categories_box2/nonreward/Ne_Stim_6_LblBla4419_273531543655.wav"
"2017-03-15 15:38:33,922","INFO","Trial 308 - 15:38:33 - Unrewarded - /home/fet/stimuli/test_categories_box2/nonreward/LT_Stim_9_LblGre0000_081610041809.wav"
"2017-03-15 15:38:46,343","INFO","Trial 309 - 15:38:46 - Unrewarded - /home/fet/stimuli/test_categories_box2/nonreward/Ne_Stim_4_BluRas07dd_220308061810.wav"
"2017-03-15 15:38:46,397","INFO","Trial 310 - 15:38:46 - Unrewarded - /home/fet/stimuli/test_categories_box2/nonreward/Te_Stim_6_WhiBlu4818_170403062001.wav"
"2017-03-15 15:38:47,471","INFO","Trial 311 - 15:38:47 - Rewarded - /home/fet/stimuli/test_categories_box2/reward/Be_Stim_7_LblGre0001_1011_0103_02.wav"
"2017-03-15 15:38:47,520","INFO","Trial 312 - 15:38:47 - Unrewarded - /home/fet/stimuli/test_categories_box2/nonreward/DC_Stim_2_BluRas61dd_071234051324.wav"
"2017-03-15 15:39:00,531","INFO","Trial 313 - 15:39:00 - Unrewarded - /home/fet/stimuli/test_categories_box2/nonreward/Th_Stim_2_WhiBlu5698_010706040106.wav"
"2017-03-15 15:39:00,586","INFO","Trial 314 - 15:39:00 - Rewarded - /home/fet/stimuli/test_categories_box2/reward/Be_Stim_9_LblBlu1729_110612.wav"
"2017-03-15 15:39:06,594","INFO","Supplying reward for 12.00 seconds"
"2017-03-15 15:40:05,179","INFO","Trial 315 - 15:40:05 - Unrewarded - /home/fet/stimuli/test_categories_box2/nonreward/DC_Stim_2_GraGra0201_442249172131.wav"
"2017-03-15 15:40:05,242","INFO","Trial 316 - 15:40:05 - Unrewarded - /home/fet/stimuli/test_categories_box2/nonreward/Te_Stim_3_WhiBlu4818_061219130901.wav"
"2017-03-15 15:40:06,140","INFO","Trial 317 - 15:40:06 - Rewarded - /home/fet/stimuli/test_categories_box2/reward/Be_Stim_6_GraGre1001_031106.wav"
"2017-03-15 15:40:06,192","INFO","Trial 318 - 15:40:06 - Unrewarded - /home/fet/stimuli/test_categories_box2/nonreward/Th_Stim_8_Unknown_11_070502010311.wav"
"2017-03-15 15:40:16,321","INFO","Trial 319 - 15:40:16 - Unrewarded - /home/fet/stimuli/test_categories_box2/nonreward/Wh_Stim_8_WhiWhi1415_010101010101.wav"
"2017-03-15 15:40:16,375","INFO","Trial 320 - 15:40:16 - Unrewarded - /home/fet/stimuli/test_categories_box2/nonreward/Di_Stim_1_YelOra2575_110909091111.wav"
"2017-03-15 15:40:27,937","INFO","Trial 321 - 15:40:27 - Unrewarded - /home/fet/stimuli/test_categories_box2/nonreward/Wh_Stim_1_HPiHPi4748_081216252329.wav"
"2017-03-15 15:40:27,991","INFO","Trial 322 - 15:40:27 - Rewarded - /home/fet/stimuli/test_categories_box2/reward/Be_Stim_4_LblBlu6243_011308_01.wav"
"2017-03-15 15:40:34,000","INFO","Supplying reward for 12.00 seconds"
"2017-03-15 15:41:15,598","INFO","Trial 323 - 15:41:15 - Unrewarded - /home/fet/stimuli/test_categories_box2/nonreward/Di_Stim_9_Unknown_11_010202010202.wav"
"2017-03-15 15:41:28,648","INFO","Trial 324 - 15:41:28 - Rewarded - /home/fet/stimuli/test_categories_box2/reward/Be_Stim_6_LblBlu6243_08_0305_0104_02.wav"
"2017-03-15 15:41:28,703","INFO","Trial 325 - 15:41:28 - Unrewarded - /home/fet/stimuli/test_categories_box2/nonreward/Te_Stim_4_LblBla4548_023024071128.wav"
"2017-03-15 15:41:37,958","INFO","Trial 326 - 15:41:37 - Unrewarded - /home/fet/stimuli/test_categories_box2/nonreward/Ag_Stim_10_PurRas20dd_201922171508.wav"
"2017-03-15 15:41:38,017","INFO","Trial 327 - 15:41:38 - Unrewarded - /home/fet/stimuli/test_categories_box2/nonreward/Ag_Stim_7_WhiGra0114_010101010101.wav"
"2017-03-15 15:41:51,008","INFO","Trial 328 - 15:41:51 - Unrewarded - /home/fet/stimuli/test_categories_box2/nonreward/Wh_Stim_2_LblBla4419_160515170214.wav"
"2017-03-15 15:42:17,956","INFO","Trial 329 - 15:42:17 - Unrewarded - /home/fet/stimuli/test_categories_box2/nonreward/So_Stim_8_YelGre5275_270925.wav"
"2017-03-15 15:42:18,010","INFO","Trial 330 - 15:42:18 - Unrewarded - /home/fet/stimuli/test_categories_box2/nonreward/Ne_Stim_8_Unknown000_010101010101.wav"
"2017-03-15 15:42:31,522","INFO","Trial 331 - 15:42:31 - Rewarded - /home/fet/stimuli/test_categories_box2/reward/Be_Stim_4_LblGre0000_091001.wav"
"2017-03-15 15:42:31,576","INFO","Trial 332 - 15:42:31 - Unrewarded - /home/fet/stimuli/test_categories_box2/nonreward/Th_Stim_9_BlaBla0506_010502030402.wav"
"2017-03-15 15:42:47,004","INFO","Trial 333 - 15:42:47 - Unrewarded - /home/fet/stimuli/test_categories_box2/nonreward/Te_Stim_6_GraLbl0457_110803242616.wav"
"2017-03-15 15:42:47,059","INFO","Trial 334 - 15:42:47 - Unrewarded - /home/fet/stimuli/test_categories_box2/nonreward/So_Stim_10_WhiLbl0010_060807.wav"
"2017-03-15 15:42:48,026","INFO","Trial 335 - 15:42:48 - Unrewarded - /home/fet/stimuli/test_categories_box2/nonreward/Th_Stim_8_WhiBlu4818_030102050405.wav"
"2017-03-15 15:43:27,346","INFO","Trial 336 - 15:43:27 - Unrewarded - /home/fet/stimuli/test_categories_box2/nonreward/Te_Stim_10_YelOra2575_261829251208.wav"
"2017-03-15 15:43:41,858","INFO","Trial 337 - 15:43:41 - Unrewarded - /home/fet/stimuli/test_categories_box2/nonreward/Wh_Stim_8_LblBla4419_060518151604.wav"
"2017-03-15 15:44:20,015","INFO","Trial 338 - 15:44:20 - Unrewarded - /home/fet/stimuli/test_categories_box2/nonreward/So_Stim_9_WhiBlu5698_180825.wav"
"2017-03-15 15:44:38,492","INFO","Trial 339 - 15:44:38 - Unrewarded - /home/fet/stimuli/test_categories_box2/nonreward/Ag_Stim_9_WhiRas44dd_172110320511.wav"
"2017-03-15 15:44:38,547","INFO","Trial 340 - 15:44:38 - Unrewarded - /home/fet/stimuli/test_categories_box2/nonreward/LT_Stim_4_WhiBlu3414_190903020121.wav"
"2017-03-15 15:44:39,210","INFO","Trial 341 - 15:44:39 - Unrewarded - /home/fet/stimuli/test_categories_box2/nonreward/Di_Stim_1_GraGra0201_010701010107.wav"
"2017-03-15 15:44:39,264","INFO","Trial 342 - 15:44:39 - Unrewarded - /home/fet/stimuli/test_categories_box2/nonreward/Wh_Stim_3_BlaLbl8026_080932070832.wav"
"2017-03-15 15:44:54,745","INFO","Trial 343 - 15:44:54 - Unrewarded - /home/fet/stimuli/test_categories_box2/nonreward/Te_Stim_9_WhiGra0114_020510202107.wav"
"2017-03-15 15:44:54,800","INFO","Trial 344 - 15:44:54 - Rewarded - /home/fet/stimuli/test_categories_box2/reward/Be_Stim_3_LblBlu2028_01_0202_0204_03.wav"
"2017-03-15 15:45:00,807","INFO","Supplying reward for 12.00 seconds"
"2017-03-15 15:47:06,633","INFO","Trial 345 - 15:47:06 - Unrewarded - /home/fet/stimuli/test_categories_box2/nonreward/Di_Stim_6_WhiWhi1415_020202020202.wav"
"2017-03-15 15:47:21,174","INFO","Trial 346 - 15:47:21 - Unrewarded - /home/fet/stimuli/test_categories_box2/nonreward/Tu_Stim_7_GraLbl0457_041516111203.wav"
"2017-03-15 15:47:21,228","INFO","Trial 347 - 15:47:21 - Rewarded - /home/fet/stimuli/test_categories_box2/reward/Be_Stim_1_LblBlu1729_111310.wav"
"2017-03-15 15:47:27,236","INFO","Supplying reward for 12.00 seconds"
"2017-03-15 17:08:48,468","INFO","Trial 348 - 17:08:48 - Unrewarded - /home/fet/stimuli/test_categories_box2/nonreward/Di_Stim_4_BlaBla0506_010101010101.wav"
"2017-03-15 17:08:48,518","INFO","Trial 349 - 17:08:48 - Unrewarded - /home/fet/stimuli/test_categories_box2/nonreward/LT_Stim_8_LblBlu6680_041731071309.wav"
"2017-03-15 17:08:59,019","INFO","Trial 350 - 17:08:59 - Unrewarded - /home/fet/stimuli/test_categories_box2/nonreward/Wh_Stim_9_WhiBlu5698_020704110610.wav"
"2017-03-15 17:08:59,073","INFO","Trial 351 - 17:08:59 - Unrewarded - /home/fet/stimuli/test_categories_box2/nonreward/LT_Stim_5_WhiBlu0112_052624062517.wav"
"2017-03-15 17:09:09,438","INFO","Trial 352 - 17:09:09 - Unrewarded - /home/fet/stimuli/test_categories_box2/nonreward/DC_Stim_5_LblBla4419_032937272124.wav"
"2017-03-15 17:09:10,382","INFO","Trial 353 - 17:09:10 - Unrewarded - /home/fet/stimuli/test_categories_box2/nonreward/Wh_Stim_3_HpiGra1004_010407060208.wav"
"2017-03-15 17:09:10,423","INFO","Trial 354 - 17:09:10 - Rewarded - /home/fet/stimuli/test_categories_box2/reward/Be_Stim_10_LblBlu6243_08_0104_0202.wav"
"2017-03-15 17:09:16,431","INFO","Supplying reward for 12.00 seconds"
"2017-03-15 17:09:57,585","INFO","Trial 355 - 17:09:57 - Unrewarded - /home/fet/stimuli/test_categories_box2/nonreward/So_Stim_9_WhiBlu4818_050911.wav"
"2017-03-15 17:10:08,295","INFO","Trial 356 - 17:10:08 - Unrewarded - /home/fet/stimuli/test_categories_box2/nonreward/Te_Stim_10_BlaBla0506_121110130515.wav"
"2017-03-15 17:10:19,780","INFO","Trial 357 - 17:10:19 - Unrewarded - /home/fet/stimuli/test_categories_box2/nonreward/Te_Stim_9_GraGra0201_103315293214.wav"
"2017-03-15 17:10:19,835","INFO","Trial 358 - 17:10:19 - Unrewarded - /home/fet/stimuli/test_categories_box2/nonreward/Di_Stim_8_WhiLbl0010_040404040404.wav"
"2017-03-15 17:10:38,346","INFO","Trial 359 - 17:10:38 - Unrewarded - /home/fet/stimuli/test_categories_box2/nonreward/Di_Stim_2_PurRas20dd_010404040401.wav"
"2017-03-15 17:10:38,389","INFO","Trial 360 - 17:10:38 - Unrewarded - /home/fet/stimuli/test_categories_box2/nonreward/Ne_Stim_7_GraLbl0457_272029370132.wav"
"2017-03-15 17:10:49,389","INFO","Trial 361 - 17:10:49 - Unrewarded - /home/fet/stimuli/test_categories_box2/nonreward/Te_Stim_6_LblBla4548_192129040327.wav"
"2017-03-15 17:10:49,447","INFO","Trial 362 - 17:10:49 - Unrewarded - /home/fet/stimuli/test_categories_box2/nonreward/Ag_Stim_9_WhiGra0114_010101010101.wav"
"2017-03-15 17:11:11,547","INFO","Trial 363 - 17:11:11 - Unrewarded - /home/fet/stimuli/test_categories_box2/nonreward/So_Stim_7_LblRed0613_242308.wav"
"2017-03-15 17:11:12,540","INFO","Trial 364 - 17:11:12 - Unrewarded - /home/fet/stimuli/test_categories_box2/nonreward/Tu_Stim_6_HPiHPi4748_230311281029.wav"
"2017-03-15 17:11:25,219","INFO","Trial 365 - 17:11:25 - Unrewarded - /home/fet/stimuli/test_categories_box2/nonreward/Ne_Stim_3_YelOra2575_221423121017.wav"
"2017-03-15 17:11:25,273","INFO","Trial 366 - 17:11:25 - Rewarded - /home/fet/stimuli/test_categories_box2/reward/Be_Stim_2_GraRas1500_030706.wav"
"2017-03-15 17:11:31,281","INFO","Supplying reward for 12.00 seconds"
"2017-03-15 17:12:43,375","INFO","Trial 367 - 17:12:43 - Unrewarded - /home/fet/stimuli/test_categories_box2/nonreward/Di_Stim_10_Unknown_11_010201010101.wav"
"2017-03-15 17:12:43,430","INFO","Trial 368 - 17:12:43 - Unrewarded - /home/fet/stimuli/test_categories_box2/nonreward/Th_Stim_8_GreOra1817_380243472850.wav"
"2017-03-15 17:12:45,129","INFO","Trial 369 - 17:12:45 - Unrewarded - /home/fet/stimuli/test_categories_box2/nonreward/Wh_Stim_9_YelGre5275_091012031305.wav"
"2017-03-15 17:12:45,182","INFO","Trial 370 - 17:12:45 - Unrewarded - /home/fet/stimuli/test_categories_box2/nonreward/So_Stim_5_LblBla4548_472646.wav"
"2017-03-15 17:13:14,859","INFO","Trial 371 - 17:13:14 - Unrewarded - /home/fet/stimuli/test_categories_box2/nonreward/Wh_Stim_10_GreGre2522_020301010101.wav"
"2017-03-15 17:13:29,469","INFO","Trial 372 - 17:13:29 - Unrewarded - /home/fet/stimuli/test_categories_box2/nonreward/Th_Stim_6_WhiWhi1415_021803140611.wav"
"2017-03-15 17:13:34,672","INFO","Trial 373 - 17:13:34 - Unrewarded - /home/fet/stimuli/test_categories_box2/nonreward/Te_Stim_8_GraLbl0457_061920100828.wav"
"2017-03-15 17:13:34,725","INFO","Trial 374 - 17:13:34 - Rewarded - /home/fet/stimuli/test_categories_box2/reward/Be_Stim_6_WhiBlu0112_080307.wav"
"2017-03-15 17:13:40,733","INFO","Supplying reward for 12.00 seconds"
"2017-03-15 17:14:32,209","INFO","Trial 375 - 17:14:32 - Unrewarded - /home/fet/stimuli/test_categories_box2/nonreward/So_Stim_10_WhiBlu4818_110509.wav"
"2017-03-15 17:14:32,259","INFO","Trial 376 - 17:14:32 - Rewarded - /home/fet/stimuli/test_categories_box2/reward/Be_Stim_6_LblGre0000_031107.wav"
"2017-03-15 17:14:38,267","INFO","Supplying reward for 12.00 seconds"
"2017-03-15 17:15:23,750","INFO","Trial 377 - 17:15:23 - Rewarded - /home/fet/stimuli/test_categories_box2/reward/Be_Stim_9_LblBlu6379_04_0201_0303_01.wav"
"2017-03-15 17:15:29,755","INFO","Supplying reward for 12.00 seconds"
"2017-03-15 17:16:33,633","INFO","Trial 378 - 17:16:33 - Unrewarded - /home/fet/stimuli/test_categories_box2/nonreward/LT_Stim_10_LblBlu6379_020710220925.wav"
"2017-03-15 17:16:33,683","INFO","Trial 379 - 17:16:33 - Unrewarded - /home/fet/stimuli/test_categories_box2/nonreward/DC_Stim_4_BluRas61dd_033620332934.wav"
"2017-03-15 17:16:34,572","INFO","Trial 380 - 17:16:34 - Unrewarded - /home/fet/stimuli/test_categories_box2/nonreward/Ne_Stim_4_HPiHPi4748_241114044138.wav"
"2017-03-15 17:16:34,626","INFO","Trial 381 - 17:16:34 - Unrewarded - /home/fet/stimuli/test_categories_box2/nonreward/Th_Stim_8_WhiWhi1415_140911122628.wav"
"2017-03-15 17:16:45,142","INFO","Trial 382 - 17:16:45 - Rewarded - /home/fet/stimuli/test_categories_box2/reward/Be_Stim_10_LblBlu6680_06_0207_0101_03.wav"
"2017-03-15 17:16:45,197","INFO","Trial 383 - 17:16:45 - Unrewarded - /home/fet/stimuli/test_categories_box2/nonreward/Tu_Stim_10_WhiLbl0010_131517160705.wav"
"2017-03-15 17:16:53,699","INFO","Trial 384 - 17:16:53 - Unrewarded - /home/fet/stimuli/test_categories_box2/nonreward/Th_Stim_2_BlaBla0506_030402050101.wav"
"2017-03-15 17:17:05,318","INFO","Trial 385 - 17:17:05 - Unrewarded - /home/fet/stimuli/test_categories_box2/nonreward/Ag_Stim_2_WhiLbl0010_060309220412.wav"
"2017-03-15 17:17:19,240","INFO","Trial 386 - 17:17:19 - Unrewarded - /home/fet/stimuli/test_categories_box2/nonreward/Ne_Stim_1_WhiLbl0010_381536262224.wav"
"2017-03-15 17:17:34,210","INFO","Trial 387 - 17:17:34 - Unrewarded - /home/fet/stimuli/test_categories_box2/nonreward/DC_Stim_7_WhiRas44dd_040130150927.wav"
"2017-03-15 17:17:51,875","INFO","Trial 388 - 17:17:51 - Unrewarded - /home/fet/stimuli/test_categories_box2/nonreward/LT_Stim_2_LblBlu1927_010101010101.wav"
"2017-03-15 17:18:07,986","INFO","Trial 389 - 17:18:07 - Unrewarded - /home/fet/stimuli/test_categories_box2/nonreward/Di_Stim_6_HPiHPi4748_050303030505.wav"
"2017-03-15 17:18:20,232","INFO","Trial 390 - 17:18:20 - Unrewarded - /home/fet/stimuli/test_categories_box2/nonreward/DC_Stim_9_WhiGra0114_041314110712.wav"
"2017-03-15 17:18:30,540","INFO","Trial 391 - 17:18:30 - Unrewarded - /home/fet/stimuli/test_categories_box2/nonreward/Ne_Stim_8_HPiHPi4748_134830463337.wav"
"2017-03-15 17:18:47,667","INFO","Trial 392 - 17:18:47 - Unrewarded - /home/fet/stimuli/test_categories_box2/nonreward/Te_Stim_10_WhiGra0114_111014051902.wav"
"2017-03-15 17:18:47,714","INFO","Trial 393 - 17:18:47 - Unrewarded - /home/fet/stimuli/test_categories_box2/nonreward/Te_Stim_10_WhiBlu4917_132501020419.wav"
"2017-03-15 17:18:57,943","INFO","Trial 394 - 17:18:57 - Rewarded - /home/fet/stimuli/test_categories_box2/reward/Be_Stim_10_LblBlu6379_04_0107_0103_01.wav"
"2017-03-15 17:18:57,998","INFO","Trial 395 - 17:18:57 - Unrewarded - /home/fet/stimuli/test_categories_box2/nonreward/Th_Stim_5_GreOra1817_504123252234.wav"
"2017-03-15 17:19:09,320","INFO","Trial 396 - 17:19:09 - Unrewarded - /home/fet/stimuli/test_categories_box2/nonreward/Ag_Stim_10_YelOra2575_222320041019.wav"
"2017-03-15 17:23:37,202","INFO","Trial 397 - 17:23:37 - Unrewarded - /home/fet/stimuli/test_categories_box2/nonreward/Ag_Stim_6_GraLbl0457_151907090508.wav"
"2017-03-15 17:23:48,608","INFO","Trial 398 - 17:23:48 - Unrewarded - /home/fet/stimuli/test_categories_box2/nonreward/Wh_Stim_10_WhiBlu5698_191006020704.wav"
"2017-03-15 17:24:04,471","INFO","Trial 399 - 17:24:04 - Rewarded - /home/fet/stimuli/test_categories_box2/reward/Be_Stim_4_GraRas1500_040604.wav"
"2017-03-15 17:24:04,521","INFO","Trial 400 - 17:24:04 - Unrewarded - /home/fet/stimuli/test_categories_box2/nonreward/DC_Stim_4_BlaLbl8026_392432083501.wav"
"2017-03-15 17:24:17,388","INFO","Trial 401 - 17:24:17 - Unrewarded - /home/fet/stimuli/test_categories_box2/nonreward/Te_Stim_4_HPiHPi4748_080907281124.wav"
"2017-03-15 17:24:18,557","INFO","Trial 402 - 17:24:18 - Unrewarded - /home/fet/stimuli/test_categories_box2/nonreward/Tu_Stim_9_BluRas07dd_240522211423.wav"
"2017-03-15 17:24:32,337","INFO","Trial 403 - 17:24:32 - Unrewarded - /home/fet/stimuli/test_categories_box2/nonreward/Te_Stim_2_WhiGra0114_072111051920.wav"
"2017-03-15 17:24:32,396","INFO","Trial 404 - 17:24:32 - Rewarded - /home/fet/stimuli/test_categories_box2/reward/Be_Stim_10_GraRas1500_040501.wav"
"2017-03-15 17:24:38,403","INFO","Supplying reward for 12.00 seconds"
"2017-03-15 17:25:19,470","INFO","Trial 405 - 17:25:19 - Unrewarded - /home/fet/stimuli/test_categories_box2/nonreward/Ne_Stim_2_YelGre5275_301428011017.wav"
"2017-03-15 17:25:19,525","INFO","Trial 406 - 17:25:19 - Rewarded - /home/fet/stimuli/test_categories_box2/reward/Be_Stim_2_LblBlu2028_01_0110_0103.wav"
"2017-03-15 17:25:25,532","INFO","Supplying reward for 12.00 seconds"
"2017-03-15 17:26:46,916","INFO","Trial 407 - 17:26:46 - Unrewarded - /home/fet/stimuli/test_categories_box2/nonreward/Th_Stim_4_WhiBlu4917_070504090308.wav"
"2017-03-15 17:26:48,269","INFO","Trial 408 - 17:26:48 - Unrewarded - /home/fet/stimuli/test_categories_box2/nonreward/Tu_Stim_1_BluRas61dd_020706030504.wav"
"2017-03-15 17:26:48,322","INFO","Trial 409 - 17:26:48 - Unrewarded - /home/fet/stimuli/test_categories_box2/nonreward/Te_Stim_3_LblRed0613_280726091727.wav"
"2017-03-15 17:27:02,152","INFO","Trial 410 - 17:27:02 - Unrewarded - /home/fet/stimuli/test_categories_box2/nonreward/DC_Stim_4_GreGre6364_121603130511.wav"
"2017-03-15 17:27:12,182","INFO","Trial 411 - 17:27:12 - Rewarded - /home/fet/stimuli/test_categories_box2/reward/Be_Stim_8_LblGre0001_080611_02.wav"
"2017-03-15 17:27:12,236","INFO","Trial 412 - 17:27:12 - Unrewarded - /home/fet/stimuli/test_categories_box2/nonreward/Ne_Stim_9_GraLbl0457_162635383937.wav"
"2017-03-15 17:27:33,082","INFO","Trial 413 - 17:27:33 - Unrewarded - /home/fet/stimuli/test_categories_box2/nonreward/DC_Stim_6_WhiLbl0010_092619280430.wav"
"2017-03-15 17:27:42,273","INFO","Trial 414 - 17:27:42 - Unrewarded - /home/fet/stimuli/test_categories_box2/nonreward/Di_Stim_10_WhiBlu4818_060606060606.wav"
"2017-03-15 17:28:22,619","INFO","Trial 415 - 17:28:22 - Rewarded - /home/fet/stimuli/test_categories_box2/reward/Be_Stim_1_GraRas1500_060701.wav"
"2017-03-15 17:28:28,628","INFO","Supplying reward for 12.00 seconds"
"2017-03-15 17:29:08,945","INFO","Trial 416 - 17:29:08 - Unrewarded - /home/fet/stimuli/test_categories_box2/nonreward/Th_Stim_2_WhiWhi1415_263118021312.wav"
"2017-03-15 17:29:09,000","INFO","Trial 417 - 17:29:09 - Unrewarded - /home/fet/stimuli/test_categories_box2/nonreward/LT_Stim_8_LblBlu1630_140204150616.wav"
"2017-03-15 17:29:33,876","INFO","Trial 418 - 17:29:33 - Rewarded - /home/fet/stimuli/test_categories_box2/reward/Be_Stim_9_GraGre0813_040709.wav"
"2017-03-15 17:29:33,922","INFO","Trial 419 - 17:29:33 - Rewarded - /home/fet/stimuli/test_categories_box2/reward/Be_Stim_6_LblBlu1927_151202.wav"
"2017-03-15 17:29:39,930","INFO","Supplying reward for 12.00 seconds"
"2017-03-15 18:17:02,618","INFO","Finishing session 1 at Wed Mar 15 18:17:02 2017"
"2017-03-15 18:17:02,618","INFO","Finished all sessions."
"2017-03-15 18:17:02,925","INFO","Exiting Session state"
"2017-03-15 18:17:02,925","INFO","Finishing experiment"
"2017-03-15 18:17:03,232","INFO","Exiting Idle state"
