"2017-02-07 10:01:46,382","INFO","Preparing subject and data storage"
"2017-02-07 10:01:46,382","INFO","Created subject object with name LblGra3039M"
"2017-02-07 10:01:46,382","INFO","Created datastore CSVStore: filename = /home/fet/data/LblGra3039M/070217/LblGra3039M_trialdata_20170207100146.csv, fields = session, index, time, stimulus_name, condition_name, response, correct, rt, reward, max_wait for subject LblGra3039M"
"2017-02-07 10:01:46,383","INFO","Preparing to run experiment Go No-Go Interruption"
"2017-02-07 10:01:46,689","INFO","Entering Idle state"
"2017-02-07 10:01:46,996","INFO","Beginning block #1"
"2017-02-07 10:30:00,502","INFO","Trial 1 - 10:30:00 - Unrewarded - /home/fet/stimuli/shaping_categories_box2/nonreward/DI_Stim_12.wav"
"2017-02-07 10:30:00,807","INFO","Trial 2 - 10:30:00 - Rewarded - /home/fet/stimuli/shaping_categories_box2/reward/DC_Stim_7.wav"
"2017-02-07 10:30:06,813","INFO","Supplying reward for 12.00 seconds"
"2017-02-07 11:53:52,569","INFO","Trial 3 - 11:53:52 - Rewarded - /home/fet/stimuli/shaping_categories_box2/reward/DC_Stim_8.wav"
"2017-02-07 11:53:52,612","INFO","Trial 4 - 11:53:52 - Unrewarded - /home/fet/stimuli/shaping_categories_box2/nonreward/DI_Stim_10.wav"
"2017-02-07 11:55:47,943","INFO","Trial 5 - 11:55:47 - Rewarded - /home/fet/stimuli/shaping_categories_box2/reward/DC_Stim_8.wav"
"2017-02-07 11:55:47,990","INFO","Trial 6 - 11:55:47 - Unrewarded - /home/fet/stimuli/shaping_categories_box2/nonreward/DI_Stim_10.wav"
"2017-02-07 11:56:41,398","INFO","Trial 7 - 11:56:41 - Rewarded - /home/fet/stimuli/shaping_categories_box2/reward/DC_Stim_7.wav"
"2017-02-07 11:56:41,436","INFO","Trial 8 - 11:56:41 - Rewarded - /home/fet/stimuli/shaping_categories_box2/reward/DC_Stim_7.wav"
"2017-02-07 11:56:43,255","INFO","Trial 9 - 11:56:43 - Unrewarded - /home/fet/stimuli/shaping_categories_box2/nonreward/DI_Stim_12.wav"
"2017-02-07 11:56:43,305","INFO","Trial 10 - 11:56:43 - Rewarded - /home/fet/stimuli/shaping_categories_box2/reward/DC_Stim_8.wav"
"2017-02-07 11:56:49,312","INFO","Supplying reward for 12.00 seconds"
"2017-02-07 12:32:49,542","INFO","Trial 11 - 12:32:49 - Rewarded - /home/fet/stimuli/shaping_categories_box2/reward/DC_Stim_7.wav"
"2017-02-07 12:32:49,602","INFO","Trial 12 - 12:32:49 - Rewarded - /home/fet/stimuli/shaping_categories_box2/reward/DC_Stim_8.wav"
"2017-02-07 12:32:55,609","INFO","Supplying reward for 12.00 seconds"
"2017-02-07 12:36:15,448","INFO","Trial 13 - 12:36:15 - Rewarded - /home/fet/stimuli/shaping_categories_box2/reward/DC_Stim_8.wav"
"2017-02-07 12:36:15,490","INFO","Trial 14 - 12:36:15 - Unrewarded - /home/fet/stimuli/shaping_categories_box2/nonreward/DI_Stim_10.wav"
"2017-02-07 12:36:15,868","INFO","Trial 15 - 12:36:15 - Unrewarded - /home/fet/stimuli/shaping_categories_box2/nonreward/DI_Stim_12.wav"
"2017-02-07 12:36:15,924","INFO","Trial 16 - 12:36:15 - Rewarded - /home/fet/stimuli/shaping_categories_box2/reward/DC_Stim_7.wav"
"2017-02-07 12:36:16,065","INFO","Trial 17 - 12:36:16 - Rewarded - /home/fet/stimuli/shaping_categories_box2/reward/DC_Stim_7.wav"
"2017-02-07 12:36:16,121","INFO","Trial 18 - 12:36:16 - Unrewarded - /home/fet/stimuli/shaping_categories_box2/nonreward/DI_Stim_10.wav"
"2017-02-07 12:36:16,305","INFO","Trial 19 - 12:36:16 - Rewarded - /home/fet/stimuli/shaping_categories_box2/reward/DC_Stim_8.wav"
"2017-02-07 12:36:16,350","INFO","Trial 20 - 12:36:16 - Rewarded - /home/fet/stimuli/shaping_categories_box2/reward/DC_Stim_8.wav"
"2017-02-07 12:36:17,718","INFO","Trial 21 - 12:36:17 - Rewarded - /home/fet/stimuli/shaping_categories_box2/reward/DC_Stim_7.wav"
"2017-02-07 12:36:17,763","INFO","Trial 22 - 12:36:17 - Rewarded - /home/fet/stimuli/shaping_categories_box2/reward/DC_Stim_7.wav"
"2017-02-07 12:36:23,771","INFO","Supplying reward for 12.00 seconds"
"2017-02-07 12:37:18,821","INFO","Trial 23 - 12:37:18 - Rewarded - /home/fet/stimuli/shaping_categories_box2/reward/DC_Stim_8.wav"
"2017-02-07 12:37:24,826","INFO","Supplying reward for 12.00 seconds"
"2017-02-07 12:39:02,175","INFO","Trial 24 - 12:39:02 - Unrewarded - /home/fet/stimuli/shaping_categories_box2/nonreward/DI_Stim_12.wav"
"2017-02-07 12:39:02,230","INFO","Trial 25 - 12:39:02 - Rewarded - /home/fet/stimuli/shaping_categories_box2/reward/DC_Stim_7.wav"
"2017-02-07 12:39:08,237","INFO","Supplying reward for 12.00 seconds"
"2017-02-07 13:17:26,654","INFO","Trial 26 - 13:17:26 - Unrewarded - /home/fet/stimuli/shaping_categories_box2/nonreward/DI_Stim_10.wav"
"2017-02-07 13:17:26,712","INFO","Trial 27 - 13:17:26 - Rewarded - /home/fet/stimuli/shaping_categories_box2/reward/DC_Stim_8.wav"
"2017-02-07 13:17:27,007","INFO","Trial 28 - 13:17:27 - Rewarded - /home/fet/stimuli/shaping_categories_box2/reward/DC_Stim_7.wav"
"2017-02-07 13:17:33,013","INFO","Supplying reward for 12.00 seconds"
"2017-02-07 13:19:29,444","INFO","Trial 29 - 13:19:29 - Unrewarded - /home/fet/stimuli/shaping_categories_box2/nonreward/DI_Stim_12.wav"
"2017-02-07 13:19:29,859","INFO","Trial 30 - 13:19:29 - Rewarded - /home/fet/stimuli/shaping_categories_box2/reward/DC_Stim_8.wav"
"2017-02-07 13:19:35,867","INFO","Supplying reward for 12.00 seconds"
"2017-02-07 13:20:31,042","INFO","Trial 31 - 13:20:31 - Rewarded - /home/fet/stimuli/shaping_categories_box2/reward/DC_Stim_7.wav"
"2017-02-07 13:20:32,432","INFO","Trial 32 - 13:20:32 - Unrewarded - /home/fet/stimuli/shaping_categories_box2/nonreward/DI_Stim_10.wav"
"2017-02-07 13:20:47,754","INFO","Trial 33 - 13:20:47 - Rewarded - /home/fet/stimuli/shaping_categories_box2/reward/DC_Stim_8.wav"
"2017-02-07 13:20:47,808","INFO","Trial 34 - 13:20:47 - Unrewarded - /home/fet/stimuli/shaping_categories_box2/nonreward/DI_Stim_12.wav"
"2017-02-07 13:22:18,797","INFO","Trial 35 - 13:22:18 - Unrewarded - /home/fet/stimuli/shaping_categories_box2/nonreward/DI_Stim_10.wav"
"2017-02-07 13:22:18,852","INFO","Trial 36 - 13:22:18 - Unrewarded - /home/fet/stimuli/shaping_categories_box2/nonreward/DI_Stim_12.wav"
"2017-02-07 13:22:19,151","INFO","Trial 37 - 13:22:19 - Rewarded - /home/fet/stimuli/shaping_categories_box2/reward/DC_Stim_8.wav"
"2017-02-07 13:22:19,200","INFO","Trial 38 - 13:22:19 - Rewarded - /home/fet/stimuli/shaping_categories_box2/reward/DC_Stim_7.wav"
"2017-02-07 13:22:19,396","INFO","Trial 39 - 13:22:19 - Unrewarded - /home/fet/stimuli/shaping_categories_box2/nonreward/DI_Stim_12.wav"
"2017-02-07 13:22:19,442","INFO","Trial 40 - 13:22:19 - Rewarded - /home/fet/stimuli/shaping_categories_box2/reward/DC_Stim_8.wav"
"2017-02-07 13:22:20,273","INFO","Trial 41 - 13:22:20 - Unrewarded - /home/fet/stimuli/shaping_categories_box2/nonreward/DI_Stim_10.wav"
"2017-02-07 13:22:20,314","INFO","Trial 42 - 13:22:20 - Unrewarded - /home/fet/stimuli/shaping_categories_box2/nonreward/DI_Stim_12.wav"
"2017-02-07 13:22:59,579","INFO","Trial 43 - 13:22:59 - Unrewarded - /home/fet/stimuli/shaping_categories_box2/nonreward/DI_Stim_10.wav"
"2017-02-07 13:23:13,464","INFO","Trial 44 - 13:23:13 - Unrewarded - /home/fet/stimuli/shaping_categories_box2/nonreward/DI_Stim_12.wav"
"2017-02-07 13:24:28,264","INFO","Trial 45 - 13:24:28 - Unrewarded - /home/fet/stimuli/shaping_categories_box2/nonreward/DI_Stim_10.wav"
"2017-02-07 13:24:29,506","INFO","Trial 46 - 13:24:29 - Rewarded - /home/fet/stimuli/shaping_categories_box2/reward/DC_Stim_7.wav"
"2017-02-07 13:24:29,714","INFO","Trial 47 - 13:24:29 - Rewarded - /home/fet/stimuli/shaping_categories_box2/reward/DC_Stim_7.wav"
"2017-02-07 13:24:29,764","INFO","Trial 48 - 13:24:29 - Rewarded - /home/fet/stimuli/shaping_categories_box2/reward/DC_Stim_8.wav"
"2017-02-07 13:24:29,867","INFO","Trial 49 - 13:24:29 - Rewarded - /home/fet/stimuli/shaping_categories_box2/reward/DC_Stim_8.wav"
"2017-02-07 13:24:29,920","INFO","Trial 50 - 13:24:29 - Rewarded - /home/fet/stimuli/shaping_categories_box2/reward/DC_Stim_7.wav"
"2017-02-07 13:24:30,035","INFO","Trial 51 - 13:24:30 - Unrewarded - /home/fet/stimuli/shaping_categories_box2/nonreward/DI_Stim_12.wav"
"2017-02-07 13:24:30,088","INFO","Trial 52 - 13:24:30 - Rewarded - /home/fet/stimuli/shaping_categories_box2/reward/DC_Stim_7.wav"
"2017-02-07 13:24:31,603","INFO","Trial 53 - 13:24:31 - Unrewarded - /home/fet/stimuli/shaping_categories_box2/nonreward/DI_Stim_10.wav"
"2017-02-07 13:24:31,656","INFO","Trial 54 - 13:24:31 - Unrewarded - /home/fet/stimuli/shaping_categories_box2/nonreward/DI_Stim_10.wav"
"2017-02-07 13:24:59,609","INFO","Trial 55 - 13:24:59 - Rewarded - /home/fet/stimuli/shaping_categories_box2/reward/DC_Stim_8.wav"
"2017-02-07 13:24:59,651","INFO","Trial 56 - 13:24:59 - Unrewarded - /home/fet/stimuli/shaping_categories_box2/nonreward/DI_Stim_12.wav"
"2017-02-07 13:24:59,934","INFO","Trial 57 - 13:24:59 - Unrewarded - /home/fet/stimuli/shaping_categories_box2/nonreward/DI_Stim_12.wav"
"2017-02-07 13:24:59,987","INFO","Trial 58 - 13:24:59 - Rewarded - /home/fet/stimuli/shaping_categories_box2/reward/DC_Stim_8.wav"
"2017-02-07 13:25:05,995","INFO","Supplying reward for 12.00 seconds"
"2017-02-07 13:28:30,190","INFO","Trial 59 - 13:28:30 - Rewarded - /home/fet/stimuli/shaping_categories_box2/reward/DC_Stim_7.wav"
"2017-02-07 13:28:31,609","INFO","Trial 60 - 13:28:31 - Rewarded - /home/fet/stimuli/shaping_categories_box2/reward/DC_Stim_8.wav"
"2017-02-07 13:28:31,650","INFO","Trial 61 - 13:28:31 - Unrewarded - /home/fet/stimuli/shaping_categories_box2/nonreward/DI_Stim_10.wav"
"2017-02-07 13:28:57,985","INFO","Trial 62 - 13:28:57 - Rewarded - /home/fet/stimuli/shaping_categories_box2/reward/DC_Stim_7.wav"
"2017-02-07 13:29:03,994","INFO","Supplying reward for 12.00 seconds"
"2017-02-07 13:31:39,734","INFO","Trial 63 - 13:31:39 - Rewarded - /home/fet/stimuli/shaping_categories_box2/reward/DC_Stim_7.wav"
"2017-02-07 13:31:45,743","INFO","Supplying reward for 12.00 seconds"
"2017-02-07 13:32:17,968","INFO","Trial 64 - 13:32:17 - Unrewarded - /home/fet/stimuli/shaping_categories_box2/nonreward/DI_Stim_12.wav"
"2017-02-07 13:54:04,420","INFO","Trial 65 - 13:54:04 - Rewarded - /home/fet/stimuli/shaping_categories_box2/reward/DC_Stim_8.wav"
"2017-02-07 13:54:10,429","INFO","Supplying reward for 12.00 seconds"
"2017-02-07 13:54:39,353","INFO","Trial 66 - 13:54:39 - Rewarded - /home/fet/stimuli/shaping_categories_box2/reward/DC_Stim_7.wav"
"2017-02-07 13:54:39,407","INFO","Trial 67 - 13:54:39 - Rewarded - /home/fet/stimuli/shaping_categories_box2/reward/DC_Stim_8.wav"
"2017-02-07 13:54:45,415","INFO","Supplying reward for 12.00 seconds"
"2017-02-07 13:55:59,037","INFO","Trial 68 - 13:55:59 - Unrewarded - /home/fet/stimuli/shaping_categories_box2/nonreward/DI_Stim_10.wav"
"2017-02-07 14:00:02,495","INFO","Trial 69 - 14:00:02 - Rewarded - /home/fet/stimuli/shaping_categories_box2/reward/DC_Stim_7.wav"
"2017-02-07 14:00:02,545","INFO","Trial 70 - 14:00:02 - Unrewarded - /home/fet/stimuli/shaping_categories_box2/nonreward/DI_Stim_12.wav"
"2017-02-07 14:00:39,254","INFO","Trial 71 - 14:00:39 - Rewarded - /home/fet/stimuli/shaping_categories_box2/reward/DC_Stim_8.wav"
"2017-02-07 14:00:45,263","INFO","Supplying reward for 12.00 seconds"
"2017-02-07 14:02:17,078","INFO","Trial 72 - 14:02:17 - Rewarded - /home/fet/stimuli/shaping_categories_box2/reward/DC_Stim_7.wav"
"2017-02-07 14:02:17,128","INFO","Trial 73 - 14:02:17 - Rewarded - /home/fet/stimuli/shaping_categories_box2/reward/DC_Stim_8.wav"
"2017-02-07 14:02:18,091","INFO","Trial 74 - 14:02:18 - Rewarded - /home/fet/stimuli/shaping_categories_box2/reward/DC_Stim_7.wav"
"2017-02-07 14:02:18,132","INFO","Trial 75 - 14:02:18 - Unrewarded - /home/fet/stimuli/shaping_categories_box2/nonreward/DI_Stim_10.wav"
"2017-02-07 14:02:18,365","INFO","Trial 76 - 14:02:18 - Rewarded - /home/fet/stimuli/shaping_categories_box2/reward/DC_Stim_8.wav"
"2017-02-07 14:02:18,414","INFO","Trial 77 - 14:02:18 - Rewarded - /home/fet/stimuli/shaping_categories_box2/reward/DC_Stim_7.wav"
"2017-02-07 14:02:18,533","INFO","Trial 78 - 14:02:18 - Unrewarded - /home/fet/stimuli/shaping_categories_box2/nonreward/DI_Stim_12.wav"
"2017-02-07 14:02:18,579","INFO","Trial 79 - 14:02:18 - Rewarded - /home/fet/stimuli/shaping_categories_box2/reward/DC_Stim_8.wav"
"2017-02-07 14:02:20,307","INFO","Trial 80 - 14:02:20 - Unrewarded - /home/fet/stimuli/shaping_categories_box2/nonreward/DI_Stim_10.wav"
"2017-02-07 14:02:20,366","INFO","Trial 81 - 14:02:20 - Rewarded - /home/fet/stimuli/shaping_categories_box2/reward/DC_Stim_8.wav"
"2017-02-07 14:02:26,376","INFO","Supplying reward for 12.00 seconds"
"2017-02-07 14:03:15,848","INFO","Trial 82 - 14:03:15 - Rewarded - /home/fet/stimuli/shaping_categories_box2/reward/DC_Stim_7.wav"
"2017-02-07 14:03:21,858","INFO","Supplying reward for 12.00 seconds"
"2017-02-07 14:03:48,844","INFO","Trial 83 - 14:03:48 - Rewarded - /home/fet/stimuli/shaping_categories_box2/reward/DC_Stim_8.wav"
"2017-02-07 14:03:54,848","INFO","Supplying reward for 12.00 seconds"
"2017-02-07 14:09:01,453","INFO","Trial 84 - 14:09:01 - Unrewarded - /home/fet/stimuli/shaping_categories_box2/nonreward/DI_Stim_10.wav"
"2017-02-07 14:11:27,012","INFO","Trial 85 - 14:11:27 - Rewarded - /home/fet/stimuli/shaping_categories_box2/reward/DC_Stim_7.wav"
"2017-02-07 14:11:33,017","INFO","Supplying reward for 12.00 seconds"
"2017-02-07 14:13:20,829","INFO","Trial 86 - 14:13:20 - Unrewarded - /home/fet/stimuli/shaping_categories_box2/nonreward/DI_Stim_12.wav"
"2017-02-07 14:13:20,871","INFO","Trial 87 - 14:13:20 - Rewarded - /home/fet/stimuli/shaping_categories_box2/reward/DC_Stim_7.wav"
"2017-02-07 14:13:26,879","INFO","Supplying reward for 12.00 seconds"
"2017-02-07 14:13:58,223","INFO","Trial 88 - 14:13:58 - Rewarded - /home/fet/stimuli/shaping_categories_box2/reward/DC_Stim_8.wav"
"2017-02-07 14:14:04,232","INFO","Supplying reward for 12.00 seconds"
"2017-02-07 14:32:24,962","INFO","Trial 89 - 14:32:24 - Rewarded - /home/fet/stimuli/shaping_categories_box2/reward/DC_Stim_8.wav"
"2017-02-07 14:32:25,013","INFO","Trial 90 - 14:32:25 - Rewarded - /home/fet/stimuli/shaping_categories_box2/reward/DC_Stim_7.wav"
"2017-02-07 14:32:26,073","INFO","Trial 91 - 14:32:26 - Rewarded - /home/fet/stimuli/shaping_categories_box2/reward/DC_Stim_7.wav"
"2017-02-07 14:32:32,081","INFO","Supplying reward for 12.00 seconds"
"2017-02-07 14:33:17,407","INFO","Trial 92 - 14:33:17 - Unrewarded - /home/fet/stimuli/shaping_categories_box2/nonreward/DI_Stim_12.wav"
"2017-02-07 14:33:17,445","INFO","Trial 93 - 14:33:17 - Rewarded - /home/fet/stimuli/shaping_categories_box2/reward/DC_Stim_8.wav"
"2017-02-07 14:33:23,453","INFO","Supplying reward for 12.00 seconds"
"2017-02-07 14:37:03,153","INFO","Trial 94 - 14:37:03 - Unrewarded - /home/fet/stimuli/shaping_categories_box2/nonreward/DI_Stim_10.wav"
"2017-02-07 14:37:03,211","INFO","Trial 95 - 14:37:03 - Unrewarded - /home/fet/stimuli/shaping_categories_box2/nonreward/DI_Stim_10.wav"
"2017-02-07 14:37:03,540","INFO","Trial 96 - 14:37:03 - Unrewarded - /home/fet/stimuli/shaping_categories_box2/nonreward/DI_Stim_12.wav"
"2017-02-07 14:37:03,744","INFO","Trial 97 - 14:37:03 - Unrewarded - /home/fet/stimuli/shaping_categories_box2/nonreward/DI_Stim_12.wav"
"2017-02-07 14:38:24,673","INFO","Trial 98 - 14:38:24 - Rewarded - /home/fet/stimuli/shaping_categories_box2/reward/DC_Stim_8.wav"
"2017-02-07 14:38:24,716","INFO","Trial 99 - 14:38:24 - Rewarded - /home/fet/stimuli/shaping_categories_box2/reward/DC_Stim_7.wav"
"2017-02-07 14:38:25,022","INFO","Trial 100 - 14:38:25 - Rewarded - /home/fet/stimuli/shaping_categories_box2/reward/DC_Stim_8.wav"
"2017-02-07 14:38:25,064","INFO","Trial 101 - 14:38:25 - Unrewarded - /home/fet/stimuli/shaping_categories_box2/nonreward/DI_Stim_10.wav"
"2017-02-07 14:38:25,359","INFO","Trial 102 - 14:38:25 - Rewarded - /home/fet/stimuli/shaping_categories_box2/reward/DC_Stim_7.wav"
"2017-02-07 14:38:25,404","INFO","Trial 103 - 14:38:25 - Rewarded - /home/fet/stimuli/shaping_categories_box2/reward/DC_Stim_8.wav"
"2017-02-07 14:38:25,494","INFO","Trial 104 - 14:38:25 - Unrewarded - /home/fet/stimuli/shaping_categories_box2/nonreward/DI_Stim_10.wav"
"2017-02-07 14:38:26,317","INFO","Trial 105 - 14:38:26 - Unrewarded - /home/fet/stimuli/shaping_categories_box2/nonreward/DI_Stim_12.wav"
"2017-02-07 14:38:26,362","INFO","Trial 106 - 14:38:26 - Rewarded - /home/fet/stimuli/shaping_categories_box2/reward/DC_Stim_7.wav"
"2017-02-07 14:38:26,481","INFO","Trial 107 - 14:38:26 - Unrewarded - /home/fet/stimuli/shaping_categories_box2/nonreward/DI_Stim_12.wav"
"2017-02-07 14:38:26,526","INFO","Trial 108 - 14:38:26 - Unrewarded - /home/fet/stimuli/shaping_categories_box2/nonreward/DI_Stim_10.wav"
"2017-02-07 14:38:26,612","INFO","Trial 109 - 14:38:26 - Unrewarded - /home/fet/stimuli/shaping_categories_box2/nonreward/DI_Stim_12.wav"
"2017-02-07 14:38:26,657","INFO","Trial 110 - 14:38:26 - Rewarded - /home/fet/stimuli/shaping_categories_box2/reward/DC_Stim_7.wav"
"2017-02-07 14:38:26,735","INFO","Trial 111 - 14:38:26 - Rewarded - /home/fet/stimuli/shaping_categories_box2/reward/DC_Stim_8.wav"
"2017-02-07 14:38:26,776","INFO","Trial 112 - 14:38:26 - Unrewarded - /home/fet/stimuli/shaping_categories_box2/nonreward/DI_Stim_10.wav"
"2017-02-07 14:38:28,050","INFO","Trial 113 - 14:38:28 - Rewarded - /home/fet/stimuli/shaping_categories_box2/reward/DC_Stim_7.wav"
"2017-02-07 14:38:28,095","INFO","Trial 114 - 14:38:28 - Unrewarded - /home/fet/stimuli/shaping_categories_box2/nonreward/DI_Stim_12.wav"
"2017-02-07 14:38:58,795","INFO","Trial 115 - 14:38:58 - Rewarded - /home/fet/stimuli/shaping_categories_box2/reward/DC_Stim_8.wav"
"2017-02-07 14:38:58,846","INFO","Trial 116 - 14:38:58 - Unrewarded - /home/fet/stimuli/shaping_categories_box2/nonreward/DI_Stim_10.wav"
"2017-02-07 14:38:58,940","INFO","Trial 117 - 14:38:58 - Unrewarded - /home/fet/stimuli/shaping_categories_box2/nonreward/DI_Stim_10.wav"
"2017-02-07 14:38:59,623","INFO","Trial 118 - 14:38:59 - Unrewarded - /home/fet/stimuli/shaping_categories_box2/nonreward/DI_Stim_12.wav"
"2017-02-07 14:38:59,681","INFO","Trial 119 - 14:38:59 - Unrewarded - /home/fet/stimuli/shaping_categories_box2/nonreward/DI_Stim_12.wav"
"2017-02-07 14:41:02,099","INFO","Trial 120 - 14:41:02 - Rewarded - /home/fet/stimuli/shaping_categories_box2/reward/DC_Stim_8.wav"
"2017-02-07 14:41:02,159","INFO","Trial 121 - 14:41:02 - Unrewarded - /home/fet/stimuli/shaping_categories_box2/nonreward/DI_Stim_10.wav"
"2017-02-07 14:41:55,675","INFO","Trial 122 - 14:41:55 - Unrewarded - /home/fet/stimuli/shaping_categories_box2/nonreward/DI_Stim_12.wav"
"2017-02-07 14:41:55,730","INFO","Trial 123 - 14:41:55 - Unrewarded - /home/fet/stimuli/shaping_categories_box2/nonreward/DI_Stim_10.wav"
"2017-02-07 14:41:56,051","INFO","Trial 124 - 14:41:56 - Rewarded - /home/fet/stimuli/shaping_categories_box2/reward/DC_Stim_7.wav"
"2017-02-07 14:41:56,102","INFO","Trial 125 - 14:41:56 - Unrewarded - /home/fet/stimuli/shaping_categories_box2/nonreward/DI_Stim_12.wav"
"2017-02-07 14:41:56,598","INFO","Trial 126 - 14:41:56 - Unrewarded - /home/fet/stimuli/shaping_categories_box2/nonreward/DI_Stim_10.wav"
"2017-02-07 14:41:56,745","INFO","Trial 127 - 14:41:56 - Rewarded - /home/fet/stimuli/shaping_categories_box2/reward/DC_Stim_7.wav"
"2017-02-07 14:41:56,795","INFO","Trial 128 - 14:41:56 - Unrewarded - /home/fet/stimuli/shaping_categories_box2/nonreward/DI_Stim_10.wav"
"2017-02-07 14:41:56,873","INFO","Trial 129 - 14:41:56 - Rewarded - /home/fet/stimuli/shaping_categories_box2/reward/DC_Stim_8.wav"
"2017-02-07 14:41:56,926","INFO","Trial 130 - 14:41:56 - Unrewarded - /home/fet/stimuli/shaping_categories_box2/nonreward/DI_Stim_12.wav"
"2017-02-07 14:41:57,012","INFO","Trial 131 - 14:41:57 - Unrewarded - /home/fet/stimuli/shaping_categories_box2/nonreward/DI_Stim_10.wav"
"2017-02-07 14:41:57,054","INFO","Trial 132 - 14:41:57 - Rewarded - /home/fet/stimuli/shaping_categories_box2/reward/DC_Stim_7.wav"
"2017-02-07 14:41:57,143","INFO","Trial 133 - 14:41:57 - Rewarded - /home/fet/stimuli/shaping_categories_box2/reward/DC_Stim_8.wav"
"2017-02-07 14:41:57,462","INFO","Trial 134 - 14:41:57 - Unrewarded - /home/fet/stimuli/shaping_categories_box2/nonreward/DI_Stim_12.wav"
"2017-02-07 14:41:57,512","INFO","Trial 135 - 14:41:57 - Rewarded - /home/fet/stimuli/shaping_categories_box2/reward/DC_Stim_8.wav"
"2017-02-07 14:41:57,614","INFO","Trial 136 - 14:41:57 - Unrewarded - /home/fet/stimuli/shaping_categories_box2/nonreward/DI_Stim_10.wav"
"2017-02-07 14:41:57,659","INFO","Trial 137 - 14:41:57 - Unrewarded - /home/fet/stimuli/shaping_categories_box2/nonreward/DI_Stim_12.wav"
"2017-02-07 14:41:57,733","INFO","Trial 138 - 14:41:57 - Rewarded - /home/fet/stimuli/shaping_categories_box2/reward/DC_Stim_7.wav"
"2017-02-07 14:41:57,782","INFO","Trial 139 - 14:41:57 - Unrewarded - /home/fet/stimuli/shaping_categories_box2/nonreward/DI_Stim_12.wav"
"2017-02-07 14:41:59,970","INFO","Trial 140 - 14:41:59 - Unrewarded - /home/fet/stimuli/shaping_categories_box2/nonreward/DI_Stim_10.wav"
"2017-02-07 14:42:00,018","INFO","Trial 141 - 14:42:00 - Rewarded - /home/fet/stimuli/shaping_categories_box2/reward/DC_Stim_7.wav"
"2017-02-07 14:42:06,026","INFO","Supplying reward for 12.00 seconds"
"2017-02-07 14:43:24,036","INFO","Trial 142 - 14:43:24 - Unrewarded - /home/fet/stimuli/shaping_categories_box2/nonreward/DI_Stim_12.wav"
"2017-02-07 14:43:25,021","INFO","Trial 143 - 14:43:25 - Rewarded - /home/fet/stimuli/shaping_categories_box2/reward/DC_Stim_8.wav"
"2017-02-07 14:43:31,028","INFO","Supplying reward for 12.00 seconds"
"2017-02-07 14:43:58,247","INFO","Trial 144 - 14:43:58 - Rewarded - /home/fet/stimuli/shaping_categories_box2/reward/DC_Stim_7.wav"
"2017-02-07 14:43:58,294","INFO","Trial 145 - 14:43:58 - Unrewarded - /home/fet/stimuli/shaping_categories_box2/nonreward/DI_Stim_10.wav"
"2017-02-07 14:43:58,388","INFO","Trial 146 - 14:43:58 - Unrewarded - /home/fet/stimuli/shaping_categories_box2/nonreward/DI_Stim_12.wav"
"2017-02-07 14:43:58,437","INFO","Trial 147 - 14:43:58 - Unrewarded - /home/fet/stimuli/shaping_categories_box2/nonreward/DI_Stim_10.wav"
"2017-02-07 14:44:18,308","INFO","Trial 148 - 14:44:18 - Rewarded - /home/fet/stimuli/shaping_categories_box2/reward/DC_Stim_8.wav"
"2017-02-07 14:44:18,358","INFO","Trial 149 - 14:44:18 - Rewarded - /home/fet/stimuli/shaping_categories_box2/reward/DC_Stim_7.wav"
"2017-02-07 14:44:24,366","INFO","Supplying reward for 12.00 seconds"
"2017-02-07 14:49:38,088","INFO","Trial 150 - 14:49:38 - Rewarded - /home/fet/stimuli/shaping_categories_box2/reward/DC_Stim_8.wav"
"2017-02-07 14:49:40,477","INFO","Trial 151 - 14:49:40 - Unrewarded - /home/fet/stimuli/shaping_categories_box2/nonreward/DI_Stim_10.wav"
"2017-02-07 14:49:40,780","INFO","Trial 152 - 14:49:40 - Unrewarded - /home/fet/stimuli/shaping_categories_box2/nonreward/DI_Stim_12.wav"
"2017-02-07 14:49:40,834","INFO","Trial 153 - 14:49:40 - Unrewarded - /home/fet/stimuli/shaping_categories_box2/nonreward/DI_Stim_10.wav"
"2017-02-07 14:49:51,536","INFO","Trial 154 - 14:49:51 - Unrewarded - /home/fet/stimuli/shaping_categories_box2/nonreward/DI_Stim_12.wav"
"2017-02-07 14:49:51,581","INFO","Trial 155 - 14:49:51 - Rewarded - /home/fet/stimuli/shaping_categories_box2/reward/DC_Stim_7.wav"
"2017-02-07 14:49:51,852","INFO","Trial 156 - 14:49:51 - Unrewarded - /home/fet/stimuli/shaping_categories_box2/nonreward/DI_Stim_10.wav"
"2017-02-07 14:49:51,901","INFO","Trial 157 - 14:49:51 - Rewarded - /home/fet/stimuli/shaping_categories_box2/reward/DC_Stim_8.wav"
"2017-02-07 14:49:57,908","INFO","Supplying reward for 12.00 seconds"
"2017-02-07 14:50:15,793","INFO","Trial 158 - 14:50:15 - Rewarded - /home/fet/stimuli/shaping_categories_box2/reward/DC_Stim_8.wav"
"2017-02-07 14:50:15,844","INFO","Trial 159 - 14:50:15 - Unrewarded - /home/fet/stimuli/shaping_categories_box2/nonreward/DI_Stim_12.wav"
"2017-02-07 14:50:16,094","INFO","Trial 160 - 14:50:16 - Rewarded - /home/fet/stimuli/shaping_categories_box2/reward/DC_Stim_7.wav"
"2017-02-07 14:50:16,151","INFO","Trial 161 - 14:50:16 - Rewarded - /home/fet/stimuli/shaping_categories_box2/reward/DC_Stim_8.wav"
"2017-02-07 14:50:16,241","INFO","Trial 162 - 14:50:16 - Rewarded - /home/fet/stimuli/shaping_categories_box2/reward/DC_Stim_7.wav"
"2017-02-07 14:50:16,294","INFO","Trial 163 - 14:50:16 - Unrewarded - /home/fet/stimuli/shaping_categories_box2/nonreward/DI_Stim_12.wav"
"2017-02-07 14:50:16,417","INFO","Trial 164 - 14:50:16 - Unrewarded - /home/fet/stimuli/shaping_categories_box2/nonreward/DI_Stim_10.wav"
"2017-02-07 14:50:16,553","INFO","Trial 165 - 14:50:16 - Rewarded - /home/fet/stimuli/shaping_categories_box2/reward/DC_Stim_7.wav"
"2017-02-07 14:50:16,614","INFO","Trial 166 - 14:50:16 - Rewarded - /home/fet/stimuli/shaping_categories_box2/reward/DC_Stim_8.wav"
"2017-02-07 14:50:16,675","INFO","Trial 167 - 14:50:16 - Unrewarded - /home/fet/stimuli/shaping_categories_box2/nonreward/DI_Stim_12.wav"
"2017-02-07 15:09:55,420","INFO","Trial 168 - 15:09:55 - Rewarded - /home/fet/stimuli/shaping_categories_box2/reward/DC_Stim_8.wav"
"2017-02-07 15:09:55,466","INFO","Trial 169 - 15:09:55 - Rewarded - /home/fet/stimuli/shaping_categories_box2/reward/DC_Stim_7.wav"
"2017-02-07 15:09:56,699","INFO","Trial 170 - 15:09:56 - Unrewarded - /home/fet/stimuli/shaping_categories_box2/nonreward/DI_Stim_10.wav"
"2017-02-07 15:09:56,744","INFO","Trial 171 - 15:09:56 - Unrewarded - /home/fet/stimuli/shaping_categories_box2/nonreward/DI_Stim_10.wav"
"2017-02-07 15:09:57,240","INFO","Trial 172 - 15:09:57 - Rewarded - /home/fet/stimuli/shaping_categories_box2/reward/DC_Stim_8.wav"
"2017-02-07 15:10:03,245","INFO","Supplying reward for 12.00 seconds"
"2017-02-07 15:10:35,892","INFO","Trial 173 - 15:10:35 - Unrewarded - /home/fet/stimuli/shaping_categories_box2/nonreward/DI_Stim_12.wav"
"2017-02-07 15:10:35,951","INFO","Trial 174 - 15:10:35 - Rewarded - /home/fet/stimuli/shaping_categories_box2/reward/DC_Stim_7.wav"
"2017-02-07 15:10:36,251","INFO","Trial 175 - 15:10:36 - Unrewarded - /home/fet/stimuli/shaping_categories_box2/nonreward/DI_Stim_12.wav"
"2017-02-07 15:10:36,291","INFO","Trial 176 - 15:10:36 - Rewarded - /home/fet/stimuli/shaping_categories_box2/reward/DC_Stim_8.wav"
"2017-02-07 15:10:36,963","INFO","Trial 177 - 15:10:36 - Rewarded - /home/fet/stimuli/shaping_categories_box2/reward/DC_Stim_7.wav"
"2017-02-07 15:10:42,971","INFO","Supplying reward for 12.00 seconds"
"2017-02-07 15:12:21,809","INFO","Trial 178 - 15:12:21 - Unrewarded - /home/fet/stimuli/shaping_categories_box2/nonreward/DI_Stim_10.wav"
"2017-02-07 15:12:21,867","INFO","Trial 179 - 15:12:21 - Unrewarded - /home/fet/stimuli/shaping_categories_box2/nonreward/DI_Stim_12.wav"
"2017-02-07 15:13:53,635","INFO","Trial 180 - 15:13:53 - Rewarded - /home/fet/stimuli/shaping_categories_box2/reward/DC_Stim_7.wav"
"2017-02-07 15:13:53,686","INFO","Trial 181 - 15:13:53 - Rewarded - /home/fet/stimuli/shaping_categories_box2/reward/DC_Stim_8.wav"
"2017-02-07 15:13:55,099","INFO","Trial 182 - 15:13:55 - Unrewarded - /home/fet/stimuli/shaping_categories_box2/nonreward/DI_Stim_10.wav"
"2017-02-07 15:14:48,105","INFO","Trial 183 - 15:14:48 - Rewarded - /home/fet/stimuli/shaping_categories_box2/reward/DC_Stim_7.wav"
"2017-02-07 15:14:48,147","INFO","Trial 184 - 15:14:48 - Unrewarded - /home/fet/stimuli/shaping_categories_box2/nonreward/DI_Stim_10.wav"
"2017-02-07 15:16:04,553","INFO","Trial 185 - 15:16:04 - Unrewarded - /home/fet/stimuli/shaping_categories_box2/nonreward/DI_Stim_12.wav"
"2017-02-07 15:16:04,607","INFO","Trial 186 - 15:16:04 - Rewarded - /home/fet/stimuli/shaping_categories_box2/reward/DC_Stim_8.wav"
"2017-02-07 15:16:10,615","INFO","Supplying reward for 12.00 seconds"
"2017-02-07 15:17:09,019","INFO","Trial 187 - 15:17:09 - Unrewarded - /home/fet/stimuli/shaping_categories_box2/nonreward/DI_Stim_10.wav"
"2017-02-07 15:17:09,062","INFO","Trial 188 - 15:17:09 - Unrewarded - /home/fet/stimuli/shaping_categories_box2/nonreward/DI_Stim_12.wav"
"2017-02-07 15:17:50,274","INFO","Trial 189 - 15:17:50 - Unrewarded - /home/fet/stimuli/shaping_categories_box2/nonreward/DI_Stim_10.wav"
"2017-02-07 15:18:41,919","INFO","Trial 190 - 15:18:41 - Unrewarded - /home/fet/stimuli/shaping_categories_box2/nonreward/DI_Stim_12.wav"
"2017-02-07 15:18:41,970","INFO","Trial 191 - 15:18:41 - Rewarded - /home/fet/stimuli/shaping_categories_box2/reward/DC_Stim_8.wav"
"2017-02-07 15:18:47,978","INFO","Supplying reward for 12.00 seconds"
"2017-02-07 15:19:31,169","INFO","Trial 192 - 15:19:31 - Unrewarded - /home/fet/stimuli/shaping_categories_box2/nonreward/DI_Stim_12.wav"
"2017-02-07 15:20:08,183","INFO","Trial 193 - 15:20:08 - Rewarded - /home/fet/stimuli/shaping_categories_box2/reward/DC_Stim_7.wav"
"2017-02-07 15:20:09,016","INFO","Trial 194 - 15:20:09 - Unrewarded - /home/fet/stimuli/shaping_categories_box2/nonreward/DI_Stim_10.wav"
"2017-02-07 15:20:09,069","INFO","Trial 195 - 15:20:09 - Unrewarded - /home/fet/stimuli/shaping_categories_box2/nonreward/DI_Stim_10.wav"
"2017-02-07 15:20:17,358","INFO","Trial 196 - 15:20:17 - Unrewarded - /home/fet/stimuli/shaping_categories_box2/nonreward/DI_Stim_12.wav"
"2017-02-07 15:20:17,404","INFO","Trial 197 - 15:20:17 - Unrewarded - /home/fet/stimuli/shaping_categories_box2/nonreward/DI_Stim_12.wav"
"2017-02-07 15:20:17,511","INFO","Trial 198 - 15:20:17 - Rewarded - /home/fet/stimuli/shaping_categories_box2/reward/DC_Stim_7.wav"
"2017-02-07 15:20:17,548","INFO","Trial 199 - 15:20:17 - Unrewarded - /home/fet/stimuli/shaping_categories_box2/nonreward/DI_Stim_10.wav"
"2017-02-07 15:20:18,392","INFO","Trial 200 - 15:20:18 - Rewarded - /home/fet/stimuli/shaping_categories_box2/reward/DC_Stim_8.wav"
"2017-02-07 15:20:18,559","INFO","Trial 201 - 15:20:18 - Unrewarded - /home/fet/stimuli/shaping_categories_box2/nonreward/DI_Stim_12.wav"
"2017-02-07 15:20:18,727","INFO","Trial 202 - 15:20:18 - Unrewarded - /home/fet/stimuli/shaping_categories_box2/nonreward/DI_Stim_10.wav"
"2017-02-07 15:20:18,887","INFO","Trial 203 - 15:20:18 - Unrewarded - /home/fet/stimuli/shaping_categories_box2/nonreward/DI_Stim_12.wav"
"2017-02-07 15:20:19,039","INFO","Trial 204 - 15:20:19 - Rewarded - /home/fet/stimuli/shaping_categories_box2/reward/DC_Stim_8.wav"
"2017-02-07 15:20:20,620","INFO","Trial 205 - 15:20:20 - Unrewarded - /home/fet/stimuli/shaping_categories_box2/nonreward/DI_Stim_10.wav"
"2017-02-07 15:20:20,947","INFO","Trial 206 - 15:20:20 - Rewarded - /home/fet/stimuli/shaping_categories_box2/reward/DC_Stim_7.wav"
"2017-02-07 15:20:21,279","INFO","Trial 207 - 15:20:21 - Unrewarded - /home/fet/stimuli/shaping_categories_box2/nonreward/DI_Stim_12.wav"
"2017-02-07 15:20:21,333","INFO","Trial 208 - 15:20:21 - Unrewarded - /home/fet/stimuli/shaping_categories_box2/nonreward/DI_Stim_10.wav"
"2017-02-07 15:20:21,428","INFO","Trial 209 - 15:20:21 - Rewarded - /home/fet/stimuli/shaping_categories_box2/reward/DC_Stim_8.wav"
"2017-02-07 15:20:27,435","INFO","Supplying reward for 12.00 seconds"
"2017-02-07 15:20:55,380","INFO","Trial 210 - 15:20:55 - Unrewarded - /home/fet/stimuli/shaping_categories_box2/nonreward/DI_Stim_12.wav"
"2017-02-07 15:20:55,431","INFO","Trial 211 - 15:20:55 - Rewarded - /home/fet/stimuli/shaping_categories_box2/reward/DC_Stim_7.wav"
"2017-02-07 15:20:55,744","INFO","Trial 212 - 15:20:55 - Unrewarded - /home/fet/stimuli/shaping_categories_box2/nonreward/DI_Stim_10.wav"
"2017-02-07 15:20:55,796","INFO","Trial 213 - 15:20:55 - Unrewarded - /home/fet/stimuli/shaping_categories_box2/nonreward/DI_Stim_12.wav"
"2017-02-07 15:20:56,078","INFO","Trial 214 - 15:20:56 - Unrewarded - /home/fet/stimuli/shaping_categories_box2/nonreward/DI_Stim_10.wav"
"2017-02-07 15:20:56,128","INFO","Trial 215 - 15:20:56 - Rewarded - /home/fet/stimuli/shaping_categories_box2/reward/DC_Stim_8.wav"
"2017-02-07 15:20:56,284","INFO","Trial 216 - 15:20:56 - Unrewarded - /home/fet/stimuli/shaping_categories_box2/nonreward/DI_Stim_10.wav"
"2017-02-07 15:20:56,328","INFO","Trial 217 - 15:20:56 - Rewarded - /home/fet/stimuli/shaping_categories_box2/reward/DC_Stim_7.wav"
"2017-02-07 15:21:02,336","INFO","Supplying reward for 12.00 seconds"
"2017-02-07 15:21:22,815","INFO","Trial 218 - 15:21:22 - Unrewarded - /home/fet/stimuli/shaping_categories_box2/nonreward/DI_Stim_12.wav"
"2017-02-07 15:21:22,857","INFO","Trial 219 - 15:21:22 - Rewarded - /home/fet/stimuli/shaping_categories_box2/reward/DC_Stim_7.wav"
"2017-02-07 15:21:23,344","INFO","Trial 220 - 15:21:23 - Unrewarded - /home/fet/stimuli/shaping_categories_box2/nonreward/DI_Stim_12.wav"
"2017-02-07 15:21:23,386","INFO","Trial 221 - 15:21:23 - Unrewarded - /home/fet/stimuli/shaping_categories_box2/nonreward/DI_Stim_10.wav"
"2017-02-07 15:21:32,882","INFO","Trial 222 - 15:21:32 - Rewarded - /home/fet/stimuli/shaping_categories_box2/reward/DC_Stim_8.wav"
"2017-02-07 15:21:32,925","INFO","Trial 223 - 15:21:32 - Rewarded - /home/fet/stimuli/shaping_categories_box2/reward/DC_Stim_8.wav"
"2017-02-07 15:21:38,933","INFO","Supplying reward for 12.00 seconds"
"2017-02-07 15:25:30,584","INFO","Trial 224 - 15:25:30 - Unrewarded - /home/fet/stimuli/shaping_categories_box2/nonreward/DI_Stim_12.wav"
"2017-02-07 15:25:30,791","INFO","Trial 225 - 15:25:30 - Rewarded - /home/fet/stimuli/shaping_categories_box2/reward/DC_Stim_7.wav"
"2017-02-07 15:25:30,840","INFO","Trial 226 - 15:25:30 - Unrewarded - /home/fet/stimuli/shaping_categories_box2/nonreward/DI_Stim_10.wav"
"2017-02-07 15:25:31,982","INFO","Trial 227 - 15:25:31 - Rewarded - /home/fet/stimuli/shaping_categories_box2/reward/DC_Stim_8.wav"
"2017-02-07 15:25:32,438","INFO","Trial 228 - 15:25:32 - Unrewarded - /home/fet/stimuli/shaping_categories_box2/nonreward/DI_Stim_12.wav"
"2017-02-07 15:25:32,487","INFO","Trial 229 - 15:25:32 - Rewarded - /home/fet/stimuli/shaping_categories_box2/reward/DC_Stim_7.wav"
"2017-02-07 15:25:32,609","INFO","Trial 230 - 15:25:32 - Rewarded - /home/fet/stimuli/shaping_categories_box2/reward/DC_Stim_8.wav"
"2017-02-07 15:25:32,650","INFO","Trial 231 - 15:25:32 - Unrewarded - /home/fet/stimuli/shaping_categories_box2/nonreward/DI_Stim_10.wav"
"2017-02-07 15:25:32,765","INFO","Trial 232 - 15:25:32 - Rewarded - /home/fet/stimuli/shaping_categories_box2/reward/DC_Stim_7.wav"
"2017-02-07 15:25:38,772","INFO","Supplying reward for 12.00 seconds"
"2017-02-07 15:55:28,247","INFO","Trial 233 - 15:55:28 - Rewarded - /home/fet/stimuli/shaping_categories_box2/reward/DC_Stim_7.wav"
"2017-02-07 15:55:28,302","INFO","Trial 234 - 15:55:28 - Rewarded - /home/fet/stimuli/shaping_categories_box2/reward/DC_Stim_8.wav"
"2017-02-07 15:55:28,400","INFO","Trial 235 - 15:55:28 - Rewarded - /home/fet/stimuli/shaping_categories_box2/reward/DC_Stim_8.wav"
"2017-02-07 15:55:28,441","INFO","Trial 236 - 15:55:28 - Unrewarded - /home/fet/stimuli/shaping_categories_box2/nonreward/DI_Stim_10.wav"
"2017-02-07 15:55:28,548","INFO","Trial 237 - 15:55:28 - Unrewarded - /home/fet/stimuli/shaping_categories_box2/nonreward/DI_Stim_12.wav"
"2017-02-07 15:55:28,589","INFO","Trial 238 - 15:55:28 - Unrewarded - /home/fet/stimuli/shaping_categories_box2/nonreward/DI_Stim_10.wav"
"2017-02-07 15:55:58,880","INFO","Trial 239 - 15:55:58 - Unrewarded - /home/fet/stimuli/shaping_categories_box2/nonreward/DI_Stim_12.wav"
"2017-02-07 15:55:58,926","INFO","Trial 240 - 15:55:58 - Rewarded - /home/fet/stimuli/shaping_categories_box2/reward/DC_Stim_7.wav"
"2017-02-07 15:55:59,049","INFO","Trial 241 - 15:55:59 - Rewarded - /home/fet/stimuli/shaping_categories_box2/reward/DC_Stim_8.wav"
"2017-02-07 15:56:05,057","INFO","Supplying reward for 12.00 seconds"
"2017-02-07 15:56:39,503","INFO","Trial 242 - 15:56:39 - Unrewarded - /home/fet/stimuli/shaping_categories_box2/nonreward/DI_Stim_10.wav"
"2017-02-07 15:56:39,541","INFO","Trial 243 - 15:56:39 - Unrewarded - /home/fet/stimuli/shaping_categories_box2/nonreward/DI_Stim_12.wav"
"2017-02-07 15:56:39,668","INFO","Trial 244 - 15:56:39 - Unrewarded - /home/fet/stimuli/shaping_categories_box2/nonreward/DI_Stim_12.wav"
"2017-02-07 15:56:39,705","INFO","Trial 245 - 15:56:39 - Unrewarded - /home/fet/stimuli/shaping_categories_box2/nonreward/DI_Stim_10.wav"
"2017-02-07 15:56:40,376","INFO","Trial 246 - 15:56:40 - Unrewarded - /home/fet/stimuli/shaping_categories_box2/nonreward/DI_Stim_12.wav"
"2017-02-07 15:56:40,430","INFO","Trial 247 - 15:56:40 - Rewarded - /home/fet/stimuli/shaping_categories_box2/reward/DC_Stim_7.wav"
"2017-02-07 15:56:40,577","INFO","Trial 248 - 15:56:40 - Unrewarded - /home/fet/stimuli/shaping_categories_box2/nonreward/DI_Stim_10.wav"
"2017-02-07 15:56:40,618","INFO","Trial 249 - 15:56:40 - Rewarded - /home/fet/stimuli/shaping_categories_box2/reward/DC_Stim_8.wav"
"2017-02-07 15:56:46,626","INFO","Supplying reward for 12.00 seconds"
"2017-02-07 15:57:32,004","INFO","Trial 250 - 15:57:32 - Unrewarded - /home/fet/stimuli/shaping_categories_box2/nonreward/DI_Stim_10.wav"
"2017-02-07 15:57:32,050","INFO","Trial 251 - 15:57:32 - Rewarded - /home/fet/stimuli/shaping_categories_box2/reward/DC_Stim_7.wav"
"2017-02-07 15:57:38,057","INFO","Supplying reward for 12.00 seconds"
"2017-02-07 15:59:16,140","INFO","Trial 252 - 15:59:16 - Rewarded - /home/fet/stimuli/shaping_categories_box2/reward/DC_Stim_8.wav"
"2017-02-07 15:59:22,148","INFO","Supplying reward for 12.00 seconds"
"2017-02-07 16:00:30,301","INFO","Trial 253 - 16:00:30 - Rewarded - /home/fet/stimuli/shaping_categories_box2/reward/DC_Stim_7.wav"
"2017-02-07 16:00:30,352","INFO","Trial 254 - 16:00:30 - Rewarded - /home/fet/stimuli/shaping_categories_box2/reward/DC_Stim_8.wav"
"2017-02-07 16:00:36,358","INFO","Supplying reward for 12.00 seconds"
"2017-02-07 16:01:27,101","INFO","Trial 255 - 16:01:27 - Rewarded - /home/fet/stimuli/shaping_categories_box2/reward/DC_Stim_7.wav"
"2017-02-07 16:01:27,156","INFO","Trial 256 - 16:01:27 - Rewarded - /home/fet/stimuli/shaping_categories_box2/reward/DC_Stim_7.wav"
"2017-02-07 16:01:27,500","INFO","Trial 257 - 16:01:27 - Rewarded - /home/fet/stimuli/shaping_categories_box2/reward/DC_Stim_8.wav"
"2017-02-07 16:01:27,606","INFO","Trial 258 - 16:01:27 - Rewarded - /home/fet/stimuli/shaping_categories_box2/reward/DC_Stim_8.wav"
"2017-02-07 16:01:27,656","INFO","Trial 259 - 16:01:27 - Rewarded - /home/fet/stimuli/shaping_categories_box2/reward/DC_Stim_7.wav"
"2017-02-07 16:01:33,663","INFO","Supplying reward for 12.00 seconds"
"2017-02-07 16:02:34,473","INFO","Trial 260 - 16:02:34 - Unrewarded - /home/fet/stimuli/shaping_categories_box2/nonreward/DI_Stim_12.wav"
"2017-02-07 16:03:01,000","INFO","Trial 261 - 16:03:01 - Rewarded - /home/fet/stimuli/shaping_categories_box2/reward/DC_Stim_8.wav"
"2017-02-07 16:03:01,948","INFO","Trial 262 - 16:03:01 - Rewarded - /home/fet/stimuli/shaping_categories_box2/reward/DC_Stim_7.wav"
"2017-02-07 16:03:02,005","INFO","Trial 263 - 16:03:02 - Unrewarded - /home/fet/stimuli/shaping_categories_box2/nonreward/DI_Stim_12.wav"
"2017-02-07 16:05:56,267","INFO","Finishing session 1 at Tue Feb  7 16:05:56 2017"
"2017-02-07 16:05:56,267","INFO","Finished all sessions."
"2017-02-07 16:05:56,574","INFO","Exiting Session state"
"2017-02-07 16:05:56,575","INFO","Finishing experiment"
"2017-02-07 16:05:56,882","INFO","Exiting Idle state"
