2017-05-21 10:27:31.850080	PeckPort	off	None
2017-05-21 10:27:31.850228	HouseLight	on	None
2017-05-21 10:27:31.850431	Hopper	down	None
2017-05-21 10:27:32.156462	Hopper	down	None
2017-05-21 10:27:32.459233	HouseLight	on	None
2017-05-21 10:27:32.459434	PeckPort	on	None
2017-05-21 10:52:18.759852	Trial	start	1
2017-05-21 10:52:18.762562	Speaker	play	None
2017-05-21 10:52:24.768146	Speaker	stop	None
2017-05-21 10:52:24.769514	Hopper	up	None
2017-05-21 10:52:36.772510	Hopper	down	None
2017-05-21 10:52:37.075660	Trial	end	1
2017-05-21 10:53:36.544373	Trial	start	2
2017-05-21 10:53:36.546912	Speaker	play	None
2017-05-21 10:53:42.552748	Speaker	stop	None
2017-05-21 10:53:42.553356	Trial	end	2
2017-05-21 10:54:16.468939	Trial	start	3
2017-05-21 10:54:16.471712	Speaker	play	None
2017-05-21 10:54:17.705803	Speaker	stop	None
2017-05-21 10:54:17.706376	Trial	end	3
2017-05-21 10:54:17.707095	Trial	start	4
2017-05-21 10:54:17.709116	Speaker	play	None
2017-05-21 10:54:23.714102	Speaker	stop	None
2017-05-21 10:54:23.714720	Trial	end	4
2017-05-21 10:54:51.650581	Trial	start	5
2017-05-21 10:54:51.654264	Speaker	play	None
2017-05-21 10:54:57.659020	Speaker	stop	None
2017-05-21 10:54:57.659990	Trial	end	5
2017-05-21 13:33:16.765610	Trial	start	6
2017-05-21 13:33:16.769890	Speaker	play	None
2017-05-21 13:33:22.774217	Speaker	stop	None
2017-05-21 13:33:22.775076	Hopper	up	None
2017-05-21 13:33:34.779277	Hopper	down	None
2017-05-21 13:33:35.082278	Trial	end	6
2017-05-21 13:34:30.589299	Trial	start	7
2017-05-21 13:34:30.591776	Speaker	play	None
2017-05-21 13:34:36.597959	Speaker	stop	None
2017-05-21 13:34:36.598618	Trial	end	7
2017-05-21 13:34:50.671229	Trial	start	8
2017-05-21 13:34:50.673674	Speaker	play	None
2017-05-21 13:34:56.679837	Speaker	stop	None
2017-05-21 13:34:56.680381	Trial	end	8
2017-05-21 13:35:03.356047	Trial	start	9
2017-05-21 13:35:03.358152	Speaker	play	None
2017-05-21 13:35:09.360746	Speaker	stop	None
2017-05-21 13:35:09.362910	Trial	end	9
2017-05-21 13:35:15.340460	Trial	start	10
2017-05-21 13:35:15.342427	Speaker	play	None
2017-05-21 13:35:21.345270	Speaker	stop	None
2017-05-21 13:35:21.346769	Hopper	up	None
2017-05-21 13:35:33.349886	Hopper	down	None
2017-05-21 13:35:33.652990	Trial	end	10
2017-05-21 13:46:23.624311	Trial	start	11
2017-05-21 13:46:23.627137	Speaker	play	None
2017-05-21 13:46:29.632855	Speaker	stop	None
2017-05-21 13:46:29.633725	Hopper	up	None
2017-05-21 13:46:41.637740	Hopper	down	None
2017-05-21 13:46:41.940735	Trial	end	11
2017-05-21 13:52:19.612053	Trial	start	12
2017-05-21 13:52:19.614337	Speaker	play	None
2017-05-21 13:52:25.616698	Speaker	stop	None
2017-05-21 13:52:25.617484	Trial	end	12
2017-05-21 13:54:03.715356	Trial	start	13
2017-05-21 13:54:03.717479	Speaker	play	None
2017-05-21 13:54:09.720200	Speaker	stop	None
2017-05-21 13:54:09.724150	Trial	end	13
2017-05-21 13:54:31.136857	Trial	start	14
2017-05-21 13:54:31.141015	Speaker	play	None
2017-05-21 13:54:37.145402	Speaker	stop	None
2017-05-21 13:54:37.146089	Trial	end	14
2017-05-21 13:55:16.153963	Trial	start	15
2017-05-21 13:55:16.156099	Speaker	play	None
2017-05-21 13:55:22.162480	Speaker	stop	None
2017-05-21 13:55:22.163075	Trial	end	15
2017-05-21 13:55:27.228881	Trial	start	16
2017-05-21 13:55:27.230944	Speaker	play	None
2017-05-21 13:55:28.474107	Speaker	stop	None
2017-05-21 13:55:28.474694	Trial	end	16
2017-05-21 13:55:28.475414	Trial	start	17
2017-05-21 13:55:28.477356	Speaker	play	None
2017-05-21 13:55:34.482683	Speaker	stop	None
2017-05-21 13:55:34.483311	Trial	end	17
2017-05-21 13:55:48.817937	Trial	start	18
2017-05-21 13:55:48.820584	Speaker	play	None
2017-05-21 13:55:54.826646	Speaker	stop	None
2017-05-21 13:55:54.827752	Hopper	up	None
2017-05-21 13:56:06.831429	Hopper	down	None
2017-05-21 13:56:07.134506	Trial	end	18
2017-05-21 13:57:22.169668	Trial	start	19
2017-05-21 13:57:22.171575	Speaker	play	None
2017-05-21 13:57:28.174168	Speaker	stop	None
2017-05-21 13:57:28.175099	Hopper	up	None
2017-05-21 13:57:40.178964	Hopper	down	None
2017-05-21 13:57:40.482004	Trial	end	19
2017-05-21 14:38:03.913769	Trial	start	20
2017-05-21 14:38:03.915710	Speaker	play	None
2017-05-21 14:38:09.922465	Speaker	stop	None
2017-05-21 14:38:09.923087	Trial	end	20
2017-05-21 15:36:04.067011	Trial	start	21
2017-05-21 15:36:04.068992	Speaker	play	None
2017-05-21 15:36:10.071326	Speaker	stop	None
2017-05-21 15:36:10.071953	Trial	end	21
2017-05-21 15:36:18.049729	Trial	start	22
2017-05-21 15:36:18.052325	Speaker	play	None
2017-05-21 15:36:24.058224	Speaker	stop	None
2017-05-21 15:36:24.058996	Trial	end	22
2017-05-21 15:36:35.288571	Trial	start	23
2017-05-21 15:36:35.290523	Speaker	play	None
2017-05-21 15:36:37.271011	Speaker	stop	None
2017-05-21 15:36:37.271562	Trial	end	23
2017-05-21 15:36:37.272228	Trial	start	24
2017-05-21 15:36:37.274202	Speaker	play	None
2017-05-21 15:36:43.279511	Speaker	stop	None
2017-05-21 15:36:43.280498	Trial	end	24
2017-05-21 15:36:44.602192	Trial	start	25
2017-05-21 15:36:44.604103	Speaker	play	None
2017-05-21 15:36:50.610705	Speaker	stop	None
2017-05-21 15:36:50.611287	Trial	end	25
2017-05-21 15:36:56.250435	Trial	start	26
2017-05-21 15:36:56.252514	Speaker	play	None
2017-05-21 15:36:58.056909	Speaker	stop	None
2017-05-21 15:36:58.057985	Trial	end	26
2017-05-21 15:36:58.059424	Trial	start	27
2017-05-21 15:36:58.063278	Speaker	play	None
2017-05-21 15:37:04.069178	Speaker	stop	None
2017-05-21 15:37:04.069772	Trial	end	27
2017-05-21 15:37:10.679756	Trial	start	28
2017-05-21 15:37:10.682608	Speaker	play	None
2017-05-21 15:37:11.499031	Speaker	stop	None
2017-05-21 15:37:11.500057	Trial	end	28
2017-05-21 15:37:11.501094	Trial	start	29
2017-05-21 15:37:11.502776	Speaker	play	None
2017-05-21 15:37:12.887349	Speaker	stop	None
2017-05-21 15:37:12.887964	Trial	end	29
2017-05-21 15:37:12.888639	Trial	start	30
2017-05-21 15:37:12.890465	Speaker	play	None
2017-05-21 15:37:14.996647	Speaker	stop	None
2017-05-21 15:37:14.997334	Trial	end	30
2017-05-21 15:37:14.998121	Trial	start	31
2017-05-21 15:37:15.000276	Speaker	play	None
2017-05-21 15:37:21.005024	Speaker	stop	None
2017-05-21 15:37:21.005654	Trial	end	31
2017-05-21 15:37:22.954494	Trial	start	32
2017-05-21 15:37:22.957775	Speaker	play	None
2017-05-21 15:37:24.093171	Speaker	stop	None
2017-05-21 15:37:24.093728	Trial	end	32
2017-05-21 15:37:24.094312	Trial	start	33
2017-05-21 15:37:24.095996	Speaker	play	None
2017-05-21 15:37:28.668379	Speaker	stop	None
2017-05-21 15:37:28.670888	Trial	end	33
2017-05-21 15:37:28.672425	Trial	start	34
2017-05-21 15:37:28.675269	Speaker	play	None
2017-05-21 15:37:34.680571	Speaker	stop	None
2017-05-21 15:37:34.681219	Trial	end	34
2017-05-21 15:37:40.562044	Trial	start	35
2017-05-21 15:37:40.565191	Speaker	play	None
2017-05-21 15:37:41.364832	Speaker	stop	None
2017-05-21 15:37:41.365389	Trial	end	35
2017-05-21 15:37:41.365971	Trial	start	36
2017-05-21 15:37:41.367910	Speaker	play	None
2017-05-21 15:37:42.323256	Speaker	stop	None
2017-05-21 15:37:42.323823	Trial	end	36
2017-05-21 15:37:42.324679	Trial	start	37
2017-05-21 15:37:42.326867	Speaker	play	None
2017-05-21 15:37:48.331569	Speaker	stop	None
2017-05-21 15:37:48.332122	Trial	end	37
2017-05-21 15:37:52.267633	Trial	start	38
2017-05-21 15:37:52.271209	Speaker	play	None
2017-05-21 15:37:58.276067	Speaker	stop	None
2017-05-21 15:37:58.277774	Hopper	up	None
2017-05-21 15:38:10.280449	Hopper	down	None
2017-05-21 15:38:10.583585	Trial	end	38
2017-05-21 15:38:49.550319	Trial	start	39
2017-05-21 15:38:49.552331	Speaker	play	None
2017-05-21 15:38:53.023575	Speaker	stop	None
2017-05-21 15:38:53.024199	Trial	end	39
2017-05-21 15:38:53.027044	Trial	start	40
2017-05-21 15:38:53.029966	Speaker	play	None
2017-05-21 15:38:59.036006	Speaker	stop	None
2017-05-21 15:38:59.038425	Hopper	up	None
2017-05-21 15:39:11.040632	Hopper	down	None
2017-05-21 15:39:11.343592	Trial	end	40
2017-05-21 15:39:44.826206	Trial	start	41
2017-05-21 15:39:44.828285	Speaker	play	None
2017-05-21 15:39:50.834588	Speaker	stop	None
2017-05-21 15:39:50.835108	Trial	end	41
2017-05-21 15:40:07.557435	Trial	start	42
2017-05-21 15:40:07.559437	Speaker	play	None
2017-05-21 15:40:13.562000	Speaker	stop	None
2017-05-21 15:40:13.563143	Trial	end	42
2017-05-21 15:40:35.535424	Trial	start	43
2017-05-21 15:40:35.537825	Speaker	play	None
2017-05-21 15:40:41.543989	Speaker	stop	None
2017-05-21 15:40:41.545192	Trial	end	43
2017-05-21 15:40:47.920829	Trial	start	44
2017-05-21 15:40:47.923497	Speaker	play	None
2017-05-21 15:40:49.293038	Speaker	stop	None
2017-05-21 15:40:49.293571	Trial	end	44
2017-05-21 15:40:49.294334	Trial	start	45
2017-05-21 15:40:49.296398	Speaker	play	None
2017-05-21 15:40:50.243175	Speaker	stop	None
2017-05-21 15:40:50.243904	Trial	end	45
2017-05-21 15:40:50.244640	Trial	start	46
2017-05-21 15:40:50.248218	Speaker	play	None
2017-05-21 15:40:56.251562	Speaker	stop	None
2017-05-21 15:40:56.252077	Trial	end	46
2017-05-21 15:41:01.141781	Trial	start	47
2017-05-21 15:41:01.143960	Speaker	play	None
2017-05-21 15:41:07.150312	Speaker	stop	None
2017-05-21 15:41:07.150920	Trial	end	47
2017-05-21 15:42:58.668921	Trial	start	48
2017-05-21 15:42:58.672018	Speaker	play	None
2017-05-21 15:42:59.893603	Speaker	stop	None
2017-05-21 15:42:59.894453	Trial	end	48
2017-05-21 15:42:59.895382	Trial	start	49
2017-05-21 15:42:59.898215	Speaker	play	None
2017-05-21 15:43:05.901889	Speaker	stop	None
2017-05-21 15:43:05.902499	Trial	end	49
2017-05-21 15:43:29.268007	Trial	start	50
2017-05-21 15:43:29.270385	Speaker	play	None
2017-05-21 15:43:35.276518	Speaker	stop	None
2017-05-21 15:43:35.277903	Trial	end	50
2017-05-21 15:44:15.689043	Trial	start	51
2017-05-21 15:44:15.690951	Speaker	play	None
2017-05-21 15:44:21.693413	Speaker	stop	None
2017-05-21 15:44:21.694067	Trial	end	51
2017-05-21 15:44:32.710843	Trial	start	52
2017-05-21 15:44:32.713152	Speaker	play	None
2017-05-21 15:44:34.271433	Speaker	stop	None
2017-05-21 15:44:34.271979	Trial	end	52
2017-05-21 15:44:34.272853	Trial	start	53
2017-05-21 15:44:34.274867	Speaker	play	None
2017-05-21 15:44:40.279797	Speaker	stop	None
2017-05-21 15:44:40.280380	Trial	end	53
2017-05-21 15:44:58.739277	Trial	start	54
2017-05-21 15:44:58.742680	Speaker	play	None
2017-05-21 15:45:00.078692	Speaker	stop	None
2017-05-21 15:45:00.079263	Trial	end	54
2017-05-21 15:45:00.079955	Trial	start	55
2017-05-21 15:45:00.081992	Speaker	play	None
2017-05-21 15:45:06.087077	Speaker	stop	None
2017-05-21 15:45:06.087651	Trial	end	55
2017-05-21 15:45:13.385561	Trial	start	56
2017-05-21 15:45:13.387529	Speaker	play	None
2017-05-21 15:45:19.389964	Speaker	stop	None
2017-05-21 15:45:19.390506	Trial	end	56
2017-05-21 15:45:24.820944	Trial	start	57
2017-05-21 15:45:24.825014	Speaker	play	None
2017-05-21 15:45:30.829648	Speaker	stop	None
2017-05-21 15:45:30.830584	Trial	end	57
2017-05-21 15:45:41.666663	Trial	start	58
2017-05-21 15:45:41.669082	Speaker	play	None
2017-05-21 15:45:42.489955	Speaker	stop	None
2017-05-21 15:45:42.490528	Trial	end	58
2017-05-21 15:45:42.491185	Trial	start	59
2017-05-21 15:45:42.493160	Speaker	play	None
2017-05-21 15:45:44.263410	Speaker	stop	None
2017-05-21 15:45:44.263945	Trial	end	59
2017-05-21 15:45:44.264685	Trial	start	60
2017-05-21 15:45:44.266657	Speaker	play	None
2017-05-21 15:45:50.271848	Speaker	stop	None
2017-05-21 15:45:50.272377	Trial	end	60
2017-05-21 15:45:58.270782	Trial	start	61
2017-05-21 15:45:58.273015	Speaker	play	None
2017-05-21 15:46:04.279238	Speaker	stop	None
2017-05-21 15:46:04.279903	Trial	end	61
2017-05-21 15:46:10.165016	Trial	start	62
2017-05-21 15:46:10.173304	Speaker	play	None
2017-05-21 15:46:16.177534	Speaker	stop	None
2017-05-21 15:46:16.178391	Trial	end	62
2017-05-21 15:46:31.892797	Trial	start	63
2017-05-21 15:46:31.894954	Speaker	play	None
2017-05-21 15:46:37.901215	Speaker	stop	None
2017-05-21 15:46:37.902061	Trial	end	63
2017-05-21 15:46:52.998038	Trial	start	64
2017-05-21 15:46:52.999971	Speaker	play	None
2017-05-21 15:46:54.071288	Speaker	stop	None
2017-05-21 15:46:54.072134	Trial	end	64
2017-05-21 15:46:54.073120	Trial	start	65
2017-05-21 15:46:54.075409	Speaker	play	None
2017-05-21 15:46:55.058268	Speaker	stop	None
2017-05-21 15:46:55.058845	Trial	end	65
2017-05-21 15:46:55.059543	Trial	start	66
2017-05-21 15:46:55.062103	Speaker	play	None
2017-05-21 15:47:01.070767	Speaker	stop	None
2017-05-21 15:47:01.071366	Trial	end	66
2017-05-21 15:47:05.989652	Trial	start	67
2017-05-21 15:47:05.991644	Speaker	play	None
2017-05-21 15:47:07.877922	Speaker	stop	None
2017-05-21 15:47:07.878502	Trial	end	67
2017-05-21 15:47:07.879117	Trial	start	68
2017-05-21 15:47:07.881080	Speaker	play	None
2017-05-21 15:47:13.886337	Speaker	stop	None
2017-05-21 15:47:13.886986	Trial	end	68
2017-05-21 15:47:21.225894	Trial	start	69
2017-05-21 15:47:21.228388	Speaker	play	None
2017-05-21 15:47:27.234348	Speaker	stop	None
2017-05-21 15:47:27.234909	Trial	end	69
2017-05-21 15:47:35.397093	Trial	start	70
2017-05-21 15:47:35.399103	Speaker	play	None
2017-05-21 15:47:41.401706	Speaker	stop	None
2017-05-21 15:47:41.403391	Hopper	up	None
2017-05-21 15:47:53.406029	Hopper	down	None
2017-05-21 15:47:53.709101	Trial	end	70
2017-05-21 15:49:52.144849	Trial	start	71
2017-05-21 15:49:52.148563	Speaker	play	None
2017-05-21 15:49:53.021566	Speaker	stop	None
2017-05-21 15:49:53.025939	Trial	end	71
2017-05-21 15:49:53.027930	Trial	start	72
2017-05-21 15:49:53.032100	Speaker	play	None
2017-05-21 15:49:59.038284	Speaker	stop	None
2017-05-21 15:49:59.039302	Trial	end	72
2017-05-21 15:52:13.144641	Trial	start	73
2017-05-21 15:52:13.147111	Speaker	play	None
2017-05-21 15:52:19.153328	Speaker	stop	None
2017-05-21 15:52:19.153958	Trial	end	73
2017-05-21 16:25:26.478256	Trial	start	74
2017-05-21 16:25:26.480318	Speaker	play	None
2017-05-21 16:25:28.071669	Speaker	stop	None
2017-05-21 16:25:28.072252	Trial	end	74
2017-05-21 16:25:28.072904	Trial	start	75
2017-05-21 16:25:28.074907	Speaker	play	None
2017-05-21 16:25:29.382375	Speaker	stop	None
2017-05-21 16:25:29.382959	Trial	end	75
2017-05-21 16:25:29.383619	Trial	start	76
2017-05-21 16:25:29.385681	Speaker	play	None
2017-05-21 16:25:30.897873	Speaker	stop	None
2017-05-21 16:25:30.898491	Trial	end	76
2017-05-21 16:25:30.899159	Trial	start	77
2017-05-21 16:25:30.901040	Speaker	play	None
2017-05-21 16:25:36.906520	Speaker	stop	None
2017-05-21 16:25:36.907054	Trial	end	77
2017-05-21 16:25:44.283206	Trial	start	78
2017-05-21 16:25:44.285330	Speaker	play	None
2017-05-21 16:25:50.287900	Speaker	stop	None
2017-05-21 16:25:50.288466	Trial	end	78
2017-05-21 16:25:52.610301	Trial	start	79
2017-05-21 16:25:52.614483	Speaker	play	None
2017-05-21 16:25:54.379718	Speaker	stop	None
2017-05-21 16:25:54.380220	Trial	end	79
2017-05-21 16:25:54.380896	Trial	start	80
2017-05-21 16:25:54.382854	Speaker	play	None
2017-05-21 16:25:56.153371	Speaker	stop	None
2017-05-21 16:25:56.154139	Trial	end	80
2017-05-21 16:25:56.154861	Trial	start	81
2017-05-21 16:25:56.157291	Speaker	play	None
2017-05-21 16:26:02.161929	Speaker	stop	None
2017-05-21 16:26:02.162467	Trial	end	81
2017-05-21 16:26:09.272345	Trial	start	82
2017-05-21 16:26:09.274467	Speaker	play	None
2017-05-21 16:26:10.435814	Speaker	stop	None
2017-05-21 16:26:10.436517	Trial	end	82
2017-05-21 16:26:10.437322	Trial	start	83
2017-05-21 16:26:10.440618	Speaker	play	None
2017-05-21 16:26:12.610748	Speaker	stop	None
2017-05-21 16:26:12.611625	Trial	end	83
2017-05-21 16:26:12.612980	Trial	start	84
2017-05-21 16:26:12.615489	Speaker	play	None
2017-05-21 16:26:18.619240	Speaker	stop	None
2017-05-21 16:26:18.619744	Trial	end	84
2017-05-21 16:26:20.945726	Trial	start	85
2017-05-21 16:26:20.948096	Speaker	play	None
2017-05-21 16:26:22.559546	Speaker	stop	None
2017-05-21 16:26:22.560127	Trial	end	85
2017-05-21 16:26:22.560729	Trial	start	86
2017-05-21 16:26:22.562608	Speaker	play	None
2017-05-21 16:26:28.568303	Speaker	stop	None
2017-05-21 16:26:28.569347	Trial	end	86
2017-05-21 16:26:41.875777	Trial	start	87
2017-05-21 16:26:41.879025	Speaker	play	None
2017-05-21 16:26:47.884485	Speaker	stop	None
2017-05-21 16:26:47.885137	Trial	end	87
2017-05-21 16:26:52.451334	Trial	start	88
2017-05-21 16:26:52.453586	Speaker	play	None
2017-05-21 16:26:53.569599	Speaker	stop	None
2017-05-21 16:26:53.570177	Trial	end	88
2017-05-21 16:26:53.570862	Trial	start	89
2017-05-21 16:26:53.573033	Speaker	play	None
2017-05-21 16:26:56.961145	Speaker	stop	None
2017-05-21 16:26:56.962339	Trial	end	89
2017-05-21 16:26:56.963906	Trial	start	90
2017-05-21 16:26:56.968208	Speaker	play	None
2017-05-21 16:27:02.973841	Speaker	stop	None
2017-05-21 16:27:02.975001	Trial	end	90
2017-05-21 16:27:10.825575	Trial	start	91
2017-05-21 16:27:10.827968	Speaker	play	None
2017-05-21 16:27:16.830377	Speaker	stop	None
2017-05-21 16:27:16.833409	Trial	end	91
2017-05-21 16:27:19.402403	Trial	start	92
2017-05-21 16:27:19.405745	Speaker	play	None
2017-05-21 16:27:25.411031	Speaker	stop	None
2017-05-21 16:27:25.411544	Trial	end	92
2017-05-21 16:27:33.934538	Trial	start	93
2017-05-21 16:27:33.936551	Speaker	play	None
2017-05-21 16:27:39.939260	Speaker	stop	None
2017-05-21 16:27:39.940041	Trial	end	93
2017-05-21 16:27:58.890902	Trial	start	94
2017-05-21 16:27:58.895253	Speaker	play	None
2017-05-21 16:28:04.899598	Speaker	stop	None
2017-05-21 16:28:04.900287	Trial	end	94
2017-05-21 16:28:09.589334	Trial	start	95
2017-05-21 16:28:09.591722	Speaker	play	None
2017-05-21 16:28:15.597913	Speaker	stop	None
2017-05-21 16:28:15.598473	Trial	end	95
2017-05-21 16:28:21.434508	Trial	start	96
2017-05-21 16:28:21.436743	Speaker	play	None
2017-05-21 16:28:27.443232	Speaker	stop	None
2017-05-21 16:28:27.443760	Trial	end	96
2017-05-21 16:28:33.247053	Trial	start	97
2017-05-21 16:28:33.249226	Speaker	play	None
2017-05-21 16:28:39.251711	Speaker	stop	None
2017-05-21 16:28:39.252226	Trial	end	97
2017-05-21 16:28:46.820910	Trial	start	98
2017-05-21 16:28:46.824865	Speaker	play	None
2017-05-21 16:28:52.829468	Speaker	stop	None
2017-05-21 16:28:52.830050	Trial	end	98
2017-05-21 16:28:57.744594	Trial	start	99
2017-05-21 16:28:57.748546	Speaker	play	None
2017-05-21 16:29:03.753232	Speaker	stop	None
2017-05-21 16:29:03.754208	Trial	end	99
2017-05-21 16:29:09.086108	Trial	start	100
2017-05-21 16:29:09.089406	Speaker	play	None
2017-05-21 16:29:15.094637	Speaker	stop	None
2017-05-21 16:29:15.095492	Hopper	up	None
2017-05-21 16:29:27.099535	Hopper	down	None
2017-05-21 16:29:27.402700	Trial	end	100
2017-05-21 16:30:57.949959	Trial	start	101
2017-05-21 16:30:57.952103	Speaker	play	None
2017-05-21 16:31:02.111386	Speaker	stop	None
2017-05-21 16:31:02.111904	Trial	end	101
2017-05-21 16:31:02.112531	Trial	start	102
2017-05-21 16:31:02.116106	Speaker	play	None
2017-05-21 16:31:08.124042	Speaker	stop	None
2017-05-21 16:31:08.124579	Trial	end	102
2017-05-21 16:31:26.170561	Trial	start	103
2017-05-21 16:31:26.174467	Speaker	play	None
2017-05-21 16:31:32.179168	Speaker	stop	None
2017-05-21 16:31:32.180149	Trial	end	103
2017-05-21 16:31:39.059994	Trial	start	104
2017-05-21 16:31:39.061933	Speaker	play	None
2017-05-21 16:31:45.064617	Speaker	stop	None
2017-05-21 16:31:45.065216	Trial	end	104
2017-05-21 16:31:51.552404	Trial	start	105
2017-05-21 16:31:51.554922	Speaker	play	None
2017-05-21 16:31:52.371741	Speaker	stop	None
2017-05-21 16:31:52.372699	Trial	end	105
2017-05-21 16:31:52.373772	Trial	start	106
2017-05-21 16:31:52.376880	Speaker	play	None
2017-05-21 16:31:58.384393	Speaker	stop	None
2017-05-21 16:31:58.385557	Hopper	up	None
2017-05-21 16:32:10.389161	Hopper	down	None
2017-05-21 16:32:10.692244	Trial	end	106
2017-05-21 16:32:59.629449	Trial	start	107
2017-05-21 16:32:59.631456	Speaker	play	None
2017-05-21 16:33:00.923790	Speaker	stop	None
2017-05-21 16:33:00.924343	Trial	end	107
2017-05-21 16:33:00.925101	Trial	start	108
2017-05-21 16:33:00.927075	Speaker	play	None
2017-05-21 16:33:06.932538	Speaker	stop	None
2017-05-21 16:33:06.933548	Trial	end	108
2017-05-21 16:33:21.661039	Trial	start	109
2017-05-21 16:33:21.665251	Speaker	play	None
2017-05-21 16:33:27.669752	Speaker	stop	None
2017-05-21 16:33:27.670577	Trial	end	109
2017-05-21 16:33:50.401483	Trial	start	110
2017-05-21 16:33:50.403601	Speaker	play	None
2017-05-21 16:33:56.406064	Speaker	stop	None
2017-05-21 16:33:56.406682	Trial	end	110
2017-05-21 16:35:04.638566	Trial	start	111
2017-05-21 16:35:04.640710	Speaker	play	None
2017-05-21 16:35:10.643099	Speaker	stop	None
2017-05-21 16:35:10.644192	Trial	end	111
2017-05-21 16:36:35.828099	Trial	start	112
2017-05-21 16:36:35.830375	Speaker	play	None
2017-05-21 16:36:41.836971	Speaker	stop	None
2017-05-21 16:36:41.838255	Trial	end	112
2017-05-21 16:37:30.814448	Trial	start	113
2017-05-21 16:37:30.816345	Speaker	play	None
2017-05-21 16:37:36.819017	Speaker	stop	None
2017-05-21 16:37:36.819643	Trial	end	113
2017-05-21 16:38:03.175650	Trial	start	114
2017-05-21 16:38:03.180947	Speaker	play	None
2017-05-21 16:38:09.188200	Speaker	stop	None
2017-05-21 16:38:09.188753	Trial	end	114
2017-05-21 16:39:54.549013	Trial	start	115
2017-05-21 16:39:54.550917	Speaker	play	None
2017-05-21 16:40:00.553477	Speaker	stop	None
2017-05-21 16:40:00.553975	Trial	end	115
2017-05-21 16:40:22.334948	Trial	start	116
2017-05-21 16:40:22.337015	Speaker	play	None
2017-05-21 16:40:27.803113	Speaker	stop	None
2017-05-21 16:40:27.803752	Trial	end	116
2017-05-21 16:40:27.805128	Trial	start	117
2017-05-21 16:40:27.807605	Speaker	play	None
2017-05-21 16:40:33.811618	Speaker	stop	None
2017-05-21 16:40:33.812570	Trial	end	117
2017-05-21 16:40:43.039306	Trial	start	118
2017-05-21 16:40:43.042509	Speaker	play	None
2017-05-21 16:40:49.047928	Speaker	stop	None
2017-05-21 16:40:49.048826	Hopper	up	None
2017-05-21 16:41:01.052702	Hopper	down	None
2017-05-21 16:41:01.355839	Trial	end	118
2017-05-21 16:44:26.699238	Trial	start	119
2017-05-21 16:44:26.703038	Speaker	play	None
2017-05-21 16:44:29.992203	Speaker	stop	None
2017-05-21 16:44:29.992806	Trial	end	119
2017-05-21 16:44:29.993438	Trial	start	120
2017-05-21 16:44:29.995340	Speaker	play	None
2017-05-21 16:44:36.000811	Speaker	stop	None
2017-05-21 16:44:36.001392	Trial	end	120
2017-05-21 16:45:01.280106	Trial	start	121
2017-05-21 16:45:01.284312	Speaker	play	None
2017-05-21 16:45:07.288630	Speaker	stop	None
2017-05-21 16:45:07.289234	Trial	end	121
2017-05-21 16:45:27.247384	Trial	start	122
2017-05-21 16:45:27.249614	Speaker	play	None
2017-05-21 16:45:33.251896	Speaker	stop	None
2017-05-21 16:45:33.252808	Hopper	up	None
2017-05-21 16:45:45.256648	Hopper	down	None
2017-05-21 16:45:45.559682	Trial	end	122
2017-05-21 16:49:58.028976	Trial	start	123
2017-05-21 16:49:58.030929	Speaker	play	None
2017-05-21 16:49:59.638669	Speaker	stop	None
2017-05-21 16:49:59.639258	Trial	end	123
2017-05-21 16:49:59.639912	Trial	start	124
2017-05-21 16:49:59.641687	Speaker	play	None
2017-05-21 16:50:05.647270	Speaker	stop	None
2017-05-21 16:50:05.647899	Trial	end	124
2017-05-21 16:50:19.458272	Trial	start	125
2017-05-21 16:50:19.461531	Speaker	play	None
2017-05-21 16:50:25.466915	Speaker	stop	None
2017-05-21 16:50:25.467759	Trial	end	125
2017-05-21 16:50:34.338220	Trial	start	126
2017-05-21 16:50:34.340385	Speaker	play	None
2017-05-21 16:50:35.628731	Speaker	stop	None
2017-05-21 16:50:35.629730	Trial	end	126
2017-05-21 16:50:35.631109	Trial	start	127
2017-05-21 16:50:35.633925	Speaker	play	None
2017-05-21 16:50:41.637066	Speaker	stop	None
2017-05-21 16:50:41.638288	Hopper	up	None
2017-05-21 16:50:53.641758	Hopper	down	None
2017-05-21 16:50:53.944811	Trial	end	127
2017-05-21 16:51:53.047124	Trial	start	128
2017-05-21 16:51:53.049166	Speaker	play	None
2017-05-21 16:51:54.243258	Speaker	stop	None
2017-05-21 16:51:54.243860	Trial	end	128
2017-05-21 16:51:54.244528	Trial	start	129
2017-05-21 16:51:54.246454	Speaker	play	None
2017-05-21 16:52:00.251758	Speaker	stop	None
2017-05-21 16:52:00.252555	Hopper	up	None
2017-05-21 16:52:12.256543	Hopper	down	None
2017-05-21 16:52:12.559638	Trial	end	129
2017-05-21 17:05:14.051465	Trial	start	130
2017-05-21 17:05:14.053471	Speaker	play	None
2017-05-21 17:05:15.194367	Speaker	stop	None
2017-05-21 17:05:15.195241	Trial	end	130
2017-05-21 17:05:15.196590	Trial	start	131
2017-05-21 17:05:15.200416	Speaker	play	None
2017-05-21 17:05:16.165131	Speaker	stop	None
2017-05-21 17:05:16.165678	Trial	end	131
2017-05-21 17:05:16.166348	Trial	start	132
2017-05-21 17:05:16.168138	Speaker	play	None
2017-05-21 17:05:22.173563	Speaker	stop	None
2017-05-21 17:05:22.174297	Trial	end	132
2017-05-21 17:07:52.345425	Trial	start	133
2017-05-21 17:07:52.347412	Speaker	play	None
2017-05-21 17:07:58.349840	Speaker	stop	None
2017-05-21 17:07:58.350385	Trial	end	133
2017-05-21 17:08:28.900272	Trial	start	134
2017-05-21 17:08:28.902343	Speaker	play	None
2017-05-21 17:08:34.904711	Speaker	stop	None
2017-05-21 17:08:34.905286	Trial	end	134
2017-05-21 17:17:06.108159	Trial	start	135
2017-05-21 17:17:06.111870	Speaker	play	None
2017-05-21 17:17:12.116678	Speaker	stop	None
2017-05-21 17:17:12.117346	Trial	end	135
2017-05-21 17:17:20.070643	Trial	start	136
2017-05-21 17:17:20.075435	Speaker	play	None
2017-05-21 17:17:22.102569	Speaker	stop	None
2017-05-21 17:17:22.103425	Trial	end	136
2017-05-21 17:17:22.105173	Trial	start	137
2017-05-21 17:17:22.107450	Speaker	play	None
2017-05-21 17:17:23.748823	Speaker	stop	None
2017-05-21 17:17:23.749527	Trial	end	137
2017-05-21 17:17:23.750227	Trial	start	138
2017-05-21 17:17:23.752673	Speaker	play	None
2017-05-21 17:17:29.757231	Speaker	stop	None
2017-05-21 17:17:29.758186	Hopper	up	None
2017-05-21 17:17:41.761961	Hopper	down	None
2017-05-21 17:17:42.065018	Trial	end	138
2017-05-21 17:18:54.691537	Trial	start	139
2017-05-21 17:18:54.693638	Speaker	play	None
2017-05-21 17:19:00.696084	Speaker	stop	None
2017-05-21 17:19:00.697837	Hopper	up	None
2017-05-21 17:19:12.700742	Hopper	down	None
2017-05-21 17:19:13.003805	Trial	end	139
2017-05-21 17:20:20.838337	Trial	start	140
2017-05-21 17:20:20.841721	Speaker	play	None
2017-05-21 17:20:22.484928	Speaker	stop	None
2017-05-21 17:20:22.485512	Trial	end	140
2017-05-21 17:20:22.486159	Trial	start	141
2017-05-21 17:20:22.487933	Speaker	play	None
2017-05-21 17:20:28.493348	Speaker	stop	None
2017-05-21 17:20:28.493929	Trial	end	141
2017-05-21 17:20:40.825790	Trial	start	142
2017-05-21 17:20:40.828960	Speaker	play	None
2017-05-21 17:20:42.230670	Speaker	stop	None
2017-05-21 17:20:42.231246	Trial	end	142
2017-05-21 17:20:42.231911	Trial	start	143
2017-05-21 17:20:42.233953	Speaker	play	None
2017-05-21 17:20:43.602973	Speaker	stop	None
2017-05-21 17:20:43.603576	Trial	end	143
2017-05-21 17:20:43.604291	Trial	start	144
2017-05-21 17:20:43.606388	Speaker	play	None
2017-05-21 17:20:49.611267	Speaker	stop	None
2017-05-21 17:20:49.611825	Trial	end	144
2017-05-21 17:21:06.145920	Trial	start	145
2017-05-21 17:21:06.147860	Speaker	play	None
2017-05-21 17:21:07.210891	Speaker	stop	None
2017-05-21 17:21:07.211462	Trial	end	145
2017-05-21 17:21:07.212050	Trial	start	146
2017-05-21 17:21:07.213866	Speaker	play	None
2017-05-21 17:21:13.219456	Speaker	stop	None
2017-05-21 17:21:13.220123	Trial	end	146
2017-05-21 17:21:27.788156	Trial	start	147
2017-05-21 17:21:27.790532	Speaker	play	None
2017-05-21 17:21:33.796638	Speaker	stop	None
2017-05-21 17:21:33.797257	Trial	end	147
2017-05-21 17:21:41.324651	Trial	start	148
2017-05-21 17:21:41.328085	Speaker	play	None
2017-05-21 17:21:47.333262	Speaker	stop	None
2017-05-21 17:21:47.334171	Trial	end	148
2017-05-21 17:22:13.476564	Trial	start	149
2017-05-21 17:22:13.478532	Speaker	play	None
2017-05-21 17:22:19.481083	Speaker	stop	None
2017-05-21 17:22:19.481684	Trial	end	149
2017-05-21 17:22:25.239695	Trial	start	150
2017-05-21 17:22:25.242382	Speaker	play	None
2017-05-21 17:22:26.271993	Speaker	stop	None
2017-05-21 17:22:26.272611	Trial	end	150
2017-05-21 17:22:26.273396	Trial	start	151
2017-05-21 17:22:26.275898	Speaker	play	None
2017-05-21 17:22:32.280475	Speaker	stop	None
2017-05-21 17:22:32.281002	Trial	end	151
2017-05-21 17:22:37.220023	Trial	start	152
2017-05-21 17:22:37.222535	Speaker	play	None
2017-05-21 17:22:38.067798	Speaker	stop	None
2017-05-21 17:22:38.068522	Trial	end	152
2017-05-21 17:22:38.069942	Trial	start	153
2017-05-21 17:22:38.074062	Speaker	play	None
2017-05-21 17:22:44.080384	Speaker	stop	None
2017-05-21 17:22:44.080992	Trial	end	153
2017-05-21 17:23:01.675907	Trial	start	154
2017-05-21 17:23:01.679775	Speaker	play	None
2017-05-21 17:23:07.684528	Speaker	stop	None
2017-05-21 17:23:07.685376	Trial	end	154
2017-05-21 17:23:09.564346	Trial	start	155
2017-05-21 17:23:09.567142	Speaker	play	None
2017-05-21 17:23:12.976202	Speaker	stop	None
2017-05-21 17:23:12.976757	Trial	end	155
2017-05-21 17:23:12.977560	Trial	start	156
2017-05-21 17:23:12.979906	Speaker	play	None
2017-05-21 17:23:18.984769	Speaker	stop	None
2017-05-21 17:23:18.986839	Hopper	up	None
2017-05-21 17:23:30.989412	Hopper	down	None
2017-05-21 17:23:31.292462	Trial	end	156
2017-05-21 17:24:04.030184	Trial	start	157
2017-05-21 17:24:04.033130	Speaker	play	None
2017-05-21 17:24:05.209768	Speaker	stop	None
2017-05-21 17:24:05.210318	Trial	end	157
2017-05-21 17:24:05.211031	Trial	start	158
2017-05-21 17:24:05.213105	Speaker	play	None
2017-05-21 17:24:11.218331	Speaker	stop	None
2017-05-21 17:24:11.218993	Trial	end	158
2017-05-21 17:24:16.600159	Trial	start	159
2017-05-21 17:24:16.602455	Speaker	play	None
2017-05-21 17:24:22.608700	Speaker	stop	None
2017-05-21 17:24:22.609451	Trial	end	159
2017-05-21 17:24:29.624734	Trial	start	160
2017-05-21 17:24:29.627485	Speaker	play	None
2017-05-21 17:24:30.579179	Speaker	stop	None
2017-05-21 17:24:30.579732	Trial	end	160
2017-05-21 17:24:30.580612	Trial	start	161
2017-05-21 17:24:30.582626	Speaker	play	None
2017-05-21 17:24:36.587632	Speaker	stop	None
2017-05-21 17:24:36.588159	Trial	end	161
2017-05-21 17:24:41.965346	Trial	start	162
2017-05-21 17:24:41.967580	Speaker	play	None
2017-05-21 17:24:47.973981	Speaker	stop	None
2017-05-21 17:24:47.974591	Trial	end	162
2017-05-21 17:25:05.016422	Trial	start	163
2017-05-21 17:25:05.018347	Speaker	play	None
2017-05-21 17:25:11.020916	Speaker	stop	None
2017-05-21 17:25:11.021492	Trial	end	163
2017-05-21 17:25:15.337848	Trial	start	164
2017-05-21 17:25:15.339979	Speaker	play	None
2017-05-21 17:25:21.346382	Speaker	stop	None
2017-05-21 17:25:21.346960	Trial	end	164
2017-05-21 17:25:28.571378	Trial	start	165
2017-05-21 17:25:28.575182	Speaker	play	None
2017-05-21 17:25:34.580085	Speaker	stop	None
2017-05-21 17:25:34.581031	Trial	end	165
2017-05-21 17:26:11.319078	Trial	start	166
2017-05-21 17:26:11.320989	Speaker	play	None
2017-05-21 17:26:12.187700	Speaker	stop	None
2017-05-21 17:26:12.188559	Trial	end	166
2017-05-21 17:26:12.190188	Trial	start	167
2017-05-21 17:26:12.193472	Speaker	play	None
2017-05-21 17:26:13.162669	Speaker	stop	None
2017-05-21 17:26:13.164050	Trial	end	167
2017-05-21 17:26:13.165935	Trial	start	168
2017-05-21 17:26:13.170497	Speaker	play	None
2017-05-21 17:26:19.174878	Speaker	stop	None
2017-05-21 17:26:19.175418	Trial	end	168
2017-05-21 17:26:27.616308	Trial	start	169
2017-05-21 17:26:27.618791	Speaker	play	None
2017-05-21 17:26:28.472369	Speaker	stop	None
2017-05-21 17:26:28.473173	Trial	end	169
2017-05-21 17:26:28.473958	Trial	start	170
2017-05-21 17:26:28.476027	Speaker	play	None
2017-05-21 17:26:29.778898	Speaker	stop	None
2017-05-21 17:26:29.779437	Trial	end	170
2017-05-21 17:26:29.780038	Trial	start	171
2017-05-21 17:26:29.781860	Speaker	play	None
2017-05-21 17:26:35.787393	Speaker	stop	None
2017-05-21 17:26:35.787992	Trial	end	171
2017-05-21 17:26:40.669471	Trial	start	172
2017-05-21 17:26:40.671380	Speaker	play	None
2017-05-21 17:26:46.674157	Speaker	stop	None
2017-05-21 17:26:46.679624	Trial	end	172
2017-05-21 17:26:48.222182	Trial	start	173
2017-05-21 17:26:48.224957	Speaker	play	None
2017-05-21 17:26:54.230824	Speaker	stop	None
2017-05-21 17:26:54.231978	Trial	end	173
2017-05-21 17:26:58.379813	Trial	start	174
2017-05-21 17:26:58.384363	Speaker	play	None
2017-05-21 17:27:04.392386	Speaker	stop	None
2017-05-21 17:27:04.392988	Trial	end	174
2017-05-21 17:27:13.800442	Trial	start	175
2017-05-21 17:27:13.804655	Speaker	play	None
2017-05-21 17:27:15.332258	Speaker	stop	None
2017-05-21 17:27:15.332880	Trial	end	175
2017-05-21 17:27:15.333498	Trial	start	176
2017-05-21 17:27:15.335538	Speaker	play	None
2017-05-21 17:27:21.340734	Speaker	stop	None
2017-05-21 17:27:21.341328	Trial	end	176
2017-05-21 17:27:25.891177	Trial	start	177
2017-05-21 17:27:25.893524	Speaker	play	None
2017-05-21 17:27:31.899715	Speaker	stop	None
2017-05-21 17:27:31.900495	Hopper	up	None
2017-05-21 17:27:43.904443	Hopper	down	None
2017-05-21 17:27:44.207507	Trial	end	177
2017-05-21 17:28:52.918497	Trial	start	178
2017-05-21 17:28:52.920546	Speaker	play	None
2017-05-21 17:28:58.923021	Speaker	stop	None
2017-05-21 17:28:58.923906	Hopper	up	None
2017-05-21 17:29:10.927762	Hopper	down	None
2017-05-21 17:29:11.230720	Trial	end	178
2017-05-21 17:31:21.170524	Trial	start	179
2017-05-21 17:31:21.174607	Speaker	play	None
2017-05-21 17:31:27.178473	Speaker	stop	None
2017-05-21 17:31:27.179024	Trial	end	179
2017-05-21 17:55:08.546374	Trial	start	180
2017-05-21 17:55:08.549505	Speaker	play	None
2017-05-21 17:55:12.855059	Speaker	stop	None
2017-05-21 17:55:12.855613	Trial	end	180
2017-05-21 17:55:12.856247	Trial	start	181
2017-05-21 17:55:12.858255	Speaker	play	None
2017-05-21 17:55:18.863533	Speaker	stop	None
2017-05-21 17:55:18.864280	Trial	end	181
2017-05-21 17:55:23.188499	Trial	start	182
2017-05-21 17:55:23.191948	Speaker	play	None
2017-05-21 17:55:23.979075	Speaker	stop	None
2017-05-21 17:55:23.979643	Trial	end	182
2017-05-21 17:55:23.980334	Trial	start	183
2017-05-21 17:55:23.982380	Speaker	play	None
2017-05-21 17:55:29.987480	Speaker	stop	None
2017-05-21 17:55:29.988058	Trial	end	183
2017-05-21 17:55:38.825975	Trial	start	184
2017-05-21 17:55:38.827914	Speaker	play	None
2017-05-21 17:55:40.280059	Speaker	stop	None
2017-05-21 17:55:40.280666	Trial	end	184
2017-05-21 17:55:40.281341	Trial	start	185
2017-05-21 17:55:40.283228	Speaker	play	None
2017-05-21 17:55:41.951314	Speaker	stop	None
2017-05-21 17:55:41.952361	Trial	end	185
2017-05-21 17:55:41.953264	Trial	start	186
2017-05-21 17:55:41.955070	Speaker	play	None
2017-05-21 17:55:47.959554	Speaker	stop	None
2017-05-21 17:55:47.960296	Trial	end	186
2017-05-21 17:55:59.661042	Trial	start	187
2017-05-21 17:55:59.663254	Speaker	play	None
2017-05-21 17:56:00.881646	Speaker	stop	None
2017-05-21 17:56:00.882259	Trial	end	187
2017-05-21 17:56:00.883040	Trial	start	188
2017-05-21 17:56:00.885540	Speaker	play	None
2017-05-21 17:56:02.138975	Speaker	stop	None
2017-05-21 17:56:02.139578	Trial	end	188
2017-05-21 17:56:02.140165	Trial	start	189
2017-05-21 17:56:02.141884	Speaker	play	None
2017-05-21 17:56:08.147357	Speaker	stop	None
2017-05-21 17:56:08.147879	Trial	end	189
2017-05-21 17:56:12.300399	Trial	start	190
2017-05-21 17:56:12.302518	Speaker	play	None
2017-05-21 17:56:18.112425	Speaker	stop	None
2017-05-21 17:56:18.113498	Trial	end	190
2017-05-21 17:56:18.114349	Trial	start	191
2017-05-21 17:56:18.116554	Speaker	play	None
2017-05-21 17:56:24.120996	Speaker	stop	None
2017-05-21 17:56:24.121905	Trial	end	191
2017-05-21 17:56:27.466884	Trial	start	192
2017-05-21 17:56:27.469973	Speaker	play	None
2017-05-21 17:56:33.475369	Speaker	stop	None
2017-05-21 17:56:33.476246	Hopper	up	None
2017-05-21 17:56:45.480083	Hopper	down	None
2017-05-21 17:56:45.782986	Trial	end	192
2017-05-21 17:59:16.514267	Trial	start	193
2017-05-21 17:59:16.516747	Speaker	play	None
2017-05-21 17:59:17.824922	Speaker	stop	None
2017-05-21 17:59:17.825495	Trial	end	193
2017-05-21 17:59:17.826110	Trial	start	194
2017-05-21 17:59:17.828019	Speaker	play	None
2017-05-21 17:59:23.833397	Speaker	stop	None
2017-05-21 17:59:23.833967	Trial	end	194
2017-05-21 17:59:35.407842	Trial	start	195
2017-05-21 17:59:35.410744	Speaker	play	None
2017-05-21 17:59:41.416560	Speaker	stop	None
2017-05-21 17:59:41.419553	Hopper	up	None
2017-05-21 17:59:53.420921	Hopper	down	None
2017-05-21 17:59:53.724019	Trial	end	195
2017-05-21 18:00:32.568011	Trial	start	196
2017-05-21 18:00:32.570193	Speaker	play	None
2017-05-21 18:00:38.576460	Speaker	stop	None
2017-05-21 18:00:38.577091	Trial	end	196
2017-05-21 18:00:52.518349	Trial	start	197
2017-05-21 18:00:52.521132	Speaker	play	None
2017-05-21 18:00:58.526782	Speaker	stop	None
2017-05-21 18:00:58.527358	Trial	end	197
2017-05-21 18:01:09.675315	Trial	start	198
2017-05-21 18:01:09.677769	Speaker	play	None
2017-05-21 18:01:10.711644	Speaker	stop	None
2017-05-21 18:01:10.712202	Trial	end	198
2017-05-21 18:01:10.712981	Trial	start	199
2017-05-21 18:01:10.714917	Speaker	play	None
2017-05-21 18:01:16.720053	Speaker	stop	None
2017-05-21 18:01:16.720592	Trial	end	199
2017-05-21 18:01:28.356024	Trial	start	200
2017-05-21 18:01:28.358403	Speaker	play	None
2017-05-21 18:01:29.560361	Speaker	stop	None
2017-05-21 18:01:29.561073	Trial	end	200
2017-05-21 18:01:29.561881	Trial	start	201
2017-05-21 18:01:29.564092	Speaker	play	None
2017-05-21 18:01:35.568728	Speaker	stop	None
2017-05-21 18:01:35.569662	Trial	end	201
2017-05-21 18:01:41.204302	Trial	start	202
2017-05-21 18:01:41.208526	Speaker	play	None
2017-05-21 18:01:47.212869	Speaker	stop	None
2017-05-21 18:01:47.213767	Hopper	up	None
2017-05-21 18:01:59.217379	Hopper	down	None
2017-05-21 18:01:59.520479	Trial	end	202
2017-05-21 18:03:53.210004	Trial	start	203
2017-05-21 18:03:53.212132	Speaker	play	None
2017-05-21 18:03:54.516745	Speaker	stop	None
2017-05-21 18:03:54.517684	Trial	end	203
2017-05-21 18:03:54.519322	Trial	start	204
2017-05-21 18:03:54.522552	Speaker	play	None
2017-05-21 18:04:00.529368	Speaker	stop	None
2017-05-21 18:04:00.532391	Hopper	up	None
2017-05-21 18:04:12.533667	Hopper	down	None
2017-05-21 18:04:12.836799	Trial	end	204
2017-05-21 18:25:22.861767	Trial	start	205
2017-05-21 18:25:22.863859	Speaker	play	None
2017-05-21 18:25:27.379829	Speaker	stop	None
2017-05-21 18:25:27.380348	Trial	end	205
2017-05-21 18:25:27.381030	Trial	start	206
2017-05-21 18:25:27.383030	Speaker	play	None
2017-05-21 18:25:28.604486	Speaker	stop	None
2017-05-21 18:25:28.605064	Trial	end	206
2017-05-21 18:25:28.605762	Trial	start	207
2017-05-21 18:25:28.607712	Speaker	play	None
2017-05-21 18:25:34.613374	Speaker	stop	None
2017-05-21 18:25:34.613951	Trial	end	207
2017-05-21 18:25:41.728137	Trial	start	208
2017-05-21 18:25:41.730185	Speaker	play	None
2017-05-21 18:25:43.067583	Speaker	stop	None
2017-05-21 18:25:43.068196	Trial	end	208
2017-05-21 18:25:43.068908	Trial	start	209
2017-05-21 18:25:43.070909	Speaker	play	None
2017-05-21 18:25:45.959348	Speaker	stop	None
2017-05-21 18:25:45.959912	Trial	end	209
2017-05-21 18:25:45.960606	Trial	start	210
2017-05-21 18:25:45.963035	Speaker	play	None
2017-05-21 18:25:46.753951	Speaker	stop	None
2017-05-21 18:25:46.754515	Trial	end	210
2017-05-21 18:25:46.755215	Trial	start	211
2017-05-21 18:25:46.757256	Speaker	play	None
2017-05-21 18:25:52.762762	Speaker	stop	None
2017-05-21 18:25:52.763380	Trial	end	211
2017-05-21 18:39:30.420344	Trial	start	212
2017-05-21 18:39:30.423984	Speaker	play	None
2017-05-21 18:39:36.433145	Speaker	stop	None
2017-05-21 18:39:36.433999	Hopper	up	None
2017-05-21 18:39:48.437902	Hopper	down	None
2017-05-21 18:39:48.740947	Trial	end	212
2017-05-21 18:41:47.901159	Trial	start	213
2017-05-21 18:41:47.903139	Speaker	play	None
2017-05-21 18:41:49.208018	Speaker	stop	None
2017-05-21 18:41:49.209133	Trial	end	213
2017-05-21 18:41:49.209895	Trial	start	214
2017-05-21 18:41:49.211751	Speaker	play	None
2017-05-21 18:41:55.216390	Speaker	stop	None
2017-05-21 18:41:55.217009	Trial	end	214
2017-05-21 18:41:58.824765	Trial	start	215
2017-05-21 18:41:58.827077	Speaker	play	None
2017-05-21 18:42:00.454959	Speaker	stop	None
2017-05-21 18:42:00.455450	Trial	end	215
2017-05-21 18:42:00.456163	Trial	start	216
2017-05-21 18:42:00.461133	Speaker	play	None
2017-05-21 18:42:06.463526	Speaker	stop	None
2017-05-21 18:42:06.464109	Trial	end	216
2017-05-21 18:42:11.808504	Trial	start	217
2017-05-21 18:42:11.810494	Speaker	play	None
2017-05-21 18:42:17.813100	Speaker	stop	None
2017-05-21 18:42:17.814000	Hopper	up	None
2017-05-21 18:42:29.817923	Hopper	down	None
2017-05-21 18:42:30.121094	Trial	end	217
2017-05-21 18:46:44.226051	Trial	start	218
2017-05-21 18:46:44.228188	Speaker	play	None
2017-05-21 18:46:46.282246	Speaker	stop	None
2017-05-21 18:46:46.282804	Trial	end	218
2017-05-21 18:46:46.284086	Trial	start	219
2017-05-21 18:46:46.286488	Speaker	play	None
2017-05-21 18:46:52.290836	Speaker	stop	None
2017-05-21 18:46:52.291567	Trial	end	219
2017-05-21 19:00:57.248928	PeckPort	off	None
2017-05-21 19:00:57.249093	HouseLight	on	None
2017-05-21 19:00:57.249213	Hopper	down	None
