2016-10-02 10:37:50.140941	PeckPort	off	None
2016-10-02 10:37:50.141452	HouseLight	on	None
2016-10-02 10:37:50.141876	Hopper	down	None
2016-10-02 10:37:50.449972	Hopper	down	None
2016-10-02 10:37:50.755599	HouseLight	on	None
2016-10-02 10:37:50.756214	PeckPort	on	None
2016-10-02 10:40:26.585982	Trial	start	1
2016-10-02 10:40:26.591410	Speaker	play	None
2016-10-02 10:40:32.598662	Speaker	stop	None
2016-10-02 10:40:32.599550	Trial	end	1
2016-10-02 10:40:39.577152	Trial	start	2
2016-10-02 10:40:39.579362	Speaker	play	None
2016-10-02 10:40:45.585943	Speaker	stop	None
2016-10-02 10:40:45.588585	Trial	end	2
2016-10-02 10:41:37.529641	Trial	start	3
2016-10-02 10:41:37.533266	Speaker	play	None
2016-10-02 10:41:48.764268	Speaker	stop	None
2016-10-02 10:41:48.767818	Trial	end	3
2016-10-02 10:41:53.232053	Trial	start	4
2016-10-02 10:41:53.236218	Speaker	play	None
2016-10-02 10:41:59.241149	Speaker	stop	None
2016-10-02 10:41:59.242174	Trial	end	4
2016-10-02 10:42:20.815689	Trial	start	5
2016-10-02 10:42:20.818607	Speaker	play	None
2016-10-02 10:42:26.824648	Speaker	stop	None
2016-10-02 10:42:26.826528	Trial	end	5
2016-10-02 10:42:33.536638	Trial	start	6
2016-10-02 10:42:33.538719	Speaker	play	None
2016-10-02 10:42:39.545063	Speaker	stop	None
2016-10-02 10:42:39.546001	Trial	end	6
2016-10-02 10:42:43.263762	Trial	start	7
2016-10-02 10:42:43.266048	Speaker	play	None
2016-10-02 10:42:43.345793	Speaker	stop	None
2016-10-02 10:42:43.346712	Trial	end	7
2016-10-02 10:42:43.347682	Trial	start	8
2016-10-02 10:42:43.349758	Speaker	play	None
2016-10-02 10:42:44.832428	Speaker	stop	None
2016-10-02 10:42:44.833358	Trial	end	8
2016-10-02 10:42:44.834852	Trial	start	9
2016-10-02 10:42:44.838826	Speaker	play	None
2016-10-02 10:42:45.094617	Speaker	stop	None
2016-10-02 10:42:45.095557	Trial	end	9
2016-10-02 10:42:45.096787	Trial	start	10
2016-10-02 10:42:45.099026	Speaker	play	None
2016-10-02 10:42:45.299602	Speaker	stop	None
2016-10-02 10:42:45.300781	Trial	end	10
2016-10-02 10:42:45.302574	Trial	start	11
2016-10-02 10:42:45.305892	Speaker	play	None
2016-10-02 10:42:51.312209	Speaker	stop	None
2016-10-02 10:42:51.313420	Trial	end	11
2016-10-02 10:43:23.532024	Trial	start	12
2016-10-02 10:43:23.536858	Speaker	play	None
2016-10-02 10:43:29.540193	Speaker	stop	None
2016-10-02 10:43:29.541286	Trial	end	12
2016-10-02 10:43:29.675125	Trial	start	13
2016-10-02 10:43:29.677301	Speaker	play	None
2016-10-02 10:43:35.683650	Speaker	stop	None
2016-10-02 10:43:35.685529	Trial	end	13
2016-10-02 10:43:40.311705	Trial	start	14
2016-10-02 10:43:40.314222	Speaker	play	None
2016-10-02 10:43:46.319936	Speaker	stop	None
2016-10-02 10:43:46.320856	Trial	end	14
2016-10-02 10:44:12.441590	Trial	start	15
2016-10-02 10:44:12.443922	Speaker	play	None
2016-10-02 10:44:19.953788	Speaker	stop	None
2016-10-02 10:44:19.955473	Trial	end	15
2016-10-02 10:44:19.957874	Trial	start	16
2016-10-02 10:44:19.960315	Speaker	play	None
2016-10-02 10:44:20.428177	Speaker	stop	None
2016-10-02 10:44:20.429311	Trial	end	16
2016-10-02 10:44:20.430662	Trial	start	17
2016-10-02 10:44:20.432939	Speaker	play	None
2016-10-02 10:44:20.514293	Speaker	stop	None
2016-10-02 10:44:20.515202	Trial	end	17
2016-10-02 10:44:20.516611	Trial	start	18
2016-10-02 10:44:20.519758	Speaker	play	None
2016-10-02 10:44:20.788909	Speaker	stop	None
2016-10-02 10:44:20.790550	Trial	end	18
2016-10-02 10:44:20.791906	Trial	start	19
2016-10-02 10:44:20.794024	Speaker	play	None
2016-10-02 10:44:20.841864	Speaker	stop	None
2016-10-02 10:44:20.842776	Trial	end	19
2016-10-02 10:44:20.843955	Trial	start	20
2016-10-02 10:44:20.846021	Speaker	play	None
2016-10-02 10:44:26.850174	Speaker	stop	None
2016-10-02 10:44:26.851668	Trial	end	20
2016-10-02 10:44:33.685641	Trial	start	21
2016-10-02 10:44:33.687894	Speaker	play	None
2016-10-02 10:44:39.693997	Speaker	stop	None
2016-10-02 10:44:39.695328	Hopper	up	None
2016-10-02 10:44:51.698364	Hopper	down	None
2016-10-02 10:44:52.001424	Trial	end	21
2016-10-02 10:46:15.646597	Trial	start	22
2016-10-02 10:46:15.649182	Speaker	play	None
2016-10-02 10:46:15.721652	Speaker	stop	None
2016-10-02 10:46:15.723092	Trial	end	22
2016-10-02 10:46:15.724631	Trial	start	23
2016-10-02 10:46:15.735177	Speaker	play	None
2016-10-02 10:46:16.105524	Speaker	stop	None
2016-10-02 10:46:16.106603	Trial	end	23
2016-10-02 10:46:16.107774	Trial	start	24
2016-10-02 10:46:16.109700	Speaker	play	None
2016-10-02 10:46:22.113968	Speaker	stop	None
2016-10-02 10:46:22.115335	Trial	end	24
2016-10-02 10:46:22.265080	Trial	start	25
2016-10-02 10:46:22.267304	Speaker	play	None
2016-10-02 10:46:22.343194	Speaker	stop	None
2016-10-02 10:46:22.344051	Trial	end	25
2016-10-02 10:46:22.345517	Trial	start	26
2016-10-02 10:46:22.347363	Speaker	play	None
2016-10-02 10:46:22.568624	Speaker	stop	None
2016-10-02 10:46:22.569758	Trial	end	26
2016-10-02 10:46:22.571291	Trial	start	27
2016-10-02 10:46:22.578522	Speaker	play	None
2016-10-02 10:46:27.962790	Speaker	stop	None
2016-10-02 10:46:27.963852	Trial	end	27
2016-10-02 10:46:27.965206	Trial	start	28
2016-10-02 10:46:27.969339	Speaker	play	None
2016-10-02 10:46:33.974796	Speaker	stop	None
2016-10-02 10:46:33.975570	Trial	end	28
2016-10-02 10:46:40.310579	Trial	start	29
2016-10-02 10:46:40.313103	Speaker	play	None
2016-10-02 10:46:49.264019	Speaker	stop	None
2016-10-02 10:46:49.265091	Trial	end	29
2016-10-02 10:46:50.918366	Trial	start	30
2016-10-02 10:46:50.920304	Speaker	play	None
2016-10-02 10:46:56.923198	Speaker	stop	None
2016-10-02 10:46:56.924941	Trial	end	30
2016-10-02 10:47:16.681812	Trial	start	31
2016-10-02 10:47:16.685093	Speaker	play	None
2016-10-02 10:47:22.688562	Speaker	stop	None
2016-10-02 10:47:22.689422	Trial	end	31
2016-10-02 10:47:26.657181	Trial	start	32
2016-10-02 10:47:26.659225	Speaker	play	None
2016-10-02 10:47:26.739730	Speaker	stop	None
2016-10-02 10:47:26.741354	Trial	end	32
2016-10-02 10:47:26.743008	Trial	start	33
2016-10-02 10:47:26.746070	Speaker	play	None
2016-10-02 10:47:27.108632	Speaker	stop	None
2016-10-02 10:47:27.109962	Trial	end	33
2016-10-02 10:47:27.112407	Trial	start	34
2016-10-02 10:47:27.116121	Speaker	play	None
2016-10-02 10:47:27.190300	Speaker	stop	None
2016-10-02 10:47:27.191684	Trial	end	34
2016-10-02 10:47:27.195187	Trial	start	35
2016-10-02 10:47:27.198029	Speaker	play	None
2016-10-02 10:47:27.354121	Speaker	stop	None
2016-10-02 10:47:27.355446	Trial	end	35
2016-10-02 10:47:27.358074	Trial	start	36
2016-10-02 10:47:27.361045	Speaker	play	None
2016-10-02 10:47:33.366027	Speaker	stop	None
2016-10-02 10:47:33.366903	Trial	end	36
2016-10-02 10:47:35.700344	Trial	start	37
2016-10-02 10:47:35.702396	Speaker	play	None
2016-10-02 10:47:35.766698	Speaker	stop	None
2016-10-02 10:47:35.767746	Trial	end	37
2016-10-02 10:47:35.769530	Trial	start	38
2016-10-02 10:47:35.772567	Speaker	play	None
2016-10-02 10:47:35.851985	Speaker	stop	None
2016-10-02 10:47:35.852782	Trial	end	38
2016-10-02 10:47:35.854032	Trial	start	39
2016-10-02 10:47:35.856913	Speaker	play	None
2016-10-02 10:47:41.865731	Speaker	stop	None
2016-10-02 10:47:41.867079	Hopper	up	None
2016-10-02 10:47:53.868987	Hopper	down	None
2016-10-02 10:47:54.171988	Trial	end	39
2016-10-02 10:50:08.587989	Trial	start	40
2016-10-02 10:50:08.591079	Speaker	play	None
2016-10-02 10:50:14.596289	Speaker	stop	None
2016-10-02 10:50:14.597303	Trial	end	40
2016-10-02 10:50:21.071496	Trial	start	41
2016-10-02 10:50:21.074477	Speaker	play	None
2016-10-02 10:50:21.137280	Speaker	stop	None
2016-10-02 10:50:21.138195	Trial	end	41
2016-10-02 10:50:21.139617	Trial	start	42
2016-10-02 10:50:21.141898	Speaker	play	None
2016-10-02 10:50:27.145674	Speaker	stop	None
2016-10-02 10:50:27.147882	Hopper	up	None
2016-10-02 10:50:39.150118	Hopper	down	None
2016-10-02 10:50:39.461230	Trial	end	42
2016-10-02 10:52:36.032782	Trial	start	43
2016-10-02 10:52:36.035691	Speaker	play	None
2016-10-02 10:52:36.114833	Speaker	stop	None
2016-10-02 10:52:36.115675	Trial	end	43
2016-10-02 10:52:36.116988	Trial	start	44
2016-10-02 10:52:36.122909	Speaker	play	None
2016-10-02 10:52:42.127478	Speaker	stop	None
2016-10-02 10:52:42.129277	Trial	end	44
2016-10-02 10:52:45.051866	Trial	start	45
2016-10-02 10:52:45.054779	Speaker	play	None
2016-10-02 10:52:51.060014	Speaker	stop	None
2016-10-02 10:52:51.060900	Trial	end	45
2016-10-02 10:52:57.392458	Trial	start	46
2016-10-02 10:52:57.395076	Speaker	play	None
2016-10-02 10:53:03.400668	Speaker	stop	None
2016-10-02 10:53:03.402341	Hopper	up	None
2016-10-02 10:53:15.405210	Hopper	down	None
2016-10-02 10:53:15.711944	Trial	end	46
2016-10-02 10:55:09.810311	Trial	start	47
2016-10-02 10:55:09.815054	Speaker	play	None
2016-10-02 10:55:15.818986	Speaker	stop	None
2016-10-02 10:55:15.820775	Trial	end	47
2016-10-02 10:55:16.703605	Trial	start	48
2016-10-02 10:55:16.706907	Speaker	play	None
2016-10-02 10:55:16.838581	Speaker	stop	None
2016-10-02 10:55:16.839607	Trial	end	48
2016-10-02 10:55:16.842189	Trial	start	49
2016-10-02 10:55:16.846229	Speaker	play	None
2016-10-02 10:55:22.851340	Speaker	stop	None
2016-10-02 10:55:22.852703	Hopper	up	None
2016-10-02 10:55:34.856319	Hopper	down	None
2016-10-02 10:55:35.162571	Trial	end	49
2016-10-02 10:56:56.675559	Trial	start	50
2016-10-02 10:56:56.678434	Speaker	play	None
2016-10-02 10:57:02.684691	Speaker	stop	None
2016-10-02 10:57:02.686092	Trial	end	50
2016-10-02 10:57:14.578041	Trial	start	51
2016-10-02 10:57:14.580495	Speaker	play	None
2016-10-02 10:57:20.586514	Speaker	stop	None
2016-10-02 10:57:20.587377	Trial	end	51
2016-10-02 10:57:52.909859	Trial	start	52
2016-10-02 10:57:52.911957	Speaker	play	None
2016-10-02 10:58:04.140596	Speaker	stop	None
2016-10-02 10:58:04.141730	Trial	end	52
2016-10-02 10:58:11.869315	Trial	start	53
2016-10-02 10:58:11.871861	Speaker	play	None
2016-10-02 10:58:11.991840	Speaker	stop	None
2016-10-02 10:58:11.992649	Trial	end	53
2016-10-02 10:58:11.993852	Trial	start	54
2016-10-02 10:58:11.995739	Speaker	play	None
2016-10-02 10:58:18.000528	Speaker	stop	None
2016-10-02 10:58:18.001753	Trial	end	54
2016-10-02 10:58:26.048590	Trial	start	55
2016-10-02 10:58:26.050853	Speaker	play	None
2016-10-02 10:58:26.299411	Speaker	stop	None
2016-10-02 10:58:26.300944	Trial	end	55
2016-10-02 10:58:26.302465	Trial	start	56
2016-10-02 10:58:26.304950	Speaker	play	None
2016-10-02 10:58:26.372064	Speaker	stop	None
2016-10-02 10:58:26.372915	Trial	end	56
2016-10-02 10:58:26.374057	Trial	start	57
2016-10-02 10:58:26.377330	Speaker	play	None
2016-10-02 10:58:32.385199	Speaker	stop	None
2016-10-02 10:58:32.386177	Trial	end	57
2016-10-02 10:58:39.859141	Trial	start	58
2016-10-02 10:58:39.861185	Speaker	play	None
2016-10-02 10:58:45.867624	Speaker	stop	None
2016-10-02 10:58:45.868697	Trial	end	58
2016-10-02 10:58:51.880422	Trial	start	59
2016-10-02 10:58:51.884464	Speaker	play	None
2016-10-02 10:58:57.888814	Speaker	stop	None
2016-10-02 10:58:57.890108	Trial	end	59
2016-10-02 10:59:01.489011	Trial	start	60
2016-10-02 10:59:01.491765	Speaker	play	None
2016-10-02 10:59:07.497205	Speaker	stop	None
2016-10-02 10:59:07.498091	Trial	end	60
2016-10-02 10:59:08.267271	Trial	start	61
2016-10-02 10:59:08.270332	Speaker	play	None
2016-10-02 10:59:14.275602	Speaker	stop	None
2016-10-02 10:59:14.277028	Hopper	up	None
2016-10-02 10:59:26.280174	Hopper	down	None
2016-10-02 10:59:26.583006	Trial	end	61
2016-10-02 11:01:31.212342	Trial	start	62
2016-10-02 11:01:31.215933	Speaker	play	None
2016-10-02 11:01:37.220984	Speaker	stop	None
2016-10-02 11:01:37.222508	Hopper	up	None
2016-10-02 11:01:49.225779	Hopper	down	None
2016-10-02 11:01:49.532137	Trial	end	62
2016-10-02 11:07:14.286994	Trial	start	63
2016-10-02 11:07:14.292043	Speaker	play	None
2016-10-02 11:07:20.297685	Speaker	stop	None
2016-10-02 11:07:20.298497	Trial	end	63
2016-10-02 11:07:26.898768	Trial	start	64
2016-10-02 11:07:26.902299	Speaker	play	None
2016-10-02 11:07:32.907418	Speaker	stop	None
2016-10-02 11:07:32.908927	Trial	end	64
2016-10-02 11:07:42.061888	Trial	start	65
2016-10-02 11:07:42.064399	Speaker	play	None
2016-10-02 11:07:48.070089	Speaker	stop	None
2016-10-02 11:07:48.072641	Hopper	up	None
2016-10-02 11:08:00.076715	Hopper	down	None
2016-10-02 11:08:00.379492	Trial	end	65
2016-10-02 11:09:57.222631	Trial	start	66
2016-10-02 11:09:57.226113	Speaker	play	None
2016-10-02 11:09:57.286764	Speaker	stop	None
2016-10-02 11:09:57.288746	Trial	end	66
2016-10-02 11:09:57.290717	Trial	start	67
2016-10-02 11:09:57.293370	Speaker	play	None
2016-10-02 11:10:08.524639	Speaker	stop	None
2016-10-02 11:10:08.526098	Trial	end	67
2016-10-02 11:10:18.129372	Trial	start	68
2016-10-02 11:10:18.133309	Speaker	play	None
2016-10-02 11:10:18.940768	Speaker	stop	None
2016-10-02 11:10:18.943190	Trial	end	68
2016-10-02 11:10:18.944538	Trial	start	69
2016-10-02 11:10:18.947347	Speaker	play	None
2016-10-02 11:10:24.953789	Speaker	stop	None
2016-10-02 11:10:24.955522	Hopper	up	None
2016-10-02 11:10:36.958945	Hopper	down	None
2016-10-02 11:10:37.262405	Trial	end	69
2016-10-02 11:11:50.878947	Trial	start	70
2016-10-02 11:11:50.881447	Speaker	play	None
2016-10-02 11:11:56.888376	Speaker	stop	None
2016-10-02 11:11:56.890316	Trial	end	70
2016-10-02 11:12:00.942726	Trial	start	71
2016-10-02 11:12:00.945043	Speaker	play	None
2016-10-02 11:12:01.025092	Speaker	stop	None
2016-10-02 11:12:01.026227	Trial	end	71
2016-10-02 11:12:01.027594	Trial	start	72
2016-10-02 11:12:01.029918	Speaker	play	None
2016-10-02 11:12:07.033742	Speaker	stop	None
2016-10-02 11:12:07.034855	Trial	end	72
2016-10-02 11:12:21.902555	Trial	start	73
2016-10-02 11:12:21.918933	Speaker	play	None
2016-10-02 11:12:27.923025	Speaker	stop	None
2016-10-02 11:12:27.924379	Trial	end	73
2016-10-02 11:13:40.118000	Trial	start	74
2016-10-02 11:13:40.120156	Speaker	play	None
2016-10-02 11:13:49.071844	Speaker	stop	None
2016-10-02 11:13:49.072865	Trial	end	74
2016-10-02 11:13:57.828766	Trial	start	75
2016-10-02 11:13:57.830744	Speaker	play	None
2016-10-02 11:13:58.562171	Speaker	stop	None
2016-10-02 11:13:58.562943	Trial	end	75
2016-10-02 11:13:58.564119	Trial	start	76
2016-10-02 11:13:58.566516	Speaker	play	None
2016-10-02 11:14:04.572717	Speaker	stop	None
2016-10-02 11:14:04.573806	Trial	end	76
2016-10-02 11:14:12.561770	Trial	start	77
2016-10-02 11:14:12.564544	Speaker	play	None
2016-10-02 11:14:12.632202	Speaker	stop	None
2016-10-02 11:14:12.633538	Trial	end	77
2016-10-02 11:14:12.635644	Trial	start	78
2016-10-02 11:14:12.639804	Speaker	play	None
2016-10-02 11:14:13.061736	Speaker	stop	None
2016-10-02 11:14:13.062730	Trial	end	78
2016-10-02 11:14:13.063976	Trial	start	79
2016-10-02 11:14:13.066513	Speaker	play	None
2016-10-02 11:14:19.074781	Speaker	stop	None
2016-10-02 11:14:19.075794	Trial	end	79
2016-10-02 11:14:24.300727	Trial	start	80
2016-10-02 11:14:24.303059	Speaker	play	None
2016-10-02 11:14:30.309793	Speaker	stop	None
2016-10-02 11:14:30.310867	Trial	end	80
2016-10-02 11:14:45.230912	Trial	start	81
2016-10-02 11:14:45.232940	Speaker	play	None
2016-10-02 11:14:45.326259	Speaker	stop	None
2016-10-02 11:14:45.328200	Trial	end	81
2016-10-02 11:14:45.330176	Trial	start	82
2016-10-02 11:14:45.333249	Speaker	play	None
2016-10-02 11:14:45.972579	Speaker	stop	None
2016-10-02 11:14:45.973523	Trial	end	82
2016-10-02 11:14:45.975174	Trial	start	83
2016-10-02 11:14:45.978758	Speaker	play	None
2016-10-02 11:14:46.066977	Speaker	stop	None
2016-10-02 11:14:46.068010	Trial	end	83
2016-10-02 11:14:46.069555	Trial	start	84
2016-10-02 11:14:46.071689	Speaker	play	None
2016-10-02 11:14:46.841184	Speaker	stop	None
2016-10-02 11:14:46.842445	Trial	end	84
2016-10-02 11:14:46.845752	Trial	start	85
2016-10-02 11:14:46.850569	Speaker	play	None
2016-10-02 11:14:52.857786	Speaker	stop	None
2016-10-02 11:14:52.858775	Trial	end	85
2016-10-02 11:15:02.139061	Trial	start	86
2016-10-02 11:15:02.142780	Speaker	play	None
2016-10-02 11:15:02.311052	Speaker	stop	None
2016-10-02 11:15:02.311926	Trial	end	86
2016-10-02 11:15:02.312878	Trial	start	87
2016-10-02 11:15:02.315066	Speaker	play	None
2016-10-02 11:15:08.319745	Speaker	stop	None
2016-10-02 11:15:08.320764	Hopper	up	None
2016-10-02 11:15:20.326262	Hopper	down	None
2016-10-02 11:15:20.631826	Trial	end	87
2016-10-02 11:17:06.297962	Trial	start	88
2016-10-02 11:17:06.301259	Speaker	play	None
2016-10-02 11:17:06.998740	Speaker	stop	None
2016-10-02 11:17:06.999976	Trial	end	88
2016-10-02 11:17:07.003350	Trial	start	89
2016-10-02 11:17:07.008300	Speaker	play	None
2016-10-02 11:17:13.015494	Speaker	stop	None
2016-10-02 11:17:13.016312	Trial	end	89
2016-10-02 11:40:54.067837	Trial	start	90
2016-10-02 11:40:54.070932	Speaker	play	None
2016-10-02 11:41:00.077449	Speaker	stop	None
2016-10-02 11:41:00.078871	Trial	end	90
2016-10-02 11:41:01.865984	Trial	start	91
2016-10-02 11:41:01.868445	Speaker	play	None
2016-10-02 11:41:07.874678	Speaker	stop	None
2016-10-02 11:41:07.877340	Trial	end	91
2016-10-02 11:41:11.220733	Trial	start	92
2016-10-02 11:41:11.223800	Speaker	play	None
2016-10-02 11:41:17.229210	Speaker	stop	None
2016-10-02 11:41:17.230638	Trial	end	92
2016-10-02 11:41:18.916328	Trial	start	93
2016-10-02 11:41:18.922194	Speaker	play	None
2016-10-02 11:41:24.932892	Speaker	stop	None
2016-10-02 11:41:24.933902	Trial	end	93
2016-10-02 11:41:45.615977	Trial	start	94
2016-10-02 11:41:45.619039	Speaker	play	None
2016-10-02 11:41:49.719871	Speaker	stop	None
2016-10-02 11:41:49.720876	Trial	end	94
2016-10-02 11:41:49.726595	Trial	start	95
2016-10-02 11:41:49.736044	Speaker	play	None
2016-10-02 11:41:49.851328	Speaker	stop	None
2016-10-02 11:41:49.853848	Trial	end	95
2016-10-02 11:41:49.855290	Trial	start	96
2016-10-02 11:41:49.858908	Speaker	play	None
2016-10-02 11:41:55.868202	Speaker	stop	None
2016-10-02 11:41:55.869262	Trial	end	96
2016-10-02 11:41:58.148937	Trial	start	97
2016-10-02 11:41:58.152305	Speaker	play	None
2016-10-02 11:42:04.157716	Speaker	stop	None
2016-10-02 11:42:04.160027	Trial	end	97
2016-10-02 11:42:08.330444	Trial	start	98
2016-10-02 11:42:08.339709	Speaker	play	None
2016-10-02 11:42:17.292027	Speaker	stop	None
2016-10-02 11:42:17.294427	Trial	end	98
2016-10-02 11:42:28.075986	Trial	start	99
2016-10-02 11:42:28.079201	Speaker	play	None
2016-10-02 11:42:39.310645	Speaker	stop	None
2016-10-02 11:42:39.311743	Trial	end	99
2016-10-02 11:42:42.853326	Trial	start	100
2016-10-02 11:42:42.855751	Speaker	play	None
2016-10-02 11:42:48.861795	Speaker	stop	None
2016-10-02 11:42:48.863106	Hopper	up	None
2016-10-02 11:43:00.866352	Hopper	down	None
2016-10-02 11:43:01.172933	Trial	end	100
2016-10-02 11:45:36.633488	Trial	start	101
2016-10-02 11:45:36.640754	Speaker	play	None
2016-10-02 11:45:42.645961	Speaker	stop	None
2016-10-02 11:45:42.647423	Trial	end	101
2016-10-02 11:45:53.106578	Trial	start	102
2016-10-02 11:45:53.110031	Speaker	play	None
2016-10-02 11:45:59.115148	Speaker	stop	None
2016-10-02 11:45:59.117068	Hopper	up	None
2016-10-02 11:46:11.119417	Hopper	down	None
2016-10-02 11:46:11.422523	Trial	end	102
2016-10-02 11:50:14.274886	Trial	start	103
2016-10-02 11:50:14.281016	Speaker	play	None
2016-10-02 11:50:14.753517	Speaker	stop	None
2016-10-02 11:50:14.754494	Trial	end	103
2016-10-02 11:50:14.755920	Trial	start	104
2016-10-02 11:50:14.759588	Speaker	play	None
2016-10-02 11:50:20.765157	Speaker	stop	None
2016-10-02 11:50:20.767910	Hopper	up	None
2016-10-02 11:50:32.771113	Hopper	down	None
2016-10-02 11:50:33.077562	Trial	end	104
2016-10-02 12:01:54.201052	Trial	start	105
2016-10-02 12:01:54.208872	Speaker	play	None
2016-10-02 12:02:00.213855	Speaker	stop	None
2016-10-02 12:02:00.215100	Trial	end	105
2016-10-02 12:02:07.647769	Trial	start	106
2016-10-02 12:02:07.651184	Speaker	play	None
2016-10-02 12:02:13.656897	Speaker	stop	None
2016-10-02 12:02:13.658629	Trial	end	106
2016-10-02 12:03:31.500025	Trial	start	107
2016-10-02 12:03:31.503387	Speaker	play	None
2016-10-02 12:03:37.508431	Speaker	stop	None
2016-10-02 12:03:37.509393	Trial	end	107
2016-10-02 12:03:41.886793	Trial	start	108
2016-10-02 12:03:41.889045	Speaker	play	None
2016-10-02 12:03:47.895535	Speaker	stop	None
2016-10-02 12:03:47.897053	Hopper	up	None
2016-10-02 12:03:59.899954	Hopper	down	None
2016-10-02 12:04:00.203674	Trial	end	108
2016-10-02 12:09:55.551545	Trial	start	109
2016-10-02 12:09:55.554502	Speaker	play	None
2016-10-02 12:10:01.560273	Speaker	stop	None
2016-10-02 12:10:01.562178	Trial	end	109
2016-10-02 12:10:02.358659	Trial	start	110
2016-10-02 12:10:02.362138	Speaker	play	None
2016-10-02 12:10:08.370130	Speaker	stop	None
2016-10-02 12:10:08.372168	Trial	end	110
2016-10-02 12:10:12.655748	Trial	start	111
2016-10-02 12:10:12.659317	Speaker	play	None
2016-10-02 12:10:12.786922	Speaker	stop	None
2016-10-02 12:10:12.789254	Trial	end	111
2016-10-02 12:10:12.791795	Trial	start	112
2016-10-02 12:10:12.794446	Speaker	play	None
2016-10-02 12:10:15.892081	Speaker	stop	None
2016-10-02 12:10:15.893373	Trial	end	112
2016-10-02 12:10:15.894695	Trial	start	113
2016-10-02 12:10:15.897028	Speaker	play	None
2016-10-02 12:10:21.903780	Speaker	stop	None
2016-10-02 12:10:21.904619	Trial	end	113
2016-10-02 12:10:25.844257	Trial	start	114
2016-10-02 12:10:25.847728	Speaker	play	None
2016-10-02 12:10:31.852709	Speaker	stop	None
2016-10-02 12:10:31.854846	Hopper	up	None
2016-10-02 12:10:43.857978	Hopper	down	None
2016-10-02 12:10:44.164230	Trial	end	114
2016-10-02 12:12:07.803720	Trial	start	115
2016-10-02 12:12:07.806534	Speaker	play	None
2016-10-02 12:12:19.038947	Speaker	stop	None
2016-10-02 12:12:19.040037	Trial	end	115
2016-10-02 12:12:32.394887	Trial	start	116
2016-10-02 12:12:32.397089	Speaker	play	None
2016-10-02 12:12:38.403651	Speaker	stop	None
2016-10-02 12:12:38.405104	Hopper	up	None
2016-10-02 12:12:50.408053	Hopper	down	None
2016-10-02 12:12:50.710913	Trial	end	116
2016-10-02 12:14:19.572519	Trial	start	117
2016-10-02 12:14:19.574693	Speaker	play	None
2016-10-02 12:14:28.526193	Speaker	stop	None
2016-10-02 12:14:28.527321	Trial	end	117
2016-10-02 12:14:37.777504	Trial	start	118
2016-10-02 12:14:37.781484	Speaker	play	None
2016-10-02 12:14:43.789801	Speaker	stop	None
2016-10-02 12:14:43.791301	Trial	end	118
2016-10-02 12:14:48.122943	Trial	start	119
2016-10-02 12:14:48.127714	Speaker	play	None
2016-10-02 12:14:54.135358	Speaker	stop	None
2016-10-02 12:14:54.136412	Trial	end	119
2016-10-02 12:16:25.168297	Trial	start	120
2016-10-02 12:16:25.173019	Speaker	play	None
2016-10-02 12:16:31.181302	Speaker	stop	None
2016-10-02 12:16:31.183060	Trial	end	120
2016-10-02 12:16:37.626864	Trial	start	121
2016-10-02 12:16:37.630007	Speaker	play	None
2016-10-02 12:16:43.014341	Speaker	stop	None
2016-10-02 12:16:43.015411	Trial	end	121
2016-10-02 12:16:43.016719	Trial	start	122
2016-10-02 12:16:43.020360	Speaker	play	None
2016-10-02 12:16:44.217286	Speaker	stop	None
2016-10-02 12:16:44.218375	Trial	end	122
2016-10-02 12:16:44.220487	Trial	start	123
2016-10-02 12:16:44.226023	Speaker	play	None
2016-10-02 12:16:50.233386	Speaker	stop	None
2016-10-02 12:16:50.234445	Trial	end	123
2016-10-02 12:17:01.434954	Trial	start	124
2016-10-02 12:17:01.438156	Speaker	play	None
2016-10-02 12:17:07.443189	Speaker	stop	None
2016-10-02 12:17:07.444178	Trial	end	124
2016-10-02 12:17:42.935785	Trial	start	125
2016-10-02 12:17:42.937997	Speaker	play	None
2016-10-02 12:17:48.944373	Speaker	stop	None
2016-10-02 12:17:48.946060	Trial	end	125
2016-10-02 12:17:52.073161	Trial	start	126
2016-10-02 12:17:52.075722	Speaker	play	None
2016-10-02 12:17:52.409064	Speaker	stop	None
2016-10-02 12:17:52.409938	Trial	end	126
2016-10-02 12:17:52.411219	Trial	start	127
2016-10-02 12:17:52.413039	Speaker	play	None
2016-10-02 12:17:52.523726	Speaker	stop	None
2016-10-02 12:17:52.524438	Trial	end	127
2016-10-02 12:17:52.525753	Trial	start	128
2016-10-02 12:17:52.528294	Speaker	play	None
2016-10-02 12:17:58.532033	Speaker	stop	None
2016-10-02 12:17:58.533350	Trial	end	128
2016-10-02 12:18:03.418247	Trial	start	129
2016-10-02 12:18:03.421007	Speaker	play	None
2016-10-02 12:18:04.057627	Speaker	stop	None
2016-10-02 12:18:04.058995	Trial	end	129
2016-10-02 12:18:04.061453	Trial	start	130
2016-10-02 12:18:04.064241	Speaker	play	None
2016-10-02 12:18:10.069888	Speaker	stop	None
2016-10-02 12:18:10.071108	Trial	end	130
2016-10-02 12:18:32.947744	Trial	start	131
2016-10-02 12:18:32.950412	Speaker	play	None
2016-10-02 12:18:38.956412	Speaker	stop	None
2016-10-02 12:18:38.957922	Trial	end	131
2016-10-02 12:21:48.282146	Trial	start	132
2016-10-02 12:21:48.285843	Speaker	play	None
2016-10-02 12:21:59.516501	Speaker	stop	None
2016-10-02 12:21:59.517444	Trial	end	132
2016-10-02 12:23:24.641281	Trial	start	133
2016-10-02 12:23:24.644321	Speaker	play	None
2016-10-02 12:23:30.649629	Speaker	stop	None
2016-10-02 12:23:30.650590	Trial	end	133
2016-10-02 12:24:32.596762	Trial	start	134
2016-10-02 12:24:32.599856	Speaker	play	None
2016-10-02 12:24:38.605549	Speaker	stop	None
2016-10-02 12:24:38.609582	Hopper	up	None
2016-10-02 12:24:50.613963	Hopper	down	None
2016-10-02 12:24:50.917506	Trial	end	134
2016-10-02 12:25:42.768636	Trial	start	135
2016-10-02 12:25:42.773521	Speaker	play	None
2016-10-02 12:25:48.777351	Speaker	stop	None
2016-10-02 12:25:48.778227	Trial	end	135
2016-10-02 12:26:03.882124	Trial	start	136
2016-10-02 12:26:03.887916	Speaker	play	None
2016-10-02 12:26:09.783855	Speaker	stop	None
2016-10-02 12:26:09.785000	Trial	end	136
2016-10-02 12:26:09.786771	Trial	start	137
2016-10-02 12:26:09.789695	Speaker	play	None
2016-10-02 12:26:09.951814	Speaker	stop	None
2016-10-02 12:26:09.953093	Trial	end	137
2016-10-02 12:26:09.961263	Trial	start	138
2016-10-02 12:26:09.964219	Speaker	play	None
2016-10-02 12:26:10.050213	Speaker	stop	None
2016-10-02 12:26:10.051105	Trial	end	138
2016-10-02 12:26:10.052387	Trial	start	139
2016-10-02 12:26:10.059499	Speaker	play	None
2016-10-02 12:26:16.066779	Speaker	stop	None
2016-10-02 12:26:16.067800	Trial	end	139
2016-10-02 12:26:25.601987	Trial	start	140
2016-10-02 12:26:25.604933	Speaker	play	None
2016-10-02 12:26:25.704006	Speaker	stop	None
2016-10-02 12:26:25.705172	Trial	end	140
2016-10-02 12:26:25.706326	Trial	start	141
2016-10-02 12:26:25.708213	Speaker	play	None
2016-10-02 12:26:31.712316	Speaker	stop	None
2016-10-02 12:26:31.713424	Trial	end	141
2016-10-02 12:27:17.682532	Trial	start	142
2016-10-02 12:27:17.686411	Speaker	play	None
2016-10-02 12:27:23.691057	Speaker	stop	None
2016-10-02 12:27:23.692180	Trial	end	142
2016-10-02 12:27:23.998028	Trial	start	143
2016-10-02 12:27:24.000139	Speaker	play	None
2016-10-02 12:27:24.080272	Speaker	stop	None
2016-10-02 12:27:24.081388	Trial	end	143
2016-10-02 12:27:24.082499	Trial	start	144
2016-10-02 12:27:24.084319	Speaker	play	None
2016-10-02 12:27:30.088406	Speaker	stop	None
2016-10-02 12:27:30.089359	Trial	end	144
2016-10-02 12:27:39.946736	Trial	start	145
2016-10-02 12:27:39.949039	Speaker	play	None
2016-10-02 12:27:45.955459	Speaker	stop	None
2016-10-02 12:27:45.956433	Trial	end	145
2016-10-02 12:28:04.045915	Trial	start	146
2016-10-02 12:28:04.048963	Speaker	play	None
2016-10-02 12:28:04.407052	Speaker	stop	None
2016-10-02 12:28:04.409792	Trial	end	146
2016-10-02 12:28:04.412579	Trial	start	147
2016-10-02 12:28:04.415001	Speaker	play	None
2016-10-02 12:28:10.427864	Speaker	stop	None
2016-10-02 12:28:10.428900	Trial	end	147
2016-10-02 12:28:33.465537	Trial	start	148
2016-10-02 12:28:33.468071	Speaker	play	None
2016-10-02 12:28:33.551592	Speaker	stop	None
2016-10-02 12:28:33.552480	Trial	end	148
2016-10-02 12:28:33.553724	Trial	start	149
2016-10-02 12:28:33.556167	Speaker	play	None
2016-10-02 12:28:39.560320	Speaker	stop	None
2016-10-02 12:28:39.561571	Trial	end	149
2016-10-02 12:29:01.942985	Trial	start	150
2016-10-02 12:29:01.947324	Speaker	play	None
2016-10-02 12:29:10.901016	Speaker	stop	None
2016-10-02 12:29:10.902213	Trial	end	150
2016-10-02 12:29:43.760473	Trial	start	151
2016-10-02 12:29:43.764248	Speaker	play	None
2016-10-02 12:29:54.995054	Speaker	stop	None
2016-10-02 12:29:54.996298	Trial	end	151
2016-10-02 12:30:09.206936	Trial	start	152
2016-10-02 12:30:09.209787	Speaker	play	None
2016-10-02 12:30:15.215954	Speaker	stop	None
2016-10-02 12:30:15.217865	Trial	end	152
2016-10-02 12:30:31.016817	Trial	start	153
2016-10-02 12:30:31.024606	Speaker	play	None
2016-10-02 12:30:31.156210	Speaker	play	None
2016-10-02 12:30:31.157114	Trial	end	153
2016-10-02 12:30:31.158544	Trial	start	154
2016-10-02 12:30:31.161198	Speaker	play	None
2016-10-02 12:30:37.168571	Speaker	stop	None
2016-10-02 12:30:37.169611	Trial	end	154
2016-10-02 12:30:37.274829	Trial	start	155
2016-10-02 12:30:37.277212	Speaker	play	None
2016-10-02 12:30:43.283579	Speaker	stop	None
2016-10-02 12:30:43.286080	Hopper	up	None
2016-10-02 12:30:55.287982	Hopper	down	None
2016-10-02 12:30:55.590983	Trial	end	155
2016-10-02 12:31:18.240302	Trial	start	156
2016-10-02 12:31:18.243614	Speaker	play	None
2016-10-02 12:31:18.490290	Speaker	stop	None
2016-10-02 12:31:18.491396	Trial	end	156
2016-10-02 12:31:18.492744	Trial	start	157
2016-10-02 12:31:18.496795	Speaker	play	None
2016-10-02 12:31:24.503012	Speaker	stop	None
2016-10-02 12:31:24.504123	Trial	end	157
2016-10-02 12:31:46.746780	Trial	start	158
2016-10-02 12:31:46.751532	Speaker	play	None
2016-10-02 12:31:52.759352	Speaker	stop	None
2016-10-02 12:31:52.760663	Trial	end	158
2016-10-02 12:32:35.871094	Trial	start	159
2016-10-02 12:32:35.875065	Speaker	play	None
2016-10-02 12:32:35.969822	Speaker	stop	None
2016-10-02 12:32:35.972221	Trial	end	159
2016-10-02 12:32:35.974387	Trial	start	160
2016-10-02 12:32:35.976593	Speaker	play	None
2016-10-02 12:32:41.981726	Speaker	stop	None
2016-10-02 12:32:41.982851	Trial	end	160
2016-10-02 12:32:53.576631	Trial	start	161
2016-10-02 12:32:53.580725	Speaker	play	None
2016-10-02 12:32:53.658569	Speaker	stop	None
2016-10-02 12:32:53.659423	Trial	end	161
2016-10-02 12:32:53.660821	Trial	start	162
2016-10-02 12:32:53.664340	Speaker	play	None
2016-10-02 12:32:59.673345	Speaker	stop	None
2016-10-02 12:32:59.675364	Hopper	up	None
2016-10-02 12:33:11.680908	Hopper	down	None
2016-10-02 12:33:11.986851	Trial	end	162
2016-10-02 12:35:32.782133	Trial	start	163
2016-10-02 12:35:32.786438	Speaker	play	None
2016-10-02 12:35:38.790381	Speaker	stop	None
2016-10-02 12:35:38.791334	Trial	end	163
2016-10-02 12:35:44.094089	Trial	start	164
2016-10-02 12:35:44.096424	Speaker	play	None
2016-10-02 12:35:44.184361	Speaker	stop	None
2016-10-02 12:35:44.185401	Trial	end	164
2016-10-02 12:35:44.186755	Trial	start	165
2016-10-02 12:35:44.190486	Speaker	play	None
2016-10-02 12:35:50.196947	Speaker	stop	None
2016-10-02 12:35:50.198139	Trial	end	165
2016-10-02 12:36:15.996216	Trial	start	166
2016-10-02 12:36:16.000178	Speaker	play	None
2016-10-02 12:36:22.008452	Speaker	stop	None
2016-10-02 12:36:22.010319	Hopper	up	None
2016-10-02 12:36:34.013175	Hopper	down	None
2016-10-02 12:36:34.315887	Trial	end	166
2016-10-02 12:39:58.337205	Trial	start	167
2016-10-02 12:39:58.340395	Speaker	play	None
2016-10-02 12:39:58.451873	Speaker	stop	None
2016-10-02 12:39:58.453078	Trial	end	167
2016-10-02 12:39:58.454438	Trial	start	168
2016-10-02 12:39:58.457988	Speaker	play	None
2016-10-02 12:40:04.464509	Speaker	stop	None
2016-10-02 12:40:04.466350	Hopper	up	None
2016-10-02 12:40:16.468952	Hopper	down	None
2016-10-02 12:40:16.772161	Trial	end	168
2016-10-02 12:41:23.283298	Trial	start	169
2016-10-02 12:41:23.288316	Speaker	play	None
2016-10-02 12:41:29.294064	Speaker	stop	None
2016-10-02 12:41:29.295371	Trial	end	169
2016-10-02 12:41:46.734821	Trial	start	170
2016-10-02 12:41:46.739684	Speaker	play	None
2016-10-02 12:41:46.887244	Speaker	stop	None
2016-10-02 12:41:46.888925	Trial	end	170
2016-10-02 12:41:46.890340	Trial	start	171
2016-10-02 12:41:46.892684	Speaker	play	None
2016-10-02 12:41:52.899535	Speaker	stop	None
2016-10-02 12:41:52.900512	Trial	end	171
2016-10-02 12:42:12.112043	Trial	start	172
2016-10-02 12:42:12.114466	Speaker	play	None
2016-10-02 12:42:21.065715	Speaker	stop	None
2016-10-02 12:42:21.066838	Trial	end	172
2016-10-02 12:44:34.889900	Trial	start	173
2016-10-02 12:44:34.895716	Speaker	play	None
2016-10-02 12:44:40.902714	Speaker	stop	None
2016-10-02 12:44:40.903859	Trial	end	173
2016-10-02 12:44:45.998053	Trial	start	174
2016-10-02 12:44:46.002616	Speaker	play	None
2016-10-02 12:44:46.087898	Speaker	stop	None
2016-10-02 12:44:46.089073	Trial	end	174
2016-10-02 12:44:46.090938	Trial	start	175
2016-10-02 12:44:46.093984	Speaker	play	None
2016-10-02 12:44:52.109005	Speaker	stop	None
2016-10-02 12:44:52.110716	Trial	end	175
2016-10-02 12:46:48.652512	Trial	start	176
2016-10-02 12:46:48.655791	Speaker	play	None
2016-10-02 12:46:54.662860	Speaker	stop	None
2016-10-02 12:46:54.664233	Hopper	up	None
2016-10-02 12:47:06.665744	Hopper	down	None
2016-10-02 12:47:06.968561	Trial	end	176
2016-10-02 13:47:13.004459	Trial	start	177
2016-10-02 13:47:13.007002	Speaker	play	None
2016-10-02 13:47:19.012909	Speaker	stop	None
2016-10-02 13:47:19.014214	Trial	end	177
2016-10-02 13:47:21.498960	Trial	start	178
2016-10-02 13:47:21.501594	Speaker	play	None
2016-10-02 13:47:27.507623	Speaker	stop	None
2016-10-02 13:47:27.508677	Trial	end	178
2016-10-02 13:47:27.724520	Trial	start	179
2016-10-02 13:47:27.731781	Speaker	play	None
2016-10-02 13:47:27.802533	Speaker	stop	None
2016-10-02 13:47:27.803417	Trial	end	179
2016-10-02 13:47:27.804706	Trial	start	180
2016-10-02 13:47:27.807308	Speaker	play	None
2016-10-02 13:47:32.735000	Speaker	stop	None
2016-10-02 13:47:32.736418	Trial	end	180
2016-10-02 13:47:32.737939	Trial	start	181
2016-10-02 13:47:32.740542	Speaker	play	None
2016-10-02 13:47:32.860827	Speaker	stop	None
2016-10-02 13:47:32.861892	Trial	end	181
2016-10-02 13:47:32.864105	Trial	start	182
2016-10-02 13:47:32.869368	Speaker	play	None
2016-10-02 13:47:41.823302	Speaker	stop	None
2016-10-02 13:47:41.824701	Trial	end	182
2016-10-02 13:47:47.446491	Trial	start	183
2016-10-02 13:47:47.451321	Speaker	play	None
2016-10-02 13:47:48.167177	Speaker	stop	None
2016-10-02 13:47:48.168076	Trial	end	183
2016-10-02 13:47:48.169653	Trial	start	184
2016-10-02 13:47:48.171797	Speaker	play	None
2016-10-02 13:47:48.236779	Speaker	stop	None
2016-10-02 13:47:48.238060	Trial	end	184
2016-10-02 13:47:48.239320	Trial	start	185
2016-10-02 13:47:48.241573	Speaker	play	None
2016-10-02 13:47:54.249529	Speaker	stop	None
2016-10-02 13:47:54.250627	Trial	end	185
2016-10-02 13:47:57.927423	Trial	start	186
2016-10-02 13:47:57.930188	Speaker	play	None
2016-10-02 13:47:58.165177	Speaker	stop	None
2016-10-02 13:47:58.166087	Trial	end	186
2016-10-02 13:47:58.168530	Trial	start	187
2016-10-02 13:47:58.172871	Speaker	play	None
2016-10-02 13:48:04.178005	Speaker	stop	None
2016-10-02 13:48:04.179043	Trial	end	187
2016-10-02 13:48:24.641086	Trial	start	188
2016-10-02 13:48:24.644882	Speaker	play	None
2016-10-02 13:48:30.649547	Speaker	stop	None
2016-10-02 13:48:30.650536	Trial	end	188
2016-10-02 13:48:31.997210	Trial	start	189
2016-10-02 13:48:32.000116	Speaker	play	None
2016-10-02 13:48:32.087199	Speaker	stop	None
2016-10-02 13:48:32.088011	Trial	end	189
2016-10-02 13:48:32.089205	Trial	start	190
2016-10-02 13:48:32.091433	Speaker	play	None
2016-10-02 13:48:38.095760	Speaker	stop	None
2016-10-02 13:48:38.096737	Trial	end	190
2016-10-02 13:48:42.875491	Trial	start	191
2016-10-02 13:48:42.877850	Speaker	play	None
2016-10-02 13:48:42.957639	Speaker	stop	None
2016-10-02 13:48:42.958466	Trial	end	191
2016-10-02 13:48:42.959904	Trial	start	192
2016-10-02 13:48:42.962404	Speaker	play	None
2016-10-02 13:48:48.978775	Speaker	stop	None
2016-10-02 13:48:48.980238	Hopper	up	None
2016-10-02 13:49:00.984178	Hopper	down	None
2016-10-02 13:49:01.290372	Trial	end	192
2016-10-02 13:54:30.089763	Trial	start	193
2016-10-02 13:54:30.092082	Speaker	play	None
2016-10-02 13:54:36.098482	Speaker	stop	None
2016-10-02 13:54:36.099357	Trial	end	193
2016-10-02 13:56:12.175035	Trial	start	194
2016-10-02 13:56:12.181794	Speaker	play	None
2016-10-02 13:56:23.414150	Speaker	stop	None
2016-10-02 13:56:23.417070	Trial	end	194
2016-10-02 13:56:47.853953	Trial	start	195
2016-10-02 13:56:47.858967	Speaker	play	None
2016-10-02 13:56:47.959727	Speaker	stop	None
2016-10-02 13:56:47.961055	Trial	end	195
2016-10-02 13:56:47.962726	Trial	start	196
2016-10-02 13:56:47.965707	Speaker	play	None
2016-10-02 13:56:53.973112	Speaker	stop	None
2016-10-02 13:56:53.974682	Hopper	up	None
2016-10-02 13:57:05.978023	Hopper	down	None
2016-10-02 13:57:06.280986	Trial	end	196
2016-10-02 14:02:50.139781	Trial	start	197
2016-10-02 14:02:50.143354	Speaker	play	None
2016-10-02 14:02:56.148860	Speaker	stop	None
2016-10-02 14:02:56.150196	Trial	end	197
2016-10-02 14:02:59.974077	Trial	start	198
2016-10-02 14:02:59.976333	Speaker	play	None
2016-10-02 14:03:05.982716	Speaker	stop	None
2016-10-02 14:03:05.984605	Hopper	up	None
2016-10-02 14:03:17.988135	Hopper	down	None
2016-10-02 14:03:18.294637	Trial	end	198
2016-10-02 14:07:31.864491	Trial	start	199
2016-10-02 14:07:31.866619	Speaker	play	None
2016-10-02 14:07:37.873236	Speaker	stop	None
2016-10-02 14:07:37.874127	Trial	end	199
2016-10-02 14:07:40.449844	Trial	start	200
2016-10-02 14:07:40.453147	Speaker	play	None
2016-10-02 14:07:46.459238	Speaker	stop	None
2016-10-02 14:07:46.460245	Trial	end	200
2016-10-02 14:09:43.378096	Trial	start	201
2016-10-02 14:09:43.386519	Speaker	play	None
2016-10-02 14:09:49.391161	Speaker	stop	None
2016-10-02 14:09:49.392136	Trial	end	201
2016-10-02 14:09:53.490645	Trial	start	202
2016-10-02 14:09:53.493993	Speaker	play	None
2016-10-02 14:09:59.499608	Speaker	stop	None
2016-10-02 14:09:59.500681	Trial	end	202
2016-10-02 14:10:03.641006	Trial	start	203
2016-10-02 14:10:03.644353	Speaker	play	None
2016-10-02 14:10:09.653006	Speaker	stop	None
2016-10-02 14:10:09.654131	Trial	end	203
2016-10-02 14:10:35.460735	Trial	start	204
2016-10-02 14:10:35.464483	Speaker	play	None
2016-10-02 14:10:41.053277	Speaker	stop	None
2016-10-02 14:10:41.054646	Trial	end	204
2016-10-02 14:10:41.056114	Trial	start	205
2016-10-02 14:10:41.064131	Speaker	play	None
2016-10-02 14:10:47.073590	Speaker	stop	None
2016-10-02 14:10:47.074896	Trial	end	205
2016-10-02 14:10:57.758430	Trial	start	206
2016-10-02 14:10:57.761434	Speaker	play	None
2016-10-02 14:11:06.721937	Speaker	stop	None
2016-10-02 14:11:06.724397	Trial	end	206
2016-10-02 14:11:12.823919	Trial	start	207
2016-10-02 14:11:12.832516	Speaker	play	None
2016-10-02 14:11:18.840065	Speaker	stop	None
2016-10-02 14:11:18.841082	Trial	end	207
2016-10-02 14:11:23.570579	Trial	start	208
2016-10-02 14:11:23.573413	Speaker	play	None
2016-10-02 14:11:29.579583	Speaker	stop	None
2016-10-02 14:11:29.581821	Hopper	up	None
2016-10-02 14:11:41.584613	Hopper	down	None
2016-10-02 14:11:41.891192	Trial	end	208
2016-10-02 15:11:59.922184	Trial	start	209
2016-10-02 15:11:59.924300	Speaker	play	None
2016-10-02 15:12:05.931140	Speaker	stop	None
2016-10-02 15:12:05.932506	Trial	end	209
2016-10-02 15:12:05.987972	Trial	start	210
2016-10-02 15:12:05.991012	Speaker	play	None
2016-10-02 15:12:11.996531	Speaker	stop	None
2016-10-02 15:12:11.997692	Trial	end	210
2016-10-02 15:12:48.869574	Trial	start	211
2016-10-02 15:12:48.872909	Speaker	play	None
2016-10-02 15:12:54.878052	Speaker	stop	None
2016-10-02 15:12:54.879100	Trial	end	211
2016-10-02 15:13:05.370841	Trial	start	212
2016-10-02 15:13:05.373580	Speaker	play	None
2016-10-02 15:13:15.708577	Speaker	stop	None
2016-10-02 15:13:15.709493	Trial	end	212
2016-10-02 15:13:15.710897	Trial	start	213
2016-10-02 15:13:15.713312	Speaker	play	None
2016-10-02 15:13:21.717224	Speaker	stop	None
2016-10-02 15:13:21.719254	Hopper	up	None
2016-10-02 15:13:33.721377	Hopper	down	None
2016-10-02 15:13:34.024135	Trial	end	213
2016-10-02 15:17:56.892970	Trial	start	214
2016-10-02 15:17:56.895711	Speaker	play	None
2016-10-02 15:17:57.044925	Speaker	stop	None
2016-10-02 15:17:57.046157	Trial	end	214
2016-10-02 15:17:57.047474	Trial	start	215
2016-10-02 15:17:57.056340	Speaker	play	None
2016-10-02 15:18:02.665057	Speaker	stop	None
2016-10-02 15:18:02.666729	Trial	end	215
2016-10-02 15:18:02.674636	Trial	start	216
2016-10-02 15:18:02.678805	Speaker	play	None
2016-10-02 15:18:03.618484	Speaker	stop	None
2016-10-02 15:18:03.620175	Trial	end	216
2016-10-02 15:18:03.622105	Trial	start	217
2016-10-02 15:18:03.629001	Speaker	play	None
2016-10-02 15:18:12.580972	Speaker	stop	None
2016-10-02 15:18:12.585091	Trial	end	217
2016-10-02 15:18:20.791454	Trial	start	218
2016-10-02 15:18:20.794190	Speaker	play	None
2016-10-02 15:18:26.799761	Speaker	stop	None
2016-10-02 15:18:26.800745	Trial	end	218
2016-10-02 15:18:58.221859	Trial	start	219
2016-10-02 15:18:58.225286	Speaker	play	None
2016-10-02 15:19:04.230272	Speaker	stop	None
2016-10-02 15:19:04.231908	Hopper	up	None
2016-10-02 15:19:16.234802	Hopper	down	None
2016-10-02 15:19:16.542112	Trial	end	219
2016-10-02 15:26:13.840085	Trial	start	220
2016-10-02 15:26:13.843064	Speaker	play	None
2016-10-02 15:26:19.848541	Speaker	stop	None
2016-10-02 15:26:19.850852	Hopper	up	None
2016-10-02 15:26:31.852714	Hopper	down	None
2016-10-02 15:26:32.155825	Trial	end	220
2016-10-02 16:12:14.874339	Trial	start	221
2016-10-02 16:12:14.876904	Speaker	play	None
2016-10-02 16:12:20.882919	Speaker	stop	None
2016-10-02 16:12:20.883811	Trial	end	221
2016-10-02 16:12:35.525076	Trial	start	222
2016-10-02 16:12:35.536591	Speaker	play	None
2016-10-02 16:12:41.541773	Speaker	stop	None
2016-10-02 16:12:41.542901	Trial	end	222
2016-10-02 16:12:48.304344	Trial	start	223
2016-10-02 16:12:48.309016	Speaker	play	None
2016-10-02 16:12:54.316374	Speaker	stop	None
2016-10-02 16:12:54.317445	Trial	end	223
2016-10-02 16:12:55.949839	Trial	start	224
2016-10-02 16:12:55.954021	Speaker	play	None
2016-10-02 16:13:01.963113	Speaker	stop	None
2016-10-02 16:13:01.965394	Hopper	up	None
2016-10-02 16:13:13.968166	Hopper	down	None
2016-10-02 16:13:14.271067	Trial	end	224
2016-10-02 16:17:25.584553	Trial	start	225
2016-10-02 16:17:25.587490	Speaker	play	None
2016-10-02 16:17:31.602364	Speaker	stop	None
2016-10-02 16:17:31.603351	Trial	end	225
2016-10-02 16:17:36.443452	Trial	start	226
2016-10-02 16:17:36.445929	Speaker	play	None
2016-10-02 16:17:42.453831	Speaker	stop	None
2016-10-02 16:17:42.454907	Trial	end	226
2016-10-02 16:18:43.330041	Trial	start	227
2016-10-02 16:18:43.334444	Speaker	play	None
2016-10-02 16:18:49.339225	Speaker	stop	None
2016-10-02 16:18:49.340360	Trial	end	227
2016-10-02 16:18:53.235034	Trial	start	228
2016-10-02 16:18:53.241648	Speaker	play	None
2016-10-02 16:18:59.247655	Speaker	stop	None
2016-10-02 16:18:59.248490	Trial	end	228
2016-10-02 16:19:03.405193	Trial	start	229
2016-10-02 16:19:03.409691	Speaker	play	None
2016-10-02 16:19:09.415408	Speaker	stop	None
2016-10-02 16:19:09.417564	Hopper	up	None
2016-10-02 16:19:21.420267	Hopper	down	None
2016-10-02 16:19:21.727209	Trial	end	229
2016-10-02 16:23:09.152870	Trial	start	230
2016-10-02 16:23:09.155875	Speaker	play	None
2016-10-02 16:23:15.161942	Speaker	stop	None
2016-10-02 16:23:15.162957	Trial	end	230
2016-10-02 16:23:37.456392	Trial	start	231
2016-10-02 16:23:37.459270	Speaker	play	None
2016-10-02 16:23:48.692336	Speaker	stop	None
2016-10-02 16:23:48.693788	Trial	end	231
2016-10-02 16:24:05.641418	Trial	start	232
2016-10-02 16:24:05.649702	Speaker	play	None
2016-10-02 16:24:11.654237	Speaker	stop	None
2016-10-02 16:24:11.656001	Trial	end	232
2016-10-02 16:24:15.798975	Trial	start	233
2016-10-02 16:24:15.802199	Speaker	play	None
2016-10-02 16:24:21.807982	Speaker	stop	None
2016-10-02 16:24:21.808777	Trial	end	233
2016-10-02 16:24:35.980536	Trial	start	234
2016-10-02 16:24:35.983742	Speaker	play	None
2016-10-02 16:24:41.988921	Speaker	stop	None
2016-10-02 16:24:41.990098	Trial	end	234
2016-10-02 16:24:54.284800	Trial	start	235
2016-10-02 16:24:54.288480	Speaker	play	None
2016-10-02 16:25:03.238789	Speaker	stop	None
2016-10-02 16:25:03.240671	Trial	end	235
2016-10-02 16:25:53.037700	Trial	start	236
2016-10-02 16:25:53.041671	Speaker	play	None
2016-10-02 16:25:59.046830	Speaker	stop	None
2016-10-02 16:25:59.048059	Trial	end	236
2016-10-02 16:26:11.789504	Trial	start	237
2016-10-02 16:26:11.793311	Speaker	play	None
2016-10-02 16:26:17.797548	Speaker	stop	None
2016-10-02 16:26:17.798484	Trial	end	237
2016-10-02 16:26:23.458228	Trial	start	238
2016-10-02 16:26:23.462817	Speaker	play	None
2016-10-02 16:26:29.470277	Speaker	stop	None
2016-10-02 16:26:29.472489	Hopper	up	None
2016-10-02 16:26:41.477237	Hopper	down	None
2016-10-02 16:26:41.783196	Trial	end	238
2016-10-02 16:29:08.086160	Trial	start	239
2016-10-02 16:29:08.089781	Speaker	play	None
2016-10-02 16:29:14.096083	Speaker	stop	None
2016-10-02 16:29:14.099894	Trial	end	239
2016-10-02 16:30:25.248698	Trial	start	240
2016-10-02 16:30:25.252689	Speaker	play	None
2016-10-02 16:30:31.258143	Speaker	stop	None
2016-10-02 16:30:31.259538	Hopper	up	None
2016-10-02 16:30:43.262822	Hopper	down	None
2016-10-02 16:30:43.569358	Trial	end	240
2016-10-02 16:31:17.095700	Trial	start	241
2016-10-02 16:31:17.098474	Speaker	play	None
2016-10-02 16:31:23.103094	Speaker	stop	None
2016-10-02 16:31:23.104590	Trial	end	241
2016-10-02 16:32:54.056002	Trial	start	242
2016-10-02 16:32:54.059044	Speaker	play	None
2016-10-02 16:33:05.291133	Speaker	stop	None
2016-10-02 16:33:05.292398	Trial	end	242
2016-10-02 16:34:27.921048	Trial	start	243
2016-10-02 16:34:27.923182	Speaker	play	None
2016-10-02 16:34:33.929487	Speaker	stop	None
2016-10-02 16:34:33.931063	Trial	end	243
2016-10-02 16:34:52.738305	Trial	start	244
2016-10-02 16:34:52.742416	Speaker	play	None
2016-10-02 16:34:58.746629	Speaker	stop	None
2016-10-02 16:34:58.747473	Trial	end	244
2016-10-02 16:35:07.626337	Trial	start	245
2016-10-02 16:35:07.630454	Speaker	play	None
2016-10-02 16:35:13.635809	Speaker	stop	None
2016-10-02 16:35:13.638268	Hopper	up	None
2016-10-02 16:35:25.640099	Hopper	down	None
2016-10-02 16:35:25.947300	Trial	end	245
2016-10-02 16:56:56.313067	Trial	start	246
2016-10-02 16:56:56.316866	Speaker	play	None
2016-10-02 16:57:02.322401	Speaker	stop	None
2016-10-02 16:57:02.323528	Trial	end	246
2016-10-02 16:57:26.038981	Trial	start	247
2016-10-02 16:57:26.041318	Speaker	play	None
2016-10-02 16:57:32.047257	Speaker	stop	None
2016-10-02 16:57:32.048072	Trial	end	247
2016-10-02 16:58:38.301971	Trial	start	248
2016-10-02 16:58:38.305613	Speaker	play	None
2016-10-02 16:58:44.310664	Speaker	stop	None
2016-10-02 16:58:44.311896	Trial	end	248
2016-10-02 16:58:55.053616	Trial	start	249
2016-10-02 16:58:55.057539	Speaker	play	None
2016-10-02 16:59:01.061387	Speaker	stop	None
2016-10-02 16:59:01.062478	Trial	end	249
2016-10-02 16:59:03.690851	Trial	start	250
2016-10-02 16:59:03.693605	Speaker	play	None
2016-10-02 16:59:09.698867	Speaker	stop	None
2016-10-02 16:59:09.699859	Trial	end	250
2016-10-02 16:59:20.257458	Trial	start	251
2016-10-02 16:59:20.260594	Speaker	play	None
2016-10-02 16:59:24.774882	Speaker	stop	None
2016-10-02 16:59:24.775765	Trial	end	251
2016-10-02 16:59:24.777082	Trial	start	252
2016-10-02 16:59:24.779689	Speaker	play	None
2016-10-02 16:59:30.788170	Speaker	stop	None
2016-10-02 16:59:30.790205	Trial	end	252
2016-10-02 16:59:38.094952	Trial	start	253
2016-10-02 16:59:38.106452	Speaker	play	None
2016-10-02 16:59:38.196448	Speaker	stop	None
2016-10-02 16:59:38.197568	Trial	end	253
2016-10-02 16:59:38.198837	Trial	start	254
2016-10-02 16:59:38.200795	Speaker	play	None
2016-10-02 16:59:44.204697	Speaker	stop	None
2016-10-02 16:59:44.205730	Trial	end	254
2016-10-02 16:59:49.087252	Trial	start	255
2016-10-02 16:59:49.090944	Speaker	play	None
2016-10-02 16:59:50.201352	Speaker	stop	None
2016-10-02 16:59:50.202935	Trial	end	255
2016-10-02 16:59:50.205455	Trial	start	256
2016-10-02 16:59:50.208949	Speaker	play	None
2016-10-02 16:59:56.213083	Speaker	stop	None
2016-10-02 16:59:56.214611	Hopper	up	None
2016-10-02 17:00:08.217410	Hopper	down	None
2016-10-02 17:00:08.524085	Trial	end	256
2016-10-02 17:02:49.909157	Trial	start	257
2016-10-02 17:02:49.914427	Speaker	play	None
2016-10-02 17:02:55.918357	Speaker	stop	None
2016-10-02 17:02:55.921653	Hopper	up	None
2016-10-02 17:03:07.927049	Hopper	down	None
2016-10-02 17:03:08.233073	Trial	end	257
2016-10-02 17:03:47.806046	Trial	start	258
2016-10-02 17:03:47.808372	Speaker	play	None
2016-10-02 17:03:53.813928	Speaker	stop	None
2016-10-02 17:03:53.814945	Trial	end	258
2016-10-02 17:04:09.103479	Trial	start	259
2016-10-02 17:04:09.107892	Speaker	play	None
2016-10-02 17:04:15.111868	Speaker	stop	None
2016-10-02 17:04:15.114242	Hopper	up	None
2016-10-02 17:04:27.117979	Hopper	down	None
2016-10-02 17:04:27.422744	Trial	end	259
2016-10-02 17:04:51.378502	Trial	start	260
2016-10-02 17:04:51.382345	Speaker	play	None
2016-10-02 17:04:57.390972	Speaker	stop	None
2016-10-02 17:04:57.392038	Hopper	up	None
2016-10-02 17:05:09.395626	Hopper	down	None
2016-10-02 17:05:09.702325	Trial	end	260
2016-10-02 17:06:17.723688	Trial	start	261
2016-10-02 17:06:17.728529	Speaker	play	None
2016-10-02 17:06:23.736250	Speaker	stop	None
2016-10-02 17:06:23.737618	Trial	end	261
2016-10-02 17:06:23.797719	Trial	start	262
2016-10-02 17:06:23.801395	Speaker	play	None
2016-10-02 17:06:23.875417	Speaker	stop	None
2016-10-02 17:06:23.876540	Trial	end	262
2016-10-02 17:06:23.878225	Trial	start	263
2016-10-02 17:06:23.881437	Speaker	play	None
2016-10-02 17:06:29.888333	Speaker	stop	None
2016-10-02 17:06:29.889493	Trial	end	263
2016-10-02 17:06:59.560955	Trial	start	264
2016-10-02 17:06:59.564352	Speaker	play	None
2016-10-02 17:06:59.889304	Speaker	stop	None
2016-10-02 17:06:59.890550	Trial	end	264
2016-10-02 17:06:59.894326	Trial	start	265
2016-10-02 17:06:59.897737	Speaker	play	None
2016-10-02 17:07:05.901655	Speaker	stop	None
2016-10-02 17:07:05.903394	Trial	end	265
2016-10-02 17:07:06.294365	Trial	start	266
2016-10-02 17:07:06.299312	Speaker	play	None
2016-10-02 17:07:17.528649	Speaker	stop	None
2016-10-02 17:07:17.529596	Trial	end	266
2016-10-02 17:59:37.556366	Trial	start	267
2016-10-02 17:59:37.559212	Speaker	play	None
2016-10-02 17:59:43.565058	Speaker	stop	None
2016-10-02 17:59:43.567563	Hopper	up	None
2016-10-02 17:59:55.570131	Hopper	down	None
2016-10-02 17:59:55.872924	Trial	end	267
2016-10-02 18:04:44.098244	Trial	start	268
2016-10-02 18:04:44.102296	Speaker	play	None
2016-10-02 18:04:50.107581	Speaker	stop	None
2016-10-02 18:04:50.108818	Trial	end	268
2016-10-02 18:05:09.713692	Trial	start	269
2016-10-02 18:05:09.717745	Speaker	play	None
2016-10-02 18:05:09.865726	Speaker	stop	None
2016-10-02 18:05:09.867429	Trial	end	269
2016-10-02 18:05:09.868626	Trial	start	270
2016-10-02 18:05:09.874323	Speaker	play	None
2016-10-02 18:05:15.878096	Speaker	stop	None
2016-10-02 18:05:15.879570	Trial	end	270
2016-10-02 18:05:33.039510	Trial	start	271
2016-10-02 18:05:33.045281	Speaker	play	None
2016-10-02 18:05:39.052131	Speaker	stop	None
2016-10-02 18:05:39.053326	Trial	end	271
2016-10-02 18:05:43.901572	Trial	start	272
2016-10-02 18:05:43.904571	Speaker	play	None
2016-10-02 18:05:49.910431	Speaker	stop	None
2016-10-02 18:05:49.911792	Trial	end	272
2016-10-02 18:05:55.980864	Trial	start	273
2016-10-02 18:05:55.984625	Speaker	play	None
2016-10-02 18:06:01.994141	Speaker	stop	None
2016-10-02 18:06:01.996210	Trial	end	273
2016-10-02 18:06:10.389198	Trial	start	274
2016-10-02 18:06:10.391466	Speaker	play	None
2016-10-02 18:06:16.400263	Speaker	stop	None
2016-10-02 18:06:16.405837	Trial	end	274
2016-10-02 18:06:17.282682	Trial	start	275
2016-10-02 18:06:17.286349	Speaker	play	None
2016-10-02 18:06:17.422398	Speaker	stop	None
2016-10-02 18:06:17.424047	Trial	end	275
2016-10-02 18:06:17.425423	Trial	start	276
2016-10-02 18:06:17.428198	Speaker	play	None
2016-10-02 18:06:23.434490	Speaker	stop	None
2016-10-02 18:06:23.435444	Trial	end	276
2016-10-02 18:06:31.441858	Trial	start	277
2016-10-02 18:06:31.450283	Speaker	play	None
2016-10-02 18:06:31.540298	Speaker	stop	None
2016-10-02 18:06:31.541333	Trial	end	277
2016-10-02 18:06:31.542608	Trial	start	278
2016-10-02 18:06:31.545513	Speaker	play	None
2016-10-02 18:06:37.554207	Speaker	stop	None
2016-10-02 18:06:37.556555	Hopper	up	None
2016-10-02 18:06:49.559131	Hopper	down	None
2016-10-02 18:06:49.864701	Trial	end	278
2016-10-02 18:09:49.245219	Trial	start	279
2016-10-02 18:09:49.248046	Speaker	play	None
2016-10-02 18:09:55.254264	Speaker	stop	None
2016-10-02 18:09:55.255321	Trial	end	279
2016-10-02 18:09:56.011393	Trial	start	280
2016-10-02 18:09:56.014247	Speaker	play	None
2016-10-02 18:10:02.020550	Speaker	stop	None
2016-10-02 18:10:02.021475	Trial	end	280
2016-10-02 18:10:09.093480	Trial	start	281
2016-10-02 18:10:09.097601	Speaker	play	None
2016-10-02 18:10:11.796802	Speaker	stop	None
2016-10-02 18:10:11.797786	Trial	end	281
2016-10-02 18:10:11.799112	Trial	start	282
2016-10-02 18:10:11.801172	Speaker	play	None
2016-10-02 18:10:20.750114	Speaker	stop	None
2016-10-02 18:10:20.750994	Trial	end	282
2016-10-02 18:10:34.151603	Trial	start	283
2016-10-02 18:10:34.154948	Speaker	play	None
2016-10-02 18:10:40.160172	Speaker	stop	None
2016-10-02 18:10:40.161076	Trial	end	283
2016-10-02 18:10:44.940133	Trial	start	284
2016-10-02 18:10:44.942479	Speaker	play	None
2016-10-02 18:10:45.017901	Speaker	stop	None
2016-10-02 18:10:45.018969	Trial	end	284
2016-10-02 18:10:45.020332	Trial	start	285
2016-10-02 18:10:45.022696	Speaker	play	None
2016-10-02 18:10:56.252836	Speaker	stop	None
2016-10-02 18:10:56.253928	Trial	end	285
2016-10-02 18:11:06.758404	Trial	start	286
2016-10-02 18:11:06.761865	Speaker	play	None
2016-10-02 18:11:12.766885	Speaker	stop	None
2016-10-02 18:11:12.767784	Trial	end	286
2016-10-02 18:11:16.646460	Trial	start	287
2016-10-02 18:11:16.649575	Speaker	play	None
2016-10-02 18:11:17.650099	Speaker	stop	None
2016-10-02 18:11:17.650928	Trial	end	287
2016-10-02 18:11:17.651873	Trial	start	288
2016-10-02 18:11:17.654842	Speaker	play	None
2016-10-02 18:11:17.728028	Speaker	stop	None
2016-10-02 18:11:17.730136	Trial	end	288
2016-10-02 18:11:17.731611	Trial	start	289
2016-10-02 18:11:17.735360	Speaker	play	None
2016-10-02 18:11:23.739601	Speaker	stop	None
2016-10-02 18:11:23.740512	Trial	end	289
2016-10-02 18:11:26.561526	Trial	start	290
2016-10-02 18:11:26.564317	Speaker	play	None
2016-10-02 18:11:32.570126	Speaker	stop	None
2016-10-02 18:11:32.571838	Trial	end	290
2016-10-02 18:11:33.753724	Trial	start	291
2016-10-02 18:11:33.755945	Speaker	play	None
2016-10-02 18:11:39.766210	Speaker	stop	None
2016-10-02 18:11:39.767760	Hopper	up	None
2016-10-02 18:11:51.771208	Hopper	down	None
2016-10-02 18:11:52.074111	Trial	end	291
2016-10-02 18:13:36.726206	Trial	start	292
2016-10-02 18:13:36.729441	Speaker	play	None
2016-10-02 18:13:36.803888	Speaker	stop	None
2016-10-02 18:13:36.804815	Trial	end	292
2016-10-02 18:13:36.806413	Trial	start	293
2016-10-02 18:13:36.808531	Speaker	play	None
2016-10-02 18:13:42.812485	Speaker	stop	None
2016-10-02 18:13:42.813866	Hopper	up	None
2016-10-02 18:13:54.817207	Hopper	down	None
2016-10-02 18:13:55.124184	Trial	end	293
2016-10-02 18:17:24.331133	PeckPort	off	None
2016-10-02 18:17:24.331528	HouseLight	on	None
2016-10-02 18:17:24.331883	Hopper	down	None
