2017-03-08 09:51:50.836064	PeckPort	off	None
2017-03-08 09:51:50.836282	HouseLight	on	None
2017-03-08 09:51:50.836459	Hopper	down	None
2017-03-08 09:51:51.142023	Hopper	down	None
2017-03-08 09:51:51.444695	HouseLight	on	None
2017-03-08 09:51:51.444869	PeckPort	on	None
2017-03-08 09:57:30.887936	Trial	start	1
2017-03-08 09:57:30.890961	Speaker	play	None
2017-03-08 09:57:30.937128	Speaker	stop	None
2017-03-08 09:57:30.937955	Trial	end	1
2017-03-08 09:57:30.938965	Trial	start	2
2017-03-08 09:57:30.941093	Speaker	play	None
2017-03-08 09:57:36.945411	Speaker	stop	None
2017-03-08 09:57:36.945994	Trial	end	2
2017-03-08 09:57:43.400020	Trial	start	3
2017-03-08 09:57:43.402612	Speaker	play	None
2017-03-08 09:57:43.453448	Speaker	stop	None
2017-03-08 09:57:43.454176	Trial	end	3
2017-03-08 09:57:43.454943	Trial	start	4
2017-03-08 09:57:43.456818	Speaker	play	None
2017-03-08 09:57:49.461623	Speaker	stop	None
2017-03-08 09:57:49.462195	Trial	end	4
2017-03-08 09:57:52.344875	Trial	start	5
2017-03-08 09:57:52.346824	Speaker	play	None
2017-03-08 09:57:52.394155	Speaker	stop	None
2017-03-08 09:57:52.394765	Trial	end	5
2017-03-08 09:57:52.395488	Trial	start	6
2017-03-08 09:57:52.398259	Speaker	play	None
2017-03-08 09:57:58.402396	Speaker	stop	None
2017-03-08 09:57:58.402941	Trial	end	6
2017-03-08 09:58:05.614733	Trial	start	7
2017-03-08 09:58:05.617504	Speaker	play	None
2017-03-08 09:58:11.623208	Speaker	stop	None
2017-03-08 09:58:11.624029	Trial	end	7
2017-03-08 09:58:17.737892	Trial	start	8
2017-03-08 09:58:17.740150	Speaker	play	None
2017-03-08 09:58:23.746220	Speaker	stop	None
2017-03-08 09:58:23.746763	Trial	end	8
2017-03-08 09:58:27.395441	Trial	start	9
2017-03-08 09:58:27.397959	Speaker	play	None
2017-03-08 09:58:28.247323	Speaker	stop	None
2017-03-08 09:58:28.247840	Trial	end	9
2017-03-08 09:58:28.248522	Trial	start	10
2017-03-08 09:58:28.250465	Speaker	play	None
2017-03-08 09:58:34.255662	Speaker	stop	None
2017-03-08 09:58:34.256243	Trial	end	10
2017-03-08 09:58:47.922723	Trial	start	11
2017-03-08 09:58:47.924845	Speaker	play	None
2017-03-08 09:58:47.971969	Speaker	stop	None
2017-03-08 09:58:47.972550	Trial	end	11
2017-03-08 09:58:47.973399	Trial	start	12
2017-03-08 09:58:47.975722	Speaker	play	None
2017-03-08 09:58:53.980325	Speaker	stop	None
2017-03-08 09:58:53.981270	Trial	end	12
2017-03-08 09:58:59.697742	Trial	start	13
2017-03-08 09:58:59.699989	Speaker	play	None
2017-03-08 09:59:05.706094	Speaker	stop	None
2017-03-08 09:59:05.706700	Trial	end	13
2017-03-08 09:59:13.115129	Trial	start	14
2017-03-08 09:59:13.117283	Speaker	play	None
2017-03-08 09:59:13.164392	Speaker	stop	None
2017-03-08 09:59:13.165158	Trial	end	14
2017-03-08 09:59:13.165990	Trial	start	15
2017-03-08 09:59:13.168853	Speaker	play	None
2017-03-08 09:59:19.172563	Speaker	stop	None
2017-03-08 09:59:19.173394	Hopper	up	None
2017-03-08 09:59:31.176875	Hopper	down	None
2017-03-08 09:59:31.479944	Trial	end	15
2017-03-08 09:59:47.878921	Trial	start	16
2017-03-08 09:59:47.881259	Speaker	play	None
2017-03-08 09:59:48.894741	Speaker	stop	None
2017-03-08 09:59:48.895330	Trial	end	16
2017-03-08 09:59:48.895989	Trial	start	17
2017-03-08 09:59:48.898142	Speaker	play	None
2017-03-08 09:59:48.943902	Speaker	stop	None
2017-03-08 09:59:48.944423	Trial	end	17
2017-03-08 09:59:48.945242	Trial	start	18
2017-03-08 09:59:48.947957	Speaker	play	None
2017-03-08 09:59:54.952162	Speaker	stop	None
2017-03-08 09:59:54.952980	Hopper	up	None
2017-03-08 10:00:06.956513	Hopper	down	None
2017-03-08 10:00:07.259550	Trial	end	18
2017-03-08 10:00:40.483508	Trial	start	19
2017-03-08 10:00:40.485805	Speaker	play	None
2017-03-08 10:00:40.540919	Speaker	stop	None
2017-03-08 10:00:40.541484	Trial	end	19
2017-03-08 10:00:40.542231	Trial	start	20
2017-03-08 10:00:40.544551	Speaker	play	None
2017-03-08 10:00:46.549265	Speaker	stop	None
2017-03-08 10:00:46.549844	Trial	end	20
2017-03-08 10:00:54.302252	Trial	start	21
2017-03-08 10:00:54.304206	Speaker	play	None
2017-03-08 10:00:54.351525	Speaker	stop	None
2017-03-08 10:00:54.352052	Trial	end	21
2017-03-08 10:00:54.352885	Trial	start	22
2017-03-08 10:00:54.354806	Speaker	play	None
2017-03-08 10:00:55.387711	Speaker	stop	None
2017-03-08 10:00:55.388299	Trial	end	22
2017-03-08 10:00:55.389009	Trial	start	23
2017-03-08 10:00:55.391016	Speaker	play	None
2017-03-08 10:01:01.396013	Speaker	stop	None
2017-03-08 10:01:01.396579	Trial	end	23
2017-03-08 10:01:04.475918	Trial	start	24
2017-03-08 10:01:04.477964	Speaker	play	None
2017-03-08 10:01:04.525132	Speaker	stop	None
2017-03-08 10:01:04.525755	Trial	end	24
2017-03-08 10:01:04.527479	Trial	start	25
2017-03-08 10:01:04.530100	Speaker	play	None
2017-03-08 10:01:05.700818	Speaker	stop	None
2017-03-08 10:01:05.701691	Trial	end	25
2017-03-08 10:01:05.702989	Trial	start	26
2017-03-08 10:01:05.706371	Speaker	play	None
2017-03-08 10:01:11.713020	Speaker	stop	None
2017-03-08 10:01:11.713617	Trial	end	26
2017-03-08 10:01:16.664627	Trial	start	27
2017-03-08 10:01:16.670680	Speaker	play	None
2017-03-08 10:01:16.717905	Speaker	stop	None
2017-03-08 10:01:16.718691	Trial	end	27
2017-03-08 10:01:16.719745	Trial	start	28
2017-03-08 10:01:16.721760	Speaker	play	None
2017-03-08 10:01:17.704978	Speaker	stop	None
2017-03-08 10:01:17.705573	Trial	end	28
2017-03-08 10:01:17.706293	Trial	start	29
2017-03-08 10:01:17.708022	Speaker	play	None
2017-03-08 10:01:17.754103	Speaker	stop	None
2017-03-08 10:01:17.754582	Trial	end	29
2017-03-08 10:01:17.755371	Trial	start	30
2017-03-08 10:01:17.757260	Speaker	play	None
2017-03-08 10:01:19.077052	Speaker	stop	None
2017-03-08 10:01:19.077642	Trial	end	30
2017-03-08 10:01:19.078358	Trial	start	31
2017-03-08 10:01:19.080418	Speaker	play	None
2017-03-08 10:01:25.085348	Speaker	stop	None
2017-03-08 10:01:25.086393	Trial	end	31
2017-03-08 10:01:30.852003	Trial	start	32
2017-03-08 10:01:30.854186	Speaker	play	None
2017-03-08 10:01:36.860330	Speaker	stop	None
2017-03-08 10:01:36.862704	Trial	end	32
2017-03-08 10:01:44.584752	Trial	start	33
2017-03-08 10:01:44.586886	Speaker	play	None
2017-03-08 10:01:50.593106	Speaker	stop	None
2017-03-08 10:01:50.594067	Hopper	up	None
2017-03-08 10:02:02.597453	Hopper	down	None
2017-03-08 10:02:02.900512	Trial	end	33
2017-03-08 10:03:13.407455	Trial	start	34
2017-03-08 10:03:13.409734	Speaker	play	None
2017-03-08 10:03:19.415918	Speaker	stop	None
2017-03-08 10:03:19.416557	Trial	end	34
2017-03-08 10:03:24.772964	Trial	start	35
2017-03-08 10:03:24.775665	Speaker	play	None
2017-03-08 10:03:24.826325	Speaker	stop	None
2017-03-08 10:03:24.826891	Trial	end	35
2017-03-08 10:03:24.827467	Trial	start	36
2017-03-08 10:03:24.829239	Speaker	play	None
2017-03-08 10:03:25.407879	Speaker	stop	None
2017-03-08 10:03:25.408483	Trial	end	36
2017-03-08 10:03:25.409280	Trial	start	37
2017-03-08 10:03:25.411577	Speaker	play	None
2017-03-08 10:03:25.457059	Speaker	stop	None
2017-03-08 10:03:25.457626	Trial	end	37
2017-03-08 10:03:25.458273	Trial	start	38
2017-03-08 10:03:25.460263	Speaker	play	None
2017-03-08 10:03:31.465386	Speaker	stop	None
2017-03-08 10:03:31.465923	Trial	end	38
2017-03-08 10:03:36.077069	Trial	start	39
2017-03-08 10:03:36.079073	Speaker	play	None
2017-03-08 10:03:36.773446	Speaker	stop	None
2017-03-08 10:03:36.774062	Trial	end	39
2017-03-08 10:03:36.774833	Trial	start	40
2017-03-08 10:03:36.777079	Speaker	play	None
2017-03-08 10:03:42.781727	Speaker	stop	None
2017-03-08 10:03:42.782312	Trial	end	40
2017-03-08 10:03:46.766723	Trial	start	41
2017-03-08 10:03:46.768624	Speaker	play	None
2017-03-08 10:03:46.820260	Speaker	stop	None
2017-03-08 10:03:46.820776	Trial	end	41
2017-03-08 10:03:46.821349	Trial	start	42
2017-03-08 10:03:46.823337	Speaker	play	None
2017-03-08 10:03:52.828413	Speaker	stop	None
2017-03-08 10:03:52.828993	Trial	end	42
2017-03-08 10:04:04.329002	Trial	start	43
2017-03-08 10:04:04.331562	Speaker	play	None
2017-03-08 10:04:04.386518	Speaker	stop	None
2017-03-08 10:04:04.387120	Trial	end	43
2017-03-08 10:04:04.387757	Trial	start	44
2017-03-08 10:04:04.389708	Speaker	play	None
2017-03-08 10:04:05.623310	Speaker	stop	None
2017-03-08 10:04:05.623847	Trial	end	44
2017-03-08 10:04:05.624537	Trial	start	45
2017-03-08 10:04:05.626685	Speaker	play	None
2017-03-08 10:04:06.647246	Speaker	stop	None
2017-03-08 10:04:06.647792	Trial	end	45
2017-03-08 10:04:06.648357	Trial	start	46
2017-03-08 10:04:06.650377	Speaker	play	None
2017-03-08 10:04:12.659768	Speaker	stop	None
2017-03-08 10:04:12.660573	Trial	end	46
2017-03-08 10:04:17.783383	Trial	start	47
2017-03-08 10:04:17.788147	Speaker	play	None
2017-03-08 10:04:18.320079	Speaker	stop	None
2017-03-08 10:04:18.321217	Trial	end	47
2017-03-08 10:04:18.322576	Trial	start	48
2017-03-08 10:04:18.326317	Speaker	play	None
2017-03-08 10:04:18.369107	Speaker	stop	None
2017-03-08 10:04:18.369715	Trial	end	48
2017-03-08 10:04:18.370664	Trial	start	49
2017-03-08 10:04:18.373597	Speaker	play	None
2017-03-08 10:04:19.429866	Speaker	stop	None
2017-03-08 10:04:19.430375	Trial	end	49
2017-03-08 10:04:19.430964	Trial	start	50
2017-03-08 10:04:19.432847	Speaker	play	None
2017-03-08 10:04:20.269481	Speaker	stop	None
2017-03-08 10:04:20.269990	Trial	end	50
2017-03-08 10:04:20.270659	Trial	start	51
2017-03-08 10:04:20.272665	Speaker	play	None
2017-03-08 10:04:26.277804	Speaker	stop	None
2017-03-08 10:04:26.278664	Hopper	up	None
2017-03-08 10:04:38.282152	Hopper	down	None
2017-03-08 10:04:38.585265	Trial	end	51
2017-03-08 10:05:25.730671	Trial	start	52
2017-03-08 10:05:25.733128	Speaker	play	None
2017-03-08 10:05:31.739065	Speaker	stop	None
2017-03-08 10:05:31.739644	Trial	end	52
2017-03-08 10:05:36.760367	Trial	start	53
2017-03-08 10:05:36.762946	Speaker	play	None
2017-03-08 10:05:36.813637	Speaker	stop	None
2017-03-08 10:05:36.814173	Trial	end	53
2017-03-08 10:05:36.814862	Trial	start	54
2017-03-08 10:05:36.816898	Speaker	play	None
2017-03-08 10:05:42.821986	Speaker	stop	None
2017-03-08 10:05:42.822618	Trial	end	54
2017-03-08 10:05:48.891754	Trial	start	55
2017-03-08 10:05:48.894428	Speaker	play	None
2017-03-08 10:05:49.436573	Speaker	stop	None
2017-03-08 10:05:49.437244	Trial	end	55
2017-03-08 10:05:49.438389	Trial	start	56
2017-03-08 10:05:49.442246	Speaker	play	None
2017-03-08 10:05:49.485751	Speaker	stop	None
2017-03-08 10:05:49.486300	Trial	end	56
2017-03-08 10:05:49.487042	Trial	start	57
2017-03-08 10:05:49.489036	Speaker	play	None
2017-03-08 10:05:55.494016	Speaker	stop	None
2017-03-08 10:05:55.494912	Hopper	up	None
2017-03-08 10:06:07.498447	Hopper	down	None
2017-03-08 10:06:07.801482	Trial	end	57
2017-03-08 10:06:38.519141	Trial	start	58
2017-03-08 10:06:38.521206	Speaker	play	None
2017-03-08 10:06:44.527589	Speaker	stop	None
2017-03-08 10:06:44.528183	Trial	end	58
2017-03-08 10:06:48.574272	Trial	start	59
2017-03-08 10:06:48.577086	Speaker	play	None
2017-03-08 10:06:49.245837	Speaker	stop	None
2017-03-08 10:06:49.246409	Trial	end	59
2017-03-08 10:06:49.246983	Trial	start	60
2017-03-08 10:06:49.248841	Speaker	play	None
2017-03-08 10:06:55.254282	Speaker	stop	None
2017-03-08 10:06:55.254793	Trial	end	60
2017-03-08 10:06:59.390831	Trial	start	61
2017-03-08 10:06:59.396804	Speaker	play	None
2017-03-08 10:07:00.443487	Speaker	stop	None
2017-03-08 10:07:00.444110	Trial	end	61
2017-03-08 10:07:00.444796	Trial	start	62
2017-03-08 10:07:00.447222	Speaker	play	None
2017-03-08 10:07:06.451807	Speaker	stop	None
2017-03-08 10:07:06.452589	Hopper	up	None
2017-03-08 10:07:18.456272	Hopper	down	None
2017-03-08 10:07:18.759350	Trial	end	62
2017-03-08 12:02:27.089887	Trial	start	63
2017-03-08 12:02:27.092195	Speaker	play	None
2017-03-08 12:02:27.139208	Speaker	stop	None
2017-03-08 12:02:27.140060	Trial	end	63
2017-03-08 12:02:27.140893	Trial	start	64
2017-03-08 12:02:27.142962	Speaker	play	None
2017-03-08 12:02:28.060641	Speaker	stop	None
2017-03-08 12:02:28.061188	Trial	end	64
2017-03-08 12:02:28.062238	Trial	start	65
2017-03-08 12:02:28.064225	Speaker	play	None
2017-03-08 12:02:28.117886	Speaker	stop	None
2017-03-08 12:02:28.118458	Trial	end	65
2017-03-08 12:02:28.119138	Trial	start	66
2017-03-08 12:02:28.121114	Speaker	play	None
2017-03-08 12:02:34.125516	Speaker	stop	None
2017-03-08 12:02:34.126443	Hopper	up	None
2017-03-08 12:02:46.128478	Hopper	down	None
2017-03-08 12:02:46.431556	Trial	end	66
2017-03-08 12:09:31.293684	Trial	start	67
2017-03-08 12:09:31.295678	Speaker	play	None
2017-03-08 12:09:37.301761	Speaker	stop	None
2017-03-08 12:09:37.302299	Trial	end	67
2017-03-08 12:09:43.227830	Trial	start	68
2017-03-08 12:09:43.230040	Speaker	play	None
2017-03-08 12:09:43.281169	Speaker	stop	None
2017-03-08 12:09:43.281743	Trial	end	68
2017-03-08 12:09:43.282354	Trial	start	69
2017-03-08 12:09:43.284398	Speaker	play	None
2017-03-08 12:09:44.202806	Speaker	stop	None
2017-03-08 12:09:44.203731	Trial	end	69
2017-03-08 12:09:44.204784	Trial	start	70
2017-03-08 12:09:44.208112	Speaker	play	None
2017-03-08 12:09:44.255917	Speaker	stop	None
2017-03-08 12:09:44.256403	Trial	end	70
2017-03-08 12:09:44.257171	Trial	start	71
2017-03-08 12:09:44.260024	Speaker	play	None
2017-03-08 12:09:50.263926	Speaker	stop	None
2017-03-08 12:09:50.264504	Trial	end	71
2017-03-08 12:09:56.980440	Trial	start	72
2017-03-08 12:09:56.983063	Speaker	play	None
2017-03-08 12:10:02.988608	Speaker	stop	None
2017-03-08 12:10:02.989196	Trial	end	72
2017-03-08 12:10:05.765478	Trial	start	73
2017-03-08 12:10:05.776124	Speaker	play	None
2017-03-08 12:10:05.818639	Speaker	stop	None
2017-03-08 12:10:05.819307	Trial	end	73
2017-03-08 12:10:05.820012	Trial	start	74
2017-03-08 12:10:05.822138	Speaker	play	None
2017-03-08 12:10:06.412409	Speaker	stop	None
2017-03-08 12:10:06.412950	Trial	end	74
2017-03-08 12:10:06.413551	Trial	start	75
2017-03-08 12:10:06.415606	Speaker	play	None
2017-03-08 12:10:06.465679	Speaker	stop	None
2017-03-08 12:10:06.466481	Trial	end	75
2017-03-08 12:10:06.467495	Trial	start	76
2017-03-08 12:10:06.469449	Speaker	play	None
2017-03-08 12:10:12.473668	Speaker	stop	None
2017-03-08 12:10:12.474225	Trial	end	76
2017-03-08 12:10:18.129483	Trial	start	77
2017-03-08 12:10:18.131425	Speaker	play	None
2017-03-08 12:10:18.178756	Speaker	stop	None
2017-03-08 12:10:18.179282	Trial	end	77
2017-03-08 12:10:18.179897	Trial	start	78
2017-03-08 12:10:18.181802	Speaker	play	None
2017-03-08 12:10:19.391043	Speaker	stop	None
2017-03-08 12:10:19.392193	Trial	end	78
2017-03-08 12:10:19.393964	Trial	start	79
2017-03-08 12:10:19.397711	Speaker	play	None
2017-03-08 12:10:19.440198	Speaker	stop	None
2017-03-08 12:10:19.440806	Trial	end	79
2017-03-08 12:10:19.441597	Trial	start	80
2017-03-08 12:10:19.444526	Speaker	play	None
2017-03-08 12:10:25.448652	Speaker	stop	None
2017-03-08 12:10:25.449930	Trial	end	80
2017-03-08 12:10:31.247349	Trial	start	81
2017-03-08 12:10:31.249665	Speaker	play	None
2017-03-08 12:10:31.726747	Speaker	stop	None
2017-03-08 12:10:31.727770	Trial	end	81
2017-03-08 12:10:31.728771	Trial	start	82
2017-03-08 12:10:31.733163	Speaker	play	None
2017-03-08 12:10:36.407814	Speaker	stop	None
2017-03-08 12:10:36.408374	Trial	end	82
2017-03-08 12:10:36.409053	Trial	start	83
2017-03-08 12:10:36.411070	Speaker	play	None
2017-03-08 12:10:36.936182	Speaker	stop	None
2017-03-08 12:10:36.936912	Trial	end	83
2017-03-08 12:10:36.937912	Trial	start	84
2017-03-08 12:10:36.940338	Speaker	play	None
2017-03-08 12:10:42.944058	Speaker	stop	None
2017-03-08 12:10:42.944775	Hopper	up	None
2017-03-08 12:10:54.947888	Hopper	down	None
2017-03-08 12:10:55.250975	Trial	end	84
2017-03-08 12:11:45.457853	Trial	start	85
2017-03-08 12:11:45.459873	Speaker	play	None
2017-03-08 12:11:51.465989	Speaker	stop	None
2017-03-08 12:11:51.466519	Trial	end	85
2017-03-08 12:12:00.938948	Trial	start	86
2017-03-08 12:12:00.941088	Speaker	play	None
2017-03-08 12:12:06.947045	Speaker	stop	None
2017-03-08 12:12:06.947618	Trial	end	86
2017-03-08 12:12:10.399529	Trial	start	87
2017-03-08 12:12:10.401798	Speaker	play	None
2017-03-08 12:12:11.005927	Speaker	stop	None
2017-03-08 12:12:11.007203	Trial	end	87
2017-03-08 12:12:11.008562	Trial	start	88
2017-03-08 12:12:11.015366	Speaker	play	None
2017-03-08 12:12:11.759303	Speaker	stop	None
2017-03-08 12:12:11.759830	Trial	end	88
2017-03-08 12:12:11.760487	Trial	start	89
2017-03-08 12:12:11.762616	Speaker	play	None
2017-03-08 12:12:17.767377	Speaker	stop	None
2017-03-08 12:12:17.767926	Trial	end	89
2017-03-08 12:12:20.675166	Trial	start	90
2017-03-08 12:12:20.677205	Speaker	play	None
2017-03-08 12:12:21.318330	Speaker	stop	None
2017-03-08 12:12:21.319079	Trial	end	90
2017-03-08 12:12:21.319986	Trial	start	91
2017-03-08 12:12:21.322140	Speaker	play	None
2017-03-08 12:12:21.371517	Speaker	stop	None
2017-03-08 12:12:21.372076	Trial	end	91
2017-03-08 12:12:21.372785	Trial	start	92
2017-03-08 12:12:21.374743	Speaker	play	None
2017-03-08 12:12:22.317646	Speaker	stop	None
2017-03-08 12:12:22.318152	Trial	end	92
2017-03-08 12:12:22.318858	Trial	start	93
2017-03-08 12:12:22.321561	Speaker	play	None
2017-03-08 12:12:28.325678	Speaker	stop	None
2017-03-08 12:12:28.326564	Hopper	up	None
2017-03-08 12:12:40.329731	Hopper	down	None
2017-03-08 12:12:40.632657	Trial	end	93
2017-03-08 12:13:48.360666	Trial	start	94
2017-03-08 12:13:48.363101	Speaker	play	None
2017-03-08 12:13:48.409830	Speaker	stop	None
2017-03-08 12:13:48.410342	Trial	end	94
2017-03-08 12:13:48.411091	Trial	start	95
2017-03-08 12:13:48.413539	Speaker	play	None
2017-03-08 12:13:54.418038	Speaker	stop	None
2017-03-08 12:13:54.421901	Trial	end	95
2017-03-08 12:14:00.372898	Trial	start	96
2017-03-08 12:14:00.375557	Speaker	play	None
2017-03-08 12:14:01.384570	Speaker	stop	None
2017-03-08 12:14:01.385129	Trial	end	96
2017-03-08 12:14:01.385850	Trial	start	97
2017-03-08 12:14:01.387922	Speaker	play	None
2017-03-08 12:14:07.392678	Speaker	stop	None
2017-03-08 12:14:07.393211	Trial	end	97
2017-03-08 12:14:12.331974	Trial	start	98
2017-03-08 12:14:12.339910	Speaker	play	None
2017-03-08 12:14:12.385231	Speaker	stop	None
2017-03-08 12:14:12.385804	Trial	end	98
2017-03-08 12:14:12.386516	Trial	start	99
2017-03-08 12:14:12.388495	Speaker	play	None
2017-03-08 12:14:18.393353	Speaker	stop	None
2017-03-08 12:14:18.393920	Trial	end	99
2017-03-08 12:14:22.325064	Trial	start	100
2017-03-08 12:14:22.327692	Speaker	play	None
2017-03-08 12:14:22.366097	Speaker	stop	None
2017-03-08 12:14:22.366661	Trial	end	100
2017-03-08 12:14:22.367414	Trial	start	101
2017-03-08 12:14:22.369510	Speaker	play	None
2017-03-08 12:14:22.968205	Speaker	stop	None
2017-03-08 12:14:22.968849	Trial	end	101
2017-03-08 12:14:22.969740	Trial	start	102
2017-03-08 12:14:22.972362	Speaker	play	None
2017-03-08 12:14:23.025525	Speaker	stop	None
2017-03-08 12:14:23.026065	Trial	end	102
2017-03-08 12:14:23.026658	Trial	start	103
2017-03-08 12:14:23.028802	Speaker	play	None
2017-03-08 12:14:29.033580	Speaker	stop	None
2017-03-08 12:14:29.034147	Trial	end	103
2017-03-08 12:14:31.937323	Trial	start	104
2017-03-08 12:14:31.939585	Speaker	play	None
2017-03-08 12:14:31.990608	Speaker	stop	None
2017-03-08 12:14:31.991189	Trial	end	104
2017-03-08 12:14:31.991750	Trial	start	105
2017-03-08 12:14:31.993574	Speaker	play	None
2017-03-08 12:14:33.231634	Speaker	stop	None
2017-03-08 12:14:33.232177	Trial	end	105
2017-03-08 12:14:33.232912	Trial	start	106
2017-03-08 12:14:33.234976	Speaker	play	None
2017-03-08 12:14:33.284874	Speaker	stop	None
2017-03-08 12:14:33.285413	Trial	end	106
2017-03-08 12:14:33.286010	Trial	start	107
2017-03-08 12:14:33.292029	Speaker	play	None
2017-03-08 12:14:39.297104	Speaker	stop	None
2017-03-08 12:14:39.297958	Hopper	up	None
2017-03-08 12:14:51.301140	Hopper	down	None
2017-03-08 12:14:51.604194	Trial	end	107
2017-03-08 12:15:15.112796	Trial	start	108
2017-03-08 12:15:15.115438	Speaker	play	None
2017-03-08 12:15:15.162030	Speaker	stop	None
2017-03-08 12:15:15.162705	Trial	end	108
2017-03-08 12:15:15.163380	Trial	start	109
2017-03-08 12:15:15.165476	Speaker	play	None
2017-03-08 12:15:16.026211	Speaker	stop	None
2017-03-08 12:15:16.026656	Trial	end	109
2017-03-08 12:15:16.027506	Trial	start	110
2017-03-08 12:15:16.029933	Speaker	play	None
2017-03-08 12:15:22.034320	Speaker	stop	None
2017-03-08 12:15:22.034969	Trial	end	110
2017-03-08 12:15:29.955123	Trial	start	111
2017-03-08 12:15:29.957277	Speaker	play	None
2017-03-08 12:15:30.348344	Speaker	stop	None
2017-03-08 12:15:30.348913	Trial	end	111
2017-03-08 12:15:30.349589	Trial	start	112
2017-03-08 12:15:30.351338	Speaker	play	None
2017-03-08 12:15:36.356690	Speaker	stop	None
2017-03-08 12:15:36.357589	Hopper	up	None
2017-03-08 12:15:48.360638	Hopper	down	None
2017-03-08 12:15:48.663677	Trial	end	112
2017-03-08 12:16:13.413308	Trial	start	113
2017-03-08 12:16:13.415339	Speaker	play	None
2017-03-08 12:16:19.421528	Speaker	stop	None
2017-03-08 12:16:19.422121	Trial	end	113
2017-03-08 12:16:26.027676	Trial	start	114
2017-03-08 12:16:26.029932	Speaker	play	None
2017-03-08 12:16:32.035948	Speaker	stop	None
2017-03-08 12:16:32.036490	Trial	end	114
2017-03-08 12:16:36.123394	Trial	start	115
2017-03-08 12:16:36.125460	Speaker	play	None
2017-03-08 12:16:36.180736	Speaker	stop	None
2017-03-08 12:16:36.181277	Trial	end	115
2017-03-08 12:16:36.181966	Trial	start	116
2017-03-08 12:16:36.183954	Speaker	play	None
2017-03-08 12:16:36.979629	Speaker	stop	None
2017-03-08 12:16:36.980666	Trial	end	116
2017-03-08 12:16:36.981194	Trial	start	117
2017-03-08 12:16:36.983628	Speaker	play	None
2017-03-08 12:16:42.987549	Speaker	stop	None
2017-03-08 12:16:42.988139	Trial	end	117
2017-03-08 12:16:48.397853	Trial	start	118
2017-03-08 12:16:48.400227	Speaker	play	None
2017-03-08 12:16:49.581540	Speaker	stop	None
2017-03-08 12:16:49.582093	Trial	end	118
2017-03-08 12:16:49.582782	Trial	start	119
2017-03-08 12:16:49.584867	Speaker	play	None
2017-03-08 12:16:55.589645	Speaker	stop	None
2017-03-08 12:16:55.590259	Trial	end	119
2017-03-08 12:17:01.393072	Trial	start	120
2017-03-08 12:17:01.395054	Speaker	play	None
2017-03-08 12:17:07.397410	Speaker	stop	None
2017-03-08 12:17:07.398116	Trial	end	120
2017-03-08 12:17:15.387858	Trial	start	121
2017-03-08 12:17:15.390144	Speaker	play	None
2017-03-08 12:17:16.047127	Speaker	stop	None
2017-03-08 12:17:16.047635	Trial	end	121
2017-03-08 12:17:16.048286	Trial	start	122
2017-03-08 12:17:16.050891	Speaker	play	None
2017-03-08 12:17:16.100414	Speaker	stop	None
2017-03-08 12:17:16.100943	Trial	end	122
2017-03-08 12:17:16.101677	Trial	start	123
2017-03-08 12:17:16.103633	Speaker	play	None
2017-03-08 12:17:22.108572	Speaker	stop	None
2017-03-08 12:17:22.109092	Trial	end	123
2017-03-08 12:17:32.048684	Trial	start	124
2017-03-08 12:17:32.050777	Speaker	play	None
2017-03-08 12:17:38.056872	Speaker	stop	None
2017-03-08 12:17:38.057431	Trial	end	124
2017-03-08 12:17:44.847311	Trial	start	125
2017-03-08 12:17:44.849996	Speaker	play	None
2017-03-08 12:17:46.203067	Speaker	stop	None
2017-03-08 12:17:46.203580	Trial	end	125
2017-03-08 12:17:46.204236	Trial	start	126
2017-03-08 12:17:46.206349	Speaker	play	None
2017-03-08 12:17:52.211373	Speaker	stop	None
2017-03-08 12:17:52.212781	Hopper	up	None
2017-03-08 12:18:04.215446	Hopper	down	None
2017-03-08 12:18:04.518459	Trial	end	126
2017-03-08 12:18:29.169956	Trial	start	127
2017-03-08 12:18:29.172354	Speaker	play	None
2017-03-08 12:18:35.178227	Speaker	stop	None
2017-03-08 12:18:35.178766	Trial	end	127
2017-03-08 12:18:44.888848	Trial	start	128
2017-03-08 12:18:44.890859	Speaker	play	None
2017-03-08 12:18:44.938055	Speaker	stop	None
2017-03-08 12:18:44.938601	Trial	end	128
2017-03-08 12:18:44.939279	Trial	start	129
2017-03-08 12:18:44.947500	Speaker	play	None
2017-03-08 12:18:45.950196	Speaker	stop	None
2017-03-08 12:18:45.950826	Trial	end	129
2017-03-08 12:18:45.951687	Trial	start	130
2017-03-08 12:18:45.954701	Speaker	play	None
2017-03-08 12:18:46.007049	Speaker	stop	None
2017-03-08 12:18:46.007598	Trial	end	130
2017-03-08 12:18:46.008323	Trial	start	131
2017-03-08 12:18:46.010989	Speaker	play	None
2017-03-08 12:18:47.162037	Speaker	stop	None
2017-03-08 12:18:47.162761	Trial	end	131
2017-03-08 12:18:47.163673	Trial	start	132
2017-03-08 12:18:47.165883	Speaker	play	None
2017-03-08 12:18:47.215311	Speaker	stop	None
2017-03-08 12:18:47.216136	Trial	end	132
2017-03-08 12:18:47.217092	Trial	start	133
2017-03-08 12:18:47.219060	Speaker	play	None
2017-03-08 12:18:53.223471	Speaker	stop	None
2017-03-08 12:18:53.224116	Trial	end	133
2017-03-08 12:18:59.018698	Trial	start	134
2017-03-08 12:18:59.020598	Speaker	play	None
2017-03-08 12:19:05.022993	Speaker	stop	None
2017-03-08 12:19:05.023472	Trial	end	134
2017-03-08 12:19:08.446796	Trial	start	135
2017-03-08 12:19:08.448987	Speaker	play	None
2017-03-08 12:19:14.455088	Speaker	stop	None
2017-03-08 12:19:14.455921	Hopper	up	None
2017-03-08 12:19:26.459319	Hopper	down	None
2017-03-08 12:19:26.762343	Trial	end	135
2017-03-08 12:19:55.837315	Trial	start	136
2017-03-08 12:19:55.839804	Speaker	play	None
2017-03-08 12:20:01.845506	Speaker	stop	None
2017-03-08 12:20:01.846118	Trial	end	136
2017-03-08 12:20:25.706461	Trial	start	137
2017-03-08 12:20:25.708589	Speaker	play	None
2017-03-08 12:20:26.685382	Speaker	stop	None
2017-03-08 12:20:26.685873	Trial	end	137
2017-03-08 12:20:26.686567	Trial	start	138
2017-03-08 12:20:26.688586	Speaker	play	None
2017-03-08 12:20:32.693621	Speaker	stop	None
2017-03-08 12:20:32.694166	Trial	end	138
2017-03-08 12:20:47.118371	Trial	start	139
2017-03-08 12:20:47.120428	Speaker	play	None
2017-03-08 12:20:53.126750	Speaker	stop	None
2017-03-08 12:20:53.127275	Trial	end	139
2017-03-08 12:21:00.294023	Trial	start	140
2017-03-08 12:21:00.296159	Speaker	play	None
2017-03-08 12:21:06.302338	Speaker	stop	None
2017-03-08 12:21:06.302915	Trial	end	140
2017-03-08 12:21:19.269044	Trial	start	141
2017-03-08 12:21:19.271217	Speaker	play	None
2017-03-08 12:21:25.277394	Speaker	stop	None
2017-03-08 12:21:25.278027	Trial	end	141
2017-03-08 12:22:29.799863	Trial	start	142
2017-03-08 12:22:29.801937	Speaker	play	None
2017-03-08 12:22:35.808224	Speaker	stop	None
2017-03-08 12:22:35.808782	Trial	end	142
2017-03-08 12:22:44.863625	Trial	start	143
2017-03-08 12:22:44.866372	Speaker	play	None
2017-03-08 12:22:50.872013	Speaker	stop	None
2017-03-08 12:22:50.872896	Hopper	up	None
2017-03-08 12:23:02.876329	Hopper	down	None
2017-03-08 12:23:03.179277	Trial	end	143
2017-03-08 12:23:41.199046	Trial	start	144
2017-03-08 12:23:41.201200	Speaker	play	None
2017-03-08 12:23:47.207430	Speaker	stop	None
2017-03-08 12:23:47.208083	Trial	end	144
2017-03-08 12:23:51.716684	Trial	start	145
2017-03-08 12:23:51.719398	Speaker	play	None
2017-03-08 12:23:52.736568	Speaker	stop	None
2017-03-08 12:23:52.737150	Trial	end	145
2017-03-08 12:23:52.737786	Trial	start	146
2017-03-08 12:23:52.740230	Speaker	play	None
2017-03-08 12:23:58.745043	Speaker	stop	None
2017-03-08 12:23:58.746419	Hopper	up	None
2017-03-08 12:24:10.749127	Hopper	down	None
2017-03-08 12:24:11.052308	Trial	end	146
2017-03-08 12:25:34.853432	Trial	start	147
2017-03-08 12:25:34.856013	Speaker	play	None
2017-03-08 12:25:34.906512	Speaker	stop	None
2017-03-08 12:25:34.907025	Trial	end	147
2017-03-08 12:25:34.907726	Trial	start	148
2017-03-08 12:25:34.909764	Speaker	play	None
2017-03-08 12:25:40.914910	Speaker	stop	None
2017-03-08 12:25:40.915816	Trial	end	148
2017-03-08 12:26:39.474387	Trial	start	149
2017-03-08 12:26:39.477007	Speaker	play	None
2017-03-08 12:26:45.482805	Speaker	stop	None
2017-03-08 12:26:45.483589	Trial	end	149
2017-03-08 12:26:49.946946	Trial	start	150
2017-03-08 12:26:49.948983	Speaker	play	None
2017-03-08 12:26:55.955299	Speaker	stop	None
2017-03-08 12:26:55.955855	Trial	end	150
2017-03-08 12:27:01.390170	Trial	start	151
2017-03-08 12:27:01.392131	Speaker	play	None
2017-03-08 12:27:07.398635	Speaker	stop	None
2017-03-08 12:27:07.399277	Trial	end	151
2017-03-08 12:27:12.034768	Trial	start	152
2017-03-08 12:27:12.036856	Speaker	play	None
2017-03-08 12:27:18.043157	Speaker	stop	None
2017-03-08 12:27:18.043712	Trial	end	152
2017-03-08 12:27:23.686919	Trial	start	153
2017-03-08 12:27:23.688952	Speaker	play	None
2017-03-08 12:27:23.740284	Speaker	stop	None
2017-03-08 12:27:23.740888	Trial	end	153
2017-03-08 12:27:23.741542	Trial	start	154
2017-03-08 12:27:23.743631	Speaker	play	None
2017-03-08 12:27:24.645393	Speaker	stop	None
2017-03-08 12:27:24.645906	Trial	end	154
2017-03-08 12:27:24.646538	Trial	start	155
2017-03-08 12:27:24.648305	Speaker	play	None
2017-03-08 12:27:24.694548	Speaker	stop	None
2017-03-08 12:27:24.695173	Trial	end	155
2017-03-08 12:27:24.695787	Trial	start	156
2017-03-08 12:27:24.698256	Speaker	play	None
2017-03-08 12:27:30.702929	Speaker	stop	None
2017-03-08 12:27:30.703605	Trial	end	156
2017-03-08 12:27:37.042842	Trial	start	157
2017-03-08 12:27:37.045190	Speaker	play	None
2017-03-08 12:27:38.042526	Speaker	stop	None
2017-03-08 12:27:38.043964	Trial	end	157
2017-03-08 12:27:38.045687	Trial	start	158
2017-03-08 12:27:38.052472	Speaker	play	None
2017-03-08 12:27:39.791132	Speaker	stop	None
2017-03-08 12:27:39.791738	Trial	end	158
2017-03-08 12:27:39.792450	Trial	start	159
2017-03-08 12:27:39.795161	Speaker	play	None
2017-03-08 12:27:45.799510	Speaker	stop	None
2017-03-08 12:27:45.800203	Trial	end	159
2017-03-08 12:27:55.940195	Trial	start	160
2017-03-08 12:27:55.942253	Speaker	play	None
2017-03-08 12:27:55.993597	Speaker	stop	None
2017-03-08 12:27:55.994223	Trial	end	160
2017-03-08 12:27:55.995266	Trial	start	161
2017-03-08 12:27:55.997469	Speaker	play	None
2017-03-08 12:28:02.001833	Speaker	stop	None
2017-03-08 12:28:02.002408	Trial	end	161
2017-03-08 12:28:06.027774	Trial	start	162
2017-03-08 12:28:06.029798	Speaker	play	None
2017-03-08 12:28:06.871629	Speaker	stop	None
2017-03-08 12:28:06.872181	Trial	end	162
2017-03-08 12:28:06.873010	Trial	start	163
2017-03-08 12:28:06.875088	Speaker	play	None
2017-03-08 12:28:12.880017	Speaker	stop	None
2017-03-08 12:28:12.880683	Trial	end	163
2017-03-08 12:28:17.811072	Trial	start	164
2017-03-08 12:28:17.813733	Speaker	play	None
2017-03-08 12:28:19.187210	Speaker	stop	None
2017-03-08 12:28:19.189603	Trial	end	164
2017-03-08 12:28:19.190393	Trial	start	165
2017-03-08 12:28:19.192789	Speaker	play	None
2017-03-08 12:28:25.195535	Speaker	stop	None
2017-03-08 12:28:25.196110	Trial	end	165
2017-03-08 12:28:30.114357	Trial	start	166
2017-03-08 12:28:30.116275	Speaker	play	None
2017-03-08 12:28:31.474159	Speaker	stop	None
2017-03-08 12:28:31.474687	Trial	end	166
2017-03-08 12:28:31.475373	Trial	start	167
2017-03-08 12:28:31.477492	Speaker	play	None
2017-03-08 12:28:37.482486	Speaker	stop	None
2017-03-08 12:28:37.483088	Trial	end	167
2017-03-08 12:28:46.390439	Trial	start	168
2017-03-08 12:28:46.392481	Speaker	play	None
2017-03-08 12:28:46.443798	Speaker	stop	None
2017-03-08 12:28:46.444320	Trial	end	168
2017-03-08 12:28:46.445021	Trial	start	169
2017-03-08 12:28:46.447062	Speaker	play	None
2017-03-08 12:28:47.303900	Speaker	stop	None
2017-03-08 12:28:47.304495	Trial	end	169
2017-03-08 12:28:47.305228	Trial	start	170
2017-03-08 12:28:47.307125	Speaker	play	None
2017-03-08 12:28:53.312198	Speaker	stop	None
2017-03-08 12:28:53.312773	Trial	end	170
2017-03-08 12:29:12.279193	Trial	start	171
2017-03-08 12:29:12.281321	Speaker	play	None
2017-03-08 12:29:13.094272	Speaker	stop	None
2017-03-08 12:29:13.094866	Trial	end	171
2017-03-08 12:29:13.095597	Trial	start	172
2017-03-08 12:29:13.098255	Speaker	play	None
2017-03-08 12:29:13.147480	Speaker	stop	None
2017-03-08 12:29:13.148046	Trial	end	172
2017-03-08 12:29:13.148694	Trial	start	173
2017-03-08 12:29:13.150731	Speaker	play	None
2017-03-08 12:29:19.155763	Speaker	stop	None
2017-03-08 12:29:19.156263	Trial	end	173
2017-03-08 12:29:32.884401	Trial	start	174
2017-03-08 12:29:32.886573	Speaker	play	None
2017-03-08 12:29:38.892859	Speaker	stop	None
2017-03-08 12:29:38.893586	Trial	end	174
2017-03-08 12:29:45.634177	Trial	start	175
2017-03-08 12:29:45.636446	Speaker	play	None
2017-03-08 12:29:46.224069	Speaker	stop	None
2017-03-08 12:29:46.224606	Trial	end	175
2017-03-08 12:29:46.225247	Trial	start	176
2017-03-08 12:29:46.227166	Speaker	play	None
2017-03-08 12:29:52.232426	Speaker	stop	None
2017-03-08 12:29:52.233034	Trial	end	176
2017-03-08 12:29:59.428402	Trial	start	177
2017-03-08 12:29:59.430622	Speaker	play	None
2017-03-08 12:30:00.182291	Speaker	stop	None
2017-03-08 12:30:00.183768	Trial	end	177
2017-03-08 12:30:00.185483	Trial	start	178
2017-03-08 12:30:00.187817	Speaker	play	None
2017-03-08 12:30:06.190393	Speaker	stop	None
2017-03-08 12:30:06.190919	Trial	end	178
2017-03-08 12:30:11.551532	Trial	start	179
2017-03-08 12:30:11.553685	Speaker	play	None
2017-03-08 12:30:13.071118	Speaker	stop	None
2017-03-08 12:30:13.071633	Trial	end	179
2017-03-08 12:30:13.072227	Trial	start	180
2017-03-08 12:30:13.074314	Speaker	play	None
2017-03-08 12:30:19.079385	Speaker	stop	None
2017-03-08 12:30:19.079941	Trial	end	180
2017-03-08 12:30:26.414671	Trial	start	181
2017-03-08 12:30:26.416893	Speaker	play	None
2017-03-08 12:30:28.163587	Speaker	stop	None
2017-03-08 12:30:28.164150	Trial	end	181
2017-03-08 12:30:28.164799	Trial	start	182
2017-03-08 12:30:28.166771	Speaker	play	None
2017-03-08 12:30:29.306311	Speaker	stop	None
2017-03-08 12:30:29.307062	Trial	end	182
2017-03-08 12:30:29.307998	Trial	start	183
2017-03-08 12:30:29.310084	Speaker	play	None
2017-03-08 12:30:35.314632	Speaker	stop	None
2017-03-08 12:30:35.315232	Trial	end	183
2017-03-08 12:30:55.354616	Trial	start	184
2017-03-08 12:30:55.356767	Speaker	play	None
2017-03-08 12:30:55.407959	Speaker	stop	None
2017-03-08 12:30:55.408846	Trial	end	184
2017-03-08 12:30:55.409885	Trial	start	185
2017-03-08 12:30:55.411936	Speaker	play	None
2017-03-08 12:31:01.416258	Speaker	stop	None
2017-03-08 12:31:01.416807	Trial	end	185
2017-03-08 12:31:07.326239	Trial	start	186
2017-03-08 12:31:07.328381	Speaker	play	None
2017-03-08 12:31:08.088139	Speaker	stop	None
2017-03-08 12:31:08.088623	Trial	end	186
2017-03-08 12:31:08.089283	Trial	start	187
2017-03-08 12:31:08.091436	Speaker	play	None
2017-03-08 12:31:14.096430	Speaker	stop	None
2017-03-08 12:31:14.097272	Hopper	up	None
2017-03-08 12:31:26.100807	Hopper	down	None
2017-03-08 12:31:26.403919	Trial	end	187
2017-03-08 12:31:45.076069	Trial	start	188
2017-03-08 12:31:45.078215	Speaker	play	None
2017-03-08 12:31:46.075680	Speaker	stop	None
2017-03-08 12:31:46.077185	Trial	end	188
2017-03-08 12:31:46.078243	Trial	start	189
2017-03-08 12:31:46.080741	Speaker	play	None
2017-03-08 12:31:52.083849	Speaker	stop	None
2017-03-08 12:31:52.084604	Trial	end	189
2017-03-08 12:31:59.885887	Trial	start	190
2017-03-08 12:31:59.888405	Speaker	play	None
2017-03-08 12:31:59.943400	Speaker	stop	None
2017-03-08 12:31:59.944212	Trial	end	190
2017-03-08 12:31:59.944872	Trial	start	191
2017-03-08 12:31:59.947364	Speaker	play	None
2017-03-08 12:32:01.073777	Speaker	stop	None
2017-03-08 12:32:01.074401	Trial	end	191
2017-03-08 12:32:01.075276	Trial	start	192
2017-03-08 12:32:01.077345	Speaker	play	None
2017-03-08 12:32:07.082094	Speaker	stop	None
2017-03-08 12:32:07.082707	Trial	end	192
2017-03-08 12:32:26.257901	Trial	start	193
2017-03-08 12:32:26.260029	Speaker	play	None
2017-03-08 12:32:27.171301	Speaker	stop	None
2017-03-08 12:32:27.171887	Trial	end	193
2017-03-08 12:32:27.172882	Trial	start	194
2017-03-08 12:32:27.175240	Speaker	play	None
2017-03-08 12:32:28.133787	Speaker	stop	None
2017-03-08 12:32:28.134419	Trial	end	194
2017-03-08 12:32:28.135418	Trial	start	195
2017-03-08 12:32:28.137577	Speaker	play	None
2017-03-08 12:32:34.142197	Speaker	stop	None
2017-03-08 12:32:34.142773	Trial	end	195
2017-03-08 12:32:45.487072	Trial	start	196
2017-03-08 12:32:45.489088	Speaker	play	None
2017-03-08 12:32:51.491388	Speaker	stop	None
2017-03-08 12:32:51.491940	Trial	end	196
2017-03-08 12:32:57.634789	Trial	start	197
2017-03-08 12:32:57.636976	Speaker	play	None
2017-03-08 12:33:03.643177	Speaker	stop	None
2017-03-08 12:33:03.643725	Trial	end	197
2017-03-08 12:33:13.022308	Trial	start	198
2017-03-08 12:33:13.024457	Speaker	play	None
2017-03-08 12:33:14.070781	Speaker	stop	None
2017-03-08 12:33:14.071309	Trial	end	198
2017-03-08 12:33:14.071978	Trial	start	199
2017-03-08 12:33:14.074468	Speaker	play	None
2017-03-08 12:33:20.079133	Speaker	stop	None
2017-03-08 12:33:20.080044	Hopper	up	None
2017-03-08 12:33:32.083489	Hopper	down	None
2017-03-08 12:33:32.386520	Trial	end	199
2017-03-08 12:33:53.901069	Trial	start	200
2017-03-08 12:33:53.903035	Speaker	play	None
2017-03-08 12:33:59.905441	Speaker	stop	None
2017-03-08 12:33:59.906111	Trial	end	200
2017-03-08 12:34:03.751151	Trial	start	201
2017-03-08 12:34:03.753186	Speaker	play	None
2017-03-08 12:34:09.755481	Speaker	stop	None
2017-03-08 12:34:09.756289	Hopper	up	None
2017-03-08 12:34:21.759983	Hopper	down	None
2017-03-08 12:34:22.062869	Trial	end	201
2017-03-08 12:34:47.742708	Trial	start	202
2017-03-08 12:34:47.744907	Speaker	play	None
2017-03-08 12:34:48.754446	Speaker	stop	None
2017-03-08 12:34:48.755036	Trial	end	202
2017-03-08 12:34:48.755702	Trial	start	203
2017-03-08 12:34:48.757745	Speaker	play	None
2017-03-08 12:34:54.762891	Speaker	stop	None
2017-03-08 12:34:54.763493	Trial	end	203
2017-03-08 12:35:03.044176	Trial	start	204
2017-03-08 12:35:03.046324	Speaker	play	None
2017-03-08 12:35:09.052762	Speaker	stop	None
2017-03-08 12:35:09.053300	Trial	end	204
2017-03-08 12:35:15.417266	Trial	start	205
2017-03-08 12:35:15.419412	Speaker	play	None
2017-03-08 12:35:21.425555	Speaker	stop	None
2017-03-08 12:35:21.426121	Trial	end	205
2017-03-08 12:35:45.520422	Trial	start	206
2017-03-08 12:35:45.522691	Speaker	play	None
2017-03-08 12:35:47.023608	Speaker	stop	None
2017-03-08 12:35:47.024195	Trial	end	206
2017-03-08 12:35:47.024908	Trial	start	207
2017-03-08 12:35:47.026933	Speaker	play	None
2017-03-08 12:35:53.031916	Speaker	stop	None
2017-03-08 12:35:53.032559	Trial	end	207
2017-03-08 12:36:03.627301	Trial	start	208
2017-03-08 12:36:03.630156	Speaker	play	None
2017-03-08 12:36:09.635671	Speaker	stop	None
2017-03-08 12:36:09.636189	Trial	end	208
2017-03-08 12:36:27.057624	Trial	start	209
2017-03-08 12:36:27.060130	Speaker	play	None
2017-03-08 12:36:33.066254	Speaker	stop	None
2017-03-08 12:36:33.066952	Trial	end	209
2017-03-08 12:36:40.528060	Trial	start	210
2017-03-08 12:36:40.530431	Speaker	play	None
2017-03-08 12:36:43.095596	Speaker	stop	None
2017-03-08 12:36:43.096137	Trial	end	210
2017-03-08 12:36:43.096759	Trial	start	211
2017-03-08 12:36:43.098825	Speaker	play	None
2017-03-08 12:36:49.103270	Speaker	stop	None
2017-03-08 12:36:49.103886	Trial	end	211
2017-03-08 12:37:38.397289	Trial	start	212
2017-03-08 12:37:38.399196	Speaker	play	None
2017-03-08 12:37:39.703203	Speaker	stop	None
2017-03-08 12:37:39.703742	Trial	end	212
2017-03-08 12:37:39.704468	Trial	start	213
2017-03-08 12:37:39.706583	Speaker	play	None
2017-03-08 12:37:45.712688	Speaker	stop	None
2017-03-08 12:37:45.713263	Trial	end	213
2017-03-08 12:37:56.037115	Trial	start	214
2017-03-08 12:37:56.039315	Speaker	play	None
2017-03-08 12:38:02.044757	Speaker	stop	None
2017-03-08 12:38:02.045540	Hopper	up	None
2017-03-08 12:38:14.046522	Hopper	down	None
2017-03-08 12:38:14.349828	Trial	end	214
2017-03-08 13:24:22.383653	Trial	start	215
2017-03-08 13:24:22.385801	Speaker	play	None
2017-03-08 13:24:24.108213	Speaker	stop	None
2017-03-08 13:24:24.109001	Trial	end	215
2017-03-08 13:24:24.110082	Trial	start	216
2017-03-08 13:24:24.112113	Speaker	play	None
2017-03-08 13:24:24.161335	Speaker	stop	None
2017-03-08 13:24:24.161892	Trial	end	216
2017-03-08 13:24:24.162483	Trial	start	217
2017-03-08 13:24:24.164275	Speaker	play	None
2017-03-08 13:24:30.170015	Speaker	stop	None
2017-03-08 13:24:30.171039	Hopper	up	None
2017-03-08 13:24:42.174855	Hopper	down	None
2017-03-08 13:24:42.477993	Trial	end	217
2017-03-08 13:25:12.885560	Trial	start	218
2017-03-08 13:25:12.887958	Speaker	play	None
2017-03-08 13:25:18.894139	Speaker	stop	None
2017-03-08 13:25:18.894772	Trial	end	218
2017-03-08 13:25:26.041285	Trial	start	219
2017-03-08 13:25:26.043379	Speaker	play	None
2017-03-08 13:25:26.094594	Speaker	stop	None
2017-03-08 13:25:26.095155	Trial	end	219
2017-03-08 13:25:26.095787	Trial	start	220
2017-03-08 13:25:26.097571	Speaker	play	None
2017-03-08 13:25:32.103149	Speaker	stop	None
2017-03-08 13:25:32.103722	Trial	end	220
2017-03-08 13:25:56.788658	Trial	start	221
2017-03-08 13:25:56.791212	Speaker	play	None
2017-03-08 13:26:02.797161	Speaker	stop	None
2017-03-08 13:26:02.797774	Trial	end	221
2017-03-08 13:26:21.243504	Trial	start	222
2017-03-08 13:26:21.245482	Speaker	play	None
2017-03-08 13:26:22.088019	Speaker	stop	None
2017-03-08 13:26:22.088575	Trial	end	222
2017-03-08 13:26:22.089217	Trial	start	223
2017-03-08 13:26:22.091202	Speaker	play	None
2017-03-08 13:26:22.141183	Speaker	stop	None
2017-03-08 13:26:22.141714	Trial	end	223
2017-03-08 13:26:22.142699	Trial	start	224
2017-03-08 13:26:22.144689	Speaker	play	None
2017-03-08 13:26:28.149968	Speaker	stop	None
2017-03-08 13:26:28.150603	Trial	end	224
2017-03-08 13:26:35.859471	Trial	start	225
2017-03-08 13:26:35.861646	Speaker	play	None
2017-03-08 13:26:35.912744	Speaker	stop	None
2017-03-08 13:26:35.913253	Trial	end	225
2017-03-08 13:26:35.914043	Trial	start	226
2017-03-08 13:26:35.915972	Speaker	play	None
2017-03-08 13:26:41.921166	Speaker	stop	None
2017-03-08 13:26:41.921781	Trial	end	226
2017-03-08 13:26:50.388340	Trial	start	227
2017-03-08 13:26:50.390695	Speaker	play	None
2017-03-08 13:26:56.396361	Speaker	stop	None
2017-03-08 13:26:56.396908	Trial	end	227
2017-03-08 13:27:03.051698	Trial	start	228
2017-03-08 13:27:03.053847	Speaker	play	None
2017-03-08 13:27:04.006585	Speaker	stop	None
2017-03-08 13:27:04.007191	Trial	end	228
2017-03-08 13:27:04.007924	Trial	start	229
2017-03-08 13:27:04.009928	Speaker	play	None
2017-03-08 13:27:04.059877	Speaker	stop	None
2017-03-08 13:27:04.060460	Trial	end	229
2017-03-08 13:27:04.061242	Trial	start	230
2017-03-08 13:27:04.063134	Speaker	play	None
2017-03-08 13:27:10.067607	Speaker	stop	None
2017-03-08 13:27:10.068430	Trial	end	230
2017-03-08 13:51:43.057731	Trial	start	231
2017-03-08 13:51:43.062151	Speaker	play	None
2017-03-08 13:51:43.110981	Speaker	stop	None
2017-03-08 13:51:43.111503	Trial	end	231
2017-03-08 13:51:43.112236	Trial	start	232
2017-03-08 13:51:43.114591	Speaker	play	None
2017-03-08 13:51:44.163539	Speaker	stop	None
2017-03-08 13:51:44.164049	Trial	end	232
2017-03-08 13:51:44.164857	Trial	start	233
2017-03-08 13:51:44.167399	Speaker	play	None
2017-03-08 13:51:44.216813	Speaker	stop	None
2017-03-08 13:51:44.217558	Trial	end	233
2017-03-08 13:51:44.218271	Trial	start	234
2017-03-08 13:51:44.220802	Speaker	play	None
2017-03-08 13:51:45.535564	Speaker	stop	None
2017-03-08 13:51:45.536127	Trial	end	234
2017-03-08 13:51:45.537000	Trial	start	235
2017-03-08 13:51:45.538810	Speaker	play	None
2017-03-08 13:51:51.543788	Speaker	stop	None
2017-03-08 13:51:51.544496	Trial	end	235
2017-03-08 13:52:02.708197	Trial	start	236
2017-03-08 13:52:02.710600	Speaker	play	None
2017-03-08 13:52:08.716464	Speaker	stop	None
2017-03-08 13:52:08.716958	Trial	end	236
2017-03-08 13:52:14.204432	Trial	start	237
2017-03-08 13:52:14.206573	Speaker	play	None
2017-03-08 13:52:20.212748	Speaker	stop	None
2017-03-08 13:52:20.213323	Trial	end	237
2017-03-08 13:52:32.208536	Trial	start	238
2017-03-08 13:52:32.210449	Speaker	play	None
2017-03-08 13:52:38.216797	Speaker	stop	None
2017-03-08 13:52:38.217284	Trial	end	238
2017-03-08 13:52:45.531416	Trial	start	239
2017-03-08 13:52:45.533466	Speaker	play	None
2017-03-08 13:52:45.584740	Speaker	stop	None
2017-03-08 13:52:45.585262	Trial	end	239
2017-03-08 13:52:45.585941	Trial	start	240
2017-03-08 13:52:45.587849	Speaker	play	None
2017-03-08 13:52:51.592993	Speaker	stop	None
2017-03-08 13:52:51.593515	Trial	end	240
2017-03-08 13:52:58.608582	Trial	start	241
2017-03-08 13:52:58.611321	Speaker	play	None
2017-03-08 13:52:59.534260	Speaker	stop	None
2017-03-08 13:52:59.534812	Trial	end	241
2017-03-08 13:52:59.535495	Trial	start	242
2017-03-08 13:52:59.538269	Speaker	play	None
2017-03-08 13:52:59.587500	Speaker	stop	None
2017-03-08 13:52:59.588221	Trial	end	242
2017-03-08 13:52:59.589159	Trial	start	243
2017-03-08 13:52:59.591190	Speaker	play	None
2017-03-08 13:53:05.595714	Speaker	stop	None
2017-03-08 13:53:05.596303	Trial	end	243
2017-03-08 13:53:39.859153	Trial	start	244
2017-03-08 13:53:39.861158	Speaker	play	None
2017-03-08 13:53:45.867515	Speaker	stop	None
2017-03-08 13:53:45.868132	Trial	end	244
2017-03-08 13:53:53.632523	Trial	start	245
2017-03-08 13:53:53.634533	Speaker	play	None
2017-03-08 13:53:59.640825	Speaker	stop	None
2017-03-08 13:53:59.641355	Trial	end	245
2017-03-08 13:54:05.173906	Trial	start	246
2017-03-08 13:54:05.175811	Speaker	play	None
2017-03-08 13:54:06.136442	Speaker	stop	None
2017-03-08 13:54:06.137016	Trial	end	246
2017-03-08 13:54:06.137658	Trial	start	247
2017-03-08 13:54:06.139615	Speaker	play	None
2017-03-08 13:54:12.144837	Speaker	stop	None
2017-03-08 13:54:12.147182	Trial	end	247
2017-03-08 13:54:31.356913	Trial	start	248
2017-03-08 13:54:31.359040	Speaker	play	None
2017-03-08 13:54:37.365130	Speaker	stop	None
2017-03-08 13:54:37.365711	Trial	end	248
2017-03-08 13:54:45.220405	Trial	start	249
2017-03-08 13:54:45.222353	Speaker	play	None
2017-03-08 13:54:45.277800	Speaker	stop	None
2017-03-08 13:54:45.278358	Trial	end	249
2017-03-08 13:54:45.279055	Trial	start	250
2017-03-08 13:54:45.281046	Speaker	play	None
2017-03-08 13:54:51.286047	Speaker	stop	None
2017-03-08 13:54:51.287187	Hopper	up	None
2017-03-08 13:55:03.290145	Hopper	down	None
2017-03-08 13:55:03.593132	Trial	end	250
2017-03-08 13:55:44.749592	Trial	start	251
2017-03-08 13:55:44.751873	Speaker	play	None
2017-03-08 13:55:50.757992	Speaker	stop	None
2017-03-08 13:55:50.758572	Trial	end	251
2017-03-08 13:55:55.074574	Trial	start	252
2017-03-08 13:55:55.078628	Speaker	play	None
2017-03-08 13:55:55.123733	Speaker	stop	None
2017-03-08 13:55:55.124211	Trial	end	252
2017-03-08 13:55:55.124950	Trial	start	253
2017-03-08 13:55:55.126977	Speaker	play	None
2017-03-08 13:56:01.131893	Speaker	stop	None
2017-03-08 13:56:01.132495	Trial	end	253
2017-03-08 13:56:06.959860	Trial	start	254
2017-03-08 13:56:06.961815	Speaker	play	None
2017-03-08 13:56:12.968130	Speaker	stop	None
2017-03-08 13:56:12.968755	Trial	end	254
2017-03-08 13:56:17.874599	Trial	start	255
2017-03-08 13:56:17.876808	Speaker	play	None
2017-03-08 13:56:18.161337	Speaker	stop	None
2017-03-08 13:56:18.161842	Trial	end	255
2017-03-08 13:56:18.162460	Trial	start	256
2017-03-08 13:56:18.164311	Speaker	play	None
2017-03-08 13:56:24.169626	Speaker	stop	None
2017-03-08 13:56:24.170240	Trial	end	256
2017-03-08 13:56:30.050775	Trial	start	257
2017-03-08 13:56:30.053057	Speaker	play	None
2017-03-08 13:56:36.059053	Speaker	stop	None
2017-03-08 13:56:36.059955	Trial	end	257
2017-03-08 13:56:40.670571	Trial	start	258
2017-03-08 13:56:40.672721	Speaker	play	None
2017-03-08 13:56:46.678967	Speaker	stop	None
2017-03-08 13:56:46.679859	Trial	end	258
2017-03-08 13:56:51.118347	Trial	start	259
2017-03-08 13:56:51.120371	Speaker	play	None
2017-03-08 13:56:57.126638	Speaker	stop	None
2017-03-08 13:56:57.127461	Hopper	up	None
2017-03-08 13:57:09.130698	Hopper	down	None
2017-03-08 13:57:09.433788	Trial	end	259
2017-03-08 13:57:24.243439	Trial	start	260
2017-03-08 13:57:24.245904	Speaker	play	None
2017-03-08 13:57:24.292588	Speaker	stop	None
2017-03-08 13:57:24.293122	Trial	end	260
2017-03-08 13:57:24.293752	Trial	start	261
2017-03-08 13:57:24.295618	Speaker	play	None
2017-03-08 13:57:25.083072	Speaker	stop	None
2017-03-08 13:57:25.083679	Trial	end	261
2017-03-08 13:57:25.084306	Trial	start	262
2017-03-08 13:57:25.086328	Speaker	play	None
2017-03-08 13:57:25.132216	Speaker	stop	None
2017-03-08 13:57:25.132795	Trial	end	262
2017-03-08 13:57:25.133513	Trial	start	263
2017-03-08 13:57:25.135531	Speaker	play	None
2017-03-08 13:57:31.140462	Speaker	stop	None
2017-03-08 13:57:31.140989	Trial	end	263
2017-03-08 13:57:39.130817	Trial	start	264
2017-03-08 13:57:39.132776	Speaker	play	None
2017-03-08 13:57:45.139079	Speaker	stop	None
2017-03-08 13:57:45.139623	Trial	end	264
2017-03-08 13:57:50.225759	Trial	start	265
2017-03-08 13:57:50.228054	Speaker	play	None
2017-03-08 13:57:56.234037	Speaker	stop	None
2017-03-08 13:57:56.234837	Hopper	up	None
2017-03-08 13:58:08.238059	Hopper	down	None
2017-03-08 13:58:08.541175	Trial	end	265
2017-03-08 13:58:42.411557	Trial	start	266
2017-03-08 13:58:42.413613	Speaker	play	None
2017-03-08 13:58:42.460816	Speaker	stop	None
2017-03-08 13:58:42.461304	Trial	end	266
2017-03-08 13:58:42.462074	Trial	start	267
2017-03-08 13:58:42.464087	Speaker	play	None
2017-03-08 13:58:42.755711	Speaker	stop	None
2017-03-08 13:58:42.756252	Trial	end	267
2017-03-08 13:58:42.756871	Trial	start	268
2017-03-08 13:58:42.758724	Speaker	play	None
2017-03-08 13:58:43.763209	Speaker	stop	None
2017-03-08 13:58:43.763808	Trial	end	268
2017-03-08 13:58:43.764433	Trial	start	269
2017-03-08 13:58:43.766527	Speaker	play	None
2017-03-08 13:58:43.816414	Speaker	stop	None
2017-03-08 13:58:43.816974	Trial	end	269
2017-03-08 13:58:43.817803	Trial	start	270
2017-03-08 13:58:43.819913	Speaker	play	None
2017-03-08 13:58:49.824645	Speaker	stop	None
2017-03-08 13:58:49.825191	Trial	end	270
2017-03-08 13:58:53.584331	Trial	start	271
2017-03-08 13:58:53.586581	Speaker	play	None
2017-03-08 13:58:54.399473	Speaker	stop	None
2017-03-08 13:58:54.400063	Trial	end	271
2017-03-08 13:58:54.401078	Trial	start	272
2017-03-08 13:58:54.403340	Speaker	play	None
2017-03-08 13:58:54.452862	Speaker	stop	None
2017-03-08 13:58:54.453468	Trial	end	272
2017-03-08 13:58:54.454180	Trial	start	273
2017-03-08 13:58:54.456119	Speaker	play	None
2017-03-08 13:59:00.460894	Speaker	stop	None
2017-03-08 13:59:00.462115	Hopper	up	None
2017-03-08 13:59:12.465028	Hopper	down	None
2017-03-08 13:59:12.768031	Trial	end	273
2017-03-08 13:59:28.789946	Trial	start	274
2017-03-08 13:59:28.792042	Speaker	play	None
2017-03-08 13:59:29.814031	Speaker	stop	None
2017-03-08 13:59:29.814629	Trial	end	274
2017-03-08 13:59:29.815331	Trial	start	275
2017-03-08 13:59:29.817339	Speaker	play	None
2017-03-08 13:59:35.822141	Speaker	stop	None
2017-03-08 13:59:35.822792	Trial	end	275
2017-03-08 13:59:41.330577	Trial	start	276
2017-03-08 13:59:41.332693	Speaker	play	None
2017-03-08 13:59:42.305472	Speaker	stop	None
2017-03-08 13:59:42.306320	Trial	end	276
2017-03-08 13:59:42.307065	Trial	start	277
2017-03-08 13:59:42.308944	Speaker	play	None
2017-03-08 13:59:48.313646	Speaker	stop	None
2017-03-08 13:59:48.314472	Hopper	up	None
2017-03-08 14:00:00.317726	Hopper	down	None
2017-03-08 14:00:00.620734	Trial	end	277
2017-03-08 14:00:35.168179	Trial	start	278
2017-03-08 14:00:35.170297	Speaker	play	None
2017-03-08 14:00:35.995790	Speaker	stop	None
2017-03-08 14:00:35.996327	Trial	end	278
2017-03-08 14:00:35.997002	Trial	start	279
2017-03-08 14:00:35.999126	Speaker	play	None
2017-03-08 14:00:42.001530	Speaker	stop	None
2017-03-08 14:00:42.002125	Trial	end	279
2017-03-08 14:00:54.373358	Trial	start	280
2017-03-08 14:00:54.378395	Speaker	play	None
2017-03-08 14:01:00.383050	Speaker	stop	None
2017-03-08 14:01:00.383639	Trial	end	280
2017-03-08 14:01:09.370867	Trial	start	281
2017-03-08 14:01:09.373115	Speaker	play	None
2017-03-08 14:01:15.376489	Speaker	stop	None
2017-03-08 14:01:15.377015	Trial	end	281
2017-03-08 14:01:20.349618	Trial	start	282
2017-03-08 14:01:20.352311	Speaker	play	None
2017-03-08 14:01:26.355233	Speaker	stop	None
2017-03-08 14:01:26.355800	Trial	end	282
2017-03-08 14:01:35.867139	Trial	start	283
2017-03-08 14:01:35.869313	Speaker	play	None
2017-03-08 14:01:41.872734	Speaker	stop	None
2017-03-08 14:01:41.873256	Trial	end	283
2017-03-08 14:01:55.177849	Trial	start	284
2017-03-08 14:01:55.180055	Speaker	play	None
2017-03-08 14:01:56.521591	Speaker	stop	None
2017-03-08 14:01:56.522184	Trial	end	284
2017-03-08 14:01:56.522810	Trial	start	285
2017-03-08 14:01:56.524704	Speaker	play	None
2017-03-08 14:02:02.530947	Speaker	stop	None
2017-03-08 14:02:02.531491	Trial	end	285
2017-03-08 14:02:09.670906	Trial	start	286
2017-03-08 14:02:09.672951	Speaker	play	None
2017-03-08 14:02:15.676234	Speaker	stop	None
2017-03-08 14:02:15.676774	Trial	end	286
2017-03-08 14:02:19.875046	Trial	start	287
2017-03-08 14:02:19.877460	Speaker	play	None
2017-03-08 14:02:25.880274	Speaker	stop	None
2017-03-08 14:02:25.881032	Trial	end	287
2017-03-08 14:02:30.877780	Trial	start	288
2017-03-08 14:02:30.880189	Speaker	play	None
2017-03-08 14:02:30.935227	Speaker	stop	None
2017-03-08 14:02:30.935800	Trial	end	288
2017-03-08 14:02:30.936593	Trial	start	289
2017-03-08 14:02:30.938625	Speaker	play	None
2017-03-08 14:02:36.944488	Speaker	stop	None
2017-03-08 14:02:36.945031	Trial	end	289
2017-03-08 14:02:51.752528	Trial	start	290
2017-03-08 14:02:51.755054	Speaker	play	None
2017-03-08 14:02:57.761789	Speaker	stop	None
2017-03-08 14:02:57.762364	Trial	end	290
2017-03-08 14:03:02.992684	Trial	start	291
2017-03-08 14:03:02.994567	Speaker	play	None
2017-03-08 14:03:05.114617	Speaker	stop	None
2017-03-08 14:03:05.115150	Trial	end	291
2017-03-08 14:03:05.115803	Trial	start	292
2017-03-08 14:03:05.117844	Speaker	play	None
2017-03-08 14:03:11.123944	Speaker	stop	None
2017-03-08 14:03:11.124550	Trial	end	292
2017-03-08 14:03:33.161413	Trial	start	293
2017-03-08 14:03:33.163887	Speaker	play	None
2017-03-08 14:03:34.124055	Speaker	stop	None
2017-03-08 14:03:34.124581	Trial	end	293
2017-03-08 14:03:34.125653	Trial	start	294
2017-03-08 14:03:34.130719	Speaker	play	None
2017-03-08 14:03:40.137322	Speaker	stop	None
2017-03-08 14:03:40.137844	Trial	end	294
2017-03-08 14:03:46.551794	Trial	start	295
2017-03-08 14:03:46.555307	Speaker	play	None
2017-03-08 14:03:46.941018	Speaker	stop	None
2017-03-08 14:03:46.941619	Trial	end	295
2017-03-08 14:03:46.942225	Trial	start	296
2017-03-08 14:03:46.944508	Speaker	play	None
2017-03-08 14:03:52.950049	Speaker	stop	None
2017-03-08 14:03:52.950624	Trial	end	296
2017-03-08 14:03:57.537702	Trial	start	297
2017-03-08 14:03:57.539657	Speaker	play	None
2017-03-08 14:04:03.542696	Speaker	stop	None
2017-03-08 14:04:03.543529	Hopper	up	None
2017-03-08 14:04:15.544341	Hopper	down	None
2017-03-08 14:04:15.847441	Trial	end	297
2017-03-08 14:04:51.487554	Trial	start	298
2017-03-08 14:04:51.489724	Speaker	play	None
2017-03-08 14:04:57.492431	Speaker	stop	None
2017-03-08 14:04:57.492983	Trial	end	298
2017-03-08 14:05:10.267979	Trial	start	299
2017-03-08 14:05:10.269983	Speaker	play	None
2017-03-08 14:05:16.272868	Speaker	stop	None
2017-03-08 14:05:16.273494	Trial	end	299
2017-03-08 14:05:21.323297	Trial	start	300
2017-03-08 14:05:21.325543	Speaker	play	None
2017-03-08 14:05:27.328003	Speaker	stop	None
2017-03-08 14:05:27.328618	Trial	end	300
2017-03-08 14:05:33.115604	Trial	start	301
2017-03-08 14:05:33.118553	Speaker	play	None
2017-03-08 14:05:39.124534	Speaker	stop	None
2017-03-08 14:05:39.125058	Trial	end	301
2017-03-08 14:05:43.625979	Trial	start	302
2017-03-08 14:05:43.628062	Speaker	play	None
2017-03-08 14:05:44.015248	Speaker	stop	None
2017-03-08 14:05:44.016085	Trial	end	302
2017-03-08 14:05:44.016863	Trial	start	303
2017-03-08 14:05:44.018676	Speaker	play	None
2017-03-08 14:05:50.023990	Speaker	stop	None
2017-03-08 14:05:50.024890	Hopper	up	None
2017-03-08 14:06:02.025325	Hopper	down	None
2017-03-08 14:06:02.328251	Trial	end	303
2017-03-08 14:06:30.561768	Trial	start	304
2017-03-08 14:06:30.564046	Speaker	play	None
2017-03-08 14:06:36.566542	Speaker	stop	None
2017-03-08 14:06:36.567114	Trial	end	304
2017-03-08 14:06:42.214833	Trial	start	305
2017-03-08 14:06:42.217097	Speaker	play	None
2017-03-08 14:06:42.268064	Speaker	stop	None
2017-03-08 14:06:42.268633	Trial	end	305
2017-03-08 14:06:42.269279	Trial	start	306
2017-03-08 14:06:42.271319	Speaker	play	None
2017-03-08 14:06:48.276837	Speaker	stop	None
2017-03-08 14:06:48.277391	Trial	end	306
2017-03-08 14:06:53.343457	Trial	start	307
2017-03-08 14:06:53.345766	Speaker	play	None
2017-03-08 14:06:59.352184	Speaker	stop	None
2017-03-08 14:06:59.352787	Trial	end	307
2017-03-08 14:07:07.445678	Trial	start	308
2017-03-08 14:07:07.447789	Speaker	play	None
2017-03-08 14:07:07.499016	Speaker	stop	None
2017-03-08 14:07:07.499498	Trial	end	308
2017-03-08 14:07:07.500174	Trial	start	309
2017-03-08 14:07:07.502382	Speaker	play	None
2017-03-08 14:07:13.507715	Speaker	stop	None
2017-03-08 14:07:13.508273	Trial	end	309
2017-03-08 14:07:18.840536	Trial	start	310
2017-03-08 14:07:18.843056	Speaker	play	None
2017-03-08 14:07:19.655689	Speaker	stop	None
2017-03-08 14:07:19.656263	Trial	end	310
2017-03-08 14:07:19.656875	Trial	start	311
2017-03-08 14:07:19.659290	Speaker	play	None
2017-03-08 14:07:25.664387	Speaker	stop	None
2017-03-08 14:07:25.664901	Trial	end	311
2017-03-08 14:07:35.985965	Trial	start	312
2017-03-08 14:07:35.988105	Speaker	play	None
2017-03-08 14:07:41.990671	Speaker	stop	None
2017-03-08 14:07:41.991279	Trial	end	312
2017-03-08 14:07:49.895649	Trial	start	313
2017-03-08 14:07:49.897846	Speaker	play	None
2017-03-08 14:07:51.145026	Speaker	stop	None
2017-03-08 14:07:51.145554	Trial	end	313
2017-03-08 14:07:51.146155	Trial	start	314
2017-03-08 14:07:51.147993	Speaker	play	None
2017-03-08 14:07:57.153645	Speaker	stop	None
2017-03-08 14:07:57.154202	Trial	end	314
2017-03-08 14:08:06.373421	Trial	start	315
2017-03-08 14:08:06.375485	Speaker	play	None
2017-03-08 14:08:12.378037	Speaker	stop	None
2017-03-08 14:08:12.378623	Trial	end	315
2017-03-08 14:08:16.764622	Trial	start	316
2017-03-08 14:08:16.766784	Speaker	play	None
2017-03-08 14:08:17.501941	Speaker	stop	None
2017-03-08 14:08:17.502562	Trial	end	316
2017-03-08 14:08:17.503180	Trial	start	317
2017-03-08 14:08:17.505306	Speaker	play	None
2017-03-08 14:08:23.510594	Speaker	stop	None
2017-03-08 14:08:23.512195	Hopper	up	None
2017-03-08 14:08:35.515479	Hopper	down	None
2017-03-08 14:08:35.818617	Trial	end	317
2017-03-08 14:09:00.938470	Trial	start	318
2017-03-08 14:09:00.940485	Speaker	play	None
2017-03-08 14:09:00.991782	Speaker	stop	None
2017-03-08 14:09:00.992552	Trial	end	318
2017-03-08 14:09:00.993342	Trial	start	319
2017-03-08 14:09:00.995443	Speaker	play	None
2017-03-08 14:09:07.000394	Speaker	stop	None
2017-03-08 14:09:07.001198	Hopper	up	None
2017-03-08 14:09:19.005231	Hopper	down	None
2017-03-08 14:09:19.308301	Trial	end	319
2017-03-08 15:26:36.806546	Trial	start	320
2017-03-08 15:26:36.808758	Speaker	play	None
2017-03-08 15:26:42.813426	Speaker	stop	None
2017-03-08 15:26:42.814160	Hopper	up	None
2017-03-08 15:26:54.814807	Hopper	down	None
2017-03-08 15:26:55.117780	Trial	end	320
2017-03-08 15:27:47.374842	Trial	start	321
2017-03-08 15:27:47.377626	Speaker	play	None
2017-03-08 15:27:53.381835	Speaker	stop	None
2017-03-08 15:27:53.382412	Trial	end	321
2017-03-08 15:27:58.287340	Trial	start	322
2017-03-08 15:27:58.290008	Speaker	play	None
2017-03-08 15:27:58.344942	Speaker	stop	None
2017-03-08 15:27:58.345668	Trial	end	322
2017-03-08 15:27:58.346418	Trial	start	323
2017-03-08 15:27:58.348399	Speaker	play	None
2017-03-08 15:28:04.351828	Speaker	stop	None
2017-03-08 15:28:04.352435	Trial	end	323
2017-03-08 15:28:08.290947	Trial	start	324
2017-03-08 15:28:08.293333	Speaker	play	None
2017-03-08 15:28:14.298096	Speaker	stop	None
2017-03-08 15:28:14.298698	Trial	end	324
2017-03-08 15:28:18.093936	Trial	start	325
2017-03-08 15:28:18.095784	Speaker	play	None
2017-03-08 15:28:24.101189	Speaker	stop	None
2017-03-08 15:28:24.101810	Trial	end	325
2017-03-08 15:28:29.342497	Trial	start	326
2017-03-08 15:28:29.344514	Speaker	play	None
2017-03-08 15:28:29.391705	Speaker	stop	None
2017-03-08 15:28:29.392271	Trial	end	326
2017-03-08 15:28:29.392857	Trial	start	327
2017-03-08 15:28:29.394597	Speaker	play	None
2017-03-08 15:28:35.398920	Speaker	stop	None
2017-03-08 15:28:35.399506	Trial	end	327
2017-03-08 15:28:40.910440	Trial	start	328
2017-03-08 15:28:40.912354	Speaker	play	None
2017-03-08 15:28:46.917664	Speaker	stop	None
2017-03-08 15:28:46.918179	Trial	end	328
2017-03-08 15:28:53.276988	Trial	start	329
2017-03-08 15:28:53.279656	Speaker	play	None
2017-03-08 15:28:53.330365	Speaker	stop	None
2017-03-08 15:28:53.330873	Trial	end	329
2017-03-08 15:28:53.331719	Trial	start	330
2017-03-08 15:28:53.333760	Speaker	play	None
2017-03-08 15:28:59.337521	Speaker	stop	None
2017-03-08 15:28:59.338084	Trial	end	330
2017-03-08 15:29:06.691877	Trial	start	331
2017-03-08 15:29:06.693933	Speaker	play	None
2017-03-08 15:29:06.741165	Speaker	stop	None
2017-03-08 15:29:06.741877	Trial	end	331
2017-03-08 15:29:06.742484	Trial	start	332
2017-03-08 15:29:06.744397	Speaker	play	None
2017-03-08 15:29:12.748311	Speaker	stop	None
2017-03-08 15:29:12.749029	Hopper	up	None
2017-03-08 15:29:24.750464	Hopper	down	None
2017-03-08 15:29:25.053477	Trial	end	332
2017-03-08 15:30:01.076861	Trial	start	333
2017-03-08 15:30:01.078922	Speaker	play	None
2017-03-08 15:30:07.084382	Speaker	stop	None
2017-03-08 15:30:07.085008	Trial	end	333
2017-03-08 15:30:11.302160	Trial	start	334
2017-03-08 15:30:11.304708	Speaker	play	None
2017-03-08 15:30:17.309555	Speaker	stop	None
2017-03-08 15:30:17.310200	Trial	end	334
2017-03-08 15:30:25.393028	Trial	start	335
2017-03-08 15:30:25.395189	Speaker	play	None
2017-03-08 15:30:31.400498	Speaker	stop	None
2017-03-08 15:30:31.401129	Trial	end	335
2017-03-08 15:30:35.569241	Trial	start	336
2017-03-08 15:30:35.571450	Speaker	play	None
2017-03-08 15:30:41.576649	Speaker	stop	None
2017-03-08 15:30:41.577229	Trial	end	336
2017-03-08 15:30:44.545485	Trial	start	337
2017-03-08 15:30:44.547602	Speaker	play	None
2017-03-08 15:30:44.598834	Speaker	stop	None
2017-03-08 15:30:44.599366	Trial	end	337
2017-03-08 15:30:44.600183	Trial	start	338
2017-03-08 15:30:44.602129	Speaker	play	None
2017-03-08 15:30:50.606229	Speaker	stop	None
2017-03-08 15:30:50.606771	Trial	end	338
2017-03-08 15:30:53.079633	Trial	start	339
2017-03-08 15:30:53.081705	Speaker	play	None
2017-03-08 15:30:59.087139	Speaker	stop	None
2017-03-08 15:30:59.087733	Trial	end	339
2017-03-08 15:31:04.541653	Trial	start	340
2017-03-08 15:31:04.543600	Speaker	play	None
2017-03-08 15:31:10.549348	Speaker	stop	None
2017-03-08 15:31:10.550345	Trial	end	340
2017-03-08 15:31:18.980908	Trial	start	341
2017-03-08 15:31:18.983300	Speaker	play	None
2017-03-08 15:31:24.988512	Speaker	stop	None
2017-03-08 15:31:24.989079	Trial	end	341
2017-03-08 15:31:29.087675	Trial	start	342
2017-03-08 15:31:29.091259	Speaker	play	None
2017-03-08 15:31:35.095208	Speaker	stop	None
2017-03-08 15:31:35.096107	Hopper	up	None
2017-03-08 15:31:47.097929	Hopper	down	None
2017-03-08 15:31:47.400906	Trial	end	342
2017-03-08 15:32:17.291403	Trial	start	343
2017-03-08 15:32:17.294182	Speaker	play	None
2017-03-08 15:32:18.499557	Speaker	stop	None
2017-03-08 15:32:18.500140	Trial	end	343
2017-03-08 15:32:18.500821	Trial	start	344
2017-03-08 15:32:18.503286	Speaker	play	None
2017-03-08 15:32:18.548702	Speaker	stop	None
2017-03-08 15:32:18.549548	Trial	end	344
2017-03-08 15:32:18.550403	Trial	start	345
2017-03-08 15:32:18.552700	Speaker	play	None
2017-03-08 15:32:24.556233	Speaker	stop	None
2017-03-08 15:32:24.556787	Trial	end	345
2017-03-08 15:58:31.439342	Trial	start	346
2017-03-08 15:58:31.445732	Speaker	play	None
2017-03-08 15:58:31.496660	Speaker	stop	None
2017-03-08 15:58:31.497190	Trial	end	346
2017-03-08 15:58:31.497853	Trial	start	347
2017-03-08 15:58:31.499938	Speaker	play	None
2017-03-08 15:58:37.504936	Speaker	stop	None
2017-03-08 15:58:37.505494	Trial	end	347
2017-03-08 15:58:43.107755	Trial	start	348
2017-03-08 15:58:43.110064	Speaker	play	None
2017-03-08 15:58:43.738568	Speaker	stop	None
2017-03-08 15:58:43.739169	Trial	end	348
2017-03-08 15:58:43.739769	Trial	start	349
2017-03-08 15:58:43.741630	Speaker	play	None
2017-03-08 15:58:43.791828	Speaker	stop	None
2017-03-08 15:58:43.792484	Trial	end	349
2017-03-08 15:58:43.793298	Trial	start	350
2017-03-08 15:58:43.795686	Speaker	play	None
2017-03-08 15:58:49.800144	Speaker	stop	None
2017-03-08 15:58:49.800775	Trial	end	350
2017-03-08 15:58:58.425575	Trial	start	351
2017-03-08 15:58:58.427987	Speaker	play	None
2017-03-08 15:58:58.478877	Speaker	stop	None
2017-03-08 15:58:58.479422	Trial	end	351
2017-03-08 15:58:58.480240	Trial	start	352
2017-03-08 15:58:58.482724	Speaker	play	None
2017-03-08 15:59:04.487197	Speaker	stop	None
2017-03-08 15:59:04.487794	Trial	end	352
2017-03-08 15:59:08.586891	Trial	start	353
2017-03-08 15:59:08.588852	Speaker	play	None
2017-03-08 15:59:08.640225	Speaker	stop	None
2017-03-08 15:59:08.640745	Trial	end	353
2017-03-08 15:59:08.641566	Trial	start	354
2017-03-08 15:59:08.643972	Speaker	play	None
2017-03-08 15:59:14.648555	Speaker	stop	None
2017-03-08 15:59:14.649130	Trial	end	354
2017-03-08 15:59:19.571571	Trial	start	355
2017-03-08 15:59:19.573702	Speaker	play	None
2017-03-08 15:59:20.661017	Speaker	stop	None
2017-03-08 15:59:20.661651	Trial	end	355
2017-03-08 15:59:20.662401	Trial	start	356
2017-03-08 15:59:20.664678	Speaker	play	None
2017-03-08 15:59:20.714340	Speaker	stop	None
2017-03-08 15:59:20.715004	Trial	end	356
2017-03-08 15:59:20.715759	Trial	start	357
2017-03-08 15:59:20.718814	Speaker	play	None
2017-03-08 15:59:26.722535	Speaker	stop	None
2017-03-08 15:59:26.723082	Trial	end	357
2017-03-08 15:59:31.948622	Trial	start	358
2017-03-08 15:59:31.950573	Speaker	play	None
2017-03-08 15:59:32.001905	Speaker	stop	None
2017-03-08 15:59:32.002499	Trial	end	358
2017-03-08 15:59:32.003507	Trial	start	359
2017-03-08 15:59:32.005970	Speaker	play	None
2017-03-08 15:59:38.010264	Speaker	stop	None
2017-03-08 15:59:38.011147	Trial	end	359
2017-03-08 15:59:42.372096	Trial	start	360
2017-03-08 15:59:42.375697	Speaker	play	None
2017-03-08 15:59:42.425489	Speaker	stop	None
2017-03-08 15:59:42.426274	Trial	end	360
2017-03-08 15:59:42.427109	Trial	start	361
2017-03-08 15:59:42.430134	Speaker	play	None
2017-03-08 15:59:48.434156	Speaker	stop	None
2017-03-08 15:59:48.434739	Trial	end	361
2017-03-08 15:59:53.345699	Trial	start	362
2017-03-08 15:59:53.350030	Speaker	play	None
2017-03-08 15:59:53.927482	Speaker	stop	None
2017-03-08 15:59:53.928098	Trial	end	362
2017-03-08 15:59:53.928749	Trial	start	363
2017-03-08 15:59:53.930731	Speaker	play	None
2017-03-08 15:59:53.980702	Speaker	stop	None
2017-03-08 15:59:53.981223	Trial	end	363
2017-03-08 15:59:53.981837	Trial	start	364
2017-03-08 15:59:53.983566	Speaker	play	None
2017-03-08 15:59:59.986056	Speaker	stop	None
2017-03-08 15:59:59.986751	Trial	end	364
2017-03-08 16:00:04.438820	Trial	start	365
2017-03-08 16:00:04.441580	Speaker	play	None
2017-03-08 16:00:10.444015	Speaker	stop	None
2017-03-08 16:00:10.444570	Trial	end	365
2017-03-08 16:00:15.433325	Trial	start	366
2017-03-08 16:00:15.435395	Speaker	play	None
2017-03-08 16:00:15.486686	Speaker	stop	None
2017-03-08 16:00:15.487264	Trial	end	366
2017-03-08 16:00:15.489738	Trial	start	367
2017-03-08 16:00:15.494012	Speaker	play	None
2017-03-08 16:00:21.500083	Speaker	stop	None
2017-03-08 16:00:21.500842	Trial	end	367
2017-03-08 16:00:33.793183	Trial	start	368
2017-03-08 16:00:33.795236	Speaker	play	None
2017-03-08 16:00:39.798430	Speaker	stop	None
2017-03-08 16:00:39.799023	Trial	end	368
2017-03-08 16:00:44.927047	Trial	start	369
2017-03-08 16:00:44.929194	Speaker	play	None
2017-03-08 16:00:50.932310	Speaker	stop	None
2017-03-08 16:00:50.933223	Hopper	up	None
2017-03-08 16:01:02.934375	Hopper	down	None
2017-03-08 16:01:03.237604	Trial	end	369
2017-03-08 16:01:33.664904	Trial	start	370
2017-03-08 16:01:33.667171	Speaker	play	None
2017-03-08 16:01:39.670088	Speaker	stop	None
2017-03-08 16:01:39.670748	Trial	end	370
2017-03-08 16:01:53.535835	Trial	start	371
2017-03-08 16:01:53.537983	Speaker	play	None
2017-03-08 16:01:53.589132	Speaker	stop	None
2017-03-08 16:01:53.589765	Trial	end	371
2017-03-08 16:01:53.590477	Trial	start	372
2017-03-08 16:01:53.592380	Speaker	play	None
2017-03-08 16:01:59.598336	Speaker	stop	None
2017-03-08 16:01:59.599280	Hopper	up	None
2017-03-08 16:02:11.600329	Hopper	down	None
2017-03-08 16:02:11.903396	Trial	end	372
2017-03-08 16:06:29.563547	Trial	start	373
2017-03-08 16:06:29.565996	Speaker	play	None
2017-03-08 16:06:29.616891	Speaker	stop	None
2017-03-08 16:06:29.617481	Trial	end	373
2017-03-08 16:06:29.618202	Trial	start	374
2017-03-08 16:06:29.620031	Speaker	play	None
2017-03-08 16:06:30.505768	Speaker	stop	None
2017-03-08 16:06:30.506397	Trial	end	374
2017-03-08 16:06:30.507171	Trial	start	375
2017-03-08 16:06:30.509388	Speaker	play	None
2017-03-08 16:06:36.514649	Speaker	stop	None
2017-03-08 16:06:36.515197	Trial	end	375
2017-03-08 16:06:41.585594	Trial	start	376
2017-03-08 16:06:41.587728	Speaker	play	None
2017-03-08 16:06:41.626567	Speaker	stop	None
2017-03-08 16:06:41.627172	Trial	end	376
2017-03-08 16:06:41.627959	Trial	start	377
2017-03-08 16:06:41.629817	Speaker	play	None
2017-03-08 16:06:47.635501	Speaker	stop	None
2017-03-08 16:06:47.636052	Trial	end	377
2017-03-08 16:06:52.849682	Trial	start	378
2017-03-08 16:06:52.852073	Speaker	play	None
2017-03-08 16:06:53.443712	Speaker	stop	None
2017-03-08 16:06:53.444331	Trial	end	378
2017-03-08 16:06:53.445132	Trial	start	379
2017-03-08 16:06:53.447722	Speaker	play	None
2017-03-08 16:06:53.496970	Speaker	stop	None
2017-03-08 16:06:53.497647	Trial	end	379
2017-03-08 16:06:53.498350	Trial	start	380
2017-03-08 16:06:53.500859	Speaker	play	None
2017-03-08 16:06:59.505877	Speaker	stop	None
2017-03-08 16:06:59.506414	Trial	end	380
2017-03-08 16:07:02.639258	Trial	start	381
2017-03-08 16:07:02.642335	Speaker	play	None
2017-03-08 16:07:02.696781	Speaker	stop	None
2017-03-08 16:07:02.697347	Trial	end	381
2017-03-08 16:07:02.698009	Trial	start	382
2017-03-08 16:07:02.700113	Speaker	play	None
2017-03-08 16:07:03.429915	Speaker	stop	None
2017-03-08 16:07:03.430519	Trial	end	382
2017-03-08 16:07:03.431254	Trial	start	383
2017-03-08 16:07:03.433167	Speaker	play	None
2017-03-08 16:07:09.438855	Speaker	stop	None
2017-03-08 16:07:09.439447	Trial	end	383
2017-03-08 16:07:13.825579	Trial	start	384
2017-03-08 16:07:13.827725	Speaker	play	None
2017-03-08 16:07:19.834648	Speaker	stop	None
2017-03-08 16:07:19.835381	Trial	end	384
2017-03-08 16:07:25.224881	Trial	start	385
2017-03-08 16:07:25.227013	Speaker	play	None
2017-03-08 16:07:25.278200	Speaker	stop	None
2017-03-08 16:07:25.278768	Trial	end	385
2017-03-08 16:07:25.279364	Trial	start	386
2017-03-08 16:07:25.281294	Speaker	play	None
2017-03-08 16:07:26.249050	Speaker	stop	None
2017-03-08 16:07:26.249947	Trial	end	386
2017-03-08 16:07:26.250814	Trial	start	387
2017-03-08 16:07:26.252851	Speaker	play	None
2017-03-08 16:07:32.257830	Speaker	stop	None
2017-03-08 16:07:32.258414	Trial	end	387
2017-03-08 16:17:08.022198	PeckPort	off	None
2017-03-08 16:17:08.022374	HouseLight	on	None
2017-03-08 16:17:08.022542	Hopper	down	None
