2016-11-10 09:44:22.856615	PeckPort	off	None
2016-11-10 09:44:22.856799	HouseLight	on	None
2016-11-10 09:44:22.857143	Hopper	down	None
2016-11-10 09:44:23.163163	Hopper	down	None
2016-11-10 09:44:23.469443	HouseLight	on	None
2016-11-10 09:44:23.469631	PeckPort	on	None
2016-11-10 09:50:19.351538	Trial	start	1
2016-11-10 09:50:19.353967	Speaker	play	None
2016-11-10 09:50:25.360067	Speaker	stop	None
2016-11-10 09:50:25.361117	Hopper	up	None
2016-11-10 09:50:37.364758	Hopper	down	None
2016-11-10 09:50:37.667803	Trial	end	1
2016-11-10 09:53:16.260565	Trial	start	2
2016-11-10 09:53:16.262701	Speaker	play	None
2016-11-10 09:53:22.265105	Speaker	stop	None
2016-11-10 09:53:22.265869	Trial	end	2
2016-11-10 09:53:25.648111	Trial	start	3
2016-11-10 09:53:25.652014	Speaker	play	None
2016-11-10 09:53:31.656579	Speaker	stop	None
2016-11-10 09:53:31.657213	Trial	end	3
2016-11-10 09:53:36.989371	Trial	start	4
2016-11-10 09:53:37.001689	Speaker	play	None
2016-11-10 09:53:43.005947	Speaker	stop	None
2016-11-10 09:53:43.006787	Trial	end	4
2016-11-10 09:53:45.414299	Trial	start	5
2016-11-10 09:53:45.417971	Speaker	play	None
2016-11-10 09:53:51.422736	Speaker	stop	None
2016-11-10 09:53:51.423390	Trial	end	5
2016-11-10 09:53:56.173882	Trial	start	6
2016-11-10 09:53:56.177043	Speaker	play	None
2016-11-10 09:54:02.182387	Speaker	stop	None
2016-11-10 09:54:02.183032	Trial	end	6
2016-11-10 09:54:09.136964	Trial	start	7
2016-11-10 09:54:09.139122	Speaker	play	None
2016-11-10 09:54:15.145549	Speaker	stop	None
2016-11-10 09:54:15.146191	Trial	end	7
2016-11-10 09:54:19.552682	Trial	start	8
2016-11-10 09:54:19.557007	Speaker	play	None
2016-11-10 09:54:25.565229	Speaker	stop	None
2016-11-10 09:54:25.565878	Trial	end	8
2016-11-10 09:54:29.533921	Trial	start	9
2016-11-10 09:54:29.537830	Speaker	play	None
2016-11-10 09:54:35.542510	Speaker	stop	None
2016-11-10 09:54:35.543126	Trial	end	9
2016-11-10 09:54:39.740612	Trial	start	10
2016-11-10 09:54:39.742691	Speaker	play	None
2016-11-10 09:54:45.745047	Speaker	stop	None
2016-11-10 09:54:45.745660	Trial	end	10
2016-11-10 09:54:57.631164	Trial	start	11
2016-11-10 09:54:57.636393	Speaker	play	None
2016-11-10 09:55:03.639544	Speaker	stop	None
2016-11-10 09:55:03.640288	Trial	end	11
2016-11-10 09:55:09.545616	Trial	start	12
2016-11-10 09:55:09.547916	Speaker	play	None
2016-11-10 09:55:14.645442	Speaker	stop	None
2016-11-10 09:55:14.646833	Trial	end	12
2016-11-10 09:55:14.647937	Trial	start	13
2016-11-10 09:55:14.650419	Speaker	play	None
2016-11-10 09:55:20.661596	Speaker	stop	None
2016-11-10 09:55:20.662352	Trial	end	13
2016-11-10 09:55:25.179144	Trial	start	14
2016-11-10 09:55:25.181725	Speaker	play	None
2016-11-10 09:55:31.188197	Speaker	stop	None
2016-11-10 09:55:31.189345	Trial	end	14
2016-11-10 09:55:34.513484	Trial	start	15
2016-11-10 09:55:34.515826	Speaker	play	None
2016-11-10 09:55:40.522035	Speaker	stop	None
2016-11-10 09:55:40.522695	Trial	end	15
2016-11-10 09:55:46.829447	Trial	start	16
2016-11-10 09:55:46.831567	Speaker	play	None
2016-11-10 09:55:52.838134	Speaker	stop	None
2016-11-10 09:55:52.839333	Trial	end	16
2016-11-10 09:56:22.167884	Trial	start	17
2016-11-10 09:56:22.170299	Speaker	play	None
2016-11-10 09:56:28.176407	Speaker	stop	None
2016-11-10 09:56:28.177020	Trial	end	17
2016-11-10 09:56:38.596025	Trial	start	18
2016-11-10 09:56:38.597973	Speaker	play	None
2016-11-10 09:56:44.600541	Speaker	stop	None
2016-11-10 09:56:44.601479	Hopper	up	None
2016-11-10 09:56:56.605347	Hopper	down	None
2016-11-10 09:56:56.908176	Trial	end	18
2016-11-10 09:58:18.418285	Trial	start	19
2016-11-10 09:58:18.420439	Speaker	play	None
2016-11-10 09:58:24.426836	Speaker	stop	None
2016-11-10 09:58:24.427436	Trial	end	19
2016-11-10 09:58:28.170548	Trial	start	20
2016-11-10 09:58:28.174696	Speaker	play	None
2016-11-10 09:58:34.178961	Speaker	stop	None
2016-11-10 09:58:34.179954	Trial	end	20
2016-11-10 09:58:37.787238	Trial	start	21
2016-11-10 09:58:37.789475	Speaker	play	None
2016-11-10 09:58:43.795844	Speaker	stop	None
2016-11-10 09:58:43.796581	Trial	end	21
2016-11-10 09:58:44.598593	Trial	start	22
2016-11-10 09:58:44.602883	Speaker	play	None
2016-11-10 09:58:50.607077	Speaker	stop	None
2016-11-10 09:58:50.607946	Trial	end	22
2016-11-10 09:58:54.764219	Trial	start	23
2016-11-10 09:58:54.766932	Speaker	play	None
2016-11-10 09:59:00.772808	Speaker	stop	None
2016-11-10 09:59:00.773721	Hopper	up	None
2016-11-10 09:59:12.777593	Hopper	down	None
2016-11-10 09:59:13.080553	Trial	end	23
2016-11-10 09:59:51.339241	Trial	start	24
2016-11-10 09:59:51.341757	Speaker	play	None
2016-11-10 09:59:57.347752	Speaker	stop	None
2016-11-10 09:59:57.348308	Trial	end	24
2016-11-10 10:00:01.103601	Trial	start	25
2016-11-10 10:00:01.107041	Speaker	play	None
2016-11-10 10:00:07.112320	Speaker	stop	None
2016-11-10 10:00:07.113267	Trial	end	25
2016-11-10 10:00:11.531556	Trial	start	26
2016-11-10 10:00:11.534781	Speaker	play	None
2016-11-10 10:00:17.540005	Speaker	stop	None
2016-11-10 10:00:17.540580	Trial	end	26
2016-11-10 10:00:27.095560	Trial	start	27
2016-11-10 10:00:27.098429	Speaker	play	None
2016-11-10 10:00:33.103942	Speaker	stop	None
2016-11-10 10:00:33.104550	Trial	end	27
2016-11-10 10:00:36.319165	Trial	start	28
2016-11-10 10:00:36.331305	Speaker	play	None
2016-11-10 10:00:42.335920	Speaker	stop	None
2016-11-10 10:00:42.337333	Trial	end	28
2016-11-10 10:00:47.758733	Trial	start	29
2016-11-10 10:00:47.761483	Speaker	play	None
2016-11-10 10:00:53.767161	Speaker	stop	None
2016-11-10 10:00:53.767839	Trial	end	29
2016-11-10 10:00:59.325013	Trial	start	30
2016-11-10 10:00:59.327208	Speaker	play	None
2016-11-10 10:01:05.333569	Speaker	stop	None
2016-11-10 10:01:05.334300	Trial	end	30
2016-11-10 10:01:12.685470	Trial	start	31
2016-11-10 10:01:12.687796	Speaker	play	None
2016-11-10 10:01:18.694038	Speaker	stop	None
2016-11-10 10:01:18.694768	Trial	end	31
2016-11-10 10:01:24.829459	Trial	start	32
2016-11-10 10:01:24.832238	Speaker	play	None
2016-11-10 10:01:30.838121	Speaker	stop	None
2016-11-10 10:01:30.839144	Trial	end	32
2016-11-10 10:01:36.400006	Trial	start	33
2016-11-10 10:01:36.402221	Speaker	play	None
2016-11-10 10:01:42.408609	Speaker	stop	None
2016-11-10 10:01:42.409375	Trial	end	33
2016-11-10 10:01:47.823198	Trial	start	34
2016-11-10 10:01:47.825524	Speaker	play	None
2016-11-10 10:01:53.831742	Speaker	stop	None
2016-11-10 10:01:53.832324	Trial	end	34
2016-11-10 10:01:58.316495	Trial	start	35
2016-11-10 10:01:58.318712	Speaker	play	None
2016-11-10 10:02:04.325172	Speaker	stop	None
2016-11-10 10:02:04.327300	Hopper	up	None
2016-11-10 10:02:16.329656	Hopper	down	None
2016-11-10 10:02:16.632722	Trial	end	35
2016-11-10 10:04:57.506191	Trial	start	36
2016-11-10 10:04:57.510733	Speaker	play	None
2016-11-10 10:05:03.515046	Speaker	stop	None
2016-11-10 10:05:03.516264	Trial	end	36
2016-11-10 10:05:04.509918	Trial	start	37
2016-11-10 10:05:04.513584	Speaker	play	None
2016-11-10 10:05:10.518597	Speaker	stop	None
2016-11-10 10:05:10.519506	Trial	end	37
2016-11-10 10:05:13.332134	Trial	start	38
2016-11-10 10:05:13.334747	Speaker	play	None
2016-11-10 10:05:19.340930	Speaker	stop	None
2016-11-10 10:05:19.342196	Trial	end	38
2016-11-10 10:05:20.573491	Trial	start	39
2016-11-10 10:05:20.582995	Speaker	play	None
2016-11-10 10:05:26.586101	Speaker	stop	None
2016-11-10 10:05:26.586727	Trial	end	39
2016-11-10 10:05:32.951000	Trial	start	40
2016-11-10 10:05:32.954891	Speaker	play	None
2016-11-10 10:05:38.959426	Speaker	stop	None
2016-11-10 10:05:38.960007	Trial	end	40
2016-11-10 10:05:44.378061	Trial	start	41
2016-11-10 10:05:44.380629	Speaker	play	None
2016-11-10 10:05:50.386606	Speaker	stop	None
2016-11-10 10:05:50.387343	Trial	end	41
2016-11-10 10:05:53.098064	Trial	start	42
2016-11-10 10:05:53.102562	Speaker	play	None
2016-11-10 10:05:59.106550	Speaker	stop	None
2016-11-10 10:05:59.107388	Trial	end	42
2016-11-10 10:06:03.861609	Trial	start	43
2016-11-10 10:06:03.864077	Speaker	play	None
2016-11-10 10:06:09.870161	Speaker	stop	None
2016-11-10 10:06:09.871115	Trial	end	43
2016-11-10 10:06:14.092851	Trial	start	44
2016-11-10 10:06:14.096682	Speaker	play	None
2016-11-10 10:06:20.101665	Speaker	stop	None
2016-11-10 10:06:20.102738	Trial	end	44
2016-11-10 10:06:32.499189	Trial	start	45
2016-11-10 10:06:32.501495	Speaker	play	None
2016-11-10 10:06:38.507661	Speaker	stop	None
2016-11-10 10:06:38.508191	Trial	end	45
2016-11-10 10:06:45.241183	Trial	start	46
2016-11-10 10:06:45.243278	Speaker	play	None
2016-11-10 10:06:51.249742	Speaker	stop	None
2016-11-10 10:06:51.250453	Trial	end	46
2016-11-10 10:06:55.210273	Trial	start	47
2016-11-10 10:06:55.216976	Speaker	play	None
2016-11-10 10:07:01.222995	Speaker	stop	None
2016-11-10 10:07:01.224645	Trial	end	47
2016-11-10 10:07:04.724736	Trial	start	48
2016-11-10 10:07:04.726908	Speaker	play	None
2016-11-10 10:07:10.733228	Speaker	stop	None
2016-11-10 10:07:10.733814	Trial	end	48
2016-11-10 10:07:18.859196	Trial	start	49
2016-11-10 10:07:18.862898	Speaker	play	None
2016-11-10 10:07:24.867818	Speaker	stop	None
2016-11-10 10:07:24.868702	Trial	end	49
2016-11-10 10:07:35.842163	Trial	start	50
2016-11-10 10:07:35.846826	Speaker	play	None
2016-11-10 10:07:41.852870	Speaker	stop	None
2016-11-10 10:07:41.853509	Trial	end	50
2016-11-10 10:07:50.482633	Trial	start	51
2016-11-10 10:07:50.486886	Speaker	play	None
2016-11-10 10:07:56.491437	Speaker	stop	None
2016-11-10 10:07:56.492414	Trial	end	51
2016-11-10 10:08:00.914520	Trial	start	52
2016-11-10 10:08:00.916569	Speaker	play	None
2016-11-10 10:08:06.923125	Speaker	stop	None
2016-11-10 10:08:06.923722	Trial	end	52
2016-11-10 10:08:20.271099	Trial	start	53
2016-11-10 10:08:20.273982	Speaker	play	None
2016-11-10 10:08:26.279822	Speaker	stop	None
2016-11-10 10:08:26.280613	Trial	end	53
2016-11-10 10:08:33.021264	Trial	start	54
2016-11-10 10:08:33.023502	Speaker	play	None
2016-11-10 10:08:39.029863	Speaker	stop	None
2016-11-10 10:08:39.030514	Trial	end	54
2016-11-10 10:08:45.177531	Trial	start	55
2016-11-10 10:08:45.180196	Speaker	play	None
2016-11-10 10:08:51.186045	Speaker	stop	None
2016-11-10 10:08:51.186644	Trial	end	55
2016-11-10 10:08:56.731707	Trial	start	56
2016-11-10 10:08:56.735535	Speaker	play	None
2016-11-10 10:09:02.740402	Speaker	stop	None
2016-11-10 10:09:02.741055	Trial	end	56
2016-11-10 10:09:07.450338	Trial	start	57
2016-11-10 10:09:07.452693	Speaker	play	None
2016-11-10 10:09:13.458938	Speaker	stop	None
2016-11-10 10:09:13.459679	Trial	end	57
2016-11-10 10:09:17.812593	Trial	start	58
2016-11-10 10:09:17.815722	Speaker	play	None
2016-11-10 10:09:23.821519	Speaker	stop	None
2016-11-10 10:09:23.822822	Trial	end	58
2016-11-10 10:09:30.206570	Trial	start	59
2016-11-10 10:09:30.210692	Speaker	play	None
2016-11-10 10:09:36.215077	Speaker	stop	None
2016-11-10 10:09:36.215798	Trial	end	59
2016-11-10 10:09:51.447018	Trial	start	60
2016-11-10 10:09:51.449178	Speaker	play	None
2016-11-10 10:09:57.451521	Speaker	stop	None
2016-11-10 10:09:57.452178	Trial	end	60
2016-11-10 10:10:04.455202	Trial	start	61
2016-11-10 10:10:04.457266	Speaker	play	None
2016-11-10 10:10:10.463782	Speaker	stop	None
2016-11-10 10:10:10.464400	Trial	end	61
2016-11-10 10:10:17.369171	Trial	start	62
2016-11-10 10:10:17.371315	Speaker	play	None
2016-11-10 10:10:23.377832	Speaker	stop	None
2016-11-10 10:10:23.378629	Trial	end	62
2016-11-10 10:10:28.120641	Trial	start	63
2016-11-10 10:10:28.123986	Speaker	play	None
2016-11-10 10:10:34.129102	Speaker	stop	None
2016-11-10 10:10:34.129731	Trial	end	63
2016-11-10 10:10:38.695981	Trial	start	64
2016-11-10 10:10:38.698659	Speaker	play	None
2016-11-10 10:10:41.612389	Speaker	stop	None
2016-11-10 10:10:41.614578	Trial	end	64
2016-11-10 10:10:41.615733	Trial	start	65
2016-11-10 10:10:41.618455	Speaker	play	None
2016-11-10 10:10:47.624727	Speaker	stop	None
2016-11-10 10:10:47.625398	Trial	end	65
2016-11-10 10:10:53.014621	Trial	start	66
2016-11-10 10:10:53.017621	Speaker	play	None
2016-11-10 10:10:59.027569	Speaker	stop	None
2016-11-10 10:10:59.029448	Hopper	up	None
2016-11-10 10:11:11.032121	Hopper	down	None
2016-11-10 10:11:11.335147	Trial	end	66
2016-11-10 10:12:40.422152	Trial	start	67
2016-11-10 10:12:40.424385	Speaker	play	None
2016-11-10 10:12:46.430714	Speaker	stop	None
2016-11-10 10:12:46.431364	Trial	end	67
2016-11-10 10:12:54.310929	Trial	start	68
2016-11-10 10:12:54.315377	Speaker	play	None
2016-11-10 10:12:58.734403	Speaker	stop	None
2016-11-10 10:12:58.735038	Trial	end	68
2016-11-10 10:12:58.735738	Trial	start	69
2016-11-10 10:12:58.738089	Speaker	play	None
2016-11-10 10:13:04.742843	Speaker	stop	None
2016-11-10 10:13:04.743492	Trial	end	69
2016-11-10 10:13:08.457670	Trial	start	70
2016-11-10 10:13:08.460652	Speaker	play	None
2016-11-10 10:13:14.466797	Speaker	stop	None
2016-11-10 10:13:14.467434	Trial	end	70
2016-11-10 10:13:19.065691	Trial	start	71
2016-11-10 10:13:19.067934	Speaker	play	None
2016-11-10 10:13:25.074228	Speaker	stop	None
2016-11-10 10:13:25.074849	Trial	end	71
2016-11-10 10:13:28.547501	Trial	start	72
2016-11-10 10:13:28.550761	Speaker	play	None
2016-11-10 10:13:30.259559	Speaker	stop	None
2016-11-10 10:13:30.260182	Trial	end	72
2016-11-10 10:13:30.260993	Trial	start	73
2016-11-10 10:13:30.263667	Speaker	play	None
2016-11-10 10:13:30.357912	Speaker	stop	None
2016-11-10 10:13:30.358473	Trial	end	73
2016-11-10 10:13:30.359230	Trial	start	74
2016-11-10 10:13:30.361450	Speaker	play	None
2016-11-10 10:13:36.366335	Speaker	stop	None
2016-11-10 10:13:36.367079	Trial	end	74
2016-11-10 10:13:41.264842	Trial	start	75
2016-11-10 10:13:41.268074	Speaker	play	None
2016-11-10 10:13:47.273405	Speaker	stop	None
2016-11-10 10:13:47.274025	Trial	end	75
2016-11-10 10:13:51.139764	Trial	start	76
2016-11-10 10:13:51.142220	Speaker	play	None
2016-11-10 10:13:57.148248	Speaker	stop	None
2016-11-10 10:13:57.148874	Trial	end	76
2016-11-10 10:14:01.915620	Trial	start	77
2016-11-10 10:14:01.917731	Speaker	play	None
2016-11-10 10:14:07.920141	Speaker	stop	None
2016-11-10 10:14:07.920748	Trial	end	77
2016-11-10 10:14:13.953183	Trial	start	78
2016-11-10 10:14:13.955805	Speaker	play	None
2016-11-10 10:14:19.961733	Speaker	stop	None
2016-11-10 10:14:19.962373	Trial	end	78
2016-11-10 10:14:22.918777	Trial	start	79
2016-11-10 10:14:22.921392	Speaker	play	None
2016-11-10 10:14:28.927419	Speaker	stop	None
2016-11-10 10:14:28.931008	Trial	end	79
2016-11-10 10:14:33.977371	Trial	start	80
2016-11-10 10:14:33.979674	Speaker	play	None
2016-11-10 10:14:39.986106	Speaker	stop	None
2016-11-10 10:14:39.987512	Trial	end	80
2016-11-10 10:14:44.323365	Trial	start	81
2016-11-10 10:14:44.327754	Speaker	play	None
2016-11-10 10:14:50.331981	Speaker	stop	None
2016-11-10 10:14:50.333154	Trial	end	81
2016-11-10 10:14:59.596446	Trial	start	82
2016-11-10 10:14:59.598830	Speaker	play	None
2016-11-10 10:15:05.605306	Speaker	stop	None
2016-11-10 10:15:05.606448	Trial	end	82
2016-11-10 10:15:10.417470	Trial	start	83
2016-11-10 10:15:10.419723	Speaker	play	None
2016-11-10 10:15:16.426024	Speaker	stop	None
2016-11-10 10:15:16.426620	Trial	end	83
2016-11-10 10:15:22.766302	Trial	start	84
2016-11-10 10:15:22.769504	Speaker	play	None
2016-11-10 10:15:28.774822	Speaker	stop	None
2016-11-10 10:15:28.775479	Trial	end	84
2016-11-10 10:15:32.305241	Trial	start	85
2016-11-10 10:15:32.308624	Speaker	play	None
2016-11-10 10:15:38.314075	Speaker	stop	None
2016-11-10 10:15:38.315405	Trial	end	85
2016-11-10 10:15:42.905181	Trial	start	86
2016-11-10 10:15:42.907354	Speaker	play	None
2016-11-10 10:15:48.913710	Speaker	stop	None
2016-11-10 10:15:48.915045	Hopper	up	None
2016-11-10 10:16:00.918343	Hopper	down	None
2016-11-10 10:16:01.221398	Trial	end	86
2016-11-10 10:18:13.314238	Trial	start	87
2016-11-10 10:18:13.316705	Speaker	play	None
2016-11-10 10:18:19.322752	Speaker	stop	None
2016-11-10 10:18:19.323416	Trial	end	87
2016-11-10 10:18:26.621611	Trial	start	88
2016-11-10 10:18:26.625531	Speaker	play	None
2016-11-10 10:18:32.630052	Speaker	stop	None
2016-11-10 10:18:32.630685	Trial	end	88
2016-11-10 10:18:35.771292	Trial	start	89
2016-11-10 10:18:35.773930	Speaker	play	None
2016-11-10 10:18:41.780122	Speaker	stop	None
2016-11-10 10:18:41.781791	Hopper	up	None
2016-11-10 10:18:53.784533	Hopper	down	None
2016-11-10 10:18:54.087587	Trial	end	89
2016-11-10 10:20:44.984780	Trial	start	90
2016-11-10 10:20:44.987852	Speaker	play	None
2016-11-10 10:20:49.965397	Speaker	stop	None
2016-11-10 10:20:49.966037	Trial	end	90
2016-11-10 10:20:49.966788	Trial	start	91
2016-11-10 10:20:49.968905	Speaker	play	None
2016-11-10 10:20:55.973803	Speaker	stop	None
2016-11-10 10:20:55.974476	Trial	end	91
2016-11-10 10:21:00.352100	Trial	start	92
2016-11-10 10:21:00.354864	Speaker	play	None
2016-11-10 10:21:06.360660	Speaker	stop	None
2016-11-10 10:21:06.361358	Trial	end	92
2016-11-10 10:21:07.933346	Trial	start	93
2016-11-10 10:21:07.935550	Speaker	play	None
2016-11-10 10:21:13.942142	Speaker	stop	None
2016-11-10 10:21:13.943410	Trial	end	93
2016-11-10 10:21:18.213832	Trial	start	94
2016-11-10 10:21:18.217296	Speaker	play	None
2016-11-10 10:21:24.222481	Speaker	stop	None
2016-11-10 10:21:24.223310	Trial	end	94
2016-11-10 10:21:31.091026	Trial	start	95
2016-11-10 10:21:31.095056	Speaker	play	None
2016-11-10 10:21:37.099462	Speaker	stop	None
2016-11-10 10:21:37.100012	Trial	end	95
2016-11-10 10:21:37.279775	Trial	start	96
2016-11-10 10:21:37.282626	Speaker	play	None
2016-11-10 10:21:38.057939	Speaker	stop	None
2016-11-10 10:21:38.058659	Trial	end	96
2016-11-10 10:21:38.061734	Trial	start	97
2016-11-10 10:21:38.065275	Speaker	play	None
2016-11-10 10:21:44.070456	Speaker	stop	None
2016-11-10 10:21:44.071060	Trial	end	97
2016-11-10 10:21:48.547077	Trial	start	98
2016-11-10 10:21:48.550030	Speaker	play	None
2016-11-10 10:21:54.555738	Speaker	stop	None
2016-11-10 10:21:54.556902	Trial	end	98
2016-11-10 10:21:58.299166	Trial	start	99
2016-11-10 10:21:58.301353	Speaker	play	None
2016-11-10 10:22:04.307687	Speaker	stop	None
2016-11-10 10:22:04.308276	Trial	end	99
2016-11-10 10:22:08.694209	Trial	start	100
2016-11-10 10:22:08.696298	Speaker	play	None
2016-11-10 10:22:14.702974	Speaker	stop	None
2016-11-10 10:22:14.704605	Hopper	up	None
2016-11-10 10:22:26.707378	Hopper	down	None
2016-11-10 10:22:27.010465	Trial	end	100
2016-11-10 10:24:28.085764	Trial	start	101
2016-11-10 10:24:28.091080	Speaker	play	None
2016-11-10 10:24:33.275274	Speaker	stop	None
2016-11-10 10:24:33.276565	Trial	end	101
2016-11-10 10:24:33.277808	Trial	start	102
2016-11-10 10:24:33.280442	Speaker	play	None
2016-11-10 10:24:33.635512	Speaker	stop	None
2016-11-10 10:24:33.636130	Trial	end	102
2016-11-10 10:24:33.636925	Trial	start	103
2016-11-10 10:24:33.639830	Speaker	play	None
2016-11-10 10:24:39.644150	Speaker	stop	None
2016-11-10 10:24:39.645375	Trial	end	103
2016-11-10 10:24:40.835818	Trial	start	104
2016-11-10 10:24:40.838135	Speaker	play	None
2016-11-10 10:24:46.844365	Speaker	stop	None
2016-11-10 10:24:46.844957	Trial	end	104
2016-11-10 10:24:48.200195	Trial	start	105
2016-11-10 10:24:48.204324	Speaker	play	None
2016-11-10 10:24:52.525550	Speaker	stop	None
2016-11-10 10:24:52.526469	Trial	end	105
2016-11-10 10:24:52.527392	Trial	start	106
2016-11-10 10:24:52.529871	Speaker	play	None
2016-11-10 10:24:58.533693	Speaker	stop	None
2016-11-10 10:24:58.534379	Trial	end	106
2016-11-10 10:25:03.317505	Trial	start	107
2016-11-10 10:25:03.321848	Speaker	play	None
2016-11-10 10:25:08.408741	Speaker	stop	None
2016-11-10 10:25:08.409411	Trial	end	107
2016-11-10 10:25:08.410094	Trial	start	108
2016-11-10 10:25:08.412182	Speaker	play	None
2016-11-10 10:25:14.417147	Speaker	stop	None
2016-11-10 10:25:14.417892	Trial	end	108
2016-11-10 10:25:17.447948	Trial	start	109
2016-11-10 10:25:17.450466	Speaker	play	None
2016-11-10 10:25:23.456486	Speaker	stop	None
2016-11-10 10:25:23.457122	Trial	end	109
2016-11-10 10:25:28.396035	Trial	start	110
2016-11-10 10:25:28.401739	Speaker	play	None
2016-11-10 10:25:34.404592	Speaker	stop	None
2016-11-10 10:25:34.405292	Trial	end	110
2016-11-10 10:25:38.266750	Trial	start	111
2016-11-10 10:25:38.269498	Speaker	play	None
2016-11-10 10:25:44.275485	Speaker	stop	None
2016-11-10 10:25:44.276791	Trial	end	111
2016-11-10 10:25:49.698225	Trial	start	112
2016-11-10 10:25:49.701754	Speaker	play	None
2016-11-10 10:25:55.706598	Speaker	stop	None
2016-11-10 10:25:55.707153	Trial	end	112
2016-11-10 10:25:59.335475	Trial	start	113
2016-11-10 10:25:59.339485	Speaker	play	None
2016-11-10 10:26:05.348064	Speaker	stop	None
2016-11-10 10:26:05.348973	Hopper	up	None
2016-11-10 10:26:17.352824	Hopper	down	None
2016-11-10 10:26:17.655807	Trial	end	113
2016-11-10 10:27:19.887005	Trial	start	114
2016-11-10 10:27:19.889313	Speaker	play	None
2016-11-10 10:27:25.895687	Speaker	stop	None
2016-11-10 10:27:25.896294	Trial	end	114
2016-11-10 10:27:28.639746	Trial	start	115
2016-11-10 10:27:28.642029	Speaker	play	None
2016-11-10 10:27:34.648303	Speaker	stop	None
2016-11-10 10:27:34.649004	Trial	end	115
2016-11-10 10:27:37.777361	Trial	start	116
2016-11-10 10:27:37.781972	Speaker	play	None
2016-11-10 10:27:39.002207	Speaker	stop	None
2016-11-10 10:27:39.002818	Trial	end	116
2016-11-10 10:27:39.003526	Trial	start	117
2016-11-10 10:27:39.005940	Speaker	play	None
2016-11-10 10:27:39.805101	Speaker	stop	None
2016-11-10 10:27:39.808778	Trial	end	117
2016-11-10 10:27:39.810561	Trial	start	118
2016-11-10 10:27:39.818769	Speaker	play	None
2016-11-10 10:27:45.825562	Speaker	stop	None
2016-11-10 10:27:45.826529	Hopper	up	None
2016-11-10 10:27:57.830218	Hopper	down	None
2016-11-10 10:27:58.133320	Trial	end	118
2016-11-10 10:29:34.183396	Trial	start	119
2016-11-10 10:29:34.185517	Speaker	play	None
2016-11-10 10:29:40.191896	Speaker	stop	None
2016-11-10 10:29:40.192501	Trial	end	119
2016-11-10 10:29:42.854182	Trial	start	120
2016-11-10 10:29:42.856948	Speaker	play	None
2016-11-10 10:29:48.862698	Speaker	stop	None
2016-11-10 10:29:48.863340	Trial	end	120
2016-11-10 10:29:52.217153	Trial	start	121
2016-11-10 10:29:52.219280	Speaker	play	None
2016-11-10 10:29:58.225620	Speaker	stop	None
2016-11-10 10:29:58.226232	Trial	end	121
2016-11-10 10:30:00.154708	Trial	start	122
2016-11-10 10:30:00.156680	Speaker	play	None
2016-11-10 10:30:06.163211	Speaker	stop	None
2016-11-10 10:30:06.163851	Trial	end	122
2016-11-10 10:30:10.168878	Trial	start	123
2016-11-10 10:30:10.175855	Speaker	play	None
2016-11-10 10:30:16.181920	Speaker	stop	None
2016-11-10 10:30:16.183130	Trial	end	123
2016-11-10 10:30:19.912817	Trial	start	124
2016-11-10 10:30:19.917793	Speaker	play	None
2016-11-10 10:30:20.641908	Speaker	stop	None
2016-11-10 10:30:20.642527	Trial	end	124
2016-11-10 10:30:20.643494	Trial	start	125
2016-11-10 10:30:20.649503	Speaker	play	None
2016-11-10 10:30:21.579969	Speaker	stop	None
2016-11-10 10:30:21.581581	Trial	end	125
2016-11-10 10:30:21.582811	Trial	start	126
2016-11-10 10:30:21.585784	Speaker	play	None
2016-11-10 10:30:23.251010	Speaker	stop	None
2016-11-10 10:30:23.251654	Trial	end	126
2016-11-10 10:30:23.252715	Trial	start	127
2016-11-10 10:30:23.254842	Speaker	play	None
2016-11-10 10:30:29.259306	Speaker	stop	None
2016-11-10 10:30:29.259964	Trial	end	127
2016-11-10 10:30:53.944425	Trial	start	128
2016-11-10 10:30:53.946379	Speaker	play	None
2016-11-10 10:30:59.948910	Speaker	stop	None
2016-11-10 10:30:59.949550	Trial	end	128
2016-11-10 10:31:07.026333	Trial	start	129
2016-11-10 10:31:07.028706	Speaker	play	None
2016-11-10 10:31:13.035069	Speaker	stop	None
2016-11-10 10:31:13.035997	Trial	end	129
2016-11-10 10:31:20.501450	Trial	start	130
2016-11-10 10:31:20.503558	Speaker	play	None
2016-11-10 10:31:26.510030	Speaker	stop	None
2016-11-10 10:31:26.510913	Trial	end	130
2016-11-10 10:31:30.601703	Trial	start	131
2016-11-10 10:31:30.604309	Speaker	play	None
2016-11-10 10:31:36.610203	Speaker	stop	None
2016-11-10 10:31:36.610871	Trial	end	131
2016-11-10 10:31:41.406358	Trial	start	132
2016-11-10 10:31:41.410115	Speaker	play	None
2016-11-10 10:31:47.414864	Speaker	stop	None
2016-11-10 10:31:47.415490	Trial	end	132
2016-11-10 10:31:52.387087	Trial	start	133
2016-11-10 10:31:52.389058	Speaker	play	None
2016-11-10 10:31:58.391571	Speaker	stop	None
2016-11-10 10:31:58.392141	Trial	end	133
2016-11-10 10:32:02.987088	Trial	start	134
2016-11-10 10:32:02.991328	Speaker	play	None
2016-11-10 10:32:08.995658	Speaker	stop	None
2016-11-10 10:32:08.996536	Trial	end	134
2016-11-10 10:32:15.020323	Trial	start	135
2016-11-10 10:32:15.022433	Speaker	play	None
2016-11-10 10:32:15.966738	Speaker	stop	None
2016-11-10 10:32:15.967675	Trial	end	135
2016-11-10 10:32:15.968609	Trial	start	136
2016-11-10 10:32:15.971403	Speaker	play	None
2016-11-10 10:32:21.975138	Speaker	stop	None
2016-11-10 10:32:21.976341	Trial	end	136
2016-11-10 10:32:27.557865	Trial	start	137
2016-11-10 10:32:27.561807	Speaker	play	None
2016-11-10 10:32:33.566065	Speaker	stop	None
2016-11-10 10:32:33.566624	Trial	end	137
2016-11-10 10:32:38.698220	Trial	start	138
2016-11-10 10:32:38.703051	Speaker	play	None
2016-11-10 10:32:44.706707	Speaker	stop	None
2016-11-10 10:32:44.707340	Trial	end	138
2016-11-10 10:32:55.105678	Trial	start	139
2016-11-10 10:32:55.107794	Speaker	play	None
2016-11-10 10:32:55.974109	Speaker	stop	None
2016-11-10 10:32:55.974806	Trial	end	139
2016-11-10 10:32:55.975964	Trial	start	140
2016-11-10 10:32:55.978879	Speaker	play	None
2016-11-10 10:33:01.986664	Speaker	stop	None
2016-11-10 10:33:01.987269	Trial	end	140
2016-11-10 10:33:10.415702	Trial	start	141
2016-11-10 10:33:10.418144	Speaker	play	None
2016-11-10 10:33:16.424453	Speaker	stop	None
2016-11-10 10:33:16.425567	Trial	end	141
2016-11-10 10:33:22.961112	Trial	start	142
2016-11-10 10:33:22.963559	Speaker	play	None
2016-11-10 10:33:28.969863	Speaker	stop	None
2016-11-10 10:33:28.971127	Trial	end	142
2016-11-10 10:33:39.295231	Trial	start	143
2016-11-10 10:33:39.299228	Speaker	play	None
2016-11-10 10:33:45.303649	Speaker	stop	None
2016-11-10 10:33:45.304248	Trial	end	143
2016-11-10 10:33:54.666439	Trial	start	144
2016-11-10 10:33:54.668845	Speaker	play	None
2016-11-10 10:33:55.489965	Speaker	stop	None
2016-11-10 10:33:55.491163	Trial	end	144
2016-11-10 10:33:55.492265	Trial	start	145
2016-11-10 10:33:55.494657	Speaker	play	None
2016-11-10 10:34:01.498277	Speaker	stop	None
2016-11-10 10:34:01.498878	Trial	end	145
2016-11-10 10:34:08.981339	Trial	start	146
2016-11-10 10:34:08.986152	Speaker	play	None
2016-11-10 10:34:14.989883	Speaker	stop	None
2016-11-10 10:34:14.990751	Trial	end	146
2016-11-10 10:34:29.947662	Trial	start	147
2016-11-10 10:34:29.951213	Speaker	play	None
2016-11-10 10:34:30.824045	Speaker	stop	None
2016-11-10 10:34:30.825847	Trial	end	147
2016-11-10 10:34:30.826600	Trial	start	148
2016-11-10 10:34:30.828935	Speaker	play	None
2016-11-10 10:34:36.832637	Speaker	stop	None
2016-11-10 10:34:36.833401	Trial	end	148
2016-11-10 10:34:44.135231	Trial	start	149
2016-11-10 10:34:44.137427	Speaker	play	None
2016-11-10 10:34:50.143884	Speaker	stop	None
2016-11-10 10:34:50.145839	Hopper	up	None
2016-11-10 10:35:02.148436	Hopper	down	None
2016-11-10 10:35:02.451511	Trial	end	149
2016-11-10 10:39:14.386955	Trial	start	150
2016-11-10 10:39:14.389688	Speaker	play	None
2016-11-10 10:39:20.395598	Speaker	stop	None
2016-11-10 10:39:20.396845	Trial	end	150
2016-11-10 10:42:59.970066	Trial	start	151
2016-11-10 10:42:59.972322	Speaker	play	None
2016-11-10 10:43:05.978873	Speaker	stop	None
2016-11-10 10:43:05.980045	Trial	end	151
2016-11-10 10:43:10.221829	Trial	start	152
2016-11-10 10:43:10.223858	Speaker	play	None
2016-11-10 10:43:16.226325	Speaker	stop	None
2016-11-10 10:43:16.227050	Trial	end	152
2016-11-10 10:43:21.808782	Trial	start	153
2016-11-10 10:43:21.811379	Speaker	play	None
2016-11-10 10:43:27.815841	Speaker	stop	None
2016-11-10 10:43:27.817805	Hopper	up	None
2016-11-10 10:43:39.822046	Hopper	down	None
2016-11-10 10:43:40.125107	Trial	end	153
2016-11-10 10:44:53.509307	Trial	start	154
2016-11-10 10:44:53.512599	Speaker	play	None
2016-11-10 10:44:59.517702	Speaker	stop	None
2016-11-10 10:44:59.518268	Trial	end	154
2016-11-10 10:45:07.881205	Trial	start	155
2016-11-10 10:45:07.883865	Speaker	play	None
2016-11-10 10:45:09.388647	Speaker	stop	None
2016-11-10 10:45:09.389377	Trial	end	155
2016-11-10 10:45:09.390371	Trial	start	156
2016-11-10 10:45:09.392196	Speaker	play	None
2016-11-10 10:45:15.397030	Speaker	stop	None
2016-11-10 10:45:15.397584	Trial	end	156
2016-11-10 10:45:18.178080	Trial	start	157
2016-11-10 10:45:18.180672	Speaker	play	None
2016-11-10 10:45:24.186562	Speaker	stop	None
2016-11-10 10:45:24.187205	Trial	end	157
2016-11-10 10:45:30.784912	Trial	start	158
2016-11-10 10:45:30.789213	Speaker	play	None
2016-11-10 10:45:36.793451	Speaker	stop	None
2016-11-10 10:45:36.794326	Trial	end	158
2016-11-10 10:45:44.104236	Trial	start	159
2016-11-10 10:45:44.106486	Speaker	play	None
2016-11-10 10:45:50.112851	Speaker	stop	None
2016-11-10 10:45:50.113577	Trial	end	159
2016-11-10 10:45:59.217646	Trial	start	160
2016-11-10 10:45:59.219742	Speaker	play	None
2016-11-10 10:46:05.226308	Speaker	stop	None
2016-11-10 10:46:05.227568	Trial	end	160
2016-11-10 10:46:12.221806	Trial	start	161
2016-11-10 10:46:12.224084	Speaker	play	None
2016-11-10 10:46:18.230315	Speaker	stop	None
2016-11-10 10:46:18.230958	Trial	end	161
2016-11-10 10:46:26.384960	Trial	start	162
2016-11-10 10:46:26.386903	Speaker	play	None
2016-11-10 10:46:32.389483	Speaker	stop	None
2016-11-10 10:46:32.390045	Trial	end	162
2016-11-10 10:46:38.049770	Trial	start	163
2016-11-10 10:46:38.054322	Speaker	play	None
2016-11-10 10:46:44.058597	Speaker	stop	None
2016-11-10 10:46:44.059410	Trial	end	163
2016-11-10 10:46:54.727728	Trial	start	164
2016-11-10 10:46:54.729809	Speaker	play	None
2016-11-10 10:47:00.736423	Speaker	stop	None
2016-11-10 10:47:00.737327	Trial	end	164
2016-11-10 10:47:07.334531	Trial	start	165
2016-11-10 10:47:07.337491	Speaker	play	None
2016-11-10 10:47:13.343372	Speaker	stop	None
2016-11-10 10:47:13.344623	Trial	end	165
2016-11-10 10:47:18.966700	Trial	start	166
2016-11-10 10:47:18.970730	Speaker	play	None
2016-11-10 10:47:24.975121	Speaker	stop	None
2016-11-10 10:47:24.975692	Trial	end	166
2016-11-10 10:47:30.893430	Trial	start	167
2016-11-10 10:47:30.895904	Speaker	play	None
2016-11-10 10:47:36.902038	Speaker	stop	None
2016-11-10 10:47:36.902669	Trial	end	167
2016-11-10 10:47:43.967252	Trial	start	168
2016-11-10 10:47:43.970942	Speaker	play	None
2016-11-10 10:47:49.975722	Speaker	stop	None
2016-11-10 10:47:49.976299	Trial	end	168
2016-11-10 10:47:59.711351	Trial	start	169
2016-11-10 10:47:59.715637	Speaker	play	None
2016-11-10 10:48:00.944259	Speaker	stop	None
2016-11-10 10:48:00.945417	Trial	end	169
2016-11-10 10:48:00.948652	Trial	start	170
2016-11-10 10:48:00.952512	Speaker	play	None
2016-11-10 10:48:06.956809	Speaker	stop	None
2016-11-10 10:48:06.957510	Trial	end	170
2016-11-10 10:48:10.667631	Trial	start	171
2016-11-10 10:48:10.672423	Speaker	play	None
2016-11-10 10:48:16.676388	Speaker	stop	None
2016-11-10 10:48:16.677540	Trial	end	171
2016-11-10 10:48:28.439432	Trial	start	172
2016-11-10 10:48:28.447178	Speaker	play	None
2016-11-10 10:48:34.451801	Speaker	stop	None
2016-11-10 10:48:34.452759	Hopper	up	None
2016-11-10 10:48:46.456438	Hopper	down	None
2016-11-10 10:48:46.759553	Trial	end	172
2016-11-10 10:51:26.482681	Trial	start	173
2016-11-10 10:51:26.486056	Speaker	play	None
2016-11-10 10:51:32.491132	Speaker	stop	None
2016-11-10 10:51:32.491857	Trial	end	173
2016-11-10 10:51:39.761140	Trial	start	174
2016-11-10 10:51:39.764688	Speaker	play	None
2016-11-10 10:51:45.769636	Speaker	stop	None
2016-11-10 10:51:45.770243	Trial	end	174
2016-11-10 10:51:48.652976	Trial	start	175
2016-11-10 10:51:48.655620	Speaker	play	None
2016-11-10 10:51:54.661635	Speaker	stop	None
2016-11-10 10:51:54.662245	Trial	end	175
2016-11-10 10:51:59.781232	Trial	start	176
2016-11-10 10:51:59.783291	Speaker	play	None
2016-11-10 10:52:05.789815	Speaker	stop	None
2016-11-10 10:52:05.790647	Trial	end	176
2016-11-10 10:52:08.918904	Trial	start	177
2016-11-10 10:52:08.922206	Speaker	play	None
2016-11-10 10:52:14.927421	Speaker	stop	None
2016-11-10 10:52:14.928414	Hopper	up	None
2016-11-10 10:52:26.932113	Hopper	down	None
2016-11-10 10:52:27.235169	Trial	end	177
2016-11-10 10:54:42.682461	Trial	start	178
2016-11-10 10:54:42.684682	Speaker	play	None
2016-11-10 10:54:48.691085	Speaker	stop	None
2016-11-10 10:54:48.691691	Trial	end	178
2016-11-10 10:54:50.575088	Trial	start	179
2016-11-10 10:54:50.577459	Speaker	play	None
2016-11-10 10:54:56.583707	Speaker	stop	None
2016-11-10 10:54:56.585810	Trial	end	179
2016-11-10 10:55:00.572917	Trial	start	180
2016-11-10 10:55:00.583803	Speaker	play	None
2016-11-10 10:55:06.589687	Speaker	stop	None
2016-11-10 10:55:06.590372	Trial	end	180
2016-11-10 10:55:08.297504	Trial	start	181
2016-11-10 10:55:08.300566	Speaker	play	None
2016-11-10 10:55:14.306054	Speaker	stop	None
2016-11-10 10:55:14.306876	Trial	end	181
2016-11-10 10:55:21.346657	Trial	start	182
2016-11-10 10:55:21.348736	Speaker	play	None
2016-11-10 10:55:27.351084	Speaker	stop	None
2016-11-10 10:55:27.351737	Trial	end	182
2016-11-10 10:56:58.727870	Trial	start	183
2016-11-10 10:56:58.731514	Speaker	play	None
2016-11-10 10:57:04.736386	Speaker	stop	None
2016-11-10 10:57:04.736946	Trial	end	183
2016-11-10 10:57:12.911527	Trial	start	184
2016-11-10 10:57:12.913692	Speaker	play	None
2016-11-10 10:57:18.915937	Speaker	stop	None
2016-11-10 10:57:18.916528	Trial	end	184
2016-11-10 10:57:29.208624	Trial	start	185
2016-11-10 10:57:29.210801	Speaker	play	None
2016-11-10 10:57:35.217292	Speaker	stop	None
2016-11-10 10:57:35.218025	Trial	end	185
2016-11-10 10:57:41.225744	Trial	start	186
2016-11-10 10:57:41.228975	Speaker	play	None
2016-11-10 10:57:47.234216	Speaker	stop	None
2016-11-10 10:57:47.234880	Trial	end	186
2016-11-10 10:58:00.881231	Trial	start	187
2016-11-10 10:58:00.883433	Speaker	play	None
2016-11-10 10:58:02.400868	Speaker	stop	None
2016-11-10 10:58:02.401460	Trial	end	187
2016-11-10 10:58:02.402175	Trial	start	188
2016-11-10 10:58:02.404626	Speaker	play	None
2016-11-10 10:58:08.409360	Speaker	stop	None
2016-11-10 10:58:08.410137	Trial	end	188
2016-11-10 10:58:30.559239	Trial	start	189
2016-11-10 10:58:30.563256	Speaker	play	None
2016-11-10 10:58:36.567954	Speaker	stop	None
2016-11-10 10:58:36.568810	Trial	end	189
2016-11-10 10:58:43.694358	Trial	start	190
2016-11-10 10:58:43.696596	Speaker	play	None
2016-11-10 10:58:49.702955	Speaker	stop	None
2016-11-10 10:58:49.703610	Trial	end	190
2016-11-10 10:58:59.610540	Trial	start	191
2016-11-10 10:58:59.614205	Speaker	play	None
2016-11-10 10:59:05.619328	Speaker	stop	None
2016-11-10 10:59:05.620507	Trial	end	191
2016-11-10 10:59:13.454304	Trial	start	192
2016-11-10 10:59:13.456323	Speaker	play	None
2016-11-10 10:59:19.462930	Speaker	stop	None
2016-11-10 10:59:19.464153	Trial	end	192
2016-11-10 10:59:38.504039	Trial	start	193
2016-11-10 10:59:38.506144	Speaker	play	None
2016-11-10 10:59:39.729028	Speaker	stop	None
2016-11-10 10:59:39.730192	Trial	end	193
2016-11-10 10:59:39.731298	Trial	start	194
2016-11-10 10:59:39.734091	Speaker	play	None
2016-11-10 10:59:45.737289	Speaker	stop	None
2016-11-10 10:59:45.737961	Trial	end	194
2016-11-10 11:00:03.291689	Trial	start	195
2016-11-10 11:00:03.294021	Speaker	play	None
2016-11-10 11:00:09.300927	Speaker	stop	None
2016-11-10 11:00:09.302435	Trial	end	195
2016-11-10 11:00:19.633792	Trial	start	196
2016-11-10 11:00:19.635764	Speaker	play	None
2016-11-10 11:00:25.638315	Speaker	stop	None
2016-11-10 11:00:25.639004	Trial	end	196
2016-11-10 11:00:34.257395	Trial	start	197
2016-11-10 11:00:34.260133	Speaker	play	None
2016-11-10 11:00:40.264343	Speaker	stop	None
2016-11-10 11:00:40.264948	Trial	end	197
2016-11-10 11:03:51.946789	Trial	start	198
2016-11-10 11:03:51.952355	Speaker	play	None
2016-11-10 11:03:57.955251	Speaker	stop	None
2016-11-10 11:03:57.956156	Trial	end	198
2016-11-10 11:04:02.308935	Trial	start	199
2016-11-10 11:04:02.311268	Speaker	play	None
2016-11-10 11:04:08.317514	Speaker	stop	None
2016-11-10 11:04:08.318156	Trial	end	199
2016-11-10 11:04:17.385593	Trial	start	200
2016-11-10 11:04:17.389009	Speaker	play	None
2016-11-10 11:04:23.394020	Speaker	stop	None
2016-11-10 11:04:23.394610	Trial	end	200
2016-11-10 11:04:35.382352	Trial	start	201
2016-11-10 11:04:35.385130	Speaker	play	None
2016-11-10 11:04:41.390840	Speaker	stop	None
2016-11-10 11:04:41.391678	Hopper	up	None
2016-11-10 11:04:53.395562	Hopper	down	None
2016-11-10 11:04:53.698826	Trial	end	201
2016-11-10 11:06:46.041700	Trial	start	202
2016-11-10 11:06:46.044739	Speaker	play	None
2016-11-10 11:06:52.054330	Speaker	stop	None
2016-11-10 11:06:52.055027	Trial	end	202
2016-11-10 11:06:55.118109	Trial	start	203
2016-11-10 11:06:55.120983	Speaker	play	None
2016-11-10 11:07:01.126455	Speaker	stop	None
2016-11-10 11:07:01.127040	Trial	end	203
2016-11-10 11:07:01.851343	Trial	start	204
2016-11-10 11:07:01.854178	Speaker	play	None
2016-11-10 11:07:07.860254	Speaker	stop	None
2016-11-10 11:07:07.861540	Trial	end	204
2016-11-10 11:07:08.912522	Trial	start	205
2016-11-10 11:07:08.915082	Speaker	play	None
2016-11-10 11:07:14.921019	Speaker	stop	None
2016-11-10 11:07:14.921643	Trial	end	205
2016-11-10 11:07:19.549235	Trial	start	206
2016-11-10 11:07:19.552859	Speaker	play	None
2016-11-10 11:07:25.558135	Speaker	stop	None
2016-11-10 11:07:25.558999	Trial	end	206
2016-11-10 11:07:30.615974	Trial	start	207
2016-11-10 11:07:30.618657	Speaker	play	None
2016-11-10 11:07:36.624669	Speaker	stop	None
2016-11-10 11:07:36.625303	Trial	end	207
2016-11-10 11:07:40.884387	Trial	start	208
2016-11-10 11:07:40.888127	Speaker	play	None
2016-11-10 11:07:46.892738	Speaker	stop	None
2016-11-10 11:07:46.893407	Trial	end	208
2016-11-10 11:07:52.085982	Trial	start	209
2016-11-10 11:07:52.088460	Speaker	play	None
2016-11-10 11:07:58.094922	Speaker	stop	None
2016-11-10 11:07:58.095847	Trial	end	209
2016-11-10 11:08:00.986157	Trial	start	210
2016-11-10 11:08:00.988410	Speaker	play	None
2016-11-10 11:08:01.789014	Speaker	stop	None
2016-11-10 11:08:01.789648	Trial	end	210
2016-11-10 11:08:01.790338	Trial	start	211
2016-11-10 11:08:01.792301	Speaker	play	None
2016-11-10 11:08:07.797525	Speaker	stop	None
2016-11-10 11:08:07.798135	Trial	end	211
2016-11-10 11:08:13.240865	Trial	start	212
2016-11-10 11:08:13.244781	Speaker	play	None
2016-11-10 11:08:19.249425	Speaker	stop	None
2016-11-10 11:08:19.250124	Trial	end	212
2016-11-10 11:08:24.491868	Trial	start	213
2016-11-10 11:08:24.494225	Speaker	play	None
2016-11-10 11:08:30.500419	Speaker	stop	None
2016-11-10 11:08:30.501438	Trial	end	213
2016-11-10 11:08:36.906226	Trial	start	214
2016-11-10 11:08:36.909422	Speaker	play	None
2016-11-10 11:08:42.915066	Speaker	stop	None
2016-11-10 11:08:42.916235	Trial	end	214
2016-11-10 11:08:47.956844	Trial	start	215
2016-11-10 11:08:47.963083	Speaker	play	None
2016-11-10 11:08:49.251478	Speaker	stop	None
2016-11-10 11:08:49.252733	Trial	end	215
2016-11-10 11:08:49.254215	Trial	start	216
2016-11-10 11:08:49.256980	Speaker	play	None
2016-11-10 11:08:55.259347	Speaker	stop	None
2016-11-10 11:08:55.260040	Trial	end	216
2016-11-10 11:08:59.285443	Trial	start	217
2016-11-10 11:08:59.287598	Speaker	play	None
2016-11-10 11:09:05.294307	Speaker	stop	None
2016-11-10 11:09:05.295511	Trial	end	217
2016-11-10 11:09:13.002268	Trial	start	218
2016-11-10 11:09:13.006048	Speaker	play	None
2016-11-10 11:09:19.011222	Speaker	stop	None
2016-11-10 11:09:19.013410	Hopper	up	None
2016-11-10 11:09:31.015685	Hopper	down	None
2016-11-10 11:09:31.322598	Trial	end	218
2016-11-10 11:11:16.428486	Trial	start	219
2016-11-10 11:11:16.431492	Speaker	play	None
2016-11-10 11:11:22.436904	Speaker	stop	None
2016-11-10 11:11:22.437453	Trial	end	219
2016-11-10 11:11:25.738067	Trial	start	220
2016-11-10 11:11:25.740688	Speaker	play	None
2016-11-10 11:11:31.746628	Speaker	stop	None
2016-11-10 11:11:31.747260	Trial	end	220
2016-11-10 11:11:36.419818	Trial	start	221
2016-11-10 11:11:36.422831	Speaker	play	None
2016-11-10 11:11:42.428711	Speaker	stop	None
2016-11-10 11:11:42.430138	Trial	end	221
2016-11-10 11:11:48.502486	Trial	start	222
2016-11-10 11:11:48.505797	Speaker	play	None
2016-11-10 11:11:54.511005	Speaker	stop	None
2016-11-10 11:11:54.512516	Trial	end	222
2016-11-10 11:11:58.184713	Trial	start	223
2016-11-10 11:11:58.186854	Speaker	play	None
2016-11-10 11:12:04.193524	Speaker	stop	None
2016-11-10 11:12:04.194464	Trial	end	223
2016-11-10 11:12:08.440571	Trial	start	224
2016-11-10 11:12:08.442602	Speaker	play	None
2016-11-10 11:12:14.445088	Speaker	stop	None
2016-11-10 11:12:14.445661	Trial	end	224
2016-11-10 11:12:18.893129	Trial	start	225
2016-11-10 11:12:18.895501	Speaker	play	None
2016-11-10 11:12:24.901567	Speaker	stop	None
2016-11-10 11:12:24.902160	Trial	end	225
2016-11-10 11:12:30.803531	Trial	start	226
2016-11-10 11:12:30.805819	Speaker	play	None
2016-11-10 11:12:36.810130	Speaker	stop	None
2016-11-10 11:12:36.811617	Trial	end	226
2016-11-10 11:12:42.828735	Trial	start	227
2016-11-10 11:12:42.831008	Speaker	play	None
2016-11-10 11:12:48.837287	Speaker	stop	None
2016-11-10 11:12:48.837837	Trial	end	227
2016-11-10 11:12:52.937156	Trial	start	228
2016-11-10 11:12:52.940017	Speaker	play	None
2016-11-10 11:12:54.313599	Speaker	stop	None
2016-11-10 11:12:54.315734	Trial	end	228
2016-11-10 11:12:54.317358	Trial	start	229
2016-11-10 11:12:54.331802	Speaker	play	None
2016-11-10 11:13:00.338958	Speaker	stop	None
2016-11-10 11:13:00.340112	Trial	end	229
2016-11-10 11:13:06.088723	Trial	start	230
2016-11-10 11:13:06.093721	Speaker	play	None
2016-11-10 11:13:12.097252	Speaker	stop	None
2016-11-10 11:13:12.098019	Trial	end	230
2016-11-10 11:13:20.735216	Trial	start	231
2016-11-10 11:13:20.738676	Speaker	play	None
2016-11-10 11:13:26.743748	Speaker	stop	None
2016-11-10 11:13:26.744526	Trial	end	231
2016-11-10 11:13:32.133654	Trial	start	232
2016-11-10 11:13:32.136040	Speaker	play	None
2016-11-10 11:13:38.142194	Speaker	stop	None
2016-11-10 11:13:38.142738	Trial	end	232
2016-11-10 11:13:47.857350	Trial	start	233
2016-11-10 11:13:47.859701	Speaker	play	None
2016-11-10 11:13:53.865902	Speaker	stop	None
2016-11-10 11:13:53.866931	Hopper	up	None
2016-11-10 11:14:05.870649	Hopper	down	None
2016-11-10 11:14:06.173649	Trial	end	233
2016-11-10 11:15:32.012973	Trial	start	234
2016-11-10 11:15:32.018045	Speaker	play	None
2016-11-10 11:15:38.021527	Speaker	stop	None
2016-11-10 11:15:38.022376	Trial	end	234
2016-11-10 11:15:44.251027	Trial	start	235
2016-11-10 11:15:44.253484	Speaker	play	None
2016-11-10 11:15:50.259661	Speaker	stop	None
2016-11-10 11:15:50.260568	Trial	end	235
2016-11-10 11:15:55.760227	Trial	start	236
2016-11-10 11:15:55.764736	Speaker	play	None
2016-11-10 11:16:01.769101	Speaker	stop	None
2016-11-10 11:16:01.771590	Trial	end	236
2016-11-10 11:16:07.445433	Trial	start	237
2016-11-10 11:16:07.447575	Speaker	play	None
2016-11-10 11:16:13.450181	Speaker	stop	None
2016-11-10 11:16:13.451091	Trial	end	237
2016-11-10 11:16:21.252470	Trial	start	238
2016-11-10 11:16:21.256140	Speaker	play	None
2016-11-10 11:16:22.960316	Speaker	stop	None
2016-11-10 11:16:22.960893	Trial	end	238
2016-11-10 11:16:22.961681	Trial	start	239
2016-11-10 11:16:22.963751	Speaker	play	None
2016-11-10 11:16:25.635026	Speaker	stop	None
2016-11-10 11:16:25.637548	Trial	end	239
2016-11-10 11:16:25.638750	Trial	start	240
2016-11-10 11:16:25.648020	Speaker	play	None
2016-11-10 11:16:31.651530	Speaker	stop	None
2016-11-10 11:16:31.652266	Trial	end	240
2016-11-10 11:16:36.963899	Trial	start	241
2016-11-10 11:16:36.967622	Speaker	play	None
2016-11-10 11:16:42.972369	Speaker	stop	None
2016-11-10 11:16:42.973149	Trial	end	241
2016-11-10 11:16:49.676923	Trial	start	242
2016-11-10 11:16:49.679262	Speaker	play	None
2016-11-10 11:16:55.688130	Speaker	stop	None
2016-11-10 11:16:55.689348	Trial	end	242
2016-11-10 11:17:02.959548	Trial	start	243
2016-11-10 11:17:02.962563	Speaker	play	None
2016-11-10 11:17:08.968259	Speaker	stop	None
2016-11-10 11:17:08.970065	Hopper	up	None
2016-11-10 11:17:20.972817	Hopper	down	None
2016-11-10 11:17:21.275901	Trial	end	243
2016-11-10 11:19:50.685662	Trial	start	244
2016-11-10 11:19:50.688483	Speaker	play	None
2016-11-10 11:19:56.694544	Speaker	stop	None
2016-11-10 11:19:56.695920	Trial	end	244
2016-11-10 11:20:03.747237	Trial	start	245
2016-11-10 11:20:03.754105	Speaker	play	None
2016-11-10 11:20:09.759767	Speaker	stop	None
2016-11-10 11:20:09.760359	Trial	end	245
2016-11-10 11:20:11.091065	Trial	start	246
2016-11-10 11:20:11.095910	Speaker	play	None
2016-11-10 11:20:14.584547	Speaker	stop	None
2016-11-10 11:20:14.585167	Trial	end	246
2016-11-10 11:20:14.585912	Trial	start	247
2016-11-10 11:20:14.588484	Speaker	play	None
2016-11-10 11:20:20.593420	Speaker	stop	None
2016-11-10 11:20:20.595110	Trial	end	247
2016-11-10 11:20:25.381148	Trial	start	248
2016-11-10 11:20:25.384920	Speaker	play	None
2016-11-10 11:20:31.389549	Speaker	stop	None
2016-11-10 11:20:31.390388	Trial	end	248
2016-11-10 11:20:33.957565	Trial	start	249
2016-11-10 11:20:33.960085	Speaker	play	None
2016-11-10 11:20:39.966073	Speaker	stop	None
2016-11-10 11:20:39.966730	Trial	end	249
2016-11-10 11:20:45.597764	Trial	start	250
2016-11-10 11:20:45.601294	Speaker	play	None
2016-11-10 11:20:46.863637	Speaker	stop	None
2016-11-10 11:20:46.865406	Trial	end	250
2016-11-10 11:20:46.868076	Trial	start	251
2016-11-10 11:20:46.870880	Speaker	play	None
2016-11-10 11:20:52.875937	Speaker	stop	None
2016-11-10 11:20:52.876574	Trial	end	251
2016-11-10 11:20:57.926124	Trial	start	252
2016-11-10 11:20:57.928627	Speaker	play	None
2016-11-10 11:21:03.934480	Speaker	stop	None
2016-11-10 11:21:03.935145	Trial	end	252
2016-11-10 11:21:09.029773	Trial	start	253
2016-11-10 11:21:09.032401	Speaker	play	None
2016-11-10 11:21:15.038304	Speaker	stop	None
2016-11-10 11:21:15.039181	Trial	end	253
2016-11-10 11:21:21.574957	Trial	start	254
2016-11-10 11:21:21.577576	Speaker	play	None
2016-11-10 11:21:27.583576	Speaker	stop	None
2016-11-10 11:21:27.584183	Trial	end	254
2016-11-10 11:21:32.826071	Trial	start	255
2016-11-10 11:21:32.828423	Speaker	play	None
2016-11-10 11:21:33.661736	Speaker	stop	None
2016-11-10 11:21:33.662958	Trial	end	255
2016-11-10 11:21:33.664418	Trial	start	256
2016-11-10 11:21:33.671364	Speaker	play	None
2016-11-10 11:21:39.674314	Speaker	stop	None
2016-11-10 11:21:39.674920	Trial	end	256
2016-11-10 11:22:15.671962	Trial	start	257
2016-11-10 11:22:15.674050	Speaker	play	None
2016-11-10 11:22:21.680680	Speaker	stop	None
2016-11-10 11:22:21.681462	Trial	end	257
2016-11-10 11:22:26.460231	Trial	start	258
2016-11-10 11:22:26.462607	Speaker	play	None
2016-11-10 11:22:32.469154	Speaker	stop	None
2016-11-10 11:22:32.469700	Trial	end	258
2016-11-10 11:22:37.436961	Trial	start	259
2016-11-10 11:22:37.439712	Speaker	play	None
2016-11-10 11:22:43.445576	Speaker	stop	None
2016-11-10 11:22:43.446290	Trial	end	259
2016-11-10 11:22:50.920384	Trial	start	260
2016-11-10 11:22:50.925943	Speaker	play	None
2016-11-10 11:22:56.928951	Speaker	stop	None
2016-11-10 11:22:56.930559	Trial	end	260
2016-11-10 11:23:02.605448	Trial	start	261
2016-11-10 11:23:02.607769	Speaker	play	None
2016-11-10 11:23:08.614444	Speaker	stop	None
2016-11-10 11:23:08.615034	Trial	end	261
2016-11-10 11:23:14.466869	Trial	start	262
2016-11-10 11:23:14.468963	Speaker	play	None
2016-11-10 11:23:20.475576	Speaker	stop	None
2016-11-10 11:23:20.477109	Hopper	up	None
2016-11-10 11:23:32.480057	Hopper	down	None
2016-11-10 11:23:32.783192	Trial	end	262
2016-11-10 11:24:40.752822	Trial	start	263
2016-11-10 11:24:40.757305	Speaker	play	None
2016-11-10 11:24:41.559588	Speaker	stop	None
2016-11-10 11:24:41.560232	Trial	end	263
2016-11-10 11:24:41.561039	Trial	start	264
2016-11-10 11:24:41.563299	Speaker	play	None
2016-11-10 11:24:47.567938	Speaker	stop	None
2016-11-10 11:24:47.568532	Trial	end	264
2016-11-10 11:24:50.844587	Trial	start	265
2016-11-10 11:24:50.848716	Speaker	play	None
2016-11-10 11:24:51.811489	Speaker	stop	None
2016-11-10 11:24:51.812588	Trial	end	265
2016-11-10 11:24:51.813735	Trial	start	266
2016-11-10 11:24:51.817752	Speaker	play	None
2016-11-10 11:24:57.823800	Speaker	stop	None
2016-11-10 11:24:57.824401	Trial	end	266
2016-11-10 11:25:01.355212	Trial	start	267
2016-11-10 11:25:01.359553	Speaker	play	None
2016-11-10 11:25:02.685770	Speaker	stop	None
2016-11-10 11:25:02.687600	Trial	end	267
2016-11-10 11:25:02.689562	Trial	start	268
2016-11-10 11:25:02.692018	Speaker	play	None
2016-11-10 11:25:08.698071	Speaker	stop	None
2016-11-10 11:25:08.698728	Trial	end	268
2016-11-10 11:25:10.487851	Trial	start	269
2016-11-10 11:25:10.490384	Speaker	play	None
2016-11-10 11:25:10.631333	Speaker	stop	None
2016-11-10 11:25:10.631988	Trial	end	269
2016-11-10 11:25:10.632748	Trial	start	270
2016-11-10 11:25:10.634634	Speaker	play	None
2016-11-10 11:25:16.639761	Speaker	stop	None
2016-11-10 11:25:16.640534	Trial	end	270
2016-11-10 11:25:20.919830	Trial	start	271
2016-11-10 11:25:20.921943	Speaker	play	None
2016-11-10 11:25:21.706331	Speaker	stop	None
2016-11-10 11:25:21.707016	Trial	end	271
2016-11-10 11:25:21.707827	Trial	start	272
2016-11-10 11:25:21.710448	Speaker	play	None
2016-11-10 11:25:27.714734	Speaker	stop	None
2016-11-10 11:25:27.715365	Trial	end	272
2016-11-10 11:25:45.007042	Trial	start	273
2016-11-10 11:25:45.009217	Speaker	play	None
2016-11-10 11:25:51.015650	Speaker	stop	None
2016-11-10 11:25:51.016341	Trial	end	273
2016-11-10 11:25:55.070385	Trial	start	274
2016-11-10 11:25:55.073775	Speaker	play	None
2016-11-10 11:25:55.857017	Speaker	stop	None
2016-11-10 11:25:55.858545	Trial	end	274
2016-11-10 11:25:55.859814	Trial	start	275
2016-11-10 11:25:55.862483	Speaker	play	None
2016-11-10 11:26:01.865429	Speaker	stop	None
2016-11-10 11:26:01.866528	Trial	end	275
2016-11-10 11:26:06.792512	Trial	start	276
2016-11-10 11:26:06.795361	Speaker	play	None
2016-11-10 11:26:12.801227	Speaker	stop	None
2016-11-10 11:26:12.802023	Trial	end	276
2016-11-10 11:26:20.009612	Trial	start	277
2016-11-10 11:26:20.014033	Speaker	play	None
2016-11-10 11:26:26.018216	Speaker	stop	None
2016-11-10 11:26:26.018894	Trial	end	277
2016-11-10 11:26:35.479305	Trial	start	278
2016-11-10 11:26:35.481504	Speaker	play	None
2016-11-10 11:26:41.483778	Speaker	stop	None
2016-11-10 11:26:41.484392	Trial	end	278
2016-11-10 11:26:47.045899	Trial	start	279
2016-11-10 11:26:47.050131	Speaker	play	None
2016-11-10 11:26:53.058525	Speaker	stop	None
2016-11-10 11:26:53.059351	Trial	end	279
2016-11-10 11:27:01.217182	Trial	start	280
2016-11-10 11:27:01.219550	Speaker	play	None
2016-11-10 11:27:02.945654	Speaker	stop	None
2016-11-10 11:27:02.946256	Trial	end	280
2016-11-10 11:27:02.947052	Trial	start	281
2016-11-10 11:27:02.949015	Speaker	play	None
2016-11-10 11:27:08.954098	Speaker	stop	None
2016-11-10 11:27:08.954691	Trial	end	281
2016-11-10 11:27:11.759781	Trial	start	282
2016-11-10 11:27:11.767232	Speaker	play	None
2016-11-10 11:27:12.492942	Speaker	stop	None
2016-11-10 11:27:12.493613	Trial	end	282
2016-11-10 11:27:12.494513	Trial	start	283
2016-11-10 11:27:12.497238	Speaker	play	None
2016-11-10 11:27:12.583224	Speaker	stop	None
2016-11-10 11:27:12.584187	Trial	end	283
2016-11-10 11:27:12.585167	Trial	start	284
2016-11-10 11:27:12.587308	Speaker	play	None
2016-11-10 11:27:18.591534	Speaker	stop	None
2016-11-10 11:27:18.592163	Trial	end	284
2016-11-10 11:27:23.281085	Trial	start	285
2016-11-10 11:27:23.283114	Speaker	play	None
2016-11-10 11:27:24.231398	Speaker	stop	None
2016-11-10 11:27:24.232014	Trial	end	285
2016-11-10 11:27:24.232686	Trial	start	286
2016-11-10 11:27:24.234768	Speaker	play	None
2016-11-10 11:27:30.239861	Speaker	stop	None
2016-11-10 11:27:30.240809	Hopper	up	None
2016-11-10 11:27:42.244569	Hopper	down	None
2016-11-10 11:27:42.547665	Trial	end	286
2016-11-10 11:29:19.937004	Trial	start	287
2016-11-10 11:29:19.940860	Speaker	play	None
2016-11-10 11:29:20.391870	Speaker	stop	None
2016-11-10 11:29:20.393268	Trial	end	287
2016-11-10 11:29:20.394504	Trial	start	288
2016-11-10 11:29:20.397172	Speaker	play	None
2016-11-10 11:29:26.400179	Speaker	stop	None
2016-11-10 11:29:26.400997	Trial	end	288
2016-11-10 11:29:28.271895	Trial	start	289
2016-11-10 11:29:28.274206	Speaker	play	None
2016-11-10 11:29:28.812725	Speaker	stop	None
2016-11-10 11:29:28.813410	Trial	end	289
2016-11-10 11:29:28.814340	Trial	start	290
2016-11-10 11:29:28.817594	Speaker	play	None
2016-11-10 11:29:34.821326	Speaker	stop	None
2016-11-10 11:29:34.822628	Trial	end	290
2016-11-10 11:29:44.134839	Trial	start	291
2016-11-10 11:29:44.137832	Speaker	play	None
2016-11-10 11:29:44.282410	Speaker	stop	None
2016-11-10 11:29:44.282958	Trial	end	291
2016-11-10 11:29:44.283639	Trial	start	292
2016-11-10 11:29:44.285504	Speaker	play	None
2016-11-10 11:29:50.290794	Speaker	stop	None
2016-11-10 11:29:50.291415	Trial	end	292
2016-11-10 11:29:55.287715	Trial	start	293
2016-11-10 11:29:55.290347	Speaker	play	None
2016-11-10 11:30:01.296192	Speaker	stop	None
2016-11-10 11:30:01.296867	Trial	end	293
2016-11-10 11:30:06.518186	Trial	start	294
2016-11-10 11:30:06.520323	Speaker	play	None
2016-11-10 11:30:07.345968	Speaker	stop	None
2016-11-10 11:30:07.346911	Trial	end	294
2016-11-10 11:30:07.347999	Trial	start	295
2016-11-10 11:30:07.350456	Speaker	play	None
2016-11-10 11:30:13.354175	Speaker	stop	None
2016-11-10 11:30:13.354751	Trial	end	295
2016-11-10 11:30:18.006932	Trial	start	296
2016-11-10 11:30:18.011857	Speaker	play	None
2016-11-10 11:30:19.764069	Speaker	stop	None
2016-11-10 11:30:19.764676	Trial	end	296
2016-11-10 11:30:19.765302	Trial	start	297
2016-11-10 11:30:19.767573	Speaker	play	None
2016-11-10 11:30:25.772720	Speaker	stop	None
2016-11-10 11:30:25.773665	Trial	end	297
2016-11-10 11:30:31.011221	Trial	start	298
2016-11-10 11:30:31.015248	Speaker	play	None
2016-11-10 11:30:31.089594	Speaker	stop	None
2016-11-10 11:30:31.090210	Trial	end	298
2016-11-10 11:30:31.090971	Trial	start	299
2016-11-10 11:30:31.093830	Speaker	play	None
2016-11-10 11:30:37.097381	Speaker	stop	None
2016-11-10 11:30:37.098432	Trial	end	299
2016-11-10 11:30:40.218405	Trial	start	300
2016-11-10 11:30:40.222490	Speaker	play	None
2016-11-10 11:30:46.226853	Speaker	stop	None
2016-11-10 11:30:46.227436	Trial	end	300
2016-11-10 11:30:53.902277	Trial	start	301
2016-11-10 11:30:53.904873	Speaker	play	None
2016-11-10 11:30:55.000053	Speaker	stop	None
2016-11-10 11:30:55.000679	Trial	end	301
2016-11-10 11:30:55.001388	Trial	start	302
2016-11-10 11:30:55.003549	Speaker	play	None
2016-11-10 11:30:56.769391	Speaker	stop	None
2016-11-10 11:30:56.770087	Trial	end	302
2016-11-10 11:30:56.771025	Trial	start	303
2016-11-10 11:30:56.773275	Speaker	play	None
2016-11-10 11:31:02.781994	Speaker	stop	None
2016-11-10 11:31:02.783117	Trial	end	303
2016-11-10 11:31:08.880538	Trial	start	304
2016-11-10 11:31:08.882901	Speaker	play	None
2016-11-10 11:31:14.889142	Speaker	stop	None
2016-11-10 11:31:14.889823	Trial	end	304
2016-11-10 11:31:19.685183	Trial	start	305
2016-11-10 11:31:19.687294	Speaker	play	None
2016-11-10 11:31:25.693782	Speaker	stop	None
2016-11-10 11:31:25.694462	Trial	end	305
2016-11-10 11:31:32.034052	Trial	start	306
2016-11-10 11:31:32.037739	Speaker	play	None
2016-11-10 11:31:33.037613	Speaker	stop	None
2016-11-10 11:31:33.038504	Trial	end	306
2016-11-10 11:31:33.039392	Trial	start	307
2016-11-10 11:31:33.043037	Speaker	play	None
2016-11-10 11:31:34.172049	Speaker	stop	None
2016-11-10 11:31:34.172694	Trial	end	307
2016-11-10 11:31:34.174134	Trial	start	308
2016-11-10 11:31:34.177159	Speaker	play	None
2016-11-10 11:31:40.180798	Speaker	stop	None
2016-11-10 11:31:40.182218	Hopper	up	None
2016-11-10 11:31:52.185218	Hopper	down	None
2016-11-10 11:31:52.488286	Trial	end	308
2016-11-10 11:34:19.960733	Trial	start	309
2016-11-10 11:34:19.969821	Speaker	play	None
2016-11-10 11:34:25.973425	Speaker	stop	None
2016-11-10 11:34:25.974063	Trial	end	309
2016-11-10 11:35:00.693320	Trial	start	310
2016-11-10 11:35:00.696463	Speaker	play	None
2016-11-10 11:35:06.701993	Speaker	stop	None
2016-11-10 11:35:06.702881	Trial	end	310
2016-11-10 11:35:14.409954	Trial	start	311
2016-11-10 11:35:14.411991	Speaker	play	None
2016-11-10 11:35:15.655499	Speaker	stop	None
2016-11-10 11:35:15.656494	Trial	end	311
2016-11-10 11:35:15.657324	Trial	start	312
2016-11-10 11:35:15.659908	Speaker	play	None
2016-11-10 11:35:21.663698	Speaker	stop	None
2016-11-10 11:35:21.664361	Trial	end	312
2016-11-10 11:35:30.690668	Trial	start	313
2016-11-10 11:35:30.692869	Speaker	play	None
2016-11-10 11:35:33.095087	Speaker	stop	None
2016-11-10 11:35:33.095877	Trial	end	313
2016-11-10 11:35:33.096831	Trial	start	314
2016-11-10 11:35:33.099410	Speaker	play	None
2016-11-10 11:35:33.209698	Speaker	stop	None
2016-11-10 11:35:33.210285	Trial	end	314
2016-11-10 11:35:33.210924	Trial	start	315
2016-11-10 11:35:33.212850	Speaker	play	None
2016-11-10 11:35:39.218192	Speaker	stop	None
2016-11-10 11:35:39.218896	Trial	end	315
2016-11-10 11:35:56.318052	Trial	start	316
2016-11-10 11:35:56.321397	Speaker	play	None
2016-11-10 11:36:02.326571	Speaker	stop	None
2016-11-10 11:36:02.327621	Hopper	up	None
2016-11-10 11:36:14.331296	Hopper	down	None
2016-11-10 11:36:14.634373	Trial	end	316
2016-11-10 11:40:43.538388	Trial	start	317
2016-11-10 11:40:43.540497	Speaker	play	None
2016-11-10 11:40:49.546992	Speaker	stop	None
2016-11-10 11:40:49.547750	Trial	end	317
2016-11-10 11:40:55.801101	Trial	start	318
2016-11-10 11:40:55.803438	Speaker	play	None
2016-11-10 11:40:57.644282	Speaker	stop	None
2016-11-10 11:40:57.644933	Trial	end	318
2016-11-10 11:40:57.645715	Trial	start	319
2016-11-10 11:40:57.648214	Speaker	play	None
2016-11-10 11:41:03.652782	Speaker	stop	None
2016-11-10 11:41:03.653472	Trial	end	319
2016-11-10 11:41:18.983168	Trial	start	320
2016-11-10 11:41:18.985323	Speaker	play	None
2016-11-10 11:41:24.991781	Speaker	stop	None
2016-11-10 11:41:24.992557	Trial	end	320
2016-11-10 11:41:28.895073	Trial	start	321
2016-11-10 11:41:28.899283	Speaker	play	None
2016-11-10 11:41:34.903840	Speaker	stop	None
2016-11-10 11:41:34.904713	Trial	end	321
2016-11-10 11:41:42.079269	Trial	start	322
2016-11-10 11:41:42.081739	Speaker	play	None
2016-11-10 11:41:42.837129	Speaker	stop	None
2016-11-10 11:41:42.837783	Trial	end	322
2016-11-10 11:41:42.838513	Trial	start	323
2016-11-10 11:41:42.841230	Speaker	play	None
2016-11-10 11:41:48.845817	Speaker	stop	None
2016-11-10 11:41:48.847429	Trial	end	323
2016-11-10 11:41:55.116149	Trial	start	324
2016-11-10 11:41:55.119841	Speaker	play	None
2016-11-10 11:42:01.124705	Speaker	stop	None
2016-11-10 11:42:01.125586	Trial	end	324
2016-11-10 11:42:12.195692	Trial	start	325
2016-11-10 11:42:12.199651	Speaker	play	None
2016-11-10 11:42:12.904154	Speaker	stop	None
2016-11-10 11:42:12.904787	Trial	end	325
2016-11-10 11:42:12.905640	Trial	start	326
2016-11-10 11:42:12.907914	Speaker	play	None
2016-11-10 11:42:18.912605	Speaker	stop	None
2016-11-10 11:42:18.913257	Trial	end	326
2016-11-10 11:42:22.111376	Trial	start	327
2016-11-10 11:42:22.115929	Speaker	play	None
2016-11-10 11:42:28.119858	Speaker	stop	None
2016-11-10 11:42:28.120698	Trial	end	327
2016-11-10 11:42:32.997963	Trial	start	328
2016-11-10 11:42:33.000484	Speaker	play	None
2016-11-10 11:42:39.006681	Speaker	stop	None
2016-11-10 11:42:39.007389	Trial	end	328
2016-11-10 11:43:22.348008	Trial	start	329
2016-11-10 11:43:22.351297	Speaker	play	None
2016-11-10 11:43:28.356591	Speaker	stop	None
2016-11-10 11:43:28.357314	Trial	end	329
2016-11-10 11:43:42.638386	Trial	start	330
2016-11-10 11:43:42.640664	Speaker	play	None
2016-11-10 11:43:42.798273	Speaker	stop	None
2016-11-10 11:43:42.799216	Trial	end	330
2016-11-10 11:43:42.799944	Trial	start	331
2016-11-10 11:43:42.801971	Speaker	play	None
2016-11-10 11:43:48.806743	Speaker	stop	None
2016-11-10 11:43:48.807436	Trial	end	331
2016-11-10 11:43:57.104886	Trial	start	332
2016-11-10 11:43:57.116460	Speaker	play	None
2016-11-10 11:44:03.121504	Speaker	stop	None
2016-11-10 11:44:03.122124	Trial	end	332
2016-11-10 11:44:09.940867	Trial	start	333
2016-11-10 11:44:09.943014	Speaker	play	None
2016-11-10 11:44:15.949464	Speaker	stop	None
2016-11-10 11:44:15.950202	Trial	end	333
2016-11-10 11:44:22.424909	Trial	start	334
2016-11-10 11:44:22.429128	Speaker	play	None
2016-11-10 11:44:28.433367	Speaker	stop	None
2016-11-10 11:44:28.434296	Hopper	up	None
2016-11-10 11:44:40.439248	Hopper	down	None
2016-11-10 11:44:40.745111	Trial	end	334
2016-11-10 12:17:09.124742	Trial	start	335
2016-11-10 12:17:09.129613	Speaker	play	None
2016-11-10 12:17:15.132875	Speaker	stop	None
2016-11-10 12:17:15.133505	Trial	end	335
2016-11-10 12:17:18.032766	Trial	start	336
2016-11-10 12:17:18.036209	Speaker	play	None
2016-11-10 12:17:24.041237	Speaker	stop	None
2016-11-10 12:17:24.042146	Hopper	up	None
2016-11-10 12:17:36.045999	Hopper	down	None
2016-11-10 12:17:36.353007	Trial	end	336
2016-11-10 12:20:55.620927	Trial	start	337
2016-11-10 12:20:55.623805	Speaker	play	None
2016-11-10 12:21:01.629664	Speaker	stop	None
2016-11-10 12:21:01.631265	Trial	end	337
2016-11-10 12:21:09.071754	Trial	start	338
2016-11-10 12:21:09.074612	Speaker	play	None
2016-11-10 12:21:15.080061	Speaker	stop	None
2016-11-10 12:21:15.080695	Trial	end	338
2016-11-10 12:21:15.190764	Trial	start	339
2016-11-10 12:21:15.194212	Speaker	play	None
2016-11-10 12:21:15.780434	Speaker	stop	None
2016-11-10 12:21:15.780979	Trial	end	339
2016-11-10 12:21:15.781758	Trial	start	340
2016-11-10 12:21:15.783805	Speaker	play	None
2016-11-10 12:21:16.908028	Speaker	stop	None
2016-11-10 12:21:16.910711	Trial	end	340
2016-11-10 12:21:16.912253	Trial	start	341
2016-11-10 12:21:16.915120	Speaker	play	None
2016-11-10 12:21:22.919345	Speaker	stop	None
2016-11-10 12:21:22.919969	Trial	end	341
2016-11-10 12:21:25.290784	Trial	start	342
2016-11-10 12:21:25.293175	Speaker	play	None
2016-11-10 12:21:27.097345	Speaker	stop	None
2016-11-10 12:21:27.098372	Trial	end	342
2016-11-10 12:21:27.100074	Trial	start	343
2016-11-10 12:21:27.103244	Speaker	play	None
2016-11-10 12:21:33.108955	Speaker	stop	None
2016-11-10 12:21:33.109652	Trial	end	343
2016-11-10 12:21:34.920023	Trial	start	344
2016-11-10 12:21:34.924625	Speaker	play	None
2016-11-10 12:21:40.928631	Speaker	stop	None
2016-11-10 12:21:40.929493	Trial	end	344
2016-11-10 12:21:43.930742	Trial	start	345
2016-11-10 12:21:43.933296	Speaker	play	None
2016-11-10 12:21:49.939285	Speaker	stop	None
2016-11-10 12:21:49.940226	Hopper	up	None
2016-11-10 12:22:01.943951	Hopper	down	None
2016-11-10 12:22:02.246989	Trial	end	345
2016-11-10 13:02:24.038664	Trial	start	346
2016-11-10 13:02:24.040666	Speaker	play	None
2016-11-10 13:02:30.047360	Speaker	stop	None
2016-11-10 13:02:30.048933	Hopper	up	None
2016-11-10 13:02:42.051898	Hopper	down	None
2016-11-10 13:02:42.355012	Trial	end	346
2016-11-10 13:06:56.522457	Trial	start	347
2016-11-10 13:06:56.525025	Speaker	play	None
2016-11-10 13:07:02.529595	Speaker	stop	None
2016-11-10 13:07:02.531520	Trial	end	347
2016-11-10 13:07:05.942740	Trial	start	348
2016-11-10 13:07:05.944717	Speaker	play	None
2016-11-10 13:07:11.947224	Speaker	stop	None
2016-11-10 13:07:11.947895	Trial	end	348
2016-11-10 13:07:15.330301	Trial	start	349
2016-11-10 13:07:15.336158	Speaker	play	None
2016-11-10 13:07:21.338886	Speaker	stop	None
2016-11-10 13:07:21.339656	Trial	end	349
2016-11-10 13:07:25.672099	Trial	start	350
2016-11-10 13:07:25.676508	Speaker	play	None
2016-11-10 13:07:31.680577	Speaker	stop	None
2016-11-10 13:07:31.681132	Trial	end	350
2016-11-10 13:07:37.978571	Trial	start	351
2016-11-10 13:07:37.982082	Speaker	play	None
2016-11-10 13:07:43.984585	Speaker	stop	None
2016-11-10 13:07:43.985730	Trial	end	351
2016-11-10 13:07:49.181811	Trial	start	352
2016-11-10 13:07:49.184307	Speaker	play	None
2016-11-10 13:07:55.190746	Speaker	stop	None
2016-11-10 13:07:55.192569	Trial	end	352
2016-11-10 13:07:59.634429	Trial	start	353
2016-11-10 13:07:59.636847	Speaker	play	None
2016-11-10 13:08:01.092599	Speaker	stop	None
2016-11-10 13:08:01.094662	Trial	end	353
2016-11-10 13:08:01.095896	Trial	start	354
2016-11-10 13:08:01.098750	Speaker	play	None
2016-11-10 13:08:07.105026	Speaker	stop	None
2016-11-10 13:08:07.105887	Trial	end	354
2016-11-10 13:08:12.044422	Trial	start	355
2016-11-10 13:08:12.046626	Speaker	play	None
2016-11-10 13:08:18.053046	Speaker	stop	None
2016-11-10 13:08:18.053785	Trial	end	355
2016-11-10 13:08:24.638916	Trial	start	356
2016-11-10 13:08:24.641891	Speaker	play	None
2016-11-10 13:08:25.462352	Speaker	stop	None
2016-11-10 13:08:25.463469	Trial	end	356
2016-11-10 13:08:25.466276	Trial	start	357
2016-11-10 13:08:25.471201	Speaker	play	None
2016-11-10 13:08:31.474866	Speaker	stop	None
2016-11-10 13:08:31.475652	Trial	end	357
2016-11-10 13:08:32.048351	Trial	start	358
2016-11-10 13:08:32.051090	Speaker	play	None
2016-11-10 13:08:38.060628	Speaker	stop	None
2016-11-10 13:08:38.062438	Trial	end	358
2016-11-10 13:08:42.308303	Trial	start	359
2016-11-10 13:08:42.311783	Speaker	play	None
2016-11-10 13:08:43.971471	Speaker	stop	None
2016-11-10 13:08:43.972408	Trial	end	359
2016-11-10 13:08:43.973297	Trial	start	360
2016-11-10 13:08:43.982531	Speaker	play	None
2016-11-10 13:08:49.987735	Speaker	stop	None
2016-11-10 13:08:49.988321	Trial	end	360
2016-11-10 13:08:53.239838	Trial	start	361
2016-11-10 13:08:53.242264	Speaker	play	None
2016-11-10 13:08:59.248310	Speaker	stop	None
2016-11-10 13:08:59.248863	Trial	end	361
2016-11-10 13:09:03.950290	Trial	start	362
2016-11-10 13:09:03.952344	Speaker	play	None
2016-11-10 13:09:05.437130	Speaker	stop	None
2016-11-10 13:09:05.437903	Trial	end	362
2016-11-10 13:09:05.446142	Trial	start	363
2016-11-10 13:09:05.448645	Speaker	play	None
2016-11-10 13:09:11.453737	Speaker	stop	None
2016-11-10 13:09:11.454328	Trial	end	363
2016-11-10 13:09:15.721706	Trial	start	364
2016-11-10 13:09:15.725615	Speaker	play	None
2016-11-10 13:09:17.159259	Speaker	stop	None
2016-11-10 13:09:17.159894	Trial	end	364
2016-11-10 13:09:17.160558	Trial	start	365
2016-11-10 13:09:17.162789	Speaker	play	None
2016-11-10 13:09:17.986805	Speaker	stop	None
2016-11-10 13:09:17.988077	Trial	end	365
2016-11-10 13:09:17.989423	Trial	start	366
2016-11-10 13:09:17.992267	Speaker	play	None
2016-11-10 13:09:23.999143	Speaker	stop	None
2016-11-10 13:09:23.999706	Trial	end	366
2016-11-10 13:09:29.704476	Trial	start	367
2016-11-10 13:09:29.706674	Speaker	play	None
2016-11-10 13:09:30.708041	Speaker	stop	None
2016-11-10 13:09:30.708838	Trial	end	367
2016-11-10 13:09:30.710280	Trial	start	368
2016-11-10 13:09:30.713939	Speaker	play	None
2016-11-10 13:09:36.716602	Speaker	stop	None
2016-11-10 13:09:36.718156	Trial	end	368
2016-11-10 13:09:44.776864	Trial	start	369
2016-11-10 13:09:44.779324	Speaker	play	None
2016-11-10 13:09:46.317036	Speaker	stop	None
2016-11-10 13:09:46.317703	Trial	end	369
2016-11-10 13:09:46.318439	Trial	start	370
2016-11-10 13:09:46.321349	Speaker	play	None
2016-11-10 13:09:52.329901	Speaker	stop	None
2016-11-10 13:09:52.331317	Trial	end	370
2016-11-10 13:10:01.782876	Trial	start	371
2016-11-10 13:10:01.787645	Speaker	play	None
2016-11-10 13:10:07.795238	Speaker	stop	None
2016-11-10 13:10:07.795866	Trial	end	371
2016-11-10 13:10:16.269335	Trial	start	372
2016-11-10 13:10:16.271641	Speaker	play	None
2016-11-10 13:10:22.277991	Speaker	stop	None
2016-11-10 13:10:22.278798	Trial	end	372
2016-11-10 13:10:31.382780	Trial	start	373
2016-11-10 13:10:31.384976	Speaker	play	None
2016-11-10 13:10:37.391566	Speaker	stop	None
2016-11-10 13:10:37.393730	Trial	end	373
2016-11-10 13:10:44.001869	Trial	start	374
2016-11-10 13:10:44.003899	Speaker	play	None
2016-11-10 13:10:50.006314	Speaker	stop	None
2016-11-10 13:10:50.006835	Trial	end	374
2016-11-10 13:11:01.589093	Trial	start	375
2016-11-10 13:11:01.591560	Speaker	play	None
2016-11-10 13:11:07.597945	Speaker	stop	None
2016-11-10 13:11:07.598950	Trial	end	375
2016-11-10 13:11:25.062131	Trial	start	376
2016-11-10 13:11:25.066282	Speaker	play	None
2016-11-10 13:11:31.070579	Speaker	stop	None
2016-11-10 13:11:31.071187	Trial	end	376
2016-11-10 13:11:39.401337	Trial	start	377
2016-11-10 13:11:39.404368	Speaker	play	None
2016-11-10 13:11:40.388683	Speaker	stop	None
2016-11-10 13:11:40.390178	Trial	end	377
2016-11-10 13:11:40.391793	Trial	start	378
2016-11-10 13:11:40.394339	Speaker	play	None
2016-11-10 13:11:46.396954	Speaker	stop	None
2016-11-10 13:11:46.397798	Trial	end	378
2016-11-10 13:11:57.852887	Trial	start	379
2016-11-10 13:11:57.856259	Speaker	play	None
2016-11-10 13:12:03.861332	Speaker	stop	None
2016-11-10 13:12:03.862003	Trial	end	379
2016-11-10 13:12:11.463251	Trial	start	380
2016-11-10 13:12:11.467267	Speaker	play	None
2016-11-10 13:12:17.471566	Speaker	stop	None
2016-11-10 13:12:17.472478	Hopper	up	None
2016-11-10 13:12:29.476419	Hopper	down	None
2016-11-10 13:12:29.779389	Trial	end	380
2016-11-10 13:15:49.923719	Trial	start	381
2016-11-10 13:15:49.928353	Speaker	play	None
2016-11-10 13:15:50.898352	Speaker	stop	None
2016-11-10 13:15:50.898945	Trial	end	381
2016-11-10 13:15:50.899676	Trial	start	382
2016-11-10 13:15:50.901704	Speaker	play	None
2016-11-10 13:15:56.906836	Speaker	stop	None
2016-11-10 13:15:56.907733	Hopper	up	None
2016-11-10 13:16:08.911525	Hopper	down	None
2016-11-10 13:16:09.214529	Trial	end	382
2016-11-10 13:20:19.196123	Trial	start	383
2016-11-10 13:20:19.198245	Speaker	play	None
2016-11-10 13:20:24.770542	Speaker	stop	None
2016-11-10 13:20:24.771202	Trial	end	383
2016-11-10 13:20:24.771857	Trial	start	384
2016-11-10 13:20:24.774466	Speaker	play	None
2016-11-10 13:20:30.779266	Speaker	stop	None
2016-11-10 13:20:30.780621	Trial	end	384
2016-11-10 13:20:36.013371	Trial	start	385
2016-11-10 13:20:36.015967	Speaker	play	None
2016-11-10 13:20:36.754887	Speaker	stop	None
2016-11-10 13:20:36.755617	Trial	end	385
2016-11-10 13:20:36.756339	Trial	start	386
2016-11-10 13:20:36.758442	Speaker	play	None
2016-11-10 13:20:42.763223	Speaker	stop	None
2016-11-10 13:20:42.764202	Hopper	up	None
2016-11-10 13:20:54.767933	Hopper	down	None
2016-11-10 13:20:55.071006	Trial	end	386
2016-11-10 13:23:05.177521	Trial	start	387
2016-11-10 13:23:05.181685	Speaker	play	None
2016-11-10 13:23:06.156372	Speaker	stop	None
2016-11-10 13:23:06.157120	Trial	end	387
2016-11-10 13:23:06.157685	Trial	start	388
2016-11-10 13:23:06.160383	Speaker	play	None
2016-11-10 13:23:12.164955	Speaker	stop	None
2016-11-10 13:23:12.166107	Trial	end	388
2016-11-10 13:23:13.663862	Trial	start	389
2016-11-10 13:23:13.666218	Speaker	play	None
2016-11-10 13:23:19.672533	Speaker	stop	None
2016-11-10 13:23:19.673764	Trial	end	389
2016-11-10 13:23:20.430098	Trial	start	390
2016-11-10 13:23:20.433295	Speaker	play	None
2016-11-10 13:23:26.438627	Speaker	stop	None
2016-11-10 13:23:26.439317	Trial	end	390
2016-11-10 13:23:30.489299	Trial	start	391
2016-11-10 13:23:30.491819	Speaker	play	None
2016-11-10 13:23:36.502124	Speaker	stop	None
2016-11-10 13:23:36.503599	Trial	end	391
2016-11-10 13:23:39.696605	Trial	start	392
2016-11-10 13:23:39.698665	Speaker	play	None
2016-11-10 13:23:45.701116	Speaker	stop	None
2016-11-10 13:23:45.701852	Trial	end	392
2016-11-10 13:23:49.702651	Trial	start	393
2016-11-10 13:23:49.713051	Speaker	play	None
2016-11-10 13:23:52.033283	Speaker	stop	None
2016-11-10 13:23:52.034078	Trial	end	393
2016-11-10 13:23:52.034832	Trial	start	394
2016-11-10 13:23:52.036773	Speaker	play	None
2016-11-10 13:23:58.041662	Speaker	stop	None
2016-11-10 13:23:58.042590	Hopper	up	None
2016-11-10 13:24:10.046360	Hopper	down	None
2016-11-10 13:24:10.349353	Trial	end	394
2016-11-10 13:28:44.807289	Trial	start	395
2016-11-10 13:28:44.809542	Speaker	play	None
2016-11-10 13:28:50.816071	Speaker	stop	None
2016-11-10 13:28:50.817547	Trial	end	395
2016-11-10 13:28:51.938081	Trial	start	396
2016-11-10 13:28:51.940935	Speaker	play	None
2016-11-10 13:28:52.781902	Speaker	stop	None
2016-11-10 13:28:52.783062	Trial	end	396
2016-11-10 13:28:52.784328	Trial	start	397
2016-11-10 13:28:52.789175	Speaker	play	None
2016-11-10 13:28:58.794429	Speaker	stop	None
2016-11-10 13:28:58.795236	Trial	end	397
2016-11-10 13:28:59.478359	Trial	start	398
2016-11-10 13:28:59.480496	Speaker	play	None
2016-11-10 13:29:05.482864	Speaker	stop	None
2016-11-10 13:29:05.483588	Trial	end	398
2016-11-10 13:29:07.874693	Trial	start	399
2016-11-10 13:29:07.880524	Speaker	play	None
2016-11-10 13:29:13.883357	Speaker	stop	None
2016-11-10 13:29:13.884526	Trial	end	399
2016-11-10 13:29:17.704688	Trial	start	400
2016-11-10 13:29:17.707596	Speaker	play	None
2016-11-10 13:29:19.080879	Speaker	stop	None
2016-11-10 13:29:19.082728	Trial	end	400
2016-11-10 13:29:19.085408	Trial	start	401
2016-11-10 13:29:19.088360	Speaker	play	None
2016-11-10 13:29:25.093562	Speaker	stop	None
2016-11-10 13:29:25.094412	Trial	end	401
2016-11-10 13:29:31.463850	Trial	start	402
2016-11-10 13:29:31.468554	Speaker	play	None
2016-11-10 13:29:37.474920	Speaker	stop	None
2016-11-10 13:29:37.475565	Trial	end	402
2016-11-10 13:29:41.406855	Trial	start	403
2016-11-10 13:29:41.409106	Speaker	play	None
2016-11-10 13:29:42.988160	Speaker	stop	None
2016-11-10 13:29:42.989884	Trial	end	403
2016-11-10 13:29:42.990771	Trial	start	404
2016-11-10 13:29:42.993473	Speaker	play	None
2016-11-10 13:29:48.996291	Speaker	stop	None
2016-11-10 13:29:48.996889	Trial	end	404
2016-11-10 13:29:58.019315	Trial	start	405
2016-11-10 13:29:58.021827	Speaker	play	None
2016-11-10 13:30:04.027809	Speaker	stop	None
2016-11-10 13:30:04.028405	Trial	end	405
2016-11-10 13:30:14.177287	Trial	start	406
2016-11-10 13:30:14.182135	Speaker	play	None
2016-11-10 13:30:20.185731	Speaker	stop	None
2016-11-10 13:30:20.186480	Trial	end	406
2016-11-10 13:30:28.999695	Trial	start	407
2016-11-10 13:30:29.002023	Speaker	play	None
2016-11-10 13:30:35.008420	Speaker	stop	None
2016-11-10 13:30:35.009444	Trial	end	407
2016-11-10 13:30:42.523922	Trial	start	408
2016-11-10 13:30:42.525894	Speaker	play	None
2016-11-10 13:30:44.633554	Speaker	stop	None
2016-11-10 13:30:44.634899	Trial	end	408
2016-11-10 13:30:44.637738	Trial	start	409
2016-11-10 13:30:44.640342	Speaker	play	None
2016-11-10 13:30:50.645911	Speaker	stop	None
2016-11-10 13:30:50.646541	Trial	end	409
2016-11-10 13:30:54.299284	Trial	start	410
2016-11-10 13:30:54.301587	Speaker	play	None
2016-11-10 13:30:56.466052	Speaker	stop	None
2016-11-10 13:30:56.466709	Trial	end	410
2016-11-10 13:30:56.467889	Trial	start	411
2016-11-10 13:30:56.470320	Speaker	play	None
2016-11-10 13:31:02.474484	Speaker	stop	None
2016-11-10 13:31:02.475090	Trial	end	411
2016-11-10 13:31:07.299427	Trial	start	412
2016-11-10 13:31:07.305583	Speaker	play	None
2016-11-10 13:31:13.311917	Speaker	stop	None
2016-11-10 13:31:13.312493	Trial	end	412
2016-11-10 13:31:23.109119	Trial	start	413
2016-11-10 13:31:23.111404	Speaker	play	None
2016-11-10 13:31:29.117793	Speaker	stop	None
2016-11-10 13:31:29.120704	Trial	end	413
2016-11-10 13:31:35.388201	Trial	start	414
2016-11-10 13:31:35.392216	Speaker	play	None
2016-11-10 13:31:41.396682	Speaker	stop	None
2016-11-10 13:31:41.397379	Trial	end	414
2016-11-10 13:31:57.648640	Trial	start	415
2016-11-10 13:31:57.652417	Speaker	play	None
2016-11-10 13:32:03.657481	Speaker	stop	None
2016-11-10 13:32:03.659250	Hopper	up	None
2016-11-10 13:32:15.661814	Hopper	down	None
2016-11-10 13:32:15.964943	Trial	end	415
2016-11-10 14:02:53.448975	Trial	start	416
2016-11-10 14:02:53.463701	Speaker	play	None
2016-11-10 14:02:59.469641	Speaker	stop	None
2016-11-10 14:02:59.471471	Trial	end	416
2016-11-10 14:03:08.094630	Trial	start	417
2016-11-10 14:03:08.098289	Speaker	play	None
2016-11-10 14:03:14.106804	Speaker	stop	None
2016-11-10 14:03:14.107688	Trial	end	417
2016-11-10 14:03:15.638396	Trial	start	418
2016-11-10 14:03:15.640528	Speaker	play	None
2016-11-10 14:03:21.646656	Speaker	stop	None
2016-11-10 14:03:21.647230	Trial	end	418
2016-11-10 14:03:21.662972	Trial	start	419
2016-11-10 14:03:21.664962	Speaker	play	None
2016-11-10 14:03:27.671411	Speaker	stop	None
2016-11-10 14:03:27.672432	Trial	end	419
2016-11-10 14:03:36.796153	Trial	start	420
2016-11-10 14:03:36.799463	Speaker	play	None
2016-11-10 14:03:37.734730	Speaker	stop	None
2016-11-10 14:03:37.736777	Trial	end	420
2016-11-10 14:03:37.739111	Trial	start	421
2016-11-10 14:03:37.747839	Speaker	play	None
2016-11-10 14:03:43.754513	Speaker	stop	None
2016-11-10 14:03:43.755089	Trial	end	421
2016-11-10 14:03:44.991313	Trial	start	422
2016-11-10 14:03:44.994160	Speaker	play	None
2016-11-10 14:03:50.999530	Speaker	stop	None
2016-11-10 14:03:51.000109	Trial	end	422
2016-11-10 14:03:56.049307	Trial	start	423
2016-11-10 14:03:56.051249	Speaker	play	None
2016-11-10 14:04:02.057606	Speaker	stop	None
2016-11-10 14:04:02.058250	Trial	end	423
2016-11-10 14:04:05.837749	Trial	start	424
2016-11-10 14:04:05.840628	Speaker	play	None
2016-11-10 14:04:11.846064	Speaker	stop	None
2016-11-10 14:04:11.846760	Trial	end	424
2016-11-10 14:04:13.725939	Trial	start	425
2016-11-10 14:04:13.729957	Speaker	play	None
2016-11-10 14:04:15.221056	Speaker	stop	None
2016-11-10 14:04:15.222347	Trial	end	425
2016-11-10 14:04:15.223794	Trial	start	426
2016-11-10 14:04:15.226828	Speaker	play	None
2016-11-10 14:04:21.233039	Speaker	stop	None
2016-11-10 14:04:21.233706	Trial	end	426
2016-11-10 14:04:24.738805	Trial	start	427
2016-11-10 14:04:24.740629	Speaker	play	None
2016-11-10 14:04:30.747172	Speaker	stop	None
2016-11-10 14:04:30.748102	Trial	end	427
2016-11-10 14:04:37.746472	Trial	start	428
2016-11-10 14:04:37.748856	Speaker	play	None
2016-11-10 14:04:43.754675	Speaker	stop	None
2016-11-10 14:04:43.755599	Hopper	up	None
2016-11-10 14:04:55.758748	Hopper	down	None
2016-11-10 14:04:56.061813	Trial	end	428
2016-11-10 14:08:18.643368	Trial	start	429
2016-11-10 14:08:18.646702	Speaker	play	None
2016-11-10 14:08:24.651655	Speaker	stop	None
2016-11-10 14:08:24.652609	Hopper	up	None
2016-11-10 14:08:36.655964	Hopper	down	None
2016-11-10 14:08:36.958909	Trial	end	429
2016-11-10 14:11:47.050757	Trial	start	430
2016-11-10 14:11:47.052833	Speaker	play	None
2016-11-10 14:11:53.059522	Speaker	stop	None
2016-11-10 14:11:53.061754	Trial	end	430
2016-11-10 14:11:56.675671	Trial	start	431
2016-11-10 14:11:56.678312	Speaker	play	None
2016-11-10 14:12:02.684065	Speaker	stop	None
2016-11-10 14:12:02.685499	Trial	end	431
2016-11-10 14:12:07.463577	Trial	start	432
2016-11-10 14:12:07.465579	Speaker	play	None
2016-11-10 14:12:08.189226	Speaker	stop	None
2016-11-10 14:12:08.190300	Trial	end	432
2016-11-10 14:12:08.191596	Trial	start	433
2016-11-10 14:12:08.194176	Speaker	play	None
2016-11-10 14:12:09.720636	Speaker	stop	None
2016-11-10 14:12:09.721781	Trial	end	433
2016-11-10 14:12:09.722649	Trial	start	434
2016-11-10 14:12:09.726156	Speaker	play	None
2016-11-10 14:12:12.136840	Speaker	stop	None
2016-11-10 14:12:12.137509	Trial	end	434
2016-11-10 14:12:12.138152	Trial	start	435
2016-11-10 14:12:12.142223	Speaker	play	None
2016-11-10 14:12:18.149487	Speaker	stop	None
2016-11-10 14:12:18.150234	Trial	end	435
2016-11-10 14:12:20.803210	Trial	start	436
2016-11-10 14:12:20.805450	Speaker	play	None
2016-11-10 14:12:26.811677	Speaker	stop	None
2016-11-10 14:12:26.812275	Trial	end	436
2016-11-10 14:12:30.808950	Trial	start	437
2016-11-10 14:12:30.811055	Speaker	play	None
2016-11-10 14:12:32.230300	Speaker	stop	None
2016-11-10 14:12:32.230848	Trial	end	437
2016-11-10 14:12:32.231576	Trial	start	438
2016-11-10 14:12:32.233547	Speaker	play	None
2016-11-10 14:12:38.238701	Speaker	stop	None
2016-11-10 14:12:38.239704	Hopper	up	None
2016-11-10 14:12:50.242954	Hopper	down	None
2016-11-10 14:12:50.546130	Trial	end	438
2016-11-10 14:59:02.468013	Trial	start	439
2016-11-10 14:59:02.471609	Speaker	play	None
2016-11-10 14:59:08.476624	Speaker	stop	None
2016-11-10 14:59:08.477390	Trial	end	439
2016-11-10 14:59:12.678733	Trial	start	440
2016-11-10 14:59:12.680998	Speaker	play	None
2016-11-10 14:59:18.687174	Speaker	stop	None
2016-11-10 14:59:18.687825	Trial	end	440
2016-11-10 15:00:02.319057	Trial	start	441
2016-11-10 15:00:02.321273	Speaker	play	None
2016-11-10 15:00:08.327574	Speaker	stop	None
2016-11-10 15:00:08.328188	Trial	end	441
2016-11-10 15:00:10.354953	Trial	start	442
2016-11-10 15:00:10.357213	Speaker	play	None
2016-11-10 15:00:11.354382	Speaker	stop	None
2016-11-10 15:00:11.355289	Trial	end	442
2016-11-10 15:00:11.356137	Trial	start	443
2016-11-10 15:00:11.358878	Speaker	play	None
2016-11-10 15:00:17.362852	Speaker	stop	None
2016-11-10 15:00:17.363544	Trial	end	443
2016-11-10 15:00:20.995638	Trial	start	444
2016-11-10 15:00:20.997855	Speaker	play	None
2016-11-10 15:00:27.004125	Speaker	stop	None
2016-11-10 15:00:27.004828	Trial	end	444
2016-11-10 15:00:34.253638	Trial	start	445
2016-11-10 15:00:34.257020	Speaker	play	None
2016-11-10 15:00:40.262475	Speaker	stop	None
2016-11-10 15:00:40.263071	Trial	end	445
2016-11-10 15:00:43.370710	Trial	start	446
2016-11-10 15:00:43.383339	Speaker	play	None
2016-11-10 15:00:44.788043	Speaker	stop	None
2016-11-10 15:00:44.788645	Trial	end	446
2016-11-10 15:00:44.789416	Trial	start	447
2016-11-10 15:00:44.793041	Speaker	play	None
2016-11-10 15:00:50.796549	Speaker	stop	None
2016-11-10 15:00:50.798015	Trial	end	447
2016-11-10 15:00:56.948112	Trial	start	448
2016-11-10 15:00:56.950628	Speaker	play	None
2016-11-10 15:01:02.957056	Speaker	stop	None
2016-11-10 15:01:02.958223	Trial	end	448
2016-11-10 15:01:07.347247	Trial	start	449
2016-11-10 15:01:07.351002	Speaker	play	None
2016-11-10 15:01:13.355692	Speaker	stop	None
2016-11-10 15:01:13.356311	Trial	end	449
2016-11-10 15:01:20.727962	Trial	start	450
2016-11-10 15:01:20.730672	Speaker	play	None
2016-11-10 15:01:22.198367	Speaker	stop	None
2016-11-10 15:01:22.198915	Trial	end	450
2016-11-10 15:01:22.199840	Trial	start	451
2016-11-10 15:01:22.202666	Speaker	play	None
2016-11-10 15:01:28.207046	Speaker	stop	None
2016-11-10 15:01:28.208457	Trial	end	451
2016-11-10 15:01:33.093155	Trial	start	452
2016-11-10 15:01:33.096776	Speaker	play	None
2016-11-10 15:01:39.101570	Speaker	stop	None
2016-11-10 15:01:39.102346	Trial	end	452
2016-11-10 15:01:46.580342	Trial	start	453
2016-11-10 15:01:46.582423	Speaker	play	None
2016-11-10 15:01:52.588858	Speaker	stop	None
2016-11-10 15:01:52.589547	Trial	end	453
2016-11-10 15:01:56.447101	Trial	start	454
2016-11-10 15:01:56.450733	Speaker	play	None
2016-11-10 15:01:57.425979	Speaker	stop	None
2016-11-10 15:01:57.426813	Trial	end	454
2016-11-10 15:01:57.427819	Trial	start	455
2016-11-10 15:01:57.430922	Speaker	play	None
2016-11-10 15:02:03.434462	Speaker	stop	None
2016-11-10 15:02:03.435725	Trial	end	455
2016-11-10 15:02:07.497309	Trial	start	456
2016-11-10 15:02:07.505260	Speaker	play	None
2016-11-10 15:02:08.255422	Speaker	stop	None
2016-11-10 15:02:08.256460	Trial	end	456
2016-11-10 15:02:08.257479	Trial	start	457
2016-11-10 15:02:08.259684	Speaker	play	None
2016-11-10 15:02:14.263960	Speaker	stop	None
2016-11-10 15:02:14.264556	Trial	end	457
2016-11-10 15:02:34.172979	Trial	start	458
2016-11-10 15:02:34.177585	Speaker	play	None
2016-11-10 15:02:35.393591	Speaker	stop	None
2016-11-10 15:02:35.394236	Trial	end	458
2016-11-10 15:02:35.394989	Trial	start	459
2016-11-10 15:02:35.396852	Speaker	play	None
2016-11-10 15:02:41.401894	Speaker	stop	None
2016-11-10 15:02:41.402465	Trial	end	459
2016-11-10 15:02:44.432764	Trial	start	460
2016-11-10 15:02:44.435929	Speaker	play	None
2016-11-10 15:02:46.636405	Speaker	stop	None
2016-11-10 15:02:46.636972	Trial	end	460
2016-11-10 15:02:46.637743	Trial	start	461
2016-11-10 15:02:46.639668	Speaker	play	None
2016-11-10 15:02:52.644740	Speaker	stop	None
2016-11-10 15:02:52.645369	Trial	end	461
2016-11-10 15:02:58.898860	Trial	start	462
2016-11-10 15:02:58.901275	Speaker	play	None
2016-11-10 15:03:04.907574	Speaker	stop	None
2016-11-10 15:03:04.908261	Trial	end	462
2016-11-10 15:03:10.756059	Trial	start	463
2016-11-10 15:03:10.758761	Speaker	play	None
2016-11-10 15:03:16.764567	Speaker	stop	None
2016-11-10 15:03:16.765136	Trial	end	463
2016-11-10 15:03:23.915705	Trial	start	464
2016-11-10 15:03:23.918442	Speaker	play	None
2016-11-10 15:03:29.924189	Speaker	stop	None
2016-11-10 15:03:29.924870	Trial	end	464
2016-11-10 15:03:38.013183	Trial	start	465
2016-11-10 15:03:38.015658	Speaker	play	None
2016-11-10 15:03:44.022031	Speaker	stop	None
2016-11-10 15:03:44.023441	Trial	end	465
2016-11-10 15:03:54.846867	Trial	start	466
2016-11-10 15:03:54.851414	Speaker	play	None
2016-11-10 15:04:00.859342	Speaker	stop	None
2016-11-10 15:04:00.860257	Hopper	up	None
2016-11-10 15:04:12.864138	Hopper	down	None
2016-11-10 15:04:13.166986	Trial	end	466
2016-11-10 15:31:29.288336	PeckPort	off	None
2016-11-10 15:31:29.288509	HouseLight	on	None
2016-11-10 15:31:29.288646	Hopper	down	None
