"2017-04-14 09:59:09,879","INFO","Preparing subject and data storage"
"2017-04-14 09:59:09,879","INFO","Created subject object with name LblWhi1566M"
"2017-04-14 09:59:09,879","INFO","Created datastore CSVStore: filename = /home/fet/data/LblWhi1566M/140417/LblWhi1566M_trialdata_20170414095909.csv, fields = session, index, time, stimulus_name, condition_name, response, correct, rt, reward, max_wait for subject LblWhi1566M"
"2017-04-14 09:59:09,880","INFO","Preparing to run experiment Go No-Go Interruption"
"2017-04-14 09:59:10,187","INFO","Entering Idle state"
"2017-04-14 09:59:10,490","INFO","Beginning block #1"
"2017-04-14 18:22:06,424","INFO","Trial 1 - 18:22:06 - Unrewarded - /home/fet/stimuli/shaping_categories_box5/nonreward/AG_Stim_12.wav"
"2017-04-14 18:22:07,986","INFO","Trial 2 - 18:22:07 - Unrewarded - /home/fet/stimuli/shaping_categories_box5/nonreward/AG_Stim_11.wav"
"2017-04-14 18:22:12,970","INFO","Trial 3 - 18:22:12 - Unrewarded - /home/fet/stimuli/shaping_categories_box5/nonreward/AG_Stim_12.wav"
"2017-04-14 18:22:15,056","INFO","Trial 4 - 18:22:15 - Unrewarded - /home/fet/stimuli/shaping_categories_box5/nonreward/AG_Stim_11.wav"
"2017-04-14 18:23:53,497","INFO","Trial 5 - 18:23:53 - Unrewarded - /home/fet/stimuli/shaping_categories_box5/nonreward/AG_Stim_12.wav"
"2017-04-14 18:24:11,690","INFO","Finishing session 1 at Fri Apr 14 18:24:11 2017"
"2017-04-14 18:24:11,690","INFO","Finished all sessions."
"2017-04-14 18:24:11,997","INFO","Exiting Session state"
"2017-04-14 18:24:11,997","INFO","Finishing experiment"
"2017-04-14 18:24:12,304","INFO","Exiting Idle state"
"2017-04-14 18:24:21,857","INFO","Preparing subject and data storage"
"2017-04-14 18:24:21,857","INFO","Created subject object with name LblWhi1566M"
"2017-04-14 18:24:21,858","INFO","Created datastore CSVStore: filename = /home/fet/data/LblWhi1566M/140417/LblWhi1566M_trialdata_20170414182421.csv, fields = session, index, time, stimulus_name, condition_name, response, correct, rt, reward, max_wait for subject LblWhi1566M"
"2017-04-14 18:24:21,858","INFO","Preparing to run experiment Go No-Go Interruption"
"2017-04-14 18:24:22,162","INFO","Entering Idle state"
"2017-04-14 18:24:22,465","INFO","Beginning block #1"
"2017-04-14 18:25:00,039","INFO","Trial 1 - 18:25:00 - Rewarded - /home/fet/stimuli/shaping_categories_box5/reward/WH_Stim_1.wav"
"2017-04-14 18:25:06,048","INFO","Supplying reward for 12.00 seconds"
"2017-04-14 18:25:26,546","INFO","Trial 2 - 18:25:26 - Rewarded - /home/fet/stimuli/shaping_categories_box5/reward/WH_Stim_2.wav"
"2017-04-14 18:25:32,555","INFO","Supplying reward for 12.00 seconds"
"2017-04-14 18:26:02,460","INFO","Finishing session 1 at Fri Apr 14 18:26:02 2017"
"2017-04-14 18:26:02,461","INFO","Finished all sessions."
"2017-04-14 18:26:02,768","INFO","Exiting Session state"
"2017-04-14 18:26:02,768","INFO","Finishing experiment"
"2017-04-14 18:26:03,075","INFO","Exiting Idle state"
