"2017-02-13 09:45:07,916","INFO","Preparing subject and data storage"
"2017-02-13 09:45:07,917","INFO","Created subject object with name LblGra3039M"
"2017-02-13 09:45:07,917","INFO","Created datastore CSVStore: filename = /home/fet/data/LblGra3039M/130217/LblGra3039M_trialdata_20170213094507.csv, fields = session, index, time, stimulus_name, condition_name, response, correct, rt, reward, max_wait for subject LblGra3039M"
"2017-02-13 09:45:07,918","INFO","Preparing to run experiment Go No-Go Interruption"
"2017-02-13 09:45:08,225","INFO","Entering Idle state"
"2017-02-13 09:45:08,529","INFO","Beginning block #1"
"2017-02-13 09:45:14,418","INFO","Trial 1 - 09:45:14 - Unrewarded - /home/fet/stimuli/shaping_categories_box2/nonreward/SO_Stim_11.wav"
"2017-02-13 09:45:45,744","INFO","Trial 2 - 09:45:45 - Unrewarded - /home/fet/stimuli/shaping_categories_box2/nonreward/SO_Stim_10.wav"
"2017-02-13 09:46:09,435","INFO","Trial 3 - 09:46:09 - Unrewarded - /home/fet/stimuli/shaping_categories_box2/nonreward/DI_Stim_12.wav"
"2017-02-13 09:46:10,657","INFO","Trial 4 - 09:46:10 - Unrewarded - /home/fet/stimuli/shaping_categories_box2/nonreward/WH_Stim_1.wav"
"2017-02-13 09:46:10,706","INFO","Trial 5 - 09:46:10 - Unrewarded - /home/fet/stimuli/shaping_categories_box2/nonreward/AG_Stim_11.wav"
"2017-02-13 09:46:23,513","INFO","Trial 6 - 09:46:23 - Rewarded - /home/fet/stimuli/shaping_categories_box2/reward/DC_Stim_8.wav"
"2017-02-13 09:46:29,522","INFO","Supplying reward for 12.00 seconds"
"2017-02-13 09:49:11,602","INFO","Trial 7 - 09:49:11 - Unrewarded - /home/fet/stimuli/shaping_categories_box2/nonreward/TH_Stim_2.wav"
"2017-02-13 09:49:11,657","INFO","Trial 8 - 09:49:11 - Unrewarded - /home/fet/stimuli/shaping_categories_box2/nonreward/TE_Stim_1.wav"
"2017-02-13 09:49:21,764","INFO","Trial 9 - 09:49:21 - Unrewarded - /home/fet/stimuli/shaping_categories_box2/nonreward/AG_Stim_12.wav"
"2017-02-13 09:50:09,079","INFO","Trial 10 - 09:50:09 - Rewarded - /home/fet/stimuli/shaping_categories_box2/reward/DC_Stim_7.wav"
"2017-02-13 09:50:15,089","INFO","Supplying reward for 12.00 seconds"
"2017-02-13 10:17:15,936","INFO","Trial 11 - 10:17:15 - Unrewarded - /home/fet/stimuli/shaping_categories_box2/nonreward/NC_Stim_17.wav"
"2017-02-13 10:17:35,527","INFO","Trial 12 - 10:17:35 - Unrewarded - /home/fet/stimuli/shaping_categories_box2/nonreward/TH_Stim_1.wav"
"2017-02-13 10:17:37,939","INFO","Trial 13 - 10:17:37 - Unrewarded - /home/fet/stimuli/shaping_categories_box2/nonreward/WH_Stim_2.wav"
"2017-02-13 10:17:37,994","INFO","Trial 14 - 10:17:37 - Unrewarded - /home/fet/stimuli/shaping_categories_box2/nonreward/TE_Stim_2.wav"
"2017-02-13 10:18:28,024","INFO","Trial 15 - 10:18:28 - Unrewarded - /home/fet/stimuli/shaping_categories_box2/nonreward/NC_Stim_12.wav"
"2017-02-13 10:18:37,514","INFO","Trial 16 - 10:18:37 - Unrewarded - /home/fet/stimuli/shaping_categories_box2/nonreward/DI_Stim_10.wav"
"2017-02-13 10:18:38,601","INFO","Trial 17 - 10:18:38 - Rewarded - /home/fet/stimuli/shaping_categories_box2/reward/DC_Stim_7.wav"
"2017-02-13 10:18:44,608","INFO","Supplying reward for 12.00 seconds"
"2017-02-13 10:21:44,612","INFO","Trial 18 - 10:21:44 - Unrewarded - /home/fet/stimuli/shaping_categories_box2/nonreward/TE_Stim_1.wav"
"2017-02-13 10:21:55,917","INFO","Trial 19 - 10:21:55 - Unrewarded - /home/fet/stimuli/shaping_categories_box2/nonreward/SO_Stim_10.wav"
"2017-02-13 10:21:55,976","INFO","Trial 20 - 10:21:55 - Unrewarded - /home/fet/stimuli/shaping_categories_box2/nonreward/TH_Stim_2.wav"
"2017-02-13 10:21:57,212","INFO","Trial 21 - 10:21:57 - Unrewarded - /home/fet/stimuli/shaping_categories_box2/nonreward/WH_Stim_2.wav"
"2017-02-13 10:21:57,251","INFO","Trial 22 - 10:21:57 - Unrewarded - /home/fet/stimuli/shaping_categories_box2/nonreward/NC_Stim_12.wav"
"2017-02-13 10:22:47,975","INFO","Trial 23 - 10:22:47 - Unrewarded - /home/fet/stimuli/shaping_categories_box2/nonreward/AG_Stim_12.wav"
"2017-02-13 10:24:55,004","INFO","Trial 24 - 10:24:55 - Unrewarded - /home/fet/stimuli/shaping_categories_box2/nonreward/NC_Stim_17.wav"
"2017-02-13 10:25:06,460","INFO","Trial 25 - 10:25:06 - Unrewarded - /home/fet/stimuli/shaping_categories_box2/nonreward/WH_Stim_1.wav"
"2017-02-13 10:25:06,515","INFO","Trial 26 - 10:25:06 - Unrewarded - /home/fet/stimuli/shaping_categories_box2/nonreward/DI_Stim_12.wav"
"2017-02-13 10:25:07,522","INFO","Trial 27 - 10:25:07 - Unrewarded - /home/fet/stimuli/shaping_categories_box2/nonreward/TE_Stim_2.wav"
"2017-02-13 10:25:24,137","INFO","Trial 28 - 10:25:24 - Unrewarded - /home/fet/stimuli/shaping_categories_box2/nonreward/TH_Stim_1.wav"
"2017-02-13 10:25:36,568","INFO","Trial 29 - 10:25:36 - Unrewarded - /home/fet/stimuli/shaping_categories_box2/nonreward/DI_Stim_10.wav"
"2017-02-13 10:25:37,712","INFO","Trial 30 - 10:25:37 - Unrewarded - /home/fet/stimuli/shaping_categories_box2/nonreward/AG_Stim_11.wav"
"2017-02-13 10:25:37,761","INFO","Trial 31 - 10:25:37 - Unrewarded - /home/fet/stimuli/shaping_categories_box2/nonreward/SO_Stim_11.wav"
"2017-02-13 10:26:19,038","INFO","Trial 32 - 10:26:19 - Unrewarded - /home/fet/stimuli/shaping_categories_box2/nonreward/TH_Stim_1.wav"
"2017-02-13 10:26:19,093","INFO","Trial 33 - 10:26:19 - Unrewarded - /home/fet/stimuli/shaping_categories_box2/nonreward/SO_Stim_11.wav"
"2017-02-13 10:26:53,607","INFO","Trial 34 - 10:26:53 - Unrewarded - /home/fet/stimuli/shaping_categories_box2/nonreward/NC_Stim_17.wav"
"2017-02-13 10:27:14,061","INFO","Trial 35 - 10:27:14 - Unrewarded - /home/fet/stimuli/shaping_categories_box2/nonreward/WH_Stim_1.wav"
"2017-02-13 10:27:14,116","INFO","Trial 36 - 10:27:14 - Rewarded - /home/fet/stimuli/shaping_categories_box2/reward/DC_Stim_8.wav"
"2017-02-13 10:27:20,124","INFO","Supplying reward for 12.00 seconds"
"2017-02-13 11:26:01,373","INFO","Trial 37 - 11:26:01 - Unrewarded - /home/fet/stimuli/shaping_categories_box2/nonreward/TH_Stim_2.wav"
"2017-02-13 11:26:10,585","INFO","Trial 38 - 11:26:10 - Unrewarded - /home/fet/stimuli/shaping_categories_box2/nonreward/TE_Stim_1.wav"
"2017-02-13 11:26:11,672","INFO","Trial 39 - 11:26:11 - Unrewarded - /home/fet/stimuli/shaping_categories_box2/nonreward/SO_Stim_10.wav"
"2017-02-13 11:26:11,720","INFO","Trial 40 - 11:26:11 - Unrewarded - /home/fet/stimuli/shaping_categories_box2/nonreward/DI_Stim_12.wav"
"2017-02-13 11:26:29,180","INFO","Trial 41 - 11:26:29 - Unrewarded - /home/fet/stimuli/shaping_categories_box2/nonreward/AG_Stim_12.wav"
"2017-02-13 11:26:45,068","INFO","Trial 42 - 11:26:45 - Rewarded - /home/fet/stimuli/shaping_categories_box2/reward/DC_Stim_7.wav"
"2017-02-13 11:26:45,119","INFO","Trial 43 - 11:26:45 - Unrewarded - /home/fet/stimuli/shaping_categories_box2/nonreward/DI_Stim_10.wav"
"2017-02-13 11:26:59,211","INFO","Trial 44 - 11:26:59 - Unrewarded - /home/fet/stimuli/shaping_categories_box2/nonreward/NC_Stim_12.wav"
"2017-02-13 11:26:59,262","INFO","Trial 45 - 11:26:59 - Unrewarded - /home/fet/stimuli/shaping_categories_box2/nonreward/WH_Stim_2.wav"
"2017-02-13 11:27:11,376","INFO","Trial 46 - 11:27:11 - Rewarded - /home/fet/stimuli/shaping_categories_box2/reward/DC_Stim_8.wav"
"2017-02-13 11:27:11,435","INFO","Trial 47 - 11:27:11 - Rewarded - /home/fet/stimuli/shaping_categories_box2/reward/DC_Stim_8.wav"
"2017-02-13 11:27:17,443","INFO","Supplying reward for 12.00 seconds"
"2017-02-13 12:00:40,134","INFO","Trial 48 - 12:00:40 - Rewarded - /home/fet/stimuli/shaping_categories_box2/reward/DC_Stim_7.wav"
"2017-02-13 12:00:40,193","INFO","Trial 49 - 12:00:40 - Unrewarded - /home/fet/stimuli/shaping_categories_box2/nonreward/TE_Stim_2.wav"
"2017-02-13 12:00:41,200","INFO","Trial 50 - 12:00:41 - Unrewarded - /home/fet/stimuli/shaping_categories_box2/nonreward/AG_Stim_11.wav"
"2017-02-13 12:00:41,254","INFO","Trial 51 - 12:00:41 - Rewarded - /home/fet/stimuli/shaping_categories_box2/reward/DC_Stim_8.wav"
"2017-02-13 12:00:47,261","INFO","Supplying reward for 12.00 seconds"
"2017-02-13 12:46:01,654","INFO","Trial 52 - 12:46:01 - Unrewarded - /home/fet/stimuli/shaping_categories_box2/nonreward/SO_Stim_10.wav"
"2017-02-13 12:46:37,736","INFO","Trial 53 - 12:46:37 - Unrewarded - /home/fet/stimuli/shaping_categories_box2/nonreward/DI_Stim_12.wav"
"2017-02-13 12:46:48,542","INFO","Trial 54 - 12:46:48 - Unrewarded - /home/fet/stimuli/shaping_categories_box2/nonreward/NC_Stim_12.wav"
"2017-02-13 12:47:03,463","INFO","Trial 55 - 12:47:03 - Unrewarded - /home/fet/stimuli/shaping_categories_box2/nonreward/TH_Stim_2.wav"
"2017-02-13 12:47:13,908","INFO","Trial 56 - 12:47:13 - Rewarded - /home/fet/stimuli/shaping_categories_box2/reward/DC_Stim_7.wav"
"2017-02-13 12:47:13,967","INFO","Trial 57 - 12:47:13 - Unrewarded - /home/fet/stimuli/shaping_categories_box2/nonreward/SO_Stim_11.wav"
"2017-02-13 12:47:35,638","INFO","Trial 58 - 12:47:35 - Unrewarded - /home/fet/stimuli/shaping_categories_box2/nonreward/WH_Stim_2.wav"
"2017-02-13 12:47:57,748","INFO","Trial 59 - 12:47:57 - Unrewarded - /home/fet/stimuli/shaping_categories_box2/nonreward/TE_Stim_2.wav"
"2017-02-13 12:47:58,782","INFO","Trial 60 - 12:47:58 - Unrewarded - /home/fet/stimuli/shaping_categories_box2/nonreward/DI_Stim_10.wav"
"2017-02-13 12:47:58,835","INFO","Trial 61 - 12:47:58 - Unrewarded - /home/fet/stimuli/shaping_categories_box2/nonreward/TE_Stim_1.wav"
"2017-02-13 12:48:09,573","INFO","Trial 62 - 12:48:09 - Rewarded - /home/fet/stimuli/shaping_categories_box2/reward/DC_Stim_8.wav"
"2017-02-13 12:48:15,579","INFO","Supplying reward for 12.00 seconds"
"2017-02-13 12:52:05,309","INFO","Trial 63 - 12:52:05 - Unrewarded - /home/fet/stimuli/shaping_categories_box2/nonreward/NC_Stim_17.wav"
"2017-02-13 12:52:05,364","INFO","Trial 64 - 12:52:05 - Unrewarded - /home/fet/stimuli/shaping_categories_box2/nonreward/WH_Stim_1.wav"
"2017-02-13 12:52:18,490","INFO","Trial 65 - 12:52:18 - Unrewarded - /home/fet/stimuli/shaping_categories_box2/nonreward/AG_Stim_11.wav"
"2017-02-13 12:52:18,544","INFO","Trial 66 - 12:52:18 - Unrewarded - /home/fet/stimuli/shaping_categories_box2/nonreward/AG_Stim_12.wav"
"2017-02-13 12:52:36,721","INFO","Trial 67 - 12:52:36 - Unrewarded - /home/fet/stimuli/shaping_categories_box2/nonreward/TH_Stim_1.wav"
"2017-02-13 12:52:36,775","INFO","Trial 68 - 12:52:36 - Unrewarded - /home/fet/stimuli/shaping_categories_box2/nonreward/TE_Stim_1.wav"
"2017-02-13 12:52:37,750","INFO","Trial 69 - 12:52:37 - Unrewarded - /home/fet/stimuli/shaping_categories_box2/nonreward/TE_Stim_2.wav"
"2017-02-13 12:52:37,800","INFO","Trial 70 - 12:52:37 - Rewarded - /home/fet/stimuli/shaping_categories_box2/reward/DC_Stim_7.wav"
"2017-02-13 12:52:43,808","INFO","Supplying reward for 12.00 seconds"
"2017-02-13 12:55:29,700","INFO","Trial 71 - 12:55:29 - Unrewarded - /home/fet/stimuli/shaping_categories_box2/nonreward/NC_Stim_12.wav"
"2017-02-13 12:55:39,846","INFO","Trial 72 - 12:55:39 - Unrewarded - /home/fet/stimuli/shaping_categories_box2/nonreward/SO_Stim_11.wav"
"2017-02-13 12:56:03,414","INFO","Trial 73 - 12:56:03 - Unrewarded - /home/fet/stimuli/shaping_categories_box2/nonreward/NC_Stim_17.wav"
"2017-02-13 13:12:14,739","INFO","Trial 74 - 13:12:14 - Unrewarded - /home/fet/stimuli/shaping_categories_box2/nonreward/WH_Stim_2.wav"
"2017-02-13 13:13:13,272","INFO","Trial 75 - 13:13:13 - Unrewarded - /home/fet/stimuli/shaping_categories_box2/nonreward/TH_Stim_2.wav"
"2017-02-13 13:13:13,327","INFO","Trial 76 - 13:13:13 - Unrewarded - /home/fet/stimuli/shaping_categories_box2/nonreward/DI_Stim_12.wav"
"2017-02-13 13:13:24,362","INFO","Trial 77 - 13:13:24 - Rewarded - /home/fet/stimuli/shaping_categories_box2/reward/DC_Stim_7.wav"
"2017-02-13 13:13:30,374","INFO","Supplying reward for 12.00 seconds"
"2017-02-13 14:28:26,646","INFO","Trial 78 - 14:28:26 - Rewarded - /home/fet/stimuli/shaping_categories_box2/reward/DC_Stim_8.wav"
"2017-02-13 14:28:32,651","INFO","Supplying reward for 12.00 seconds"
"2017-02-13 14:39:05,791","INFO","Trial 79 - 14:39:05 - Unrewarded - /home/fet/stimuli/shaping_categories_box2/nonreward/WH_Stim_1.wav"
"2017-02-13 14:39:05,841","INFO","Trial 80 - 14:39:05 - Rewarded - /home/fet/stimuli/shaping_categories_box2/reward/DC_Stim_7.wav"
"2017-02-13 14:39:11,850","INFO","Supplying reward for 12.00 seconds"
"2017-02-13 15:57:20,981","INFO","Trial 81 - 15:57:20 - Unrewarded - /home/fet/stimuli/shaping_categories_box2/nonreward/TH_Stim_1.wav"
"2017-02-13 15:57:21,036","INFO","Trial 82 - 15:57:21 - Unrewarded - /home/fet/stimuli/shaping_categories_box2/nonreward/DI_Stim_10.wav"
"2017-02-13 15:57:35,379","INFO","Trial 83 - 15:57:35 - Unrewarded - /home/fet/stimuli/shaping_categories_box2/nonreward/SO_Stim_10.wav"
"2017-02-13 15:57:35,438","INFO","Trial 84 - 15:57:35 - Unrewarded - /home/fet/stimuli/shaping_categories_box2/nonreward/AG_Stim_11.wav"
"2017-02-13 15:57:47,659","INFO","Trial 85 - 15:57:47 - Rewarded - /home/fet/stimuli/shaping_categories_box2/reward/DC_Stim_8.wav"
"2017-02-13 15:57:53,668","INFO","Supplying reward for 12.00 seconds"
"2017-02-13 16:02:28,986","INFO","Trial 86 - 16:02:28 - Unrewarded - /home/fet/stimuli/shaping_categories_box2/nonreward/AG_Stim_12.wav"
"2017-02-13 16:02:29,045","INFO","Trial 87 - 16:02:29 - Unrewarded - /home/fet/stimuli/shaping_categories_box2/nonreward/TE_Stim_2.wav"
"2017-02-13 16:02:37,849","INFO","Trial 88 - 16:02:37 - Unrewarded - /home/fet/stimuli/shaping_categories_box2/nonreward/WH_Stim_2.wav"
"2017-02-13 16:02:37,905","INFO","Trial 89 - 16:02:37 - Rewarded - /home/fet/stimuli/shaping_categories_box2/reward/DC_Stim_7.wav"
"2017-02-13 16:02:43,916","INFO","Supplying reward for 12.00 seconds"
"2017-02-13 16:06:29,239","INFO","Trial 90 - 16:06:29 - Rewarded - /home/fet/stimuli/shaping_categories_box2/reward/DC_Stim_8.wav"
"2017-02-13 16:06:35,244","INFO","Supplying reward for 12.00 seconds"
"2017-02-13 17:09:57,332","INFO","Trial 91 - 17:09:57 - Unrewarded - /home/fet/stimuli/shaping_categories_box2/nonreward/WH_Stim_1.wav"
"2017-02-13 17:10:12,322","INFO","Trial 92 - 17:10:12 - Unrewarded - /home/fet/stimuli/shaping_categories_box2/nonreward/TH_Stim_1.wav"
"2017-02-13 17:10:12,372","INFO","Trial 93 - 17:10:12 - Unrewarded - /home/fet/stimuli/shaping_categories_box2/nonreward/TH_Stim_2.wav"
"2017-02-13 17:10:15,632","INFO","Trial 94 - 17:10:15 - Unrewarded - /home/fet/stimuli/shaping_categories_box2/nonreward/DI_Stim_10.wav"
"2017-02-13 17:10:15,681","INFO","Trial 95 - 17:10:15 - Unrewarded - /home/fet/stimuli/shaping_categories_box2/nonreward/DI_Stim_12.wav"
"2017-02-13 17:10:16,947","INFO","Trial 96 - 17:10:16 - Rewarded - /home/fet/stimuli/shaping_categories_box2/reward/DC_Stim_7.wav"
"2017-02-13 17:10:22,954","INFO","Supplying reward for 12.00 seconds"
"2017-02-13 17:12:45,258","INFO","Trial 97 - 17:12:45 - Unrewarded - /home/fet/stimuli/shaping_categories_box2/nonreward/SO_Stim_11.wav"
"2017-02-13 17:12:45,309","INFO","Trial 98 - 17:12:45 - Rewarded - /home/fet/stimuli/shaping_categories_box2/reward/DC_Stim_8.wav"
"2017-02-13 17:12:51,316","INFO","Supplying reward for 12.00 seconds"
"2017-02-13 17:16:01,074","INFO","Trial 99 - 17:16:01 - Unrewarded - /home/fet/stimuli/shaping_categories_box2/nonreward/AG_Stim_12.wav"
"2017-02-13 17:16:15,220","INFO","Trial 100 - 17:16:15 - Unrewarded - /home/fet/stimuli/shaping_categories_box2/nonreward/SO_Stim_10.wav"
"2017-02-13 17:16:15,271","INFO","Trial 101 - 17:16:15 - Unrewarded - /home/fet/stimuli/shaping_categories_box2/nonreward/AG_Stim_11.wav"
"2017-02-13 17:17:47,266","INFO","Trial 102 - 17:17:47 - Rewarded - /home/fet/stimuli/shaping_categories_box2/reward/DC_Stim_8.wav"
"2017-02-13 17:17:53,271","INFO","Supplying reward for 12.00 seconds"
"2017-02-13 18:25:25,775","INFO","Finishing session 1 at Mon Feb 13 18:25:25 2017"
"2017-02-13 18:25:25,775","INFO","Finished all sessions."
"2017-02-13 18:25:26,082","INFO","Exiting Session state"
"2017-02-13 18:25:26,083","INFO","Finishing experiment"
"2017-02-13 18:25:26,389","INFO","Exiting Idle state"
