2017-04-13 09:57:34.170289	PeckPort	off	None
2017-04-13 09:57:34.170589	HouseLight	on	None
2017-04-13 09:57:34.170818	Hopper	down	None
2017-04-13 09:57:34.477571	Hopper	down	None
2017-04-13 09:57:34.784092	HouseLight	on	None
2017-04-13 09:57:34.784280	PeckPort	on	None
2017-04-13 12:08:33.141833	Trial	start	1
2017-04-13 12:08:33.144521	Speaker	play	None
2017-04-13 12:08:39.149318	Speaker	stop	None
2017-04-13 12:08:39.150091	Trial	end	1
2017-04-13 12:09:40.121844	Trial	start	2
2017-04-13 12:09:40.124193	Speaker	play	None
2017-04-13 12:09:46.128204	Speaker	stop	None
2017-04-13 12:09:46.128737	Trial	end	2
2017-04-13 12:20:47.598589	Trial	start	3
2017-04-13 12:20:47.601846	Speaker	play	None
2017-04-13 12:20:47.889419	Speaker	stop	None
2017-04-13 12:20:47.889963	Trial	end	3
2017-04-13 12:20:47.890627	Trial	start	4
2017-04-13 12:20:47.893001	Speaker	play	None
2017-04-13 12:20:53.898223	Speaker	stop	None
2017-04-13 12:20:53.898841	Trial	end	4
2017-04-13 12:21:10.928949	Trial	start	5
2017-04-13 12:21:10.931048	Speaker	play	None
2017-04-13 12:21:11.092936	Speaker	stop	None
2017-04-13 12:21:11.093501	Trial	end	5
2017-04-13 12:21:11.094149	Trial	start	6
2017-04-13 12:21:11.096679	Speaker	play	None
2017-04-13 12:21:11.469677	Speaker	stop	None
2017-04-13 12:21:11.470258	Trial	end	6
2017-04-13 12:21:11.470990	Trial	start	7
2017-04-13 12:21:11.473360	Speaker	play	None
2017-04-13 12:21:11.580296	Speaker	stop	None
2017-04-13 12:21:11.580803	Trial	end	7
2017-04-13 12:21:11.581520	Trial	start	8
2017-04-13 12:21:11.583187	Speaker	play	None
2017-04-13 12:21:11.723925	Speaker	stop	None
2017-04-13 12:21:11.724808	Trial	end	8
2017-04-13 12:21:11.725858	Trial	start	9
2017-04-13 12:21:11.727752	Speaker	play	None
2017-04-13 12:21:17.732367	Speaker	stop	None
2017-04-13 12:21:17.732965	Trial	end	9
2017-04-13 12:21:20.427480	Trial	start	10
2017-04-13 12:21:20.430111	Speaker	play	None
2017-04-13 12:21:20.562641	Speaker	stop	None
2017-04-13 12:21:20.563168	Trial	end	10
2017-04-13 12:21:20.563847	Trial	start	11
2017-04-13 12:21:20.566246	Speaker	play	None
2017-04-13 12:21:20.718348	Speaker	stop	None
2017-04-13 12:21:20.719275	Trial	end	11
2017-04-13 12:21:20.722230	Trial	start	12
2017-04-13 12:21:20.724502	Speaker	play	None
2017-04-13 12:21:26.727028	Speaker	stop	None
2017-04-13 12:21:26.727623	Trial	end	12
2017-04-13 12:21:46.268778	Trial	start	13
2017-04-13 12:21:46.270953	Speaker	play	None
2017-04-13 12:21:52.277745	Speaker	stop	None
2017-04-13 12:21:52.278712	Trial	end	13
2017-04-13 12:22:18.434332	Trial	start	14
2017-04-13 12:22:18.437404	Speaker	play	None
2017-04-13 12:22:24.443210	Speaker	stop	None
2017-04-13 12:22:24.443734	Trial	end	14
2017-04-13 12:22:34.392236	Trial	start	15
2017-04-13 12:22:34.394260	Speaker	play	None
2017-04-13 12:22:34.515502	Speaker	stop	None
2017-04-13 12:22:34.516559	Trial	end	15
2017-04-13 12:22:34.517541	Trial	start	16
2017-04-13 12:22:34.519978	Speaker	play	None
2017-04-13 12:22:40.523894	Speaker	stop	None
2017-04-13 12:22:40.524395	Trial	end	16
2017-04-13 12:23:13.036923	Trial	start	17
2017-04-13 12:23:13.039142	Speaker	play	None
2017-04-13 12:23:19.045055	Speaker	stop	None
2017-04-13 12:23:19.045592	Trial	end	17
2017-04-13 12:23:24.143827	Trial	start	18
2017-04-13 12:23:24.146149	Speaker	play	None
2017-04-13 12:23:30.151908	Speaker	stop	None
2017-04-13 12:23:30.152481	Trial	end	18
2017-04-13 12:24:07.998555	Trial	start	19
2017-04-13 12:24:08.000427	Speaker	play	None
2017-04-13 12:24:09.415717	Speaker	stop	None
2017-04-13 12:24:09.416379	Trial	end	19
2017-04-13 12:24:09.417218	Trial	start	20
2017-04-13 12:24:09.419261	Speaker	play	None
2017-04-13 12:24:15.423992	Speaker	stop	None
2017-04-13 12:24:15.424711	Trial	end	20
2017-04-13 12:26:56.727162	Trial	start	21
2017-04-13 12:26:56.729105	Speaker	play	None
2017-04-13 12:26:59.463449	Speaker	stop	None
2017-04-13 12:26:59.464333	Trial	end	21
2017-04-13 12:26:59.465654	Trial	start	22
2017-04-13 12:26:59.468069	Speaker	play	None
2017-04-13 12:26:59.631506	Speaker	stop	None
2017-04-13 12:26:59.632711	Trial	end	22
2017-04-13 12:26:59.633657	Trial	start	23
2017-04-13 12:26:59.635488	Speaker	play	None
2017-04-13 12:26:59.762320	Speaker	stop	None
2017-04-13 12:26:59.763435	Trial	end	23
2017-04-13 12:26:59.764244	Trial	start	24
2017-04-13 12:26:59.767210	Speaker	play	None
2017-04-13 12:27:05.770541	Speaker	stop	None
2017-04-13 12:27:05.771130	Trial	end	24
2017-04-13 12:27:19.958304	Trial	start	25
2017-04-13 12:27:19.960614	Speaker	play	None
2017-04-13 12:27:20.073201	Speaker	stop	None
2017-04-13 12:27:20.074011	Trial	end	25
2017-04-13 12:27:20.074823	Trial	start	26
2017-04-13 12:27:20.077427	Speaker	play	None
2017-04-13 12:27:26.081465	Speaker	stop	None
2017-04-13 12:27:26.082009	Trial	end	26
2017-04-13 12:27:42.849503	Trial	start	27
2017-04-13 12:27:42.851673	Speaker	play	None
2017-04-13 12:27:43.078869	Speaker	stop	None
2017-04-13 12:27:43.079679	Trial	end	27
2017-04-13 12:27:43.081051	Trial	start	28
2017-04-13 12:27:43.084457	Speaker	play	None
2017-04-13 12:27:49.087328	Speaker	stop	None
2017-04-13 12:27:49.087845	Trial	end	28
2017-04-13 12:27:55.161487	Trial	start	29
2017-04-13 12:27:55.164514	Speaker	play	None
2017-04-13 12:28:01.169850	Speaker	stop	None
2017-04-13 12:28:01.170425	Trial	end	29
2017-04-13 12:28:44.728735	Trial	start	30
2017-04-13 12:28:44.730732	Speaker	play	None
2017-04-13 12:28:46.162488	Speaker	stop	None
2017-04-13 12:28:46.164506	Trial	end	30
2017-04-13 12:28:46.166255	Trial	start	31
2017-04-13 12:28:46.171524	Speaker	play	None
2017-04-13 12:28:47.374685	Speaker	stop	None
2017-04-13 12:28:47.375785	Trial	end	31
2017-04-13 12:28:47.377071	Trial	start	32
2017-04-13 12:28:47.379886	Speaker	play	None
2017-04-13 12:28:52.445253	Speaker	stop	None
2017-04-13 12:28:52.445786	Trial	end	32
2017-04-13 12:28:52.446495	Trial	start	33
2017-04-13 12:28:52.448365	Speaker	play	None
2017-04-13 12:28:58.453959	Speaker	stop	None
2017-04-13 12:28:58.455055	Trial	end	33
2017-04-13 12:29:19.477545	Trial	start	34
2017-04-13 12:29:19.479951	Speaker	play	None
2017-04-13 12:29:20.943948	Speaker	stop	None
2017-04-13 12:29:20.944473	Trial	end	34
2017-04-13 12:29:20.945776	Trial	start	35
2017-04-13 12:29:20.948536	Speaker	play	None
2017-04-13 12:29:25.932672	Speaker	stop	None
2017-04-13 12:29:25.933226	Trial	end	35
2017-04-13 12:29:25.933913	Trial	start	36
2017-04-13 12:29:25.935884	Speaker	play	None
2017-04-13 12:29:26.841946	Speaker	stop	None
2017-04-13 12:29:26.842543	Trial	end	36
2017-04-13 12:29:26.843414	Trial	start	37
2017-04-13 12:29:26.848312	Speaker	play	None
2017-04-13 12:29:32.854582	Speaker	stop	None
2017-04-13 12:29:32.855131	Trial	end	37
2017-04-13 12:33:23.574965	Trial	start	38
2017-04-13 12:33:23.577023	Speaker	play	None
2017-04-13 12:33:29.579617	Speaker	stop	None
2017-04-13 12:33:29.580304	Trial	end	38
2017-04-13 12:33:30.177461	Trial	start	39
2017-04-13 12:33:30.179520	Speaker	play	None
2017-04-13 12:33:34.715913	Speaker	stop	None
2017-04-13 12:33:34.716678	Trial	end	39
2017-04-13 12:33:34.717379	Trial	start	40
2017-04-13 12:33:34.719995	Speaker	play	None
2017-04-13 12:33:40.724519	Speaker	stop	None
2017-04-13 12:33:40.725030	Trial	end	40
2017-04-13 12:35:25.219313	Trial	start	41
2017-04-13 12:35:25.222971	Speaker	play	None
2017-04-13 12:35:26.435854	Speaker	stop	None
2017-04-13 12:35:26.436433	Trial	end	41
2017-04-13 12:35:26.437038	Trial	start	42
2017-04-13 12:35:26.439057	Speaker	play	None
2017-04-13 12:35:32.444661	Speaker	stop	None
2017-04-13 12:35:32.445416	Trial	end	42
2017-04-13 12:35:35.172384	Trial	start	43
2017-04-13 12:35:35.177069	Speaker	play	None
2017-04-13 12:35:35.348610	Speaker	stop	None
2017-04-13 12:35:35.349123	Trial	end	43
2017-04-13 12:35:35.350078	Trial	start	44
2017-04-13 12:35:35.353184	Speaker	play	None
2017-04-13 12:35:35.459623	Speaker	stop	None
2017-04-13 12:35:35.460335	Trial	end	44
2017-04-13 12:35:35.461218	Trial	start	45
2017-04-13 12:35:35.463213	Speaker	play	None
2017-04-13 12:35:35.614814	Speaker	stop	None
2017-04-13 12:35:35.615411	Trial	end	45
2017-04-13 12:35:35.616101	Trial	start	46
2017-04-13 12:35:35.622088	Speaker	play	None
2017-04-13 12:35:35.770470	Speaker	stop	None
2017-04-13 12:35:35.771006	Trial	end	46
2017-04-13 12:35:35.771862	Trial	start	47
2017-04-13 12:35:35.773811	Speaker	play	None
2017-04-13 12:35:35.918008	Speaker	stop	None
2017-04-13 12:35:35.918867	Trial	end	47
2017-04-13 12:35:35.919671	Trial	start	48
2017-04-13 12:35:35.921657	Speaker	play	None
2017-04-13 12:35:35.987646	Speaker	stop	None
2017-04-13 12:35:35.988228	Trial	end	48
2017-04-13 12:35:35.988873	Trial	start	49
2017-04-13 12:35:35.990773	Speaker	play	None
2017-04-13 12:35:36.155504	Speaker	stop	None
2017-04-13 12:35:36.156254	Trial	end	49
2017-04-13 12:35:36.157068	Trial	start	50
2017-04-13 12:35:36.160839	Speaker	play	None
2017-04-13 12:35:42.164234	Speaker	stop	None
2017-04-13 12:35:42.164805	Trial	end	50
2017-04-13 12:35:50.523903	Trial	start	51
2017-04-13 12:35:50.526148	Speaker	play	None
2017-04-13 12:35:56.532635	Speaker	stop	None
2017-04-13 12:35:56.533445	Trial	end	51
2017-04-13 12:36:45.900735	Trial	start	52
2017-04-13 12:36:45.904501	Speaker	play	None
2017-04-13 12:36:47.047684	Speaker	stop	None
2017-04-13 12:36:47.048317	Trial	end	52
2017-04-13 12:36:47.048983	Trial	start	53
2017-04-13 12:36:47.051567	Speaker	play	None
2017-04-13 12:36:50.021725	Speaker	stop	None
2017-04-13 12:36:50.022511	Trial	end	53
2017-04-13 12:36:50.023466	Trial	start	54
2017-04-13 12:36:50.025379	Speaker	play	None
2017-04-13 12:36:56.030045	Speaker	stop	None
2017-04-13 12:36:56.030741	Trial	end	54
2017-04-13 12:37:22.424303	Trial	start	55
2017-04-13 12:37:22.427305	Speaker	play	None
2017-04-13 12:37:24.107756	Speaker	stop	None
2017-04-13 12:37:24.108853	Trial	end	55
2017-04-13 12:37:24.109634	Trial	start	56
2017-04-13 12:37:24.111803	Speaker	play	None
2017-04-13 12:37:30.116282	Speaker	stop	None
2017-04-13 12:37:30.116881	Trial	end	56
2017-04-13 12:37:48.568447	Trial	start	57
2017-04-13 12:37:48.570637	Speaker	play	None
2017-04-13 12:37:54.573073	Speaker	stop	None
2017-04-13 12:37:54.573585	Trial	end	57
2017-04-13 12:38:08.622077	Trial	start	58
2017-04-13 12:38:08.624271	Speaker	play	None
2017-04-13 12:38:11.284492	Speaker	stop	None
2017-04-13 12:38:11.285218	Trial	end	58
2017-04-13 12:38:11.286189	Trial	start	59
2017-04-13 12:38:11.288237	Speaker	play	None
2017-04-13 12:38:17.293316	Speaker	stop	None
2017-04-13 12:38:17.294006	Trial	end	59
2017-04-13 12:38:23.936805	Trial	start	60
2017-04-13 12:38:23.939958	Speaker	play	None
2017-04-13 12:38:26.239083	Speaker	stop	None
2017-04-13 12:38:26.239807	Trial	end	60
2017-04-13 12:38:26.240791	Trial	start	61
2017-04-13 12:38:26.242764	Speaker	play	None
2017-04-13 12:38:26.414848	Speaker	stop	None
2017-04-13 12:38:26.415480	Trial	end	61
2017-04-13 12:38:26.416152	Trial	start	62
2017-04-13 12:38:26.419329	Speaker	play	None
2017-04-13 12:38:32.423627	Speaker	stop	None
2017-04-13 12:38:32.424227	Trial	end	62
2017-04-13 12:38:57.679341	Trial	start	63
2017-04-13 12:38:57.682474	Speaker	play	None
2017-04-13 12:38:58.002702	Speaker	stop	None
2017-04-13 12:38:58.003318	Trial	end	63
2017-04-13 12:38:58.003882	Trial	start	64
2017-04-13 12:38:58.005674	Speaker	play	None
2017-04-13 12:39:00.259867	Speaker	stop	None
2017-04-13 12:39:00.260560	Trial	end	64
2017-04-13 12:39:00.262976	Trial	start	65
2017-04-13 12:39:00.264913	Speaker	play	None
2017-04-13 12:39:06.268273	Speaker	stop	None
2017-04-13 12:39:06.268861	Trial	end	65
2017-04-13 12:39:06.522233	Trial	start	66
2017-04-13 12:39:06.524289	Speaker	play	None
2017-04-13 12:39:12.526884	Speaker	stop	None
2017-04-13 12:39:12.527485	Trial	end	66
2017-04-13 12:39:41.341658	Trial	start	67
2017-04-13 12:39:41.343638	Speaker	play	None
2017-04-13 12:39:41.501643	Speaker	stop	None
2017-04-13 12:39:41.502238	Trial	end	67
2017-04-13 12:39:41.502863	Trial	start	68
2017-04-13 12:39:41.504645	Speaker	play	None
2017-04-13 12:39:41.612157	Speaker	stop	None
2017-04-13 12:39:41.612959	Trial	end	68
2017-04-13 12:39:41.613756	Trial	start	69
2017-04-13 12:39:41.617023	Speaker	play	None
2017-04-13 12:39:44.385030	Speaker	stop	None
2017-04-13 12:39:44.385539	Trial	end	69
2017-04-13 12:39:44.386226	Trial	start	70
2017-04-13 12:39:44.388105	Speaker	play	None
2017-04-13 12:39:50.393826	Speaker	stop	None
2017-04-13 12:39:50.394704	Trial	end	70
2017-04-13 12:40:00.260902	Trial	start	71
2017-04-13 12:40:00.263120	Speaker	play	None
2017-04-13 12:40:02.948050	Speaker	stop	None
2017-04-13 12:40:02.949293	Trial	end	71
2017-04-13 12:40:02.950662	Trial	start	72
2017-04-13 12:40:02.954893	Speaker	play	None
2017-04-13 12:40:04.549386	Speaker	stop	None
2017-04-13 12:40:04.549903	Trial	end	72
2017-04-13 12:40:04.550494	Trial	start	73
2017-04-13 12:40:04.552334	Speaker	play	None
2017-04-13 12:40:04.643624	Speaker	stop	None
2017-04-13 12:40:04.644122	Trial	end	73
2017-04-13 12:40:04.644823	Trial	start	74
2017-04-13 12:40:04.646668	Speaker	play	None
2017-04-13 12:40:10.652261	Speaker	stop	None
2017-04-13 12:40:10.652829	Trial	end	74
2017-04-13 12:42:07.307358	Trial	start	75
2017-04-13 12:42:07.310794	Speaker	play	None
2017-04-13 12:42:07.565393	Speaker	stop	None
2017-04-13 12:42:07.565918	Trial	end	75
2017-04-13 12:42:07.566437	Trial	start	76
2017-04-13 12:42:07.568415	Speaker	play	None
2017-04-13 12:42:08.949692	Speaker	stop	None
2017-04-13 12:42:08.950287	Trial	end	76
2017-04-13 12:42:08.951012	Trial	start	77
2017-04-13 12:42:08.953678	Speaker	play	None
2017-04-13 12:42:10.555234	Speaker	stop	None
2017-04-13 12:42:10.555850	Trial	end	77
2017-04-13 12:42:10.556559	Trial	start	78
2017-04-13 12:42:10.560653	Speaker	play	None
2017-04-13 12:42:16.563531	Speaker	stop	None
2017-04-13 12:42:16.564119	Trial	end	78
2017-04-13 12:42:18.287799	Trial	start	79
2017-04-13 12:42:18.291245	Speaker	play	None
2017-04-13 12:42:18.636121	Speaker	stop	None
2017-04-13 12:42:18.636869	Trial	end	79
2017-04-13 12:42:18.638084	Trial	start	80
2017-04-13 12:42:18.641319	Speaker	play	None
2017-04-13 12:42:18.742403	Speaker	stop	None
2017-04-13 12:42:18.742919	Trial	end	80
2017-04-13 12:42:18.743680	Trial	start	81
2017-04-13 12:42:18.745747	Speaker	play	None
2017-04-13 12:42:18.890199	Speaker	stop	None
2017-04-13 12:42:18.891472	Trial	end	81
2017-04-13 12:42:18.892367	Trial	start	82
2017-04-13 12:42:18.894197	Speaker	play	None
2017-04-13 12:42:19.754265	Speaker	stop	None
2017-04-13 12:42:19.755383	Trial	end	82
2017-04-13 12:42:19.756218	Trial	start	83
2017-04-13 12:42:19.758923	Speaker	play	None
2017-04-13 12:42:19.836165	Speaker	stop	None
2017-04-13 12:42:19.837220	Trial	end	83
2017-04-13 12:42:19.838104	Trial	start	84
2017-04-13 12:42:19.841140	Speaker	play	None
2017-04-13 12:42:25.844179	Speaker	stop	None
2017-04-13 12:42:25.844733	Trial	end	84
2017-04-13 12:42:26.417747	Trial	start	85
2017-04-13 12:42:26.421026	Speaker	play	None
2017-04-13 12:42:29.632772	Speaker	stop	None
2017-04-13 12:42:29.633353	Trial	end	85
2017-04-13 12:42:29.634488	Trial	start	86
2017-04-13 12:42:29.637546	Speaker	play	None
2017-04-13 12:42:32.888800	Speaker	stop	None
2017-04-13 12:42:32.889337	Trial	end	86
2017-04-13 12:42:32.889981	Trial	start	87
2017-04-13 12:42:32.891947	Speaker	play	None
2017-04-13 12:42:38.897304	Speaker	stop	None
2017-04-13 12:42:38.898636	Trial	end	87
2017-04-13 12:42:56.401841	Trial	start	88
2017-04-13 12:42:56.404123	Speaker	play	None
2017-04-13 12:42:56.508469	Speaker	stop	None
2017-04-13 12:42:56.509070	Trial	end	88
2017-04-13 12:42:56.510084	Trial	start	89
2017-04-13 12:42:56.512607	Speaker	play	None
2017-04-13 12:42:56.602617	Speaker	stop	None
2017-04-13 12:42:56.603136	Trial	end	89
2017-04-13 12:42:56.603899	Trial	start	90
2017-04-13 12:42:56.606098	Speaker	play	None
2017-04-13 12:42:56.786922	Speaker	stop	None
2017-04-13 12:42:56.787516	Trial	end	90
2017-04-13 12:42:56.788055	Trial	start	91
2017-04-13 12:42:56.790905	Speaker	play	None
2017-04-13 12:42:58.265479	Speaker	stop	None
2017-04-13 12:42:58.266072	Trial	end	91
2017-04-13 12:42:58.266834	Trial	start	92
2017-04-13 12:42:58.268924	Speaker	play	None
2017-04-13 12:42:58.326969	Speaker	stop	None
2017-04-13 12:42:58.327667	Trial	end	92
2017-04-13 12:42:58.328343	Trial	start	93
2017-04-13 12:42:58.330341	Speaker	play	None
2017-04-13 12:42:58.453884	Speaker	stop	None
2017-04-13 12:42:58.454787	Trial	end	93
2017-04-13 12:42:58.455512	Trial	start	94
2017-04-13 12:42:58.459081	Speaker	play	None
2017-04-13 12:42:58.535774	Speaker	stop	None
2017-04-13 12:42:58.536337	Trial	end	94
2017-04-13 12:42:58.536936	Trial	start	95
2017-04-13 12:42:58.538822	Speaker	play	None
2017-04-13 12:43:03.311337	Speaker	stop	None
2017-04-13 12:43:03.311878	Trial	end	95
2017-04-13 12:43:03.312528	Trial	start	96
2017-04-13 12:43:03.314876	Speaker	play	None
2017-04-13 12:43:03.471130	Speaker	stop	None
2017-04-13 12:43:03.472173	Trial	end	96
2017-04-13 12:43:03.472927	Trial	start	97
2017-04-13 12:43:03.475006	Speaker	play	None
2017-04-13 12:43:03.589988	Speaker	stop	None
2017-04-13 12:43:03.590715	Trial	end	97
2017-04-13 12:43:03.591475	Trial	start	98
2017-04-13 12:43:03.593339	Speaker	play	None
2017-04-13 12:43:03.724974	Speaker	stop	None
2017-04-13 12:43:03.725459	Trial	end	98
2017-04-13 12:43:03.726107	Trial	start	99
2017-04-13 12:43:03.727900	Speaker	play	None
2017-04-13 12:43:03.864217	Speaker	stop	None
2017-04-13 12:43:03.864765	Trial	end	99
2017-04-13 12:43:03.865452	Trial	start	100
2017-04-13 12:43:03.867185	Speaker	play	None
2017-04-13 12:43:09.872535	Speaker	stop	None
2017-04-13 12:43:09.873106	Trial	end	100
2017-04-13 12:43:10.720299	Trial	start	101
2017-04-13 12:43:10.722476	Speaker	play	None
2017-04-13 12:43:16.728680	Speaker	stop	None
2017-04-13 12:43:16.729224	Trial	end	101
2017-04-13 12:49:08.978134	Trial	start	102
2017-04-13 12:49:08.980177	Speaker	play	None
2017-04-13 12:49:09.076506	Speaker	stop	None
2017-04-13 12:49:09.077067	Trial	end	102
2017-04-13 12:49:09.077743	Trial	start	103
2017-04-13 12:49:09.079429	Speaker	play	None
2017-04-13 12:49:09.150232	Speaker	stop	None
2017-04-13 12:49:09.150797	Trial	end	103
2017-04-13 12:49:09.151562	Trial	start	104
2017-04-13 12:49:09.154445	Speaker	play	None
2017-04-13 12:49:13.139687	Speaker	stop	None
2017-04-13 12:49:13.140387	Trial	end	104
2017-04-13 12:49:13.141043	Trial	start	105
2017-04-13 12:49:13.143337	Speaker	play	None
2017-04-13 12:49:15.187690	Speaker	stop	None
2017-04-13 12:49:15.188285	Trial	end	105
2017-04-13 12:49:15.189210	Trial	start	106
2017-04-13 12:49:15.191298	Speaker	play	None
2017-04-13 12:49:16.670385	Speaker	stop	None
2017-04-13 12:49:16.671325	Trial	end	106
2017-04-13 12:49:16.672085	Trial	start	107
2017-04-13 12:49:16.674170	Speaker	play	None
2017-04-13 12:49:19.930451	Speaker	stop	None
2017-04-13 12:49:19.931184	Trial	end	107
2017-04-13 12:49:19.932398	Trial	start	108
2017-04-13 12:49:19.935084	Speaker	play	None
2017-04-13 12:49:20.069740	Speaker	stop	None
2017-04-13 12:49:20.071463	Trial	end	108
2017-04-13 12:49:20.072906	Trial	start	109
2017-04-13 12:49:20.080431	Speaker	play	None
2017-04-13 12:49:21.040319	Speaker	stop	None
2017-04-13 12:49:21.040889	Trial	end	109
2017-04-13 12:49:21.041723	Trial	start	110
2017-04-13 12:49:21.043843	Speaker	play	None
2017-04-13 12:49:27.048915	Speaker	stop	None
2017-04-13 12:49:27.049838	Trial	end	110
2017-04-13 12:49:27.814892	Trial	start	111
2017-04-13 12:49:27.818170	Speaker	play	None
2017-04-13 12:49:32.815804	Speaker	stop	None
2017-04-13 12:49:32.816480	Trial	end	111
2017-04-13 12:49:32.817196	Trial	start	112
2017-04-13 12:49:32.819169	Speaker	play	None
2017-04-13 12:49:38.824180	Speaker	stop	None
2017-04-13 12:49:38.824762	Trial	end	112
2017-04-13 12:50:26.044916	Trial	start	113
2017-04-13 12:50:26.049032	Speaker	play	None
2017-04-13 12:50:26.151290	Speaker	stop	None
2017-04-13 12:50:26.151766	Trial	end	113
2017-04-13 12:50:26.152503	Trial	start	114
2017-04-13 12:50:26.154394	Speaker	play	None
2017-04-13 12:50:26.348041	Speaker	stop	None
2017-04-13 12:50:26.348997	Trial	end	114
2017-04-13 12:50:26.349946	Trial	start	115
2017-04-13 12:50:26.352150	Speaker	play	None
2017-04-13 12:50:32.356299	Speaker	stop	None
2017-04-13 12:50:32.357020	Trial	end	115
2017-04-13 13:02:52.812408	Trial	start	116
2017-04-13 13:02:52.815686	Speaker	play	None
2017-04-13 13:02:58.820879	Speaker	stop	None
2017-04-13 13:02:58.821445	Trial	end	116
2017-04-13 13:04:08.520475	Trial	start	117
2017-04-13 13:04:08.523372	Speaker	play	None
2017-04-13 13:04:14.529159	Speaker	stop	None
2017-04-13 13:04:14.529795	Trial	end	117
2017-04-13 13:06:05.744599	Trial	start	118
2017-04-13 13:06:05.746803	Speaker	play	None
2017-04-13 13:06:05.826602	Speaker	stop	None
2017-04-13 13:06:05.827086	Trial	end	118
2017-04-13 13:06:05.827784	Trial	start	119
2017-04-13 13:06:05.829805	Speaker	play	None
2017-04-13 13:06:11.835314	Speaker	stop	None
2017-04-13 13:06:11.835886	Trial	end	119
2017-04-13 13:06:54.289065	Trial	start	120
2017-04-13 13:06:54.290979	Speaker	play	None
2017-04-13 13:07:00.293704	Speaker	stop	None
2017-04-13 13:07:00.294350	Trial	end	120
2017-04-13 13:07:36.304805	Trial	start	121
2017-04-13 13:07:36.307229	Speaker	play	None
2017-04-13 13:07:42.313463	Speaker	stop	None
2017-04-13 13:07:42.314062	Trial	end	121
2017-04-13 13:07:50.423252	Trial	start	122
2017-04-13 13:07:50.425162	Speaker	play	None
2017-04-13 13:07:56.427900	Speaker	stop	None
2017-04-13 13:07:56.428388	Trial	end	122
2017-04-13 13:08:43.563373	Trial	start	123
2017-04-13 13:08:43.566338	Speaker	play	None
2017-04-13 13:08:49.572067	Speaker	stop	None
2017-04-13 13:08:49.572616	Trial	end	123
2017-04-13 13:08:57.681888	Trial	start	124
2017-04-13 13:08:57.683719	Speaker	play	None
2017-04-13 13:08:58.034610	Speaker	stop	None
2017-04-13 13:08:58.035503	Trial	end	124
2017-04-13 13:08:58.036231	Trial	start	125
2017-04-13 13:08:58.038543	Speaker	play	None
2017-04-13 13:09:04.042963	Speaker	stop	None
2017-04-13 13:09:04.043584	Trial	end	125
2017-04-13 13:09:13.037376	Trial	start	126
2017-04-13 13:09:13.040890	Speaker	play	None
2017-04-13 13:09:13.172676	Speaker	stop	None
2017-04-13 13:09:13.173826	Trial	end	126
2017-04-13 13:09:13.174798	Trial	start	127
2017-04-13 13:09:13.176736	Speaker	play	None
2017-04-13 13:09:15.138925	Speaker	stop	None
2017-04-13 13:09:15.140134	Trial	end	127
2017-04-13 13:09:15.141274	Trial	start	128
2017-04-13 13:09:15.143724	Speaker	play	None
2017-04-13 13:09:15.237164	Speaker	stop	None
2017-04-13 13:09:15.238273	Trial	end	128
2017-04-13 13:09:15.239225	Trial	start	129
2017-04-13 13:09:15.242434	Speaker	play	None
2017-04-13 13:09:15.380301	Speaker	stop	None
2017-04-13 13:09:15.380885	Trial	end	129
2017-04-13 13:09:15.381553	Trial	start	130
2017-04-13 13:09:15.383583	Speaker	play	None
2017-04-13 13:09:21.388985	Speaker	stop	None
2017-04-13 13:09:21.389515	Trial	end	130
2017-04-13 13:09:52.366145	Trial	start	131
2017-04-13 13:09:52.368286	Speaker	play	None
2017-04-13 13:09:58.375152	Speaker	stop	None
2017-04-13 13:09:58.375979	Trial	end	131
2017-04-13 13:10:01.381180	Trial	start	132
2017-04-13 13:10:01.384123	Speaker	play	None
2017-04-13 13:10:01.500034	Speaker	stop	None
2017-04-13 13:10:01.500567	Trial	end	132
2017-04-13 13:10:01.501343	Trial	start	133
2017-04-13 13:10:01.503951	Speaker	play	None
2017-04-13 13:10:07.508706	Speaker	stop	None
2017-04-13 13:10:07.509314	Trial	end	133
2017-04-13 13:10:16.126391	Trial	start	134
2017-04-13 13:10:16.128995	Speaker	play	None
2017-04-13 13:10:22.135234	Speaker	stop	None
2017-04-13 13:10:22.136039	Trial	end	134
2017-04-13 13:10:46.214884	Trial	start	135
2017-04-13 13:10:46.216892	Speaker	play	None
2017-04-13 13:10:52.219480	Speaker	stop	None
2017-04-13 13:10:52.220096	Trial	end	135
2017-04-13 13:10:56.114568	Trial	start	136
2017-04-13 13:10:56.116484	Speaker	play	None
2017-04-13 13:11:02.119462	Speaker	stop	None
2017-04-13 13:11:02.120669	Trial	end	136
2017-04-13 13:11:52.904300	Trial	start	137
2017-04-13 13:11:52.907078	Speaker	play	None
2017-04-13 13:11:58.912968	Speaker	stop	None
2017-04-13 13:11:58.913522	Trial	end	137
2017-04-13 13:12:00.862477	Trial	start	138
2017-04-13 13:12:00.864338	Speaker	play	None
2017-04-13 13:12:04.778346	Speaker	stop	None
2017-04-13 13:12:04.778856	Trial	end	138
2017-04-13 13:12:04.779595	Trial	start	139
2017-04-13 13:12:04.781711	Speaker	play	None
2017-04-13 13:12:10.786975	Speaker	stop	None
2017-04-13 13:12:10.787646	Trial	end	139
2017-04-13 13:12:22.873878	Trial	start	140
2017-04-13 13:12:22.876524	Speaker	play	None
2017-04-13 13:12:28.882587	Speaker	stop	None
2017-04-13 13:12:28.883163	Trial	end	140
2017-04-13 13:12:44.934426	Trial	start	141
2017-04-13 13:12:44.936855	Speaker	play	None
2017-04-13 13:12:50.943071	Speaker	stop	None
2017-04-13 13:12:50.943616	Trial	end	141
2017-04-13 13:12:54.731722	Trial	start	142
2017-04-13 13:12:54.734219	Speaker	play	None
2017-04-13 13:13:00.740462	Speaker	stop	None
2017-04-13 13:13:00.741012	Trial	end	142
2017-04-13 13:13:04.860899	Trial	start	143
2017-04-13 13:13:04.863746	Speaker	play	None
2017-04-13 13:13:06.143018	Speaker	stop	None
2017-04-13 13:13:06.143718	Trial	end	143
2017-04-13 13:13:06.144493	Trial	start	144
2017-04-13 13:13:06.147699	Speaker	play	None
2017-04-13 13:13:12.151692	Speaker	stop	None
2017-04-13 13:13:12.152272	Trial	end	144
2017-04-13 13:13:37.820680	Trial	start	145
2017-04-13 13:13:37.824770	Speaker	play	None
2017-04-13 13:13:43.829316	Speaker	stop	None
2017-04-13 13:13:43.829837	Trial	end	145
2017-04-13 13:13:56.432458	Trial	start	146
2017-04-13 13:13:56.435243	Speaker	play	None
2017-04-13 13:13:58.795786	Speaker	stop	None
2017-04-13 13:13:58.796613	Trial	end	146
2017-04-13 13:13:58.797630	Trial	start	147
2017-04-13 13:13:58.799866	Speaker	play	None
2017-04-13 13:14:02.400186	Speaker	stop	None
2017-04-13 13:14:02.400713	Trial	end	147
2017-04-13 13:14:02.401383	Trial	start	148
2017-04-13 13:14:02.403297	Speaker	play	None
2017-04-13 13:14:08.408852	Speaker	stop	None
2017-04-13 13:14:08.409778	Trial	end	148
2017-04-13 13:14:12.742250	Trial	start	149
2017-04-13 13:14:12.745410	Speaker	play	None
2017-04-13 13:14:18.750913	Speaker	stop	None
2017-04-13 13:14:18.751598	Trial	end	149
2017-04-13 13:15:05.450170	Trial	start	150
2017-04-13 13:15:05.453133	Speaker	play	None
2017-04-13 13:15:11.458107	Speaker	stop	None
2017-04-13 13:15:11.458648	Trial	end	150
2017-04-13 13:15:17.633872	Trial	start	151
2017-04-13 13:15:17.636038	Speaker	play	None
2017-04-13 13:15:17.740432	Speaker	stop	None
2017-04-13 13:15:17.740951	Trial	end	151
2017-04-13 13:15:17.741589	Trial	start	152
2017-04-13 13:15:17.743594	Speaker	play	None
2017-04-13 13:15:17.961669	Speaker	stop	None
2017-04-13 13:15:17.962599	Trial	end	152
2017-04-13 13:15:17.963812	Trial	start	153
2017-04-13 13:15:17.966509	Speaker	play	None
2017-04-13 13:15:23.969468	Speaker	stop	None
2017-04-13 13:15:23.970085	Trial	end	153
2017-04-13 13:15:29.035411	Trial	start	154
2017-04-13 13:15:29.037501	Speaker	play	None
2017-04-13 13:15:35.043428	Speaker	stop	None
2017-04-13 13:15:35.043956	Trial	end	154
2017-04-13 13:15:38.880823	Trial	start	155
2017-04-13 13:15:38.882821	Speaker	play	None
2017-04-13 13:15:44.888834	Speaker	stop	None
2017-04-13 13:15:44.889428	Trial	end	155
2017-04-13 13:16:20.572209	Trial	start	156
2017-04-13 13:16:20.574359	Speaker	play	None
2017-04-13 13:16:26.580178	Speaker	stop	None
2017-04-13 13:16:26.580831	Trial	end	156
2017-04-13 13:16:29.885163	Trial	start	157
2017-04-13 13:16:29.887060	Speaker	play	None
2017-04-13 13:16:35.893153	Speaker	stop	None
2017-04-13 13:16:35.893800	Trial	end	157
2017-04-13 13:17:32.566196	Trial	start	158
2017-04-13 13:17:32.568200	Speaker	play	None
2017-04-13 13:17:32.668987	Speaker	stop	None
2017-04-13 13:17:32.671575	Trial	end	158
2017-04-13 13:17:32.673404	Trial	start	159
2017-04-13 13:17:32.683649	Speaker	play	None
2017-04-13 13:17:34.548492	Speaker	stop	None
2017-04-13 13:17:34.548964	Trial	end	159
2017-04-13 13:17:34.549741	Trial	start	160
2017-04-13 13:17:34.552944	Speaker	play	None
2017-04-13 13:17:40.556568	Speaker	stop	None
2017-04-13 13:17:40.557113	Trial	end	160
2017-04-13 13:17:43.296446	Trial	start	161
2017-04-13 13:17:43.300206	Speaker	play	None
2017-04-13 13:17:49.304505	Speaker	stop	None
2017-04-13 13:17:49.305013	Trial	end	161
2017-04-13 13:17:57.053195	Trial	start	162
2017-04-13 13:17:57.055311	Speaker	play	None
2017-04-13 13:18:03.061563	Speaker	stop	None
2017-04-13 13:18:03.062532	Trial	end	162
2017-04-13 13:21:56.603061	Trial	start	163
2017-04-13 13:21:56.605130	Speaker	play	None
2017-04-13 13:22:02.611521	Speaker	stop	None
2017-04-13 13:22:02.612458	Trial	end	163
2017-04-13 13:22:49.535122	Trial	start	164
2017-04-13 13:22:49.537168	Speaker	play	None
2017-04-13 13:22:55.543591	Speaker	stop	None
2017-04-13 13:22:55.544325	Trial	end	164
2017-04-13 13:23:00.937428	Trial	start	165
2017-04-13 13:23:00.939931	Speaker	play	None
2017-04-13 13:23:06.945750	Speaker	stop	None
2017-04-13 13:23:06.946360	Trial	end	165
2017-04-13 13:23:27.243869	Trial	start	166
2017-04-13 13:23:27.246840	Speaker	play	None
2017-04-13 13:23:33.252230	Speaker	stop	None
2017-04-13 13:23:33.252783	Trial	end	166
2017-04-13 13:25:24.007603	Trial	start	167
2017-04-13 13:25:24.009735	Speaker	play	None
2017-04-13 13:25:30.016136	Speaker	stop	None
2017-04-13 13:25:30.017081	Trial	end	167
2017-04-13 13:25:31.933053	Trial	start	168
2017-04-13 13:25:31.935998	Speaker	play	None
2017-04-13 13:25:36.601992	Speaker	stop	None
2017-04-13 13:25:36.602566	Trial	end	168
2017-04-13 13:25:36.603257	Trial	start	169
2017-04-13 13:25:36.605165	Speaker	play	None
2017-04-13 13:25:36.864159	Speaker	stop	None
2017-04-13 13:25:36.864905	Trial	end	169
2017-04-13 13:25:36.865983	Trial	start	170
2017-04-13 13:25:36.868200	Speaker	play	None
2017-04-13 13:25:42.872439	Speaker	stop	None
2017-04-13 13:25:42.872988	Trial	end	170
2017-04-13 13:25:50.498634	Trial	start	171
2017-04-13 13:25:50.500475	Speaker	play	None
2017-04-13 13:25:51.436594	Speaker	stop	None
2017-04-13 13:25:51.437154	Trial	end	171
2017-04-13 13:25:51.437868	Trial	start	172
2017-04-13 13:25:51.439873	Speaker	play	None
2017-04-13 13:25:51.514455	Speaker	stop	None
2017-04-13 13:25:51.515216	Trial	end	172
2017-04-13 13:25:51.516016	Trial	start	173
2017-04-13 13:25:51.518365	Speaker	play	None
2017-04-13 13:25:57.522885	Speaker	stop	None
2017-04-13 13:25:57.523972	Trial	end	173
2017-04-13 13:26:18.357593	Trial	start	174
2017-04-13 13:26:18.360106	Speaker	play	None
2017-04-13 13:26:24.366230	Speaker	stop	None
2017-04-13 13:26:24.366882	Trial	end	174
2017-04-13 13:26:29.051562	Trial	start	175
2017-04-13 13:26:29.053486	Speaker	play	None
2017-04-13 13:26:35.055878	Speaker	stop	None
2017-04-13 13:26:35.056447	Trial	end	175
2017-04-13 13:26:39.786521	Trial	start	176
2017-04-13 13:26:39.788561	Speaker	play	None
2017-04-13 13:26:45.794904	Speaker	stop	None
2017-04-13 13:26:45.795516	Trial	end	176
2017-04-13 13:26:54.858613	Trial	start	177
2017-04-13 13:26:54.860580	Speaker	play	None
2017-04-13 13:26:55.403639	Speaker	stop	None
2017-04-13 13:26:55.404174	Trial	end	177
2017-04-13 13:26:55.405035	Trial	start	178
2017-04-13 13:26:55.406822	Speaker	play	None
2017-04-13 13:26:55.509950	Speaker	stop	None
2017-04-13 13:26:55.510457	Trial	end	178
2017-04-13 13:26:55.511024	Trial	start	179
2017-04-13 13:26:55.513160	Speaker	play	None
2017-04-13 13:26:55.624706	Speaker	stop	None
2017-04-13 13:26:55.625265	Trial	end	179
2017-04-13 13:26:55.625893	Trial	start	180
2017-04-13 13:26:55.627752	Speaker	play	None
2017-04-13 13:26:57.701360	Speaker	stop	None
2017-04-13 13:26:57.702399	Trial	end	180
2017-04-13 13:26:57.704963	Trial	start	181
2017-04-13 13:26:57.706852	Speaker	play	None
2017-04-13 13:26:57.971749	Speaker	stop	None
2017-04-13 13:26:57.972417	Trial	end	181
2017-04-13 13:26:57.973096	Trial	start	182
2017-04-13 13:26:57.975003	Speaker	play	None
2017-04-13 13:26:59.106015	Speaker	stop	None
2017-04-13 13:26:59.106641	Trial	end	182
2017-04-13 13:26:59.107657	Trial	start	183
2017-04-13 13:26:59.110144	Speaker	play	None
2017-04-13 13:27:00.387966	Speaker	stop	None
2017-04-13 13:27:00.388519	Trial	end	183
2017-04-13 13:27:00.389222	Trial	start	184
2017-04-13 13:27:00.391219	Speaker	play	None
2017-04-13 13:27:05.782187	Speaker	stop	None
2017-04-13 13:27:05.783287	Trial	end	184
2017-04-13 13:27:05.784399	Trial	start	185
2017-04-13 13:27:05.786534	Speaker	play	None
2017-04-13 13:27:05.868122	Speaker	stop	None
2017-04-13 13:27:05.868844	Trial	end	185
2017-04-13 13:27:05.869425	Trial	start	186
2017-04-13 13:27:05.871087	Speaker	play	None
2017-04-13 13:27:06.007291	Speaker	stop	None
2017-04-13 13:27:06.007827	Trial	end	186
2017-04-13 13:27:06.008528	Trial	start	187
2017-04-13 13:27:06.010421	Speaker	play	None
2017-04-13 13:27:06.728148	Speaker	stop	None
2017-04-13 13:27:06.728752	Trial	end	187
2017-04-13 13:27:06.729356	Trial	start	188
2017-04-13 13:27:06.731459	Speaker	play	None
2017-04-13 13:27:12.736553	Speaker	stop	None
2017-04-13 13:27:12.737104	Trial	end	188
2017-04-13 13:27:44.191721	Trial	start	189
2017-04-13 13:27:44.193684	Speaker	play	None
2017-04-13 13:27:45.842354	Speaker	stop	None
2017-04-13 13:27:45.842901	Trial	end	189
2017-04-13 13:27:45.843564	Trial	start	190
2017-04-13 13:27:45.846494	Speaker	play	None
2017-04-13 13:27:51.850887	Speaker	stop	None
2017-04-13 13:27:51.851544	Trial	end	190
2017-04-13 13:29:26.831076	Trial	start	191
2017-04-13 13:29:26.834191	Speaker	play	None
2017-04-13 13:29:32.839553	Speaker	stop	None
2017-04-13 13:29:32.840055	Trial	end	191
2017-04-13 13:29:45.765659	Trial	start	192
2017-04-13 13:29:45.767560	Speaker	play	None
2017-04-13 13:29:51.770113	Speaker	stop	None
2017-04-13 13:29:51.770658	Trial	end	192
2017-04-13 13:30:08.099944	Trial	start	193
2017-04-13 13:30:08.103209	Speaker	play	None
2017-04-13 13:30:14.108371	Speaker	stop	None
2017-04-13 13:30:14.108901	Trial	end	193
2017-04-13 13:30:33.682123	Trial	start	194
2017-04-13 13:30:33.687183	Speaker	play	None
2017-04-13 13:30:39.694598	Speaker	stop	None
2017-04-13 13:30:39.695233	Trial	end	194
2017-04-13 13:30:46.989146	Trial	start	195
2017-04-13 13:30:46.991226	Speaker	play	None
2017-04-13 13:30:52.993510	Speaker	stop	None
2017-04-13 13:30:52.993990	Trial	end	195
2017-04-13 13:31:38.739155	Trial	start	196
2017-04-13 13:31:38.741101	Speaker	play	None
2017-04-13 13:31:44.743577	Speaker	stop	None
2017-04-13 13:31:44.744163	Trial	end	196
2017-04-13 13:32:02.810053	Trial	start	197
2017-04-13 13:32:02.812538	Speaker	play	None
2017-04-13 13:32:08.097695	Speaker	stop	None
2017-04-13 13:32:08.098258	Trial	end	197
2017-04-13 13:32:08.098812	Trial	start	198
2017-04-13 13:32:08.100499	Speaker	play	None
2017-04-13 13:32:14.106296	Speaker	stop	None
2017-04-13 13:32:14.107473	Trial	end	198
2017-04-13 13:32:26.872680	Trial	start	199
2017-04-13 13:32:26.874711	Speaker	play	None
2017-04-13 13:32:32.877156	Speaker	stop	None
2017-04-13 13:32:32.877776	Trial	end	199
2017-04-13 13:32:40.282336	Trial	start	200
2017-04-13 13:32:40.284573	Speaker	play	None
2017-04-13 13:32:40.388786	Speaker	stop	None
2017-04-13 13:32:40.389348	Trial	end	200
2017-04-13 13:32:40.390072	Trial	start	201
2017-04-13 13:32:40.391917	Speaker	play	None
2017-04-13 13:32:40.528318	Speaker	stop	None
2017-04-13 13:32:40.530587	Trial	end	201
2017-04-13 13:32:40.532540	Trial	start	202
2017-04-13 13:32:40.538139	Speaker	play	None
2017-04-13 13:32:40.618201	Speaker	stop	None
2017-04-13 13:32:40.618641	Trial	end	202
2017-04-13 13:32:40.619423	Trial	start	203
2017-04-13 13:32:40.621366	Speaker	play	None
2017-04-13 13:32:40.827147	Speaker	stop	None
2017-04-13 13:32:40.827802	Trial	end	203
2017-04-13 13:32:40.828613	Trial	start	204
2017-04-13 13:32:40.832021	Speaker	play	None
2017-04-13 13:32:41.015491	Speaker	stop	None
2017-04-13 13:32:41.016529	Trial	end	204
2017-04-13 13:32:41.017866	Trial	start	205
2017-04-13 13:32:41.020300	Speaker	play	None
2017-04-13 13:32:41.183409	Speaker	stop	None
2017-04-13 13:32:41.183975	Trial	end	205
2017-04-13 13:32:41.184698	Trial	start	206
2017-04-13 13:32:41.186745	Speaker	play	None
2017-04-13 13:32:41.416791	Speaker	stop	None
2017-04-13 13:32:41.417375	Trial	end	206
2017-04-13 13:32:41.418211	Trial	start	207
2017-04-13 13:32:41.420610	Speaker	play	None
2017-04-13 13:32:47.425526	Speaker	stop	None
2017-04-13 13:32:47.426452	Trial	end	207
2017-04-13 13:38:22.387545	Trial	start	208
2017-04-13 13:38:22.389391	Speaker	play	None
2017-04-13 13:38:28.392394	Speaker	stop	None
2017-04-13 13:38:28.393159	Trial	end	208
2017-04-13 13:39:28.719318	Trial	start	209
2017-04-13 13:39:28.721914	Speaker	play	None
2017-04-13 13:39:34.727825	Speaker	stop	None
2017-04-13 13:39:34.728358	Trial	end	209
2017-04-13 13:39:40.822339	Trial	start	210
2017-04-13 13:39:40.824490	Speaker	play	None
2017-04-13 13:39:40.920776	Speaker	stop	None
2017-04-13 13:39:40.921370	Trial	end	210
2017-04-13 13:39:40.922090	Trial	start	211
2017-04-13 13:39:40.924338	Speaker	play	None
2017-04-13 13:39:40.994431	Speaker	stop	None
2017-04-13 13:39:40.995015	Trial	end	211
2017-04-13 13:39:40.995643	Trial	start	212
2017-04-13 13:39:40.997519	Speaker	play	None
2017-04-13 13:39:41.752241	Speaker	stop	None
2017-04-13 13:39:41.752803	Trial	end	212
2017-04-13 13:39:41.753490	Trial	start	213
2017-04-13 13:39:41.755481	Speaker	play	None
2017-04-13 13:39:41.850678	Speaker	stop	None
2017-04-13 13:39:41.851506	Trial	end	213
2017-04-13 13:39:41.852257	Trial	start	214
2017-04-13 13:39:41.853959	Speaker	play	None
2017-04-13 13:39:41.961013	Speaker	stop	None
2017-04-13 13:39:41.961568	Trial	end	214
2017-04-13 13:39:41.962160	Trial	start	215
2017-04-13 13:39:41.964123	Speaker	play	None
2017-04-13 13:39:43.071011	Speaker	stop	None
2017-04-13 13:39:43.071631	Trial	end	215
2017-04-13 13:39:43.072311	Trial	start	216
2017-04-13 13:39:43.074094	Speaker	play	None
2017-04-13 13:39:49.079623	Speaker	stop	None
2017-04-13 13:39:49.080659	Trial	end	216
2017-04-13 13:39:50.191272	Trial	start	217
2017-04-13 13:39:50.195376	Speaker	play	None
2017-04-13 13:39:50.291914	Speaker	stop	None
2017-04-13 13:39:50.292522	Trial	end	217
2017-04-13 13:39:50.293078	Trial	start	218
2017-04-13 13:39:50.295016	Speaker	play	None
2017-04-13 13:39:53.077076	Speaker	stop	None
2017-04-13 13:39:53.077826	Trial	end	218
2017-04-13 13:39:53.079180	Trial	start	219
2017-04-13 13:39:53.081865	Speaker	play	None
2017-04-13 13:39:59.085543	Speaker	stop	None
2017-04-13 13:39:59.086116	Trial	end	219
2017-04-13 13:40:01.399653	Trial	start	220
2017-04-13 13:40:01.401547	Speaker	play	None
2017-04-13 13:40:01.494123	Speaker	stop	None
2017-04-13 13:40:01.494724	Trial	end	220
2017-04-13 13:40:01.495730	Trial	start	221
2017-04-13 13:40:01.497613	Speaker	play	None
2017-04-13 13:40:07.502556	Speaker	stop	None
2017-04-13 13:40:07.503063	Trial	end	221
2017-04-13 13:40:11.631039	Trial	start	222
2017-04-13 13:40:11.633357	Speaker	play	None
2017-04-13 13:40:17.640086	Speaker	stop	None
2017-04-13 13:40:17.640789	Trial	end	222
2017-04-13 13:40:19.470588	Trial	start	223
2017-04-13 13:40:19.473382	Speaker	play	None
2017-04-13 13:40:19.568840	Speaker	stop	None
2017-04-13 13:40:19.569515	Trial	end	223
2017-04-13 13:40:19.570859	Trial	start	224
2017-04-13 13:40:19.573800	Speaker	play	None
2017-04-13 13:40:19.634393	Speaker	stop	None
2017-04-13 13:40:19.635245	Trial	end	224
2017-04-13 13:40:19.636097	Trial	start	225
2017-04-13 13:40:19.639232	Speaker	play	None
2017-04-13 13:40:19.720416	Speaker	stop	None
2017-04-13 13:40:19.721884	Trial	end	225
2017-04-13 13:40:19.722748	Trial	start	226
2017-04-13 13:40:19.724615	Speaker	play	None
2017-04-13 13:40:19.843248	Speaker	stop	None
2017-04-13 13:40:19.843763	Trial	end	226
2017-04-13 13:40:19.844320	Trial	start	227
2017-04-13 13:40:19.845974	Speaker	play	None
2017-04-13 13:40:20.023874	Speaker	stop	None
2017-04-13 13:40:20.024933	Trial	end	227
2017-04-13 13:40:20.025792	Trial	start	228
2017-04-13 13:40:20.027792	Speaker	play	None
2017-04-13 13:40:23.119933	Speaker	stop	None
2017-04-13 13:40:23.120481	Trial	end	228
2017-04-13 13:40:23.121383	Trial	start	229
2017-04-13 13:40:23.123419	Speaker	play	None
2017-04-13 13:40:24.434750	Speaker	stop	None
2017-04-13 13:40:24.435826	Trial	end	229
2017-04-13 13:40:24.437237	Trial	start	230
2017-04-13 13:40:24.440465	Speaker	play	None
2017-04-13 13:40:30.447283	Speaker	stop	None
2017-04-13 13:40:30.448192	Trial	end	230
2017-04-13 13:40:32.667367	Trial	start	231
2017-04-13 13:40:32.670018	Speaker	play	None
2017-04-13 13:40:33.445444	Speaker	stop	None
2017-04-13 13:40:33.446104	Trial	end	231
2017-04-13 13:40:33.446905	Trial	start	232
2017-04-13 13:40:33.450075	Speaker	play	None
2017-04-13 13:40:39.453918	Speaker	stop	None
2017-04-13 13:40:39.454481	Trial	end	232
2017-04-13 13:41:14.960520	Trial	start	233
2017-04-13 13:41:14.962492	Speaker	play	None
2017-04-13 13:41:17.135731	Speaker	stop	None
2017-04-13 13:41:17.136769	Trial	end	233
2017-04-13 13:41:17.137549	Trial	start	234
2017-04-13 13:41:17.140090	Speaker	play	None
2017-04-13 13:41:17.869035	Speaker	stop	None
2017-04-13 13:41:17.869994	Trial	end	234
2017-04-13 13:41:17.870680	Trial	start	235
2017-04-13 13:41:17.872693	Speaker	play	None
2017-04-13 13:41:18.892590	Speaker	stop	None
2017-04-13 13:41:18.893175	Trial	end	235
2017-04-13 13:41:18.893969	Trial	start	236
2017-04-13 13:41:18.896460	Speaker	play	None
2017-04-13 13:41:24.901215	Speaker	stop	None
2017-04-13 13:41:24.901803	Trial	end	236
2017-04-13 13:41:46.391997	Trial	start	237
2017-04-13 13:41:46.394361	Speaker	play	None
2017-04-13 13:41:46.527338	Speaker	stop	None
2017-04-13 13:41:46.528109	Trial	end	237
2017-04-13 13:41:46.528724	Trial	start	238
2017-04-13 13:41:46.530424	Speaker	play	None
2017-04-13 13:41:48.099835	Speaker	stop	None
2017-04-13 13:41:48.100361	Trial	end	238
2017-04-13 13:41:48.101035	Trial	start	239
2017-04-13 13:41:48.102965	Speaker	play	None
2017-04-13 13:41:51.155494	Speaker	stop	None
2017-04-13 13:41:51.156722	Trial	end	239
2017-04-13 13:41:51.157545	Trial	start	240
2017-04-13 13:41:51.159742	Speaker	play	None
2017-04-13 13:41:57.163934	Speaker	stop	None
2017-04-13 13:41:57.164579	Trial	end	240
2017-04-13 13:44:24.711653	Trial	start	241
2017-04-13 13:44:24.713559	Speaker	play	None
2017-04-13 13:44:26.432022	Speaker	stop	None
2017-04-13 13:44:26.432607	Trial	end	241
2017-04-13 13:44:26.433223	Trial	start	242
2017-04-13 13:44:26.435839	Speaker	play	None
2017-04-13 13:44:27.968035	Speaker	stop	None
2017-04-13 13:44:27.969055	Trial	end	242
2017-04-13 13:44:27.970122	Trial	start	243
2017-04-13 13:44:27.972557	Speaker	play	None
2017-04-13 13:44:28.541409	Speaker	stop	None
2017-04-13 13:44:28.541990	Trial	end	243
2017-04-13 13:44:28.542586	Trial	start	244
2017-04-13 13:44:28.544293	Speaker	play	None
2017-04-13 13:44:28.627392	Speaker	stop	None
2017-04-13 13:44:28.628011	Trial	end	244
2017-04-13 13:44:28.628713	Trial	start	245
2017-04-13 13:44:28.630563	Speaker	play	None
2017-04-13 13:44:28.729791	Speaker	stop	None
2017-04-13 13:44:28.730320	Trial	end	245
2017-04-13 13:44:28.731007	Trial	start	246
2017-04-13 13:44:28.733454	Speaker	play	None
2017-04-13 13:44:31.645994	Speaker	stop	None
2017-04-13 13:44:31.646594	Trial	end	246
2017-04-13 13:44:31.647378	Trial	start	247
2017-04-13 13:44:31.650477	Speaker	play	None
2017-04-13 13:44:37.654556	Speaker	stop	None
2017-04-13 13:44:37.655084	Trial	end	247
2017-04-13 13:45:25.071896	Trial	start	248
2017-04-13 13:45:25.074406	Speaker	play	None
2017-04-13 13:45:31.080663	Speaker	stop	None
2017-04-13 13:45:31.081794	Trial	end	248
2017-04-13 13:46:23.429379	Trial	start	249
2017-04-13 13:46:23.432334	Speaker	play	None
2017-04-13 13:46:29.437780	Speaker	stop	None
2017-04-13 13:46:29.438267	Trial	end	249
2017-04-13 13:50:37.844256	PeckPort	off	None
2017-04-13 13:50:37.844639	HouseLight	on	None
2017-04-13 13:50:37.844962	Hopper	down	None
2017-04-13 13:50:47.777517	PeckPort	off	None
2017-04-13 13:50:47.777879	HouseLight	on	None
2017-04-13 13:50:47.778185	Hopper	down	None
2017-04-13 13:50:48.082436	Hopper	down	None
2017-04-13 13:50:48.384883	HouseLight	on	None
2017-04-13 13:50:48.385047	PeckPort	on	None
2017-04-14 09:44:28.072937	PeckPort	off	None
2017-04-14 09:44:28.073129	HouseLight	on	None
2017-04-14 09:44:28.073360	Hopper	down	None
