"2017-04-13 09:57:34,168","INFO","Preparing subject and data storage"
"2017-04-13 09:57:34,168","INFO","Created subject object with name LblWhi1566M"
"2017-04-13 09:57:34,169","INFO","Created datastore CSVStore: filename = /home/fet/data/LblWhi1566M/130417/LblWhi1566M_trialdata_20170413095734.csv, fields = session, index, time, stimulus_name, condition_name, response, correct, rt, reward, max_wait for subject LblWhi1566M"
"2017-04-13 09:57:34,169","INFO","Preparing to run experiment Go No-Go Interruption"
"2017-04-13 09:57:34,477","INFO","Entering Idle state"
"2017-04-13 09:57:34,784","INFO","Beginning block #1"
"2017-04-13 12:08:33,141","INFO","Trial 1 - 12:08:33 - Unrewarded - /home/fet/stimuli/shaping_categories_box5/nonreward/AG_Stim_12.wav"
"2017-04-13 12:09:40,121","INFO","Trial 2 - 12:09:40 - Unrewarded - /home/fet/stimuli/shaping_categories_box5/nonreward/AG_Stim_11.wav"
"2017-04-13 12:20:47,598","INFO","Trial 3 - 12:20:47 - Unrewarded - /home/fet/stimuli/shaping_categories_box5/nonreward/AG_Stim_11.wav"
"2017-04-13 12:20:47,890","INFO","Trial 4 - 12:20:47 - Unrewarded - /home/fet/stimuli/shaping_categories_box5/nonreward/AG_Stim_12.wav"
"2017-04-13 12:21:10,929","INFO","Trial 5 - 12:21:10 - Unrewarded - /home/fet/stimuli/shaping_categories_box5/nonreward/AG_Stim_12.wav"
"2017-04-13 12:21:11,094","INFO","Trial 6 - 12:21:11 - Unrewarded - /home/fet/stimuli/shaping_categories_box5/nonreward/AG_Stim_11.wav"
"2017-04-13 12:21:11,471","INFO","Trial 7 - 12:21:11 - Unrewarded - /home/fet/stimuli/shaping_categories_box5/nonreward/AG_Stim_11.wav"
"2017-04-13 12:21:11,581","INFO","Trial 8 - 12:21:11 - Unrewarded - /home/fet/stimuli/shaping_categories_box5/nonreward/AG_Stim_12.wav"
"2017-04-13 12:21:11,725","INFO","Trial 9 - 12:21:11 - Unrewarded - /home/fet/stimuli/shaping_categories_box5/nonreward/AG_Stim_12.wav"
"2017-04-13 12:21:20,427","INFO","Trial 10 - 12:21:20 - Unrewarded - /home/fet/stimuli/shaping_categories_box5/nonreward/AG_Stim_11.wav"
"2017-04-13 12:21:20,563","INFO","Trial 11 - 12:21:20 - Unrewarded - /home/fet/stimuli/shaping_categories_box5/nonreward/AG_Stim_11.wav"
"2017-04-13 12:21:20,722","INFO","Trial 12 - 12:21:20 - Unrewarded - /home/fet/stimuli/shaping_categories_box5/nonreward/AG_Stim_12.wav"
"2017-04-13 12:21:46,268","INFO","Trial 13 - 12:21:46 - Unrewarded - /home/fet/stimuli/shaping_categories_box5/nonreward/AG_Stim_12.wav"
"2017-04-13 12:22:18,434","INFO","Trial 14 - 12:22:18 - Unrewarded - /home/fet/stimuli/shaping_categories_box5/nonreward/AG_Stim_11.wav"
"2017-04-13 12:22:34,392","INFO","Trial 15 - 12:22:34 - Unrewarded - /home/fet/stimuli/shaping_categories_box5/nonreward/AG_Stim_12.wav"
"2017-04-13 12:22:34,517","INFO","Trial 16 - 12:22:34 - Unrewarded - /home/fet/stimuli/shaping_categories_box5/nonreward/AG_Stim_11.wav"
"2017-04-13 12:23:13,037","INFO","Trial 17 - 12:23:13 - Unrewarded - /home/fet/stimuli/shaping_categories_box5/nonreward/AG_Stim_11.wav"
"2017-04-13 12:23:24,143","INFO","Trial 18 - 12:23:24 - Unrewarded - /home/fet/stimuli/shaping_categories_box5/nonreward/AG_Stim_12.wav"
"2017-04-13 12:24:07,998","INFO","Trial 19 - 12:24:07 - Unrewarded - /home/fet/stimuli/shaping_categories_box5/nonreward/AG_Stim_12.wav"
"2017-04-13 12:24:09,417","INFO","Trial 20 - 12:24:09 - Unrewarded - /home/fet/stimuli/shaping_categories_box5/nonreward/AG_Stim_11.wav"
"2017-04-13 12:26:56,727","INFO","Trial 21 - 12:26:56 - Unrewarded - /home/fet/stimuli/shaping_categories_box5/nonreward/AG_Stim_11.wav"
"2017-04-13 12:26:59,465","INFO","Trial 22 - 12:26:59 - Unrewarded - /home/fet/stimuli/shaping_categories_box5/nonreward/AG_Stim_12.wav"
"2017-04-13 12:26:59,633","INFO","Trial 23 - 12:26:59 - Unrewarded - /home/fet/stimuli/shaping_categories_box5/nonreward/AG_Stim_12.wav"
"2017-04-13 12:26:59,764","INFO","Trial 24 - 12:26:59 - Unrewarded - /home/fet/stimuli/shaping_categories_box5/nonreward/AG_Stim_11.wav"
"2017-04-13 12:27:19,958","INFO","Trial 25 - 12:27:19 - Unrewarded - /home/fet/stimuli/shaping_categories_box5/nonreward/AG_Stim_12.wav"
"2017-04-13 12:27:20,074","INFO","Trial 26 - 12:27:20 - Unrewarded - /home/fet/stimuli/shaping_categories_box5/nonreward/AG_Stim_11.wav"
"2017-04-13 12:27:42,849","INFO","Trial 27 - 12:27:42 - Unrewarded - /home/fet/stimuli/shaping_categories_box5/nonreward/AG_Stim_12.wav"
"2017-04-13 12:27:43,081","INFO","Trial 28 - 12:27:43 - Unrewarded - /home/fet/stimuli/shaping_categories_box5/nonreward/AG_Stim_11.wav"
"2017-04-13 12:27:55,161","INFO","Trial 29 - 12:27:55 - Unrewarded - /home/fet/stimuli/shaping_categories_box5/nonreward/AG_Stim_12.wav"
"2017-04-13 12:28:44,728","INFO","Trial 30 - 12:28:44 - Unrewarded - /home/fet/stimuli/shaping_categories_box5/nonreward/AG_Stim_11.wav"
"2017-04-13 12:28:46,167","INFO","Trial 31 - 12:28:46 - Unrewarded - /home/fet/stimuli/shaping_categories_box5/nonreward/AG_Stim_11.wav"
"2017-04-13 12:28:47,377","INFO","Trial 32 - 12:28:47 - Unrewarded - /home/fet/stimuli/shaping_categories_box5/nonreward/AG_Stim_12.wav"
"2017-04-13 12:28:52,446","INFO","Trial 33 - 12:28:52 - Unrewarded - /home/fet/stimuli/shaping_categories_box5/nonreward/AG_Stim_12.wav"
"2017-04-13 12:29:19,477","INFO","Trial 34 - 12:29:19 - Unrewarded - /home/fet/stimuli/shaping_categories_box5/nonreward/AG_Stim_11.wav"
"2017-04-13 12:29:20,945","INFO","Trial 35 - 12:29:20 - Unrewarded - /home/fet/stimuli/shaping_categories_box5/nonreward/AG_Stim_11.wav"
"2017-04-13 12:29:25,933","INFO","Trial 36 - 12:29:25 - Unrewarded - /home/fet/stimuli/shaping_categories_box5/nonreward/AG_Stim_12.wav"
"2017-04-13 12:29:26,843","INFO","Trial 37 - 12:29:26 - Unrewarded - /home/fet/stimuli/shaping_categories_box5/nonreward/AG_Stim_11.wav"
"2017-04-13 12:33:23,575","INFO","Trial 38 - 12:33:23 - Unrewarded - /home/fet/stimuli/shaping_categories_box5/nonreward/AG_Stim_12.wav"
"2017-04-13 12:33:30,177","INFO","Trial 39 - 12:33:30 - Unrewarded - /home/fet/stimuli/shaping_categories_box5/nonreward/AG_Stim_12.wav"
"2017-04-13 12:33:34,717","INFO","Trial 40 - 12:33:34 - Unrewarded - /home/fet/stimuli/shaping_categories_box5/nonreward/AG_Stim_11.wav"
"2017-04-13 12:35:25,219","INFO","Trial 41 - 12:35:25 - Unrewarded - /home/fet/stimuli/shaping_categories_box5/nonreward/AG_Stim_12.wav"
"2017-04-13 12:35:26,437","INFO","Trial 42 - 12:35:26 - Unrewarded - /home/fet/stimuli/shaping_categories_box5/nonreward/AG_Stim_11.wav"
"2017-04-13 12:35:35,172","INFO","Trial 43 - 12:35:35 - Unrewarded - /home/fet/stimuli/shaping_categories_box5/nonreward/AG_Stim_11.wav"
"2017-04-13 12:35:35,350","INFO","Trial 44 - 12:35:35 - Unrewarded - /home/fet/stimuli/shaping_categories_box5/nonreward/AG_Stim_12.wav"
"2017-04-13 12:35:35,461","INFO","Trial 45 - 12:35:35 - Unrewarded - /home/fet/stimuli/shaping_categories_box5/nonreward/AG_Stim_11.wav"
"2017-04-13 12:35:35,616","INFO","Trial 46 - 12:35:35 - Unrewarded - /home/fet/stimuli/shaping_categories_box5/nonreward/AG_Stim_12.wav"
"2017-04-13 12:35:35,771","INFO","Trial 47 - 12:35:35 - Unrewarded - /home/fet/stimuli/shaping_categories_box5/nonreward/AG_Stim_11.wav"
"2017-04-13 12:35:35,919","INFO","Trial 48 - 12:35:35 - Unrewarded - /home/fet/stimuli/shaping_categories_box5/nonreward/AG_Stim_12.wav"
"2017-04-13 12:35:35,988","INFO","Trial 49 - 12:35:35 - Unrewarded - /home/fet/stimuli/shaping_categories_box5/nonreward/AG_Stim_11.wav"
"2017-04-13 12:35:36,157","INFO","Trial 50 - 12:35:36 - Unrewarded - /home/fet/stimuli/shaping_categories_box5/nonreward/AG_Stim_12.wav"
"2017-04-13 12:35:50,524","INFO","Trial 51 - 12:35:50 - Unrewarded - /home/fet/stimuli/shaping_categories_box5/nonreward/AG_Stim_12.wav"
"2017-04-13 12:36:45,900","INFO","Trial 52 - 12:36:45 - Unrewarded - /home/fet/stimuli/shaping_categories_box5/nonreward/AG_Stim_11.wav"
"2017-04-13 12:36:47,049","INFO","Trial 53 - 12:36:47 - Unrewarded - /home/fet/stimuli/shaping_categories_box5/nonreward/AG_Stim_11.wav"
"2017-04-13 12:36:50,023","INFO","Trial 54 - 12:36:50 - Unrewarded - /home/fet/stimuli/shaping_categories_box5/nonreward/AG_Stim_12.wav"
"2017-04-13 12:37:22,424","INFO","Trial 55 - 12:37:22 - Unrewarded - /home/fet/stimuli/shaping_categories_box5/nonreward/AG_Stim_12.wav"
"2017-04-13 12:37:24,109","INFO","Trial 56 - 12:37:24 - Unrewarded - /home/fet/stimuli/shaping_categories_box5/nonreward/AG_Stim_11.wav"
"2017-04-13 12:37:48,568","INFO","Trial 57 - 12:37:48 - Unrewarded - /home/fet/stimuli/shaping_categories_box5/nonreward/AG_Stim_12.wav"
"2017-04-13 12:38:08,622","INFO","Trial 58 - 12:38:08 - Unrewarded - /home/fet/stimuli/shaping_categories_box5/nonreward/AG_Stim_11.wav"
"2017-04-13 12:38:11,286","INFO","Trial 59 - 12:38:11 - Unrewarded - /home/fet/stimuli/shaping_categories_box5/nonreward/AG_Stim_12.wav"
"2017-04-13 12:38:23,937","INFO","Trial 60 - 12:38:23 - Unrewarded - /home/fet/stimuli/shaping_categories_box5/nonreward/AG_Stim_11.wav"
"2017-04-13 12:38:26,240","INFO","Trial 61 - 12:38:26 - Unrewarded - /home/fet/stimuli/shaping_categories_box5/nonreward/AG_Stim_12.wav"
"2017-04-13 12:38:26,416","INFO","Trial 62 - 12:38:26 - Unrewarded - /home/fet/stimuli/shaping_categories_box5/nonreward/AG_Stim_11.wav"
"2017-04-13 12:38:57,679","INFO","Trial 63 - 12:38:57 - Unrewarded - /home/fet/stimuli/shaping_categories_box5/nonreward/AG_Stim_11.wav"
"2017-04-13 12:38:58,003","INFO","Trial 64 - 12:38:58 - Unrewarded - /home/fet/stimuli/shaping_categories_box5/nonreward/AG_Stim_12.wav"
"2017-04-13 12:39:00,263","INFO","Trial 65 - 12:39:00 - Unrewarded - /home/fet/stimuli/shaping_categories_box5/nonreward/AG_Stim_11.wav"
"2017-04-13 12:39:06,522","INFO","Trial 66 - 12:39:06 - Unrewarded - /home/fet/stimuli/shaping_categories_box5/nonreward/AG_Stim_12.wav"
"2017-04-13 12:39:41,341","INFO","Trial 67 - 12:39:41 - Unrewarded - /home/fet/stimuli/shaping_categories_box5/nonreward/AG_Stim_11.wav"
"2017-04-13 12:39:41,502","INFO","Trial 68 - 12:39:41 - Unrewarded - /home/fet/stimuli/shaping_categories_box5/nonreward/AG_Stim_12.wav"
"2017-04-13 12:39:41,613","INFO","Trial 69 - 12:39:41 - Unrewarded - /home/fet/stimuli/shaping_categories_box5/nonreward/AG_Stim_11.wav"
"2017-04-13 12:39:44,386","INFO","Trial 70 - 12:39:44 - Unrewarded - /home/fet/stimuli/shaping_categories_box5/nonreward/AG_Stim_12.wav"
"2017-04-13 12:40:00,261","INFO","Trial 71 - 12:40:00 - Unrewarded - /home/fet/stimuli/shaping_categories_box5/nonreward/AG_Stim_11.wav"
"2017-04-13 12:40:02,950","INFO","Trial 72 - 12:40:02 - Unrewarded - /home/fet/stimuli/shaping_categories_box5/nonreward/AG_Stim_12.wav"
"2017-04-13 12:40:04,550","INFO","Trial 73 - 12:40:04 - Unrewarded - /home/fet/stimuli/shaping_categories_box5/nonreward/AG_Stim_11.wav"
"2017-04-13 12:40:04,644","INFO","Trial 74 - 12:40:04 - Unrewarded - /home/fet/stimuli/shaping_categories_box5/nonreward/AG_Stim_12.wav"
"2017-04-13 12:42:07,307","INFO","Trial 75 - 12:42:07 - Unrewarded - /home/fet/stimuli/shaping_categories_box5/nonreward/AG_Stim_11.wav"
"2017-04-13 12:42:07,566","INFO","Trial 76 - 12:42:07 - Unrewarded - /home/fet/stimuli/shaping_categories_box5/nonreward/AG_Stim_12.wav"
"2017-04-13 12:42:08,951","INFO","Trial 77 - 12:42:08 - Unrewarded - /home/fet/stimuli/shaping_categories_box5/nonreward/AG_Stim_12.wav"
"2017-04-13 12:42:10,556","INFO","Trial 78 - 12:42:10 - Unrewarded - /home/fet/stimuli/shaping_categories_box5/nonreward/AG_Stim_11.wav"
"2017-04-13 12:42:18,288","INFO","Trial 79 - 12:42:18 - Unrewarded - /home/fet/stimuli/shaping_categories_box5/nonreward/AG_Stim_11.wav"
"2017-04-13 12:42:18,638","INFO","Trial 80 - 12:42:18 - Unrewarded - /home/fet/stimuli/shaping_categories_box5/nonreward/AG_Stim_12.wav"
"2017-04-13 12:42:18,743","INFO","Trial 81 - 12:42:18 - Unrewarded - /home/fet/stimuli/shaping_categories_box5/nonreward/AG_Stim_12.wav"
"2017-04-13 12:42:18,892","INFO","Trial 82 - 12:42:18 - Unrewarded - /home/fet/stimuli/shaping_categories_box5/nonreward/AG_Stim_11.wav"
"2017-04-13 12:42:19,756","INFO","Trial 83 - 12:42:19 - Unrewarded - /home/fet/stimuli/shaping_categories_box5/nonreward/AG_Stim_11.wav"
"2017-04-13 12:42:19,838","INFO","Trial 84 - 12:42:19 - Unrewarded - /home/fet/stimuli/shaping_categories_box5/nonreward/AG_Stim_12.wav"
"2017-04-13 12:42:26,417","INFO","Trial 85 - 12:42:26 - Unrewarded - /home/fet/stimuli/shaping_categories_box5/nonreward/AG_Stim_12.wav"
"2017-04-13 12:42:29,634","INFO","Trial 86 - 12:42:29 - Unrewarded - /home/fet/stimuli/shaping_categories_box5/nonreward/AG_Stim_11.wav"
"2017-04-13 12:42:32,890","INFO","Trial 87 - 12:42:32 - Unrewarded - /home/fet/stimuli/shaping_categories_box5/nonreward/AG_Stim_12.wav"
"2017-04-13 12:42:56,401","INFO","Trial 88 - 12:42:56 - Unrewarded - /home/fet/stimuli/shaping_categories_box5/nonreward/AG_Stim_11.wav"
"2017-04-13 12:42:56,510","INFO","Trial 89 - 12:42:56 - Unrewarded - /home/fet/stimuli/shaping_categories_box5/nonreward/AG_Stim_12.wav"
"2017-04-13 12:42:56,604","INFO","Trial 90 - 12:42:56 - Unrewarded - /home/fet/stimuli/shaping_categories_box5/nonreward/AG_Stim_11.wav"
"2017-04-13 12:42:56,788","INFO","Trial 91 - 12:42:56 - Unrewarded - /home/fet/stimuli/shaping_categories_box5/nonreward/AG_Stim_12.wav"
"2017-04-13 12:42:58,266","INFO","Trial 92 - 12:42:58 - Unrewarded - /home/fet/stimuli/shaping_categories_box5/nonreward/AG_Stim_11.wav"
"2017-04-13 12:42:58,328","INFO","Trial 93 - 12:42:58 - Unrewarded - /home/fet/stimuli/shaping_categories_box5/nonreward/AG_Stim_12.wav"
"2017-04-13 12:42:58,455","INFO","Trial 94 - 12:42:58 - Unrewarded - /home/fet/stimuli/shaping_categories_box5/nonreward/AG_Stim_11.wav"
"2017-04-13 12:42:58,537","INFO","Trial 95 - 12:42:58 - Unrewarded - /home/fet/stimuli/shaping_categories_box5/nonreward/AG_Stim_11.wav"
"2017-04-13 12:43:03,312","INFO","Trial 96 - 12:43:03 - Unrewarded - /home/fet/stimuli/shaping_categories_box5/nonreward/AG_Stim_12.wav"
"2017-04-13 12:43:03,473","INFO","Trial 97 - 12:43:03 - Unrewarded - /home/fet/stimuli/shaping_categories_box5/nonreward/AG_Stim_11.wav"
"2017-04-13 12:43:03,591","INFO","Trial 98 - 12:43:03 - Unrewarded - /home/fet/stimuli/shaping_categories_box5/nonreward/AG_Stim_12.wav"
"2017-04-13 12:43:03,726","INFO","Trial 99 - 12:43:03 - Unrewarded - /home/fet/stimuli/shaping_categories_box5/nonreward/AG_Stim_12.wav"
"2017-04-13 12:43:03,865","INFO","Trial 100 - 12:43:03 - Unrewarded - /home/fet/stimuli/shaping_categories_box5/nonreward/AG_Stim_11.wav"
"2017-04-13 12:43:10,720","INFO","Trial 101 - 12:43:10 - Unrewarded - /home/fet/stimuli/shaping_categories_box5/nonreward/AG_Stim_12.wav"
"2017-04-13 12:49:08,978","INFO","Trial 102 - 12:49:08 - Unrewarded - /home/fet/stimuli/shaping_categories_box5/nonreward/AG_Stim_11.wav"
"2017-04-13 12:49:09,077","INFO","Trial 103 - 12:49:09 - Unrewarded - /home/fet/stimuli/shaping_categories_box5/nonreward/AG_Stim_11.wav"
"2017-04-13 12:49:09,151","INFO","Trial 104 - 12:49:09 - Unrewarded - /home/fet/stimuli/shaping_categories_box5/nonreward/AG_Stim_12.wav"
"2017-04-13 12:49:13,141","INFO","Trial 105 - 12:49:13 - Unrewarded - /home/fet/stimuli/shaping_categories_box5/nonreward/AG_Stim_11.wav"
"2017-04-13 12:49:15,189","INFO","Trial 106 - 12:49:15 - Unrewarded - /home/fet/stimuli/shaping_categories_box5/nonreward/AG_Stim_12.wav"
"2017-04-13 12:49:16,672","INFO","Trial 107 - 12:49:16 - Unrewarded - /home/fet/stimuli/shaping_categories_box5/nonreward/AG_Stim_11.wav"
"2017-04-13 12:49:19,932","INFO","Trial 108 - 12:49:19 - Unrewarded - /home/fet/stimuli/shaping_categories_box5/nonreward/AG_Stim_12.wav"
"2017-04-13 12:49:20,073","INFO","Trial 109 - 12:49:20 - Unrewarded - /home/fet/stimuli/shaping_categories_box5/nonreward/AG_Stim_11.wav"
"2017-04-13 12:49:21,041","INFO","Trial 110 - 12:49:21 - Unrewarded - /home/fet/stimuli/shaping_categories_box5/nonreward/AG_Stim_12.wav"
"2017-04-13 12:49:27,815","INFO","Trial 111 - 12:49:27 - Unrewarded - /home/fet/stimuli/shaping_categories_box5/nonreward/AG_Stim_11.wav"
"2017-04-13 12:49:32,817","INFO","Trial 112 - 12:49:32 - Unrewarded - /home/fet/stimuli/shaping_categories_box5/nonreward/AG_Stim_12.wav"
"2017-04-13 12:50:26,045","INFO","Trial 113 - 12:50:26 - Unrewarded - /home/fet/stimuli/shaping_categories_box5/nonreward/AG_Stim_12.wav"
"2017-04-13 12:50:26,152","INFO","Trial 114 - 12:50:26 - Unrewarded - /home/fet/stimuli/shaping_categories_box5/nonreward/AG_Stim_11.wav"
"2017-04-13 12:50:26,350","INFO","Trial 115 - 12:50:26 - Unrewarded - /home/fet/stimuli/shaping_categories_box5/nonreward/AG_Stim_11.wav"
"2017-04-13 13:02:52,812","INFO","Trial 116 - 13:02:52 - Unrewarded - /home/fet/stimuli/shaping_categories_box5/nonreward/AG_Stim_12.wav"
"2017-04-13 13:04:08,520","INFO","Trial 117 - 13:04:08 - Unrewarded - /home/fet/stimuli/shaping_categories_box5/nonreward/AG_Stim_12.wav"
"2017-04-13 13:06:05,744","INFO","Trial 118 - 13:06:05 - Unrewarded - /home/fet/stimuli/shaping_categories_box5/nonreward/AG_Stim_11.wav"
"2017-04-13 13:06:05,827","INFO","Trial 119 - 13:06:05 - Unrewarded - /home/fet/stimuli/shaping_categories_box5/nonreward/AG_Stim_11.wav"
"2017-04-13 13:06:54,289","INFO","Trial 120 - 13:06:54 - Unrewarded - /home/fet/stimuli/shaping_categories_box5/nonreward/AG_Stim_12.wav"
"2017-04-13 13:07:36,304","INFO","Trial 121 - 13:07:36 - Unrewarded - /home/fet/stimuli/shaping_categories_box5/nonreward/AG_Stim_11.wav"
"2017-04-13 13:07:50,423","INFO","Trial 122 - 13:07:50 - Unrewarded - /home/fet/stimuli/shaping_categories_box5/nonreward/AG_Stim_12.wav"
"2017-04-13 13:08:43,563","INFO","Trial 123 - 13:08:43 - Unrewarded - /home/fet/stimuli/shaping_categories_box5/nonreward/AG_Stim_11.wav"
"2017-04-13 13:08:57,681","INFO","Trial 124 - 13:08:57 - Unrewarded - /home/fet/stimuli/shaping_categories_box5/nonreward/AG_Stim_12.wav"
"2017-04-13 13:08:58,036","INFO","Trial 125 - 13:08:58 - Unrewarded - /home/fet/stimuli/shaping_categories_box5/nonreward/AG_Stim_12.wav"
"2017-04-13 13:09:13,037","INFO","Trial 126 - 13:09:13 - Unrewarded - /home/fet/stimuli/shaping_categories_box5/nonreward/AG_Stim_11.wav"
"2017-04-13 13:09:13,174","INFO","Trial 127 - 13:09:13 - Unrewarded - /home/fet/stimuli/shaping_categories_box5/nonreward/AG_Stim_12.wav"
"2017-04-13 13:09:15,141","INFO","Trial 128 - 13:09:15 - Unrewarded - /home/fet/stimuli/shaping_categories_box5/nonreward/AG_Stim_11.wav"
"2017-04-13 13:09:15,239","INFO","Trial 129 - 13:09:15 - Unrewarded - /home/fet/stimuli/shaping_categories_box5/nonreward/AG_Stim_11.wav"
"2017-04-13 13:09:15,381","INFO","Trial 130 - 13:09:15 - Unrewarded - /home/fet/stimuli/shaping_categories_box5/nonreward/AG_Stim_12.wav"
"2017-04-13 13:09:52,366","INFO","Trial 131 - 13:09:52 - Unrewarded - /home/fet/stimuli/shaping_categories_box5/nonreward/AG_Stim_12.wav"
"2017-04-13 13:10:01,381","INFO","Trial 132 - 13:10:01 - Unrewarded - /home/fet/stimuli/shaping_categories_box5/nonreward/AG_Stim_11.wav"
"2017-04-13 13:10:01,501","INFO","Trial 133 - 13:10:01 - Unrewarded - /home/fet/stimuli/shaping_categories_box5/nonreward/AG_Stim_11.wav"
"2017-04-13 13:10:16,126","INFO","Trial 134 - 13:10:16 - Unrewarded - /home/fet/stimuli/shaping_categories_box5/nonreward/AG_Stim_12.wav"
"2017-04-13 13:10:46,214","INFO","Trial 135 - 13:10:46 - Unrewarded - /home/fet/stimuli/shaping_categories_box5/nonreward/AG_Stim_12.wav"
"2017-04-13 13:10:56,114","INFO","Trial 136 - 13:10:56 - Unrewarded - /home/fet/stimuli/shaping_categories_box5/nonreward/AG_Stim_11.wav"
"2017-04-13 13:11:52,904","INFO","Trial 137 - 13:11:52 - Unrewarded - /home/fet/stimuli/shaping_categories_box5/nonreward/AG_Stim_12.wav"
"2017-04-13 13:12:00,862","INFO","Trial 138 - 13:12:00 - Unrewarded - /home/fet/stimuli/shaping_categories_box5/nonreward/AG_Stim_11.wav"
"2017-04-13 13:12:04,779","INFO","Trial 139 - 13:12:04 - Unrewarded - /home/fet/stimuli/shaping_categories_box5/nonreward/AG_Stim_11.wav"
"2017-04-13 13:12:22,873","INFO","Trial 140 - 13:12:22 - Unrewarded - /home/fet/stimuli/shaping_categories_box5/nonreward/AG_Stim_12.wav"
"2017-04-13 13:12:44,934","INFO","Trial 141 - 13:12:44 - Unrewarded - /home/fet/stimuli/shaping_categories_box5/nonreward/AG_Stim_12.wav"
"2017-04-13 13:12:54,731","INFO","Trial 142 - 13:12:54 - Unrewarded - /home/fet/stimuli/shaping_categories_box5/nonreward/AG_Stim_11.wav"
"2017-04-13 13:13:04,861","INFO","Trial 143 - 13:13:04 - Unrewarded - /home/fet/stimuli/shaping_categories_box5/nonreward/AG_Stim_11.wav"
"2017-04-13 13:13:06,144","INFO","Trial 144 - 13:13:06 - Unrewarded - /home/fet/stimuli/shaping_categories_box5/nonreward/AG_Stim_12.wav"
"2017-04-13 13:13:37,820","INFO","Trial 145 - 13:13:37 - Unrewarded - /home/fet/stimuli/shaping_categories_box5/nonreward/AG_Stim_12.wav"
"2017-04-13 13:13:56,432","INFO","Trial 146 - 13:13:56 - Unrewarded - /home/fet/stimuli/shaping_categories_box5/nonreward/AG_Stim_11.wav"
"2017-04-13 13:13:58,797","INFO","Trial 147 - 13:13:58 - Unrewarded - /home/fet/stimuli/shaping_categories_box5/nonreward/AG_Stim_11.wav"
"2017-04-13 13:14:02,401","INFO","Trial 148 - 13:14:02 - Unrewarded - /home/fet/stimuli/shaping_categories_box5/nonreward/AG_Stim_12.wav"
"2017-04-13 13:14:12,742","INFO","Trial 149 - 13:14:12 - Unrewarded - /home/fet/stimuli/shaping_categories_box5/nonreward/AG_Stim_11.wav"
"2017-04-13 13:15:05,450","INFO","Trial 150 - 13:15:05 - Unrewarded - /home/fet/stimuli/shaping_categories_box5/nonreward/AG_Stim_12.wav"
"2017-04-13 13:15:17,633","INFO","Trial 151 - 13:15:17 - Unrewarded - /home/fet/stimuli/shaping_categories_box5/nonreward/AG_Stim_11.wav"
"2017-04-13 13:15:17,741","INFO","Trial 152 - 13:15:17 - Unrewarded - /home/fet/stimuli/shaping_categories_box5/nonreward/AG_Stim_12.wav"
"2017-04-13 13:15:17,963","INFO","Trial 153 - 13:15:17 - Unrewarded - /home/fet/stimuli/shaping_categories_box5/nonreward/AG_Stim_11.wav"
"2017-04-13 13:15:29,035","INFO","Trial 154 - 13:15:29 - Unrewarded - /home/fet/stimuli/shaping_categories_box5/nonreward/AG_Stim_12.wav"
"2017-04-13 13:15:38,880","INFO","Trial 155 - 13:15:38 - Unrewarded - /home/fet/stimuli/shaping_categories_box5/nonreward/AG_Stim_12.wav"
"2017-04-13 13:16:20,572","INFO","Trial 156 - 13:16:20 - Unrewarded - /home/fet/stimuli/shaping_categories_box5/nonreward/AG_Stim_11.wav"
"2017-04-13 13:16:29,885","INFO","Trial 157 - 13:16:29 - Unrewarded - /home/fet/stimuli/shaping_categories_box5/nonreward/AG_Stim_11.wav"
"2017-04-13 13:17:32,566","INFO","Trial 158 - 13:17:32 - Unrewarded - /home/fet/stimuli/shaping_categories_box5/nonreward/AG_Stim_12.wav"
"2017-04-13 13:17:32,674","INFO","Trial 159 - 13:17:32 - Unrewarded - /home/fet/stimuli/shaping_categories_box5/nonreward/AG_Stim_11.wav"
"2017-04-13 13:17:34,549","INFO","Trial 160 - 13:17:34 - Unrewarded - /home/fet/stimuli/shaping_categories_box5/nonreward/AG_Stim_12.wav"
"2017-04-13 13:17:43,296","INFO","Trial 161 - 13:17:43 - Unrewarded - /home/fet/stimuli/shaping_categories_box5/nonreward/AG_Stim_12.wav"
"2017-04-13 13:17:57,053","INFO","Trial 162 - 13:17:57 - Unrewarded - /home/fet/stimuli/shaping_categories_box5/nonreward/AG_Stim_11.wav"
"2017-04-13 13:21:56,603","INFO","Trial 163 - 13:21:56 - Unrewarded - /home/fet/stimuli/shaping_categories_box5/nonreward/AG_Stim_11.wav"
"2017-04-13 13:22:49,535","INFO","Trial 164 - 13:22:49 - Unrewarded - /home/fet/stimuli/shaping_categories_box5/nonreward/AG_Stim_12.wav"
"2017-04-13 13:23:00,937","INFO","Trial 165 - 13:23:00 - Unrewarded - /home/fet/stimuli/shaping_categories_box5/nonreward/AG_Stim_12.wav"
"2017-04-13 13:23:27,244","INFO","Trial 166 - 13:23:27 - Unrewarded - /home/fet/stimuli/shaping_categories_box5/nonreward/AG_Stim_11.wav"
"2017-04-13 13:25:24,007","INFO","Trial 167 - 13:25:24 - Unrewarded - /home/fet/stimuli/shaping_categories_box5/nonreward/AG_Stim_11.wav"
"2017-04-13 13:25:31,933","INFO","Trial 168 - 13:25:31 - Unrewarded - /home/fet/stimuli/shaping_categories_box5/nonreward/AG_Stim_12.wav"
"2017-04-13 13:25:36,603","INFO","Trial 169 - 13:25:36 - Unrewarded - /home/fet/stimuli/shaping_categories_box5/nonreward/AG_Stim_12.wav"
"2017-04-13 13:25:36,866","INFO","Trial 170 - 13:25:36 - Unrewarded - /home/fet/stimuli/shaping_categories_box5/nonreward/AG_Stim_11.wav"
"2017-04-13 13:25:50,498","INFO","Trial 171 - 13:25:50 - Unrewarded - /home/fet/stimuli/shaping_categories_box5/nonreward/AG_Stim_12.wav"
"2017-04-13 13:25:51,437","INFO","Trial 172 - 13:25:51 - Unrewarded - /home/fet/stimuli/shaping_categories_box5/nonreward/AG_Stim_11.wav"
"2017-04-13 13:25:51,516","INFO","Trial 173 - 13:25:51 - Unrewarded - /home/fet/stimuli/shaping_categories_box5/nonreward/AG_Stim_11.wav"
"2017-04-13 13:26:18,357","INFO","Trial 174 - 13:26:18 - Unrewarded - /home/fet/stimuli/shaping_categories_box5/nonreward/AG_Stim_12.wav"
"2017-04-13 13:26:29,051","INFO","Trial 175 - 13:26:29 - Unrewarded - /home/fet/stimuli/shaping_categories_box5/nonreward/AG_Stim_12.wav"
"2017-04-13 13:26:39,786","INFO","Trial 176 - 13:26:39 - Unrewarded - /home/fet/stimuli/shaping_categories_box5/nonreward/AG_Stim_11.wav"
"2017-04-13 13:26:54,858","INFO","Trial 177 - 13:26:54 - Unrewarded - /home/fet/stimuli/shaping_categories_box5/nonreward/AG_Stim_11.wav"
"2017-04-13 13:26:55,405","INFO","Trial 178 - 13:26:55 - Unrewarded - /home/fet/stimuli/shaping_categories_box5/nonreward/AG_Stim_12.wav"
"2017-04-13 13:26:55,511","INFO","Trial 179 - 13:26:55 - Unrewarded - /home/fet/stimuli/shaping_categories_box5/nonreward/AG_Stim_12.wav"
"2017-04-13 13:26:55,625","INFO","Trial 180 - 13:26:55 - Unrewarded - /home/fet/stimuli/shaping_categories_box5/nonreward/AG_Stim_11.wav"
"2017-04-13 13:26:57,705","INFO","Trial 181 - 13:26:57 - Unrewarded - /home/fet/stimuli/shaping_categories_box5/nonreward/AG_Stim_11.wav"
"2017-04-13 13:26:57,973","INFO","Trial 182 - 13:26:57 - Unrewarded - /home/fet/stimuli/shaping_categories_box5/nonreward/AG_Stim_12.wav"
"2017-04-13 13:26:59,107","INFO","Trial 183 - 13:26:59 - Unrewarded - /home/fet/stimuli/shaping_categories_box5/nonreward/AG_Stim_12.wav"
"2017-04-13 13:27:00,389","INFO","Trial 184 - 13:27:00 - Unrewarded - /home/fet/stimuli/shaping_categories_box5/nonreward/AG_Stim_11.wav"
"2017-04-13 13:27:05,784","INFO","Trial 185 - 13:27:05 - Unrewarded - /home/fet/stimuli/shaping_categories_box5/nonreward/AG_Stim_11.wav"
"2017-04-13 13:27:05,869","INFO","Trial 186 - 13:27:05 - Unrewarded - /home/fet/stimuli/shaping_categories_box5/nonreward/AG_Stim_12.wav"
"2017-04-13 13:27:06,008","INFO","Trial 187 - 13:27:06 - Unrewarded - /home/fet/stimuli/shaping_categories_box5/nonreward/AG_Stim_11.wav"
"2017-04-13 13:27:06,729","INFO","Trial 188 - 13:27:06 - Unrewarded - /home/fet/stimuli/shaping_categories_box5/nonreward/AG_Stim_12.wav"
"2017-04-13 13:27:44,191","INFO","Trial 189 - 13:27:44 - Unrewarded - /home/fet/stimuli/shaping_categories_box5/nonreward/AG_Stim_12.wav"
"2017-04-13 13:27:45,843","INFO","Trial 190 - 13:27:45 - Unrewarded - /home/fet/stimuli/shaping_categories_box5/nonreward/AG_Stim_11.wav"
"2017-04-13 13:29:26,831","INFO","Trial 191 - 13:29:26 - Unrewarded - /home/fet/stimuli/shaping_categories_box5/nonreward/AG_Stim_12.wav"
"2017-04-13 13:29:45,765","INFO","Trial 192 - 13:29:45 - Unrewarded - /home/fet/stimuli/shaping_categories_box5/nonreward/AG_Stim_11.wav"
"2017-04-13 13:30:08,100","INFO","Trial 193 - 13:30:08 - Unrewarded - /home/fet/stimuli/shaping_categories_box5/nonreward/AG_Stim_11.wav"
"2017-04-13 13:30:33,682","INFO","Trial 194 - 13:30:33 - Unrewarded - /home/fet/stimuli/shaping_categories_box5/nonreward/AG_Stim_12.wav"
"2017-04-13 13:30:46,989","INFO","Trial 195 - 13:30:46 - Unrewarded - /home/fet/stimuli/shaping_categories_box5/nonreward/AG_Stim_11.wav"
"2017-04-13 13:31:38,739","INFO","Trial 196 - 13:31:38 - Unrewarded - /home/fet/stimuli/shaping_categories_box5/nonreward/AG_Stim_12.wav"
"2017-04-13 13:32:02,810","INFO","Trial 197 - 13:32:02 - Unrewarded - /home/fet/stimuli/shaping_categories_box5/nonreward/AG_Stim_11.wav"
"2017-04-13 13:32:08,098","INFO","Trial 198 - 13:32:08 - Unrewarded - /home/fet/stimuli/shaping_categories_box5/nonreward/AG_Stim_12.wav"
"2017-04-13 13:32:26,872","INFO","Trial 199 - 13:32:26 - Unrewarded - /home/fet/stimuli/shaping_categories_box5/nonreward/AG_Stim_12.wav"
"2017-04-13 13:32:40,282","INFO","Trial 200 - 13:32:40 - Unrewarded - /home/fet/stimuli/shaping_categories_box5/nonreward/AG_Stim_11.wav"
"2017-04-13 13:32:40,390","INFO","Trial 201 - 13:32:40 - Unrewarded - /home/fet/stimuli/shaping_categories_box5/nonreward/AG_Stim_12.wav"
"2017-04-13 13:32:40,532","INFO","Trial 202 - 13:32:40 - Unrewarded - /home/fet/stimuli/shaping_categories_box5/nonreward/AG_Stim_11.wav"
"2017-04-13 13:32:40,619","INFO","Trial 203 - 13:32:40 - Unrewarded - /home/fet/stimuli/shaping_categories_box5/nonreward/AG_Stim_11.wav"
"2017-04-13 13:32:40,828","INFO","Trial 204 - 13:32:40 - Unrewarded - /home/fet/stimuli/shaping_categories_box5/nonreward/AG_Stim_12.wav"
"2017-04-13 13:32:41,018","INFO","Trial 205 - 13:32:41 - Unrewarded - /home/fet/stimuli/shaping_categories_box5/nonreward/AG_Stim_12.wav"
"2017-04-13 13:32:41,184","INFO","Trial 206 - 13:32:41 - Unrewarded - /home/fet/stimuli/shaping_categories_box5/nonreward/AG_Stim_11.wav"
"2017-04-13 13:32:41,418","INFO","Trial 207 - 13:32:41 - Unrewarded - /home/fet/stimuli/shaping_categories_box5/nonreward/AG_Stim_11.wav"
"2017-04-13 13:38:22,387","INFO","Trial 208 - 13:38:22 - Unrewarded - /home/fet/stimuli/shaping_categories_box5/nonreward/AG_Stim_12.wav"
"2017-04-13 13:39:28,719","INFO","Trial 209 - 13:39:28 - Unrewarded - /home/fet/stimuli/shaping_categories_box5/nonreward/AG_Stim_11.wav"
"2017-04-13 13:39:40,822","INFO","Trial 210 - 13:39:40 - Unrewarded - /home/fet/stimuli/shaping_categories_box5/nonreward/AG_Stim_12.wav"
"2017-04-13 13:39:40,922","INFO","Trial 211 - 13:39:40 - Unrewarded - /home/fet/stimuli/shaping_categories_box5/nonreward/AG_Stim_12.wav"
"2017-04-13 13:39:40,995","INFO","Trial 212 - 13:39:40 - Unrewarded - /home/fet/stimuli/shaping_categories_box5/nonreward/AG_Stim_11.wav"
"2017-04-13 13:39:41,753","INFO","Trial 213 - 13:39:41 - Unrewarded - /home/fet/stimuli/shaping_categories_box5/nonreward/AG_Stim_12.wav"
"2017-04-13 13:39:41,852","INFO","Trial 214 - 13:39:41 - Unrewarded - /home/fet/stimuli/shaping_categories_box5/nonreward/AG_Stim_11.wav"
"2017-04-13 13:39:41,962","INFO","Trial 215 - 13:39:41 - Unrewarded - /home/fet/stimuli/shaping_categories_box5/nonreward/AG_Stim_11.wav"
"2017-04-13 13:39:43,072","INFO","Trial 216 - 13:39:43 - Unrewarded - /home/fet/stimuli/shaping_categories_box5/nonreward/AG_Stim_12.wav"
"2017-04-13 13:39:50,191","INFO","Trial 217 - 13:39:50 - Unrewarded - /home/fet/stimuli/shaping_categories_box5/nonreward/AG_Stim_11.wav"
"2017-04-13 13:39:50,293","INFO","Trial 218 - 13:39:50 - Unrewarded - /home/fet/stimuli/shaping_categories_box5/nonreward/AG_Stim_12.wav"
"2017-04-13 13:39:53,079","INFO","Trial 219 - 13:39:53 - Unrewarded - /home/fet/stimuli/shaping_categories_box5/nonreward/AG_Stim_11.wav"
"2017-04-13 13:40:01,399","INFO","Trial 220 - 13:40:01 - Unrewarded - /home/fet/stimuli/shaping_categories_box5/nonreward/AG_Stim_12.wav"
"2017-04-13 13:40:01,495","INFO","Trial 221 - 13:40:01 - Unrewarded - /home/fet/stimuli/shaping_categories_box5/nonreward/AG_Stim_11.wav"
"2017-04-13 13:40:11,631","INFO","Trial 222 - 13:40:11 - Unrewarded - /home/fet/stimuli/shaping_categories_box5/nonreward/AG_Stim_12.wav"
"2017-04-13 13:40:19,470","INFO","Trial 223 - 13:40:19 - Unrewarded - /home/fet/stimuli/shaping_categories_box5/nonreward/AG_Stim_12.wav"
"2017-04-13 13:40:19,571","INFO","Trial 224 - 13:40:19 - Unrewarded - /home/fet/stimuli/shaping_categories_box5/nonreward/AG_Stim_11.wav"
"2017-04-13 13:40:19,636","INFO","Trial 225 - 13:40:19 - Unrewarded - /home/fet/stimuli/shaping_categories_box5/nonreward/AG_Stim_12.wav"
"2017-04-13 13:40:19,722","INFO","Trial 226 - 13:40:19 - Unrewarded - /home/fet/stimuli/shaping_categories_box5/nonreward/AG_Stim_11.wav"
"2017-04-13 13:40:19,844","INFO","Trial 227 - 13:40:19 - Unrewarded - /home/fet/stimuli/shaping_categories_box5/nonreward/AG_Stim_12.wav"
"2017-04-13 13:40:20,025","INFO","Trial 228 - 13:40:20 - Unrewarded - /home/fet/stimuli/shaping_categories_box5/nonreward/AG_Stim_11.wav"
"2017-04-13 13:40:23,121","INFO","Trial 229 - 13:40:23 - Unrewarded - /home/fet/stimuli/shaping_categories_box5/nonreward/AG_Stim_11.wav"
"2017-04-13 13:40:24,437","INFO","Trial 230 - 13:40:24 - Unrewarded - /home/fet/stimuli/shaping_categories_box5/nonreward/AG_Stim_12.wav"
"2017-04-13 13:40:32,667","INFO","Trial 231 - 13:40:32 - Unrewarded - /home/fet/stimuli/shaping_categories_box5/nonreward/AG_Stim_11.wav"
"2017-04-13 13:40:33,447","INFO","Trial 232 - 13:40:33 - Unrewarded - /home/fet/stimuli/shaping_categories_box5/nonreward/AG_Stim_12.wav"
"2017-04-13 13:41:14,960","INFO","Trial 233 - 13:41:14 - Unrewarded - /home/fet/stimuli/shaping_categories_box5/nonreward/AG_Stim_11.wav"
"2017-04-13 13:41:17,137","INFO","Trial 234 - 13:41:17 - Unrewarded - /home/fet/stimuli/shaping_categories_box5/nonreward/AG_Stim_12.wav"
"2017-04-13 13:41:17,870","INFO","Trial 235 - 13:41:17 - Unrewarded - /home/fet/stimuli/shaping_categories_box5/nonreward/AG_Stim_11.wav"
"2017-04-13 13:41:18,894","INFO","Trial 236 - 13:41:18 - Unrewarded - /home/fet/stimuli/shaping_categories_box5/nonreward/AG_Stim_12.wav"
"2017-04-13 13:41:46,392","INFO","Trial 237 - 13:41:46 - Unrewarded - /home/fet/stimuli/shaping_categories_box5/nonreward/AG_Stim_11.wav"
"2017-04-13 13:41:46,528","INFO","Trial 238 - 13:41:46 - Unrewarded - /home/fet/stimuli/shaping_categories_box5/nonreward/AG_Stim_12.wav"
"2017-04-13 13:41:48,101","INFO","Trial 239 - 13:41:48 - Unrewarded - /home/fet/stimuli/shaping_categories_box5/nonreward/AG_Stim_11.wav"
"2017-04-13 13:41:51,157","INFO","Trial 240 - 13:41:51 - Unrewarded - /home/fet/stimuli/shaping_categories_box5/nonreward/AG_Stim_12.wav"
"2017-04-13 13:44:24,711","INFO","Trial 241 - 13:44:24 - Unrewarded - /home/fet/stimuli/shaping_categories_box5/nonreward/AG_Stim_11.wav"
"2017-04-13 13:44:26,433","INFO","Trial 242 - 13:44:26 - Unrewarded - /home/fet/stimuli/shaping_categories_box5/nonreward/AG_Stim_12.wav"
"2017-04-13 13:44:27,970","INFO","Trial 243 - 13:44:27 - Unrewarded - /home/fet/stimuli/shaping_categories_box5/nonreward/AG_Stim_12.wav"
"2017-04-13 13:44:28,542","INFO","Trial 244 - 13:44:28 - Unrewarded - /home/fet/stimuli/shaping_categories_box5/nonreward/AG_Stim_11.wav"
"2017-04-13 13:44:28,628","INFO","Trial 245 - 13:44:28 - Unrewarded - /home/fet/stimuli/shaping_categories_box5/nonreward/AG_Stim_11.wav"
"2017-04-13 13:44:28,731","INFO","Trial 246 - 13:44:28 - Unrewarded - /home/fet/stimuli/shaping_categories_box5/nonreward/AG_Stim_12.wav"
"2017-04-13 13:44:31,647","INFO","Trial 247 - 13:44:31 - Unrewarded - /home/fet/stimuli/shaping_categories_box5/nonreward/AG_Stim_11.wav"
"2017-04-13 13:45:25,072","INFO","Trial 248 - 13:45:25 - Unrewarded - /home/fet/stimuli/shaping_categories_box5/nonreward/AG_Stim_12.wav"
"2017-04-13 13:46:23,429","INFO","Trial 249 - 13:46:23 - Unrewarded - /home/fet/stimuli/shaping_categories_box5/nonreward/AG_Stim_12.wav"
"2017-04-13 13:50:38,147","INFO","Finishing session 1 at Thu Apr 13 13:50:38 2017"
"2017-04-13 13:50:38,148","INFO","Finished all sessions."
"2017-04-13 13:50:38,454","INFO","Exiting Session state"
"2017-04-13 13:50:38,455","INFO","Finishing experiment"
"2017-04-13 13:50:38,761","INFO","Exiting Idle state"
"2017-04-13 13:50:47,775","INFO","Preparing subject and data storage"
"2017-04-13 13:50:47,775","INFO","Created subject object with name LblWhi1566M"
"2017-04-13 13:50:47,776","INFO","Created datastore CSVStore: filename = /home/fet/data/LblWhi1566M/130417/LblWhi1566M_trialdata_20170413135047.csv, fields = session, index, time, stimulus_name, condition_name, response, correct, rt, reward, max_wait for subject LblWhi1566M"
"2017-04-13 13:50:47,777","INFO","Preparing to run experiment Go No-Go Interruption"
"2017-04-13 13:50:48,081","INFO","Entering Idle state"
"2017-04-13 13:50:48,385","INFO","Beginning block #1"
"2017-04-14 09:44:28,377","INFO","Finishing session 1 at Fri Apr 14 09:44:28 2017"
"2017-04-14 09:44:28,377","INFO","Finished all sessions."
"2017-04-14 09:44:28,684","INFO","Exiting Session state"
"2017-04-14 09:44:28,684","INFO","Finishing experiment"
"2017-04-14 09:44:28,992","INFO","Exiting Idle state"
