2017-03-17 10:42:41.138054	PeckPort	off	None
2017-03-17 10:42:41.138216	HouseLight	on	None
2017-03-17 10:42:41.138343	Hopper	down	None
2017-03-17 10:42:41.445174	Hopper	down	None
2017-03-17 10:42:41.747947	HouseLight	on	None
2017-03-17 10:42:41.748213	PeckPort	on	None
2017-03-17 10:52:33.963168	Trial	start	1
2017-03-17 10:52:33.965827	Speaker	play	None
2017-03-17 10:52:34.012433	Speaker	stop	None
2017-03-17 10:52:34.013048	Trial	end	1
2017-03-17 10:52:34.013735	Trial	start	2
2017-03-17 10:52:34.015634	Speaker	play	None
2017-03-17 10:52:40.020812	Speaker	stop	None
2017-03-17 10:52:40.021448	Trial	end	2
2017-03-17 10:52:42.359349	Trial	start	3
2017-03-17 10:52:42.362208	Speaker	play	None
2017-03-17 10:52:48.367801	Speaker	stop	None
2017-03-17 10:52:48.368359	Trial	end	3
2017-03-17 10:52:50.411511	Trial	start	4
2017-03-17 10:52:50.413822	Speaker	play	None
2017-03-17 10:52:51.202023	Speaker	stop	None
2017-03-17 10:52:51.202597	Trial	end	4
2017-03-17 10:52:51.203252	Trial	start	5
2017-03-17 10:52:51.205356	Speaker	play	None
2017-03-17 10:52:57.210370	Speaker	stop	None
2017-03-17 10:52:57.210993	Trial	end	5
2017-03-17 10:52:59.581690	Trial	start	6
2017-03-17 10:52:59.584014	Speaker	play	None
2017-03-17 10:53:04.717728	Speaker	stop	None
2017-03-17 10:53:04.718340	Trial	end	6
2017-03-17 10:53:04.719298	Trial	start	7
2017-03-17 10:53:04.721192	Speaker	play	None
2017-03-17 10:53:04.770995	Speaker	stop	None
2017-03-17 10:53:04.771532	Trial	end	7
2017-03-17 10:53:04.772247	Trial	start	8
2017-03-17 10:53:04.774192	Speaker	play	None
2017-03-17 10:53:10.779483	Speaker	stop	None
2017-03-17 10:53:10.780175	Trial	end	8
2017-03-17 10:53:13.326868	Trial	start	9
2017-03-17 10:53:13.331551	Speaker	play	None
2017-03-17 10:53:19.339361	Speaker	stop	None
2017-03-17 10:53:19.339830	Trial	end	9
2017-03-17 10:53:22.153027	Trial	start	10
2017-03-17 10:53:22.155157	Speaker	play	None
2017-03-17 10:53:28.157474	Speaker	stop	None
2017-03-17 10:53:28.158328	Hopper	up	None
2017-03-17 10:53:40.161792	Hopper	down	None
2017-03-17 10:53:40.464905	Trial	end	10
2017-03-17 10:53:57.334992	Trial	start	11
2017-03-17 10:53:57.339646	Speaker	play	None
2017-03-17 10:53:57.384306	Speaker	stop	None
2017-03-17 10:53:57.384862	Trial	end	11
2017-03-17 10:53:57.385501	Trial	start	12
2017-03-17 10:53:57.387634	Speaker	play	None
2017-03-17 10:53:58.162375	Speaker	stop	None
2017-03-17 10:53:58.162938	Trial	end	12
2017-03-17 10:53:58.163603	Trial	start	13
2017-03-17 10:53:58.165553	Speaker	play	None
2017-03-17 10:54:01.897801	Speaker	stop	None
2017-03-17 10:54:01.898472	Trial	end	13
2017-03-17 10:54:01.899145	Trial	start	14
2017-03-17 10:54:01.900986	Speaker	play	None
2017-03-17 10:54:01.946924	Speaker	stop	None
2017-03-17 10:54:01.947708	Trial	end	14
2017-03-17 10:54:01.948562	Trial	start	15
2017-03-17 10:54:01.950461	Speaker	play	None
2017-03-17 10:54:07.955182	Speaker	stop	None
2017-03-17 10:54:07.955818	Trial	end	15
2017-03-17 10:54:12.214611	Trial	start	16
2017-03-17 10:54:12.217117	Speaker	play	None
2017-03-17 10:54:18.223130	Speaker	stop	None
2017-03-17 10:54:18.223718	Trial	end	16
2017-03-17 10:54:20.250419	Trial	start	17
2017-03-17 10:54:20.252500	Speaker	play	None
2017-03-17 10:54:20.299648	Speaker	stop	None
2017-03-17 10:54:20.300204	Trial	end	17
2017-03-17 10:54:20.300811	Trial	start	18
2017-03-17 10:54:20.302935	Speaker	play	None
2017-03-17 10:54:26.308008	Speaker	stop	None
2017-03-17 10:54:26.308598	Trial	end	18
2017-03-17 10:54:29.867049	Trial	start	19
2017-03-17 10:54:29.869507	Speaker	play	None
2017-03-17 10:54:29.916364	Speaker	stop	None
2017-03-17 10:54:29.916875	Trial	end	19
2017-03-17 10:54:29.917572	Trial	start	20
2017-03-17 10:54:29.919520	Speaker	play	None
2017-03-17 10:54:30.629096	Speaker	stop	None
2017-03-17 10:54:30.630389	Trial	end	20
2017-03-17 10:54:30.631210	Trial	start	21
2017-03-17 10:54:30.633227	Speaker	play	None
2017-03-17 10:54:36.637347	Speaker	stop	None
2017-03-17 10:54:36.637911	Trial	end	21
2017-03-17 10:54:39.762287	Trial	start	22
2017-03-17 10:54:39.764574	Speaker	play	None
2017-03-17 10:54:45.770761	Speaker	stop	None
2017-03-17 10:54:45.771381	Trial	end	22
2017-03-17 10:54:49.067718	Trial	start	23
2017-03-17 10:54:49.069797	Speaker	play	None
2017-03-17 10:54:49.116935	Speaker	stop	None
2017-03-17 10:54:49.117485	Trial	end	23
2017-03-17 10:54:49.118108	Trial	start	24
2017-03-17 10:54:49.119962	Speaker	play	None
2017-03-17 10:54:49.833680	Speaker	stop	None
2017-03-17 10:54:49.834193	Trial	end	24
2017-03-17 10:54:49.835011	Trial	start	25
2017-03-17 10:54:49.837121	Speaker	play	None
2017-03-17 10:54:49.882935	Speaker	stop	None
2017-03-17 10:54:49.883473	Trial	end	25
2017-03-17 10:54:49.884204	Trial	start	26
2017-03-17 10:54:49.886878	Speaker	play	None
2017-03-17 10:54:50.927321	Speaker	stop	None
2017-03-17 10:54:50.927957	Trial	end	26
2017-03-17 10:54:50.929000	Trial	start	27
2017-03-17 10:54:50.931779	Speaker	play	None
2017-03-17 10:54:56.935590	Speaker	stop	None
2017-03-17 10:54:56.936137	Trial	end	27
2017-03-17 10:55:02.284732	Trial	start	28
2017-03-17 10:55:02.287082	Speaker	play	None
2017-03-17 10:55:02.341920	Speaker	stop	None
2017-03-17 10:55:02.342402	Trial	end	28
2017-03-17 10:55:02.343143	Trial	start	29
2017-03-17 10:55:02.345030	Speaker	play	None
2017-03-17 10:55:03.334180	Speaker	stop	None
2017-03-17 10:55:03.335560	Trial	end	29
2017-03-17 10:55:03.336934	Trial	start	30
2017-03-17 10:55:03.344632	Speaker	play	None
2017-03-17 10:55:03.378165	Speaker	stop	None
2017-03-17 10:55:03.378683	Trial	end	30
2017-03-17 10:55:03.379374	Trial	start	31
2017-03-17 10:55:03.381711	Speaker	play	None
2017-03-17 10:55:09.386535	Speaker	stop	None
2017-03-17 10:55:09.387122	Trial	end	31
2017-03-17 10:55:45.367189	Trial	start	32
2017-03-17 10:55:45.370116	Speaker	play	None
2017-03-17 10:55:51.375649	Speaker	stop	None
2017-03-17 10:55:51.376198	Trial	end	32
2017-03-17 10:55:54.406472	Trial	start	33
2017-03-17 10:55:54.409134	Speaker	play	None
2017-03-17 10:56:00.414939	Speaker	stop	None
2017-03-17 10:56:00.415493	Trial	end	33
2017-03-17 10:56:06.144684	Trial	start	34
2017-03-17 10:56:06.146940	Speaker	play	None
2017-03-17 10:56:06.189883	Speaker	stop	None
2017-03-17 10:56:06.190595	Trial	end	34
2017-03-17 10:56:06.191470	Trial	start	35
2017-03-17 10:56:06.194054	Speaker	play	None
2017-03-17 10:56:12.198250	Speaker	stop	None
2017-03-17 10:56:12.199046	Trial	end	35
2017-03-17 10:56:18.251574	Trial	start	36
2017-03-17 10:56:18.253827	Speaker	play	None
2017-03-17 10:56:18.304915	Speaker	stop	None
2017-03-17 10:56:18.305439	Trial	end	36
2017-03-17 10:56:18.306153	Trial	start	37
2017-03-17 10:56:18.308464	Speaker	play	None
2017-03-17 10:56:24.313302	Speaker	stop	None
2017-03-17 10:56:24.313879	Trial	end	37
2017-03-17 10:56:28.089442	Trial	start	38
2017-03-17 10:56:28.092076	Speaker	play	None
2017-03-17 10:56:34.097943	Speaker	stop	None
2017-03-17 10:56:34.098527	Trial	end	38
2017-03-17 10:56:44.955561	Trial	start	39
2017-03-17 10:56:44.957518	Speaker	play	None
2017-03-17 10:56:45.013103	Speaker	stop	None
2017-03-17 10:56:45.013755	Trial	end	39
2017-03-17 10:56:45.014495	Trial	start	40
2017-03-17 10:56:45.016540	Speaker	play	None
2017-03-17 10:56:51.021409	Speaker	stop	None
2017-03-17 10:56:51.022004	Trial	end	40
2017-03-17 10:57:00.732241	Trial	start	41
2017-03-17 10:57:00.734425	Speaker	play	None
2017-03-17 10:57:01.768610	Speaker	stop	None
2017-03-17 10:57:01.769175	Trial	end	41
2017-03-17 10:57:01.769839	Trial	start	42
2017-03-17 10:57:01.771868	Speaker	play	None
2017-03-17 10:57:02.780280	Speaker	stop	None
2017-03-17 10:57:02.780811	Trial	end	42
2017-03-17 10:57:02.781569	Trial	start	43
2017-03-17 10:57:02.783731	Speaker	play	None
2017-03-17 10:57:08.788561	Speaker	stop	None
2017-03-17 10:57:08.789155	Trial	end	43
2017-03-17 10:57:14.911622	Trial	start	44
2017-03-17 10:57:14.913601	Speaker	play	None
2017-03-17 10:57:20.915978	Speaker	stop	None
2017-03-17 10:57:20.916564	Trial	end	44
2017-03-17 10:57:26.338625	Trial	start	45
2017-03-17 10:57:26.340800	Speaker	play	None
2017-03-17 10:57:32.347205	Speaker	stop	None
2017-03-17 10:57:32.347800	Trial	end	45
2017-03-17 10:57:49.245929	Trial	start	46
2017-03-17 10:57:49.248457	Speaker	play	None
2017-03-17 10:57:55.254383	Speaker	stop	None
2017-03-17 10:57:55.254958	Trial	end	46
2017-03-17 10:58:02.905114	Trial	start	47
2017-03-17 10:58:02.907326	Speaker	play	None
2017-03-17 10:58:02.958426	Speaker	stop	None
2017-03-17 10:58:02.959005	Trial	end	47
2017-03-17 10:58:02.959605	Trial	start	48
2017-03-17 10:58:02.961347	Speaker	play	None
2017-03-17 10:58:08.966861	Speaker	stop	None
2017-03-17 10:58:08.967435	Trial	end	48
2017-03-17 10:58:14.102824	Trial	start	49
2017-03-17 10:58:14.105079	Speaker	play	None
2017-03-17 10:58:14.156120	Speaker	stop	None
2017-03-17 10:58:14.156657	Trial	end	49
2017-03-17 10:58:14.157332	Trial	start	50
2017-03-17 10:58:14.159520	Speaker	play	None
2017-03-17 10:58:15.589666	Speaker	stop	None
2017-03-17 10:58:15.590255	Trial	end	50
2017-03-17 10:58:15.590957	Trial	start	51
2017-03-17 10:58:15.592927	Speaker	play	None
2017-03-17 10:58:21.598098	Speaker	stop	None
2017-03-17 10:58:21.598792	Trial	end	51
2017-03-17 10:58:26.975633	Trial	start	52
2017-03-17 10:58:26.977667	Speaker	play	None
2017-03-17 10:58:32.980010	Speaker	stop	None
2017-03-17 10:58:32.980570	Trial	end	52
2017-03-17 10:58:38.648440	Trial	start	53
2017-03-17 10:58:38.650504	Speaker	play	None
2017-03-17 10:58:38.697638	Speaker	stop	None
2017-03-17 10:58:38.698203	Trial	end	53
2017-03-17 10:58:38.698902	Trial	start	54
2017-03-17 10:58:38.700669	Speaker	play	None
2017-03-17 10:58:44.706062	Speaker	stop	None
2017-03-17 10:58:44.706624	Trial	end	54
2017-03-17 10:58:49.354651	Trial	start	55
2017-03-17 10:58:49.357548	Speaker	play	None
2017-03-17 10:58:49.407915	Speaker	stop	None
2017-03-17 10:58:49.408445	Trial	end	55
2017-03-17 10:58:49.409126	Trial	start	56
2017-03-17 10:58:49.411020	Speaker	play	None
2017-03-17 10:58:55.416475	Speaker	stop	None
2017-03-17 10:58:55.417282	Trial	end	56
2017-03-17 10:59:01.453451	Trial	start	57
2017-03-17 10:59:01.456197	Speaker	play	None
2017-03-17 10:59:07.461820	Speaker	stop	None
2017-03-17 10:59:07.464557	Hopper	up	None
2017-03-17 10:59:19.466330	Hopper	down	None
2017-03-17 10:59:19.769395	Trial	end	57
2017-03-17 10:59:40.485633	Trial	start	58
2017-03-17 10:59:40.487984	Speaker	play	None
2017-03-17 10:59:41.722500	Speaker	stop	None
2017-03-17 10:59:41.723093	Trial	end	58
2017-03-17 10:59:41.723780	Trial	start	59
2017-03-17 10:59:41.725619	Speaker	play	None
2017-03-17 10:59:47.730990	Speaker	stop	None
2017-03-17 10:59:47.731557	Trial	end	59
2017-03-17 10:59:51.457965	Trial	start	60
2017-03-17 10:59:51.459991	Speaker	play	None
2017-03-17 10:59:51.511375	Speaker	stop	None
2017-03-17 10:59:51.511962	Trial	end	60
2017-03-17 10:59:51.512662	Trial	start	61
2017-03-17 10:59:51.514528	Speaker	play	None
2017-03-17 10:59:52.297740	Speaker	stop	None
2017-03-17 10:59:52.298409	Trial	end	61
2017-03-17 10:59:52.299110	Trial	start	62
2017-03-17 10:59:52.301116	Speaker	play	None
2017-03-17 10:59:58.306131	Speaker	stop	None
2017-03-17 10:59:58.306675	Trial	end	62
2017-03-17 11:00:01.955472	Trial	start	63
2017-03-17 11:00:01.958362	Speaker	play	None
2017-03-17 11:00:02.008644	Speaker	stop	None
2017-03-17 11:00:02.009196	Trial	end	63
2017-03-17 11:00:02.009805	Trial	start	64
2017-03-17 11:00:02.011480	Speaker	play	None
2017-03-17 11:00:02.942485	Speaker	stop	None
2017-03-17 11:00:02.943059	Trial	end	64
2017-03-17 11:00:02.943895	Trial	start	65
2017-03-17 11:00:02.948272	Speaker	play	None
2017-03-17 11:00:08.954961	Speaker	stop	None
2017-03-17 11:00:08.955539	Trial	end	65
2017-03-17 11:00:13.120375	Trial	start	66
2017-03-17 11:00:13.129230	Speaker	play	None
2017-03-17 11:00:13.173578	Speaker	stop	None
2017-03-17 11:00:13.174109	Trial	end	66
2017-03-17 11:00:13.174768	Trial	start	67
2017-03-17 11:00:13.176845	Speaker	play	None
2017-03-17 11:00:19.181962	Speaker	stop	None
2017-03-17 11:00:19.182506	Trial	end	67
2017-03-17 11:00:24.399823	Trial	start	68
2017-03-17 11:00:24.401985	Speaker	play	None
2017-03-17 11:00:30.408278	Speaker	stop	None
2017-03-17 11:00:30.408878	Trial	end	68
2017-03-17 11:00:37.350516	Trial	start	69
2017-03-17 11:00:37.352728	Speaker	play	None
2017-03-17 11:00:37.399732	Speaker	stop	None
2017-03-17 11:00:37.400547	Trial	end	69
2017-03-17 11:00:37.401587	Trial	start	70
2017-03-17 11:00:37.403923	Speaker	play	None
2017-03-17 11:00:38.509908	Speaker	stop	None
2017-03-17 11:00:38.511010	Trial	end	70
2017-03-17 11:00:38.511744	Trial	start	71
2017-03-17 11:00:38.513692	Speaker	play	None
2017-03-17 11:00:39.247004	Speaker	stop	None
2017-03-17 11:00:39.247715	Trial	end	71
2017-03-17 11:00:39.248407	Trial	start	72
2017-03-17 11:00:39.250862	Speaker	play	None
2017-03-17 11:00:39.300162	Speaker	stop	None
2017-03-17 11:00:39.302510	Trial	end	72
2017-03-17 11:00:39.303142	Trial	start	73
2017-03-17 11:00:39.304903	Speaker	play	None
2017-03-17 11:00:45.308578	Speaker	stop	None
2017-03-17 11:00:45.309316	Trial	end	73
2017-03-17 11:00:49.801526	Trial	start	74
2017-03-17 11:00:49.803737	Speaker	play	None
2017-03-17 11:00:55.809996	Speaker	stop	None
2017-03-17 11:00:55.810593	Trial	end	74
2017-03-17 11:01:01.191766	Trial	start	75
2017-03-17 11:01:01.194144	Speaker	play	None
2017-03-17 11:01:02.039555	Speaker	stop	None
2017-03-17 11:01:02.040147	Trial	end	75
2017-03-17 11:01:02.040868	Trial	start	76
2017-03-17 11:01:02.042879	Speaker	play	None
2017-03-17 11:01:02.092906	Speaker	stop	None
2017-03-17 11:01:02.093617	Trial	end	76
2017-03-17 11:01:02.094256	Trial	start	77
2017-03-17 11:01:02.096261	Speaker	play	None
2017-03-17 11:01:02.867112	Speaker	stop	None
2017-03-17 11:01:02.867818	Trial	end	77
2017-03-17 11:01:02.868784	Trial	start	78
2017-03-17 11:01:02.871124	Speaker	play	None
2017-03-17 11:01:08.875340	Speaker	stop	None
2017-03-17 11:01:08.876161	Hopper	up	None
2017-03-17 11:01:20.879837	Hopper	down	None
2017-03-17 11:01:21.182872	Trial	end	78
2017-03-17 11:01:43.889583	Trial	start	79
2017-03-17 11:01:43.891674	Speaker	play	None
2017-03-17 11:01:45.048763	Speaker	stop	None
2017-03-17 11:01:45.049274	Trial	end	79
2017-03-17 11:01:45.050059	Trial	start	80
2017-03-17 11:01:45.053215	Speaker	play	None
2017-03-17 11:01:45.810614	Speaker	stop	None
2017-03-17 11:01:45.811155	Trial	end	80
2017-03-17 11:01:45.811851	Trial	start	81
2017-03-17 11:01:45.813795	Speaker	play	None
2017-03-17 11:01:45.863836	Speaker	stop	None
2017-03-17 11:01:45.864415	Trial	end	81
2017-03-17 11:01:45.865284	Trial	start	82
2017-03-17 11:01:45.867912	Speaker	play	None
2017-03-17 11:01:51.872402	Speaker	stop	None
2017-03-17 11:01:51.873087	Trial	end	82
2017-03-17 11:01:55.185691	Trial	start	83
2017-03-17 11:01:55.188077	Speaker	play	None
2017-03-17 11:01:55.243118	Speaker	stop	None
2017-03-17 11:01:55.243807	Trial	end	83
2017-03-17 11:01:55.244473	Trial	start	84
2017-03-17 11:01:55.246361	Speaker	play	None
2017-03-17 11:02:01.251412	Speaker	stop	None
2017-03-17 11:02:01.251937	Trial	end	84
2017-03-17 11:02:03.545005	Trial	start	85
2017-03-17 11:02:03.547688	Speaker	play	None
2017-03-17 11:02:03.598351	Speaker	stop	None
2017-03-17 11:02:03.598878	Trial	end	85
2017-03-17 11:02:03.599593	Trial	start	86
2017-03-17 11:02:03.601498	Speaker	play	None
2017-03-17 11:02:04.425673	Speaker	stop	None
2017-03-17 11:02:04.426295	Trial	end	86
2017-03-17 11:02:04.427018	Trial	start	87
2017-03-17 11:02:04.428915	Speaker	play	None
2017-03-17 11:02:04.478889	Speaker	stop	None
2017-03-17 11:02:04.479418	Trial	end	87
2017-03-17 11:02:04.480162	Trial	start	88
2017-03-17 11:02:04.482156	Speaker	play	None
2017-03-17 11:02:10.487300	Speaker	stop	None
2017-03-17 11:02:10.488162	Hopper	up	None
2017-03-17 11:02:22.491822	Hopper	down	None
2017-03-17 11:02:22.794882	Trial	end	88
2017-03-17 11:02:44.113143	Trial	start	89
2017-03-17 11:02:44.115110	Speaker	play	None
2017-03-17 11:02:45.128987	Speaker	stop	None
2017-03-17 11:02:45.129510	Trial	end	89
2017-03-17 11:02:45.130337	Trial	start	90
2017-03-17 11:02:45.132547	Speaker	play	None
2017-03-17 11:02:45.178155	Speaker	stop	None
2017-03-17 11:02:45.178787	Trial	end	90
2017-03-17 11:02:45.179520	Trial	start	91
2017-03-17 11:02:45.181631	Speaker	play	None
2017-03-17 11:02:51.186536	Speaker	stop	None
2017-03-17 11:02:51.187433	Hopper	up	None
2017-03-17 11:03:03.191040	Hopper	down	None
2017-03-17 11:03:03.494150	Trial	end	91
2017-03-17 11:03:46.757214	Trial	start	92
2017-03-17 11:03:46.759174	Speaker	play	None
2017-03-17 11:03:46.806521	Speaker	stop	None
2017-03-17 11:03:46.807164	Trial	end	92
2017-03-17 11:03:46.807805	Trial	start	93
2017-03-17 11:03:46.809642	Speaker	play	None
2017-03-17 11:03:47.703471	Speaker	stop	None
2017-03-17 11:03:47.704001	Trial	end	93
2017-03-17 11:03:47.704717	Trial	start	94
2017-03-17 11:03:47.706908	Speaker	play	None
2017-03-17 11:03:48.743769	Speaker	stop	None
2017-03-17 11:03:48.744314	Trial	end	94
2017-03-17 11:03:48.745012	Trial	start	95
2017-03-17 11:03:48.747123	Speaker	play	None
2017-03-17 11:03:54.752151	Speaker	stop	None
2017-03-17 11:03:54.752723	Trial	end	95
2017-03-17 11:03:59.011702	Trial	start	96
2017-03-17 11:03:59.013772	Speaker	play	None
2017-03-17 11:04:00.240440	Speaker	stop	None
2017-03-17 11:04:00.241028	Trial	end	96
2017-03-17 11:04:00.241700	Trial	start	97
2017-03-17 11:04:00.246341	Speaker	play	None
2017-03-17 11:04:06.257158	Speaker	stop	None
2017-03-17 11:04:06.257797	Trial	end	97
2017-03-17 11:04:21.493160	Trial	start	98
2017-03-17 11:04:21.495388	Speaker	play	None
2017-03-17 11:04:22.336940	Speaker	stop	None
2017-03-17 11:04:22.337538	Trial	end	98
2017-03-17 11:04:22.338309	Trial	start	99
2017-03-17 11:04:22.340348	Speaker	play	None
2017-03-17 11:04:22.390235	Speaker	stop	None
2017-03-17 11:04:22.390777	Trial	end	99
2017-03-17 11:04:22.391430	Trial	start	100
2017-03-17 11:04:22.393361	Speaker	play	None
2017-03-17 11:04:28.398558	Speaker	stop	None
2017-03-17 11:04:28.399154	Trial	end	100
2017-03-17 11:04:33.432247	Trial	start	101
2017-03-17 11:04:33.434791	Speaker	play	None
2017-03-17 11:04:39.440632	Speaker	stop	None
2017-03-17 11:04:39.441173	Trial	end	101
2017-03-17 11:04:45.735753	Trial	start	102
2017-03-17 11:04:45.738330	Speaker	play	None
2017-03-17 11:04:45.789061	Speaker	stop	None
2017-03-17 11:04:45.789539	Trial	end	102
2017-03-17 11:04:45.790328	Trial	start	103
2017-03-17 11:04:45.792373	Speaker	play	None
2017-03-17 11:04:51.797530	Speaker	stop	None
2017-03-17 11:04:51.798093	Trial	end	103
2017-03-17 11:04:55.704807	Trial	start	104
2017-03-17 11:04:55.706952	Speaker	play	None
2017-03-17 11:04:55.758088	Speaker	stop	None
2017-03-17 11:04:55.758644	Trial	end	104
2017-03-17 11:04:55.759434	Trial	start	105
2017-03-17 11:04:55.761830	Speaker	play	None
2017-03-17 11:05:01.766544	Speaker	stop	None
2017-03-17 11:05:01.767120	Trial	end	105
2017-03-17 11:05:05.800832	Trial	start	106
2017-03-17 11:05:05.803158	Speaker	play	None
2017-03-17 11:05:11.809273	Speaker	stop	None
2017-03-17 11:05:11.809908	Trial	end	106
2017-03-17 11:05:18.669538	Trial	start	107
2017-03-17 11:05:18.672362	Speaker	play	None
2017-03-17 11:05:18.714675	Speaker	stop	None
2017-03-17 11:05:18.715245	Trial	end	107
2017-03-17 11:05:18.716026	Trial	start	108
2017-03-17 11:05:18.718589	Speaker	play	None
2017-03-17 11:05:19.668964	Speaker	stop	None
2017-03-17 11:05:19.669496	Trial	end	108
2017-03-17 11:05:19.670147	Trial	start	109
2017-03-17 11:05:19.672591	Speaker	play	None
2017-03-17 11:05:19.718264	Speaker	stop	None
2017-03-17 11:05:19.719036	Trial	end	109
2017-03-17 11:05:19.719759	Trial	start	110
2017-03-17 11:05:19.723207	Speaker	play	None
2017-03-17 11:05:25.726514	Speaker	stop	None
2017-03-17 11:05:25.727153	Trial	end	110
2017-03-17 11:05:31.571128	Trial	start	111
2017-03-17 11:05:31.573262	Speaker	play	None
2017-03-17 11:05:37.579591	Speaker	stop	None
2017-03-17 11:05:37.580202	Trial	end	111
2017-03-17 11:05:42.605098	Trial	start	112
2017-03-17 11:05:42.607409	Speaker	play	None
2017-03-17 11:05:48.613591	Speaker	stop	None
2017-03-17 11:05:48.614474	Trial	end	112
2017-03-17 11:05:54.695580	Trial	start	113
2017-03-17 11:05:54.697455	Speaker	play	None
2017-03-17 11:06:00.699977	Speaker	stop	None
2017-03-17 11:06:00.700529	Trial	end	113
2017-03-17 11:06:07.113887	Trial	start	114
2017-03-17 11:06:07.116199	Speaker	play	None
2017-03-17 11:06:07.167175	Speaker	stop	None
2017-03-17 11:06:07.167676	Trial	end	114
2017-03-17 11:06:07.168427	Trial	start	115
2017-03-17 11:06:07.170402	Speaker	play	None
2017-03-17 11:06:13.175586	Speaker	stop	None
2017-03-17 11:06:13.176159	Trial	end	115
2017-03-17 11:06:18.377128	Trial	start	116
2017-03-17 11:06:18.379380	Speaker	play	None
2017-03-17 11:06:24.385611	Speaker	stop	None
2017-03-17 11:06:24.386145	Trial	end	116
2017-03-17 11:06:30.791272	Trial	start	117
2017-03-17 11:06:30.793393	Speaker	play	None
2017-03-17 11:06:36.799900	Speaker	stop	None
2017-03-17 11:06:36.800517	Trial	end	117
2017-03-17 11:06:43.266874	Trial	start	118
2017-03-17 11:06:43.268836	Speaker	play	None
2017-03-17 11:06:43.324380	Speaker	stop	None
2017-03-17 11:06:43.324965	Trial	end	118
2017-03-17 11:06:43.325675	Trial	start	119
2017-03-17 11:06:43.328012	Speaker	play	None
2017-03-17 11:06:49.332723	Speaker	stop	None
2017-03-17 11:06:49.335138	Hopper	up	None
2017-03-17 11:07:01.337307	Hopper	down	None
2017-03-17 11:07:01.640381	Trial	end	119
2017-03-17 11:07:21.652120	Trial	start	120
2017-03-17 11:07:21.654201	Speaker	play	None
2017-03-17 11:07:21.705375	Speaker	stop	None
2017-03-17 11:07:21.705819	Trial	end	120
2017-03-17 11:07:21.706581	Trial	start	121
2017-03-17 11:07:21.708580	Speaker	play	None
2017-03-17 11:07:27.713835	Speaker	stop	None
2017-03-17 11:07:27.714444	Trial	end	121
2017-03-17 11:07:56.629698	Trial	start	122
2017-03-17 11:07:56.631736	Speaker	play	None
2017-03-17 11:08:02.638115	Speaker	stop	None
2017-03-17 11:08:02.638614	Trial	end	122
2017-03-17 11:08:20.642965	Trial	start	123
2017-03-17 11:08:20.645219	Speaker	play	None
2017-03-17 11:08:26.651447	Speaker	stop	None
2017-03-17 11:08:26.652155	Hopper	up	None
2017-03-17 11:08:38.656011	Hopper	down	None
2017-03-17 11:08:38.959103	Trial	end	123
2017-03-17 11:08:53.969957	Trial	start	124
2017-03-17 11:08:53.972040	Speaker	play	None
2017-03-17 11:08:59.978638	Speaker	stop	None
2017-03-17 11:08:59.979428	Trial	end	124
2017-03-17 11:09:12.822619	Trial	start	125
2017-03-17 11:09:12.824893	Speaker	play	None
2017-03-17 11:09:18.831247	Speaker	stop	None
2017-03-17 11:09:18.832237	Trial	end	125
2017-03-17 11:09:21.931609	Trial	start	126
2017-03-17 11:09:21.933932	Speaker	play	None
2017-03-17 11:09:27.940112	Speaker	stop	None
2017-03-17 11:09:27.940884	Trial	end	126
2017-03-17 11:09:32.322436	Trial	start	127
2017-03-17 11:09:32.324470	Speaker	play	None
2017-03-17 11:09:38.326868	Speaker	stop	None
2017-03-17 11:09:38.327444	Trial	end	127
2017-03-17 11:09:43.122970	Trial	start	128
2017-03-17 11:09:43.125930	Speaker	play	None
2017-03-17 11:09:49.131423	Speaker	stop	None
2017-03-17 11:09:49.132432	Trial	end	128
2017-03-17 11:09:55.676403	Trial	start	129
2017-03-17 11:09:55.678676	Speaker	play	None
2017-03-17 11:10:01.684834	Speaker	stop	None
2017-03-17 11:10:01.685396	Trial	end	129
2017-03-17 11:10:08.102771	Trial	start	130
2017-03-17 11:10:08.104992	Speaker	play	None
2017-03-17 11:10:14.111295	Speaker	stop	None
2017-03-17 11:10:14.111874	Trial	end	130
2017-03-17 11:10:20.439180	Trial	start	131
2017-03-17 11:10:20.442872	Speaker	play	None
2017-03-17 11:10:26.447684	Speaker	stop	None
2017-03-17 11:10:26.448314	Trial	end	131
2017-03-17 11:10:36.555875	Trial	start	132
2017-03-17 11:10:36.558263	Speaker	play	None
2017-03-17 11:10:42.564408	Speaker	stop	None
2017-03-17 11:10:42.565000	Trial	end	132
2017-03-17 11:10:49.908149	Trial	start	133
2017-03-17 11:10:49.912652	Speaker	play	None
2017-03-17 11:10:55.916494	Speaker	stop	None
2017-03-17 11:10:55.917137	Trial	end	133
2017-03-17 11:11:02.313971	Trial	start	134
2017-03-17 11:11:02.316176	Speaker	play	None
2017-03-17 11:11:02.367292	Speaker	stop	None
2017-03-17 11:11:02.367864	Trial	end	134
2017-03-17 11:11:02.368544	Trial	start	135
2017-03-17 11:11:02.370294	Speaker	play	None
2017-03-17 11:11:08.375805	Speaker	stop	None
2017-03-17 11:11:08.376887	Hopper	up	None
2017-03-17 11:11:20.380282	Hopper	down	None
2017-03-17 11:11:20.683408	Trial	end	135
2017-03-17 11:11:48.755542	Trial	start	136
2017-03-17 11:11:48.757676	Speaker	play	None
2017-03-17 11:11:48.808856	Speaker	stop	None
2017-03-17 11:11:48.809416	Trial	end	136
2017-03-17 11:11:48.810016	Trial	start	137
2017-03-17 11:11:48.811930	Speaker	play	None
2017-03-17 11:11:50.070391	Speaker	stop	None
2017-03-17 11:11:50.070995	Trial	end	137
2017-03-17 11:11:50.071724	Trial	start	138
2017-03-17 11:11:50.073744	Speaker	play	None
2017-03-17 11:11:50.123648	Speaker	stop	None
2017-03-17 11:11:50.124278	Trial	end	138
2017-03-17 11:11:50.125051	Trial	start	139
2017-03-17 11:11:50.126963	Speaker	play	None
2017-03-17 11:11:56.132034	Speaker	stop	None
2017-03-17 11:11:56.132681	Trial	end	139
2017-03-17 11:12:00.436626	Trial	start	140
2017-03-17 11:12:00.438891	Speaker	play	None
2017-03-17 11:12:00.495846	Speaker	stop	None
2017-03-17 11:12:00.497430	Trial	end	140
2017-03-17 11:12:00.499121	Trial	start	141
2017-03-17 11:12:00.507928	Speaker	play	None
2017-03-17 11:12:06.514730	Speaker	stop	None
2017-03-17 11:12:06.515363	Trial	end	141
2017-03-17 11:12:10.278759	Trial	start	142
2017-03-17 11:12:10.280690	Speaker	play	None
2017-03-17 11:12:16.283129	Speaker	stop	None
2017-03-17 11:12:16.283858	Trial	end	142
2017-03-17 11:12:20.141187	Trial	start	143
2017-03-17 11:12:20.143181	Speaker	play	None
2017-03-17 11:12:26.145592	Speaker	stop	None
2017-03-17 11:12:26.146078	Trial	end	143
2017-03-17 11:12:32.809351	Trial	start	144
2017-03-17 11:12:32.811253	Speaker	play	None
2017-03-17 11:12:32.862622	Speaker	stop	None
2017-03-17 11:12:32.863191	Trial	end	144
2017-03-17 11:12:32.863995	Trial	start	145
2017-03-17 11:12:32.866621	Speaker	play	None
2017-03-17 11:12:38.875192	Speaker	stop	None
2017-03-17 11:12:38.875707	Trial	end	145
2017-03-17 11:12:46.698065	Trial	start	146
2017-03-17 11:12:46.701060	Speaker	play	None
2017-03-17 11:12:46.743100	Speaker	stop	None
2017-03-17 11:12:46.743756	Trial	end	146
2017-03-17 11:12:46.744451	Trial	start	147
2017-03-17 11:12:46.746309	Speaker	play	None
2017-03-17 11:12:52.751617	Speaker	stop	None
2017-03-17 11:12:52.753981	Hopper	up	None
2017-03-17 11:13:04.756173	Hopper	down	None
2017-03-17 11:13:05.059170	Trial	end	147
2017-03-17 11:13:21.286484	Trial	start	148
2017-03-17 11:13:21.288735	Speaker	play	None
2017-03-17 11:13:21.339792	Speaker	stop	None
2017-03-17 11:13:21.340288	Trial	end	148
2017-03-17 11:13:21.340888	Trial	start	149
2017-03-17 11:13:21.343467	Speaker	play	None
2017-03-17 11:13:27.348316	Speaker	stop	None
2017-03-17 11:13:27.349233	Hopper	up	None
2017-03-17 11:13:39.352849	Hopper	down	None
2017-03-17 11:13:39.655924	Trial	end	149
2017-03-17 11:14:03.116403	Trial	start	150
2017-03-17 11:14:03.119041	Speaker	play	None
2017-03-17 11:14:03.165603	Speaker	stop	None
2017-03-17 11:14:03.166144	Trial	end	150
2017-03-17 11:14:03.166723	Trial	start	151
2017-03-17 11:14:03.168897	Speaker	play	None
2017-03-17 11:14:09.173990	Speaker	stop	None
2017-03-17 11:14:09.174596	Trial	end	151
2017-03-17 11:14:25.687920	Trial	start	152
2017-03-17 11:14:25.689802	Speaker	play	None
2017-03-17 11:14:31.692510	Speaker	stop	None
2017-03-17 11:14:31.693150	Trial	end	152
2017-03-17 11:14:36.082909	Trial	start	153
2017-03-17 11:14:36.085172	Speaker	play	None
2017-03-17 11:14:36.136223	Speaker	stop	None
2017-03-17 11:14:36.136754	Trial	end	153
2017-03-17 11:14:36.137369	Trial	start	154
2017-03-17 11:14:36.139286	Speaker	play	None
2017-03-17 11:14:42.144808	Speaker	stop	None
2017-03-17 11:14:42.145437	Trial	end	154
2017-03-17 11:14:47.297095	Trial	start	155
2017-03-17 11:14:47.300887	Speaker	play	None
2017-03-17 11:14:47.346334	Speaker	stop	None
2017-03-17 11:14:47.347214	Trial	end	155
2017-03-17 11:14:47.347964	Trial	start	156
2017-03-17 11:14:47.349720	Speaker	play	None
2017-03-17 11:14:53.354750	Speaker	stop	None
2017-03-17 11:14:53.355762	Trial	end	156
2017-03-17 11:14:58.826567	Trial	start	157
2017-03-17 11:14:58.831518	Speaker	play	None
2017-03-17 11:15:04.835093	Speaker	stop	None
2017-03-17 11:15:04.835611	Trial	end	157
2017-03-17 11:15:10.110411	Trial	start	158
2017-03-17 11:15:10.113127	Speaker	play	None
2017-03-17 11:15:10.155510	Speaker	stop	None
2017-03-17 11:15:10.156027	Trial	end	158
2017-03-17 11:15:10.157260	Trial	start	159
2017-03-17 11:15:10.160764	Speaker	play	None
2017-03-17 11:15:16.163896	Speaker	stop	None
2017-03-17 11:15:16.164477	Trial	end	159
2017-03-17 11:15:21.324452	Trial	start	160
2017-03-17 11:15:21.326597	Speaker	play	None
2017-03-17 11:15:21.377739	Speaker	stop	None
2017-03-17 11:15:21.378244	Trial	end	160
2017-03-17 11:15:21.378980	Trial	start	161
2017-03-17 11:15:21.380871	Speaker	play	None
2017-03-17 11:15:27.386181	Speaker	stop	None
2017-03-17 11:15:27.386841	Trial	end	161
2017-03-17 11:15:33.087397	Trial	start	162
2017-03-17 11:15:33.089473	Speaker	play	None
2017-03-17 11:15:33.140742	Speaker	stop	None
2017-03-17 11:15:33.141331	Trial	end	162
2017-03-17 11:15:33.141874	Trial	start	163
2017-03-17 11:15:33.143903	Speaker	play	None
2017-03-17 11:15:39.149319	Speaker	stop	None
2017-03-17 11:15:39.150052	Trial	end	163
2017-03-17 11:15:48.446508	Trial	start	164
2017-03-17 11:15:48.449021	Speaker	play	None
2017-03-17 11:15:54.454938	Speaker	stop	None
2017-03-17 11:15:54.455473	Trial	end	164
2017-03-17 11:15:59.734369	Trial	start	165
2017-03-17 11:15:59.736920	Speaker	play	None
2017-03-17 11:16:05.742874	Speaker	stop	None
2017-03-17 11:16:05.743480	Trial	end	165
2017-03-17 11:16:31.541899	Trial	start	166
2017-03-17 11:16:31.544280	Speaker	play	None
2017-03-17 11:16:31.599269	Speaker	stop	None
2017-03-17 11:16:31.599774	Trial	end	166
2017-03-17 11:16:31.600488	Trial	start	167
2017-03-17 11:16:31.602567	Speaker	play	None
2017-03-17 11:16:37.607781	Speaker	stop	None
2017-03-17 11:16:37.608368	Trial	end	167
2017-03-17 11:16:43.046725	Trial	start	168
2017-03-17 11:16:43.049492	Speaker	play	None
2017-03-17 11:16:49.055247	Speaker	stop	None
2017-03-17 11:16:49.055796	Trial	end	168
2017-03-17 11:16:54.146205	Trial	start	169
2017-03-17 11:16:54.148206	Speaker	play	None
2017-03-17 11:17:00.150606	Speaker	stop	None
2017-03-17 11:17:00.151150	Trial	end	169
2017-03-17 11:17:06.212405	Trial	start	170
2017-03-17 11:17:06.214576	Speaker	play	None
2017-03-17 11:17:12.220814	Speaker	stop	None
2017-03-17 11:17:12.221412	Trial	end	170
2017-03-17 11:17:20.244311	Trial	start	171
2017-03-17 11:17:20.246566	Speaker	play	None
2017-03-17 11:17:20.297648	Speaker	stop	None
2017-03-17 11:17:20.298247	Trial	end	171
2017-03-17 11:17:20.298905	Trial	start	172
2017-03-17 11:17:20.300766	Speaker	play	None
2017-03-17 11:17:26.306050	Speaker	stop	None
2017-03-17 11:17:26.306921	Hopper	up	None
2017-03-17 11:17:38.310673	Hopper	down	None
2017-03-17 11:17:38.613708	Trial	end	172
2017-03-17 11:17:56.594012	Trial	start	173
2017-03-17 11:17:56.596022	Speaker	play	None
2017-03-17 11:18:02.598441	Speaker	stop	None
2017-03-17 11:18:02.599255	Hopper	up	None
2017-03-17 11:18:14.602949	Hopper	down	None
2017-03-17 11:18:14.906071	Trial	end	173
2017-03-17 11:18:31.547114	Trial	start	174
2017-03-17 11:18:31.549589	Speaker	play	None
2017-03-17 11:18:37.555837	Speaker	stop	None
2017-03-17 11:18:37.556646	Trial	end	174
2017-03-17 11:18:41.294964	Trial	start	175
2017-03-17 11:18:41.297319	Speaker	play	None
2017-03-17 11:18:41.348325	Speaker	stop	None
2017-03-17 11:18:41.348903	Trial	end	175
2017-03-17 11:18:41.349514	Trial	start	176
2017-03-17 11:18:41.351459	Speaker	play	None
2017-03-17 11:18:47.356668	Speaker	stop	None
2017-03-17 11:18:47.357205	Trial	end	176
2017-03-17 11:18:52.070876	Trial	start	177
2017-03-17 11:18:52.073500	Speaker	play	None
2017-03-17 11:18:52.124185	Speaker	stop	None
2017-03-17 11:18:52.124743	Trial	end	177
2017-03-17 11:18:52.125358	Trial	start	178
2017-03-17 11:18:52.128173	Speaker	play	None
2017-03-17 11:18:58.132591	Speaker	stop	None
2017-03-17 11:18:58.133441	Hopper	up	None
2017-03-17 11:19:10.137151	Hopper	down	None
2017-03-17 11:19:10.440209	Trial	end	178
2017-03-17 11:19:24.070887	Trial	start	179
2017-03-17 11:19:24.073018	Speaker	play	None
2017-03-17 11:19:30.075298	Speaker	stop	None
2017-03-17 11:19:30.075934	Trial	end	179
2017-03-17 11:19:36.263863	Trial	start	180
2017-03-17 11:19:36.265897	Speaker	play	None
2017-03-17 11:19:42.272352	Speaker	stop	None
2017-03-17 11:19:42.273090	Hopper	up	None
2017-03-17 11:19:54.277040	Hopper	down	None
2017-03-17 11:19:54.580052	Trial	end	180
2017-03-17 11:20:17.385227	Trial	start	181
2017-03-17 11:20:17.387504	Speaker	play	None
2017-03-17 11:20:23.393768	Speaker	stop	None
2017-03-17 11:20:23.394504	Trial	end	181
2017-03-17 11:20:31.200067	Trial	start	182
2017-03-17 11:20:31.203059	Speaker	play	None
2017-03-17 11:20:37.208605	Speaker	stop	None
2017-03-17 11:20:37.209176	Trial	end	182
2017-03-17 11:20:45.195336	Trial	start	183
2017-03-17 11:20:45.197594	Speaker	play	None
2017-03-17 11:20:51.203809	Speaker	stop	None
2017-03-17 11:20:51.204365	Trial	end	183
2017-03-17 11:21:02.745523	Trial	start	184
2017-03-17 11:21:02.747542	Speaker	play	None
2017-03-17 11:21:02.802927	Speaker	stop	None
2017-03-17 11:21:02.803443	Trial	end	184
2017-03-17 11:21:02.804150	Trial	start	185
2017-03-17 11:21:02.805940	Speaker	play	None
2017-03-17 11:21:08.811439	Speaker	stop	None
2017-03-17 11:21:08.812000	Trial	end	185
2017-03-17 11:21:13.263417	Trial	start	186
2017-03-17 11:21:13.265346	Speaker	play	None
2017-03-17 11:21:13.312619	Speaker	stop	None
2017-03-17 11:21:13.313147	Trial	end	186
2017-03-17 11:21:13.313788	Trial	start	187
2017-03-17 11:21:13.315764	Speaker	play	None
2017-03-17 11:21:19.321100	Speaker	stop	None
2017-03-17 11:21:19.321612	Trial	end	187
2017-03-17 11:21:26.320672	Trial	start	188
2017-03-17 11:21:26.322600	Speaker	play	None
2017-03-17 11:21:32.325015	Speaker	stop	None
2017-03-17 11:21:32.325555	Trial	end	188
2017-03-17 11:21:37.084232	Trial	start	189
2017-03-17 11:21:37.089657	Speaker	play	None
2017-03-17 11:21:37.137563	Speaker	stop	None
2017-03-17 11:21:37.138119	Trial	end	189
2017-03-17 11:21:37.138777	Trial	start	190
2017-03-17 11:21:37.140866	Speaker	play	None
2017-03-17 11:21:43.146053	Speaker	stop	None
2017-03-17 11:21:43.146678	Trial	end	190
2017-03-17 11:21:52.901985	Trial	start	191
2017-03-17 11:21:52.904160	Speaker	play	None
2017-03-17 11:21:58.906507	Speaker	stop	None
2017-03-17 11:21:58.907229	Trial	end	191
2017-03-17 11:22:06.172209	Trial	start	192
2017-03-17 11:22:06.174867	Speaker	play	None
2017-03-17 11:22:06.221461	Speaker	stop	None
2017-03-17 11:22:06.222005	Trial	end	192
2017-03-17 11:22:06.222704	Trial	start	193
2017-03-17 11:22:06.224706	Speaker	play	None
2017-03-17 11:22:12.229938	Speaker	stop	None
2017-03-17 11:22:12.232293	Hopper	up	None
2017-03-17 11:22:24.234453	Hopper	down	None
2017-03-17 11:22:24.537531	Trial	end	193
2017-03-17 11:23:03.389844	Trial	start	194
2017-03-17 11:23:03.391984	Speaker	play	None
2017-03-17 11:23:09.398342	Speaker	stop	None
2017-03-17 11:23:09.399218	Trial	end	194
2017-03-17 11:23:16.242172	Trial	start	195
2017-03-17 11:23:16.244635	Speaker	play	None
2017-03-17 11:23:22.250657	Speaker	stop	None
2017-03-17 11:23:22.251433	Hopper	up	None
2017-03-17 11:23:34.255485	Hopper	down	None
2017-03-17 11:23:34.562434	Trial	end	195
2017-03-17 11:24:08.344178	Trial	start	196
2017-03-17 11:24:08.346186	Speaker	play	None
2017-03-17 11:24:14.348583	Speaker	stop	None
2017-03-17 11:24:14.349158	Trial	end	196
2017-03-17 11:24:20.139930	Trial	start	197
2017-03-17 11:24:20.142102	Speaker	play	None
2017-03-17 11:24:20.193168	Speaker	stop	None
2017-03-17 11:24:20.193674	Trial	end	197
2017-03-17 11:24:20.194265	Trial	start	198
2017-03-17 11:24:20.196103	Speaker	play	None
2017-03-17 11:24:26.201593	Speaker	stop	None
2017-03-17 11:24:26.202073	Trial	end	198
2017-03-17 11:24:38.505247	Trial	start	199
2017-03-17 11:24:38.507453	Speaker	play	None
2017-03-17 11:24:44.513860	Speaker	stop	None
2017-03-17 11:24:44.514613	Trial	end	199
2017-03-17 11:24:49.129559	Trial	start	200
2017-03-17 11:24:49.131648	Speaker	play	None
2017-03-17 11:24:55.133984	Speaker	stop	None
2017-03-17 11:24:55.134523	Trial	end	200
2017-03-17 11:25:00.659066	Trial	start	201
2017-03-17 11:25:00.661558	Speaker	play	None
2017-03-17 11:25:06.667627	Speaker	stop	None
2017-03-17 11:25:06.668397	Hopper	up	None
2017-03-17 11:25:18.672136	Hopper	down	None
2017-03-17 11:25:18.975220	Trial	end	201
2017-03-17 11:25:43.869185	Trial	start	202
2017-03-17 11:25:43.871492	Speaker	play	None
2017-03-17 11:25:49.877689	Speaker	stop	None
2017-03-17 11:25:49.878312	Trial	end	202
2017-03-17 11:25:55.062899	Trial	start	203
2017-03-17 11:25:55.064999	Speaker	play	None
2017-03-17 11:26:01.071398	Speaker	stop	None
2017-03-17 11:26:01.071979	Trial	end	203
2017-03-17 11:26:08.972015	Trial	start	204
2017-03-17 11:26:08.974213	Speaker	play	None
2017-03-17 11:26:14.980558	Speaker	stop	None
2017-03-17 11:26:14.981117	Trial	end	204
2017-03-17 11:26:21.664707	Trial	start	205
2017-03-17 11:26:21.666771	Speaker	play	None
2017-03-17 11:26:27.669104	Speaker	stop	None
2017-03-17 11:26:27.669879	Hopper	up	None
2017-03-17 11:26:39.673675	Hopper	down	None
2017-03-17 11:26:39.976792	Trial	end	205
2017-03-17 11:26:54.143977	Trial	start	206
2017-03-17 11:26:54.146190	Speaker	play	None
2017-03-17 11:27:00.152489	Speaker	stop	None
2017-03-17 11:27:00.153041	Trial	end	206
2017-03-17 11:27:08.851786	Trial	start	207
2017-03-17 11:27:08.853652	Speaker	play	None
2017-03-17 11:27:14.856177	Speaker	stop	None
2017-03-17 11:27:14.856680	Trial	end	207
2017-03-17 11:27:23.191051	Trial	start	208
2017-03-17 11:27:23.193565	Speaker	play	None
2017-03-17 11:27:29.199515	Speaker	stop	None
2017-03-17 11:27:29.200147	Trial	end	208
2017-03-17 11:27:35.478259	Trial	start	209
2017-03-17 11:27:35.480390	Speaker	play	None
2017-03-17 11:27:41.482667	Speaker	stop	None
2017-03-17 11:27:41.483452	Hopper	up	None
2017-03-17 11:27:53.487222	Hopper	down	None
2017-03-17 11:27:53.790312	Trial	end	209
2017-03-17 11:28:25.020390	Trial	start	210
2017-03-17 11:28:25.022676	Speaker	play	None
2017-03-17 11:28:31.028895	Speaker	stop	None
2017-03-17 11:28:31.030065	Hopper	up	None
2017-03-17 11:28:43.033406	Hopper	down	None
2017-03-17 11:28:43.336550	Trial	end	210
2017-03-17 11:29:10.974596	Trial	start	211
2017-03-17 11:29:10.979596	Speaker	play	None
2017-03-17 11:29:16.983150	Speaker	stop	None
2017-03-17 11:29:16.983843	Trial	end	211
2017-03-17 11:29:25.711134	Trial	start	212
2017-03-17 11:29:25.713200	Speaker	play	None
2017-03-17 11:29:31.715576	Speaker	stop	None
2017-03-17 11:29:31.716282	Trial	end	212
2017-03-17 11:30:02.081270	Trial	start	213
2017-03-17 11:30:02.083282	Speaker	play	None
2017-03-17 11:30:08.085857	Speaker	stop	None
2017-03-17 11:30:08.086846	Hopper	up	None
2017-03-17 11:30:20.090303	Hopper	down	None
2017-03-17 11:30:20.393416	Trial	end	213
2017-03-17 11:30:56.476903	Trial	start	214
2017-03-17 11:30:56.479079	Speaker	play	None
2017-03-17 11:30:56.534463	Speaker	stop	None
2017-03-17 11:30:56.535200	Trial	end	214
2017-03-17 11:30:56.535917	Trial	start	215
2017-03-17 11:30:56.537846	Speaker	play	None
2017-03-17 11:31:02.542749	Speaker	stop	None
2017-03-17 11:31:02.543244	Trial	end	215
2017-03-17 11:31:06.663008	Trial	start	216
2017-03-17 11:31:06.665139	Speaker	play	None
2017-03-17 11:31:12.667399	Speaker	stop	None
2017-03-17 11:31:12.667941	Trial	end	216
2017-03-17 11:31:17.418446	Trial	start	217
2017-03-17 11:31:17.420529	Speaker	play	None
2017-03-17 11:31:23.422838	Speaker	stop	None
2017-03-17 11:31:23.423305	Trial	end	217
2017-03-17 11:31:34.055339	Trial	start	218
2017-03-17 11:31:34.057367	Speaker	play	None
2017-03-17 11:31:40.059864	Speaker	stop	None
2017-03-17 11:31:40.060588	Trial	end	218
2017-03-17 11:31:45.396489	Trial	start	219
2017-03-17 11:31:45.398602	Speaker	play	None
2017-03-17 11:31:51.405048	Speaker	stop	None
2017-03-17 11:31:51.405627	Trial	end	219
2017-03-17 11:31:58.609620	Trial	start	220
2017-03-17 11:31:58.613281	Speaker	play	None
2017-03-17 11:32:04.618542	Speaker	stop	None
2017-03-17 11:32:04.619272	Trial	end	220
2017-03-17 11:32:24.423150	Trial	start	221
2017-03-17 11:32:24.425513	Speaker	play	None
2017-03-17 11:32:30.428085	Speaker	stop	None
2017-03-17 11:32:30.428986	Hopper	up	None
2017-03-17 11:32:42.429534	Hopper	down	None
2017-03-17 11:32:42.732688	Trial	end	221
2017-03-17 11:33:05.388112	Trial	start	222
2017-03-17 11:33:05.390962	Speaker	play	None
2017-03-17 11:33:11.397148	Speaker	stop	None
2017-03-17 11:33:11.397689	Trial	end	222
2017-03-17 11:33:21.059618	Trial	start	223
2017-03-17 11:33:21.062696	Speaker	play	None
2017-03-17 11:33:21.117094	Speaker	stop	None
2017-03-17 11:33:21.117642	Trial	end	223
2017-03-17 11:33:21.118390	Trial	start	224
2017-03-17 11:33:21.120359	Speaker	play	None
2017-03-17 11:33:27.125992	Speaker	stop	None
2017-03-17 11:33:27.126542	Trial	end	224
2017-03-17 11:33:32.352472	Trial	start	225
2017-03-17 11:33:32.354626	Speaker	play	None
2017-03-17 11:33:38.357307	Speaker	stop	None
2017-03-17 11:33:38.357893	Trial	end	225
2017-03-17 11:34:10.892240	Trial	start	226
2017-03-17 11:34:10.894417	Speaker	play	None
2017-03-17 11:34:10.945733	Speaker	stop	None
2017-03-17 11:34:10.946419	Trial	end	226
2017-03-17 11:34:10.947133	Trial	start	227
2017-03-17 11:34:10.949734	Speaker	play	None
2017-03-17 11:34:16.954485	Speaker	stop	None
2017-03-17 11:34:16.955201	Trial	end	227
2017-03-17 11:34:22.930510	Trial	start	228
2017-03-17 11:34:22.932526	Speaker	play	None
2017-03-17 11:34:28.935380	Speaker	stop	None
2017-03-17 11:34:28.936011	Trial	end	228
2017-03-17 11:34:35.153022	Trial	start	229
2017-03-17 11:34:35.155069	Speaker	play	None
2017-03-17 11:34:41.157848	Speaker	stop	None
2017-03-17 11:34:41.158441	Trial	end	229
2017-03-17 11:34:53.794036	Trial	start	230
2017-03-17 11:34:53.796699	Speaker	play	None
2017-03-17 11:34:59.802947	Speaker	stop	None
2017-03-17 11:34:59.803592	Trial	end	230
2017-03-17 11:35:50.872010	Trial	start	231
2017-03-17 11:35:50.874665	Speaker	play	None
2017-03-17 11:35:50.929390	Speaker	stop	None
2017-03-17 11:35:50.929953	Trial	end	231
2017-03-17 11:35:50.930732	Trial	start	232
2017-03-17 11:35:50.932684	Speaker	play	None
2017-03-17 11:35:56.938145	Speaker	stop	None
2017-03-17 11:35:56.938674	Trial	end	232
2017-03-17 11:36:39.565023	Trial	start	233
2017-03-17 11:36:39.567976	Speaker	play	None
2017-03-17 11:36:45.573888	Speaker	stop	None
2017-03-17 11:36:45.574562	Trial	end	233
2017-03-17 11:37:00.335684	Trial	start	234
2017-03-17 11:37:00.337691	Speaker	play	None
2017-03-17 11:37:06.344552	Speaker	stop	None
2017-03-17 11:37:06.345456	Hopper	up	None
2017-03-17 11:37:18.349788	Hopper	down	None
2017-03-17 11:37:18.652848	Trial	end	234
2017-03-17 11:37:48.352677	Trial	start	235
2017-03-17 11:37:48.355386	Speaker	play	None
2017-03-17 11:37:48.401902	Speaker	stop	None
2017-03-17 11:37:48.402448	Trial	end	235
2017-03-17 11:37:48.403035	Trial	start	236
2017-03-17 11:37:48.404823	Speaker	play	None
2017-03-17 11:37:54.410677	Speaker	stop	None
2017-03-17 11:37:54.411242	Trial	end	236
2017-03-17 11:38:01.951237	Trial	start	237
2017-03-17 11:38:01.953658	Speaker	play	None
2017-03-17 11:38:02.008734	Speaker	stop	None
2017-03-17 11:38:02.009334	Trial	end	237
2017-03-17 11:38:02.009961	Trial	start	238
2017-03-17 11:38:02.012049	Speaker	play	None
2017-03-17 11:38:08.017409	Speaker	stop	None
2017-03-17 11:38:08.018358	Hopper	up	None
2017-03-17 11:38:20.022553	Hopper	down	None
2017-03-17 11:38:20.325744	Trial	end	238
2017-03-17 11:38:45.388759	Trial	start	239
2017-03-17 11:38:45.390678	Speaker	play	None
2017-03-17 11:38:51.393433	Speaker	stop	None
2017-03-17 11:38:51.394003	Trial	end	239
2017-03-17 11:38:59.863936	Trial	start	240
2017-03-17 11:38:59.866560	Speaker	play	None
2017-03-17 11:39:05.872563	Speaker	stop	None
2017-03-17 11:39:05.873143	Trial	end	240
2017-03-17 11:39:41.466139	Trial	start	241
2017-03-17 11:39:41.468191	Speaker	play	None
2017-03-17 11:39:47.470879	Speaker	stop	None
2017-03-17 11:39:47.471460	Trial	end	241
2017-03-17 11:40:07.659591	Trial	start	242
2017-03-17 11:40:07.662024	Speaker	play	None
2017-03-17 11:40:13.668295	Speaker	stop	None
2017-03-17 11:40:13.668861	Trial	end	242
2017-03-17 11:48:21.896626	Trial	start	243
2017-03-17 11:48:21.898472	Speaker	play	None
2017-03-17 11:48:27.901132	Speaker	stop	None
2017-03-17 11:48:27.901607	Trial	end	243
2017-03-17 11:48:40.659652	Trial	start	244
2017-03-17 11:48:40.661611	Speaker	play	None
2017-03-17 11:48:46.664276	Speaker	stop	None
2017-03-17 11:48:46.664805	Trial	end	244
2017-03-17 14:26:33.258558	Trial	start	245
2017-03-17 14:26:33.260669	Speaker	play	None
2017-03-17 14:26:34.000195	Speaker	stop	None
2017-03-17 14:26:34.000880	Trial	end	245
2017-03-17 14:26:34.001452	Trial	start	246
2017-03-17 14:26:34.003307	Speaker	play	None
2017-03-17 14:26:34.057479	Speaker	stop	None
2017-03-17 14:26:34.058072	Trial	end	246
2017-03-17 14:26:34.058750	Trial	start	247
2017-03-17 14:26:34.060943	Speaker	play	None
2017-03-17 14:26:40.067100	Speaker	stop	None
2017-03-17 14:26:40.067618	Trial	end	247
2017-03-17 14:26:44.655277	Trial	start	248
2017-03-17 14:26:44.657874	Speaker	play	None
2017-03-17 14:26:45.589325	Speaker	stop	None
2017-03-17 14:26:45.590041	Trial	end	248
2017-03-17 14:26:45.590653	Trial	start	249
2017-03-17 14:26:45.592696	Speaker	play	None
2017-03-17 14:26:45.638382	Speaker	stop	None
2017-03-17 14:26:45.638943	Trial	end	249
2017-03-17 14:26:45.639659	Trial	start	250
2017-03-17 14:26:45.641590	Speaker	play	None
2017-03-17 14:26:46.924669	Speaker	stop	None
2017-03-17 14:26:46.925281	Trial	end	250
2017-03-17 14:26:46.926010	Trial	start	251
2017-03-17 14:26:46.928128	Speaker	play	None
2017-03-17 14:26:46.973849	Speaker	stop	None
2017-03-17 14:26:46.974392	Trial	end	251
2017-03-17 14:26:46.975118	Trial	start	252
2017-03-17 14:26:46.977095	Speaker	play	None
2017-03-17 14:26:52.983727	Speaker	stop	None
2017-03-17 14:26:52.984672	Trial	end	252
2017-03-17 14:26:57.981141	Trial	start	253
2017-03-17 14:26:57.983806	Speaker	play	None
2017-03-17 14:26:58.870232	Speaker	stop	None
2017-03-17 14:26:58.870777	Trial	end	253
2017-03-17 14:26:58.872971	Trial	start	254
2017-03-17 14:26:58.874918	Speaker	play	None
2017-03-17 14:26:58.923380	Speaker	stop	None
2017-03-17 14:26:58.923907	Trial	end	254
2017-03-17 14:26:58.924775	Trial	start	255
2017-03-17 14:26:58.927117	Speaker	play	None
2017-03-17 14:27:04.932965	Speaker	stop	None
2017-03-17 14:27:04.933535	Trial	end	255
2017-03-17 14:27:11.135124	Trial	start	256
2017-03-17 14:27:11.137561	Speaker	play	None
2017-03-17 14:27:17.140564	Speaker	stop	None
2017-03-17 14:27:17.141121	Trial	end	256
2017-03-17 14:27:24.760055	Trial	start	257
2017-03-17 14:27:24.765104	Speaker	play	None
2017-03-17 14:27:24.813337	Speaker	stop	None
2017-03-17 14:27:24.813941	Trial	end	257
2017-03-17 14:27:24.814653	Trial	start	258
2017-03-17 14:27:24.816622	Speaker	play	None
2017-03-17 14:27:25.845869	Speaker	stop	None
2017-03-17 14:27:25.846466	Trial	end	258
2017-03-17 14:27:25.847367	Trial	start	259
2017-03-17 14:27:25.849314	Speaker	play	None
2017-03-17 14:27:25.894918	Speaker	stop	None
2017-03-17 14:27:25.895602	Trial	end	259
2017-03-17 14:27:25.896292	Trial	start	260
2017-03-17 14:27:25.898424	Speaker	play	None
2017-03-17 14:27:31.904384	Speaker	stop	None
2017-03-17 14:27:31.904941	Trial	end	260
2017-03-17 14:27:34.706269	Trial	start	261
2017-03-17 14:27:34.708350	Speaker	play	None
2017-03-17 14:27:34.759765	Speaker	stop	None
2017-03-17 14:27:34.760356	Trial	end	261
2017-03-17 14:27:34.761051	Trial	start	262
2017-03-17 14:27:34.763068	Speaker	play	None
2017-03-17 14:27:40.769127	Speaker	stop	None
2017-03-17 14:27:40.769951	Hopper	up	None
2017-03-17 14:27:52.771720	Hopper	down	None
2017-03-17 14:27:53.074863	Trial	end	262
2017-03-17 14:28:14.511594	Trial	start	263
2017-03-17 14:28:14.513664	Speaker	play	None
2017-03-17 14:28:20.517006	Speaker	stop	None
2017-03-17 14:28:20.517503	Trial	end	263
2017-03-17 14:28:25.117271	Trial	start	264
2017-03-17 14:28:25.119404	Speaker	play	None
2017-03-17 14:28:31.122734	Speaker	stop	None
2017-03-17 14:28:31.123354	Trial	end	264
2017-03-17 14:28:37.304109	Trial	start	265
2017-03-17 14:28:37.305948	Speaker	play	None
2017-03-17 14:28:43.309469	Speaker	stop	None
2017-03-17 14:28:43.310237	Hopper	up	None
2017-03-17 14:28:55.311979	Hopper	down	None
2017-03-17 14:28:55.615080	Trial	end	265
2017-03-17 14:29:39.163856	Trial	start	266
2017-03-17 14:29:39.167923	Speaker	play	None
2017-03-17 14:29:39.217069	Speaker	stop	None
2017-03-17 14:29:39.217627	Trial	end	266
2017-03-17 14:29:39.218346	Trial	start	267
2017-03-17 14:29:39.220146	Speaker	play	None
2017-03-17 14:29:45.226476	Speaker	stop	None
2017-03-17 14:29:45.227292	Trial	end	267
2017-03-17 14:29:49.294128	Trial	start	268
2017-03-17 14:29:49.296421	Speaker	play	None
2017-03-17 14:29:49.347379	Speaker	stop	None
2017-03-17 14:29:49.347895	Trial	end	268
2017-03-17 14:29:49.348611	Trial	start	269
2017-03-17 14:29:49.350543	Speaker	play	None
2017-03-17 14:29:55.356752	Speaker	stop	None
2017-03-17 14:29:55.357300	Trial	end	269
2017-03-17 14:30:00.743392	Trial	start	270
2017-03-17 14:30:00.745700	Speaker	play	None
2017-03-17 14:30:06.748706	Speaker	stop	None
2017-03-17 14:30:06.749286	Trial	end	270
2017-03-17 14:30:21.757603	Trial	start	271
2017-03-17 14:30:21.759662	Speaker	play	None
2017-03-17 14:30:22.740808	Speaker	stop	None
2017-03-17 14:30:22.741353	Trial	end	271
2017-03-17 14:30:22.741940	Trial	start	272
2017-03-17 14:30:22.743703	Speaker	play	None
2017-03-17 14:30:28.750065	Speaker	stop	None
2017-03-17 14:30:28.750779	Hopper	up	None
2017-03-17 14:30:40.752248	Hopper	down	None
2017-03-17 14:30:41.055337	Trial	end	272
2017-03-17 14:30:58.702282	Trial	start	273
2017-03-17 14:30:58.704419	Speaker	play	None
2017-03-17 14:31:04.711686	Speaker	stop	None
2017-03-17 14:31:04.712446	Hopper	up	None
2017-03-17 14:31:16.713741	Hopper	down	None
2017-03-17 14:31:17.016923	Trial	end	273
2017-03-17 14:31:37.162427	Trial	start	274
2017-03-17 14:31:37.164406	Speaker	play	None
2017-03-17 14:31:43.167612	Speaker	stop	None
2017-03-17 14:31:43.168272	Trial	end	274
2017-03-17 14:31:48.705938	Trial	start	275
2017-03-17 14:31:48.710988	Speaker	play	None
2017-03-17 14:31:54.719120	Speaker	stop	None
2017-03-17 14:31:54.719766	Trial	end	275
2017-03-17 14:32:08.670960	Trial	start	276
2017-03-17 14:32:08.672986	Speaker	play	None
2017-03-17 14:32:14.676056	Speaker	stop	None
2017-03-17 14:32:14.676581	Trial	end	276
2017-03-17 14:32:18.026934	Trial	start	277
2017-03-17 14:32:18.029058	Speaker	play	None
2017-03-17 14:32:24.031983	Speaker	stop	None
2017-03-17 14:32:24.032552	Trial	end	277
2017-03-17 14:32:29.148097	Trial	start	278
2017-03-17 14:32:29.150058	Speaker	play	None
2017-03-17 14:32:29.201423	Speaker	stop	None
2017-03-17 14:32:29.201989	Trial	end	278
2017-03-17 14:32:29.202678	Trial	start	279
2017-03-17 14:32:29.204989	Speaker	play	None
2017-03-17 14:32:35.210540	Speaker	stop	None
2017-03-17 14:32:35.211131	Trial	end	279
2017-03-17 14:32:38.549015	Trial	start	280
2017-03-17 14:32:38.551658	Speaker	play	None
2017-03-17 14:32:44.558268	Speaker	stop	None
2017-03-17 14:32:44.559076	Hopper	up	None
2017-03-17 14:32:56.560199	Hopper	down	None
2017-03-17 14:32:56.863298	Trial	end	280
2017-03-17 14:33:17.921979	Trial	start	281
2017-03-17 14:33:17.924068	Speaker	play	None
2017-03-17 14:33:23.927155	Speaker	stop	None
2017-03-17 14:33:23.927904	Trial	end	281
2017-03-17 14:33:28.637705	Trial	start	282
2017-03-17 14:33:28.639779	Speaker	play	None
2017-03-17 14:33:28.691004	Speaker	stop	None
2017-03-17 14:33:28.691674	Trial	end	282
2017-03-17 14:33:28.692655	Trial	start	283
2017-03-17 14:33:28.695476	Speaker	play	None
2017-03-17 14:33:34.700163	Speaker	stop	None
2017-03-17 14:33:34.700722	Trial	end	283
2017-03-17 14:33:37.964773	Trial	start	284
2017-03-17 14:33:37.966775	Speaker	play	None
2017-03-17 14:33:43.969897	Speaker	stop	None
2017-03-17 14:33:43.970501	Trial	end	284
2017-03-17 14:33:47.357425	Trial	start	285
2017-03-17 14:33:47.359950	Speaker	play	None
2017-03-17 14:33:53.366585	Speaker	stop	None
2017-03-17 14:33:53.367134	Trial	end	285
2017-03-17 14:33:58.486752	Trial	start	286
2017-03-17 14:33:58.488930	Speaker	play	None
2017-03-17 14:34:04.491876	Speaker	stop	None
2017-03-17 14:34:04.492395	Trial	end	286
2017-03-17 14:34:10.836785	Trial	start	287
2017-03-17 14:34:10.839164	Speaker	play	None
2017-03-17 14:34:16.841936	Speaker	stop	None
2017-03-17 14:34:16.842530	Trial	end	287
2017-03-17 14:34:23.588465	Trial	start	288
2017-03-17 14:34:23.593607	Speaker	play	None
2017-03-17 14:34:29.601512	Speaker	stop	None
2017-03-17 14:34:29.602099	Trial	end	288
2017-03-17 14:34:34.373518	Trial	start	289
2017-03-17 14:34:34.376080	Speaker	play	None
2017-03-17 14:34:40.378548	Speaker	stop	None
2017-03-17 14:34:40.379164	Trial	end	289
2017-03-17 14:34:45.105485	Trial	start	290
2017-03-17 14:34:45.107738	Speaker	play	None
2017-03-17 14:34:45.158832	Speaker	stop	None
2017-03-17 14:34:45.159525	Trial	end	290
2017-03-17 14:34:45.160702	Trial	start	291
2017-03-17 14:34:45.163376	Speaker	play	None
2017-03-17 14:34:51.167951	Speaker	stop	None
2017-03-17 14:34:51.168548	Trial	end	291
2017-03-17 14:35:01.563919	Trial	start	292
2017-03-17 14:35:01.565794	Speaker	play	None
2017-03-17 14:35:07.568958	Speaker	stop	None
2017-03-17 14:35:07.569470	Trial	end	292
2017-03-17 14:35:15.355681	Trial	start	293
2017-03-17 14:35:15.357752	Speaker	play	None
2017-03-17 14:35:21.360736	Speaker	stop	None
2017-03-17 14:35:21.361969	Trial	end	293
2017-03-17 14:35:28.987846	Trial	start	294
2017-03-17 14:35:28.990004	Speaker	play	None
2017-03-17 14:35:34.992860	Speaker	stop	None
2017-03-17 14:35:34.993842	Hopper	up	None
2017-03-17 14:35:46.994436	Hopper	down	None
2017-03-17 14:35:47.297534	Trial	end	294
2017-03-17 14:37:48.379265	Trial	start	295
2017-03-17 14:37:48.381582	Speaker	play	None
2017-03-17 14:37:54.384208	Speaker	stop	None
2017-03-17 14:37:54.385030	Hopper	up	None
2017-03-17 14:38:06.385599	Hopper	down	None
2017-03-17 14:38:06.688810	Trial	end	295
2017-03-17 15:19:11.457966	Trial	start	296
2017-03-17 15:19:11.460198	Speaker	play	None
2017-03-17 15:19:11.511355	Speaker	stop	None
2017-03-17 15:19:11.511859	Trial	end	296
2017-03-17 15:19:11.512550	Trial	start	297
2017-03-17 15:19:11.514606	Speaker	play	None
2017-03-17 15:19:17.520035	Speaker	stop	None
2017-03-17 15:19:17.520643	Trial	end	297
2017-03-17 15:19:22.078772	Trial	start	298
2017-03-17 15:19:22.081132	Speaker	play	None
2017-03-17 15:19:28.083460	Speaker	stop	None
2017-03-17 15:19:28.083985	Trial	end	298
2017-03-17 15:19:32.879763	Trial	start	299
2017-03-17 15:19:32.881768	Speaker	play	None
2017-03-17 15:19:38.884554	Speaker	stop	None
2017-03-17 15:19:38.885123	Trial	end	299
2017-03-17 15:19:51.622902	Trial	start	300
2017-03-17 15:19:51.624961	Speaker	play	None
2017-03-17 15:19:51.663866	Speaker	stop	None
2017-03-17 15:19:51.664392	Trial	end	300
2017-03-17 15:19:51.665112	Trial	start	301
2017-03-17 15:19:51.667104	Speaker	play	None
2017-03-17 15:19:57.672695	Speaker	stop	None
2017-03-17 15:19:57.673499	Trial	end	301
2017-03-17 15:20:21.334914	Trial	start	302
2017-03-17 15:20:21.336831	Speaker	play	None
2017-03-17 15:20:21.384114	Speaker	stop	None
2017-03-17 15:20:21.384644	Trial	end	302
2017-03-17 15:20:21.385217	Trial	start	303
2017-03-17 15:20:21.387036	Speaker	play	None
2017-03-17 15:20:22.346884	Speaker	stop	None
2017-03-17 15:20:22.347895	Trial	end	303
2017-03-17 15:20:22.349100	Trial	start	304
2017-03-17 15:20:22.352222	Speaker	play	None
2017-03-17 15:20:22.399887	Speaker	stop	None
2017-03-17 15:20:22.400378	Trial	end	304
2017-03-17 15:20:22.401077	Trial	start	305
2017-03-17 15:20:22.403076	Speaker	play	None
2017-03-17 15:20:28.408640	Speaker	stop	None
2017-03-17 15:20:28.409229	Trial	end	305
2017-03-17 15:20:42.977970	Trial	start	306
2017-03-17 15:20:42.980293	Speaker	play	None
2017-03-17 15:20:44.317331	Speaker	stop	None
2017-03-17 15:20:44.318124	Trial	end	306
2017-03-17 15:20:44.319227	Trial	start	307
2017-03-17 15:20:44.321131	Speaker	play	None
2017-03-17 15:20:44.370578	Speaker	stop	None
2017-03-17 15:20:44.371180	Trial	end	307
2017-03-17 15:20:44.371800	Trial	start	308
2017-03-17 15:20:44.374219	Speaker	play	None
2017-03-17 15:20:50.379420	Speaker	stop	None
2017-03-17 15:20:50.380319	Hopper	up	None
2017-03-17 15:21:02.384575	Hopper	down	None
2017-03-17 15:21:02.687584	Trial	end	308
2017-03-17 15:21:47.992927	Trial	start	309
2017-03-17 15:21:47.994943	Speaker	play	None
2017-03-17 15:21:53.997599	Speaker	stop	None
2017-03-17 15:21:53.998160	Trial	end	309
2017-03-17 15:22:02.140496	Trial	start	310
2017-03-17 15:22:02.143051	Speaker	play	None
2017-03-17 15:22:08.149272	Speaker	stop	None
2017-03-17 15:22:08.151100	Hopper	up	None
2017-03-17 15:22:20.154288	Hopper	down	None
2017-03-17 15:22:20.457418	Trial	end	310
2017-03-17 15:22:53.495335	Trial	start	311
2017-03-17 15:22:53.498720	Speaker	play	None
2017-03-17 15:22:54.822515	Speaker	stop	None
2017-03-17 15:22:54.823058	Trial	end	311
2017-03-17 15:22:54.823715	Trial	start	312
2017-03-17 15:22:54.825500	Speaker	play	None
2017-03-17 15:23:00.831290	Speaker	stop	None
2017-03-17 15:23:00.832768	Trial	end	312
2017-03-17 15:23:21.593590	Trial	start	313
2017-03-17 15:23:21.596277	Speaker	play	None
2017-03-17 15:23:21.646899	Speaker	stop	None
2017-03-17 15:23:21.647418	Trial	end	313
2017-03-17 15:23:21.648119	Trial	start	314
2017-03-17 15:23:21.650032	Speaker	play	None
2017-03-17 15:23:27.655714	Speaker	stop	None
2017-03-17 15:23:27.656503	Trial	end	314
2017-03-17 15:23:36.298035	Trial	start	315
2017-03-17 15:23:36.300288	Speaker	play	None
2017-03-17 15:23:42.302945	Speaker	stop	None
2017-03-17 15:23:42.304092	Hopper	up	None
2017-03-17 15:23:54.307919	Hopper	down	None
2017-03-17 15:23:54.611091	Trial	end	315
2017-03-17 15:24:39.859139	Trial	start	316
2017-03-17 15:24:39.861483	Speaker	play	None
2017-03-17 15:24:45.867799	Speaker	stop	None
2017-03-17 15:24:45.868409	Trial	end	316
2017-03-17 15:24:54.231630	Trial	start	317
2017-03-17 15:24:54.233680	Speaker	play	None
2017-03-17 15:25:00.236429	Speaker	stop	None
2017-03-17 15:25:00.237307	Trial	end	317
2017-03-17 15:25:07.723718	Trial	start	318
2017-03-17 15:25:07.726484	Speaker	play	None
2017-03-17 15:25:07.777065	Speaker	stop	None
2017-03-17 15:25:07.777631	Trial	end	318
2017-03-17 15:25:07.778245	Trial	start	319
2017-03-17 15:25:07.780095	Speaker	play	None
2017-03-17 15:25:13.785887	Speaker	stop	None
2017-03-17 15:25:13.786868	Hopper	up	None
2017-03-17 15:25:25.790995	Hopper	down	None
2017-03-17 15:25:26.094104	Trial	end	319
2017-03-17 15:25:46.758129	Trial	start	320
2017-03-17 15:25:46.760210	Speaker	play	None
2017-03-17 15:25:46.811592	Speaker	stop	None
2017-03-17 15:25:46.812298	Trial	end	320
2017-03-17 15:25:46.813027	Trial	start	321
2017-03-17 15:25:46.815698	Speaker	play	None
2017-03-17 15:25:52.820284	Speaker	stop	None
2017-03-17 15:25:52.820863	Trial	end	321
2017-03-17 15:25:58.058840	Trial	start	322
2017-03-17 15:25:58.060939	Speaker	play	None
2017-03-17 15:26:04.063617	Speaker	stop	None
2017-03-17 15:26:04.064205	Trial	end	322
2017-03-17 15:26:11.956423	Trial	start	323
2017-03-17 15:26:11.958289	Speaker	play	None
2017-03-17 15:26:12.009729	Speaker	stop	None
2017-03-17 15:26:12.010289	Trial	end	323
2017-03-17 15:26:12.011168	Trial	start	324
2017-03-17 15:26:12.013543	Speaker	play	None
2017-03-17 15:26:18.018481	Speaker	stop	None
2017-03-17 15:26:18.019241	Hopper	up	None
2017-03-17 15:26:30.023643	Hopper	down	None
2017-03-17 15:26:30.326776	Trial	end	324
2017-03-17 15:27:03.367452	Trial	start	325
2017-03-17 15:27:03.369390	Speaker	play	None
2017-03-17 15:27:03.408349	Speaker	stop	None
2017-03-17 15:27:03.408817	Trial	end	325
2017-03-17 15:27:03.409486	Trial	start	326
2017-03-17 15:27:03.411481	Speaker	play	None
2017-03-17 15:27:09.417054	Speaker	stop	None
2017-03-17 15:27:09.417615	Trial	end	326
2017-03-17 15:27:17.430672	Trial	start	327
2017-03-17 15:27:17.434285	Speaker	play	None
2017-03-17 15:27:17.488058	Speaker	stop	None
2017-03-17 15:27:17.488597	Trial	end	327
2017-03-17 15:27:17.489209	Trial	start	328
2017-03-17 15:27:17.493546	Speaker	play	None
2017-03-17 15:27:23.497343	Speaker	stop	None
2017-03-17 15:27:23.498184	Hopper	up	None
2017-03-17 15:27:35.499753	Hopper	down	None
2017-03-17 15:27:35.802408	Trial	end	328
2017-03-17 15:28:00.943820	Trial	start	329
2017-03-17 15:28:00.945931	Speaker	play	None
2017-03-17 15:28:01.001228	Speaker	stop	None
2017-03-17 15:28:01.001761	Trial	end	329
2017-03-17 15:28:01.002402	Trial	start	330
2017-03-17 15:28:01.004301	Speaker	play	None
2017-03-17 15:28:07.008794	Speaker	stop	None
2017-03-17 15:28:07.009327	Trial	end	330
2017-03-17 15:28:11.985323	Trial	start	331
2017-03-17 15:28:11.987417	Speaker	play	None
2017-03-17 15:28:17.993618	Speaker	stop	None
2017-03-17 15:28:17.994318	Trial	end	331
2017-03-17 15:28:43.792810	Trial	start	332
2017-03-17 15:28:43.794899	Speaker	play	None
2017-03-17 15:28:43.846129	Speaker	stop	None
2017-03-17 15:28:43.846717	Trial	end	332
2017-03-17 15:28:43.847404	Trial	start	333
2017-03-17 15:28:43.849376	Speaker	play	None
2017-03-17 15:28:49.855521	Speaker	stop	None
2017-03-17 15:28:49.856412	Hopper	up	None
2017-03-17 15:29:01.858829	Hopper	down	None
2017-03-17 15:29:02.162158	Trial	end	333
2017-03-17 15:29:28.173738	Trial	start	334
2017-03-17 15:29:28.175723	Speaker	play	None
2017-03-17 15:29:34.179590	Speaker	stop	None
2017-03-17 15:29:34.180242	Trial	end	334
2017-03-17 15:29:39.889972	Trial	start	335
2017-03-17 15:29:39.891984	Speaker	play	None
2017-03-17 15:29:45.895099	Speaker	stop	None
2017-03-17 15:29:45.895903	Hopper	up	None
2017-03-17 15:29:57.899721	Hopper	down	None
2017-03-17 15:29:58.202790	Trial	end	335
2017-03-17 15:30:38.807016	Trial	start	336
2017-03-17 15:30:38.808903	Speaker	play	None
2017-03-17 15:30:38.864407	Speaker	stop	None
2017-03-17 15:30:38.865073	Trial	end	336
2017-03-17 15:30:38.865895	Trial	start	337
2017-03-17 15:30:38.868382	Speaker	play	None
2017-03-17 15:30:44.871650	Speaker	stop	None
2017-03-17 15:30:44.872203	Trial	end	337
2017-03-17 15:30:50.641349	Trial	start	338
2017-03-17 15:30:50.643526	Speaker	play	None
2017-03-17 15:30:50.690563	Speaker	stop	None
2017-03-17 15:30:50.691119	Trial	end	338
2017-03-17 15:30:50.691692	Trial	start	339
2017-03-17 15:30:50.693562	Speaker	play	None
2017-03-17 15:30:56.697859	Speaker	stop	None
2017-03-17 15:30:56.698377	Trial	end	339
2017-03-17 15:31:01.060919	Trial	start	340
2017-03-17 15:31:01.062837	Speaker	play	None
2017-03-17 15:31:01.118155	Speaker	stop	None
2017-03-17 15:31:01.118988	Trial	end	340
2017-03-17 15:31:01.120041	Trial	start	341
2017-03-17 15:31:01.122549	Speaker	play	None
2017-03-17 15:31:07.127301	Speaker	stop	None
2017-03-17 15:31:07.127891	Trial	end	341
2017-03-17 15:31:13.501891	Trial	start	342
2017-03-17 15:31:13.504172	Speaker	play	None
2017-03-17 15:31:13.555137	Speaker	stop	None
2017-03-17 15:31:13.555641	Trial	end	342
2017-03-17 15:31:13.556334	Trial	start	343
2017-03-17 15:31:13.558057	Speaker	play	None
2017-03-17 15:31:19.563111	Speaker	stop	None
2017-03-17 15:31:19.563700	Trial	end	343
2017-03-17 15:31:24.033842	Trial	start	344
2017-03-17 15:31:24.035798	Speaker	play	None
2017-03-17 15:31:30.039384	Speaker	stop	None
2017-03-17 15:31:30.039951	Trial	end	344
2017-03-17 15:31:37.138113	Trial	start	345
2017-03-17 15:31:37.140211	Speaker	play	None
2017-03-17 15:31:43.145174	Speaker	stop	None
2017-03-17 15:31:43.145787	Trial	end	345
2017-03-17 15:31:47.523789	Trial	start	346
2017-03-17 15:31:47.525782	Speaker	play	None
2017-03-17 15:31:53.531652	Speaker	stop	None
2017-03-17 15:31:53.532470	Trial	end	346
2017-03-17 15:32:06.354458	Trial	start	347
2017-03-17 15:32:06.356760	Speaker	play	None
2017-03-17 15:32:06.403567	Speaker	stop	None
2017-03-17 15:32:06.404103	Trial	end	347
2017-03-17 15:32:06.404780	Trial	start	348
2017-03-17 15:32:06.406763	Speaker	play	None
2017-03-17 15:32:12.412238	Speaker	stop	None
2017-03-17 15:32:12.412842	Trial	end	348
2017-03-17 15:32:18.740295	Trial	start	349
2017-03-17 15:32:18.742307	Speaker	play	None
2017-03-17 15:32:24.745420	Speaker	stop	None
2017-03-17 15:32:24.746281	Trial	end	349
2017-03-17 15:32:30.860827	Trial	start	350
2017-03-17 15:32:30.863260	Speaker	play	None
2017-03-17 15:32:36.870418	Speaker	stop	None
2017-03-17 15:32:36.871805	Hopper	up	None
2017-03-17 15:32:48.872458	Hopper	down	None
2017-03-17 15:32:49.175354	Trial	end	350
2017-03-17 15:33:28.018012	Trial	start	351
2017-03-17 15:33:28.020513	Speaker	play	None
2017-03-17 15:33:34.026787	Speaker	stop	None
2017-03-17 15:33:34.027381	Trial	end	351
2017-03-17 15:33:38.335490	Trial	start	352
2017-03-17 15:33:38.337940	Speaker	play	None
2017-03-17 15:33:44.343914	Speaker	stop	None
2017-03-17 15:33:44.344720	Hopper	up	None
2017-03-17 15:33:56.347747	Hopper	down	None
2017-03-17 15:33:56.650787	Trial	end	352
2017-03-17 15:35:40.256340	Trial	start	353
2017-03-17 15:35:40.258897	Speaker	play	None
2017-03-17 15:35:40.309764	Speaker	stop	None
2017-03-17 15:35:40.310281	Trial	end	353
2017-03-17 15:35:40.310897	Trial	start	354
2017-03-17 15:35:40.312818	Speaker	play	None
2017-03-17 15:35:46.316173	Speaker	stop	None
2017-03-17 15:35:46.316805	Trial	end	354
2017-03-17 15:35:52.293872	Trial	start	355
2017-03-17 15:35:52.295954	Speaker	play	None
2017-03-17 15:35:58.300329	Speaker	stop	None
2017-03-17 15:35:58.300952	Trial	end	355
2017-03-17 17:39:28.818705	Trial	start	356
2017-03-17 17:39:28.820998	Speaker	play	None
2017-03-17 17:39:29.769039	Speaker	stop	None
2017-03-17 17:39:29.770031	Trial	end	356
2017-03-17 17:39:29.770862	Trial	start	357
2017-03-17 17:39:29.773293	Speaker	play	None
2017-03-17 17:39:29.814098	Speaker	stop	None
2017-03-17 17:39:29.814580	Trial	end	357
2017-03-17 17:39:29.815303	Trial	start	358
2017-03-17 17:39:29.817188	Speaker	play	None
2017-03-17 17:39:30.530941	Speaker	stop	None
2017-03-17 17:39:30.531788	Trial	end	358
2017-03-17 17:39:30.532552	Trial	start	359
2017-03-17 17:39:30.535040	Speaker	play	None
2017-03-17 17:39:30.580001	Speaker	stop	None
2017-03-17 17:39:30.580443	Trial	end	359
2017-03-17 17:39:30.581207	Trial	start	360
2017-03-17 17:39:30.583489	Speaker	play	None
2017-03-17 17:39:36.588534	Speaker	stop	None
2017-03-17 17:39:36.589084	Trial	end	360
2017-03-17 17:39:43.559370	Trial	start	361
2017-03-17 17:39:43.561768	Speaker	play	None
2017-03-17 17:39:43.616882	Speaker	stop	None
2017-03-17 17:39:43.617475	Trial	end	361
2017-03-17 17:39:43.618310	Trial	start	362
2017-03-17 17:39:43.620312	Speaker	play	None
2017-03-17 17:39:49.625215	Speaker	stop	None
2017-03-17 17:39:49.625789	Trial	end	362
2017-03-17 17:39:56.665698	Trial	start	363
2017-03-17 17:39:56.668172	Speaker	play	None
2017-03-17 17:39:57.706126	Speaker	stop	None
2017-03-17 17:39:57.706630	Trial	end	363
2017-03-17 17:39:57.707418	Trial	start	364
2017-03-17 17:39:57.710246	Speaker	play	None
2017-03-17 17:40:03.714632	Speaker	stop	None
2017-03-17 17:40:03.715144	Trial	end	364
2017-03-17 17:40:08.809655	Trial	start	365
2017-03-17 17:40:08.811801	Speaker	play	None
2017-03-17 17:40:14.814071	Speaker	stop	None
2017-03-17 17:40:14.814769	Trial	end	365
2017-03-17 17:40:19.409442	Trial	start	366
2017-03-17 17:40:19.413785	Speaker	play	None
2017-03-17 17:40:19.458686	Speaker	stop	None
2017-03-17 17:40:19.459336	Trial	end	366
2017-03-17 17:40:19.460114	Trial	start	367
2017-03-17 17:40:19.462100	Speaker	play	None
2017-03-17 17:40:25.467220	Speaker	stop	None
2017-03-17 17:40:25.467763	Trial	end	367
2017-03-17 17:40:31.983358	Trial	start	368
2017-03-17 17:40:31.986134	Speaker	play	None
2017-03-17 17:40:32.032672	Speaker	stop	None
2017-03-17 17:40:32.033203	Trial	end	368
2017-03-17 17:40:32.033921	Trial	start	369
2017-03-17 17:40:32.035920	Speaker	play	None
2017-03-17 17:40:38.041208	Speaker	stop	None
2017-03-17 17:40:38.041798	Trial	end	369
2017-03-17 17:40:43.050105	Trial	start	370
2017-03-17 17:40:43.052110	Speaker	play	None
2017-03-17 17:40:43.107577	Speaker	stop	None
2017-03-17 17:40:43.108116	Trial	end	370
2017-03-17 17:40:43.108792	Trial	start	371
2017-03-17 17:40:43.110865	Speaker	play	None
2017-03-17 17:40:49.116033	Speaker	stop	None
2017-03-17 17:40:49.116560	Trial	end	371
2017-03-17 17:40:53.293664	Trial	start	372
2017-03-17 17:40:53.296222	Speaker	play	None
2017-03-17 17:40:59.302175	Speaker	stop	None
2017-03-17 17:40:59.302912	Trial	end	372
2017-03-17 17:41:04.258031	Trial	start	373
2017-03-17 17:41:04.260533	Speaker	play	None
2017-03-17 17:41:10.266487	Speaker	stop	None
2017-03-17 17:41:10.267167	Trial	end	373
2017-03-17 17:41:15.128057	Trial	start	374
2017-03-17 17:41:15.130288	Speaker	play	None
2017-03-17 17:41:15.181389	Speaker	stop	None
2017-03-17 17:41:15.181962	Trial	end	374
2017-03-17 17:41:15.182657	Trial	start	375
2017-03-17 17:41:15.184576	Speaker	play	None
2017-03-17 17:41:21.189868	Speaker	stop	None
2017-03-17 17:41:21.190398	Trial	end	375
2017-03-17 17:41:30.147188	Trial	start	376
2017-03-17 17:41:30.149094	Speaker	play	None
2017-03-17 17:41:36.151614	Speaker	stop	None
2017-03-17 17:41:36.152158	Trial	end	376
2017-03-17 17:41:42.102647	Trial	start	377
2017-03-17 17:41:42.105364	Speaker	play	None
2017-03-17 17:41:48.111177	Speaker	stop	None
2017-03-17 17:41:48.111716	Trial	end	377
2017-03-17 17:41:52.497715	Trial	start	378
2017-03-17 17:41:52.500681	Speaker	play	None
2017-03-17 17:41:58.506167	Speaker	stop	None
2017-03-17 17:41:58.506761	Trial	end	378
2017-03-17 17:42:02.462619	Trial	start	379
2017-03-17 17:42:02.464657	Speaker	play	None
2017-03-17 17:42:08.467063	Speaker	stop	None
2017-03-17 17:42:08.467720	Trial	end	379
2017-03-17 17:42:12.656942	Trial	start	380
2017-03-17 17:42:12.659143	Speaker	play	None
2017-03-17 17:42:12.706184	Speaker	stop	None
2017-03-17 17:42:12.706873	Trial	end	380
2017-03-17 17:42:12.707480	Trial	start	381
2017-03-17 17:42:12.709221	Speaker	play	None
2017-03-17 17:42:18.714672	Speaker	stop	None
2017-03-17 17:42:18.715504	Trial	end	381
2017-03-17 17:42:25.910883	Trial	start	382
2017-03-17 17:42:25.913291	Speaker	play	None
2017-03-17 17:42:25.964100	Speaker	stop	None
2017-03-17 17:42:25.964730	Trial	end	382
2017-03-17 17:42:25.965317	Trial	start	383
2017-03-17 17:42:25.967294	Speaker	play	None
2017-03-17 17:42:31.972654	Speaker	stop	None
2017-03-17 17:42:31.973392	Trial	end	383
2017-03-17 17:42:36.641658	Trial	start	384
2017-03-17 17:42:36.643642	Speaker	play	None
2017-03-17 17:42:36.694982	Speaker	stop	None
2017-03-17 17:42:36.695571	Trial	end	384
2017-03-17 17:42:36.696240	Trial	start	385
2017-03-17 17:42:36.698320	Speaker	play	None
2017-03-17 17:42:42.703444	Speaker	stop	None
2017-03-17 17:42:42.704026	Trial	end	385
2017-03-17 17:42:45.947195	Trial	start	386
2017-03-17 17:42:45.949487	Speaker	play	None
2017-03-17 17:42:51.955686	Speaker	stop	None
2017-03-17 17:42:51.956514	Hopper	up	None
2017-03-17 17:43:03.960353	Hopper	down	None
2017-03-17 17:43:04.263352	Trial	end	386
2017-03-17 17:43:41.043220	Trial	start	387
2017-03-17 17:43:41.045208	Speaker	play	None
2017-03-17 17:43:47.047790	Speaker	stop	None
2017-03-17 17:43:47.048520	Trial	end	387
2017-03-17 17:43:51.585726	Trial	start	388
2017-03-17 17:43:51.587809	Speaker	play	None
2017-03-17 17:43:57.594262	Speaker	stop	None
2017-03-17 17:43:57.595228	Hopper	up	None
2017-03-17 17:44:09.598894	Hopper	down	None
2017-03-17 17:44:09.901869	Trial	end	388
2017-03-17 17:44:27.960061	Trial	start	389
2017-03-17 17:44:27.962267	Speaker	play	None
2017-03-17 17:44:33.964730	Speaker	stop	None
2017-03-17 17:44:33.965481	Trial	end	389
2017-03-17 17:44:48.487953	Trial	start	390
2017-03-17 17:44:48.490862	Speaker	play	None
2017-03-17 17:44:54.496478	Speaker	stop	None
2017-03-17 17:44:54.497038	Trial	end	390
2017-03-17 17:45:05.321497	Trial	start	391
2017-03-17 17:45:05.323549	Speaker	play	None
2017-03-17 17:45:05.378997	Speaker	stop	None
2017-03-17 17:45:05.379722	Trial	end	391
2017-03-17 17:45:05.380508	Trial	start	392
2017-03-17 17:45:05.382373	Speaker	play	None
2017-03-17 17:45:11.387345	Speaker	stop	None
2017-03-17 17:45:11.388216	Hopper	up	None
2017-03-17 17:45:23.391990	Hopper	down	None
2017-03-17 17:45:23.695028	Trial	end	392
2017-03-17 17:45:49.637638	Trial	start	393
2017-03-17 17:45:49.639714	Speaker	play	None
2017-03-17 17:45:55.646081	Speaker	stop	None
2017-03-17 17:45:55.646649	Trial	end	393
2017-03-17 17:46:01.396443	Trial	start	394
2017-03-17 17:46:01.398933	Speaker	play	None
2017-03-17 17:46:01.449747	Speaker	stop	None
2017-03-17 17:46:01.450270	Trial	end	394
2017-03-17 17:46:01.451034	Trial	start	395
2017-03-17 17:46:01.453010	Speaker	play	None
2017-03-17 17:46:07.458159	Speaker	stop	None
2017-03-17 17:46:07.458997	Hopper	up	None
2017-03-17 17:46:19.462756	Hopper	down	None
2017-03-17 17:46:19.765829	Trial	end	395
2017-03-17 17:46:33.998576	Trial	start	396
2017-03-17 17:46:34.000590	Speaker	play	None
2017-03-17 17:46:40.003014	Speaker	stop	None
2017-03-17 17:46:40.003539	Trial	end	396
2017-03-17 17:46:48.137158	Trial	start	397
2017-03-17 17:46:48.140433	Speaker	play	None
2017-03-17 17:46:54.145692	Speaker	stop	None
2017-03-17 17:46:54.146313	Trial	end	397
2017-03-17 17:47:11.069219	Trial	start	398
2017-03-17 17:47:11.071884	Speaker	play	None
2017-03-17 17:47:17.077923	Speaker	stop	None
2017-03-17 17:47:17.078631	Trial	end	398
2017-03-17 17:47:23.483451	Trial	start	399
2017-03-17 17:47:23.485689	Speaker	play	None
2017-03-17 17:47:29.492044	Speaker	stop	None
2017-03-17 17:47:29.492882	Trial	end	399
2017-03-17 17:47:58.317805	Trial	start	400
2017-03-17 17:47:58.320839	Speaker	play	None
2017-03-17 17:48:04.326393	Speaker	stop	None
2017-03-17 17:48:04.327140	Trial	end	400
2017-03-17 17:48:09.531970	Trial	start	401
2017-03-17 17:48:09.534106	Speaker	play	None
2017-03-17 17:48:15.540490	Speaker	stop	None
2017-03-17 17:48:15.541059	Trial	end	401
2017-03-17 17:48:23.195478	Trial	start	402
2017-03-17 17:48:23.197573	Speaker	play	None
2017-03-17 17:48:23.248710	Speaker	stop	None
2017-03-17 17:48:23.249243	Trial	end	402
2017-03-17 17:48:23.249935	Trial	start	403
2017-03-17 17:48:23.251949	Speaker	play	None
2017-03-17 17:48:29.257186	Speaker	stop	None
2017-03-17 17:48:29.257731	Trial	end	403
2017-03-17 17:48:36.936647	Trial	start	404
2017-03-17 17:48:36.938651	Speaker	play	None
2017-03-17 17:48:42.945172	Speaker	stop	None
2017-03-17 17:48:42.945681	Trial	end	404
2017-03-17 17:49:01.220356	Trial	start	405
2017-03-17 17:49:01.222926	Speaker	play	None
2017-03-17 17:49:07.228954	Speaker	stop	None
2017-03-17 17:49:07.229641	Trial	end	405
2017-03-17 17:49:21.117491	Trial	start	406
2017-03-17 17:49:21.119722	Speaker	play	None
2017-03-17 17:49:21.175037	Speaker	stop	None
2017-03-17 17:49:21.175510	Trial	end	406
2017-03-17 17:49:21.176331	Trial	start	407
2017-03-17 17:49:21.178412	Speaker	play	None
2017-03-17 17:49:27.183349	Speaker	stop	None
2017-03-17 17:49:27.183870	Trial	end	407
2017-03-17 17:49:32.184196	Trial	start	408
2017-03-17 17:49:32.186189	Speaker	play	None
2017-03-17 17:49:38.188603	Speaker	stop	None
2017-03-17 17:49:38.189116	Trial	end	408
2017-03-17 17:49:49.689447	Trial	start	409
2017-03-17 17:49:49.692205	Speaker	play	None
2017-03-17 17:49:55.697915	Speaker	stop	None
2017-03-17 17:49:55.698411	Trial	end	409
2017-03-17 17:50:12.465900	Trial	start	410
2017-03-17 17:50:12.467982	Speaker	play	None
2017-03-17 17:50:18.474474	Speaker	stop	None
2017-03-17 17:50:18.475039	Trial	end	410
2017-03-17 17:50:27.870040	Trial	start	411
2017-03-17 17:50:27.872270	Speaker	play	None
2017-03-17 17:50:27.923370	Speaker	stop	None
2017-03-17 17:50:27.923956	Trial	end	411
2017-03-17 17:50:27.924532	Trial	start	412
2017-03-17 17:50:27.926355	Speaker	play	None
2017-03-17 17:50:33.931798	Speaker	stop	None
2017-03-17 17:50:33.932304	Trial	end	412
2017-03-17 17:50:55.909545	Trial	start	413
2017-03-17 17:50:55.911693	Speaker	play	None
2017-03-17 17:50:55.962856	Speaker	stop	None
2017-03-17 17:50:55.963413	Trial	end	413
2017-03-17 17:50:55.964122	Trial	start	414
2017-03-17 17:50:55.966002	Speaker	play	None
2017-03-17 17:51:01.971361	Speaker	stop	None
2017-03-17 17:51:01.971831	Trial	end	414
2017-03-17 17:51:15.843596	Trial	start	415
2017-03-17 17:51:15.845789	Speaker	play	None
2017-03-17 17:51:21.852159	Speaker	stop	None
2017-03-17 17:51:21.853097	Hopper	up	None
2017-03-17 17:51:33.856709	Hopper	down	None
2017-03-17 17:51:34.159721	Trial	end	415
2017-03-17 17:52:18.828131	Trial	start	416
2017-03-17 17:52:18.830492	Speaker	play	None
2017-03-17 17:52:24.836534	Speaker	stop	None
2017-03-17 17:52:24.837115	Trial	end	416
2017-03-17 17:53:32.428687	Trial	start	417
2017-03-17 17:53:32.431125	Speaker	play	None
2017-03-17 17:53:32.481965	Speaker	stop	None
2017-03-17 17:53:32.482496	Trial	end	417
2017-03-17 17:53:32.483186	Trial	start	418
2017-03-17 17:53:32.485076	Speaker	play	None
2017-03-17 17:53:38.490421	Speaker	stop	None
2017-03-17 17:53:38.491064	Trial	end	418
2017-03-17 17:53:53.828938	Trial	start	419
2017-03-17 17:53:53.831097	Speaker	play	None
2017-03-17 17:53:59.837475	Speaker	stop	None
2017-03-17 17:53:59.838090	Trial	end	419
2017-03-17 17:54:09.495313	Trial	start	420
2017-03-17 17:54:09.497732	Speaker	play	None
2017-03-17 17:54:09.544428	Speaker	stop	None
2017-03-17 17:54:09.544905	Trial	end	420
2017-03-17 17:54:09.545768	Trial	start	421
2017-03-17 17:54:09.548286	Speaker	play	None
2017-03-17 17:54:15.552814	Speaker	stop	None
2017-03-17 17:54:15.553390	Trial	end	421
2017-03-17 17:54:26.824262	Trial	start	422
2017-03-17 17:54:26.826366	Speaker	play	None
2017-03-17 17:54:32.828745	Speaker	stop	None
2017-03-17 17:54:32.829360	Trial	end	422
2017-03-17 17:54:51.235415	Trial	start	423
2017-03-17 17:54:51.238095	Speaker	play	None
2017-03-17 17:54:57.244107	Speaker	stop	None
2017-03-17 17:54:57.245689	Hopper	up	None
2017-03-17 17:55:09.248912	Hopper	down	None
2017-03-17 17:55:09.552045	Trial	end	423
2017-03-17 17:56:17.698625	Trial	start	424
2017-03-17 17:56:17.700808	Speaker	play	None
2017-03-17 17:56:17.747855	Speaker	stop	None
2017-03-17 17:56:17.748340	Trial	end	424
2017-03-17 17:56:17.749022	Trial	start	425
2017-03-17 17:56:17.750912	Speaker	play	None
2017-03-17 17:56:23.756452	Speaker	stop	None
2017-03-17 17:56:23.756989	Trial	end	425
2017-03-17 17:56:34.790600	Trial	start	426
2017-03-17 17:56:34.794566	Speaker	play	None
2017-03-17 17:56:40.799218	Speaker	stop	None
2017-03-17 17:56:40.799887	Trial	end	426
2017-03-17 17:56:48.204351	Trial	start	427
2017-03-17 17:56:48.206577	Speaker	play	None
2017-03-17 17:56:54.208937	Speaker	stop	None
2017-03-17 17:56:54.209489	Trial	end	427
2017-03-17 17:57:07.626930	Trial	start	428
2017-03-17 17:57:07.629354	Speaker	play	None
2017-03-17 17:57:13.635572	Speaker	stop	None
2017-03-17 17:57:13.638533	Trial	end	428
2017-03-17 17:57:25.623895	Trial	start	429
2017-03-17 17:57:25.625799	Speaker	play	None
2017-03-17 17:57:25.677245	Speaker	stop	None
2017-03-17 17:57:25.677811	Trial	end	429
2017-03-17 17:57:25.678527	Trial	start	430
2017-03-17 17:57:25.680571	Speaker	play	None
2017-03-17 17:57:31.685773	Speaker	stop	None
2017-03-17 17:57:31.686339	Trial	end	430
2017-03-17 17:57:38.226702	Trial	start	431
2017-03-17 17:57:38.228701	Speaker	play	None
2017-03-17 17:57:44.231233	Speaker	stop	None
2017-03-17 17:57:44.231773	Trial	end	431
2017-03-17 17:58:00.434276	Trial	start	432
2017-03-17 17:58:00.436808	Speaker	play	None
2017-03-17 17:58:00.483562	Speaker	stop	None
2017-03-17 17:58:00.484130	Trial	end	432
2017-03-17 17:58:00.484841	Trial	start	433
2017-03-17 17:58:00.486863	Speaker	play	None
2017-03-17 17:58:06.492037	Speaker	stop	None
2017-03-17 17:58:06.492690	Trial	end	433
2017-03-17 17:58:12.451387	Trial	start	434
2017-03-17 17:58:12.453466	Speaker	play	None
2017-03-17 17:58:18.455930	Speaker	stop	None
2017-03-17 17:58:18.456720	Hopper	up	None
2017-03-17 17:58:30.460739	Hopper	down	None
2017-03-17 17:58:30.763813	Trial	end	434
2017-03-17 17:59:07.454161	Trial	start	435
2017-03-17 17:59:07.456518	Speaker	play	None
2017-03-17 17:59:08.216041	Speaker	stop	None
2017-03-17 17:59:08.216561	Trial	end	435
2017-03-17 17:59:08.217123	Trial	start	436
2017-03-17 17:59:08.219093	Speaker	play	None
2017-03-17 17:59:14.224553	Speaker	stop	None
2017-03-17 17:59:14.225033	Trial	end	436
2017-03-17 17:59:21.019464	Trial	start	437
2017-03-17 17:59:21.021601	Speaker	play	None
2017-03-17 17:59:27.024002	Speaker	stop	None
2017-03-17 17:59:27.024557	Trial	end	437
2017-03-17 17:59:33.646913	Trial	start	438
2017-03-17 17:59:33.648965	Speaker	play	None
2017-03-17 17:59:33.700211	Speaker	stop	None
2017-03-17 17:59:33.700781	Trial	end	438
2017-03-17 17:59:33.701388	Trial	start	439
2017-03-17 17:59:33.703299	Speaker	play	None
2017-03-17 17:59:39.708755	Speaker	stop	None
2017-03-17 17:59:39.709339	Trial	end	439
2017-03-17 17:59:47.613596	Trial	start	440
2017-03-17 17:59:47.615666	Speaker	play	None
2017-03-17 17:59:53.618133	Speaker	stop	None
2017-03-17 17:59:53.618661	Trial	end	440
2017-03-17 17:59:58.733727	Trial	start	441
2017-03-17 17:59:58.736060	Speaker	play	None
2017-03-17 18:00:04.742373	Speaker	stop	None
2017-03-17 18:00:04.743050	Trial	end	441
2017-03-17 18:00:09.956254	Trial	start	442
2017-03-17 18:00:09.959058	Speaker	play	None
2017-03-17 18:00:15.964831	Speaker	stop	None
2017-03-17 18:00:15.965753	Hopper	up	None
2017-03-17 18:00:27.969639	Hopper	down	None
2017-03-17 18:00:28.272712	Trial	end	442
2017-03-17 18:01:13.740281	Trial	start	443
2017-03-17 18:01:13.742306	Speaker	play	None
2017-03-17 18:01:19.748830	Speaker	stop	None
2017-03-17 18:01:19.749458	Trial	end	443
2017-03-17 18:01:39.367699	Trial	start	444
2017-03-17 18:01:39.369705	Speaker	play	None
2017-03-17 18:01:45.372138	Speaker	stop	None
2017-03-17 18:01:45.372644	Trial	end	444
2017-03-17 18:02:07.440406	Trial	start	445
2017-03-17 18:02:07.442783	Speaker	play	None
2017-03-17 18:02:13.448872	Speaker	stop	None
2017-03-17 18:02:13.449469	Trial	end	445
2017-03-17 18:02:29.737869	Trial	start	446
2017-03-17 18:02:29.740649	Speaker	play	None
2017-03-17 18:02:35.746413	Speaker	stop	None
2017-03-17 18:02:35.747348	Hopper	up	None
2017-03-17 18:02:47.751194	Hopper	down	None
2017-03-17 18:02:48.054244	Trial	end	446
2017-03-17 18:03:33.796075	Trial	start	447
2017-03-17 18:03:33.798018	Speaker	play	None
2017-03-17 18:03:33.845314	Speaker	stop	None
2017-03-17 18:03:33.845881	Trial	end	447
2017-03-17 18:03:33.846577	Trial	start	448
2017-03-17 18:03:33.849105	Speaker	play	None
2017-03-17 18:03:39.853823	Speaker	stop	None
2017-03-17 18:03:39.854436	Trial	end	448
2017-03-17 18:03:45.186477	Trial	start	449
2017-03-17 18:03:45.188739	Speaker	play	None
2017-03-17 18:03:45.239872	Speaker	stop	None
2017-03-17 18:03:45.240549	Trial	end	449
2017-03-17 18:03:45.241301	Trial	start	450
2017-03-17 18:03:45.243744	Speaker	play	None
2017-03-17 18:03:51.248327	Speaker	stop	None
2017-03-17 18:03:51.248922	Trial	end	450
2017-03-17 18:03:54.807497	Trial	start	451
2017-03-17 18:03:54.809646	Speaker	play	None
2017-03-17 18:03:54.860815	Speaker	stop	None
2017-03-17 18:03:54.861483	Trial	end	451
2017-03-17 18:03:54.862145	Trial	start	452
2017-03-17 18:03:54.864772	Speaker	play	None
2017-03-17 18:04:00.869352	Speaker	stop	None
2017-03-17 18:04:00.870112	Trial	end	452
2017-03-17 18:04:16.126219	Trial	start	453
2017-03-17 18:04:16.128415	Speaker	play	None
2017-03-17 18:04:22.134866	Speaker	stop	None
2017-03-17 18:04:22.135530	Trial	end	453
2017-03-17 18:04:28.474884	Trial	start	454
2017-03-17 18:04:28.476841	Speaker	play	None
2017-03-17 18:04:34.479439	Speaker	stop	None
2017-03-17 18:04:34.480096	Trial	end	454
2017-03-17 18:04:41.860048	Trial	start	455
2017-03-17 18:04:41.862488	Speaker	play	None
2017-03-17 18:04:41.913367	Speaker	stop	None
2017-03-17 18:04:41.913896	Trial	end	455
2017-03-17 18:04:41.914473	Trial	start	456
2017-03-17 18:04:41.916380	Speaker	play	None
2017-03-17 18:04:47.921787	Speaker	stop	None
2017-03-17 18:04:47.922367	Trial	end	456
2017-03-17 18:04:55.658692	Trial	start	457
2017-03-17 18:04:55.660819	Speaker	play	None
2017-03-17 18:04:56.453365	Speaker	stop	None
2017-03-17 18:04:56.453900	Trial	end	457
2017-03-17 18:04:56.454607	Trial	start	458
2017-03-17 18:04:56.456669	Speaker	play	None
2017-03-17 18:04:56.502522	Speaker	stop	None
2017-03-17 18:04:56.503164	Trial	end	458
2017-03-17 18:04:56.503828	Trial	start	459
2017-03-17 18:04:56.505578	Speaker	play	None
2017-03-17 18:05:02.511015	Speaker	stop	None
2017-03-17 18:05:02.511537	Trial	end	459
2017-03-17 18:05:20.409600	Trial	start	460
2017-03-17 18:05:20.412359	Speaker	play	None
2017-03-17 18:05:20.458785	Speaker	stop	None
2017-03-17 18:05:20.459351	Trial	end	460
2017-03-17 18:05:20.460165	Trial	start	461
2017-03-17 18:05:20.462719	Speaker	play	None
2017-03-17 18:05:26.467345	Speaker	stop	None
2017-03-17 18:05:26.468213	Hopper	up	None
2017-03-17 18:05:38.472036	Hopper	down	None
2017-03-17 18:05:38.775162	Trial	end	461
2017-03-17 18:06:08.014905	Trial	start	462
2017-03-17 18:06:08.016919	Speaker	play	None
2017-03-17 18:06:08.072303	Speaker	stop	None
2017-03-17 18:06:08.072877	Trial	end	462
2017-03-17 18:06:08.073816	Trial	start	463
2017-03-17 18:06:08.076101	Speaker	play	None
2017-03-17 18:06:14.080870	Speaker	stop	None
2017-03-17 18:06:14.081491	Trial	end	463
2017-03-17 18:06:41.158056	Trial	start	464
2017-03-17 18:06:41.160153	Speaker	play	None
2017-03-17 18:06:41.211340	Speaker	stop	None
2017-03-17 18:06:41.211832	Trial	end	464
2017-03-17 18:06:41.212465	Trial	start	465
2017-03-17 18:06:41.214356	Speaker	play	None
2017-03-17 18:06:47.219854	Speaker	stop	None
2017-03-17 18:06:47.220450	Trial	end	465
2017-03-17 18:06:54.174576	Trial	start	466
2017-03-17 18:06:54.177100	Speaker	play	None
2017-03-17 18:07:00.182991	Speaker	stop	None
2017-03-17 18:07:00.183796	Hopper	up	None
2017-03-17 18:07:12.187679	Hopper	down	None
2017-03-17 18:07:12.490760	Trial	end	466
2017-03-17 18:07:37.692115	Trial	start	467
2017-03-17 18:07:37.694367	Speaker	play	None
2017-03-17 18:07:43.700769	Speaker	stop	None
2017-03-17 18:07:43.701304	Trial	end	467
2017-03-17 18:07:49.889397	Trial	start	468
2017-03-17 18:07:49.891854	Speaker	play	None
2017-03-17 18:07:49.942708	Speaker	stop	None
2017-03-17 18:07:49.943263	Trial	end	468
2017-03-17 18:07:49.943882	Trial	start	469
2017-03-17 18:07:49.945760	Speaker	play	None
2017-03-17 18:07:55.951198	Speaker	stop	None
2017-03-17 18:07:55.951995	Hopper	up	None
2017-03-17 18:08:07.955950	Hopper	down	None
2017-03-17 18:08:08.258975	Trial	end	469
2017-03-17 18:08:30.277994	Trial	start	470
2017-03-17 18:08:30.280783	Speaker	play	None
2017-03-17 18:08:36.286477	Speaker	stop	None
2017-03-17 18:08:36.287122	Trial	end	470
2017-03-17 18:09:08.827496	Trial	start	471
2017-03-17 18:09:08.829884	Speaker	play	None
2017-03-17 18:09:14.836024	Speaker	stop	None
2017-03-17 18:09:14.836803	Trial	end	471
2017-03-17 18:09:54.192269	Trial	start	472
2017-03-17 18:09:54.195173	Speaker	play	None
2017-03-17 18:10:00.200827	Speaker	stop	None
2017-03-17 18:10:00.201428	Trial	end	472
2017-03-17 18:10:25.905853	Trial	start	473
2017-03-17 18:10:25.907988	Speaker	play	None
2017-03-17 18:10:31.910356	Speaker	stop	None
2017-03-17 18:10:31.911015	Trial	end	473
2017-03-17 18:10:40.732632	Trial	start	474
2017-03-17 18:10:40.734740	Speaker	play	None
2017-03-17 18:10:46.737022	Speaker	stop	None
2017-03-17 18:10:46.737573	Trial	end	474
2017-03-17 18:10:52.577604	Trial	start	475
2017-03-17 18:10:52.580255	Speaker	play	None
2017-03-17 18:10:58.586108	Speaker	stop	None
2017-03-17 18:10:58.586941	Hopper	up	None
2017-03-17 18:11:10.590884	Hopper	down	None
2017-03-17 18:11:10.893958	Trial	end	475
2017-03-17 18:11:46.846618	Trial	start	476
2017-03-17 18:11:46.848853	Speaker	play	None
2017-03-17 18:11:46.899990	Speaker	stop	None
2017-03-17 18:11:46.900450	Trial	end	476
2017-03-17 18:11:46.901138	Trial	start	477
2017-03-17 18:11:46.903212	Speaker	play	None
2017-03-17 18:11:52.908396	Speaker	stop	None
2017-03-17 18:11:52.909215	Hopper	up	None
2017-03-17 18:12:04.913130	Hopper	down	None
2017-03-17 18:12:05.216188	Trial	end	477
2017-03-17 18:12:49.557035	Trial	start	478
2017-03-17 18:12:49.559328	Speaker	play	None
2017-03-17 18:12:55.565708	Speaker	stop	None
2017-03-17 18:12:55.566315	Trial	end	478
2017-03-17 18:13:05.272734	Trial	start	479
2017-03-17 18:13:05.275292	Speaker	play	None
2017-03-17 18:13:11.281139	Speaker	stop	None
2017-03-17 18:13:11.281955	Hopper	up	None
2017-03-17 18:13:23.285787	Hopper	down	None
2017-03-17 18:13:23.588883	Trial	end	479
2017-03-17 18:14:23.092326	Trial	start	480
2017-03-17 18:14:23.094520	Speaker	play	None
2017-03-17 18:14:23.141509	Speaker	stop	None
2017-03-17 18:14:23.142091	Trial	end	480
2017-03-17 18:14:23.142792	Trial	start	481
2017-03-17 18:14:23.144724	Speaker	play	None
2017-03-17 18:14:29.149977	Speaker	stop	None
2017-03-17 18:14:29.150540	Trial	end	481
2017-03-17 18:14:46.053204	Trial	start	482
2017-03-17 18:14:46.055320	Speaker	play	None
2017-03-17 18:14:52.057676	Speaker	stop	None
2017-03-17 18:14:52.058190	Trial	end	482
2017-03-17 18:15:02.522286	Trial	start	483
2017-03-17 18:15:02.524308	Speaker	play	None
2017-03-17 18:15:02.579891	Speaker	stop	None
2017-03-17 18:15:02.580545	Trial	end	483
2017-03-17 18:15:02.581234	Trial	start	484
2017-03-17 18:15:02.583388	Speaker	play	None
2017-03-17 18:15:08.588144	Speaker	stop	None
2017-03-17 18:15:08.588735	Trial	end	484
2017-03-17 18:15:21.489852	Trial	start	485
2017-03-17 18:15:21.492062	Speaker	play	None
2017-03-17 18:15:27.498380	Speaker	stop	None
2017-03-17 18:15:27.498964	Trial	end	485
2017-03-17 18:15:33.072682	Trial	start	486
2017-03-17 18:15:33.075196	Speaker	play	None
2017-03-17 18:15:39.081245	Speaker	stop	None
2017-03-17 18:15:39.081913	Trial	end	486
2017-03-17 18:15:55.275813	Trial	start	487
2017-03-17 18:15:55.278384	Speaker	play	None
2017-03-17 18:15:55.329199	Speaker	stop	None
2017-03-17 18:15:55.329655	Trial	end	487
2017-03-17 18:15:55.330376	Trial	start	488
2017-03-17 18:15:55.332954	Speaker	play	None
2017-03-17 18:15:56.516962	Speaker	stop	None
2017-03-17 18:15:56.517524	Trial	end	488
2017-03-17 18:15:56.518130	Trial	start	489
2017-03-17 18:15:56.519921	Speaker	play	None
2017-03-17 18:16:02.525404	Speaker	stop	None
2017-03-17 18:16:02.525901	Trial	end	489
2017-03-17 18:16:10.290941	Trial	start	490
2017-03-17 18:16:10.293027	Speaker	play	None
2017-03-17 18:16:10.344304	Speaker	stop	None
2017-03-17 18:16:10.344910	Trial	end	490
2017-03-17 18:16:10.345996	Trial	start	491
2017-03-17 18:16:10.348857	Speaker	play	None
2017-03-17 18:16:16.352735	Speaker	stop	None
2017-03-17 18:16:16.353240	Trial	end	491
2017-03-17 18:16:38.723816	Trial	start	492
2017-03-17 18:16:38.726014	Speaker	play	None
2017-03-17 18:16:39.379359	Speaker	stop	None
2017-03-17 18:16:39.379977	Trial	end	492
2017-03-17 18:16:39.380795	Trial	start	493
2017-03-17 18:16:39.383112	Speaker	play	None
2017-03-17 18:16:39.436561	Speaker	stop	None
2017-03-17 18:16:39.437145	Trial	end	493
2017-03-17 18:16:39.437838	Trial	start	494
2017-03-17 18:16:39.440036	Speaker	play	None
2017-03-17 18:16:45.445123	Speaker	stop	None
2017-03-17 18:16:45.445944	Hopper	up	None
2017-03-17 18:16:57.449722	Hopper	down	None
2017-03-17 18:16:57.752790	Trial	end	494
2017-03-17 18:18:47.314627	Trial	start	495
2017-03-17 18:18:47.317642	Speaker	play	None
2017-03-17 18:18:53.323233	Speaker	stop	None
2017-03-17 18:18:53.323937	Trial	end	495
2017-03-17 18:19:02.071746	Trial	start	496
2017-03-17 18:19:02.075146	Speaker	play	None
2017-03-17 18:19:02.117002	Speaker	stop	None
2017-03-17 18:19:02.117960	Trial	end	496
2017-03-17 18:19:02.118854	Trial	start	497
2017-03-17 18:19:02.120909	Speaker	play	None
2017-03-17 18:19:08.125331	Speaker	stop	None
2017-03-17 18:19:08.126324	Trial	end	497
2017-03-17 18:19:19.261620	Trial	start	498
2017-03-17 18:19:19.263733	Speaker	play	None
2017-03-17 18:19:19.319079	Speaker	stop	None
2017-03-17 18:19:19.319613	Trial	end	498
2017-03-17 18:19:19.320309	Trial	start	499
2017-03-17 18:19:19.322302	Speaker	play	None
2017-03-17 18:19:25.327599	Speaker	stop	None
2017-03-17 18:19:25.328682	Trial	end	499
2017-03-17 18:19:35.132737	Trial	start	500
2017-03-17 18:19:35.134646	Speaker	play	None
2017-03-17 18:19:35.186030	Speaker	stop	None
2017-03-17 18:19:35.186499	Trial	end	500
2017-03-17 18:19:35.187109	Trial	start	501
2017-03-17 18:19:35.189155	Speaker	play	None
2017-03-17 18:19:41.194614	Speaker	stop	None
2017-03-17 18:19:41.195415	Trial	end	501
2017-03-17 18:19:57.639007	Trial	start	502
2017-03-17 18:19:57.640967	Speaker	play	None
2017-03-17 18:20:03.643455	Speaker	stop	None
2017-03-17 18:20:03.643967	Trial	end	502
2017-03-17 18:20:23.131122	Trial	start	503
2017-03-17 18:20:23.133216	Speaker	play	None
2017-03-17 18:20:29.135559	Speaker	stop	None
2017-03-17 18:20:29.136145	Trial	end	503
2017-03-17 18:20:33.898885	Trial	start	504
2017-03-17 18:20:33.900911	Speaker	play	None
2017-03-17 18:20:33.956265	Speaker	stop	None
2017-03-17 18:20:33.956806	Trial	end	504
2017-03-17 18:20:33.957489	Trial	start	505
2017-03-17 18:20:33.959892	Speaker	play	None
2017-03-17 18:20:39.964815	Speaker	stop	None
2017-03-17 18:20:39.965342	Trial	end	505
2017-03-17 18:20:56.990775	Trial	start	506
2017-03-17 18:20:56.993165	Speaker	play	None
2017-03-17 18:20:57.044249	Speaker	stop	None
2017-03-17 18:20:57.044875	Trial	end	506
2017-03-17 18:20:57.046057	Trial	start	507
2017-03-17 18:20:57.051153	Speaker	play	None
2017-03-17 18:21:03.056710	Speaker	stop	None
2017-03-17 18:21:03.057321	Trial	end	507
2017-03-17 18:21:07.140161	Trial	start	508
2017-03-17 18:21:07.142100	Speaker	play	None
2017-03-17 18:21:07.193513	Speaker	stop	None
2017-03-17 18:21:07.193997	Trial	end	508
2017-03-17 18:21:07.194712	Trial	start	509
2017-03-17 18:21:07.196649	Speaker	play	None
2017-03-17 18:21:13.202010	Speaker	stop	None
2017-03-17 18:21:13.202978	Hopper	up	None
2017-03-17 18:21:25.206577	Hopper	down	None
2017-03-17 18:21:25.509734	Trial	end	509
2017-03-17 18:22:25.676523	Trial	start	510
2017-03-17 18:22:25.678593	Speaker	play	None
2017-03-17 18:22:31.685153	Speaker	stop	None
2017-03-17 18:22:31.685849	Trial	end	510
2017-03-17 18:22:42.624781	Trial	start	511
2017-03-17 18:22:42.627062	Speaker	play	None
2017-03-17 18:22:42.678147	Speaker	stop	None
2017-03-17 18:22:42.678646	Trial	end	511
2017-03-17 18:22:42.679473	Trial	start	512
2017-03-17 18:22:42.681360	Speaker	play	None
2017-03-17 18:22:48.686659	Speaker	stop	None
2017-03-17 18:22:48.687294	Trial	end	512
2017-03-17 18:22:53.990570	Trial	start	513
2017-03-17 18:22:53.993130	Speaker	play	None
2017-03-17 18:22:59.999162	Speaker	stop	None
2017-03-17 18:22:59.999803	Trial	end	513
2017-03-17 18:23:06.789888	Trial	start	514
2017-03-17 18:23:06.792274	Speaker	play	None
2017-03-17 18:23:06.847211	Speaker	stop	None
2017-03-17 18:23:06.847755	Trial	end	514
2017-03-17 18:23:06.848368	Trial	start	515
2017-03-17 18:23:06.850212	Speaker	play	None
2017-03-17 18:23:12.855711	Speaker	stop	None
2017-03-17 18:23:12.856512	Hopper	up	None
2017-03-17 18:23:24.860378	Hopper	down	None
2017-03-17 18:23:25.163396	Trial	end	515
2017-03-17 18:24:10.425791	Trial	start	516
2017-03-17 18:24:10.428049	Speaker	play	None
2017-03-17 18:24:16.434398	Speaker	stop	None
2017-03-17 18:24:16.435061	Trial	end	516
2017-03-17 18:24:20.747317	Trial	start	517
2017-03-17 18:24:20.751942	Speaker	play	None
2017-03-17 18:24:26.755698	Speaker	stop	None
2017-03-17 18:24:26.756285	Trial	end	517
2017-03-17 18:24:33.239222	Trial	start	518
2017-03-17 18:24:33.241487	Speaker	play	None
2017-03-17 18:24:33.292583	Speaker	stop	None
2017-03-17 18:24:33.293222	Trial	end	518
2017-03-17 18:24:33.293987	Trial	start	519
2017-03-17 18:24:33.296480	Speaker	play	None
2017-03-17 18:24:39.301054	Speaker	stop	None
2017-03-17 18:24:39.301633	Trial	end	519
2017-03-17 18:24:47.050161	Trial	start	520
2017-03-17 18:24:47.052085	Speaker	play	None
2017-03-17 18:24:47.680982	Speaker	stop	None
2017-03-17 18:24:47.681577	Trial	end	520
2017-03-17 18:24:47.682168	Trial	start	521
2017-03-17 18:24:47.684085	Speaker	play	None
2017-03-17 18:24:53.689538	Speaker	stop	None
2017-03-17 18:24:53.690218	Trial	end	521
2017-03-17 18:25:14.270616	Trial	start	522
2017-03-17 18:25:14.272812	Speaker	play	None
2017-03-17 18:25:20.279244	Speaker	stop	None
2017-03-17 18:25:20.279938	Trial	end	522
2017-03-17 18:25:27.356780	Trial	start	523
2017-03-17 18:25:27.359074	Speaker	play	None
2017-03-17 18:25:33.365167	Speaker	stop	None
2017-03-17 18:25:33.365761	Trial	end	523
2017-03-17 18:25:54.405116	Trial	start	524
2017-03-17 18:25:54.407310	Speaker	play	None
2017-03-17 18:26:00.413630	Speaker	stop	None
2017-03-17 18:26:00.414202	Trial	end	524
2017-03-17 18:49:39.723578	PeckPort	off	None
2017-03-17 18:49:39.723903	HouseLight	on	None
2017-03-17 18:49:39.724074	Hopper	down	None
