2017-02-27 09:43:13.433275	PeckPort	off	None
2017-02-27 09:43:13.433399	HouseLight	on	None
2017-02-27 09:43:13.433504	Hopper	down	None
2017-02-27 09:43:13.737457	Hopper	down	None
2017-02-27 09:43:14.040232	HouseLight	on	None
2017-02-27 09:43:14.040410	PeckPort	on	None
2017-02-27 09:43:18.295847	Trial	start	1
2017-02-27 09:43:18.299900	Speaker	play	None
2017-02-27 09:43:24.304650	Speaker	stop	None
2017-02-27 09:43:24.305450	Trial	end	1
2017-02-27 09:43:27.027866	Trial	start	2
2017-02-27 09:43:27.029938	Speaker	play	None
2017-02-27 09:43:33.032501	Speaker	stop	None
2017-02-27 09:43:33.033088	Trial	end	2
2017-02-27 09:43:37.934803	Trial	start	3
2017-02-27 09:43:37.936853	Speaker	play	None
2017-02-27 09:43:43.472462	Speaker	stop	None
2017-02-27 09:43:43.473167	Trial	end	3
2017-02-27 09:43:43.473910	Trial	start	4
2017-02-27 09:43:43.476280	Speaker	play	None
2017-02-27 09:43:43.521660	Speaker	stop	None
2017-02-27 09:43:43.522211	Trial	end	4
2017-02-27 09:43:43.522781	Trial	start	5
2017-02-27 09:43:43.524586	Speaker	play	None
2017-02-27 09:43:49.529929	Speaker	stop	None
2017-02-27 09:43:49.530450	Trial	end	5
2017-02-27 09:43:55.157475	Trial	start	6
2017-02-27 09:43:55.159537	Speaker	play	None
2017-02-27 09:44:01.161909	Speaker	stop	None
2017-02-27 09:44:01.162520	Trial	end	6
2017-02-27 09:44:02.738709	Trial	start	7
2017-02-27 09:44:02.741409	Speaker	play	None
2017-02-27 09:44:02.787927	Speaker	stop	None
2017-02-27 09:44:02.788606	Trial	end	7
2017-02-27 09:44:02.789375	Trial	start	8
2017-02-27 09:44:02.791953	Speaker	play	None
2017-02-27 09:44:08.796612	Speaker	stop	None
2017-02-27 09:44:08.797742	Trial	end	8
2017-02-27 09:44:15.644387	Trial	start	9
2017-02-27 09:44:15.646279	Speaker	play	None
2017-02-27 09:44:21.648807	Speaker	stop	None
2017-02-27 09:44:21.649362	Trial	end	9
2017-02-27 09:44:25.842744	Trial	start	10
2017-02-27 09:44:25.844980	Speaker	play	None
2017-02-27 09:44:31.851311	Speaker	stop	None
2017-02-27 09:44:31.851872	Trial	end	10
2017-02-27 09:44:43.802602	Trial	start	11
2017-02-27 09:44:43.804982	Speaker	play	None
2017-02-27 09:44:43.855947	Speaker	stop	None
2017-02-27 09:44:43.856572	Trial	end	11
2017-02-27 09:44:43.857285	Trial	start	12
2017-02-27 09:44:43.859998	Speaker	play	None
2017-02-27 09:44:49.864358	Speaker	stop	None
2017-02-27 09:44:49.864986	Trial	end	12
2017-02-27 09:44:56.646886	Trial	start	13
2017-02-27 09:44:56.648959	Speaker	play	None
2017-02-27 09:45:02.655423	Speaker	stop	None
2017-02-27 09:45:02.656389	Hopper	up	None
2017-02-27 09:45:14.659958	Hopper	down	None
2017-02-27 09:45:14.962945	Trial	end	13
2017-02-27 09:45:31.710425	Trial	start	14
2017-02-27 09:45:31.712500	Speaker	play	None
2017-02-27 09:45:37.714980	Speaker	stop	None
2017-02-27 09:45:37.716092	Trial	end	14
2017-02-27 09:45:41.908877	Trial	start	15
2017-02-27 09:45:41.911270	Speaker	play	None
2017-02-27 09:45:43.022936	Speaker	stop	None
2017-02-27 09:45:43.023482	Trial	end	15
2017-02-27 09:45:43.025626	Trial	start	16
2017-02-27 09:45:43.027387	Speaker	play	None
2017-02-27 09:45:43.076200	Speaker	stop	None
2017-02-27 09:45:43.077152	Trial	end	16
2017-02-27 09:45:43.077997	Trial	start	17
2017-02-27 09:45:43.080047	Speaker	play	None
2017-02-27 09:45:49.084693	Speaker	stop	None
2017-02-27 09:45:49.085365	Trial	end	17
2017-02-27 09:45:53.438371	Trial	start	18
2017-02-27 09:45:53.440277	Speaker	play	None
2017-02-27 09:45:59.442884	Speaker	stop	None
2017-02-27 09:45:59.445641	Hopper	up	None
2017-02-27 09:46:11.447393	Hopper	down	None
2017-02-27 09:46:11.750307	Trial	end	18
2017-02-27 09:46:32.712307	Trial	start	19
2017-02-27 09:46:32.714741	Speaker	play	None
2017-02-27 09:46:38.720755	Speaker	stop	None
2017-02-27 09:46:38.721359	Trial	end	19
2017-02-27 09:46:42.791759	Trial	start	20
2017-02-27 09:46:42.794313	Speaker	play	None
2017-02-27 09:46:48.800018	Speaker	stop	None
2017-02-27 09:46:48.800823	Hopper	up	None
2017-02-27 09:47:00.804929	Hopper	down	None
2017-02-27 09:47:01.111335	Trial	end	20
2017-02-27 09:47:09.888153	Trial	start	21
2017-02-27 09:47:09.890126	Speaker	play	None
2017-02-27 09:47:15.892392	Speaker	stop	None
2017-02-27 09:47:15.892990	Trial	end	21
2017-02-27 09:47:20.737399	Trial	start	22
2017-02-27 09:47:20.739378	Speaker	play	None
2017-02-27 09:47:26.745724	Speaker	stop	None
2017-02-27 09:47:26.746543	Hopper	up	None
2017-02-27 09:47:38.749836	Hopper	down	None
2017-02-27 09:47:39.052909	Trial	end	22
2017-02-27 09:47:58.900197	Trial	start	23
2017-02-27 09:47:58.902206	Speaker	play	None
2017-02-27 09:48:04.908561	Speaker	stop	None
2017-02-27 09:48:04.909170	Trial	end	23
2017-02-27 09:48:09.348099	Trial	start	24
2017-02-27 09:48:09.350190	Speaker	play	None
2017-02-27 09:48:09.401551	Speaker	stop	None
2017-02-27 09:48:09.402270	Trial	end	24
2017-02-27 09:48:09.402858	Trial	start	25
2017-02-27 09:48:09.404741	Speaker	play	None
2017-02-27 09:48:13.673182	Speaker	stop	None
2017-02-27 09:48:13.673818	Trial	end	25
2017-02-27 09:48:13.674545	Trial	start	26
2017-02-27 09:48:13.676768	Speaker	play	None
2017-02-27 09:48:13.726407	Speaker	stop	None
2017-02-27 09:48:13.726965	Trial	end	26
2017-02-27 09:48:13.727537	Trial	start	27
2017-02-27 09:48:13.730364	Speaker	play	None
2017-02-27 09:48:19.734684	Speaker	stop	None
2017-02-27 09:48:19.735507	Hopper	up	None
2017-02-27 09:48:31.738831	Hopper	down	None
2017-02-27 09:48:32.041955	Trial	end	27
2017-02-27 09:48:41.994254	Trial	start	28
2017-02-27 09:48:41.996231	Speaker	play	None
2017-02-27 09:48:46.130882	Speaker	stop	None
2017-02-27 09:48:46.131448	Trial	end	28
2017-02-27 09:48:46.132025	Trial	start	29
2017-02-27 09:48:46.133838	Speaker	play	None
2017-02-27 09:48:46.180028	Speaker	stop	None
2017-02-27 09:48:46.180648	Trial	end	29
2017-02-27 09:48:46.181244	Trial	start	30
2017-02-27 09:48:46.183286	Speaker	play	None
2017-02-27 09:48:49.587561	Speaker	stop	None
2017-02-27 09:48:49.588082	Trial	end	30
2017-02-27 09:48:49.588647	Trial	start	31
2017-02-27 09:48:49.590395	Speaker	play	None
2017-02-27 09:48:55.595809	Speaker	stop	None
2017-02-27 09:48:55.596665	Hopper	up	None
2017-02-27 09:49:07.599980	Hopper	down	None
2017-02-27 09:49:07.903052	Trial	end	31
2017-02-27 09:49:24.785160	Trial	start	32
2017-02-27 09:49:24.787131	Speaker	play	None
2017-02-27 09:49:30.793608	Speaker	stop	None
2017-02-27 09:49:30.794153	Trial	end	32
2017-02-27 09:49:34.930038	Trial	start	33
2017-02-27 09:49:34.932078	Speaker	play	None
2017-02-27 09:49:38.861937	Speaker	stop	None
2017-02-27 09:49:38.862532	Trial	end	33
2017-02-27 09:49:38.863063	Trial	start	34
2017-02-27 09:49:38.865356	Speaker	play	None
2017-02-27 09:49:44.845765	Speaker	stop	None
2017-02-27 09:49:44.846446	Trial	end	34
2017-02-27 09:49:44.847189	Trial	start	35
2017-02-27 09:49:44.849834	Speaker	play	None
2017-02-27 09:49:50.853906	Speaker	stop	None
2017-02-27 09:49:50.854773	Hopper	up	None
2017-02-27 09:50:02.858121	Hopper	down	None
2017-02-27 09:50:03.161176	Trial	end	35
2017-02-27 09:50:13.441232	Trial	start	36
2017-02-27 09:50:13.443987	Speaker	play	None
2017-02-27 09:50:19.449741	Speaker	stop	None
2017-02-27 09:50:19.450397	Trial	end	36
2017-02-27 09:50:25.764921	Trial	start	37
2017-02-27 09:50:25.767105	Speaker	play	None
2017-02-27 09:50:26.006657	Speaker	stop	None
2017-02-27 09:50:26.007230	Trial	end	37
2017-02-27 09:50:26.007831	Trial	start	38
2017-02-27 09:50:26.009836	Speaker	play	None
2017-02-27 09:50:26.059964	Speaker	stop	None
2017-02-27 09:50:26.060593	Trial	end	38
2017-02-27 09:50:26.061602	Trial	start	39
2017-02-27 09:50:26.063687	Speaker	play	None
2017-02-27 09:50:32.068200	Speaker	stop	None
2017-02-27 09:50:32.069039	Hopper	up	None
2017-02-27 09:50:44.072417	Hopper	down	None
2017-02-27 09:50:44.375492	Trial	end	39
2017-02-27 09:50:57.469203	Trial	start	40
2017-02-27 09:50:57.471188	Speaker	play	None
2017-02-27 09:50:57.522541	Speaker	stop	None
2017-02-27 09:50:57.523059	Trial	end	40
2017-02-27 09:50:57.523646	Trial	start	41
2017-02-27 09:50:57.525511	Speaker	play	None
2017-02-27 09:51:03.530831	Speaker	stop	None
2017-02-27 09:51:03.531400	Trial	end	41
2017-02-27 09:51:05.758774	Trial	start	42
2017-02-27 09:51:05.760727	Speaker	play	None
2017-02-27 09:51:10.386913	Speaker	stop	None
2017-02-27 09:51:10.387422	Trial	end	42
2017-02-27 09:51:10.388037	Trial	start	43
2017-02-27 09:51:10.390380	Speaker	play	None
2017-02-27 09:51:16.395213	Speaker	stop	None
2017-02-27 09:51:16.395758	Trial	end	43
2017-02-27 09:51:19.253989	Trial	start	44
2017-02-27 09:51:19.256044	Speaker	play	None
2017-02-27 09:51:23.775593	Speaker	stop	None
2017-02-27 09:51:23.776176	Trial	end	44
2017-02-27 09:51:23.776918	Trial	start	45
2017-02-27 09:51:23.778830	Speaker	play	None
2017-02-27 09:51:27.477986	Speaker	stop	None
2017-02-27 09:51:27.478560	Trial	end	45
2017-02-27 09:51:27.479161	Trial	start	46
2017-02-27 09:51:27.481082	Speaker	play	None
2017-02-27 09:51:33.486281	Speaker	stop	None
2017-02-27 09:51:33.486854	Trial	end	46
2017-02-27 09:51:38.302734	Trial	start	47
2017-02-27 09:51:38.304840	Speaker	play	None
2017-02-27 09:51:44.311094	Speaker	stop	None
2017-02-27 09:51:44.311956	Hopper	up	None
2017-02-27 09:51:56.315417	Hopper	down	None
2017-02-27 09:51:56.618524	Trial	end	47
2017-02-27 09:52:16.695245	Trial	start	48
2017-02-27 09:52:16.697234	Speaker	play	None
2017-02-27 09:52:16.748682	Speaker	stop	None
2017-02-27 09:52:16.749159	Trial	end	48
2017-02-27 09:52:16.749993	Trial	start	49
2017-02-27 09:52:16.752188	Speaker	play	None
2017-02-27 09:52:22.756818	Speaker	stop	None
2017-02-27 09:52:22.757359	Trial	end	49
2017-02-27 09:52:26.045570	Trial	start	50
2017-02-27 09:52:26.047657	Speaker	play	None
2017-02-27 09:52:29.694901	Speaker	stop	None
2017-02-27 09:52:29.695462	Trial	end	50
2017-02-27 09:52:29.696088	Trial	start	51
2017-02-27 09:52:29.697906	Speaker	play	None
2017-02-27 09:52:29.973408	Speaker	stop	None
2017-02-27 09:52:29.973958	Trial	end	51
2017-02-27 09:52:29.974599	Trial	start	52
2017-02-27 09:52:29.976406	Speaker	play	None
2017-02-27 09:52:30.026628	Speaker	stop	None
2017-02-27 09:52:30.027173	Trial	end	52
2017-02-27 09:52:30.027795	Trial	start	53
2017-02-27 09:52:30.029611	Speaker	play	None
2017-02-27 09:52:33.176222	Speaker	stop	None
2017-02-27 09:52:33.176835	Trial	end	53
2017-02-27 09:52:33.177413	Trial	start	54
2017-02-27 09:52:33.179141	Speaker	play	None
2017-02-27 09:52:34.073141	Speaker	stop	None
2017-02-27 09:52:34.073725	Trial	end	54
2017-02-27 09:52:34.074410	Trial	start	55
2017-02-27 09:52:34.076757	Speaker	play	None
2017-02-27 09:52:34.126472	Speaker	stop	None
2017-02-27 09:52:34.127202	Trial	end	55
2017-02-27 09:52:34.127879	Trial	start	56
2017-02-27 09:52:34.129731	Speaker	play	None
2017-02-27 09:52:39.368786	Speaker	stop	None
2017-02-27 09:52:39.369310	Trial	end	56
2017-02-27 09:52:39.369878	Trial	start	57
2017-02-27 09:52:39.371602	Speaker	play	None
2017-02-27 09:52:39.426139	Speaker	stop	None
2017-02-27 09:52:39.426653	Trial	end	57
2017-02-27 09:52:39.427231	Trial	start	58
2017-02-27 09:52:39.429007	Speaker	play	None
2017-02-27 09:52:45.237856	Speaker	stop	None
2017-02-27 09:52:45.238426	Trial	end	58
2017-02-27 09:52:45.238986	Trial	start	59
2017-02-27 09:52:45.240736	Speaker	play	None
2017-02-27 09:52:51.246146	Speaker	stop	None
2017-02-27 09:52:51.246756	Trial	end	59
2017-02-27 09:52:53.642046	Trial	start	60
2017-02-27 09:52:53.644124	Speaker	play	None
2017-02-27 09:52:59.650450	Speaker	stop	None
2017-02-27 09:52:59.651344	Hopper	up	None
2017-02-27 09:53:11.654715	Hopper	down	None
2017-02-27 09:53:11.957769	Trial	end	60
2017-02-27 09:53:52.582625	Trial	start	61
2017-02-27 09:53:52.585848	Speaker	play	None
2017-02-27 09:53:55.773291	Speaker	stop	None
2017-02-27 09:53:55.773941	Trial	end	61
2017-02-27 09:53:55.774478	Trial	start	62
2017-02-27 09:53:55.776180	Speaker	play	None
2017-02-27 09:54:01.781433	Speaker	stop	None
2017-02-27 09:54:01.782054	Trial	end	62
2017-02-27 09:54:06.454618	Trial	start	63
2017-02-27 09:54:06.458067	Speaker	play	None
2017-02-27 09:54:07.331051	Speaker	stop	None
2017-02-27 09:54:07.332858	Trial	end	63
2017-02-27 09:54:07.333433	Trial	start	64
2017-02-27 09:54:07.335117	Speaker	play	None
2017-02-27 09:54:07.384309	Speaker	stop	None
2017-02-27 09:54:07.385059	Trial	end	64
2017-02-27 09:54:07.385757	Trial	start	65
2017-02-27 09:54:07.388172	Speaker	play	None
2017-02-27 09:54:13.392661	Speaker	stop	None
2017-02-27 09:54:13.393744	Hopper	up	None
2017-02-27 09:54:25.397219	Hopper	down	None
2017-02-27 09:54:25.699948	Trial	end	65
2017-02-27 09:54:49.831559	Trial	start	66
2017-02-27 09:54:49.838322	Speaker	play	None
2017-02-27 09:54:49.888999	Speaker	stop	None
2017-02-27 09:54:49.889566	Trial	end	66
2017-02-27 09:54:49.890166	Trial	start	67
2017-02-27 09:54:49.891926	Speaker	play	None
2017-02-27 09:54:55.897347	Speaker	stop	None
2017-02-27 09:54:55.897881	Trial	end	67
2017-02-27 09:55:01.041404	Trial	start	68
2017-02-27 09:55:01.043786	Speaker	play	None
2017-02-27 09:55:01.090697	Speaker	stop	None
2017-02-27 09:55:01.091241	Trial	end	68
2017-02-27 09:55:01.091840	Trial	start	69
2017-02-27 09:55:01.094208	Speaker	play	None
2017-02-27 09:55:07.099064	Speaker	stop	None
2017-02-27 09:55:07.099703	Trial	end	69
2017-02-27 09:55:11.563174	Trial	start	70
2017-02-27 09:55:11.566395	Speaker	play	None
2017-02-27 09:55:17.571565	Speaker	stop	None
2017-02-27 09:55:17.572374	Hopper	up	None
2017-02-27 09:55:29.575848	Hopper	down	None
2017-02-27 09:55:29.878930	Trial	end	70
2017-02-27 09:55:47.412409	Trial	start	71
2017-02-27 09:55:47.414392	Speaker	play	None
2017-02-27 09:55:53.420816	Speaker	stop	None
2017-02-27 09:55:53.421414	Trial	end	71
2017-02-27 09:55:56.701478	Trial	start	72
2017-02-27 09:55:56.704553	Speaker	play	None
2017-02-27 09:55:57.586236	Speaker	stop	None
2017-02-27 09:55:57.587036	Trial	end	72
2017-02-27 09:55:57.588053	Trial	start	73
2017-02-27 09:55:57.591425	Speaker	play	None
2017-02-27 09:56:01.681860	Speaker	stop	None
2017-02-27 09:56:01.682665	Trial	end	73
2017-02-27 09:56:01.683642	Trial	start	74
2017-02-27 09:56:01.686559	Speaker	play	None
2017-02-27 09:56:07.690125	Speaker	stop	None
2017-02-27 09:56:07.690901	Hopper	up	None
2017-02-27 09:56:19.694453	Hopper	down	None
2017-02-27 09:56:19.997519	Trial	end	74
2017-02-27 09:56:34.348848	Trial	start	75
2017-02-27 09:56:34.351060	Speaker	play	None
2017-02-27 09:56:38.813138	Speaker	stop	None
2017-02-27 09:56:38.813768	Trial	end	75
2017-02-27 09:56:38.814322	Trial	start	76
2017-02-27 09:56:38.816026	Speaker	play	None
2017-02-27 09:56:44.821420	Speaker	stop	None
2017-02-27 09:56:44.822036	Trial	end	76
2017-02-27 09:56:53.250270	Trial	start	77
2017-02-27 09:56:53.253347	Speaker	play	None
2017-02-27 09:56:54.294796	Speaker	stop	None
2017-02-27 09:56:54.295449	Trial	end	77
2017-02-27 09:56:54.296096	Trial	start	78
2017-02-27 09:56:54.298860	Speaker	play	None
2017-02-27 09:56:59.561727	Speaker	stop	None
2017-02-27 09:56:59.562238	Trial	end	78
2017-02-27 09:56:59.562865	Trial	start	79
2017-02-27 09:56:59.564674	Speaker	play	None
2017-02-27 09:57:05.570081	Speaker	stop	None
2017-02-27 09:57:05.570693	Trial	end	79
2017-02-27 09:57:09.084151	Trial	start	80
2017-02-27 09:57:09.086217	Speaker	play	None
2017-02-27 09:57:10.239193	Speaker	stop	None
2017-02-27 09:57:10.239744	Trial	end	80
2017-02-27 09:57:10.240303	Trial	start	81
2017-02-27 09:57:10.242524	Speaker	play	None
2017-02-27 09:57:16.247484	Speaker	stop	None
2017-02-27 09:57:16.248064	Trial	end	81
2017-02-27 09:57:22.657153	Trial	start	82
2017-02-27 09:57:22.659776	Speaker	play	None
2017-02-27 09:57:28.665523	Speaker	stop	None
2017-02-27 09:57:28.666303	Hopper	up	None
2017-02-27 09:57:40.669881	Hopper	down	None
2017-02-27 09:57:40.972936	Trial	end	82
2017-02-27 09:58:03.990660	Trial	start	83
2017-02-27 09:58:03.993179	Speaker	play	None
2017-02-27 09:58:04.941068	Speaker	stop	None
2017-02-27 09:58:04.941973	Trial	end	83
2017-02-27 09:58:04.942577	Trial	start	84
2017-02-27 09:58:04.944366	Speaker	play	None
2017-02-27 09:58:04.990072	Speaker	stop	None
2017-02-27 09:58:04.990575	Trial	end	84
2017-02-27 09:58:04.991295	Trial	start	85
2017-02-27 09:58:04.993659	Speaker	play	None
2017-02-27 09:58:10.998399	Speaker	stop	None
2017-02-27 09:58:10.999023	Trial	end	85
2017-02-27 09:58:15.495316	Trial	start	86
2017-02-27 09:58:15.498016	Speaker	play	None
2017-02-27 09:58:21.503758	Speaker	stop	None
2017-02-27 09:58:21.504614	Hopper	up	None
2017-02-27 09:58:33.508162	Hopper	down	None
2017-02-27 09:58:33.811202	Trial	end	86
2017-02-27 09:59:02.300673	Trial	start	87
2017-02-27 09:59:02.302581	Speaker	play	None
2017-02-27 09:59:03.259147	Speaker	stop	None
2017-02-27 09:59:03.259700	Trial	end	87
2017-02-27 09:59:03.260268	Trial	start	88
2017-02-27 09:59:03.262141	Speaker	play	None
2017-02-27 09:59:03.312386	Speaker	stop	None
2017-02-27 09:59:03.313028	Trial	end	88
2017-02-27 09:59:03.313724	Trial	start	89
2017-02-27 09:59:03.316515	Speaker	play	None
2017-02-27 09:59:03.529641	Speaker	stop	None
2017-02-27 09:59:03.530260	Trial	end	89
2017-02-27 09:59:03.530836	Trial	start	90
2017-02-27 09:59:03.532740	Speaker	play	None
2017-02-27 09:59:09.537809	Speaker	stop	None
2017-02-27 09:59:09.538377	Trial	end	90
2017-02-27 09:59:14.362492	Trial	start	91
2017-02-27 09:59:14.365437	Speaker	play	None
2017-02-27 09:59:15.243139	Speaker	stop	None
2017-02-27 09:59:15.243803	Trial	end	91
2017-02-27 09:59:15.244714	Trial	start	92
2017-02-27 09:59:15.246813	Speaker	play	None
2017-02-27 09:59:21.251416	Speaker	stop	None
2017-02-27 09:59:21.251938	Trial	end	92
2017-02-27 09:59:27.960055	Trial	start	93
2017-02-27 09:59:27.962079	Speaker	play	None
2017-02-27 09:59:33.968457	Speaker	stop	None
2017-02-27 09:59:33.972571	Hopper	up	None
2017-02-27 09:59:45.972859	Hopper	down	None
2017-02-27 09:59:46.275951	Trial	end	93
2017-02-27 09:59:59.468090	Trial	start	94
2017-02-27 09:59:59.470108	Speaker	play	None
2017-02-27 10:00:05.476564	Speaker	stop	None
2017-02-27 10:00:05.477127	Trial	end	94
2017-02-27 10:00:11.517586	Trial	start	95
2017-02-27 10:00:11.519845	Speaker	play	None
2017-02-27 10:00:15.957380	Speaker	stop	None
2017-02-27 10:00:15.957963	Trial	end	95
2017-02-27 10:00:15.958506	Trial	start	96
2017-02-27 10:00:15.960429	Speaker	play	None
2017-02-27 10:00:17.497327	Speaker	stop	None
2017-02-27 10:00:17.497915	Trial	end	96
2017-02-27 10:00:17.498553	Trial	start	97
2017-02-27 10:00:17.500591	Speaker	play	None
2017-02-27 10:00:23.505734	Speaker	stop	None
2017-02-27 10:00:23.506260	Trial	end	97
2017-02-27 10:00:25.967120	Trial	start	98
2017-02-27 10:00:25.970086	Speaker	play	None
2017-02-27 10:00:30.341376	Speaker	stop	None
2017-02-27 10:00:30.341917	Trial	end	98
2017-02-27 10:00:30.342484	Trial	start	99
2017-02-27 10:00:30.344298	Speaker	play	None
2017-02-27 10:00:31.230186	Speaker	stop	None
2017-02-27 10:00:31.230784	Trial	end	99
2017-02-27 10:00:31.231365	Trial	start	100
2017-02-27 10:00:31.233368	Speaker	play	None
2017-02-27 10:00:37.238491	Speaker	stop	None
2017-02-27 10:00:37.239043	Trial	end	100
2017-02-27 10:00:37.910127	Trial	start	101
2017-02-27 10:00:37.912103	Speaker	play	None
2017-02-27 10:00:43.918609	Speaker	stop	None
2017-02-27 10:00:43.919183	Trial	end	101
2017-02-27 10:00:51.475051	Trial	start	102
2017-02-27 10:00:51.477645	Speaker	play	None
2017-02-27 10:00:52.879969	Speaker	stop	None
2017-02-27 10:00:52.880653	Trial	end	102
2017-02-27 10:00:52.881258	Trial	start	103
2017-02-27 10:00:52.883688	Speaker	play	None
2017-02-27 10:00:54.444500	Speaker	stop	None
2017-02-27 10:00:54.445060	Trial	end	103
2017-02-27 10:00:54.445632	Trial	start	104
2017-02-27 10:00:54.447725	Speaker	play	None
2017-02-27 10:01:00.452959	Speaker	stop	None
2017-02-27 10:01:00.453610	Trial	end	104
2017-02-27 10:01:07.394909	Trial	start	105
2017-02-27 10:01:07.396904	Speaker	play	None
2017-02-27 10:01:08.533641	Speaker	stop	None
2017-02-27 10:01:08.534191	Trial	end	105
2017-02-27 10:01:08.534755	Trial	start	106
2017-02-27 10:01:08.536576	Speaker	play	None
2017-02-27 10:01:08.582750	Speaker	stop	None
2017-02-27 10:01:08.583477	Trial	end	106
2017-02-27 10:01:08.584224	Trial	start	107
2017-02-27 10:01:08.587059	Speaker	play	None
2017-02-27 10:01:09.799344	Speaker	stop	None
2017-02-27 10:01:09.800401	Trial	end	107
2017-02-27 10:01:09.801115	Trial	start	108
2017-02-27 10:01:09.802872	Speaker	play	None
2017-02-27 10:01:10.958259	Speaker	stop	None
2017-02-27 10:01:10.958997	Trial	end	108
2017-02-27 10:01:10.959817	Trial	start	109
2017-02-27 10:01:10.962893	Speaker	play	None
2017-02-27 10:01:16.966708	Speaker	stop	None
2017-02-27 10:01:16.967492	Trial	end	109
2017-02-27 10:01:23.040405	Trial	start	110
2017-02-27 10:01:23.042330	Speaker	play	None
2017-02-27 10:01:24.322444	Speaker	stop	None
2017-02-27 10:01:24.322979	Trial	end	110
2017-02-27 10:01:24.323560	Trial	start	111
2017-02-27 10:01:24.325452	Speaker	play	None
2017-02-27 10:01:30.330801	Speaker	stop	None
2017-02-27 10:01:30.331559	Trial	end	111
2017-02-27 10:01:35.167774	Trial	start	112
2017-02-27 10:01:35.170388	Speaker	play	None
2017-02-27 10:01:36.056580	Speaker	stop	None
2017-02-27 10:01:36.057131	Trial	end	112
2017-02-27 10:01:36.057704	Trial	start	113
2017-02-27 10:01:36.059539	Speaker	play	None
2017-02-27 10:01:37.875229	Speaker	stop	None
2017-02-27 10:01:37.876282	Trial	end	113
2017-02-27 10:01:37.877995	Trial	start	114
2017-02-27 10:01:37.881461	Speaker	play	None
2017-02-27 10:01:43.244552	Speaker	stop	None
2017-02-27 10:01:43.245167	Trial	end	114
2017-02-27 10:01:43.245933	Trial	start	115
2017-02-27 10:01:43.247932	Speaker	play	None
2017-02-27 10:01:49.252822	Speaker	stop	None
2017-02-27 10:01:49.253420	Trial	end	115
2017-02-27 10:01:53.794887	Trial	start	116
2017-02-27 10:01:53.796887	Speaker	play	None
2017-02-27 10:01:59.799308	Speaker	stop	None
2017-02-27 10:01:59.800008	Trial	end	116
2017-02-27 10:02:06.372698	Trial	start	117
2017-02-27 10:02:06.374728	Speaker	play	None
2017-02-27 10:02:12.377032	Speaker	stop	None
2017-02-27 10:02:12.377570	Trial	end	117
2017-02-27 10:02:12.888888	Trial	start	118
2017-02-27 10:02:12.891582	Speaker	play	None
2017-02-27 10:02:12.946364	Speaker	stop	None
2017-02-27 10:02:12.947013	Trial	end	118
2017-02-27 10:02:12.947749	Trial	start	119
2017-02-27 10:02:12.950673	Speaker	play	None
2017-02-27 10:02:18.139711	Speaker	stop	None
2017-02-27 10:02:18.140494	Trial	end	119
2017-02-27 10:02:18.143035	Trial	start	120
2017-02-27 10:02:18.145117	Speaker	play	None
2017-02-27 10:02:19.528251	Speaker	stop	None
2017-02-27 10:02:19.529061	Trial	end	120
2017-02-27 10:02:19.529677	Trial	start	121
2017-02-27 10:02:19.531585	Speaker	play	None
2017-02-27 10:02:25.536670	Speaker	stop	None
2017-02-27 10:02:25.537220	Trial	end	121
2017-02-27 10:02:26.932974	Trial	start	122
2017-02-27 10:02:26.934999	Speaker	play	None
2017-02-27 10:02:32.941457	Speaker	stop	None
2017-02-27 10:02:32.942091	Trial	end	122
2017-02-27 10:02:40.895246	Trial	start	123
2017-02-27 10:02:40.897754	Speaker	play	None
2017-02-27 10:02:46.473597	Speaker	stop	None
2017-02-27 10:02:46.474134	Trial	end	123
2017-02-27 10:02:46.474739	Trial	start	124
2017-02-27 10:02:46.476668	Speaker	play	None
2017-02-27 10:02:46.535015	Speaker	stop	None
2017-02-27 10:02:46.535529	Trial	end	124
2017-02-27 10:02:46.536212	Trial	start	125
2017-02-27 10:02:46.538187	Speaker	play	None
2017-02-27 10:02:52.543329	Speaker	stop	None
2017-02-27 10:02:52.543907	Trial	end	125
2017-02-27 10:02:53.489409	Trial	start	126
2017-02-27 10:02:53.492649	Speaker	play	None
2017-02-27 10:02:59.497816	Speaker	stop	None
2017-02-27 10:02:59.498638	Hopper	up	None
2017-02-27 10:03:11.502229	Hopper	down	None
2017-02-27 10:03:11.805336	Trial	end	126
2017-02-27 10:03:34.524083	Trial	start	127
2017-02-27 10:03:34.526301	Speaker	play	None
2017-02-27 10:03:40.532578	Speaker	stop	None
2017-02-27 10:03:40.533325	Trial	end	127
2017-02-27 10:03:47.097814	Trial	start	128
2017-02-27 10:03:47.113530	Speaker	play	None
2017-02-27 10:03:48.900060	Speaker	stop	None
2017-02-27 10:03:48.900953	Trial	end	128
2017-02-27 10:03:48.901729	Trial	start	129
2017-02-27 10:03:48.903827	Speaker	play	None
2017-02-27 10:03:54.908326	Speaker	stop	None
2017-02-27 10:03:54.908935	Trial	end	129
2017-02-27 10:04:02.489377	Trial	start	130
2017-02-27 10:04:02.491309	Speaker	play	None
2017-02-27 10:04:08.493716	Speaker	stop	None
2017-02-27 10:04:08.494262	Trial	end	130
2017-02-27 10:04:15.026286	Trial	start	131
2017-02-27 10:04:15.028419	Speaker	play	None
2017-02-27 10:04:21.034763	Speaker	stop	None
2017-02-27 10:04:21.035551	Trial	end	131
2017-02-27 10:04:31.245154	Trial	start	132
2017-02-27 10:04:31.248645	Speaker	play	None
2017-02-27 10:04:37.253941	Speaker	stop	None
2017-02-27 10:04:37.255506	Trial	end	132
2017-02-27 10:04:50.740642	Trial	start	133
2017-02-27 10:04:50.742595	Speaker	play	None
2017-02-27 10:04:52.399555	Speaker	stop	None
2017-02-27 10:04:52.400600	Trial	end	133
2017-02-27 10:04:52.401411	Trial	start	134
2017-02-27 10:04:52.404431	Speaker	play	None
2017-02-27 10:04:53.394990	Speaker	stop	None
2017-02-27 10:04:53.396104	Trial	end	134
2017-02-27 10:04:53.397380	Trial	start	135
2017-02-27 10:04:53.401358	Speaker	play	None
2017-02-27 10:04:59.407186	Speaker	stop	None
2017-02-27 10:04:59.407753	Trial	end	135
2017-02-27 10:05:04.223636	Trial	start	136
2017-02-27 10:05:04.225727	Speaker	play	None
2017-02-27 10:05:10.232175	Speaker	stop	None
2017-02-27 10:05:10.233288	Hopper	up	None
2017-02-27 10:05:22.236497	Hopper	down	None
2017-02-27 10:05:22.539536	Trial	end	136
2017-02-27 10:05:50.574623	Trial	start	137
2017-02-27 10:05:50.576711	Speaker	play	None
2017-02-27 10:05:56.583067	Speaker	stop	None
2017-02-27 10:05:56.583956	Trial	end	137
2017-02-27 10:06:06.371579	Trial	start	138
2017-02-27 10:06:06.374209	Speaker	play	None
2017-02-27 10:06:12.380060	Speaker	stop	None
2017-02-27 10:06:12.380884	Hopper	up	None
2017-02-27 10:06:24.384443	Hopper	down	None
2017-02-27 10:06:24.687541	Trial	end	138
2017-02-27 10:07:11.484854	Trial	start	139
2017-02-27 10:07:11.487697	Speaker	play	None
2017-02-27 10:07:17.493297	Speaker	stop	None
2017-02-27 10:07:17.493918	Trial	end	139
2017-02-27 10:07:22.952813	Trial	start	140
2017-02-27 10:07:22.955088	Speaker	play	None
2017-02-27 10:07:27.146957	Speaker	stop	None
2017-02-27 10:07:27.147713	Trial	end	140
2017-02-27 10:07:27.148367	Trial	start	141
2017-02-27 10:07:27.150688	Speaker	play	None
2017-02-27 10:07:27.204223	Speaker	stop	None
2017-02-27 10:07:27.204771	Trial	end	141
2017-02-27 10:07:27.205308	Trial	start	142
2017-02-27 10:07:27.207116	Speaker	play	None
2017-02-27 10:07:28.428837	Speaker	stop	None
2017-02-27 10:07:28.429362	Trial	end	142
2017-02-27 10:07:28.429927	Trial	start	143
2017-02-27 10:07:28.431694	Speaker	play	None
2017-02-27 10:07:28.486186	Speaker	stop	None
2017-02-27 10:07:28.486797	Trial	end	143
2017-02-27 10:07:28.487539	Trial	start	144
2017-02-27 10:07:28.490001	Speaker	play	None
2017-02-27 10:07:31.832332	Speaker	stop	None
2017-02-27 10:07:31.832953	Trial	end	144
2017-02-27 10:07:31.833823	Trial	start	145
2017-02-27 10:07:31.835647	Speaker	play	None
2017-02-27 10:07:37.840672	Speaker	stop	None
2017-02-27 10:07:37.841203	Trial	end	145
2017-02-27 10:07:40.040004	Trial	start	146
2017-02-27 10:07:40.042053	Speaker	play	None
2017-02-27 10:07:46.048438	Speaker	stop	None
2017-02-27 10:07:46.049055	Trial	end	146
2017-02-27 10:07:46.408804	Trial	start	147
2017-02-27 10:07:46.410784	Speaker	play	None
2017-02-27 10:07:52.413203	Speaker	stop	None
2017-02-27 10:07:52.413969	Hopper	up	None
2017-02-27 10:08:04.417495	Hopper	down	None
2017-02-27 10:08:04.720606	Trial	end	147
2017-02-27 10:08:16.528540	Trial	start	148
2017-02-27 10:08:16.531028	Speaker	play	None
2017-02-27 10:08:17.564776	Speaker	stop	None
2017-02-27 10:08:17.565335	Trial	end	148
2017-02-27 10:08:17.565950	Trial	start	149
2017-02-27 10:08:17.567804	Speaker	play	None
2017-02-27 10:08:23.573232	Speaker	stop	None
2017-02-27 10:08:23.573935	Trial	end	149
2017-02-27 10:08:32.481281	Trial	start	150
2017-02-27 10:08:32.483678	Speaker	play	None
2017-02-27 10:08:33.583079	Speaker	stop	None
2017-02-27 10:08:33.583622	Trial	end	150
2017-02-27 10:08:33.584169	Trial	start	151
2017-02-27 10:08:33.585883	Speaker	play	None
2017-02-27 10:08:39.390794	Speaker	stop	None
2017-02-27 10:08:39.391353	Trial	end	151
2017-02-27 10:08:39.391910	Trial	start	152
2017-02-27 10:08:39.393655	Speaker	play	None
2017-02-27 10:08:40.897911	Speaker	stop	None
2017-02-27 10:08:40.898381	Trial	end	152
2017-02-27 10:08:40.898992	Trial	start	153
2017-02-27 10:08:40.900832	Speaker	play	None
2017-02-27 10:08:42.712348	Speaker	stop	None
2017-02-27 10:08:42.712989	Trial	end	153
2017-02-27 10:08:42.713898	Trial	start	154
2017-02-27 10:08:42.715988	Speaker	play	None
2017-02-27 10:08:48.720656	Speaker	stop	None
2017-02-27 10:08:48.721453	Hopper	up	None
2017-02-27 10:09:00.725096	Hopper	down	None
2017-02-27 10:09:01.028203	Trial	end	154
2017-02-27 10:09:41.497697	Trial	start	155
2017-02-27 10:09:41.499967	Speaker	play	None
2017-02-27 10:09:47.506289	Speaker	stop	None
2017-02-27 10:09:47.507310	Trial	end	155
2017-02-27 10:09:55.152700	Trial	start	156
2017-02-27 10:09:55.154729	Speaker	play	None
2017-02-27 10:10:01.161143	Speaker	stop	None
2017-02-27 10:10:01.161716	Trial	end	156
2017-02-27 10:10:01.382289	Trial	start	157
2017-02-27 10:10:01.384248	Speaker	play	None
2017-02-27 10:10:02.271164	Speaker	stop	None
2017-02-27 10:10:02.271854	Trial	end	157
2017-02-27 10:10:02.272627	Trial	start	158
2017-02-27 10:10:02.275287	Speaker	play	None
2017-02-27 10:10:07.087640	Speaker	stop	None
2017-02-27 10:10:07.088216	Trial	end	158
2017-02-27 10:10:07.088869	Trial	start	159
2017-02-27 10:10:07.090673	Speaker	play	None
2017-02-27 10:10:07.140934	Speaker	stop	None
2017-02-27 10:10:07.141464	Trial	end	159
2017-02-27 10:10:07.142070	Trial	start	160
2017-02-27 10:10:07.143866	Speaker	play	None
2017-02-27 10:10:07.972411	Speaker	stop	None
2017-02-27 10:10:07.973186	Trial	end	160
2017-02-27 10:10:07.973982	Trial	start	161
2017-02-27 10:10:07.976120	Speaker	play	None
2017-02-27 10:10:13.980685	Speaker	stop	None
2017-02-27 10:10:13.981500	Hopper	up	None
2017-02-27 10:10:25.985117	Hopper	down	None
2017-02-27 10:10:26.288224	Trial	end	161
2017-02-27 10:13:36.184970	Trial	start	162
2017-02-27 10:13:36.186914	Speaker	play	None
2017-02-27 10:13:40.608507	Speaker	stop	None
2017-02-27 10:13:40.609283	Trial	end	162
2017-02-27 10:13:40.610135	Trial	start	163
2017-02-27 10:13:40.613042	Speaker	play	None
2017-02-27 10:13:46.616772	Speaker	stop	None
2017-02-27 10:13:46.617320	Trial	end	163
2017-02-27 10:13:58.105189	Trial	start	164
2017-02-27 10:13:58.107799	Speaker	play	None
2017-02-27 10:14:04.113641	Speaker	stop	None
2017-02-27 10:14:04.114205	Trial	end	164
2017-02-27 10:14:50.333520	Trial	start	165
2017-02-27 10:14:50.336612	Speaker	play	None
2017-02-27 10:14:52.090600	Speaker	stop	None
2017-02-27 10:14:52.091196	Trial	end	165
2017-02-27 10:14:52.094156	Trial	start	166
2017-02-27 10:14:52.097468	Speaker	play	None
2017-02-27 10:14:58.103065	Speaker	stop	None
2017-02-27 10:14:58.103915	Hopper	up	None
2017-02-27 10:15:10.107556	Hopper	down	None
2017-02-27 10:15:10.410601	Trial	end	166
2017-02-27 10:16:00.234670	Trial	start	167
2017-02-27 10:16:00.236798	Speaker	play	None
2017-02-27 10:16:06.239111	Speaker	stop	None
2017-02-27 10:16:06.239691	Trial	end	167
2017-02-27 10:16:15.671386	Trial	start	168
2017-02-27 10:16:15.674562	Speaker	play	None
2017-02-27 10:16:16.756968	Speaker	stop	None
2017-02-27 10:16:16.757699	Trial	end	168
2017-02-27 10:16:16.758301	Trial	start	169
2017-02-27 10:16:16.760072	Speaker	play	None
2017-02-27 10:16:16.810033	Speaker	stop	None
2017-02-27 10:16:16.810651	Trial	end	169
2017-02-27 10:16:16.811219	Trial	start	170
2017-02-27 10:16:16.812995	Speaker	play	None
2017-02-27 10:16:22.818407	Speaker	stop	None
2017-02-27 10:16:22.819122	Trial	end	170
2017-02-27 10:16:30.665712	Trial	start	171
2017-02-27 10:16:30.667817	Speaker	play	None
2017-02-27 10:16:36.674294	Speaker	stop	None
2017-02-27 10:16:36.675050	Hopper	up	None
2017-02-27 10:16:48.678537	Hopper	down	None
2017-02-27 10:16:48.981666	Trial	end	171
2017-02-27 10:17:12.187916	Trial	start	172
2017-02-27 10:17:12.191294	Speaker	play	None
2017-02-27 10:17:18.196296	Speaker	stop	None
2017-02-27 10:17:18.197084	Hopper	up	None
2017-02-27 10:17:30.200808	Hopper	down	None
2017-02-27 10:17:30.503808	Trial	end	172
2017-02-27 13:02:26.016333	Trial	start	173
2017-02-27 13:02:26.018409	Speaker	play	None
2017-02-27 13:02:32.024889	Speaker	stop	None
2017-02-27 13:02:32.025575	Trial	end	173
2017-02-27 13:02:39.712567	Trial	start	174
2017-02-27 13:02:39.714687	Speaker	play	None
2017-02-27 13:02:39.761614	Speaker	stop	None
2017-02-27 13:02:39.762146	Trial	end	174
2017-02-27 13:02:39.762715	Trial	start	175
2017-02-27 13:02:39.764674	Speaker	play	None
2017-02-27 13:02:45.770135	Speaker	stop	None
2017-02-27 13:02:45.770689	Trial	end	175
2017-02-27 13:02:49.022052	Trial	start	176
2017-02-27 13:02:49.024692	Speaker	play	None
2017-02-27 13:02:52.917182	Speaker	stop	None
2017-02-27 13:02:52.917744	Trial	end	176
2017-02-27 13:02:52.918310	Trial	start	177
2017-02-27 13:02:52.920187	Speaker	play	None
2017-02-27 13:02:52.970386	Speaker	stop	None
2017-02-27 13:02:52.970877	Trial	end	177
2017-02-27 13:02:52.971498	Trial	start	178
2017-02-27 13:02:52.973344	Speaker	play	None
2017-02-27 13:02:58.978938	Speaker	stop	None
2017-02-27 13:02:58.979994	Hopper	up	None
2017-02-27 13:03:10.983291	Hopper	down	None
2017-02-27 13:03:11.286472	Trial	end	178
2017-02-27 13:03:29.135654	Trial	start	179
2017-02-27 13:03:29.137840	Speaker	play	None
2017-02-27 13:03:29.258523	Speaker	stop	None
2017-02-27 13:03:29.259067	Trial	end	179
2017-02-27 13:03:29.259673	Trial	start	180
2017-02-27 13:03:29.262348	Speaker	play	None
2017-02-27 13:03:29.311785	Speaker	stop	None
2017-02-27 13:03:29.312500	Trial	end	180
2017-02-27 13:03:29.313293	Trial	start	181
2017-02-27 13:03:29.317006	Speaker	play	None
2017-02-27 13:03:30.135023	Speaker	stop	None
2017-02-27 13:03:30.135546	Trial	end	181
2017-02-27 13:03:30.136112	Trial	start	182
2017-02-27 13:03:30.137918	Speaker	play	None
2017-02-27 13:03:33.628791	Speaker	stop	None
2017-02-27 13:03:33.629723	Trial	end	182
2017-02-27 13:03:33.630994	Trial	start	183
2017-02-27 13:03:33.634937	Speaker	play	None
2017-02-27 13:03:39.641207	Speaker	stop	None
2017-02-27 13:03:39.641865	Trial	end	183
2017-02-27 13:03:40.603593	Trial	start	184
2017-02-27 13:03:40.605545	Speaker	play	None
2017-02-27 13:03:43.454308	Speaker	stop	None
2017-02-27 13:03:43.454905	Trial	end	184
2017-02-27 13:03:43.455439	Trial	start	185
2017-02-27 13:03:43.457177	Speaker	play	None
2017-02-27 13:03:43.507527	Speaker	stop	None
2017-02-27 13:03:43.508064	Trial	end	185
2017-02-27 13:03:43.508647	Trial	start	186
2017-02-27 13:03:43.510390	Speaker	play	None
2017-02-27 13:03:49.516009	Speaker	stop	None
2017-02-27 13:03:49.516584	Trial	end	186
2017-02-27 13:04:27.856035	Trial	start	187
2017-02-27 13:04:27.858073	Speaker	play	None
2017-02-27 13:04:28.765387	Speaker	stop	None
2017-02-27 13:04:28.765964	Trial	end	187
2017-02-27 13:04:28.766538	Trial	start	188
2017-02-27 13:04:28.768248	Speaker	play	None
2017-02-27 13:04:28.814541	Speaker	stop	None
2017-02-27 13:04:28.815075	Trial	end	188
2017-02-27 13:04:28.815717	Trial	start	189
2017-02-27 13:04:28.817593	Speaker	play	None
2017-02-27 13:04:32.414671	Speaker	stop	None
2017-02-27 13:04:32.415230	Trial	end	189
2017-02-27 13:04:32.415839	Trial	start	190
2017-02-27 13:04:32.418634	Speaker	play	None
2017-02-27 13:04:32.463801	Speaker	stop	None
2017-02-27 13:04:32.464347	Trial	end	190
2017-02-27 13:04:32.464979	Trial	start	191
2017-02-27 13:04:32.467713	Speaker	play	None
2017-02-27 13:04:38.472174	Speaker	stop	None
2017-02-27 13:04:38.472745	Trial	end	191
2017-02-27 13:04:41.113882	Trial	start	192
2017-02-27 13:04:41.115918	Speaker	play	None
2017-02-27 13:04:41.171309	Speaker	stop	None
2017-02-27 13:04:41.171827	Trial	end	192
2017-02-27 13:04:41.172429	Trial	start	193
2017-02-27 13:04:41.174600	Speaker	play	None
2017-02-27 13:04:47.179746	Speaker	stop	None
2017-02-27 13:04:47.180495	Hopper	up	None
2017-02-27 13:04:59.184251	Hopper	down	None
2017-02-27 13:04:59.487292	Trial	end	193
2017-02-27 13:08:40.652747	Trial	start	194
2017-02-27 13:08:40.654707	Speaker	play	None
2017-02-27 13:08:46.657063	Speaker	stop	None
2017-02-27 13:08:46.657623	Trial	end	194
2017-02-27 13:08:51.146026	Trial	start	195
2017-02-27 13:08:51.148169	Speaker	play	None
2017-02-27 13:08:52.739485	Speaker	stop	None
2017-02-27 13:08:52.740441	Trial	end	195
2017-02-27 13:08:52.741675	Trial	start	196
2017-02-27 13:08:52.744909	Speaker	play	None
2017-02-27 13:08:53.787838	Speaker	stop	None
2017-02-27 13:08:53.788430	Trial	end	196
2017-02-27 13:08:53.789063	Trial	start	197
2017-02-27 13:08:53.790847	Speaker	play	None
2017-02-27 13:08:59.796160	Speaker	stop	None
2017-02-27 13:08:59.796837	Trial	end	197
2017-02-27 13:09:04.313852	Trial	start	198
2017-02-27 13:09:04.315831	Speaker	play	None
2017-02-27 13:09:10.318364	Speaker	stop	None
2017-02-27 13:09:10.318914	Trial	end	198
2017-02-27 13:09:21.200460	Trial	start	199
2017-02-27 13:09:21.202516	Speaker	play	None
2017-02-27 13:09:27.208995	Speaker	stop	None
2017-02-27 13:09:27.209846	Hopper	up	None
2017-02-27 13:09:39.213453	Hopper	down	None
2017-02-27 13:09:39.516559	Trial	end	199
2017-02-27 13:09:54.220270	Trial	start	200
2017-02-27 13:09:54.222337	Speaker	play	None
2017-02-27 13:09:54.277630	Speaker	stop	None
2017-02-27 13:09:54.278236	Trial	end	200
2017-02-27 13:09:54.278840	Trial	start	201
2017-02-27 13:09:54.281102	Speaker	play	None
2017-02-27 13:10:00.286069	Speaker	stop	None
2017-02-27 13:10:00.286647	Trial	end	201
2017-02-27 13:10:03.112031	Trial	start	202
2017-02-27 13:10:03.114045	Speaker	play	None
2017-02-27 13:10:04.005020	Speaker	stop	None
2017-02-27 13:10:04.005647	Trial	end	202
2017-02-27 13:10:04.006461	Trial	start	203
2017-02-27 13:10:04.009419	Speaker	play	None
2017-02-27 13:10:04.058263	Speaker	stop	None
2017-02-27 13:10:04.059070	Trial	end	203
2017-02-27 13:10:04.060100	Trial	start	204
2017-02-27 13:10:04.062595	Speaker	play	None
2017-02-27 13:10:04.181170	Speaker	stop	None
2017-02-27 13:10:04.181782	Trial	end	204
2017-02-27 13:10:04.182482	Trial	start	205
2017-02-27 13:10:04.184927	Speaker	play	None
2017-02-27 13:10:04.230392	Speaker	stop	None
2017-02-27 13:10:04.231014	Trial	end	205
2017-02-27 13:10:04.231649	Trial	start	206
2017-02-27 13:10:04.233553	Speaker	play	None
2017-02-27 13:10:08.567669	Speaker	stop	None
2017-02-27 13:10:08.568434	Trial	end	206
2017-02-27 13:10:08.569161	Trial	start	207
2017-02-27 13:10:08.571047	Speaker	play	None
2017-02-27 13:10:08.682355	Speaker	stop	None
2017-02-27 13:10:08.683058	Trial	end	207
2017-02-27 13:10:08.683670	Trial	start	208
2017-02-27 13:10:08.685866	Speaker	play	None
2017-02-27 13:10:08.731513	Speaker	stop	None
2017-02-27 13:10:08.732138	Trial	end	208
2017-02-27 13:10:08.732909	Trial	start	209
2017-02-27 13:10:08.735562	Speaker	play	None
2017-02-27 13:10:14.739918	Speaker	stop	None
2017-02-27 13:10:14.740450	Trial	end	209
2017-02-27 13:10:20.437086	Trial	start	210
2017-02-27 13:10:20.439037	Speaker	play	None
2017-02-27 13:10:26.445539	Speaker	stop	None
2017-02-27 13:10:26.446177	Trial	end	210
2017-02-27 13:10:32.458002	Trial	start	211
2017-02-27 13:10:32.459938	Speaker	play	None
2017-02-27 13:10:33.514995	Speaker	stop	None
2017-02-27 13:10:33.516397	Trial	end	211
2017-02-27 13:10:33.517537	Trial	start	212
2017-02-27 13:10:33.521597	Speaker	play	None
2017-02-27 13:10:36.525411	Speaker	stop	None
2017-02-27 13:10:36.526738	Trial	end	212
2017-02-27 13:10:36.528294	Trial	start	213
2017-02-27 13:10:36.533770	Speaker	play	None
2017-02-27 13:10:37.549144	Speaker	stop	None
2017-02-27 13:10:37.549884	Trial	end	213
2017-02-27 13:10:37.552297	Trial	start	214
2017-02-27 13:10:37.554815	Speaker	play	None
2017-02-27 13:10:37.598252	Speaker	stop	None
2017-02-27 13:10:37.598895	Trial	end	214
2017-02-27 13:10:37.599616	Trial	start	215
2017-02-27 13:10:37.602335	Speaker	play	None
2017-02-27 13:10:43.606620	Speaker	stop	None
2017-02-27 13:10:43.607455	Hopper	up	None
2017-02-27 13:10:55.611183	Hopper	down	None
2017-02-27 13:10:55.914239	Trial	end	215
2017-02-27 13:12:15.527132	Trial	start	216
2017-02-27 13:12:15.529058	Speaker	play	None
2017-02-27 13:12:21.531497	Speaker	stop	None
2017-02-27 13:12:21.532271	Hopper	up	None
2017-02-27 13:12:33.536107	Hopper	down	None
2017-02-27 13:12:33.839103	Trial	end	216
2017-02-27 13:12:50.607090	Trial	start	217
2017-02-27 13:12:50.609120	Speaker	play	None
2017-02-27 13:12:50.660375	Speaker	stop	None
2017-02-27 13:12:50.660937	Trial	end	217
2017-02-27 13:12:50.661514	Trial	start	218
2017-02-27 13:12:50.663576	Speaker	play	None
2017-02-27 13:12:52.487082	Speaker	stop	None
2017-02-27 13:12:52.487629	Trial	end	218
2017-02-27 13:12:52.488243	Trial	start	219
2017-02-27 13:12:52.490503	Speaker	play	None
2017-02-27 13:12:55.960294	Speaker	stop	None
2017-02-27 13:12:55.960880	Trial	end	219
2017-02-27 13:12:55.961485	Trial	start	220
2017-02-27 13:12:55.963304	Speaker	play	None
2017-02-27 13:13:01.968694	Speaker	stop	None
2017-02-27 13:13:01.969463	Hopper	up	None
2017-02-27 13:13:13.973233	Hopper	down	None
2017-02-27 13:13:14.276350	Trial	end	220
2017-02-27 13:13:41.017371	Trial	start	221
2017-02-27 13:13:41.019285	Speaker	play	None
2017-02-27 13:13:41.074842	Speaker	stop	None
2017-02-27 13:13:41.075385	Trial	end	221
2017-02-27 13:13:41.075948	Trial	start	222
2017-02-27 13:13:41.077736	Speaker	play	None
2017-02-27 13:13:47.083229	Speaker	stop	None
2017-02-27 13:13:47.084033	Hopper	up	None
2017-02-27 13:13:59.087734	Hopper	down	None
2017-02-27 13:13:59.390820	Trial	end	222
2017-02-27 13:14:10.498516	Trial	start	223
2017-02-27 13:14:10.504538	Speaker	play	None
2017-02-27 13:14:11.334168	Speaker	stop	None
2017-02-27 13:14:11.334843	Trial	end	223
2017-02-27 13:14:11.335536	Trial	start	224
2017-02-27 13:14:11.338292	Speaker	play	None
2017-02-27 13:14:11.375129	Speaker	stop	None
2017-02-27 13:14:11.375871	Trial	end	224
2017-02-27 13:14:11.376512	Trial	start	225
2017-02-27 13:14:11.378459	Speaker	play	None
2017-02-27 13:14:17.383472	Speaker	stop	None
2017-02-27 13:14:17.384288	Hopper	up	None
2017-02-27 13:14:29.388000	Hopper	down	None
2017-02-27 13:14:29.691067	Trial	end	225
2017-02-27 13:14:52.303612	Trial	start	226
2017-02-27 13:14:52.306449	Speaker	play	None
2017-02-27 13:14:52.975470	Speaker	stop	None
2017-02-27 13:14:52.975971	Trial	end	226
2017-02-27 13:14:52.976588	Trial	start	227
2017-02-27 13:14:52.978562	Speaker	play	None
2017-02-27 13:14:58.983840	Speaker	stop	None
2017-02-27 13:14:58.984379	Trial	end	227
2017-02-27 13:15:08.420357	Trial	start	228
2017-02-27 13:15:08.422784	Speaker	play	None
2017-02-27 13:15:14.428857	Speaker	stop	None
2017-02-27 13:15:14.429675	Hopper	up	None
2017-02-27 13:15:26.433410	Hopper	down	None
2017-02-27 13:15:26.736541	Trial	end	228
2017-02-27 13:15:40.129522	Trial	start	229
2017-02-27 13:15:40.132221	Speaker	play	None
2017-02-27 13:15:40.182940	Speaker	stop	None
2017-02-27 13:15:40.183663	Trial	end	229
2017-02-27 13:15:40.184386	Trial	start	230
2017-02-27 13:15:40.187194	Speaker	play	None
2017-02-27 13:15:42.185675	Speaker	stop	None
2017-02-27 13:15:42.186906	Trial	end	230
2017-02-27 13:15:42.187569	Trial	start	231
2017-02-27 13:15:42.189356	Speaker	play	None
2017-02-27 13:15:48.194174	Speaker	stop	None
2017-02-27 13:15:48.194904	Hopper	up	None
2017-02-27 13:16:00.198632	Hopper	down	None
2017-02-27 13:16:00.501719	Trial	end	231
2017-02-27 13:16:30.986263	Trial	start	232
2017-02-27 13:16:30.988853	Speaker	play	None
2017-02-27 13:16:32.043125	Speaker	stop	None
2017-02-27 13:16:32.043677	Trial	end	232
2017-02-27 13:16:32.044373	Trial	start	233
2017-02-27 13:16:32.046262	Speaker	play	None
2017-02-27 13:16:38.051445	Speaker	stop	None
2017-02-27 13:16:38.052009	Trial	end	233
2017-02-27 13:16:42.605874	Trial	start	234
2017-02-27 13:16:42.607886	Speaker	play	None
2017-02-27 13:16:42.987013	Speaker	stop	None
2017-02-27 13:16:42.987572	Trial	end	234
2017-02-27 13:16:42.988310	Trial	start	235
2017-02-27 13:16:42.990253	Speaker	play	None
2017-02-27 13:16:43.044257	Speaker	stop	None
2017-02-27 13:16:43.044928	Trial	end	235
2017-02-27 13:16:43.045775	Trial	start	236
2017-02-27 13:16:43.051510	Speaker	play	None
2017-02-27 13:16:49.056703	Speaker	stop	None
2017-02-27 13:16:49.057238	Trial	end	236
2017-02-27 13:16:52.144824	Trial	start	237
2017-02-27 13:16:52.147532	Speaker	play	None
2017-02-27 13:16:52.198157	Speaker	stop	None
2017-02-27 13:16:52.198684	Trial	end	237
2017-02-27 13:16:52.199302	Trial	start	238
2017-02-27 13:16:52.201121	Speaker	play	None
2017-02-27 13:16:58.206616	Speaker	stop	None
2017-02-27 13:16:58.207187	Trial	end	238
2017-02-27 13:17:04.014308	Trial	start	239
2017-02-27 13:17:04.016791	Speaker	play	None
2017-02-27 13:17:08.257544	Speaker	stop	None
2017-02-27 13:17:08.258050	Trial	end	239
2017-02-27 13:17:08.258618	Trial	start	240
2017-02-27 13:17:08.260321	Speaker	play	None
2017-02-27 13:17:08.314874	Speaker	stop	None
2017-02-27 13:17:08.315396	Trial	end	240
2017-02-27 13:17:08.315998	Trial	start	241
2017-02-27 13:17:08.317684	Speaker	play	None
2017-02-27 13:17:09.191395	Speaker	stop	None
2017-02-27 13:17:09.191945	Trial	end	241
2017-02-27 13:17:09.194247	Trial	start	242
2017-02-27 13:17:09.196012	Speaker	play	None
2017-02-27 13:17:15.199816	Speaker	stop	None
2017-02-27 13:17:15.200600	Hopper	up	None
2017-02-27 13:17:27.204336	Hopper	down	None
2017-02-27 13:17:27.507397	Trial	end	242
2017-02-27 13:17:52.458630	Trial	start	243
2017-02-27 13:17:52.461298	Speaker	play	None
2017-02-27 13:17:58.467299	Speaker	stop	None
2017-02-27 13:17:58.468144	Trial	end	243
2017-02-27 13:18:06.334971	Trial	start	244
2017-02-27 13:18:06.337102	Speaker	play	None
2017-02-27 13:18:12.343527	Speaker	stop	None
2017-02-27 13:18:12.344188	Trial	end	244
2017-02-27 13:18:21.206599	Trial	start	245
2017-02-27 13:18:21.208636	Speaker	play	None
2017-02-27 13:18:21.821029	Speaker	stop	None
2017-02-27 13:18:21.821673	Trial	end	245
2017-02-27 13:18:21.822314	Trial	start	246
2017-02-27 13:18:21.824169	Speaker	play	None
2017-02-27 13:18:21.878371	Speaker	stop	None
2017-02-27 13:18:21.878912	Trial	end	246
2017-02-27 13:18:21.879615	Trial	start	247
2017-02-27 13:18:21.881499	Speaker	play	None
2017-02-27 13:18:22.066945	Speaker	stop	None
2017-02-27 13:18:22.067714	Trial	end	247
2017-02-27 13:18:22.068333	Trial	start	248
2017-02-27 13:18:22.070159	Speaker	play	None
2017-02-27 13:18:28.075198	Speaker	stop	None
2017-02-27 13:18:28.075783	Trial	end	248
2017-02-27 13:18:34.710290	Trial	start	249
2017-02-27 13:18:34.712306	Speaker	play	None
2017-02-27 13:18:40.714662	Speaker	stop	None
2017-02-27 13:18:40.715443	Hopper	up	None
2017-02-27 13:18:52.719165	Hopper	down	None
2017-02-27 13:18:53.022220	Trial	end	249
2017-02-27 13:19:14.213651	Trial	start	250
2017-02-27 13:19:14.215822	Speaker	play	None
2017-02-27 13:19:20.222085	Speaker	stop	None
2017-02-27 13:19:20.223001	Hopper	up	None
2017-02-27 13:19:32.226660	Hopper	down	None
2017-02-27 13:19:32.529753	Trial	end	250
2017-02-27 13:20:59.363445	Trial	start	251
2017-02-27 13:20:59.365430	Speaker	play	None
2017-02-27 13:20:59.416886	Speaker	stop	None
2017-02-27 13:20:59.417532	Trial	end	251
2017-02-27 13:20:59.418231	Trial	start	252
2017-02-27 13:20:59.421467	Speaker	play	None
2017-02-27 13:21:00.264605	Speaker	stop	None
2017-02-27 13:21:00.265148	Trial	end	252
2017-02-27 13:21:00.265779	Trial	start	253
2017-02-27 13:21:00.267541	Speaker	play	None
2017-02-27 13:21:00.309615	Speaker	stop	None
2017-02-27 13:21:00.310206	Trial	end	253
2017-02-27 13:21:00.310745	Trial	start	254
2017-02-27 13:21:00.312555	Speaker	play	None
2017-02-27 13:21:06.318094	Speaker	stop	None
2017-02-27 13:21:06.319073	Trial	end	254
2017-02-27 13:21:11.138765	Trial	start	255
2017-02-27 13:21:11.141240	Speaker	play	None
2017-02-27 13:21:17.147181	Speaker	stop	None
2017-02-27 13:21:17.147764	Trial	end	255
2017-02-27 13:21:19.649593	Trial	start	256
2017-02-27 13:21:19.651501	Speaker	play	None
2017-02-27 13:21:25.654038	Speaker	stop	None
2017-02-27 13:21:25.654533	Trial	end	256
2017-02-27 13:21:25.817790	Trial	start	257
2017-02-27 13:21:25.819736	Speaker	play	None
2017-02-27 13:21:27.865764	Speaker	stop	None
2017-02-27 13:21:27.866308	Trial	end	257
2017-02-27 13:21:27.866872	Trial	start	258
2017-02-27 13:21:27.868646	Speaker	play	None
2017-02-27 13:21:33.874331	Speaker	stop	None
2017-02-27 13:21:33.875445	Trial	end	258
2017-02-27 13:21:35.926208	Trial	start	259
2017-02-27 13:21:35.928150	Speaker	play	None
2017-02-27 13:21:36.978777	Speaker	stop	None
2017-02-27 13:21:36.979297	Trial	end	259
2017-02-27 13:21:36.979844	Trial	start	260
2017-02-27 13:21:36.981695	Speaker	play	None
2017-02-27 13:21:38.109171	Speaker	stop	None
2017-02-27 13:21:38.109717	Trial	end	260
2017-02-27 13:21:38.110339	Trial	start	261
2017-02-27 13:21:38.112227	Speaker	play	None
2017-02-27 13:21:44.117731	Speaker	stop	None
2017-02-27 13:21:44.118626	Trial	end	261
2017-02-27 13:21:44.514850	Trial	start	262
2017-02-27 13:21:44.516822	Speaker	play	None
2017-02-27 13:21:50.519359	Speaker	stop	None
2017-02-27 13:21:50.519927	Trial	end	262
2017-02-27 13:21:59.148867	Trial	start	263
2017-02-27 13:21:59.150768	Speaker	play	None
2017-02-27 13:22:00.168823	Speaker	stop	None
2017-02-27 13:22:00.169356	Trial	end	263
2017-02-27 13:22:00.169925	Trial	start	264
2017-02-27 13:22:00.171725	Speaker	play	None
2017-02-27 13:22:00.226195	Speaker	stop	None
2017-02-27 13:22:00.226853	Trial	end	264
2017-02-27 13:22:00.227697	Trial	start	265
2017-02-27 13:22:00.230635	Speaker	play	None
2017-02-27 13:22:06.234580	Speaker	stop	None
2017-02-27 13:22:06.235166	Trial	end	265
2017-02-27 13:22:12.378122	Trial	start	266
2017-02-27 13:22:12.380118	Speaker	play	None
2017-02-27 13:22:12.431467	Speaker	stop	None
2017-02-27 13:22:12.431992	Trial	end	266
2017-02-27 13:22:12.432602	Trial	start	267
2017-02-27 13:22:12.434328	Speaker	play	None
2017-02-27 13:22:13.443096	Speaker	stop	None
2017-02-27 13:22:13.443628	Trial	end	267
2017-02-27 13:22:13.444185	Trial	start	268
2017-02-27 13:22:13.445974	Speaker	play	None
2017-02-27 13:22:14.438373	Speaker	stop	None
2017-02-27 13:22:14.438950	Trial	end	268
2017-02-27 13:22:14.439511	Trial	start	269
2017-02-27 13:22:14.441294	Speaker	play	None
2017-02-27 13:22:14.491637	Speaker	stop	None
2017-02-27 13:22:14.492194	Trial	end	269
2017-02-27 13:22:14.492785	Trial	start	270
2017-02-27 13:22:14.494481	Speaker	play	None
2017-02-27 13:22:17.768217	Speaker	stop	None
2017-02-27 13:22:17.768844	Trial	end	270
2017-02-27 13:22:17.771088	Trial	start	271
2017-02-27 13:22:17.772977	Speaker	play	None
2017-02-27 13:22:18.587373	Speaker	stop	None
2017-02-27 13:22:18.588012	Trial	end	271
2017-02-27 13:22:18.588766	Trial	start	272
2017-02-27 13:22:18.591209	Speaker	play	None
2017-02-27 13:22:19.697269	Speaker	stop	None
2017-02-27 13:22:19.697814	Trial	end	272
2017-02-27 13:22:19.698434	Trial	start	273
2017-02-27 13:22:19.700265	Speaker	play	None
2017-02-27 13:22:23.911803	Speaker	stop	None
2017-02-27 13:22:23.912348	Trial	end	273
2017-02-27 13:22:23.913119	Trial	start	274
2017-02-27 13:22:23.915856	Speaker	play	None
2017-02-27 13:22:29.920332	Speaker	stop	None
2017-02-27 13:22:29.921115	Trial	end	274
2017-02-27 13:22:44.976112	Trial	start	275
2017-02-27 13:22:44.978047	Speaker	play	None
2017-02-27 13:22:45.029446	Speaker	stop	None
2017-02-27 13:22:45.030003	Trial	end	275
2017-02-27 13:22:45.030589	Trial	start	276
2017-02-27 13:22:45.032441	Speaker	play	None
2017-02-27 13:22:46.122938	Speaker	stop	None
2017-02-27 13:22:46.123498	Trial	end	276
2017-02-27 13:22:46.124114	Trial	start	277
2017-02-27 13:22:46.125928	Speaker	play	None
2017-02-27 13:22:46.176267	Speaker	stop	None
2017-02-27 13:22:46.176904	Trial	end	277
2017-02-27 13:22:46.177495	Trial	start	278
2017-02-27 13:22:46.179396	Speaker	play	None
2017-02-27 13:22:52.184652	Speaker	stop	None
2017-02-27 13:22:52.185224	Trial	end	278
2017-02-27 13:22:57.283805	Trial	start	279
2017-02-27 13:22:57.285783	Speaker	play	None
2017-02-27 13:22:58.320099	Speaker	stop	None
2017-02-27 13:22:58.320702	Trial	end	279
2017-02-27 13:22:58.321294	Trial	start	280
2017-02-27 13:22:58.323098	Speaker	play	None
2017-02-27 13:23:04.328490	Speaker	stop	None
2017-02-27 13:23:04.329135	Hopper	up	None
2017-02-27 13:23:16.333032	Hopper	down	None
2017-02-27 13:23:16.636075	Trial	end	280
2017-02-27 13:27:24.551036	Trial	start	281
2017-02-27 13:27:24.553115	Speaker	play	None
2017-02-27 13:27:26.349126	Speaker	stop	None
2017-02-27 13:27:26.349632	Trial	end	281
2017-02-27 13:27:26.350514	Trial	start	282
2017-02-27 13:27:26.352433	Speaker	play	None
2017-02-27 13:27:32.357581	Speaker	stop	None
2017-02-27 13:27:32.358154	Trial	end	282
2017-02-27 13:27:40.098476	Trial	start	283
2017-02-27 13:27:40.100993	Speaker	play	None
2017-02-27 13:27:46.106983	Speaker	stop	None
2017-02-27 13:27:46.107800	Hopper	up	None
2017-02-27 13:27:58.111542	Hopper	down	None
2017-02-27 13:27:58.414587	Trial	end	283
2017-02-27 13:28:32.601687	Trial	start	284
2017-02-27 13:28:32.603672	Speaker	play	None
2017-02-27 13:28:32.659136	Speaker	stop	None
2017-02-27 13:28:32.659682	Trial	end	284
2017-02-27 13:28:32.660286	Trial	start	285
2017-02-27 13:28:32.662084	Speaker	play	None
2017-02-27 13:28:33.838718	Speaker	stop	None
2017-02-27 13:28:33.839264	Trial	end	285
2017-02-27 13:28:33.839934	Trial	start	286
2017-02-27 13:28:33.842578	Speaker	play	None
2017-02-27 13:28:33.891979	Speaker	stop	None
2017-02-27 13:28:33.892504	Trial	end	286
2017-02-27 13:28:33.893140	Trial	start	287
2017-02-27 13:28:33.894924	Speaker	play	None
2017-02-27 13:28:39.901086	Speaker	stop	None
2017-02-27 13:28:39.902288	Hopper	up	None
2017-02-27 13:28:51.902560	Hopper	down	None
2017-02-27 13:28:52.205665	Trial	end	287
2017-02-27 13:30:30.810611	Trial	start	288
2017-02-27 13:30:30.813765	Speaker	play	None
2017-02-27 13:30:36.819621	Speaker	stop	None
2017-02-27 13:30:36.820329	Trial	end	288
2017-02-27 13:30:45.523581	Trial	start	289
2017-02-27 13:30:45.525550	Speaker	play	None
2017-02-27 13:30:45.576927	Speaker	stop	None
2017-02-27 13:30:45.577468	Trial	end	289
2017-02-27 13:30:45.578039	Trial	start	290
2017-02-27 13:30:45.579760	Speaker	play	None
2017-02-27 13:30:51.585776	Speaker	stop	None
2017-02-27 13:30:51.586330	Trial	end	290
2017-02-27 13:30:57.828106	Trial	start	291
2017-02-27 13:30:57.830039	Speaker	play	None
2017-02-27 13:30:58.577736	Speaker	stop	None
2017-02-27 13:30:58.578283	Trial	end	291
2017-02-27 13:30:58.578876	Trial	start	292
2017-02-27 13:30:58.580649	Speaker	play	None
2017-02-27 13:30:58.631014	Speaker	stop	None
2017-02-27 13:30:58.631746	Trial	end	292
2017-02-27 13:30:58.632324	Trial	start	293
2017-02-27 13:30:58.634568	Speaker	play	None
2017-02-27 13:31:02.157741	Speaker	stop	None
2017-02-27 13:31:02.158697	Trial	end	293
2017-02-27 13:31:02.159674	Trial	start	294
2017-02-27 13:31:02.162288	Speaker	play	None
2017-02-27 13:31:02.210908	Speaker	stop	None
2017-02-27 13:31:02.211444	Trial	end	294
2017-02-27 13:31:02.212038	Trial	start	295
2017-02-27 13:31:02.214309	Speaker	play	None
2017-02-27 13:31:08.219858	Speaker	stop	None
2017-02-27 13:31:08.220381	Trial	end	295
2017-02-27 13:31:14.179428	Trial	start	296
2017-02-27 13:31:14.182384	Speaker	play	None
2017-02-27 13:31:14.236906	Speaker	stop	None
2017-02-27 13:31:14.237517	Trial	end	296
2017-02-27 13:31:14.238228	Trial	start	297
2017-02-27 13:31:14.240670	Speaker	play	None
2017-02-27 13:31:15.223982	Speaker	stop	None
2017-02-27 13:31:15.224590	Trial	end	297
2017-02-27 13:31:15.225206	Trial	start	298
2017-02-27 13:31:15.227138	Speaker	play	None
2017-02-27 13:31:16.715050	Speaker	stop	None
2017-02-27 13:31:16.715827	Trial	end	298
2017-02-27 13:31:16.716763	Trial	start	299
2017-02-27 13:31:16.719134	Speaker	play	None
2017-02-27 13:31:18.050316	Speaker	stop	None
2017-02-27 13:31:18.050859	Trial	end	299
2017-02-27 13:31:18.051439	Trial	start	300
2017-02-27 13:31:18.053204	Speaker	play	None
2017-02-27 13:31:19.615024	Speaker	stop	None
2017-02-27 13:31:19.615594	Trial	end	300
2017-02-27 13:31:19.616171	Trial	start	301
2017-02-27 13:31:19.618251	Speaker	play	None
2017-02-27 13:31:19.668395	Speaker	stop	None
2017-02-27 13:31:19.669740	Trial	end	301
2017-02-27 13:31:19.670845	Trial	start	302
2017-02-27 13:31:19.673774	Speaker	play	None
2017-02-27 13:31:25.677093	Speaker	stop	None
2017-02-27 13:31:25.678010	Hopper	up	None
2017-02-27 13:31:37.678314	Hopper	down	None
2017-02-27 13:31:37.981461	Trial	end	302
2017-02-27 13:31:56.917451	Trial	start	303
2017-02-27 13:31:56.920598	Speaker	play	None
2017-02-27 13:32:02.926278	Speaker	stop	None
2017-02-27 13:32:02.927117	Hopper	up	None
2017-02-27 13:32:14.927503	Hopper	down	None
2017-02-27 13:32:15.230595	Trial	end	303
2017-02-27 13:32:45.430421	Trial	start	304
2017-02-27 13:32:45.432349	Speaker	play	None
2017-02-27 13:32:46.991089	Speaker	stop	None
2017-02-27 13:32:46.991623	Trial	end	304
2017-02-27 13:32:46.992222	Trial	start	305
2017-02-27 13:32:46.994046	Speaker	play	None
2017-02-27 13:32:47.048410	Speaker	stop	None
2017-02-27 13:32:47.048934	Trial	end	305
2017-02-27 13:32:47.049547	Trial	start	306
2017-02-27 13:32:47.051319	Speaker	play	None
2017-02-27 13:32:53.057181	Speaker	stop	None
2017-02-27 13:32:53.057706	Trial	end	306
2017-02-27 13:33:03.559238	Trial	start	307
2017-02-27 13:33:03.561260	Speaker	play	None
2017-02-27 13:33:04.566959	Speaker	stop	None
2017-02-27 13:33:04.567560	Trial	end	307
2017-02-27 13:33:04.568264	Trial	start	308
2017-02-27 13:33:04.570821	Speaker	play	None
2017-02-27 13:33:10.575778	Speaker	stop	None
2017-02-27 13:33:10.576448	Trial	end	308
2017-02-27 13:33:12.300098	Trial	start	309
2017-02-27 13:33:12.302205	Speaker	play	None
2017-02-27 13:33:18.304936	Speaker	stop	None
2017-02-27 13:33:18.305945	Hopper	up	None
2017-02-27 13:33:30.310087	Hopper	down	None
2017-02-27 13:33:30.613294	Trial	end	309
2017-02-27 13:33:54.951490	Trial	start	310
2017-02-27 13:33:54.953439	Speaker	play	None
2017-02-27 13:34:00.128926	Speaker	stop	None
2017-02-27 13:34:00.129547	Trial	end	310
2017-02-27 13:34:00.131894	Trial	start	311
2017-02-27 13:34:00.134487	Speaker	play	None
2017-02-27 13:34:06.137662	Speaker	stop	None
2017-02-27 13:34:06.138201	Trial	end	311
2017-02-27 13:34:07.272218	Trial	start	312
2017-02-27 13:34:07.274409	Speaker	play	None
2017-02-27 13:34:08.501082	Speaker	stop	None
2017-02-27 13:34:08.501854	Trial	end	312
2017-02-27 13:34:08.502677	Trial	start	313
2017-02-27 13:34:08.505078	Speaker	play	None
2017-02-27 13:34:13.047604	Speaker	stop	None
2017-02-27 13:34:13.048564	Trial	end	313
2017-02-27 13:34:13.049510	Trial	start	314
2017-02-27 13:34:13.052587	Speaker	play	None
2017-02-27 13:34:19.019473	Speaker	stop	None
2017-02-27 13:34:19.020070	Trial	end	314
2017-02-27 13:34:19.020656	Trial	start	315
2017-02-27 13:34:19.022445	Speaker	play	None
2017-02-27 13:34:25.028372	Speaker	stop	None
2017-02-27 13:34:25.029657	Trial	end	315
2017-02-27 13:34:27.424274	Trial	start	316
2017-02-27 13:34:27.426219	Speaker	play	None
2017-02-27 13:34:33.429045	Speaker	stop	None
2017-02-27 13:34:33.429572	Trial	end	316
2017-02-27 13:34:40.318350	Trial	start	317
2017-02-27 13:34:40.320255	Speaker	play	None
2017-02-27 13:34:46.323106	Speaker	stop	None
2017-02-27 13:34:46.323770	Trial	end	317
2017-02-27 13:34:51.995898	Trial	start	318
2017-02-27 13:34:51.998173	Speaker	play	None
2017-02-27 13:34:58.004740	Speaker	stop	None
2017-02-27 13:34:58.005542	Hopper	up	None
2017-02-27 13:35:10.005838	Hopper	down	None
2017-02-27 13:35:10.308976	Trial	end	318
2017-02-27 13:35:29.547518	Trial	start	319
2017-02-27 13:35:29.549563	Speaker	play	None
2017-02-27 13:35:35.552377	Speaker	stop	None
2017-02-27 13:35:35.553388	Trial	end	319
2017-02-27 13:36:00.021261	Trial	start	320
2017-02-27 13:36:00.023325	Speaker	play	None
2017-02-27 13:36:06.030050	Speaker	stop	None
2017-02-27 13:36:06.030620	Trial	end	320
2017-02-27 13:36:16.110080	Trial	start	321
2017-02-27 13:36:16.112167	Speaker	play	None
2017-02-27 13:36:22.114752	Speaker	stop	None
2017-02-27 13:36:22.115382	Trial	end	321
2017-02-27 13:36:38.068358	Trial	start	322
2017-02-27 13:36:38.071316	Speaker	play	None
2017-02-27 13:36:44.077164	Speaker	stop	None
2017-02-27 13:36:44.077945	Trial	end	322
2017-02-27 13:36:51.257123	Trial	start	323
2017-02-27 13:36:51.259185	Speaker	play	None
2017-02-27 13:36:57.261830	Speaker	stop	None
2017-02-27 13:36:57.262337	Trial	end	323
2017-02-27 13:37:01.542000	Trial	start	324
2017-02-27 13:37:01.544682	Speaker	play	None
2017-02-27 13:37:07.550778	Speaker	stop	None
2017-02-27 13:37:07.551677	Hopper	up	None
2017-02-27 13:37:19.555871	Hopper	down	None
2017-02-27 13:37:19.858910	Trial	end	324
2017-02-27 13:37:45.994952	Trial	start	325
2017-02-27 13:37:45.997281	Speaker	play	None
2017-02-27 13:37:52.003636	Speaker	stop	None
2017-02-27 13:37:52.004164	Trial	end	325
2017-02-27 13:37:52.409080	Trial	start	326
2017-02-27 13:37:52.411326	Speaker	play	None
2017-02-27 13:37:58.413772	Speaker	stop	None
2017-02-27 13:37:58.414283	Trial	end	326
2017-02-27 13:38:00.985951	Trial	start	327
2017-02-27 13:38:00.988025	Speaker	play	None
2017-02-27 13:38:06.990581	Speaker	stop	None
2017-02-27 13:38:06.991164	Trial	end	327
2017-02-27 13:38:07.559933	Trial	start	328
2017-02-27 13:38:07.562614	Speaker	play	None
2017-02-27 13:38:12.962375	Speaker	stop	None
2017-02-27 13:38:12.962921	Trial	end	328
2017-02-27 13:38:12.963433	Trial	start	329
2017-02-27 13:38:12.965249	Speaker	play	None
2017-02-27 13:38:16.701965	Speaker	stop	None
2017-02-27 13:38:16.702497	Trial	end	329
2017-02-27 13:38:16.703108	Trial	start	330
2017-02-27 13:38:16.704866	Speaker	play	None
2017-02-27 13:38:22.710620	Speaker	stop	None
2017-02-27 13:38:22.711208	Trial	end	330
2017-02-27 13:38:28.194940	Trial	start	331
2017-02-27 13:38:28.197643	Speaker	play	None
2017-02-27 13:38:34.203703	Speaker	stop	None
2017-02-27 13:38:34.204248	Trial	end	331
2017-02-27 13:38:40.466313	Trial	start	332
2017-02-27 13:38:40.468625	Speaker	play	None
2017-02-27 13:38:46.471013	Speaker	stop	None
2017-02-27 13:38:46.471654	Trial	end	332
2017-02-27 14:56:03.090368	Trial	start	333
2017-02-27 14:56:03.092277	Speaker	play	None
2017-02-27 14:56:09.094869	Speaker	stop	None
2017-02-27 14:56:09.095428	Trial	end	333
2017-02-27 14:56:13.837778	Trial	start	334
2017-02-27 14:56:13.839738	Speaker	play	None
2017-02-27 14:56:13.890972	Speaker	stop	None
2017-02-27 14:56:13.891508	Trial	end	334
2017-02-27 14:56:13.892157	Trial	start	335
2017-02-27 14:56:13.894000	Speaker	play	None
2017-02-27 14:56:15.705418	Speaker	stop	None
2017-02-27 14:56:15.706201	Trial	end	335
2017-02-27 14:56:15.706914	Trial	start	336
2017-02-27 14:56:15.709850	Speaker	play	None
2017-02-27 14:56:15.754545	Speaker	stop	None
2017-02-27 14:56:15.755154	Trial	end	336
2017-02-27 14:56:15.755692	Trial	start	337
2017-02-27 14:56:15.757471	Speaker	play	None
2017-02-27 14:56:21.762925	Speaker	stop	None
2017-02-27 14:56:21.763450	Trial	end	337
2017-02-27 14:56:24.765101	Trial	start	338
2017-02-27 14:56:24.767602	Speaker	play	None
2017-02-27 14:56:24.818395	Speaker	stop	None
2017-02-27 14:56:24.819003	Trial	end	338
2017-02-27 14:56:24.819797	Trial	start	339
2017-02-27 14:56:24.821820	Speaker	play	None
2017-02-27 14:56:30.826837	Speaker	stop	None
2017-02-27 14:56:30.827489	Trial	end	339
2017-02-27 14:56:36.274097	Trial	start	340
2017-02-27 14:56:36.276536	Speaker	play	None
2017-02-27 14:56:37.371877	Speaker	stop	None
2017-02-27 14:56:37.372398	Trial	end	340
2017-02-27 14:56:37.373015	Trial	start	341
2017-02-27 14:56:37.374725	Speaker	play	None
2017-02-27 14:56:37.425134	Speaker	play	None
2017-02-27 14:56:37.425679	Trial	end	341
2017-02-27 14:56:37.426331	Trial	start	342
2017-02-27 14:56:37.429063	Speaker	play	None
2017-02-27 14:56:43.433577	Speaker	stop	None
2017-02-27 14:56:43.434094	Trial	end	342
2017-02-27 14:56:51.195079	Trial	start	343
2017-02-27 14:56:51.198603	Speaker	play	None
2017-02-27 14:56:52.436083	Speaker	stop	None
2017-02-27 14:56:52.436694	Trial	end	343
2017-02-27 14:56:52.437265	Trial	start	344
2017-02-27 14:56:52.438937	Speaker	play	None
2017-02-27 14:56:58.444449	Speaker	stop	None
2017-02-27 14:56:58.445282	Hopper	up	None
2017-02-27 14:57:10.449069	Hopper	down	None
2017-02-27 14:57:10.752120	Trial	end	344
2017-02-27 14:57:29.895648	Trial	start	345
2017-02-27 14:57:29.897615	Speaker	play	None
2017-02-27 14:57:29.944890	Speaker	stop	None
2017-02-27 14:57:29.945473	Trial	end	345
2017-02-27 14:57:29.946220	Trial	start	346
2017-02-27 14:57:29.948799	Speaker	play	None
2017-02-27 14:57:35.953335	Speaker	stop	None
2017-02-27 14:57:35.953878	Trial	end	346
2017-02-27 14:57:58.377467	Trial	start	347
2017-02-27 14:57:58.379500	Speaker	play	None
2017-02-27 14:58:04.386151	Speaker	stop	None
2017-02-27 14:58:04.386704	Trial	end	347
2017-02-27 14:58:08.727453	Trial	start	348
2017-02-27 14:58:08.729468	Speaker	play	None
2017-02-27 14:58:14.166681	Speaker	stop	None
2017-02-27 14:58:14.167273	Trial	end	348
2017-02-27 14:58:14.167794	Trial	start	349
2017-02-27 14:58:14.169532	Speaker	play	None
2017-02-27 14:58:14.219932	Speaker	stop	None
2017-02-27 14:58:14.220454	Trial	end	349
2017-02-27 14:58:14.221079	Trial	start	350
2017-02-27 14:58:14.222826	Speaker	play	None
2017-02-27 14:58:20.228371	Speaker	stop	None
2017-02-27 14:58:20.228969	Trial	end	350
2017-02-27 14:58:21.620998	Trial	start	351
2017-02-27 14:58:21.624587	Speaker	play	None
2017-02-27 14:58:27.629510	Speaker	stop	None
2017-02-27 14:58:27.630120	Trial	end	351
2017-02-27 14:58:31.667767	Trial	start	352
2017-02-27 14:58:31.669762	Speaker	play	None
2017-02-27 14:58:37.672238	Speaker	stop	None
2017-02-27 14:58:37.672793	Trial	end	352
2017-02-27 14:58:44.708644	Trial	start	353
2017-02-27 14:58:44.710589	Speaker	play	None
2017-02-27 14:58:46.334764	Speaker	stop	None
2017-02-27 14:58:46.336159	Trial	end	353
2017-02-27 14:58:46.336781	Trial	start	354
2017-02-27 14:58:46.338840	Speaker	play	None
2017-02-27 14:58:51.900894	Speaker	stop	None
2017-02-27 14:58:51.901431	Trial	end	354
2017-02-27 14:58:51.901996	Trial	start	355
2017-02-27 14:58:51.903733	Speaker	play	None
2017-02-27 14:58:57.909307	Speaker	stop	None
2017-02-27 14:58:57.909923	Trial	end	355
2017-02-27 14:59:02.238534	Trial	start	356
2017-02-27 14:59:02.241162	Speaker	play	None
2017-02-27 14:59:08.246994	Speaker	stop	None
2017-02-27 14:59:08.247751	Hopper	up	None
2017-02-27 14:59:20.251642	Hopper	down	None
2017-02-27 14:59:20.554663	Trial	end	356
2017-02-27 15:01:19.462675	Trial	start	357
2017-02-27 15:01:19.464589	Speaker	play	None
2017-02-27 15:01:19.516004	Speaker	stop	None
2017-02-27 15:01:19.516585	Trial	end	357
2017-02-27 15:01:19.517167	Trial	start	358
2017-02-27 15:01:19.518961	Speaker	play	None
2017-02-27 15:01:20.445693	Speaker	stop	None
2017-02-27 15:01:20.446192	Trial	end	358
2017-02-27 15:01:20.446845	Trial	start	359
2017-02-27 15:01:20.448742	Speaker	play	None
2017-02-27 15:01:21.555697	Speaker	stop	None
2017-02-27 15:01:21.556244	Trial	end	359
2017-02-27 15:01:21.556857	Trial	start	360
2017-02-27 15:01:21.558831	Speaker	play	None
2017-02-27 15:01:22.718878	Speaker	stop	None
2017-02-27 15:01:22.719512	Trial	end	360
2017-02-27 15:01:22.720258	Trial	start	361
2017-02-27 15:01:22.722648	Speaker	play	None
2017-02-27 15:01:22.772174	Speaker	stop	None
2017-02-27 15:01:22.772730	Trial	end	361
2017-02-27 15:01:22.773567	Trial	start	362
2017-02-27 15:01:22.775509	Speaker	play	None
2017-02-27 15:01:23.939414	Speaker	stop	None
2017-02-27 15:01:23.939920	Trial	end	362
2017-02-27 15:01:23.940515	Trial	start	363
2017-02-27 15:01:23.942328	Speaker	play	None
2017-02-27 15:01:24.783135	Speaker	stop	None
2017-02-27 15:01:24.783650	Trial	end	363
2017-02-27 15:01:24.785966	Trial	start	364
2017-02-27 15:01:24.788220	Speaker	play	None
2017-02-27 15:01:24.832342	Speaker	stop	None
2017-02-27 15:01:24.832943	Trial	end	364
2017-02-27 15:01:24.833539	Trial	start	365
2017-02-27 15:01:24.835348	Speaker	play	None
2017-02-27 15:01:26.212589	Speaker	stop	None
2017-02-27 15:01:26.213153	Trial	end	365
2017-02-27 15:01:26.213716	Trial	start	366
2017-02-27 15:01:26.215535	Speaker	play	None
2017-02-27 15:01:32.221114	Speaker	stop	None
2017-02-27 15:01:32.222036	Trial	end	366
2017-02-27 15:01:43.230482	Trial	start	367
2017-02-27 15:01:43.232801	Speaker	play	None
2017-02-27 15:01:49.238889	Speaker	stop	None
2017-02-27 15:01:49.239701	Hopper	up	None
2017-02-27 15:02:01.243528	Hopper	down	None
2017-02-27 15:02:01.546604	Trial	end	367
2017-02-27 15:07:01.270528	Trial	start	368
2017-02-27 15:07:01.272380	Speaker	play	None
2017-02-27 15:07:03.822318	Speaker	stop	None
2017-02-27 15:07:03.822990	Trial	end	368
2017-02-27 15:07:03.823733	Trial	start	369
2017-02-27 15:07:03.826368	Speaker	play	None
2017-02-27 15:07:05.030529	Speaker	stop	None
2017-02-27 15:07:05.031119	Trial	end	369
2017-02-27 15:07:05.031737	Trial	start	370
2017-02-27 15:07:05.033551	Speaker	play	None
2017-02-27 15:07:11.039126	Speaker	stop	None
2017-02-27 15:07:11.040297	Hopper	up	None
2017-02-27 15:07:23.043687	Hopper	down	None
2017-02-27 15:07:23.346727	Trial	end	370
2017-02-27 15:08:02.846306	Trial	start	371
2017-02-27 15:08:02.849031	Speaker	play	None
2017-02-27 15:08:08.854869	Speaker	stop	None
2017-02-27 15:08:08.855649	Hopper	up	None
2017-02-27 15:08:20.859638	Hopper	down	None
2017-02-27 15:08:21.162529	Trial	end	371
2017-02-27 15:09:26.440985	Trial	start	372
2017-02-27 15:09:26.442910	Speaker	play	None
2017-02-27 15:09:26.494278	Speaker	stop	None
2017-02-27 15:09:26.494802	Trial	end	372
2017-02-27 15:09:26.495421	Trial	start	373
2017-02-27 15:09:26.497381	Speaker	play	None
2017-02-27 15:09:27.059503	Speaker	stop	None
2017-02-27 15:09:27.060045	Trial	end	373
2017-02-27 15:09:27.060644	Trial	start	374
2017-02-27 15:09:27.062509	Speaker	play	None
2017-02-27 15:09:28.218674	Speaker	stop	None
2017-02-27 15:09:28.219618	Trial	end	374
2017-02-27 15:09:28.220634	Trial	start	375
2017-02-27 15:09:28.223328	Speaker	play	None
2017-02-27 15:09:28.271853	Speaker	stop	None
2017-02-27 15:09:28.272418	Trial	end	375
2017-02-27 15:09:28.273008	Trial	start	376
2017-02-27 15:09:28.274681	Speaker	play	None
2017-02-27 15:09:34.280297	Speaker	stop	None
2017-02-27 15:09:34.280886	Trial	end	376
2017-02-27 15:09:35.119875	Trial	start	377
2017-02-27 15:09:35.122501	Speaker	play	None
2017-02-27 15:09:36.238096	Speaker	stop	None
2017-02-27 15:09:36.238711	Trial	end	377
2017-02-27 15:09:36.239247	Trial	start	378
2017-02-27 15:09:36.240973	Speaker	play	None
2017-02-27 15:09:42.246551	Speaker	stop	None
2017-02-27 15:09:42.247363	Hopper	up	None
2017-02-27 15:09:54.251164	Hopper	down	None
2017-02-27 15:09:54.554331	Trial	end	378
2017-02-27 15:10:18.490041	Trial	start	379
2017-02-27 15:10:18.492137	Speaker	play	None
2017-02-27 15:10:24.498517	Speaker	stop	None
2017-02-27 15:10:24.499299	Hopper	up	None
2017-02-27 15:10:36.503120	Hopper	down	None
2017-02-27 15:10:36.806223	Trial	end	379
2017-02-27 15:10:54.573773	Trial	start	380
2017-02-27 15:10:54.576705	Speaker	play	None
2017-02-27 15:11:00.582493	Speaker	stop	None
2017-02-27 15:11:00.583579	Hopper	up	None
2017-02-27 15:11:12.587441	Hopper	down	None
2017-02-27 15:11:12.890493	Trial	end	380
2017-02-27 15:12:17.155514	Trial	start	381
2017-02-27 15:12:17.157553	Speaker	play	None
2017-02-27 15:12:23.160515	Speaker	stop	None
2017-02-27 15:12:23.161474	Trial	end	381
2017-02-27 15:12:24.864020	Trial	start	382
2017-02-27 15:12:24.866042	Speaker	play	None
2017-02-27 15:12:30.868725	Speaker	stop	None
2017-02-27 15:12:30.869504	Trial	end	382
2017-02-27 15:12:35.161183	Trial	start	383
2017-02-27 15:12:35.163141	Speaker	play	None
2017-02-27 15:12:41.165855	Speaker	stop	None
2017-02-27 15:12:41.166425	Trial	end	383
2017-02-27 15:12:41.931698	Trial	start	384
2017-02-27 15:12:41.933692	Speaker	play	None
2017-02-27 15:12:47.936419	Speaker	stop	None
2017-02-27 15:12:47.937298	Hopper	up	None
2017-02-27 15:12:59.941457	Hopper	down	None
2017-02-27 15:13:00.244546	Trial	end	384
2017-02-27 16:51:26.894474	Trial	start	385
2017-02-27 16:51:26.897134	Speaker	play	None
2017-02-27 16:51:32.903062	Speaker	stop	None
2017-02-27 16:51:32.903947	Hopper	up	None
2017-02-27 16:51:44.907705	Hopper	down	None
2017-02-27 16:51:45.210834	Trial	end	385
2017-02-27 16:52:19.681094	Trial	start	386
2017-02-27 16:52:19.683200	Speaker	play	None
2017-02-27 16:52:20.483851	Speaker	stop	None
2017-02-27 16:52:20.484491	Trial	end	386
2017-02-27 16:52:20.485254	Trial	start	387
2017-02-27 16:52:20.487662	Speaker	play	None
2017-02-27 16:52:20.520730	Speaker	stop	None
2017-02-27 16:52:20.521352	Trial	end	387
2017-02-27 16:52:20.521942	Trial	start	388
2017-02-27 16:52:20.523657	Speaker	play	None
2017-02-27 16:52:26.529269	Speaker	stop	None
2017-02-27 16:52:26.530013	Trial	end	388
2017-02-27 16:52:35.875791	Trial	start	389
2017-02-27 16:52:35.877887	Speaker	play	None
2017-02-27 16:52:37.952383	Speaker	stop	None
2017-02-27 16:52:37.952912	Trial	end	389
2017-02-27 16:52:37.953502	Trial	start	390
2017-02-27 16:52:37.955339	Speaker	play	None
2017-02-27 16:52:43.960925	Speaker	stop	None
2017-02-27 16:52:43.961534	Trial	end	390
2017-02-27 16:53:04.071234	Trial	start	391
2017-02-27 16:53:04.073232	Speaker	play	None
2017-02-27 16:53:04.120444	Speaker	stop	None
2017-02-27 16:53:04.120907	Trial	end	391
2017-02-27 16:53:04.121553	Trial	start	392
2017-02-27 16:53:04.123346	Speaker	play	None
2017-02-27 16:53:10.128965	Speaker	stop	None
2017-02-27 16:53:10.129558	Trial	end	392
2017-02-27 16:53:19.475456	Trial	start	393
2017-02-27 16:53:19.477491	Speaker	play	None
2017-02-27 16:53:19.524721	Speaker	stop	None
2017-02-27 16:53:19.525279	Trial	end	393
2017-02-27 16:53:19.525904	Trial	start	394
2017-02-27 16:53:19.527765	Speaker	play	None
2017-02-27 16:53:20.466713	Speaker	stop	None
2017-02-27 16:53:20.467357	Trial	end	394
2017-02-27 16:53:20.467933	Trial	start	395
2017-02-27 16:53:20.469698	Speaker	play	None
2017-02-27 16:53:20.519974	Speaker	stop	None
2017-02-27 16:53:20.520497	Trial	end	395
2017-02-27 16:53:20.521160	Trial	start	396
2017-02-27 16:53:20.522912	Speaker	play	None
2017-02-27 16:53:26.528749	Speaker	stop	None
2017-02-27 16:53:26.529386	Trial	end	396
2017-02-27 16:53:32.025670	Trial	start	397
2017-02-27 16:53:32.027926	Speaker	play	None
2017-02-27 16:53:32.078942	Speaker	stop	None
2017-02-27 16:53:32.079485	Trial	end	397
2017-02-27 16:53:32.080134	Trial	start	398
2017-02-27 16:53:32.081945	Speaker	play	None
2017-02-27 16:53:38.088000	Speaker	stop	None
2017-02-27 16:53:38.088806	Hopper	up	None
2017-02-27 16:53:50.089674	Hopper	down	None
2017-02-27 16:53:50.392823	Trial	end	398
2017-02-27 16:54:01.218863	Trial	start	399
2017-02-27 16:54:01.220804	Speaker	play	None
2017-02-27 16:54:03.254842	Speaker	stop	None
2017-02-27 16:54:03.255370	Trial	end	399
2017-02-27 16:54:03.255940	Trial	start	400
2017-02-27 16:54:03.257764	Speaker	play	None
2017-02-27 16:54:03.312101	Speaker	stop	None
2017-02-27 16:54:03.312650	Trial	end	400
2017-02-27 16:54:03.313293	Trial	start	401
2017-02-27 16:54:03.315561	Speaker	play	None
2017-02-27 16:54:08.477319	Speaker	stop	None
2017-02-27 16:54:08.477860	Trial	end	401
2017-02-27 16:54:08.478493	Trial	start	402
2017-02-27 16:54:08.480276	Speaker	play	None
2017-02-27 16:54:14.486392	Speaker	stop	None
2017-02-27 16:54:14.487219	Hopper	up	None
2017-02-27 16:54:26.488001	Hopper	down	None
2017-02-27 16:54:26.791084	Trial	end	402
2017-02-27 16:54:46.026455	Trial	start	403
2017-02-27 16:54:46.028934	Speaker	play	None
2017-02-27 16:54:51.404807	Speaker	stop	None
2017-02-27 16:54:51.405831	Trial	end	403
2017-02-27 16:54:51.406583	Trial	start	404
2017-02-27 16:54:51.409414	Speaker	play	None
2017-02-27 16:54:57.413808	Speaker	stop	None
2017-02-27 16:54:57.414336	Trial	end	404
2017-02-27 16:55:02.337231	Trial	start	405
2017-02-27 16:55:02.339354	Speaker	play	None
2017-02-27 16:55:02.558421	Speaker	stop	None
2017-02-27 16:55:02.558968	Trial	end	405
2017-02-27 16:55:02.559590	Trial	start	406
2017-02-27 16:55:02.561467	Speaker	play	None
2017-02-27 16:55:02.607693	Speaker	stop	None
2017-02-27 16:55:02.608201	Trial	end	406
2017-02-27 16:55:02.608897	Trial	start	407
2017-02-27 16:55:02.610794	Speaker	play	None
2017-02-27 16:55:08.616918	Speaker	stop	None
2017-02-27 16:55:08.618117	Trial	end	407
2017-02-27 16:55:11.582196	Trial	start	408
2017-02-27 16:55:11.584502	Speaker	play	None
2017-02-27 16:55:17.587077	Speaker	stop	None
2017-02-27 16:55:17.587601	Trial	end	408
2017-02-27 16:55:23.362482	Trial	start	409
2017-02-27 16:55:23.364291	Speaker	play	None
2017-02-27 16:55:29.367429	Speaker	stop	None
2017-02-27 16:55:29.368238	Hopper	up	None
2017-02-27 16:55:41.368879	Hopper	down	None
2017-02-27 16:55:41.672004	Trial	end	409
2017-02-27 16:55:59.440968	Trial	start	410
2017-02-27 16:55:59.444570	Speaker	play	None
2017-02-27 16:55:59.494140	Speaker	stop	None
2017-02-27 16:55:59.494692	Trial	end	410
2017-02-27 16:55:59.495266	Trial	start	411
2017-02-27 16:55:59.497245	Speaker	play	None
2017-02-27 16:56:00.305179	Speaker	stop	None
2017-02-27 16:56:00.305785	Trial	end	411
2017-02-27 16:56:00.306342	Trial	start	412
2017-02-27 16:56:00.308129	Speaker	play	None
2017-02-27 16:56:00.358409	Speaker	stop	None
2017-02-27 16:56:00.358887	Trial	end	412
2017-02-27 16:56:00.359530	Trial	start	413
2017-02-27 16:56:00.361456	Speaker	play	None
2017-02-27 16:56:01.243158	Speaker	stop	None
2017-02-27 16:56:01.243665	Trial	end	413
2017-02-27 16:56:01.244224	Trial	start	414
2017-02-27 16:56:01.246011	Speaker	play	None
2017-02-27 16:56:01.296544	Speaker	stop	None
2017-02-27 16:56:01.297525	Trial	end	414
2017-02-27 16:56:01.298213	Trial	start	415
2017-02-27 16:56:01.300087	Speaker	play	None
2017-02-27 16:56:07.305324	Speaker	stop	None
2017-02-27 16:56:07.306122	Hopper	up	None
2017-02-27 16:56:19.306919	Hopper	down	None
2017-02-27 16:56:19.609923	Trial	end	415
2017-02-27 16:56:36.317813	Trial	start	416
2017-02-27 16:56:36.320065	Speaker	play	None
2017-02-27 16:56:37.161722	Speaker	stop	None
2017-02-27 16:56:37.162252	Trial	end	416
2017-02-27 16:56:37.162897	Trial	start	417
2017-02-27 16:56:37.165270	Speaker	play	None
2017-02-27 16:56:37.210748	Speaker	stop	None
2017-02-27 16:56:37.211313	Trial	end	417
2017-02-27 16:56:37.211909	Trial	start	418
2017-02-27 16:56:37.213843	Speaker	play	None
2017-02-27 16:56:43.219663	Speaker	stop	None
2017-02-27 16:56:43.220520	Hopper	up	None
2017-02-27 16:56:55.221075	Hopper	down	None
2017-02-27 16:56:55.524120	Trial	end	418
2017-02-27 16:57:08.414407	Trial	start	419
2017-02-27 16:57:08.416398	Speaker	play	None
2017-02-27 16:57:09.188680	Speaker	stop	None
2017-02-27 16:57:09.189223	Trial	end	419
2017-02-27 16:57:09.189817	Trial	start	420
2017-02-27 16:57:09.191759	Speaker	play	None
2017-02-27 16:57:13.038933	Speaker	stop	None
2017-02-27 16:57:13.039464	Trial	end	420
2017-02-27 16:57:13.040020	Trial	start	421
2017-02-27 16:57:13.042226	Speaker	play	None
2017-02-27 16:57:13.092154	Speaker	stop	None
2017-02-27 16:57:13.092687	Trial	end	421
2017-02-27 16:57:13.093210	Trial	start	422
2017-02-27 16:57:13.095329	Speaker	play	None
2017-02-27 16:57:19.101098	Speaker	stop	None
2017-02-27 16:57:19.101773	Trial	end	422
2017-02-27 16:57:23.242118	Trial	start	423
2017-02-27 16:57:23.244056	Speaker	play	None
2017-02-27 16:57:24.110561	Speaker	stop	None
2017-02-27 16:57:24.111123	Trial	end	423
2017-02-27 16:57:24.113327	Trial	start	424
2017-02-27 16:57:24.115004	Speaker	play	None
2017-02-27 16:57:30.119523	Speaker	stop	None
2017-02-27 16:57:30.120546	Hopper	up	None
2017-02-27 16:57:42.120811	Hopper	down	None
2017-02-27 16:57:42.423856	Trial	end	424
2017-02-27 16:58:02.834339	Trial	start	425
2017-02-27 16:58:02.836362	Speaker	play	None
2017-02-27 16:58:02.883652	Speaker	stop	None
2017-02-27 16:58:02.884372	Trial	end	425
2017-02-27 16:58:02.885109	Trial	start	426
2017-02-27 16:58:02.887938	Speaker	play	None
2017-02-27 16:58:03.272798	Speaker	stop	None
2017-02-27 16:58:03.273339	Trial	end	426
2017-02-27 16:58:03.273861	Trial	start	427
2017-02-27 16:58:03.275594	Speaker	play	None
2017-02-27 16:58:04.214795	Speaker	stop	None
2017-02-27 16:58:04.215343	Trial	end	427
2017-02-27 16:58:04.215888	Trial	start	428
2017-02-27 16:58:04.217640	Speaker	play	None
2017-02-27 16:58:04.272160	Speaker	stop	None
2017-02-27 16:58:04.272790	Trial	end	428
2017-02-27 16:58:04.273571	Trial	start	429
2017-02-27 16:58:04.275740	Speaker	play	None
2017-02-27 16:58:10.281051	Speaker	stop	None
2017-02-27 16:58:10.281615	Trial	end	429
2017-02-27 16:58:10.326032	Trial	start	430
2017-02-27 16:58:10.327995	Speaker	play	None
2017-02-27 16:58:11.173998	Speaker	stop	None
2017-02-27 16:58:11.174664	Trial	end	430
2017-02-27 16:58:11.175382	Trial	start	431
2017-02-27 16:58:11.179036	Speaker	play	None
2017-02-27 16:58:11.542617	Speaker	stop	None
2017-02-27 16:58:11.543145	Trial	end	431
2017-02-27 16:58:11.543722	Trial	start	432
2017-02-27 16:58:11.545497	Speaker	play	None
2017-02-27 16:58:17.551456	Speaker	stop	None
2017-02-27 16:58:17.552019	Trial	end	432
2017-02-27 16:58:22.003739	Trial	start	433
2017-02-27 16:58:22.006030	Speaker	play	None
2017-02-27 16:58:22.933651	Speaker	stop	None
2017-02-27 16:58:22.934253	Trial	end	433
2017-02-27 16:58:22.935055	Trial	start	434
2017-02-27 16:58:22.938076	Speaker	play	None
2017-02-27 16:58:28.942463	Speaker	stop	None
2017-02-27 16:58:28.943323	Hopper	up	None
2017-02-27 16:58:40.943718	Hopper	down	None
2017-02-27 16:58:41.246836	Trial	end	434
2017-02-27 16:58:53.211343	Trial	start	435
2017-02-27 16:58:53.213740	Speaker	play	None
2017-02-27 16:58:54.284573	Speaker	stop	None
2017-02-27 16:58:54.285300	Trial	end	435
2017-02-27 16:58:54.286060	Trial	start	436
2017-02-27 16:58:54.288256	Speaker	play	None
2017-02-27 16:58:54.337901	Speaker	stop	None
2017-02-27 16:58:54.338691	Trial	end	436
2017-02-27 16:58:54.339279	Trial	start	437
2017-02-27 16:58:54.341130	Speaker	play	None
2017-02-27 16:58:54.559143	Speaker	stop	None
2017-02-27 16:58:54.560138	Trial	end	437
2017-02-27 16:58:54.560907	Trial	start	438
2017-02-27 16:58:54.562591	Speaker	play	None
2017-02-27 16:58:55.771383	Speaker	stop	None
2017-02-27 16:58:55.771927	Trial	end	438
2017-02-27 16:58:55.772525	Trial	start	439
2017-02-27 16:58:55.774343	Speaker	play	None
2017-02-27 16:58:55.824624	Speaker	stop	None
2017-02-27 16:58:55.825134	Trial	end	439
2017-02-27 16:58:55.825732	Trial	start	440
2017-02-27 16:58:55.827611	Speaker	play	None
2017-02-27 16:59:01.833419	Speaker	stop	None
2017-02-27 16:59:01.833969	Trial	end	440
2017-02-27 16:59:07.055784	Trial	start	441
2017-02-27 16:59:07.058088	Speaker	play	None
2017-02-27 16:59:07.109177	Speaker	stop	None
2017-02-27 16:59:07.109749	Trial	end	441
2017-02-27 16:59:07.110338	Trial	start	442
2017-02-27 16:59:07.112313	Speaker	play	None
2017-02-27 16:59:13.118008	Speaker	stop	None
2017-02-27 16:59:13.118670	Trial	end	442
2017-02-27 16:59:14.784942	Trial	start	443
2017-02-27 16:59:14.789053	Speaker	play	None
2017-02-27 16:59:18.332169	Speaker	stop	None
2017-02-27 16:59:18.332736	Trial	end	443
2017-02-27 16:59:18.333308	Trial	start	444
2017-02-27 16:59:18.335215	Speaker	play	None
2017-02-27 16:59:24.340966	Speaker	stop	None
2017-02-27 16:59:24.341556	Trial	end	444
2017-02-27 16:59:29.911439	Trial	start	445
2017-02-27 16:59:29.914029	Speaker	play	None
2017-02-27 16:59:29.960748	Speaker	stop	None
2017-02-27 16:59:29.961372	Trial	end	445
2017-02-27 16:59:29.962082	Trial	start	446
2017-02-27 16:59:29.964010	Speaker	play	None
2017-02-27 16:59:35.969475	Speaker	stop	None
2017-02-27 16:59:35.970142	Trial	end	446
2017-02-27 16:59:37.231338	Trial	start	447
2017-02-27 16:59:37.234463	Speaker	play	None
2017-02-27 16:59:43.239937	Speaker	stop	None
2017-02-27 16:59:43.240581	Trial	end	447
2017-02-27 16:59:51.612028	Trial	start	448
2017-02-27 16:59:51.614273	Speaker	play	None
2017-02-27 16:59:51.669440	Speaker	stop	None
2017-02-27 16:59:51.670004	Trial	end	448
2017-02-27 16:59:51.670533	Trial	start	449
2017-02-27 16:59:51.672817	Speaker	play	None
2017-02-27 16:59:52.570603	Speaker	stop	None
2017-02-27 16:59:52.571151	Trial	end	449
2017-02-27 16:59:52.571728	Trial	start	450
2017-02-27 16:59:52.573592	Speaker	play	None
2017-02-27 16:59:58.579383	Speaker	stop	None
2017-02-27 16:59:58.580247	Hopper	up	None
2017-02-27 17:00:10.580574	Hopper	down	None
2017-02-27 17:00:10.883587	Trial	end	450
2017-02-27 17:01:04.200964	Trial	start	451
2017-02-27 17:01:04.203586	Speaker	play	None
2017-02-27 17:01:05.306965	Speaker	stop	None
2017-02-27 17:01:05.307507	Trial	end	451
2017-02-27 17:01:05.308064	Trial	start	452
2017-02-27 17:01:05.309948	Speaker	play	None
2017-02-27 17:01:05.360217	Speaker	stop	None
2017-02-27 17:01:05.360784	Trial	end	452
2017-02-27 17:01:05.361475	Trial	start	453
2017-02-27 17:01:05.364070	Speaker	play	None
2017-02-27 17:01:11.368973	Speaker	stop	None
2017-02-27 17:01:11.369525	Trial	end	453
2017-02-27 17:01:16.140827	Trial	start	454
2017-02-27 17:01:16.142989	Speaker	play	None
2017-02-27 17:01:16.193386	Speaker	play	None
2017-02-27 17:01:16.190550	Trial	end	454
2017-02-27 17:01:16.191311	Trial	start	455
2017-02-27 17:01:16.193386	Speaker	play	None
2017-02-27 17:01:17.402481	Speaker	stop	None
2017-02-27 17:01:17.403347	Trial	end	455
2017-02-27 17:01:17.404276	Trial	start	456
2017-02-27 17:01:17.406919	Speaker	play	None
2017-02-27 17:01:17.455591	Speaker	stop	None
2017-02-27 17:01:17.456138	Trial	end	456
2017-02-27 17:01:17.456710	Trial	start	457
2017-02-27 17:01:17.458934	Speaker	play	None
2017-02-27 17:01:23.464334	Speaker	stop	None
2017-02-27 17:01:23.464908	Trial	end	457
2017-02-27 17:01:30.816720	Trial	start	458
2017-02-27 17:01:30.819608	Speaker	play	None
2017-02-27 17:01:32.102779	Speaker	stop	None
2017-02-27 17:01:32.103322	Trial	end	458
2017-02-27 17:01:32.103886	Trial	start	459
2017-02-27 17:01:32.105615	Speaker	play	None
2017-02-27 17:01:33.491394	Speaker	stop	None
2017-02-27 17:01:33.492059	Trial	end	459
2017-02-27 17:01:33.492829	Trial	start	460
2017-02-27 17:01:33.495292	Speaker	play	None
2017-02-27 17:01:33.548652	Speaker	stop	None
2017-02-27 17:01:33.549253	Trial	end	460
2017-02-27 17:01:33.549987	Trial	start	461
2017-02-27 17:01:33.552752	Speaker	play	None
2017-02-27 17:01:34.654591	Speaker	stop	None
2017-02-27 17:01:34.655137	Trial	end	461
2017-02-27 17:01:34.655760	Trial	start	462
2017-02-27 17:01:34.657558	Speaker	play	None
2017-02-27 17:01:34.707819	Speaker	stop	None
2017-02-27 17:01:34.708274	Trial	end	462
2017-02-27 17:01:34.708988	Trial	start	463
2017-02-27 17:01:34.710678	Speaker	play	None
2017-02-27 17:01:35.723624	Speaker	stop	None
2017-02-27 17:01:35.724154	Trial	end	463
2017-02-27 17:01:35.724755	Trial	start	464
2017-02-27 17:01:35.726487	Speaker	play	None
2017-02-27 17:01:36.710732	Speaker	stop	None
2017-02-27 17:01:36.711379	Trial	end	464
2017-02-27 17:01:36.712141	Trial	start	465
2017-02-27 17:01:36.714634	Speaker	play	None
2017-02-27 17:01:42.719493	Speaker	stop	None
2017-02-27 17:01:42.720321	Hopper	up	None
2017-02-27 17:01:54.720575	Hopper	down	None
2017-02-27 17:01:55.023625	Trial	end	465
2017-02-27 17:02:23.695401	Trial	start	466
2017-02-27 17:02:23.697509	Speaker	play	None
2017-02-27 17:02:23.744546	Speaker	stop	None
2017-02-27 17:02:23.745027	Trial	end	466
2017-02-27 17:02:23.745715	Trial	start	467
2017-02-27 17:02:23.747415	Speaker	play	None
2017-02-27 17:02:24.584209	Speaker	stop	None
2017-02-27 17:02:24.584792	Trial	end	467
2017-02-27 17:02:24.585352	Trial	start	468
2017-02-27 17:02:24.587161	Speaker	play	None
2017-02-27 17:02:30.150600	Speaker	stop	None
2017-02-27 17:02:30.151195	Trial	end	468
2017-02-27 17:02:30.151771	Trial	start	469
2017-02-27 17:02:30.153539	Speaker	play	None
2017-02-27 17:02:32.141278	Speaker	stop	None
2017-02-27 17:02:32.141945	Trial	end	469
2017-02-27 17:02:32.142534	Trial	start	470
2017-02-27 17:02:32.144254	Speaker	play	None
2017-02-27 17:02:32.190458	Speaker	stop	None
2017-02-27 17:02:32.191123	Trial	end	470
2017-02-27 17:02:32.191846	Trial	start	471
2017-02-27 17:02:32.194680	Speaker	play	None
2017-02-27 17:02:38.199150	Speaker	stop	None
2017-02-27 17:02:38.199943	Hopper	up	None
2017-02-27 17:02:50.200176	Hopper	down	None
2017-02-27 17:02:50.503283	Trial	end	471
2017-02-27 17:03:08.099444	Trial	start	472
2017-02-27 17:03:08.101403	Speaker	play	None
2017-02-27 17:03:14.104143	Speaker	stop	None
2017-02-27 17:03:14.104930	Trial	end	472
2017-02-27 17:03:17.192381	Trial	start	473
2017-02-27 17:03:17.194559	Speaker	play	None
2017-02-27 17:03:17.999564	Speaker	stop	None
2017-02-27 17:03:18.000330	Trial	end	473
2017-02-27 17:03:18.001083	Trial	start	474
2017-02-27 17:03:18.003799	Speaker	play	None
2017-02-27 17:03:18.040928	Speaker	stop	None
2017-02-27 17:03:18.041582	Trial	end	474
2017-02-27 17:03:18.042172	Trial	start	475
2017-02-27 17:03:18.043913	Speaker	play	None
2017-02-27 17:03:18.847320	Speaker	stop	None
2017-02-27 17:03:18.847918	Trial	end	475
2017-02-27 17:03:18.848542	Trial	start	476
2017-02-27 17:03:18.850421	Speaker	play	None
2017-02-27 17:03:22.414840	Speaker	stop	None
2017-02-27 17:03:22.415452	Trial	end	476
2017-02-27 17:03:22.416064	Trial	start	477
2017-02-27 17:03:22.417934	Speaker	play	None
2017-02-27 17:03:22.468127	Speaker	stop	None
2017-02-27 17:03:22.468725	Trial	end	477
2017-02-27 17:03:22.469393	Trial	start	478
2017-02-27 17:03:22.471209	Speaker	play	None
2017-02-27 17:03:28.476840	Speaker	stop	None
2017-02-27 17:03:28.477430	Trial	end	478
2017-02-27 17:03:33.793281	Trial	start	479
2017-02-27 17:03:33.797585	Speaker	play	None
2017-02-27 17:03:39.802268	Speaker	stop	None
2017-02-27 17:03:39.802959	Trial	end	479
2017-02-27 17:03:48.112629	Trial	start	480
2017-02-27 17:03:48.114651	Speaker	play	None
2017-02-27 17:03:54.117392	Speaker	stop	None
2017-02-27 17:03:54.118585	Hopper	up	None
2017-02-27 17:04:06.122426	Hopper	down	None
2017-02-27 17:04:06.425611	Trial	end	480
2017-02-27 17:04:22.555241	Trial	start	481
2017-02-27 17:04:22.558001	Speaker	play	None
2017-02-27 17:04:22.612699	Speaker	stop	None
2017-02-27 17:04:22.613328	Trial	end	481
2017-02-27 17:04:22.614141	Trial	start	482
2017-02-27 17:04:22.620641	Speaker	play	None
2017-02-27 17:04:22.883184	Speaker	stop	None
2017-02-27 17:04:22.884219	Trial	end	482
2017-02-27 17:04:22.884988	Trial	start	483
2017-02-27 17:04:22.887048	Speaker	play	None
2017-02-27 17:04:22.936271	Speaker	stop	None
2017-02-27 17:04:22.936803	Trial	end	483
2017-02-27 17:04:22.937461	Trial	start	484
2017-02-27 17:04:22.939290	Speaker	play	None
2017-02-27 17:04:23.915360	Speaker	stop	None
2017-02-27 17:04:23.916297	Trial	end	484
2017-02-27 17:04:23.917727	Trial	start	485
2017-02-27 17:04:23.921365	Speaker	play	None
2017-02-27 17:04:23.964406	Speaker	stop	None
2017-02-27 17:04:23.964988	Trial	end	485
2017-02-27 17:04:23.965531	Trial	start	486
2017-02-27 17:04:23.967173	Speaker	play	None
2017-02-27 17:04:29.973179	Speaker	stop	None
2017-02-27 17:04:29.974033	Trial	end	486
2017-02-27 17:04:33.118682	Trial	start	487
2017-02-27 17:04:33.121230	Speaker	play	None
2017-02-27 17:04:39.127463	Speaker	stop	None
2017-02-27 17:04:39.128289	Hopper	up	None
2017-02-27 17:04:51.132490	Hopper	down	None
2017-02-27 17:04:51.435574	Trial	end	487
2017-02-27 17:05:32.865933	Trial	start	488
2017-02-27 17:05:32.867840	Speaker	play	None
2017-02-27 17:05:38.870532	Speaker	stop	None
2017-02-27 17:05:38.871378	Trial	end	488
2017-02-27 17:05:44.633356	Trial	start	489
2017-02-27 17:05:44.635230	Speaker	play	None
2017-02-27 17:05:45.636938	Speaker	stop	None
2017-02-27 17:05:45.637467	Trial	end	489
2017-02-27 17:05:45.638046	Trial	start	490
2017-02-27 17:05:45.640131	Speaker	play	None
2017-02-27 17:05:45.690198	Speaker	stop	None
2017-02-27 17:05:45.690862	Trial	end	490
2017-02-27 17:05:45.691553	Trial	start	491
2017-02-27 17:05:45.694185	Speaker	play	None
2017-02-27 17:05:51.698876	Speaker	stop	None
2017-02-27 17:05:51.699408	Trial	end	491
2017-02-27 17:05:59.542581	Trial	start	492
2017-02-27 17:05:59.546614	Speaker	play	None
2017-02-27 17:05:59.591751	Speaker	stop	None
2017-02-27 17:05:59.592243	Trial	end	492
2017-02-27 17:05:59.592905	Trial	start	493
2017-02-27 17:05:59.595277	Speaker	play	None
2017-02-27 17:06:00.795881	Speaker	stop	None
2017-02-27 17:06:00.796405	Trial	end	493
2017-02-27 17:06:00.797542	Trial	start	494
2017-02-27 17:06:00.801785	Speaker	play	None
2017-02-27 17:06:00.849303	Speaker	stop	None
2017-02-27 17:06:00.850149	Trial	end	494
2017-02-27 17:06:00.851083	Trial	start	495
2017-02-27 17:06:00.854858	Speaker	play	None
2017-02-27 17:06:06.861934	Speaker	stop	None
2017-02-27 17:06:06.862535	Trial	end	495
2017-02-27 17:06:29.667882	Trial	start	496
2017-02-27 17:06:29.669784	Speaker	play	None
2017-02-27 17:06:35.672611	Speaker	stop	None
2017-02-27 17:06:35.673364	Trial	end	496
2017-02-27 17:06:39.166259	Trial	start	497
2017-02-27 17:06:39.168350	Speaker	play	None
2017-02-27 17:06:45.170952	Speaker	stop	None
2017-02-27 17:06:45.171465	Trial	end	497
2017-02-27 17:07:19.666532	Trial	start	498
2017-02-27 17:07:19.668670	Speaker	play	None
2017-02-27 17:07:20.924069	Speaker	stop	None
2017-02-27 17:07:20.924666	Trial	end	498
2017-02-27 17:07:20.925200	Trial	start	499
2017-02-27 17:07:20.927278	Speaker	play	None
2017-02-27 17:07:26.932852	Speaker	stop	None
2017-02-27 17:07:26.933666	Trial	end	499
2017-02-27 17:14:54.704305	PeckPort	off	None
2017-02-27 17:14:54.704575	HouseLight	on	None
2017-02-27 17:14:54.704723	Hopper	down	None
