"2017-02-27 09:43:13,432","INFO","Preparing subject and data storage"
"2017-02-27 09:43:13,432","INFO","Created subject object with name LblGra3039M"
"2017-02-27 09:43:13,432","INFO","Created datastore CSVStore: filename = /home/fet/data/LblGra3039M/270217/LblGra3039M_trialdata_20170227094313.csv, fields = session, index, time, stimulus_name, condition_name, response, correct, rt, reward, max_wait for subject LblGra3039M"
"2017-02-27 09:43:13,433","INFO","Preparing to run experiment Go No-Go Interruption"
"2017-02-27 09:43:13,737","INFO","Entering Idle state"
"2017-02-27 09:43:14,040","INFO","Beginning block #1"
"2017-02-27 09:43:18,296","INFO","Trial 1 - 09:43:18 - Unrewarded - /home/fet/stimuli/test_categories_box2/nonreward/Th_Stim_2_Unknown000_020109031007.wav"
"2017-02-27 09:43:27,028","INFO","Trial 2 - 09:43:27 - Unrewarded - /home/fet/stimuli/test_categories_box2/nonreward/Di_Stim_8_Unknown_11_020102010202.wav"
"2017-02-27 09:43:37,934","INFO","Trial 3 - 09:43:37 - Unrewarded - /home/fet/stimuli/test_categories_box2/nonreward/Th_Stim_8_GreOra1817_252146063808.wav"
"2017-02-27 09:43:43,474","INFO","Trial 4 - 09:43:43 - Unrewarded - /home/fet/stimuli/test_categories_box2/nonreward/LT_Stim_1_WhiBlu3615_010703040205.wav"
"2017-02-27 09:43:43,522","INFO","Trial 5 - 09:43:43 - Unrewarded - /home/fet/stimuli/test_categories_box2/nonreward/Wh_Stim_1_LblRed0613_290105354319.wav"
"2017-02-27 09:43:55,157","INFO","Trial 6 - 09:43:55 - Unrewarded - /home/fet/stimuli/test_categories_box2/nonreward/Th_Stim_10_Unknown_11_070106090805.wav"
"2017-02-27 09:44:02,738","INFO","Trial 7 - 09:44:02 - Unrewarded - /home/fet/stimuli/test_categories_box2/nonreward/LT_Stim_3_WhiBlu3615_050304070601.wav"
"2017-02-27 09:44:02,789","INFO","Trial 8 - 09:44:02 - Unrewarded - /home/fet/stimuli/test_categories_box2/nonreward/DC_Stim_5_BluRas61dd_052509042603.wav"
"2017-02-27 09:44:15,644","INFO","Trial 9 - 09:44:15 - Unrewarded - /home/fet/stimuli/test_categories_box2/nonreward/Di_Stim_2_Unknown000_010201010101.wav"
"2017-02-27 09:44:25,842","INFO","Trial 10 - 09:44:25 - Unrewarded - /home/fet/stimuli/test_categories_box2/nonreward/So_Stim_5_YelOra2575_022526.wav"
"2017-02-27 09:44:43,802","INFO","Trial 11 - 09:44:43 - Unrewarded - /home/fet/stimuli/test_categories_box2/nonreward/Te_Stim_9_GreRas2400_271819230531.wav"
"2017-02-27 09:44:43,857","INFO","Trial 12 - 09:44:43 - Unrewarded - /home/fet/stimuli/test_categories_box2/nonreward/Be_Stim_9_LblBlu2028_03_0104_0311_01.wav"
"2017-02-27 09:44:56,647","INFO","Trial 13 - 09:44:56 - Rewarded - /home/fet/stimuli/test_categories_box2/reward/Ag_Stim_10_BluRas07dd_241720151210.wav"
"2017-02-27 09:45:02,656","INFO","Supplying reward for 12.00 seconds"
"2017-02-27 09:45:31,710","INFO","Trial 14 - 09:45:31 - Unrewarded - /home/fet/stimuli/test_categories_box2/nonreward/Te_Stim_6_WhiWhi1415_400405091506.wav"
"2017-02-27 09:45:41,909","INFO","Trial 15 - 09:45:41 - Unrewarded - /home/fet/stimuli/test_categories_box2/nonreward/Tu_Stim_3_BlaLbl8026_110807120509.wav"
"2017-02-27 09:45:43,025","INFO","Trial 16 - 09:45:43 - Unrewarded - /home/fet/stimuli/test_categories_box2/nonreward/Di_Stim_6_WhiBlu4818_060606060606.wav"
"2017-02-27 09:45:43,078","INFO","Trial 17 - 09:45:43 - Unrewarded - /home/fet/stimuli/test_categories_box2/nonreward/Be_Stim_4_LblGre0000_101108.wav"
"2017-02-27 09:45:53,438","INFO","Trial 18 - 09:45:53 - Rewarded - /home/fet/stimuli/test_categories_box2/reward/Ag_Stim_10_WhiWhi1415_020202020202.wav"
"2017-02-27 09:45:59,445","INFO","Supplying reward for 12.00 seconds"
"2017-02-27 09:46:32,712","INFO","Trial 19 - 09:46:32 - Unrewarded - /home/fet/stimuli/test_categories_box2/nonreward/Tu_Stim_10_HPiHPi4748_153003241408.wav"
"2017-02-27 09:46:42,791","INFO","Trial 20 - 09:46:42 - Rewarded - /home/fet/stimuli/test_categories_box2/reward/Ag_Stim_1_GraLbl0457_121511080509.wav"
"2017-02-27 09:46:48,800","INFO","Supplying reward for 12.00 seconds"
"2017-02-27 09:47:09,888","INFO","Trial 21 - 09:47:09 - Unrewarded - /home/fet/stimuli/test_categories_box2/nonreward/Wh_Stim_4_WhiBlu5698_040219111520.wav"
"2017-02-27 09:47:20,737","INFO","Trial 22 - 09:47:20 - Rewarded - /home/fet/stimuli/test_categories_box2/reward/Ag_Stim_5_Unknown000_060106010601.wav"
"2017-02-27 09:47:26,746","INFO","Supplying reward for 12.00 seconds"
"2017-02-27 09:47:58,900","INFO","Trial 23 - 09:47:58 - Unrewarded - /home/fet/stimuli/test_categories_box2/nonreward/Wh_Stim_4_YelGre5275_061102071401.wav"
"2017-02-27 09:48:09,348","INFO","Trial 24 - 09:48:09 - Unrewarded - /home/fet/stimuli/test_categories_box2/nonreward/Tu_Stim_6_PurRas20dd_070401060508.wav"
"2017-02-27 09:48:09,402","INFO","Trial 25 - 09:48:09 - Unrewarded - /home/fet/stimuli/test_categories_box2/nonreward/Be_Stim_2_LblBlu1630_0404_c.04_b..wav"
"2017-02-27 09:48:13,674","INFO","Trial 26 - 09:48:13 - Rewarded - /home/fet/stimuli/test_categories_box2/reward/Ag_Stim_5_HPiHPi4748_192833082038.wav"
"2017-02-27 09:48:13,727","INFO","Trial 27 - 09:48:13 - Rewarded - /home/fet/stimuli/test_categories_box2/reward/Ag_Stim_5_GraGra0201_100513140906.wav"
"2017-02-27 09:48:19,735","INFO","Supplying reward for 12.00 seconds"
"2017-02-27 09:48:41,994","INFO","Trial 28 - 09:48:41 - Unrewarded - /home/fet/stimuli/test_categories_box2/nonreward/DC_Stim_6_WhiWhi1415_050204030105.wav"
"2017-02-27 09:48:46,132","INFO","Trial 29 - 09:48:46 - Rewarded - /home/fet/stimuli/test_categories_box2/reward/Ag_Stim_3_WhiBlu4917_010101010101.wav"
"2017-02-27 09:48:46,181","INFO","Trial 30 - 09:48:46 - Unrewarded - /home/fet/stimuli/test_categories_box2/nonreward/LT_Stim_3_WhiBlu3414_170601100714.wav"
"2017-02-27 09:48:49,588","INFO","Trial 31 - 09:48:49 - Rewarded - /home/fet/stimuli/test_categories_box2/reward/Ag_Stim_2_HPiHPi4748_393121381727.wav"
"2017-02-27 09:48:55,596","INFO","Supplying reward for 12.00 seconds"
"2017-02-27 09:49:24,785","INFO","Trial 32 - 09:49:24 - Unrewarded - /home/fet/stimuli/test_categories_box2/nonreward/Ne_Stim_4_Unknown01F_020102020202.wav"
"2017-02-27 09:49:34,930","INFO","Trial 33 - 09:49:34 - Unrewarded - /home/fet/stimuli/test_categories_box2/nonreward/Te_Stim_2_GreRas2400_132607223421.wav"
"2017-02-27 09:49:38,863","INFO","Trial 34 - 09:49:38 - Unrewarded - /home/fet/stimuli/test_categories_box2/nonreward/LT_Stim_4_WhiBlu3414_142022050215.wav"
"2017-02-27 09:49:44,847","INFO","Trial 35 - 09:49:44 - Rewarded - /home/fet/stimuli/test_categories_box2/reward/Ag_Stim_10_GraLbl0457_090607151112.wav"
"2017-02-27 09:49:50,854","INFO","Supplying reward for 12.00 seconds"
"2017-02-27 09:50:13,441","INFO","Trial 36 - 09:50:13 - Unrewarded - /home/fet/stimuli/test_categories_box2/nonreward/Di_Stim_8_WhiWhi1415_020202020202.wav"
"2017-02-27 09:50:25,765","INFO","Trial 37 - 09:50:25 - Unrewarded - /home/fet/stimuli/test_categories_box2/nonreward/DC_Stim_9_WhiLbl0010_060223082118.wav"
"2017-02-27 09:50:26,007","INFO","Trial 38 - 09:50:26 - Unrewarded - /home/fet/stimuli/test_categories_box2/nonreward/So_Stim_9_YelOra2575_150224.wav"
"2017-02-27 09:50:26,061","INFO","Trial 39 - 09:50:26 - Rewarded - /home/fet/stimuli/test_categories_box2/reward/Ag_Stim_3_Unknown000_060106010601.wav"
"2017-02-27 09:50:32,068","INFO","Supplying reward for 12.00 seconds"
"2017-02-27 09:50:57,469","INFO","Trial 40 - 09:50:57 - Unrewarded - /home/fet/stimuli/test_categories_box2/nonreward/LT_Stim_1_LblBlu6243_082226272420.wav"
"2017-02-27 09:50:57,523","INFO","Trial 41 - 09:50:57 - Unrewarded - /home/fet/stimuli/test_categories_box2/nonreward/Ne_Stim_4_HPiHPi4748_231836353738.wav"
"2017-02-27 09:51:05,758","INFO","Trial 42 - 09:51:05 - Unrewarded - /home/fet/stimuli/test_categories_box2/nonreward/Wh_Stim_10_HPiHPi4748_222002262931.wav"
"2017-02-27 09:51:10,388","INFO","Trial 43 - 09:51:10 - Unrewarded - /home/fet/stimuli/test_categories_box2/nonreward/Di_Stim_8_GraGra0201_010701010101.wav"
"2017-02-27 09:51:19,254","INFO","Trial 44 - 09:51:19 - Unrewarded - /home/fet/stimuli/test_categories_box2/nonreward/Wh_Stim_3_HPiHPi4748_060533193416.wav"
"2017-02-27 09:51:23,777","INFO","Trial 45 - 09:51:23 - Unrewarded - /home/fet/stimuli/test_categories_box2/nonreward/LT_Stim_2_LblGre0001_010302070405.wav"
"2017-02-27 09:51:27,479","INFO","Trial 46 - 09:51:27 - Unrewarded - /home/fet/stimuli/test_categories_box2/nonreward/Wh_Stim_6_LblBla4548_130915170506.wav"
"2017-02-27 09:51:38,302","INFO","Trial 47 - 09:51:38 - Rewarded - /home/fet/stimuli/test_categories_box2/reward/Ag_Stim_2_WhiRas44dd_101121173105.wav"
"2017-02-27 09:51:44,311","INFO","Supplying reward for 12.00 seconds"
"2017-02-27 09:52:16,695","INFO","Trial 48 - 09:52:16 - Unrewarded - /home/fet/stimuli/test_categories_box2/nonreward/LT_Stim_10_WhiBlu3615_010702050304.wav"
"2017-02-27 09:52:16,750","INFO","Trial 49 - 09:52:16 - Unrewarded - /home/fet/stimuli/test_categories_box2/nonreward/Ne_Stim_8_WhiLbl0010_222015262836.wav"
"2017-02-27 09:52:26,045","INFO","Trial 50 - 09:52:26 - Unrewarded - /home/fet/stimuli/test_categories_box2/nonreward/Th_Stim_10_WhiBlu5698_040607010706.wav"
"2017-02-27 09:52:29,696","INFO","Trial 51 - 09:52:29 - Unrewarded - /home/fet/stimuli/test_categories_box2/nonreward/Th_Stim_8_HPiHPi4748_292127061218.wav"
"2017-02-27 09:52:29,974","INFO","Trial 52 - 09:52:29 - Rewarded - /home/fet/stimuli/test_categories_box2/reward/Ag_Stim_8_HPiHPi4748_212923253110.wav"
"2017-02-27 09:52:30,027","INFO","Trial 53 - 09:52:30 - Unrewarded - /home/fet/stimuli/test_categories_box2/nonreward/Te_Stim_4_LblRed0613_211230281325.wav"
"2017-02-27 09:52:33,177","INFO","Trial 54 - 09:52:33 - Unrewarded - /home/fet/stimuli/test_categories_box2/nonreward/Th_Stim_4_WhiWhi1415_252129012804.wav"
"2017-02-27 09:52:34,074","INFO","Trial 55 - 09:52:34 - Rewarded - /home/fet/stimuli/test_categories_box2/reward/Ag_Stim_6_GraGra0201_021211090413.wav"
"2017-02-27 09:52:34,127","INFO","Trial 56 - 09:52:34 - Unrewarded - /home/fet/stimuli/test_categories_box2/nonreward/Be_Stim_6_LblGre0001_060104.wav"
"2017-02-27 09:52:39,369","INFO","Trial 57 - 09:52:39 - Rewarded - /home/fet/stimuli/test_categories_box2/reward/Ag_Stim_3_LblRed0613_101425300107.wav"
"2017-02-27 09:52:39,427","INFO","Trial 58 - 09:52:39 - Unrewarded - /home/fet/stimuli/test_categories_box2/nonreward/Ne_Stim_10_Unknown00F_020102020202.wav"
"2017-02-27 09:52:45,239","INFO","Trial 59 - 09:52:45 - Unrewarded - /home/fet/stimuli/test_categories_box2/nonreward/DC_Stim_4_GraGra0201_063732311022.wav"
"2017-02-27 09:52:53,642","INFO","Trial 60 - 09:52:53 - Rewarded - /home/fet/stimuli/test_categories_box2/reward/Ag_Stim_6_Unknown000_060106010106.wav"
"2017-02-27 09:52:59,651","INFO","Supplying reward for 12.00 seconds"
"2017-02-27 09:53:52,582","INFO","Trial 61 - 09:53:52 - Unrewarded - /home/fet/stimuli/test_categories_box2/nonreward/Be_Stim_10_WhiBlu0112_030908.wav"
"2017-02-27 09:53:55,774","INFO","Trial 62 - 09:53:55 - Unrewarded - /home/fet/stimuli/test_categories_box2/nonreward/Wh_Stim_3_YelGre5275_020912100507.wav"
"2017-02-27 09:54:06,454","INFO","Trial 63 - 09:54:06 - Unrewarded - /home/fet/stimuli/test_categories_box2/nonreward/Be_Stim_6_GraRas1500_040607.wav"
"2017-02-27 09:54:07,333","INFO","Trial 64 - 09:54:07 - Unrewarded - /home/fet/stimuli/test_categories_box2/nonreward/DC_Stim_8_LblBla4548_042821484430.wav"
"2017-02-27 09:54:07,385","INFO","Trial 65 - 09:54:07 - Rewarded - /home/fet/stimuli/test_categories_box2/reward/Ag_Stim_7_BluRas07dd_051512101308.wav"
"2017-02-27 09:54:13,393","INFO","Supplying reward for 12.00 seconds"
"2017-02-27 09:54:49,831","INFO","Trial 66 - 09:54:49 - Rewarded - /home/fet/stimuli/test_categories_box2/reward/Ag_Stim_3_WhiBlu4818_060507070607.wav"
"2017-02-27 09:54:49,890","INFO","Trial 67 - 09:54:49 - Unrewarded - /home/fet/stimuli/test_categories_box2/nonreward/Wh_Stim_8_WhiRas44dd_030201030301.wav"
"2017-02-27 09:55:01,041","INFO","Trial 68 - 09:55:01 - Unrewarded - /home/fet/stimuli/test_categories_box2/nonreward/Te_Stim_10_LblRed0613_190810051620.wav"
"2017-02-27 09:55:01,091","INFO","Trial 69 - 09:55:01 - Unrewarded - /home/fet/stimuli/test_categories_box2/nonreward/So_Stim_9_RedRas3600_010204.wav"
"2017-02-27 09:55:11,563","INFO","Trial 70 - 09:55:11 - Rewarded - /home/fet/stimuli/test_categories_box2/reward/Ag_Stim_6_WhiBlu4917_010101010101.wav"
"2017-02-27 09:55:17,572","INFO","Supplying reward for 12.00 seconds"
"2017-02-27 09:55:47,412","INFO","Trial 71 - 09:55:47 - Unrewarded - /home/fet/stimuli/test_categories_box2/nonreward/Wh_Stim_9_LblBla4419_011817040313.wav"
"2017-02-27 09:55:56,701","INFO","Trial 72 - 09:55:56 - Unrewarded - /home/fet/stimuli/test_categories_box2/nonreward/Be_Stim_4_LblBlu1630_010404.wav"
"2017-02-27 09:55:57,588","INFO","Trial 73 - 09:55:57 - Unrewarded - /home/fet/stimuli/test_categories_box2/nonreward/DC_Stim_10_GraGra0201_353829493208.wav"
"2017-02-27 09:56:01,683","INFO","Trial 74 - 09:56:01 - Rewarded - /home/fet/stimuli/test_categories_box2/reward/Ag_Stim_1_WhiBlu4818_060705070607.wav"
"2017-02-27 09:56:07,690","INFO","Supplying reward for 12.00 seconds"
"2017-02-27 09:56:34,348","INFO","Trial 75 - 09:56:34 - Unrewarded - /home/fet/stimuli/test_categories_box2/nonreward/Tu_Stim_5_WhiLbl0010_151810032013.wav"
"2017-02-27 09:56:38,814","INFO","Trial 76 - 09:56:38 - Unrewarded - /home/fet/stimuli/test_categories_box2/nonreward/Di_Stim_5_BlaBla0506_010101010101.wav"
"2017-02-27 09:56:53,250","INFO","Trial 77 - 09:56:53 - Unrewarded - /home/fet/stimuli/test_categories_box2/nonreward/LT_Stim_5_LblBlu1927_010101010101.wav"
"2017-02-27 09:56:54,296","INFO","Trial 78 - 09:56:54 - Unrewarded - /home/fet/stimuli/test_categories_box2/nonreward/Be_Stim_9_LblGre0000_120208.wav"
"2017-02-27 09:56:59,562","INFO","Trial 79 - 09:56:59 - Unrewarded - /home/fet/stimuli/test_categories_box2/nonreward/Di_Stim_10_Unknown000_010202010201.wav"
"2017-02-27 09:57:09,084","INFO","Trial 80 - 09:57:09 - Unrewarded - /home/fet/stimuli/test_categories_box2/nonreward/DC_Stim_6_YelGre5275_321408023304.wav"
"2017-02-27 09:57:10,240","INFO","Trial 81 - 09:57:10 - Unrewarded - /home/fet/stimuli/test_categories_box2/nonreward/Th_Stim_7_LblRed0613_140209051611.wav"
"2017-02-27 09:57:22,657","INFO","Trial 82 - 09:57:22 - Rewarded - /home/fet/stimuli/test_categories_box2/reward/Ag_Stim_2_GraGra0201_051109021514.wav"
"2017-02-27 09:57:28,666","INFO","Supplying reward for 12.00 seconds"
"2017-02-27 09:58:03,990","INFO","Trial 83 - 09:58:03 - Unrewarded - /home/fet/stimuli/test_categories_box2/nonreward/Th_Stim_2_LblRed0613_040616131510.wav"
"2017-02-27 09:58:04,942","INFO","Trial 84 - 09:58:04 - Rewarded - /home/fet/stimuli/test_categories_box2/reward/Ag_Stim_3_GreOra1817_011827281314.wav"
"2017-02-27 09:58:04,991","INFO","Trial 85 - 09:58:04 - Unrewarded - /home/fet/stimuli/test_categories_box2/nonreward/Be_Stim_2_LblRas1800_02_0204_0210_02.wav"
"2017-02-27 09:58:15,495","INFO","Trial 86 - 09:58:15 - Rewarded - /home/fet/stimuli/test_categories_box2/reward/Ag_Stim_10_WhiBlu4917_010101010101.wav"
"2017-02-27 09:58:21,504","INFO","Supplying reward for 12.00 seconds"
"2017-02-27 09:59:02,300","INFO","Trial 87 - 09:59:02 - Unrewarded - /home/fet/stimuli/test_categories_box2/nonreward/Wh_Stim_6_LblBla4419_031013170516.wav"
"2017-02-27 09:59:03,260","INFO","Trial 88 - 09:59:03 - Rewarded - /home/fet/stimuli/test_categories_box2/reward/Ag_Stim_2_Unknown000_060106010601.wav"
"2017-02-27 09:59:03,313","INFO","Trial 89 - 09:59:03 - Unrewarded - /home/fet/stimuli/test_categories_box2/nonreward/Wh_Stim_3_GraLbl0457_040501020102.wav"
"2017-02-27 09:59:03,530","INFO","Trial 90 - 09:59:03 - Unrewarded - /home/fet/stimuli/test_categories_box2/nonreward/So_Stim_8_LblBla4419_050209.wav"
"2017-02-27 09:59:14,362","INFO","Trial 91 - 09:59:14 - Unrewarded - /home/fet/stimuli/test_categories_box2/nonreward/LT_Stim_7_WhiBlu0112_090422061807.wav"
"2017-02-27 09:59:15,244","INFO","Trial 92 - 09:59:15 - Unrewarded - /home/fet/stimuli/test_categories_box2/nonreward/Di_Stim_10_WhiBlu4818_060606060606.wav"
"2017-02-27 09:59:27,960","INFO","Trial 93 - 09:59:27 - Rewarded - /home/fet/stimuli/test_categories_box2/reward/Ag_Stim_6_GraLbl0457_121105071509.wav"
"2017-02-27 09:59:33,969","INFO","Supplying reward for 12.00 seconds"
"2017-02-27 09:59:59,468","INFO","Trial 94 - 09:59:59 - Unrewarded - /home/fet/stimuli/test_categories_box2/nonreward/Di_Stim_10_YelOra2575_110909111109.wav"
"2017-02-27 10:00:11,517","INFO","Trial 95 - 10:00:11 - Unrewarded - /home/fet/stimuli/test_categories_box2/nonreward/Te_Stim_7_GreGre6364_111207080310.wav"
"2017-02-27 10:00:15,958","INFO","Trial 96 - 10:00:15 - Unrewarded - /home/fet/stimuli/test_categories_box2/nonreward/DC_Stim_1_GraLbl0457_201026182713.wav"
"2017-02-27 10:00:17,498","INFO","Trial 97 - 10:00:17 - Unrewarded - /home/fet/stimuli/test_categories_box2/nonreward/Ne_Stim_7_BlaBla0506_090704160407.wav"
"2017-02-27 10:00:25,967","INFO","Trial 98 - 10:00:25 - Unrewarded - /home/fet/stimuli/test_categories_box2/nonreward/Th_Stim_6_LblRed0613_091806030113.wav"
"2017-02-27 10:00:30,342","INFO","Trial 99 - 10:00:30 - Unrewarded - /home/fet/stimuli/test_categories_box2/nonreward/Tu_Stim_4_YelOra2575_11190522060..wav"
"2017-02-27 10:00:31,231","INFO","Trial 100 - 10:00:31 - Unrewarded - /home/fet/stimuli/test_categories_box2/nonreward/Th_Stim_1_GraGra0201_443005342204.wav"
"2017-02-27 10:00:37,910","INFO","Trial 101 - 10:00:37 - Unrewarded - /home/fet/stimuli/test_categories_box2/nonreward/So_Stim_10_GraLbl0457_051304.wav"
"2017-02-27 10:00:51,475","INFO","Trial 102 - 10:00:51 - Unrewarded - /home/fet/stimuli/test_categories_box2/nonreward/DC_Stim_4_WhiWhi1415_010203050405.wav"
"2017-02-27 10:00:52,881","INFO","Trial 103 - 10:00:52 - Unrewarded - /home/fet/stimuli/test_categories_box2/nonreward/DC_Stim_4_HPiHPi4748_291205091901.wav"
"2017-02-27 10:00:54,445","INFO","Trial 104 - 10:00:54 - Unrewarded - /home/fet/stimuli/test_categories_box2/nonreward/Wh_Stim_5_LblBla4548_101415080116.wav"
"2017-02-27 10:01:07,395","INFO","Trial 105 - 10:01:07 - Unrewarded - /home/fet/stimuli/test_categories_box2/nonreward/Te_Stim_1_GreGre2522_121109182532.wav"
"2017-02-27 10:01:08,534","INFO","Trial 106 - 10:01:08 - Rewarded - /home/fet/stimuli/test_categories_box2/reward/Ag_Stim_4_WhiBlu4818_070506060507.wav"
"2017-02-27 10:01:08,584","INFO","Trial 107 - 10:01:08 - Unrewarded - /home/fet/stimuli/test_categories_box2/nonreward/LT_Stim_6_LblBlu6243_050212162126.wav"
"2017-02-27 10:01:09,801","INFO","Trial 108 - 10:01:09 - Unrewarded - /home/fet/stimuli/test_categories_box2/nonreward/LT_Stim_4_LblBlu6680_261319043114.wav"
"2017-02-27 10:01:10,959","INFO","Trial 109 - 10:01:10 - Unrewarded - /home/fet/stimuli/test_categories_box2/nonreward/Di_Stim_7_YelOra2575_091109090909.wav"
"2017-02-27 10:01:23,040","INFO","Trial 110 - 10:01:23 - Unrewarded - /home/fet/stimuli/test_categories_box2/nonreward/Th_Stim_9_Unknown_11_060804110209.wav"
"2017-02-27 10:01:24,323","INFO","Trial 111 - 10:01:24 - Unrewarded - /home/fet/stimuli/test_categories_box2/nonreward/So_Stim_10_LblBla4548_490207.wav"
"2017-02-27 10:01:35,167","INFO","Trial 112 - 10:01:35 - Unrewarded - /home/fet/stimuli/test_categories_box2/nonreward/Th_Stim_9_WhiBlu4917_010708040309.wav"
"2017-02-27 10:01:36,057","INFO","Trial 113 - 10:01:36 - Unrewarded - /home/fet/stimuli/test_categories_box2/nonreward/Be_Stim_9_LblBlu6680_05_0205_0307_01.wav"
"2017-02-27 10:01:37,878","INFO","Trial 114 - 10:01:37 - Unrewarded - /home/fet/stimuli/test_categories_box2/nonreward/Di_Stim_2_HPiHPi4748_030505050503.wav"
"2017-02-27 10:01:43,246","INFO","Trial 115 - 10:01:43 - Unrewarded - /home/fet/stimuli/test_categories_box2/nonreward/Di_Stim_5_WhiWhi1415_020202020202.wav"
"2017-02-27 10:01:53,794","INFO","Trial 116 - 10:01:53 - Unrewarded - /home/fet/stimuli/test_categories_box2/nonreward/So_Stim_6_RedRas3600_010406.wav"
"2017-02-27 10:02:06,372","INFO","Trial 117 - 10:02:06 - Unrewarded - /home/fet/stimuli/test_categories_box2/nonreward/Ne_Stim_6_LblBla4419_012260180750.wav"
"2017-02-27 10:02:12,888","INFO","Trial 118 - 10:02:12 - Unrewarded - /home/fet/stimuli/test_categories_box2/nonreward/So_Stim_7_WhiBlu5698_310802.wav"
"2017-02-27 10:02:12,947","INFO","Trial 119 - 10:02:12 - Unrewarded - /home/fet/stimuli/test_categories_box2/nonreward/DC_Stim_6_WhiBlu4917_190508012220.wav"
"2017-02-27 10:02:18,143","INFO","Trial 120 - 10:02:18 - Unrewarded - /home/fet/stimuli/test_categories_box2/nonreward/LT_Stim_7_LblBlu6243_050315190817.wav"
"2017-02-27 10:02:19,529","INFO","Trial 121 - 10:02:19 - Unrewarded - /home/fet/stimuli/test_categories_box2/nonreward/DC_Stim_4_BlaBla0506_120521190126.wav"
"2017-02-27 10:02:26,933","INFO","Trial 122 - 10:02:26 - Unrewarded - /home/fet/stimuli/test_categories_box2/nonreward/So_Stim_2_GraLbl0457_011113.wav"
"2017-02-27 10:02:40,895","INFO","Trial 123 - 10:02:40 - Unrewarded - /home/fet/stimuli/test_categories_box2/nonreward/LT_Stim_8_LblBlu2028_021506121104.wav"
"2017-02-27 10:02:46,474","INFO","Trial 124 - 10:02:46 - Rewarded - /home/fet/stimuli/test_categories_box2/reward/Ag_Stim_6_LblRed0613_252114020128.wav"
"2017-02-27 10:02:46,536","INFO","Trial 125 - 10:02:46 - Unrewarded - /home/fet/stimuli/test_categories_box2/nonreward/Di_Stim_4_HPiHPi4748_050305050505.wav"
"2017-02-27 10:02:53,489","INFO","Trial 126 - 10:02:53 - Rewarded - /home/fet/stimuli/test_categories_box2/reward/Ag_Stim_7_WhiBlu4818_070506050707.wav"
"2017-02-27 10:02:59,498","INFO","Supplying reward for 12.00 seconds"
"2017-02-27 10:03:34,524","INFO","Trial 127 - 10:03:34 - Unrewarded - /home/fet/stimuli/test_categories_box2/nonreward/So_Stim_3_LblBla4419_090102.wav"
"2017-02-27 10:03:47,097","INFO","Trial 128 - 10:03:47 - Unrewarded - /home/fet/stimuli/test_categories_box2/nonreward/Tu_Stim_2_LblRed0613_010408020603.wav"
"2017-02-27 10:03:48,901","INFO","Trial 129 - 10:03:48 - Unrewarded - /home/fet/stimuli/test_categories_box2/nonreward/Wh_Stim_3_GraGra0201_050405020106.wav"
"2017-02-27 10:04:02,489","INFO","Trial 130 - 10:04:02 - Unrewarded - /home/fet/stimuli/test_categories_box2/nonreward/Wh_Stim_8_LblRed0613_431805203514.wav"
"2017-02-27 10:04:15,026","INFO","Trial 131 - 10:04:15 - Unrewarded - /home/fet/stimuli/test_categories_box2/nonreward/So_Stim_6_LblBla4419_050902.wav"
"2017-02-27 10:04:31,245","INFO","Trial 132 - 10:04:31 - Unrewarded - /home/fet/stimuli/test_categories_box2/nonreward/Di_Stim_4_WhiBlu4917_010101010101.wav"
"2017-02-27 10:04:50,740","INFO","Trial 133 - 10:04:50 - Unrewarded - /home/fet/stimuli/test_categories_box2/nonreward/DC_Stim_8_WhiBlu5698_081404060217.wav"
"2017-02-27 10:04:52,401","INFO","Trial 134 - 10:04:52 - Unrewarded - /home/fet/stimuli/test_categories_box2/nonreward/Tu_Stim_6_WhiLbl0010_091316142024.wav"
"2017-02-27 10:04:53,397","INFO","Trial 135 - 10:04:53 - Unrewarded - /home/fet/stimuli/test_categories_box2/nonreward/So_Stim_4_YelOra2575_021413.wav"
"2017-02-27 10:05:04,223","INFO","Trial 136 - 10:05:04 - Rewarded - /home/fet/stimuli/test_categories_box2/reward/Ag_Stim_10_HPiHPi4748_182908212606.wav"
"2017-02-27 10:05:10,233","INFO","Supplying reward for 12.00 seconds"
"2017-02-27 10:05:50,574","INFO","Trial 137 - 10:05:50 - Unrewarded - /home/fet/stimuli/test_categories_box2/nonreward/So_Stim_2_LblBla4548_182105.wav"
"2017-02-27 10:06:06,371","INFO","Trial 138 - 10:06:06 - Rewarded - /home/fet/stimuli/test_categories_box2/reward/Ag_Stim_8_LblRed0613_351108012129.wav"
"2017-02-27 10:06:12,380","INFO","Supplying reward for 12.00 seconds"
"2017-02-27 10:07:11,484","INFO","Trial 139 - 10:07:11 - Unrewarded - /home/fet/stimuli/test_categories_box2/nonreward/Ne_Stim_7_BluRas07dd_010312210922.wav"
"2017-02-27 10:07:22,952","INFO","Trial 140 - 10:07:22 - Unrewarded - /home/fet/stimuli/test_categories_box2/nonreward/LT_Stim_9_LblBlu2028_081510051412.wav"
"2017-02-27 10:07:27,148","INFO","Trial 141 - 10:07:27 - Unrewarded - /home/fet/stimuli/test_categories_box2/nonreward/Tu_Stim_5_PurRas20dd_010803050406.wav"
"2017-02-27 10:07:27,205","INFO","Trial 142 - 10:07:27 - Unrewarded - /home/fet/stimuli/test_categories_box2/nonreward/Ne_Stim_4_Unknown000_010101010101.wav"
"2017-02-27 10:07:28,429","INFO","Trial 143 - 10:07:28 - Unrewarded - /home/fet/stimuli/test_categories_box2/nonreward/So_Stim_9_BlaBla0506_120615.wav"
"2017-02-27 10:07:28,487","INFO","Trial 144 - 10:07:28 - Unrewarded - /home/fet/stimuli/test_categories_box2/nonreward/DC_Stim_3_HPiHPi4748_031504072106.wav"
"2017-02-27 10:07:31,833","INFO","Trial 145 - 10:07:31 - Unrewarded - /home/fet/stimuli/test_categories_box2/nonreward/Wh_Stim_2_LblBla4419_031105120813.wav"
"2017-02-27 10:07:40,040","INFO","Trial 146 - 10:07:40 - Unrewarded - /home/fet/stimuli/test_categories_box2/nonreward/LT_Stim_3_LblBlu2028_050602040713.wav"
"2017-02-27 10:07:46,408","INFO","Trial 147 - 10:07:46 - Rewarded - /home/fet/stimuli/test_categories_box2/reward/Ag_Stim_5_WhiWhi1415_020202020202.wav"
"2017-02-27 10:07:52,413","INFO","Supplying reward for 12.00 seconds"
"2017-02-27 10:08:16,528","INFO","Trial 148 - 10:08:16 - Unrewarded - /home/fet/stimuli/test_categories_box2/nonreward/Tu_Stim_3_GraLbl0457_150416130603.wav"
"2017-02-27 10:08:17,566","INFO","Trial 149 - 10:08:17 - Unrewarded - /home/fet/stimuli/test_categories_box2/nonreward/Ne_Stim_10_LblBla4419_133260365533.wav"
"2017-02-27 10:08:32,481","INFO","Trial 150 - 10:08:32 - Unrewarded - /home/fet/stimuli/test_categories_box2/nonreward/Be_Stim_2_GraRas1500_010407.wav"
"2017-02-27 10:08:33,584","INFO","Trial 151 - 10:08:33 - Unrewarded - /home/fet/stimuli/test_categories_box2/nonreward/Tu_Stim_3_PurRas20dd_020604050708.wav"
"2017-02-27 10:08:39,391","INFO","Trial 152 - 10:08:39 - Unrewarded - /home/fet/stimuli/test_categories_box2/nonreward/DC_Stim_3_WhiBlu4917_180620192208.wav"
"2017-02-27 10:08:40,899","INFO","Trial 153 - 10:08:40 - Unrewarded - /home/fet/stimuli/test_categories_box2/nonreward/LT_Stim_4_LblRas1800_010403020605.wav"
"2017-02-27 10:08:42,714","INFO","Trial 154 - 10:08:42 - Rewarded - /home/fet/stimuli/test_categories_box2/reward/Ag_Stim_10_WhiBlu4818_050607050607.wav"
"2017-02-27 10:08:48,721","INFO","Supplying reward for 12.00 seconds"
"2017-02-27 10:09:41,497","INFO","Trial 155 - 10:09:41 - Unrewarded - /home/fet/stimuli/test_categories_box2/nonreward/So_Stim_9_LblBla4548_123725.wav"
"2017-02-27 10:09:55,152","INFO","Trial 156 - 10:09:55 - Unrewarded - /home/fet/stimuli/test_categories_box2/nonreward/Ne_Stim_4_LblBla4419_171041123001.wav"
"2017-02-27 10:10:01,382","INFO","Trial 157 - 10:10:01 - Unrewarded - /home/fet/stimuli/test_categories_box2/nonreward/LT_Stim_6_LblBlu6379_160307090223.wav"
"2017-02-27 10:10:02,272","INFO","Trial 158 - 10:10:02 - Unrewarded - /home/fet/stimuli/test_categories_box2/nonreward/Tu_Stim_2_YelGre5275_101305031408.wav"
"2017-02-27 10:10:07,088","INFO","Trial 159 - 10:10:07 - Rewarded - /home/fet/stimuli/test_categories_box2/reward/Ag_Stim_2_WhiBlu4818_060507070507.wav"
"2017-02-27 10:10:07,142","INFO","Trial 160 - 10:10:07 - Unrewarded - /home/fet/stimuli/test_categories_box2/nonreward/Tu_Stim_4_PurRas20dd_020806090304.wav"
"2017-02-27 10:10:07,974","INFO","Trial 161 - 10:10:07 - Rewarded - /home/fet/stimuli/test_categories_box2/reward/Ag_Stim_10_WhiRas44dd_170521103211.wav"
"2017-02-27 10:10:13,981","INFO","Supplying reward for 12.00 seconds"
"2017-02-27 10:13:36,185","INFO","Trial 162 - 10:13:36 - Unrewarded - /home/fet/stimuli/test_categories_box2/nonreward/Te_Stim_3_WhiWhi1415_243905113121.wav"
"2017-02-27 10:13:40,610","INFO","Trial 163 - 10:13:40 - Unrewarded - /home/fet/stimuli/test_categories_box2/nonreward/Te_Stim_6_GreRas2400_263403131931.wav"
"2017-02-27 10:13:58,105","INFO","Trial 164 - 10:13:58 - Unrewarded - /home/fet/stimuli/test_categories_box2/nonreward/DC_Stim_1_YelGre5275_392814303831.wav"
"2017-02-27 10:14:50,333","INFO","Trial 165 - 10:14:50 - Unrewarded - /home/fet/stimuli/test_categories_box2/nonreward/Th_Stim_5_WhiBlu4917_080903070504.wav"
"2017-02-27 10:14:52,094","INFO","Trial 166 - 10:14:52 - Rewarded - /home/fet/stimuli/test_categories_box2/reward/Ag_Stim_6_HPiHPi4748_074016292432.wav"
"2017-02-27 10:14:58,103","INFO","Supplying reward for 12.00 seconds"
"2017-02-27 10:16:00,234","INFO","Trial 167 - 10:16:00 - Unrewarded - /home/fet/stimuli/test_categories_box2/nonreward/Be_Stim_8_LblBlu2028_02_020602.wav"
"2017-02-27 10:16:15,671","INFO","Trial 168 - 10:16:15 - Unrewarded - /home/fet/stimuli/test_categories_box2/nonreward/Be_Stim_8_WhiBlu0112_041602.wav"
"2017-02-27 10:16:16,758","INFO","Trial 169 - 10:16:16 - Unrewarded - /home/fet/stimuli/test_categories_box2/nonreward/Th_Stim_1_LblRed0613_091303160108.wav"
"2017-02-27 10:16:16,811","INFO","Trial 170 - 10:16:16 - Unrewarded - /home/fet/stimuli/test_categories_box2/nonreward/Wh_Stim_5_LblRed0613_153627181332.wav"
"2017-02-27 10:16:30,665","INFO","Trial 171 - 10:16:30 - Rewarded - /home/fet/stimuli/test_categories_box2/reward/Ag_Stim_9_GreOra1817_273101071629.wav"
"2017-02-27 10:16:36,674","INFO","Supplying reward for 12.00 seconds"
"2017-02-27 10:17:12,188","INFO","Trial 172 - 10:17:12 - Rewarded - /home/fet/stimuli/test_categories_box2/reward/Ag_Stim_1_BlaLbl8026_032423210602.wav"
"2017-02-27 10:17:18,196","INFO","Supplying reward for 12.00 seconds"
"2017-02-27 13:02:26,016","INFO","Trial 173 - 13:02:26 - Unrewarded - /home/fet/stimuli/test_categories_box2/nonreward/Te_Stim_1_WhiRas44dd_030715222720.wav"
"2017-02-27 13:02:39,712","INFO","Trial 174 - 13:02:39 - Unrewarded - /home/fet/stimuli/test_categories_box2/nonreward/Wh_Stim_9_BlaBla0506_181315021012.wav"
"2017-02-27 13:02:39,762","INFO","Trial 175 - 13:02:39 - Unrewarded - /home/fet/stimuli/test_categories_box2/nonreward/Di_Stim_3_Unknown_11_010202010101.wav"
"2017-02-27 13:02:49,022","INFO","Trial 176 - 13:02:49 - Unrewarded - /home/fet/stimuli/test_categories_box2/nonreward/LT_Stim_7_WhiBlu3513_010203060405.wav"
"2017-02-27 13:02:52,918","INFO","Trial 177 - 13:02:52 - Unrewarded - /home/fet/stimuli/test_categories_box2/nonreward/Wh_Stim_4_WhiRas44dd_020103020203.wav"
"2017-02-27 13:02:52,971","INFO","Trial 178 - 13:02:52 - Rewarded - /home/fet/stimuli/test_categories_box2/reward/Ag_Stim_5_BlaLbl8026_200221242223.wav"
"2017-02-27 13:02:58,979","INFO","Supplying reward for 12.00 seconds"
"2017-02-27 13:03:29,135","INFO","Trial 179 - 13:03:29 - Unrewarded - /home/fet/stimuli/test_categories_box2/nonreward/Wh_Stim_10_LblBla4419_090508121706.wav"
"2017-02-27 13:03:29,259","INFO","Trial 180 - 13:03:29 - Unrewarded - /home/fet/stimuli/test_categories_box2/nonreward/LT_Stim_7_LblBlu1927_010101010101.wav"
"2017-02-27 13:03:29,313","INFO","Trial 181 - 13:03:29 - Unrewarded - /home/fet/stimuli/test_categories_box2/nonreward/Be_Stim_3_GraRas1500_070502.wav"
"2017-02-27 13:03:30,136","INFO","Trial 182 - 13:03:30 - Unrewarded - /home/fet/stimuli/test_categories_box2/nonreward/Be_Stim_2_LblBlu6379_04_0105_0204_02.wav"
"2017-02-27 13:03:33,631","INFO","Trial 183 - 13:03:33 - Unrewarded - /home/fet/stimuli/test_categories_box2/nonreward/Ne_Stim_4_LblRed0613_100247656248.wav"
"2017-02-27 13:03:40,603","INFO","Trial 184 - 13:03:40 - Unrewarded - /home/fet/stimuli/test_categories_box2/nonreward/DC_Stim_5_WhiWhi1415_020105030401.wav"
"2017-02-27 13:03:43,455","INFO","Trial 185 - 13:03:43 - Unrewarded - /home/fet/stimuli/test_categories_box2/nonreward/Wh_Stim_6_BlaBla0506_100614181602.wav"
"2017-02-27 13:03:43,508","INFO","Trial 186 - 13:03:43 - Unrewarded - /home/fet/stimuli/test_categories_box2/nonreward/So_Stim_1_YelGre5275_343035.wav"
"2017-02-27 13:04:27,856","INFO","Trial 187 - 13:04:27 - Unrewarded - /home/fet/stimuli/test_categories_box2/nonreward/LT_Stim_5_LblBlu6243_210103290616.wav"
"2017-02-27 13:04:28,766","INFO","Trial 188 - 13:04:28 - Unrewarded - /home/fet/stimuli/test_categories_box2/nonreward/DC_Stim_2_WhiBlu4917_081920060922.wav"
"2017-02-27 13:04:28,815","INFO","Trial 189 - 13:04:28 - Unrewarded - /home/fet/stimuli/test_categories_box2/nonreward/Be_Stim_1_LblBlu6680_11_0302_0101_01.wav"
"2017-02-27 13:04:32,415","INFO","Trial 190 - 13:04:32 - Unrewarded - /home/fet/stimuli/test_categories_box2/nonreward/DC_Stim_9_BluRas61dd_111301152012.wav"
"2017-02-27 13:04:32,465","INFO","Trial 191 - 13:04:32 - Unrewarded - /home/fet/stimuli/test_categories_box2/nonreward/DC_Stim_3_WhiBlu5698_110402081706.wav"
"2017-02-27 13:04:41,113","INFO","Trial 192 - 13:04:41 - Unrewarded - /home/fet/stimuli/test_categories_box2/nonreward/Th_Stim_1_WhiRas44dd_090836051231.wav"
"2017-02-27 13:04:41,172","INFO","Trial 193 - 13:04:41 - Rewarded - /home/fet/stimuli/test_categories_box2/reward/Ag_Stim_4_WhiBlu4917_010101010101.wav"
"2017-02-27 13:04:47,180","INFO","Supplying reward for 12.00 seconds"
"2017-02-27 13:08:40,652","INFO","Trial 194 - 13:08:40 - Unrewarded - /home/fet/stimuli/test_categories_box2/nonreward/Di_Stim_7_Unknown_11_020102020102.wav"
"2017-02-27 13:08:51,146","INFO","Trial 195 - 13:08:51 - Unrewarded - /home/fet/stimuli/test_categories_box2/nonreward/Wh_Stim_10_BlaBla0506_021510061618.wav"
"2017-02-27 13:08:52,741","INFO","Trial 196 - 13:08:52 - Unrewarded - /home/fet/stimuli/test_categories_box2/nonreward/Th_Stim_5_Unknown000_010906110807.wav"
"2017-02-27 13:08:53,789","INFO","Trial 197 - 13:08:53 - Unrewarded - /home/fet/stimuli/test_categories_box2/nonreward/Ne_Stim_6_GraLbl0457_181128402231.wav"
"2017-02-27 13:09:04,314","INFO","Trial 198 - 13:09:04 - Unrewarded - /home/fet/stimuli/test_categories_box2/nonreward/Wh_Stim_9_WhiRas44dd_030201010202.wav"
"2017-02-27 13:09:21,200","INFO","Trial 199 - 13:09:21 - Rewarded - /home/fet/stimuli/test_categories_box2/reward/Ag_Stim_7_GraGra0201_150602051308.wav"
"2017-02-27 13:09:27,209","INFO","Supplying reward for 12.00 seconds"
"2017-02-27 13:09:54,220","INFO","Trial 200 - 13:09:54 - Rewarded - /home/fet/stimuli/test_categories_box2/reward/Ag_Stim_6_BlaLbl8026_032422022006.wav"
"2017-02-27 13:09:54,278","INFO","Trial 201 - 13:09:54 - Unrewarded - /home/fet/stimuli/test_categories_box2/nonreward/Di_Stim_10_BlaLbl8026_030201010303.wav"
"2017-02-27 13:10:03,112","INFO","Trial 202 - 13:10:03 - Unrewarded - /home/fet/stimuli/test_categories_box2/nonreward/Te_Stim_2_WhiWhi1415_332405084022.wav"
"2017-02-27 13:10:04,006","INFO","Trial 203 - 13:10:04 - Unrewarded - /home/fet/stimuli/test_categories_box2/nonreward/Be_Stim_7_LblBlu1927_021509.wav"
"2017-02-27 13:10:04,060","INFO","Trial 204 - 13:10:04 - Unrewarded - /home/fet/stimuli/test_categories_box2/nonreward/Tu_Stim_7_GreOra1817_011611020414.wav"
"2017-02-27 13:10:04,182","INFO","Trial 205 - 13:10:04 - Rewarded - /home/fet/stimuli/test_categories_box2/reward/Ag_Stim_2_GreOra1817_212518302920.wav"
"2017-02-27 13:10:04,231","INFO","Trial 206 - 13:10:04 - Unrewarded - /home/fet/stimuli/test_categories_box2/nonreward/Ne_Stim_3_Unknown000_010101010101.wav"
"2017-02-27 13:10:08,569","INFO","Trial 207 - 13:10:08 - Unrewarded - /home/fet/stimuli/test_categories_box2/nonreward/Wh_Stim_8_LblBla4419_041512170602.wav"
"2017-02-27 13:10:08,683","INFO","Trial 208 - 13:10:08 - Unrewarded - /home/fet/stimuli/test_categories_box2/nonreward/Wh_Stim_1_HpiGra1004_060302050408.wav"
"2017-02-27 13:10:08,733","INFO","Trial 209 - 13:10:08 - Unrewarded - /home/fet/stimuli/test_categories_box2/nonreward/So_Stim_5_LblBla4548_071632.wav"
"2017-02-27 13:10:20,437","INFO","Trial 210 - 13:10:20 - Unrewarded - /home/fet/stimuli/test_categories_box2/nonreward/Te_Stim_9_WhiBlu5698_162023241913.wav"
"2017-02-27 13:10:32,458","INFO","Trial 211 - 13:10:32 - Unrewarded - /home/fet/stimuli/test_categories_box2/nonreward/Te_Stim_4_LblBla4548_112438201201.wav"
"2017-02-27 13:10:33,517","INFO","Trial 212 - 13:10:33 - Unrewarded - /home/fet/stimuli/test_categories_box2/nonreward/Th_Stim_7_WhiBlu5698_070104060107.wav"
"2017-02-27 13:10:36,528","INFO","Trial 213 - 13:10:36 - Unrewarded - /home/fet/stimuli/test_categories_box2/nonreward/Wh_Stim_8_BlaLbl8026_320908070907.wav"
"2017-02-27 13:10:37,552","INFO","Trial 214 - 13:10:37 - Rewarded - /home/fet/stimuli/test_categories_box2/reward/Ag_Stim_10_Unknown000_060106060606.wav"
"2017-02-27 13:10:37,599","INFO","Trial 215 - 13:10:37 - Rewarded - /home/fet/stimuli/test_categories_box2/reward/Ag_Stim_4_WhiWhi1415_020202020202.wav"
"2017-02-27 13:10:43,607","INFO","Supplying reward for 12.00 seconds"
"2017-02-27 13:12:15,527","INFO","Trial 216 - 13:12:15 - Rewarded - /home/fet/stimuli/test_categories_box2/reward/Ag_Stim_5_GreOra1817_081707221828.wav"
"2017-02-27 13:12:21,532","INFO","Supplying reward for 12.00 seconds"
"2017-02-27 13:12:50,607","INFO","Trial 217 - 13:12:50 - Unrewarded - /home/fet/stimuli/test_categories_box2/nonreward/DC_Stim_7_WhiWhi1415_010504030205.wav"
"2017-02-27 13:12:50,661","INFO","Trial 218 - 13:12:50 - Unrewarded - /home/fet/stimuli/test_categories_box2/nonreward/Th_Stim_3_GraGra0201_284124481934.wav"
"2017-02-27 13:12:52,488","INFO","Trial 219 - 13:12:52 - Unrewarded - /home/fet/stimuli/test_categories_box2/nonreward/Th_Stim_6_GraGra0201_264750112228.wav"
"2017-02-27 13:12:55,961","INFO","Trial 220 - 13:12:55 - Rewarded - /home/fet/stimuli/test_categories_box2/reward/Ag_Stim_1_LblRed0613_071026250114.wav"
"2017-02-27 13:13:01,969","INFO","Supplying reward for 12.00 seconds"
"2017-02-27 13:13:41,017","INFO","Trial 221 - 13:13:41 - Unrewarded - /home/fet/stimuli/test_categories_box2/nonreward/Te_Stim_10_WhiBlu4917_271119231301.wav"
"2017-02-27 13:13:41,076","INFO","Trial 222 - 13:13:41 - Rewarded - /home/fet/stimuli/test_categories_box2/reward/Ag_Stim_10_GreOra1817_010731200832.wav"
"2017-02-27 13:13:47,083","INFO","Supplying reward for 12.00 seconds"
"2017-02-27 13:14:10,498","INFO","Trial 223 - 13:14:10 - Unrewarded - /home/fet/stimuli/test_categories_box2/nonreward/Th_Stim_8_Unknown_11_010304090706.wav"
"2017-02-27 13:14:11,335","INFO","Trial 224 - 13:14:11 - Rewarded - /home/fet/stimuli/test_categories_box2/reward/Ag_Stim_1_Unknown000_010601060601.wav"
"2017-02-27 13:14:11,376","INFO","Trial 225 - 13:14:11 - Rewarded - /home/fet/stimuli/test_categories_box2/reward/Ag_Stim_1_GraGra0201_060805041410.wav"
"2017-02-27 13:14:17,384","INFO","Supplying reward for 12.00 seconds"
"2017-02-27 13:14:52,303","INFO","Trial 226 - 13:14:52 - Unrewarded - /home/fet/stimuli/test_categories_box2/nonreward/Di_Stim_6_Unknown_11_010202010201.wav"
"2017-02-27 13:14:52,976","INFO","Trial 227 - 13:14:52 - Unrewarded - /home/fet/stimuli/test_categories_box2/nonreward/Di_Stim_1_BlaLbl8026_030102030202.wav"
"2017-02-27 13:15:08,420","INFO","Trial 228 - 13:15:08 - Rewarded - /home/fet/stimuli/test_categories_box2/reward/Ag_Stim_10_LblRed0613_221007301114.wav"
"2017-02-27 13:15:14,429","INFO","Supplying reward for 12.00 seconds"
"2017-02-27 13:15:40,129","INFO","Trial 229 - 13:15:40 - Unrewarded - /home/fet/stimuli/test_categories_box2/nonreward/LT_Stim_1_LblBlu6680_021923010824.wav"
"2017-02-27 13:15:40,184","INFO","Trial 230 - 13:15:40 - Unrewarded - /home/fet/stimuli/test_categories_box2/nonreward/Th_Stim_7_Unknown000_060710110109.wav"
"2017-02-27 13:15:42,187","INFO","Trial 231 - 13:15:42 - Rewarded - /home/fet/stimuli/test_categories_box2/reward/Ag_Stim_9_Unknown000_010606010101.wav"
"2017-02-27 13:15:48,194","INFO","Supplying reward for 12.00 seconds"
"2017-02-27 13:16:30,986","INFO","Trial 232 - 13:16:30 - Unrewarded - /home/fet/stimuli/test_categories_box2/nonreward/Te_Stim_3_WhiRas44dd_013011081317.wav"
"2017-02-27 13:16:32,044","INFO","Trial 233 - 13:16:32 - Unrewarded - /home/fet/stimuli/test_categories_box2/nonreward/Ne_Stim_9_BlaLbl8026_192631320931.wav"
"2017-02-27 13:16:42,605","INFO","Trial 234 - 13:16:42 - Unrewarded - /home/fet/stimuli/test_categories_box2/nonreward/DC_Stim_5_GraLbl0457_183224202823.wav"
"2017-02-27 13:16:42,988","INFO","Trial 235 - 13:16:42 - Unrewarded - /home/fet/stimuli/test_categories_box2/nonreward/LT_Stim_2_WhiBlu3513_060504010302.wav"
"2017-02-27 13:16:43,046","INFO","Trial 236 - 13:16:43 - Unrewarded - /home/fet/stimuli/test_categories_box2/nonreward/DC_Stim_5_WhiBlu5698_020703160611.wav"
"2017-02-27 13:16:52,144","INFO","Trial 237 - 13:16:52 - Rewarded - /home/fet/stimuli/test_categories_box2/reward/Ag_Stim_3_GraLbl0457_090819110512.wav"
"2017-02-27 13:16:52,199","INFO","Trial 238 - 13:16:52 - Unrewarded - /home/fet/stimuli/test_categories_box2/nonreward/Di_Stim_1_GraGra0201_010707070707.wav"
"2017-02-27 13:17:04,014","INFO","Trial 239 - 13:17:04 - Unrewarded - /home/fet/stimuli/test_categories_box2/nonreward/Te_Stim_8_GreGre6364_162119302524.wav"
"2017-02-27 13:17:08,258","INFO","Trial 240 - 13:17:08 - Unrewarded - /home/fet/stimuli/test_categories_box2/nonreward/So_Stim_2_HPiHPi4748_112016.wav"
"2017-02-27 13:17:08,316","INFO","Trial 241 - 13:17:08 - Unrewarded - /home/fet/stimuli/test_categories_box2/nonreward/Di_Stim_1_WhiLbl0010_040404040404.wav"
"2017-02-27 13:17:09,194","INFO","Trial 242 - 13:17:09 - Rewarded - /home/fet/stimuli/test_categories_box2/reward/Ag_Stim_7_BlaLbl8026_212306222002.wav"
"2017-02-27 13:17:15,200","INFO","Supplying reward for 12.00 seconds"
"2017-02-27 13:17:52,458","INFO","Trial 243 - 13:17:52 - Unrewarded - /home/fet/stimuli/test_categories_box2/nonreward/So_Stim_4_BluRas61dd_222009.wav"
"2017-02-27 13:18:06,335","INFO","Trial 244 - 13:18:06 - Unrewarded - /home/fet/stimuli/test_categories_box2/nonreward/So_Stim_7_RedRas3600_060201.wav"
"2017-02-27 13:18:21,206","INFO","Trial 245 - 13:18:21 - Unrewarded - /home/fet/stimuli/test_categories_box2/nonreward/Tu_Stim_8_WhiRas44dd_100104191416.wav"
"2017-02-27 13:18:21,822","INFO","Trial 246 - 13:18:21 - Unrewarded - /home/fet/stimuli/test_categories_box2/nonreward/Tu_Stim_4_GraLbl0457_020110160613.wav"
"2017-02-27 13:18:21,879","INFO","Trial 247 - 13:18:21 - Unrewarded - /home/fet/stimuli/test_categories_box2/nonreward/DC_Stim_6_WhiLbl0010_112825272226.wav"
"2017-02-27 13:18:22,068","INFO","Trial 248 - 13:18:22 - Unrewarded - /home/fet/stimuli/test_categories_box2/nonreward/Wh_Stim_7_WhiRas44dd_010203020303.wav"
"2017-02-27 13:18:34,710","INFO","Trial 249 - 13:18:34 - Rewarded - /home/fet/stimuli/test_categories_box2/reward/Ag_Stim_7_WhiBlu4917_010101010101.wav"
"2017-02-27 13:18:40,715","INFO","Supplying reward for 12.00 seconds"
"2017-02-27 13:19:14,213","INFO","Trial 250 - 13:19:14 - Rewarded - /home/fet/stimuli/test_categories_box2/reward/Ag_Stim_8_GraLbl0457_081511190706.wav"
"2017-02-27 13:19:20,222","INFO","Supplying reward for 12.00 seconds"
"2017-02-27 13:20:59,363","INFO","Trial 251 - 13:20:59 - Unrewarded - /home/fet/stimuli/test_categories_box2/nonreward/Th_Stim_8_WhiBlu4917_020108040509.wav"
"2017-02-27 13:20:59,418","INFO","Trial 252 - 13:20:59 - Unrewarded - /home/fet/stimuli/test_categories_box2/nonreward/Tu_Stim_10_LblRed0613_050807060204.wav"
"2017-02-27 13:21:00,265","INFO","Trial 253 - 13:21:00 - Unrewarded - /home/fet/stimuli/test_categories_box2/nonreward/Ne_Stim_7_Unknown00F_020101010202.wav"
"2017-02-27 13:21:00,310","INFO","Trial 254 - 13:21:00 - Unrewarded - /home/fet/stimuli/test_categories_box2/nonreward/So_Stim_6_HPiHPi4748_150716.wav"
"2017-02-27 13:21:11,139","INFO","Trial 255 - 13:21:11 - Unrewarded - /home/fet/stimuli/test_categories_box2/nonreward/Di_Stim_2_BlaBla0506_010101010101.wav"
"2017-02-27 13:21:19,649","INFO","Trial 256 - 13:21:19 - Unrewarded - /home/fet/stimuli/test_categories_box2/nonreward/Th_Stim_3_HPiHPi4748_190116100308.wav"
"2017-02-27 13:21:25,817","INFO","Trial 257 - 13:21:25 - Unrewarded - /home/fet/stimuli/test_categories_box2/nonreward/Be_Stim_6_GraGre1001_170110.wav"
"2017-02-27 13:21:27,866","INFO","Trial 258 - 13:21:27 - Unrewarded - /home/fet/stimuli/test_categories_box2/nonreward/So_Stim_1_BluRas61dd_181320.wav"
"2017-02-27 13:21:35,926","INFO","Trial 259 - 13:21:35 - Unrewarded - /home/fet/stimuli/test_categories_box2/nonreward/Be_Stim_9_LblGre0001_0802_0203_03.wav"
"2017-02-27 13:21:36,979","INFO","Trial 260 - 13:21:36 - Unrewarded - /home/fet/stimuli/test_categories_box2/nonreward/LT_Stim_10_WhiBlu3513_030506040201.wav"
"2017-02-27 13:21:38,110","INFO","Trial 261 - 13:21:38 - Unrewarded - /home/fet/stimuli/test_categories_box2/nonreward/Di_Stim_9_HPiHPi4748_050305030305.wav"
"2017-02-27 13:21:44,514","INFO","Trial 262 - 13:21:44 - Unrewarded - /home/fet/stimuli/test_categories_box2/nonreward/Di_Stim_7_GraGra0201_070107070701.wav"
"2017-02-27 13:21:59,148","INFO","Trial 263 - 13:21:59 - Unrewarded - /home/fet/stimuli/test_categories_box2/nonreward/LT_Stim_1_WhiBlu0112_262207060801.wav"
"2017-02-27 13:22:00,169","INFO","Trial 264 - 13:22:00 - Unrewarded - /home/fet/stimuli/test_categories_box2/nonreward/Te_Stim_7_WhiRas44dd_032329173016.wav"
"2017-02-27 13:22:00,227","INFO","Trial 265 - 13:22:00 - Unrewarded - /home/fet/stimuli/test_categories_box2/nonreward/Wh_Stim_4_GraLbl0457_010205040505.wav"
"2017-02-27 13:22:12,378","INFO","Trial 266 - 13:22:12 - Unrewarded - /home/fet/stimuli/test_categories_box2/nonreward/Be_Stim_4_LblBlu1927_050307.wav"
"2017-02-27 13:22:12,432","INFO","Trial 267 - 13:22:12 - Unrewarded - /home/fet/stimuli/test_categories_box2/nonreward/Be_Stim_10_LblGre0000_060807.wav"
"2017-02-27 13:22:13,444","INFO","Trial 268 - 13:22:13 - Unrewarded - /home/fet/stimuli/test_categories_box2/nonreward/Di_Stim_3_HPiHPi4748_030505030305.wav"
"2017-02-27 13:22:14,439","INFO","Trial 269 - 13:22:14 - Unrewarded - /home/fet/stimuli/test_categories_box2/nonreward/Tu_Stim_3_HPiHPi4748_142926232709.wav"
"2017-02-27 13:22:14,492","INFO","Trial 270 - 13:22:14 - Unrewarded - /home/fet/stimuli/test_categories_box2/nonreward/Tu_Stim_7_GraLbl0457_020411101214.wav"
"2017-02-27 13:22:17,771","INFO","Trial 271 - 13:22:17 - Unrewarded - /home/fet/stimuli/test_categories_box2/nonreward/Be_Stim_1_LblGre0001_0503_0211_03.wav"
"2017-02-27 13:22:18,588","INFO","Trial 272 - 13:22:18 - Unrewarded - /home/fet/stimuli/test_categories_box2/nonreward/Ne_Stim_1_BlaLbl8026_191330282624.wav"
"2017-02-27 13:22:19,698","INFO","Trial 273 - 13:22:19 - Unrewarded - /home/fet/stimuli/test_categories_box2/nonreward/Di_Stim_3_Unknown000_020101020201.wav"
"2017-02-27 13:22:23,913","INFO","Trial 274 - 13:22:23 - Unrewarded - /home/fet/stimuli/test_categories_box2/nonreward/Te_Stim_5_WhiBlu5698_221707042024.wav"
"2017-02-27 13:22:44,976","INFO","Trial 275 - 13:22:44 - Unrewarded - /home/fet/stimuli/test_categories_box2/nonreward/So_Stim_8_LblRed0613_172239.wav"
"2017-02-27 13:22:45,030","INFO","Trial 276 - 13:22:45 - Unrewarded - /home/fet/stimuli/test_categories_box2/nonreward/Tu_Stim_9_LblRed0613_010702050306.wav"
"2017-02-27 13:22:46,124","INFO","Trial 277 - 13:22:46 - Unrewarded - /home/fet/stimuli/test_categories_box2/nonreward/Ne_Stim_2_Unknown01F_010202010202.wav"
"2017-02-27 13:22:46,177","INFO","Trial 278 - 13:22:46 - Unrewarded - /home/fet/stimuli/test_categories_box2/nonreward/Wh_Stim_8_WhiBlu5698_181504100219.wav"
"2017-02-27 13:22:57,283","INFO","Trial 279 - 13:22:57 - Unrewarded - /home/fet/stimuli/test_categories_box2/nonreward/Tu_Stim_4_YelGre5275_093022240619.wav"
"2017-02-27 13:22:58,321","INFO","Trial 280 - 13:22:58 - Rewarded - /home/fet/stimuli/test_categories_box2/reward/Ag_Stim_4_WhiRas44dd_102132081731.wav"
"2017-02-27 13:23:04,328","INFO","Supplying reward for 12.00 seconds"
"2017-02-27 13:27:24,551","INFO","Trial 281 - 13:27:24 - Unrewarded - /home/fet/stimuli/test_categories_box2/nonreward/Tu_Stim_9_GraLbl0457_030213141516.wav"
"2017-02-27 13:27:26,350","INFO","Trial 282 - 13:27:26 - Unrewarded - /home/fet/stimuli/test_categories_box2/nonreward/Wh_Stim_5_GraLbl0457_020405010402.wav"
"2017-02-27 13:27:40,098","INFO","Trial 283 - 13:27:40 - Rewarded - /home/fet/stimuli/test_categories_box2/reward/Ag_Stim_5_WhiRas44dd_053210172108.wav"
"2017-02-27 13:27:46,107","INFO","Supplying reward for 12.00 seconds"
"2017-02-27 13:28:32,601","INFO","Trial 284 - 13:28:32 - Rewarded - /home/fet/stimuli/test_categories_box2/reward/Ag_Stim_10_GraGra0201_111415020508.wav"
"2017-02-27 13:28:32,660","INFO","Trial 285 - 13:28:32 - Unrewarded - /home/fet/stimuli/test_categories_box2/nonreward/Wh_Stim_10_WhiRas44dd_030201030303.wav"
"2017-02-27 13:28:33,840","INFO","Trial 286 - 13:28:33 - Rewarded - /home/fet/stimuli/test_categories_box2/reward/Ag_Stim_1_BluRas07dd_201013091505.wav"
"2017-02-27 13:28:33,893","INFO","Trial 287 - 13:28:33 - Rewarded - /home/fet/stimuli/test_categories_box2/reward/Ag_Stim_9_GraGra0201_140802061310.wav"
"2017-02-27 13:28:39,902","INFO","Supplying reward for 12.00 seconds"
"2017-02-27 13:30:30,810","INFO","Trial 288 - 13:30:30 - Unrewarded - /home/fet/stimuli/test_categories_box2/nonreward/So_Stim_1_GraLbl0457_051315.wav"
"2017-02-27 13:30:45,523","INFO","Trial 289 - 13:30:45 - Unrewarded - /home/fet/stimuli/test_categories_box2/nonreward/So_Stim_6_BlaBla0506_150608.wav"
"2017-02-27 13:30:45,578","INFO","Trial 290 - 13:30:45 - Unrewarded - /home/fet/stimuli/test_categories_box2/nonreward/Te_Stim_2_WhiBlu5698_262419022016.wav"
"2017-02-27 13:30:57,828","INFO","Trial 291 - 13:30:57 - Unrewarded - /home/fet/stimuli/test_categories_box2/nonreward/DC_Stim_1_BlaBla0506_111413122405.wav"
"2017-02-27 13:30:58,578","INFO","Trial 292 - 13:30:58 - Rewarded - /home/fet/stimuli/test_categories_box2/reward/Ag_Stim_1_WhiBlu4917_010101010101.wav"
"2017-02-27 13:30:58,632","INFO","Trial 293 - 13:30:58 - Unrewarded - /home/fet/stimuli/test_categories_box2/nonreward/Te_Stim_4_WhiGra0114_111410051907.wav"
"2017-02-27 13:31:02,159","INFO","Trial 294 - 13:31:02 - Unrewarded - /home/fet/stimuli/test_categories_box2/nonreward/Di_Stim_5_WhiLbl0010_040404040404.wav"
"2017-02-27 13:31:02,212","INFO","Trial 295 - 13:31:02 - Unrewarded - /home/fet/stimuli/test_categories_box2/nonreward/Di_Stim_7_WhiBlu4818_060606060606.wav"
"2017-02-27 13:31:14,179","INFO","Trial 296 - 13:31:14 - Unrewarded - /home/fet/stimuli/test_categories_box2/nonreward/Be_Stim_1_GraRas1600_130403.wav"
"2017-02-27 13:31:14,238","INFO","Trial 297 - 13:31:14 - Unrewarded - /home/fet/stimuli/test_categories_box2/nonreward/Ne_Stim_8_Unknown00F_020102020202.wav"
"2017-02-27 13:31:15,225","INFO","Trial 298 - 13:31:15 - Unrewarded - /home/fet/stimuli/test_categories_box2/nonreward/Be_Stim_4_LblGre0001_03_0202_0110.wav"
"2017-02-27 13:31:16,716","INFO","Trial 299 - 13:31:16 - Unrewarded - /home/fet/stimuli/test_categories_box2/nonreward/Be_Stim_1_LblBlu1927_041112.wav"
"2017-02-27 13:31:18,051","INFO","Trial 300 - 13:31:18 - Unrewarded - /home/fet/stimuli/test_categories_box2/nonreward/Be_Stim_8_LblBlu1630_0404_b.02.wav"
"2017-02-27 13:31:19,616","INFO","Trial 301 - 13:31:19 - Unrewarded - /home/fet/stimuli/test_categories_box2/nonreward/Th_Stim_6_WhiWhi1415_101825040612.wav"
"2017-02-27 13:31:19,670","INFO","Trial 302 - 13:31:19 - Rewarded - /home/fet/stimuli/test_categories_box2/reward/Ag_Stim_7_WhiRas44dd_172405082110.wav"
"2017-02-27 13:31:25,677","INFO","Supplying reward for 12.00 seconds"
"2017-02-27 13:31:56,917","INFO","Trial 303 - 13:31:56 - Rewarded - /home/fet/stimuli/test_categories_box2/reward/Ag_Stim_6_BluRas07dd_091220152410.wav"
"2017-02-27 13:32:02,926","INFO","Supplying reward for 12.00 seconds"
"2017-02-27 13:32:45,430","INFO","Trial 304 - 13:32:45 - Unrewarded - /home/fet/stimuli/test_categories_box2/nonreward/Wh_Stim_7_HpiGra1004_010604070205.wav"
"2017-02-27 13:32:46,992","INFO","Trial 305 - 13:32:46 - Unrewarded - /home/fet/stimuli/test_categories_box2/nonreward/Ne_Stim_9_Unknown01F_010201020201.wav"
"2017-02-27 13:32:47,049","INFO","Trial 306 - 13:32:47 - Unrewarded - /home/fet/stimuli/test_categories_box2/nonreward/DC_Stim_2_GraGra0201_032731390433.wav"
"2017-02-27 13:33:03,559","INFO","Trial 307 - 13:33:03 - Unrewarded - /home/fet/stimuli/test_categories_box2/nonreward/LT_Stim_2_LblBlu6243_240930202817.wav"
"2017-02-27 13:33:04,568","INFO","Trial 308 - 13:33:04 - Unrewarded - /home/fet/stimuli/test_categories_box2/nonreward/Di_Stim_6_HPiHPi4748_050305050505.wav"
"2017-02-27 13:33:12,300","INFO","Trial 309 - 13:33:12 - Rewarded - /home/fet/stimuli/test_categories_box2/reward/Ag_Stim_9_BluRas07dd_051024082013.wav"
"2017-02-27 13:33:18,305","INFO","Supplying reward for 12.00 seconds"
"2017-02-27 13:33:54,951","INFO","Trial 310 - 13:33:54 - Unrewarded - /home/fet/stimuli/test_categories_box2/nonreward/So_Stim_7_LblRed0613_371806.wav"
"2017-02-27 13:34:00,132","INFO","Trial 311 - 13:34:00 - Unrewarded - /home/fet/stimuli/test_categories_box2/nonreward/Di_Stim_10_Unknown_11_020101020102.wav"
"2017-02-27 13:34:07,272","INFO","Trial 312 - 13:34:07 - Unrewarded - /home/fet/stimuli/test_categories_box2/nonreward/DC_Stim_7_BlaBla0506_061312081726.wav"
"2017-02-27 13:34:08,502","INFO","Trial 313 - 13:34:08 - Unrewarded - /home/fet/stimuli/test_categories_box2/nonreward/Ne_Stim_4_BlaBla0506_160902091212.wav"
"2017-02-27 13:34:13,049","INFO","Trial 314 - 13:34:13 - Unrewarded - /home/fet/stimuli/test_categories_box2/nonreward/Be_Stim_9_LblBlu1630_04_a.04_c.03.wav"
"2017-02-27 13:34:19,020","INFO","Trial 315 - 13:34:19 - Unrewarded - /home/fet/stimuli/test_categories_box2/nonreward/Be_Stim_2_LblGre0001_02_0111_0110.wav"
"2017-02-27 13:34:27,424","INFO","Trial 316 - 13:34:27 - Unrewarded - /home/fet/stimuli/test_categories_box2/nonreward/DC_Stim_10_GreGre6364_071202101301.wav"
"2017-02-27 13:34:40,318","INFO","Trial 317 - 13:34:40 - Unrewarded - /home/fet/stimuli/test_categories_box2/nonreward/Ne_Stim_2_Unknown00F_010201010202.wav"
"2017-02-27 13:34:51,996","INFO","Trial 318 - 13:34:51 - Rewarded - /home/fet/stimuli/test_categories_box2/reward/Ag_Stim_4_LblRed0613_281125012907.wav"
"2017-02-27 13:34:58,005","INFO","Supplying reward for 12.00 seconds"
"2017-02-27 13:35:29,547","INFO","Trial 319 - 13:35:29 - Unrewarded - /home/fet/stimuli/test_categories_box2/nonreward/Di_Stim_7_Unknown000_010201010101.wav"
"2017-02-27 13:36:00,021","INFO","Trial 320 - 13:36:00 - Unrewarded - /home/fet/stimuli/test_categories_box2/nonreward/Te_Stim_7_GreRas2400_291223261811.wav"
"2017-02-27 13:36:16,110","INFO","Trial 321 - 13:36:16 - Unrewarded - /home/fet/stimuli/test_categories_box2/nonreward/LT_Stim_5_LblBlu1630_041208100107.wav"
"2017-02-27 13:36:38,068","INFO","Trial 322 - 13:36:38 - Unrewarded - /home/fet/stimuli/test_categories_box2/nonreward/So_Stim_3_WhiLbl0010_070506.wav"
"2017-02-27 13:36:51,257","INFO","Trial 323 - 13:36:51 - Unrewarded - /home/fet/stimuli/test_categories_box2/nonreward/Wh_Stim_9_GraGra0201_010506040502.wav"
"2017-02-27 13:37:01,542","INFO","Trial 324 - 13:37:01 - Rewarded - /home/fet/stimuli/test_categories_box2/reward/Ag_Stim_2_GraLbl0457_071509120819.wav"
"2017-02-27 13:37:07,551","INFO","Supplying reward for 12.00 seconds"
"2017-02-27 13:37:45,995","INFO","Trial 325 - 13:37:45 - Unrewarded - /home/fet/stimuli/test_categories_box2/nonreward/DC_Stim_1_WhiBlu5698_040712231703.wav"
"2017-02-27 13:37:52,409","INFO","Trial 326 - 13:37:52 - Unrewarded - /home/fet/stimuli/test_categories_box2/nonreward/Te_Stim_10_WhiRas44dd_250716052414.wav"
"2017-02-27 13:38:00,986","INFO","Trial 327 - 13:38:00 - Unrewarded - /home/fet/stimuli/test_categories_box2/nonreward/Th_Stim_8_WhiRas44dd_283829453005.wav"
"2017-02-27 13:38:07,560","INFO","Trial 328 - 13:38:07 - Unrewarded - /home/fet/stimuli/test_categories_box2/nonreward/Th_Stim_9_Unknown000_090208070306.wav"
"2017-02-27 13:38:12,963","INFO","Trial 329 - 13:38:12 - Unrewarded - /home/fet/stimuli/test_categories_box2/nonreward/Wh_Stim_4_BlaBla0506_181415131206.wav"
"2017-02-27 13:38:16,703","INFO","Trial 330 - 13:38:16 - Unrewarded - /home/fet/stimuli/test_categories_box2/nonreward/Ne_Stim_5_LblRed0613_093866403967.wav"
"2017-02-27 13:38:28,195","INFO","Trial 331 - 13:38:28 - Unrewarded - /home/fet/stimuli/test_categories_box2/nonreward/Th_Stim_2_WhiWhi1415_132516021214.wav"
"2017-02-27 13:38:40,466","INFO","Trial 332 - 13:38:40 - Unrewarded - /home/fet/stimuli/test_categories_box2/nonreward/So_Stim_2_BlaBla0506_061512.wav"
"2017-02-27 14:56:03,090","INFO","Trial 333 - 14:56:03 - Unrewarded - /home/fet/stimuli/test_categories_box2/nonreward/Di_Stim_7_WhiBlu4917_010101010101.wav"
"2017-02-27 14:56:13,837","INFO","Trial 334 - 14:56:13 - Rewarded - /home/fet/stimuli/test_categories_box2/reward/Ag_Stim_4_BluRas07dd_101709082415.wav"
"2017-02-27 14:56:13,892","INFO","Trial 335 - 14:56:13 - Unrewarded - /home/fet/stimuli/test_categories_box2/nonreward/Tu_Stim_6_GreOra1817_150402180807.wav"
"2017-02-27 14:56:15,707","INFO","Trial 336 - 14:56:15 - Unrewarded - /home/fet/stimuli/test_categories_box2/nonreward/Te_Stim_8_GreRas2400_153033271420.wav"
"2017-02-27 14:56:15,755","INFO","Trial 337 - 14:56:15 - Unrewarded - /home/fet/stimuli/test_categories_box2/nonreward/So_Stim_3_LblBla4548_292333.wav"
"2017-02-27 14:56:24,765","INFO","Trial 338 - 14:56:24 - Unrewarded - /home/fet/stimuli/test_categories_box2/nonreward/Th_Stim_8_WhiBlu5698_060407010706.wav"
"2017-02-27 14:56:24,819","INFO","Trial 339 - 14:56:24 - Unrewarded - /home/fet/stimuli/test_categories_box2/nonreward/Wh_Stim_10_BlaLbl8026_320908070809.wav"
"2017-02-27 14:56:36,274","INFO","Trial 340 - 14:56:36 - Unrewarded - /home/fet/stimuli/test_categories_box2/nonreward/DC_Stim_10_BlaBla0506_240513172521.wav"
"2017-02-27 14:56:37,373","INFO","Trial 341 - 14:56:37 - Unrewarded - /home/fet/stimuli/test_categories_box2/nonreward/So_Stim_2_BluRas61dd_190810.wav"
"2017-02-27 14:56:37,426","INFO","Trial 342 - 14:56:37 - Unrewarded - /home/fet/stimuli/test_categories_box2/nonreward/So_Stim_7_GraLbl0457_111408.wav"
"2017-02-27 14:56:51,195","INFO","Trial 343 - 14:56:51 - Unrewarded - /home/fet/stimuli/test_categories_box2/nonreward/LT_Stim_1_LblRas1800_030604050102.wav"
"2017-02-27 14:56:52,437","INFO","Trial 344 - 14:56:52 - Rewarded - /home/fet/stimuli/test_categories_box2/reward/Ag_Stim_2_LblRed0613_112101262514.wav"
"2017-02-27 14:56:58,445","INFO","Supplying reward for 12.00 seconds"
"2017-02-27 14:57:29,895","INFO","Trial 345 - 14:57:29 - Unrewarded - /home/fet/stimuli/test_categories_box2/nonreward/Th_Stim_8_GraGra0201_293013494322.wav"
"2017-02-27 14:57:29,946","INFO","Trial 346 - 14:57:29 - Unrewarded - /home/fet/stimuli/test_categories_box2/nonreward/Di_Stim_3_YelOra2575_091111091109.wav"
"2017-02-27 14:57:58,377","INFO","Trial 347 - 14:57:58 - Unrewarded - /home/fet/stimuli/test_categories_box2/nonreward/Di_Stim_4_GraGra0201_070101010701.wav"
"2017-02-27 14:58:08,727","INFO","Trial 348 - 14:58:08 - Unrewarded - /home/fet/stimuli/test_categories_box2/nonreward/Th_Stim_1_GreOra1817_260822214640.wav"
"2017-02-27 14:58:14,167","INFO","Trial 349 - 14:58:14 - Unrewarded - /home/fet/stimuli/test_categories_box2/nonreward/DC_Stim_6_WhiBlu5698_110216140723.wav"
"2017-02-27 14:58:14,221","INFO","Trial 350 - 14:58:14 - Unrewarded - /home/fet/stimuli/test_categories_box2/nonreward/Di_Stim_6_WhiLbl0010_040404040404.wav"
"2017-02-27 14:58:21,621","INFO","Trial 351 - 14:58:21 - Unrewarded - /home/fet/stimuli/test_categories_box2/nonreward/So_Stim_4_YelGre5275_273435.wav"
"2017-02-27 14:58:31,667","INFO","Trial 352 - 14:58:31 - Unrewarded - /home/fet/stimuli/test_categories_box2/nonreward/Wh_Stim_6_YelGre5275_021003060113.wav"
"2017-02-27 14:58:44,708","INFO","Trial 353 - 14:58:44 - Unrewarded - /home/fet/stimuli/test_categories_box2/nonreward/Be_Stim_4_WhiBlu0112_101409.wav"
"2017-02-27 14:58:46,336","INFO","Trial 354 - 14:58:46 - Unrewarded - /home/fet/stimuli/test_categories_box2/nonreward/Wh_Stim_8_HPiHPi4748_301311310928.wav"
"2017-02-27 14:58:51,902","INFO","Trial 355 - 14:58:51 - Unrewarded - /home/fet/stimuli/test_categories_box2/nonreward/Te_Stim_6_WhiBlu5698_151323201604.wav"
"2017-02-27 14:59:02,238","INFO","Trial 356 - 14:59:02 - Rewarded - /home/fet/stimuli/test_categories_box2/reward/Ag_Stim_5_WhiBlu4917_010101010101.wav"
"2017-02-27 14:59:08,247","INFO","Supplying reward for 12.00 seconds"
"2017-02-27 15:01:19,462","INFO","Trial 357 - 15:01:19 - Rewarded - /home/fet/stimuli/test_categories_box2/reward/Ag_Stim_4_GraLbl0457_081205070906.wav"
"2017-02-27 15:01:19,517","INFO","Trial 358 - 15:01:19 - Unrewarded - /home/fet/stimuli/test_categories_box2/nonreward/Di_Stim_2_WhiWhi1415_020202020202.wav"
"2017-02-27 15:01:20,446","INFO","Trial 359 - 15:01:20 - Unrewarded - /home/fet/stimuli/test_categories_box2/nonreward/DC_Stim_1_WhiBlu4917_090805180601.wav"
"2017-02-27 15:01:21,556","INFO","Trial 360 - 15:01:21 - Unrewarded - /home/fet/stimuli/test_categories_box2/nonreward/Tu_Stim_2_WhiRas44dd_010807100317.wav"
"2017-02-27 15:01:22,720","INFO","Trial 361 - 15:01:22 - Rewarded - /home/fet/stimuli/test_categories_box2/reward/Ag_Stim_9_WhiBlu4818_050607070707.wav"
"2017-02-27 15:01:22,773","INFO","Trial 362 - 15:01:22 - Unrewarded - /home/fet/stimuli/test_categories_box2/nonreward/LT_Stim_8_LblBlu6243_201521052412.wav"
"2017-02-27 15:01:23,940","INFO","Trial 363 - 15:01:23 - Unrewarded - /home/fet/stimuli/test_categories_box2/nonreward/LT_Stim_4_WhiBlu3615_010602030507.wav"
"2017-02-27 15:01:24,786","INFO","Trial 364 - 15:01:24 - Unrewarded - /home/fet/stimuli/test_categories_box2/nonreward/Be_Stim_3_LblRas1800_09_010710_01.wav"
"2017-02-27 15:01:24,833","INFO","Trial 365 - 15:01:24 - Unrewarded - /home/fet/stimuli/test_categories_box2/nonreward/Th_Stim_2_GreOra1817_281915442921.wav"
"2017-02-27 15:01:26,213","INFO","Trial 366 - 15:01:26 - Unrewarded - /home/fet/stimuli/test_categories_box2/nonreward/So_Stim_1_LblRed0613_341830.wav"
"2017-02-27 15:01:43,230","INFO","Trial 367 - 15:01:43 - Rewarded - /home/fet/stimuli/test_categories_box2/reward/Ag_Stim_10_BlaLbl8026_210220240306.wav"
"2017-02-27 15:01:49,239","INFO","Supplying reward for 12.00 seconds"
"2017-02-27 15:07:01,270","INFO","Trial 368 - 15:07:01 - Unrewarded - /home/fet/stimuli/test_categories_box2/nonreward/Ne_Stim_4_BluRas07dd_210910110318.wav"
"2017-02-27 15:07:03,823","INFO","Trial 369 - 15:07:03 - Unrewarded - /home/fet/stimuli/test_categories_box2/nonreward/Di_Stim_3_WhiLbl0010_040404040404.wav"
"2017-02-27 15:07:05,031","INFO","Trial 370 - 15:07:05 - Rewarded - /home/fet/stimuli/test_categories_box2/reward/Ag_Stim_2_WhiWhi1415_020202020202.wav"
"2017-02-27 15:07:11,040","INFO","Supplying reward for 12.00 seconds"
"2017-02-27 15:08:02,846","INFO","Trial 371 - 15:08:02 - Rewarded - /home/fet/stimuli/test_categories_box2/reward/Ag_Stim_7_GraLbl0457_070819051109.wav"
"2017-02-27 15:08:08,855","INFO","Supplying reward for 12.00 seconds"
"2017-02-27 15:09:26,441","INFO","Trial 372 - 15:09:26 - Rewarded - /home/fet/stimuli/test_categories_box2/reward/Ag_Stim_1_GreOra1817_272008322216.wav"
"2017-02-27 15:09:26,495","INFO","Trial 373 - 15:09:26 - Unrewarded - /home/fet/stimuli/test_categories_box2/nonreward/DC_Stim_1_WhiWhi1415_010504020302.wav"
"2017-02-27 15:09:27,060","INFO","Trial 374 - 15:09:27 - Unrewarded - /home/fet/stimuli/test_categories_box2/nonreward/LT_Stim_1_LblBlu6379_051904231118.wav"
"2017-02-27 15:09:28,220","INFO","Trial 375 - 15:09:28 - Rewarded - /home/fet/stimuli/test_categories_box2/reward/Ag_Stim_4_BlaLbl8026_230320220621.wav"
"2017-02-27 15:09:28,273","INFO","Trial 376 - 15:09:28 - Unrewarded - /home/fet/stimuli/test_categories_box2/nonreward/DC_Stim_1_GraGra0201_410908283206.wav"
"2017-02-27 15:09:35,119","INFO","Trial 377 - 15:09:35 - Unrewarded - /home/fet/stimuli/test_categories_box2/nonreward/Be_Stim_9_WhiBlu0112_051406.wav"
"2017-02-27 15:09:36,239","INFO","Trial 378 - 15:09:36 - Rewarded - /home/fet/stimuli/test_categories_box2/reward/Ag_Stim_8_Unknown000_060101060101.wav"
"2017-02-27 15:09:42,247","INFO","Supplying reward for 12.00 seconds"
"2017-02-27 15:10:18,490","INFO","Trial 379 - 15:10:18 - Rewarded - /home/fet/stimuli/test_categories_box2/reward/Ag_Stim_9_LblRed0613_110427263029.wav"
"2017-02-27 15:10:24,499","INFO","Supplying reward for 12.00 seconds"
"2017-02-27 15:10:54,573","INFO","Trial 380 - 15:10:54 - Rewarded - /home/fet/stimuli/test_categories_box2/reward/Ag_Stim_8_GreOra1817_203214280109.wav"
"2017-02-27 15:11:00,583","INFO","Supplying reward for 12.00 seconds"
"2017-02-27 15:12:17,155","INFO","Trial 381 - 15:12:17 - Unrewarded - /home/fet/stimuli/test_categories_box2/nonreward/DC_Stim_5_GraGra0201_233308393002.wav"
"2017-02-27 15:12:24,864","INFO","Trial 382 - 15:12:24 - Unrewarded - /home/fet/stimuli/test_categories_box2/nonreward/Di_Stim_9_YelOra2575_110909090911.wav"
"2017-02-27 15:12:35,161","INFO","Trial 383 - 15:12:35 - Unrewarded - /home/fet/stimuli/test_categories_box2/nonreward/DC_Stim_3_GraLbl0457_040319022909.wav"
"2017-02-27 15:12:41,931","INFO","Trial 384 - 15:12:41 - Rewarded - /home/fet/stimuli/test_categories_box2/reward/Ag_Stim_5_BluRas07dd_121720051513.wav"
"2017-02-27 15:12:47,937","INFO","Supplying reward for 12.00 seconds"
"2017-02-27 16:51:26,894","INFO","Trial 385 - 16:51:26 - Rewarded - /home/fet/stimuli/test_categories_box2/reward/Ag_Stim_5_LblRed0613_273501141107.wav"
"2017-02-27 16:51:32,903","INFO","Supplying reward for 12.00 seconds"
"2017-02-27 16:52:19,681","INFO","Trial 386 - 16:52:19 - Unrewarded - /home/fet/stimuli/test_categories_box2/nonreward/Te_Stim_4_WhiRas44dd_102916010918.wav"
"2017-02-27 16:52:20,485","INFO","Trial 387 - 16:52:20 - Unrewarded - /home/fet/stimuli/test_categories_box2/nonreward/Th_Stim_6_YelGre5275_420226341423.wav"
"2017-02-27 16:52:20,522","INFO","Trial 388 - 16:52:20 - Unrewarded - /home/fet/stimuli/test_categories_box2/nonreward/Tu_Stim_5_YelOra2575_112214122810.wav"
"2017-02-27 16:52:35,876","INFO","Trial 389 - 16:52:35 - Unrewarded - /home/fet/stimuli/test_categories_box2/nonreward/Tu_Stim_6_GraGra0201_211714160504.wav"
"2017-02-27 16:52:37,953","INFO","Trial 390 - 16:52:37 - Unrewarded - /home/fet/stimuli/test_categories_box2/nonreward/Wh_Stim_1_YelGre5275_071213011005.wav"
"2017-02-27 16:53:04,071","INFO","Trial 391 - 16:53:04 - Unrewarded - /home/fet/stimuli/test_categories_box2/nonreward/Be_Stim_5_LblGre0000_040310.wav"
"2017-02-27 16:53:04,121","INFO","Trial 392 - 16:53:04 - Unrewarded - /home/fet/stimuli/test_categories_box2/nonreward/Di_Stim_6_Unknown000_010201010202.wav"
"2017-02-27 16:53:19,475","INFO","Trial 393 - 16:53:19 - Rewarded - /home/fet/stimuli/test_categories_box2/reward/Ag_Stim_7_Unknown000_060106060101.wav"
"2017-02-27 16:53:19,525","INFO","Trial 394 - 16:53:19 - Unrewarded - /home/fet/stimuli/test_categories_box2/nonreward/Ne_Stim_5_GraGra0201_042832250147.wav"
"2017-02-27 16:53:20,468","INFO","Trial 395 - 16:53:20 - Unrewarded - /home/fet/stimuli/test_categories_box2/nonreward/Ne_Stim_2_BluRas07dd_091521010504.wav"
"2017-02-27 16:53:20,521","INFO","Trial 396 - 16:53:20 - Unrewarded - /home/fet/stimuli/test_categories_box2/nonreward/Wh_Stim_3_WhiBlu5698_021906150711.wav"
"2017-02-27 16:53:32,025","INFO","Trial 397 - 16:53:32 - Unrewarded - /home/fet/stimuli/test_categories_box2/nonreward/Be_Stim_6_LblGre0000_021211.wav"
"2017-02-27 16:53:32,080","INFO","Trial 398 - 16:53:32 - Rewarded - /home/fet/stimuli/test_categories_box2/reward/Ag_Stim_9_WhiBlu4917_010101010101.wav"
"2017-02-27 16:53:38,088","INFO","Supplying reward for 12.00 seconds"
"2017-02-27 16:54:01,218","INFO","Trial 399 - 16:54:01 - Unrewarded - /home/fet/stimuli/test_categories_box2/nonreward/Wh_Stim_1_HPiHPi4748_183433200326.wav"
"2017-02-27 16:54:03,256","INFO","Trial 400 - 16:54:03 - Unrewarded - /home/fet/stimuli/test_categories_box2/nonreward/Di_Stim_5_Unknown000_020102010101.wav"
"2017-02-27 16:54:03,313","INFO","Trial 401 - 16:54:03 - Unrewarded - /home/fet/stimuli/test_categories_box2/nonreward/Th_Stim_1_YelGre5275_382910410133.wav"
"2017-02-27 16:54:08,478","INFO","Trial 402 - 16:54:08 - Rewarded - /home/fet/stimuli/test_categories_box2/reward/Ag_Stim_4_HPiHPi4748_361921081733.wav"
"2017-02-27 16:54:14,487","INFO","Supplying reward for 12.00 seconds"
"2017-02-27 16:54:46,026","INFO","Trial 403 - 16:54:46 - Unrewarded - /home/fet/stimuli/test_categories_box2/nonreward/Te_Stim_7_LblRed0613_050719262518.wav"
"2017-02-27 16:54:51,405","WARNING","Error closing wave file. Attempting to continue"
"2017-02-27 16:54:51,406","INFO","Trial 404 - 16:54:51 - Unrewarded - /home/fet/stimuli/test_categories_box2/nonreward/Wh_Stim_9_YelGre5275_130702090803.wav"
"2017-02-27 16:55:02,337","INFO","Trial 405 - 16:55:02 - Unrewarded - /home/fet/stimuli/test_categories_box2/nonreward/Te_Stim_4_WhiBlu4917_231708241315.wav"
"2017-02-27 16:55:02,559","INFO","Trial 406 - 16:55:02 - Unrewarded - /home/fet/stimuli/test_categories_box2/nonreward/Te_Stim_5_WhiRas44dd_100501290724.wav"
"2017-02-27 16:55:02,608","INFO","Trial 407 - 16:55:02 - Unrewarded - /home/fet/stimuli/test_categories_box2/nonreward/Wh_Stim_1_GraGra0201_050506050402.wav"
"2017-02-27 16:55:11,582","INFO","Trial 408 - 16:55:11 - Unrewarded - /home/fet/stimuli/test_categories_box2/nonreward/So_Stim_4_LblBla4419_051009.wav"
"2017-02-27 16:55:23,362","INFO","Trial 409 - 16:55:23 - Rewarded - /home/fet/stimuli/test_categories_box2/reward/Ag_Stim_8_WhiBlu4917_010101010101.wav"
"2017-02-27 16:55:29,368","INFO","Supplying reward for 12.00 seconds"
"2017-02-27 16:55:59,441","INFO","Trial 410 - 16:55:59 - Rewarded - /home/fet/stimuli/test_categories_box2/reward/Ag_Stim_7_HPiHPi4748_273005330739.wav"
"2017-02-27 16:55:59,495","INFO","Trial 411 - 16:55:59 - Unrewarded - /home/fet/stimuli/test_categories_box2/nonreward/Th_Stim_9_HPiHPi4748_241219221604.wav"
"2017-02-27 16:56:00,306","INFO","Trial 412 - 16:56:00 - Unrewarded - /home/fet/stimuli/test_categories_box2/nonreward/Tu_Stim_2_PurRas20dd_020504030108.wav"
"2017-02-27 16:56:00,359","INFO","Trial 413 - 16:56:00 - Unrewarded - /home/fet/stimuli/test_categories_box2/nonreward/Te_Stim_2_WhiRas44dd_172819250420.wav"
"2017-02-27 16:56:01,244","INFO","Trial 414 - 16:56:01 - Unrewarded - /home/fet/stimuli/test_categories_box2/nonreward/Wh_Stim_1_WhiRas44dd_010203020301.wav"
"2017-02-27 16:56:01,298","INFO","Trial 415 - 16:56:01 - Rewarded - /home/fet/stimuli/test_categories_box2/reward/Ag_Stim_5_WhiBlu4818_050607060605.wav"
"2017-02-27 16:56:07,305","INFO","Supplying reward for 12.00 seconds"
"2017-02-27 16:56:36,317","INFO","Trial 416 - 16:56:36 - Unrewarded - /home/fet/stimuli/test_categories_box2/nonreward/Te_Stim_1_WhiBlu4917_041927241201.wav"
"2017-02-27 16:56:37,162","INFO","Trial 417 - 16:56:37 - Unrewarded - /home/fet/stimuli/test_categories_box2/nonreward/Ne_Stim_1_LblRed0613_552148262906.wav"
"2017-02-27 16:56:37,211","INFO","Trial 418 - 16:56:37 - Rewarded - /home/fet/stimuli/test_categories_box2/reward/Ag_Stim_9_GraLbl0457_060715090519.wav"
"2017-02-27 16:56:43,220","INFO","Supplying reward for 12.00 seconds"
"2017-02-27 16:57:08,414","INFO","Trial 419 - 16:57:08 - Unrewarded - /home/fet/stimuli/test_categories_box2/nonreward/DC_Stim_8_BlaBla0506_161425211815.wav"
"2017-02-27 16:57:09,189","INFO","Trial 420 - 16:57:09 - Unrewarded - /home/fet/stimuli/test_categories_box2/nonreward/LT_Stim_2_LblBlu2028_061404130911.wav"
"2017-02-27 16:57:13,040","INFO","Trial 421 - 16:57:13 - Rewarded - /home/fet/stimuli/test_categories_box2/reward/Ag_Stim_1_WhiRas44dd_313224210511.wav"
"2017-02-27 16:57:13,093","INFO","Trial 422 - 16:57:13 - Unrewarded - /home/fet/stimuli/test_categories_box2/nonreward/So_Stim_9_LblBla4419_020910.wav"
"2017-02-27 16:57:23,242","INFO","Trial 423 - 16:57:23 - Unrewarded - /home/fet/stimuli/test_categories_box2/nonreward/Ne_Stim_6_BlaBla0506_160709071309.wav"
"2017-02-27 16:57:24,113","INFO","Trial 424 - 16:57:24 - Rewarded - /home/fet/stimuli/test_categories_box2/reward/Ag_Stim_6_GreOra1817_212201203214.wav"
"2017-02-27 16:57:30,120","INFO","Supplying reward for 12.00 seconds"
"2017-02-27 16:58:02,834","INFO","Trial 425 - 16:58:02 - Unrewarded - /home/fet/stimuli/test_categories_box2/nonreward/Tu_Stim_3_WhiRas44dd_251423080402.wav"
"2017-02-27 16:58:02,885","INFO","Trial 426 - 16:58:02 - Unrewarded - /home/fet/stimuli/test_categories_box2/nonreward/Wh_Stim_10_GraGra0201_060105040205.wav"
"2017-02-27 16:58:03,273","INFO","Trial 427 - 16:58:03 - Unrewarded - /home/fet/stimuli/test_categories_box2/nonreward/DC_Stim_9_HPiHPi4748_290926241213.wav"
"2017-02-27 16:58:04,215","INFO","Trial 428 - 16:58:04 - Unrewarded - /home/fet/stimuli/test_categories_box2/nonreward/Di_Stim_2_Unknown_11_010202020202.wav"
"2017-02-27 16:58:04,273","INFO","Trial 429 - 16:58:04 - Unrewarded - /home/fet/stimuli/test_categories_box2/nonreward/Di_Stim_2_WhiBlu4917_010101010101.wav"
"2017-02-27 16:58:10,326","INFO","Trial 430 - 16:58:10 - Unrewarded - /home/fet/stimuli/test_categories_box2/nonreward/LT_Stim_9_LblBlu6243_200803063028.wav"
"2017-02-27 16:58:11,175","INFO","Trial 431 - 16:58:11 - Unrewarded - /home/fet/stimuli/test_categories_box2/nonreward/Wh_Stim_7_LblBla4548_150617031013.wav"
"2017-02-27 16:58:11,543","INFO","Trial 432 - 16:58:11 - Unrewarded - /home/fet/stimuli/test_categories_box2/nonreward/Te_Stim_3_LblRed0613_142306150412.wav"
"2017-02-27 16:58:22,003","INFO","Trial 433 - 16:58:22 - Unrewarded - /home/fet/stimuli/test_categories_box2/nonreward/Th_Stim_2_WhiGra0114_010806050207.wav"
"2017-02-27 16:58:22,935","INFO","Trial 434 - 16:58:22 - Rewarded - /home/fet/stimuli/test_categories_box2/reward/Ag_Stim_1_WhiWhi1415_020202020202.wav"
"2017-02-27 16:58:28,943","INFO","Supplying reward for 12.00 seconds"
"2017-02-27 16:58:53,211","INFO","Trial 435 - 16:58:53 - Unrewarded - /home/fet/stimuli/test_categories_box2/nonreward/Te_Stim_5_GreGre2522_241629330608.wav"
"2017-02-27 16:58:54,286","INFO","Trial 436 - 16:58:54 - Unrewarded - /home/fet/stimuli/test_categories_box2/nonreward/Th_Stim_7_GraGra0201_320742202446.wav"
"2017-02-27 16:58:54,339","INFO","Trial 437 - 16:58:54 - Unrewarded - /home/fet/stimuli/test_categories_box2/nonreward/LT_Stim_3_LblBlu6379_220920150208.wav"
"2017-02-27 16:58:54,560","INFO","Trial 438 - 16:58:54 - Unrewarded - /home/fet/stimuli/test_categories_box2/nonreward/Wh_Stim_5_BlaBla0506_021218101413.wav"
"2017-02-27 16:58:55,772","INFO","Trial 439 - 16:58:55 - Unrewarded - /home/fet/stimuli/test_categories_box2/nonreward/Tu_Stim_4_WhiRas44dd_270717120103.wav"
"2017-02-27 16:58:55,825","INFO","Trial 440 - 16:58:55 - Unrewarded - /home/fet/stimuli/test_categories_box2/nonreward/Te_Stim_3_BlaBla0506_171415121009.wav"
"2017-02-27 16:59:07,055","INFO","Trial 441 - 16:59:07 - Rewarded - /home/fet/stimuli/test_categories_box2/reward/Ag_Stim_4_Unknown000_010601010106.wav"
"2017-02-27 16:59:07,110","INFO","Trial 442 - 16:59:07 - Unrewarded - /home/fet/stimuli/test_categories_box2/nonreward/Te_Stim_2_GraLbl0457_031905142625.wav"
"2017-02-27 16:59:14,785","INFO","Trial 443 - 16:59:14 - Unrewarded - /home/fet/stimuli/test_categories_box2/nonreward/Te_Stim_6_BlaBla0506_161205080615.wav"
"2017-02-27 16:59:18,333","INFO","Trial 444 - 16:59:18 - Unrewarded - /home/fet/stimuli/test_categories_box2/nonreward/Wh_Stim_2_WhiBlu5698_181120190704.wav"
"2017-02-27 16:59:29,911","INFO","Trial 445 - 16:59:29 - Unrewarded - /home/fet/stimuli/test_categories_box2/nonreward/Di_Stim_8_YelOra2575_091111110909.wav"
"2017-02-27 16:59:29,962","INFO","Trial 446 - 16:59:29 - Unrewarded - /home/fet/stimuli/test_categories_box2/nonreward/LT_Stim_8_WhiBlu0112_012714051623.wav"
"2017-02-27 16:59:37,231","INFO","Trial 447 - 16:59:37 - Unrewarded - /home/fet/stimuli/test_categories_box2/nonreward/Te_Stim_10_WhiBlu5698_022214010724.wav"
"2017-02-27 16:59:51,612","INFO","Trial 448 - 16:59:51 - Unrewarded - /home/fet/stimuli/test_categories_box2/nonreward/Ne_Stim_5_WhiLbl0010_141310341221.wav"
"2017-02-27 16:59:51,670","INFO","Trial 449 - 16:59:51 - Unrewarded - /home/fet/stimuli/test_categories_box2/nonreward/DC_Stim_8_BluRas61dd_262807233605.wav"
"2017-02-27 16:59:52,571","INFO","Trial 450 - 16:59:52 - Rewarded - /home/fet/stimuli/test_categories_box2/reward/Ag_Stim_3_BlaLbl8026_212022032404.wav"
"2017-02-27 16:59:58,579","INFO","Supplying reward for 12.00 seconds"
"2017-02-27 17:01:04,201","INFO","Trial 451 - 17:01:04 - Unrewarded - /home/fet/stimuli/test_categories_box2/nonreward/Wh_Stim_10_YelGre5275_020803061105.wav"
"2017-02-27 17:01:05,308","INFO","Trial 452 - 17:01:05 - Unrewarded - /home/fet/stimuli/test_categories_box2/nonreward/Ne_Stim_1_BluRas07dd_050122100806.wav"
"2017-02-27 17:01:05,361","INFO","Trial 453 - 17:01:05 - Unrewarded - /home/fet/stimuli/test_categories_box2/nonreward/Di_Stim_9_WhiBlu4917_010101010101.wav"
"2017-02-27 17:01:16,140","INFO","Trial 454 - 17:01:16 - Unrewarded - /home/fet/stimuli/test_categories_box2/nonreward/Th_Stim_9_GreOra1817_342139281201.wav"
"2017-02-27 17:01:16,191","INFO","Trial 455 - 17:01:16 - Unrewarded - /home/fet/stimuli/test_categories_box2/nonreward/Te_Stim_7_WhiBlu5698_182602221504.wav"
"2017-02-27 17:01:17,404","INFO","Trial 456 - 17:01:17 - Unrewarded - /home/fet/stimuli/test_categories_box2/nonreward/Ne_Stim_9_BluRas07dd_111503122005.wav"
"2017-02-27 17:01:17,456","INFO","Trial 457 - 17:01:17 - Unrewarded - /home/fet/stimuli/test_categories_box2/nonreward/Th_Stim_1_WhiGra0114_060208050701.wav"
"2017-02-27 17:01:30,816","INFO","Trial 458 - 17:01:30 - Unrewarded - /home/fet/stimuli/test_categories_box2/nonreward/Te_Stim_8_GreGre2522_051108011503.wav"
"2017-02-27 17:01:32,103","INFO","Trial 459 - 17:01:32 - Unrewarded - /home/fet/stimuli/test_categories_box2/nonreward/Tu_Stim_3_YelGre5275_302820182410.wav"
"2017-02-27 17:01:33,492","INFO","Trial 460 - 17:01:33 - Rewarded - /home/fet/stimuli/test_categories_box2/reward/Ag_Stim_3_GraGra0201_050406111402.wav"
"2017-02-27 17:01:33,550","INFO","Trial 461 - 17:01:33 - Unrewarded - /home/fet/stimuli/test_categories_box2/nonreward/DC_Stim_1_GreGre6364_120402050714.wav"
"2017-02-27 17:01:34,655","INFO","Trial 462 - 17:01:34 - Rewarded - /home/fet/stimuli/test_categories_box2/reward/Ag_Stim_3_HPiHPi4748_382729233336.wav"
"2017-02-27 17:01:34,709","INFO","Trial 463 - 17:01:34 - Unrewarded - /home/fet/stimuli/test_categories_box2/nonreward/Be_Stim_5_LblGre0001_041011_03.wav"
"2017-02-27 17:01:35,724","INFO","Trial 464 - 17:01:35 - Unrewarded - /home/fet/stimuli/test_categories_box2/nonreward/Th_Stim_10_WhiWhi1415_260619121725.wav"
"2017-02-27 17:01:36,712","INFO","Trial 465 - 17:01:36 - Rewarded - /home/fet/stimuli/test_categories_box2/reward/Ag_Stim_3_BluRas07dd_241513171009.wav"
"2017-02-27 17:01:42,720","INFO","Supplying reward for 12.00 seconds"
"2017-02-27 17:02:23,695","INFO","Trial 466 - 17:02:23 - Unrewarded - /home/fet/stimuli/test_categories_box2/nonreward/DC_Stim_7_WhiBlu5698_080716030206.wav"
"2017-02-27 17:02:23,745","INFO","Trial 467 - 17:02:23 - Unrewarded - /home/fet/stimuli/test_categories_box2/nonreward/Th_Stim_9_LblRed0613_111415160605.wav"
"2017-02-27 17:02:24,585","INFO","Trial 468 - 17:02:24 - Unrewarded - /home/fet/stimuli/test_categories_box2/nonreward/Th_Stim_10_Unknown000_080305100406.wav"
"2017-02-27 17:02:30,151","INFO","Trial 469 - 17:02:30 - Unrewarded - /home/fet/stimuli/test_categories_box2/nonreward/Be_Stim_7_LblGre0001_11_0202_0210.wav"
"2017-02-27 17:02:32,142","INFO","Trial 470 - 17:02:32 - Unrewarded - /home/fet/stimuli/test_categories_box2/nonreward/Te_Stim_1_WhiBlu5698_042026221817.wav"
"2017-02-27 17:02:32,192","INFO","Trial 471 - 17:02:32 - Rewarded - /home/fet/stimuli/test_categories_box2/reward/Ag_Stim_6_WhiBlu4818_050706050507.wav"
"2017-02-27 17:02:38,199","INFO","Supplying reward for 12.00 seconds"
"2017-02-27 17:03:08,099","INFO","Trial 472 - 17:03:08 - Unrewarded - /home/fet/stimuli/test_categories_box2/nonreward/Di_Stim_1_WhiWhi1415_020202020202.wav"
"2017-02-27 17:03:17,192","INFO","Trial 473 - 17:03:17 - Unrewarded - /home/fet/stimuli/test_categories_box2/nonreward/Th_Stim_2_Unknown_11_020605070310.wav"
"2017-02-27 17:03:18,001","INFO","Trial 474 - 17:03:18 - Unrewarded - /home/fet/stimuli/test_categories_box2/nonreward/Te_Stim_2_GreGre2522_020525211934.wav"
"2017-02-27 17:03:18,042","INFO","Trial 475 - 17:03:18 - Unrewarded - /home/fet/stimuli/test_categories_box2/nonreward/Be_Stim_8_GraGre1001_010602.wav"
"2017-02-27 17:03:18,848","INFO","Trial 476 - 17:03:18 - Unrewarded - /home/fet/stimuli/test_categories_box2/nonreward/LT_Stim_6_WhiBlu3513_010304050602.wav"
"2017-02-27 17:03:22,416","INFO","Trial 477 - 17:03:22 - Unrewarded - /home/fet/stimuli/test_categories_box2/nonreward/Wh_Stim_8_BlaBla0506_121614151806.wav"
"2017-02-27 17:03:22,469","INFO","Trial 478 - 17:03:22 - Unrewarded - /home/fet/stimuli/test_categories_box2/nonreward/Wh_Stim_4_GraGra0201_040605050102.wav"
"2017-02-27 17:03:33,793","INFO","Trial 479 - 17:03:33 - Unrewarded - /home/fet/stimuli/test_categories_box2/nonreward/Di_Stim_3_BlaBla0506_010101010101.wav"
"2017-02-27 17:03:48,112","INFO","Trial 480 - 17:03:48 - Rewarded - /home/fet/stimuli/test_categories_box2/reward/Ag_Stim_1_HPiHPi4748_112935383608.wav"
"2017-02-27 17:03:54,118","INFO","Supplying reward for 12.00 seconds"
"2017-02-27 17:04:22,555","INFO","Trial 481 - 17:04:22 - Unrewarded - /home/fet/stimuli/test_categories_box2/nonreward/Wh_Stim_7_LblRed0613_271934430140.wav"
"2017-02-27 17:04:22,614","INFO","Trial 482 - 17:04:22 - Unrewarded - /home/fet/stimuli/test_categories_box2/nonreward/So_Stim_3_YelGre5275_331615.wav"
"2017-02-27 17:04:22,885","INFO","Trial 483 - 17:04:22 - Unrewarded - /home/fet/stimuli/test_categories_box2/nonreward/So_Stim_5_RedRas3600_050401.wav"
"2017-02-27 17:04:22,937","INFO","Trial 484 - 17:04:22 - Unrewarded - /home/fet/stimuli/test_categories_box2/nonreward/Wh_Stim_5_WhiRas44dd_020103020202.wav"
"2017-02-27 17:04:23,917","INFO","Trial 485 - 17:04:23 - Unrewarded - /home/fet/stimuli/test_categories_box2/nonreward/Ne_Stim_3_GraGra0201_302022032335.wav"
"2017-02-27 17:04:23,965","INFO","Trial 486 - 17:04:23 - Unrewarded - /home/fet/stimuli/test_categories_box2/nonreward/Di_Stim_5_Unknown_11_010201010101.wav"
"2017-02-27 17:04:33,118","INFO","Trial 487 - 17:04:33 - Rewarded - /home/fet/stimuli/test_categories_box2/reward/Ag_Stim_9_WhiWhi1415_020202020202.wav"
"2017-02-27 17:04:39,128","INFO","Supplying reward for 12.00 seconds"
"2017-02-27 17:05:32,866","INFO","Trial 488 - 17:05:32 - Unrewarded - /home/fet/stimuli/test_categories_box2/nonreward/DC_Stim_10_BluRas61dd_142705111525.wav"
"2017-02-27 17:05:44,633","INFO","Trial 489 - 17:05:44 - Unrewarded - /home/fet/stimuli/test_categories_box2/nonreward/Ne_Stim_7_LblBla4419_514641551921.wav"
"2017-02-27 17:05:45,638","INFO","Trial 490 - 17:05:45 - Unrewarded - /home/fet/stimuli/test_categories_box2/nonreward/Ne_Stim_6_Unknown00F_020102010201.wav"
"2017-02-27 17:05:45,691","INFO","Trial 491 - 17:05:45 - Unrewarded - /home/fet/stimuli/test_categories_box2/nonreward/Wh_Stim_5_WhiBlu5698_180620190215.wav"
"2017-02-27 17:05:59,542","INFO","Trial 492 - 17:05:59 - Unrewarded - /home/fet/stimuli/test_categories_box2/nonreward/Th_Stim_1_WhiBlu5698_060407010607.wav"
"2017-02-27 17:05:59,592","INFO","Trial 493 - 17:05:59 - Unrewarded - /home/fet/stimuli/test_categories_box2/nonreward/DC_Stim_10_GraLbl0457_021424090821.wav"
"2017-02-27 17:06:00,797","INFO","Trial 494 - 17:06:00 - Unrewarded - /home/fet/stimuli/test_categories_box2/nonreward/DC_Stim_5_HPiHPi4748_240104082118.wav"
"2017-02-27 17:06:00,851","INFO","Trial 495 - 17:06:00 - Unrewarded - /home/fet/stimuli/test_categories_box2/nonreward/DC_Stim_2_YelGre5275_392040320222.wav"
"2017-02-27 17:06:29,667","INFO","Trial 496 - 17:06:29 - Unrewarded - /home/fet/stimuli/test_categories_box2/nonreward/Ne_Stim_1_HPiHPi4748_490237170547.wav"
"2017-02-27 17:06:39,166","INFO","Trial 497 - 17:06:39 - Unrewarded - /home/fet/stimuli/test_categories_box2/nonreward/So_Stim_5_WhiLbl0010_080604.wav"
"2017-02-27 17:07:19,666","INFO","Trial 498 - 17:07:19 - Unrewarded - /home/fet/stimuli/test_categories_box2/nonreward/Wh_Stim_1_GraLbl0457_040105020502.wav"
"2017-02-27 17:07:20,925","INFO","Trial 499 - 17:07:20 - Unrewarded - /home/fet/stimuli/test_categories_box2/nonreward/So_Stim_9_WhiBlu5698_310225.wav"
"2017-02-27 17:14:55,009","INFO","Finishing session 1 at Mon Feb 27 17:14:55 2017"
"2017-02-27 17:14:55,009","INFO","Finished all sessions."
"2017-02-27 17:14:55,316","INFO","Exiting Session state"
"2017-02-27 17:14:55,316","INFO","Finishing experiment"
"2017-02-27 17:14:55,623","INFO","Exiting Idle state"
