"2016-11-15 10:24:32,789","INFO","Preparing subject and data storage"
"2016-11-15 10:24:32,789","INFO","Created subject object with name LblGra2826F"
"2016-11-15 10:24:32,789","INFO","Created datastore CSVStore: filename = /home/fet/data/LblGra2826F/151116/LblGra2826F_trialdata_20161115102432.csv, fields = session, index, time, stimulus_name, condition_name, response, correct, rt, reward, max_wait for subject LblGra2826F"
"2016-11-15 10:24:32,790","INFO","Preparing to run experiment Go No-Go Interruption"
"2016-11-15 10:24:33,095","INFO","Entering Idle state"
"2016-11-15 10:24:33,403","INFO","Beginning block #1"
"2016-11-15 10:24:49,249","INFO","Trial 1 - 10:24:49 - Unrewarded - /home/fet/stimuli/test_categories_box5/nonreward/Ag_Stim_7_WhiRas44dd_050824211017.wav"
"2016-11-15 10:25:02,724","INFO","Trial 2 - 10:25:02 - Unrewarded - /home/fet/stimuli/test_categories_box5/nonreward/Di_Stim_6_WhiWhi1415_020202020202.wav"
"2016-11-15 10:25:45,332","INFO","Trial 3 - 10:25:45 - Unrewarded - /home/fet/stimuli/test_categories_box5/nonreward/Di_Stim_4_HPiHPi4748_050305030503.wav"
"2016-11-15 10:25:59,254","INFO","Trial 4 - 10:25:59 - Unrewarded - /home/fet/stimuli/test_categories_box5/nonreward/Be_Stim_1_LblBlu2028_11_020803_01.wav"
"2016-11-15 10:26:10,488","INFO","Trial 5 - 10:26:10 - Unrewarded - /home/fet/stimuli/test_categories_box5/nonreward/Be_Stim_3_LblGre0000_011006.wav"
"2016-11-15 10:26:26,294","INFO","Trial 6 - 10:26:26 - Unrewarded - /home/fet/stimuli/test_categories_box5/nonreward/Be_Stim_9_LblBlu1927_061510.wav"
"2016-11-15 10:26:48,984","INFO","Trial 7 - 10:26:48 - Unrewarded - /home/fet/stimuli/test_categories_box5/nonreward/Wh_Stim_9_GraLbl0457_040502010402.wav"
"2016-11-15 10:26:58,581","INFO","Trial 8 - 10:26:58 - Unrewarded - /home/fet/stimuli/test_categories_box5/nonreward/Wh_Stim_4_WhiBlu5698_111820151910.wav"
"2016-11-15 10:27:06,293","INFO","Trial 9 - 10:27:06 - Unrewarded - /home/fet/stimuli/test_categories_box5/nonreward/DC_Stim_2_WhiLbl0010_271716131509.wav"
"2016-11-15 10:27:18,429","INFO","Trial 10 - 10:27:18 - Unrewarded - /home/fet/stimuli/test_categories_box5/nonreward/Di_Stim_5_PurRas20dd_040104010401.wav"
"2016-11-15 10:27:33,686","INFO","Trial 11 - 10:27:33 - Unrewarded - /home/fet/stimuli/test_categories_box5/nonreward/Ag_Stim_7_GreGre2522_020101010102.wav"
"2016-11-15 10:27:42,897","INFO","Trial 12 - 10:27:42 - Unrewarded - /home/fet/stimuli/test_categories_box5/nonreward/Wh_Stim_4_GraLbl0457_050402010404.wav"
"2016-11-15 10:27:47,039","INFO","Trial 13 - 10:27:47 - Unrewarded - /home/fet/stimuli/test_categories_box5/nonreward/Di_Stim_3_Unknown_11_020102020202.wav"
"2016-11-15 10:27:55,873","INFO","Trial 14 - 10:27:55 - Unrewarded - /home/fet/stimuli/test_categories_box5/nonreward/Tu_Stim_4_WhiRas44dd_071913091823.wav"
"2016-11-15 10:28:05,481","INFO","Trial 15 - 10:28:05 - Unrewarded - /home/fet/stimuli/test_categories_box5/nonreward/Tu_Stim_5_BlaLbl8026_061011051209.wav"
"2016-11-15 10:28:13,726","INFO","Trial 16 - 10:28:13 - Unrewarded - /home/fet/stimuli/test_categories_box5/nonreward/Wh_Stim_5_YelGre5275_131107090612.wav"
"2016-11-15 10:28:17,930","INFO","Trial 17 - 10:28:17 - Unrewarded - /home/fet/stimuli/test_categories_box5/nonreward/Tu_Stim_2_WhiRas44dd_060220250915.wav"
"2016-11-15 10:28:28,065","INFO","Trial 18 - 10:28:28 - Unrewarded - /home/fet/stimuli/test_categories_box5/nonreward/Ag_Stim_2_WhiRas44dd_242132111708.wav"
"2016-11-15 10:28:37,301","INFO","Trial 19 - 10:28:37 - Unrewarded - /home/fet/stimuli/test_categories_box5/nonreward/Wh_Stim_5_LblRed0613_233113090132.wav"
"2016-11-15 10:28:41,571","INFO","Trial 20 - 10:28:41 - Unrewarded - /home/fet/stimuli/test_categories_box5/nonreward/Ne_Stim_4_HPiHPi4748_342829184804.wav"
"2016-11-15 10:28:50,371","INFO","Trial 21 - 10:28:50 - Unrewarded - /home/fet/stimuli/test_categories_box5/nonreward/LT_Stim_1_LblBlu1630_031412021610.wav"
"2016-11-15 10:28:58,874","INFO","Trial 22 - 10:28:58 - Unrewarded - /home/fet/stimuli/test_categories_box5/nonreward/Tu_Stim_6_PurRas20dd_090406030205.wav"
"2016-11-15 10:29:08,146","INFO","Trial 23 - 10:29:08 - Unrewarded - /home/fet/stimuli/test_categories_box5/nonreward/LT_Stim_4_LblGre0001_090311100504.wav"
"2016-11-15 10:29:16,821","INFO","Trial 24 - 10:29:16 - Unrewarded - /home/fet/stimuli/test_categories_box5/nonreward/Di_Stim_6_HPiHPi4748_030503030303.wav"
"2016-11-15 10:29:24,919","INFO","Trial 25 - 10:29:24 - Unrewarded - /home/fet/stimuli/test_categories_box5/nonreward/DC_Stim_5_GreOra1817_230622323105.wav"
"2016-11-15 10:29:38,152","INFO","Trial 26 - 10:29:38 - Unrewarded - /home/fet/stimuli/test_categories_box5/nonreward/Be_Stim_5_LblBlu6680_01_0211_0205_02.wav"
"2016-11-15 10:29:48,424","INFO","Trial 27 - 10:29:48 - Unrewarded - /home/fet/stimuli/test_categories_box5/nonreward/Ag_Stim_10_WhiBlu4917_010101010101.wav"
"2016-11-15 10:29:58,426","INFO","Trial 28 - 10:29:58 - Unrewarded - /home/fet/stimuli/test_categories_box5/nonreward/Be_Stim_1_GraRas1500_060304.wav"
"2016-11-15 10:30:14,576","INFO","Trial 29 - 10:30:14 - Unrewarded - /home/fet/stimuli/test_categories_box5/nonreward/Ag_Stim_2_GraLbl0457_080506190715.wav"
"2016-11-15 10:30:22,563","INFO","Trial 30 - 10:30:22 - Unrewarded - /home/fet/stimuli/test_categories_box5/nonreward/Tu_Stim_7_PurRas20dd_040203080701.wav"
"2016-11-15 10:30:33,183","INFO","Trial 31 - 10:30:33 - Unrewarded - /home/fet/stimuli/test_categories_box5/nonreward/Di_Stim_10_BlaLbl8026_010203030201.wav"
"2016-11-15 10:30:43,639","INFO","Trial 32 - 10:30:43 - Unrewarded - /home/fet/stimuli/test_categories_box5/nonreward/Wh_Stim_8_GreOra1817_010101010101.wav"
"2016-11-15 10:30:47,538","INFO","Trial 33 - 10:30:47 - Unrewarded - /home/fet/stimuli/test_categories_box5/nonreward/Ag_Stim_3_BluRas07dd_081317052415.wav"
"2016-11-15 10:31:01,632","INFO","Trial 34 - 10:31:01 - Unrewarded - /home/fet/stimuli/test_categories_box5/nonreward/DC_Stim_1_LblBla4548_480243014645.wav"
"2016-11-15 10:31:40,951","INFO","Trial 35 - 10:31:40 - Rewarded - /home/fet/stimuli/test_categories_box5/reward/So_Stim_7_RedRas3600_020601.wav"
"2016-11-15 10:31:46,956","INFO","Supplying reward for 12.00 seconds"
"2016-11-15 10:32:18,727","INFO","Trial 36 - 10:32:18 - Unrewarded - /home/fet/stimuli/test_categories_box5/nonreward/Ne_Stim_7_WhiWhi1415_040510090806.wav"
"2016-11-15 10:32:18,934","INFO","Trial 37 - 10:32:18 - Unrewarded - /home/fet/stimuli/test_categories_box5/nonreward/Be_Stim_10_LblBlu6680_03_0101_0105_02.wav"
"2016-11-15 10:32:28,221","INFO","Trial 38 - 10:32:28 - Rewarded - /home/fet/stimuli/test_categories_box5/reward/So_Stim_6_BlaBla0506_150812.wav"
"2016-11-15 10:32:34,230","INFO","Supplying reward for 12.00 seconds"
"2016-11-15 10:34:25,102","INFO","Trial 39 - 10:34:25 - Unrewarded - /home/fet/stimuli/test_categories_box5/nonreward/Be_Stim_7_LblGre0000_120610.wav"
"2016-11-15 10:34:33,769","INFO","Trial 40 - 10:34:33 - Unrewarded - /home/fet/stimuli/test_categories_box5/nonreward/Ne_Stim_8_YelOra2575_201522122107.wav"
"2016-11-15 10:34:42,824","INFO","Trial 41 - 10:34:42 - Unrewarded - /home/fet/stimuli/test_categories_box5/nonreward/Tu_Stim_6_BluRas07dd_100815200905.wav"
"2016-11-15 10:34:51,343","INFO","Trial 42 - 10:34:51 - Unrewarded - /home/fet/stimuli/test_categories_box5/nonreward/Te_Stim_3_LblRed0613_040726170220.wav"
"2016-11-15 10:34:59,998","INFO","Trial 43 - 10:34:59 - Unrewarded - /home/fet/stimuli/test_categories_box5/nonreward/Tu_Stim_1_GraGra0201_061720181609.wav"
"2016-11-15 10:35:09,070","INFO","Trial 44 - 10:35:09 - Rewarded - /home/fet/stimuli/test_categories_box5/reward/So_Stim_7_GraLbl0457_091315.wav"
"2016-11-15 10:35:15,075","INFO","Supplying reward for 12.00 seconds"
"2016-11-15 10:36:15,384","INFO","Trial 45 - 10:36:15 - Unrewarded - /home/fet/stimuli/test_categories_box5/nonreward/Di_Stim_10_WhiLbl0010_040404040404.wav"
"2016-11-15 10:36:24,207","INFO","Trial 46 - 10:36:24 - Unrewarded - /home/fet/stimuli/test_categories_box5/nonreward/Be_Stim_6_LblGre0000_051107.wav"
"2016-11-15 10:36:35,159","INFO","Trial 47 - 10:36:35 - Unrewarded - /home/fet/stimuli/test_categories_box5/nonreward/Be_Stim_2_LblBlu1729_100802.wav"
"2016-11-15 10:36:46,160","INFO","Trial 48 - 10:36:46 - Unrewarded - /home/fet/stimuli/test_categories_box5/nonreward/Wh_Stim_5_WhiBlu5698_070219201510.wav"
"2016-11-15 10:36:55,146","INFO","Trial 49 - 10:36:55 - Unrewarded - /home/fet/stimuli/test_categories_box5/nonreward/Wh_Stim_8_GraLbl0457_020104050204.wav"
"2016-11-15 10:37:01,088","INFO","Trial 50 - 10:37:01 - Unrewarded - /home/fet/stimuli/test_categories_box5/nonreward/Ag_Stim_7_BluRas07dd_120520081724.wav"
"2016-11-15 10:37:10,039","INFO","Trial 51 - 10:37:10 - Unrewarded - /home/fet/stimuli/test_categories_box5/nonreward/DC_Stim_4_BluRas07dd_312611032927.wav"
"2016-11-15 10:37:21,953","INFO","Trial 52 - 10:37:21 - Unrewarded - /home/fet/stimuli/test_categories_box5/nonreward/DC_Stim_8_Unknown00F_071113101404.wav"
"2016-11-15 10:37:31,431","INFO","Trial 53 - 10:37:31 - Unrewarded - /home/fet/stimuli/test_categories_box5/nonreward/Te_Stim_3_GreWhi1242_040923072226.wav"
"2016-11-15 10:37:40,454","INFO","Trial 54 - 10:37:40 - Unrewarded - /home/fet/stimuli/test_categories_box5/nonreward/Ag_Stim_6_BluRas07dd_201708121015.wav"
"2016-11-15 10:37:50,730","INFO","Trial 55 - 10:37:50 - Unrewarded - /home/fet/stimuli/test_categories_box5/nonreward/Th_Stim_8_WhiBlu4818_010402050304.wav"
"2016-11-15 10:38:03,705","INFO","Trial 56 - 10:38:03 - Unrewarded - /home/fet/stimuli/test_categories_box5/nonreward/Di_Stim_2_GraGra0201_070107010101.wav"
"2016-11-15 10:38:22,616","INFO","Trial 57 - 10:38:22 - Rewarded - /home/fet/stimuli/test_categories_box5/reward/So_Stim_9_WhiLbl0010_050608.wav"
"2016-11-15 10:38:28,625","INFO","Supplying reward for 12.00 seconds"
"2016-11-15 10:40:59,595","INFO","Trial 58 - 10:40:59 - Unrewarded - /home/fet/stimuli/test_categories_box5/nonreward/Be_Stim_10_GraRas1600_070406.wav"
"2016-11-15 10:41:09,043","INFO","Trial 59 - 10:41:09 - Unrewarded - /home/fet/stimuli/test_categories_box5/nonreward/Wh_Stim_9_GraGra0201_020505010506.wav"
"2016-11-15 10:41:19,013","INFO","Trial 60 - 10:41:19 - Rewarded - /home/fet/stimuli/test_categories_box5/reward/So_Stim_2_YelOra2575_202324.wav"
"2016-11-15 10:41:25,021","INFO","Supplying reward for 12.00 seconds"
"2016-11-15 10:42:59,515","INFO","Trial 61 - 10:42:59 - Unrewarded - /home/fet/stimuli/test_categories_box5/nonreward/Ag_Stim_2_Unknown000_060106060101.wav"
"2016-11-15 10:43:15,349","INFO","Trial 62 - 10:43:15 - Unrewarded - /home/fet/stimuli/test_categories_box5/nonreward/Wh_Stim_10_WhiBlu5698_150418191106.wav"
"2016-11-15 10:43:22,210","INFO","Trial 63 - 10:43:22 - Unrewarded - /home/fet/stimuli/test_categories_box5/nonreward/Be_Stim_4_LblBlu1927_040907.wav"
"2016-11-15 10:43:37,929","INFO","Trial 64 - 10:43:37 - Unrewarded - /home/fet/stimuli/test_categories_box5/nonreward/Be_Stim_4_GraGre0813_011105.wav"
"2016-11-15 10:43:43,791","INFO","Trial 65 - 10:43:43 - Rewarded - /home/fet/stimuli/test_categories_box5/reward/So_Stim_1_RedRas3600_050204.wav"
"2016-11-15 10:43:49,799","INFO","Supplying reward for 12.00 seconds"
"2016-11-15 10:44:44,444","INFO","Trial 66 - 10:44:44 - Unrewarded - /home/fet/stimuli/test_categories_box5/nonreward/Ag_Stim_5_WhiBlu4818_060705060605.wav"
"2016-11-15 10:44:44,994","INFO","Trial 67 - 10:44:44 - Unrewarded - /home/fet/stimuli/test_categories_box5/nonreward/Tu_Stim_6_YelGre5275_052226150207.wav"
"2016-11-15 10:44:59,144","INFO","Trial 68 - 10:44:59 - Unrewarded - /home/fet/stimuli/test_categories_box5/nonreward/Di_Stim_7_Unknown_11_020101010201.wav"
"2016-11-15 10:45:08,093","INFO","Trial 69 - 10:45:08 - Unrewarded - /home/fet/stimuli/test_categories_box5/nonreward/Ne_Stim_4_GraGra0201_343632440428.wav"
"2016-11-15 10:45:18,152","INFO","Trial 70 - 10:45:18 - Unrewarded - /home/fet/stimuli/test_categories_box5/nonreward/Ag_Stim_7_WhiBlu4818_070506060705.wav"
"2016-11-15 10:45:28,629","INFO","Trial 71 - 10:45:28 - Unrewarded - /home/fet/stimuli/test_categories_box5/nonreward/Te_Stim_6_GreRas2400_082807130334.wav"
"2016-11-15 10:45:36,334","INFO","Trial 72 - 10:45:36 - Unrewarded - /home/fet/stimuli/test_categories_box5/nonreward/Te_Stim_6_GraLbl0457_112805142719.wav"
"2016-11-15 10:45:45,856","INFO","Trial 73 - 10:45:45 - Unrewarded - /home/fet/stimuli/test_categories_box5/nonreward/DC_Stim_1_YelGre5275_063903442728.wav"
"2016-11-15 10:45:55,293","INFO","Trial 74 - 10:45:55 - Unrewarded - /home/fet/stimuli/test_categories_box5/nonreward/Th_Stim_7_WhiRas44dd_133835304234.wav"
"2016-11-15 10:46:04,734","INFO","Trial 75 - 10:46:04 - Unrewarded - /home/fet/stimuli/test_categories_box5/nonreward/Wh_Stim_1_BlaLbl8026_093208070707.wav"
"2016-11-15 10:46:12,872","INFO","Trial 76 - 10:46:12 - Unrewarded - /home/fet/stimuli/test_categories_box5/nonreward/DC_Stim_5_Unknown00F_051618042212.wav"
"2016-11-15 10:46:22,276","INFO","Trial 77 - 10:46:22 - Unrewarded - /home/fet/stimuli/test_categories_box5/nonreward/Di_Stim_10_YelOra2575_110911111109.wav"
"2016-11-15 10:46:44,315","INFO","Trial 78 - 10:46:44 - Unrewarded - /home/fet/stimuli/test_categories_box5/nonreward/Be_Stim_10_LblGre0001_03_0211_0202_01.wav"
"2016-11-15 10:46:51,213","INFO","Trial 79 - 10:46:51 - Unrewarded - /home/fet/stimuli/test_categories_box5/nonreward/LT_Stim_5_WhiBlu3615_010503070402.wav"
"2016-11-15 10:46:59,633","INFO","Trial 80 - 10:46:59 - Unrewarded - /home/fet/stimuli/test_categories_box5/nonreward/Wh_Stim_5_GreOra1817_010101010101.wav"
"2016-11-15 10:47:09,590","INFO","Trial 81 - 10:47:09 - Unrewarded - /home/fet/stimuli/test_categories_box5/nonreward/Be_Stim_4_GraGre1001_041107.wav"
"2016-11-15 10:47:18,859","INFO","Trial 82 - 10:47:18 - Unrewarded - /home/fet/stimuli/test_categories_box5/nonreward/DC_Stim_10_GreOra1817_310920211905.wav"
"2016-11-15 10:47:29,225","INFO","Trial 83 - 10:47:29 - Unrewarded - /home/fet/stimuli/test_categories_box5/nonreward/Wh_Stim_7_GreOra1817_010101010101.wav"
"2016-11-15 10:47:43,479","INFO","Trial 84 - 10:47:43 - Unrewarded - /home/fet/stimuli/test_categories_box5/nonreward/Be_Stim_6_LblBlu6379_07_0103_0103_02.wav"
"2016-11-15 10:47:44,512","INFO","Trial 85 - 10:47:44 - Unrewarded - /home/fet/stimuli/test_categories_box5/nonreward/Te_Stim_5_HPiHPi4748_271613011415.wav"
"2016-11-15 10:47:54,119","INFO","Trial 86 - 10:47:54 - Unrewarded - /home/fet/stimuli/test_categories_box5/nonreward/Tu_Stim_8_GraLbl0457_141011161204.wav"
"2016-11-15 10:48:04,302","INFO","Trial 87 - 10:48:04 - Unrewarded - /home/fet/stimuli/test_categories_box5/nonreward/Di_Stim_4_PurRas20dd_010404040104.wav"
"2016-11-15 10:48:15,106","INFO","Trial 88 - 10:48:15 - Unrewarded - /home/fet/stimuli/test_categories_box5/nonreward/Di_Stim_3_GraGra0201_010707010701.wav"
"2016-11-15 10:48:25,448","INFO","Trial 89 - 10:48:25 - Unrewarded - /home/fet/stimuli/test_categories_box5/nonreward/Be_Stim_1_LblBlu1927_051509.wav"
"2016-11-15 10:48:26,203","INFO","Trial 90 - 10:48:26 - Unrewarded - /home/fet/stimuli/test_categories_box5/nonreward/LT_Stim_8_LblRas1800_020406060402.wav"
"2016-11-15 10:48:35,725","INFO","Trial 91 - 10:48:35 - Unrewarded - /home/fet/stimuli/test_categories_box5/nonreward/Ne_Stim_6_WhiRas44dd_100613071208.wav"
"2016-11-15 10:48:45,038","INFO","Trial 92 - 10:48:45 - Unrewarded - /home/fet/stimuli/test_categories_box5/nonreward/Di_Stim_2_WhiLbl0010_040404040404.wav"
"2016-11-15 10:48:54,504","INFO","Trial 93 - 10:48:54 - Unrewarded - /home/fet/stimuli/test_categories_box5/nonreward/Th_Stim_8_BlaBla0506_010504020301.wav"
"2016-11-15 10:49:02,154","INFO","Trial 94 - 10:49:02 - Unrewarded - /home/fet/stimuli/test_categories_box5/nonreward/Te_Stim_2_GraGra0201_183112112434.wav"
"2016-11-15 10:49:04,130","INFO","Trial 95 - 10:49:04 - Unrewarded - /home/fet/stimuli/test_categories_box5/nonreward/Be_Stim_10_WhiBlu0112_120214.wav"
"2016-11-15 10:49:12,787","INFO","Trial 96 - 10:49:12 - Unrewarded - /home/fet/stimuli/test_categories_box5/nonreward/Ag_Stim_5_GreOra1817_143220271618.wav"
"2016-11-15 10:49:19,394","INFO","Trial 97 - 10:49:19 - Rewarded - /home/fet/stimuli/test_categories_box5/reward/So_Stim_7_LblBla4419_090110.wav"
"2016-11-15 10:49:25,399","INFO","Supplying reward for 12.00 seconds"
"2016-11-15 10:51:32,539","INFO","Trial 98 - 10:51:32 - Unrewarded - /home/fet/stimuli/test_categories_box5/nonreward/DC_Stim_9_WhiBlu4818_020305040105.wav"
"2016-11-15 10:51:41,701","INFO","Trial 99 - 10:51:41 - Unrewarded - /home/fet/stimuli/test_categories_box5/nonreward/Di_Stim_3_Unknown000_020102020201.wav"
"2016-11-15 10:51:50,212","INFO","Trial 100 - 10:51:50 - Unrewarded - /home/fet/stimuli/test_categories_box5/nonreward/DC_Stim_8_LblBla4548_050943063847.wav"
"2016-11-15 10:52:05,322","INFO","Trial 101 - 10:52:05 - Unrewarded - /home/fet/stimuli/test_categories_box5/nonreward/Ag_Stim_5_GraLbl0457_110809071215.wav"
"2016-11-15 10:52:15,151","INFO","Trial 102 - 10:52:15 - Unrewarded - /home/fet/stimuli/test_categories_box5/nonreward/LT_Stim_4_LblBlu1927_010101010101.wav"
"2016-11-15 10:52:16,930","INFO","Trial 103 - 10:52:16 - Unrewarded - /home/fet/stimuli/test_categories_box5/nonreward/Be_Stim_4_GraRas1500_060504.wav"
"2016-11-15 10:52:25,375","INFO","Trial 104 - 10:52:25 - Rewarded - /home/fet/stimuli/test_categories_box5/reward/So_Stim_2_GraLbl0457_081413.wav"
"2016-11-15 10:52:31,384","INFO","Supplying reward for 12.00 seconds"
"2016-11-15 10:54:05,467","INFO","Trial 105 - 10:54:05 - Unrewarded - /home/fet/stimuli/test_categories_box5/nonreward/Wh_Stim_9_WhiRas44dd_010302020202.wav"
"2016-11-15 10:54:11,194","INFO","Trial 106 - 10:54:11 - Unrewarded - /home/fet/stimuli/test_categories_box5/nonreward/Be_Stim_4_LblGre0001_090803_01.wav"
"2016-11-15 10:54:19,831","INFO","Trial 107 - 10:54:19 - Unrewarded - /home/fet/stimuli/test_categories_box5/nonreward/LT_Stim_10_LblBlu6379_031006121925.wav"
"2016-11-15 10:54:26,606","INFO","Trial 108 - 10:54:26 - Unrewarded - /home/fet/stimuli/test_categories_box5/nonreward/Be_Stim_1_LblBlu6379_05_0207_0104_02.wav"
"2016-11-15 10:54:34,846","INFO","Trial 109 - 10:54:34 - Unrewarded - /home/fet/stimuli/test_categories_box5/nonreward/Wh_Stim_6_BlaLbl8026_070832090708.wav"
"2016-11-15 10:54:40,340","INFO","Trial 110 - 10:54:40 - Unrewarded - /home/fet/stimuli/test_categories_box5/nonreward/Di_Stim_2_WhiWhi1415_020202020202.wav"
"2016-11-15 10:54:50,152","INFO","Trial 111 - 10:54:50 - Unrewarded - /home/fet/stimuli/test_categories_box5/nonreward/DC_Stim_2_BluRas07dd_110401092726.wav"
"2016-11-15 10:55:01,145","INFO","Trial 112 - 10:55:01 - Unrewarded - /home/fet/stimuli/test_categories_box5/nonreward/Be_Stim_1_LblBlu6680_11_0104_0101_02.wav"
"2016-11-15 10:55:02,091","INFO","Trial 113 - 10:55:02 - Unrewarded - /home/fet/stimuli/test_categories_box5/nonreward/Ne_Stim_5_GreOra1817_060802101205.wav"
"2016-11-15 10:55:11,106","INFO","Trial 114 - 10:55:11 - Unrewarded - /home/fet/stimuli/test_categories_box5/nonreward/LT_Stim_4_LblBlu1630_021016011511.wav"
"2016-11-15 10:55:20,629","INFO","Trial 115 - 10:55:20 - Unrewarded - /home/fet/stimuli/test_categories_box5/nonreward/Te_Stim_3_LblBla4548_151830323502.wav"
"2016-11-15 10:55:21,638","INFO","Trial 116 - 10:55:21 - Rewarded - /home/fet/stimuli/test_categories_box5/reward/So_Stim_6_LblBla4548_124429.wav"
"2016-11-15 10:55:27,650","INFO","Supplying reward for 12.00 seconds"
"2016-11-15 10:57:50,014","INFO","Trial 117 - 10:57:50 - Unrewarded - /home/fet/stimuli/test_categories_box5/nonreward/Ne_Stim_1_YelGre5275_152114133105.wav"
"2016-11-15 10:57:59,520","INFO","Trial 118 - 10:57:59 - Unrewarded - /home/fet/stimuli/test_categories_box5/nonreward/DC_Stim_10_WhiLbl0010_261409080716.wav"
"2016-11-15 10:58:10,820","INFO","Trial 119 - 10:58:10 - Rewarded - /home/fet/stimuli/test_categories_box5/reward/So_Stim_10_GraLbl0457_141011.wav"
"2016-11-15 10:58:16,829","INFO","Supplying reward for 12.00 seconds"
"2016-11-15 11:00:39,595","INFO","Trial 120 - 11:00:39 - Unrewarded - /home/fet/stimuli/test_categories_box5/nonreward/DC_Stim_7_GraLbl0457_231308143221.wav"
"2016-11-15 11:00:50,260","INFO","Trial 121 - 11:00:50 - Unrewarded - /home/fet/stimuli/test_categories_box5/nonreward/LT_Stim_10_LblBlu6680_073020040109.wav"
"2016-11-15 11:00:51,974","INFO","Trial 122 - 11:00:51 - Unrewarded - /home/fet/stimuli/test_categories_box5/nonreward/Wh_Stim_4_GraGra0201_040601050205.wav"
"2016-11-15 11:01:00,365","INFO","Trial 123 - 11:01:00 - Unrewarded - /home/fet/stimuli/test_categories_box5/nonreward/Ne_Stim_4_GreOra1817_131008140605.wav"
"2016-11-15 11:01:05,482","INFO","Trial 124 - 11:01:05 - Unrewarded - /home/fet/stimuli/test_categories_box5/nonreward/Ag_Stim_2_GraGra0201_150911130212.wav"
"2016-11-15 11:01:15,425","INFO","Trial 125 - 11:01:15 - Unrewarded - /home/fet/stimuli/test_categories_box5/nonreward/Ag_Stim_3_WhiGra0114_010101010101.wav"
"2016-11-15 11:01:16,201","INFO","Trial 126 - 11:01:16 - Unrewarded - /home/fet/stimuli/test_categories_box5/nonreward/Wh_Stim_6_GreOra1817_010101010101.wav"
"2016-11-15 11:01:23,109","INFO","Trial 127 - 11:01:23 - Unrewarded - /home/fet/stimuli/test_categories_box5/nonreward/Th_Stim_9_YelGre5275_351421042206.wav"
"2016-11-15 11:01:32,545","INFO","Trial 128 - 11:01:32 - Unrewarded - /home/fet/stimuli/test_categories_box5/nonreward/Tu_Stim_4_YelGre5275_102319250607.wav"
"2016-11-15 11:01:40,671","INFO","Trial 129 - 11:01:40 - Rewarded - /home/fet/stimuli/test_categories_box5/reward/So_Stim_8_WhiBlu5698_240831.wav"
"2016-11-15 11:01:46,677","INFO","Supplying reward for 12.00 seconds"
"2016-11-15 11:03:38,195","INFO","Trial 130 - 11:03:38 - Unrewarded - /home/fet/stimuli/test_categories_box5/nonreward/Ne_Stim_8_WhiWhi1415_100805040609.wav"
"2016-11-15 11:03:39,024","INFO","Trial 131 - 11:03:39 - Unrewarded - /home/fet/stimuli/test_categories_box5/nonreward/Tu_Stim_8_YelOra2575_201713120.22.wav"
"2016-11-15 11:03:47,697","INFO","Trial 132 - 11:03:47 - Unrewarded - /home/fet/stimuli/test_categories_box5/nonreward/Th_Stim_4_WhiBlu5698_040107060404.wav"
"2016-11-15 11:03:58,121","INFO","Trial 133 - 11:03:58 - Unrewarded - /home/fet/stimuli/test_categories_box5/nonreward/Wh_Stim_8_YelGre5275_060913020108.wav"
"2016-11-15 11:03:59,900","INFO","Trial 134 - 11:03:59 - Unrewarded - /home/fet/stimuli/test_categories_box5/nonreward/Te_Stim_9_GreGre2522_081706130232.wav"
"2016-11-15 11:04:05,952","INFO","Trial 135 - 11:04:05 - Unrewarded - /home/fet/stimuli/test_categories_box5/nonreward/Ag_Stim_7_WhiWhi1415_020202020202.wav"
"2016-11-15 11:04:12,452","INFO","Trial 136 - 11:04:12 - Unrewarded - /home/fet/stimuli/test_categories_box5/nonreward/Th_Stim_7_WhiBlu4818_050301020405.wav"
"2016-11-15 11:04:20,062","INFO","Trial 137 - 11:04:20 - Unrewarded - /home/fet/stimuli/test_categories_box5/nonreward/Te_Stim_10_GraGra0201_281421080534.wav"
"2016-11-15 11:04:23,873","INFO","Trial 138 - 11:04:23 - Unrewarded - /home/fet/stimuli/test_categories_box5/nonreward/Wh_Stim_5_GraGra0201_010502050405.wav"
"2016-11-15 11:04:24,692","INFO","Trial 139 - 11:04:24 - Rewarded - /home/fet/stimuli/test_categories_box5/reward/So_Stim_1_HPiHPi4748_160913.wav"
"2016-11-15 11:04:30,700","INFO","Supplying reward for 12.00 seconds"
"2016-11-15 11:07:08,223","INFO","Trial 140 - 11:07:08 - Unrewarded - /home/fet/stimuli/test_categories_box5/nonreward/LT_Stim_7_LblRas1800_020503050401.wav"
"2016-11-15 11:07:12,356","INFO","Trial 141 - 11:07:12 - Unrewarded - /home/fet/stimuli/test_categories_box5/nonreward/LT_Stim_1_LblRas1800_010504060304.wav"
"2016-11-15 11:07:21,050","INFO","Trial 142 - 11:07:21 - Unrewarded - /home/fet/stimuli/test_categories_box5/nonreward/Wh_Stim_7_LblRed0613_410618222516.wav"
"2016-11-15 11:07:21,830","INFO","Trial 143 - 11:07:21 - Rewarded - /home/fet/stimuli/test_categories_box5/reward/So_Stim_1_WhiBlu4818_090522.wav"
"2016-11-15 11:07:27,838","INFO","Supplying reward for 12.00 seconds"
"2016-11-15 11:55:37,918","INFO","Trial 144 - 11:55:37 - Unrewarded - /home/fet/stimuli/test_categories_box5/nonreward/Th_Stim_1_Unknown000_010802100705.wav"
"2016-11-15 11:55:54,588","INFO","Trial 145 - 11:55:54 - Unrewarded - /home/fet/stimuli/test_categories_box5/nonreward/Th_Stim_4_BlaBla0506_020105040302.wav"
"2016-11-15 11:56:06,556","INFO","Trial 146 - 11:56:06 - Unrewarded - /home/fet/stimuli/test_categories_box5/nonreward/LT_Stim_1_WhiBlu3615_060307050204.wav"
"2016-11-15 11:56:14,899","INFO","Trial 147 - 11:56:14 - Unrewarded - /home/fet/stimuli/test_categories_box5/nonreward/Ne_Stim_6_YelOra2575_121618201508.wav"
"2016-11-15 11:56:23,144","INFO","Trial 148 - 11:56:23 - Unrewarded - /home/fet/stimuli/test_categories_box5/nonreward/DC_Stim_4_WhiRas44dd_302403090816.wav"
"2016-11-15 11:56:35,505","INFO","Trial 149 - 11:56:35 - Unrewarded - /home/fet/stimuli/test_categories_box5/nonreward/Ag_Stim_6_GraLbl0457_121505190811.wav"
"2016-11-15 11:56:47,727","INFO","Trial 150 - 11:56:47 - Unrewarded - /home/fet/stimuli/test_categories_box5/nonreward/Te_Stim_5_GreGre2522_090728013005.wav"
"2016-11-15 11:56:49,313","INFO","Trial 151 - 11:56:49 - Unrewarded - /home/fet/stimuli/test_categories_box5/nonreward/Te_Stim_9_GraLbl0457_112620071429.wav"
"2016-11-15 11:56:57,794","INFO","Trial 152 - 11:56:57 - Unrewarded - /home/fet/stimuli/test_categories_box5/nonreward/Di_Stim_2_BlaBla0506_010101010101.wav"
"2016-11-15 11:57:07,722","INFO","Trial 153 - 11:57:07 - Unrewarded - /home/fet/stimuli/test_categories_box5/nonreward/Be_Stim_3_LblBlu1927_030410.wav"
"2016-11-15 11:57:24,011","INFO","Trial 154 - 11:57:24 - Unrewarded - /home/fet/stimuli/test_categories_box5/nonreward/Di_Stim_7_HPiHPi4748_050305050503.wav"
"2016-11-15 11:57:35,827","INFO","Trial 155 - 11:57:35 - Unrewarded - /home/fet/stimuli/test_categories_box5/nonreward/Wh_Stim_5_HPiHPi4748_292419201612.wav"
"2016-11-15 11:57:45,161","INFO","Trial 156 - 11:57:45 - Unrewarded - /home/fet/stimuli/test_categories_box5/nonreward/Di_Stim_1_GraGra0201_070107010107.wav"
"2016-11-15 11:57:56,089","INFO","Trial 157 - 11:57:56 - Unrewarded - /home/fet/stimuli/test_categories_box5/nonreward/Be_Stim_5_LblBlu1927_150412.wav"
"2016-11-15 11:57:57,700","INFO","Trial 158 - 11:57:57 - Unrewarded - /home/fet/stimuli/test_categories_box5/nonreward/Ne_Stim_10_GreOra1817_131211020608.wav"
"2016-11-15 11:58:10,559","INFO","Trial 159 - 11:58:10 - Unrewarded - /home/fet/stimuli/test_categories_box5/nonreward/Ne_Stim_2_YelOra2575_091418110721.wav"
"2016-11-15 11:58:21,037","INFO","Trial 160 - 11:58:21 - Unrewarded - /home/fet/stimuli/test_categories_box5/nonreward/Di_Stim_3_PurRas20dd_010404010104.wav"
"2016-11-15 11:58:31,149","INFO","Trial 161 - 11:58:31 - Rewarded - /home/fet/stimuli/test_categories_box5/reward/So_Stim_9_GraLbl0457_050706.wav"
"2016-11-15 11:58:37,158","INFO","Supplying reward for 12.00 seconds"
"2016-11-15 12:00:41,247","INFO","Trial 162 - 12:00:41 - Unrewarded - /home/fet/stimuli/test_categories_box5/nonreward/Ne_Stim_1_GreOra1817_090802070613.wav"
"2016-11-15 12:00:48,382","INFO","Trial 163 - 12:00:48 - Unrewarded - /home/fet/stimuli/test_categories_box5/nonreward/Wh_Stim_3_HPiHPi4748_100321092005.wav"
"2016-11-15 12:00:49,093","INFO","Trial 164 - 12:00:49 - Unrewarded - /home/fet/stimuli/test_categories_box5/nonreward/Tu_Stim_6_BlaLbl8026_071009111208.wav"
"2016-11-15 12:00:58,875","INFO","Trial 165 - 12:00:58 - Unrewarded - /home/fet/stimuli/test_categories_box5/nonreward/Tu_Stim_9_HPiHPi4748_290413051908.wav"
"2016-11-15 12:01:05,654","INFO","Trial 166 - 12:01:05 - Unrewarded - /home/fet/stimuli/test_categories_box5/nonreward/Be_Stim_5_LblBlu2028_02_0211_0201_03.wav"
"2016-11-15 12:01:09,697","INFO","Trial 167 - 12:01:09 - Unrewarded - /home/fet/stimuli/test_categories_box5/nonreward/Th_Stim_3_Unknown_11_061103070508.wav"
"2016-11-15 12:01:17,581","INFO","Trial 168 - 12:01:17 - Unrewarded - /home/fet/stimuli/test_categories_box5/nonreward/DC_Stim_6_YelGre5275_152338113124.wav"
"2016-11-15 12:01:28,381","INFO","Trial 169 - 12:01:28 - Unrewarded - /home/fet/stimuli/test_categories_box5/nonreward/Di_Stim_9_WhiLbl0010_040404040404.wav"
"2016-11-15 12:01:39,370","INFO","Trial 170 - 12:01:39 - Unrewarded - /home/fet/stimuli/test_categories_box5/nonreward/Di_Stim_9_WhiBlu4818_060606060606.wav"
"2016-11-15 12:01:48,094","INFO","Trial 171 - 12:01:48 - Rewarded - /home/fet/stimuli/test_categories_box5/reward/So_Stim_9_YelOra2575_160915.wav"
"2016-11-15 12:01:54,099","INFO","Supplying reward for 12.00 seconds"
"2016-11-15 12:04:20,952","INFO","Trial 172 - 12:04:20 - Unrewarded - /home/fet/stimuli/test_categories_box5/nonreward/Th_Stim_7_Unknown_11_100702010903.wav"
"2016-11-15 12:04:26,943","INFO","Trial 173 - 12:04:26 - Unrewarded - /home/fet/stimuli/test_categories_box5/nonreward/Te_Stim_1_BluRas07dd_210227091011.wav"
"2016-11-15 12:04:32,232","INFO","Trial 174 - 12:04:32 - Unrewarded - /home/fet/stimuli/test_categories_box5/nonreward/Di_Stim_2_PurRas20dd_040104040404.wav"
"2016-11-15 12:04:41,820","INFO","Trial 175 - 12:04:41 - Unrewarded - /home/fet/stimuli/test_categories_box5/nonreward/Wh_Stim_8_HpiGra1004_040502030801.wav"
"2016-11-15 12:04:43,227","INFO","Trial 176 - 12:04:43 - Unrewarded - /home/fet/stimuli/test_categories_box5/nonreward/LT_Stim_7_LblBlu1630_081515121204.wav"
"2016-11-15 12:04:52,277","INFO","Trial 177 - 12:04:52 - Unrewarded - /home/fet/stimuli/test_categories_box5/nonreward/Ag_Stim_3_GraLbl0457_150708190506.wav"
"2016-11-15 12:04:53,761","INFO","Trial 178 - 12:04:53 - Unrewarded - /home/fet/stimuli/test_categories_box5/nonreward/Be_Stim_2_LblBlu2028_02_030310_01.wav"
"2016-11-15 12:04:53,843","INFO","Trial 179 - 12:04:53 - Unrewarded - /home/fet/stimuli/test_categories_box5/nonreward/Wh_Stim_1_WhiRas44dd_010302010201.wav"
"2016-11-15 12:05:02,078","INFO","Trial 180 - 12:05:02 - Unrewarded - /home/fet/stimuli/test_categories_box5/nonreward/Ag_Stim_3_LblBla4419_030102020302.wav"
"2016-11-15 12:05:13,845","INFO","Trial 181 - 12:05:13 - Unrewarded - /home/fet/stimuli/test_categories_box5/nonreward/Tu_Stim_4_PurRas20dd_020906080305.wav"
"2016-11-15 12:05:25,256","INFO","Trial 182 - 12:05:25 - Unrewarded - /home/fet/stimuli/test_categories_box5/nonreward/LT_Stim_2_LblBlu1630_070816141009.wav"
"2016-11-15 12:05:36,601","INFO","Trial 183 - 12:05:36 - Unrewarded - /home/fet/stimuli/test_categories_box5/nonreward/Ag_Stim_6_WhiWhi1415_020202020202.wav"
"2016-11-15 12:05:47,291","INFO","Trial 184 - 12:05:47 - Unrewarded - /home/fet/stimuli/test_categories_box5/nonreward/Tu_Stim_1_YelOra2575_242326160520.wav"
"2016-11-15 12:05:57,068","INFO","Trial 185 - 12:05:57 - Unrewarded - /home/fet/stimuli/test_categories_box5/nonreward/Th_Stim_1_WhiBlu5698_010407060607.wav"
"2016-11-15 12:06:06,956","INFO","Trial 186 - 12:06:06 - Unrewarded - /home/fet/stimuli/test_categories_box5/nonreward/Th_Stim_4_Unknown000_090406020701.wav"
"2016-11-15 12:06:18,604","INFO","Trial 187 - 12:06:18 - Rewarded - /home/fet/stimuli/test_categories_box5/reward/So_Stim_5_WhiBlu4818_090422.wav"
"2016-11-15 12:06:24,617","INFO","Supplying reward for 12.00 seconds"
"2016-11-15 12:42:04,520","INFO","Trial 188 - 12:42:04 - Unrewarded - /home/fet/stimuli/test_categories_box5/nonreward/Ag_Stim_6_WhiRas44dd_110508102421.wav"
"2016-11-15 12:42:16,246","INFO","Trial 189 - 12:42:16 - Unrewarded - /home/fet/stimuli/test_categories_box5/nonreward/Di_Stim_7_GraGra0201_070101010707.wav"
"2016-11-15 12:42:27,370","INFO","Trial 190 - 12:42:27 - Unrewarded - /home/fet/stimuli/test_categories_box5/nonreward/DC_Stim_4_YelGre5275_352633024023.wav"
"2016-11-15 12:42:28,985","INFO","Trial 191 - 12:42:28 - Rewarded - /home/fet/stimuli/test_categories_box5/reward/So_Stim_1_GraLbl0457_060305.wav"
"2016-11-15 12:42:34,997","INFO","Supplying reward for 12.00 seconds"
"2016-11-15 12:43:42,589","INFO","Trial 192 - 12:43:42 - Unrewarded - /home/fet/stimuli/test_categories_box5/nonreward/Wh_Stim_9_LblRed0613_131030293601.wav"
"2016-11-15 12:43:52,935","INFO","Trial 193 - 12:43:52 - Unrewarded - /home/fet/stimuli/test_categories_box5/nonreward/Te_Stim_8_WhiBlu4818_181112191404.wav"
"2016-11-15 12:44:13,418","INFO","Trial 194 - 12:44:13 - Unrewarded - /home/fet/stimuli/test_categories_box5/nonreward/Be_Stim_5_LblGre0001_1003_0108.wav"
"2016-11-15 12:44:22,117","INFO","Trial 195 - 12:44:22 - Unrewarded - /home/fet/stimuli/test_categories_box5/nonreward/Be_Stim_4_GraRas1600_040111.wav"
"2016-11-15 12:44:36,014","INFO","Trial 196 - 12:44:36 - Unrewarded - /home/fet/stimuli/test_categories_box5/nonreward/Ag_Stim_2_WhiWhi1415_020202020202.wav"
"2016-11-15 12:44:46,926","INFO","Trial 197 - 12:44:46 - Unrewarded - /home/fet/stimuli/test_categories_box5/nonreward/Ag_Stim_6_WhiBlu4917_010101010101.wav"
"2016-11-15 12:44:47,541","INFO","Trial 198 - 12:44:47 - Unrewarded - /home/fet/stimuli/test_categories_box5/nonreward/Be_Stim_8_GraGre0813_010216.wav"
"2016-11-15 12:44:57,423","INFO","Trial 199 - 12:44:57 - Unrewarded - /home/fet/stimuli/test_categories_box5/nonreward/Ne_Stim_1_Unknown000_010101010101.wav"
"2016-11-15 12:44:58,018","INFO","Trial 200 - 12:44:58 - Unrewarded - /home/fet/stimuli/test_categories_box5/nonreward/LT_Stim_10_WhiBlu3414_101420230816.wav"
"2016-11-15 12:44:58,108","INFO","Trial 201 - 12:44:58 - Unrewarded - /home/fet/stimuli/test_categories_box5/nonreward/Th_Stim_2_WhiBlu5698_070104060404.wav"
"2016-11-15 12:45:11,283","INFO","Trial 202 - 12:45:11 - Unrewarded - /home/fet/stimuli/test_categories_box5/nonreward/DC_Stim_8_GraLbl0457_183115300321.wav"
"2016-11-15 12:45:37,631","INFO","Trial 203 - 12:45:37 - Unrewarded - /home/fet/stimuli/test_categories_box5/nonreward/Di_Stim_8_YelOra2575_110909111111.wav"
"2016-11-15 12:45:50,500","INFO","Trial 204 - 12:45:50 - Unrewarded - /home/fet/stimuli/test_categories_box5/nonreward/Wh_Stim_1_HPiHPi4748_012403271334.wav"
"2016-11-15 12:45:51,481","INFO","Trial 205 - 12:45:51 - Unrewarded - /home/fet/stimuli/test_categories_box5/nonreward/Tu_Stim_7_BluRas61dd_010608030407.wav"
"2016-11-15 12:45:54,171","INFO","Trial 206 - 12:45:54 - Unrewarded - /home/fet/stimuli/test_categories_box5/nonreward/Ne_Stim_4_Unknown000_010101010101.wav"
"2016-11-15 12:46:18,401","INFO","Trial 207 - 12:46:18 - Unrewarded - /home/fet/stimuli/test_categories_box5/nonreward/Di_Stim_8_HPiHPi4748_030505030303.wav"
"2016-11-15 12:46:32,588","INFO","Trial 208 - 12:46:32 - Unrewarded - /home/fet/stimuli/test_categories_box5/nonreward/DC_Stim_8_WhiRas44dd_172807141629.wav"
"2016-11-15 12:46:45,535","INFO","Trial 209 - 12:46:45 - Unrewarded - /home/fet/stimuli/test_categories_box5/nonreward/DC_Stim_1_Unknown00F_072504201510.wav"
"2016-11-15 12:46:56,483","INFO","Trial 210 - 12:46:56 - Unrewarded - /home/fet/stimuli/test_categories_box5/nonreward/DC_Stim_3_WhiLbl0010_272918192624.wav"
"2016-11-15 12:47:06,653","INFO","Trial 211 - 12:47:06 - Unrewarded - /home/fet/stimuli/test_categories_box5/nonreward/Ne_Stim_2_WhiRas44dd_131008050212.wav"
"2016-11-15 12:47:07,842","INFO","Trial 212 - 12:47:07 - Unrewarded - /home/fet/stimuli/test_categories_box5/nonreward/Be_Stim_9_GraGre1001_091202.wav"
"2016-11-15 12:47:17,830","INFO","Trial 213 - 12:47:17 - Unrewarded - /home/fet/stimuli/test_categories_box5/nonreward/Wh_Stim_7_YelGre5275_120911140803.wav"
"2016-11-15 12:47:20,383","INFO","Trial 214 - 12:47:20 - Rewarded - /home/fet/stimuli/test_categories_box5/reward/So_Stim_8_WhiBlu4818_051104.wav"
"2016-11-15 12:47:26,391","INFO","Supplying reward for 12.00 seconds"
"2016-11-15 12:49:14,962","INFO","Trial 215 - 12:49:14 - Unrewarded - /home/fet/stimuli/test_categories_box5/nonreward/Th_Stim_8_WhiRas44dd_365031322642.wav"
"2016-11-15 12:49:26,532","INFO","Trial 216 - 12:49:26 - Unrewarded - /home/fet/stimuli/test_categories_box5/nonreward/LT_Stim_2_LblGre0000_031204210919.wav"
"2016-11-15 12:49:28,577","INFO","Trial 217 - 12:49:28 - Unrewarded - /home/fet/stimuli/test_categories_box5/nonreward/Tu_Stim_1_GreOra1817_180910141308.wav"
"2016-11-15 12:49:39,922","INFO","Trial 218 - 12:49:39 - Rewarded - /home/fet/stimuli/test_categories_box5/reward/So_Stim_3_GraLbl0457_101511.wav"
"2016-11-15 12:49:45,935","INFO","Supplying reward for 12.00 seconds"
"2016-11-15 12:52:34,332","INFO","Trial 219 - 12:52:34 - Unrewarded - /home/fet/stimuli/test_categories_box5/nonreward/Di_Stim_9_WhiWhi1415_020202020202.wav"
"2016-11-15 12:52:43,621","INFO","Trial 220 - 12:52:43 - Unrewarded - /home/fet/stimuli/test_categories_box5/nonreward/Ne_Stim_7_BluRas07dd_010918111004.wav"
"2016-11-15 12:52:45,233","INFO","Trial 221 - 12:52:45 - Unrewarded - /home/fet/stimuli/test_categories_box5/nonreward/Di_Stim_5_WhiLbl0010_040404040404.wav"
"2016-11-15 12:52:52,218","INFO","Trial 222 - 12:52:52 - Unrewarded - /home/fet/stimuli/test_categories_box5/nonreward/Te_Stim_10_LblRed0613_171109100102.wav"
"2016-11-15 12:52:58,403","INFO","Trial 223 - 12:52:58 - Unrewarded - /home/fet/stimuli/test_categories_box5/nonreward/Be_Stim_1_LblGre0001_03_0111_0302_02.wav"
"2016-11-15 12:53:03,946","INFO","Trial 224 - 12:53:03 - Unrewarded - /home/fet/stimuli/test_categories_box5/nonreward/Di_Stim_10_WhiBlu4917_010101010101.wav"
"2016-11-15 12:53:13,303","INFO","Trial 225 - 12:53:13 - Rewarded - /home/fet/stimuli/test_categories_box5/reward/So_Stim_4_WhiLbl0010_070506.wav"
"2016-11-15 12:53:19,312","INFO","Supplying reward for 12.00 seconds"
"2016-11-15 12:55:45,576","INFO","Trial 226 - 12:55:45 - Unrewarded - /home/fet/stimuli/test_categories_box5/nonreward/Di_Stim_10_HPiHPi4748_050303050505.wav"
"2016-11-15 12:56:01,238","INFO","Trial 227 - 12:56:01 - Unrewarded - /home/fet/stimuli/test_categories_box5/nonreward/Ne_Stim_10_WhiRas44dd_021305040612.wav"
"2016-11-15 12:56:10,048","INFO","Trial 228 - 12:56:10 - Unrewarded - /home/fet/stimuli/test_categories_box5/nonreward/Di_Stim_5_BlaBla0506_010101010101.wav"
"2016-11-15 12:56:18,928","INFO","Trial 229 - 12:56:18 - Unrewarded - /home/fet/stimuli/test_categories_box5/nonreward/DC_Stim_5_LblBla4548_304519474629.wav"
"2016-11-15 12:56:31,588","INFO","Trial 230 - 12:56:31 - Rewarded - /home/fet/stimuli/test_categories_box5/reward/So_Stim_2_WhiLbl0010_050604.wav"
"2016-11-15 12:56:37,597","INFO","Supplying reward for 12.00 seconds"
"2016-11-15 14:33:44,825","INFO","Trial 231 - 14:33:44 - Unrewarded - /home/fet/stimuli/test_categories_box5/nonreward/LT_Stim_8_WhiBlu3513_010603050204.wav"
"2016-11-15 14:33:50,461","INFO","Trial 232 - 14:33:50 - Unrewarded - /home/fet/stimuli/test_categories_box5/nonreward/Wh_Stim_1_YelGre5275_081002140907.wav"
"2016-11-15 14:33:57,244","INFO","Trial 233 - 14:33:57 - Unrewarded - /home/fet/stimuli/test_categories_box5/nonreward/Th_Stim_8_Unknown000_050304080706.wav"
"2016-11-15 14:34:04,346","INFO","Trial 234 - 14:34:04 - Unrewarded - /home/fet/stimuli/test_categories_box5/nonreward/Te_Stim_2_HPiHPi4748_211624130807.wav"
"2016-11-15 14:34:08,416","INFO","Trial 235 - 14:34:08 - Unrewarded - /home/fet/stimuli/test_categories_box5/nonreward/Th_Stim_10_YelGre5275_320136193125.wav"
"2016-11-15 14:34:10,041","INFO","Trial 236 - 14:34:10 - Unrewarded - /home/fet/stimuli/test_categories_box5/nonreward/Th_Stim_6_WhiGra0114_060208010507.wav"
"2016-11-15 14:34:17,980","INFO","Trial 237 - 14:34:17 - Unrewarded - /home/fet/stimuli/test_categories_box5/nonreward/Ag_Stim_2_WhiBlu4818_050607050506.wav"
"2016-11-15 14:34:39,696","INFO","Trial 238 - 14:34:39 - Rewarded - /home/fet/stimuli/test_categories_box5/reward/So_Stim_9_RedRas3600_010405.wav"
"2016-11-15 14:34:45,706","INFO","Supplying reward for 12.00 seconds"
"2016-11-15 14:36:31,073","INFO","Trial 239 - 14:36:31 - Unrewarded - /home/fet/stimuli/test_categories_box5/nonreward/Tu_Stim_9_BluRas07dd_032415051401.wav"
"2016-11-15 14:36:38,515","INFO","Trial 240 - 14:36:38 - Rewarded - /home/fet/stimuli/test_categories_box5/reward/So_Stim_4_YelGre5275_321534.wav"
"2016-11-15 14:36:44,529","INFO","Supplying reward for 12.00 seconds"
"2016-11-15 14:38:02,212","INFO","Trial 241 - 14:38:02 - Unrewarded - /home/fet/stimuli/test_categories_box5/nonreward/Di_Stim_6_BlaBla0506_010101010101.wav"
"2016-11-15 14:38:11,100","INFO","Trial 242 - 14:38:11 - Unrewarded - /home/fet/stimuli/test_categories_box5/nonreward/Th_Stim_8_WhiBlu5698_070604010404.wav"
"2016-11-15 14:38:19,725","INFO","Trial 243 - 14:38:19 - Unrewarded - /home/fet/stimuli/test_categories_box5/nonreward/Ne_Stim_5_WhiRas44dd_061204130211.wav"
"2016-11-15 14:38:28,777","INFO","Trial 244 - 14:38:28 - Unrewarded - /home/fet/stimuli/test_categories_box5/nonreward/Ne_Stim_7_BlaBla0506_130713091205.wav"
"2016-11-15 14:38:29,358","INFO","Trial 245 - 14:38:29 - Rewarded - /home/fet/stimuli/test_categories_box5/reward/So_Stim_3_YelGre5275_092736.wav"
"2016-11-15 14:38:35,364","INFO","Supplying reward for 12.00 seconds"
"2016-11-15 14:39:55,747","INFO","Trial 246 - 14:39:55 - Unrewarded - /home/fet/stimuli/test_categories_box5/nonreward/Ag_Stim_1_WhiRas44dd_052410210831.wav"
"2016-11-15 14:40:01,477","INFO","Trial 247 - 14:40:01 - Unrewarded - /home/fet/stimuli/test_categories_box5/nonreward/Ne_Stim_10_HPiHPi4748_360248450321.wav"
"2016-11-15 14:40:01,720","INFO","Trial 248 - 14:40:01 - Unrewarded - /home/fet/stimuli/test_categories_box5/nonreward/LT_Stim_8_LblBlu1630_150705100616.wav"
"2016-11-15 14:40:10,307","INFO","Trial 249 - 14:40:10 - Unrewarded - /home/fet/stimuli/test_categories_box5/nonreward/Ag_Stim_9_Unknown000_010601060601.wav"
"2016-11-15 14:40:18,478","INFO","Trial 250 - 14:40:18 - Unrewarded - /home/fet/stimuli/test_categories_box5/nonreward/Th_Stim_1_WhiGra0114_080607050102.wav"
"2016-11-15 14:40:23,096","INFO","Trial 251 - 14:40:23 - Rewarded - /home/fet/stimuli/test_categories_box5/reward/So_Stim_6_GraLbl0457_100902.wav"
"2016-11-15 14:40:29,103","INFO","Supplying reward for 12.00 seconds"
"2016-11-15 14:44:15,927","INFO","Trial 252 - 14:44:15 - Unrewarded - /home/fet/stimuli/test_categories_box5/nonreward/LT_Stim_2_LblBlu6680_210309292404.wav"
"2016-11-15 14:44:25,040","INFO","Trial 253 - 14:44:25 - Unrewarded - /home/fet/stimuli/test_categories_box5/nonreward/Tu_Stim_9_YelOra2575_111913182012.wav"
"2016-11-15 14:44:30,918","INFO","Trial 254 - 14:44:30 - Unrewarded - /home/fet/stimuli/test_categories_box5/nonreward/Ag_Stim_4_WhiRas44dd_102105110817.wav"
"2016-11-15 14:44:38,081","INFO","Trial 255 - 14:44:38 - Unrewarded - /home/fet/stimuli/test_categories_box5/nonreward/Be_Stim_1_LblGre0000_080711.wav"
"2016-11-15 14:44:47,444","INFO","Trial 256 - 14:44:47 - Rewarded - /home/fet/stimuli/test_categories_box5/reward/So_Stim_6_YelGre5275_253417.wav"
"2016-11-15 14:44:53,453","INFO","Supplying reward for 12.00 seconds"
"2016-11-15 14:46:20,737","INFO","Trial 257 - 14:46:20 - Unrewarded - /home/fet/stimuli/test_categories_box5/nonreward/Ag_Stim_1_GraGra0201_060209141204.wav"
"2016-11-15 14:46:21,484","INFO","Trial 258 - 14:46:21 - Rewarded - /home/fet/stimuli/test_categories_box5/reward/So_Stim_5_HPiHPi4748_152312.wav"
"2016-11-15 14:46:27,492","INFO","Supplying reward for 12.00 seconds"
"2016-11-15 14:47:51,983","INFO","Trial 259 - 14:47:51 - Rewarded - /home/fet/stimuli/test_categories_box5/reward/So_Stim_2_WhiBlu4818_042211.wav"
"2016-11-15 14:47:57,992","INFO","Supplying reward for 12.00 seconds"
"2016-11-15 14:50:17,444","INFO","Trial 260 - 14:50:17 - Unrewarded - /home/fet/stimuli/test_categories_box5/nonreward/Tu_Stim_6_YelOra2575_152613182114.wav"
"2016-11-15 14:50:23,399","INFO","Trial 261 - 14:50:23 - Unrewarded - /home/fet/stimuli/test_categories_box5/nonreward/Ag_Stim_9_WhiBlu4917_010101010101.wav"
"2016-11-15 14:50:28,697","INFO","Trial 262 - 14:50:28 - Unrewarded - /home/fet/stimuli/test_categories_box5/nonreward/Be_Stim_7_LblBlu1927_101508.wav"
"2016-11-15 14:52:31,003","INFO","Trial 263 - 14:52:31 - Rewarded - /home/fet/stimuli/test_categories_box5/reward/So_Stim_7_YelOra2575_162514.wav"
"2016-11-15 14:52:37,012","INFO","Supplying reward for 12.00 seconds"
"2016-11-15 14:56:22,574","INFO","Trial 264 - 14:56:22 - Rewarded - /home/fet/stimuli/test_categories_box5/reward/So_Stim_4_YelOra2575_201815.wav"
"2016-11-15 14:56:28,584","INFO","Supplying reward for 12.00 seconds"
"2016-11-15 14:58:40,446","INFO","Trial 265 - 14:58:40 - Unrewarded - /home/fet/stimuli/test_categories_box5/nonreward/Wh_Stim_9_YelGre5275_141107011302.wav"
"2016-11-15 14:58:44,896","INFO","Trial 266 - 14:58:44 - Unrewarded - /home/fet/stimuli/test_categories_box5/nonreward/Th_Stim_8_Unknown_11_050302100608.wav"
"2016-11-15 16:02:49,032","INFO","Trial 267 - 16:02:49 - Unrewarded - /home/fet/stimuli/test_categories_box5/nonreward/Te_Stim_1_WhiGra0114_110702201021.wav"
"2016-11-15 16:02:59,194","INFO","Trial 268 - 16:02:59 - Unrewarded - /home/fet/stimuli/test_categories_box5/nonreward/Te_Stim_6_GraGra0201_241312062720.wav"
"2016-11-15 16:03:09,048","INFO","Trial 269 - 16:03:09 - Unrewarded - /home/fet/stimuli/test_categories_box5/nonreward/Th_Stim_6_YelGre5275_361204092615.wav"
"2016-11-15 16:03:27,086","INFO","Trial 270 - 16:03:27 - Unrewarded - /home/fet/stimuli/test_categories_box5/nonreward/Ag_Stim_3_WhiRas44dd_322411102108.wav"
"2016-11-15 16:03:35,151","INFO","Trial 271 - 16:03:35 - Unrewarded - /home/fet/stimuli/test_categories_box5/nonreward/DC_Stim_8_WhiBlu4818_040102050301.wav"
"2016-11-15 16:03:47,758","INFO","Trial 272 - 16:03:47 - Unrewarded - /home/fet/stimuli/test_categories_box5/nonreward/Tu_Stim_2_PurRas20dd_090406020103.wav"
"2016-11-15 16:03:57,776","INFO","Trial 273 - 16:03:57 - Unrewarded - /home/fet/stimuli/test_categories_box5/nonreward/Di_Stim_2_YelOra2575_091109111111.wav"
"2016-11-15 16:04:10,571","INFO","Trial 274 - 16:04:10 - Unrewarded - /home/fet/stimuli/test_categories_box5/nonreward/LT_Stim_2_LblRas1800_020601030205.wav"
"2016-11-15 16:04:18,279","INFO","Trial 275 - 16:04:18 - Unrewarded - /home/fet/stimuli/test_categories_box5/nonreward/Te_Stim_3_WhiGra0114_101405210211.wav"
"2016-11-15 16:04:19,708","INFO","Trial 276 - 16:04:19 - Unrewarded - /home/fet/stimuli/test_categories_box5/nonreward/Ne_Stim_3_YelOra2575_232613140211.wav"
"2016-11-15 16:04:29,440","INFO","Trial 277 - 16:04:29 - Unrewarded - /home/fet/stimuli/test_categories_box5/nonreward/Ne_Stim_5_YelOra2575_231009191518.wav"
"2016-11-15 16:04:39,738","INFO","Trial 278 - 16:04:39 - Unrewarded - /home/fet/stimuli/test_categories_box5/nonreward/Wh_Stim_9_BlaBla0506_150212101813.wav"
"2016-11-15 16:04:49,924","INFO","Trial 279 - 16:04:49 - Unrewarded - /home/fet/stimuli/test_categories_box5/nonreward/Be_Stim_8_WhiBlu0112_130107.wav"
"2016-11-15 16:04:59,557","INFO","Trial 280 - 16:04:59 - Rewarded - /home/fet/stimuli/test_categories_box5/reward/So_Stim_8_YelGre5275_060836.wav"
"2016-11-15 16:05:05,566","INFO","Supplying reward for 12.00 seconds"
"2016-11-15 16:06:53,497","INFO","Trial 281 - 16:06:53 - Unrewarded - /home/fet/stimuli/test_categories_box5/nonreward/Be_Stim_9_LblBlu1729_121110.wav"
"2016-11-15 16:07:05,511","INFO","Trial 282 - 16:07:05 - Unrewarded - /home/fet/stimuli/test_categories_box5/nonreward/Be_Stim_4_LblBlu2028_01_0104_0310.wav"
"2016-11-15 16:07:15,815","INFO","Trial 283 - 16:07:15 - Unrewarded - /home/fet/stimuli/test_categories_box5/nonreward/LT_Stim_5_LblRas1800_050302040106.wav"
"2016-11-15 16:07:15,911","INFO","Trial 284 - 16:07:15 - Unrewarded - /home/fet/stimuli/test_categories_box5/nonreward/Th_Stim_9_GreOra1817_192708254203.wav"
"2016-11-15 16:07:49,753","INFO","Trial 285 - 16:07:49 - Rewarded - /home/fet/stimuli/test_categories_box5/reward/So_Stim_2_WhiBlu5698_181230.wav"
"2016-11-15 16:07:55,762","INFO","Supplying reward for 12.00 seconds"
"2016-11-15 16:10:16,312","INFO","Trial 286 - 16:10:16 - Rewarded - /home/fet/stimuli/test_categories_box5/reward/So_Stim_1_WhiLbl0010_060504.wav"
"2016-11-15 16:10:22,317","INFO","Supplying reward for 12.00 seconds"
"2016-11-15 16:13:27,064","INFO","Trial 287 - 16:13:27 - Unrewarded - /home/fet/stimuli/test_categories_box5/nonreward/Di_Stim_4_WhiLbl0010_040404040404.wav"
"2016-11-15 16:13:35,244","INFO","Trial 288 - 16:13:35 - Unrewarded - /home/fet/stimuli/test_categories_box5/nonreward/Be_Stim_9_LblBlu6379_04_0103_0101_01.wav"
"2016-11-15 16:13:42,293","INFO","Trial 289 - 16:13:42 - Unrewarded - /home/fet/stimuli/test_categories_box5/nonreward/LT_Stim_9_LblBlu6680_240620163114.wav"
"2016-11-15 16:13:47,815","INFO","Trial 290 - 16:13:47 - Unrewarded - /home/fet/stimuli/test_categories_box5/nonreward/DC_Stim_3_WhiBlu4818_030405020103.wav"
"2016-11-15 16:13:58,012","INFO","Trial 291 - 16:13:58 - Unrewarded - /home/fet/stimuli/test_categories_box5/nonreward/Di_Stim_3_BlaBla0506_010101010101.wav"
"2016-11-15 16:14:07,707","INFO","Trial 292 - 16:14:07 - Unrewarded - /home/fet/stimuli/test_categories_box5/nonreward/Di_Stim_4_GraGra0201_010707070701.wav"
"2016-11-15 16:14:17,950","INFO","Trial 293 - 16:14:17 - Unrewarded - /home/fet/stimuli/test_categories_box5/nonreward/Ag_Stim_6_GreGre2522_010202010102.wav"
"2016-11-15 16:14:20,311","INFO","Trial 294 - 16:14:20 - Unrewarded - /home/fet/stimuli/test_categories_box5/nonreward/Ag_Stim_1_WhiWhi1415_020202020202.wav"
"2016-11-15 16:14:22,109","INFO","Trial 295 - 16:14:22 - Unrewarded - /home/fet/stimuli/test_categories_box5/nonreward/Th_Stim_7_BlaBla0506_040305020102.wav"
"2016-11-15 16:14:31,622","INFO","Trial 296 - 16:14:31 - Unrewarded - /home/fet/stimuli/test_categories_box5/nonreward/Be_Stim_10_GraRas1500_040603.wav"
"2016-11-15 16:14:32,813","INFO","Trial 297 - 16:14:32 - Unrewarded - /home/fet/stimuli/test_categories_box5/nonreward/Be_Stim_8_LblGre0001_0103_0109.wav"
"2016-11-15 16:14:43,262","INFO","Trial 298 - 16:14:43 - Unrewarded - /home/fet/stimuli/test_categories_box5/nonreward/Te_Stim_3_GraLbl0457_112415260412.wav"
"2016-11-15 16:14:52,334","INFO","Trial 299 - 16:14:52 - Unrewarded - /home/fet/stimuli/test_categories_box5/nonreward/Tu_Stim_7_BlaLbl8026_051206111008.wav"
"2016-11-15 16:15:05,281","INFO","Trial 300 - 16:15:05 - Unrewarded - /home/fet/stimuli/test_categories_box5/nonreward/Ag_Stim_9_GraLbl0457_150708051912.wav"
"2016-11-15 16:15:07,388","INFO","Trial 301 - 16:15:07 - Rewarded - /home/fet/stimuli/test_categories_box5/reward/So_Stim_10_WhiBlu5698_120208.wav"
"2016-11-15 16:15:13,395","INFO","Supplying reward for 12.00 seconds"
"2016-11-15 16:16:29,581","INFO","Trial 302 - 16:16:29 - Unrewarded - /home/fet/stimuli/test_categories_box5/nonreward/Ne_Stim_6_LblBla4419_261360320834.wav"
"2016-11-15 16:16:34,200","INFO","Trial 303 - 16:16:34 - Unrewarded - /home/fet/stimuli/test_categories_box5/nonreward/Wh_Stim_5_BlaLbl8026_070809320709.wav"
"2016-11-15 16:16:34,813","INFO","Trial 304 - 16:16:34 - Unrewarded - /home/fet/stimuli/test_categories_box5/nonreward/Th_Stim_4_YelGre5275_313442233522.wav"
"2016-11-15 16:16:45,718","INFO","Trial 305 - 16:16:45 - Unrewarded - /home/fet/stimuli/test_categories_box5/nonreward/Ne_Stim_5_BlaLbl8026_312513313430.wav"
"2016-11-15 16:16:54,667","INFO","Trial 306 - 16:16:54 - Unrewarded - /home/fet/stimuli/test_categories_box5/nonreward/Te_Stim_6_WhiGra0114_021121140519.wav"
"2016-11-15 16:17:08,839","INFO","Trial 307 - 16:17:08 - Unrewarded - /home/fet/stimuli/test_categories_box5/nonreward/Ne_Stim_1_BlaLbl8026_213225312630.wav"
"2016-11-15 16:17:20,687","INFO","Trial 308 - 16:17:20 - Unrewarded - /home/fet/stimuli/test_categories_box5/nonreward/Te_Stim_1_WhiBlu4818_050410110907.wav"
"2016-11-15 16:17:21,930","INFO","Trial 309 - 16:17:21 - Rewarded - /home/fet/stimuli/test_categories_box5/reward/So_Stim_3_BlaBla0506_061215.wav"
"2016-11-15 16:17:27,938","INFO","Supplying reward for 12.00 seconds"
"2016-11-15 16:19:45,535","INFO","Trial 310 - 16:19:45 - Unrewarded - /home/fet/stimuli/test_categories_box5/nonreward/Th_Stim_7_WhiBlu4917_050704090308.wav"
"2016-11-15 16:19:55,291","INFO","Trial 311 - 16:19:55 - Unrewarded - /home/fet/stimuli/test_categories_box5/nonreward/Wh_Stim_6_HPiHPi4748_173009100234.wav"
"2016-11-15 16:19:57,389","INFO","Trial 312 - 16:19:57 - Unrewarded - /home/fet/stimuli/test_categories_box5/nonreward/Te_Stim_9_LblBla4548_333139010236.wav"
"2016-11-15 16:20:06,370","INFO","Trial 313 - 16:20:06 - Unrewarded - /home/fet/stimuli/test_categories_box5/nonreward/Ag_Stim_4_WhiWhi1415_020202020202.wav"
"2016-11-15 16:20:15,078","INFO","Trial 314 - 16:20:15 - Unrewarded - /home/fet/stimuli/test_categories_box5/nonreward/Th_Stim_6_WhiRas44dd_112919102530.wav"
"2016-11-15 16:20:23,716","INFO","Trial 315 - 16:20:23 - Unrewarded - /home/fet/stimuli/test_categories_box5/nonreward/DC_Stim_1_GreRas2400_020101010102.wav"
"2016-11-15 16:20:34,488","INFO","Trial 316 - 16:20:34 - Unrewarded - /home/fet/stimuli/test_categories_box5/nonreward/Di_Stim_5_WhiBlu4818_060606060606.wav"
"2016-11-15 16:20:43,236","INFO","Trial 317 - 16:20:43 - Unrewarded - /home/fet/stimuli/test_categories_box5/nonreward/Th_Stim_4_WhiRas44dd_091234142317.wav"
"2016-11-15 16:20:54,344","INFO","Trial 318 - 16:20:54 - Unrewarded - /home/fet/stimuli/test_categories_box5/nonreward/Te_Stim_5_GreOra1817_270212261829.wav"
"2016-11-15 16:20:56,100","INFO","Trial 319 - 16:20:56 - Unrewarded - /home/fet/stimuli/test_categories_box5/nonreward/Wh_Stim_7_GraGra0201_040205010605.wav"
"2016-11-15 16:20:56,303","INFO","Trial 320 - 16:20:56 - Unrewarded - /home/fet/stimuli/test_categories_box5/nonreward/Te_Stim_1_GraLbl0457_240504122306.wav"
"2016-11-15 16:21:06,807","INFO","Trial 321 - 16:21:06 - Rewarded - /home/fet/stimuli/test_categories_box5/reward/So_Stim_1_WhiBlu5698_023008.wav"
"2016-11-15 16:21:12,816","INFO","Supplying reward for 12.00 seconds"
"2016-11-15 16:45:35,585","INFO","Trial 322 - 16:45:35 - Rewarded - /home/fet/stimuli/test_categories_box5/reward/So_Stim_2_HPiHPi4748_151621.wav"
"2016-11-15 16:45:41,594","INFO","Supplying reward for 12.00 seconds"
"2016-11-15 16:48:26,223","INFO","Trial 323 - 16:48:26 - Rewarded - /home/fet/stimuli/test_categories_box5/reward/So_Stim_3_LblBla4548_170746.wav"
"2016-11-15 16:48:32,232","INFO","Supplying reward for 12.00 seconds"
"2016-11-15 16:49:51,947","INFO","Trial 324 - 16:49:51 - Rewarded - /home/fet/stimuli/test_categories_box5/reward/So_Stim_5_LblRed0613_400734.wav"
"2016-11-15 16:49:57,956","INFO","Supplying reward for 12.00 seconds"
"2016-11-15 17:32:45,124","INFO","Finishing session 1 at Tue Nov 15 17:32:45 2016"
"2016-11-15 17:32:45,125","INFO","Finished all sessions."
"2016-11-15 17:32:45,431","INFO","Exiting Session state"
"2016-11-15 17:32:45,431","INFO","Finishing experiment"
"2016-11-15 17:32:45,738","INFO","Exiting Idle state"
