2016-11-07 09:52:36.102558	PeckPort	off	None
2016-11-07 09:52:36.102747	HouseLight	on	None
2016-11-07 09:52:36.103001	Hopper	down	None
2016-11-07 09:52:36.406559	Hopper	down	None
2016-11-07 09:52:36.709388	HouseLight	on	None
2016-11-07 09:52:36.709608	PeckPort	on	None
2016-11-07 09:53:09.598255	PeckPort	off	None
2016-11-07 09:53:09.598412	HouseLight	on	None
2016-11-07 09:53:09.598600	Hopper	down	None
2016-11-07 09:56:40.888135	PeckPort	off	None
2016-11-07 09:56:40.888373	HouseLight	on	None
2016-11-07 09:56:40.888519	Hopper	down	None
2016-11-07 09:56:41.194978	Hopper	down	None
2016-11-07 09:56:41.501469	HouseLight	on	None
2016-11-07 09:56:41.501671	PeckPort	on	None
2016-11-07 10:02:45.632376	Trial	start	1
2016-11-07 10:02:45.638464	Speaker	play	None
2016-11-07 10:02:51.644868	Speaker	stop	None
2016-11-07 10:02:51.645549	Trial	end	1
2016-11-07 10:03:59.204585	Trial	start	2
2016-11-07 10:03:59.207288	Speaker	play	None
2016-11-07 10:04:05.213058	Speaker	stop	None
2016-11-07 10:04:05.216693	Trial	end	2
2016-11-07 10:04:15.395269	Trial	start	3
2016-11-07 10:04:15.400246	Speaker	play	None
2016-11-07 10:04:21.404097	Speaker	stop	None
2016-11-07 10:04:21.406401	Trial	end	3
2016-11-07 10:04:24.168293	Trial	start	4
2016-11-07 10:04:24.173137	Speaker	play	None
2016-11-07 10:04:30.178893	Speaker	stop	None
2016-11-07 10:04:30.180319	Trial	end	4
2016-11-07 10:04:39.572395	Trial	start	5
2016-11-07 10:04:39.574784	Speaker	play	None
2016-11-07 10:04:45.580937	Speaker	stop	None
2016-11-07 10:04:45.581571	Trial	end	5
2016-11-07 10:04:49.787326	Trial	start	6
2016-11-07 10:04:49.790966	Speaker	play	None
2016-11-07 10:04:54.231200	Speaker	stop	None
2016-11-07 10:04:54.231864	Trial	end	6
2016-11-07 10:04:54.232580	Trial	start	7
2016-11-07 10:04:54.234663	Speaker	play	None
2016-11-07 10:05:00.239662	Speaker	stop	None
2016-11-07 10:05:00.240332	Trial	end	7
2016-11-07 10:05:08.889936	Trial	start	8
2016-11-07 10:05:08.892242	Speaker	play	None
2016-11-07 10:05:14.898413	Speaker	stop	None
2016-11-07 10:05:14.899153	Trial	end	8
2016-11-07 10:05:20.259918	Trial	start	9
2016-11-07 10:05:20.264246	Speaker	play	None
2016-11-07 10:05:26.268236	Speaker	stop	None
2016-11-07 10:05:26.269002	Trial	end	9
2016-11-07 10:05:45.624705	Trial	start	10
2016-11-07 10:05:45.627734	Speaker	play	None
2016-11-07 10:05:51.633356	Speaker	stop	None
2016-11-07 10:05:51.634753	Trial	end	10
2016-11-07 10:05:55.364456	Trial	start	11
2016-11-07 10:05:55.366599	Speaker	play	None
2016-11-07 10:06:01.368915	Speaker	stop	None
2016-11-07 10:06:01.369518	Trial	end	11
2016-11-07 10:06:04.399762	Trial	start	12
2016-11-07 10:06:04.402104	Speaker	play	None
2016-11-07 10:06:10.408214	Speaker	stop	None
2016-11-07 10:06:10.408815	Trial	end	12
2016-11-07 10:06:15.032351	Trial	start	13
2016-11-07 10:06:15.035448	Speaker	play	None
2016-11-07 10:06:21.040995	Speaker	stop	None
2016-11-07 10:06:21.042089	Hopper	up	None
2016-11-07 10:06:33.045505	Hopper	down	None
2016-11-07 10:06:33.348759	Trial	end	13
2016-11-07 10:06:51.419090	Trial	start	14
2016-11-07 10:06:51.421234	Speaker	play	None
2016-11-07 10:06:57.423529	Speaker	stop	None
2016-11-07 10:06:57.424086	Trial	end	14
2016-11-07 10:06:59.680321	Trial	start	15
2016-11-07 10:06:59.682904	Speaker	play	None
2016-11-07 10:07:05.688998	Speaker	stop	None
2016-11-07 10:07:05.691490	Hopper	up	None
2016-11-07 10:07:17.693452	Hopper	down	None
2016-11-07 10:07:18.000838	Trial	end	15
2016-11-07 10:08:43.417828	Trial	start	16
2016-11-07 10:08:43.420153	Speaker	play	None
2016-11-07 10:08:49.426344	Speaker	stop	None
2016-11-07 10:08:49.426980	Trial	end	16
2016-11-07 10:08:54.443667	Trial	start	17
2016-11-07 10:08:54.445913	Speaker	play	None
2016-11-07 10:09:00.452239	Speaker	stop	None
2016-11-07 10:09:00.453410	Hopper	up	None
2016-11-07 10:09:12.456759	Hopper	down	None
2016-11-07 10:09:12.759861	Trial	end	17
2016-11-07 10:21:14.741577	Trial	start	18
2016-11-07 10:21:14.743854	Speaker	play	None
2016-11-07 10:21:20.750129	Speaker	stop	None
2016-11-07 10:21:20.750831	Trial	end	18
2016-11-07 10:21:24.460828	Trial	start	19
2016-11-07 10:21:24.463592	Speaker	play	None
2016-11-07 10:21:30.469360	Speaker	stop	None
2016-11-07 10:21:30.469990	Trial	end	19
2016-11-07 10:21:39.664312	Trial	start	20
2016-11-07 10:21:39.666364	Speaker	play	None
2016-11-07 10:21:45.672992	Speaker	stop	None
2016-11-07 10:21:45.673559	Trial	end	20
2016-11-07 10:22:03.780295	Trial	start	21
2016-11-07 10:22:03.782862	Speaker	play	None
2016-11-07 10:22:09.788985	Speaker	stop	None
2016-11-07 10:22:09.789746	Trial	end	21
2016-11-07 10:22:14.113817	Trial	start	22
2016-11-07 10:22:14.115750	Speaker	play	None
2016-11-07 10:22:20.118267	Speaker	stop	None
2016-11-07 10:22:20.118835	Trial	end	22
2016-11-07 10:22:46.212444	Trial	start	23
2016-11-07 10:22:46.214361	Speaker	play	None
2016-11-07 10:22:52.216928	Speaker	stop	None
2016-11-07 10:22:52.217589	Trial	end	23
2016-11-07 10:22:59.961897	Trial	start	24
2016-11-07 10:22:59.964662	Speaker	play	None
2016-11-07 10:23:05.970484	Speaker	stop	None
2016-11-07 10:23:05.971403	Hopper	up	None
2016-11-07 10:23:17.975125	Hopper	down	None
2016-11-07 10:23:18.278264	Trial	end	24
2016-11-07 10:24:52.816751	Trial	start	25
2016-11-07 10:24:52.818939	Speaker	play	None
2016-11-07 10:24:58.821240	Speaker	stop	None
2016-11-07 10:24:58.821734	Trial	end	25
2016-11-07 10:25:01.213249	Trial	start	26
2016-11-07 10:25:01.215556	Speaker	play	None
2016-11-07 10:25:07.221631	Speaker	stop	None
2016-11-07 10:25:07.222131	Trial	end	26
2016-11-07 10:25:12.468320	Trial	start	27
2016-11-07 10:25:12.470451	Speaker	play	None
2016-11-07 10:25:18.476838	Speaker	stop	None
2016-11-07 10:25:18.477400	Trial	end	27
2016-11-07 10:25:24.178122	Trial	start	28
2016-11-07 10:25:24.180059	Speaker	play	None
2016-11-07 10:25:30.182532	Speaker	stop	None
2016-11-07 10:25:30.183104	Trial	end	28
2016-11-07 10:25:36.518689	Trial	start	29
2016-11-07 10:25:36.521828	Speaker	play	None
2016-11-07 10:25:42.527412	Speaker	stop	None
2016-11-07 10:25:42.528525	Trial	end	29
2016-11-07 10:25:49.854500	Trial	start	30
2016-11-07 10:25:49.856975	Speaker	play	None
2016-11-07 10:25:55.863034	Speaker	stop	None
2016-11-07 10:25:55.863559	Trial	end	30
2016-11-07 10:26:22.628987	Trial	start	31
2016-11-07 10:26:22.633630	Speaker	play	None
2016-11-07 10:26:28.641530	Speaker	stop	None
2016-11-07 10:26:28.642264	Trial	end	31
2016-11-07 10:26:34.199406	Trial	start	32
2016-11-07 10:26:34.202019	Speaker	play	None
2016-11-07 10:26:40.207975	Speaker	stop	None
2016-11-07 10:26:40.208567	Trial	end	32
2016-11-07 10:26:44.930349	Trial	start	33
2016-11-07 10:26:44.932468	Speaker	play	None
2016-11-07 10:26:50.938845	Speaker	stop	None
2016-11-07 10:26:50.939519	Trial	end	33
2016-11-07 10:26:56.025810	Trial	start	34
2016-11-07 10:26:56.028160	Speaker	play	None
2016-11-07 10:27:02.034301	Speaker	stop	None
2016-11-07 10:27:02.034859	Trial	end	34
2016-11-07 10:27:06.998406	Trial	start	35
2016-11-07 10:27:07.000391	Speaker	play	None
2016-11-07 10:27:13.002924	Speaker	stop	None
2016-11-07 10:27:13.004071	Trial	end	35
2016-11-07 10:27:16.332634	Trial	start	36
2016-11-07 10:27:16.334928	Speaker	play	None
2016-11-07 10:27:22.341235	Speaker	stop	None
2016-11-07 10:27:22.342194	Trial	end	36
2016-11-07 10:27:28.030165	Trial	start	37
2016-11-07 10:27:28.032254	Speaker	play	None
2016-11-07 10:27:34.034616	Speaker	stop	None
2016-11-07 10:27:34.035193	Trial	end	37
2016-11-07 10:27:40.468971	Trial	start	38
2016-11-07 10:27:40.471448	Speaker	play	None
2016-11-07 10:27:46.477574	Speaker	stop	None
2016-11-07 10:27:46.478175	Trial	end	38
2016-11-07 10:27:55.873278	Trial	start	39
2016-11-07 10:27:55.877426	Speaker	play	None
2016-11-07 10:28:01.881786	Speaker	stop	None
2016-11-07 10:28:01.882440	Trial	end	39
2016-11-07 10:28:09.614544	Trial	start	40
2016-11-07 10:28:09.616537	Speaker	play	None
2016-11-07 10:28:15.619010	Speaker	stop	None
2016-11-07 10:28:15.619697	Trial	end	40
2016-11-07 10:28:39.440024	Trial	start	41
2016-11-07 10:28:39.442015	Speaker	play	None
2016-11-07 10:28:45.444437	Speaker	stop	None
2016-11-07 10:28:45.445286	Trial	end	41
2016-11-07 10:28:51.665824	Trial	start	42
2016-11-07 10:28:51.667855	Speaker	play	None
2016-11-07 10:28:57.670293	Speaker	stop	None
2016-11-07 10:28:57.670823	Trial	end	42
2016-11-07 10:29:04.284935	Trial	start	43
2016-11-07 10:29:04.287023	Speaker	play	None
2016-11-07 10:29:10.293480	Speaker	stop	None
2016-11-07 10:29:10.293988	Trial	end	43
2016-11-07 10:29:14.806997	Trial	start	44
2016-11-07 10:29:14.809248	Speaker	play	None
2016-11-07 10:29:20.815467	Speaker	stop	None
2016-11-07 10:29:20.816017	Trial	end	44
2016-11-07 10:29:43.080046	Trial	start	45
2016-11-07 10:29:43.082096	Speaker	play	None
2016-11-07 10:29:49.084522	Speaker	stop	None
2016-11-07 10:29:49.085467	Trial	end	45
2016-11-07 10:29:54.126284	Trial	start	46
2016-11-07 10:29:54.128333	Speaker	play	None
2016-11-07 10:30:00.130860	Speaker	stop	None
2016-11-07 10:30:00.131664	Trial	end	46
2016-11-07 10:30:11.283578	Trial	start	47
2016-11-07 10:30:11.286094	Speaker	play	None
2016-11-07 10:30:17.292077	Speaker	stop	None
2016-11-07 10:30:17.292641	Trial	end	47
2016-11-07 10:30:26.695972	Trial	start	48
2016-11-07 10:30:26.698247	Speaker	play	None
2016-11-07 10:30:32.704483	Speaker	stop	None
2016-11-07 10:30:32.705091	Trial	end	48
2016-11-07 10:31:03.201527	Trial	start	49
2016-11-07 10:31:03.203621	Speaker	play	None
2016-11-07 10:31:09.206017	Speaker	stop	None
2016-11-07 10:31:09.206610	Trial	end	49
2016-11-07 10:31:20.321848	Trial	start	50
2016-11-07 10:31:20.324029	Speaker	play	None
2016-11-07 10:31:26.330444	Speaker	stop	None
2016-11-07 10:31:26.331023	Trial	end	50
2016-11-07 10:31:31.785978	Trial	start	51
2016-11-07 10:31:31.789539	Speaker	play	None
2016-11-07 10:31:37.794647	Speaker	stop	None
2016-11-07 10:31:37.795531	Trial	end	51
2016-11-07 10:31:43.987268	Trial	start	52
2016-11-07 10:31:43.989253	Speaker	play	None
2016-11-07 10:31:49.991730	Speaker	stop	None
2016-11-07 10:31:49.992253	Trial	end	52
2016-11-07 10:31:55.070404	Trial	start	53
2016-11-07 10:31:55.072215	Speaker	play	None
2016-11-07 10:32:01.074903	Speaker	stop	None
2016-11-07 10:32:01.075448	Trial	end	53
2016-11-07 10:32:04.314581	Trial	start	54
2016-11-07 10:32:04.316472	Speaker	play	None
2016-11-07 10:32:10.319073	Speaker	stop	None
2016-11-07 10:32:10.319685	Trial	end	54
2016-11-07 10:32:16.863989	Trial	start	55
2016-11-07 10:32:16.868336	Speaker	play	None
2016-11-07 10:32:22.872552	Speaker	stop	None
2016-11-07 10:32:22.873215	Trial	end	55
2016-11-07 10:32:28.668063	Trial	start	56
2016-11-07 10:32:28.670179	Speaker	play	None
2016-11-07 10:32:34.676593	Speaker	stop	None
2016-11-07 10:32:34.677136	Trial	end	56
2016-11-07 10:33:03.117556	Trial	start	57
2016-11-07 10:33:03.119334	Speaker	play	None
2016-11-07 10:33:09.122069	Speaker	stop	None
2016-11-07 10:33:09.122747	Trial	end	57
2016-11-07 10:33:14.692170	Trial	start	58
2016-11-07 10:33:14.694642	Speaker	play	None
2016-11-07 10:33:20.700816	Speaker	stop	None
2016-11-07 10:33:20.701337	Trial	end	58
2016-11-07 10:33:32.119702	Trial	start	59
2016-11-07 10:33:32.121950	Speaker	play	None
2016-11-07 10:33:38.129116	Speaker	stop	None
2016-11-07 10:33:38.129842	Trial	end	59
2016-11-07 10:33:45.648013	Trial	start	60
2016-11-07 10:33:45.650021	Speaker	play	None
2016-11-07 10:33:51.652580	Speaker	stop	None
2016-11-07 10:33:51.653477	Trial	end	60
2016-11-07 10:33:56.116959	Trial	start	61
2016-11-07 10:33:56.125863	Speaker	play	None
2016-11-07 10:34:02.133592	Speaker	stop	None
2016-11-07 10:34:02.134183	Trial	end	61
2016-11-07 10:34:09.108743	Trial	start	62
2016-11-07 10:34:09.111617	Speaker	play	None
2016-11-07 10:34:15.117273	Speaker	stop	None
2016-11-07 10:34:15.117845	Trial	end	62
2016-11-07 10:34:28.010757	Trial	start	63
2016-11-07 10:34:28.014122	Speaker	play	None
2016-11-07 10:34:34.019156	Speaker	stop	None
2016-11-07 10:34:34.019741	Trial	end	63
2016-11-07 10:34:38.376955	Trial	start	64
2016-11-07 10:34:38.379125	Speaker	play	None
2016-11-07 10:34:38.463193	Speaker	stop	None
2016-11-07 10:34:38.463715	Trial	end	64
2016-11-07 10:34:38.464414	Trial	start	65
2016-11-07 10:34:38.466673	Speaker	play	None
2016-11-07 10:34:39.327348	Speaker	stop	None
2016-11-07 10:34:39.327990	Trial	end	65
2016-11-07 10:34:39.328746	Trial	start	66
2016-11-07 10:34:39.330878	Speaker	play	None
2016-11-07 10:34:45.335958	Speaker	stop	None
2016-11-07 10:34:45.337127	Trial	end	66
2016-11-07 10:34:50.758481	Trial	start	67
2016-11-07 10:34:50.760442	Speaker	play	None
2016-11-07 10:34:56.767096	Speaker	stop	None
2016-11-07 10:34:56.767699	Trial	end	67
2016-11-07 10:35:01.825392	Trial	start	68
2016-11-07 10:35:01.827357	Speaker	play	None
2016-11-07 10:35:07.833893	Speaker	stop	None
2016-11-07 10:35:07.834520	Trial	end	68
2016-11-07 10:35:14.366582	Trial	start	69
2016-11-07 10:35:14.368583	Speaker	play	None
2016-11-07 10:35:20.375126	Speaker	stop	None
2016-11-07 10:35:20.375636	Trial	end	69
2016-11-07 10:35:26.281233	Trial	start	70
2016-11-07 10:35:26.283114	Speaker	play	None
2016-11-07 10:35:32.289745	Speaker	stop	None
2016-11-07 10:35:32.290285	Trial	end	70
2016-11-07 10:35:50.053042	Trial	start	71
2016-11-07 10:35:50.055198	Speaker	play	None
2016-11-07 10:35:56.057542	Speaker	stop	None
2016-11-07 10:35:56.059916	Hopper	up	None
2016-11-07 10:36:08.062252	Hopper	down	None
2016-11-07 10:36:08.365192	Trial	end	71
2016-11-07 10:38:23.439836	Trial	start	72
2016-11-07 10:38:23.442004	Speaker	play	None
2016-11-07 10:38:29.448371	Speaker	stop	None
2016-11-07 10:38:29.448973	Trial	end	72
2016-11-07 10:38:32.311252	Trial	start	73
2016-11-07 10:38:32.316255	Speaker	play	None
2016-11-07 10:38:38.319845	Speaker	stop	None
2016-11-07 10:38:38.320439	Trial	end	73
2016-11-07 10:38:41.260531	Trial	start	74
2016-11-07 10:38:41.262567	Speaker	play	None
2016-11-07 10:38:41.842304	Speaker	stop	None
2016-11-07 10:38:41.843075	Trial	end	74
2016-11-07 10:38:41.843894	Trial	start	75
2016-11-07 10:38:41.846173	Speaker	play	None
2016-11-07 10:38:47.850768	Speaker	stop	None
2016-11-07 10:38:47.851312	Trial	end	75
2016-11-07 10:38:57.668250	Trial	start	76
2016-11-07 10:38:57.670549	Speaker	play	None
2016-11-07 10:39:03.676784	Speaker	stop	None
2016-11-07 10:39:03.677345	Trial	end	76
2016-11-07 10:39:07.039404	Trial	start	77
2016-11-07 10:39:07.041397	Speaker	play	None
2016-11-07 10:39:07.580193	Speaker	stop	None
2016-11-07 10:39:07.581798	Trial	end	77
2016-11-07 10:39:07.583007	Trial	start	78
2016-11-07 10:39:07.586671	Speaker	play	None
2016-11-07 10:39:13.592828	Speaker	stop	None
2016-11-07 10:39:13.593888	Trial	end	78
2016-11-07 10:39:16.951169	Trial	start	79
2016-11-07 10:39:16.959397	Speaker	play	None
2016-11-07 10:39:22.963837	Speaker	stop	None
2016-11-07 10:39:22.964380	Trial	end	79
2016-11-07 10:39:26.895713	Trial	start	80
2016-11-07 10:39:26.898630	Speaker	play	None
2016-11-07 10:39:32.904284	Speaker	stop	None
2016-11-07 10:39:32.904864	Trial	end	80
2016-11-07 10:39:39.809721	Trial	start	81
2016-11-07 10:39:39.811951	Speaker	play	None
2016-11-07 10:39:45.814371	Speaker	stop	None
2016-11-07 10:39:45.815219	Hopper	up	None
2016-11-07 10:39:57.818869	Hopper	down	None
2016-11-07 10:39:58.121940	Trial	end	81
2016-11-07 10:41:44.231333	Trial	start	82
2016-11-07 10:41:44.233707	Speaker	play	None
2016-11-07 10:41:50.239891	Speaker	stop	None
2016-11-07 10:41:50.240508	Trial	end	82
2016-11-07 10:41:53.803136	Trial	start	83
2016-11-07 10:41:53.805189	Speaker	play	None
2016-11-07 10:41:59.807670	Speaker	stop	None
2016-11-07 10:41:59.808267	Trial	end	83
2016-11-07 10:42:03.796931	Trial	start	84
2016-11-07 10:42:03.799585	Speaker	play	None
2016-11-07 10:42:09.805547	Speaker	stop	None
2016-11-07 10:42:09.806263	Trial	end	84
2016-11-07 10:42:15.387937	Trial	start	85
2016-11-07 10:42:15.390262	Speaker	play	None
2016-11-07 10:42:21.396494	Speaker	stop	None
2016-11-07 10:42:21.397025	Trial	end	85
2016-11-07 10:42:26.479249	Trial	start	86
2016-11-07 10:42:26.481415	Speaker	play	None
2016-11-07 10:42:32.483788	Speaker	stop	None
2016-11-07 10:42:32.484374	Trial	end	86
2016-11-07 10:42:38.934604	Trial	start	87
2016-11-07 10:42:38.937854	Speaker	play	None
2016-11-07 10:42:44.943153	Speaker	stop	None
2016-11-07 10:42:44.943902	Trial	end	87
2016-11-07 10:42:51.049816	Trial	start	88
2016-11-07 10:42:51.052244	Speaker	play	None
2016-11-07 10:42:57.058442	Speaker	stop	None
2016-11-07 10:42:57.059323	Trial	end	88
2016-11-07 10:43:02.948184	Trial	start	89
2016-11-07 10:43:02.950167	Speaker	play	None
2016-11-07 10:43:08.952589	Speaker	stop	None
2016-11-07 10:43:08.953115	Trial	end	89
2016-11-07 10:43:16.541952	Trial	start	90
2016-11-07 10:43:16.544156	Speaker	play	None
2016-11-07 10:43:22.550579	Speaker	stop	None
2016-11-07 10:43:22.552925	Hopper	up	None
2016-11-07 10:43:34.555195	Hopper	down	None
2016-11-07 10:43:34.858261	Trial	end	90
2016-11-07 10:45:13.902381	Trial	start	91
2016-11-07 10:45:13.904375	Speaker	play	None
2016-11-07 10:45:19.906907	Speaker	stop	None
2016-11-07 10:45:19.907484	Trial	end	91
2016-11-07 10:45:23.949309	Trial	start	92
2016-11-07 10:45:23.951446	Speaker	play	None
2016-11-07 10:45:29.953821	Speaker	stop	None
2016-11-07 10:45:29.954494	Trial	end	92
2016-11-07 10:45:35.712440	Trial	start	93
2016-11-07 10:45:35.716040	Speaker	play	None
2016-11-07 10:45:41.721088	Speaker	stop	None
2016-11-07 10:45:41.721714	Trial	end	93
2016-11-07 10:45:45.689691	Trial	start	94
2016-11-07 10:45:45.691646	Speaker	play	None
2016-11-07 10:45:45.939657	Speaker	stop	None
2016-11-07 10:45:45.940196	Trial	end	94
2016-11-07 10:45:45.940843	Trial	start	95
2016-11-07 10:45:45.942734	Speaker	play	None
2016-11-07 10:45:51.948178	Speaker	stop	None
2016-11-07 10:45:51.948719	Trial	end	95
2016-11-07 10:45:58.460425	Trial	start	96
2016-11-07 10:45:58.462793	Speaker	play	None
2016-11-07 10:46:04.468931	Speaker	stop	None
2016-11-07 10:46:04.469509	Trial	end	96
2016-11-07 10:46:09.498446	Trial	start	97
2016-11-07 10:46:09.500798	Speaker	play	None
2016-11-07 10:46:15.507081	Speaker	stop	None
2016-11-07 10:46:15.507671	Trial	end	97
2016-11-07 10:46:20.331889	Trial	start	98
2016-11-07 10:46:20.334809	Speaker	play	None
2016-11-07 10:46:26.340371	Speaker	stop	None
2016-11-07 10:46:26.340871	Trial	end	98
2016-11-07 10:46:29.948767	Trial	start	99
2016-11-07 10:46:29.951224	Speaker	play	None
2016-11-07 10:46:35.957264	Speaker	stop	None
2016-11-07 10:46:35.957829	Trial	end	99
2016-11-07 10:46:43.825190	Trial	start	100
2016-11-07 10:46:43.827348	Speaker	play	None
2016-11-07 10:46:49.833746	Speaker	stop	None
2016-11-07 10:46:49.834399	Trial	end	100
2016-11-07 10:46:59.098309	Trial	start	101
2016-11-07 10:46:59.100279	Speaker	play	None
2016-11-07 10:47:05.102925	Speaker	stop	None
2016-11-07 10:47:05.103507	Trial	end	101
2016-11-07 10:47:19.192231	Trial	start	102
2016-11-07 10:47:19.194996	Speaker	play	None
2016-11-07 10:47:25.200784	Speaker	stop	None
2016-11-07 10:47:25.201408	Trial	end	102
2016-11-07 10:47:31.082281	Trial	start	103
2016-11-07 10:47:31.084365	Speaker	play	None
2016-11-07 10:47:32.028492	Speaker	stop	None
2016-11-07 10:47:32.029038	Trial	end	103
2016-11-07 10:47:32.029744	Trial	start	104
2016-11-07 10:47:32.031835	Speaker	play	None
2016-11-07 10:47:38.036938	Speaker	stop	None
2016-11-07 10:47:38.037751	Hopper	up	None
2016-11-07 10:47:50.041649	Hopper	down	None
2016-11-07 10:47:50.344683	Trial	end	104
2016-11-07 10:50:29.359249	Trial	start	105
2016-11-07 10:50:29.365880	Speaker	play	None
2016-11-07 10:50:35.371787	Speaker	stop	None
2016-11-07 10:50:35.372456	Trial	end	105
2016-11-07 10:50:38.341219	Trial	start	106
2016-11-07 10:50:38.343708	Speaker	play	None
2016-11-07 10:50:44.349740	Speaker	stop	None
2016-11-07 10:50:44.350348	Trial	end	106
2016-11-07 10:50:49.461323	Trial	start	107
2016-11-07 10:50:49.463563	Speaker	play	None
2016-11-07 10:50:55.469805	Speaker	stop	None
2016-11-07 10:50:55.470373	Trial	end	107
2016-11-07 10:50:59.811550	Trial	start	108
2016-11-07 10:50:59.826494	Speaker	play	None
2016-11-07 10:51:05.832099	Speaker	stop	None
2016-11-07 10:51:05.832722	Trial	end	108
2016-11-07 10:51:12.450862	Trial	start	109
2016-11-07 10:51:12.453202	Speaker	play	None
2016-11-07 10:51:18.459539	Speaker	stop	None
2016-11-07 10:51:18.460554	Trial	end	109
2016-11-07 10:51:25.413997	Trial	start	110
2016-11-07 10:51:25.416752	Speaker	play	None
2016-11-07 10:51:31.422874	Speaker	stop	None
2016-11-07 10:51:31.424390	Trial	end	110
2016-11-07 10:51:37.820080	Trial	start	111
2016-11-07 10:51:37.823076	Speaker	play	None
2016-11-07 10:51:38.733517	Speaker	stop	None
2016-11-07 10:51:38.734123	Trial	end	111
2016-11-07 10:51:38.734858	Trial	start	112
2016-11-07 10:51:38.736615	Speaker	play	None
2016-11-07 10:51:44.742012	Speaker	stop	None
2016-11-07 10:51:44.742670	Trial	end	112
2016-11-07 10:52:07.166379	Trial	start	113
2016-11-07 10:52:07.169558	Speaker	play	None
2016-11-07 10:52:13.175063	Speaker	stop	None
2016-11-07 10:52:13.175946	Trial	end	113
2016-11-07 10:52:18.495306	Trial	start	114
2016-11-07 10:52:18.497797	Speaker	play	None
2016-11-07 10:52:24.503813	Speaker	stop	None
2016-11-07 10:52:24.504420	Trial	end	114
2016-11-07 10:52:28.001605	Trial	start	115
2016-11-07 10:52:28.004850	Speaker	play	None
2016-11-07 10:52:28.849849	Speaker	stop	None
2016-11-07 10:52:28.850879	Trial	end	115
2016-11-07 10:52:28.851794	Trial	start	116
2016-11-07 10:52:28.854059	Speaker	play	None
2016-11-07 10:52:34.857923	Speaker	stop	None
2016-11-07 10:52:34.858635	Trial	end	116
2016-11-07 10:52:38.527706	Trial	start	117
2016-11-07 10:52:38.530293	Speaker	play	None
2016-11-07 10:52:44.536290	Speaker	stop	None
2016-11-07 10:52:44.536932	Trial	end	117
2016-11-07 10:52:51.015823	Trial	start	118
2016-11-07 10:52:51.018977	Speaker	play	None
2016-11-07 10:52:52.093013	Speaker	stop	None
2016-11-07 10:52:52.093643	Trial	end	118
2016-11-07 10:52:52.094263	Trial	start	119
2016-11-07 10:52:52.104740	Speaker	play	None
2016-11-07 10:52:58.109629	Speaker	stop	None
2016-11-07 10:52:58.110273	Trial	end	119
2016-11-07 10:53:03.909352	Trial	start	120
2016-11-07 10:53:03.912424	Speaker	play	None
2016-11-07 10:53:09.917773	Speaker	stop	None
2016-11-07 10:53:09.918459	Trial	end	120
2016-11-07 10:53:17.625973	Trial	start	121
2016-11-07 10:53:17.628291	Speaker	play	None
2016-11-07 10:53:23.634699	Speaker	stop	None
2016-11-07 10:53:23.635716	Hopper	up	None
2016-11-07 10:53:35.640507	Hopper	down	None
2016-11-07 10:53:35.946452	Trial	end	121
2016-11-07 10:55:44.230276	Trial	start	122
2016-11-07 10:55:44.232584	Speaker	play	None
2016-11-07 10:55:50.238733	Speaker	stop	None
2016-11-07 10:55:50.239374	Trial	end	122
2016-11-07 10:55:54.731870	Trial	start	123
2016-11-07 10:55:54.736916	Speaker	play	None
2016-11-07 10:56:00.740514	Speaker	stop	None
2016-11-07 10:56:00.743481	Hopper	up	None
2016-11-07 10:56:12.745233	Hopper	down	None
2016-11-07 10:56:13.048100	Trial	end	123
2016-11-07 10:58:37.510085	Trial	start	124
2016-11-07 10:58:37.511966	Speaker	play	None
2016-11-07 10:58:43.514612	Speaker	stop	None
2016-11-07 10:58:43.515283	Trial	end	124
2016-11-07 10:58:47.241761	Trial	start	125
2016-11-07 10:58:47.243786	Speaker	play	None
2016-11-07 10:58:53.246148	Speaker	stop	None
2016-11-07 10:58:53.246727	Trial	end	125
2016-11-07 10:59:02.117571	Trial	start	126
2016-11-07 10:59:02.119527	Speaker	play	None
2016-11-07 10:59:08.122013	Speaker	stop	None
2016-11-07 10:59:08.122632	Trial	end	126
2016-11-07 10:59:15.527121	Trial	start	127
2016-11-07 10:59:15.529202	Speaker	play	None
2016-11-07 10:59:21.531565	Speaker	stop	None
2016-11-07 10:59:21.532100	Trial	end	127
2016-11-07 10:59:24.603319	Trial	start	128
2016-11-07 10:59:24.605171	Speaker	play	None
2016-11-07 10:59:30.607885	Speaker	stop	None
2016-11-07 10:59:30.608531	Trial	end	128
2016-11-07 10:59:39.511968	Trial	start	129
2016-11-07 10:59:39.514003	Speaker	play	None
2016-11-07 10:59:40.056805	Speaker	stop	None
2016-11-07 10:59:40.057787	Trial	end	129
2016-11-07 10:59:40.058684	Trial	start	130
2016-11-07 10:59:40.061120	Speaker	play	None
2016-11-07 10:59:46.065260	Speaker	stop	None
2016-11-07 10:59:46.065818	Trial	end	130
2016-11-07 10:59:51.344653	Trial	start	131
2016-11-07 10:59:51.346656	Speaker	play	None
2016-11-07 10:59:57.349140	Speaker	stop	None
2016-11-07 10:59:57.349739	Trial	end	131
2016-11-07 11:00:05.311252	Trial	start	132
2016-11-07 11:00:05.313562	Speaker	play	None
2016-11-07 11:00:11.319832	Speaker	stop	None
2016-11-07 11:00:11.320411	Trial	end	132
2016-11-07 11:00:32.941433	Trial	start	133
2016-11-07 11:00:32.944899	Speaker	play	None
2016-11-07 11:00:38.949845	Speaker	stop	None
2016-11-07 11:00:38.950386	Trial	end	133
2016-11-07 11:00:43.291375	Trial	start	134
2016-11-07 11:00:43.293389	Speaker	play	None
2016-11-07 11:00:49.300051	Speaker	stop	None
2016-11-07 11:00:49.301155	Trial	end	134
2016-11-07 11:00:54.984784	Trial	start	135
2016-11-07 11:00:54.986753	Speaker	play	None
2016-11-07 11:01:00.989258	Speaker	stop	None
2016-11-07 11:01:00.989803	Trial	end	135
2016-11-07 11:02:03.453794	Trial	start	136
2016-11-07 11:02:03.455801	Speaker	play	None
2016-11-07 11:02:09.458311	Speaker	stop	None
2016-11-07 11:02:09.459065	Hopper	up	None
2016-11-07 11:02:21.462914	Hopper	down	None
2016-11-07 11:02:21.766019	Trial	end	136
2016-11-07 11:19:16.198361	Trial	start	137
2016-11-07 11:19:16.200544	Speaker	play	None
2016-11-07 11:19:22.202947	Speaker	stop	None
2016-11-07 11:19:22.203624	Trial	end	137
2016-11-07 11:19:27.801644	Trial	start	138
2016-11-07 11:19:27.804432	Speaker	play	None
2016-11-07 11:19:33.810235	Speaker	stop	None
2016-11-07 11:19:33.810799	Trial	end	138
2016-11-07 11:19:45.008004	Trial	start	139
2016-11-07 11:19:45.010564	Speaker	play	None
2016-11-07 11:19:51.016549	Speaker	stop	None
2016-11-07 11:19:51.017108	Trial	end	139
2016-11-07 11:19:57.029145	Trial	start	140
2016-11-07 11:19:57.031327	Speaker	play	None
2016-11-07 11:20:03.037620	Speaker	stop	None
2016-11-07 11:20:03.038186	Trial	end	140
2016-11-07 11:20:26.956990	Trial	start	141
2016-11-07 11:20:26.959262	Speaker	play	None
2016-11-07 11:20:32.965432	Speaker	stop	None
2016-11-07 11:20:32.965958	Trial	end	141
2016-11-07 11:20:39.125416	Trial	start	142
2016-11-07 11:20:39.127314	Speaker	play	None
2016-11-07 11:20:45.129922	Speaker	stop	None
2016-11-07 11:20:45.133861	Trial	end	142
2016-11-07 11:20:51.478341	Trial	start	143
2016-11-07 11:20:51.481850	Speaker	play	None
2016-11-07 11:20:57.486808	Speaker	stop	None
2016-11-07 11:20:57.487362	Trial	end	143
2016-11-07 11:21:03.278213	Trial	start	144
2016-11-07 11:21:03.280453	Speaker	play	None
2016-11-07 11:21:09.286676	Speaker	stop	None
2016-11-07 11:21:09.287163	Trial	end	144
2016-11-07 11:21:13.525804	Trial	start	145
2016-11-07 11:21:13.527849	Speaker	play	None
2016-11-07 11:21:19.534563	Speaker	stop	None
2016-11-07 11:21:19.535163	Trial	end	145
2016-11-07 11:21:23.642327	Trial	start	146
2016-11-07 11:21:23.644231	Speaker	play	None
2016-11-07 11:21:29.646733	Speaker	stop	None
2016-11-07 11:21:29.647254	Trial	end	146
2016-11-07 11:21:43.555918	Trial	start	147
2016-11-07 11:21:43.557862	Speaker	play	None
2016-11-07 11:21:49.560381	Speaker	stop	None
2016-11-07 11:21:49.560893	Trial	end	147
2016-11-07 11:21:59.738337	Trial	start	148
2016-11-07 11:21:59.740576	Speaker	play	None
2016-11-07 11:22:05.746960	Speaker	stop	None
2016-11-07 11:22:05.747530	Trial	end	148
2016-11-07 11:22:12.988217	Trial	start	149
2016-11-07 11:22:12.991263	Speaker	play	None
2016-11-07 11:22:18.996813	Speaker	stop	None
2016-11-07 11:22:18.997841	Trial	end	149
2016-11-07 11:22:40.037167	Trial	start	150
2016-11-07 11:22:40.039480	Speaker	play	None
2016-11-07 11:22:46.045294	Speaker	stop	None
2016-11-07 11:22:46.045850	Trial	end	150
2016-11-07 11:22:52.004587	Trial	start	151
2016-11-07 11:22:52.006597	Speaker	play	None
2016-11-07 11:22:58.008935	Speaker	stop	None
2016-11-07 11:22:58.009610	Trial	end	151
2016-11-07 11:23:01.338812	Trial	start	152
2016-11-07 11:23:01.341113	Speaker	play	None
2016-11-07 11:23:07.347312	Speaker	stop	None
2016-11-07 11:23:07.347871	Trial	end	152
2016-11-07 11:23:11.320172	Trial	start	153
2016-11-07 11:23:11.322363	Speaker	play	None
2016-11-07 11:23:17.328737	Speaker	stop	None
2016-11-07 11:23:17.329345	Trial	end	153
2016-11-07 11:23:23.316653	Trial	start	154
2016-11-07 11:23:23.318968	Speaker	play	None
2016-11-07 11:23:29.325287	Speaker	stop	None
2016-11-07 11:23:29.326158	Hopper	up	None
2016-11-07 11:23:41.329890	Hopper	down	None
2016-11-07 11:23:41.632911	Trial	end	154
2016-11-07 11:27:21.088718	Trial	start	155
2016-11-07 11:27:21.092792	Speaker	play	None
2016-11-07 11:27:27.097163	Speaker	stop	None
2016-11-07 11:27:27.098004	Trial	end	155
2016-11-07 11:27:30.348987	Trial	start	156
2016-11-07 11:27:30.350881	Speaker	play	None
2016-11-07 11:27:36.353485	Speaker	stop	None
2016-11-07 11:27:36.354098	Trial	end	156
2016-11-07 11:27:40.993950	Trial	start	157
2016-11-07 11:27:40.996065	Speaker	play	None
2016-11-07 11:27:47.002464	Speaker	stop	None
2016-11-07 11:27:47.003067	Trial	end	157
2016-11-07 11:27:51.151423	Trial	start	158
2016-11-07 11:27:51.153387	Speaker	play	None
2016-11-07 11:27:57.155919	Speaker	stop	None
2016-11-07 11:27:57.156457	Trial	end	158
2016-11-07 11:28:03.037329	Trial	start	159
2016-11-07 11:28:03.039609	Speaker	play	None
2016-11-07 11:28:09.045922	Speaker	stop	None
2016-11-07 11:28:09.046483	Trial	end	159
2016-11-07 11:28:15.697524	Trial	start	160
2016-11-07 11:28:15.702178	Speaker	play	None
2016-11-07 11:28:21.710093	Speaker	stop	None
2016-11-07 11:28:21.710687	Trial	end	160
2016-11-07 11:28:25.949173	Trial	start	161
2016-11-07 11:28:25.951123	Speaker	play	None
2016-11-07 11:28:31.953614	Speaker	stop	None
2016-11-07 11:28:31.954203	Trial	end	161
2016-11-07 11:28:38.113659	Trial	start	162
2016-11-07 11:28:38.116065	Speaker	play	None
2016-11-07 11:28:44.122146	Speaker	stop	None
2016-11-07 11:28:44.122703	Trial	end	162
2016-11-07 11:28:49.843830	Trial	start	163
2016-11-07 11:28:49.846879	Speaker	play	None
2016-11-07 11:28:55.852418	Speaker	stop	None
2016-11-07 11:28:55.852942	Trial	end	163
2016-11-07 11:28:59.989266	Trial	start	164
2016-11-07 11:28:59.991717	Speaker	play	None
2016-11-07 11:29:05.997688	Speaker	stop	None
2016-11-07 11:29:05.998360	Trial	end	164
2016-11-07 11:29:11.612892	Trial	start	165
2016-11-07 11:29:11.614915	Speaker	play	None
2016-11-07 11:29:12.727153	Speaker	stop	None
2016-11-07 11:29:12.727771	Trial	end	165
2016-11-07 11:29:12.728418	Trial	start	166
2016-11-07 11:29:12.730488	Speaker	play	None
2016-11-07 11:29:18.735511	Speaker	stop	None
2016-11-07 11:29:18.736493	Hopper	up	None
2016-11-07 11:29:30.740114	Hopper	down	None
2016-11-07 11:29:31.043189	Trial	end	166
2016-11-07 11:32:21.935236	Trial	start	167
2016-11-07 11:32:21.938093	Speaker	play	None
2016-11-07 11:32:27.943863	Speaker	stop	None
2016-11-07 11:32:27.944619	Trial	end	167
2016-11-07 11:32:28.902220	Trial	start	168
2016-11-07 11:32:28.904491	Speaker	play	None
2016-11-07 11:32:34.910692	Speaker	stop	None
2016-11-07 11:32:34.911319	Trial	end	168
2016-11-07 11:32:38.646022	Trial	start	169
2016-11-07 11:32:38.648697	Speaker	play	None
2016-11-07 11:32:44.654497	Speaker	stop	None
2016-11-07 11:32:44.655025	Trial	end	169
2016-11-07 11:32:49.032862	Trial	start	170
2016-11-07 11:32:49.034826	Speaker	play	None
2016-11-07 11:32:55.037363	Speaker	stop	None
2016-11-07 11:32:55.037933	Trial	end	170
2016-11-07 11:33:00.378186	Trial	start	171
2016-11-07 11:33:00.380326	Speaker	play	None
2016-11-07 11:33:02.110807	Speaker	stop	None
2016-11-07 11:33:02.111423	Trial	end	171
2016-11-07 11:33:02.112052	Trial	start	172
2016-11-07 11:33:02.114605	Speaker	play	None
2016-11-07 11:33:08.119213	Speaker	stop	None
2016-11-07 11:33:08.119771	Trial	end	172
2016-11-07 11:33:13.070959	Trial	start	173
2016-11-07 11:33:13.072973	Speaker	play	None
2016-11-07 11:33:19.075431	Speaker	stop	None
2016-11-07 11:33:19.075943	Trial	end	173
2016-11-07 11:33:30.817966	Trial	start	174
2016-11-07 11:33:30.820011	Speaker	play	None
2016-11-07 11:33:36.822462	Speaker	stop	None
2016-11-07 11:33:36.823848	Hopper	up	None
2016-11-07 11:33:48.827182	Hopper	down	None
2016-11-07 11:33:49.130243	Trial	end	174
2016-11-07 11:35:00.703753	Trial	start	175
2016-11-07 11:35:00.705869	Speaker	play	None
2016-11-07 11:35:06.712298	Speaker	stop	None
2016-11-07 11:35:06.712818	Trial	end	175
2016-11-07 11:35:12.262137	Trial	start	176
2016-11-07 11:35:12.264136	Speaker	play	None
2016-11-07 11:35:18.270719	Speaker	stop	None
2016-11-07 11:35:18.271369	Trial	end	176
2016-11-07 11:35:23.644250	Trial	start	177
2016-11-07 11:35:23.646890	Speaker	play	None
2016-11-07 11:35:29.652964	Speaker	stop	None
2016-11-07 11:35:29.653714	Trial	end	177
2016-11-07 11:35:35.702150	Trial	start	178
2016-11-07 11:35:35.703979	Speaker	play	None
2016-11-07 11:35:41.706597	Speaker	stop	None
2016-11-07 11:35:41.707144	Trial	end	178
2016-11-07 11:36:04.274276	Trial	start	179
2016-11-07 11:36:04.276981	Speaker	play	None
2016-11-07 11:36:10.282803	Speaker	stop	None
2016-11-07 11:36:10.283261	Trial	end	179
2016-11-07 11:36:16.004547	Trial	start	180
2016-11-07 11:36:16.006553	Speaker	play	None
2016-11-07 11:36:22.009003	Speaker	stop	None
2016-11-07 11:36:22.009594	Trial	end	180
2016-11-07 11:36:26.801030	Trial	start	181
2016-11-07 11:36:26.802923	Speaker	play	None
2016-11-07 11:36:32.805438	Speaker	stop	None
2016-11-07 11:36:32.806078	Trial	end	181
2016-11-07 11:36:39.469278	Trial	start	182
2016-11-07 11:36:39.471712	Speaker	play	None
2016-11-07 11:36:45.477819	Speaker	stop	None
2016-11-07 11:36:45.478292	Trial	end	182
2016-11-07 11:36:53.890574	Trial	start	183
2016-11-07 11:36:53.892870	Speaker	play	None
2016-11-07 11:36:54.906304	Speaker	stop	None
2016-11-07 11:36:54.906842	Trial	end	183
2016-11-07 11:36:54.907401	Trial	start	184
2016-11-07 11:36:54.909584	Speaker	play	None
2016-11-07 11:37:00.914803	Speaker	stop	None
2016-11-07 11:37:00.915860	Trial	end	184
2016-11-07 11:37:05.575643	Trial	start	185
2016-11-07 11:37:05.577708	Speaker	play	None
2016-11-07 11:37:11.584252	Speaker	stop	None
2016-11-07 11:37:11.585060	Hopper	up	None
2016-11-07 11:37:23.588927	Hopper	down	None
2016-11-07 11:37:23.892004	Trial	end	185
2016-11-07 11:39:06.306802	Trial	start	186
2016-11-07 11:39:06.308788	Speaker	play	None
2016-11-07 11:39:12.311251	Speaker	stop	None
2016-11-07 11:39:12.311791	Trial	end	186
2016-11-07 11:39:18.336250	Trial	start	187
2016-11-07 11:39:18.340422	Speaker	play	None
2016-11-07 11:39:24.348770	Speaker	stop	None
2016-11-07 11:39:24.349305	Trial	end	187
2016-11-07 11:39:29.140809	Trial	start	188
2016-11-07 11:39:29.144076	Speaker	play	None
2016-11-07 11:39:35.149334	Speaker	stop	None
2016-11-07 11:39:35.149925	Trial	end	188
2016-11-07 11:39:41.383195	Trial	start	189
2016-11-07 11:39:41.386914	Speaker	play	None
2016-11-07 11:39:47.391604	Speaker	stop	None
2016-11-07 11:39:47.392153	Trial	end	189
2016-11-07 11:39:55.742857	Trial	start	190
2016-11-07 11:39:55.744843	Speaker	play	None
2016-11-07 11:40:01.747399	Speaker	stop	None
2016-11-07 11:40:01.747972	Trial	end	190
2016-11-07 11:40:09.987992	Trial	start	191
2016-11-07 11:40:09.990267	Speaker	play	None
2016-11-07 11:40:11.630385	Speaker	stop	None
2016-11-07 11:40:11.630872	Trial	end	191
2016-11-07 11:40:11.631509	Trial	start	192
2016-11-07 11:40:11.635096	Speaker	play	None
2016-11-07 11:40:17.638861	Speaker	stop	None
2016-11-07 11:40:17.639409	Trial	end	192
2016-11-07 11:40:22.602883	Trial	start	193
2016-11-07 11:40:22.607298	Speaker	play	None
2016-11-07 11:40:28.615557	Speaker	stop	None
2016-11-07 11:40:28.616178	Trial	end	193
2016-11-07 11:40:32.258427	Trial	start	194
2016-11-07 11:40:32.262223	Speaker	play	None
2016-11-07 11:40:38.265181	Speaker	stop	None
2016-11-07 11:40:38.265772	Trial	end	194
2016-11-07 11:40:49.958580	Trial	start	195
2016-11-07 11:40:49.960943	Speaker	play	None
2016-11-07 11:40:55.967112	Speaker	stop	None
2016-11-07 11:40:55.967618	Trial	end	195
2016-11-07 11:41:00.894324	Trial	start	196
2016-11-07 11:41:00.896304	Speaker	play	None
2016-11-07 11:41:06.898705	Speaker	stop	None
2016-11-07 11:41:06.899294	Trial	end	196
2016-11-07 11:41:12.985003	Trial	start	197
2016-11-07 11:41:12.987470	Speaker	play	None
2016-11-07 11:41:15.889057	Speaker	stop	None
2016-11-07 11:41:15.889722	Trial	end	197
2016-11-07 11:41:15.890323	Trial	start	198
2016-11-07 11:41:15.892702	Speaker	play	None
2016-11-07 11:41:21.897456	Speaker	stop	None
2016-11-07 11:41:21.898315	Hopper	up	None
2016-11-07 11:41:33.899102	Hopper	down	None
2016-11-07 11:41:34.209407	Trial	end	198
2016-11-07 11:43:08.162358	Trial	start	199
2016-11-07 11:43:08.164637	Speaker	play	None
2016-11-07 11:43:14.170812	Speaker	stop	None
2016-11-07 11:43:14.171346	Trial	end	199
2016-11-07 11:43:19.601767	Trial	start	200
2016-11-07 11:43:19.603946	Speaker	play	None
2016-11-07 11:43:20.879802	Speaker	stop	None
2016-11-07 11:43:20.880391	Trial	end	200
2016-11-07 11:43:20.881103	Trial	start	201
2016-11-07 11:43:20.883235	Speaker	play	None
2016-11-07 11:43:22.272278	Speaker	stop	None
2016-11-07 11:43:22.272867	Trial	end	201
2016-11-07 11:43:22.273725	Trial	start	202
2016-11-07 11:43:22.276462	Speaker	play	None
2016-11-07 11:43:28.280824	Speaker	stop	None
2016-11-07 11:43:28.281442	Trial	end	202
2016-11-07 11:43:36.881862	Trial	start	203
2016-11-07 11:43:36.883821	Speaker	play	None
2016-11-07 11:43:42.890446	Speaker	stop	None
2016-11-07 11:43:42.891057	Trial	end	203
2016-11-07 11:43:53.752358	Trial	start	204
2016-11-07 11:43:53.754979	Speaker	play	None
2016-11-07 11:43:55.366166	Speaker	stop	None
2016-11-07 11:43:55.366829	Trial	end	204
2016-11-07 11:43:55.367635	Trial	start	205
2016-11-07 11:43:55.370222	Speaker	play	None
2016-11-07 11:44:01.374656	Speaker	stop	None
2016-11-07 11:44:01.375284	Trial	end	205
2016-11-07 11:44:08.013848	Trial	start	206
2016-11-07 11:44:08.016358	Speaker	play	None
2016-11-07 11:44:14.022433	Speaker	stop	None
2016-11-07 11:44:14.023273	Hopper	up	None
2016-11-07 11:44:26.025218	Hopper	down	None
2016-11-07 11:44:26.330139	Trial	end	206
2016-11-07 11:46:14.241558	Trial	start	207
2016-11-07 11:46:14.243735	Speaker	play	None
2016-11-07 11:46:20.250086	Speaker	stop	None
2016-11-07 11:46:20.250657	Trial	end	207
2016-11-07 11:46:23.981263	Trial	start	208
2016-11-07 11:46:23.983287	Speaker	play	None
2016-11-07 11:46:29.985739	Speaker	stop	None
2016-11-07 11:46:29.986364	Trial	end	208
2016-11-07 11:46:34.146987	Trial	start	209
2016-11-07 11:46:34.149106	Speaker	play	None
2016-11-07 11:46:36.182732	Speaker	stop	None
2016-11-07 11:46:36.183236	Trial	end	209
2016-11-07 11:46:36.183844	Trial	start	210
2016-11-07 11:46:36.185947	Speaker	play	None
2016-11-07 11:46:42.191177	Speaker	stop	None
2016-11-07 11:46:42.191873	Trial	end	210
2016-11-07 11:46:47.634389	Trial	start	211
2016-11-07 11:46:47.636613	Speaker	play	None
2016-11-07 11:46:53.642975	Speaker	stop	None
2016-11-07 11:46:53.643727	Trial	end	211
2016-11-07 11:46:59.893098	Trial	start	212
2016-11-07 11:46:59.895648	Speaker	play	None
2016-11-07 11:47:05.901626	Speaker	stop	None
2016-11-07 11:47:05.902276	Trial	end	212
2016-11-07 11:47:12.315529	Trial	start	213
2016-11-07 11:47:12.317645	Speaker	play	None
2016-11-07 11:47:18.320003	Speaker	stop	None
2016-11-07 11:47:18.320567	Trial	end	213
2016-11-07 11:47:26.532009	Trial	start	214
2016-11-07 11:47:26.535795	Speaker	play	None
2016-11-07 11:47:32.540632	Speaker	stop	None
2016-11-07 11:47:32.541578	Trial	end	214
2016-11-07 11:47:39.048690	Trial	start	215
2016-11-07 11:47:39.050916	Speaker	play	None
2016-11-07 11:47:39.212537	Speaker	stop	None
2016-11-07 11:47:39.213144	Trial	end	215
2016-11-07 11:47:39.213825	Trial	start	216
2016-11-07 11:47:39.216205	Speaker	play	None
2016-11-07 11:47:45.221080	Speaker	stop	None
2016-11-07 11:47:45.221674	Trial	end	216
2016-11-07 11:47:55.280211	Trial	start	217
2016-11-07 11:47:55.282803	Speaker	play	None
2016-11-07 11:48:01.288832	Speaker	stop	None
2016-11-07 11:48:01.289462	Trial	end	217
2016-11-07 11:48:19.224086	Trial	start	218
2016-11-07 11:48:19.226316	Speaker	play	None
2016-11-07 11:48:25.228702	Speaker	stop	None
2016-11-07 11:48:25.229390	Trial	end	218
2016-11-07 11:48:37.208734	Trial	start	219
2016-11-07 11:48:37.210769	Speaker	play	None
2016-11-07 11:48:38.421195	Speaker	stop	None
2016-11-07 11:48:38.421775	Trial	end	219
2016-11-07 11:48:38.422527	Trial	start	220
2016-11-07 11:48:38.425821	Speaker	play	None
2016-11-07 11:48:44.433692	Speaker	stop	None
2016-11-07 11:48:44.434258	Trial	end	220
2016-11-07 11:48:57.564738	Trial	start	221
2016-11-07 11:48:57.566862	Speaker	play	None
2016-11-07 11:49:03.569183	Speaker	stop	None
2016-11-07 11:49:03.569692	Trial	end	221
2016-11-07 11:49:14.082941	Trial	start	222
2016-11-07 11:49:14.087123	Speaker	play	None
2016-11-07 11:49:20.091547	Speaker	stop	None
2016-11-07 11:49:20.092061	Trial	end	222
2016-11-07 11:49:47.631648	Trial	start	223
2016-11-07 11:49:47.634533	Speaker	play	None
2016-11-07 11:49:48.643354	Speaker	stop	None
2016-11-07 11:49:48.643897	Trial	end	223
2016-11-07 11:49:48.644554	Trial	start	224
2016-11-07 11:49:48.646665	Speaker	play	None
2016-11-07 11:49:54.651718	Speaker	stop	None
2016-11-07 11:49:54.652202	Trial	end	224
2016-11-07 11:50:04.047407	Trial	start	225
2016-11-07 11:50:04.050029	Speaker	play	None
2016-11-07 11:50:10.055943	Speaker	stop	None
2016-11-07 11:50:10.056528	Trial	end	225
2016-11-07 11:50:45.640042	Trial	start	226
2016-11-07 11:50:45.642111	Speaker	play	None
2016-11-07 11:50:51.648557	Speaker	stop	None
2016-11-07 11:50:51.649346	Hopper	up	None
2016-11-07 11:51:03.653253	Hopper	down	None
2016-11-07 11:51:03.956264	Trial	end	226
2016-11-07 12:26:44.124979	Trial	start	227
2016-11-07 12:26:44.127350	Speaker	play	None
2016-11-07 12:26:50.132910	Speaker	stop	None
2016-11-07 12:26:50.133631	Trial	end	227
2016-11-07 12:29:22.745173	Trial	start	228
2016-11-07 12:29:22.748000	Speaker	play	None
2016-11-07 12:29:28.753780	Speaker	stop	None
2016-11-07 12:29:28.754841	Trial	end	228
2016-11-07 12:29:38.465807	Trial	start	229
2016-11-07 12:29:38.469827	Speaker	play	None
2016-11-07 12:29:44.473284	Speaker	stop	None
2016-11-07 12:29:44.474063	Trial	end	229
2016-11-07 12:29:52.943550	Trial	start	230
2016-11-07 12:29:52.946803	Speaker	play	None
2016-11-07 12:29:58.951826	Speaker	stop	None
2016-11-07 12:29:58.952415	Trial	end	230
2016-11-07 12:30:10.710692	Trial	start	231
2016-11-07 12:30:10.712975	Speaker	play	None
2016-11-07 12:30:11.661040	Speaker	stop	None
2016-11-07 12:30:11.662245	Trial	end	231
2016-11-07 12:30:11.662846	Trial	start	232
2016-11-07 12:30:11.664992	Speaker	play	None
2016-11-07 12:30:13.008817	Speaker	stop	None
2016-11-07 12:30:13.009957	Trial	end	232
2016-11-07 12:30:13.010944	Trial	start	233
2016-11-07 12:30:13.012686	Speaker	play	None
2016-11-07 12:30:19.021151	Speaker	stop	None
2016-11-07 12:30:19.021906	Trial	end	233
2016-11-07 12:30:24.816773	Trial	start	234
2016-11-07 12:30:24.820011	Speaker	play	None
2016-11-07 12:30:30.825111	Speaker	stop	None
2016-11-07 12:30:30.825826	Trial	end	234
2016-11-07 12:30:37.669097	Trial	start	235
2016-11-07 12:30:37.671849	Speaker	play	None
2016-11-07 12:30:43.677750	Speaker	stop	None
2016-11-07 12:30:43.679096	Trial	end	235
2016-11-07 12:30:49.329764	Trial	start	236
2016-11-07 12:30:49.333005	Speaker	play	None
2016-11-07 12:30:55.338565	Speaker	stop	None
2016-11-07 12:30:55.340028	Hopper	up	None
2016-11-07 12:31:07.342924	Hopper	down	None
2016-11-07 12:31:07.646123	Trial	end	236
2016-11-07 12:33:12.800420	Trial	start	237
2016-11-07 12:33:12.802719	Speaker	play	None
2016-11-07 12:33:18.809380	Speaker	stop	None
2016-11-07 12:33:18.811105	Trial	end	237
2016-11-07 12:33:22.147097	Trial	start	238
2016-11-07 12:33:22.149920	Speaker	play	None
2016-11-07 12:33:28.155554	Speaker	stop	None
2016-11-07 12:33:28.156220	Trial	end	238
2016-11-07 12:33:33.156406	Trial	start	239
2016-11-07 12:33:33.158786	Speaker	play	None
2016-11-07 12:33:39.164984	Speaker	stop	None
2016-11-07 12:33:39.165791	Trial	end	239
2016-11-07 12:34:13.262132	Trial	start	240
2016-11-07 12:34:13.264960	Speaker	play	None
2016-11-07 12:34:19.270781	Speaker	stop	None
2016-11-07 12:34:19.271878	Trial	end	240
2016-11-07 12:34:39.225264	Trial	start	241
2016-11-07 12:34:39.227321	Speaker	play	None
2016-11-07 12:34:45.229687	Speaker	stop	None
2016-11-07 12:34:45.230290	Trial	end	241
2016-11-07 12:34:54.641647	Trial	start	242
2016-11-07 12:34:54.644062	Speaker	play	None
2016-11-07 12:35:00.650303	Speaker	stop	None
2016-11-07 12:35:00.651308	Trial	end	242
2016-11-07 12:35:09.419202	Trial	start	243
2016-11-07 12:35:09.421640	Speaker	play	None
2016-11-07 12:35:15.427919	Speaker	stop	None
2016-11-07 12:35:15.429125	Trial	end	243
2016-11-07 12:35:21.033543	Trial	start	244
2016-11-07 12:35:21.037600	Speaker	play	None
2016-11-07 12:35:27.043394	Speaker	stop	None
2016-11-07 12:35:27.044001	Trial	end	244
2016-11-07 12:35:45.453801	Trial	start	245
2016-11-07 12:35:45.456187	Speaker	play	None
2016-11-07 12:35:51.462420	Speaker	stop	None
2016-11-07 12:35:51.463135	Trial	end	245
2016-11-07 12:36:00.714696	Trial	start	246
2016-11-07 12:36:00.717262	Speaker	play	None
2016-11-07 12:36:06.723210	Speaker	stop	None
2016-11-07 12:36:06.723789	Trial	end	246
2016-11-07 12:36:16.417841	Trial	start	247
2016-11-07 12:36:16.420256	Speaker	play	None
2016-11-07 12:36:22.426553	Speaker	stop	None
2016-11-07 12:36:22.427545	Trial	end	247
2016-11-07 12:36:32.891010	Trial	start	248
2016-11-07 12:36:32.893247	Speaker	play	None
2016-11-07 12:36:38.899571	Speaker	stop	None
2016-11-07 12:36:38.900142	Trial	end	248
2016-11-07 12:36:48.610577	Trial	start	249
2016-11-07 12:36:48.615492	Speaker	play	None
2016-11-07 12:36:54.620329	Speaker	stop	None
2016-11-07 12:36:54.621170	Trial	end	249
2016-11-07 12:37:01.180536	Trial	start	250
2016-11-07 12:37:01.183022	Speaker	play	None
2016-11-07 12:37:07.189079	Speaker	stop	None
2016-11-07 12:37:07.189653	Trial	end	250
2016-11-07 12:37:17.801286	Trial	start	251
2016-11-07 12:37:17.805886	Speaker	play	None
2016-11-07 12:37:23.809900	Speaker	stop	None
2016-11-07 12:37:23.810858	Trial	end	251
2016-11-07 12:37:44.501519	Trial	start	252
2016-11-07 12:37:44.504609	Speaker	play	None
2016-11-07 12:37:50.510139	Speaker	stop	None
2016-11-07 12:37:50.511040	Trial	end	252
2016-11-07 12:38:02.199316	Trial	start	253
2016-11-07 12:38:02.203478	Speaker	play	None
2016-11-07 12:38:08.208083	Speaker	stop	None
2016-11-07 12:38:08.209270	Hopper	up	None
2016-11-07 12:38:20.212520	Hopper	down	None
2016-11-07 12:38:20.515570	Trial	end	253
2016-11-07 12:57:52.619870	Trial	start	254
2016-11-07 12:57:52.621949	Speaker	play	None
2016-11-07 12:57:58.628439	Speaker	stop	None
2016-11-07 12:57:58.629666	Trial	end	254
2016-11-07 12:58:06.520919	Trial	start	255
2016-11-07 12:58:06.523918	Speaker	play	None
2016-11-07 12:58:12.529612	Speaker	stop	None
2016-11-07 12:58:12.530774	Trial	end	255
2016-11-07 12:58:16.535146	Trial	start	256
2016-11-07 12:58:16.537779	Speaker	play	None
2016-11-07 12:58:22.543672	Speaker	stop	None
2016-11-07 12:58:22.544186	Trial	end	256
2016-11-07 12:58:28.843119	Trial	start	257
2016-11-07 12:58:28.847023	Speaker	play	None
2016-11-07 12:58:34.851551	Speaker	stop	None
2016-11-07 12:58:34.852180	Trial	end	257
2016-11-07 12:58:44.464358	Trial	start	258
2016-11-07 12:58:44.467660	Speaker	play	None
2016-11-07 12:58:50.472994	Speaker	stop	None
2016-11-07 12:58:50.474256	Trial	end	258
2016-11-07 12:58:55.522962	Trial	start	259
2016-11-07 12:58:55.526215	Speaker	play	None
2016-11-07 12:59:01.531739	Speaker	stop	None
2016-11-07 12:59:01.533896	Trial	end	259
2016-11-07 12:59:06.237539	Trial	start	260
2016-11-07 12:59:06.239874	Speaker	play	None
2016-11-07 12:59:06.970861	Speaker	stop	None
2016-11-07 12:59:06.971652	Trial	end	260
2016-11-07 12:59:06.972741	Trial	start	261
2016-11-07 12:59:06.975558	Speaker	play	None
2016-11-07 12:59:12.979292	Speaker	stop	None
2016-11-07 12:59:12.981671	Trial	end	261
2016-11-07 12:59:20.073052	Trial	start	262
2016-11-07 12:59:20.075218	Speaker	play	None
2016-11-07 12:59:26.081701	Speaker	stop	None
2016-11-07 12:59:26.083276	Hopper	up	None
2016-11-07 12:59:38.086329	Hopper	down	None
2016-11-07 12:59:38.389391	Trial	end	262
2016-11-07 13:03:31.996489	Trial	start	263
2016-11-07 13:03:32.000851	Speaker	play	None
2016-11-07 13:03:38.005261	Speaker	stop	None
2016-11-07 13:03:38.006401	Trial	end	263
2016-11-07 13:03:43.587501	Trial	start	264
2016-11-07 13:03:43.590182	Speaker	play	None
2016-11-07 13:03:49.596397	Speaker	stop	None
2016-11-07 13:03:49.597472	Trial	end	264
2016-11-07 13:03:52.696694	Trial	start	265
2016-11-07 13:03:52.700447	Speaker	play	None
2016-11-07 13:03:53.200386	Speaker	stop	None
2016-11-07 13:03:53.201370	Trial	end	265
2016-11-07 13:03:53.202316	Trial	start	266
2016-11-07 13:03:53.204477	Speaker	play	None
2016-11-07 13:03:59.208823	Speaker	stop	None
2016-11-07 13:03:59.209412	Trial	end	266
2016-11-07 13:04:03.312779	Trial	start	267
2016-11-07 13:04:03.315669	Speaker	play	None
2016-11-07 13:04:09.321313	Speaker	stop	None
2016-11-07 13:04:09.322296	Trial	end	267
2016-11-07 13:04:13.486682	Trial	start	268
2016-11-07 13:04:13.491375	Speaker	play	None
2016-11-07 13:04:19.495212	Speaker	stop	None
2016-11-07 13:04:19.495897	Trial	end	268
2016-11-07 13:04:26.630050	Trial	start	269
2016-11-07 13:04:26.632113	Speaker	play	None
2016-11-07 13:04:32.634546	Speaker	stop	None
2016-11-07 13:04:32.635134	Trial	end	269
2016-11-07 13:04:39.798099	Trial	start	270
2016-11-07 13:04:39.801941	Speaker	play	None
2016-11-07 13:04:45.806622	Speaker	stop	None
2016-11-07 13:04:45.807222	Trial	end	270
2016-11-07 13:04:50.434713	Trial	start	271
2016-11-07 13:04:50.444089	Speaker	play	None
2016-11-07 13:04:51.143386	Speaker	stop	None
2016-11-07 13:04:51.144209	Trial	end	271
2016-11-07 13:04:51.146661	Trial	start	272
2016-11-07 13:04:51.148960	Speaker	play	None
2016-11-07 13:04:51.815510	Speaker	stop	None
2016-11-07 13:04:51.816756	Trial	end	272
2016-11-07 13:04:51.817571	Trial	start	273
2016-11-07 13:04:51.822246	Speaker	play	None
2016-11-07 13:04:57.827705	Speaker	stop	None
2016-11-07 13:04:57.830306	Hopper	up	None
2016-11-07 13:05:09.832304	Hopper	down	None
2016-11-07 13:05:10.135499	Trial	end	273
2016-11-07 13:09:06.310340	Trial	start	274
2016-11-07 13:09:06.316163	Speaker	play	None
2016-11-07 13:09:12.319206	Speaker	stop	None
2016-11-07 13:09:12.321382	Hopper	up	None
2016-11-07 13:09:24.323645	Hopper	down	None
2016-11-07 13:09:24.626662	Trial	end	274
2016-11-07 13:11:03.551955	Trial	start	275
2016-11-07 13:11:03.555595	Speaker	play	None
2016-11-07 13:11:09.560456	Speaker	stop	None
2016-11-07 13:11:09.561012	Trial	end	275
2016-11-07 13:11:30.354629	Trial	start	276
2016-11-07 13:11:30.360465	Speaker	play	None
2016-11-07 13:11:36.363174	Speaker	stop	None
2016-11-07 13:11:36.363771	Trial	end	276
2016-11-07 13:11:50.149672	Trial	start	277
2016-11-07 13:11:50.154868	Speaker	play	None
2016-11-07 13:11:56.158068	Speaker	stop	None
2016-11-07 13:11:56.158654	Trial	end	277
2016-11-07 13:12:09.514489	Trial	start	278
2016-11-07 13:12:09.517551	Speaker	play	None
2016-11-07 13:12:15.521260	Speaker	stop	None
2016-11-07 13:12:15.522564	Trial	end	278
2016-11-07 13:12:25.975375	Trial	start	279
2016-11-07 13:12:25.979680	Speaker	play	None
2016-11-07 13:12:31.983872	Speaker	stop	None
2016-11-07 13:12:31.984442	Trial	end	279
2016-11-07 13:12:44.185199	Trial	start	280
2016-11-07 13:12:44.188763	Speaker	play	None
2016-11-07 13:12:50.193986	Speaker	stop	None
2016-11-07 13:12:50.195562	Trial	end	280
2016-11-07 13:12:56.923021	Trial	start	281
2016-11-07 13:12:56.925403	Speaker	play	None
2016-11-07 13:13:02.931715	Speaker	stop	None
2016-11-07 13:13:02.932484	Trial	end	281
2016-11-07 13:13:12.212550	Trial	start	282
2016-11-07 13:13:12.214933	Speaker	play	None
2016-11-07 13:13:18.217692	Speaker	stop	None
2016-11-07 13:13:18.218727	Trial	end	282
2016-11-07 13:13:26.293771	Trial	start	283
2016-11-07 13:13:26.295878	Speaker	play	None
2016-11-07 13:13:32.298296	Speaker	stop	None
2016-11-07 13:13:32.298858	Trial	end	283
2016-11-07 13:13:35.456193	Trial	start	284
2016-11-07 13:13:35.459702	Speaker	play	None
2016-11-07 13:13:41.464824	Speaker	stop	None
2016-11-07 13:13:41.466519	Hopper	up	None
2016-11-07 13:13:53.469296	Hopper	down	None
2016-11-07 13:13:53.772349	Trial	end	284
2016-11-07 14:16:44.966316	Trial	start	285
2016-11-07 14:16:44.971456	Speaker	play	None
2016-11-07 14:16:50.974747	Speaker	stop	None
2016-11-07 14:16:50.975298	Trial	end	285
2016-11-07 14:16:59.588182	Trial	start	286
2016-11-07 14:16:59.592528	Speaker	play	None
2016-11-07 14:17:05.596644	Speaker	stop	None
2016-11-07 14:17:05.597231	Trial	end	286
2016-11-07 14:17:17.912574	Trial	start	287
2016-11-07 14:17:17.914534	Speaker	play	None
2016-11-07 14:17:23.917049	Speaker	stop	None
2016-11-07 14:17:23.917691	Trial	end	287
2016-11-07 14:17:36.347686	Trial	start	288
2016-11-07 14:17:36.349743	Speaker	play	None
2016-11-07 14:17:42.352141	Speaker	stop	None
2016-11-07 14:17:42.352713	Trial	end	288
2016-11-07 14:17:46.582992	Trial	start	289
2016-11-07 14:17:46.585163	Speaker	play	None
2016-11-07 14:17:52.591593	Speaker	stop	None
2016-11-07 14:17:52.592172	Trial	end	289
2016-11-07 14:17:57.543300	Trial	start	290
2016-11-07 14:17:57.545469	Speaker	play	None
2016-11-07 14:18:03.547783	Speaker	stop	None
2016-11-07 14:18:03.548360	Trial	end	290
2016-11-07 14:18:05.685768	Trial	start	291
2016-11-07 14:18:05.687787	Speaker	play	None
2016-11-07 14:18:06.197969	Speaker	stop	None
2016-11-07 14:18:06.198961	Trial	end	291
2016-11-07 14:18:06.199943	Trial	start	292
2016-11-07 14:18:06.203175	Speaker	play	None
2016-11-07 14:18:12.210366	Speaker	stop	None
2016-11-07 14:18:12.210890	Trial	end	292
2016-11-07 14:18:20.102950	Trial	start	293
2016-11-07 14:18:20.106179	Speaker	play	None
2016-11-07 14:18:26.111483	Speaker	stop	None
2016-11-07 14:18:26.112146	Trial	end	293
2016-11-07 14:18:36.858768	Trial	start	294
2016-11-07 14:18:36.867118	Speaker	play	None
2016-11-07 14:18:42.871379	Speaker	stop	None
2016-11-07 14:18:42.871919	Trial	end	294
2016-11-07 14:18:47.909136	Trial	start	295
2016-11-07 14:18:47.911742	Speaker	play	None
2016-11-07 14:18:53.917861	Speaker	stop	None
2016-11-07 14:18:53.918593	Trial	end	295
2016-11-07 14:19:00.065362	Trial	start	296
2016-11-07 14:19:00.067323	Speaker	play	None
2016-11-07 14:19:06.069815	Speaker	stop	None
2016-11-07 14:19:06.070365	Trial	end	296
2016-11-07 14:19:18.689011	Trial	start	297
2016-11-07 14:19:18.691913	Speaker	play	None
2016-11-07 14:19:24.697518	Speaker	stop	None
2016-11-07 14:19:24.698198	Trial	end	297
2016-11-07 14:19:31.181128	Trial	start	298
2016-11-07 14:19:31.184463	Speaker	play	None
2016-11-07 14:19:37.189689	Speaker	stop	None
2016-11-07 14:19:37.190805	Trial	end	298
2016-11-07 14:19:44.250646	Trial	start	299
2016-11-07 14:19:44.252916	Speaker	play	None
2016-11-07 14:19:50.263354	Speaker	stop	None
2016-11-07 14:19:50.264061	Trial	end	299
2016-11-07 14:19:53.376050	Trial	start	300
2016-11-07 14:19:53.378991	Speaker	play	None
2016-11-07 14:19:59.384824	Speaker	stop	None
2016-11-07 14:19:59.385886	Trial	end	300
2016-11-07 14:20:03.771220	Trial	start	301
2016-11-07 14:20:03.774510	Speaker	play	None
2016-11-07 14:20:09.779696	Speaker	stop	None
2016-11-07 14:20:09.780312	Trial	end	301
2016-11-07 14:20:15.472765	Trial	start	302
2016-11-07 14:20:15.475688	Speaker	play	None
2016-11-07 14:20:21.481411	Speaker	stop	None
2016-11-07 14:20:21.482231	Trial	end	302
2016-11-07 14:20:27.489920	Trial	start	303
2016-11-07 14:20:27.492688	Speaker	play	None
2016-11-07 14:20:33.498359	Speaker	stop	None
2016-11-07 14:20:33.498964	Trial	end	303
2016-11-07 14:20:38.491011	Trial	start	304
2016-11-07 14:20:38.493457	Speaker	play	None
2016-11-07 14:20:44.499803	Speaker	stop	None
2016-11-07 14:20:44.500997	Trial	end	304
2016-11-07 14:20:49.479998	Trial	start	305
2016-11-07 14:20:49.482439	Speaker	play	None
2016-11-07 14:20:55.488598	Speaker	stop	None
2016-11-07 14:20:55.489207	Trial	end	305
2016-11-07 14:21:00.362534	Trial	start	306
2016-11-07 14:21:00.366627	Speaker	play	None
2016-11-07 14:21:06.371084	Speaker	stop	None
2016-11-07 14:21:06.371840	Trial	end	306
2016-11-07 14:21:11.330962	Trial	start	307
2016-11-07 14:21:11.333201	Speaker	play	None
2016-11-07 14:21:12.023441	Speaker	stop	None
2016-11-07 14:21:12.024740	Trial	end	307
2016-11-07 14:21:12.026998	Trial	start	308
2016-11-07 14:21:12.030707	Speaker	play	None
2016-11-07 14:21:18.035825	Speaker	stop	None
2016-11-07 14:21:18.036440	Trial	end	308
2016-11-07 14:21:25.485929	Trial	start	309
2016-11-07 14:21:25.487761	Speaker	play	None
2016-11-07 14:21:31.490458	Speaker	stop	None
2016-11-07 14:21:31.491090	Trial	end	309
2016-11-07 14:21:39.350168	Trial	start	310
2016-11-07 14:21:39.352237	Speaker	play	None
2016-11-07 14:21:45.354683	Speaker	stop	None
2016-11-07 14:21:45.355247	Trial	end	310
2016-11-07 14:21:51.633627	Trial	start	311
2016-11-07 14:21:51.637305	Speaker	play	None
2016-11-07 14:21:57.642174	Speaker	stop	None
2016-11-07 14:21:57.642805	Trial	end	311
2016-11-07 14:22:07.086795	Trial	start	312
2016-11-07 14:22:07.089377	Speaker	play	None
2016-11-07 14:22:13.095425	Speaker	stop	None
2016-11-07 14:22:13.096891	Trial	end	312
2016-11-07 14:22:19.333179	Trial	start	313
2016-11-07 14:22:19.337911	Speaker	play	None
2016-11-07 14:22:25.342165	Speaker	stop	None
2016-11-07 14:22:25.343994	Hopper	up	None
2016-11-07 14:22:37.346597	Hopper	down	None
2016-11-07 14:22:37.649660	Trial	end	313
2016-11-07 14:31:51.165191	Trial	start	314
2016-11-07 14:31:51.167329	Speaker	play	None
2016-11-07 14:31:57.169711	Speaker	stop	None
2016-11-07 14:31:57.170375	Trial	end	314
2016-11-07 14:31:57.636538	Trial	start	315
2016-11-07 14:31:57.638768	Speaker	play	None
2016-11-07 14:32:03.645115	Speaker	stop	None
2016-11-07 14:32:03.645743	Trial	end	315
2016-11-07 14:32:09.760035	Trial	start	316
2016-11-07 14:32:09.763115	Speaker	play	None
2016-11-07 14:32:15.768562	Speaker	stop	None
2016-11-07 14:32:15.769122	Trial	end	316
2016-11-07 14:32:19.184363	Trial	start	317
2016-11-07 14:32:19.186640	Speaker	play	None
2016-11-07 14:32:25.192957	Speaker	stop	None
2016-11-07 14:32:25.193662	Trial	end	317
2016-11-07 14:32:32.606335	Trial	start	318
2016-11-07 14:32:32.610202	Speaker	play	None
2016-11-07 14:32:38.614877	Speaker	stop	None
2016-11-07 14:32:38.615585	Trial	end	318
2016-11-07 14:32:44.664281	Trial	start	319
2016-11-07 14:32:44.667831	Speaker	play	None
2016-11-07 14:32:50.672914	Speaker	stop	None
2016-11-07 14:32:50.673901	Trial	end	319
2016-11-07 14:32:55.649094	Trial	start	320
2016-11-07 14:32:55.651137	Speaker	play	None
2016-11-07 14:33:01.653582	Speaker	stop	None
2016-11-07 14:33:01.654191	Trial	end	320
2016-11-07 14:33:10.156309	Trial	start	321
2016-11-07 14:33:10.159112	Speaker	play	None
2016-11-07 14:33:16.164840	Speaker	stop	None
2016-11-07 14:33:16.165454	Trial	end	321
2016-11-07 14:33:25.488973	Trial	start	322
2016-11-07 14:33:25.491363	Speaker	play	None
2016-11-07 14:33:31.495382	Speaker	stop	None
2016-11-07 14:33:31.496467	Hopper	up	None
2016-11-07 14:33:43.499264	Hopper	down	None
2016-11-07 14:33:43.803096	Trial	end	322
2016-11-07 14:37:48.321039	Trial	start	323
2016-11-07 14:37:48.324101	Speaker	play	None
2016-11-07 14:37:54.329685	Speaker	stop	None
2016-11-07 14:37:54.330353	Trial	end	323
2016-11-07 14:37:58.752942	Trial	start	324
2016-11-07 14:37:58.754811	Speaker	play	None
2016-11-07 14:38:04.757374	Speaker	stop	None
2016-11-07 14:38:04.758269	Hopper	up	None
2016-11-07 14:38:16.762116	Hopper	down	None
2016-11-07 14:38:17.065212	Trial	end	324
2016-11-07 14:40:15.748651	Trial	start	325
2016-11-07 14:40:15.752221	Speaker	play	None
2016-11-07 14:40:21.757027	Speaker	stop	None
2016-11-07 14:40:21.757640	Trial	end	325
2016-11-07 14:40:24.427509	Trial	start	326
2016-11-07 14:40:24.430279	Speaker	play	None
2016-11-07 14:40:30.435991	Speaker	stop	None
2016-11-07 14:40:30.436532	Trial	end	326
2016-11-07 14:40:36.661579	Trial	start	327
2016-11-07 14:40:36.665202	Speaker	play	None
2016-11-07 14:40:42.670356	Speaker	stop	None
2016-11-07 14:40:42.671650	Trial	end	327
2016-11-07 14:40:51.987918	Trial	start	328
2016-11-07 14:40:51.990294	Speaker	play	None
2016-11-07 14:40:57.996872	Speaker	stop	None
2016-11-07 14:40:57.998186	Trial	end	328
2016-11-07 14:41:05.209060	Trial	start	329
2016-11-07 14:41:05.211070	Speaker	play	None
2016-11-07 14:41:11.213602	Speaker	stop	None
2016-11-07 14:41:11.214210	Trial	end	329
2016-11-07 14:41:19.671274	Trial	start	330
2016-11-07 14:41:19.673571	Speaker	play	None
2016-11-07 14:41:25.679927	Speaker	stop	None
2016-11-07 14:41:25.680727	Trial	end	330
2016-11-07 14:41:51.286810	Trial	start	331
2016-11-07 14:41:51.290973	Speaker	play	None
2016-11-07 14:41:57.295208	Speaker	stop	None
2016-11-07 14:41:57.296242	Hopper	up	None
2016-11-07 14:42:09.300276	Hopper	down	None
2016-11-07 14:42:09.607025	Trial	end	331
2016-11-07 14:49:37.656303	Trial	start	332
2016-11-07 14:49:37.659090	Speaker	play	None
2016-11-07 14:49:43.664934	Speaker	stop	None
2016-11-07 14:49:43.665636	Trial	end	332
2016-11-07 14:49:47.007007	Trial	start	333
2016-11-07 14:49:47.010036	Speaker	play	None
2016-11-07 14:49:53.015508	Speaker	stop	None
2016-11-07 14:49:53.016065	Trial	end	333
2016-11-07 14:50:01.161972	Trial	start	334
2016-11-07 14:50:01.165254	Speaker	play	None
2016-11-07 14:50:07.170656	Speaker	stop	None
2016-11-07 14:50:07.171774	Trial	end	334
2016-11-07 14:50:14.223507	Trial	start	335
2016-11-07 14:50:14.231041	Speaker	play	None
2016-11-07 14:50:14.993471	Speaker	stop	None
2016-11-07 14:50:14.994149	Trial	end	335
2016-11-07 14:50:14.995018	Trial	start	336
2016-11-07 14:50:14.997106	Speaker	play	None
2016-11-07 14:50:21.001911	Speaker	stop	None
2016-11-07 14:50:21.002561	Trial	end	336
2016-11-07 14:50:28.423433	Trial	start	337
2016-11-07 14:50:28.425626	Speaker	play	None
2016-11-07 14:50:34.432090	Speaker	stop	None
2016-11-07 14:50:34.432678	Trial	end	337
2016-11-07 14:50:42.443433	Trial	start	338
2016-11-07 14:50:42.448343	Speaker	play	None
2016-11-07 14:50:44.339672	Speaker	stop	None
2016-11-07 14:50:44.340346	Trial	end	338
2016-11-07 14:50:44.340963	Trial	start	339
2016-11-07 14:50:44.342944	Speaker	play	None
2016-11-07 14:50:50.348173	Speaker	stop	None
2016-11-07 14:50:50.348918	Trial	end	339
2016-11-07 14:50:56.106858	Trial	start	340
2016-11-07 14:50:56.110208	Speaker	play	None
2016-11-07 14:51:02.115381	Speaker	stop	None
2016-11-07 14:51:02.116033	Trial	end	340
2016-11-07 14:51:10.024176	Trial	start	341
2016-11-07 14:51:10.026336	Speaker	play	None
2016-11-07 14:51:16.032789	Speaker	stop	None
2016-11-07 14:51:16.033526	Trial	end	341
2016-11-07 14:51:26.993180	Trial	start	342
2016-11-07 14:51:26.996459	Speaker	play	None
2016-11-07 14:51:28.013204	Speaker	stop	None
2016-11-07 14:51:28.014090	Trial	end	342
2016-11-07 14:51:28.015039	Trial	start	343
2016-11-07 14:51:28.017387	Speaker	play	None
2016-11-07 14:51:34.021669	Speaker	stop	None
2016-11-07 14:51:34.022636	Trial	end	343
2016-11-07 14:51:42.675763	Trial	start	344
2016-11-07 14:51:42.677944	Speaker	play	None
2016-11-07 14:51:48.684325	Speaker	stop	None
2016-11-07 14:51:48.685204	Hopper	up	None
2016-11-07 14:52:00.689200	Hopper	down	None
2016-11-07 14:52:00.992051	Trial	end	344
2016-11-07 15:55:46.973327	Trial	start	345
2016-11-07 15:55:46.977311	Speaker	play	None
2016-11-07 15:55:52.981922	Speaker	stop	None
2016-11-07 15:55:52.983154	Trial	end	345
2016-11-07 15:55:55.590732	Trial	start	346
2016-11-07 15:55:55.592751	Speaker	play	None
2016-11-07 15:56:01.595136	Speaker	stop	None
2016-11-07 15:56:01.595723	Trial	end	346
2016-11-07 15:56:03.892912	Trial	start	347
2016-11-07 15:56:03.897706	Speaker	play	None
2016-11-07 15:56:09.901319	Speaker	stop	None
2016-11-07 15:56:09.902167	Hopper	up	None
2016-11-07 15:56:21.906036	Hopper	down	None
2016-11-07 15:56:22.209136	Trial	end	347
2016-11-07 15:58:19.450674	Trial	start	348
2016-11-07 15:58:19.453432	Speaker	play	None
2016-11-07 15:58:25.459547	Speaker	stop	None
2016-11-07 15:58:25.460614	Trial	end	348
2016-11-07 15:58:38.164278	Trial	start	349
2016-11-07 15:58:38.168064	Speaker	play	None
2016-11-07 15:58:44.172984	Speaker	stop	None
2016-11-07 15:58:44.174358	Trial	end	349
2016-11-07 15:58:52.483144	Trial	start	350
2016-11-07 15:58:52.485641	Speaker	play	None
2016-11-07 15:58:58.491711	Speaker	stop	None
2016-11-07 15:58:58.492431	Trial	end	350
2016-11-07 15:59:04.324091	Trial	start	351
2016-11-07 15:59:04.326295	Speaker	play	None
2016-11-07 15:59:10.332625	Speaker	stop	None
2016-11-07 15:59:10.333292	Trial	end	351
2016-11-07 15:59:15.059037	Trial	start	352
2016-11-07 15:59:15.062548	Speaker	play	None
2016-11-07 15:59:21.067864	Speaker	stop	None
2016-11-07 15:59:21.068834	Trial	end	352
2016-11-07 15:59:25.069382	Trial	start	353
2016-11-07 15:59:25.073761	Speaker	play	None
2016-11-07 15:59:31.077705	Speaker	stop	None
2016-11-07 15:59:31.078358	Trial	end	353
2016-11-07 15:59:35.939297	Trial	start	354
2016-11-07 15:59:35.942133	Speaker	play	None
2016-11-07 15:59:41.948017	Speaker	stop	None
2016-11-07 15:59:41.949329	Trial	end	354
2016-11-07 15:59:45.122025	Trial	start	355
2016-11-07 15:59:45.124297	Speaker	play	None
2016-11-07 15:59:51.130563	Speaker	stop	None
2016-11-07 15:59:51.132924	Hopper	up	None
2016-11-07 16:00:03.135313	Hopper	down	None
2016-11-07 16:00:03.438365	Trial	end	355
2016-11-07 16:02:05.725942	Trial	start	356
2016-11-07 16:02:05.728312	Speaker	play	None
2016-11-07 16:02:11.734482	Speaker	stop	None
2016-11-07 16:02:11.735082	Trial	end	356
2016-11-07 16:02:16.612629	Trial	start	357
2016-11-07 16:02:16.616491	Speaker	play	None
2016-11-07 16:02:22.621102	Speaker	stop	None
2016-11-07 16:02:22.621736	Trial	end	357
2016-11-07 16:02:26.987214	Trial	start	358
2016-11-07 16:02:26.990550	Speaker	play	None
2016-11-07 16:02:32.995691	Speaker	stop	None
2016-11-07 16:02:32.996305	Trial	end	358
2016-11-07 16:02:37.615593	Trial	start	359
2016-11-07 16:02:37.617603	Speaker	play	None
2016-11-07 16:02:43.620076	Speaker	stop	None
2016-11-07 16:02:43.620637	Trial	end	359
2016-11-07 16:02:49.046931	Trial	start	360
2016-11-07 16:02:49.049419	Speaker	play	None
2016-11-07 16:02:55.055697	Speaker	stop	None
2016-11-07 16:02:55.056953	Trial	end	360
2016-11-07 16:03:01.690590	Trial	start	361
2016-11-07 16:03:01.692975	Speaker	play	None
2016-11-07 16:03:02.575350	Speaker	stop	None
2016-11-07 16:03:02.576274	Trial	end	361
2016-11-07 16:03:02.577839	Trial	start	362
2016-11-07 16:03:02.580874	Speaker	play	None
2016-11-07 16:03:08.588555	Speaker	stop	None
2016-11-07 16:03:08.589853	Trial	end	362
2016-11-07 16:03:14.661907	Trial	start	363
2016-11-07 16:03:14.664149	Speaker	play	None
2016-11-07 16:03:15.571423	Speaker	stop	None
2016-11-07 16:03:15.572384	Trial	end	363
2016-11-07 16:03:15.573896	Trial	start	364
2016-11-07 16:03:15.576708	Speaker	play	None
2016-11-07 16:03:21.579776	Speaker	stop	None
2016-11-07 16:03:21.580900	Hopper	up	None
2016-11-07 16:03:33.584636	Hopper	down	None
2016-11-07 16:03:33.887900	Trial	end	364
2016-11-07 16:06:45.516532	Trial	start	365
2016-11-07 16:06:45.518822	Speaker	play	None
2016-11-07 16:06:51.525098	Speaker	stop	None
2016-11-07 16:06:51.525987	Trial	end	365
2016-11-07 16:06:58.115111	Trial	start	366
2016-11-07 16:06:58.117775	Speaker	play	None
2016-11-07 16:07:04.123843	Speaker	stop	None
2016-11-07 16:07:04.125200	Trial	end	366
2016-11-07 16:07:09.497285	Trial	start	367
2016-11-07 16:07:09.499817	Speaker	play	None
2016-11-07 16:07:15.505846	Speaker	stop	None
2016-11-07 16:07:15.506451	Trial	end	367
2016-11-07 16:07:33.846850	Trial	start	368
2016-11-07 16:07:33.850004	Speaker	play	None
2016-11-07 16:07:39.855220	Speaker	stop	None
2016-11-07 16:07:39.855854	Trial	end	368
2016-11-07 16:07:57.045198	Trial	start	369
2016-11-07 16:07:57.048484	Speaker	play	None
2016-11-07 16:08:03.053709	Speaker	stop	None
2016-11-07 16:08:03.054694	Trial	end	369
2016-11-07 16:08:11.535958	Trial	start	370
2016-11-07 16:08:11.538404	Speaker	play	None
2016-11-07 16:08:17.544843	Speaker	stop	None
2016-11-07 16:08:17.546651	Hopper	up	None
2016-11-07 16:08:29.549199	Hopper	down	None
2016-11-07 16:08:29.852321	Trial	end	370
2016-11-07 16:37:50.462667	PeckPort	off	None
2016-11-07 16:37:50.462841	HouseLight	on	None
2016-11-07 16:37:50.463197	Hopper	down	None
