"2016-11-07 09:52:36,100","INFO","Preparing subject and data storage"
"2016-11-07 09:52:36,101","INFO","Created subject object with name LblGra2826F"
"2016-11-07 09:52:36,101","INFO","Created datastore CSVStore: filename = /home/fet/data/LblGra2826F/071116/LblGra2826F_trialdata_20161107095236.csv, fields = session, index, time, stimulus_name, condition_name, response, correct, rt, reward, max_wait for subject LblGra2826F"
"2016-11-07 09:52:36,102","INFO","Preparing to run experiment Go No-Go Interruption"
"2016-11-07 09:52:36,406","INFO","Entering Idle state"
"2016-11-07 09:52:36,709","INFO","Beginning block #1"
"2016-11-07 09:53:09,901","INFO","Finishing session 1 at Mon Nov  7 09:53:09 2016"
"2016-11-07 09:53:09,901","INFO","Finished all sessions."
"2016-11-07 09:53:10,208","INFO","Exiting Session state"
"2016-11-07 09:53:10,209","INFO","Finishing experiment"
"2016-11-07 09:53:10,515","INFO","Exiting Idle state"
"2016-11-07 09:56:40,887","INFO","Preparing subject and data storage"
"2016-11-07 09:56:40,887","INFO","Created subject object with name LblGra2826F"
"2016-11-07 09:56:40,887","INFO","Created datastore CSVStore: filename = /home/fet/data/LblGra2826F/071116/LblGra2826F_trialdata_20161107095640.csv, fields = session, index, time, stimulus_name, condition_name, response, correct, rt, reward, max_wait for subject LblGra2826F"
"2016-11-07 09:56:40,887","INFO","Preparing to run experiment Go No-Go Interruption"
"2016-11-07 09:56:41,194","INFO","Entering Idle state"
"2016-11-07 09:56:41,501","INFO","Beginning block #1"
"2016-11-07 10:02:45,632","INFO","Trial 1 - 10:02:45 - Unrewarded - /home/fet/stimuli/test_categories_box5/nonreward/LT_Stim_10_LblGre0001_110104080609.wav"
"2016-11-07 10:03:59,204","INFO","Trial 2 - 10:03:59 - Unrewarded - /home/fet/stimuli/test_categories_box5/nonreward/Th_Stim_6_HPiHPi4748_090427181108.wav"
"2016-11-07 10:04:15,395","INFO","Trial 3 - 10:04:15 - Unrewarded - /home/fet/stimuli/test_categories_box5/nonreward/DC_Stim_10_WhiBlu5698_161706071402.wav"
"2016-11-07 10:04:24,168","INFO","Trial 4 - 10:04:24 - Unrewarded - /home/fet/stimuli/test_categories_box5/nonreward/Ne_Stim_7_HPiHPi4748_321827110247.wav"
"2016-11-07 10:04:39,572","INFO","Trial 5 - 10:04:39 - Unrewarded - /home/fet/stimuli/test_categories_box5/nonreward/Ne_Stim_8_BluRas07dd_220119060803.wav"
"2016-11-07 10:04:49,787","INFO","Trial 6 - 10:04:49 - Unrewarded - /home/fet/stimuli/test_categories_box5/nonreward/Wh_Stim_3_GraGra0201_010504020506.wav"
"2016-11-07 10:04:54,232","INFO","Trial 7 - 10:04:54 - Unrewarded - /home/fet/stimuli/test_categories_box5/nonreward/Be_Stim_4_GraRas1500_020103.wav"
"2016-11-07 10:05:08,890","INFO","Trial 8 - 10:05:08 - Unrewarded - /home/fet/stimuli/test_categories_box5/nonreward/DC_Stim_8_WhiBlu4917_062219081805.wav"
"2016-11-07 10:05:20,260","INFO","Trial 9 - 10:05:20 - Unrewarded - /home/fet/stimuli/test_categories_box5/nonreward/LT_Stim_1_LblGre0000_071211090417.wav"
"2016-11-07 10:05:45,624","INFO","Trial 10 - 10:05:45 - Unrewarded - /home/fet/stimuli/test_categories_box5/nonreward/DC_Stim_9_YelGre5275_302723350626.wav"
"2016-11-07 10:05:55,364","INFO","Trial 11 - 10:05:55 - Unrewarded - /home/fet/stimuli/test_categories_box5/nonreward/Te_Stim_10_GraLbl0457_100826162315.wav"
"2016-11-07 10:06:04,399","INFO","Trial 12 - 10:06:04 - Unrewarded - /home/fet/stimuli/test_categories_box5/nonreward/Wh_Stim_9_GreGre2522_020103010103.wav"
"2016-11-07 10:06:15,032","INFO","Trial 13 - 10:06:15 - Rewarded - /home/fet/stimuli/test_categories_box5/reward/Di_Stim_2_BlaLbl8026_020103030302.wav"
"2016-11-07 10:06:21,041","INFO","Supplying reward for 12.00 seconds"
"2016-11-07 10:06:51,419","INFO","Trial 14 - 10:06:51 - Unrewarded - /home/fet/stimuli/test_categories_box5/nonreward/Ag_Stim_8_WhiGra0114_010101010101.wav"
"2016-11-07 10:06:59,680","INFO","Trial 15 - 10:06:59 - Rewarded - /home/fet/stimuli/test_categories_box5/reward/Di_Stim_6_GraGra0201_070107070101.wav"
"2016-11-07 10:07:05,690","INFO","Supplying reward for 12.00 seconds"
"2016-11-07 10:08:43,417","INFO","Trial 16 - 10:08:43 - Unrewarded - /home/fet/stimuli/test_categories_box5/nonreward/LT_Stim_8_WhiBlu3513_020506030104.wav"
"2016-11-07 10:08:54,443","INFO","Trial 17 - 10:08:54 - Rewarded - /home/fet/stimuli/test_categories_box5/reward/Di_Stim_6_BlaBla0506_010101010101.wav"
"2016-11-07 10:09:00,453","INFO","Supplying reward for 12.00 seconds"
"2016-11-07 10:21:14,741","INFO","Trial 18 - 10:21:14 - Unrewarded - /home/fet/stimuli/test_categories_box5/nonreward/DC_Stim_2_LblBla4548_034904441008.wav"
"2016-11-07 10:21:24,460","INFO","Trial 19 - 10:21:24 - Unrewarded - /home/fet/stimuli/test_categories_box5/nonreward/Be_Stim_2_LblBlu1630_040102.wav"
"2016-11-07 10:21:39,664","INFO","Trial 20 - 10:21:39 - Unrewarded - /home/fet/stimuli/test_categories_box5/nonreward/LT_Stim_6_LblBlu2028_041409150702.wav"
"2016-11-07 10:22:03,780","INFO","Trial 21 - 10:22:03 - Unrewarded - /home/fet/stimuli/test_categories_box5/nonreward/Ag_Stim_4_GreWhi1242_010101010101.wav"
"2016-11-07 10:22:14,113","INFO","Trial 22 - 10:22:14 - Unrewarded - /home/fet/stimuli/test_categories_box5/nonreward/Ag_Stim_2_WhiGra0114_010101010101.wav"
"2016-11-07 10:22:46,212","INFO","Trial 23 - 10:22:46 - Unrewarded - /home/fet/stimuli/test_categories_box5/nonreward/Tu_Stim_4_YelGre5275_030501262221.wav"
"2016-11-07 10:22:59,961","INFO","Trial 24 - 10:22:59 - Rewarded - /home/fet/stimuli/test_categories_box5/reward/Di_Stim_9_YelOra2575_110911090911.wav"
"2016-11-07 10:23:05,971","INFO","Supplying reward for 12.00 seconds"
"2016-11-07 10:24:52,816","INFO","Trial 25 - 10:24:52 - Unrewarded - /home/fet/stimuli/test_categories_box5/nonreward/Ag_Stim_2_BluRas61dd_181004120217.wav"
"2016-11-07 10:25:01,213","INFO","Trial 26 - 10:25:01 - Unrewarded - /home/fet/stimuli/test_categories_box5/nonreward/Be_Stim_4_LblBlu1630_04_a.0304_c..wav"
"2016-11-07 10:25:12,468","INFO","Trial 27 - 10:25:12 - Unrewarded - /home/fet/stimuli/test_categories_box5/nonreward/Ag_Stim_5_GraLbl0457_110806051219.wav"
"2016-11-07 10:25:24,178","INFO","Trial 28 - 10:25:24 - Unrewarded - /home/fet/stimuli/test_categories_box5/nonreward/Wh_Stim_8_BlaLbl8026_093207080732.wav"
"2016-11-07 10:25:36,518","INFO","Trial 29 - 10:25:36 - Unrewarded - /home/fet/stimuli/test_categories_box5/nonreward/LT_Stim_1_WhiBlu3414_120703102416.wav"
"2016-11-07 10:25:49,854","INFO","Trial 30 - 10:25:49 - Unrewarded - /home/fet/stimuli/test_categories_box5/nonreward/Be_Stim_2_LblGre0000_071008.wav"
"2016-11-07 10:26:22,629","INFO","Trial 31 - 10:26:22 - Unrewarded - /home/fet/stimuli/test_categories_box5/nonreward/LT_Stim_5_LblRas1800_020605010304.wav"
"2016-11-07 10:26:34,199","INFO","Trial 32 - 10:26:34 - Unrewarded - /home/fet/stimuli/test_categories_box5/nonreward/Be_Stim_5_GraRas1500_040205.wav"
"2016-11-07 10:26:44,930","INFO","Trial 33 - 10:26:44 - Unrewarded - /home/fet/stimuli/test_categories_box5/nonreward/LT_Stim_10_WhiBlu3513_020603050104.wav"
"2016-11-07 10:26:56,025","INFO","Trial 34 - 10:26:56 - Unrewarded - /home/fet/stimuli/test_categories_box5/nonreward/Ne_Stim_6_WhiBlu5698_240504182625.wav"
"2016-11-07 10:27:06,998","INFO","Trial 35 - 10:27:06 - Unrewarded - /home/fet/stimuli/test_categories_box5/nonreward/LT_Stim_4_LblBlu1630_090216040810.wav"
"2016-11-07 10:27:16,332","INFO","Trial 36 - 10:27:16 - Unrewarded - /home/fet/stimuli/test_categories_box5/nonreward/Wh_Stim_5_WhiBlu5698_060720021811.wav"
"2016-11-07 10:27:28,030","INFO","Trial 37 - 10:27:28 - Unrewarded - /home/fet/stimuli/test_categories_box5/nonreward/Be_Stim_7_LblBlu6379_05_010601_03.wav"
"2016-11-07 10:27:40,469","INFO","Trial 38 - 10:27:40 - Unrewarded - /home/fet/stimuli/test_categories_box5/nonreward/Wh_Stim_7_BlaBla0506_181213101502.wav"
"2016-11-07 10:27:55,873","INFO","Trial 39 - 10:27:55 - Unrewarded - /home/fet/stimuli/test_categories_box5/nonreward/DC_Stim_9_BluRas07dd_101811083120.wav"
"2016-11-07 10:28:09,614","INFO","Trial 40 - 10:28:09 - Unrewarded - /home/fet/stimuli/test_categories_box5/nonreward/Th_Stim_5_Unknown000_080306090407.wav"
"2016-11-07 10:28:39,440","INFO","Trial 41 - 10:28:39 - Unrewarded - /home/fet/stimuli/test_categories_box5/nonreward/Wh_Stim_1_BlaBla0506_061416130212.wav"
"2016-11-07 10:28:51,665","INFO","Trial 42 - 10:28:51 - Unrewarded - /home/fet/stimuli/test_categories_box5/nonreward/Th_Stim_2_Unknown000_060803011104.wav"
"2016-11-07 10:29:04,285","INFO","Trial 43 - 10:29:04 - Unrewarded - /home/fet/stimuli/test_categories_box5/nonreward/LT_Stim_8_WhiBlu3414_251605200612.wav"
"2016-11-07 10:29:14,807","INFO","Trial 44 - 10:29:14 - Unrewarded - /home/fet/stimuli/test_categories_box5/nonreward/Ag_Stim_7_BluRas61dd_091812110217.wav"
"2016-11-07 10:29:43,080","INFO","Trial 45 - 10:29:43 - Unrewarded - /home/fet/stimuli/test_categories_box5/nonreward/DC_Stim_4_WhiBlu5698_231403071611.wav"
"2016-11-07 10:29:54,126","INFO","Trial 46 - 10:29:54 - Unrewarded - /home/fet/stimuli/test_categories_box5/nonreward/So_Stim_3_WhiBlu4818_092205.wav"
"2016-11-07 10:30:11,283","INFO","Trial 47 - 10:30:11 - Unrewarded - /home/fet/stimuli/test_categories_box5/nonreward/Be_Stim_2_LblGre0001_080511_03.wav"
"2016-11-07 10:30:26,696","INFO","Trial 48 - 10:30:26 - Unrewarded - /home/fet/stimuli/test_categories_box5/nonreward/Wh_Stim_1_LblBla4419_060302170905.wav"
"2016-11-07 10:31:03,201","INFO","Trial 49 - 10:31:03 - Unrewarded - /home/fet/stimuli/test_categories_box5/nonreward/Tu_Stim_6_GraLbl0457_111612060301.wav"
"2016-11-07 10:31:20,321","INFO","Trial 50 - 10:31:20 - Unrewarded - /home/fet/stimuli/test_categories_box5/nonreward/Tu_Stim_10_WhiLbl0010_020424010622.wav"
"2016-11-07 10:31:31,786","INFO","Trial 51 - 10:31:31 - Unrewarded - /home/fet/stimuli/test_categories_box5/nonreward/Ag_Stim_8_GraGra0201_121415090513.wav"
"2016-11-07 10:31:43,987","INFO","Trial 52 - 10:31:43 - Unrewarded - /home/fet/stimuli/test_categories_box5/nonreward/Te_Stim_10_BluRas61dd_112721240310.wav"
"2016-11-07 10:31:55,070","INFO","Trial 53 - 10:31:55 - Unrewarded - /home/fet/stimuli/test_categories_box5/nonreward/Be_Stim_7_GraGre0813_041508.wav"
"2016-11-07 10:32:04,314","INFO","Trial 54 - 10:32:04 - Unrewarded - /home/fet/stimuli/test_categories_box5/nonreward/Ag_Stim_1_GraGra0201_130912040805.wav"
"2016-11-07 10:32:16,864","INFO","Trial 55 - 10:32:16 - Unrewarded - /home/fet/stimuli/test_categories_box5/nonreward/Th_Stim_8_LblRed0613_171512131108.wav"
"2016-11-07 10:32:28,668","INFO","Trial 56 - 10:32:28 - Unrewarded - /home/fet/stimuli/test_categories_box5/nonreward/Ne_Stim_6_HPiHPi4748_164610204731.wav"
"2016-11-07 10:33:03,117","INFO","Trial 57 - 10:33:03 - Unrewarded - /home/fet/stimuli/test_categories_box5/nonreward/Ne_Stim_4_Unknown01F_020102010102.wav"
"2016-11-07 10:33:14,692","INFO","Trial 58 - 10:33:14 - Unrewarded - /home/fet/stimuli/test_categories_box5/nonreward/Th_Stim_7_Unknown000_061004030807.wav"
"2016-11-07 10:33:32,119","INFO","Trial 59 - 10:33:32 - Unrewarded - /home/fet/stimuli/test_categories_box5/nonreward/Th_Stim_9_LblRed0613_070318151604.wav"
"2016-11-07 10:33:45,648","INFO","Trial 60 - 10:33:45 - Unrewarded - /home/fet/stimuli/test_categories_box5/nonreward/Ag_Stim_9_BluRas07dd_240912152017.wav"
"2016-11-07 10:33:56,117","INFO","Trial 61 - 10:33:56 - Unrewarded - /home/fet/stimuli/test_categories_box5/nonreward/Ne_Stim_4_LblBla4548_104744283440.wav"
"2016-11-07 10:34:09,109","INFO","Trial 62 - 10:34:09 - Unrewarded - /home/fet/stimuli/test_categories_box5/nonreward/Tu_Stim_7_GraLbl0457_041512021016.wav"
"2016-11-07 10:34:28,010","INFO","Trial 63 - 10:34:28 - Unrewarded - /home/fet/stimuli/test_categories_box5/nonreward/Te_Stim_2_PurRas20dd_102019160114.wav"
"2016-11-07 10:34:38,377","INFO","Trial 64 - 10:34:38 - Rewarded - /home/fet/stimuli/test_categories_box5/reward/Di_Stim_2_WhiBlu4818_060606060606.wav"
"2016-11-07 10:34:38,464","INFO","Trial 65 - 10:34:38 - Rewarded - /home/fet/stimuli/test_categories_box5/reward/Di_Stim_10_Unknown000_020102020101.wav"
"2016-11-07 10:34:39,328","INFO","Trial 66 - 10:34:39 - Unrewarded - /home/fet/stimuli/test_categories_box5/nonreward/Th_Stim_10_BlaBla0506_010203050403.wav"
"2016-11-07 10:34:50,758","INFO","Trial 67 - 10:34:50 - Unrewarded - /home/fet/stimuli/test_categories_box5/nonreward/LT_Stim_6_LblBlu6379_192508231106.wav"
"2016-11-07 10:35:01,825","INFO","Trial 68 - 10:35:01 - Unrewarded - /home/fet/stimuli/test_categories_box5/nonreward/Tu_Stim_1_BlaLbl8026_100508120711.wav"
"2016-11-07 10:35:14,366","INFO","Trial 69 - 10:35:14 - Unrewarded - /home/fet/stimuli/test_categories_box5/nonreward/Wh_Stim_8_WhiRas44dd_030102030203.wav"
"2016-11-07 10:35:26,281","INFO","Trial 70 - 10:35:26 - Unrewarded - /home/fet/stimuli/test_categories_box5/nonreward/Te_Stim_9_PurRas20dd_111518012322.wav"
"2016-11-07 10:35:50,053","INFO","Trial 71 - 10:35:50 - Rewarded - /home/fet/stimuli/test_categories_box5/reward/Di_Stim_10_HPiHPi4748_030505050303.wav"
"2016-11-07 10:35:56,058","INFO","Supplying reward for 12.00 seconds"
"2016-11-07 10:38:23,439","INFO","Trial 72 - 10:38:23 - Unrewarded - /home/fet/stimuli/test_categories_box5/nonreward/Tu_Stim_6_YelGre5275_122113280911.wav"
"2016-11-07 10:38:32,311","INFO","Trial 73 - 10:38:32 - Unrewarded - /home/fet/stimuli/test_categories_box5/nonreward/Be_Stim_2_WhiBlu0112_131006.wav"
"2016-11-07 10:38:41,260","INFO","Trial 74 - 10:38:41 - Rewarded - /home/fet/stimuli/test_categories_box5/reward/Di_Stim_5_BlaBla0506_010101010101.wav"
"2016-11-07 10:38:41,843","INFO","Trial 75 - 10:38:41 - Unrewarded - /home/fet/stimuli/test_categories_box5/nonreward/Be_Stim_8_LblBlu1729_061202.wav"
"2016-11-07 10:38:57,668","INFO","Trial 76 - 10:38:57 - Unrewarded - /home/fet/stimuli/test_categories_box5/nonreward/LT_Stim_1_LblBlu6379_011325061611.wav"
"2016-11-07 10:39:07,039","INFO","Trial 77 - 10:39:07 - Unrewarded - /home/fet/stimuli/test_categories_box5/nonreward/Ag_Stim_4_BluRas07dd_131215080924.wav"
"2016-11-07 10:39:07,583","INFO","Trial 78 - 10:39:07 - Unrewarded - /home/fet/stimuli/test_categories_box5/nonreward/Wh_Stim_1_BlaLbl8026_080732093232.wav"
"2016-11-07 10:39:16,951","INFO","Trial 79 - 10:39:16 - Unrewarded - /home/fet/stimuli/test_categories_box5/nonreward/Be_Stim_9_LblBlu6243_020304_01.wav"
"2016-11-07 10:39:26,895","INFO","Trial 80 - 10:39:26 - Unrewarded - /home/fet/stimuli/test_categories_box5/nonreward/DC_Stim_5_GreOra1817_093133010210.wav"
"2016-11-07 10:39:39,809","INFO","Trial 81 - 10:39:39 - Rewarded - /home/fet/stimuli/test_categories_box5/reward/Di_Stim_5_BlaLbl8026_010203010102.wav"
"2016-11-07 10:39:45,814","INFO","Supplying reward for 12.00 seconds"
"2016-11-07 10:41:44,231","INFO","Trial 82 - 10:41:44 - Unrewarded - /home/fet/stimuli/test_categories_box5/nonreward/Ne_Stim_2_BluRas07dd_120222200801.wav"
"2016-11-07 10:41:53,803","INFO","Trial 83 - 10:41:53 - Unrewarded - /home/fet/stimuli/test_categories_box5/nonreward/Ag_Stim_7_BlaLbl8026_202202032421.wav"
"2016-11-07 10:42:03,797","INFO","Trial 84 - 10:42:03 - Unrewarded - /home/fet/stimuli/test_categories_box5/nonreward/Tu_Stim_1_WhiLbl0010_221318242319.wav"
"2016-11-07 10:42:15,388","INFO","Trial 85 - 10:42:15 - Unrewarded - /home/fet/stimuli/test_categories_box5/nonreward/Ag_Stim_10_BluRas61dd_091703180415.wav"
"2016-11-07 10:42:26,479","INFO","Trial 86 - 10:42:26 - Unrewarded - /home/fet/stimuli/test_categories_box5/nonreward/Ne_Stim_5_GraGra0201_011953061346.wav"
"2016-11-07 10:42:38,934","INFO","Trial 87 - 10:42:38 - Unrewarded - /home/fet/stimuli/test_categories_box5/nonreward/Th_Stim_8_WhiGra0114_020805070601.wav"
"2016-11-07 10:42:51,049","INFO","Trial 88 - 10:42:51 - Unrewarded - /home/fet/stimuli/test_categories_box5/nonreward/Be_Stim_3_LblGre0000_030108.wav"
"2016-11-07 10:43:02,948","INFO","Trial 89 - 10:43:02 - Unrewarded - /home/fet/stimuli/test_categories_box5/nonreward/Be_Stim_10_LblBlu1927_150906.wav"
"2016-11-07 10:43:16,542","INFO","Trial 90 - 10:43:16 - Rewarded - /home/fet/stimuli/test_categories_box5/reward/Di_Stim_1_Unknown_11_010202020101.wav"
"2016-11-07 10:43:22,551","INFO","Supplying reward for 12.00 seconds"
"2016-11-07 10:45:13,902","INFO","Trial 91 - 10:45:13 - Unrewarded - /home/fet/stimuli/test_categories_box5/nonreward/Be_Stim_3_GraGre0813_031605.wav"
"2016-11-07 10:45:23,949","INFO","Trial 92 - 10:45:23 - Unrewarded - /home/fet/stimuli/test_categories_box5/nonreward/Ne_Stim_1_BluRas07dd_200610050201.wav"
"2016-11-07 10:45:35,712","INFO","Trial 93 - 10:45:35 - Unrewarded - /home/fet/stimuli/test_categories_box5/nonreward/Te_Stim_4_YelGre5275_020622253327.wav"
"2016-11-07 10:45:45,689","INFO","Trial 94 - 10:45:45 - Unrewarded - /home/fet/stimuli/test_categories_box5/nonreward/Ne_Stim_2_LblBla4419_021318512444.wav"
"2016-11-07 10:45:45,940","INFO","Trial 95 - 10:45:45 - Unrewarded - /home/fet/stimuli/test_categories_box5/nonreward/Ne_Stim_5_Unknown01F_010202010201.wav"
"2016-11-07 10:45:58,460","INFO","Trial 96 - 10:45:58 - Unrewarded - /home/fet/stimuli/test_categories_box5/nonreward/DC_Stim_7_GraLbl0457_190832103106.wav"
"2016-11-07 10:46:09,498","INFO","Trial 97 - 10:46:09 - Unrewarded - /home/fet/stimuli/test_categories_box5/nonreward/Tu_Stim_8_BluRas61dd_020508060709.wav"
"2016-11-07 10:46:20,332","INFO","Trial 98 - 10:46:20 - Unrewarded - /home/fet/stimuli/test_categories_box5/nonreward/Ag_Stim_5_BlaBla0506_100705120409.wav"
"2016-11-07 10:46:29,948","INFO","Trial 99 - 10:46:29 - Unrewarded - /home/fet/stimuli/test_categories_box5/nonreward/Ag_Stim_10_LblRed0613_041125351021.wav"
"2016-11-07 10:46:43,825","INFO","Trial 100 - 10:46:43 - Unrewarded - /home/fet/stimuli/test_categories_box5/nonreward/Th_Stim_4_LblRed0613_150614170302.wav"
"2016-11-07 10:46:59,098","INFO","Trial 101 - 10:46:59 - Unrewarded - /home/fet/stimuli/test_categories_box5/nonreward/LT_Stim_4_WhiBlu3513_050604010203.wav"
"2016-11-07 10:47:19,192","INFO","Trial 102 - 10:47:19 - Unrewarded - /home/fet/stimuli/test_categories_box5/nonreward/Ag_Stim_9_LblRed0613_140708043527.wav"
"2016-11-07 10:47:31,082","INFO","Trial 103 - 10:47:31 - Unrewarded - /home/fet/stimuli/test_categories_box5/nonreward/So_Stim_5_BlaBla0506_081512.wav"
"2016-11-07 10:47:32,029","INFO","Trial 104 - 10:47:32 - Rewarded - /home/fet/stimuli/test_categories_box5/reward/Di_Stim_8_BlaBla0506_010101010101.wav"
"2016-11-07 10:47:38,037","INFO","Supplying reward for 12.00 seconds"
"2016-11-07 10:50:29,359","INFO","Trial 105 - 10:50:29 - Unrewarded - /home/fet/stimuli/test_categories_box5/nonreward/So_Stim_6_YelOra2575_141020.wav"
"2016-11-07 10:50:38,341","INFO","Trial 106 - 10:50:38 - Unrewarded - /home/fet/stimuli/test_categories_box5/nonreward/Tu_Stim_7_HPiHPi4748_160226042214.wav"
"2016-11-07 10:50:49,461","INFO","Trial 107 - 10:50:49 - Unrewarded - /home/fet/stimuli/test_categories_box5/nonreward/Ne_Stim_3_WhiWhi1415_090508060407.wav"
"2016-11-07 10:50:59,812","INFO","Trial 108 - 10:50:59 - Unrewarded - /home/fet/stimuli/test_categories_box5/nonreward/Te_Stim_2_GreGre6364_172015020728.wav"
"2016-11-07 10:51:12,451","INFO","Trial 109 - 10:51:12 - Unrewarded - /home/fet/stimuli/test_categories_box5/nonreward/Te_Stim_4_WhiBlu4917_171509122716.wav"
"2016-11-07 10:51:25,414","INFO","Trial 110 - 10:51:25 - Unrewarded - /home/fet/stimuli/test_categories_box5/nonreward/Be_Stim_4_LblBlu1927_101203.wav"
"2016-11-07 10:51:37,820","INFO","Trial 111 - 10:51:37 - Unrewarded - /home/fet/stimuli/test_categories_box5/nonreward/So_Stim_1_BlaBla0506_151206.wav"
"2016-11-07 10:51:38,734","INFO","Trial 112 - 10:51:38 - Unrewarded - /home/fet/stimuli/test_categories_box5/nonreward/Te_Stim_6_GreGre6364_222505152027.wav"
"2016-11-07 10:52:07,166","INFO","Trial 113 - 10:52:07 - Unrewarded - /home/fet/stimuli/test_categories_box5/nonreward/Tu_Stim_2_HPiHPi4748_132507291421.wav"
"2016-11-07 10:52:18,495","INFO","Trial 114 - 10:52:18 - Unrewarded - /home/fet/stimuli/test_categories_box5/nonreward/So_Stim_2_HPiHPi4748_132315.wav"
"2016-11-07 10:52:28,001","INFO","Trial 115 - 10:52:28 - Unrewarded - /home/fet/stimuli/test_categories_box5/nonreward/DC_Stim_1_BlaLbl8026_342938323106.wav"
"2016-11-07 10:52:28,851","INFO","Trial 116 - 10:52:28 - Unrewarded - /home/fet/stimuli/test_categories_box5/nonreward/Wh_Stim_6_GraLbl0457_020504010505.wav"
"2016-11-07 10:52:38,527","INFO","Trial 117 - 10:52:38 - Unrewarded - /home/fet/stimuli/test_categories_box5/nonreward/Ag_Stim_6_BlaBla0506_100709050412.wav"
"2016-11-07 10:52:51,016","INFO","Trial 118 - 10:52:51 - Unrewarded - /home/fet/stimuli/test_categories_box5/nonreward/So_Stim_9_WhiBlu5698_122518.wav"
"2016-11-07 10:52:52,094","INFO","Trial 119 - 10:52:52 - Unrewarded - /home/fet/stimuli/test_categories_box5/nonreward/LT_Stim_5_WhiBlu3414_152516042223.wav"
"2016-11-07 10:53:03,909","INFO","Trial 120 - 10:53:03 - Unrewarded - /home/fet/stimuli/test_categories_box5/nonreward/Wh_Stim_7_GreGre2522_020103030102.wav"
"2016-11-07 10:53:17,626","INFO","Trial 121 - 10:53:17 - Rewarded - /home/fet/stimuli/test_categories_box5/reward/Di_Stim_1_YelOra2575_110909110911.wav"
"2016-11-07 10:53:23,635","INFO","Supplying reward for 12.00 seconds"
"2016-11-07 10:55:44,230","INFO","Trial 122 - 10:55:44 - Unrewarded - /home/fet/stimuli/test_categories_box5/nonreward/Ne_Stim_9_HPiHPi4748_094127330125.wav"
"2016-11-07 10:55:54,732","INFO","Trial 123 - 10:55:54 - Rewarded - /home/fet/stimuli/test_categories_box5/reward/Di_Stim_1_GraGra0201_010701010701.wav"
"2016-11-07 10:56:00,741","INFO","Supplying reward for 12.00 seconds"
"2016-11-07 10:58:37,510","INFO","Trial 124 - 10:58:37 - Unrewarded - /home/fet/stimuli/test_categories_box5/nonreward/Ag_Stim_6_WhiWhi1415_020202020202.wav"
"2016-11-07 10:58:47,241","INFO","Trial 125 - 10:58:47 - Unrewarded - /home/fet/stimuli/test_categories_box5/nonreward/So_Stim_5_HPiHPi4748_151422.wav"
"2016-11-07 10:59:02,117","INFO","Trial 126 - 10:59:02 - Unrewarded - /home/fet/stimuli/test_categories_box5/nonreward/Tu_Stim_8_BlaLbl8026_100905070811.wav"
"2016-11-07 10:59:15,527","INFO","Trial 127 - 10:59:15 - Unrewarded - /home/fet/stimuli/test_categories_box5/nonreward/So_Stim_4_GraLbl0457_051410.wav"
"2016-11-07 10:59:24,603","INFO","Trial 128 - 10:59:24 - Unrewarded - /home/fet/stimuli/test_categories_box5/nonreward/So_Stim_1_BluRas61dd_172221.wav"
"2016-11-07 10:59:39,512","INFO","Trial 129 - 10:59:39 - Unrewarded - /home/fet/stimuli/test_categories_box5/nonreward/Ag_Stim_7_LblRed0613_271004261125.wav"
"2016-11-07 10:59:40,058","INFO","Trial 130 - 10:59:40 - Unrewarded - /home/fet/stimuli/test_categories_box5/nonreward/Tu_Stim_8_GreOra1817_020807111501.wav"
"2016-11-07 10:59:51,344","INFO","Trial 131 - 10:59:51 - Unrewarded - /home/fet/stimuli/test_categories_box5/nonreward/Tu_Stim_10_BluRas61dd_090407030201.wav"
"2016-11-07 11:00:05,311","INFO","Trial 132 - 11:00:05 - Unrewarded - /home/fet/stimuli/test_categories_box5/nonreward/Ne_Stim_8_LblBla4419_385936463257.wav"
"2016-11-07 11:00:32,941","INFO","Trial 133 - 11:00:32 - Unrewarded - /home/fet/stimuli/test_categories_box5/nonreward/Wh_Stim_4_WhiRas44dd_030201010201.wav"
"2016-11-07 11:00:43,291","INFO","Trial 134 - 11:00:43 - Unrewarded - /home/fet/stimuli/test_categories_box5/nonreward/LT_Stim_9_WhiBlu3615_050103040607.wav"
"2016-11-07 11:00:54,984","INFO","Trial 135 - 11:00:54 - Unrewarded - /home/fet/stimuli/test_categories_box5/nonreward/LT_Stim_5_WhiBlu0112_232722121305.wav"
"2016-11-07 11:02:03,453","INFO","Trial 136 - 11:02:03 - Rewarded - /home/fet/stimuli/test_categories_box5/reward/Di_Stim_6_BlaLbl8026_020103010202.wav"
"2016-11-07 11:02:09,458","INFO","Supplying reward for 12.00 seconds"
"2016-11-07 11:19:16,198","INFO","Trial 137 - 11:19:16 - Unrewarded - /home/fet/stimuli/test_categories_box5/nonreward/LT_Stim_2_LblRas1800_020504060301.wav"
"2016-11-07 11:19:27,801","INFO","Trial 138 - 11:19:27 - Unrewarded - /home/fet/stimuli/test_categories_box5/nonreward/Tu_Stim_5_GreOra1817_020704140910.wav"
"2016-11-07 11:19:45,008","INFO","Trial 139 - 11:19:45 - Unrewarded - /home/fet/stimuli/test_categories_box5/nonreward/DC_Stim_7_LblRed0613_353304383431.wav"
"2016-11-07 11:19:57,029","INFO","Trial 140 - 11:19:57 - Unrewarded - /home/fet/stimuli/test_categories_box5/nonreward/Ne_Stim_1_LblBla4419_583631410204.wav"
"2016-11-07 11:20:26,957","INFO","Trial 141 - 11:20:26 - Unrewarded - /home/fet/stimuli/test_categories_box5/nonreward/Ne_Stim_4_WhiLbl0010_252608153406.wav"
"2016-11-07 11:20:39,125","INFO","Trial 142 - 11:20:39 - Unrewarded - /home/fet/stimuli/test_categories_box5/nonreward/Te_Stim_8_LblBla4548_102628163501.wav"
"2016-11-07 11:20:51,478","INFO","Trial 143 - 11:20:51 - Unrewarded - /home/fet/stimuli/test_categories_box5/nonreward/Be_Stim_1_LblBlu6379_07_0205_0103_02.wav"
"2016-11-07 11:21:03,278","INFO","Trial 144 - 11:21:03 - Unrewarded - /home/fet/stimuli/test_categories_box5/nonreward/Wh_Stim_3_LblBla4419_100305040116.wav"
"2016-11-07 11:21:13,525","INFO","Trial 145 - 11:21:13 - Unrewarded - /home/fet/stimuli/test_categories_box5/nonreward/So_Stim_5_RedRas3600_050201.wav"
"2016-11-07 11:21:23,642","INFO","Trial 146 - 11:21:23 - Unrewarded - /home/fet/stimuli/test_categories_box5/nonreward/So_Stim_4_WhiBlu4818_092204.wav"
"2016-11-07 11:21:43,556","INFO","Trial 147 - 11:21:43 - Unrewarded - /home/fet/stimuli/test_categories_box5/nonreward/LT_Stim_3_WhiBlu0112_200325191227.wav"
"2016-11-07 11:21:59,738","INFO","Trial 148 - 11:21:59 - Unrewarded - /home/fet/stimuli/test_categories_box5/nonreward/Tu_Stim_8_GraLbl0457_121613151402.wav"
"2016-11-07 11:22:12,988","INFO","Trial 149 - 11:22:12 - Unrewarded - /home/fet/stimuli/test_categories_box5/nonreward/Be_Stim_10_LblBlu1729_091206.wav"
"2016-11-07 11:22:40,037","INFO","Trial 150 - 11:22:40 - Unrewarded - /home/fet/stimuli/test_categories_box5/nonreward/Th_Stim_9_Unknown_11_040602030508.wav"
"2016-11-07 11:22:52,004","INFO","Trial 151 - 11:22:52 - Unrewarded - /home/fet/stimuli/test_categories_box5/nonreward/Th_Stim_5_WhiBlu4917_090302080507.wav"
"2016-11-07 11:23:01,338","INFO","Trial 152 - 11:23:01 - Unrewarded - /home/fet/stimuli/test_categories_box5/nonreward/LT_Stim_8_LblBlu2028_151109020703.wav"
"2016-11-07 11:23:11,320","INFO","Trial 153 - 11:23:11 - Unrewarded - /home/fet/stimuli/test_categories_box5/nonreward/Ag_Stim_6_GraGra0201_081012150506.wav"
"2016-11-07 11:23:23,316","INFO","Trial 154 - 11:23:23 - Rewarded - /home/fet/stimuli/test_categories_box5/reward/Di_Stim_4_YelOra2575_110911090911.wav"
"2016-11-07 11:23:29,325","INFO","Supplying reward for 12.00 seconds"
"2016-11-07 11:27:21,088","INFO","Trial 155 - 11:27:21 - Unrewarded - /home/fet/stimuli/test_categories_box5/nonreward/Ne_Stim_3_Unknown00F_020102020202.wav"
"2016-11-07 11:27:30,349","INFO","Trial 156 - 11:27:30 - Unrewarded - /home/fet/stimuli/test_categories_box5/nonreward/Te_Stim_10_YelGre5275_150927182912.wav"
"2016-11-07 11:27:40,994","INFO","Trial 157 - 11:27:40 - Unrewarded - /home/fet/stimuli/test_categories_box5/nonreward/Wh_Stim_7_LblBla4419_181014030411.wav"
"2016-11-07 11:27:51,151","INFO","Trial 158 - 11:27:51 - Unrewarded - /home/fet/stimuli/test_categories_box5/nonreward/Wh_Stim_8_LblBla4548_031506041110.wav"
"2016-11-07 11:28:03,037","INFO","Trial 159 - 11:28:03 - Unrewarded - /home/fet/stimuli/test_categories_box5/nonreward/Wh_Stim_4_WhiWhi1415_010101010101.wav"
"2016-11-07 11:28:15,697","INFO","Trial 160 - 11:28:15 - Unrewarded - /home/fet/stimuli/test_categories_box5/nonreward/Te_Stim_9_YelOra2575_012210081320.wav"
"2016-11-07 11:28:25,949","INFO","Trial 161 - 11:28:25 - Unrewarded - /home/fet/stimuli/test_categories_box5/nonreward/Tu_Stim_7_YelGre5275_252201131207.wav"
"2016-11-07 11:28:38,113","INFO","Trial 162 - 11:28:38 - Unrewarded - /home/fet/stimuli/test_categories_box5/nonreward/Te_Stim_8_WhiBlu4917_082316121722.wav"
"2016-11-07 11:28:49,843","INFO","Trial 163 - 11:28:49 - Unrewarded - /home/fet/stimuli/test_categories_box5/nonreward/Tu_Stim_1_PurRas20dd_030704060902.wav"
"2016-11-07 11:28:59,989","INFO","Trial 164 - 11:28:59 - Unrewarded - /home/fet/stimuli/test_categories_box5/nonreward/Wh_Stim_9_WhiBlu5698_201811101907.wav"
"2016-11-07 11:29:11,612","INFO","Trial 165 - 11:29:11 - Rewarded - /home/fet/stimuli/test_categories_box5/reward/Di_Stim_6_WhiBlu4818_060606060606.wav"
"2016-11-07 11:29:12,728","INFO","Trial 166 - 11:29:12 - Rewarded - /home/fet/stimuli/test_categories_box5/reward/Di_Stim_7_WhiBlu4917_010101010101.wav"
"2016-11-07 11:29:18,736","INFO","Supplying reward for 12.00 seconds"
"2016-11-07 11:32:21,935","INFO","Trial 167 - 11:32:21 - Unrewarded - /home/fet/stimuli/test_categories_box5/nonreward/So_Stim_2_LblBla4548_311624.wav"
"2016-11-07 11:32:28,902","INFO","Trial 168 - 11:32:28 - Unrewarded - /home/fet/stimuli/test_categories_box5/nonreward/Th_Stim_7_HPiHPi4748_131619170621.wav"
"2016-11-07 11:32:38,646","INFO","Trial 169 - 11:32:38 - Unrewarded - /home/fet/stimuli/test_categories_box5/nonreward/Ne_Stim_6_GraGra0201_525547061202.wav"
"2016-11-07 11:32:49,032","INFO","Trial 170 - 11:32:49 - Unrewarded - /home/fet/stimuli/test_categories_box5/nonreward/Ne_Stim_5_PurRas20dd_070806030205.wav"
"2016-11-07 11:33:00,378","INFO","Trial 171 - 11:33:00 - Unrewarded - /home/fet/stimuli/test_categories_box5/nonreward/So_Stim_9_YelGre5275_093617.wav"
"2016-11-07 11:33:02,112","INFO","Trial 172 - 11:33:02 - Unrewarded - /home/fet/stimuli/test_categories_box5/nonreward/Wh_Stim_8_GraGra0201_050506050201.wav"
"2016-11-07 11:33:13,071","INFO","Trial 173 - 11:33:13 - Unrewarded - /home/fet/stimuli/test_categories_box5/nonreward/Ne_Stim_7_LblBla4419_573518444617.wav"
"2016-11-07 11:33:30,818","INFO","Trial 174 - 11:33:30 - Rewarded - /home/fet/stimuli/test_categories_box5/reward/Di_Stim_7_BlaLbl8026_010302010102.wav"
"2016-11-07 11:33:36,823","INFO","Supplying reward for 12.00 seconds"
"2016-11-07 11:35:00,703","INFO","Trial 175 - 11:35:00 - Unrewarded - /home/fet/stimuli/test_categories_box5/nonreward/Ag_Stim_2_GraGra0201_121011020608.wav"
"2016-11-07 11:35:12,262","INFO","Trial 176 - 11:35:12 - Unrewarded - /home/fet/stimuli/test_categories_box5/nonreward/Be_Stim_9_LblGre0001_02_010508.wav"
"2016-11-07 11:35:23,644","INFO","Trial 177 - 11:35:23 - Unrewarded - /home/fet/stimuli/test_categories_box5/nonreward/Te_Stim_6_LblBla4548_312210213308.wav"
"2016-11-07 11:35:35,702","INFO","Trial 178 - 11:35:35 - Unrewarded - /home/fet/stimuli/test_categories_box5/nonreward/Th_Stim_3_WhiRas44dd_481626233728.wav"
"2016-11-07 11:36:04,274","INFO","Trial 179 - 11:36:04 - Unrewarded - /home/fet/stimuli/test_categories_box5/nonreward/Ag_Stim_7_WhiWhi1415_020202020202.wav"
"2016-11-07 11:36:16,004","INFO","Trial 180 - 11:36:16 - Unrewarded - /home/fet/stimuli/test_categories_box5/nonreward/Ne_Stim_2_WhiWhi1415_071004080509.wav"
"2016-11-07 11:36:26,801","INFO","Trial 181 - 11:36:26 - Unrewarded - /home/fet/stimuli/test_categories_box5/nonreward/Wh_Stim_6_BlaLbl8026_320807090808.wav"
"2016-11-07 11:36:39,469","INFO","Trial 182 - 11:36:39 - Unrewarded - /home/fet/stimuli/test_categories_box5/nonreward/Th_Stim_1_GraGra0201_504845274611.wav"
"2016-11-07 11:36:53,890","INFO","Trial 183 - 11:36:53 - Unrewarded - /home/fet/stimuli/test_categories_box5/nonreward/So_Stim_2_LblBla4419_050201.wav"
"2016-11-07 11:36:54,907","INFO","Trial 184 - 11:36:54 - Unrewarded - /home/fet/stimuli/test_categories_box5/nonreward/Be_Stim_6_LblGre0000_080407.wav"
"2016-11-07 11:37:05,575","INFO","Trial 185 - 11:37:05 - Rewarded - /home/fet/stimuli/test_categories_box5/reward/Di_Stim_9_WhiBlu4818_060606060606.wav"
"2016-11-07 11:37:11,584","INFO","Supplying reward for 12.00 seconds"
"2016-11-07 11:39:06,306","INFO","Trial 186 - 11:39:06 - Unrewarded - /home/fet/stimuli/test_categories_box5/nonreward/Th_Stim_2_WhiWhi1415_051916090126.wav"
"2016-11-07 11:39:18,336","INFO","Trial 187 - 11:39:18 - Unrewarded - /home/fet/stimuli/test_categories_box5/nonreward/Tu_Stim_5_YelGre5275_222705110209.wav"
"2016-11-07 11:39:29,141","INFO","Trial 188 - 11:39:29 - Unrewarded - /home/fet/stimuli/test_categories_box5/nonreward/Tu_Stim_3_BluRas61dd_010203040709.wav"
"2016-11-07 11:39:41,383","INFO","Trial 189 - 11:39:41 - Unrewarded - /home/fet/stimuli/test_categories_box5/nonreward/DC_Stim_8_WhiWhi1415_050403020102.wav"
"2016-11-07 11:39:55,742","INFO","Trial 190 - 11:39:55 - Unrewarded - /home/fet/stimuli/test_categories_box5/nonreward/LT_Stim_4_WhiBlu3615_030107050604.wav"
"2016-11-07 11:40:09,988","INFO","Trial 191 - 11:40:09 - Rewarded - /home/fet/stimuli/test_categories_box5/reward/Di_Stim_2_Unknown000_020101010201.wav"
"2016-11-07 11:40:11,631","INFO","Trial 192 - 11:40:11 - Unrewarded - /home/fet/stimuli/test_categories_box5/nonreward/LT_Stim_9_LblBlu6379_231304081019.wav"
"2016-11-07 11:40:22,603","INFO","Trial 193 - 11:40:22 - Unrewarded - /home/fet/stimuli/test_categories_box5/nonreward/Wh_Stim_1_LblBla4548_140416170110.wav"
"2016-11-07 11:40:32,258","INFO","Trial 194 - 11:40:32 - Unrewarded - /home/fet/stimuli/test_categories_box5/nonreward/LT_Stim_1_LblRas1800_060502030401.wav"
"2016-11-07 11:40:49,958","INFO","Trial 195 - 11:40:49 - Unrewarded - /home/fet/stimuli/test_categories_box5/nonreward/So_Stim_6_HPiHPi4748_152315.wav"
"2016-11-07 11:41:00,894","INFO","Trial 196 - 11:41:00 - Unrewarded - /home/fet/stimuli/test_categories_box5/nonreward/Te_Stim_4_GraLbl0457_062611281315.wav"
"2016-11-07 11:41:12,985","INFO","Trial 197 - 11:41:12 - Unrewarded - /home/fet/stimuli/test_categories_box5/nonreward/DC_Stim_10_GreOra1817_330903042601.wav"
"2016-11-07 11:41:15,890","INFO","Trial 198 - 11:41:15 - Rewarded - /home/fet/stimuli/test_categories_box5/reward/Di_Stim_4_BlaLbl8026_020301020202.wav"
"2016-11-07 11:41:21,898","INFO","Supplying reward for 12.00 seconds"
"2016-11-07 11:43:08,162","INFO","Trial 199 - 11:43:08 - Unrewarded - /home/fet/stimuli/test_categories_box5/nonreward/Tu_Stim_9_HPiHPi4748_292204172724.wav"
"2016-11-07 11:43:19,601","INFO","Trial 200 - 11:43:19 - Unrewarded - /home/fet/stimuli/test_categories_box5/nonreward/So_Stim_3_BluRas61dd_140911.wav"
"2016-11-07 11:43:20,881","INFO","Trial 201 - 11:43:20 - Unrewarded - /home/fet/stimuli/test_categories_box5/nonreward/So_Stim_6_BlaBla0506_081206.wav"
"2016-11-07 11:43:22,273","INFO","Trial 202 - 11:43:22 - Unrewarded - /home/fet/stimuli/test_categories_box5/nonreward/Tu_Stim_9_GraGra0201_190512061609.wav"
"2016-11-07 11:43:36,881","INFO","Trial 203 - 11:43:36 - Unrewarded - /home/fet/stimuli/test_categories_box5/nonreward/So_Stim_10_LblBla4419_020109.wav"
"2016-11-07 11:43:53,752","INFO","Trial 204 - 11:43:53 - Unrewarded - /home/fet/stimuli/test_categories_box5/nonreward/DC_Stim_1_GreWhi1242_010203030102.wav"
"2016-11-07 11:43:55,367","INFO","Trial 205 - 11:43:55 - Unrewarded - /home/fet/stimuli/test_categories_box5/nonreward/Tu_Stim_5_WhiRas44dd_051418192021.wav"
"2016-11-07 11:44:08,013","INFO","Trial 206 - 11:44:08 - Rewarded - /home/fet/stimuli/test_categories_box5/reward/Di_Stim_8_Unknown000_010202020101.wav"
"2016-11-07 11:44:14,023","INFO","Supplying reward for 12.00 seconds"
"2016-11-07 11:46:14,241","INFO","Trial 207 - 11:46:14 - Unrewarded - /home/fet/stimuli/test_categories_box5/nonreward/Ag_Stim_7_BluRas07dd_171209150508.wav"
"2016-11-07 11:46:23,981","INFO","Trial 208 - 11:46:23 - Unrewarded - /home/fet/stimuli/test_categories_box5/nonreward/Wh_Stim_8_WhiBlu5698_101504180720.wav"
"2016-11-07 11:46:34,147","INFO","Trial 209 - 11:46:34 - Unrewarded - /home/fet/stimuli/test_categories_box5/nonreward/So_Stim_6_GraLbl0457_120408.wav"
"2016-11-07 11:46:36,183","INFO","Trial 210 - 11:46:36 - Unrewarded - /home/fet/stimuli/test_categories_box5/nonreward/Ne_Stim_7_WhiBlu5698_181205121704.wav"
"2016-11-07 11:46:47,634","INFO","Trial 211 - 11:46:47 - Unrewarded - /home/fet/stimuli/test_categories_box5/nonreward/So_Stim_3_LblRed0613_183110.wav"
"2016-11-07 11:46:59,893","INFO","Trial 212 - 11:46:59 - Unrewarded - /home/fet/stimuli/test_categories_box5/nonreward/Wh_Stim_7_WhiBlu5698_070419200210.wav"
"2016-11-07 11:47:12,315","INFO","Trial 213 - 11:47:12 - Unrewarded - /home/fet/stimuli/test_categories_box5/nonreward/LT_Stim_5_WhiBlu3513_060304020501.wav"
"2016-11-07 11:47:26,532","INFO","Trial 214 - 11:47:26 - Unrewarded - /home/fet/stimuli/test_categories_box5/nonreward/LT_Stim_9_WhiBlu3513_030102050406.wav"
"2016-11-07 11:47:39,048","INFO","Trial 215 - 11:47:39 - Unrewarded - /home/fet/stimuli/test_categories_box5/nonreward/Th_Stim_7_WhiWhi1415_290814031619.wav"
"2016-11-07 11:47:39,213","INFO","Trial 216 - 11:47:39 - Unrewarded - /home/fet/stimuli/test_categories_box5/nonreward/DC_Stim_8_GreOra1817_160508153122.wav"
"2016-11-07 11:47:55,280","INFO","Trial 217 - 11:47:55 - Unrewarded - /home/fet/stimuli/test_categories_box5/nonreward/Be_Stim_9_LblGre0000_100211.wav"
"2016-11-07 11:48:19,224","INFO","Trial 218 - 11:48:19 - Unrewarded - /home/fet/stimuli/test_categories_box5/nonreward/Tu_Stim_7_LblRed0613_070608040102.wav"
"2016-11-07 11:48:37,208","INFO","Trial 219 - 11:48:37 - Unrewarded - /home/fet/stimuli/test_categories_box5/nonreward/Wh_Stim_7_GraGra0201_010205040505.wav"
"2016-11-07 11:48:38,422","INFO","Trial 220 - 11:48:38 - Unrewarded - /home/fet/stimuli/test_categories_box5/nonreward/LT_Stim_1_LblBlu6680_132909013126.wav"
"2016-11-07 11:48:57,564","INFO","Trial 221 - 11:48:57 - Unrewarded - /home/fet/stimuli/test_categories_box5/nonreward/Tu_Stim_7_GreOra1817_140406121709.wav"
"2016-11-07 11:49:14,083","INFO","Trial 222 - 11:49:14 - Unrewarded - /home/fet/stimuli/test_categories_box5/nonreward/DC_Stim_6_Unknown00F_200516070824.wav"
"2016-11-07 11:49:47,631","INFO","Trial 223 - 11:49:47 - Unrewarded - /home/fet/stimuli/test_categories_box5/nonreward/Ag_Stim_8_BlaLbl8026_022324200306.wav"
"2016-11-07 11:49:48,644","INFO","Trial 224 - 11:49:48 - Unrewarded - /home/fet/stimuli/test_categories_box5/nonreward/Tu_Stim_6_WhiRas44dd_182619232416.wav"
"2016-11-07 11:50:04,047","INFO","Trial 225 - 11:50:04 - Unrewarded - /home/fet/stimuli/test_categories_box5/nonreward/Te_Stim_4_WhiWhi1415_050702162231.wav"
"2016-11-07 11:50:45,640","INFO","Trial 226 - 11:50:45 - Rewarded - /home/fet/stimuli/test_categories_box5/reward/Di_Stim_5_GraGra0201_010701070107.wav"
"2016-11-07 11:50:51,649","INFO","Supplying reward for 12.00 seconds"
"2016-11-07 12:26:44,125","INFO","Trial 227 - 12:26:44 - Unrewarded - /home/fet/stimuli/test_categories_box5/nonreward/Te_Stim_1_WhiWhi1415_151121310438.wav"
"2016-11-07 12:29:22,745","INFO","Trial 228 - 12:29:22 - Unrewarded - /home/fet/stimuli/test_categories_box5/nonreward/Th_Stim_5_LblRed0613_160609120211.wav"
"2016-11-07 12:29:38,466","INFO","Trial 229 - 12:29:38 - Unrewarded - /home/fet/stimuli/test_categories_box5/nonreward/Te_Stim_1_YelOra2575_161505240402.wav"
"2016-11-07 12:29:52,943","INFO","Trial 230 - 12:29:52 - Unrewarded - /home/fet/stimuli/test_categories_box5/nonreward/So_Stim_10_RedRas3600_060405.wav"
"2016-11-07 12:30:10,710","INFO","Trial 231 - 12:30:10 - Unrewarded - /home/fet/stimuli/test_categories_box5/nonreward/DC_Stim_1_GreOra1817_330601200811.wav"
"2016-11-07 12:30:11,662","INFO","Trial 232 - 12:30:11 - Unrewarded - /home/fet/stimuli/test_categories_box5/nonreward/So_Stim_5_YelOra2575_151316.wav"
"2016-11-07 12:30:13,011","INFO","Trial 233 - 12:30:13 - Unrewarded - /home/fet/stimuli/test_categories_box5/nonreward/LT_Stim_4_LblGre0001_030908040106.wav"
"2016-11-07 12:30:24,817","INFO","Trial 234 - 12:30:24 - Unrewarded - /home/fet/stimuli/test_categories_box5/nonreward/Th_Stim_2_WhiGra0114_050106070208.wav"
"2016-11-07 12:30:37,669","INFO","Trial 235 - 12:30:37 - Unrewarded - /home/fet/stimuli/test_categories_box5/nonreward/DC_Stim_3_WhiBlu4917_180105200622.wav"
"2016-11-07 12:30:49,329","INFO","Trial 236 - 12:30:49 - Rewarded - /home/fet/stimuli/test_categories_box5/reward/Di_Stim_8_WhiBlu4818_060606060606.wav"
"2016-11-07 12:30:55,339","INFO","Supplying reward for 12.00 seconds"
"2016-11-07 12:33:12,800","INFO","Trial 237 - 12:33:12 - Unrewarded - /home/fet/stimuli/test_categories_box5/nonreward/Ag_Stim_5_WhiGra0114_010101010101.wav"
"2016-11-07 12:33:22,147","INFO","Trial 238 - 12:33:22 - Unrewarded - /home/fet/stimuli/test_categories_box5/nonreward/Ag_Stim_4_HPiHPi4748_040624310510.wav"
"2016-11-07 12:33:33,156","INFO","Trial 239 - 12:33:33 - Unrewarded - /home/fet/stimuli/test_categories_box5/nonreward/Ne_Stim_3_LblBla4548_020927203105.wav"
"2016-11-07 12:34:13,262","INFO","Trial 240 - 12:34:13 - Unrewarded - /home/fet/stimuli/test_categories_box5/nonreward/Te_Stim_10_YelOra2575_263002011005.wav"
"2016-11-07 12:34:39,225","INFO","Trial 241 - 12:34:39 - Unrewarded - /home/fet/stimuli/test_categories_box5/nonreward/Ne_Stim_7_LblBla4548_213034190738.wav"
"2016-11-07 12:34:54,641","INFO","Trial 242 - 12:34:54 - Unrewarded - /home/fet/stimuli/test_categories_box5/nonreward/Ne_Stim_9_WhiLbl0010_124005330820.wav"
"2016-11-07 12:35:09,419","INFO","Trial 243 - 12:35:09 - Unrewarded - /home/fet/stimuli/test_categories_box5/nonreward/Ag_Stim_5_BlaLbl8026_242106220320.wav"
"2016-11-07 12:35:21,033","INFO","Trial 244 - 12:35:21 - Unrewarded - /home/fet/stimuli/test_categories_box5/nonreward/Wh_Stim_8_GraLbl0457_050401020501.wav"
"2016-11-07 12:35:45,453","INFO","Trial 245 - 12:35:45 - Unrewarded - /home/fet/stimuli/test_categories_box5/nonreward/DC_Stim_3_GreWhi1242_010302030201.wav"
"2016-11-07 12:36:00,714","INFO","Trial 246 - 12:36:00 - Unrewarded - /home/fet/stimuli/test_categories_box5/nonreward/Be_Stim_5_GraGre0813_050603.wav"
"2016-11-07 12:36:16,417","INFO","Trial 247 - 12:36:16 - Unrewarded - /home/fet/stimuli/test_categories_box5/nonreward/Be_Stim_3_LblBlu1729_060214.wav"
"2016-11-07 12:36:32,891","INFO","Trial 248 - 12:36:32 - Unrewarded - /home/fet/stimuli/test_categories_box5/nonreward/Tu_Stim_3_GraLbl0457_131415121116.wav"
"2016-11-07 12:36:48,610","INFO","Trial 249 - 12:36:48 - Unrewarded - /home/fet/stimuli/test_categories_box5/nonreward/Te_Stim_5_PurRas20dd_133019072114.wav"
"2016-11-07 12:37:01,180","INFO","Trial 250 - 12:37:01 - Unrewarded - /home/fet/stimuli/test_categories_box5/nonreward/Be_Stim_9_LblBlu6379_01_0203_0106.wav"
"2016-11-07 12:37:17,801","INFO","Trial 251 - 12:37:17 - Unrewarded - /home/fet/stimuli/test_categories_box5/nonreward/LT_Stim_2_LblGre0001_110105031007.wav"
"2016-11-07 12:37:44,501","INFO","Trial 252 - 12:37:44 - Unrewarded - /home/fet/stimuli/test_categories_box5/nonreward/Te_Stim_3_BluRas61dd_200805140601.wav"
"2016-11-07 12:38:02,199","INFO","Trial 253 - 12:38:02 - Rewarded - /home/fet/stimuli/test_categories_box5/reward/Di_Stim_9_PurRas20dd_040104040401.wav"
"2016-11-07 12:38:08,208","INFO","Supplying reward for 12.00 seconds"
"2016-11-07 12:57:52,620","INFO","Trial 254 - 12:57:52 - Unrewarded - /home/fet/stimuli/test_categories_box5/nonreward/Ne_Stim_6_WhiLbl0010_321337262402.wav"
"2016-11-07 12:58:06,521","INFO","Trial 255 - 12:58:06 - Unrewarded - /home/fet/stimuli/test_categories_box5/nonreward/Ne_Stim_2_Unknown000_010101010101.wav"
"2016-11-07 12:58:16,535","INFO","Trial 256 - 12:58:16 - Unrewarded - /home/fet/stimuli/test_categories_box5/nonreward/Be_Stim_8_LblGre0001_03_0211_0302_02.wav"
"2016-11-07 12:58:28,843","INFO","Trial 257 - 12:58:28 - Unrewarded - /home/fet/stimuli/test_categories_box5/nonreward/Te_Stim_5_BluRas61dd_301304101511.wav"
"2016-11-07 12:58:44,464","INFO","Trial 258 - 12:58:44 - Unrewarded - /home/fet/stimuli/test_categories_box5/nonreward/Te_Stim_7_GreGre2522_091322191729.wav"
"2016-11-07 12:58:55,523","INFO","Trial 259 - 12:58:55 - Unrewarded - /home/fet/stimuli/test_categories_box5/nonreward/Be_Stim_6_GraGre0813_120601.wav"
"2016-11-07 12:59:06,237","INFO","Trial 260 - 12:59:06 - Rewarded - /home/fet/stimuli/test_categories_box5/reward/Di_Stim_2_WhiWhi1415_020202020202.wav"
"2016-11-07 12:59:06,972","INFO","Trial 261 - 12:59:06 - Unrewarded - /home/fet/stimuli/test_categories_box5/nonreward/Tu_Stim_10_GraLbl0457_111001161502.wav"
"2016-11-07 12:59:20,073","INFO","Trial 262 - 12:59:20 - Rewarded - /home/fet/stimuli/test_categories_box5/reward/Di_Stim_5_HPiHPi4748_050305030505.wav"
"2016-11-07 12:59:26,082","INFO","Supplying reward for 12.00 seconds"
"2016-11-07 13:03:31,996","INFO","Trial 263 - 13:03:31 - Unrewarded - /home/fet/stimuli/test_categories_box5/nonreward/Be_Stim_7_LblBlu1927_061303.wav"
"2016-11-07 13:03:43,587","INFO","Trial 264 - 13:03:43 - Unrewarded - /home/fet/stimuli/test_categories_box5/nonreward/Be_Stim_7_LblBlu1729_120210.wav"
"2016-11-07 13:03:52,696","INFO","Trial 265 - 13:03:52 - Unrewarded - /home/fet/stimuli/test_categories_box5/nonreward/Ne_Stim_4_Unknown000_010101010101.wav"
"2016-11-07 13:03:53,202","INFO","Trial 266 - 13:03:53 - Unrewarded - /home/fet/stimuli/test_categories_box5/nonreward/Wh_Stim_2_GraLbl0457_010205040401.wav"
"2016-11-07 13:04:03,312","INFO","Trial 267 - 13:04:03 - Unrewarded - /home/fet/stimuli/test_categories_box5/nonreward/Wh_Stim_4_BlaLbl8026_320908070709.wav"
"2016-11-07 13:04:13,486","INFO","Trial 268 - 13:04:13 - Unrewarded - /home/fet/stimuli/test_categories_box5/nonreward/Tu_Stim_9_LblRed0613_030501070204.wav"
"2016-11-07 13:04:26,630","INFO","Trial 269 - 13:04:26 - Unrewarded - /home/fet/stimuli/test_categories_box5/nonreward/Th_Stim_10_WhiBlu4818_020105030402.wav"
"2016-11-07 13:04:39,798","INFO","Trial 270 - 13:04:39 - Unrewarded - /home/fet/stimuli/test_categories_box5/nonreward/LT_Stim_7_WhiBlu3513_060405010203.wav"
"2016-11-07 13:04:50,434","INFO","Trial 271 - 13:04:50 - Rewarded - /home/fet/stimuli/test_categories_box5/reward/Di_Stim_10_WhiWhi1415_020202020202.wav"
"2016-11-07 13:04:51,146","INFO","Trial 272 - 13:04:51 - Unrewarded - /home/fet/stimuli/test_categories_box5/nonreward/So_Stim_7_YelOra2575_091924.wav"
"2016-11-07 13:04:51,817","INFO","Trial 273 - 13:04:51 - Rewarded - /home/fet/stimuli/test_categories_box5/reward/Di_Stim_8_YelOra2575_110911090909.wav"
"2016-11-07 13:04:57,829","INFO","Supplying reward for 12.00 seconds"
"2016-11-07 13:09:06,310","INFO","Trial 274 - 13:09:06 - Rewarded - /home/fet/stimuli/test_categories_box5/reward/Di_Stim_1_WhiWhi1415_020202020202.wav"
"2016-11-07 13:09:12,320","INFO","Supplying reward for 12.00 seconds"
"2016-11-07 13:11:03,552","INFO","Trial 275 - 13:11:03 - Unrewarded - /home/fet/stimuli/test_categories_box5/nonreward/Ag_Stim_1_HPiHPi4748_171929353908.wav"
"2016-11-07 13:11:30,354","INFO","Trial 276 - 13:11:30 - Unrewarded - /home/fet/stimuli/test_categories_box5/nonreward/LT_Stim_2_LblBlu1630_090212071605.wav"
"2016-11-07 13:11:50,149","INFO","Trial 277 - 13:11:50 - Unrewarded - /home/fet/stimuli/test_categories_box5/nonreward/DC_Stim_9_LblBla4548_321706191207.wav"
"2016-11-07 13:12:09,514","INFO","Trial 278 - 13:12:09 - Unrewarded - /home/fet/stimuli/test_categories_box5/nonreward/Tu_Stim_2_GreOra1817_060718051708.wav"
"2016-11-07 13:12:25,975","INFO","Trial 279 - 13:12:25 - Unrewarded - /home/fet/stimuli/test_categories_box5/nonreward/Be_Stim_5_LblBlu1927_080704.wav"
"2016-11-07 13:12:44,185","INFO","Trial 280 - 13:12:44 - Unrewarded - /home/fet/stimuli/test_categories_box5/nonreward/Te_Stim_1_YelGre5275_322006311110.wav"
"2016-11-07 13:12:56,923","INFO","Trial 281 - 13:12:56 - Unrewarded - /home/fet/stimuli/test_categories_box5/nonreward/Th_Stim_3_WhiGra0114_020108060705.wav"
"2016-11-07 13:13:12,212","INFO","Trial 282 - 13:13:12 - Unrewarded - /home/fet/stimuli/test_categories_box5/nonreward/Tu_Stim_1_GraLbl0457_160106130210.wav"
"2016-11-07 13:13:26,293","INFO","Trial 283 - 13:13:26 - Unrewarded - /home/fet/stimuli/test_categories_box5/nonreward/So_Stim_5_LblBla4548_472406.wav"
"2016-11-07 13:13:35,456","INFO","Trial 284 - 13:13:35 - Rewarded - /home/fet/stimuli/test_categories_box5/reward/Di_Stim_10_Unknown_11_010201020201.wav"
"2016-11-07 13:13:41,465","INFO","Supplying reward for 12.00 seconds"
"2016-11-07 14:16:44,966","INFO","Trial 285 - 14:16:44 - Unrewarded - /home/fet/stimuli/test_categories_box5/nonreward/Tu_Stim_3_GraGra0201_031921200704.wav"
"2016-11-07 14:16:59,588","INFO","Trial 286 - 14:16:59 - Unrewarded - /home/fet/stimuli/test_categories_box5/nonreward/Th_Stim_1_WhiWhi1415_101413111631.wav"
"2016-11-07 14:17:17,912","INFO","Trial 287 - 14:17:17 - Unrewarded - /home/fet/stimuli/test_categories_box5/nonreward/Ne_Stim_9_BluRas07dd_031819201022.wav"
"2016-11-07 14:17:36,347","INFO","Trial 288 - 14:17:36 - Unrewarded - /home/fet/stimuli/test_categories_box5/nonreward/Tu_Stim_9_YelOra2575_0.2715082213.wav"
"2016-11-07 14:17:46,583","INFO","Trial 289 - 14:17:46 - Unrewarded - /home/fet/stimuli/test_categories_box5/nonreward/Be_Stim_8_LblBlu6243_10_011607_02.wav"
"2016-11-07 14:17:57,543","INFO","Trial 290 - 14:17:57 - Unrewarded - /home/fet/stimuli/test_categories_box5/nonreward/LT_Stim_6_LblBlu1630_100204150116.wav"
"2016-11-07 14:18:05,685","INFO","Trial 291 - 14:18:05 - Unrewarded - /home/fet/stimuli/test_categories_box5/nonreward/So_Stim_8_LblRed0613_150841.wav"
"2016-11-07 14:18:06,200","INFO","Trial 292 - 14:18:06 - Unrewarded - /home/fet/stimuli/test_categories_box5/nonreward/DC_Stim_4_GraLbl0457_262404283118.wav"
"2016-11-07 14:18:20,103","INFO","Trial 293 - 14:18:20 - Unrewarded - /home/fet/stimuli/test_categories_box5/nonreward/Wh_Stim_10_WhiRas44dd_010302030303.wav"
"2016-11-07 14:18:36,858","INFO","Trial 294 - 14:18:36 - Unrewarded - /home/fet/stimuli/test_categories_box5/nonreward/So_Stim_1_RedRas3600_050601.wav"
"2016-11-07 14:18:47,909","INFO","Trial 295 - 14:18:47 - Unrewarded - /home/fet/stimuli/test_categories_box5/nonreward/DC_Stim_6_WhiBlu4917_190901220818.wav"
"2016-11-07 14:19:00,065","INFO","Trial 296 - 14:19:00 - Unrewarded - /home/fet/stimuli/test_categories_box5/nonreward/Tu_Stim_2_BluRas61dd_090406050208.wav"
"2016-11-07 14:19:18,689","INFO","Trial 297 - 14:19:18 - Unrewarded - /home/fet/stimuli/test_categories_box5/nonreward/Be_Stim_1_LblBlu1630_04_b.0201.wav"
"2016-11-07 14:19:31,181","INFO","Trial 298 - 14:19:31 - Unrewarded - /home/fet/stimuli/test_categories_box5/nonreward/Ag_Stim_1_BluRas61dd_101117120418.wav"
"2016-11-07 14:19:44,250","INFO","Trial 299 - 14:19:44 - Unrewarded - /home/fet/stimuli/test_categories_box5/nonreward/Be_Stim_8_LblBlu1630_010402.wav"
"2016-11-07 14:19:53,376","INFO","Trial 300 - 14:19:53 - Unrewarded - /home/fet/stimuli/test_categories_box5/nonreward/So_Stim_9_YelOra2575_020910.wav"
"2016-11-07 14:20:03,771","INFO","Trial 301 - 14:20:03 - Unrewarded - /home/fet/stimuli/test_categories_box5/nonreward/Ag_Stim_9_GraGra0201_050812021113.wav"
"2016-11-07 14:20:15,472","INFO","Trial 302 - 14:20:15 - Unrewarded - /home/fet/stimuli/test_categories_box5/nonreward/Ne_Stim_6_Unknown000_010101010101.wav"
"2016-11-07 14:20:27,490","INFO","Trial 303 - 14:20:27 - Unrewarded - /home/fet/stimuli/test_categories_box5/nonreward/Tu_Stim_9_PurRas20dd_070105060804.wav"
"2016-11-07 14:20:38,491","INFO","Trial 304 - 14:20:38 - Unrewarded - /home/fet/stimuli/test_categories_box5/nonreward/Be_Stim_1_LblBlu1729_091402.wav"
"2016-11-07 14:20:49,480","INFO","Trial 305 - 14:20:49 - Unrewarded - /home/fet/stimuli/test_categories_box5/nonreward/Wh_Stim_10_LblBla4548_150114050911.wav"
"2016-11-07 14:21:00,362","INFO","Trial 306 - 14:21:00 - Unrewarded - /home/fet/stimuli/test_categories_box5/nonreward/LT_Stim_8_LblGre0001_071011040109.wav"
"2016-11-07 14:21:11,331","INFO","Trial 307 - 14:21:11 - Unrewarded - /home/fet/stimuli/test_categories_box5/nonreward/Ag_Stim_6_GreWhi1242_010101010101.wav"
"2016-11-07 14:21:12,027","INFO","Trial 308 - 14:21:12 - Unrewarded - /home/fet/stimuli/test_categories_box5/nonreward/DC_Stim_8_GreWhi1242_010302020103.wav"
"2016-11-07 14:21:25,486","INFO","Trial 309 - 14:21:25 - Unrewarded - /home/fet/stimuli/test_categories_box5/nonreward/Th_Stim_2_Unknown_11_030406110708.wav"
"2016-11-07 14:21:39,350","INFO","Trial 310 - 14:21:39 - Unrewarded - /home/fet/stimuli/test_categories_box5/nonreward/So_Stim_5_WhiBlu5698_252430.wav"
"2016-11-07 14:21:51,633","INFO","Trial 311 - 14:21:51 - Unrewarded - /home/fet/stimuli/test_categories_box5/nonreward/Te_Stim_8_GraLbl0457_192314272810.wav"
"2016-11-07 14:22:07,086","INFO","Trial 312 - 14:22:07 - Unrewarded - /home/fet/stimuli/test_categories_box5/nonreward/LT_Stim_8_LblRas1800_060402010503.wav"
"2016-11-07 14:22:19,333","INFO","Trial 313 - 14:22:19 - Rewarded - /home/fet/stimuli/test_categories_box5/reward/Di_Stim_10_WhiLbl0010_040404040404.wav"
"2016-11-07 14:22:25,343","INFO","Supplying reward for 12.00 seconds"
"2016-11-07 14:31:51,165","INFO","Trial 314 - 14:31:51 - Unrewarded - /home/fet/stimuli/test_categories_box5/nonreward/Ag_Stim_2_BlaLbl8026_042202202421.wav"
"2016-11-07 14:31:57,636","INFO","Trial 315 - 14:31:57 - Unrewarded - /home/fet/stimuli/test_categories_box5/nonreward/Tu_Stim_5_GraLbl0457_031514111001.wav"
"2016-11-07 14:32:09,760","INFO","Trial 316 - 14:32:09 - Unrewarded - /home/fet/stimuli/test_categories_box5/nonreward/So_Stim_8_WhiBlu5698_022431.wav"
"2016-11-07 14:32:19,184","INFO","Trial 317 - 14:32:19 - Unrewarded - /home/fet/stimuli/test_categories_box5/nonreward/Th_Stim_7_WhiGra0114_020605010807.wav"
"2016-11-07 14:32:32,606","INFO","Trial 318 - 14:32:32 - Unrewarded - /home/fet/stimuli/test_categories_box5/nonreward/LT_Stim_8_LblGre0000_072102161008.wav"
"2016-11-07 14:32:44,664","INFO","Trial 319 - 14:32:44 - Unrewarded - /home/fet/stimuli/test_categories_box5/nonreward/Be_Stim_4_LblGre0000_110812.wav"
"2016-11-07 14:32:55,649","INFO","Trial 320 - 14:32:55 - Unrewarded - /home/fet/stimuli/test_categories_box5/nonreward/DC_Stim_7_BluRas07dd_131007292714.wav"
"2016-11-07 14:33:10,156","INFO","Trial 321 - 14:33:10 - Unrewarded - /home/fet/stimuli/test_categories_box5/nonreward/DC_Stim_5_GreWhi1242_030201010301.wav"
"2016-11-07 14:33:25,489","INFO","Trial 322 - 14:33:25 - Rewarded - /home/fet/stimuli/test_categories_box5/reward/Di_Stim_2_YelOra2575_110911111111.wav"
"2016-11-07 14:33:31,495","INFO","Supplying reward for 12.00 seconds"
"2016-11-07 14:37:48,321","INFO","Trial 323 - 14:37:48 - Unrewarded - /home/fet/stimuli/test_categories_box5/nonreward/So_Stim_1_YelOra2575_151918.wav"
"2016-11-07 14:37:58,753","INFO","Trial 324 - 14:37:58 - Rewarded - /home/fet/stimuli/test_categories_box5/reward/Di_Stim_10_PurRas20dd_010404010101.wav"
"2016-11-07 14:38:04,758","INFO","Supplying reward for 12.00 seconds"
"2016-11-07 14:40:15,748","INFO","Trial 325 - 14:40:15 - Unrewarded - /home/fet/stimuli/test_categories_box5/nonreward/Te_Stim_3_GreGre6364_151121102725.wav"
"2016-11-07 14:40:24,427","INFO","Trial 326 - 14:40:24 - Unrewarded - /home/fet/stimuli/test_categories_box5/nonreward/Wh_Stim_4_GreGre2522_010203030303.wav"
"2016-11-07 14:40:36,661","INFO","Trial 327 - 14:40:36 - Unrewarded - /home/fet/stimuli/test_categories_box5/nonreward/Ag_Stim_6_BlaLbl8026_240621220402.wav"
"2016-11-07 14:40:51,988","INFO","Trial 328 - 14:40:51 - Unrewarded - /home/fet/stimuli/test_categories_box5/nonreward/DC_Stim_1_Unknown00F_112212070314.wav"
"2016-11-07 14:41:05,209","INFO","Trial 329 - 14:41:05 - Unrewarded - /home/fet/stimuli/test_categories_box5/nonreward/Ag_Stim_9_WhiBlu4917_010101010101.wav"
"2016-11-07 14:41:19,671","INFO","Trial 330 - 14:41:19 - Unrewarded - /home/fet/stimuli/test_categories_box5/nonreward/Ag_Stim_7_HPiHPi4748_083517051036.wav"
"2016-11-07 14:41:51,287","INFO","Trial 331 - 14:41:51 - Rewarded - /home/fet/stimuli/test_categories_box5/reward/Di_Stim_6_WhiLbl0010_040404040404.wav"
"2016-11-07 14:41:57,295","INFO","Supplying reward for 12.00 seconds"
"2016-11-07 14:49:37,656","INFO","Trial 332 - 14:49:37 - Unrewarded - /home/fet/stimuli/test_categories_box5/nonreward/So_Stim_7_GraLbl0457_040913.wav"
"2016-11-07 14:49:47,007","INFO","Trial 333 - 14:49:47 - Unrewarded - /home/fet/stimuli/test_categories_box5/nonreward/LT_Stim_8_LblBlu6680_072715220821.wav"
"2016-11-07 14:50:01,162","INFO","Trial 334 - 14:50:01 - Unrewarded - /home/fet/stimuli/test_categories_box5/nonreward/Tu_Stim_1_LblRed0613_010302040807.wav"
"2016-11-07 14:50:14,224","INFO","Trial 335 - 14:50:14 - Unrewarded - /home/fet/stimuli/test_categories_box5/nonreward/DC_Stim_4_BlaLbl8026_080634023226.wav"
"2016-11-07 14:50:14,995","INFO","Trial 336 - 14:50:14 - Unrewarded - /home/fet/stimuli/test_categories_box5/nonreward/LT_Stim_7_LblGre0001_080602100407.wav"
"2016-11-07 14:50:28,423","INFO","Trial 337 - 14:50:28 - Unrewarded - /home/fet/stimuli/test_categories_box5/nonreward/Be_Stim_4_LblBlu6680_03_010805_02.wav"
"2016-11-07 14:50:42,443","INFO","Trial 338 - 14:50:42 - Unrewarded - /home/fet/stimuli/test_categories_box5/nonreward/So_Stim_6_YelGre5275_172725.wav"
"2016-11-07 14:50:44,341","INFO","Trial 339 - 14:50:44 - Unrewarded - /home/fet/stimuli/test_categories_box5/nonreward/DC_Stim_5_WhiBlu4917_080520220918.wav"
"2016-11-07 14:50:56,107","INFO","Trial 340 - 14:50:56 - Unrewarded - /home/fet/stimuli/test_categories_box5/nonreward/Be_Stim_5_LblBlu6243_1309_0304_01.wav"
"2016-11-07 14:51:10,024","INFO","Trial 341 - 14:51:10 - Unrewarded - /home/fet/stimuli/test_categories_box5/nonreward/Th_Stim_6_Unknown000_020508010704.wav"
"2016-11-07 14:51:26,993","INFO","Trial 342 - 14:51:26 - Unrewarded - /home/fet/stimuli/test_categories_box5/nonreward/So_Stim_2_RedRas3600_040601.wav"
"2016-11-07 14:51:28,015","INFO","Trial 343 - 14:51:28 - Unrewarded - /home/fet/stimuli/test_categories_box5/nonreward/Te_Stim_4_BluRas61dd_132604211502.wav"
"2016-11-07 14:51:42,675","INFO","Trial 344 - 14:51:42 - Rewarded - /home/fet/stimuli/test_categories_box5/reward/Di_Stim_3_HPiHPi4748_030505050503.wav"
"2016-11-07 14:51:48,684","INFO","Supplying reward for 12.00 seconds"
"2016-11-07 15:55:46,973","INFO","Trial 345 - 15:55:46 - Unrewarded - /home/fet/stimuli/test_categories_box5/nonreward/Ne_Stim_2_HPiHPi4748_180402151743.wav"
"2016-11-07 15:55:55,590","INFO","Trial 346 - 15:55:55 - Unrewarded - /home/fet/stimuli/test_categories_box5/nonreward/So_Stim_1_HPiHPi4748_160515.wav"
"2016-11-07 15:56:03,893","INFO","Trial 347 - 15:56:03 - Rewarded - /home/fet/stimuli/test_categories_box5/reward/Di_Stim_1_WhiLbl0010_040404040404.wav"
"2016-11-07 15:56:09,901","INFO","Supplying reward for 12.00 seconds"
"2016-11-07 15:58:19,450","INFO","Trial 348 - 15:58:19 - Unrewarded - /home/fet/stimuli/test_categories_box5/nonreward/Th_Stim_6_LblRed0613_130217041618.wav"
"2016-11-07 15:58:38,164","INFO","Trial 349 - 15:58:38 - Unrewarded - /home/fet/stimuli/test_categories_box5/nonreward/Ne_Stim_8_PurRas20dd_030308020507.wav"
"2016-11-07 15:58:52,483","INFO","Trial 350 - 15:58:52 - Unrewarded - /home/fet/stimuli/test_categories_box5/nonreward/Th_Stim_6_GraGra0201_291615430522.wav"
"2016-11-07 15:59:04,324","INFO","Trial 351 - 15:59:04 - Unrewarded - /home/fet/stimuli/test_categories_box5/nonreward/Te_Stim_1_LblBla4548_363207263411.wav"
"2016-11-07 15:59:15,059","INFO","Trial 352 - 15:59:15 - Unrewarded - /home/fet/stimuli/test_categories_box5/nonreward/Th_Stim_10_WhiWhi1415_170416132909.wav"
"2016-11-07 15:59:25,069","INFO","Trial 353 - 15:59:25 - Unrewarded - /home/fet/stimuli/test_categories_box5/nonreward/Te_Stim_9_GreWhi1242_231913121422.wav"
"2016-11-07 15:59:35,939","INFO","Trial 354 - 15:59:35 - Unrewarded - /home/fet/stimuli/test_categories_box5/nonreward/DC_Stim_6_BluRas07dd_080331201727.wav"
"2016-11-07 15:59:45,122","INFO","Trial 355 - 15:59:45 - Rewarded - /home/fet/stimuli/test_categories_box5/reward/Di_Stim_6_PurRas20dd_040104040404.wav"
"2016-11-07 15:59:51,131","INFO","Supplying reward for 12.00 seconds"
"2016-11-07 16:02:05,726","INFO","Trial 356 - 16:02:05 - Unrewarded - /home/fet/stimuli/test_categories_box5/nonreward/Be_Stim_6_LblBlu2028_10_0103_0107.wav"
"2016-11-07 16:02:16,612","INFO","Trial 357 - 16:02:16 - Unrewarded - /home/fet/stimuli/test_categories_box5/nonreward/Be_Stim_10_LblGre0000_081210.wav"
"2016-11-07 16:02:26,987","INFO","Trial 358 - 16:02:26 - Unrewarded - /home/fet/stimuli/test_categories_box5/nonreward/Wh_Stim_1_HPiHPi4748_291934160811.wav"
"2016-11-07 16:02:37,615","INFO","Trial 359 - 16:02:37 - Unrewarded - /home/fet/stimuli/test_categories_box5/nonreward/LT_Stim_6_LblGre0001_050602030804.wav"
"2016-11-07 16:02:49,047","INFO","Trial 360 - 16:02:49 - Unrewarded - /home/fet/stimuli/test_categories_box5/nonreward/So_Stim_2_YelOra2575_232510.wav"
"2016-11-07 16:03:01,690","INFO","Trial 361 - 16:03:01 - Unrewarded - /home/fet/stimuli/test_categories_box5/nonreward/DC_Stim_4_GreOra1817_163226332702.wav"
"2016-11-07 16:03:02,578","INFO","Trial 362 - 16:03:02 - Unrewarded - /home/fet/stimuli/test_categories_box5/nonreward/Tu_Stim_2_GraLbl0457_061310121114.wav"
"2016-11-07 16:03:14,662","INFO","Trial 363 - 16:03:14 - Rewarded - /home/fet/stimuli/test_categories_box5/reward/Di_Stim_5_WhiBlu4917_010101010101.wav"
"2016-11-07 16:03:15,574","INFO","Trial 364 - 16:03:15 - Rewarded - /home/fet/stimuli/test_categories_box5/reward/Di_Stim_5_WhiLbl0010_040404040404.wav"
"2016-11-07 16:03:21,580","INFO","Supplying reward for 12.00 seconds"
"2016-11-07 16:06:45,516","INFO","Trial 365 - 16:06:45 - Unrewarded - /home/fet/stimuli/test_categories_box5/nonreward/Ne_Stim_3_BluRas07dd_150420061903.wav"
"2016-11-07 16:06:58,115","INFO","Trial 366 - 16:06:58 - Unrewarded - /home/fet/stimuli/test_categories_box5/nonreward/DC_Stim_7_Unknown00F_171522191418.wav"
"2016-11-07 16:07:09,497","INFO","Trial 367 - 16:07:09 - Unrewarded - /home/fet/stimuli/test_categories_box5/nonreward/Be_Stim_9_LblBlu1927_121302.wav"
"2016-11-07 16:07:33,847","INFO","Trial 368 - 16:07:33 - Unrewarded - /home/fet/stimuli/test_categories_box5/nonreward/Be_Stim_4_LblBlu2028_10_0111_0106.wav"
"2016-11-07 16:07:57,045","INFO","Trial 369 - 16:07:57 - Unrewarded - /home/fet/stimuli/test_categories_box5/nonreward/Ne_Stim_6_Unknown00F_020101010102.wav"
"2016-11-07 16:08:11,536","INFO","Trial 370 - 16:08:11 - Rewarded - /home/fet/stimuli/test_categories_box5/reward/Di_Stim_2_HPiHPi4748_050303050503.wav"
"2016-11-07 16:08:17,546","INFO","Supplying reward for 12.00 seconds"
"2016-11-07 16:37:50,769","INFO","Finishing session 1 at Mon Nov  7 16:37:50 2016"
"2016-11-07 16:37:50,770","INFO","Finished all sessions."
"2016-11-07 16:37:51,080","INFO","Exiting Session state"
"2016-11-07 16:37:51,081","INFO","Finishing experiment"
"2016-11-07 16:37:51,388","INFO","Exiting Idle state"
