"2017-04-17 09:48:31,023","INFO","Preparing subject and data storage"
"2017-04-17 09:48:31,024","INFO","Created subject object with name LblWhi1566M"
"2017-04-17 09:48:31,024","INFO","Created datastore CSVStore: filename = /home/fet/data/LblWhi1566M/170417/LblWhi1566M_trialdata_20170417094831.csv, fields = session, index, time, stimulus_name, condition_name, response, correct, rt, reward, max_wait for subject LblWhi1566M"
"2017-04-17 09:48:31,024","INFO","Preparing to run experiment Go No-Go Interruption"
"2017-04-17 09:48:31,329","INFO","Entering Idle state"
"2017-04-17 09:48:31,633","INFO","Beginning block #1"
"2017-04-17 17:59:39,741","INFO","Trial 1 - 17:59:39 - Rewarded - /home/fet/stimuli/shaping_categories_box5/reward/WH_Stim_1.wav"
"2017-04-17 17:59:45,751","INFO","Supplying reward for 12.00 seconds"
"2017-04-17 18:00:30,921","INFO","Trial 2 - 18:00:30 - Rewarded - /home/fet/stimuli/shaping_categories_box5/reward/WH_Stim_2.wav"
"2017-04-17 18:00:36,934","INFO","Supplying reward for 12.00 seconds"
"2017-04-17 18:01:06,302","INFO","Trial 3 - 18:01:06 - Rewarded - /home/fet/stimuli/shaping_categories_box5/reward/WH_Stim_1.wav"
"2017-04-17 18:01:12,307","INFO","Supplying reward for 12.00 seconds"
"2017-04-17 18:02:03,265","INFO","Trial 4 - 18:02:03 - Rewarded - /home/fet/stimuli/shaping_categories_box5/reward/WH_Stim_2.wav"
"2017-04-17 18:02:09,270","INFO","Supplying reward for 12.00 seconds"
"2017-04-17 18:02:55,755","INFO","Trial 5 - 18:02:55 - Rewarded - /home/fet/stimuli/shaping_categories_box5/reward/WH_Stim_1.wav"
"2017-04-17 18:03:01,764","INFO","Supplying reward for 12.00 seconds"
"2017-04-17 18:03:52,956","INFO","Trial 6 - 18:03:52 - Rewarded - /home/fet/stimuli/shaping_categories_box5/reward/WH_Stim_2.wav"
"2017-04-17 18:03:58,965","INFO","Supplying reward for 12.00 seconds"
"2017-04-17 18:04:45,696","INFO","Trial 7 - 18:04:45 - Rewarded - /home/fet/stimuli/shaping_categories_box5/reward/WH_Stim_2.wav"
"2017-04-17 18:04:51,702","INFO","Supplying reward for 12.00 seconds"
"2017-04-17 18:06:17,991","INFO","Trial 8 - 18:06:17 - Rewarded - /home/fet/stimuli/shaping_categories_box5/reward/WH_Stim_1.wav"
"2017-04-17 18:06:22,826","INFO","Trial 9 - 18:06:22 - Rewarded - /home/fet/stimuli/shaping_categories_box5/reward/WH_Stim_1.wav"
"2017-04-17 18:06:25,165","INFO","Trial 10 - 18:06:25 - Rewarded - /home/fet/stimuli/shaping_categories_box5/reward/WH_Stim_2.wav"
"2017-04-17 18:06:31,172","INFO","Supplying reward for 12.00 seconds"
"2017-04-17 18:07:20,738","INFO","Trial 11 - 18:07:20 - Rewarded - /home/fet/stimuli/shaping_categories_box5/reward/WH_Stim_2.wav"
"2017-04-17 18:07:23,578","INFO","Trial 12 - 18:07:23 - Rewarded - /home/fet/stimuli/shaping_categories_box5/reward/WH_Stim_1.wav"
"2017-04-17 18:07:29,586","INFO","Supplying reward for 12.00 seconds"
"2017-04-17 18:12:34,197","INFO","Trial 13 - 18:12:34 - Rewarded - /home/fet/stimuli/shaping_categories_box5/reward/WH_Stim_2.wav"
"2017-04-17 18:12:36,998","INFO","Trial 14 - 18:12:36 - Rewarded - /home/fet/stimuli/shaping_categories_box5/reward/WH_Stim_1.wav"
"2017-04-17 18:12:43,009","INFO","Supplying reward for 12.00 seconds"
"2017-04-17 18:13:13,011","INFO","Trial 15 - 18:13:13 - Rewarded - /home/fet/stimuli/shaping_categories_box5/reward/WH_Stim_1.wav"
"2017-04-17 18:13:19,016","INFO","Supplying reward for 12.00 seconds"
"2017-04-17 18:18:25,160","INFO","Trial 16 - 18:18:25 - Rewarded - /home/fet/stimuli/shaping_categories_box5/reward/WH_Stim_2.wav"
"2017-04-17 18:18:31,167","INFO","Supplying reward for 12.00 seconds"
"2017-04-17 18:19:28,718","INFO","Trial 17 - 18:19:28 - Rewarded - /home/fet/stimuli/shaping_categories_box5/reward/WH_Stim_2.wav"
"2017-04-17 18:19:30,337","INFO","Trial 18 - 18:19:30 - Rewarded - /home/fet/stimuli/shaping_categories_box5/reward/WH_Stim_1.wav"
"2017-04-17 18:19:36,345","INFO","Supplying reward for 12.00 seconds"
"2017-04-17 18:20:28,483","INFO","Trial 19 - 18:20:28 - Rewarded - /home/fet/stimuli/shaping_categories_box5/reward/WH_Stim_1.wav"
"2017-04-17 18:20:34,488","INFO","Supplying reward for 12.00 seconds"
"2017-04-17 18:21:28,477","INFO","Trial 20 - 18:21:28 - Rewarded - /home/fet/stimuli/shaping_categories_box5/reward/WH_Stim_2.wav"
"2017-04-17 18:21:34,483","INFO","Supplying reward for 12.00 seconds"
"2017-04-17 18:22:11,847","INFO","Trial 21 - 18:22:11 - Rewarded - /home/fet/stimuli/shaping_categories_box5/reward/WH_Stim_1.wav"
"2017-04-17 18:22:14,080","INFO","Trial 22 - 18:22:14 - Rewarded - /home/fet/stimuli/shaping_categories_box5/reward/WH_Stim_2.wav"
"2017-04-17 18:22:15,165","INFO","Trial 23 - 18:22:15 - Rewarded - /home/fet/stimuli/shaping_categories_box5/reward/WH_Stim_1.wav"
"2017-04-17 18:22:21,174","INFO","Supplying reward for 12.00 seconds"
"2017-04-17 18:23:36,928","INFO","Trial 24 - 18:23:36 - Rewarded - /home/fet/stimuli/shaping_categories_box5/reward/WH_Stim_2.wav"
"2017-04-17 18:23:42,934","INFO","Supplying reward for 12.00 seconds"
"2017-04-17 18:24:36,935","INFO","Trial 25 - 18:24:36 - Rewarded - /home/fet/stimuli/shaping_categories_box5/reward/WH_Stim_1.wav"
"2017-04-17 18:24:42,945","INFO","Supplying reward for 12.00 seconds"
"2017-04-17 18:26:08,841","INFO","Trial 26 - 18:26:08 - Rewarded - /home/fet/stimuli/shaping_categories_box5/reward/WH_Stim_2.wav"
"2017-04-17 18:26:14,847","INFO","Supplying reward for 12.00 seconds"
"2017-04-17 18:26:59,067","INFO","Trial 27 - 18:26:59 - Rewarded - /home/fet/stimuli/shaping_categories_box5/reward/WH_Stim_1.wav"
"2017-04-17 18:27:05,076","INFO","Supplying reward for 12.00 seconds"
"2017-04-17 18:40:43,812","INFO","Trial 28 - 18:40:43 - Rewarded - /home/fet/stimuli/shaping_categories_box5/reward/WH_Stim_2.wav"
"2017-04-17 18:40:49,818","INFO","Supplying reward for 12.00 seconds"
"2017-04-17 18:41:51,458","INFO","Trial 29 - 18:41:51 - Rewarded - /home/fet/stimuli/shaping_categories_box5/reward/WH_Stim_1.wav"
"2017-04-17 18:41:53,106","INFO","Trial 30 - 18:41:53 - Rewarded - /home/fet/stimuli/shaping_categories_box5/reward/WH_Stim_2.wav"
"2017-04-17 18:41:59,117","INFO","Supplying reward for 12.00 seconds"
"2017-04-17 18:42:23,612","INFO","Trial 31 - 18:42:23 - Rewarded - /home/fet/stimuli/shaping_categories_box5/reward/WH_Stim_2.wav"
"2017-04-17 18:42:24,309","INFO","Trial 32 - 18:42:24 - Rewarded - /home/fet/stimuli/shaping_categories_box5/reward/WH_Stim_1.wav"
"2017-04-17 18:42:26,661","INFO","Trial 33 - 18:42:26 - Rewarded - /home/fet/stimuli/shaping_categories_box5/reward/WH_Stim_2.wav"
"2017-04-17 18:42:27,459","INFO","Trial 34 - 18:42:27 - Rewarded - /home/fet/stimuli/shaping_categories_box5/reward/WH_Stim_1.wav"
"2017-04-17 18:42:33,467","INFO","Supplying reward for 12.00 seconds"
"2017-04-17 18:43:15,210","INFO","Trial 35 - 18:43:15 - Rewarded - /home/fet/stimuli/shaping_categories_box5/reward/WH_Stim_2.wav"
"2017-04-17 18:43:15,850","INFO","Trial 36 - 18:43:15 - Rewarded - /home/fet/stimuli/shaping_categories_box5/reward/WH_Stim_1.wav"
"2017-04-17 18:43:17,877","INFO","Trial 37 - 18:43:17 - Rewarded - /home/fet/stimuli/shaping_categories_box5/reward/WH_Stim_1.wav"
"2017-04-17 18:43:20,152","INFO","Trial 38 - 18:43:20 - Rewarded - /home/fet/stimuli/shaping_categories_box5/reward/WH_Stim_2.wav"
"2017-04-17 18:43:26,159","INFO","Supplying reward for 12.00 seconds"
"2017-04-17 18:43:59,393","INFO","Trial 39 - 18:43:59 - Rewarded - /home/fet/stimuli/shaping_categories_box5/reward/WH_Stim_1.wav"
"2017-04-17 18:44:05,398","INFO","Supplying reward for 12.00 seconds"
"2017-04-17 18:46:00,574","INFO","Trial 40 - 18:46:00 - Rewarded - /home/fet/stimuli/shaping_categories_box5/reward/WH_Stim_2.wav"
"2017-04-17 18:46:03,443","INFO","Trial 41 - 18:46:03 - Rewarded - /home/fet/stimuli/shaping_categories_box5/reward/WH_Stim_1.wav"
"2017-04-17 18:46:09,451","INFO","Supplying reward for 12.00 seconds"
"2017-04-17 18:46:36,082","INFO","Trial 42 - 18:46:36 - Rewarded - /home/fet/stimuli/shaping_categories_box5/reward/WH_Stim_2.wav"
"2017-04-17 18:46:37,505","INFO","Trial 43 - 18:46:37 - Rewarded - /home/fet/stimuli/shaping_categories_box5/reward/WH_Stim_1.wav"
"2017-04-17 18:46:43,513","INFO","Supplying reward for 12.00 seconds"
"2017-04-17 18:46:59,012","INFO","Trial 44 - 18:46:59 - Rewarded - /home/fet/stimuli/shaping_categories_box5/reward/WH_Stim_2.wav"
"2017-04-17 18:47:05,030","INFO","Supplying reward for 12.00 seconds"
"2017-04-17 18:47:08,913","INFO","Trial 45 - 18:47:08 - Rewarded - /home/fet/stimuli/shaping_categories_box5/reward/WH_Stim_1.wav"
"2017-04-17 18:47:14,921","INFO","Supplying reward for 12.00 seconds"
"2017-04-17 18:47:21,508","INFO","Trial 46 - 18:47:21 - Rewarded - /home/fet/stimuli/shaping_categories_box5/reward/WH_Stim_2.wav"
"2017-04-17 18:47:21,959","INFO","Trial 47 - 18:47:21 - Rewarded - /home/fet/stimuli/shaping_categories_box5/reward/WH_Stim_1.wav"
"2017-04-17 18:47:27,967","INFO","Supplying reward for 12.00 seconds"
"2017-04-17 18:48:00,727","INFO","Trial 48 - 18:48:00 - Rewarded - /home/fet/stimuli/shaping_categories_box5/reward/WH_Stim_2.wav"
"2017-04-17 18:48:06,736","INFO","Supplying reward for 12.00 seconds"
"2017-04-17 18:48:19,777","INFO","Trial 49 - 18:48:19 - Rewarded - /home/fet/stimuli/shaping_categories_box5/reward/WH_Stim_2.wav"
"2017-04-17 18:48:25,787","INFO","Supplying reward for 12.00 seconds"
"2017-04-17 18:48:28,732","INFO","Trial 50 - 18:48:28 - Rewarded - /home/fet/stimuli/shaping_categories_box5/reward/WH_Stim_1.wav"
"2017-04-17 18:48:34,741","INFO","Supplying reward for 12.00 seconds"
"2017-04-17 18:50:22,486","INFO","Trial 51 - 18:50:22 - Rewarded - /home/fet/stimuli/shaping_categories_box5/reward/WH_Stim_2.wav"
"2017-04-17 18:50:22,819","INFO","Trial 52 - 18:50:22 - Rewarded - /home/fet/stimuli/shaping_categories_box5/reward/WH_Stim_1.wav"
"2017-04-17 18:50:28,827","INFO","Supplying reward for 12.00 seconds"
"2017-04-17 18:51:59,619","INFO","Trial 53 - 18:51:59 - Rewarded - /home/fet/stimuli/shaping_categories_box5/reward/WH_Stim_1.wav"
"2017-04-17 18:52:05,628","INFO","Supplying reward for 12.00 seconds"
"2017-04-17 18:53:28,842","INFO","Trial 54 - 18:53:28 - Rewarded - /home/fet/stimuli/shaping_categories_box5/reward/WH_Stim_2.wav"
"2017-04-17 18:53:34,848","INFO","Supplying reward for 12.00 seconds"
"2017-04-17 18:55:43,167","INFO","Trial 55 - 18:55:43 - Rewarded - /home/fet/stimuli/shaping_categories_box5/reward/WH_Stim_1.wav"
"2017-04-17 18:55:49,176","INFO","Supplying reward for 12.00 seconds"
"2017-04-17 19:05:01,450","INFO","Trial 56 - 19:05:01 - Rewarded - /home/fet/stimuli/shaping_categories_box5/reward/WH_Stim_2.wav"
"2017-04-17 19:05:02,656","INFO","Trial 57 - 19:05:02 - Rewarded - /home/fet/stimuli/shaping_categories_box5/reward/WH_Stim_1.wav"
"2017-04-17 19:05:08,662","INFO","Supplying reward for 12.00 seconds"
"2017-04-17 19:05:57,732","INFO","Trial 58 - 19:05:57 - Rewarded - /home/fet/stimuli/shaping_categories_box5/reward/WH_Stim_2.wav"
"2017-04-17 19:06:03,741","INFO","Supplying reward for 12.00 seconds"
"2017-04-17 19:06:50,667","INFO","Trial 59 - 19:06:50 - Rewarded - /home/fet/stimuli/shaping_categories_box5/reward/WH_Stim_2.wav"
"2017-04-17 19:06:56,679","INFO","Supplying reward for 12.00 seconds"
"2017-04-17 19:07:25,931","INFO","Trial 60 - 19:07:25 - Rewarded - /home/fet/stimuli/shaping_categories_box5/reward/WH_Stim_1.wav"
"2017-04-17 19:07:31,940","INFO","Supplying reward for 12.00 seconds"
"2017-04-17 19:08:01,449","INFO","Trial 61 - 19:08:01 - Rewarded - /home/fet/stimuli/shaping_categories_box5/reward/WH_Stim_2.wav"
"2017-04-17 19:08:07,456","INFO","Supplying reward for 12.00 seconds"
"2017-04-17 19:08:52,610","INFO","Trial 62 - 19:08:52 - Rewarded - /home/fet/stimuli/shaping_categories_box5/reward/WH_Stim_1.wav"
"2017-04-17 19:08:52,710","INFO","Trial 63 - 19:08:52 - Rewarded - /home/fet/stimuli/shaping_categories_box5/reward/WH_Stim_1.wav"
"2017-04-17 19:08:53,123","INFO","Trial 64 - 19:08:53 - Rewarded - /home/fet/stimuli/shaping_categories_box5/reward/WH_Stim_2.wav"
"2017-04-17 19:08:54,254","INFO","Trial 65 - 19:08:54 - Rewarded - /home/fet/stimuli/shaping_categories_box5/reward/WH_Stim_2.wav"
"2017-04-17 19:09:00,261","INFO","Supplying reward for 12.00 seconds"
"2017-04-17 19:09:14,556","INFO","Trial 66 - 19:09:14 - Rewarded - /home/fet/stimuli/shaping_categories_box5/reward/WH_Stim_1.wav"
"2017-04-17 19:09:20,567","INFO","Supplying reward for 12.00 seconds"
"2017-04-17 19:09:35,060","INFO","Trial 67 - 19:09:35 - Rewarded - /home/fet/stimuli/shaping_categories_box5/reward/WH_Stim_2.wav"
"2017-04-17 19:09:41,066","INFO","Supplying reward for 12.00 seconds"
"2017-04-17 19:10:10,926","INFO","Trial 68 - 19:10:10 - Rewarded - /home/fet/stimuli/shaping_categories_box5/reward/WH_Stim_1.wav"
"2017-04-17 19:10:11,529","INFO","Trial 69 - 19:10:11 - Rewarded - /home/fet/stimuli/shaping_categories_box5/reward/WH_Stim_1.wav"
"2017-04-17 19:10:17,537","INFO","Supplying reward for 12.00 seconds"
"2017-04-17 19:11:21,318","INFO","Finishing session 1 at Mon Apr 17 19:11:21 2017"
"2017-04-17 19:11:21,319","INFO","Finished all sessions."
"2017-04-17 19:11:21,626","INFO","Exiting Session state"
"2017-04-17 19:11:21,626","INFO","Finishing experiment"
"2017-04-17 19:11:21,932","INFO","Exiting Idle state"
