"2017-03-23 09:52:17,361","INFO","Preparing subject and data storage"
"2017-03-23 09:52:17,362","INFO","Created subject object with name LblGra3039M"
"2017-03-23 09:52:17,362","INFO","Created datastore CSVStore: filename = /home/fet/data/LblGra3039M/230317/LblGra3039M_trialdata_20170323095217.csv, fields = session, index, time, stimulus_name, condition_name, response, correct, rt, reward, max_wait for subject LblGra3039M"
"2017-03-23 09:52:17,363","INFO","Preparing to run experiment Go No-Go Interruption"
"2017-03-23 09:52:17,670","INFO","Entering Idle state"
"2017-03-23 09:52:17,973","INFO","Beginning block #1"
"2017-03-23 10:06:55,207","INFO","Trial 1 - 10:06:55 - Rewarded - /home/fet/stimuli/test_categories_box2/reward/Tu_Stim_8_PurRas20dd_050701060408.wav"
"2017-03-23 10:07:01,216","INFO","Supplying reward for 12.00 seconds"
"2017-03-23 10:07:27,269","INFO","Trial 2 - 10:07:27 - Rewarded - /home/fet/stimuli/test_categories_box2/reward/Tu_Stim_5_GreOra1817_111208031404.wav"
"2017-03-23 10:07:27,328","INFO","Trial 3 - 10:07:27 - Unrewarded - /home/fet/stimuli/test_categories_box2/nonreward/So_Stim_6_BlaBla0506_060812.wav"
"2017-03-23 10:07:28,311","INFO","Trial 4 - 10:07:28 - Unrewarded - /home/fet/stimuli/test_categories_box2/nonreward/So_Stim_2_GraLbl0457_010608.wav"
"2017-03-23 10:07:29,253","INFO","Trial 5 - 10:07:29 - Rewarded - /home/fet/stimuli/test_categories_box2/reward/Tu_Stim_10_GreOra1817_110706180913.wav"
"2017-03-23 10:07:29,298","INFO","Trial 6 - 10:07:29 - Rewarded - /home/fet/stimuli/test_categories_box2/reward/Tu_Stim_6_PurRas20dd_070904060105.wav"
"2017-03-23 10:07:35,306","INFO","Supplying reward for 12.00 seconds"
"2017-03-23 10:08:12,074","INFO","Trial 7 - 10:08:12 - Rewarded - /home/fet/stimuli/test_categories_box2/reward/Tu_Stim_8_WhiRas44dd_100316211520.wav"
"2017-03-23 10:08:12,124","INFO","Trial 8 - 10:08:12 - Unrewarded - /home/fet/stimuli/test_categories_box2/nonreward/So_Stim_8_YelGre5275_172915.wav"
"2017-03-23 10:08:12,879","INFO","Trial 9 - 10:08:12 - Unrewarded - /home/fet/stimuli/test_categories_box2/nonreward/LT_Stim_7_LblBlu1630_060714131102.wav"
"2017-03-23 10:08:19,266","INFO","Trial 10 - 10:08:19 - Unrewarded - /home/fet/stimuli/test_categories_box2/nonreward/LT_Stim_2_LblRas1800_050402010603.wav"
"2017-03-23 10:08:19,317","INFO","Trial 11 - 10:08:19 - Unrewarded - /home/fet/stimuli/test_categories_box2/nonreward/LT_Stim_9_LblBlu6379_030914022215.wav"
"2017-03-23 10:08:20,070","INFO","Trial 12 - 10:08:20 - Unrewarded - /home/fet/stimuli/test_categories_box2/nonreward/Di_Stim_9_WhiBlu4917_010101010101.wav"
"2017-03-23 10:08:20,128","INFO","Trial 13 - 10:08:20 - Unrewarded - /home/fet/stimuli/test_categories_box2/nonreward/Ne_Stim_7_WhiGra0114_020302030303.wav"
"2017-03-23 10:08:34,691","INFO","Trial 14 - 10:08:34 - Rewarded - /home/fet/stimuli/test_categories_box2/reward/Tu_Stim_6_YelOra2575_19212310170..wav"
"2017-03-23 10:08:34,741","INFO","Trial 15 - 10:08:34 - Rewarded - /home/fet/stimuli/test_categories_box2/reward/Tu_Stim_1_PurRas20dd_070601020809.wav"
"2017-03-23 10:08:40,749","INFO","Supplying reward for 12.00 seconds"
"2017-03-23 10:09:17,529","INFO","Trial 16 - 10:09:17 - Unrewarded - /home/fet/stimuli/test_categories_box2/nonreward/Th_Stim_1_WhiRas44dd_054512332318.wav"
"2017-03-23 10:09:17,588","INFO","Trial 17 - 10:09:17 - Unrewarded - /home/fet/stimuli/test_categories_box2/nonreward/Di_Stim_3_Unknown000_020102010201.wav"
"2017-03-23 10:09:19,230","INFO","Trial 18 - 10:09:19 - Unrewarded - /home/fet/stimuli/test_categories_box2/nonreward/Th_Stim_5_WhiBlu4818_010302040504.wav"
"2017-03-23 10:09:19,280","INFO","Trial 19 - 10:09:19 - Unrewarded - /home/fet/stimuli/test_categories_box2/nonreward/DC_Stim_4_WhiLbl0010_241504222011.wav"
"2017-03-23 10:09:19,936","INFO","Trial 20 - 10:09:19 - Unrewarded - /home/fet/stimuli/test_categories_box2/nonreward/DC_Stim_2_WhiRas44dd_060718242814.wav"
"2017-03-23 10:09:19,988","INFO","Trial 21 - 10:09:19 - Unrewarded - /home/fet/stimuli/test_categories_box2/nonreward/Th_Stim_5_WhiBlu5698_070406010101.wav"
"2017-03-23 10:09:33,560","INFO","Trial 22 - 10:09:33 - Unrewarded - /home/fet/stimuli/test_categories_box2/nonreward/Ne_Stim_3_GreOra1817_130712021011.wav"
"2017-03-23 10:09:42,854","INFO","Trial 23 - 10:09:42 - Unrewarded - /home/fet/stimuli/test_categories_box2/nonreward/Te_Stim_9_BlaLbl8026_210420112213.wav"
"2017-03-23 10:09:52,348","INFO","Trial 24 - 10:09:52 - Unrewarded - /home/fet/stimuli/test_categories_box2/nonreward/Th_Stim_7_WhiBlu5698_070104060604.wav"
"2017-03-23 10:10:02,358","INFO","Trial 25 - 10:10:02 - Unrewarded - /home/fet/stimuli/test_categories_box2/nonreward/Di_Stim_7_Unknown_11_010201020201.wav"
"2017-03-23 10:10:03,167","INFO","Trial 26 - 10:10:03 - Rewarded - /home/fet/stimuli/test_categories_box2/reward/Tu_Stim_7_WhiRas44dd_250904160810.wav"
"2017-03-23 10:10:09,174","INFO","Supplying reward for 12.00 seconds"
"2017-03-23 10:10:56,952","INFO","Trial 27 - 10:10:56 - Unrewarded - /home/fet/stimuli/test_categories_box2/nonreward/Ne_Stim_6_WhiGra0114_020203020203.wav"
"2017-03-23 10:11:09,860","INFO","Trial 28 - 10:11:09 - Unrewarded - /home/fet/stimuli/test_categories_box2/nonreward/Ag_Stim_10_Unknown000_010601010106.wav"
"2017-03-23 10:11:10,673","INFO","Trial 29 - 10:11:10 - Unrewarded - /home/fet/stimuli/test_categories_box2/nonreward/Wh_Stim_2_GreOra1817_010101010101.wav"
"2017-03-23 10:11:39,030","INFO","Trial 30 - 10:11:39 - Rewarded - /home/fet/stimuli/test_categories_box2/reward/Tu_Stim_8_GraLbl0457_101103151306.wav"
"2017-03-23 10:11:45,036","INFO","Supplying reward for 12.00 seconds"
"2017-03-23 10:12:15,585","INFO","Trial 31 - 10:12:15 - Rewarded - /home/fet/stimuli/test_categories_box2/reward/Tu_Stim_5_GraLbl0457_031601061415.wav"
"2017-03-23 10:12:21,591","INFO","Supplying reward for 12.00 seconds"
"2017-03-23 10:12:47,155","INFO","Trial 32 - 10:12:47 - Unrewarded - /home/fet/stimuli/test_categories_box2/nonreward/LT_Stim_6_LblBlu1927_010101010101.wav"
"2017-03-23 10:12:48,064","INFO","Trial 33 - 10:12:48 - Unrewarded - /home/fet/stimuli/test_categories_box2/nonreward/LT_Stim_8_WhiBlu3513_040302010605.wav"
"2017-03-23 10:12:49,045","INFO","Trial 34 - 10:12:49 - Unrewarded - /home/fet/stimuli/test_categories_box2/nonreward/Di_Stim_1_BlaLbl8026_030201010301.wav"
"2017-03-23 10:12:49,955","INFO","Trial 35 - 10:12:49 - Unrewarded - /home/fet/stimuli/test_categories_box2/nonreward/Ag_Stim_4_BluRas61dd_180304091512.wav"
"2017-03-23 10:12:50,888","INFO","Trial 36 - 10:12:50 - Rewarded - /home/fet/stimuli/test_categories_box2/reward/Tu_Stim_9_GreOra1817_111216071302.wav"
"2017-03-23 10:12:56,896","INFO","Supplying reward for 12.00 seconds"
"2017-03-23 10:13:50,446","INFO","Trial 37 - 10:13:50 - Rewarded - /home/fet/stimuli/test_categories_box2/reward/Tu_Stim_8_HPiHPi4748_232713012212.wav"
"2017-03-23 10:13:56,452","INFO","Supplying reward for 12.00 seconds"
"2017-03-23 10:14:35,091","INFO","Trial 38 - 10:14:35 - Rewarded - /home/fet/stimuli/test_categories_box2/reward/Tu_Stim_9_WhiLbl0010_120222082415.wav"
"2017-03-23 10:14:35,146","INFO","Trial 39 - 10:14:35 - Unrewarded - /home/fet/stimuli/test_categories_box2/nonreward/LT_Stim_10_LblBlu1927_010101010101.wav"
"2017-03-23 10:14:35,911","INFO","Trial 40 - 10:14:35 - Unrewarded - /home/fet/stimuli/test_categories_box2/nonreward/Be_Stim_1_LblBlu1630_010305.wav"
"2017-03-23 10:14:35,965","INFO","Trial 41 - 10:14:35 - Unrewarded - /home/fet/stimuli/test_categories_box2/nonreward/DC_Stim_9_YelOra2575_191803043321.wav"
"2017-03-23 10:14:42,325","INFO","Trial 42 - 10:14:42 - Unrewarded - /home/fet/stimuli/test_categories_box2/nonreward/Th_Stim_2_WhiRas44dd_311424422515.wav"
"2017-03-23 10:14:52,418","INFO","Trial 43 - 10:14:52 - Unrewarded - /home/fet/stimuli/test_categories_box2/nonreward/DC_Stim_9_BluRas61dd_233001202527.wav"
"2017-03-23 10:14:53,177","INFO","Trial 44 - 10:14:53 - Unrewarded - /home/fet/stimuli/test_categories_box2/nonreward/Ne_Stim_5_PurRas20dd_070303010502.wav"
"2017-03-23 10:15:03,133","INFO","Trial 45 - 10:15:03 - Unrewarded - /home/fet/stimuli/test_categories_box2/nonreward/DC_Stim_6_LblRed0613_061439351823.wav"
"2017-03-23 10:15:04,820","INFO","Trial 46 - 10:15:04 - Unrewarded - /home/fet/stimuli/test_categories_box2/nonreward/Te_Stim_7_WhiGra0114_140502100711.wav"
"2017-03-23 10:15:04,868","INFO","Trial 47 - 10:15:04 - Rewarded - /home/fet/stimuli/test_categories_box2/reward/Tu_Stim_9_BlaLbl8026_080709051011.wav"
"2017-03-23 10:15:10,876","INFO","Supplying reward for 12.00 seconds"
"2017-03-23 10:15:41,854","INFO","Trial 48 - 10:15:41 - Unrewarded - /home/fet/stimuli/test_categories_box2/nonreward/Di_Stim_4_WhiBlu4818_060606060606.wav"
"2017-03-23 10:15:42,708","INFO","Trial 49 - 10:15:42 - Unrewarded - /home/fet/stimuli/test_categories_box2/nonreward/Ne_Stim_3_WhiGra0114_020203030202.wav"
"2017-03-23 10:15:52,210","INFO","Trial 50 - 10:15:52 - Unrewarded - /home/fet/stimuli/test_categories_box2/nonreward/Wh_Stim_2_WhiWhi1415_010101010101.wav"
"2017-03-23 10:16:04,596","INFO","Trial 51 - 10:16:04 - Unrewarded - /home/fet/stimuli/test_categories_box2/nonreward/Th_Stim_8_GreOra1817_474939363740.wav"
"2017-03-23 10:16:15,713","INFO","Trial 52 - 10:16:15 - Unrewarded - /home/fet/stimuli/test_categories_box2/nonreward/Ag_Stim_2_Unknown_11_060101010101.wav"
"2017-03-23 10:16:18,508","INFO","Trial 53 - 10:16:18 - Unrewarded - /home/fet/stimuli/test_categories_box2/nonreward/Di_Stim_9_BlaBla0506_010101010101.wav"
"2017-03-23 10:16:19,528","INFO","Trial 54 - 10:16:19 - Unrewarded - /home/fet/stimuli/test_categories_box2/nonreward/Di_Stim_10_GraGra0201_010707010101.wav"
"2017-03-23 10:16:20,454","INFO","Trial 55 - 10:16:20 - Unrewarded - /home/fet/stimuli/test_categories_box2/nonreward/Be_Stim_7_GraRas1500_040306.wav"
"2017-03-23 10:16:31,102","INFO","Trial 56 - 10:16:31 - Unrewarded - /home/fet/stimuli/test_categories_box2/nonreward/So_Stim_8_RedRas3600_020501.wav"
"2017-03-23 10:16:32,551","INFO","Trial 57 - 10:16:32 - Unrewarded - /home/fet/stimuli/test_categories_box2/nonreward/Be_Stim_4_LblRas1800_05_0202_0109_01.wav"
"2017-03-23 10:16:34,008","INFO","Trial 58 - 10:16:34 - Unrewarded - /home/fet/stimuli/test_categories_box2/nonreward/Ne_Stim_9_WhiGra0114_020203020203.wav"
"2017-03-23 10:16:34,065","INFO","Trial 59 - 10:16:34 - Unrewarded - /home/fet/stimuli/test_categories_box2/nonreward/LT_Stim_4_LblRas1800_050601040203.wav"
"2017-03-23 10:16:34,996","INFO","Trial 60 - 10:16:34 - Unrewarded - /home/fet/stimuli/test_categories_box2/nonreward/Wh_Stim_5_LblBla4419_110301091715.wav"
"2017-03-23 10:16:57,576","INFO","Trial 61 - 10:16:57 - Rewarded - /home/fet/stimuli/test_categories_box2/reward/Tu_Stim_2_WhiLbl0010_011417240608.wav"
"2017-03-23 10:17:03,583","INFO","Supplying reward for 12.00 seconds"
"2017-03-23 10:17:33,613","INFO","Trial 62 - 10:17:33 - Unrewarded - /home/fet/stimuli/test_categories_box2/nonreward/Wh_Stim_1_LblRed0613_181011133806.wav"
"2017-03-23 10:17:34,516","INFO","Trial 63 - 10:17:34 - Unrewarded - /home/fet/stimuli/test_categories_box2/nonreward/LT_Stim_5_LblGre0001_090203071001.wav"
"2017-03-23 10:17:35,434","INFO","Trial 64 - 10:17:35 - Unrewarded - /home/fet/stimuli/test_categories_box2/nonreward/Be_Stim_2_GraGre1001_140216.wav"
"2017-03-23 10:17:36,617","INFO","Trial 65 - 10:17:36 - Unrewarded - /home/fet/stimuli/test_categories_box2/nonreward/So_Stim_8_WhiBlu4818_220509.wav"
"2017-03-23 10:17:47,290","INFO","Trial 66 - 10:17:47 - Unrewarded - /home/fet/stimuli/test_categories_box2/nonreward/Be_Stim_10_LblBlu6680_01_0105_0208.wav"
"2017-03-23 10:18:00,959","INFO","Trial 67 - 10:18:00 - Unrewarded - /home/fet/stimuli/test_categories_box2/nonreward/Te_Stim_4_LblRed0613_172107132315.wav"
"2017-03-23 10:18:12,846","INFO","Trial 68 - 10:18:12 - Unrewarded - /home/fet/stimuli/test_categories_box2/nonreward/Di_Stim_5_WhiBlu4818_060606060606.wav"
"2017-03-23 10:18:12,904","INFO","Trial 69 - 10:18:12 - Rewarded - /home/fet/stimuli/test_categories_box2/reward/Tu_Stim_10_WhiLbl0010_252014131924.wav"
"2017-03-23 10:18:18,913","INFO","Supplying reward for 12.00 seconds"
"2017-03-23 10:19:08,950","INFO","Trial 70 - 10:19:08 - Unrewarded - /home/fet/stimuli/test_categories_box2/nonreward/Th_Stim_4_WhiBlu4818_030201040503.wav"
"2017-03-23 10:19:21,176","INFO","Trial 71 - 10:19:21 - Unrewarded - /home/fet/stimuli/test_categories_box2/nonreward/Te_Stim_1_PurRas20dd_201624030801.wav"
"2017-03-23 10:19:21,231","INFO","Trial 72 - 10:19:21 - Unrewarded - /home/fet/stimuli/test_categories_box2/nonreward/DC_Stim_5_BlaBla0506_181306111521.wav"
"2017-03-23 10:19:31,875","INFO","Trial 73 - 10:19:31 - Unrewarded - /home/fet/stimuli/test_categories_box2/nonreward/So_Stim_10_BluRas61dd_221710.wav"
"2017-03-23 10:19:32,750","INFO","Trial 74 - 10:19:32 - Unrewarded - /home/fet/stimuli/test_categories_box2/nonreward/Te_Stim_10_WhiBlu4818_040617191610.wav"
"2017-03-23 10:19:45,609","INFO","Trial 75 - 10:19:45 - Rewarded - /home/fet/stimuli/test_categories_box2/reward/Tu_Stim_10_LblRed0613_080706040201.wav"
"2017-03-23 10:19:51,615","INFO","Supplying reward for 12.00 seconds"
"2017-03-23 10:20:15,027","INFO","Trial 76 - 10:20:15 - Unrewarded - /home/fet/stimuli/test_categories_box2/nonreward/Ne_Stim_3_PurRas20dd_050706030203.wav"
"2017-03-23 10:20:15,902","INFO","Trial 77 - 10:20:15 - Rewarded - /home/fet/stimuli/test_categories_box2/reward/Tu_Stim_9_WhiRas44dd_180611021416.wav"
"2017-03-23 10:20:21,909","INFO","Supplying reward for 12.00 seconds"
"2017-03-23 10:21:26,438","INFO","Trial 78 - 10:21:26 - Rewarded - /home/fet/stimuli/test_categories_box2/reward/Tu_Stim_8_WhiLbl0010_120410261903.wav"
"2017-03-23 10:21:32,443","INFO","Supplying reward for 12.00 seconds"
"2017-03-23 10:22:10,204","INFO","Trial 79 - 10:22:10 - Unrewarded - /home/fet/stimuli/test_categories_box2/nonreward/So_Stim_4_WhiLbl0010_060504.wav"
"2017-03-23 10:22:11,237","INFO","Trial 80 - 10:22:11 - Unrewarded - /home/fet/stimuli/test_categories_box2/nonreward/LT_Stim_4_LblBlu6379_120218110822.wav"
"2017-03-23 10:22:12,118","INFO","Trial 81 - 10:22:12 - Unrewarded - /home/fet/stimuli/test_categories_box2/nonreward/Th_Stim_10_WhiWhi1415_170228193126.wav"
"2017-03-23 10:22:24,896","INFO","Trial 82 - 10:22:24 - Unrewarded - /home/fet/stimuli/test_categories_box2/nonreward/LT_Stim_7_LblGre0001_110401080602.wav"
"2017-03-23 10:22:33,920","INFO","Trial 83 - 10:22:33 - Unrewarded - /home/fet/stimuli/test_categories_box2/nonreward/Ne_Stim_4_HPiHPi4748_152348373010.wav"
"2017-03-23 10:22:45,196","INFO","Trial 84 - 10:22:45 - Unrewarded - /home/fet/stimuli/test_categories_box2/nonreward/Di_Stim_9_WhiBlu4818_060606060606.wav"
"2017-03-23 10:22:45,251","INFO","Trial 85 - 10:22:45 - Unrewarded - /home/fet/stimuli/test_categories_box2/nonreward/Th_Stim_3_WhiRas44dd_483312151823.wav"
"2017-03-23 10:22:59,102","INFO","Trial 86 - 10:22:59 - Unrewarded - /home/fet/stimuli/test_categories_box2/nonreward/Be_Stim_8_LblBlu1630_040104.wav"
"2017-03-23 10:23:01,553","INFO","Trial 87 - 10:23:01 - Unrewarded - /home/fet/stimuli/test_categories_box2/nonreward/DC_Stim_4_LblBla4548_192950160139.wav"
"2017-03-23 10:23:16,145","INFO","Trial 88 - 10:23:16 - Unrewarded - /home/fet/stimuli/test_categories_box2/nonreward/LT_Stim_4_LblBlu6243_062311260919.wav"
"2017-03-23 10:23:17,236","INFO","Trial 89 - 10:23:17 - Unrewarded - /home/fet/stimuli/test_categories_box2/nonreward/So_Stim_9_BlaBla0506_121506.wav"
"2017-03-23 10:23:18,773","INFO","Trial 90 - 10:23:18 - Unrewarded - /home/fet/stimuli/test_categories_box2/nonreward/LT_Stim_5_LblRas1800_060204030501.wav"
"2017-03-23 10:23:33,205","INFO","Trial 91 - 10:23:33 - Unrewarded - /home/fet/stimuli/test_categories_box2/nonreward/Be_Stim_4_LblBlu6379_01_0204_0105_01.wav"
"2017-03-23 10:24:01,455","INFO","Trial 92 - 10:24:01 - Unrewarded - /home/fet/stimuli/test_categories_box2/nonreward/So_Stim_5_YelOra2575_162423.wav"
"2017-03-23 10:24:02,419","INFO","Trial 93 - 10:24:02 - Unrewarded - /home/fet/stimuli/test_categories_box2/nonreward/Ag_Stim_5_YelOra2575_222319182010.wav"
"2017-03-23 10:24:03,292","INFO","Trial 94 - 10:24:03 - Rewarded - /home/fet/stimuli/test_categories_box2/reward/Tu_Stim_2_LblRed0613_020307010604.wav"
"2017-03-23 10:24:03,345","INFO","Trial 95 - 10:24:03 - Unrewarded - /home/fet/stimuli/test_categories_box2/nonreward/Ag_Stim_7_BluRas61dd_100412181103.wav"
"2017-03-23 10:24:17,745","INFO","Trial 96 - 10:24:17 - Unrewarded - /home/fet/stimuli/test_categories_box2/nonreward/So_Stim_10_YelOra2575_202418.wav"
"2017-03-23 10:24:38,037","INFO","Trial 97 - 10:24:38 - Unrewarded - /home/fet/stimuli/test_categories_box2/nonreward/DC_Stim_7_LblBla4548_093742314538.wav"
"2017-03-23 10:25:06,463","INFO","Trial 98 - 10:25:06 - Unrewarded - /home/fet/stimuli/test_categories_box2/nonreward/Be_Stim_4_LblBlu6243_1305_0110_02.wav"
"2017-03-23 10:25:28,098","INFO","Trial 99 - 10:25:28 - Unrewarded - /home/fet/stimuli/test_categories_box2/nonreward/Th_Stim_8_LblRed0613_020712100618.wav"
"2017-03-23 10:25:43,343","INFO","Trial 100 - 10:25:43 - Unrewarded - /home/fet/stimuli/test_categories_box2/nonreward/Be_Stim_3_LblBlu1927_030409.wav"
"2017-03-23 10:26:04,089","INFO","Trial 101 - 10:26:04 - Unrewarded - /home/fet/stimuli/test_categories_box2/nonreward/DC_Stim_3_WhiLbl0010_022115082327.wav"
"2017-03-23 10:26:27,235","INFO","Trial 102 - 10:26:27 - Unrewarded - /home/fet/stimuli/test_categories_box2/nonreward/Be_Stim_8_LblBlu1729_090807.wav"
"2017-03-23 10:26:43,259","INFO","Trial 103 - 10:26:43 - Rewarded - /home/fet/stimuli/test_categories_box2/reward/Tu_Stim_3_WhiRas44dd_212718170419.wav"
"2017-03-23 10:26:43,313","INFO","Trial 104 - 10:26:43 - Unrewarded - /home/fet/stimuli/test_categories_box2/nonreward/So_Stim_1_WhiBlu4818_040522.wav"
"2017-03-23 10:26:44,227","INFO","Trial 105 - 10:26:44 - Rewarded - /home/fet/stimuli/test_categories_box2/reward/Tu_Stim_1_WhiLbl0010_191814150803.wav"
"2017-03-23 10:26:50,235","INFO","Supplying reward for 12.00 seconds"
"2017-03-23 10:27:37,960","INFO","Trial 106 - 10:27:37 - Unrewarded - /home/fet/stimuli/test_categories_box2/nonreward/So_Stim_4_YelOra2575_111924.wav"
"2017-03-23 10:28:09,581","INFO","Trial 107 - 10:28:09 - Unrewarded - /home/fet/stimuli/test_categories_box2/nonreward/Be_Stim_9_LblGre0000_030711.wav"
"2017-03-23 10:28:10,561","INFO","Trial 108 - 10:28:10 - Unrewarded - /home/fet/stimuli/test_categories_box2/nonreward/So_Stim_8_BlaBla0506_120806.wav"
"2017-03-23 10:28:13,497","INFO","Trial 109 - 10:28:13 - Unrewarded - /home/fet/stimuli/test_categories_box2/nonreward/Te_Stim_6_WhiWhi1415_381022161513.wav"
"2017-03-23 12:39:55,348","INFO","Trial 110 - 12:39:55 - Unrewarded - /home/fet/stimuli/test_categories_box2/nonreward/Wh_Stim_3_WhiBlu5698_020604101820.wav"
"2017-03-23 12:40:04,297","INFO","Trial 111 - 12:40:04 - Unrewarded - /home/fet/stimuli/test_categories_box2/nonreward/Di_Stim_9_PurRas20dd_040104010104.wav"
"2017-03-23 12:40:15,175","INFO","Trial 112 - 12:40:15 - Unrewarded - /home/fet/stimuli/test_categories_box2/nonreward/Wh_Stim_2_WhiBlu5698_071810041119.wav"
"2017-03-23 12:40:15,939","INFO","Trial 113 - 12:40:15 - Unrewarded - /home/fet/stimuli/test_categories_box2/nonreward/Ne_Stim_10_GraGra0201_053202334831.wav"
"2017-03-23 12:40:40,978","INFO","Trial 114 - 12:40:40 - Unrewarded - /home/fet/stimuli/test_categories_box2/nonreward/Di_Stim_10_BlaBla0506_010101010101.wav"
"2017-03-23 12:40:41,032","INFO","Trial 115 - 12:40:41 - Rewarded - /home/fet/stimuli/test_categories_box2/reward/Tu_Stim_8_GreOra1817_030608111207.wav"
"2017-03-23 12:40:47,041","INFO","Supplying reward for 12.00 seconds"
"2017-03-23 12:41:11,335","INFO","Trial 116 - 12:41:11 - Unrewarded - /home/fet/stimuli/test_categories_box2/nonreward/Te_Stim_8_BlaLbl8026_180307082109.wav"
"2017-03-23 12:41:37,232","INFO","Trial 117 - 12:41:37 - Rewarded - /home/fet/stimuli/test_categories_box2/reward/Tu_Stim_7_WhiLbl0010_082607192403.wav"
"2017-03-23 12:41:43,241","INFO","Supplying reward for 12.00 seconds"
"2017-03-23 12:42:23,534","INFO","Trial 118 - 12:42:23 - Unrewarded - /home/fet/stimuli/test_categories_box2/nonreward/Ag_Stim_1_WhiLbl0010_261518110412.wav"
"2017-03-23 12:42:24,338","INFO","Trial 119 - 12:42:24 - Unrewarded - /home/fet/stimuli/test_categories_box2/nonreward/Di_Stim_6_Unknown_11_020102010202.wav"
"2017-03-23 12:42:24,391","INFO","Trial 120 - 12:42:24 - Unrewarded - /home/fet/stimuli/test_categories_box2/nonreward/Th_Stim_1_WhiGra0114_050801020607.wav"
"2017-03-23 12:42:35,792","INFO","Trial 121 - 12:42:35 - Unrewarded - /home/fet/stimuli/test_categories_box2/nonreward/So_Stim_4_LblBla4419_100105.wav"
"2017-03-23 12:42:36,916","INFO","Trial 122 - 12:42:36 - Unrewarded - /home/fet/stimuli/test_categories_box2/nonreward/Wh_Stim_9_BlaBla0506_061510140218.wav"
"2017-03-23 12:42:45,569","INFO","Trial 123 - 12:42:45 - Unrewarded - /home/fet/stimuli/test_categories_box2/nonreward/Be_Stim_2_LblBlu1927_100605.wav"
"2017-03-23 12:42:53,248","INFO","Trial 124 - 12:42:53 - Rewarded - /home/fet/stimuli/test_categories_box2/reward/Tu_Stim_2_BlaLbl8026_050806110912.wav"
"2017-03-23 12:42:53,311","INFO","Trial 125 - 12:42:53 - Unrewarded - /home/fet/stimuli/test_categories_box2/nonreward/DC_Stim_10_GreGre6364_010305041210.wav"
"2017-03-23 12:42:54,663","INFO","Trial 126 - 12:42:54 - Unrewarded - /home/fet/stimuli/test_categories_box2/nonreward/DC_Stim_2_GreOra1817_313302211001.wav"
"2017-03-23 12:43:02,705","INFO","Trial 127 - 12:43:02 - Unrewarded - /home/fet/stimuli/test_categories_box2/nonreward/Te_Stim_10_PurRas20dd_300305131410.wav"
"2017-03-23 12:43:02,760","INFO","Trial 128 - 12:43:02 - Unrewarded - /home/fet/stimuli/test_categories_box2/nonreward/Di_Stim_5_YelOra2575_110909090909.wav"
"2017-03-23 12:43:12,870","INFO","Trial 129 - 12:43:12 - Unrewarded - /home/fet/stimuli/test_categories_box2/nonreward/DC_Stim_10_BluRas61dd_231912352915.wav"
"2017-03-23 12:43:22,622","INFO","Trial 130 - 12:43:22 - Unrewarded - /home/fet/stimuli/test_categories_box2/nonreward/DC_Stim_8_WhiBlu4917_220918052006.wav"
"2017-03-23 12:43:22,681","INFO","Trial 131 - 12:43:22 - Unrewarded - /home/fet/stimuli/test_categories_box2/nonreward/LT_Stim_8_LblGre0000_051319071218.wav"
"2017-03-23 12:43:23,582","INFO","Trial 132 - 12:43:23 - Unrewarded - /home/fet/stimuli/test_categories_box2/nonreward/DC_Stim_1_BlaBla0506_060221241901.wav"
"2017-03-23 12:43:24,626","INFO","Trial 133 - 12:43:24 - Unrewarded - /home/fet/stimuli/test_categories_box2/nonreward/Di_Stim_7_BlaBla0506_010101010101.wav"
"2017-03-23 12:43:25,889","INFO","Trial 134 - 12:43:25 - Unrewarded - /home/fet/stimuli/test_categories_box2/nonreward/Di_Stim_10_Unknown_11_010201010102.wav"
"2017-03-23 12:43:25,937","INFO","Trial 135 - 12:43:25 - Unrewarded - /home/fet/stimuli/test_categories_box2/nonreward/LT_Stim_8_LblGre0001_031110050907.wav"
"2017-03-23 12:43:26,654","INFO","Trial 136 - 12:43:26 - Unrewarded - /home/fet/stimuli/test_categories_box2/nonreward/Ag_Stim_6_GreOra1817_081429163032.wav"
"2017-03-23 12:43:26,707","INFO","Trial 137 - 12:43:26 - Unrewarded - /home/fet/stimuli/test_categories_box2/nonreward/DC_Stim_2_GreGre6364_160405011114.wav"
"2017-03-23 12:43:36,056","INFO","Trial 138 - 12:43:36 - Unrewarded - /home/fet/stimuli/test_categories_box2/nonreward/LT_Stim_2_WhiBlu3414_231105030102.wav"
"2017-03-23 12:43:47,114","INFO","Trial 139 - 12:43:47 - Unrewarded - /home/fet/stimuli/test_categories_box2/nonreward/LT_Stim_8_WhiBlu3615_050406020701.wav"
"2017-03-23 12:43:47,169","INFO","Trial 140 - 12:43:47 - Unrewarded - /home/fet/stimuli/test_categories_box2/nonreward/Th_Stim_3_WhiBlu5698_060704010607.wav"
"2017-03-23 12:43:56,810","INFO","Trial 141 - 12:43:56 - Unrewarded - /home/fet/stimuli/test_categories_box2/nonreward/Be_Stim_9_GraGre1001_051611.wav"
"2017-03-23 12:44:06,170","INFO","Trial 142 - 12:44:06 - Unrewarded - /home/fet/stimuli/test_categories_box2/nonreward/Te_Stim_2_WhiBlu4818_171903102013.wav"
"2017-03-23 12:44:19,967","INFO","Trial 143 - 12:44:19 - Unrewarded - /home/fet/stimuli/test_categories_box2/nonreward/LT_Stim_6_WhiBlu3414_071417102512.wav"
"2017-03-23 12:44:20,021","INFO","Trial 144 - 12:44:20 - Unrewarded - /home/fet/stimuli/test_categories_box2/nonreward/So_Stim_3_WhiLbl0010_040607.wav"
"2017-03-23 12:44:20,973","INFO","Trial 145 - 12:44:20 - Unrewarded - /home/fet/stimuli/test_categories_box2/nonreward/Wh_Stim_9_LblRed0613_233233150422.wav"
"2017-03-23 12:44:21,030","INFO","Trial 146 - 12:44:21 - Rewarded - /home/fet/stimuli/test_categories_box2/reward/Tu_Stim_3_GraGra0201_212002191710.wav"
"2017-03-23 12:44:27,037","INFO","Supplying reward for 12.00 seconds"
"2017-03-23 12:45:13,731","INFO","Trial 147 - 12:45:13 - Unrewarded - /home/fet/stimuli/test_categories_box2/nonreward/Ne_Stim_5_BluRas07dd_210822060512.wav"
"2017-03-23 12:45:23,668","INFO","Trial 148 - 12:45:23 - Unrewarded - /home/fet/stimuli/test_categories_box2/nonreward/Wh_Stim_8_GreGre2522_010302020102.wav"
"2017-03-23 12:45:23,718","INFO","Trial 149 - 12:45:23 - Unrewarded - /home/fet/stimuli/test_categories_box2/nonreward/Ag_Stim_3_GraGra0201_060508090412.wav"
"2017-03-23 12:45:24,587","INFO","Trial 150 - 12:45:24 - Unrewarded - /home/fet/stimuli/test_categories_box2/nonreward/Ne_Stim_7_PurRas20dd_020805070601.wav"
"2017-03-23 12:45:34,034","INFO","Trial 151 - 12:45:34 - Unrewarded - /home/fet/stimuli/test_categories_box2/nonreward/LT_Stim_5_WhiBlu0112_031724272005.wav"
"2017-03-23 12:45:34,958","INFO","Trial 152 - 12:45:34 - Unrewarded - /home/fet/stimuli/test_categories_box2/nonreward/Ne_Stim_6_BluRas07dd_100119180902.wav"
"2017-03-23 12:45:35,011","INFO","Trial 153 - 12:45:35 - Unrewarded - /home/fet/stimuli/test_categories_box2/nonreward/Ne_Stim_2_GreOra1817_050914060810.wav"
"2017-03-23 12:45:36,261","INFO","Trial 154 - 12:45:36 - Unrewarded - /home/fet/stimuli/test_categories_box2/nonreward/So_Stim_6_WhiLbl0010_070508.wav"
"2017-03-23 12:45:36,310","INFO","Trial 155 - 12:45:36 - Unrewarded - /home/fet/stimuli/test_categories_box2/nonreward/So_Stim_8_WhiLbl0010_050408.wav"
"2017-03-23 12:45:43,793","INFO","Trial 156 - 12:45:43 - Unrewarded - /home/fet/stimuli/test_categories_box2/nonreward/LT_Stim_7_WhiBlu3414_031014021122.wav"
"2017-03-23 12:45:54,684","INFO","Trial 157 - 12:45:54 - Rewarded - /home/fet/stimuli/test_categories_box2/reward/Tu_Stim_5_YelOra2575_110526181722.wav"
"2017-03-23 12:45:54,738","INFO","Trial 158 - 12:45:54 - Unrewarded - /home/fet/stimuli/test_categories_box2/nonreward/Di_Stim_1_PurRas20dd_010401010404.wav"
"2017-03-23 12:45:55,669","INFO","Trial 159 - 12:45:55 - Unrewarded - /home/fet/stimuli/test_categories_box2/nonreward/DC_Stim_4_GreOra1817_161510272317.wav"
"2017-03-23 12:45:55,722","INFO","Trial 160 - 12:45:55 - Unrewarded - /home/fet/stimuli/test_categories_box2/nonreward/Te_Stim_2_WhiGra0114_201905100711.wav"
"2017-03-23 12:46:06,524","INFO","Trial 161 - 12:46:06 - Unrewarded - /home/fet/stimuli/test_categories_box2/nonreward/Te_Stim_5_BlaLbl8026_100621080907.wav"
"2017-03-23 12:46:06,578","INFO","Trial 162 - 12:46:06 - Unrewarded - /home/fet/stimuli/test_categories_box2/nonreward/Th_Stim_1_HPiHPi4748_052725211706.wav"
"2017-03-23 12:46:15,811","INFO","Trial 163 - 12:46:15 - Rewarded - /home/fet/stimuli/test_categories_box2/reward/Tu_Stim_5_LblRed0613_010402060503.wav"
"2017-03-23 12:46:15,865","INFO","Trial 164 - 12:46:15 - Unrewarded - /home/fet/stimuli/test_categories_box2/nonreward/Be_Stim_5_GraGre0813_041207.wav"
"2017-03-23 12:46:16,690","INFO","Trial 165 - 12:46:16 - Unrewarded - /home/fet/stimuli/test_categories_box2/nonreward/Ag_Stim_6_WhiBlu5698_081107061304.wav"
"2017-03-23 12:46:17,480","INFO","Trial 166 - 12:46:17 - Unrewarded - /home/fet/stimuli/test_categories_box2/nonreward/Wh_Stim_2_YelGre5275_101211070501.wav"
"2017-03-23 12:46:18,410","INFO","Trial 167 - 12:46:18 - Rewarded - /home/fet/stimuli/test_categories_box2/reward/Tu_Stim_5_WhiLbl0010_092026030713.wav"
"2017-03-23 12:46:18,464","INFO","Trial 168 - 12:46:18 - Unrewarded - /home/fet/stimuli/test_categories_box2/nonreward/LT_Stim_8_LblBlu6379_062209041408.wav"
"2017-03-23 12:46:19,384","INFO","Trial 169 - 12:46:19 - Unrewarded - /home/fet/stimuli/test_categories_box2/nonreward/Wh_Stim_9_LblBla4419_150110041408.wav"
"2017-03-23 12:46:32,174","INFO","Trial 170 - 12:46:32 - Rewarded - /home/fet/stimuli/test_categories_box2/reward/Tu_Stim_4_BlaLbl8026_081107050612.wav"
"2017-03-23 12:46:38,183","INFO","Supplying reward for 12.00 seconds"
"2017-03-23 12:51:37,051","INFO","Trial 171 - 12:51:37 - Unrewarded - /home/fet/stimuli/test_categories_box2/nonreward/Wh_Stim_2_HPiHPi4748_243225301217.wav"
"2017-03-23 12:51:37,687","INFO","Trial 172 - 12:51:37 - Unrewarded - /home/fet/stimuli/test_categories_box2/nonreward/Te_Stim_5_WhiGra0114_100519110714.wav"
"2017-03-23 12:51:55,592","INFO","Trial 173 - 12:51:55 - Unrewarded - /home/fet/stimuli/test_categories_box2/nonreward/Be_Stim_3_GraRas1500_010406.wav"
"2017-03-23 12:51:56,195","INFO","Trial 174 - 12:51:56 - Rewarded - /home/fet/stimuli/test_categories_box2/reward/Tu_Stim_10_GraLbl0457_160413030110.wav"
"2017-03-23 12:52:02,204","INFO","Supplying reward for 12.00 seconds"
"2017-03-23 12:52:55,364","INFO","Trial 175 - 12:52:55 - Unrewarded - /home/fet/stimuli/test_categories_box2/nonreward/Be_Stim_7_LblBlu6243_1907_0102.wav"
"2017-03-23 12:53:05,007","INFO","Trial 176 - 12:53:05 - Unrewarded - /home/fet/stimuli/test_categories_box2/nonreward/Di_Stim_6_HPiHPi4748_030503030503.wav"
"2017-03-23 12:53:24,322","INFO","Trial 177 - 12:53:24 - Rewarded - /home/fet/stimuli/test_categories_box2/reward/Tu_Stim_5_WhiRas44dd_090216040610.wav"
"2017-03-23 12:53:30,328","INFO","Supplying reward for 12.00 seconds"
"2017-03-23 12:54:00,781","INFO","Trial 178 - 12:54:00 - Unrewarded - /home/fet/stimuli/test_categories_box2/nonreward/DC_Stim_3_GreOra1817_090820042217.wav"
"2017-03-23 12:54:01,602","INFO","Trial 179 - 12:54:01 - Unrewarded - /home/fet/stimuli/test_categories_box2/nonreward/Be_Stim_7_LblBlu6379_0201_0207_02.wav"
"2017-03-23 12:54:02,708","INFO","Trial 180 - 12:54:02 - Unrewarded - /home/fet/stimuli/test_categories_box2/nonreward/Ag_Stim_4_WhiBlu5698_041413060711.wav"
"2017-03-23 12:54:08,558","INFO","Trial 181 - 12:54:08 - Unrewarded - /home/fet/stimuli/test_categories_box2/nonreward/Th_Stim_4_WhiGra0114_070102080605.wav"
"2017-03-23 12:54:22,799","INFO","Trial 182 - 12:54:22 - Rewarded - /home/fet/stimuli/test_categories_box2/reward/Tu_Stim_8_GraGra0201_141018200802.wav"
"2017-03-23 12:54:28,805","INFO","Supplying reward for 12.00 seconds"
"2017-03-23 12:56:58,124","INFO","Trial 183 - 12:56:58 - Rewarded - /home/fet/stimuli/test_categories_box2/reward/Tu_Stim_4_GreOra1817_080213180604.wav"
"2017-03-23 12:57:04,130","INFO","Supplying reward for 12.00 seconds"
"2017-03-23 12:57:33,005","INFO","Trial 184 - 12:57:33 - Unrewarded - /home/fet/stimuli/test_categories_box2/nonreward/Wh_Stim_1_LblBla4419_170116141302.wav"
"2017-03-23 12:57:34,206","INFO","Trial 185 - 12:57:34 - Unrewarded - /home/fet/stimuli/test_categories_box2/nonreward/Th_Stim_3_Unknown000_071101091003.wav"
"2017-03-23 12:57:47,117","INFO","Trial 186 - 12:57:47 - Rewarded - /home/fet/stimuli/test_categories_box2/reward/Tu_Stim_6_HPiHPi4748_120523072809.wav"
"2017-03-23 12:57:53,123","INFO","Supplying reward for 12.00 seconds"
"2017-03-23 12:58:40,051","INFO","Trial 187 - 12:58:40 - Unrewarded - /home/fet/stimuli/test_categories_box2/nonreward/LT_Stim_8_LblRas1800_020305060104.wav"
"2017-03-23 12:58:41,195","INFO","Trial 188 - 12:58:41 - Unrewarded - /home/fet/stimuli/test_categories_box2/nonreward/Th_Stim_2_Unknown_11_040905100301.wav"
"2017-03-23 12:58:41,253","INFO","Trial 189 - 12:58:41 - Rewarded - /home/fet/stimuli/test_categories_box2/reward/Tu_Stim_3_BlaLbl8026_090710110612.wav"
"2017-03-23 12:58:47,262","INFO","Supplying reward for 12.00 seconds"
"2017-03-23 12:59:34,669","INFO","Trial 190 - 12:59:34 - Unrewarded - /home/fet/stimuli/test_categories_box2/nonreward/Ag_Stim_4_BlaLbl8026_020306242120.wav"
"2017-03-23 12:59:35,440","INFO","Trial 191 - 12:59:35 - Unrewarded - /home/fet/stimuli/test_categories_box2/nonreward/Te_Stim_4_WhiGra0114_211002071405.wav"
"2017-03-23 12:59:48,678","INFO","Trial 192 - 12:59:48 - Unrewarded - /home/fet/stimuli/test_categories_box2/nonreward/Ne_Stim_6_PurRas20dd_020105030308.wav"
"2017-03-23 12:59:59,501","INFO","Trial 193 - 12:59:59 - Unrewarded - /home/fet/stimuli/test_categories_box2/nonreward/Be_Stim_2_LblGre0000_010706.wav"
"2017-03-23 13:00:00,497","INFO","Trial 194 - 13:00:00 - Unrewarded - /home/fet/stimuli/test_categories_box2/nonreward/Be_Stim_5_LblGre0000_011210.wav"
"2017-03-23 13:00:02,084","INFO","Trial 195 - 13:00:02 - Rewarded - /home/fet/stimuli/test_categories_box2/reward/Tu_Stim_3_HPiHPi4748_092210071229.wav"
"2017-03-23 13:00:08,092","INFO","Supplying reward for 12.00 seconds"
"2017-03-23 13:01:17,423","INFO","Trial 196 - 13:01:17 - Unrewarded - /home/fet/stimuli/test_categories_box2/nonreward/Di_Stim_7_WhiBlu4917_010101010101.wav"
"2017-03-23 13:01:19,088","INFO","Trial 197 - 13:01:19 - Rewarded - /home/fet/stimuli/test_categories_box2/reward/Tu_Stim_5_HPiHPi4748_060416251412.wav"
"2017-03-23 13:01:25,096","INFO","Supplying reward for 12.00 seconds"
"2017-03-23 13:01:58,494","INFO","Trial 198 - 13:01:58 - Unrewarded - /home/fet/stimuli/test_categories_box2/nonreward/Te_Stim_10_BlaLbl8026_030923142118.wav"
"2017-03-23 13:01:59,651","INFO","Trial 199 - 13:01:59 - Unrewarded - /home/fet/stimuli/test_categories_box2/nonreward/LT_Stim_3_LblBlu6379_031415162322.wav"
"2017-03-23 13:02:09,491","INFO","Trial 200 - 13:02:09 - Unrewarded - /home/fet/stimuli/test_categories_box2/nonreward/Wh_Stim_10_YelGre5275_070106140911.wav"
"2017-03-23 13:02:10,645","INFO","Trial 201 - 13:02:10 - Unrewarded - /home/fet/stimuli/test_categories_box2/nonreward/Wh_Stim_7_LblRed0613_302126201140.wav"
"2017-03-23 13:02:11,582","INFO","Trial 202 - 13:02:11 - Rewarded - /home/fet/stimuli/test_categories_box2/reward/Tu_Stim_4_LblRed0613_030805070106.wav"
"2017-03-23 13:02:17,588","INFO","Supplying reward for 12.00 seconds"
"2017-03-23 13:02:45,618","INFO","Trial 203 - 13:02:45 - Unrewarded - /home/fet/stimuli/test_categories_box2/nonreward/Wh_Stim_1_WhiWhi1415_010101010101.wav"
"2017-03-23 13:03:02,555","INFO","Trial 204 - 13:03:02 - Unrewarded - /home/fet/stimuli/test_categories_box2/nonreward/Th_Stim_10_Unknown_11_080504020903.wav"
"2017-03-23 13:03:17,148","INFO","Trial 205 - 13:03:17 - Rewarded - /home/fet/stimuli/test_categories_box2/reward/Tu_Stim_6_YelGre5275_072920121419.wav"
"2017-03-23 13:03:23,154","INFO","Supplying reward for 12.00 seconds"
"2017-03-23 13:04:04,501","INFO","Trial 206 - 13:04:04 - Rewarded - /home/fet/stimuli/test_categories_box2/reward/Tu_Stim_6_GreOra1817_010506161403.wav"
"2017-03-23 13:04:10,510","INFO","Supplying reward for 12.00 seconds"
"2017-03-23 13:04:36,989","INFO","Trial 207 - 13:04:36 - Unrewarded - /home/fet/stimuli/test_categories_box2/nonreward/So_Stim_1_GraLbl0457_031210.wav"
"2017-03-23 13:04:44,535","INFO","Trial 208 - 13:04:44 - Rewarded - /home/fet/stimuli/test_categories_box2/reward/Tu_Stim_6_WhiLbl0010_031625231809.wav"
"2017-03-23 13:04:50,542","INFO","Supplying reward for 12.00 seconds"
"2017-03-23 13:05:39,821","INFO","Trial 209 - 13:05:39 - Rewarded - /home/fet/stimuli/test_categories_box2/reward/Tu_Stim_2_GraLbl0457_161504031202.wav"
"2017-03-23 13:05:45,828","INFO","Supplying reward for 12.00 seconds"
"2017-03-23 13:06:09,211","INFO","Trial 210 - 13:06:09 - Unrewarded - /home/fet/stimuli/test_categories_box2/nonreward/Wh_Stim_9_GreGre2522_010302020301.wav"
"2017-03-23 13:06:22,375","INFO","Trial 211 - 13:06:22 - Unrewarded - /home/fet/stimuli/test_categories_box2/nonreward/Be_Stim_7_GraGre1001_160804.wav"
"2017-03-23 13:06:24,003","INFO","Trial 212 - 13:06:24 - Unrewarded - /home/fet/stimuli/test_categories_box2/nonreward/Th_Stim_6_Unknown_11_080902100706.wav"
"2017-03-23 13:06:45,139","INFO","Trial 213 - 13:06:45 - Rewarded - /home/fet/stimuli/test_categories_box2/reward/Tu_Stim_5_BluRas07dd_072206030204.wav"
"2017-03-23 13:06:51,146","INFO","Supplying reward for 12.00 seconds"
"2017-03-23 13:07:26,696","INFO","Trial 214 - 13:07:26 - Unrewarded - /home/fet/stimuli/test_categories_box2/nonreward/Be_Stim_9_LblBlu1927_121510.wav"
"2017-03-23 13:07:29,356","INFO","Trial 215 - 13:07:29 - Unrewarded - /home/fet/stimuli/test_categories_box2/nonreward/Wh_Stim_10_LblBla4419_091501050312.wav"
"2017-03-23 14:22:13,401","INFO","Trial 216 - 14:22:13 - Unrewarded - /home/fet/stimuli/test_categories_box2/nonreward/Th_Stim_4_LblRed0613_070406021008.wav"
"2017-03-23 14:22:14,796","INFO","Trial 217 - 14:22:14 - Rewarded - /home/fet/stimuli/test_categories_box2/reward/Tu_Stim_5_PurRas20dd_020705080401.wav"
"2017-03-23 14:22:20,803","INFO","Supplying reward for 12.00 seconds"
"2017-03-23 14:22:24,985","INFO","Trial 218 - 14:22:24 - Rewarded - /home/fet/stimuli/test_categories_box2/reward/Tu_Stim_4_BluRas07dd_030115201104.wav"
"2017-03-23 14:22:30,993","INFO","Supplying reward for 12.00 seconds"
"2017-03-23 14:23:28,411","INFO","Trial 219 - 14:23:28 - Unrewarded - /home/fet/stimuli/test_categories_box2/nonreward/DC_Stim_5_LblBla4548_013718303641.wav"
"2017-03-23 14:23:28,469","INFO","Trial 220 - 14:23:28 - Unrewarded - /home/fet/stimuli/test_categories_box2/nonreward/Wh_Stim_8_BlaBla0506_161413150218.wav"
"2017-03-23 14:23:29,174","INFO","Trial 221 - 14:23:29 - Unrewarded - /home/fet/stimuli/test_categories_box2/nonreward/So_Stim_9_RedRas3600_050106.wav"
"2017-03-23 14:23:29,227","INFO","Trial 222 - 14:23:29 - Unrewarded - /home/fet/stimuli/test_categories_box2/nonreward/Th_Stim_1_Unknown_11_090206041005.wav"
"2017-03-23 15:49:29,713","INFO","Trial 223 - 15:49:29 - Rewarded - /home/fet/stimuli/test_categories_box2/reward/Tu_Stim_4_GraGra0201_090613071911.wav"
"2017-03-23 15:49:29,771","INFO","Trial 224 - 15:49:29 - Unrewarded - /home/fet/stimuli/test_categories_box2/nonreward/LT_Stim_4_WhiBlu3414_011522210311.wav"
"2017-03-23 15:49:30,742","INFO","Trial 225 - 15:49:30 - Unrewarded - /home/fet/stimuli/test_categories_box2/nonreward/DC_Stim_7_LblRed0613_241207082331.wav"
"2017-03-23 15:49:30,779","INFO","Trial 226 - 15:49:30 - Unrewarded - /home/fet/stimuli/test_categories_box2/nonreward/Wh_Stim_2_GraGra0201_050402010605.wav"
"2017-03-23 15:49:31,929","INFO","Trial 227 - 15:49:31 - Unrewarded - /home/fet/stimuli/test_categories_box2/nonreward/Th_Stim_10_WhiRas44dd_044534322629.wav"
"2017-03-23 15:49:31,973","INFO","Trial 228 - 15:49:31 - Rewarded - /home/fet/stimuli/test_categories_box2/reward/Tu_Stim_2_BluRas07dd_051006041418.wav"
"2017-03-23 15:49:37,978","INFO","Supplying reward for 12.00 seconds"
"2017-03-23 15:51:09,071","INFO","Trial 229 - 15:51:09 - Unrewarded - /home/fet/stimuli/test_categories_box2/nonreward/Th_Stim_4_WhiBlu5698_040701060101.wav"
"2017-03-23 15:51:10,412","INFO","Trial 230 - 15:51:10 - Unrewarded - /home/fet/stimuli/test_categories_box2/nonreward/Th_Stim_7_HPiHPi4748_280221181907.wav"
"2017-03-23 15:51:10,461","INFO","Trial 231 - 15:51:10 - Unrewarded - /home/fet/stimuli/test_categories_box2/nonreward/Di_Stim_9_YelOra2575_110909090911.wav"
"2017-03-23 15:51:11,334","INFO","Trial 232 - 15:51:11 - Unrewarded - /home/fet/stimuli/test_categories_box2/nonreward/DC_Stim_6_WhiLbl0010_092718083015.wav"
"2017-03-23 15:51:11,903","INFO","Trial 233 - 15:51:11 - Unrewarded - /home/fet/stimuli/test_categories_box2/nonreward/Wh_Stim_7_HPiHPi4748_222517051031.wav"
"2017-03-23 15:51:11,956","INFO","Trial 234 - 15:51:11 - Unrewarded - /home/fet/stimuli/test_categories_box2/nonreward/So_Stim_2_YelGre5275_340833.wav"
"2017-03-23 15:51:12,668","INFO","Trial 235 - 15:51:12 - Unrewarded - /home/fet/stimuli/test_categories_box2/nonreward/Te_Stim_4_WhiBlu5698_132614241915.wav"
"2017-03-23 15:51:12,718","INFO","Trial 236 - 15:51:12 - Unrewarded - /home/fet/stimuli/test_categories_box2/nonreward/LT_Stim_3_LblBlu1927_010101010101.wav"
"2017-03-23 15:51:13,623","INFO","Trial 237 - 15:51:13 - Unrewarded - /home/fet/stimuli/test_categories_box2/nonreward/Te_Stim_3_BlaLbl8026_112009040621.wav"
"2017-03-23 15:51:13,676","INFO","Trial 238 - 15:51:13 - Unrewarded - /home/fet/stimuli/test_categories_box2/nonreward/Ag_Stim_9_BlaLbl8026_032122040624.wav"
"2017-03-23 15:51:35,276","INFO","Trial 239 - 15:51:35 - Unrewarded - /home/fet/stimuli/test_categories_box2/nonreward/DC_Stim_7_WhiRas44dd_071409102229.wav"
"2017-03-23 15:51:50,938","INFO","Trial 240 - 15:51:50 - Unrewarded - /home/fet/stimuli/test_categories_box2/nonreward/LT_Stim_3_WhiBlu0112_021826110421.wav"
"2017-03-23 15:51:50,992","INFO","Trial 241 - 15:51:50 - Unrewarded - /home/fet/stimuli/test_categories_box2/nonreward/So_Stim_3_WhiBlu4818_220405.wav"
"2017-03-23 15:52:02,471","INFO","Trial 242 - 15:52:02 - Rewarded - /home/fet/stimuli/test_categories_box2/reward/Tu_Stim_7_HPiHPi4748_293025090428.wav"
"2017-03-23 15:52:02,526","INFO","Trial 243 - 15:52:02 - Unrewarded - /home/fet/stimuli/test_categories_box2/nonreward/Ag_Stim_3_GreWhi1242_010101010101.wav"
"2017-03-23 15:52:15,905","INFO","Trial 244 - 15:52:15 - Unrewarded - /home/fet/stimuli/test_categories_box2/nonreward/Ne_Stim_8_BluRas07dd_010621191105.wav"
"2017-03-23 15:52:15,956","INFO","Trial 245 - 15:52:15 - Unrewarded - /home/fet/stimuli/test_categories_box2/nonreward/LT_Stim_1_LblGre0000_101404121916.wav"
"2017-03-23 15:52:30,896","INFO","Trial 246 - 15:52:30 - Unrewarded - /home/fet/stimuli/test_categories_box2/nonreward/Wh_Stim_6_GraGra0201_050601020505.wav"
"2017-03-23 16:03:24,806","INFO","Trial 247 - 16:03:24 - Unrewarded - /home/fet/stimuli/test_categories_box2/nonreward/Te_Stim_9_BluRas07dd_171511211410.wav"
"2017-03-23 16:03:24,861","INFO","Trial 248 - 16:03:24 - Unrewarded - /home/fet/stimuli/test_categories_box2/nonreward/Wh_Stim_4_GraGra0201_010205040506.wav"
"2017-03-23 16:03:25,823","INFO","Trial 249 - 16:03:25 - Unrewarded - /home/fet/stimuli/test_categories_box2/nonreward/LT_Stim_6_LblBlu6243_242710031708.wav"
"2017-03-23 16:03:39,842","INFO","Trial 250 - 16:03:39 - Rewarded - /home/fet/stimuli/test_categories_box2/reward/Tu_Stim_4_PurRas20dd_030608090504.wav"
"2017-03-23 16:03:45,848","INFO","Supplying reward for 12.00 seconds"
"2017-03-23 16:05:46,194","INFO","Trial 251 - 16:05:46 - Unrewarded - /home/fet/stimuli/test_categories_box2/nonreward/DC_Stim_8_GreOra1817_201606320910.wav"
"2017-03-23 16:05:47,285","INFO","Trial 252 - 16:05:47 - Unrewarded - /home/fet/stimuli/test_categories_box2/nonreward/Di_Stim_8_YelOra2575_110909091109.wav"
"2017-03-23 16:05:47,338","INFO","Trial 253 - 16:05:47 - Rewarded - /home/fet/stimuli/test_categories_box2/reward/Tu_Stim_7_GraGra0201_151211020417.wav"
"2017-03-23 16:05:53,346","INFO","Supplying reward for 12.00 seconds"
"2017-03-23 16:07:04,442","INFO","Trial 254 - 16:07:04 - Unrewarded - /home/fet/stimuli/test_categories_box2/nonreward/Wh_Stim_8_WhiBlu5698_021807152019.wav"
"2017-03-23 16:07:04,497","INFO","Trial 255 - 16:07:04 - Unrewarded - /home/fet/stimuli/test_categories_box2/nonreward/Ne_Stim_7_Unknown01F_010201010101.wav"
"2017-03-23 16:07:18,786","INFO","Trial 256 - 16:07:18 - Unrewarded - /home/fet/stimuli/test_categories_box2/nonreward/Th_Stim_2_WhiBlu4818_050301020401.wav"
"2017-03-23 16:07:18,841","INFO","Trial 257 - 16:07:18 - Unrewarded - /home/fet/stimuli/test_categories_box2/nonreward/Wh_Stim_4_WhiBlu5698_182015110410.wav"
"2017-03-23 16:07:22,142","INFO","Trial 258 - 16:07:22 - Unrewarded - /home/fet/stimuli/test_categories_box2/nonreward/Te_Stim_8_WhiBlu4818_061601042017.wav"
"2017-03-23 16:07:22,200","INFO","Trial 259 - 16:07:22 - Unrewarded - /home/fet/stimuli/test_categories_box2/nonreward/Be_Stim_6_GraGre0813_011203.wav"
"2017-03-23 16:07:43,439","INFO","Trial 260 - 16:07:43 - Unrewarded - /home/fet/stimuli/test_categories_box2/nonreward/LT_Stim_6_WhiBlu3615_070605010302.wav"
"2017-03-23 16:08:26,803","INFO","Trial 261 - 16:08:26 - Unrewarded - /home/fet/stimuli/test_categories_box2/nonreward/Ag_Stim_9_GreOra1817_141312331707.wav"
"2017-03-23 16:08:27,816","INFO","Trial 262 - 16:08:27 - Rewarded - /home/fet/stimuli/test_categories_box2/reward/Tu_Stim_9_HPiHPi4748_091518072826.wav"
"2017-03-23 16:08:27,856","INFO","Trial 263 - 16:08:27 - Rewarded - /home/fet/stimuli/test_categories_box2/reward/Tu_Stim_4_GraLbl0457_110106160304.wav"
"2017-03-23 16:08:33,865","INFO","Supplying reward for 12.00 seconds"
"2017-03-23 16:09:11,230","INFO","Trial 264 - 16:09:11 - Unrewarded - /home/fet/stimuli/test_categories_box2/nonreward/Be_Stim_7_LblBlu1630_030504_b..wav"
"2017-03-23 16:09:11,285","INFO","Trial 265 - 16:09:11 - Rewarded - /home/fet/stimuli/test_categories_box2/reward/Tu_Stim_10_BluRas07dd_232009071902.wav"
"2017-03-23 16:09:17,293","INFO","Supplying reward for 12.00 seconds"
"2017-03-23 16:12:21,090","INFO","Trial 266 - 16:12:21 - Unrewarded - /home/fet/stimuli/test_categories_box2/nonreward/So_Stim_5_GraLbl0457_060711.wav"
"2017-03-23 16:12:21,148","INFO","Trial 267 - 16:12:21 - Unrewarded - /home/fet/stimuli/test_categories_box2/nonreward/Ne_Stim_5_BlaBla0506_120505130205.wav"
"2017-03-23 16:12:34,852","INFO","Trial 268 - 16:12:34 - Unrewarded - /home/fet/stimuli/test_categories_box2/nonreward/Wh_Stim_8_GraGra0201_050506050201.wav"
"2017-03-23 16:12:34,903","INFO","Trial 269 - 16:12:34 - Rewarded - /home/fet/stimuli/test_categories_box2/reward/Tu_Stim_1_GraGra0201_090608200115.wav"
"2017-03-23 16:12:40,910","INFO","Supplying reward for 12.00 seconds"
"2017-03-23 16:13:54,180","INFO","Trial 270 - 16:13:54 - Unrewarded - /home/fet/stimuli/test_categories_box2/nonreward/Ne_Stim_3_GraGra0201_054512273438.wav"
"2017-03-23 16:13:54,222","INFO","Trial 271 - 16:13:54 - Unrewarded - /home/fet/stimuli/test_categories_box2/nonreward/Wh_Stim_3_YelGre5275_120608140504.wav"
"2017-03-23 16:13:54,964","INFO","Trial 272 - 16:13:54 - Unrewarded - /home/fet/stimuli/test_categories_box2/nonreward/Di_Stim_1_HPiHPi4748_030503050503.wav"
"2017-03-23 16:13:55,013","INFO","Trial 273 - 16:13:55 - Unrewarded - /home/fet/stimuli/test_categories_box2/nonreward/Te_Stim_1_BlaLbl8026_201308090611.wav"
"2017-03-23 16:14:07,954","INFO","Trial 274 - 16:14:07 - Rewarded - /home/fet/stimuli/test_categories_box2/reward/Tu_Stim_5_GraGra0201_101112180719.wav"
"2017-03-23 16:14:13,963","INFO","Supplying reward for 12.00 seconds"
"2017-03-23 16:15:13,168","INFO","Trial 275 - 16:15:13 - Rewarded - /home/fet/stimuli/test_categories_box2/reward/Tu_Stim_4_WhiRas44dd_020706052123.wav"
"2017-03-23 16:15:19,177","INFO","Supplying reward for 12.00 seconds"
"2017-03-23 16:16:09,973","INFO","Trial 276 - 16:16:09 - Rewarded - /home/fet/stimuli/test_categories_box2/reward/Tu_Stim_6_WhiRas44dd_182702031307.wav"
"2017-03-23 16:16:15,978","INFO","Supplying reward for 12.00 seconds"
"2017-03-23 16:17:06,028","INFO","Trial 277 - 16:17:06 - Unrewarded - /home/fet/stimuli/test_categories_box2/nonreward/So_Stim_8_YelOra2575_132625.wav"
"2017-03-23 16:17:06,083","INFO","Trial 278 - 16:17:06 - Rewarded - /home/fet/stimuli/test_categories_box2/reward/Tu_Stim_6_BlaLbl8026_080510061207.wav"
"2017-03-23 16:17:12,090","INFO","Supplying reward for 12.00 seconds"
"2017-03-23 16:17:54,461","INFO","Trial 279 - 16:17:54 - Unrewarded - /home/fet/stimuli/test_categories_box2/nonreward/Th_Stim_10_Unknown000_020106041005.wav"
"2017-03-23 16:18:09,726","INFO","Trial 280 - 16:18:09 - Rewarded - /home/fet/stimuli/test_categories_box2/reward/Tu_Stim_3_GraLbl0457_010315021016.wav"
"2017-03-23 16:18:15,735","INFO","Supplying reward for 12.00 seconds"
"2017-03-23 16:18:49,091","INFO","Trial 281 - 16:18:49 - Unrewarded - /home/fet/stimuli/test_categories_box2/nonreward/Te_Stim_8_WhiGra0114_141011211920.wav"
"2017-03-23 16:18:49,145","INFO","Trial 282 - 16:18:49 - Rewarded - /home/fet/stimuli/test_categories_box2/reward/Tu_Stim_10_WhiRas44dd_170621041602.wav"
"2017-03-23 16:18:55,153","INFO","Supplying reward for 12.00 seconds"
"2017-03-23 16:20:22,954","INFO","Trial 283 - 16:20:22 - Rewarded - /home/fet/stimuli/test_categories_box2/reward/Tu_Stim_1_GraLbl0457_061411160412.wav"
"2017-03-23 16:20:28,964","INFO","Supplying reward for 12.00 seconds"
"2017-03-23 16:21:13,075","INFO","Trial 284 - 16:21:13 - Rewarded - /home/fet/stimuli/test_categories_box2/reward/Tu_Stim_3_GreOra1817_090306071814.wav"
"2017-03-23 16:21:19,084","INFO","Supplying reward for 12.00 seconds"
"2017-03-23 17:57:13,124","INFO","Trial 285 - 17:57:13 - Unrewarded - /home/fet/stimuli/test_categories_box2/nonreward/Wh_Stim_8_LblRed0613_143740323829.wav"
"2017-03-23 17:57:13,175","INFO","Trial 286 - 17:57:13 - Unrewarded - /home/fet/stimuli/test_categories_box2/nonreward/Di_Stim_3_BlaLbl8026_010302030101.wav"
"2017-03-23 17:57:25,261","INFO","Trial 287 - 17:57:25 - Unrewarded - /home/fet/stimuli/test_categories_box2/nonreward/Th_Stim_9_BlaBla0506_030502040101.wav"
"2017-03-23 17:57:25,311","INFO","Trial 288 - 17:57:25 - Unrewarded - /home/fet/stimuli/test_categories_box2/nonreward/Be_Stim_6_GraRas1500_040305.wav"
"2017-03-23 17:57:40,072","INFO","Trial 289 - 17:57:40 - Unrewarded - /home/fet/stimuli/test_categories_box2/nonreward/Be_Stim_1_GraGre1001_070507.wav"
"2017-03-23 17:57:40,123","INFO","Trial 290 - 17:57:40 - Unrewarded - /home/fet/stimuli/test_categories_box2/nonreward/DC_Stim_6_WhiRas44dd_261722240613.wav"
"2017-03-23 17:57:48,494","INFO","Trial 291 - 17:57:48 - Unrewarded - /home/fet/stimuli/test_categories_box2/nonreward/Ne_Stim_1_Unknown01F_020102010201.wav"
"2017-03-23 17:57:48,552","INFO","Trial 292 - 17:57:48 - Rewarded - /home/fet/stimuli/test_categories_box2/reward/Tu_Stim_1_LblRed0613_060701040308.wav"
"2017-03-23 17:57:54,561","INFO","Supplying reward for 12.00 seconds"
"2017-03-23 17:58:23,998","INFO","Trial 293 - 17:58:23 - Rewarded - /home/fet/stimuli/test_categories_box2/reward/Tu_Stim_3_PurRas20dd_090508010304.wav"
"2017-03-23 17:58:24,052","INFO","Trial 294 - 17:58:24 - Rewarded - /home/fet/stimuli/test_categories_box2/reward/Tu_Stim_9_GraLbl0457_021604061315.wav"
"2017-03-23 17:58:30,061","INFO","Supplying reward for 12.00 seconds"
"2017-03-23 17:58:55,148","INFO","Trial 295 - 17:58:55 - Rewarded - /home/fet/stimuli/test_categories_box2/reward/Tu_Stim_3_YelGre5275_201303252319.wav"
"2017-03-23 17:58:55,203","INFO","Trial 296 - 17:58:55 - Unrewarded - /home/fet/stimuli/test_categories_box2/nonreward/DC_Stim_3_LblRed0613_091316082220.wav"
"2017-03-23 17:59:06,330","INFO","Trial 297 - 17:59:06 - Unrewarded - /home/fet/stimuli/test_categories_box2/nonreward/LT_Stim_9_LblRas1800_060103040502.wav"
"2017-03-23 17:59:06,385","INFO","Trial 298 - 17:59:06 - Unrewarded - /home/fet/stimuli/test_categories_box2/nonreward/Wh_Stim_6_YelGre5275_140108071002.wav"
"2017-03-23 17:59:16,325","INFO","Trial 299 - 17:59:16 - Rewarded - /home/fet/stimuli/test_categories_box2/reward/Tu_Stim_4_YelOra2575_271113051425.wav"
"2017-03-23 17:59:22,335","INFO","Supplying reward for 12.00 seconds"
"2017-03-23 18:00:02,000","INFO","Trial 300 - 18:00:01 - Unrewarded - /home/fet/stimuli/test_categories_box2/nonreward/DC_Stim_9_WhiBlu4917_092008221901.wav"
"2017-03-23 18:00:02,058","INFO","Trial 301 - 18:00:02 - Unrewarded - /home/fet/stimuli/test_categories_box2/nonreward/Ag_Stim_7_Unknown_11_060101060606.wav"
"2017-03-23 18:00:02,820","INFO","Trial 302 - 18:00:02 - Rewarded - /home/fet/stimuli/test_categories_box2/reward/Tu_Stim_1_BluRas07dd_091503102018.wav"
"2017-03-23 18:00:02,878","INFO","Trial 303 - 18:00:02 - Unrewarded - /home/fet/stimuli/test_categories_box2/nonreward/Th_Stim_8_Unknown_11_010406100302.wav"
"2017-03-23 18:00:18,277","INFO","Trial 304 - 18:00:18 - Rewarded - /home/fet/stimuli/test_categories_box2/reward/Tu_Stim_1_WhiRas44dd_080526072325.wav"
"2017-03-23 18:00:24,286","INFO","Supplying reward for 12.00 seconds"
"2017-03-23 18:00:55,522","INFO","Trial 305 - 18:00:55 - Unrewarded - /home/fet/stimuli/test_categories_box2/nonreward/So_Stim_4_LblBla4548_032806.wav"
"2017-03-23 18:00:56,888","INFO","Trial 306 - 18:00:56 - Unrewarded - /home/fet/stimuli/test_categories_box2/nonreward/So_Stim_7_BluRas61dd_211109.wav"
"2017-03-23 18:01:29,137","INFO","Trial 307 - 18:01:29 - Rewarded - /home/fet/stimuli/test_categories_box2/reward/Tu_Stim_7_BluRas07dd_012212240915.wav"
"2017-03-23 18:01:35,147","INFO","Supplying reward for 12.00 seconds"
"2017-03-23 18:02:21,640","INFO","Trial 308 - 18:02:21 - Rewarded - /home/fet/stimuli/test_categories_box2/reward/Tu_Stim_4_YelGre5275_220126181604.wav"
"2017-03-23 18:02:27,645","INFO","Supplying reward for 12.00 seconds"
"2017-03-23 18:03:25,008","INFO","Trial 309 - 18:03:25 - Rewarded - /home/fet/stimuli/test_categories_box2/reward/Tu_Stim_7_GreOra1817_060514180816.wav"
"2017-03-23 18:03:31,018","INFO","Supplying reward for 12.00 seconds"
"2017-03-23 18:04:05,956","INFO","Trial 310 - 18:04:05 - Unrewarded - /home/fet/stimuli/test_categories_box2/nonreward/Be_Stim_2_LblBlu1630_050501.wav"
"2017-03-23 18:04:06,010","INFO","Trial 311 - 18:04:06 - Unrewarded - /home/fet/stimuli/test_categories_box2/nonreward/So_Stim_1_YelOra2575_021123.wav"
"2017-03-23 18:04:06,797","INFO","Trial 312 - 18:04:06 - Unrewarded - /home/fet/stimuli/test_categories_box2/nonreward/Be_Stim_8_GraRas1500_010404.wav"
"2017-03-23 18:04:07,812","INFO","Trial 313 - 18:04:07 - Unrewarded - /home/fet/stimuli/test_categories_box2/nonreward/Wh_Stim_10_GreGre2522_020103020303.wav"
"2017-03-23 18:04:31,224","INFO","Trial 314 - 18:04:31 - Unrewarded - /home/fet/stimuli/test_categories_box2/nonreward/Ag_Stim_2_HPiHPi4748_173816052924.wav"
"2017-03-23 18:04:40,796","INFO","Trial 315 - 18:04:40 - Unrewarded - /home/fet/stimuli/test_categories_box2/nonreward/Ag_Stim_3_BluRas61dd_091015040203.wav"
"2017-03-23 18:04:53,522","INFO","Trial 316 - 18:04:53 - Unrewarded - /home/fet/stimuli/test_categories_box2/nonreward/Ag_Stim_9_GreWhi1242_010101010101.wav"
"2017-03-23 18:04:53,572","INFO","Trial 317 - 18:04:53 - Unrewarded - /home/fet/stimuli/test_categories_box2/nonreward/Ne_Stim_9_WhiRas44dd_121102041007.wav"
"2017-03-23 18:05:03,741","INFO","Trial 318 - 18:05:03 - Unrewarded - /home/fet/stimuli/test_categories_box2/nonreward/Be_Stim_6_LblBlu1927_030910.wav"
"2017-03-23 18:05:05,103","INFO","Trial 319 - 18:05:05 - Unrewarded - /home/fet/stimuli/test_categories_box2/nonreward/Ne_Stim_10_LblBla4548_314843381117.wav"
"2017-03-23 18:05:05,156","INFO","Trial 320 - 18:05:05 - Unrewarded - /home/fet/stimuli/test_categories_box2/nonreward/LT_Stim_1_LblBlu6379_010506021110.wav"
"2017-03-23 18:05:06,672","INFO","Trial 321 - 18:05:06 - Unrewarded - /home/fet/stimuli/test_categories_box2/nonreward/Di_Stim_1_Unknown_11_020102020201.wav"
"2017-03-23 18:05:06,721","INFO","Trial 322 - 18:05:06 - Unrewarded - /home/fet/stimuli/test_categories_box2/nonreward/Ne_Stim_2_WhiGra0114_030202020303.wav"
"2017-03-23 18:05:18,991","INFO","Trial 323 - 18:05:18 - Unrewarded - /home/fet/stimuli/test_categories_box2/nonreward/Di_Stim_6_BlaBla0506_010101010101.wav"
"2017-03-23 18:05:19,726","INFO","Trial 324 - 18:05:19 - Rewarded - /home/fet/stimuli/test_categories_box2/reward/Tu_Stim_8_BluRas07dd_110223211219.wav"
"2017-03-23 18:05:25,733","INFO","Supplying reward for 12.00 seconds"
"2017-03-23 18:05:49,309","INFO","Trial 325 - 18:05:49 - Unrewarded - /home/fet/stimuli/test_categories_box2/nonreward/Wh_Stim_2_BlaBla0506_021506131214.wav"
"2017-03-23 18:06:08,347","INFO","Trial 326 - 18:06:08 - Unrewarded - /home/fet/stimuli/test_categories_box2/nonreward/Th_Stim_5_HPiHPi4748_020415201827.wav"
"2017-03-23 18:06:08,402","INFO","Trial 327 - 18:06:08 - Rewarded - /home/fet/stimuli/test_categories_box2/reward/Tu_Stim_2_HPiHPi4748_192217142709.wav"
"2017-03-23 18:06:14,410","INFO","Supplying reward for 12.00 seconds"
"2017-03-23 18:06:46,566","INFO","Trial 328 - 18:06:46 - Unrewarded - /home/fet/stimuli/test_categories_box2/nonreward/LT_Stim_7_LblBlu1927_010101010101.wav"
"2017-03-23 18:06:47,387","INFO","Trial 329 - 18:06:47 - Rewarded - /home/fet/stimuli/test_categories_box2/reward/Tu_Stim_8_YelOra2575_0.1113252112.wav"
"2017-03-23 18:06:53,394","INFO","Supplying reward for 12.00 seconds"
"2017-03-23 18:07:24,179","INFO","Trial 330 - 18:07:24 - Rewarded - /home/fet/stimuli/test_categories_box2/reward/Tu_Stim_2_PurRas20dd_070106090308.wav"
"2017-03-23 18:07:24,234","INFO","Trial 331 - 18:07:24 - Unrewarded - /home/fet/stimuli/test_categories_box2/nonreward/LT_Stim_7_LblGre0000_070320101508.wav"
"2017-03-23 18:07:40,137","INFO","Trial 332 - 18:07:40 - Rewarded - /home/fet/stimuli/test_categories_box2/reward/Tu_Stim_4_HPiHPi4748_182123280911.wav"
"2017-03-23 18:07:46,142","INFO","Supplying reward for 12.00 seconds"
"2017-03-23 18:08:46,503","INFO","Trial 333 - 18:08:46 - Rewarded - /home/fet/stimuli/test_categories_box2/reward/Tu_Stim_9_YelOra2575_1611080.2112.wav"
"2017-03-23 18:08:52,508","INFO","Supplying reward for 12.00 seconds"
"2017-03-23 18:52:32,953","INFO","Finishing session 1 at Thu Mar 23 18:52:32 2017"
"2017-03-23 18:52:32,953","INFO","Finished all sessions."
"2017-03-23 18:52:33,260","INFO","Exiting Session state"
"2017-03-23 18:52:33,261","INFO","Finishing experiment"
"2017-03-23 18:52:33,568","INFO","Exiting Idle state"
