2017-02-16 09:39:44.717309	PeckPort	off	None
2017-02-16 09:39:44.717488	HouseLight	on	None
2017-02-16 09:39:44.717716	Hopper	down	None
2017-02-16 09:39:45.023945	Hopper	down	None
2017-02-16 09:39:45.326611	HouseLight	on	None
2017-02-16 09:39:45.326787	PeckPort	on	None
2017-02-16 09:41:03.456604	Trial	start	1
2017-02-16 09:41:03.459677	Speaker	play	None
2017-02-16 09:41:03.514024	Speaker	stop	None
2017-02-16 09:41:03.514606	Trial	end	1
2017-02-16 09:41:03.515207	Trial	start	2
2017-02-16 09:41:03.517325	Speaker	play	None
2017-02-16 09:41:09.522396	Speaker	stop	None
2017-02-16 09:41:09.522914	Trial	end	2
2017-02-16 09:41:29.448118	Trial	start	3
2017-02-16 09:41:29.450263	Speaker	play	None
2017-02-16 09:41:29.505475	Speaker	stop	None
2017-02-16 09:41:29.506020	Trial	end	3
2017-02-16 09:41:29.506657	Trial	start	4
2017-02-16 09:41:29.508708	Speaker	play	None
2017-02-16 09:41:35.513914	Speaker	stop	None
2017-02-16 09:41:35.514432	Trial	end	4
2017-02-16 09:41:38.769903	Trial	start	5
2017-02-16 09:41:38.771902	Speaker	play	None
2017-02-16 09:41:38.819174	Speaker	stop	None
2017-02-16 09:41:38.819691	Trial	end	5
2017-02-16 09:41:38.820400	Trial	start	6
2017-02-16 09:41:38.822310	Speaker	play	None
2017-02-16 09:41:44.827660	Speaker	stop	None
2017-02-16 09:41:44.828687	Trial	end	6
2017-02-16 09:42:23.417446	Trial	start	7
2017-02-16 09:42:23.419973	Speaker	play	None
2017-02-16 09:42:23.474875	Speaker	stop	None
2017-02-16 09:42:23.475453	Trial	end	7
2017-02-16 09:42:23.476080	Trial	start	8
2017-02-16 09:42:23.477952	Speaker	play	None
2017-02-16 09:42:29.483283	Speaker	stop	None
2017-02-16 09:42:29.484104	Trial	end	8
2017-02-16 09:42:38.084228	Trial	start	9
2017-02-16 09:42:38.086713	Speaker	play	None
2017-02-16 09:42:44.092747	Speaker	stop	None
2017-02-16 09:42:44.093335	Trial	end	9
2017-02-16 09:42:48.802774	Trial	start	10
2017-02-16 09:42:48.805243	Speaker	play	None
2017-02-16 09:42:54.811220	Speaker	stop	None
2017-02-16 09:42:54.811826	Trial	end	10
2017-02-16 09:43:00.119331	Trial	start	11
2017-02-16 09:43:00.121865	Speaker	play	None
2017-02-16 09:43:06.127837	Speaker	stop	None
2017-02-16 09:43:06.128626	Trial	end	11
2017-02-16 09:43:50.705524	Trial	start	12
2017-02-16 09:43:50.707717	Speaker	play	None
2017-02-16 09:43:50.758974	Speaker	stop	None
2017-02-16 09:43:50.759498	Trial	end	12
2017-02-16 09:43:50.760227	Trial	start	13
2017-02-16 09:43:50.762072	Speaker	play	None
2017-02-16 09:43:56.767263	Speaker	stop	None
2017-02-16 09:43:56.768108	Hopper	up	None
2017-02-16 09:44:08.771760	Hopper	down	None
2017-02-16 09:44:09.074979	Trial	end	13
2017-02-16 09:45:41.896385	Trial	start	14
2017-02-16 09:45:41.899322	Speaker	play	None
2017-02-16 09:45:47.904884	Speaker	stop	None
2017-02-16 09:45:47.905496	Trial	end	14
2017-02-16 09:45:54.253163	Trial	start	15
2017-02-16 09:45:54.259369	Speaker	play	None
2017-02-16 09:46:00.265757	Speaker	stop	None
2017-02-16 09:46:00.266347	Trial	end	15
2017-02-16 09:46:06.118505	Trial	start	16
2017-02-16 09:46:06.120414	Speaker	play	None
2017-02-16 09:46:12.122993	Speaker	stop	None
2017-02-16 09:46:12.124229	Hopper	up	None
2017-02-16 09:46:24.127434	Hopper	down	None
2017-02-16 09:46:24.430615	Trial	end	16
2017-02-16 09:48:15.625640	Trial	start	17
2017-02-16 09:48:15.628210	Speaker	play	None
2017-02-16 09:48:21.634028	Speaker	stop	None
2017-02-16 09:48:21.634830	Hopper	up	None
2017-02-16 09:48:33.638519	Hopper	down	None
2017-02-16 09:48:33.941631	Trial	end	17
2017-02-16 09:49:43.077552	Trial	start	18
2017-02-16 09:49:43.080624	Speaker	play	None
2017-02-16 09:49:43.126827	Speaker	stop	None
2017-02-16 09:49:43.127367	Trial	end	18
2017-02-16 09:49:43.128279	Trial	start	19
2017-02-16 09:49:43.130279	Speaker	play	None
2017-02-16 09:49:49.135857	Speaker	stop	None
2017-02-16 09:49:49.136415	Trial	end	19
2017-02-16 09:50:04.921224	Trial	start	20
2017-02-16 09:50:04.923400	Speaker	play	None
2017-02-16 09:50:10.927358	Speaker	stop	None
2017-02-16 09:50:10.928051	Trial	end	20
2017-02-16 09:50:21.575059	Trial	start	21
2017-02-16 09:50:21.577262	Speaker	play	None
2017-02-16 09:50:22.869809	Speaker	stop	None
2017-02-16 09:50:22.870412	Trial	end	21
2017-02-16 09:50:22.871135	Trial	start	22
2017-02-16 09:50:22.873093	Speaker	play	None
2017-02-16 09:50:28.879705	Speaker	stop	None
2017-02-16 09:50:28.882177	Hopper	up	None
2017-02-16 09:50:40.883435	Hopper	down	None
2017-02-16 09:50:41.186563	Trial	end	22
2017-02-16 09:52:28.877377	Trial	start	23
2017-02-16 09:52:28.879946	Speaker	play	None
2017-02-16 09:52:28.930970	Speaker	stop	None
2017-02-16 09:52:28.931717	Trial	end	23
2017-02-16 09:52:28.932537	Trial	start	24
2017-02-16 09:52:28.935260	Speaker	play	None
2017-02-16 09:52:34.940383	Speaker	stop	None
2017-02-16 09:52:34.940942	Trial	end	24
2017-02-16 09:52:41.253325	Trial	start	25
2017-02-16 09:52:41.256210	Speaker	play	None
2017-02-16 09:52:47.259296	Speaker	stop	None
2017-02-16 09:52:47.261053	Trial	end	25
2017-02-16 09:52:53.772764	Trial	start	26
2017-02-16 09:52:53.777293	Speaker	play	None
2017-02-16 09:52:53.825932	Speaker	stop	None
2017-02-16 09:52:53.826477	Trial	end	26
2017-02-16 09:52:53.827147	Trial	start	27
2017-02-16 09:52:53.829227	Speaker	play	None
2017-02-16 09:52:59.835607	Speaker	stop	None
2017-02-16 09:52:59.836213	Trial	end	27
2017-02-16 09:53:16.574161	Trial	start	28
2017-02-16 09:53:16.576812	Speaker	play	None
2017-02-16 09:53:22.579801	Speaker	stop	None
2017-02-16 09:53:22.580395	Trial	end	28
2017-02-16 09:55:10.964862	Trial	start	29
2017-02-16 09:55:10.967622	Speaker	play	None
2017-02-16 09:55:11.022308	Speaker	stop	None
2017-02-16 09:55:11.022847	Trial	end	29
2017-02-16 09:55:11.023512	Trial	start	30
2017-02-16 09:55:11.025315	Speaker	play	None
2017-02-16 09:55:17.027682	Speaker	stop	None
2017-02-16 09:55:17.028631	Hopper	up	None
2017-02-16 09:55:29.030067	Hopper	down	None
2017-02-16 09:55:29.333239	Trial	end	30
2017-02-16 09:57:11.775103	Trial	start	31
2017-02-16 09:57:11.779563	Speaker	play	None
2017-02-16 09:57:23.011354	Speaker	stop	None
2017-02-16 09:57:23.012176	Trial	end	31
2017-02-16 09:57:34.054828	Trial	start	32
2017-02-16 09:57:34.057470	Speaker	play	None
2017-02-16 09:57:34.112254	Speaker	stop	None
2017-02-16 09:57:34.112863	Trial	end	32
2017-02-16 09:57:34.113732	Trial	start	33
2017-02-16 09:57:34.115884	Speaker	play	None
2017-02-16 09:57:40.121694	Speaker	stop	None
2017-02-16 09:57:40.123254	Hopper	up	None
2017-02-16 09:57:52.123634	Hopper	down	None
2017-02-16 09:57:52.426759	Trial	end	33
2017-02-16 09:59:17.440233	Trial	start	34
2017-02-16 09:59:17.442406	Speaker	play	None
2017-02-16 09:59:23.445419	Speaker	stop	None
2017-02-16 09:59:23.445941	Trial	end	34
2017-02-16 09:59:54.629667	Trial	start	35
2017-02-16 09:59:54.632078	Speaker	play	None
2017-02-16 10:00:03.588100	Speaker	stop	None
2017-02-16 10:00:03.588681	Trial	end	35
2017-02-16 10:00:19.682077	Trial	start	36
2017-02-16 10:00:19.684987	Speaker	play	None
2017-02-16 10:00:25.691155	Speaker	stop	None
2017-02-16 10:00:25.691859	Trial	end	36
2017-02-16 10:00:43.615896	Trial	start	37
2017-02-16 10:00:43.618233	Speaker	play	None
2017-02-16 10:00:49.620962	Speaker	stop	None
2017-02-16 10:00:49.622127	Hopper	up	None
2017-02-16 10:01:01.622594	Hopper	down	None
2017-02-16 10:01:01.925690	Trial	end	37
2017-02-16 10:02:57.911606	Trial	start	38
2017-02-16 10:02:57.913896	Speaker	play	None
2017-02-16 10:03:03.916532	Speaker	stop	None
2017-02-16 10:03:03.917525	Hopper	up	None
2017-02-16 10:03:15.918269	Hopper	down	None
2017-02-16 10:03:16.225191	Trial	end	38
2017-02-16 10:04:42.943089	Trial	start	39
2017-02-16 10:04:42.945356	Speaker	play	None
2017-02-16 10:04:48.952872	Speaker	stop	None
2017-02-16 10:04:48.953729	Trial	end	39
2017-02-16 10:05:00.257205	Trial	start	40
2017-02-16 10:05:00.259435	Speaker	play	None
2017-02-16 10:05:06.261974	Speaker	stop	None
2017-02-16 10:05:06.262494	Trial	end	40
2017-02-16 10:05:18.673075	Trial	start	41
2017-02-16 10:05:18.675309	Speaker	play	None
2017-02-16 10:05:24.677783	Speaker	stop	None
2017-02-16 10:05:24.678364	Trial	end	41
2017-02-16 10:06:32.188499	Trial	start	42
2017-02-16 10:06:32.190843	Speaker	play	None
2017-02-16 10:06:32.237751	Speaker	stop	None
2017-02-16 10:06:32.238235	Trial	end	42
2017-02-16 10:06:32.238950	Trial	start	43
2017-02-16 10:06:32.240898	Speaker	play	None
2017-02-16 10:06:38.246595	Speaker	stop	None
2017-02-16 10:06:38.247162	Trial	end	43
2017-02-16 13:05:15.472515	Trial	start	44
2017-02-16 13:05:15.474663	Speaker	play	None
2017-02-16 13:05:15.525850	Speaker	stop	None
2017-02-16 13:05:15.526367	Trial	end	44
2017-02-16 13:05:15.527072	Trial	start	45
2017-02-16 13:05:15.529485	Speaker	play	None
2017-02-16 13:05:26.756761	Speaker	stop	None
2017-02-16 13:05:26.757324	Trial	end	45
2017-02-16 13:05:32.204289	Trial	start	46
2017-02-16 13:05:32.206882	Speaker	play	None
2017-02-16 13:05:32.257620	Speaker	stop	None
2017-02-16 13:05:32.258222	Trial	end	46
2017-02-16 13:05:32.258948	Trial	start	47
2017-02-16 13:05:32.260833	Speaker	play	None
2017-02-16 13:05:38.266188	Speaker	stop	None
2017-02-16 13:05:38.272600	Hopper	up	None
2017-02-16 13:05:50.275305	Hopper	down	None
2017-02-16 13:05:50.578243	Trial	end	47
2017-02-16 13:07:37.267451	Trial	start	48
2017-02-16 13:07:37.270176	Speaker	play	None
2017-02-16 13:07:37.324884	Speaker	stop	None
2017-02-16 13:07:37.325470	Trial	end	48
2017-02-16 13:07:37.326202	Trial	start	49
2017-02-16 13:07:37.328804	Speaker	play	None
2017-02-16 13:07:43.333440	Speaker	stop	None
2017-02-16 13:07:43.334171	Trial	end	49
2017-02-16 13:08:04.816152	Trial	start	50
2017-02-16 13:08:04.818362	Speaker	play	None
2017-02-16 13:08:05.750138	Speaker	stop	None
2017-02-16 13:08:05.750654	Trial	end	50
2017-02-16 13:08:05.751673	Trial	start	51
2017-02-16 13:08:05.753716	Speaker	play	None
2017-02-16 13:08:05.803400	Speaker	stop	None
2017-02-16 13:08:05.804042	Trial	end	51
2017-02-16 13:08:05.804891	Trial	start	52
2017-02-16 13:08:05.807636	Speaker	play	None
2017-02-16 13:08:11.811945	Speaker	stop	None
2017-02-16 13:08:11.812559	Trial	end	52
2017-02-16 13:08:18.520845	Trial	start	53
2017-02-16 13:08:18.522797	Speaker	play	None
2017-02-16 13:08:18.574190	Speaker	stop	None
2017-02-16 13:08:18.574723	Trial	end	53
2017-02-16 13:08:18.575372	Trial	start	54
2017-02-16 13:08:18.577290	Speaker	play	None
2017-02-16 13:08:24.582851	Speaker	stop	None
2017-02-16 13:08:24.583431	Trial	end	54
2017-02-16 13:08:44.173156	Trial	start	55
2017-02-16 13:08:44.175414	Speaker	play	None
2017-02-16 13:08:53.126793	Speaker	stop	None
2017-02-16 13:08:53.127449	Trial	end	55
2017-02-16 13:09:02.293211	Trial	start	56
2017-02-16 13:09:02.295892	Speaker	play	None
2017-02-16 13:09:08.301886	Speaker	stop	None
2017-02-16 13:09:08.302466	Trial	end	56
2017-02-16 13:09:25.438938	Trial	start	57
2017-02-16 13:09:25.441266	Speaker	play	None
2017-02-16 13:09:25.492199	Speaker	stop	None
2017-02-16 13:09:25.492733	Trial	end	57
2017-02-16 13:09:25.493481	Trial	start	58
2017-02-16 13:09:25.495362	Speaker	play	None
2017-02-16 13:09:31.500817	Speaker	stop	None
2017-02-16 13:09:31.501406	Trial	end	58
2017-02-16 13:09:50.665305	Trial	start	59
2017-02-16 13:09:50.668120	Speaker	play	None
2017-02-16 13:09:51.988210	Speaker	stop	None
2017-02-16 13:09:51.988774	Trial	end	59
2017-02-16 13:09:51.989583	Trial	start	60
2017-02-16 13:09:51.991932	Speaker	play	None
2017-02-16 13:09:52.041509	Speaker	stop	None
2017-02-16 13:09:52.042303	Trial	end	60
2017-02-16 13:09:52.043314	Trial	start	61
2017-02-16 13:09:52.045764	Speaker	play	None
2017-02-16 13:09:58.050127	Speaker	stop	None
2017-02-16 13:09:58.051164	Hopper	up	None
2017-02-16 13:10:10.054994	Hopper	down	None
2017-02-16 13:10:10.358108	Trial	end	61
2017-02-16 13:11:40.560767	Trial	start	62
2017-02-16 13:11:40.562858	Speaker	play	None
2017-02-16 13:11:46.565309	Speaker	stop	None
2017-02-16 13:11:46.565827	Trial	end	62
2017-02-16 13:11:51.406531	Trial	start	63
2017-02-16 13:11:51.408986	Speaker	play	None
2017-02-16 13:11:57.415227	Speaker	stop	None
2017-02-16 13:11:57.416048	Hopper	up	None
2017-02-16 13:12:09.420078	Hopper	down	None
2017-02-16 13:12:09.723197	Trial	end	63
2017-02-16 13:13:37.050475	Trial	start	64
2017-02-16 13:13:37.052822	Speaker	play	None
2017-02-16 13:13:43.059114	Speaker	stop	None
2017-02-16 13:13:43.059680	Trial	end	64
2017-02-16 13:13:47.195788	Trial	start	65
2017-02-16 13:13:47.197894	Speaker	play	None
2017-02-16 13:13:47.257570	Speaker	stop	None
2017-02-16 13:13:47.258985	Trial	end	65
2017-02-16 13:13:47.262183	Trial	start	66
2017-02-16 13:13:47.264548	Speaker	play	None
2017-02-16 13:13:58.492199	Speaker	stop	None
2017-02-16 13:13:58.492875	Trial	end	66
2017-02-16 13:14:04.611333	Trial	start	67
2017-02-16 13:14:04.614027	Speaker	play	None
2017-02-16 13:14:04.664688	Speaker	stop	None
2017-02-16 13:14:04.665648	Trial	end	67
2017-02-16 13:14:04.666447	Trial	start	68
2017-02-16 13:14:04.668417	Speaker	play	None
2017-02-16 13:14:10.673200	Speaker	stop	None
2017-02-16 13:14:10.673755	Trial	end	68
2017-02-16 13:14:16.235254	Trial	start	69
2017-02-16 13:14:16.237288	Speaker	play	None
2017-02-16 13:14:17.308513	Speaker	stop	None
2017-02-16 13:14:17.309029	Trial	end	69
2017-02-16 13:14:17.309826	Trial	start	70
2017-02-16 13:14:17.311961	Speaker	play	None
2017-02-16 13:14:17.349439	Speaker	stop	None
2017-02-16 13:14:17.349957	Trial	end	70
2017-02-16 13:14:17.350626	Trial	start	71
2017-02-16 13:14:17.353328	Speaker	play	None
2017-02-16 13:14:23.358034	Speaker	stop	None
2017-02-16 13:14:23.358578	Trial	end	71
2017-02-16 13:14:49.198599	Trial	start	72
2017-02-16 13:14:49.201794	Speaker	play	None
2017-02-16 13:14:49.255905	Speaker	stop	None
2017-02-16 13:14:49.256510	Trial	end	72
2017-02-16 13:14:49.257191	Trial	start	73
2017-02-16 13:14:49.259157	Speaker	play	None
2017-02-16 13:14:50.304454	Speaker	stop	None
2017-02-16 13:14:50.305038	Trial	end	73
2017-02-16 13:14:50.305624	Trial	start	74
2017-02-16 13:14:50.307412	Speaker	play	None
2017-02-16 13:14:50.361910	Speaker	stop	None
2017-02-16 13:14:50.362692	Trial	end	74
2017-02-16 13:14:50.364226	Trial	start	75
2017-02-16 13:14:50.366511	Speaker	play	None
2017-02-16 13:14:56.370377	Speaker	stop	None
2017-02-16 13:14:56.370945	Trial	end	75
2017-02-16 13:15:12.946086	Trial	start	76
2017-02-16 13:15:12.948143	Speaker	play	None
2017-02-16 13:15:18.950660	Speaker	stop	None
2017-02-16 13:15:18.951248	Trial	end	76
2017-02-16 13:15:23.284023	Trial	start	77
2017-02-16 13:15:23.286482	Speaker	play	None
2017-02-16 13:15:29.292620	Speaker	stop	None
2017-02-16 13:15:29.293454	Hopper	up	None
2017-02-16 13:15:41.297516	Hopper	down	None
2017-02-16 13:15:41.600590	Trial	end	77
2017-02-16 13:18:07.665794	Trial	start	78
2017-02-16 13:18:07.667717	Speaker	play	None
2017-02-16 13:18:13.670393	Speaker	stop	None
2017-02-16 13:18:13.671137	Trial	end	78
2017-02-16 13:18:28.525759	Trial	start	79
2017-02-16 13:18:28.527946	Speaker	play	None
2017-02-16 13:18:33.031269	Speaker	stop	None
2017-02-16 13:18:33.031794	Trial	end	79
2017-02-16 13:18:33.032539	Trial	start	80
2017-02-16 13:18:33.035061	Speaker	play	None
2017-02-16 13:18:33.088695	Speaker	stop	None
2017-02-16 13:18:33.089302	Trial	end	80
2017-02-16 13:18:33.090037	Trial	start	81
2017-02-16 13:18:33.092002	Speaker	play	None
2017-02-16 13:18:44.323437	Speaker	stop	None
2017-02-16 13:18:44.323994	Trial	end	81
2017-02-16 13:19:08.288087	Trial	start	82
2017-02-16 13:19:08.291249	Speaker	play	None
2017-02-16 13:19:14.296626	Speaker	stop	None
2017-02-16 13:19:14.297421	Hopper	up	None
2017-02-16 13:19:26.301500	Hopper	down	None
2017-02-16 13:19:26.604608	Trial	end	82
2017-02-16 13:21:08.848459	Trial	start	83
2017-02-16 13:21:08.850354	Speaker	play	None
2017-02-16 13:21:14.853026	Speaker	stop	None
2017-02-16 13:21:14.853685	Trial	end	83
2017-02-16 13:21:43.290225	Trial	start	84
2017-02-16 13:21:43.293980	Speaker	play	None
2017-02-16 13:21:49.298746	Speaker	stop	None
2017-02-16 13:21:49.299284	Trial	end	84
2017-02-16 15:34:30.749563	Trial	start	85
2017-02-16 15:34:30.752220	Speaker	play	None
2017-02-16 15:34:30.786548	Speaker	stop	None
2017-02-16 15:34:30.787154	Trial	end	85
2017-02-16 15:34:30.787923	Trial	start	86
2017-02-16 15:34:30.790701	Speaker	play	None
2017-02-16 15:34:36.795051	Speaker	stop	None
2017-02-16 15:34:36.796110	Hopper	up	None
2017-02-16 15:34:48.799717	Hopper	down	None
2017-02-16 15:34:49.102786	Trial	end	86
2017-02-16 15:36:21.389374	Trial	start	87
2017-02-16 15:36:21.391633	Speaker	play	None
2017-02-16 15:36:27.397989	Speaker	stop	None
2017-02-16 15:36:27.399060	Hopper	up	None
2017-02-16 15:36:39.402716	Hopper	down	None
2017-02-16 15:36:39.705795	Trial	end	87
2017-02-16 15:38:06.078020	Trial	start	88
2017-02-16 15:38:06.080144	Speaker	play	None
2017-02-16 15:38:06.127318	Speaker	stop	None
2017-02-16 15:38:06.127839	Trial	end	88
2017-02-16 15:38:06.128607	Trial	start	89
2017-02-16 15:38:06.130594	Speaker	play	None
2017-02-16 15:38:09.706964	Speaker	stop	None
2017-02-16 15:38:09.707497	Trial	end	89
2017-02-16 15:38:09.708169	Trial	start	90
2017-02-16 15:38:09.710653	Speaker	play	None
2017-02-16 15:38:09.756168	Speaker	stop	None
2017-02-16 15:38:09.756777	Trial	end	90
2017-02-16 15:38:09.757386	Trial	start	91
2017-02-16 15:38:09.759079	Speaker	play	None
2017-02-16 15:38:15.764609	Speaker	stop	None
2017-02-16 15:38:15.765188	Trial	end	91
2017-02-16 15:38:22.129421	Trial	start	92
2017-02-16 15:38:22.131458	Speaker	play	None
2017-02-16 15:38:22.178650	Speaker	stop	None
2017-02-16 15:38:22.179192	Trial	end	92
2017-02-16 15:38:22.179817	Trial	start	93
2017-02-16 15:38:22.182256	Speaker	play	None
2017-02-16 15:38:31.132026	Speaker	stop	None
2017-02-16 15:38:31.132634	Trial	end	93
2017-02-16 15:38:32.762158	Trial	start	94
2017-02-16 15:38:32.766963	Speaker	play	None
2017-02-16 15:38:38.770692	Speaker	stop	None
2017-02-16 15:38:38.773112	Hopper	up	None
2017-02-16 15:38:50.775411	Hopper	down	None
2017-02-16 15:38:51.078609	Trial	end	94
2017-02-16 15:40:12.326835	Trial	start	95
2017-02-16 15:40:12.328868	Speaker	play	None
2017-02-16 15:40:13.359025	Speaker	stop	None
2017-02-16 15:40:13.359587	Trial	end	95
2017-02-16 15:40:13.360555	Trial	start	96
2017-02-16 15:40:13.362372	Speaker	play	None
2017-02-16 15:40:19.367784	Speaker	stop	None
2017-02-16 15:40:19.368532	Trial	end	96
2017-02-16 15:40:23.057889	Trial	start	97
2017-02-16 15:40:23.060064	Speaker	play	None
2017-02-16 15:40:29.066408	Speaker	stop	None
2017-02-16 15:40:29.066980	Trial	end	97
2017-02-16 15:40:33.022940	Trial	start	98
2017-02-16 15:40:33.025123	Speaker	play	None
2017-02-16 15:40:33.993690	Speaker	stop	None
2017-02-16 15:40:33.994330	Trial	end	98
2017-02-16 15:40:33.995013	Trial	start	99
2017-02-16 15:40:33.997034	Speaker	play	None
2017-02-16 15:40:34.034648	Speaker	stop	None
2017-02-16 15:40:34.035242	Trial	end	99
2017-02-16 15:40:34.035813	Trial	start	100
2017-02-16 15:40:34.037832	Speaker	play	None
2017-02-16 15:40:40.043225	Speaker	stop	None
2017-02-16 15:40:40.043897	Trial	end	100
2017-02-16 15:40:48.001215	Trial	start	101
2017-02-16 15:40:48.003889	Speaker	play	None
2017-02-16 15:40:54.009864	Speaker	stop	None
2017-02-16 15:40:54.010536	Trial	end	101
2017-02-16 15:40:55.701329	Trial	start	102
2017-02-16 15:40:55.703946	Speaker	play	None
2017-02-16 15:41:01.710054	Speaker	stop	None
2017-02-16 15:41:01.710799	Trial	end	102
2017-02-16 15:41:02.156344	Trial	start	103
2017-02-16 15:41:02.158866	Speaker	play	None
2017-02-16 15:41:08.164976	Speaker	stop	None
2017-02-16 15:41:08.165754	Trial	end	103
2017-02-16 15:41:12.018980	Trial	start	104
2017-02-16 15:41:12.021292	Speaker	play	None
2017-02-16 15:41:18.027613	Speaker	stop	None
2017-02-16 15:41:18.028155	Trial	end	104
2017-02-16 15:41:34.345253	Trial	start	105
2017-02-16 15:41:34.347691	Speaker	play	None
2017-02-16 15:41:40.353784	Speaker	stop	None
2017-02-16 15:41:40.354591	Hopper	up	None
2017-02-16 15:41:52.358554	Hopper	down	None
2017-02-16 15:41:52.661538	Trial	end	105
2017-02-16 15:43:08.310892	Trial	start	106
2017-02-16 15:43:08.314515	Speaker	play	None
2017-02-16 15:43:14.319588	Speaker	stop	None
2017-02-16 15:43:14.320148	Trial	end	106
2017-02-16 15:43:28.056673	Trial	start	107
2017-02-16 15:43:28.059412	Speaker	play	None
2017-02-16 15:43:28.114225	Speaker	stop	None
2017-02-16 15:43:28.115183	Trial	end	107
2017-02-16 15:43:28.116085	Trial	start	108
2017-02-16 15:43:28.118651	Speaker	play	None
2017-02-16 15:43:29.007005	Speaker	stop	None
2017-02-16 15:43:29.007550	Trial	end	108
2017-02-16 15:43:29.008110	Trial	start	109
2017-02-16 15:43:29.010340	Speaker	play	None
2017-02-16 15:43:29.064343	Speaker	stop	None
2017-02-16 15:43:29.064884	Trial	end	109
2017-02-16 15:43:29.065473	Trial	start	110
2017-02-16 15:43:29.067666	Speaker	play	None
2017-02-16 15:43:35.072834	Speaker	stop	None
2017-02-16 15:43:35.073632	Hopper	up	None
2017-02-16 15:43:47.077566	Hopper	down	None
2017-02-16 15:43:47.380677	Trial	end	110
2017-02-16 15:45:20.338820	Trial	start	111
2017-02-16 15:45:20.341127	Speaker	play	None
2017-02-16 15:45:20.392147	Speaker	stop	None
2017-02-16 15:45:20.392698	Trial	end	111
2017-02-16 15:45:20.393338	Trial	start	112
2017-02-16 15:45:20.395810	Speaker	play	None
2017-02-16 15:45:21.383365	Speaker	stop	None
2017-02-16 15:45:21.383951	Trial	end	112
2017-02-16 15:45:21.384700	Trial	start	113
2017-02-16 15:45:21.386611	Speaker	play	None
2017-02-16 15:45:27.391881	Speaker	stop	None
2017-02-16 15:45:27.392409	Trial	end	113
2017-02-16 15:45:35.444075	Trial	start	114
2017-02-16 15:45:35.446087	Speaker	play	None
2017-02-16 15:45:41.448677	Speaker	stop	None
2017-02-16 15:45:41.449591	Hopper	up	None
2017-02-16 15:45:53.453288	Hopper	down	None
2017-02-16 15:45:53.756518	Trial	end	114
2017-02-16 15:47:04.421146	Trial	start	115
2017-02-16 15:47:04.423523	Speaker	play	None
2017-02-16 15:47:04.474432	Speaker	stop	None
2017-02-16 15:47:04.475007	Trial	end	115
2017-02-16 15:47:04.475711	Trial	start	116
2017-02-16 15:47:04.477575	Speaker	play	None
2017-02-16 15:47:10.487082	Speaker	stop	None
2017-02-16 15:47:10.487684	Trial	end	116
2017-02-16 15:47:10.650835	Trial	start	117
2017-02-16 15:47:10.652740	Speaker	play	None
2017-02-16 15:47:10.700067	Speaker	stop	None
2017-02-16 15:47:10.700610	Trial	end	117
2017-02-16 15:47:10.701222	Trial	start	118
2017-02-16 15:47:10.703037	Speaker	play	None
2017-02-16 15:47:16.708612	Speaker	stop	None
2017-02-16 15:47:16.709438	Hopper	up	None
2017-02-16 15:47:28.713283	Hopper	down	None
2017-02-16 15:47:29.016456	Trial	end	118
2017-02-16 15:48:37.636368	Trial	start	119
2017-02-16 15:48:37.638609	Speaker	play	None
2017-02-16 15:48:37.689679	Speaker	stop	None
2017-02-16 15:48:37.690206	Trial	end	119
2017-02-16 15:48:37.690951	Trial	start	120
2017-02-16 15:48:37.692844	Speaker	play	None
2017-02-16 15:48:43.697892	Speaker	stop	None
2017-02-16 15:48:43.698714	Hopper	up	None
2017-02-16 15:48:55.702045	Hopper	down	None
2017-02-16 15:48:56.005197	Trial	end	120
2017-02-16 15:50:16.103345	Trial	start	121
2017-02-16 15:50:16.105710	Speaker	play	None
2017-02-16 15:50:18.204564	Speaker	stop	None
2017-02-16 15:50:18.205195	Trial	end	121
2017-02-16 15:50:18.205776	Trial	start	122
2017-02-16 15:50:18.207851	Speaker	play	None
2017-02-16 15:50:18.257757	Speaker	stop	None
2017-02-16 15:50:18.258308	Trial	end	122
2017-02-16 15:50:18.259004	Trial	start	123
2017-02-16 15:50:18.261088	Speaker	play	None
2017-02-16 15:50:24.265982	Speaker	stop	None
2017-02-16 15:50:24.266542	Trial	end	123
2017-02-16 15:50:43.417177	Trial	start	124
2017-02-16 15:50:43.419952	Speaker	play	None
2017-02-16 15:50:49.425662	Speaker	stop	None
2017-02-16 15:50:49.426519	Hopper	up	None
2017-02-16 15:51:01.429829	Hopper	down	None
2017-02-16 15:51:01.736985	Trial	end	124
2017-02-16 15:51:42.210314	Trial	start	125
2017-02-16 15:51:42.212369	Speaker	play	None
2017-02-16 15:51:48.218688	Speaker	stop	None
2017-02-16 15:51:48.219534	Trial	end	125
2017-02-16 15:52:01.226372	Trial	start	126
2017-02-16 15:52:01.228426	Speaker	play	None
2017-02-16 15:52:07.230739	Speaker	stop	None
2017-02-16 15:52:07.231323	Trial	end	126
2017-02-16 15:52:29.216213	Trial	start	127
2017-02-16 15:52:29.218807	Speaker	play	None
2017-02-16 15:52:35.224598	Speaker	stop	None
2017-02-16 15:52:35.225162	Trial	end	127
2017-02-16 15:53:15.431770	Trial	start	128
2017-02-16 15:53:15.434316	Speaker	play	None
2017-02-16 15:53:21.440289	Speaker	stop	None
2017-02-16 15:53:21.441001	Trial	end	128
2017-02-16 15:53:46.444232	Trial	start	129
2017-02-16 15:53:46.447047	Speaker	play	None
2017-02-16 15:53:52.452675	Speaker	stop	None
2017-02-16 15:53:52.453521	Hopper	up	None
2017-02-16 15:54:04.457100	Hopper	down	None
2017-02-16 15:54:04.760185	Trial	end	129
2017-02-16 15:54:46.544563	Trial	start	130
2017-02-16 15:54:46.546998	Speaker	play	None
2017-02-16 15:54:52.552876	Speaker	stop	None
2017-02-16 15:54:52.553595	Hopper	up	None
2017-02-16 15:55:04.557201	Hopper	down	None
2017-02-16 15:55:04.860339	Trial	end	130
2017-02-16 15:55:15.373977	Trial	start	131
2017-02-16 15:55:15.376895	Speaker	play	None
2017-02-16 15:55:21.382389	Speaker	stop	None
2017-02-16 15:55:21.382878	Trial	end	131
2017-02-16 15:55:35.422439	Trial	start	132
2017-02-16 15:55:35.424709	Speaker	play	None
2017-02-16 15:55:46.652883	Speaker	stop	None
2017-02-16 15:55:46.653402	Trial	end	132
2017-02-16 16:40:27.635635	PeckPort	off	None
2017-02-16 16:40:27.635814	HouseLight	on	None
2017-02-16 16:40:27.636006	Hopper	down	None
