"2017-02-16 09:39:44,715","INFO","Preparing subject and data storage"
"2017-02-16 09:39:44,716","INFO","Created subject object with name LblGra3039M"
"2017-02-16 09:39:44,716","INFO","Created datastore CSVStore: filename = /home/fet/data/LblGra3039M/160217/LblGra3039M_trialdata_20170216093944.csv, fields = session, index, time, stimulus_name, condition_name, response, correct, rt, reward, max_wait for subject LblGra3039M"
"2017-02-16 09:39:44,716","INFO","Preparing to run experiment Go No-Go Interruption"
"2017-02-16 09:39:45,023","INFO","Entering Idle state"
"2017-02-16 09:39:45,326","INFO","Beginning block #1"
"2017-02-16 09:41:03,456","INFO","Trial 1 - 09:41:03 - Unrewarded - /home/fet/stimuli/shaping_categories_box2/nonreward/NC_Stim_17.wav"
"2017-02-16 09:41:03,515","INFO","Trial 2 - 09:41:03 - Unrewarded - /home/fet/stimuli/shaping_categories_box2/nonreward/DI_Stim_12.wav"
"2017-02-16 09:41:29,448","INFO","Trial 3 - 09:41:29 - Unrewarded - /home/fet/stimuli/shaping_categories_box2/nonreward/WH_Stim_2.wav"
"2017-02-16 09:41:29,506","INFO","Trial 4 - 09:41:29 - Unrewarded - /home/fet/stimuli/shaping_categories_box2/nonreward/AG_Stim_11.wav"
"2017-02-16 09:41:38,770","INFO","Trial 5 - 09:41:38 - Unrewarded - /home/fet/stimuli/shaping_categories_box2/nonreward/SO_Stim_11.wav"
"2017-02-16 09:41:38,820","INFO","Trial 6 - 09:41:38 - Unrewarded - /home/fet/stimuli/shaping_categories_box2/nonreward/NC_Stim_12.wav"
"2017-02-16 09:42:23,417","INFO","Trial 7 - 09:42:23 - Unrewarded - /home/fet/stimuli/shaping_categories_box2/nonreward/WH_Stim_1.wav"
"2017-02-16 09:42:23,476","INFO","Trial 8 - 09:42:23 - Unrewarded - /home/fet/stimuli/shaping_categories_box2/nonreward/AG_Stim_12.wav"
"2017-02-16 09:42:38,084","INFO","Trial 9 - 09:42:38 - Unrewarded - /home/fet/stimuli/shaping_categories_box2/nonreward/DI_Stim_10.wav"
"2017-02-16 09:42:48,802","INFO","Trial 10 - 09:42:48 - Unrewarded - /home/fet/stimuli/shaping_categories_box2/nonreward/TH_Stim_2.wav"
"2017-02-16 09:43:00,119","INFO","Trial 11 - 09:43:00 - Unrewarded - /home/fet/stimuli/shaping_categories_box2/nonreward/DC_Stim_8.wav"
"2017-02-16 09:43:50,705","INFO","Trial 12 - 09:43:50 - Unrewarded - /home/fet/stimuli/shaping_categories_box2/nonreward/SO_Stim_10.wav"
"2017-02-16 09:43:50,760","INFO","Trial 13 - 09:43:50 - Rewarded - /home/fet/stimuli/shaping_categories_box2/reward/TE_Stim_1.wav"
"2017-02-16 09:43:56,767","INFO","Supplying reward for 12.00 seconds"
"2017-02-16 09:45:41,896","INFO","Trial 14 - 09:45:41 - Unrewarded - /home/fet/stimuli/shaping_categories_box2/nonreward/DC_Stim_7.wav"
"2017-02-16 09:45:54,253","INFO","Trial 15 - 09:45:54 - Unrewarded - /home/fet/stimuli/shaping_categories_box2/nonreward/TH_Stim_1.wav"
"2017-02-16 09:46:06,118","INFO","Trial 16 - 09:46:06 - Rewarded - /home/fet/stimuli/shaping_categories_box2/reward/TE_Stim_2.wav"
"2017-02-16 09:46:12,123","INFO","Supplying reward for 12.00 seconds"
"2017-02-16 09:48:15,625","INFO","Trial 17 - 09:48:15 - Rewarded - /home/fet/stimuli/shaping_categories_box2/reward/TE_Stim_1.wav"
"2017-02-16 09:48:21,634","INFO","Supplying reward for 12.00 seconds"
"2017-02-16 09:49:43,077","INFO","Trial 18 - 09:49:43 - Rewarded - /home/fet/stimuli/shaping_categories_box2/reward/TE_Stim_2.wav"
"2017-02-16 09:49:43,128","INFO","Trial 19 - 09:49:43 - Unrewarded - /home/fet/stimuli/shaping_categories_box2/nonreward/TH_Stim_2.wav"
"2017-02-16 09:50:04,921","INFO","Trial 20 - 09:50:04 - Unrewarded - /home/fet/stimuli/shaping_categories_box2/nonreward/DI_Stim_12.wav"
"2017-02-16 09:50:21,575","INFO","Trial 21 - 09:50:21 - Unrewarded - /home/fet/stimuli/shaping_categories_box2/nonreward/WH_Stim_2.wav"
"2017-02-16 09:50:22,871","INFO","Trial 22 - 09:50:22 - Rewarded - /home/fet/stimuli/shaping_categories_box2/reward/TE_Stim_2.wav"
"2017-02-16 09:50:28,880","INFO","Supplying reward for 12.00 seconds"
"2017-02-16 09:52:28,877","INFO","Trial 23 - 09:52:28 - Unrewarded - /home/fet/stimuli/shaping_categories_box2/nonreward/DC_Stim_8.wav"
"2017-02-16 09:52:28,932","INFO","Trial 24 - 09:52:28 - Unrewarded - /home/fet/stimuli/shaping_categories_box2/nonreward/DI_Stim_10.wav"
"2017-02-16 09:52:41,253","INFO","Trial 25 - 09:52:41 - Unrewarded - /home/fet/stimuli/shaping_categories_box2/nonreward/TH_Stim_1.wav"
"2017-02-16 09:52:53,772","INFO","Trial 26 - 09:52:53 - Unrewarded - /home/fet/stimuli/shaping_categories_box2/nonreward/AG_Stim_12.wav"
"2017-02-16 09:52:53,827","INFO","Trial 27 - 09:52:53 - Unrewarded - /home/fet/stimuli/shaping_categories_box2/nonreward/AG_Stim_11.wav"
"2017-02-16 09:53:16,574","INFO","Trial 28 - 09:53:16 - Unrewarded - /home/fet/stimuli/shaping_categories_box2/nonreward/NC_Stim_17.wav"
"2017-02-16 09:55:10,964","INFO","Trial 29 - 09:55:10 - Rewarded - /home/fet/stimuli/shaping_categories_box2/reward/TE_Stim_1.wav"
"2017-02-16 09:55:11,023","INFO","Trial 30 - 09:55:11 - Rewarded - /home/fet/stimuli/shaping_categories_box2/reward/TE_Stim_1.wav"
"2017-02-16 09:55:17,028","INFO","Supplying reward for 12.00 seconds"
"2017-02-16 09:57:11,775","INFO","Trial 31 - 09:57:11 - Unrewarded - /home/fet/stimuli/shaping_categories_box2/nonreward/SO_Stim_10.wav"
"2017-02-16 09:57:34,054","INFO","Trial 32 - 09:57:34 - Unrewarded - /home/fet/stimuli/shaping_categories_box2/nonreward/DC_Stim_7.wav"
"2017-02-16 09:57:34,113","INFO","Trial 33 - 09:57:34 - Rewarded - /home/fet/stimuli/shaping_categories_box2/reward/TE_Stim_2.wav"
"2017-02-16 09:57:40,122","INFO","Supplying reward for 12.00 seconds"
"2017-02-16 09:59:17,440","INFO","Trial 34 - 09:59:17 - Unrewarded - /home/fet/stimuli/shaping_categories_box2/nonreward/NC_Stim_12.wav"
"2017-02-16 09:59:54,629","INFO","Trial 35 - 09:59:54 - Unrewarded - /home/fet/stimuli/shaping_categories_box2/nonreward/SO_Stim_11.wav"
"2017-02-16 10:00:19,682","INFO","Trial 36 - 10:00:19 - Unrewarded - /home/fet/stimuli/shaping_categories_box2/nonreward/WH_Stim_1.wav"
"2017-02-16 10:00:43,615","INFO","Trial 37 - 10:00:43 - Rewarded - /home/fet/stimuli/shaping_categories_box2/reward/TE_Stim_2.wav"
"2017-02-16 10:00:49,621","INFO","Supplying reward for 12.00 seconds"
"2017-02-16 10:02:57,911","INFO","Trial 38 - 10:02:57 - Rewarded - /home/fet/stimuli/shaping_categories_box2/reward/TE_Stim_1.wav"
"2017-02-16 10:03:03,917","INFO","Supplying reward for 12.00 seconds"
"2017-02-16 10:04:42,943","INFO","Trial 39 - 10:04:42 - Unrewarded - /home/fet/stimuli/shaping_categories_box2/nonreward/DI_Stim_12.wav"
"2017-02-16 10:05:00,257","INFO","Trial 40 - 10:05:00 - Unrewarded - /home/fet/stimuli/shaping_categories_box2/nonreward/DC_Stim_8.wav"
"2017-02-16 10:05:18,673","INFO","Trial 41 - 10:05:18 - Unrewarded - /home/fet/stimuli/shaping_categories_box2/nonreward/AG_Stim_12.wav"
"2017-02-16 10:06:32,188","INFO","Trial 42 - 10:06:32 - Unrewarded - /home/fet/stimuli/shaping_categories_box2/nonreward/NC_Stim_17.wav"
"2017-02-16 10:06:32,239","INFO","Trial 43 - 10:06:32 - Unrewarded - /home/fet/stimuli/shaping_categories_box2/nonreward/WH_Stim_1.wav"
"2017-02-16 13:05:15,472","INFO","Trial 44 - 13:05:15 - Unrewarded - /home/fet/stimuli/shaping_categories_box2/nonreward/AG_Stim_11.wav"
"2017-02-16 13:05:15,527","INFO","Trial 45 - 13:05:15 - Unrewarded - /home/fet/stimuli/shaping_categories_box2/nonreward/SO_Stim_10.wav"
"2017-02-16 13:05:32,204","INFO","Trial 46 - 13:05:32 - Unrewarded - /home/fet/stimuli/shaping_categories_box2/nonreward/DC_Stim_7.wav"
"2017-02-16 13:05:32,259","INFO","Trial 47 - 13:05:32 - Rewarded - /home/fet/stimuli/shaping_categories_box2/reward/TE_Stim_2.wav"
"2017-02-16 13:05:38,266","INFO","Supplying reward for 12.00 seconds"
"2017-02-16 13:07:37,267","INFO","Trial 48 - 13:07:37 - Unrewarded - /home/fet/stimuli/shaping_categories_box2/nonreward/DI_Stim_10.wav"
"2017-02-16 13:07:37,326","INFO","Trial 49 - 13:07:37 - Unrewarded - /home/fet/stimuli/shaping_categories_box2/nonreward/TH_Stim_1.wav"
"2017-02-16 13:08:04,816","INFO","Trial 50 - 13:08:04 - Unrewarded - /home/fet/stimuli/shaping_categories_box2/nonreward/WH_Stim_2.wav"
"2017-02-16 13:08:05,751","INFO","Trial 51 - 13:08:05 - Rewarded - /home/fet/stimuli/shaping_categories_box2/reward/TE_Stim_1.wav"
"2017-02-16 13:08:05,805","INFO","Trial 52 - 13:08:05 - Unrewarded - /home/fet/stimuli/shaping_categories_box2/nonreward/TH_Stim_2.wav"
"2017-02-16 13:08:18,520","INFO","Trial 53 - 13:08:18 - Rewarded - /home/fet/stimuli/shaping_categories_box2/reward/TE_Stim_1.wav"
"2017-02-16 13:08:18,575","INFO","Trial 54 - 13:08:18 - Unrewarded - /home/fet/stimuli/shaping_categories_box2/nonreward/NC_Stim_12.wav"
"2017-02-16 13:08:44,173","INFO","Trial 55 - 13:08:44 - Unrewarded - /home/fet/stimuli/shaping_categories_box2/nonreward/SO_Stim_11.wav"
"2017-02-16 13:09:02,293","INFO","Trial 56 - 13:09:02 - Unrewarded - /home/fet/stimuli/shaping_categories_box2/nonreward/AG_Stim_11.wav"
"2017-02-16 13:09:25,439","INFO","Trial 57 - 13:09:25 - Unrewarded - /home/fet/stimuli/shaping_categories_box2/nonreward/SO_Stim_11.wav"
"2017-02-16 13:09:25,493","INFO","Trial 58 - 13:09:25 - Unrewarded - /home/fet/stimuli/shaping_categories_box2/nonreward/DI_Stim_10.wav"
"2017-02-16 13:09:50,665","INFO","Trial 59 - 13:09:50 - Unrewarded - /home/fet/stimuli/shaping_categories_box2/nonreward/AG_Stim_12.wav"
"2017-02-16 13:09:51,989","INFO","Trial 60 - 13:09:51 - Rewarded - /home/fet/stimuli/shaping_categories_box2/reward/TE_Stim_2.wav"
"2017-02-16 13:09:52,043","INFO","Trial 61 - 13:09:52 - Rewarded - /home/fet/stimuli/shaping_categories_box2/reward/TE_Stim_2.wav"
"2017-02-16 13:09:58,050","INFO","Supplying reward for 12.00 seconds"
"2017-02-16 13:11:40,560","INFO","Trial 62 - 13:11:40 - Unrewarded - /home/fet/stimuli/shaping_categories_box2/nonreward/DC_Stim_8.wav"
"2017-02-16 13:11:51,406","INFO","Trial 63 - 13:11:51 - Rewarded - /home/fet/stimuli/shaping_categories_box2/reward/TE_Stim_1.wav"
"2017-02-16 13:11:57,415","INFO","Supplying reward for 12.00 seconds"
"2017-02-16 13:13:37,050","INFO","Trial 64 - 13:13:37 - Unrewarded - /home/fet/stimuli/shaping_categories_box2/nonreward/DI_Stim_12.wav"
"2017-02-16 13:13:47,195","INFO","Trial 65 - 13:13:47 - Rewarded - /home/fet/stimuli/shaping_categories_box2/reward/TE_Stim_2.wav"
"2017-02-16 13:13:47,262","INFO","Trial 66 - 13:13:47 - Unrewarded - /home/fet/stimuli/shaping_categories_box2/nonreward/SO_Stim_10.wav"
"2017-02-16 13:14:04,611","INFO","Trial 67 - 13:14:04 - Rewarded - /home/fet/stimuli/shaping_categories_box2/reward/TE_Stim_1.wav"
"2017-02-16 13:14:04,666","INFO","Trial 68 - 13:14:04 - Unrewarded - /home/fet/stimuli/shaping_categories_box2/nonreward/WH_Stim_1.wav"
"2017-02-16 13:14:16,235","INFO","Trial 69 - 13:14:16 - Unrewarded - /home/fet/stimuli/shaping_categories_box2/nonreward/NC_Stim_17.wav"
"2017-02-16 13:14:17,309","INFO","Trial 70 - 13:14:17 - Unrewarded - /home/fet/stimuli/shaping_categories_box2/nonreward/TH_Stim_2.wav"
"2017-02-16 13:14:17,350","INFO","Trial 71 - 13:14:17 - Unrewarded - /home/fet/stimuli/shaping_categories_box2/nonreward/TH_Stim_1.wav"
"2017-02-16 13:14:49,198","INFO","Trial 72 - 13:14:49 - Rewarded - /home/fet/stimuli/shaping_categories_box2/reward/TE_Stim_2.wav"
"2017-02-16 13:14:49,257","INFO","Trial 73 - 13:14:49 - Unrewarded - /home/fet/stimuli/shaping_categories_box2/nonreward/WH_Stim_2.wav"
"2017-02-16 13:14:50,305","INFO","Trial 74 - 13:14:50 - Unrewarded - /home/fet/stimuli/shaping_categories_box2/nonreward/DC_Stim_7.wav"
"2017-02-16 13:14:50,364","INFO","Trial 75 - 13:14:50 - Unrewarded - /home/fet/stimuli/shaping_categories_box2/nonreward/NC_Stim_12.wav"
"2017-02-16 13:15:12,946","INFO","Trial 76 - 13:15:12 - Unrewarded - /home/fet/stimuli/shaping_categories_box2/nonreward/TH_Stim_2.wav"
"2017-02-16 13:15:23,284","INFO","Trial 77 - 13:15:23 - Rewarded - /home/fet/stimuli/shaping_categories_box2/reward/TE_Stim_1.wav"
"2017-02-16 13:15:29,293","INFO","Supplying reward for 12.00 seconds"
"2017-02-16 13:18:07,665","INFO","Trial 78 - 13:18:07 - Unrewarded - /home/fet/stimuli/shaping_categories_box2/nonreward/DC_Stim_7.wav"
"2017-02-16 13:18:28,525","INFO","Trial 79 - 13:18:28 - Unrewarded - /home/fet/stimuli/shaping_categories_box2/nonreward/NC_Stim_17.wav"
"2017-02-16 13:18:33,032","INFO","Trial 80 - 13:18:33 - Unrewarded - /home/fet/stimuli/shaping_categories_box2/nonreward/DC_Stim_8.wav"
"2017-02-16 13:18:33,090","INFO","Trial 81 - 13:18:33 - Unrewarded - /home/fet/stimuli/shaping_categories_box2/nonreward/SO_Stim_10.wav"
"2017-02-16 13:19:08,288","INFO","Trial 82 - 13:19:08 - Rewarded - /home/fet/stimuli/shaping_categories_box2/reward/TE_Stim_2.wav"
"2017-02-16 13:19:14,297","INFO","Supplying reward for 12.00 seconds"
"2017-02-16 13:21:08,848","INFO","Trial 83 - 13:21:08 - Unrewarded - /home/fet/stimuli/shaping_categories_box2/nonreward/DI_Stim_12.wav"
"2017-02-16 13:21:43,291","INFO","Trial 84 - 13:21:43 - Unrewarded - /home/fet/stimuli/shaping_categories_box2/nonreward/WH_Stim_1.wav"
"2017-02-16 15:34:30,749","INFO","Trial 85 - 15:34:30 - Unrewarded - /home/fet/stimuli/shaping_categories_box2/nonreward/DI_Stim_10.wav"
"2017-02-16 15:34:30,788","INFO","Trial 86 - 15:34:30 - Rewarded - /home/fet/stimuli/shaping_categories_box2/reward/TE_Stim_1.wav"
"2017-02-16 15:34:36,795","INFO","Supplying reward for 12.00 seconds"
"2017-02-16 15:36:21,389","INFO","Trial 87 - 15:36:21 - Rewarded - /home/fet/stimuli/shaping_categories_box2/reward/TE_Stim_1.wav"
"2017-02-16 15:36:27,398","INFO","Supplying reward for 12.00 seconds"
"2017-02-16 15:38:06,078","INFO","Trial 88 - 15:38:06 - Unrewarded - /home/fet/stimuli/shaping_categories_box2/nonreward/WH_Stim_2.wav"
"2017-02-16 15:38:06,128","INFO","Trial 89 - 15:38:06 - Unrewarded - /home/fet/stimuli/shaping_categories_box2/nonreward/NC_Stim_12.wav"
"2017-02-16 15:38:09,708","INFO","Trial 90 - 15:38:09 - Rewarded - /home/fet/stimuli/shaping_categories_box2/reward/TE_Stim_2.wav"
"2017-02-16 15:38:09,757","INFO","Trial 91 - 15:38:09 - Unrewarded - /home/fet/stimuli/shaping_categories_box2/nonreward/TH_Stim_1.wav"
"2017-02-16 15:38:22,129","INFO","Trial 92 - 15:38:22 - Unrewarded - /home/fet/stimuli/shaping_categories_box2/nonreward/AG_Stim_12.wav"
"2017-02-16 15:38:22,179","INFO","Trial 93 - 15:38:22 - Unrewarded - /home/fet/stimuli/shaping_categories_box2/nonreward/SO_Stim_11.wav"
"2017-02-16 15:38:32,762","INFO","Trial 94 - 15:38:32 - Rewarded - /home/fet/stimuli/shaping_categories_box2/reward/TE_Stim_2.wav"
"2017-02-16 15:38:38,771","INFO","Supplying reward for 12.00 seconds"
"2017-02-16 15:40:12,326","INFO","Trial 95 - 15:40:12 - Unrewarded - /home/fet/stimuli/shaping_categories_box2/nonreward/AG_Stim_11.wav"
"2017-02-16 15:40:13,360","INFO","Trial 96 - 15:40:13 - Unrewarded - /home/fet/stimuli/shaping_categories_box2/nonreward/WH_Stim_2.wav"
"2017-02-16 15:40:23,057","INFO","Trial 97 - 15:40:23 - Unrewarded - /home/fet/stimuli/shaping_categories_box2/nonreward/DI_Stim_10.wav"
"2017-02-16 15:40:33,023","INFO","Trial 98 - 15:40:33 - Unrewarded - /home/fet/stimuli/shaping_categories_box2/nonreward/AG_Stim_11.wav"
"2017-02-16 15:40:33,995","INFO","Trial 99 - 15:40:33 - Unrewarded - /home/fet/stimuli/shaping_categories_box2/nonreward/TH_Stim_1.wav"
"2017-02-16 15:40:34,035","INFO","Trial 100 - 15:40:34 - Unrewarded - /home/fet/stimuli/shaping_categories_box2/nonreward/DC_Stim_7.wav"
"2017-02-16 15:40:48,001","INFO","Trial 101 - 15:40:48 - Unrewarded - /home/fet/stimuli/shaping_categories_box2/nonreward/NC_Stim_12.wav"
"2017-02-16 15:40:55,701","INFO","Trial 102 - 15:40:55 - Unrewarded - /home/fet/stimuli/shaping_categories_box2/nonreward/WH_Stim_1.wav"
"2017-02-16 15:41:02,156","INFO","Trial 103 - 15:41:02 - Unrewarded - /home/fet/stimuli/shaping_categories_box2/nonreward/AG_Stim_12.wav"
"2017-02-16 15:41:12,019","INFO","Trial 104 - 15:41:12 - Unrewarded - /home/fet/stimuli/shaping_categories_box2/nonreward/DC_Stim_8.wav"
"2017-02-16 15:41:34,345","INFO","Trial 105 - 15:41:34 - Rewarded - /home/fet/stimuli/shaping_categories_box2/reward/TE_Stim_1.wav"
"2017-02-16 15:41:40,354","INFO","Supplying reward for 12.00 seconds"
"2017-02-16 15:43:08,310","INFO","Trial 106 - 15:43:08 - Unrewarded - /home/fet/stimuli/shaping_categories_box2/nonreward/TH_Stim_2.wav"
"2017-02-16 15:43:28,056","INFO","Trial 107 - 15:43:28 - Unrewarded - /home/fet/stimuli/shaping_categories_box2/nonreward/DI_Stim_12.wav"
"2017-02-16 15:43:28,116","INFO","Trial 108 - 15:43:28 - Unrewarded - /home/fet/stimuli/shaping_categories_box2/nonreward/SO_Stim_10.wav"
"2017-02-16 15:43:29,008","INFO","Trial 109 - 15:43:29 - Unrewarded - /home/fet/stimuli/shaping_categories_box2/nonreward/NC_Stim_17.wav"
"2017-02-16 15:43:29,065","INFO","Trial 110 - 15:43:29 - Rewarded - /home/fet/stimuli/shaping_categories_box2/reward/TE_Stim_2.wav"
"2017-02-16 15:43:35,073","INFO","Supplying reward for 12.00 seconds"
"2017-02-16 15:45:20,338","INFO","Trial 111 - 15:45:20 - Rewarded - /home/fet/stimuli/shaping_categories_box2/reward/TE_Stim_1.wav"
"2017-02-16 15:45:20,393","INFO","Trial 112 - 15:45:20 - Unrewarded - /home/fet/stimuli/shaping_categories_box2/nonreward/SO_Stim_11.wav"
"2017-02-16 15:45:21,384","INFO","Trial 113 - 15:45:21 - Unrewarded - /home/fet/stimuli/shaping_categories_box2/nonreward/DC_Stim_7.wav"
"2017-02-16 15:45:35,444","INFO","Trial 114 - 15:45:35 - Rewarded - /home/fet/stimuli/shaping_categories_box2/reward/TE_Stim_1.wav"
"2017-02-16 15:45:41,449","INFO","Supplying reward for 12.00 seconds"
"2017-02-16 15:47:04,421","INFO","Trial 115 - 15:47:04 - Unrewarded - /home/fet/stimuli/shaping_categories_box2/nonreward/AG_Stim_12.wav"
"2017-02-16 15:47:04,475","INFO","Trial 116 - 15:47:04 - Unrewarded - /home/fet/stimuli/shaping_categories_box2/nonreward/DC_Stim_8.wav"
"2017-02-16 15:47:10,650","INFO","Trial 117 - 15:47:10 - Unrewarded - /home/fet/stimuli/shaping_categories_box2/nonreward/NC_Stim_12.wav"
"2017-02-16 15:47:10,701","INFO","Trial 118 - 15:47:10 - Rewarded - /home/fet/stimuli/shaping_categories_box2/reward/TE_Stim_2.wav"
"2017-02-16 15:47:16,709","INFO","Supplying reward for 12.00 seconds"
"2017-02-16 15:48:37,636","INFO","Trial 119 - 15:48:37 - Unrewarded - /home/fet/stimuli/shaping_categories_box2/nonreward/DI_Stim_12.wav"
"2017-02-16 15:48:37,691","INFO","Trial 120 - 15:48:37 - Rewarded - /home/fet/stimuli/shaping_categories_box2/reward/TE_Stim_1.wav"
"2017-02-16 15:48:43,698","INFO","Supplying reward for 12.00 seconds"
"2017-02-16 15:50:16,103","INFO","Trial 121 - 15:50:16 - Rewarded - /home/fet/stimuli/shaping_categories_box2/reward/TE_Stim_2.wav"
"2017-02-16 15:50:18,205","INFO","Trial 122 - 15:50:18 - Unrewarded - /home/fet/stimuli/shaping_categories_box2/nonreward/TH_Stim_2.wav"
"2017-02-16 15:50:18,259","INFO","Trial 123 - 15:50:18 - Unrewarded - /home/fet/stimuli/shaping_categories_box2/nonreward/NC_Stim_17.wav"
"2017-02-16 15:50:43,417","INFO","Trial 124 - 15:50:43 - Rewarded - /home/fet/stimuli/shaping_categories_box2/reward/TE_Stim_1.wav"
"2017-02-16 15:50:49,426","INFO","Supplying reward for 12.00 seconds"
"2017-02-16 15:51:42,210","INFO","Trial 125 - 15:51:42 - Unrewarded - /home/fet/stimuli/shaping_categories_box2/nonreward/WH_Stim_2.wav"
"2017-02-16 15:52:01,226","INFO","Trial 126 - 15:52:01 - Unrewarded - /home/fet/stimuli/shaping_categories_box2/nonreward/AG_Stim_11.wav"
"2017-02-16 15:52:29,216","INFO","Trial 127 - 15:52:29 - Unrewarded - /home/fet/stimuli/shaping_categories_box2/nonreward/WH_Stim_1.wav"
"2017-02-16 15:53:15,431","INFO","Trial 128 - 15:53:15 - Unrewarded - /home/fet/stimuli/shaping_categories_box2/nonreward/TH_Stim_1.wav"
"2017-02-16 15:53:46,444","INFO","Trial 129 - 15:53:46 - Rewarded - /home/fet/stimuli/shaping_categories_box2/reward/TE_Stim_2.wav"
"2017-02-16 15:53:52,453","INFO","Supplying reward for 12.00 seconds"
"2017-02-16 15:54:46,544","INFO","Trial 130 - 15:54:46 - Rewarded - /home/fet/stimuli/shaping_categories_box2/reward/TE_Stim_2.wav"
"2017-02-16 15:54:52,553","INFO","Supplying reward for 12.00 seconds"
"2017-02-16 15:55:15,374","INFO","Trial 131 - 15:55:15 - Unrewarded - /home/fet/stimuli/shaping_categories_box2/nonreward/DI_Stim_10.wav"
"2017-02-16 15:55:35,422","INFO","Trial 132 - 15:55:35 - Unrewarded - /home/fet/stimuli/shaping_categories_box2/nonreward/SO_Stim_10.wav"
"2017-02-16 16:40:27,942","INFO","Finishing session 1 at Thu Feb 16 16:40:27 2017"
"2017-02-16 16:40:27,942","INFO","Finished all sessions."
"2017-02-16 16:40:28,249","INFO","Exiting Session state"
"2017-02-16 16:40:28,249","INFO","Finishing experiment"
"2017-02-16 16:40:28,556","INFO","Exiting Idle state"
