"2017-03-22 09:45:25,960","INFO","Preparing subject and data storage"
"2017-03-22 09:45:25,960","INFO","Created subject object with name LblGra3039M"
"2017-03-22 09:45:25,961","INFO","Created datastore CSVStore: filename = /home/fet/data/LblGra3039M/220317/LblGra3039M_trialdata_20170322094525.csv, fields = session, index, time, stimulus_name, condition_name, response, correct, rt, reward, max_wait for subject LblGra3039M"
"2017-03-22 09:45:25,961","INFO","Preparing to run experiment Go No-Go Interruption"
"2017-03-22 09:45:26,268","INFO","Entering Idle state"
"2017-03-22 09:45:26,571","INFO","Beginning block #1"
"2017-03-22 09:45:44,023","INFO","Trial 1 - 09:45:44 - Unrewarded - /home/fet/stimuli/test_categories_box2/nonreward/Th_Stim_10_LblRed0613_071402031218.wav"
"2017-03-22 09:45:53,858","INFO","Trial 2 - 09:45:53 - Unrewarded - /home/fet/stimuli/test_categories_box2/nonreward/LT_Stim_8_WhiBlu3615_010405070206.wav"
"2017-03-22 09:46:05,854","INFO","Trial 3 - 09:46:05 - Unrewarded - /home/fet/stimuli/test_categories_box2/nonreward/Di_Stim_4_Unknown000_020101020201.wav"
"2017-03-22 09:46:05,901","INFO","Trial 4 - 09:46:05 - Rewarded - /home/fet/stimuli/test_categories_box2/reward/Te_Stim_3_WhiRas44dd_141825050924.wav"
"2017-03-22 09:46:11,909","INFO","Supplying reward for 12.00 seconds"
"2017-03-22 09:46:46,141","INFO","Trial 5 - 09:46:46 - Unrewarded - /home/fet/stimuli/test_categories_box2/nonreward/LT_Stim_3_LblBlu1927_010101010101.wav"
"2017-03-22 09:46:46,860","INFO","Trial 6 - 09:46:46 - Unrewarded - /home/fet/stimuli/test_categories_box2/nonreward/Di_Stim_9_HPiHPi4748_030503030505.wav"
"2017-03-22 09:46:46,909","INFO","Trial 7 - 09:46:46 - Unrewarded - /home/fet/stimuli/test_categories_box2/nonreward/Th_Stim_9_YelGre5275_234224281925.wav"
"2017-03-22 09:46:57,835","INFO","Trial 8 - 09:46:57 - Unrewarded - /home/fet/stimuli/test_categories_box2/nonreward/Ne_Stim_10_WhiBlu4917_051303040201.wav"
"2017-03-22 09:46:57,885","INFO","Trial 9 - 09:46:57 - Unrewarded - /home/fet/stimuli/test_categories_box2/nonreward/Wh_Stim_4_GraLbl0457_050204010104.wav"
"2017-03-22 09:47:08,681","INFO","Trial 10 - 09:47:08 - Unrewarded - /home/fet/stimuli/test_categories_box2/nonreward/Wh_Stim_1_HpiGra1004_020306040705.wav"
"2017-03-22 09:47:19,477","INFO","Trial 11 - 09:47:19 - Unrewarded - /home/fet/stimuli/test_categories_box2/nonreward/DC_Stim_9_BlaLbl8026_083532313901.wav"
"2017-03-22 09:47:23,460","INFO","Trial 12 - 09:47:23 - Unrewarded - /home/fet/stimuli/test_categories_box2/nonreward/Th_Stim_8_BlaBla0506_020105030401.wav"
"2017-03-22 09:47:32,994","INFO","Trial 13 - 09:47:32 - Unrewarded - /home/fet/stimuli/test_categories_box2/nonreward/LT_Stim_2_LblBlu1630_011103141605.wav"
"2017-03-22 09:47:33,048","INFO","Trial 14 - 09:47:33 - Unrewarded - /home/fet/stimuli/test_categories_box2/nonreward/Ne_Stim_8_GraGra0201_491227053225.wav"
"2017-03-22 09:47:50,458","INFO","Trial 15 - 09:47:50 - Unrewarded - /home/fet/stimuli/test_categories_box2/nonreward/Wh_Stim_5_BlaBla0506_061015021418.wav"
"2017-03-22 09:48:00,014","INFO","Trial 16 - 09:48:00 - Rewarded - /home/fet/stimuli/test_categories_box2/reward/Te_Stim_6_BlaBla0506_161108060910.wav"
"2017-03-22 09:48:00,072","INFO","Trial 17 - 09:48:00 - Rewarded - /home/fet/stimuli/test_categories_box2/reward/Te_Stim_7_WhiGra0114_111905201002.wav"
"2017-03-22 09:48:06,081","INFO","Supplying reward for 12.00 seconds"
"2017-03-22 09:48:31,777","INFO","Trial 18 - 09:48:31 - Rewarded - /home/fet/stimuli/test_categories_box2/reward/Te_Stim_10_WhiRas44dd_232227180325.wav"
"2017-03-22 09:48:37,782","INFO","Supplying reward for 12.00 seconds"
"2017-03-22 09:48:59,400","INFO","Trial 19 - 09:48:59 - Rewarded - /home/fet/stimuli/test_categories_box2/reward/Te_Stim_8_WhiRas44dd_020108111921.wav"
"2017-03-22 09:49:05,409","INFO","Supplying reward for 12.00 seconds"
"2017-03-22 09:49:25,515","INFO","Trial 20 - 09:49:25 - Unrewarded - /home/fet/stimuli/test_categories_box2/nonreward/Ne_Stim_6_WhiBlu4917_030607120105.wav"
"2017-03-22 09:49:38,879","INFO","Trial 21 - 09:49:38 - Rewarded - /home/fet/stimuli/test_categories_box2/reward/Te_Stim_7_HPiHPi4748_222305111512.wav"
"2017-03-22 09:49:38,934","INFO","Trial 22 - 09:49:38 - Unrewarded - /home/fet/stimuli/test_categories_box2/nonreward/DC_Stim_2_GreRas2400_020101020101.wav"
"2017-03-22 09:49:39,753","INFO","Trial 23 - 09:49:39 - Unrewarded - /home/fet/stimuli/test_categories_box2/nonreward/Tu_Stim_3_BluRas61dd_030107050908.wav"
"2017-03-22 09:49:39,807","INFO","Trial 24 - 09:49:39 - Rewarded - /home/fet/stimuli/test_categories_box2/reward/Te_Stim_2_PurRas20dd_131410270225.wav"
"2017-03-22 09:49:45,814","INFO","Supplying reward for 12.00 seconds"
"2017-03-22 09:50:10,176","INFO","Trial 25 - 09:50:10 - Rewarded - /home/fet/stimuli/test_categories_box2/reward/Te_Stim_5_GreRas2400_142507302827.wav"
"2017-03-22 09:50:16,185","INFO","Supplying reward for 12.00 seconds"
"2017-03-22 09:50:46,010","INFO","Trial 26 - 09:50:46 - Rewarded - /home/fet/stimuli/test_categories_box2/reward/Te_Stim_8_GreGre2522_060527033334.wav"
"2017-03-22 09:50:52,020","INFO","Supplying reward for 12.00 seconds"
"2017-03-22 09:51:17,376","INFO","Trial 27 - 09:51:17 - Rewarded - /home/fet/stimuli/test_categories_box2/reward/Te_Stim_6_WhiGra0114_200221100507.wav"
"2017-03-22 09:51:17,431","INFO","Trial 28 - 09:51:17 - Unrewarded - /home/fet/stimuli/test_categories_box2/nonreward/Di_Stim_4_BlaLbl8026_020103030203.wav"
"2017-03-22 09:51:24,429","INFO","Trial 29 - 09:51:24 - Rewarded - /home/fet/stimuli/test_categories_box2/reward/Te_Stim_6_WhiBlu4917_112519272322.wav"
"2017-03-22 09:51:30,438","INFO","Supplying reward for 12.00 seconds"
"2017-03-22 09:51:59,178","INFO","Trial 30 - 09:51:59 - Rewarded - /home/fet/stimuli/test_categories_box2/reward/Te_Stim_2_BlaBla0506_091412111008.wav"
"2017-03-22 09:52:05,183","INFO","Supplying reward for 12.00 seconds"
"2017-03-22 09:52:34,620","INFO","Trial 31 - 09:52:34 - Rewarded - /home/fet/stimuli/test_categories_box2/reward/Te_Stim_3_PurRas20dd_181713080612.wav"
"2017-03-22 09:52:40,625","INFO","Supplying reward for 12.00 seconds"
"2017-03-22 09:53:06,383","INFO","Trial 32 - 09:53:06 - Unrewarded - /home/fet/stimuli/test_categories_box2/nonreward/Di_Stim_4_Unknown_11_010202020101.wav"
"2017-03-22 09:53:21,877","INFO","Trial 33 - 09:53:21 - Unrewarded - /home/fet/stimuli/test_categories_box2/nonreward/Tu_Stim_7_YelOra2575_152714282217.wav"
"2017-03-22 09:53:38,859","INFO","Trial 34 - 09:53:38 - Unrewarded - /home/fet/stimuli/test_categories_box2/nonreward/Tu_Stim_9_BlaLbl8026_091006070811.wav"
"2017-03-22 09:53:57,810","INFO","Trial 35 - 09:53:57 - Unrewarded - /home/fet/stimuli/test_categories_box2/nonreward/LT_Stim_6_LblBlu2028_090308011102.wav"
"2017-03-22 09:54:08,640","INFO","Trial 36 - 09:54:08 - Unrewarded - /home/fet/stimuli/test_categories_box2/nonreward/Th_Stim_3_BlaBla0506_050103040204.wav"
"2017-03-22 09:54:19,645","INFO","Trial 37 - 09:54:19 - Unrewarded - /home/fet/stimuli/test_categories_box2/nonreward/Be_Stim_1_LblBlu2028_04_0302_0101_01.wav"
"2017-03-22 09:54:29,012","INFO","Trial 38 - 09:54:29 - Unrewarded - /home/fet/stimuli/test_categories_box2/nonreward/LT_Stim_8_LblBlu2028_071206040801.wav"
"2017-03-22 09:54:41,447","INFO","Trial 39 - 09:54:41 - Unrewarded - /home/fet/stimuli/test_categories_box2/nonreward/LT_Stim_6_WhiBlu3513_010603040502.wav"
"2017-03-22 09:54:41,502","INFO","Trial 40 - 09:54:41 - Unrewarded - /home/fet/stimuli/test_categories_box2/nonreward/Th_Stim_3_WhiBlu4818_030501020405.wav"
"2017-03-22 09:54:51,109","INFO","Trial 41 - 09:54:51 - Unrewarded - /home/fet/stimuli/test_categories_box2/nonreward/Wh_Stim_3_GraGra0201_040105060205.wav"
"2017-03-22 09:55:03,282","INFO","Trial 42 - 09:55:03 - Unrewarded - /home/fet/stimuli/test_categories_box2/nonreward/Di_Stim_2_HPiHPi4748_030503050505.wav"
"2017-03-22 09:55:12,264","INFO","Trial 43 - 09:55:12 - Rewarded - /home/fet/stimuli/test_categories_box2/reward/Te_Stim_9_WhiBlu4917_241304081512.wav"
"2017-03-22 09:55:18,273","INFO","Supplying reward for 12.00 seconds"
"2017-03-22 09:56:01,660","INFO","Trial 44 - 09:56:01 - Unrewarded - /home/fet/stimuli/test_categories_box2/nonreward/DC_Stim_7_GraLbl0457_020616322021.wav"
"2017-03-22 09:56:12,023","INFO","Trial 45 - 09:56:12 - Unrewarded - /home/fet/stimuli/test_categories_box2/nonreward/Di_Stim_5_GraGra0201_070107070101.wav"
"2017-03-22 09:56:12,774","INFO","Trial 46 - 09:56:12 - Unrewarded - /home/fet/stimuli/test_categories_box2/nonreward/Be_Stim_8_LblGre0001_11_030109.wav"
"2017-03-22 09:56:12,827","INFO","Trial 47 - 09:56:12 - Rewarded - /home/fet/stimuli/test_categories_box2/reward/Te_Stim_7_WhiBlu4917_161719252404.wav"
"2017-03-22 09:56:18,835","INFO","Supplying reward for 12.00 seconds"
"2017-03-22 09:56:44,609","INFO","Trial 48 - 09:56:44 - Rewarded - /home/fet/stimuli/test_categories_box2/reward/Te_Stim_9_HPiHPi4748_172702111428.wav"
"2017-03-22 09:56:50,614","INFO","Supplying reward for 12.00 seconds"
"2017-03-22 09:57:22,287","INFO","Trial 49 - 09:57:22 - Unrewarded - /home/fet/stimuli/test_categories_box2/nonreward/Wh_Stim_2_LblBla4419_060702101114.wav"
"2017-03-22 09:57:23,336","INFO","Trial 50 - 09:57:23 - Unrewarded - /home/fet/stimuli/test_categories_box2/nonreward/Ne_Stim_10_Unknown000_010101010101.wav"
"2017-03-22 09:57:32,502","INFO","Trial 51 - 09:57:32 - Unrewarded - /home/fet/stimuli/test_categories_box2/nonreward/LT_Stim_4_LblGre0000_071102201401.wav"
"2017-03-22 09:57:33,494","INFO","Trial 52 - 09:57:33 - Unrewarded - /home/fet/stimuli/test_categories_box2/nonreward/LT_Stim_6_LblBlu1630_090401130614.wav"
"2017-03-22 09:57:42,991","INFO","Trial 53 - 09:57:42 - Unrewarded - /home/fet/stimuli/test_categories_box2/nonreward/DC_Stim_10_Unknown00F_251924160807.wav"
"2017-03-22 09:57:44,245","INFO","Trial 54 - 09:57:44 - Unrewarded - /home/fet/stimuli/test_categories_box2/nonreward/Ne_Stim_10_YelGre5275_313105161020.wav"
"2017-03-22 09:57:53,328","INFO","Trial 55 - 09:57:53 - Unrewarded - /home/fet/stimuli/test_categories_box2/nonreward/Be_Stim_5_LblBlu6379_01_0304_0203_02.wav"
"2017-03-22 09:58:06,582","INFO","Trial 56 - 09:58:06 - Unrewarded - /home/fet/stimuli/test_categories_box2/nonreward/Ag_Stim_8_GraLbl0457_060908120507.wav"
"2017-03-22 09:58:17,198","INFO","Trial 57 - 09:58:17 - Unrewarded - /home/fet/stimuli/test_categories_box2/nonreward/Th_Stim_6_GraGra0201_262942320315.wav"
"2017-03-22 09:58:28,207","INFO","Trial 58 - 09:58:28 - Unrewarded - /home/fet/stimuli/test_categories_box2/nonreward/Th_Stim_6_HPiHPi4748_090628231318.wav"
"2017-03-22 09:58:47,547","INFO","Trial 59 - 09:58:47 - Rewarded - /home/fet/stimuli/test_categories_box2/reward/Te_Stim_1_HPiHPi4748_291730011215.wav"
"2017-03-22 09:58:53,564","INFO","Supplying reward for 12.00 seconds"
"2017-03-22 09:59:16,118","INFO","Trial 60 - 09:59:16 - Rewarded - /home/fet/stimuli/test_categories_box2/reward/Te_Stim_2_WhiBlu4917_020401092411.wav"
"2017-03-22 09:59:22,127","INFO","Supplying reward for 12.00 seconds"
"2017-03-22 09:59:50,891","INFO","Trial 61 - 09:59:50 - Unrewarded - /home/fet/stimuli/test_categories_box2/nonreward/LT_Stim_3_LblBlu6680_203121260903.wav"
"2017-03-22 10:00:01,404","INFO","Trial 62 - 10:00:01 - Unrewarded - /home/fet/stimuli/test_categories_box2/nonreward/So_Stim_5_RedRas3600_040201.wav"
"2017-03-22 10:00:02,316","INFO","Trial 63 - 10:00:02 - Rewarded - /home/fet/stimuli/test_categories_box2/reward/Te_Stim_6_GreGre2522_260301151316.wav"
"2017-03-22 10:00:08,323","INFO","Supplying reward for 12.00 seconds"
"2017-03-22 10:01:15,385","INFO","Trial 64 - 10:01:15 - Unrewarded - /home/fet/stimuli/test_categories_box2/nonreward/Th_Stim_4_Unknown000_100304020811.wav"
"2017-03-22 10:01:27,062","INFO","Trial 65 - 10:01:27 - Unrewarded - /home/fet/stimuli/test_categories_box2/nonreward/Wh_Stim_1_LblRed0613_154331253902.wav"
"2017-03-22 10:01:44,186","INFO","Trial 66 - 10:01:44 - Unrewarded - /home/fet/stimuli/test_categories_box2/nonreward/Wh_Stim_3_GraLbl0457_050402010502.wav"
"2017-03-22 10:02:06,873","INFO","Trial 67 - 10:02:06 - Unrewarded - /home/fet/stimuli/test_categories_box2/nonreward/Th_Stim_3_YelGre5275_410220331610.wav"
"2017-03-22 10:02:23,767","INFO","Trial 68 - 10:02:23 - Rewarded - /home/fet/stimuli/test_categories_box2/reward/Te_Stim_6_HPiHPi4748_200702012803.wav"
"2017-03-22 10:02:29,776","INFO","Supplying reward for 12.00 seconds"
"2017-03-22 10:02:55,403","INFO","Trial 69 - 10:02:55 - Unrewarded - /home/fet/stimuli/test_categories_box2/nonreward/Ag_Stim_5_WhiGra0114_010101010101.wav"
"2017-03-22 10:02:56,687","INFO","Trial 70 - 10:02:56 - Unrewarded - /home/fet/stimuli/test_categories_box2/nonreward/Be_Stim_9_LblRas1800_0303_0205_02.wav"
"2017-03-22 10:03:14,776","INFO","Trial 71 - 10:03:14 - Unrewarded - /home/fet/stimuli/test_categories_box2/nonreward/So_Stim_1_WhiBlu5698_182530.wav"
"2017-03-22 10:03:15,723","INFO","Trial 72 - 10:03:15 - Unrewarded - /home/fet/stimuli/test_categories_box2/nonreward/Ne_Stim_2_Unknown01F_010202020202.wav"
"2017-03-22 10:03:15,776","INFO","Trial 73 - 10:03:15 - Unrewarded - /home/fet/stimuli/test_categories_box2/nonreward/Wh_Stim_3_HPiHPi4748_300809242317.wav"
"2017-03-22 10:03:27,161","INFO","Trial 74 - 10:03:27 - Unrewarded - /home/fet/stimuli/test_categories_box2/nonreward/Ag_Stim_6_WhiWhi1415_020202020202.wav"
"2017-03-22 10:03:27,965","INFO","Trial 75 - 10:03:27 - Unrewarded - /home/fet/stimuli/test_categories_box2/nonreward/Be_Stim_3_GraRas1600_061114.wav"
"2017-03-22 10:03:28,019","INFO","Trial 76 - 10:03:28 - Unrewarded - /home/fet/stimuli/test_categories_box2/nonreward/Be_Stim_10_LblGre0001_011003_02.wav"
"2017-03-22 10:03:28,830","INFO","Trial 77 - 10:03:28 - Unrewarded - /home/fet/stimuli/test_categories_box2/nonreward/Ne_Stim_6_BluRas07dd_120918111505.wav"
"2017-03-22 10:03:42,922","INFO","Trial 78 - 10:03:42 - Unrewarded - /home/fet/stimuli/test_categories_box2/nonreward/DC_Stim_5_BluRas07dd_130805211403.wav"
"2017-03-22 10:03:59,055","INFO","Trial 79 - 10:03:59 - Unrewarded - /home/fet/stimuli/test_categories_box2/nonreward/Th_Stim_4_Unknown_11_030906110110.wav"
"2017-03-22 10:04:13,583","INFO","Trial 80 - 10:04:13 - Rewarded - /home/fet/stimuli/test_categories_box2/reward/Te_Stim_2_HPiHPi4748_240426211327.wav"
"2017-03-22 10:04:19,591","INFO","Supplying reward for 12.00 seconds"
"2017-03-22 10:04:59,184","INFO","Trial 81 - 10:04:59 - Rewarded - /home/fet/stimuli/test_categories_box2/reward/Te_Stim_1_WhiRas44dd_292704100501.wav"
"2017-03-22 10:05:05,193","INFO","Supplying reward for 12.00 seconds"
"2017-03-22 10:05:33,667","INFO","Trial 82 - 10:05:33 - Unrewarded - /home/fet/stimuli/test_categories_box2/nonreward/Wh_Stim_8_GraGra0201_010502040605.wav"
"2017-03-22 10:05:33,725","INFO","Trial 83 - 10:05:33 - Rewarded - /home/fet/stimuli/test_categories_box2/reward/Te_Stim_8_WhiGra0114_142111101920.wav"
"2017-03-22 10:05:39,733","INFO","Supplying reward for 12.00 seconds"
"2017-03-22 10:06:06,174","INFO","Trial 84 - 10:06:06 - Rewarded - /home/fet/stimuli/test_categories_box2/reward/Te_Stim_9_GreOra1817_262704032402.wav"
"2017-03-22 10:06:07,540","INFO","Trial 85 - 10:06:07 - Unrewarded - /home/fet/stimuli/test_categories_box2/nonreward/Ag_Stim_10_PurRas20dd_201708041915.wav"
"2017-03-22 10:06:08,550","INFO","Trial 86 - 10:06:08 - Unrewarded - /home/fet/stimuli/test_categories_box2/nonreward/So_Stim_2_WhiBlu4818_110509.wav"
"2017-03-22 10:06:08,596","INFO","Trial 87 - 10:06:08 - Unrewarded - /home/fet/stimuli/test_categories_box2/nonreward/Ag_Stim_4_WhiRas44dd_241121310517.wav"
"2017-03-22 10:06:09,469","INFO","Trial 88 - 10:06:09 - Unrewarded - /home/fet/stimuli/test_categories_box2/nonreward/LT_Stim_3_LblBlu1630_101508041302.wav"
"2017-03-22 10:06:09,526","INFO","Trial 89 - 10:06:09 - Rewarded - /home/fet/stimuli/test_categories_box2/reward/Te_Stim_2_GreRas2400_263107192511.wav"
"2017-03-22 10:06:15,534","INFO","Supplying reward for 12.00 seconds"
"2017-03-22 10:06:41,431","INFO","Trial 90 - 10:06:41 - Unrewarded - /home/fet/stimuli/test_categories_box2/nonreward/Ne_Stim_4_YelOra2575_262315121002.wav"
"2017-03-22 10:06:48,488","INFO","Trial 91 - 10:06:48 - Unrewarded - /home/fet/stimuli/test_categories_box2/nonreward/Wh_Stim_3_LblBla4548_041710130115.wav"
"2017-03-22 10:06:48,542","INFO","Trial 92 - 10:06:48 - Unrewarded - /home/fet/stimuli/test_categories_box2/nonreward/LT_Stim_1_LblRas1800_050201040603.wav"
"2017-03-22 10:06:52,573","INFO","Trial 93 - 10:06:52 - Unrewarded - /home/fet/stimuli/test_categories_box2/nonreward/DC_Stim_10_BlaBla0506_222016101924.wav"
"2017-03-22 10:06:53,537","INFO","Trial 94 - 10:06:53 - Unrewarded - /home/fet/stimuli/test_categories_box2/nonreward/Be_Stim_9_LblBlu2028_01_0104_0204_01.wav"
"2017-03-22 10:06:54,916","INFO","Trial 95 - 10:06:54 - Rewarded - /home/fet/stimuli/test_categories_box2/reward/Te_Stim_3_BluRas61dd_230602291512.wav"
"2017-03-22 10:07:00,923","INFO","Supplying reward for 12.00 seconds"
"2017-03-22 10:07:23,875","INFO","Trial 96 - 10:07:23 - Unrewarded - /home/fet/stimuli/test_categories_box2/nonreward/LT_Stim_4_LblRas1800_040306050201.wav"
"2017-03-22 10:07:24,806","INFO","Trial 97 - 10:07:24 - Unrewarded - /home/fet/stimuli/test_categories_box2/nonreward/Ag_Stim_7_LblRed0613_110129022830.wav"
"2017-03-22 10:07:29,484","INFO","Trial 98 - 10:07:29 - Unrewarded - /home/fet/stimuli/test_categories_box2/nonreward/So_Stim_3_WhiBlu5698_312402.wav"
"2017-03-22 12:49:15,699","INFO","Trial 99 - 12:49:15 - Unrewarded - /home/fet/stimuli/test_categories_box2/nonreward/So_Stim_6_BlaBla0506_061508.wav"
"2017-03-22 12:49:15,744","INFO","Trial 100 - 12:49:15 - Unrewarded - /home/fet/stimuli/test_categories_box2/nonreward/LT_Stim_5_LblGre0000_051407201211.wav"
"2017-03-22 12:49:23,452","INFO","Trial 101 - 12:49:23 - Unrewarded - /home/fet/stimuli/test_categories_box2/nonreward/Be_Stim_6_LblBlu1927_110715.wav"
"2017-03-22 12:49:23,502","INFO","Trial 102 - 12:49:23 - Unrewarded - /home/fet/stimuli/test_categories_box2/nonreward/Wh_Stim_10_WhiRas44dd_020103020303.wav"
"2017-03-22 12:49:31,422","INFO","Trial 103 - 12:49:31 - Unrewarded - /home/fet/stimuli/test_categories_box2/nonreward/Ag_Stim_3_WhiWhi1415_020202020202.wav"
"2017-03-22 12:49:31,477","INFO","Trial 104 - 12:49:31 - Rewarded - /home/fet/stimuli/test_categories_box2/reward/Te_Stim_9_GraGra0201_061618382714.wav"
"2017-03-22 12:49:37,485","INFO","Supplying reward for 12.00 seconds"
"2017-03-22 14:04:06,445","INFO","Trial 105 - 14:04:06 - Unrewarded - /home/fet/stimuli/test_categories_box2/nonreward/Th_Stim_3_LblRed0613_111208100609.wav"
"2017-03-22 14:04:06,496","INFO","Trial 106 - 14:04:06 - Unrewarded - /home/fet/stimuli/test_categories_box2/nonreward/Be_Stim_1_GraRas1500_040702.wav"
"2017-03-22 14:04:07,282","INFO","Trial 107 - 14:04:07 - Unrewarded - /home/fet/stimuli/test_categories_box2/nonreward/Be_Stim_10_WhiBlu0112_021910.wav"
"2017-03-22 14:04:07,335","INFO","Trial 108 - 14:04:07 - Rewarded - /home/fet/stimuli/test_categories_box2/reward/Te_Stim_10_GraGra0201_163307342135.wav"
"2017-03-22 14:04:13,342","INFO","Supplying reward for 12.00 seconds"
"2017-03-22 14:04:47,703","INFO","Trial 109 - 14:04:47 - Unrewarded - /home/fet/stimuli/test_categories_box2/nonreward/So_Stim_5_HPiHPi4748_151523.wav"
"2017-03-22 14:04:47,758","INFO","Trial 110 - 14:04:47 - Unrewarded - /home/fet/stimuli/test_categories_box2/nonreward/Tu_Stim_3_PurRas20dd_040709010302.wav"
"2017-03-22 14:04:57,654","INFO","Trial 111 - 14:04:57 - Unrewarded - /home/fet/stimuli/test_categories_box2/nonreward/Be_Stim_3_LblBlu2028_0301_0310_01.wav"
"2017-03-22 14:04:57,709","INFO","Trial 112 - 14:04:57 - Unrewarded - /home/fet/stimuli/test_categories_box2/nonreward/So_Stim_10_RedRas3600_040602.wav"
"2017-03-22 14:05:00,546","INFO","Trial 113 - 14:05:00 - Unrewarded - /home/fet/stimuli/test_categories_box2/nonreward/So_Stim_2_WhiLbl0010_080705.wav"
"2017-03-22 14:05:00,596","INFO","Trial 114 - 14:05:00 - Rewarded - /home/fet/stimuli/test_categories_box2/reward/Te_Stim_4_WhiBlu4917_042724231708.wav"
"2017-03-22 14:05:06,602","INFO","Supplying reward for 12.00 seconds"
"2017-03-22 14:05:40,198","INFO","Trial 115 - 14:05:40 - Unrewarded - /home/fet/stimuli/test_categories_box2/nonreward/LT_Stim_4_WhiBlu3414_010725220521.wav"
"2017-03-22 14:05:40,248","INFO","Trial 116 - 14:05:40 - Unrewarded - /home/fet/stimuli/test_categories_box2/nonreward/LT_Stim_7_LblRas1800_040201060305.wav"
"2017-03-22 14:05:47,540","INFO","Trial 117 - 14:05:47 - Unrewarded - /home/fet/stimuli/test_categories_box2/nonreward/DC_Stim_10_BlaLbl8026_332938233626.wav"
"2017-03-22 14:05:47,594","INFO","Trial 118 - 14:05:47 - Rewarded - /home/fet/stimuli/test_categories_box2/reward/Te_Stim_4_GraGra0201_382427220937.wav"
"2017-03-22 14:05:53,601","INFO","Supplying reward for 12.00 seconds"
"2017-03-22 14:06:20,444","INFO","Trial 119 - 14:06:20 - Unrewarded - /home/fet/stimuli/test_categories_box2/nonreward/DC_Stim_2_YelOra2575_242941471119.wav"
"2017-03-22 14:06:21,334","INFO","Trial 120 - 14:06:21 - Unrewarded - /home/fet/stimuli/test_categories_box2/nonreward/DC_Stim_2_PurRas20dd_060523172704.wav"
"2017-03-22 14:06:26,539","INFO","Trial 121 - 14:06:26 - Unrewarded - /home/fet/stimuli/test_categories_box2/nonreward/Tu_Stim_3_GreOra1817_080115141807.wav"
"2017-03-22 14:06:41,399","INFO","Trial 122 - 14:06:41 - Rewarded - /home/fet/stimuli/test_categories_box2/reward/Te_Stim_1_GraGra0201_143738171128.wav"
"2017-03-22 14:06:41,453","INFO","Trial 123 - 14:06:41 - Unrewarded - /home/fet/stimuli/test_categories_box2/nonreward/Di_Stim_8_WhiLbl0010_040404040404.wav"
"2017-03-22 14:06:42,329","INFO","Trial 124 - 14:06:42 - Unrewarded - /home/fet/stimuli/test_categories_box2/nonreward/So_Stim_8_WhiBlu4818_090405.wav"
"2017-03-22 14:07:01,583","INFO","Trial 125 - 14:07:01 - Rewarded - /home/fet/stimuli/test_categories_box2/reward/Te_Stim_8_GreRas2400_210731163011.wav"
"2017-03-22 14:07:01,638","INFO","Trial 126 - 14:07:01 - Unrewarded - /home/fet/stimuli/test_categories_box2/nonreward/Tu_Stim_5_YelOra2575_241425171005.wav"
"2017-03-22 14:07:11,604","INFO","Trial 127 - 14:07:11 - Unrewarded - /home/fet/stimuli/test_categories_box2/nonreward/Ne_Stim_2_WhiRas44dd_120806051102.wav"
"2017-03-22 14:07:11,654","INFO","Trial 128 - 14:07:11 - Unrewarded - /home/fet/stimuli/test_categories_box2/nonreward/Di_Stim_5_WhiBlu4818_060606060606.wav"
"2017-03-22 14:07:13,109","INFO","Trial 129 - 14:07:13 - Unrewarded - /home/fet/stimuli/test_categories_box2/nonreward/Ne_Stim_9_GraGra0201_264944223613.wav"
"2017-03-22 14:07:21,768","INFO","Trial 130 - 14:07:21 - Unrewarded - /home/fet/stimuli/test_categories_box2/nonreward/Be_Stim_8_GraRas1500_060105.wav"
"2017-03-22 14:07:29,970","INFO","Trial 131 - 14:07:29 - Rewarded - /home/fet/stimuli/test_categories_box2/reward/Te_Stim_4_GreRas2400_202619130121.wav"
"2017-03-22 14:07:30,025","INFO","Trial 132 - 14:07:30 - Unrewarded - /home/fet/stimuli/test_categories_box2/nonreward/Ag_Stim_5_BluRas07dd_121015092420.wav"
"2017-03-22 14:07:49,856","INFO","Trial 133 - 14:07:49 - Unrewarded - /home/fet/stimuli/test_categories_box2/nonreward/Ag_Stim_9_WhiGra0114_010101010101.wav"
"2017-03-22 14:07:49,907","INFO","Trial 134 - 14:07:49 - Unrewarded - /home/fet/stimuli/test_categories_box2/nonreward/LT_Stim_1_LblBlu6680_263106280904.wav"
"2017-03-22 14:08:21,741","INFO","Trial 135 - 14:08:21 - Unrewarded - /home/fet/stimuli/test_categories_box2/nonreward/Di_Stim_5_BlaBla0506_010101010101.wav"
"2017-03-22 14:08:33,129","INFO","Trial 136 - 14:08:33 - Rewarded - /home/fet/stimuli/test_categories_box2/reward/Te_Stim_1_WhiBlu4917_190213221627.wav"
"2017-03-22 14:08:39,137","INFO","Supplying reward for 12.00 seconds"
"2017-03-22 14:09:35,211","INFO","Trial 137 - 14:09:35 - Unrewarded - /home/fet/stimuli/test_categories_box2/nonreward/LT_Stim_9_WhiBlu3414_202415010605.wav"
"2017-03-22 14:09:40,566","INFO","Trial 138 - 14:09:40 - Rewarded - /home/fet/stimuli/test_categories_box2/reward/Te_Stim_9_GreRas2400_081710311416.wav"
"2017-03-22 14:09:46,575","INFO","Supplying reward for 12.00 seconds"
"2017-03-22 14:10:59,230","INFO","Trial 139 - 14:10:59 - Unrewarded - /home/fet/stimuli/test_categories_box2/nonreward/Wh_Stim_9_GraGra0201_010602050504.wav"
"2017-03-22 14:11:00,554","INFO","Trial 140 - 14:11:00 - Rewarded - /home/fet/stimuli/test_categories_box2/reward/Te_Stim_4_WhiGra0114_051911201402.wav"
"2017-03-22 14:11:06,562","INFO","Supplying reward for 12.00 seconds"
"2017-03-22 14:11:37,729","INFO","Trial 141 - 14:11:37 - Rewarded - /home/fet/stimuli/test_categories_box2/reward/Te_Stim_1_WhiGra0114_210507191002.wav"
"2017-03-22 14:11:43,737","INFO","Supplying reward for 12.00 seconds"
"2017-03-22 14:12:31,940","INFO","Trial 142 - 14:12:31 - Rewarded - /home/fet/stimuli/test_categories_box2/reward/Te_Stim_1_BluRas61dd_231830140612.wav"
"2017-03-22 14:12:37,949","INFO","Supplying reward for 12.00 seconds"
"2017-03-22 14:13:13,129","INFO","Trial 143 - 14:13:13 - Unrewarded - /home/fet/stimuli/test_categories_box2/nonreward/Be_Stim_1_LblBlu6243_10_011413.wav"
"2017-03-22 14:13:14,589","INFO","Trial 144 - 14:13:14 - Unrewarded - /home/fet/stimuli/test_categories_box2/nonreward/Th_Stim_6_BlaBla0506_050204010303.wav"
"2017-03-22 14:13:14,641","INFO","Trial 145 - 14:13:14 - Unrewarded - /home/fet/stimuli/test_categories_box2/nonreward/DC_Stim_5_PurRas20dd_130708182722.wav"
"2017-03-22 14:13:35,578","INFO","Trial 146 - 14:13:35 - Unrewarded - /home/fet/stimuli/test_categories_box2/nonreward/Wh_Stim_2_LblRed0613_273637020913.wav"
"2017-03-22 14:13:36,497","INFO","Trial 147 - 14:13:36 - Unrewarded - /home/fet/stimuli/test_categories_box2/nonreward/Th_Stim_3_WhiBlu4917_010903070804.wav"
"2017-03-22 14:13:36,550","INFO","Trial 148 - 14:13:36 - Unrewarded - /home/fet/stimuli/test_categories_box2/nonreward/Ag_Stim_10_GreGre2522_020102020202.wav"
"2017-03-22 14:13:55,142","INFO","Trial 149 - 14:13:55 - Unrewarded - /home/fet/stimuli/test_categories_box2/nonreward/Ne_Stim_9_Unknown01F_010201020102.wav"
"2017-03-22 14:14:12,538","INFO","Trial 150 - 14:14:12 - Unrewarded - /home/fet/stimuli/test_categories_box2/nonreward/Di_Stim_8_BlaBla0506_010101010101.wav"
"2017-03-22 14:14:14,882","INFO","Trial 151 - 14:14:14 - Unrewarded - /home/fet/stimuli/test_categories_box2/nonreward/Tu_Stim_2_BluRas07dd_010405221218.wav"
"2017-03-22 14:14:28,899","INFO","Trial 152 - 14:14:28 - Unrewarded - /home/fet/stimuli/test_categories_box2/nonreward/So_Stim_10_YelGre5275_322825.wav"
"2017-03-22 14:14:29,614","INFO","Trial 153 - 14:14:29 - Unrewarded - /home/fet/stimuli/test_categories_box2/nonreward/Wh_Stim_9_WhiBlu5698_061507101804.wav"
"2017-03-22 14:14:29,665","INFO","Trial 154 - 14:14:29 - Unrewarded - /home/fet/stimuli/test_categories_box2/nonreward/Th_Stim_6_GreOra1817_014039111519.wav"
"2017-03-22 14:14:43,925","INFO","Trial 155 - 14:14:43 - Unrewarded - /home/fet/stimuli/test_categories_box2/nonreward/Ag_Stim_7_WhiRas44dd_171032083124.wav"
"2017-03-22 14:14:44,827","INFO","Trial 156 - 14:14:44 - Unrewarded - /home/fet/stimuli/test_categories_box2/nonreward/Th_Stim_10_WhiWhi1415_130308291028.wav"
"2017-03-22 14:14:57,995","INFO","Trial 157 - 14:14:57 - Unrewarded - /home/fet/stimuli/test_categories_box2/nonreward/Tu_Stim_2_BlaLbl8026_100508061211.wav"
"2017-03-22 14:15:07,930","INFO","Trial 158 - 14:15:07 - Rewarded - /home/fet/stimuli/test_categories_box2/reward/Te_Stim_9_BluRas61dd_081115063012.wav"
"2017-03-22 14:15:13,945","INFO","Supplying reward for 12.00 seconds"
"2017-03-22 14:15:54,563","INFO","Trial 159 - 14:15:54 - Rewarded - /home/fet/stimuli/test_categories_box2/reward/Te_Stim_10_BluRas61dd_052402011726.wav"
"2017-03-22 14:16:00,570","INFO","Supplying reward for 12.00 seconds"
"2017-03-22 14:16:51,788","INFO","Trial 160 - 14:16:51 - Unrewarded - /home/fet/stimuli/test_categories_box2/nonreward/LT_Stim_6_LblRas1800_010403060502.wav"
"2017-03-22 14:16:52,692","INFO","Trial 161 - 14:16:52 - Unrewarded - /home/fet/stimuli/test_categories_box2/nonreward/LT_Stim_7_LblBlu1630_040605140210.wav"
"2017-03-22 14:17:01,753","INFO","Trial 162 - 14:17:01 - Unrewarded - /home/fet/stimuli/test_categories_box2/nonreward/Th_Stim_5_Unknown000_091008110706.wav"
"2017-03-22 14:17:16,272","INFO","Trial 163 - 14:17:16 - Rewarded - /home/fet/stimuli/test_categories_box2/reward/Te_Stim_2_WhiBlu4818_071718041203.wav"
"2017-03-22 14:17:22,282","INFO","Supplying reward for 12.00 seconds"
"2017-03-22 14:17:57,258","INFO","Trial 164 - 14:17:57 - Unrewarded - /home/fet/stimuli/test_categories_box2/nonreward/So_Stim_1_RedRas3600_060401.wav"
"2017-03-22 14:17:58,227","INFO","Trial 165 - 14:17:58 - Unrewarded - /home/fet/stimuli/test_categories_box2/nonreward/LT_Stim_10_WhiBlu0112_022021270419.wav"
"2017-03-22 14:17:58,284","INFO","Trial 166 - 14:17:58 - Unrewarded - /home/fet/stimuli/test_categories_box2/nonreward/Th_Stim_2_Unknown000_010209030510.wav"
"2017-03-22 14:18:13,130","INFO","Trial 167 - 14:18:13 - Rewarded - /home/fet/stimuli/test_categories_box2/reward/Te_Stim_5_HPiHPi4748_042623140212.wav"
"2017-03-22 14:18:19,138","INFO","Supplying reward for 12.00 seconds"
"2017-03-22 14:19:10,251","INFO","Trial 168 - 14:19:10 - Unrewarded - /home/fet/stimuli/test_categories_box2/nonreward/Di_Stim_9_WhiLbl0010_040404040404.wav"
"2017-03-22 14:19:11,281","INFO","Trial 169 - 14:19:11 - Unrewarded - /home/fet/stimuli/test_categories_box2/nonreward/LT_Stim_9_LblGre0001_020908051007.wav"
"2017-03-22 14:19:21,111","INFO","Trial 170 - 14:19:21 - Unrewarded - /home/fet/stimuli/test_categories_box2/nonreward/Ag_Stim_6_PurRas20dd_201519170908.wav"
"2017-03-22 14:19:21,167","INFO","Trial 171 - 14:19:21 - Rewarded - /home/fet/stimuli/test_categories_box2/reward/Te_Stim_1_GreRas2400_290703061908.wav"
"2017-03-22 14:19:27,172","INFO","Supplying reward for 12.00 seconds"
"2017-03-22 14:20:05,738","INFO","Trial 172 - 14:20:05 - Unrewarded - /home/fet/stimuli/test_categories_box2/nonreward/Be_Stim_7_GraRas1600_031013.wav"
"2017-03-22 14:20:05,793","INFO","Trial 173 - 14:20:05 - Unrewarded - /home/fet/stimuli/test_categories_box2/nonreward/DC_Stim_5_LblBla4548_182902450731.wav"
"2017-03-22 14:20:06,748","INFO","Trial 174 - 14:20:06 - Unrewarded - /home/fet/stimuli/test_categories_box2/nonreward/Tu_Stim_2_BluRas61dd_080904070305.wav"
"2017-03-22 14:20:17,245","INFO","Trial 175 - 14:20:17 - Unrewarded - /home/fet/stimuli/test_categories_box2/nonreward/Tu_Stim_7_BluRas07dd_020423010624.wav"
"2017-03-22 14:20:29,328","INFO","Trial 176 - 14:20:29 - Unrewarded - /home/fet/stimuli/test_categories_box2/nonreward/Wh_Stim_7_WhiBlu5698_190210061104.wav"
"2017-03-22 14:20:30,164","INFO","Trial 177 - 14:20:30 - Unrewarded - /home/fet/stimuli/test_categories_box2/nonreward/Be_Stim_3_LblRas1800_0903_0204.wav"
"2017-03-22 14:20:32,097","INFO","Trial 178 - 14:20:32 - Unrewarded - /home/fet/stimuli/test_categories_box2/nonreward/Ne_Stim_3_Unknown000_010101010101.wav"
"2017-03-22 14:20:34,127","INFO","Trial 179 - 14:20:34 - Unrewarded - /home/fet/stimuli/test_categories_box2/nonreward/Ne_Stim_1_LblRed0613_284002230138.wav"
"2017-03-22 14:20:46,148","INFO","Trial 180 - 14:20:46 - Rewarded - /home/fet/stimuli/test_categories_box2/reward/Te_Stim_3_WhiBlu4917_020427130825.wav"
"2017-03-22 14:20:52,157","INFO","Supplying reward for 12.00 seconds"
"2017-03-22 14:21:32,788","INFO","Trial 181 - 14:21:32 - Unrewarded - /home/fet/stimuli/test_categories_box2/nonreward/Di_Stim_8_WhiBlu4818_060606060606.wav"
"2017-03-22 14:21:33,616","INFO","Trial 182 - 14:21:33 - Unrewarded - /home/fet/stimuli/test_categories_box2/nonreward/Wh_Stim_4_GreGre2522_010302030102.wav"
"2017-03-22 14:21:49,298","INFO","Trial 183 - 14:21:49 - Unrewarded - /home/fet/stimuli/test_categories_box2/nonreward/Ne_Stim_7_LblRed0613_265761256554.wav"
"2017-03-22 14:22:07,964","INFO","Trial 184 - 14:22:07 - Unrewarded - /home/fet/stimuli/test_categories_box2/nonreward/DC_Stim_1_BlaBla0506_141318222411.wav"
"2017-03-22 14:22:09,063","INFO","Trial 185 - 14:22:09 - Rewarded - /home/fet/stimuli/test_categories_box2/reward/Te_Stim_6_PurRas20dd_180617041912.wav"
"2017-03-22 14:22:15,069","INFO","Supplying reward for 12.00 seconds"
"2017-03-22 14:23:10,304","INFO","Trial 186 - 14:23:10 - Unrewarded - /home/fet/stimuli/test_categories_box2/nonreward/Wh_Stim_5_GreGre2522_020301020202.wav"
"2017-03-22 14:23:21,814","INFO","Trial 187 - 14:23:21 - Unrewarded - /home/fet/stimuli/test_categories_box2/nonreward/So_Stim_3_BlaBla0506_151206.wav"
"2017-03-22 14:23:22,773","INFO","Trial 188 - 14:23:22 - Rewarded - /home/fet/stimuli/test_categories_box2/reward/Te_Stim_5_GreOra1817_123006161422.wav"
"2017-03-22 14:23:28,788","INFO","Supplying reward for 12.00 seconds"
"2017-03-22 14:24:00,798","INFO","Trial 189 - 14:24:00 - Unrewarded - /home/fet/stimuli/test_categories_box2/nonreward/Tu_Stim_3_WhiLbl0010_240506121021.wav"
"2017-03-22 14:24:16,858","INFO","Trial 190 - 14:24:16 - Unrewarded - /home/fet/stimuli/test_categories_box2/nonreward/Di_Stim_2_BlaBla0506_010101010101.wav"
"2017-03-22 14:24:18,277","INFO","Trial 191 - 14:24:18 - Rewarded - /home/fet/stimuli/test_categories_box2/reward/Te_Stim_9_GreGre2522_080206091811.wav"
"2017-03-22 14:24:24,285","INFO","Supplying reward for 12.00 seconds"
"2017-03-22 14:25:08,551","INFO","Trial 192 - 14:25:08 - Unrewarded - /home/fet/stimuli/test_categories_box2/nonreward/LT_Stim_7_LblBlu2028_010205131004.wav"
"2017-03-22 14:25:09,456","INFO","Trial 193 - 14:25:09 - Unrewarded - /home/fet/stimuli/test_categories_box2/nonreward/Tu_Stim_5_WhiLbl0010_220515132317.wav"
"2017-03-22 14:25:36,551","INFO","Trial 194 - 14:25:36 - Unrewarded - /home/fet/stimuli/test_categories_box2/nonreward/Be_Stim_10_LblBlu6379_05_0104_0107_02.wav"
"2017-03-22 14:25:37,551","INFO","Trial 195 - 14:25:37 - Rewarded - /home/fet/stimuli/test_categories_box2/reward/Te_Stim_1_BlaBla0506_130811151216.wav"
"2017-03-22 14:25:43,558","INFO","Supplying reward for 12.00 seconds"
"2017-03-22 14:29:49,598","INFO","Trial 196 - 14:29:49 - Rewarded - /home/fet/stimuli/test_categories_box2/reward/Te_Stim_9_WhiGra0114_051014202119.wav"
"2017-03-22 14:29:55,606","INFO","Supplying reward for 12.00 seconds"
"2017-03-22 14:30:14,969","INFO","Trial 197 - 14:30:14 - Unrewarded - /home/fet/stimuli/test_categories_box2/nonreward/DC_Stim_3_Unknown00F_162413250322.wav"
"2017-03-22 14:30:41,697","INFO","Trial 198 - 14:30:41 - Rewarded - /home/fet/stimuli/test_categories_box2/reward/Te_Stim_5_PurRas20dd_262016140715.wav"
"2017-03-22 14:30:47,704","INFO","Supplying reward for 12.00 seconds"
"2017-03-22 16:22:34,659","INFO","Finishing session 1 at Wed Mar 22 16:22:34 2017"
"2017-03-22 16:22:34,659","INFO","Finished all sessions."
"2017-03-22 16:22:34,966","INFO","Exiting Session state"
"2017-03-22 16:22:34,967","INFO","Finishing experiment"
"2017-03-22 16:22:35,273","INFO","Exiting Idle state"
