"2017-02-03 12:01:02,792","INFO","Preparing subject and data storage"
"2017-02-03 12:01:02,792","INFO","Created subject object with name LblGra3039M"
"2017-02-03 12:01:02,792","INFO","Created datastore CSVStore: filename = /home/fet/data/LblGra3039M/030217/LblGra3039M_trialdata_20170203120102.csv, fields = session, index, time, stimulus_name, condition_name, response, correct, rt, reward, max_wait for subject LblGra3039M"
"2017-02-03 12:01:02,793","INFO","Preparing to run experiment Go No-Go Interruption"
"2017-02-03 12:01:03,097","INFO","Entering Idle state"
"2017-02-03 12:01:03,401","INFO","Beginning block #1"
"2017-02-03 12:49:07,452","INFO","Finishing session 1 at Fri Feb  3 12:49:07 2017"
"2017-02-03 12:49:07,452","INFO","Finished all sessions."
"2017-02-03 12:49:07,760","INFO","Exiting Session state"
"2017-02-03 12:49:07,760","INFO","Finishing experiment"
"2017-02-03 12:49:08,067","INFO","Exiting Idle state"
"2017-02-03 13:15:43,805","INFO","Preparing subject and data storage"
"2017-02-03 13:15:43,805","INFO","Created subject object with name LblGra3039M"
"2017-02-03 13:15:43,805","INFO","Created datastore CSVStore: filename = /home/fet/data/LblGra3039M/030217/LblGra3039M_trialdata_20170203131543.csv, fields = session, index, time, stimulus_name, condition_name, response, correct, rt, reward, max_wait for subject LblGra3039M"
"2017-02-03 13:15:43,805","INFO","Preparing to run experiment Go No-Go Interruption"
"2017-02-03 13:15:44,112","INFO","Entering Idle state"
"2017-02-03 13:15:44,419","INFO","Beginning block #1"
"2017-02-03 18:16:01,555","INFO","Finishing session 1 at Fri Feb  3 18:16:01 2017"
"2017-02-03 18:16:01,555","INFO","Finished all sessions."
"2017-02-03 18:16:01,862","INFO","Exiting Session state"
"2017-02-03 18:16:01,862","INFO","Finishing experiment"
"2017-02-03 18:16:02,169","INFO","Exiting Idle state"
