"2017-03-14 09:22:14,957","INFO","Preparing subject and data storage"
"2017-03-14 09:22:14,957","INFO","Created subject object with name LblGra3039M"
"2017-03-14 09:22:14,958","INFO","Created datastore CSVStore: filename = /home/fet/data/LblGra3039M/140317/LblGra3039M_trialdata_20170314092214.csv, fields = session, index, time, stimulus_name, condition_name, response, correct, rt, reward, max_wait for subject LblGra3039M"
"2017-03-14 09:22:14,959","INFO","Preparing to run experiment Go No-Go Interruption"
"2017-03-14 09:22:15,265","INFO","Entering Idle state"
"2017-03-14 09:22:15,569","INFO","Beginning block #1"
"2017-03-14 10:11:55,136","INFO","Trial 1 - 10:11:55 - Unrewarded - /home/fet/stimuli/test_categories_box2/nonreward/DC_Stim_7_WhiLbl0010_070908141504.wav"
"2017-03-14 10:11:55,191","INFO","Trial 2 - 10:11:55 - Unrewarded - /home/fet/stimuli/test_categories_box2/nonreward/Te_Stim_1_WhiBlu4818_091118071710.wav"
"2017-03-14 10:12:06,506","INFO","Trial 3 - 10:12:06 - Unrewarded - /home/fet/stimuli/test_categories_box2/nonreward/Di_Stim_7_YelOra2575_110909091111.wav"
"2017-03-14 10:12:06,556","INFO","Trial 4 - 10:12:06 - Unrewarded - /home/fet/stimuli/test_categories_box2/nonreward/LT_Stim_9_LblBlu1630_110203141015.wav"
"2017-03-14 10:12:15,447","INFO","Trial 5 - 10:12:15 - Unrewarded - /home/fet/stimuli/test_categories_box2/nonreward/Wh_Stim_10_LblBla4548_011617131107.wav"
"2017-03-14 10:12:15,497","INFO","Trial 6 - 10:12:15 - Unrewarded - /home/fet/stimuli/test_categories_box2/nonreward/DC_Stim_2_YelOra2575_331824233404.wav"
"2017-03-14 10:12:26,505","INFO","Trial 7 - 10:12:26 - Unrewarded - /home/fet/stimuli/test_categories_box2/nonreward/Tu_Stim_2_GraLbl0457_150314121002.wav"
"2017-03-14 10:12:26,556","INFO","Trial 8 - 10:12:26 - Rewarded - /home/fet/stimuli/test_categories_box2/reward/Be_Stim_8_LblGre0001_080611_02.wav"
"2017-03-14 10:12:32,563","INFO","Supplying reward for 12.00 seconds"
"2017-03-14 10:13:07,692","INFO","Trial 9 - 10:13:07 - Unrewarded - /home/fet/stimuli/test_categories_box2/nonreward/DC_Stim_5_WhiBlu4917_190809060520.wav"
"2017-03-14 10:13:07,746","INFO","Trial 10 - 10:13:07 - Unrewarded - /home/fet/stimuli/test_categories_box2/nonreward/Ne_Stim_4_WhiLbl0010_212510390831.wav"
"2017-03-14 10:13:09,020","INFO","Trial 11 - 10:13:09 - Unrewarded - /home/fet/stimuli/test_categories_box2/nonreward/So_Stim_8_LblBla4548_392319.wav"
"2017-03-14 10:13:09,077","INFO","Trial 12 - 10:13:09 - Rewarded - /home/fet/stimuli/test_categories_box2/reward/Be_Stim_8_LblBlu2028_03_010811_01.wav"
"2017-03-14 10:13:15,085","INFO","Supplying reward for 12.00 seconds"
"2017-03-14 10:13:43,968","INFO","Trial 13 - 10:13:43 - Unrewarded - /home/fet/stimuli/test_categories_box2/nonreward/Wh_Stim_6_LblBla4548_051106121517.wav"
"2017-03-14 10:13:44,024","INFO","Trial 14 - 10:13:44 - Unrewarded - /home/fet/stimuli/test_categories_box2/nonreward/So_Stim_10_RedRas3600_020504.wav"
"2017-03-14 10:13:44,862","INFO","Trial 15 - 10:13:44 - Unrewarded - /home/fet/stimuli/test_categories_box2/nonreward/LT_Stim_6_WhiBlu0112_212408221114.wav"
"2017-03-14 10:13:53,830","INFO","Trial 16 - 10:13:53 - Unrewarded - /home/fet/stimuli/test_categories_box2/nonreward/Di_Stim_1_WhiWhi1415_020202020202.wav"
"2017-03-14 10:13:53,872","INFO","Trial 17 - 10:13:53 - Rewarded - /home/fet/stimuli/test_categories_box2/reward/Be_Stim_6_LblGre0000_031107.wav"
"2017-03-14 10:13:55,048","INFO","Trial 18 - 10:13:55 - Unrewarded - /home/fet/stimuli/test_categories_box2/nonreward/Di_Stim_5_Unknown_11_010202020101.wav"
"2017-03-14 10:13:55,100","INFO","Trial 19 - 10:13:55 - Rewarded - /home/fet/stimuli/test_categories_box2/reward/Be_Stim_6_LblBlu6243_08_0305_0104_02.wav"
"2017-03-14 10:14:01,109","INFO","Supplying reward for 12.00 seconds"
"2017-03-14 10:14:35,750","INFO","Trial 20 - 10:14:35 - Rewarded - /home/fet/stimuli/test_categories_box2/reward/Be_Stim_9_LblBlu6680_06_010902_01.wav"
"2017-03-14 10:14:35,800","INFO","Trial 21 - 10:14:35 - Rewarded - /home/fet/stimuli/test_categories_box2/reward/Be_Stim_7_LblBlu1729_120705.wav"
"2017-03-14 10:14:37,147","INFO","Trial 22 - 10:14:37 - Unrewarded - /home/fet/stimuli/test_categories_box2/nonreward/Tu_Stim_5_YelOra2575_0.2427162114.wav"
"2017-03-14 10:14:38,276","INFO","Trial 23 - 10:14:38 - Unrewarded - /home/fet/stimuli/test_categories_box2/nonreward/LT_Stim_7_LblBlu6243_282321220504.wav"
"2017-03-14 10:14:38,328","INFO","Trial 24 - 10:14:38 - Rewarded - /home/fet/stimuli/test_categories_box2/reward/Be_Stim_10_LblGre0001_061009.wav"
"2017-03-14 10:14:44,335","INFO","Supplying reward for 12.00 seconds"
"2017-03-14 10:15:29,690","INFO","Trial 25 - 10:15:29 - Unrewarded - /home/fet/stimuli/test_categories_box2/nonreward/Di_Stim_9_BlaLbl8026_010302020301.wav"
"2017-03-14 10:15:29,732","INFO","Trial 26 - 10:15:29 - Unrewarded - /home/fet/stimuli/test_categories_box2/nonreward/Wh_Stim_8_LblBla4548_141713160212.wav"
"2017-03-14 10:15:42,497","INFO","Trial 27 - 10:15:42 - Unrewarded - /home/fet/stimuli/test_categories_box2/nonreward/Te_Stim_9_WhiBlu4818_191201141710.wav"
"2017-03-14 10:15:42,548","INFO","Trial 28 - 10:15:42 - Unrewarded - /home/fet/stimuli/test_categories_box2/nonreward/So_Stim_5_LblBla4548_472646.wav"
"2017-03-14 10:15:52,311","INFO","Trial 29 - 10:15:52 - Unrewarded - /home/fet/stimuli/test_categories_box2/nonreward/Ag_Stim_3_BlaLbl8026_032422062120.wav"
"2017-03-14 10:16:07,608","INFO","Trial 30 - 10:16:07 - Unrewarded - /home/fet/stimuli/test_categories_box2/nonreward/LT_Stim_7_LblBlu6680_202324263118.wav"
"2017-03-14 10:16:07,659","INFO","Trial 31 - 10:16:07 - Unrewarded - /home/fet/stimuli/test_categories_box2/nonreward/Ne_Stim_4_BlaLbl8026_293010211913.wav"
"2017-03-14 10:16:18,953","INFO","Trial 32 - 10:16:18 - Unrewarded - /home/fet/stimuli/test_categories_box2/nonreward/LT_Stim_4_LblBlu2028_071014131206.wav"
"2017-03-14 10:16:32,416","INFO","Trial 33 - 10:16:32 - Unrewarded - /home/fet/stimuli/test_categories_box2/nonreward/Ag_Stim_5_LblBla4419_020301010203.wav"
"2017-03-14 10:16:45,326","INFO","Trial 34 - 10:16:45 - Unrewarded - /home/fet/stimuli/test_categories_box2/nonreward/Th_Stim_5_YelGre5275_121543423811.wav"
"2017-03-14 10:16:54,152","INFO","Trial 35 - 10:16:54 - Unrewarded - /home/fet/stimuli/test_categories_box2/nonreward/Th_Stim_6_WhiBlu4818_040205010301.wav"
"2017-03-14 10:16:55,181","INFO","Trial 36 - 10:16:55 - Unrewarded - /home/fet/stimuli/test_categories_box2/nonreward/Di_Stim_7_BlaLbl8026_010302030303.wav"
"2017-03-14 10:17:04,948","INFO","Trial 37 - 10:17:04 - Unrewarded - /home/fet/stimuli/test_categories_box2/nonreward/Te_Stim_4_WhiBlu4917_220924020119.wav"
"2017-03-14 10:17:05,003","INFO","Trial 38 - 10:17:05 - Unrewarded - /home/fet/stimuli/test_categories_box2/nonreward/Di_Stim_9_WhiLbl0010_040404040404.wav"
"2017-03-14 10:17:16,052","INFO","Trial 39 - 10:17:16 - Rewarded - /home/fet/stimuli/test_categories_box2/reward/Be_Stim_6_GraRas1500_040604.wav"
"2017-03-14 10:17:16,864","INFO","Trial 40 - 10:17:16 - Rewarded - /home/fet/stimuli/test_categories_box2/reward/Be_Stim_6_LblBlu6379_07_0105_0105_02.wav"
"2017-03-14 10:17:22,872","INFO","Supplying reward for 12.00 seconds"
"2017-03-14 10:18:07,142","INFO","Trial 41 - 10:18:07 - Unrewarded - /home/fet/stimuli/test_categories_box2/nonreward/Th_Stim_9_Unknown_11_091101100507.wav"
"2017-03-14 10:18:07,193","INFO","Trial 42 - 10:18:07 - Unrewarded - /home/fet/stimuli/test_categories_box2/nonreward/Ne_Stim_8_WhiBlu4917_050510090404.wav"
"2017-03-14 10:18:17,341","INFO","Trial 43 - 10:18:17 - Unrewarded - /home/fet/stimuli/test_categories_box2/nonreward/Tu_Stim_6_GraLbl0457_160114031015.wav"
"2017-03-14 10:18:18,268","INFO","Trial 44 - 10:18:18 - Unrewarded - /home/fet/stimuli/test_categories_box2/nonreward/Di_Stim_10_HPiHPi4748_030505050305.wav"
"2017-03-14 10:18:18,309","INFO","Trial 45 - 10:18:18 - Unrewarded - /home/fet/stimuli/test_categories_box2/nonreward/DC_Stim_10_BluRas61dd_120425073620.wav"
"2017-03-14 10:18:36,976","INFO","Trial 46 - 10:18:36 - Unrewarded - /home/fet/stimuli/test_categories_box2/nonreward/Di_Stim_5_BlaBla0506_010101010101.wav"
"2017-03-14 10:18:46,991","INFO","Trial 47 - 10:18:46 - Unrewarded - /home/fet/stimuli/test_categories_box2/nonreward/LT_Stim_5_LblBlu1630_071106020410.wav"
"2017-03-14 10:18:58,197","INFO","Trial 48 - 10:18:58 - Unrewarded - /home/fet/stimuli/test_categories_box2/nonreward/Di_Stim_7_HPiHPi4748_030503050503.wav"
"2017-03-14 10:18:58,247","INFO","Trial 49 - 10:18:58 - Rewarded - /home/fet/stimuli/test_categories_box2/reward/Be_Stim_5_LblBlu1927_081203.wav"
"2017-03-14 10:19:04,255","INFO","Supplying reward for 12.00 seconds"
"2017-03-14 10:19:36,837","INFO","Trial 50 - 10:19:36 - Unrewarded - /home/fet/stimuli/test_categories_box2/nonreward/Th_Stim_8_YelGre5275_213040092816.wav"
"2017-03-14 10:19:39,705","INFO","Trial 51 - 10:19:39 - Unrewarded - /home/fet/stimuli/test_categories_box2/nonreward/LT_Stim_2_LblBlu6680_301916291724.wav"
"2017-03-14 10:19:39,759","INFO","Trial 52 - 10:19:39 - Unrewarded - /home/fet/stimuli/test_categories_box2/nonreward/Te_Stim_1_WhiBlu4917_091719122311.wav"
"2017-03-14 10:19:50,456","INFO","Trial 53 - 10:19:50 - Unrewarded - /home/fet/stimuli/test_categories_box2/nonreward/Wh_Stim_1_HpiGra1004_050308020607.wav"
"2017-03-14 10:19:50,511","INFO","Trial 54 - 10:19:50 - Unrewarded - /home/fet/stimuli/test_categories_box2/nonreward/Te_Stim_10_HPiHPi4748_052112020928.wav"
"2017-03-14 10:19:51,460","INFO","Trial 55 - 10:19:51 - Rewarded - /home/fet/stimuli/test_categories_box2/reward/Be_Stim_1_LblBlu1729_111310.wav"
"2017-03-14 10:19:51,514","INFO","Trial 56 - 10:19:51 - Unrewarded - /home/fet/stimuli/test_categories_box2/nonreward/So_Stim_8_YelOra2575_092516.wav"
"2017-03-14 10:20:02,735","INFO","Trial 57 - 10:20:02 - Unrewarded - /home/fet/stimuli/test_categories_box2/nonreward/So_Stim_7_BluRas61dd_111908.wav"
"2017-03-14 10:20:02,789","INFO","Trial 58 - 10:20:02 - Unrewarded - /home/fet/stimuli/test_categories_box2/nonreward/Ag_Stim_6_HPiHPi4748_390717202336.wav"
"2017-03-14 10:20:15,071","INFO","Trial 59 - 10:20:15 - Unrewarded - /home/fet/stimuli/test_categories_box2/nonreward/Wh_Stim_9_LblBla4419_041001030814.wav"
"2017-03-14 10:20:28,174","INFO","Trial 60 - 10:20:28 - Unrewarded - /home/fet/stimuli/test_categories_box2/nonreward/Di_Stim_10_BlaBla0506_010101010101.wav"
"2017-03-14 10:20:39,904","INFO","Trial 61 - 10:20:39 - Unrewarded - /home/fet/stimuli/test_categories_box2/nonreward/Wh_Stim_10_HPiHPi4748_110112322110.wav"
"2017-03-14 10:20:55,624","INFO","Trial 62 - 10:20:55 - Unrewarded - /home/fet/stimuli/test_categories_box2/nonreward/Ag_Stim_2_BlaLbl8026_060402202124.wav"
"2017-03-14 10:21:08,411","INFO","Trial 63 - 10:21:08 - Unrewarded - /home/fet/stimuli/test_categories_box2/nonreward/Di_Stim_2_BlaLbl8026_020103030101.wav"
"2017-03-14 10:21:19,630","INFO","Trial 64 - 10:21:19 - Unrewarded - /home/fet/stimuli/test_categories_box2/nonreward/Wh_Stim_2_YelGre5275_081410110102.wav"
"2017-03-14 10:21:19,681","INFO","Trial 65 - 10:21:19 - Rewarded - /home/fet/stimuli/test_categories_box2/reward/Be_Stim_4_GraGre1001_100316.wav"
"2017-03-14 10:21:25,688","INFO","Supplying reward for 12.00 seconds"
"2017-03-14 10:22:38,388","INFO","Trial 66 - 10:22:38 - Unrewarded - /home/fet/stimuli/test_categories_box2/nonreward/Ag_Stim_2_YelOra2575_221819200423.wav"
"2017-03-14 10:22:38,439","INFO","Trial 67 - 10:22:38 - Unrewarded - /home/fet/stimuli/test_categories_box2/nonreward/Ne_Stim_7_HPiHPi4748_244630282120.wav"
"2017-03-14 10:22:49,246","INFO","Trial 68 - 10:22:49 - Unrewarded - /home/fet/stimuli/test_categories_box2/nonreward/LT_Stim_5_LblRas1800_030106040205.wav"
"2017-03-14 10:22:49,296","INFO","Trial 69 - 10:22:49 - Unrewarded - /home/fet/stimuli/test_categories_box2/nonreward/Ne_Stim_6_YelOra2575_102016182314.wav"
"2017-03-14 10:23:07,177","INFO","Trial 70 - 10:23:07 - Unrewarded - /home/fet/stimuli/test_categories_box2/nonreward/Ag_Stim_2_GraLbl0457_120905110819.wav"
"2017-03-14 10:23:07,236","INFO","Trial 71 - 10:23:07 - Unrewarded - /home/fet/stimuli/test_categories_box2/nonreward/Tu_Stim_7_LblRed0613_050307020601.wav"
"2017-03-14 10:23:17,921","INFO","Trial 72 - 10:23:17 - Unrewarded - /home/fet/stimuli/test_categories_box2/nonreward/Th_Stim_3_Unknown000_100305020104.wav"
"2017-03-14 10:23:17,977","INFO","Trial 73 - 10:23:17 - Unrewarded - /home/fet/stimuli/test_categories_box2/nonreward/Ne_Stim_10_BlaLbl8026_193428231031.wav"
"2017-03-14 10:23:29,618","INFO","Trial 74 - 10:23:29 - Unrewarded - /home/fet/stimuli/test_categories_box2/nonreward/Wh_Stim_2_LblBla4419_160515170214.wav"
"2017-03-14 10:23:29,673","INFO","Trial 75 - 10:23:29 - Unrewarded - /home/fet/stimuli/test_categories_box2/nonreward/So_Stim_1_BlaBla0506_081206.wav"
"2017-03-14 10:23:43,056","INFO","Trial 76 - 10:23:43 - Unrewarded - /home/fet/stimuli/test_categories_box2/nonreward/So_Stim_6_BlaBla0506_121508.wav"
"2017-03-14 10:23:43,107","INFO","Trial 77 - 10:23:43 - Unrewarded - /home/fet/stimuli/test_categories_box2/nonreward/LT_Stim_3_LblBlu6379_052311152107.wav"
"2017-03-14 10:25:21,765","INFO","Trial 78 - 10:25:21 - Unrewarded - /home/fet/stimuli/test_categories_box2/nonreward/LT_Stim_4_LblBlu6243_181430151320.wav"
"2017-03-14 10:25:33,196","INFO","Trial 79 - 10:25:33 - Rewarded - /home/fet/stimuli/test_categories_box2/reward/Be_Stim_1_GraGre0813_110704.wav"
"2017-03-14 10:25:39,205","INFO","Supplying reward for 12.00 seconds"
"2017-03-14 10:26:37,242","INFO","Trial 80 - 10:26:37 - Unrewarded - /home/fet/stimuli/test_categories_box2/nonreward/Th_Stim_3_LblRed0613_120715060104.wav"
"2017-03-14 10:26:37,297","INFO","Trial 81 - 10:26:37 - Unrewarded - /home/fet/stimuli/test_categories_box2/nonreward/Tu_Stim_10_HPiHPi4748_220908072317.wav"
"2017-03-14 10:26:38,681","INFO","Trial 82 - 10:26:38 - Unrewarded - /home/fet/stimuli/test_categories_box2/nonreward/Di_Stim_8_YelOra2575_110911090911.wav"
"2017-03-14 10:26:52,208","INFO","Trial 83 - 10:26:52 - Unrewarded - /home/fet/stimuli/test_categories_box2/nonreward/Di_Stim_6_GraGra0201_070101010101.wav"
"2017-03-14 10:27:04,606","INFO","Trial 84 - 10:27:04 - Unrewarded - /home/fet/stimuli/test_categories_box2/nonreward/Th_Stim_6_BlaBla0506_010304020504.wav"
"2017-03-14 10:27:26,260","INFO","Trial 85 - 10:27:26 - Unrewarded - /home/fet/stimuli/test_categories_box2/nonreward/Th_Stim_6_WhiBlu5698_040107060704.wav"
"2017-03-14 10:27:26,315","INFO","Trial 86 - 10:27:26 - Rewarded - /home/fet/stimuli/test_categories_box2/reward/Be_Stim_9_LblBlu6243_06_0106_0210_01.wav"
"2017-03-14 10:27:32,323","INFO","Supplying reward for 12.00 seconds"
"2017-03-14 10:28:30,732","INFO","Trial 87 - 10:28:30 - Unrewarded - /home/fet/stimuli/test_categories_box2/nonreward/Di_Stim_4_YelOra2575_110911091109.wav"
"2017-03-14 10:28:30,786","INFO","Trial 88 - 10:28:30 - Rewarded - /home/fet/stimuli/test_categories_box2/reward/Be_Stim_4_LblBlu6379_03_0201_0204_02.wav"
"2017-03-14 10:28:36,794","INFO","Supplying reward for 12.00 seconds"
"2017-03-14 10:29:37,849","INFO","Trial 89 - 10:29:37 - Unrewarded - /home/fet/stimuli/test_categories_box2/nonreward/Te_Stim_10_GraLbl0457_281911061021.wav"
"2017-03-14 10:30:07,539","INFO","Trial 90 - 10:30:07 - Rewarded - /home/fet/stimuli/test_categories_box2/reward/Be_Stim_7_LblGre0000_110608.wav"
"2017-03-14 10:30:13,549","INFO","Supplying reward for 12.00 seconds"
"2017-03-14 10:30:53,461","INFO","Trial 91 - 10:30:53 - Unrewarded - /home/fet/stimuli/test_categories_box2/nonreward/Di_Stim_10_WhiBlu4818_060606060606.wav"
"2017-03-14 10:31:25,326","INFO","Trial 92 - 10:31:25 - Unrewarded - /home/fet/stimuli/test_categories_box2/nonreward/Te_Stim_2_BlaBla0506_081105061617.wav"
"2017-03-14 10:31:25,376","INFO","Trial 93 - 10:31:25 - Unrewarded - /home/fet/stimuli/test_categories_box2/nonreward/Ne_Stim_8_WhiLbl0010_201008401621.wav"
"2017-03-14 10:31:50,528","INFO","Trial 94 - 10:31:50 - Rewarded - /home/fet/stimuli/test_categories_box2/reward/Be_Stim_4_LblBlu2028_0203_0104_02.wav"
"2017-03-14 10:31:56,536","INFO","Supplying reward for 12.00 seconds"
"2017-03-14 10:32:53,442","INFO","Trial 95 - 10:32:53 - Unrewarded - /home/fet/stimuli/test_categories_box2/nonreward/Wh_Stim_8_HpiGra1004_020108030507.wav"
"2017-03-14 10:33:10,333","INFO","Trial 96 - 10:33:10 - Rewarded - /home/fet/stimuli/test_categories_box2/reward/Be_Stim_8_GraGre1001_161407.wav"
"2017-03-14 10:33:16,342","INFO","Supplying reward for 12.00 seconds"
"2017-03-14 10:33:50,844","INFO","Trial 97 - 10:33:50 - Unrewarded - /home/fet/stimuli/test_categories_box2/nonreward/Tu_Stim_4_BluRas07dd_060302241020.wav"
"2017-03-14 10:34:12,057","INFO","Trial 98 - 10:34:12 - Unrewarded - /home/fet/stimuli/test_categories_box2/nonreward/Th_Stim_8_WhiWhi1415_140911122628.wav"
"2017-03-14 10:34:39,985","INFO","Trial 99 - 10:34:39 - Unrewarded - /home/fet/stimuli/test_categories_box2/nonreward/Th_Stim_10_GreOra1817_420706310912.wav"
"2017-03-14 10:34:40,040","INFO","Trial 100 - 10:34:40 - Unrewarded - /home/fet/stimuli/test_categories_box2/nonreward/Ne_Stim_6_WhiGra0114_020302020202.wav"
"2017-03-14 10:34:51,908","INFO","Trial 101 - 10:34:51 - Unrewarded - /home/fet/stimuli/test_categories_box2/nonreward/Tu_Stim_9_YelGre5275_080929250410.wav"
"2017-03-14 10:35:09,909","INFO","Trial 102 - 10:35:09 - Unrewarded - /home/fet/stimuli/test_categories_box2/nonreward/Ne_Stim_7_Unknown000_010101010101.wav"
"2017-03-14 10:35:25,579","INFO","Trial 103 - 10:35:25 - Unrewarded - /home/fet/stimuli/test_categories_box2/nonreward/DC_Stim_7_WhiWhi1415_040501020302.wav"
"2017-03-14 10:35:50,760","INFO","Trial 104 - 10:35:50 - Unrewarded - /home/fet/stimuli/test_categories_box2/nonreward/So_Stim_9_GraLbl0457_090415.wav"
"2017-03-14 10:36:07,475","INFO","Trial 105 - 10:36:07 - Rewarded - /home/fet/stimuli/test_categories_box2/reward/Be_Stim_4_WhiBlu0112_101511.wav"
"2017-03-14 10:36:08,488","INFO","Trial 106 - 10:36:08 - Rewarded - /home/fet/stimuli/test_categories_box2/reward/Be_Stim_10_LblBlu6379_04_0107_0103_01.wav"
"2017-03-14 10:36:14,495","INFO","Supplying reward for 12.00 seconds"
"2017-03-14 10:37:09,054","INFO","Trial 107 - 10:37:09 - Unrewarded - /home/fet/stimuli/test_categories_box2/nonreward/Tu_Stim_8_GraGra0201_151209031410.wav"
"2017-03-14 10:37:53,112","INFO","Trial 108 - 10:37:53 - Rewarded - /home/fet/stimuli/test_categories_box2/reward/Be_Stim_9_WhiBlu0112_020118.wav"
"2017-03-14 10:37:59,121","INFO","Supplying reward for 12.00 seconds"
"2017-03-14 10:38:33,234","INFO","Trial 109 - 10:38:33 - Unrewarded - /home/fet/stimuli/test_categories_box2/nonreward/Wh_Stim_10_BlaBla0506_120213061814.wav"
"2017-03-14 10:39:17,501","INFO","Trial 110 - 10:39:17 - Unrewarded - /home/fet/stimuli/test_categories_box2/nonreward/So_Stim_7_GraLbl0457_151404.wav"
"2017-03-14 10:40:52,858","INFO","Trial 111 - 10:40:52 - Unrewarded - /home/fet/stimuli/test_categories_box2/nonreward/So_Stim_4_BlaBla0506_121506.wav"
"2017-03-14 11:38:02,339","INFO","Trial 112 - 11:38:02 - Unrewarded - /home/fet/stimuli/test_categories_box2/nonreward/Ne_Stim_4_WhiGra0114_020203020302.wav"
"2017-03-14 11:38:39,162","INFO","Trial 113 - 11:38:39 - Unrewarded - /home/fet/stimuli/test_categories_box2/nonreward/Te_Stim_9_GreRas2400_273223141912.wav"
"2017-03-14 13:03:27,668","INFO","Trial 114 - 13:03:27 - Unrewarded - /home/fet/stimuli/test_categories_box2/nonreward/Th_Stim_7_LblRed0613_171409150718.wav"
"2017-03-14 13:03:27,724","INFO","Trial 115 - 13:03:27 - Unrewarded - /home/fet/stimuli/test_categories_box2/nonreward/Te_Stim_3_LblRed0613_280726091727.wav"
"2017-03-14 13:03:38,915","INFO","Trial 116 - 13:03:38 - Unrewarded - /home/fet/stimuli/test_categories_box2/nonreward/So_Stim_5_WhiBlu5698_122530.wav"
"2017-03-14 13:03:38,957","INFO","Trial 117 - 13:03:38 - Unrewarded - /home/fet/stimuli/test_categories_box2/nonreward/Di_Stim_5_BlaLbl8026_010302010303.wav"
"2017-03-14 13:03:51,530","INFO","Trial 118 - 13:03:51 - Unrewarded - /home/fet/stimuli/test_categories_box2/nonreward/Wh_Stim_4_GreGre2522_020103030202.wav"
"2017-03-14 13:03:51,572","INFO","Trial 119 - 13:03:51 - Unrewarded - /home/fet/stimuli/test_categories_box2/nonreward/Di_Stim_7_WhiBlu4917_010101010101.wav"
"2017-03-14 13:04:03,407","INFO","Trial 120 - 13:04:03 - Rewarded - /home/fet/stimuli/test_categories_box2/reward/Be_Stim_1_LblBlu1927_070415.wav"
"2017-03-14 13:04:03,463","INFO","Trial 121 - 13:04:03 - Unrewarded - /home/fet/stimuli/test_categories_box2/nonreward/DC_Stim_1_LblBla4419_033505272532.wav"
"2017-03-14 13:04:13,196","INFO","Trial 122 - 13:04:13 - Unrewarded - /home/fet/stimuli/test_categories_box2/nonreward/Wh_Stim_9_WhiWhi1415_010101010101.wav"
"2017-03-14 13:04:26,786","INFO","Trial 123 - 13:04:26 - Rewarded - /home/fet/stimuli/test_categories_box2/reward/Be_Stim_8_LblBlu6379_05_0101_0103_01.wav"
"2017-03-14 13:04:32,795","INFO","Supplying reward for 12.00 seconds"
"2017-03-14 13:05:13,342","INFO","Trial 124 - 13:05:13 - Rewarded - /home/fet/stimuli/test_categories_box2/reward/Be_Stim_7_WhiBlu0112_031518.wav"
"2017-03-14 13:05:14,224","INFO","Trial 125 - 13:05:14 - Unrewarded - /home/fet/stimuli/test_categories_box2/nonreward/Ne_Stim_2_BlaLbl8026_2629C-14212227.wav"
"2017-03-14 13:05:24,172","INFO","Trial 126 - 13:05:24 - Unrewarded - /home/fet/stimuli/test_categories_box2/nonreward/Ag_Stim_6_WhiLbl0010_121904220615.wav"
"2017-03-14 13:05:24,223","INFO","Trial 127 - 13:05:24 - Rewarded - /home/fet/stimuli/test_categories_box2/reward/Be_Stim_6_LblGre0001_11_0203_0104.wav"
"2017-03-14 13:05:30,230","INFO","Supplying reward for 12.00 seconds"
"2017-03-14 13:06:12,227","INFO","Trial 128 - 13:06:12 - Rewarded - /home/fet/stimuli/test_categories_box2/reward/Be_Stim_3_LblGre0001_0711_0310.wav"
"2017-03-14 13:06:12,286","INFO","Trial 129 - 13:06:12 - Unrewarded - /home/fet/stimuli/test_categories_box2/nonreward/DC_Stim_9_BlaLbl8026_391830082319.wav"
"2017-03-14 13:06:21,787","INFO","Trial 130 - 13:06:21 - Rewarded - /home/fet/stimuli/test_categories_box2/reward/Be_Stim_10_LblBlu1927_081102.wav"
"2017-03-14 13:06:22,628","INFO","Trial 131 - 13:06:22 - Rewarded - /home/fet/stimuli/test_categories_box2/reward/Be_Stim_5_LblGre0001_070511_02.wav"
"2017-03-14 13:06:28,635","INFO","Supplying reward for 12.00 seconds"
"2017-03-14 13:07:01,544","INFO","Trial 132 - 13:07:01 - Unrewarded - /home/fet/stimuli/test_categories_box2/nonreward/Th_Stim_6_HPiHPi4748_230906131508.wav"
"2017-03-14 13:07:10,956","INFO","Trial 133 - 13:07:10 - Unrewarded - /home/fet/stimuli/test_categories_box2/nonreward/Wh_Stim_6_WhiRas44dd_010302020303.wav"
"2017-03-14 13:07:28,629","INFO","Trial 134 - 13:07:28 - Rewarded - /home/fet/stimuli/test_categories_box2/reward/Be_Stim_8_LblGre0000_120602.wav"
"2017-03-14 13:07:34,639","INFO","Supplying reward for 12.00 seconds"
"2017-03-14 13:08:06,347","INFO","Trial 135 - 13:08:06 - Unrewarded - /home/fet/stimuli/test_categories_box2/nonreward/Wh_Stim_4_BlaLbl8026_070908320808.wav"
"2017-03-14 13:08:06,390","INFO","Trial 136 - 13:08:06 - Unrewarded - /home/fet/stimuli/test_categories_box2/nonreward/Ag_Stim_9_BluRas61dd_111815090302.wav"
"2017-03-14 13:08:16,292","INFO","Trial 137 - 13:08:16 - Unrewarded - /home/fet/stimuli/test_categories_box2/nonreward/Th_Stim_9_WhiBlu4917_040805070201.wav"
"2017-03-14 13:08:28,370","INFO","Trial 138 - 13:08:28 - Unrewarded - /home/fet/stimuli/test_categories_box2/nonreward/Te_Stim_6_GreWhi1242_060307160119.wav"
"2017-03-14 13:08:31,632","INFO","Trial 139 - 13:08:31 - Unrewarded - /home/fet/stimuli/test_categories_box2/nonreward/Te_Stim_5_BlaBla0506_061511080910.wav"
"2017-03-14 13:08:42,357","INFO","Trial 140 - 13:08:42 - Unrewarded - /home/fet/stimuli/test_categories_box2/nonreward/Th_Stim_10_WhiBlu5698_060701040606.wav"
"2017-03-14 13:08:52,224","INFO","Trial 141 - 13:08:52 - Unrewarded - /home/fet/stimuli/test_categories_box2/nonreward/So_Stim_6_LblBla4419_090110.wav"
"2017-03-14 13:08:53,012","INFO","Trial 142 - 13:08:53 - Unrewarded - /home/fet/stimuli/test_categories_box2/nonreward/So_Stim_1_WhiLbl0010_050607.wav"
"2017-03-14 13:09:03,958","INFO","Trial 143 - 13:09:03 - Unrewarded - /home/fet/stimuli/test_categories_box2/nonreward/Wh_Stim_10_YelGre5275_020103040814.wav"
"2017-03-14 13:09:16,188","INFO","Trial 144 - 13:09:16 - Unrewarded - /home/fet/stimuli/test_categories_box2/nonreward/Ne_Stim_8_LblBla4419_275750223930.wav"
"2017-03-14 13:09:16,247","INFO","Trial 145 - 13:09:16 - Unrewarded - /home/fet/stimuli/test_categories_box2/nonreward/Th_Stim_2_WhiRas44dd_122439091147.wav"
"2017-03-14 13:09:26,293","INFO","Trial 146 - 13:09:26 - Unrewarded - /home/fet/stimuli/test_categories_box2/nonreward/DC_Stim_3_LblBla4419_313514320726.wav"
"2017-03-14 13:09:27,289","INFO","Trial 147 - 13:09:27 - Unrewarded - /home/fet/stimuli/test_categories_box2/nonreward/Th_Stim_2_Unknown_11_090208060103.wav"
"2017-03-14 13:09:27,342","INFO","Trial 148 - 13:09:27 - Unrewarded - /home/fet/stimuli/test_categories_box2/nonreward/LT_Stim_2_LblBlu6243_222604171216.wav"
"2017-03-14 13:09:36,364","INFO","Trial 149 - 13:09:36 - Unrewarded - /home/fet/stimuli/test_categories_box2/nonreward/Te_Stim_8_YelOra2575_302917242214.wav"
"2017-03-14 13:09:51,485","INFO","Trial 150 - 13:09:51 - Unrewarded - /home/fet/stimuli/test_categories_box2/nonreward/DC_Stim_2_BlaLbl8026_253839011536.wav"
"2017-03-14 13:09:52,269","INFO","Trial 151 - 13:09:52 - Unrewarded - /home/fet/stimuli/test_categories_box2/nonreward/LT_Stim_3_LblBlu1630_031012091108.wav"
"2017-03-14 13:10:02,380","INFO","Trial 152 - 13:10:02 - Unrewarded - /home/fet/stimuli/test_categories_box2/nonreward/DC_Stim_8_WhiLbl0010_250206091322.wav"
"2017-03-14 13:10:14,282","INFO","Trial 153 - 13:10:14 - Unrewarded - /home/fet/stimuli/test_categories_box2/nonreward/Ne_Stim_5_Unknown000_010101010101.wav"
"2017-03-14 13:10:14,337","INFO","Trial 154 - 13:10:14 - Unrewarded - /home/fet/stimuli/test_categories_box2/nonreward/Th_Stim_3_HPiHPi4748_271005011107.wav"
"2017-03-14 13:10:15,746","INFO","Trial 155 - 13:10:15 - Unrewarded - /home/fet/stimuli/test_categories_box2/nonreward/So_Stim_4_GraLbl0457_141209.wav"
"2017-03-14 13:10:16,565","INFO","Trial 156 - 13:10:16 - Unrewarded - /home/fet/stimuli/test_categories_box2/nonreward/Di_Stim_9_Unknown_11_010202010202.wav"
"2017-03-14 13:10:16,622","INFO","Trial 157 - 13:10:16 - Unrewarded - /home/fet/stimuli/test_categories_box2/nonreward/Tu_Stim_8_WhiLbl0010_141208051524.wav"
"2017-03-14 13:10:29,728","INFO","Trial 158 - 13:10:29 - Unrewarded - /home/fet/stimuli/test_categories_box2/nonreward/LT_Stim_4_LblBlu1630_061507021213.wav"
"2017-03-14 13:10:39,684","INFO","Trial 159 - 13:10:39 - Unrewarded - /home/fet/stimuli/test_categories_box2/nonreward/Di_Stim_10_PurRas20dd_010404040401.wav"
"2017-03-14 13:10:48,433","INFO","Trial 160 - 13:10:48 - Unrewarded - /home/fet/stimuli/test_categories_box2/nonreward/Ne_Stim_8_Unknown01F_020102020201.wav"
"2017-03-14 13:10:48,488","INFO","Trial 161 - 13:10:48 - Unrewarded - /home/fet/stimuli/test_categories_box2/nonreward/Tu_Stim_1_GraLbl0457_120616131503.wav"
"2017-03-14 13:10:58,709","INFO","Trial 162 - 13:10:58 - Unrewarded - /home/fet/stimuli/test_categories_box2/nonreward/Th_Stim_8_GreOra1817_380243472850.wav"
"2017-03-14 13:10:58,760","INFO","Trial 163 - 13:10:58 - Unrewarded - /home/fet/stimuli/test_categories_box2/nonreward/Te_Stim_10_BlaBla0506_121110130515.wav"
"2017-03-14 13:11:13,139","INFO","Trial 164 - 13:11:13 - Unrewarded - /home/fet/stimuli/test_categories_box2/nonreward/Ag_Stim_7_PurRas20dd_181704192220.wav"
"2017-03-14 13:11:30,263","INFO","Trial 165 - 13:11:30 - Unrewarded - /home/fet/stimuli/test_categories_box2/nonreward/Ag_Stim_8_BlaLbl8026_222124060203.wav"
"2017-03-14 13:11:30,315","INFO","Trial 166 - 13:11:30 - Unrewarded - /home/fet/stimuli/test_categories_box2/nonreward/Wh_Stim_9_BlaBla0506_121613150610.wav"
"2017-03-14 13:11:42,632","INFO","Trial 167 - 13:11:42 - Unrewarded - /home/fet/stimuli/test_categories_box2/nonreward/Tu_Stim_1_YelGre5275_182215232429.wav"
"2017-03-14 13:11:53,867","INFO","Trial 168 - 13:11:53 - Rewarded - /home/fet/stimuli/test_categories_box2/reward/Be_Stim_4_LblBlu1927_050915.wav"
"2017-03-14 13:11:55,028","INFO","Trial 169 - 13:11:55 - Unrewarded - /home/fet/stimuli/test_categories_box2/nonreward/Tu_Stim_3_HPiHPi4748_192516022728.wav"
"2017-03-14 13:12:12,888","INFO","Trial 170 - 13:12:12 - Unrewarded - /home/fet/stimuli/test_categories_box2/nonreward/So_Stim_6_WhiBlu4818_092205.wav"
"2017-03-14 13:12:28,156","INFO","Trial 171 - 13:12:28 - Rewarded - /home/fet/stimuli/test_categories_box2/reward/Be_Stim_1_GraRas1500_060701.wav"
"2017-03-14 13:12:28,930","INFO","Trial 172 - 13:12:28 - Unrewarded - /home/fet/stimuli/test_categories_box2/nonreward/So_Stim_5_BlaBla0506_151206.wav"
"2017-03-14 13:12:41,656","INFO","Trial 173 - 13:12:41 - Unrewarded - /home/fet/stimuli/test_categories_box2/nonreward/Di_Stim_8_BlaBla0506_010101010101.wav"
"2017-03-14 13:12:51,335","INFO","Trial 174 - 13:12:51 - Rewarded - /home/fet/stimuli/test_categories_box2/reward/Be_Stim_3_WhiBlu0112_020406.wav"
"2017-03-14 13:12:57,343","INFO","Supplying reward for 12.00 seconds"
"2017-03-14 13:13:42,306","INFO","Trial 175 - 13:13:42 - Unrewarded - /home/fet/stimuli/test_categories_box2/nonreward/Wh_Stim_2_BlaLbl8026_090832073207.wav"
"2017-03-14 13:13:52,500","INFO","Trial 176 - 13:13:52 - Unrewarded - /home/fet/stimuli/test_categories_box2/nonreward/Ag_Stim_1_BlaLbl8026_060302222320.wav"
"2017-03-14 13:14:01,724","INFO","Trial 177 - 13:14:01 - Rewarded - /home/fet/stimuli/test_categories_box2/reward/Be_Stim_4_LblGre0001_0811_0207.wav"
"2017-03-14 13:14:07,729","INFO","Supplying reward for 12.00 seconds"
"2017-03-14 13:15:49,074","INFO","Trial 178 - 13:15:49 - Unrewarded - /home/fet/stimuli/test_categories_box2/nonreward/Wh_Stim_5_WhiRas44dd_010203030202.wav"
"2017-03-14 13:16:01,824","INFO","Trial 179 - 13:16:01 - Unrewarded - /home/fet/stimuli/test_categories_box2/nonreward/Di_Stim_2_WhiLbl0010_040404040404.wav"
"2017-03-14 13:16:14,992","INFO","Trial 180 - 13:16:14 - Unrewarded - /home/fet/stimuli/test_categories_box2/nonreward/DC_Stim_6_BluRas61dd_063514042427.wav"
"2017-03-14 13:16:29,405","INFO","Trial 181 - 13:16:29 - Unrewarded - /home/fet/stimuli/test_categories_box2/nonreward/Wh_Stim_5_GreGre2522_020103020202.wav"
"2017-03-14 13:16:40,009","INFO","Trial 182 - 13:16:40 - Unrewarded - /home/fet/stimuli/test_categories_box2/nonreward/Th_Stim_10_WhiRas44dd_323316094940.wav"
"2017-03-14 13:16:40,060","INFO","Trial 183 - 13:16:40 - Unrewarded - /home/fet/stimuli/test_categories_box2/nonreward/Wh_Stim_9_WhiRas44dd_010203020302.wav"
"2017-03-14 13:17:00,963","INFO","Trial 184 - 13:17:00 - Unrewarded - /home/fet/stimuli/test_categories_box2/nonreward/Tu_Stim_3_GreOra1817_040715030214.wav"
"2017-03-14 13:17:01,718","INFO","Trial 185 - 13:17:01 - Rewarded - /home/fet/stimuli/test_categories_box2/reward/Be_Stim_1_LblBlu6379_060204_01.wav"
"2017-03-14 13:17:07,726","INFO","Supplying reward for 12.00 seconds"
"2017-03-14 13:18:21,326","INFO","Trial 186 - 13:18:21 - Unrewarded - /home/fet/stimuli/test_categories_box2/nonreward/Di_Stim_6_PurRas20dd_010401040401.wav"
"2017-03-14 13:18:31,635","INFO","Trial 187 - 13:18:31 - Unrewarded - /home/fet/stimuli/test_categories_box2/nonreward/LT_Stim_6_LblBlu2028_140502150306.wav"
"2017-03-14 13:18:40,956","INFO","Trial 188 - 13:18:40 - Unrewarded - /home/fet/stimuli/test_categories_box2/nonreward/Tu_Stim_10_BlaLbl8026_050609110810.wav"
"2017-03-14 13:18:41,012","INFO","Trial 189 - 13:18:41 - Unrewarded - /home/fet/stimuli/test_categories_box2/nonreward/Di_Stim_2_BlaBla0506_010101010101.wav"
"2017-03-14 13:18:51,470","INFO","Trial 190 - 13:18:51 - Unrewarded - /home/fet/stimuli/test_categories_box2/nonreward/Ne_Stim_10_WhiGra0114_030202030202.wav"
"2017-03-14 13:18:51,528","INFO","Trial 191 - 13:18:51 - Unrewarded - /home/fet/stimuli/test_categories_box2/nonreward/So_Stim_3_WhiBlu4818_112204.wav"
"2017-03-14 13:19:16,348","INFO","Trial 192 - 13:19:16 - Rewarded - /home/fet/stimuli/test_categories_box2/reward/Be_Stim_7_LblBlu2028_02_0102_0204_01.wav"
"2017-03-14 13:19:16,399","INFO","Trial 193 - 13:19:16 - Rewarded - /home/fet/stimuli/test_categories_box2/reward/Be_Stim_6_GraGre1001_031106.wav"
"2017-03-14 13:19:17,205","INFO","Trial 194 - 13:19:17 - Rewarded - /home/fet/stimuli/test_categories_box2/reward/Be_Stim_8_GraRas1500_070104.wav"
"2017-03-14 13:19:17,263","INFO","Trial 195 - 13:19:17 - Unrewarded - /home/fet/stimuli/test_categories_box2/nonreward/Di_Stim_8_PurRas20dd_040104040404.wav"
"2017-03-14 13:19:38,088","INFO","Trial 196 - 13:19:38 - Unrewarded - /home/fet/stimuli/test_categories_box2/nonreward/DC_Stim_8_WhiWhi1415_030504010201.wav"
"2017-03-14 13:19:48,528","INFO","Trial 197 - 13:19:48 - Unrewarded - /home/fet/stimuli/test_categories_box2/nonreward/Th_Stim_2_WhiWhi1415_263118021312.wav"
"2017-03-14 13:19:49,451","INFO","Trial 198 - 13:19:49 - Unrewarded - /home/fet/stimuli/test_categories_box2/nonreward/Ag_Stim_10_WhiLbl0010_220315120627.wav"
"2017-03-14 13:20:00,148","INFO","Trial 199 - 13:20:00 - Rewarded - /home/fet/stimuli/test_categories_box2/reward/Be_Stim_1_LblGre0000_120801.wav"
"2017-03-14 13:20:06,157","INFO","Supplying reward for 12.00 seconds"
"2017-03-14 13:21:03,677","INFO","Trial 200 - 13:21:03 - Unrewarded - /home/fet/stimuli/test_categories_box2/nonreward/Di_Stim_6_WhiBlu4818_060606060606.wav"
"2017-03-14 13:21:03,728","INFO","Trial 201 - 13:21:03 - Unrewarded - /home/fet/stimuli/test_categories_box2/nonreward/DC_Stim_3_WhiWhi1415_030102050404.wav"
"2017-03-14 13:21:17,361","INFO","Trial 202 - 13:21:17 - Unrewarded - /home/fet/stimuli/test_categories_box2/nonreward/Di_Stim_2_Unknown_11_020102020101.wav"
"2017-03-14 13:21:17,412","INFO","Trial 203 - 13:21:17 - Unrewarded - /home/fet/stimuli/test_categories_box2/nonreward/So_Stim_10_BluRas61dd_141108.wav"
"2017-03-14 13:21:27,428","INFO","Trial 204 - 13:21:27 - Unrewarded - /home/fet/stimuli/test_categories_box2/nonreward/Ne_Stim_10_WhiBlu4917_050712070404.wav"
"2017-03-14 13:21:37,627","INFO","Trial 205 - 13:21:37 - Unrewarded - /home/fet/stimuli/test_categories_box2/nonreward/Di_Stim_1_WhiLbl0010_040404040404.wav"
"2017-03-14 13:21:51,270","INFO","Trial 206 - 13:21:51 - Unrewarded - /home/fet/stimuli/test_categories_box2/nonreward/Th_Stim_1_YelGre5275_401741063415.wav"
"2017-03-14 13:22:01,870","INFO","Trial 207 - 13:22:01 - Unrewarded - /home/fet/stimuli/test_categories_box2/nonreward/Te_Stim_4_WhiBlu4818_010415100312.wav"
"2017-03-14 13:22:01,925","INFO","Trial 208 - 13:22:01 - Unrewarded - /home/fet/stimuli/test_categories_box2/nonreward/LT_Stim_7_LblBlu1927_010101010101.wav"
"2017-03-14 13:22:12,158","INFO","Trial 209 - 13:22:12 - Rewarded - /home/fet/stimuli/test_categories_box2/reward/Be_Stim_6_LblBlu1729_061002.wav"
"2017-03-14 13:22:13,167","INFO","Trial 210 - 13:22:13 - Unrewarded - /home/fet/stimuli/test_categories_box2/nonreward/So_Stim_5_BluRas61dd_082021.wav"
"2017-03-14 13:22:39,387","INFO","Trial 211 - 13:22:39 - Unrewarded - /home/fet/stimuli/test_categories_box2/nonreward/LT_Stim_9_LblBlu1927_010101010101.wav"
"2017-03-14 13:23:31,333","INFO","Trial 212 - 13:23:31 - Unrewarded - /home/fet/stimuli/test_categories_box2/nonreward/Te_Stim_9_YelOra2575_231418041628.wav"
"2017-03-14 13:24:08,744","INFO","Trial 213 - 13:24:08 - Unrewarded - /home/fet/stimuli/test_categories_box2/nonreward/Te_Stim_6_WhiBlu4818_170403062001.wav"
"2017-03-14 13:24:20,474","INFO","Trial 214 - 13:24:20 - Rewarded - /home/fet/stimuli/test_categories_box2/reward/Be_Stim_4_LblGre0000_091001.wav"
"2017-03-14 13:24:26,483","INFO","Supplying reward for 12.00 seconds"
"2017-03-14 13:25:08,882","INFO","Trial 215 - 13:25:08 - Rewarded - /home/fet/stimuli/test_categories_box2/reward/Be_Stim_8_LblBlu1927_091106.wav"
"2017-03-14 13:25:08,936","INFO","Trial 216 - 13:25:08 - Unrewarded - /home/fet/stimuli/test_categories_box2/nonreward/LT_Stim_4_WhiBlu0112_042420180311.wav"
"2017-03-14 13:25:09,858","INFO","Trial 217 - 13:25:09 - Unrewarded - /home/fet/stimuli/test_categories_box2/nonreward/Te_Stim_1_GreWhi1242_200504091726.wav"
"2017-03-14 13:25:17,651","INFO","Trial 218 - 13:25:17 - Rewarded - /home/fet/stimuli/test_categories_box2/reward/Be_Stim_7_LblBlu1927_030911.wav"
"2017-03-14 13:25:18,762","INFO","Trial 219 - 13:25:18 - Rewarded - /home/fet/stimuli/test_categories_box2/reward/Be_Stim_10_LblBlu6680_06_0207_0101_03.wav"
"2017-03-14 13:25:24,770","INFO","Supplying reward for 12.00 seconds"
"2017-03-14 13:25:59,149","INFO","Trial 220 - 13:25:59 - Unrewarded - /home/fet/stimuli/test_categories_box2/nonreward/Tu_Stim_6_HPiHPi4748_230311281029.wav"
"2017-03-14 13:25:59,204","INFO","Trial 221 - 13:25:59 - Unrewarded - /home/fet/stimuli/test_categories_box2/nonreward/Te_Stim_5_HPiHPi4748_272425300402.wav"
"2017-03-14 13:26:14,836","INFO","Trial 222 - 13:26:14 - Unrewarded - /home/fet/stimuli/test_categories_box2/nonreward/So_Stim_5_YelGre5275_063628.wav"
"2017-03-14 13:26:26,488","INFO","Trial 223 - 13:26:26 - Unrewarded - /home/fet/stimuli/test_categories_box2/nonreward/Wh_Stim_1_HPiHPi4748_081216252329.wav"
"2017-03-14 13:26:39,828","INFO","Trial 224 - 13:26:39 - Unrewarded - /home/fet/stimuli/test_categories_box2/nonreward/So_Stim_9_BluRas61dd_221113.wav"
"2017-03-14 13:26:39,887","INFO","Trial 225 - 13:26:39 - Rewarded - /home/fet/stimuli/test_categories_box2/reward/Be_Stim_2_LblBlu6680_11_0307_0108.wav"
"2017-03-14 13:26:45,895","INFO","Supplying reward for 12.00 seconds"
"2017-03-14 13:27:19,016","INFO","Trial 226 - 13:27:19 - Unrewarded - /home/fet/stimuli/test_categories_box2/nonreward/DC_Stim_10_WhiBlu4917_080509181922.wav"
"2017-03-14 13:27:28,879","INFO","Trial 227 - 13:27:28 - Unrewarded - /home/fet/stimuli/test_categories_box2/nonreward/LT_Stim_3_WhiBlu3513_050402060103.wav"
"2017-03-14 13:27:39,962","INFO","Trial 228 - 13:27:39 - Rewarded - /home/fet/stimuli/test_categories_box2/reward/Be_Stim_3_LblBlu2028_01_0202_0204_03.wav"
"2017-03-14 13:27:45,967","INFO","Supplying reward for 12.00 seconds"
"2017-03-14 13:31:21,067","INFO","Trial 229 - 13:31:21 - Rewarded - /home/fet/stimuli/test_categories_box2/reward/Be_Stim_9_LblBlu1927_061509.wav"
"2017-03-14 13:31:27,072","INFO","Supplying reward for 12.00 seconds"
"2017-03-14 13:32:40,484","INFO","Trial 230 - 13:32:40 - Rewarded - /home/fet/stimuli/test_categories_box2/reward/Be_Stim_5_WhiBlu0112_170715.wav"
"2017-03-14 13:32:41,124","INFO","Trial 231 - 13:32:41 - Unrewarded - /home/fet/stimuli/test_categories_box2/nonreward/Te_Stim_4_LblRed0613_091626021125.wav"
"2017-03-14 13:32:41,182","INFO","Trial 232 - 13:32:41 - Unrewarded - /home/fet/stimuli/test_categories_box2/nonreward/DC_Stim_3_BlaLbl8026_193612350137.wav"
"2017-03-14 13:32:50,514","INFO","Trial 233 - 13:32:50 - Unrewarded - /home/fet/stimuli/test_categories_box2/nonreward/Ne_Stim_1_WhiLbl0010_381536262224.wav"
"2017-03-14 15:04:22,359","INFO","Trial 234 - 15:04:22 - Unrewarded - /home/fet/stimuli/test_categories_box2/nonreward/Te_Stim_2_GreRas2400_243128191016.wav"
"2017-03-14 15:04:22,418","INFO","Trial 235 - 15:04:22 - Unrewarded - /home/fet/stimuli/test_categories_box2/nonreward/Wh_Stim_3_YelGre5275_040703050901.wav"
"2017-03-14 15:04:34,339","INFO","Trial 236 - 15:04:34 - Unrewarded - /home/fet/stimuli/test_categories_box2/nonreward/Wh_Stim_6_GreGre2522_010203030301.wav"
"2017-03-14 15:04:34,389","INFO","Trial 237 - 15:04:34 - Unrewarded - /home/fet/stimuli/test_categories_box2/nonreward/So_Stim_9_LblRed0613_340912.wav"
"2017-03-14 15:05:46,883","INFO","Trial 238 - 15:05:46 - Unrewarded - /home/fet/stimuli/test_categories_box2/nonreward/So_Stim_3_WhiLbl0010_050704.wav"
"2017-03-14 15:06:11,842","INFO","Trial 239 - 15:06:11 - Unrewarded - /home/fet/stimuli/test_categories_box2/nonreward/Wh_Stim_10_HpiGra1004_040307060105.wav"
"2017-03-14 15:06:26,014","INFO","Trial 240 - 15:06:26 - Unrewarded - /home/fet/stimuli/test_categories_box2/nonreward/Ag_Stim_2_BlaBla0506_070504091012.wav"
"2017-03-14 15:06:36,396","INFO","Trial 241 - 15:06:36 - Unrewarded - /home/fet/stimuli/test_categories_box2/nonreward/LT_Stim_3_LblGre0001_060908100307.wav"
"2017-03-14 15:06:36,451","INFO","Trial 242 - 15:06:36 - Rewarded - /home/fet/stimuli/test_categories_box2/reward/Be_Stim_7_LblBlu6680_11_0305_0304_01.wav"
"2017-03-14 15:06:42,459","INFO","Supplying reward for 12.00 seconds"
"2017-03-14 15:07:25,340","INFO","Trial 243 - 15:07:25 - Unrewarded - /home/fet/stimuli/test_categories_box2/nonreward/So_Stim_2_GraLbl0457_030814.wav"
"2017-03-14 15:07:25,396","INFO","Trial 244 - 15:07:25 - Unrewarded - /home/fet/stimuli/test_categories_box2/nonreward/Ne_Stim_6_GraLbl0457_311135041918.wav"
"2017-03-14 15:07:47,580","INFO","Trial 245 - 15:07:47 - Unrewarded - /home/fet/stimuli/test_categories_box2/nonreward/Th_Stim_9_GreOra1817_464202044111.wav"
"2017-03-14 15:08:04,868","INFO","Trial 246 - 15:08:04 - Rewarded - /home/fet/stimuli/test_categories_box2/reward/Be_Stim_5_LblBlu6243_07_010304_02.wav"
"2017-03-14 15:08:04,923","INFO","Trial 247 - 15:08:04 - Rewarded - /home/fet/stimuli/test_categories_box2/reward/Be_Stim_10_GraGre1001_051702.wav"
"2017-03-14 15:08:10,931","INFO","Supplying reward for 12.00 seconds"
"2017-03-14 15:09:07,419","INFO","Trial 248 - 15:09:07 - Unrewarded - /home/fet/stimuli/test_categories_box2/nonreward/Wh_Stim_4_LblBla4419_180608090415.wav"
"2017-03-14 15:09:25,427","INFO","Trial 249 - 15:09:25 - Unrewarded - /home/fet/stimuli/test_categories_box2/nonreward/Tu_Stim_3_BlaLbl8026_050907111208.wav"
"2017-03-14 15:09:37,223","INFO","Trial 250 - 15:09:37 - Unrewarded - /home/fet/stimuli/test_categories_box2/nonreward/Ne_Stim_4_LblBla4419_564417184555.wav"
"2017-03-14 15:09:49,199","INFO","Trial 251 - 15:09:49 - Rewarded - /home/fet/stimuli/test_categories_box2/reward/Be_Stim_6_LblBlu6680_11_0306_0110_01.wav"
"2017-03-14 15:09:55,204","INFO","Supplying reward for 12.00 seconds"
"2017-03-14 15:10:33,834","INFO","Trial 252 - 15:10:33 - Unrewarded - /home/fet/stimuli/test_categories_box2/nonreward/Di_Stim_4_HPiHPi4748_030503050505.wav"
"2017-03-14 15:10:46,720","INFO","Trial 253 - 15:10:46 - Unrewarded - /home/fet/stimuli/test_categories_box2/nonreward/Wh_Stim_2_HpiGra1004_050302040806.wav"
"2017-03-14 15:11:00,715","INFO","Trial 254 - 15:11:00 - Rewarded - /home/fet/stimuli/test_categories_box2/reward/Be_Stim_10_WhiBlu0112_070806.wav"
"2017-03-14 15:11:06,724","INFO","Supplying reward for 12.00 seconds"
"2017-03-14 15:11:55,757","INFO","Trial 255 - 15:11:55 - Rewarded - /home/fet/stimuli/test_categories_box2/reward/Be_Stim_2_GraGre0813_100105.wav"
"2017-03-14 15:12:01,766","INFO","Supplying reward for 12.00 seconds"
"2017-03-14 15:13:20,596","INFO","Trial 256 - 15:13:20 - Unrewarded - /home/fet/stimuli/test_categories_box2/nonreward/Di_Stim_7_Unknown_11_010201010102.wav"
"2017-03-14 15:13:39,739","INFO","Trial 257 - 15:13:39 - Rewarded - /home/fet/stimuli/test_categories_box2/reward/Be_Stim_1_WhiBlu0112_100120.wav"
"2017-03-14 15:13:39,794","INFO","Trial 258 - 15:13:39 - Unrewarded - /home/fet/stimuli/test_categories_box2/nonreward/DC_Stim_10_WhiGra0114_031011130412.wav"
"2017-03-14 15:13:51,306","INFO","Trial 259 - 15:13:51 - Rewarded - /home/fet/stimuli/test_categories_box2/reward/Be_Stim_10_LblBlu6243_08_0104_0202.wav"
"2017-03-14 15:13:51,360","INFO","Trial 260 - 15:13:51 - Unrewarded - /home/fet/stimuli/test_categories_box2/nonreward/Ag_Stim_3_WhiGra0114_010101010101.wav"
"2017-03-14 15:13:52,262","INFO","Trial 261 - 15:13:52 - Unrewarded - /home/fet/stimuli/test_categories_box2/nonreward/LT_Stim_3_WhiBlu0112_112519080422.wav"
"2017-03-14 15:13:52,310","INFO","Trial 262 - 15:13:52 - Unrewarded - /home/fet/stimuli/test_categories_box2/nonreward/Wh_Stim_7_LblBla4548_050810011402.wav"
"2017-03-14 15:14:06,620","INFO","Trial 263 - 15:14:06 - Unrewarded - /home/fet/stimuli/test_categories_box2/nonreward/Th_Stim_2_WhiBlu4917_070508040902.wav"
"2017-03-14 15:14:22,122","INFO","Trial 264 - 15:14:22 - Rewarded - /home/fet/stimuli/test_categories_box2/reward/Be_Stim_1_LblBlu6680_01_0105_0106_01.wav"
"2017-03-14 15:14:22,176","INFO","Trial 265 - 15:14:22 - Rewarded - /home/fet/stimuli/test_categories_box2/reward/Be_Stim_9_LblGre0001_070110.wav"
"2017-03-14 15:14:28,184","INFO","Supplying reward for 12.00 seconds"
"2017-03-14 15:15:35,525","INFO","Trial 266 - 15:15:35 - Unrewarded - /home/fet/stimuli/test_categories_box2/nonreward/DC_Stim_10_WhiWhi1415_040103020504.wav"
"2017-03-14 15:16:02,405","INFO","Trial 267 - 15:16:02 - Unrewarded - /home/fet/stimuli/test_categories_box2/nonreward/Di_Stim_1_YelOra2575_110909091111.wav"
"2017-03-14 15:16:21,410","INFO","Trial 268 - 15:16:21 - Unrewarded - /home/fet/stimuli/test_categories_box2/nonreward/Ne_Stim_9_GraLbl0457_162635383937.wav"
"2017-03-14 15:16:35,196","INFO","Trial 269 - 15:16:35 - Unrewarded - /home/fet/stimuli/test_categories_box2/nonreward/Ag_Stim_8_YelOra2575_102018232204.wav"
"2017-03-14 15:17:14,441","INFO","Trial 270 - 15:17:14 - Rewarded - /home/fet/stimuli/test_categories_box2/reward/Be_Stim_6_LblBlu2028_0804_0210.wav"
"2017-03-14 15:17:15,364","INFO","Trial 271 - 15:17:15 - Unrewarded - /home/fet/stimuli/test_categories_box2/nonreward/Tu_Stim_5_BluRas07dd_101224200121.wav"
"2017-03-14 15:17:15,421","INFO","Trial 272 - 15:17:15 - Unrewarded - /home/fet/stimuli/test_categories_box2/nonreward/DC_Stim_9_WhiGra0114_041314110712.wav"
"2017-03-14 15:17:25,643","INFO","Trial 273 - 15:17:25 - Rewarded - /home/fet/stimuli/test_categories_box2/reward/Be_Stim_2_LblBlu1729_061309.wav"
"2017-03-14 15:17:31,652","INFO","Supplying reward for 12.00 seconds"
"2017-03-14 15:18:57,587","INFO","Trial 274 - 15:18:57 - Unrewarded - /home/fet/stimuli/test_categories_box2/nonreward/So_Stim_10_YelGre5275_343029.wav"
"2017-03-14 15:19:13,987","INFO","Trial 275 - 15:19:13 - Unrewarded - /home/fet/stimuli/test_categories_box2/nonreward/Te_Stim_3_WhiGra0114_051014020720.wav"
"2017-03-14 15:19:14,041","INFO","Trial 276 - 15:19:14 - Unrewarded - /home/fet/stimuli/test_categories_box2/nonreward/Wh_Stim_5_WhiWhi1415_010101010101.wav"
"2017-03-14 15:19:26,786","INFO","Trial 277 - 15:19:26 - Unrewarded - /home/fet/stimuli/test_categories_box2/nonreward/Te_Stim_3_BlaBla0506_151112221008.wav"
"2017-03-14 15:19:55,308","INFO","Trial 278 - 15:19:55 - Unrewarded - /home/fet/stimuli/test_categories_box2/nonreward/Te_Stim_10_LblRed0613_201910110526.wav"
"2017-03-14 15:20:07,788","INFO","Trial 279 - 15:20:07 - Unrewarded - /home/fet/stimuli/test_categories_box2/nonreward/Wh_Stim_2_WhiRas44dd_020301010201.wav"
"2017-03-14 15:20:19,461","INFO","Trial 280 - 15:20:19 - Unrewarded - /home/fet/stimuli/test_categories_box2/nonreward/Th_Stim_6_LblRed0613_011018080216.wav"
"2017-03-14 15:20:32,161","INFO","Trial 281 - 15:20:32 - Unrewarded - /home/fet/stimuli/test_categories_box2/nonreward/Te_Stim_3_GraGra0201_131030153621.wav"
"2017-03-14 15:20:58,345","INFO","Trial 282 - 15:20:58 - Unrewarded - /home/fet/stimuli/test_categories_box2/nonreward/Ag_Stim_1_BlaBla0506_041207090510.wav"
"2017-03-14 15:21:19,266","INFO","Trial 283 - 15:21:19 - Unrewarded - /home/fet/stimuli/test_categories_box2/nonreward/Di_Stim_2_GraGra0201_070107010707.wav"
"2017-03-14 15:21:31,996","INFO","Trial 284 - 15:21:31 - Unrewarded - /home/fet/stimuli/test_categories_box2/nonreward/Ag_Stim_10_GraLbl0457_191105091508.wav"
"2017-03-14 15:21:48,751","INFO","Trial 285 - 15:21:48 - Unrewarded - /home/fet/stimuli/test_categories_box2/nonreward/LT_Stim_10_LblGre0000_121103021621.wav"
"2017-03-14 15:21:49,551","INFO","Trial 286 - 15:21:49 - Unrewarded - /home/fet/stimuli/test_categories_box2/nonreward/Di_Stim_10_Unknown000_020101010201.wav"
"2017-03-14 15:22:00,887","INFO","Trial 287 - 15:22:00 - Unrewarded - /home/fet/stimuli/test_categories_box2/nonreward/Te_Stim_9_BlaBla0506_121506111713.wav"
"2017-03-14 15:23:29,989","INFO","Trial 288 - 15:23:29 - Unrewarded - /home/fet/stimuli/test_categories_box2/nonreward/Th_Stim_10_HPiHPi4748_062127091315.wav"
"2017-03-14 15:23:50,914","INFO","Trial 289 - 15:23:50 - Unrewarded - /home/fet/stimuli/test_categories_box2/nonreward/Ag_Stim_6_GraLbl0457_151907090508.wav"
"2017-03-14 15:23:50,968","INFO","Trial 290 - 15:23:50 - Unrewarded - /home/fet/stimuli/test_categories_box2/nonreward/Wh_Stim_7_BlaLbl8026_090708320832.wav"
"2017-03-14 15:24:09,414","INFO","Trial 291 - 15:24:09 - Unrewarded - /home/fet/stimuli/test_categories_box2/nonreward/Th_Stim_4_LblRed0613_020901120608.wav"
"2017-03-14 15:24:33,661","INFO","Trial 292 - 15:24:33 - Unrewarded - /home/fet/stimuli/test_categories_box2/nonreward/Ag_Stim_6_LblBla4419_020301020303.wav"
"2017-03-14 15:24:48,733","INFO","Trial 293 - 15:24:48 - Rewarded - /home/fet/stimuli/test_categories_box2/reward/Be_Stim_5_LblBlu1729_060809.wav"
"2017-03-14 15:24:54,742","INFO","Supplying reward for 12.00 seconds"
"2017-03-14 15:26:07,588","INFO","Trial 294 - 15:26:07 - Unrewarded - /home/fet/stimuli/test_categories_box2/nonreward/Di_Stim_5_GraGra0201_070107070101.wav"
"2017-03-14 15:26:07,643","INFO","Trial 295 - 15:26:07 - Unrewarded - /home/fet/stimuli/test_categories_box2/nonreward/Tu_Stim_3_BluRas07dd_240809121902.wav"
"2017-03-14 15:26:08,384","INFO","Trial 296 - 15:26:08 - Unrewarded - /home/fet/stimuli/test_categories_box2/nonreward/Tu_Stim_1_HPiHPi4748_220130250810.wav"
"2017-03-14 15:26:08,438","INFO","Trial 297 - 15:26:08 - Rewarded - /home/fet/stimuli/test_categories_box2/reward/Be_Stim_10_LblGre0000_061109.wav"
"2017-03-14 15:26:09,286","INFO","Trial 298 - 15:26:09 - Unrewarded - /home/fet/stimuli/test_categories_box2/nonreward/Tu_Stim_10_LblRed0613_010306020805.wav"
"2017-03-14 15:26:36,472","INFO","Trial 299 - 15:26:36 - Unrewarded - /home/fet/stimuli/test_categories_box2/nonreward/Wh_Stim_2_HPiHPi4748_101709153014.wav"
"2017-03-14 15:26:36,532","INFO","Trial 300 - 15:26:36 - Unrewarded - /home/fet/stimuli/test_categories_box2/nonreward/Th_Stim_7_WhiRas44dd_441122043738.wav"
"2017-03-14 15:26:53,141","INFO","Trial 301 - 15:26:53 - Rewarded - /home/fet/stimuli/test_categories_box2/reward/Be_Stim_5_GraGre1001_100914.wav"
"2017-03-14 15:26:53,197","INFO","Trial 302 - 15:26:53 - Rewarded - /home/fet/stimuli/test_categories_box2/reward/Be_Stim_7_GraGre1001_071701.wav"
"2017-03-14 15:26:53,921","INFO","Trial 303 - 15:26:53 - Unrewarded - /home/fet/stimuli/test_categories_box2/nonreward/So_Stim_2_WhiBlu4818_091122.wav"
"2017-03-14 15:27:04,804","INFO","Trial 304 - 15:27:04 - Unrewarded - /home/fet/stimuli/test_categories_box2/nonreward/DC_Stim_5_BlaLbl8026_123218023008.wav"
"2017-03-14 15:27:04,854","INFO","Trial 305 - 15:27:04 - Unrewarded - /home/fet/stimuli/test_categories_box2/nonreward/LT_Stim_4_LblGre0000_201802031307.wav"
"2017-03-14 15:27:14,623","INFO","Trial 306 - 15:27:14 - Unrewarded - /home/fet/stimuli/test_categories_box2/nonreward/DC_Stim_5_GreGre6364_060702120103.wav"
"2017-03-14 15:27:27,457","INFO","Trial 307 - 15:27:27 - Unrewarded - /home/fet/stimuli/test_categories_box2/nonreward/Tu_Stim_3_YelOra2575_191312200810.wav"
"2017-03-14 15:27:38,042","INFO","Trial 308 - 15:27:38 - Rewarded - /home/fet/stimuli/test_categories_box2/reward/Be_Stim_2_LblBlu6379_0601_0107_02.wav"
"2017-03-14 15:27:38,998","INFO","Trial 309 - 15:27:38 - Unrewarded - /home/fet/stimuli/test_categories_box2/nonreward/Th_Stim_5_LblRed0613_030916151017.wav"
"2017-03-14 15:27:52,567","INFO","Trial 310 - 15:27:52 - Unrewarded - /home/fet/stimuli/test_categories_box2/nonreward/So_Stim_9_WhiBlu5698_180825.wav"
"2017-03-14 15:29:34,427","INFO","Trial 311 - 15:29:34 - Unrewarded - /home/fet/stimuli/test_categories_box2/nonreward/Tu_Stim_2_GraGra0201_100603201108.wav"
"2017-03-14 16:48:59,940","INFO","Finishing session 1 at Tue Mar 14 16:48:59 2017"
"2017-03-14 16:48:59,940","INFO","Finished all sessions."
"2017-03-14 16:49:00,247","INFO","Exiting Session state"
"2017-03-14 16:49:00,247","INFO","Finishing experiment"
"2017-03-14 16:49:00,554","INFO","Exiting Idle state"
