"2016-11-12 11:47:13,082","INFO","Preparing subject and data storage"
"2016-11-12 11:47:13,083","INFO","Created subject object with name LblGra2826F"
"2016-11-12 11:47:13,083","INFO","Created datastore CSVStore: filename = /home/fet/data/LblGra2826F/121116/LblGra2826F_trialdata_20161112114713.csv, fields = session, index, time, stimulus_name, condition_name, response, correct, rt, reward, max_wait for subject LblGra2826F"
"2016-11-12 11:47:13,083","INFO","Preparing to run experiment Go No-Go Interruption"
"2016-11-12 11:47:13,389","INFO","Entering Idle state"
"2016-11-12 11:47:13,693","INFO","Beginning block #1"
"2016-11-12 11:49:41,321","INFO","Trial 1 - 11:49:41 - Unrewarded - /home/fet/stimuli/test_categories_box5/nonreward/Di_Stim_2_WhiWhi1415_020202020202.wav"
"2016-11-12 11:49:51,548","INFO","Trial 2 - 11:49:51 - Unrewarded - /home/fet/stimuli/test_categories_box5/nonreward/LT_Stim_9_LblBlu6379_072308030104.wav"
"2016-11-12 11:50:00,850","INFO","Trial 3 - 11:50:00 - Unrewarded - /home/fet/stimuli/test_categories_box5/nonreward/Th_Stim_10_WhiGra0114_060507080102.wav"
"2016-11-12 11:50:11,400","INFO","Trial 4 - 11:50:11 - Unrewarded - /home/fet/stimuli/test_categories_box5/nonreward/Th_Stim_5_BlaBla0506_040501030201.wav"
"2016-11-12 11:50:24,814","INFO","Trial 5 - 11:50:24 - Unrewarded - /home/fet/stimuli/test_categories_box5/nonreward/Wh_Stim_4_LblBla4548_030117081605.wav"
"2016-11-12 11:50:25,164","INFO","Trial 6 - 11:50:25 - Unrewarded - /home/fet/stimuli/test_categories_box5/nonreward/Ag_Stim_7_WhiWhi1415_020202020202.wav"
"2016-11-12 11:50:34,525","INFO","Trial 7 - 11:50:34 - Unrewarded - /home/fet/stimuli/test_categories_box5/nonreward/Wh_Stim_3_BlaBla0506_021410151306.wav"
"2016-11-12 11:50:39,368","INFO","Trial 8 - 11:50:39 - Unrewarded - /home/fet/stimuli/test_categories_box5/nonreward/Te_Stim_7_WhiGra0114_140519211002.wav"
"2016-11-12 11:50:39,601","INFO","Trial 9 - 11:50:39 - Unrewarded - /home/fet/stimuli/test_categories_box5/nonreward/Wh_Stim_10_BlaBla0506_061802101613.wav"
"2016-11-12 11:50:50,392","INFO","Trial 10 - 11:50:50 - Unrewarded - /home/fet/stimuli/test_categories_box5/nonreward/Be_Stim_3_LblBlu6680_11_040806_02.wav"
"2016-11-12 11:51:02,749","INFO","Trial 11 - 11:51:02 - Unrewarded - /home/fet/stimuli/test_categories_box5/nonreward/Th_Stim_8_GraGra0201_054318141619.wav"
"2016-11-12 11:51:17,056","INFO","Trial 12 - 11:51:17 - Unrewarded - /home/fet/stimuli/test_categories_box5/nonreward/Tu_Stim_9_WhiRas44dd_210727082614.wav"
"2016-11-12 11:51:35,589","INFO","Trial 13 - 11:51:35 - Unrewarded - /home/fet/stimuli/test_categories_box5/nonreward/So_Stim_6_WhiLbl0010_050607.wav"
"2016-11-12 11:51:46,676","INFO","Trial 14 - 11:51:46 - Unrewarded - /home/fet/stimuli/test_categories_box5/nonreward/Be_Stim_10_LblBlu6379_07_0203_0104_01.wav"
"2016-11-12 11:52:03,469","INFO","Trial 15 - 11:52:03 - Unrewarded - /home/fet/stimuli/test_categories_box5/nonreward/Be_Stim_10_LblBlu1729_121306.wav"
"2016-11-12 11:52:15,773","INFO","Trial 16 - 11:52:15 - Rewarded - /home/fet/stimuli/test_categories_box5/reward/DC_Stim_6_WhiBlu5698_120611170714.wav"
"2016-11-12 11:52:21,782","INFO","Supplying reward for 12.00 seconds"
"2016-11-12 11:53:18,716","INFO","Trial 17 - 11:53:18 - Unrewarded - /home/fet/stimuli/test_categories_box5/nonreward/Ag_Stim_9_GraGra0201_150612140405.wav"
"2016-11-12 11:53:28,841","INFO","Trial 18 - 11:53:28 - Unrewarded - /home/fet/stimuli/test_categories_box5/nonreward/Wh_Stim_5_LblBla4419_111501170905.wav"
"2016-11-12 11:53:48,435","INFO","Trial 19 - 11:53:48 - Unrewarded - /home/fet/stimuli/test_categories_box5/nonreward/Th_Stim_9_Unknown000_050910030602.wav"
"2016-11-12 11:53:59,924","INFO","Trial 20 - 11:53:59 - Unrewarded - /home/fet/stimuli/test_categories_box5/nonreward/Wh_Stim_3_GraLbl0457_040205010504.wav"
"2016-11-12 11:54:11,159","INFO","Trial 21 - 11:54:11 - Unrewarded - /home/fet/stimuli/test_categories_box5/nonreward/Te_Stim_1_YelOra2575_142807271312.wav"
"2016-11-12 11:54:21,312","INFO","Trial 22 - 11:54:21 - Unrewarded - /home/fet/stimuli/test_categories_box5/nonreward/Be_Stim_8_LblGre0001_03_020108.wav"
"2016-11-12 11:54:32,027","INFO","Trial 23 - 11:54:32 - Rewarded - /home/fet/stimuli/test_categories_box5/reward/DC_Stim_3_BlaBla0506_150824250510.wav"
"2016-11-12 11:54:38,037","INFO","Supplying reward for 12.00 seconds"
"2016-11-12 11:57:50,545","INFO","Trial 24 - 11:57:50 - Unrewarded - /home/fet/stimuli/test_categories_box5/nonreward/Wh_Stim_9_LblBla4548_051201141011.wav"
"2016-11-12 11:57:54,240","INFO","Trial 25 - 11:57:54 - Unrewarded - /home/fet/stimuli/test_categories_box5/nonreward/Be_Stim_2_LblBlu1927_031309.wav"
"2016-11-12 11:57:58,963","INFO","Trial 26 - 11:57:58 - Rewarded - /home/fet/stimuli/test_categories_box5/reward/DC_Stim_7_GreRas2400_010201010101.wav"
"2016-11-12 11:58:04,972","INFO","Supplying reward for 12.00 seconds"
"2016-11-12 12:00:06,697","INFO","Trial 27 - 12:00:06 - Unrewarded - /home/fet/stimuli/test_categories_box5/nonreward/Tu_Stim_8_YelGre5275_101107022609.wav"
"2016-11-12 12:00:33,638","INFO","Trial 28 - 12:00:33 - Unrewarded - /home/fet/stimuli/test_categories_box5/nonreward/Tu_Stim_4_GraLbl0457_110113040316.wav"
"2016-11-12 12:00:43,790","INFO","Trial 29 - 12:00:43 - Unrewarded - /home/fet/stimuli/test_categories_box5/nonreward/So_Stim_6_WhiBlu5698_022430.wav"
"2016-11-12 12:00:52,991","INFO","Trial 30 - 12:00:52 - Unrewarded - /home/fet/stimuli/test_categories_box5/nonreward/Tu_Stim_1_YelGre5275_222729140702.wav"
"2016-11-12 12:01:05,024","INFO","Trial 31 - 12:01:05 - Rewarded - /home/fet/stimuli/test_categories_box5/reward/DC_Stim_8_HPiHPi4748_081303073011.wav"
"2016-11-12 12:01:11,030","INFO","Supplying reward for 12.00 seconds"
"2016-11-12 12:03:21,193","INFO","Trial 32 - 12:03:21 - Rewarded - /home/fet/stimuli/test_categories_box5/reward/DC_Stim_9_GreRas2400_010202010202.wav"
"2016-11-12 12:03:27,202","INFO","Supplying reward for 12.00 seconds"
"2016-11-12 12:06:26,498","INFO","Trial 33 - 12:06:26 - Unrewarded - /home/fet/stimuli/test_categories_box5/nonreward/Be_Stim_4_GraGre0813_030905.wav"
"2016-11-12 12:06:37,835","INFO","Trial 34 - 12:06:37 - Unrewarded - /home/fet/stimuli/test_categories_box5/nonreward/Te_Stim_7_YelOra2575_250409192028.wav"
"2016-11-12 12:06:48,848","INFO","Trial 35 - 12:06:48 - Unrewarded - /home/fet/stimuli/test_categories_box5/nonreward/Di_Stim_5_WhiWhi1415_020202020202.wav"
"2016-11-12 12:06:58,253","INFO","Trial 36 - 12:06:58 - Unrewarded - /home/fet/stimuli/test_categories_box5/nonreward/Be_Stim_6_WhiBlu0112_190708.wav"
"2016-11-12 12:07:07,549","INFO","Trial 37 - 12:07:07 - Unrewarded - /home/fet/stimuli/test_categories_box5/nonreward/Th_Stim_2_WhiRas44dd_232625314320.wav"
"2016-11-12 12:07:18,809","INFO","Trial 38 - 12:07:18 - Unrewarded - /home/fet/stimuli/test_categories_box5/nonreward/So_Stim_2_WhiBlu5698_122402.wav"
"2016-11-12 12:07:31,756","INFO","Trial 39 - 12:07:31 - Unrewarded - /home/fet/stimuli/test_categories_box5/nonreward/Th_Stim_8_WhiBlu4818_010305040204.wav"
"2016-11-12 12:07:44,587","INFO","Trial 40 - 12:07:44 - Unrewarded - /home/fet/stimuli/test_categories_box5/nonreward/Be_Stim_1_GraGre1001_081018.wav"
"2016-11-12 12:07:58,239","INFO","Trial 41 - 12:07:58 - Unrewarded - /home/fet/stimuli/test_categories_box5/nonreward/Te_Stim_8_PurRas20dd_241323121927.wav"
"2016-11-12 12:08:12,926","INFO","Trial 42 - 12:08:12 - Unrewarded - /home/fet/stimuli/test_categories_box5/nonreward/Ne_Stim_3_GreOra1817_111409120806.wav"
"2016-11-12 12:08:25,537","INFO","Trial 43 - 12:08:25 - Unrewarded - /home/fet/stimuli/test_categories_box5/nonreward/Be_Stim_8_LblGre0000_011006.wav"
"2016-11-12 12:08:40,106","INFO","Trial 44 - 12:08:40 - Rewarded - /home/fet/stimuli/test_categories_box5/reward/DC_Stim_8_WhiBlu4917_220919060518.wav"
"2016-11-12 12:08:46,115","INFO","Supplying reward for 12.00 seconds"
"2016-11-12 12:11:41,724","INFO","Trial 45 - 12:11:41 - Unrewarded - /home/fet/stimuli/test_categories_box5/nonreward/Di_Stim_4_YelOra2575_110909110911.wav"
"2016-11-12 12:11:55,167","INFO","Trial 46 - 12:11:55 - Unrewarded - /home/fet/stimuli/test_categories_box5/nonreward/LT_Stim_4_LblGre0000_031408190121.wav"
"2016-11-12 12:12:06,307","INFO","Trial 47 - 12:12:06 - Unrewarded - /home/fet/stimuli/test_categories_box5/nonreward/Be_Stim_10_LblBlu1927_070312.wav"
"2016-11-12 12:12:41,498","INFO","Trial 48 - 12:12:41 - Unrewarded - /home/fet/stimuli/test_categories_box5/nonreward/Tu_Stim_2_GraGra0201_041506191318.wav"
"2016-11-12 12:13:10,324","INFO","Trial 49 - 12:13:10 - Unrewarded - /home/fet/stimuli/test_categories_box5/nonreward/Be_Stim_3_GraGre1001_031408.wav"
"2016-11-12 12:13:22,132","INFO","Trial 50 - 12:13:22 - Unrewarded - /home/fet/stimuli/test_categories_box5/nonreward/Tu_Stim_2_YelGre5275_051121240610.wav"
"2016-11-12 12:13:53,432","INFO","Trial 51 - 12:13:53 - Unrewarded - /home/fet/stimuli/test_categories_box5/nonreward/Te_Stim_5_WhiBlu4917_242701161315.wav"
"2016-11-12 12:14:07,652","INFO","Trial 52 - 12:14:07 - Unrewarded - /home/fet/stimuli/test_categories_box5/nonreward/Tu_Stim_10_GraLbl0457_031610141315.wav"
"2016-11-12 12:14:21,303","INFO","Trial 53 - 12:14:21 - Unrewarded - /home/fet/stimuli/test_categories_box5/nonreward/Tu_Stim_2_WhiRas44dd_162715121707.wav"
"2016-11-12 12:14:32,997","INFO","Trial 54 - 12:14:32 - Unrewarded - /home/fet/stimuli/test_categories_box5/nonreward/Ne_Stim_7_LblBla4548_204222080905.wav"
"2016-11-12 12:14:44,154","INFO","Trial 55 - 12:14:44 - Unrewarded - /home/fet/stimuli/test_categories_box5/nonreward/So_Stim_10_BluRas61dd_111721.wav"
"2016-11-12 12:15:05,149","INFO","Trial 56 - 12:15:05 - Unrewarded - /home/fet/stimuli/test_categories_box5/nonreward/Wh_Stim_4_GraLbl0457_010502040102.wav"
"2016-11-12 12:15:18,095","INFO","Trial 57 - 12:15:18 - Unrewarded - /home/fet/stimuli/test_categories_box5/nonreward/Tu_Stim_2_GreOra1817_031418130607.wav"
"2016-11-12 12:15:34,343","INFO","Trial 58 - 12:15:34 - Unrewarded - /home/fet/stimuli/test_categories_box5/nonreward/Th_Stim_6_WhiBlu5698_010706040607.wav"
"2016-11-12 12:15:45,672","INFO","Trial 59 - 12:15:45 - Unrewarded - /home/fet/stimuli/test_categories_box5/nonreward/Te_Stim_4_GraLbl0457_131614042326.wav"
"2016-11-12 12:15:57,222","INFO","Trial 60 - 12:15:57 - Rewarded - /home/fet/stimuli/test_categories_box5/reward/DC_Stim_7_BluRas61dd_180113090525.wav"
"2016-11-12 12:16:03,232","INFO","Supplying reward for 12.00 seconds"
"2016-11-12 12:55:19,350","INFO","Trial 61 - 12:55:19 - Unrewarded - /home/fet/stimuli/test_categories_box5/nonreward/So_Stim_1_RedRas3600_020106.wav"
"2016-11-12 12:55:23,402","INFO","Trial 62 - 12:55:23 - Unrewarded - /home/fet/stimuli/test_categories_box5/nonreward/Be_Stim_5_LblBlu1927_110812.wav"
"2016-11-12 12:55:34,214","INFO","Trial 63 - 12:55:34 - Unrewarded - /home/fet/stimuli/test_categories_box5/nonreward/Di_Stim_2_Unknown000_020101020101.wav"
"2016-11-12 12:55:55,459","INFO","Trial 64 - 12:55:55 - Rewarded - /home/fet/stimuli/test_categories_box5/reward/DC_Stim_6_Unknown00F_102124171114.wav"
"2016-11-12 12:56:01,468","INFO","Supplying reward for 12.00 seconds"
"2016-11-12 12:58:09,112","INFO","Trial 65 - 12:58:09 - Unrewarded - /home/fet/stimuli/test_categories_box5/nonreward/Te_Stim_9_HPiHPi4748_011707232710.wav"
"2016-11-12 12:58:18,778","INFO","Trial 66 - 12:58:18 - Unrewarded - /home/fet/stimuli/test_categories_box5/nonreward/Wh_Stim_6_LblRed0613_392816091902.wav"
"2016-11-12 12:58:29,554","INFO","Trial 67 - 12:58:29 - Unrewarded - /home/fet/stimuli/test_categories_box5/nonreward/Be_Stim_8_LblBlu6680_01_0205_0308.wav"
"2016-11-12 12:58:38,241","INFO","Trial 68 - 12:58:38 - Rewarded - /home/fet/stimuli/test_categories_box5/reward/DC_Stim_6_WhiBlu4818_050203010402.wav"
"2016-11-12 12:58:44,250","INFO","Supplying reward for 12.00 seconds"
"2016-11-12 13:00:20,078","INFO","Trial 69 - 13:00:20 - Unrewarded - /home/fet/stimuli/test_categories_box5/nonreward/Tu_Stim_7_HPiHPi4748_162209292506.wav"
"2016-11-12 13:00:31,870","INFO","Trial 70 - 13:00:31 - Unrewarded - /home/fet/stimuli/test_categories_box5/nonreward/Wh_Stim_2_YelGre5275_140908020604.wav"
"2016-11-12 13:00:32,744","INFO","Trial 71 - 13:00:32 - Unrewarded - /home/fet/stimuli/test_categories_box5/nonreward/Th_Stim_9_Unknown_11_030805041110.wav"
"2016-11-12 13:00:44,534","INFO","Trial 72 - 13:00:44 - Unrewarded - /home/fet/stimuli/test_categories_box5/nonreward/Ne_Stim_3_Unknown000_010101010101.wav"
"2016-11-12 13:00:55,502","INFO","Trial 73 - 13:00:55 - Unrewarded - /home/fet/stimuli/test_categories_box5/nonreward/Wh_Stim_7_GraLbl0457_050401020102.wav"
"2016-11-12 13:01:11,292","INFO","Trial 74 - 13:01:11 - Unrewarded - /home/fet/stimuli/test_categories_box5/nonreward/So_Stim_5_WhiLbl0010_070804.wav"
"2016-11-12 13:01:38,348","INFO","Trial 75 - 13:01:38 - Unrewarded - /home/fet/stimuli/test_categories_box5/nonreward/LT_Stim_8_LblBlu2028_020812141503.wav"
"2016-11-12 13:01:48,784","INFO","Trial 76 - 13:01:48 - Unrewarded - /home/fet/stimuli/test_categories_box5/nonreward/Di_Stim_9_WhiWhi1415_020202020202.wav"
"2016-11-12 13:02:00,473","INFO","Trial 77 - 13:02:00 - Unrewarded - /home/fet/stimuli/test_categories_box5/nonreward/Wh_Stim_9_BlaLbl8026_090708323207.wav"
"2016-11-12 13:02:10,414","INFO","Trial 78 - 13:02:10 - Unrewarded - /home/fet/stimuli/test_categories_box5/nonreward/LT_Stim_3_WhiBlu3513_010506020304.wav"
"2016-11-12 13:02:21,325","INFO","Trial 79 - 13:02:21 - Unrewarded - /home/fet/stimuli/test_categories_box5/nonreward/Di_Stim_2_HPiHPi4748_050305030503.wav"
"2016-11-12 13:02:39,379","INFO","Trial 80 - 13:02:39 - Unrewarded - /home/fet/stimuli/test_categories_box5/nonreward/Te_Stim_7_WhiBlu5698_152202180423.wav"
"2016-11-12 13:02:57,781","INFO","Trial 81 - 13:02:57 - Unrewarded - /home/fet/stimuli/test_categories_box5/nonreward/Ne_Stim_9_BlaBla0506_090407121309.wav"
"2016-11-12 13:03:11,298","INFO","Trial 82 - 13:03:11 - Unrewarded - /home/fet/stimuli/test_categories_box5/nonreward/Tu_Stim_1_GreOra1817_140102180517.wav"
"2016-11-12 13:03:23,212","INFO","Trial 83 - 13:03:23 - Unrewarded - /home/fet/stimuli/test_categories_box5/nonreward/Th_Stim_9_WhiRas44dd_091805202345.wav"
"2016-11-12 13:03:34,279","INFO","Trial 84 - 13:03:34 - Unrewarded - /home/fet/stimuli/test_categories_box5/nonreward/So_Stim_10_LblBla4548_321618.wav"
"2016-11-12 13:03:35,464","INFO","Trial 85 - 13:03:35 - Rewarded - /home/fet/stimuli/test_categories_box5/reward/DC_Stim_1_Unknown00F_250715132014.wav"
"2016-11-12 13:03:36,055","INFO","Trial 86 - 13:03:36 - Unrewarded - /home/fet/stimuli/test_categories_box5/nonreward/Be_Stim_9_LblBlu6680_11_040802_01.wav"
"2016-11-12 13:03:36,132","INFO","Trial 87 - 13:03:36 - Unrewarded - /home/fet/stimuli/test_categories_box5/nonreward/Ne_Stim_4_BlaBla0506_030916071307.wav"
"2016-11-12 13:03:47,521","INFO","Trial 88 - 13:03:47 - Unrewarded - /home/fet/stimuli/test_categories_box5/nonreward/Th_Stim_4_WhiBlu4818_040302050101.wav"
"2016-11-12 13:03:58,739","INFO","Trial 89 - 13:03:58 - Unrewarded - /home/fet/stimuli/test_categories_box5/nonreward/Th_Stim_1_GraGra0201_472801384429.wav"
"2016-11-12 13:04:11,735","INFO","Trial 90 - 13:04:11 - Unrewarded - /home/fet/stimuli/test_categories_box5/nonreward/Wh_Stim_4_GreGre2522_020301010101.wav"
"2016-11-12 13:04:22,605","INFO","Trial 91 - 13:04:22 - Unrewarded - /home/fet/stimuli/test_categories_box5/nonreward/LT_Stim_9_WhiBlu3615_060103040702.wav"
"2016-11-12 13:04:32,713","INFO","Trial 92 - 13:04:32 - Unrewarded - /home/fet/stimuli/test_categories_box5/nonreward/Ag_Stim_1_GreOra1817_092233162814.wav"
"2016-11-12 13:04:42,695","INFO","Trial 93 - 13:04:42 - Unrewarded - /home/fet/stimuli/test_categories_box5/nonreward/So_Stim_7_WhiBlu5698_081830.wav"
"2016-11-12 13:04:52,222","INFO","Trial 94 - 13:04:52 - Unrewarded - /home/fet/stimuli/test_categories_box5/nonreward/Te_Stim_8_GraGra0201_213538281529.wav"
"2016-11-12 13:05:02,936","INFO","Trial 95 - 13:05:02 - Unrewarded - /home/fet/stimuli/test_categories_box5/nonreward/Be_Stim_4_LblBlu1729_131008.wav"
"2016-11-12 13:05:15,871","INFO","Trial 96 - 13:05:15 - Unrewarded - /home/fet/stimuli/test_categories_box5/nonreward/LT_Stim_10_WhiBlu3513_010502030406.wav"
"2016-11-12 13:05:26,036","INFO","Trial 97 - 13:05:26 - Unrewarded - /home/fet/stimuli/test_categories_box5/nonreward/Be_Stim_10_GraRas1500_060403.wav"
"2016-11-12 13:05:27,148","INFO","Trial 98 - 13:05:27 - Unrewarded - /home/fet/stimuli/test_categories_box5/nonreward/Te_Stim_5_WhiGra0114_201102072105.wav"
"2016-11-12 13:05:38,012","INFO","Trial 99 - 13:05:38 - Unrewarded - /home/fet/stimuli/test_categories_box5/nonreward/LT_Stim_7_LblBlu6379_172403051415.wav"
"2016-11-12 13:05:47,900","INFO","Trial 100 - 13:05:47 - Unrewarded - /home/fet/stimuli/test_categories_box5/nonreward/Wh_Stim_7_HpiGra1004_040801060207.wav"
"2016-11-12 13:05:50,096","INFO","Trial 101 - 13:05:50 - Unrewarded - /home/fet/stimuli/test_categories_box5/nonreward/Wh_Stim_3_YelGre5275_030510110602.wav"
"2016-11-12 13:06:01,538","INFO","Trial 102 - 13:06:01 - Unrewarded - /home/fet/stimuli/test_categories_box5/nonreward/LT_Stim_7_LblBlu6680_301129180324.wav"
"2016-11-12 13:06:11,106","INFO","Trial 103 - 13:06:11 - Unrewarded - /home/fet/stimuli/test_categories_box5/nonreward/Ne_Stim_1_BlaBla0506_051612100202.wav"
"2016-11-12 13:06:11,703","INFO","Trial 104 - 13:06:11 - Unrewarded - /home/fet/stimuli/test_categories_box5/nonreward/Te_Stim_8_BluRas61dd_052215160623.wav"
"2016-11-12 13:06:24,536","INFO","Trial 105 - 13:06:24 - Unrewarded - /home/fet/stimuli/test_categories_box5/nonreward/Ne_Stim_2_LblBla4548_280718093806.wav"
"2016-11-12 13:06:34,718","INFO","Trial 106 - 13:06:34 - Unrewarded - /home/fet/stimuli/test_categories_box5/nonreward/So_Stim_7_LblBla4548_062333.wav"
"2016-11-12 13:06:44,966","INFO","Trial 107 - 13:06:44 - Unrewarded - /home/fet/stimuli/test_categories_box5/nonreward/LT_Stim_5_LblGre0000_111821082007.wav"
"2016-11-12 13:06:55,869","INFO","Trial 108 - 13:06:55 - Unrewarded - /home/fet/stimuli/test_categories_box5/nonreward/So_Stim_6_BluRas61dd_201309.wav"
"2016-11-12 13:07:07,611","INFO","Trial 109 - 13:07:07 - Unrewarded - /home/fet/stimuli/test_categories_box5/nonreward/Ag_Stim_9_GreOra1817_141227280718.wav"
"2016-11-12 13:07:33,218","INFO","Trial 110 - 13:07:33 - Unrewarded - /home/fet/stimuli/test_categories_box5/nonreward/LT_Stim_4_LblBlu6379_230911201724.wav"
"2016-11-12 13:07:47,295","INFO","Trial 111 - 13:07:47 - Unrewarded - /home/fet/stimuli/test_categories_box5/nonreward/Tu_Stim_4_PurRas20dd_070804020603.wav"
"2016-11-12 13:07:57,735","INFO","Trial 112 - 13:07:57 - Unrewarded - /home/fet/stimuli/test_categories_box5/nonreward/Te_Stim_3_WhiBlu4818_190416121520.wav"
"2016-11-12 13:08:11,338","INFO","Trial 113 - 13:08:11 - Unrewarded - /home/fet/stimuli/test_categories_box5/nonreward/Th_Stim_4_WhiRas44dd_144839503408.wav"
"2016-11-12 13:08:11,991","INFO","Trial 114 - 13:08:11 - Unrewarded - /home/fet/stimuli/test_categories_box5/nonreward/Tu_Stim_3_LblRed0613_080302050706.wav"
"2016-11-12 13:08:22,200","INFO","Trial 115 - 13:08:22 - Unrewarded - /home/fet/stimuli/test_categories_box5/nonreward/Be_Stim_4_LblBlu6680_01_0205_0104_01.wav"
"2016-11-12 13:08:33,868","INFO","Trial 116 - 13:08:33 - Unrewarded - /home/fet/stimuli/test_categories_box5/nonreward/Th_Stim_7_GraGra0201_231343254507.wav"
"2016-11-12 13:08:44,547","INFO","Trial 117 - 13:08:44 - Unrewarded - /home/fet/stimuli/test_categories_box5/nonreward/Be_Stim_1_LblBlu1927_060408.wav"
"2016-11-12 13:08:45,055","INFO","Trial 118 - 13:08:45 - Unrewarded - /home/fet/stimuli/test_categories_box5/nonreward/Ne_Stim_3_LblRed0613_026563410947.wav"
"2016-11-12 13:08:56,067","INFO","Trial 119 - 13:08:56 - Unrewarded - /home/fet/stimuli/test_categories_box5/nonreward/Be_Stim_2_LblGre0001_02_0111_0303_01.wav"
"2016-11-12 13:09:06,159","INFO","Trial 120 - 13:09:06 - Unrewarded - /home/fet/stimuli/test_categories_box5/nonreward/Th_Stim_10_Unknown_11_110502030407.wav"
"2016-11-12 13:09:15,379","INFO","Trial 121 - 13:09:15 - Unrewarded - /home/fet/stimuli/test_categories_box5/nonreward/Di_Stim_9_WhiBlu4818_060606060606.wav"
"2016-11-12 13:09:25,373","INFO","Trial 122 - 13:09:25 - Unrewarded - /home/fet/stimuli/test_categories_box5/nonreward/Ne_Stim_6_WhiBlu4917_060702041008.wav"
"2016-11-12 13:09:35,137","INFO","Trial 123 - 13:09:35 - Rewarded - /home/fet/stimuli/test_categories_box5/reward/DC_Stim_7_WhiBlu4917_200618090801.wav"
"2016-11-12 13:09:41,146","INFO","Supplying reward for 12.00 seconds"
"2016-11-12 13:12:09,658","INFO","Trial 124 - 13:12:09 - Rewarded - /home/fet/stimuli/test_categories_box5/reward/DC_Stim_5_Unknown00F_031624041114.wav"
"2016-11-12 13:12:09,849","INFO","Trial 125 - 13:12:09 - Unrewarded - /home/fet/stimuli/test_categories_box5/nonreward/Ne_Stim_9_LblRed0613_292303116132.wav"
"2016-11-12 13:12:10,013","INFO","Trial 126 - 13:12:10 - Unrewarded - /home/fet/stimuli/test_categories_box5/nonreward/Th_Stim_2_WhiBlu4917_080907030204.wav"
"2016-11-12 13:12:22,109","INFO","Trial 127 - 13:12:22 - Unrewarded - /home/fet/stimuli/test_categories_box5/nonreward/So_Stim_10_HPiHPi4748_062315.wav"
"2016-11-12 13:12:32,824","INFO","Trial 128 - 13:12:32 - Unrewarded - /home/fet/stimuli/test_categories_box5/nonreward/Di_Stim_3_WhiBlu4818_060606060606.wav"
"2016-11-12 13:12:43,121","INFO","Trial 129 - 13:12:43 - Unrewarded - /home/fet/stimuli/test_categories_box5/nonreward/Te_Stim_2_BluRas61dd_250501233019.wav"
"2016-11-12 13:12:53,552","INFO","Trial 130 - 13:12:53 - Unrewarded - /home/fet/stimuli/test_categories_box5/nonreward/Di_Stim_9_YelOra2575_091111111111.wav"
"2016-11-12 13:13:07,471","INFO","Trial 131 - 13:13:07 - Unrewarded - /home/fet/stimuli/test_categories_box5/nonreward/Te_Stim_8_WhiBlu5698_190504261317.wav"
"2016-11-12 13:13:15,756","INFO","Trial 132 - 13:13:15 - Unrewarded - /home/fet/stimuli/test_categories_box5/nonreward/Tu_Stim_5_GraGra0201_160514170209.wav"
"2016-11-12 13:13:26,368","INFO","Trial 133 - 13:13:26 - Unrewarded - /home/fet/stimuli/test_categories_box5/nonreward/Di_Stim_8_PurRas20dd_040104040401.wav"
"2016-11-12 13:13:40,052","INFO","Trial 134 - 13:13:40 - Unrewarded - /home/fet/stimuli/test_categories_box5/nonreward/Th_Stim_7_BlaBla0506_050103020405.wav"
"2016-11-12 13:13:50,111","INFO","Trial 135 - 13:13:50 - Unrewarded - /home/fet/stimuli/test_categories_box5/nonreward/Te_Stim_5_GraLbl0457_070504270821.wav"
"2016-11-12 13:13:50,774","INFO","Trial 136 - 13:13:50 - Unrewarded - /home/fet/stimuli/test_categories_box5/nonreward/Th_Stim_6_WhiBlu4818_020501040303.wav"
"2016-11-12 13:14:00,903","INFO","Trial 137 - 13:14:00 - Unrewarded - /home/fet/stimuli/test_categories_box5/nonreward/Te_Stim_10_YelOra2575_050915030820.wav"
"2016-11-12 13:14:11,036","INFO","Trial 138 - 13:14:11 - Unrewarded - /home/fet/stimuli/test_categories_box5/nonreward/Wh_Stim_8_GraLbl0457_040201050102.wav"
"2016-11-12 13:14:12,074","INFO","Trial 139 - 13:14:12 - Rewarded - /home/fet/stimuli/test_categories_box5/reward/DC_Stim_2_LblBla4419_090726333502.wav"
"2016-11-12 13:14:18,082","INFO","Supplying reward for 12.00 seconds"
"2016-11-12 13:15:58,350","INFO","Trial 140 - 13:15:58 - Unrewarded - /home/fet/stimuli/test_categories_box5/nonreward/Tu_Stim_4_YelOra2575_172115221016.wav"
"2016-11-12 13:15:58,936","INFO","Trial 141 - 13:15:58 - Unrewarded - /home/fet/stimuli/test_categories_box5/nonreward/Di_Stim_5_BlaBla0506_010101010101.wav"
"2016-11-12 13:16:11,002","INFO","Trial 142 - 13:16:11 - Unrewarded - /home/fet/stimuli/test_categories_box5/nonreward/Be_Stim_10_WhiBlu0112_071208.wav"
"2016-11-12 13:16:20,496","INFO","Trial 143 - 13:16:20 - Unrewarded - /home/fet/stimuli/test_categories_box5/nonreward/So_Stim_5_GraLbl0457_091015.wav"
"2016-11-12 13:16:31,923","INFO","Trial 144 - 13:16:31 - Unrewarded - /home/fet/stimuli/test_categories_box5/nonreward/Tu_Stim_6_GraLbl0457_140601161211.wav"
"2016-11-12 13:16:42,683","INFO","Trial 145 - 13:16:42 - Unrewarded - /home/fet/stimuli/test_categories_box5/nonreward/Ne_Stim_3_GraGra0201_332923362603.wav"
"2016-11-12 13:16:53,140","INFO","Trial 146 - 13:16:53 - Unrewarded - /home/fet/stimuli/test_categories_box5/nonreward/LT_Stim_3_WhiBlu0112_152316140417.wav"
"2016-11-12 13:16:53,973","INFO","Trial 147 - 13:16:53 - Unrewarded - /home/fet/stimuli/test_categories_box5/nonreward/Ne_Stim_3_LblBla4548_224837021120.wav"
"2016-11-12 13:17:04,522","INFO","Trial 148 - 13:17:04 - Unrewarded - /home/fet/stimuli/test_categories_box5/nonreward/Be_Stim_8_LblBlu6379_03_0101_0201_03.wav"
"2016-11-12 13:17:14,577","INFO","Trial 149 - 13:17:14 - Unrewarded - /home/fet/stimuli/test_categories_box5/nonreward/Te_Stim_5_HPiHPi4748_013027291504.wav"
"2016-11-12 13:17:27,024","INFO","Trial 150 - 13:17:27 - Unrewarded - /home/fet/stimuli/test_categories_box5/nonreward/Wh_Stim_10_HpiGra1004_020703010608.wav"
"2016-11-12 13:17:27,867","INFO","Trial 151 - 13:17:27 - Unrewarded - /home/fet/stimuli/test_categories_box5/nonreward/LT_Stim_8_WhiBlu3513_010405060302.wav"
"2016-11-12 13:17:38,115","INFO","Trial 152 - 13:17:38 - Unrewarded - /home/fet/stimuli/test_categories_box5/nonreward/Th_Stim_7_WhiRas44dd_181510221404.wav"
"2016-11-12 13:17:50,755","INFO","Trial 153 - 13:17:50 - Unrewarded - /home/fet/stimuli/test_categories_box5/nonreward/So_Stim_6_BlaBla0506_061512.wav"
"2016-11-12 13:17:51,260","INFO","Trial 154 - 13:17:51 - Unrewarded - /home/fet/stimuli/test_categories_box5/nonreward/Tu_Stim_3_GraGra0201_131202141707.wav"
"2016-11-12 13:18:01,871","INFO","Trial 155 - 13:18:01 - Rewarded - /home/fet/stimuli/test_categories_box5/reward/DC_Stim_10_RedRas3600_090703041006.wav"
"2016-11-12 13:18:07,881","INFO","Supplying reward for 12.00 seconds"
"2016-11-12 13:20:48,824","INFO","Trial 156 - 13:20:48 - Unrewarded - /home/fet/stimuli/test_categories_box5/nonreward/Ne_Stim_10_LblRed0613_143960083143.wav"
"2016-11-12 13:20:59,673","INFO","Trial 157 - 13:20:59 - Unrewarded - /home/fet/stimuli/test_categories_box5/nonreward/Wh_Stim_7_BlaBla0506_151306021614.wav"
"2016-11-12 13:21:00,301","INFO","Trial 158 - 13:21:00 - Unrewarded - /home/fet/stimuli/test_categories_box5/nonreward/So_Stim_3_WhiLbl0010_040506.wav"
"2016-11-12 13:21:08,410","INFO","Trial 159 - 13:21:08 - Unrewarded - /home/fet/stimuli/test_categories_box5/nonreward/Ne_Stim_10_HPiHPi4748_224514032730.wav"
"2016-11-12 13:21:09,026","INFO","Trial 160 - 13:21:09 - Unrewarded - /home/fet/stimuli/test_categories_box5/nonreward/Tu_Stim_10_BluRas07dd_072123110805.wav"
"2016-11-12 13:21:19,505","INFO","Trial 161 - 13:21:19 - Unrewarded - /home/fet/stimuli/test_categories_box5/nonreward/Di_Stim_3_BlaBla0506_010101010101.wav"
"2016-11-12 13:21:30,490","INFO","Trial 162 - 13:21:30 - Unrewarded - /home/fet/stimuli/test_categories_box5/nonreward/Ne_Stim_4_GraGra0201_384007440312.wav"
"2016-11-12 13:21:31,171","INFO","Trial 163 - 13:21:31 - Unrewarded - /home/fet/stimuli/test_categories_box5/nonreward/Ag_Stim_5_Unknown000_010606010101.wav"
"2016-11-12 13:21:43,920","INFO","Trial 164 - 13:21:43 - Unrewarded - /home/fet/stimuli/test_categories_box5/nonreward/LT_Stim_8_LblBlu1927_010101010101.wav"
"2016-11-12 13:21:55,712","INFO","Trial 165 - 13:21:55 - Unrewarded - /home/fet/stimuli/test_categories_box5/nonreward/Be_Stim_9_GraGre0813_061605.wav"
"2016-11-12 13:22:07,319","INFO","Trial 166 - 13:22:07 - Unrewarded - /home/fet/stimuli/test_categories_box5/nonreward/So_Stim_7_WhiLbl0010_060408.wav"
"2016-11-12 13:22:08,361","INFO","Trial 167 - 13:22:08 - Rewarded - /home/fet/stimuli/test_categories_box5/reward/DC_Stim_4_GreRas2400_010201020101.wav"
"2016-11-12 13:22:14,370","INFO","Supplying reward for 12.00 seconds"
"2016-11-12 14:07:47,893","INFO","Trial 168 - 14:07:47 - Unrewarded - /home/fet/stimuli/test_categories_box5/nonreward/LT_Stim_6_WhiBlu0112_222721181326.wav"
"2016-11-12 14:07:56,293","INFO","Trial 169 - 14:07:56 - Unrewarded - /home/fet/stimuli/test_categories_box5/nonreward/Ne_Stim_8_BlaBla0506_120909090409.wav"
"2016-11-12 14:08:05,836","INFO","Trial 170 - 14:08:05 - Unrewarded - /home/fet/stimuli/test_categories_box5/nonreward/Di_Stim_8_HPiHPi4748_030503030503.wav"
"2016-11-12 14:08:16,506","INFO","Trial 171 - 14:08:16 - Unrewarded - /home/fet/stimuli/test_categories_box5/nonreward/Be_Stim_7_LblBlu6680_11_0103_0101_01.wav"
"2016-11-12 14:08:22,233","INFO","Trial 172 - 14:08:22 - Unrewarded - /home/fet/stimuli/test_categories_box5/nonreward/Wh_Stim_9_WhiWhi1415_010101010101.wav"
"2016-11-12 14:08:31,562","INFO","Trial 173 - 14:08:31 - Unrewarded - /home/fet/stimuli/test_categories_box5/nonreward/Ne_Stim_1_GreOra1817_111412100805.wav"
"2016-11-12 14:08:41,449","INFO","Trial 174 - 14:08:41 - Unrewarded - /home/fet/stimuli/test_categories_box5/nonreward/Ag_Stim_5_GraGra0201_140209120506.wav"
"2016-11-12 14:08:50,603","INFO","Trial 175 - 14:08:50 - Unrewarded - /home/fet/stimuli/test_categories_box5/nonreward/Th_Stim_1_LblRed0613_041106010712.wav"
"2016-11-12 14:09:00,118","INFO","Trial 176 - 14:09:00 - Unrewarded - /home/fet/stimuli/test_categories_box5/nonreward/Ag_Stim_4_WhiGra0114_010101010101.wav"
"2016-11-12 14:09:09,468","INFO","Trial 177 - 14:09:09 - Unrewarded - /home/fet/stimuli/test_categories_box5/nonreward/Te_Stim_3_BluRas61dd_242312152805.wav"
"2016-11-12 14:09:19,798","INFO","Trial 178 - 14:09:19 - Unrewarded - /home/fet/stimuli/test_categories_box5/nonreward/Tu_Stim_7_YelGre5275_071321232410.wav"
"2016-11-12 14:09:30,676","INFO","Trial 179 - 14:09:30 - Unrewarded - /home/fet/stimuli/test_categories_box5/nonreward/Ag_Stim_6_GreGre2522_010202010102.wav"
"2016-11-12 14:09:40,809","INFO","Trial 180 - 14:09:40 - Unrewarded - /home/fet/stimuli/test_categories_box5/nonreward/Th_Stim_6_GraGra0201_395016182145.wav"
"2016-11-12 14:09:50,828","INFO","Trial 181 - 14:09:50 - Unrewarded - /home/fet/stimuli/test_categories_box5/nonreward/LT_Stim_10_LblBlu6243_051706152320.wav"
"2016-11-12 14:09:59,674","INFO","Trial 182 - 14:09:59 - Unrewarded - /home/fet/stimuli/test_categories_box5/nonreward/Be_Stim_1_WhiBlu0112_111018.wav"
"2016-11-12 14:10:08,990","INFO","Trial 183 - 14:10:08 - Unrewarded - /home/fet/stimuli/test_categories_box5/nonreward/LT_Stim_1_LblGre0001_050809030104.wav"
"2016-11-12 14:10:19,801","INFO","Trial 184 - 14:10:19 - Unrewarded - /home/fet/stimuli/test_categories_box5/nonreward/Di_Stim_10_Unknown_11_020101010101.wav"
"2016-11-12 14:10:30,446","INFO","Trial 185 - 14:10:30 - Unrewarded - /home/fet/stimuli/test_categories_box5/nonreward/Wh_Stim_5_LblBla4548_060114120403.wav"
"2016-11-12 14:10:31,512","INFO","Trial 186 - 14:10:31 - Unrewarded - /home/fet/stimuli/test_categories_box5/nonreward/Tu_Stim_9_PurRas20dd_040602030507.wav"
"2016-11-12 14:10:42,885","INFO","Trial 187 - 14:10:42 - Unrewarded - /home/fet/stimuli/test_categories_box5/nonreward/Be_Stim_6_LblGre0000_080711.wav"
"2016-11-12 14:10:43,730","INFO","Trial 188 - 14:10:43 - Rewarded - /home/fet/stimuli/test_categories_box5/reward/DC_Stim_4_LblBla4419_072523192217.wav"
"2016-11-12 14:10:49,738","INFO","Supplying reward for 12.00 seconds"
"2016-11-12 14:27:56,396","INFO","Trial 189 - 14:27:56 - Unrewarded - /home/fet/stimuli/test_categories_box5/nonreward/Ag_Stim_1_WhiBlu4818_050607060506.wav"
"2016-11-12 14:28:11,935","INFO","Trial 190 - 14:28:11 - Unrewarded - /home/fet/stimuli/test_categories_box5/nonreward/LT_Stim_1_WhiBlu3513_060305010402.wav"
"2016-11-12 14:28:21,867","INFO","Trial 191 - 14:28:21 - Unrewarded - /home/fet/stimuli/test_categories_box5/nonreward/Di_Stim_4_WhiBlu4818_060606060606.wav"
"2016-11-12 14:28:31,882","INFO","Trial 192 - 14:28:31 - Unrewarded - /home/fet/stimuli/test_categories_box5/nonreward/Th_Stim_8_WhiBlu5698_040601070406.wav"
"2016-11-12 14:28:45,430","INFO","Trial 193 - 14:28:45 - Unrewarded - /home/fet/stimuli/test_categories_box5/nonreward/Tu_Stim_4_WhiLbl0010_041409161307.wav"
"2016-11-12 14:28:46,722","INFO","Trial 194 - 14:28:46 - Unrewarded - /home/fet/stimuli/test_categories_box5/nonreward/Wh_Stim_3_LblRed0613_290221403612.wav"
"2016-11-12 14:28:47,972","INFO","Trial 195 - 14:28:47 - Unrewarded - /home/fet/stimuli/test_categories_box5/nonreward/Wh_Stim_9_LblBla4419_180501171004.wav"
"2016-11-12 14:28:49,818","INFO","Trial 196 - 14:28:49 - Unrewarded - /home/fet/stimuli/test_categories_box5/nonreward/Tu_Stim_2_BluRas07dd_012019101207.wav"
"2016-11-12 14:29:04,676","INFO","Trial 197 - 14:29:04 - Unrewarded - /home/fet/stimuli/test_categories_box5/nonreward/Ne_Stim_9_BluRas07dd_100519150603.wav"
"2016-11-12 14:29:18,283","INFO","Trial 198 - 14:29:18 - Unrewarded - /home/fet/stimuli/test_categories_box5/nonreward/Th_Stim_5_WhiBlu4917_050903020701.wav"
"2016-11-12 14:29:36,251","INFO","Trial 199 - 14:29:36 - Unrewarded - /home/fet/stimuli/test_categories_box5/nonreward/Wh_Stim_7_GraGra0201_010205060505.wav"
"2016-11-12 14:29:37,039","INFO","Trial 200 - 14:29:37 - Unrewarded - /home/fet/stimuli/test_categories_box5/nonreward/LT_Stim_2_LblBlu1927_010101010101.wav"
"2016-11-12 14:29:37,801","INFO","Trial 201 - 14:29:37 - Unrewarded - /home/fet/stimuli/test_categories_box5/nonreward/So_Stim_4_WhiBlu5698_241831.wav"
"2016-11-12 14:29:48,296","INFO","Trial 202 - 14:29:48 - Unrewarded - /home/fet/stimuli/test_categories_box5/nonreward/Ag_Stim_3_GraGra0201_090412021505.wav"
"2016-11-12 14:30:01,558","INFO","Trial 203 - 14:30:01 - Rewarded - /home/fet/stimuli/test_categories_box5/reward/DC_Stim_5_WhiBlu5698_121614020607.wav"
"2016-11-12 14:30:07,568","INFO","Supplying reward for 12.00 seconds"
"2016-11-12 14:30:43,749","INFO","Trial 204 - 14:30:43 - Unrewarded - /home/fet/stimuli/test_categories_box5/nonreward/Ne_Stim_8_WhiWhi1415_100604070809.wav"
"2016-11-12 14:30:45,345","INFO","Trial 205 - 14:30:45 - Unrewarded - /home/fet/stimuli/test_categories_box5/nonreward/Th_Stim_9_WhiGra0114_010706050802.wav"
"2016-11-12 14:30:49,821","INFO","Trial 206 - 14:30:49 - Unrewarded - /home/fet/stimuli/test_categories_box5/nonreward/LT_Stim_6_WhiBlu3513_010204030506.wav"
"2016-11-12 14:30:50,271","INFO","Trial 207 - 14:30:50 - Unrewarded - /home/fet/stimuli/test_categories_box5/nonreward/Wh_Stim_2_GraLbl0457_050104020204.wav"
"2016-11-12 14:30:52,587","INFO","Trial 208 - 14:30:52 - Unrewarded - /home/fet/stimuli/test_categories_box5/nonreward/Te_Stim_5_YelOra2575_172014091308.wav"
"2016-11-12 14:30:52,712","INFO","Trial 209 - 14:30:52 - Unrewarded - /home/fet/stimuli/test_categories_box5/nonreward/So_Stim_1_WhiBlu4818_091104.wav"
"2016-11-12 14:31:07,447","INFO","Trial 210 - 14:31:07 - Unrewarded - /home/fet/stimuli/test_categories_box5/nonreward/Th_Stim_4_WhiWhi1415_102119291408.wav"
"2016-11-12 14:31:09,509","INFO","Trial 211 - 14:31:09 - Unrewarded - /home/fet/stimuli/test_categories_box5/nonreward/Ag_Stim_1_LblBla4419_030201010202.wav"
"2016-11-12 14:31:25,825","INFO","Trial 212 - 14:31:25 - Unrewarded - /home/fet/stimuli/test_categories_box5/nonreward/Te_Stim_6_WhiGra0114_201014051911.wav"
"2016-11-12 14:31:38,612","INFO","Trial 213 - 14:31:38 - Unrewarded - /home/fet/stimuli/test_categories_box5/nonreward/Te_Stim_10_WhiBlu4917_020923221508.wav"
"2016-11-12 14:31:50,215","INFO","Trial 214 - 14:31:50 - Unrewarded - /home/fet/stimuli/test_categories_box5/nonreward/Ne_Stim_9_WhiWhi1415_091004080507.wav"
"2016-11-12 14:31:51,171","INFO","Trial 215 - 14:31:51 - Unrewarded - /home/fet/stimuli/test_categories_box5/nonreward/Th_Stim_10_WhiWhi1415_060311263105.wav"
"2016-11-12 14:32:02,904","INFO","Trial 216 - 14:32:02 - Unrewarded - /home/fet/stimuli/test_categories_box5/nonreward/So_Stim_2_HPiHPi4748_121508.wav"
"2016-11-12 14:32:04,310","INFO","Trial 217 - 14:32:04 - Unrewarded - /home/fet/stimuli/test_categories_box5/nonreward/LT_Stim_5_LblBlu1927_010101010101.wav"
"2016-11-12 14:32:18,541","INFO","Trial 218 - 14:32:18 - Unrewarded - /home/fet/stimuli/test_categories_box5/nonreward/Ag_Stim_7_GraLbl0457_110507090619.wav"
"2016-11-12 14:32:20,705","INFO","Trial 219 - 14:32:20 - Rewarded - /home/fet/stimuli/test_categories_box5/reward/DC_Stim_5_BlaBla0506_020519131215.wav"
"2016-11-12 14:32:26,713","INFO","Supplying reward for 12.00 seconds"
"2016-11-12 14:35:23,618","INFO","Trial 220 - 14:35:23 - Unrewarded - /home/fet/stimuli/test_categories_box5/nonreward/Ne_Stim_10_BlaBla0506_071316030513.wav"
"2016-11-12 14:35:38,190","INFO","Trial 221 - 14:35:38 - Unrewarded - /home/fet/stimuli/test_categories_box5/nonreward/LT_Stim_10_LblGre0001_100307060204.wav"
"2016-11-12 14:35:47,500","INFO","Trial 222 - 14:35:47 - Unrewarded - /home/fet/stimuli/test_categories_box5/nonreward/Te_Stim_9_BluRas61dd_122718302321.wav"
"2016-11-12 14:35:56,899","INFO","Trial 223 - 14:35:56 - Unrewarded - /home/fet/stimuli/test_categories_box5/nonreward/Ne_Stim_10_WhiWhi1415_100604050907.wav"
"2016-11-12 14:37:54,333","INFO","Trial 224 - 14:37:54 - Unrewarded - /home/fet/stimuli/test_categories_box5/nonreward/Tu_Stim_8_GraGra0201_092016180104.wav"
"2016-11-12 14:37:56,186","INFO","Trial 225 - 14:37:56 - Unrewarded - /home/fet/stimuli/test_categories_box5/nonreward/Wh_Stim_10_LblBla4548_070514160817.wav"
"2016-11-12 14:37:56,797","INFO","Trial 226 - 14:37:56 - Unrewarded - /home/fet/stimuli/test_categories_box5/nonreward/Te_Stim_4_WhiBlu4917_172412150425.wav"
"2016-11-12 14:38:05,482","INFO","Trial 227 - 14:38:05 - Unrewarded - /home/fet/stimuli/test_categories_box5/nonreward/Th_Stim_5_WhiBlu4818_020405010304.wav"
"2016-11-12 14:38:22,357","INFO","Trial 228 - 14:38:22 - Unrewarded - /home/fet/stimuli/test_categories_box5/nonreward/Wh_Stim_10_GreGre2522_020301030302.wav"
"2016-11-12 14:38:25,821","INFO","Trial 229 - 14:38:25 - Unrewarded - /home/fet/stimuli/test_categories_box5/nonreward/LT_Stim_6_LblBlu6680_031924270121.wav"
"2016-11-12 14:38:29,899","INFO","Trial 230 - 14:38:29 - Unrewarded - /home/fet/stimuli/test_categories_box5/nonreward/Th_Stim_7_WhiWhi1415_092225141807.wav"
"2016-11-12 14:38:42,385","INFO","Trial 231 - 14:38:42 - Unrewarded - /home/fet/stimuli/test_categories_box5/nonreward/So_Stim_8_LblRed0613_291134.wav"
"2016-11-12 14:38:43,285","INFO","Trial 232 - 14:38:43 - Unrewarded - /home/fet/stimuli/test_categories_box5/nonreward/LT_Stim_5_WhiBlu3513_030105040602.wav"
"2016-11-12 14:38:43,950","INFO","Trial 233 - 14:38:43 - Unrewarded - /home/fet/stimuli/test_categories_box5/nonreward/Ag_Stim_9_WhiBlu4917_010101010101.wav"
"2016-11-12 14:38:55,463","INFO","Trial 234 - 14:38:55 - Unrewarded - /home/fet/stimuli/test_categories_box5/nonreward/Wh_Stim_6_WhiWhi1415_010101010101.wav"
"2016-11-12 14:38:58,957","INFO","Trial 235 - 14:38:58 - Unrewarded - /home/fet/stimuli/test_categories_box5/nonreward/Tu_Stim_4_HPiHPi4748_080706190902.wav"
"2016-11-12 14:39:09,712","INFO","Trial 236 - 14:39:09 - Unrewarded - /home/fet/stimuli/test_categories_box5/nonreward/Th_Stim_9_WhiBlu5698_040106070601.wav"
"2016-11-12 14:39:37,027","INFO","Trial 237 - 14:39:37 - Unrewarded - /home/fet/stimuli/test_categories_box5/nonreward/Ne_Stim_7_BluRas07dd_060115020512.wav"
"2016-11-12 14:39:48,364","INFO","Trial 238 - 14:39:48 - Unrewarded - /home/fet/stimuli/test_categories_box5/nonreward/So_Stim_4_GraLbl0457_140301.wav"
"2016-11-12 14:39:49,496","INFO","Trial 239 - 14:39:49 - Unrewarded - /home/fet/stimuli/test_categories_box5/nonreward/Di_Stim_7_Unknown000_010201010201.wav"
"2016-11-12 14:40:02,937","INFO","Trial 240 - 14:40:02 - Unrewarded - /home/fet/stimuli/test_categories_box5/nonreward/Tu_Stim_7_GraLbl0457_011210041502.wav"
"2016-11-12 14:40:15,163","INFO","Trial 241 - 14:40:15 - Unrewarded - /home/fet/stimuli/test_categories_box5/nonreward/Wh_Stim_8_LblRed0613_281015022905.wav"
"2016-11-12 14:40:16,221","INFO","Trial 242 - 14:40:16 - Unrewarded - /home/fet/stimuli/test_categories_box5/nonreward/LT_Stim_7_LblGre0001_080607090503.wav"
"2016-11-12 14:40:23,915","INFO","Trial 243 - 14:40:23 - Unrewarded - /home/fet/stimuli/test_categories_box5/nonreward/LT_Stim_2_LblBlu6243_101324030815.wav"
"2016-11-12 14:40:24,629","INFO","Trial 244 - 14:40:24 - Unrewarded - /home/fet/stimuli/test_categories_box5/nonreward/Di_Stim_9_WhiLbl0010_040404040404.wav"
"2016-11-12 14:40:24,784","INFO","Trial 245 - 14:40:24 - Unrewarded - /home/fet/stimuli/test_categories_box5/nonreward/Di_Stim_5_WhiBlu4818_060606060606.wav"
"2016-11-12 14:40:37,681","INFO","Trial 246 - 14:40:37 - Unrewarded - /home/fet/stimuli/test_categories_box5/nonreward/Be_Stim_8_LblBlu1729_070906.wav"
"2016-11-12 14:40:38,711","INFO","Trial 247 - 14:40:38 - Rewarded - /home/fet/stimuli/test_categories_box5/reward/DC_Stim_2_Unknown00F_191008201824.wav"
"2016-11-12 14:40:44,718","INFO","Supplying reward for 12.00 seconds"
"2016-11-12 15:06:00,122","INFO","Trial 248 - 15:06:00 - Unrewarded - /home/fet/stimuli/test_categories_box5/nonreward/Wh_Stim_9_GreGre2522_030102010202.wav"
"2016-11-12 15:06:01,444","INFO","Trial 249 - 15:06:01 - Unrewarded - /home/fet/stimuli/test_categories_box5/nonreward/LT_Stim_9_LblBlu2028_020911070508.wav"
"2016-11-12 15:06:14,531","INFO","Trial 250 - 15:06:14 - Unrewarded - /home/fet/stimuli/test_categories_box5/nonreward/Ag_Stim_3_GreOra1817_281425090729.wav"
"2016-11-12 15:06:25,115","INFO","Trial 251 - 15:06:25 - Unrewarded - /home/fet/stimuli/test_categories_box5/nonreward/Wh_Stim_9_GraLbl0457_010502040402.wav"
"2016-11-12 15:06:31,471","INFO","Trial 252 - 15:06:31 - Unrewarded - /home/fet/stimuli/test_categories_box5/nonreward/Te_Stim_3_GraLbl0457_100825292404.wav"
"2016-11-12 15:06:41,878","INFO","Trial 253 - 15:06:41 - Unrewarded - /home/fet/stimuli/test_categories_box5/nonreward/Be_Stim_3_LblBlu1729_110907.wav"
"2016-11-12 15:06:54,133","INFO","Trial 254 - 15:06:54 - Unrewarded - /home/fet/stimuli/test_categories_box5/nonreward/Te_Stim_10_WhiBlu4818_130904111405.wav"
"2016-11-12 15:07:28,312","INFO","Trial 255 - 15:07:28 - Unrewarded - /home/fet/stimuli/test_categories_box5/nonreward/Te_Stim_8_LblRed0613_221629182307.wav"
"2016-11-12 15:07:37,569","INFO","Trial 256 - 15:07:37 - Unrewarded - /home/fet/stimuli/test_categories_box5/nonreward/Be_Stim_9_LblGre0001_0103_0105.wav"
"2016-11-12 15:07:48,185","INFO","Trial 257 - 15:07:48 - Unrewarded - /home/fet/stimuli/test_categories_box5/nonreward/Tu_Stim_3_BluRas07dd_110520121410.wav"
"2016-11-12 15:07:58,690","INFO","Trial 258 - 15:07:58 - Rewarded - /home/fet/stimuli/test_categories_box5/reward/DC_Stim_5_HPiHPi4748_170521180920.wav"
"2016-11-12 15:08:04,700","INFO","Supplying reward for 12.00 seconds"
"2016-11-12 15:10:17,779","INFO","Trial 259 - 15:10:17 - Unrewarded - /home/fet/stimuli/test_categories_box5/nonreward/Ag_Stim_8_GraGra0201_101315051408.wav"
"2016-11-12 15:10:18,834","INFO","Trial 260 - 15:10:18 - Unrewarded - /home/fet/stimuli/test_categories_box5/nonreward/Di_Stim_8_WhiWhi1415_020202020202.wav"
"2016-11-12 15:10:27,187","INFO","Trial 261 - 15:10:27 - Unrewarded - /home/fet/stimuli/test_categories_box5/nonreward/Ag_Stim_9_WhiRas44dd_243110081121.wav"
"2016-11-12 15:10:33,466","INFO","Trial 262 - 15:10:33 - Unrewarded - /home/fet/stimuli/test_categories_box5/nonreward/Ag_Stim_10_GraLbl0457_050919111215.wav"
"2016-11-12 15:10:41,756","INFO","Trial 263 - 15:10:41 - Unrewarded - /home/fet/stimuli/test_categories_box5/nonreward/Tu_Stim_5_GreOra1817_051612090604.wav"
"2016-11-12 15:10:51,381","INFO","Trial 264 - 15:10:51 - Unrewarded - /home/fet/stimuli/test_categories_box5/nonreward/Ne_Stim_8_LblBla4548_280422214529.wav"
"2016-11-12 15:10:59,691","INFO","Trial 265 - 15:10:59 - Unrewarded - /home/fet/stimuli/test_categories_box5/nonreward/Tu_Stim_3_PurRas20dd_080605010304.wav"
"2016-11-12 15:11:09,312","INFO","Trial 266 - 15:11:09 - Unrewarded - /home/fet/stimuli/test_categories_box5/nonreward/Di_Stim_4_WhiWhi1415_020202020202.wav"
"2016-11-12 15:11:18,331","INFO","Trial 267 - 15:11:18 - Unrewarded - /home/fet/stimuli/test_categories_box5/nonreward/Ag_Stim_2_WhiRas44dd_242132111708.wav"
"2016-11-12 15:11:29,037","INFO","Trial 268 - 15:11:29 - Rewarded - /home/fet/stimuli/test_categories_box5/reward/DC_Stim_8_Unknown00F_132410221114.wav"
"2016-11-12 15:11:29,538","INFO","Trial 269 - 15:11:29 - Unrewarded - /home/fet/stimuli/test_categories_box5/nonreward/Ag_Stim_2_LblBla4419_030201020201.wav"
"2016-11-12 15:11:39,113","INFO","Trial 270 - 15:11:39 - Rewarded - /home/fet/stimuli/test_categories_box5/reward/DC_Stim_8_GraLbl0457_190629212830.wav"
"2016-11-12 15:11:45,118","INFO","Supplying reward for 12.00 seconds"
"2016-11-12 15:13:29,236","INFO","Trial 271 - 15:13:29 - Unrewarded - /home/fet/stimuli/test_categories_box5/nonreward/LT_Stim_7_WhiBlu3615_020407010605.wav"
"2016-11-12 15:13:29,559","INFO","Trial 272 - 15:13:29 - Rewarded - /home/fet/stimuli/test_categories_box5/reward/DC_Stim_2_BlaBla0506_171310201826.wav"
"2016-11-12 15:13:35,565","INFO","Supplying reward for 12.00 seconds"
"2016-11-12 15:16:16,135","INFO","Trial 273 - 15:16:16 - Unrewarded - /home/fet/stimuli/test_categories_box5/nonreward/So_Stim_6_RedRas3600_020104.wav"
"2016-11-12 15:16:38,735","INFO","Trial 274 - 15:16:38 - Unrewarded - /home/fet/stimuli/test_categories_box5/nonreward/Wh_Stim_10_WhiWhi1415_010101010101.wav"
"2016-11-12 15:16:39,192","INFO","Trial 275 - 15:16:39 - Unrewarded - /home/fet/stimuli/test_categories_box5/nonreward/Ag_Stim_10_GreOra1817_140922271830.wav"
"2016-11-12 15:16:48,455","INFO","Trial 276 - 15:16:48 - Unrewarded - /home/fet/stimuli/test_categories_box5/nonreward/So_Stim_4_RedRas3600_060201.wav"
"2016-11-12 15:16:58,350","INFO","Trial 277 - 15:16:58 - Unrewarded - /home/fet/stimuli/test_categories_box5/nonreward/Wh_Stim_2_HpiGra1004_080704030105.wav"
"2016-11-12 15:17:08,553","INFO","Trial 278 - 15:17:08 - Rewarded - /home/fet/stimuli/test_categories_box5/reward/DC_Stim_7_RedRas3600_030407020506.wav"
"2016-11-12 15:17:09,187","INFO","Trial 279 - 15:17:09 - Rewarded - /home/fet/stimuli/test_categories_box5/reward/DC_Stim_7_Unknown00F_181404060910.wav"
"2016-11-12 15:17:15,197","INFO","Supplying reward for 12.00 seconds"
"2016-11-12 15:21:10,781","INFO","Trial 280 - 15:21:10 - Unrewarded - /home/fet/stimuli/test_categories_box5/nonreward/Ag_Stim_3_GreGre2522_020102020101.wav"
"2016-11-12 15:21:21,266","INFO","Trial 281 - 15:21:21 - Unrewarded - /home/fet/stimuli/test_categories_box5/nonreward/Ag_Stim_5_WhiRas44dd_111017080531.wav"
"2016-11-12 15:21:31,948","INFO","Trial 282 - 15:21:31 - Unrewarded - /home/fet/stimuli/test_categories_box5/nonreward/Ag_Stim_7_WhiGra0114_010101010101.wav"
"2016-11-12 15:21:43,559","INFO","Trial 283 - 15:21:43 - Unrewarded - /home/fet/stimuli/test_categories_box5/nonreward/Th_Stim_4_WhiBlu5698_060107040101.wav"
"2016-11-12 15:21:56,113","INFO","Trial 284 - 15:21:56 - Rewarded - /home/fet/stimuli/test_categories_box5/reward/DC_Stim_4_RedRas3600_020903011007.wav"
"2016-11-12 15:22:02,122","INFO","Supplying reward for 12.00 seconds"
"2016-11-12 15:26:51,365","INFO","Trial 285 - 15:26:51 - Unrewarded - /home/fet/stimuli/test_categories_box5/nonreward/Te_Stim_2_LblRed0613_182307112621.wav"
"2016-11-12 15:27:03,071","INFO","Trial 286 - 15:27:03 - Rewarded - /home/fet/stimuli/test_categories_box5/reward/DC_Stim_5_BluRas61dd_040810342607.wav"
"2016-11-12 15:27:09,084","INFO","Supplying reward for 12.00 seconds"
"2016-11-12 15:30:05,038","INFO","Trial 287 - 15:30:05 - Unrewarded - /home/fet/stimuli/test_categories_box5/nonreward/Te_Stim_6_GraGra0201_042227293635.wav"
"2016-11-12 15:30:17,018","INFO","Trial 288 - 15:30:17 - Unrewarded - /home/fet/stimuli/test_categories_box5/nonreward/Tu_Stim_6_BluRas07dd_120907231906.wav"
"2016-11-12 15:30:28,994","INFO","Trial 289 - 15:30:28 - Unrewarded - /home/fet/stimuli/test_categories_box5/nonreward/Ne_Stim_7_Unknown000_010101010101.wav"
"2016-11-12 15:30:41,937","INFO","Trial 290 - 15:30:41 - Unrewarded - /home/fet/stimuli/test_categories_box5/nonreward/Tu_Stim_3_YelOra2575_082115112024.wav"
"2016-11-12 15:30:55,891","INFO","Trial 291 - 15:30:55 - Unrewarded - /home/fet/stimuli/test_categories_box5/nonreward/Th_Stim_5_WhiGra0114_020706050108.wav"
"2016-11-12 15:31:07,224","INFO","Trial 292 - 15:31:07 - Unrewarded - /home/fet/stimuli/test_categories_box5/nonreward/Tu_Stim_1_WhiRas44dd_230126120317.wav"
"2016-11-12 15:31:22,071","INFO","Trial 293 - 15:31:22 - Unrewarded - /home/fet/stimuli/test_categories_box5/nonreward/Ag_Stim_10_WhiGra0114_010101010101.wav"
"2016-11-12 15:31:34,903","INFO","Trial 294 - 15:31:34 - Unrewarded - /home/fet/stimuli/test_categories_box5/nonreward/So_Stim_7_RedRas3600_060402.wav"
"2016-11-12 15:31:45,634","INFO","Trial 295 - 15:31:45 - Unrewarded - /home/fet/stimuli/test_categories_box5/nonreward/Wh_Stim_4_LblRed0613_072118413327.wav"
"2016-11-12 15:31:46,488","INFO","Trial 296 - 15:31:46 - Unrewarded - /home/fet/stimuli/test_categories_box5/nonreward/Di_Stim_10_GraGra0201_070107010701.wav"
"2016-11-12 15:31:58,368","INFO","Trial 297 - 15:31:58 - Rewarded - /home/fet/stimuli/test_categories_box5/reward/DC_Stim_7_BlaBla0506_131426220815.wav"
"2016-11-12 15:32:04,378","INFO","Supplying reward for 12.00 seconds"
"2016-11-12 15:34:59,360","INFO","Trial 298 - 15:34:59 - Unrewarded - /home/fet/stimuli/test_categories_box5/nonreward/Te_Stim_10_HPiHPi4748_050819232428.wav"
"2016-11-12 15:35:11,778","INFO","Trial 299 - 15:35:11 - Unrewarded - /home/fet/stimuli/test_categories_box5/nonreward/Be_Stim_4_LblBlu1927_150305.wav"
"2016-11-12 15:35:20,801","INFO","Trial 300 - 15:35:20 - Unrewarded - /home/fet/stimuli/test_categories_box5/nonreward/Ag_Stim_2_Unknown000_060106060101.wav"
"2016-11-12 15:35:33,216","INFO","Trial 301 - 15:35:33 - Unrewarded - /home/fet/stimuli/test_categories_box5/nonreward/Te_Stim_4_WhiBlu5698_172014190104.wav"
"2016-11-12 15:35:45,351","INFO","Trial 302 - 15:35:45 - Unrewarded - /home/fet/stimuli/test_categories_box5/nonreward/Ne_Stim_10_BluRas07dd_192109050302.wav"
"2016-11-12 15:35:55,271","INFO","Trial 303 - 15:35:55 - Unrewarded - /home/fet/stimuli/test_categories_box5/nonreward/So_Stim_5_LblBla4548_214836.wav"
"2016-11-12 15:35:56,059","INFO","Trial 304 - 15:35:56 - Rewarded - /home/fet/stimuli/test_categories_box5/reward/DC_Stim_5_RedRas3600_010802040610.wav"
"2016-11-12 15:36:02,072","INFO","Supplying reward for 12.00 seconds"
"2016-11-12 16:45:16,202","INFO","Trial 305 - 16:45:16 - Unrewarded - /home/fet/stimuli/test_categories_box5/nonreward/LT_Stim_8_LblBlu1630_020614121108.wav"
"2016-11-12 16:45:24,618","INFO","Trial 306 - 16:45:24 - Unrewarded - /home/fet/stimuli/test_categories_box5/nonreward/Th_Stim_9_BlaBla0506_040201030501.wav"
"2016-11-12 16:45:34,141","INFO","Trial 307 - 16:45:34 - Unrewarded - /home/fet/stimuli/test_categories_box5/nonreward/Wh_Stim_2_BlaBla0506_151402101613.wav"
"2016-11-12 16:45:37,284","INFO","Trial 308 - 16:45:37 - Unrewarded - /home/fet/stimuli/test_categories_box5/nonreward/Te_Stim_2_WhiBlu4917_011915241213.wav"
"2016-11-12 16:45:46,547","INFO","Trial 309 - 16:45:46 - Unrewarded - /home/fet/stimuli/test_categories_box5/nonreward/Th_Stim_4_WhiBlu4917_080304090701.wav"
"2016-11-12 16:45:56,225","INFO","Trial 310 - 16:45:56 - Unrewarded - /home/fet/stimuli/test_categories_box5/nonreward/Tu_Stim_1_YelOra2575_261620112225.wav"
"2016-11-12 16:46:11,474","INFO","Trial 311 - 16:46:11 - Rewarded - /home/fet/stimuli/test_categories_box5/reward/DC_Stim_2_WhiBlu4818_020103040505.wav"
"2016-11-12 16:46:17,484","INFO","Supplying reward for 12.00 seconds"
"2016-11-12 16:48:01,331","INFO","Trial 312 - 16:48:01 - Unrewarded - /home/fet/stimuli/test_categories_box5/nonreward/Th_Stim_3_YelGre5275_281301022942.wav"
"2016-11-12 16:48:13,962","INFO","Trial 313 - 16:48:13 - Rewarded - /home/fet/stimuli/test_categories_box5/reward/DC_Stim_3_WhiBlu4917_190108052206.wav"
"2016-11-12 16:48:19,972","INFO","Supplying reward for 12.00 seconds"
"2016-11-12 16:49:44,929","INFO","Trial 314 - 16:49:44 - Unrewarded - /home/fet/stimuli/test_categories_box5/nonreward/Th_Stim_9_WhiWhi1415_141906010417.wav"
"2016-11-12 16:49:55,406","INFO","Trial 315 - 16:49:55 - Rewarded - /home/fet/stimuli/test_categories_box5/reward/DC_Stim_7_WhiRas44dd_150422052608.wav"
"2016-11-12 16:50:01,416","INFO","Supplying reward for 12.00 seconds"
"2016-11-12 16:52:36,124","INFO","Trial 316 - 16:52:36 - Unrewarded - /home/fet/stimuli/test_categories_box5/nonreward/So_Stim_7_LblBla4419_090510.wav"
"2016-11-12 16:52:46,655","INFO","Trial 317 - 16:52:46 - Unrewarded - /home/fet/stimuli/test_categories_box5/nonreward/Tu_Stim_4_YelGre5275_291225090818.wav"
"2016-11-12 16:52:56,239","INFO","Trial 318 - 16:52:56 - Unrewarded - /home/fet/stimuli/test_categories_box5/nonreward/Te_Stim_9_WhiBlu4818_160415071913.wav"
"2016-11-12 16:53:06,483","INFO","Trial 319 - 16:53:06 - Unrewarded - /home/fet/stimuli/test_categories_box5/nonreward/Te_Stim_1_PurRas20dd_052025111509.wav"
"2016-11-12 16:53:07,524","INFO","Trial 320 - 16:53:07 - Unrewarded - /home/fet/stimuli/test_categories_box5/nonreward/Ag_Stim_7_Unknown000_060106060606.wav"
"2016-11-12 16:53:20,355","INFO","Trial 321 - 16:53:20 - Unrewarded - /home/fet/stimuli/test_categories_box5/nonreward/Te_Stim_3_WhiGra0114_102111200219.wav"
"2016-11-12 16:53:29,955","INFO","Trial 322 - 16:53:29 - Rewarded - /home/fet/stimuli/test_categories_box5/reward/DC_Stim_10_WhiBlu4818_020504010303.wav"
"2016-11-12 16:53:35,964","INFO","Supplying reward for 12.00 seconds"
"2016-11-12 16:56:58,664","INFO","Trial 323 - 16:56:58 - Unrewarded - /home/fet/stimuli/test_categories_box5/nonreward/Di_Stim_1_GraGra0201_010701010701.wav"
"2016-11-12 16:57:12,618","INFO","Trial 324 - 16:57:12 - Unrewarded - /home/fet/stimuli/test_categories_box5/nonreward/Be_Stim_10_GraRas1600_060709.wav"
"2016-11-12 16:57:37,213","INFO","Trial 325 - 16:57:37 - Unrewarded - /home/fet/stimuli/test_categories_box5/nonreward/Th_Stim_10_BlaBla0506_010405020303.wav"
"2016-11-12 16:57:47,256","INFO","Trial 326 - 16:57:47 - Unrewarded - /home/fet/stimuli/test_categories_box5/nonreward/Tu_Stim_10_WhiLbl0010_021719112208.wav"
"2016-11-12 16:57:58,704","INFO","Trial 327 - 16:57:58 - Unrewarded - /home/fet/stimuli/test_categories_box5/nonreward/Di_Stim_4_BlaLbl8026_030201020303.wav"
"2016-11-12 16:58:09,443","INFO","Trial 328 - 16:58:09 - Unrewarded - /home/fet/stimuli/test_categories_box5/nonreward/Wh_Stim_9_HpiGra1004_080305040602.wav"
"2016-11-12 16:58:18,822","INFO","Trial 329 - 16:58:18 - Unrewarded - /home/fet/stimuli/test_categories_box5/nonreward/LT_Stim_2_WhiBlu0112_180102040313.wav"
"2016-11-12 16:58:22,076","INFO","Trial 330 - 16:58:22 - Unrewarded - /home/fet/stimuli/test_categories_box5/nonreward/Th_Stim_2_GraGra0201_150925344635.wav"
"2016-11-12 16:58:31,724","INFO","Trial 331 - 16:58:31 - Unrewarded - /home/fet/stimuli/test_categories_box5/nonreward/So_Stim_9_WhiBlu4818_220411.wav"
"2016-11-12 16:58:42,868","INFO","Trial 332 - 16:58:42 - Unrewarded - /home/fet/stimuli/test_categories_box5/nonreward/Th_Stim_3_WhiGra0114_070205060801.wav"
"2016-11-12 16:58:53,931","INFO","Trial 333 - 16:58:53 - Unrewarded - /home/fet/stimuli/test_categories_box5/nonreward/So_Stim_10_WhiBlu5698_120830.wav"
"2016-11-12 16:58:54,621","INFO","Trial 334 - 16:58:54 - Unrewarded - /home/fet/stimuli/test_categories_box5/nonreward/Ne_Stim_1_WhiBlu4917_100704100706.wav"
"2016-11-12 16:59:06,366","INFO","Trial 335 - 16:59:06 - Unrewarded - /home/fet/stimuli/test_categories_box5/nonreward/Di_Stim_6_WhiBlu4917_010101010101.wav"
"2016-11-12 16:59:15,708","INFO","Trial 336 - 16:59:15 - Unrewarded - /home/fet/stimuli/test_categories_box5/nonreward/LT_Stim_7_WhiBlu0112_022126192006.wav"
"2016-11-12 16:59:16,615","INFO","Trial 337 - 16:59:16 - Unrewarded - /home/fet/stimuli/test_categories_box5/nonreward/Tu_Stim_9_GraLbl0457_021412160603.wav"
"2016-11-12 16:59:26,296","INFO","Trial 338 - 16:59:26 - Unrewarded - /home/fet/stimuli/test_categories_box5/nonreward/Tu_Stim_8_WhiRas44dd_102418152123.wav"
"2016-11-12 16:59:36,863","INFO","Trial 339 - 16:59:36 - Unrewarded - /home/fet/stimuli/test_categories_box5/nonreward/Te_Stim_7_GraGra0201_193406052117.wav"
"2016-11-12 16:59:48,728","INFO","Trial 340 - 16:59:48 - Unrewarded - /home/fet/stimuli/test_categories_box5/nonreward/Te_Stim_1_WhiBlu4818_130712040320.wav"
"2016-11-12 16:59:59,578","INFO","Trial 341 - 16:59:59 - Unrewarded - /home/fet/stimuli/test_categories_box5/nonreward/Di_Stim_6_WhiLbl0010_040404040404.wav"
"2016-11-12 17:00:08,699","INFO","Trial 342 - 17:00:08 - Unrewarded - /home/fet/stimuli/test_categories_box5/nonreward/LT_Stim_3_WhiBlu3615_040203060105.wav"
"2016-11-12 17:00:09,719","INFO","Trial 343 - 17:00:09 - Unrewarded - /home/fet/stimuli/test_categories_box5/nonreward/Di_Stim_6_BlaLbl8026_030201020302.wav"
"2016-11-12 17:00:19,943","INFO","Trial 344 - 17:00:19 - Rewarded - /home/fet/stimuli/test_categories_box5/reward/DC_Stim_10_GraLbl0457_170309242215.wav"
"2016-11-12 17:00:25,951","INFO","Supplying reward for 12.00 seconds"
"2016-11-12 17:01:53,416","INFO","Trial 345 - 17:01:53 - Unrewarded - /home/fet/stimuli/test_categories_box5/nonreward/Be_Stim_3_GraGre0813_161201.wav"
"2016-11-12 17:01:53,960","INFO","Trial 346 - 17:01:53 - Unrewarded - /home/fet/stimuli/test_categories_box5/nonreward/Tu_Stim_1_BlaLbl8026_090712060510.wav"
"2016-11-12 17:01:54,286","INFO","Trial 347 - 17:01:54 - Unrewarded - /home/fet/stimuli/test_categories_box5/nonreward/Be_Stim_6_GraGre0813_160905.wav"
"2016-11-12 17:02:03,168","INFO","Trial 348 - 17:02:03 - Unrewarded - /home/fet/stimuli/test_categories_box5/nonreward/So_Stim_3_BlaBla0506_081512.wav"
"2016-11-12 17:02:11,737","INFO","Trial 349 - 17:02:11 - Unrewarded - /home/fet/stimuli/test_categories_box5/nonreward/Ag_Stim_6_LblBla4419_030102030202.wav"
"2016-11-12 17:02:23,504","INFO","Trial 350 - 17:02:23 - Unrewarded - /home/fet/stimuli/test_categories_box5/nonreward/Di_Stim_5_Unknown_11_010202020102.wav"
"2016-11-12 17:02:33,989","INFO","Trial 351 - 17:02:33 - Unrewarded - /home/fet/stimuli/test_categories_box5/nonreward/LT_Stim_1_LblGre0000_012010021912.wav"
"2016-11-12 17:02:46,149","INFO","Trial 352 - 17:02:46 - Unrewarded - /home/fet/stimuli/test_categories_box5/nonreward/Tu_Stim_3_BlaLbl8026_071112050906.wav"
"2016-11-12 17:02:55,909","INFO","Trial 353 - 17:02:55 - Unrewarded - /home/fet/stimuli/test_categories_box5/nonreward/Di_Stim_1_YelOra2575_091109091109.wav"
"2016-11-12 17:03:13,898","INFO","Trial 354 - 17:03:13 - Unrewarded - /home/fet/stimuli/test_categories_box5/nonreward/Be_Stim_1_LblBlu6680_03_0105_0111_03.wav"
"2016-11-12 17:03:26,505","INFO","Trial 355 - 17:03:26 - Unrewarded - /home/fet/stimuli/test_categories_box5/nonreward/Tu_Stim_6_YelOra2575_100818212212.wav"
"2016-11-12 17:03:40,832","INFO","Trial 356 - 17:03:40 - Unrewarded - /home/fet/stimuli/test_categories_box5/nonreward/Tu_Stim_5_BluRas07dd_152024192122.wav"
"2016-11-12 17:03:52,640","INFO","Trial 357 - 17:03:52 - Unrewarded - /home/fet/stimuli/test_categories_box5/nonreward/Di_Stim_1_BlaBla0506_010101010101.wav"
"2016-11-12 17:04:02,982","INFO","Trial 358 - 17:04:02 - Unrewarded - /home/fet/stimuli/test_categories_box5/nonreward/Ag_Stim_9_WhiWhi1415_020202020202.wav"
"2016-11-12 17:04:12,455","INFO","Trial 359 - 17:04:12 - Unrewarded - /home/fet/stimuli/test_categories_box5/nonreward/Ne_Stim_10_Unknown000_010101010101.wav"
"2016-11-12 17:04:24,718","INFO","Trial 360 - 17:04:24 - Unrewarded - /home/fet/stimuli/test_categories_box5/nonreward/LT_Stim_10_LblBlu1927_010101010101.wav"
"2016-11-12 17:04:34,508","INFO","Trial 361 - 17:04:34 - Unrewarded - /home/fet/stimuli/test_categories_box5/nonreward/Wh_Stim_1_LblRed0613_064021071125.wav"
"2016-11-12 17:04:35,434","INFO","Trial 362 - 17:04:35 - Unrewarded - /home/fet/stimuli/test_categories_box5/nonreward/Di_Stim_4_Unknown_11_010202010202.wav"
"2016-11-12 17:04:44,882","INFO","Trial 363 - 17:04:44 - Unrewarded - /home/fet/stimuli/test_categories_box5/nonreward/Ag_Stim_8_GreGre2522_020102020101.wav"
"2016-11-12 17:04:54,326","INFO","Trial 364 - 17:04:54 - Unrewarded - /home/fet/stimuli/test_categories_box5/nonreward/Ne_Stim_9_HPiHPi4748_081603140121.wav"
"2016-11-12 17:05:03,386","INFO","Trial 365 - 17:05:03 - Unrewarded - /home/fet/stimuli/test_categories_box5/nonreward/Wh_Stim_6_GraGra0201_020605010504.wav"
"2016-11-12 17:05:04,170","INFO","Trial 366 - 17:05:04 - Unrewarded - /home/fet/stimuli/test_categories_box5/nonreward/Ag_Stim_6_Unknown000_010606010601.wav"
"2016-11-12 17:05:17,447","INFO","Trial 367 - 17:05:17 - Unrewarded - /home/fet/stimuli/test_categories_box5/nonreward/Th_Stim_10_GraGra0201_161403364650.wav"
"2016-11-12 17:05:31,451","INFO","Trial 368 - 17:05:31 - Rewarded - /home/fet/stimuli/test_categories_box5/reward/DC_Stim_3_GreRas2400_020102010202.wav"
"2016-11-12 17:05:37,460","INFO","Supplying reward for 12.00 seconds"
"2016-11-12 17:07:26,124","INFO","Trial 369 - 17:07:26 - Unrewarded - /home/fet/stimuli/test_categories_box5/nonreward/LT_Stim_1_LblBlu1630_040712010210.wav"
"2016-11-12 17:07:35,761","INFO","Trial 370 - 17:07:35 - Unrewarded - /home/fet/stimuli/test_categories_box5/nonreward/Tu_Stim_7_GraGra0201_050301101502.wav"
"2016-11-12 17:08:40,192","INFO","Trial 371 - 17:08:40 - Unrewarded - /home/fet/stimuli/test_categories_box5/nonreward/Tu_Stim_2_LblRed0613_050602070803.wav"
"2016-11-12 17:08:40,681","INFO","Trial 372 - 17:08:40 - Unrewarded - /home/fet/stimuli/test_categories_box5/nonreward/Ne_Stim_8_WhiBlu4917_010213050612.wav"
"2016-11-12 17:08:52,901","INFO","Trial 373 - 17:08:52 - Unrewarded - /home/fet/stimuli/test_categories_box5/nonreward/Ag_Stim_1_BluRas07dd_151310242012.wav"
"2016-11-12 17:08:54,480","INFO","Trial 374 - 17:08:54 - Unrewarded - /home/fet/stimuli/test_categories_box5/nonreward/Di_Stim_7_WhiLbl0010_040404040404.wav"
"2016-11-12 17:09:06,462","INFO","Trial 375 - 17:09:06 - Unrewarded - /home/fet/stimuli/test_categories_box5/nonreward/LT_Stim_10_LblGre0000_171316111805.wav"
"2016-11-12 17:09:08,139","INFO","Trial 376 - 17:09:08 - Unrewarded - /home/fet/stimuli/test_categories_box5/nonreward/LT_Stim_6_WhiBlu3414_080512110906.wav"
"2016-11-12 17:09:21,465","INFO","Trial 377 - 17:09:21 - Rewarded - /home/fet/stimuli/test_categories_box5/reward/DC_Stim_4_BlaBla0506_140615101620.wav"
"2016-11-12 17:09:21,975","INFO","Trial 378 - 17:09:21 - Unrewarded - /home/fet/stimuli/test_categories_box5/nonreward/Tu_Stim_6_PurRas20dd_080507010302.wav"
"2016-11-12 17:09:32,720","INFO","Trial 379 - 17:09:32 - Unrewarded - /home/fet/stimuli/test_categories_box5/nonreward/Th_Stim_10_WhiBlu5698_010604070601.wav"
"2016-11-12 17:09:43,079","INFO","Trial 380 - 17:09:43 - Unrewarded - /home/fet/stimuli/test_categories_box5/nonreward/LT_Stim_10_LblBlu2028_110114020813.wav"
"2016-11-12 17:09:43,765","INFO","Trial 381 - 17:09:43 - Unrewarded - /home/fet/stimuli/test_categories_box5/nonreward/Te_Stim_5_WhiBlu5698_181617230213.wav"
"2016-11-12 17:09:54,478","INFO","Trial 382 - 17:09:54 - Unrewarded - /home/fet/stimuli/test_categories_box5/nonreward/Ne_Stim_8_GraGra0201_443631292320.wav"
"2016-11-12 17:10:06,961","INFO","Trial 383 - 17:10:06 - Rewarded - /home/fet/stimuli/test_categories_box5/reward/DC_Stim_8_BlaBla0506_211916050817.wav"
"2016-11-12 17:10:12,970","INFO","Supplying reward for 12.00 seconds"
"2016-11-12 17:11:55,451","INFO","Trial 384 - 17:11:55 - Unrewarded - /home/fet/stimuli/test_categories_box5/nonreward/Be_Stim_3_LblGre0000_080709.wav"
"2016-11-12 17:11:55,617","INFO","Trial 385 - 17:11:55 - Unrewarded - /home/fet/stimuli/test_categories_box5/nonreward/Be_Stim_5_GraGre0813_011604.wav"
"2016-11-12 17:12:05,675","INFO","Trial 386 - 17:12:05 - Unrewarded - /home/fet/stimuli/test_categories_box5/nonreward/LT_Stim_2_LblGre0000_012104150209.wav"
"2016-11-12 17:12:21,204","INFO","Trial 387 - 17:12:21 - Unrewarded - /home/fet/stimuli/test_categories_box5/nonreward/Th_Stim_1_WhiBlu5698_040107060607.wav"
"2016-11-12 17:12:57,694","INFO","Trial 388 - 17:12:57 - Unrewarded - /home/fet/stimuli/test_categories_box5/nonreward/Ne_Stim_8_HPiHPi4748_230928060234.wav"
"2016-11-12 17:13:07,323","INFO","Trial 389 - 17:13:07 - Unrewarded - /home/fet/stimuli/test_categories_box5/nonreward/Di_Stim_2_BlaBla0506_010101010101.wav"
"2016-11-12 17:13:19,496","INFO","Trial 390 - 17:13:19 - Unrewarded - /home/fet/stimuli/test_categories_box5/nonreward/So_Stim_2_BlaBla0506_080615.wav"
"2016-11-12 17:13:26,475","INFO","Trial 391 - 17:13:26 - Unrewarded - /home/fet/stimuli/test_categories_box5/nonreward/LT_Stim_6_LblGre0001_060205080903.wav"
"2016-11-12 17:13:35,576","INFO","Trial 392 - 17:13:35 - Unrewarded - /home/fet/stimuli/test_categories_box5/nonreward/Ag_Stim_7_BluRas07dd_120520081724.wav"
"2016-11-12 17:13:45,819","INFO","Trial 393 - 17:13:45 - Unrewarded - /home/fet/stimuli/test_categories_box5/nonreward/Th_Stim_9_YelGre5275_424332032514.wav"
"2016-11-12 17:13:57,304","INFO","Trial 394 - 17:13:57 - Unrewarded - /home/fet/stimuli/test_categories_box5/nonreward/Ne_Stim_4_LblBla4548_363835250244.wav"
"2016-11-12 17:14:11,821","INFO","Trial 395 - 17:14:11 - Unrewarded - /home/fet/stimuli/test_categories_box5/nonreward/Wh_Stim_1_LblBla4548_111003011402.wav"
"2016-11-12 17:14:22,132","INFO","Trial 396 - 17:14:22 - Unrewarded - /home/fet/stimuli/test_categories_box5/nonreward/So_Stim_9_LblRed0613_362934.wav"
"2016-11-12 17:14:31,573","INFO","Trial 397 - 17:14:31 - Unrewarded - /home/fet/stimuli/test_categories_box5/nonreward/Tu_Stim_7_LblRed0613_010308060502.wav"
"2016-11-12 17:14:32,721","INFO","Trial 398 - 17:14:32 - Unrewarded - /home/fet/stimuli/test_categories_box5/nonreward/Be_Stim_4_LblGre0001_11_0303_0308.wav"
"2016-11-12 17:14:42,246","INFO","Trial 399 - 17:14:42 - Unrewarded - /home/fet/stimuli/test_categories_box5/nonreward/Tu_Stim_10_WhiRas44dd_011302192511.wav"
"2016-11-12 17:14:57,118","INFO","Trial 400 - 17:14:57 - Rewarded - /home/fet/stimuli/test_categories_box5/reward/DC_Stim_4_Unknown00F_142422250716.wav"
"2016-11-12 17:15:03,127","INFO","Supplying reward for 12.00 seconds"
"2016-11-12 17:19:02,586","INFO","Trial 401 - 17:19:02 - Unrewarded - /home/fet/stimuli/test_categories_box5/nonreward/Th_Stim_8_WhiGra0114_070801050602.wav"
"2016-11-12 17:19:03,576","INFO","Trial 402 - 17:19:03 - Unrewarded - /home/fet/stimuli/test_categories_box5/nonreward/Te_Stim_8_YelOra2575_041827301017.wav"
"2016-11-12 17:19:19,223","INFO","Trial 403 - 17:19:19 - Unrewarded - /home/fet/stimuli/test_categories_box5/nonreward/Ag_Stim_2_GreOra1817_281429173209.wav"
"2016-11-12 17:19:20,089","INFO","Trial 404 - 17:19:20 - Unrewarded - /home/fet/stimuli/test_categories_box5/nonreward/Th_Stim_8_WhiBlu4917_070908050302.wav"
"2016-11-12 17:19:33,407","INFO","Trial 405 - 17:19:33 - Unrewarded - /home/fet/stimuli/test_categories_box5/nonreward/Tu_Stim_6_HPiHPi4748_231424151918.wav"
"2016-11-12 17:19:44,732","INFO","Trial 406 - 17:19:44 - Unrewarded - /home/fet/stimuli/test_categories_box5/nonreward/Wh_Stim_2_LblBla4419_130414070111.wav"
"2016-11-12 17:19:45,328","INFO","Trial 407 - 17:19:45 - Unrewarded - /home/fet/stimuli/test_categories_box5/nonreward/So_Stim_5_BlaBla0506_080612.wav"
"2016-11-12 17:19:54,369","INFO","Trial 408 - 17:19:54 - Unrewarded - /home/fet/stimuli/test_categories_box5/nonreward/Th_Stim_9_WhiBlu4917_070803090104.wav"
"2016-11-12 17:20:11,416","INFO","Trial 409 - 17:20:11 - Unrewarded - /home/fet/stimuli/test_categories_box5/nonreward/Di_Stim_2_BlaLbl8026_010302010203.wav"
"2016-11-12 17:20:22,847","INFO","Trial 410 - 17:20:22 - Unrewarded - /home/fet/stimuli/test_categories_box5/nonreward/Te_Stim_2_GreWhi1242_190908012617.wav"
"2016-11-12 17:20:38,157","INFO","Trial 411 - 17:20:38 - Unrewarded - /home/fet/stimuli/test_categories_box5/nonreward/Tu_Stim_10_PurRas20dd_050108060703.wav"
"2016-11-12 17:21:21,380","INFO","Trial 412 - 17:21:21 - Unrewarded - /home/fet/stimuli/test_categories_box5/nonreward/Tu_Stim_6_GraGra0201_190804100907.wav"
"2016-11-12 17:21:38,357","INFO","Trial 413 - 17:21:38 - Unrewarded - /home/fet/stimuli/test_categories_box5/nonreward/Tu_Stim_3_YelGre5275_112119032726.wav"
"2016-11-12 17:21:53,511","INFO","Trial 414 - 17:21:53 - Unrewarded - /home/fet/stimuli/test_categories_box5/nonreward/Wh_Stim_1_GreGre2522_020103030303.wav"
"2016-11-12 17:22:02,598","INFO","Trial 415 - 17:22:02 - Unrewarded - /home/fet/stimuli/test_categories_box5/nonreward/Be_Stim_7_LblGre0000_100407.wav"
"2016-11-12 17:22:12,675","INFO","Trial 416 - 17:22:12 - Unrewarded - /home/fet/stimuli/test_categories_box5/nonreward/So_Stim_8_LblBla4548_180802.wav"
"2016-11-12 17:22:16,024","INFO","Trial 417 - 17:22:16 - Unrewarded - /home/fet/stimuli/test_categories_box5/nonreward/Te_Stim_10_LblRed0613_261916052908.wav"
"2016-11-12 17:22:27,150","INFO","Trial 418 - 17:22:27 - Unrewarded - /home/fet/stimuli/test_categories_box5/nonreward/Be_Stim_2_LblBlu6680_02_0107_0106_02.wav"
"2016-11-12 18:25:18,113","INFO","Trial 419 - 18:25:18 - Unrewarded - /home/fet/stimuli/test_categories_box5/nonreward/Wh_Stim_8_BlaLbl8026_093207083208.wav"
"2016-11-12 18:25:46,349","INFO","Trial 420 - 18:25:46 - Unrewarded - /home/fet/stimuli/test_categories_box5/nonreward/Ne_Stim_5_WhiWhi1415_050604081007.wav"
"2016-11-12 18:25:58,788","INFO","Trial 421 - 18:25:58 - Unrewarded - /home/fet/stimuli/test_categories_box5/nonreward/Te_Stim_6_PurRas20dd_100108290206.wav"
"2016-11-12 18:26:08,536","INFO","Trial 422 - 18:26:08 - Unrewarded - /home/fet/stimuli/test_categories_box5/nonreward/Ag_Stim_6_WhiBlu4917_010101010101.wav"
"2016-11-12 18:26:16,408","INFO","Trial 423 - 18:26:16 - Unrewarded - /home/fet/stimuli/test_categories_box5/nonreward/So_Stim_6_WhiBlu4818_221104.wav"
"2016-11-12 18:26:24,022","INFO","Trial 424 - 18:26:24 - Unrewarded - /home/fet/stimuli/test_categories_box5/nonreward/Th_Stim_7_WhiBlu4818_030405020104.wav"
"2016-11-12 18:26:31,808","INFO","Trial 425 - 18:26:31 - Unrewarded - /home/fet/stimuli/test_categories_box5/nonreward/LT_Stim_5_LblBlu6680_220131081203.wav"
"2016-11-12 18:26:42,257","INFO","Trial 426 - 18:26:42 - Unrewarded - /home/fet/stimuli/test_categories_box5/nonreward/Be_Stim_3_LblGre0001_0711_0208.wav"
"2016-11-12 18:26:43,454","INFO","Trial 427 - 18:26:43 - Unrewarded - /home/fet/stimuli/test_categories_box5/nonreward/Be_Stim_5_LblGre0001_0702_0211_03.wav"
"2016-11-12 18:26:51,845","INFO","Trial 428 - 18:26:51 - Unrewarded - /home/fet/stimuli/test_categories_box5/nonreward/Be_Stim_8_GraGre0813_121416.wav"
"2016-11-12 18:26:54,767","INFO","Trial 429 - 18:26:54 - Unrewarded - /home/fet/stimuli/test_categories_box5/nonreward/Be_Stim_4_LblGre0000_080206.wav"
"2016-11-12 18:27:02,871","INFO","Trial 430 - 18:27:02 - Unrewarded - /home/fet/stimuli/test_categories_box5/nonreward/Te_Stim_7_HPiHPi4748_021420252311.wav"
"2016-11-12 18:27:11,795","INFO","Trial 431 - 18:27:11 - Unrewarded - /home/fet/stimuli/test_categories_box5/nonreward/Te_Stim_4_GraGra0201_141219243517.wav"
"2016-11-12 18:27:21,711","INFO","Trial 432 - 18:27:21 - Unrewarded - /home/fet/stimuli/test_categories_box5/nonreward/Di_Stim_4_HPiHPi4748_030505050303.wav"
"2016-11-12 18:27:33,843","INFO","Trial 433 - 18:27:33 - Unrewarded - /home/fet/stimuli/test_categories_box5/nonreward/Di_Stim_4_Unknown000_020102010202.wav"
"2016-11-12 18:27:43,009","INFO","Trial 434 - 18:27:43 - Unrewarded - /home/fet/stimuli/test_categories_box5/nonreward/Ne_Stim_4_GreOra1817_070809140502.wav"
"2016-11-12 18:27:54,502","INFO","Trial 435 - 18:27:54 - Rewarded - /home/fet/stimuli/test_categories_box5/reward/DC_Stim_2_WhiBlu5698_141202231706.wav"
"2016-11-12 18:28:00,511","INFO","Supplying reward for 12.00 seconds"
"2016-11-12 18:29:28,598","INFO","Trial 436 - 18:29:28 - Unrewarded - /home/fet/stimuli/test_categories_box5/nonreward/Be_Stim_5_GraRas1500_050406.wav"
"2016-11-12 18:29:37,613","INFO","Trial 437 - 18:29:37 - Rewarded - /home/fet/stimuli/test_categories_box5/reward/DC_Stim_3_HPiHPi4748_171409211603.wav"
"2016-11-12 18:29:43,622","INFO","Supplying reward for 12.00 seconds"
"2016-11-12 18:32:04,897","INFO","Trial 438 - 18:32:04 - Unrewarded - /home/fet/stimuli/test_categories_box5/nonreward/Be_Stim_10_LblBlu6680_06_0111_0301_01.wav"
"2016-11-12 18:32:12,654","INFO","Trial 439 - 18:32:12 - Unrewarded - /home/fet/stimuli/test_categories_box5/nonreward/Wh_Stim_1_GraGra0201_060505040201.wav"
"2016-11-12 18:32:28,439","INFO","Trial 440 - 18:32:28 - Unrewarded - /home/fet/stimuli/test_categories_box5/nonreward/Ne_Stim_3_WhiBlu4917_040607040102.wav"
"2016-11-12 18:32:37,691","INFO","Trial 441 - 18:32:37 - Unrewarded - /home/fet/stimuli/test_categories_box5/nonreward/LT_Stim_6_WhiBlu3615_030401050706.wav"
"2016-11-12 18:32:46,796","INFO","Trial 442 - 18:32:46 - Unrewarded - /home/fet/stimuli/test_categories_box5/nonreward/LT_Stim_10_WhiBlu0112_062602252215.wav"
"2016-11-12 18:32:54,472","INFO","Trial 443 - 18:32:54 - Unrewarded - /home/fet/stimuli/test_categories_box5/nonreward/LT_Stim_4_LblBlu2028_110802041505.wav"
"2016-11-12 18:33:02,840","INFO","Trial 444 - 18:33:02 - Unrewarded - /home/fet/stimuli/test_categories_box5/nonreward/Di_Stim_1_PurRas20dd_010404040104.wav"
"2016-11-12 18:33:12,325","INFO","Trial 445 - 18:33:12 - Unrewarded - /home/fet/stimuli/test_categories_box5/nonreward/Tu_Stim_7_BlaLbl8026_090805121107.wav"
"2016-11-12 18:33:22,483","INFO","Trial 446 - 18:33:22 - Unrewarded - /home/fet/stimuli/test_categories_box5/nonreward/Th_Stim_7_WhiBlu5698_010706040704.wav"
"2016-11-12 18:33:31,452","INFO","Trial 447 - 18:33:31 - Unrewarded - /home/fet/stimuli/test_categories_box5/nonreward/Ne_Stim_7_WhiWhi1415_040508061009.wav"
"2016-11-12 18:33:43,150","INFO","Trial 448 - 18:33:43 - Unrewarded - /home/fet/stimuli/test_categories_box5/nonreward/Ne_Stim_7_GraGra0201_323831270704.wav"
"2016-11-12 18:33:53,254","INFO","Trial 449 - 18:33:53 - Unrewarded - /home/fet/stimuli/test_categories_box5/nonreward/So_Stim_10_RedRas3600_040106.wav"
"2016-11-12 18:34:01,306","INFO","Trial 450 - 18:34:01 - Unrewarded - /home/fet/stimuli/test_categories_box5/nonreward/Be_Stim_9_GraRas1500_020503.wav"
"2016-11-12 18:34:01,784","INFO","Trial 451 - 18:34:01 - Unrewarded - /home/fet/stimuli/test_categories_box5/nonreward/So_Stim_1_YelOra2575_021511.wav"
"2016-11-12 18:34:10,915","INFO","Trial 452 - 18:34:10 - Rewarded - /home/fet/stimuli/test_categories_box5/reward/DC_Stim_1_WhiBlu4917_080919200522.wav"
"2016-11-12 18:34:16,924","INFO","Supplying reward for 12.00 seconds"
"2016-11-12 18:35:41,202","INFO","Trial 453 - 18:35:41 - Unrewarded - /home/fet/stimuli/test_categories_box5/nonreward/Wh_Stim_1_LblBla4419_100611140405.wav"
"2016-11-12 18:35:42,056","INFO","Trial 454 - 18:35:42 - Unrewarded - /home/fet/stimuli/test_categories_box5/nonreward/So_Stim_5_BluRas61dd_111014.wav"
"2016-11-12 18:35:51,983","INFO","Trial 455 - 18:35:51 - Unrewarded - /home/fet/stimuli/test_categories_box5/nonreward/Be_Stim_6_LblBlu6680_0811_0101_02.wav"
"2016-11-12 18:35:52,817","INFO","Trial 456 - 18:35:52 - Unrewarded - /home/fet/stimuli/test_categories_box5/nonreward/Wh_Stim_9_LblRed0613_162918112317.wav"
"2016-11-12 18:36:00,182","INFO","Trial 457 - 18:36:00 - Unrewarded - /home/fet/stimuli/test_categories_box5/nonreward/Tu_Stim_4_WhiRas44dd_241814261902.wav"
"2016-11-12 18:36:10,803","INFO","Trial 458 - 18:36:10 - Unrewarded - /home/fet/stimuli/test_categories_box5/nonreward/LT_Stim_8_WhiBlu3414_211017030919.wav"
"2016-11-12 18:36:20,178","INFO","Trial 459 - 18:36:20 - Unrewarded - /home/fet/stimuli/test_categories_box5/nonreward/Wh_Stim_10_GraLbl0457_010504020104.wav"
"2016-11-12 18:36:22,203","INFO","Trial 460 - 18:36:22 - Unrewarded - /home/fet/stimuli/test_categories_box5/nonreward/LT_Stim_3_LblBlu6680_190511302401.wav"
"2016-11-12 18:36:31,314","INFO","Trial 461 - 18:36:31 - Unrewarded - /home/fet/stimuli/test_categories_box5/nonreward/Di_Stim_3_Unknown000_010201020201.wav"
"2016-11-12 18:36:41,861","INFO","Trial 462 - 18:36:41 - Unrewarded - /home/fet/stimuli/test_categories_box5/nonreward/Ag_Stim_5_WhiWhi1415_020202020202.wav"
"2016-11-12 18:36:52,473","INFO","Trial 463 - 18:36:52 - Unrewarded - /home/fet/stimuli/test_categories_box5/nonreward/Th_Stim_1_WhiBlu4818_020503040102.wav"
"2016-11-12 18:37:03,130","INFO","Trial 464 - 18:37:03 - Unrewarded - /home/fet/stimuli/test_categories_box5/nonreward/So_Stim_3_HPiHPi4748_131409.wav"
"2016-11-12 18:37:09,610","INFO","Trial 465 - 18:37:09 - Unrewarded - /home/fet/stimuli/test_categories_box5/nonreward/Wh_Stim_4_LblBla4419_061314080403.wav"
"2016-11-12 18:37:10,981","INFO","Trial 466 - 18:37:10 - Unrewarded - /home/fet/stimuli/test_categories_box5/nonreward/Wh_Stim_1_BlaLbl8026_090732083232.wav"
"2016-11-12 18:37:19,165","INFO","Trial 467 - 18:37:19 - Unrewarded - /home/fet/stimuli/test_categories_box5/nonreward/Ne_Stim_10_GraGra0201_194033050138.wav"
"2016-11-12 18:37:29,798","INFO","Trial 468 - 18:37:29 - Unrewarded - /home/fet/stimuli/test_categories_box5/nonreward/Te_Stim_9_GreWhi1242_202408171125.wav"
"2016-11-12 18:37:43,482","INFO","Trial 469 - 18:37:43 - Unrewarded - /home/fet/stimuli/test_categories_box5/nonreward/Di_Stim_3_WhiLbl0010_040404040404.wav"
"2016-11-12 18:37:52,353","INFO","Trial 470 - 18:37:52 - Unrewarded - /home/fet/stimuli/test_categories_box5/nonreward/Be_Stim_2_GraGre0813_061410.wav"
"2016-11-12 18:37:59,980","INFO","Trial 471 - 18:37:59 - Unrewarded - /home/fet/stimuli/test_categories_box5/nonreward/Ne_Stim_5_GraGra0201_130402544835.wav"
"2016-11-12 18:38:00,468","INFO","Trial 472 - 18:38:00 - Unrewarded - /home/fet/stimuli/test_categories_box5/nonreward/Tu_Stim_9_GraGra0201_020719151416.wav"
"2016-11-12 18:38:13,070","INFO","Trial 473 - 18:38:13 - Unrewarded - /home/fet/stimuli/test_categories_box5/nonreward/So_Stim_7_BlaBla0506_150608.wav"
"2016-11-12 18:38:19,537","INFO","Trial 474 - 18:38:19 - Unrewarded - /home/fet/stimuli/test_categories_box5/nonreward/Wh_Stim_6_LblBla4548_100814170905.wav"
"2016-11-12 18:38:20,215","INFO","Trial 475 - 18:38:20 - Unrewarded - /home/fet/stimuli/test_categories_box5/nonreward/LT_Stim_3_LblBlu2028_061008020501.wav"
"2016-11-12 18:38:29,461","INFO","Trial 476 - 18:38:29 - Unrewarded - /home/fet/stimuli/test_categories_box5/nonreward/Ne_Stim_5_LblRed0613_700124022538.wav"
"2016-11-12 18:38:39,311","INFO","Trial 477 - 18:38:39 - Unrewarded - /home/fet/stimuli/test_categories_box5/nonreward/Th_Stim_6_WhiGra0114_060108020507.wav"
"2016-11-12 18:38:48,727","INFO","Trial 478 - 18:38:48 - Unrewarded - /home/fet/stimuli/test_categories_box5/nonreward/Tu_Stim_4_GraGra0201_081220211019.wav"
"2016-11-12 18:38:58,852","INFO","Trial 479 - 18:38:58 - Unrewarded - /home/fet/stimuli/test_categories_box5/nonreward/LT_Stim_3_LblBlu6379_171011050104.wav"
"2016-11-12 18:39:01,184","INFO","Trial 480 - 18:39:01 - Unrewarded - /home/fet/stimuli/test_categories_box5/nonreward/Th_Stim_10_WhiBlu4917_080109020507.wav"
"2016-11-12 18:39:01,483","INFO","Trial 481 - 18:39:01 - Unrewarded - /home/fet/stimuli/test_categories_box5/nonreward/LT_Stim_5_LblGre0001_031001070402.wav"
"2016-11-12 18:39:13,171","INFO","Trial 482 - 18:39:13 - Unrewarded - /home/fet/stimuli/test_categories_box5/nonreward/Di_Stim_10_WhiBlu4818_060606060606.wav"
"2016-11-12 18:39:24,061","INFO","Trial 483 - 18:39:24 - Unrewarded - /home/fet/stimuli/test_categories_box5/nonreward/LT_Stim_2_LblBlu6680_053124020926.wav"
"2016-11-12 18:39:34,076","INFO","Trial 484 - 18:39:34 - Unrewarded - /home/fet/stimuli/test_categories_box5/nonreward/Ag_Stim_2_WhiBlu4818_050607050506.wav"
"2016-11-12 18:39:46,642","INFO","Trial 485 - 18:39:46 - Rewarded - /home/fet/stimuli/test_categories_box5/reward/DC_Stim_9_GraLbl0457_181326193203.wav"
"2016-11-12 18:39:52,651","INFO","Supplying reward for 12.00 seconds"
"2016-11-12 18:43:56,217","INFO","Trial 486 - 18:43:56 - Unrewarded - /home/fet/stimuli/test_categories_box5/nonreward/Wh_Stim_3_WhiWhi1415_010101010101.wav"
"2016-11-12 18:44:05,085","INFO","Trial 487 - 18:44:05 - Unrewarded - /home/fet/stimuli/test_categories_box5/nonreward/Th_Stim_2_WhiGra0114_060502080107.wav"
"2016-11-12 18:44:15,099","INFO","Trial 488 - 18:44:15 - Unrewarded - /home/fet/stimuli/test_categories_box5/nonreward/Be_Stim_6_LblBlu2028_030704_02.wav"
"2016-11-12 18:44:28,836","INFO","Trial 489 - 18:44:28 - Unrewarded - /home/fet/stimuli/test_categories_box5/nonreward/Be_Stim_2_LblBlu6379_04_0203_0107_01.wav"
"2016-11-12 18:44:39,043","INFO","Trial 490 - 18:44:39 - Unrewarded - /home/fet/stimuli/test_categories_box5/nonreward/Wh_Stim_10_GraGra0201_010502040505.wav"
"2016-11-12 18:44:48,717","INFO","Trial 491 - 18:44:48 - Rewarded - /home/fet/stimuli/test_categories_box5/reward/DC_Stim_2_WhiBlu4917_091820012206.wav"
"2016-11-12 18:44:54,728","INFO","Supplying reward for 12.00 seconds"
"2016-11-12 18:48:09,144","INFO","Trial 492 - 18:48:09 - Unrewarded - /home/fet/stimuli/test_categories_box5/nonreward/Th_Stim_1_WhiBlu4917_080405070301.wav"
"2016-11-12 18:48:19,805","INFO","Trial 493 - 18:48:19 - Unrewarded - /home/fet/stimuli/test_categories_box5/nonreward/Th_Stim_3_Unknown000_010407100508.wav"
"2016-11-12 18:48:31,216","INFO","Trial 494 - 18:48:31 - Unrewarded - /home/fet/stimuli/test_categories_box5/nonreward/Th_Stim_3_WhiWhi1415_281419011607.wav"
"2016-11-12 18:48:43,138","INFO","Trial 495 - 18:48:43 - Unrewarded - /home/fet/stimuli/test_categories_box5/nonreward/Wh_Stim_8_LblBla4548_061505101709.wav"
"2016-11-12 18:48:43,952","INFO","Trial 496 - 18:48:43 - Unrewarded - /home/fet/stimuli/test_categories_box5/nonreward/Ag_Stim_4_GraGra0201_110613051410.wav"
"2016-11-12 18:48:57,703","INFO","Trial 497 - 18:48:57 - Unrewarded - /home/fet/stimuli/test_categories_box5/nonreward/Be_Stim_5_GraGre1001_061403.wav"
"2016-11-12 18:49:05,821","INFO","Trial 498 - 18:49:05 - Unrewarded - /home/fet/stimuli/test_categories_box5/nonreward/So_Stim_10_BlaBla0506_120615.wav"
"2016-11-12 18:49:15,708","INFO","Trial 499 - 18:49:15 - Unrewarded - /home/fet/stimuli/test_categories_box5/nonreward/Di_Stim_6_Unknown000_010202010201.wav"
"2016-11-12 18:49:26,423","INFO","Trial 500 - 18:49:26 - Unrewarded - /home/fet/stimuli/test_categories_box5/nonreward/Te_Stim_3_WhiBlu4917_232702040809.wav"
"2016-11-12 18:49:35,909","INFO","Trial 501 - 18:49:35 - Unrewarded - /home/fet/stimuli/test_categories_box5/nonreward/Th_Stim_7_LblRed0613_080713101702.wav"
"2016-11-12 18:49:45,919","INFO","Trial 502 - 18:49:45 - Unrewarded - /home/fet/stimuli/test_categories_box5/nonreward/So_Stim_7_LblRed0613_131108.wav"
"2016-11-12 18:49:56,428","INFO","Trial 503 - 18:49:56 - Rewarded - /home/fet/stimuli/test_categories_box5/reward/DC_Stim_10_WhiRas44dd_041305190818.wav"
"2016-11-12 18:50:02,433","INFO","Supplying reward for 12.00 seconds"
"2016-11-12 18:52:09,279","INFO","Trial 504 - 18:52:09 - Unrewarded - /home/fet/stimuli/test_categories_box5/nonreward/LT_Stim_10_LblBlu1630_060113040514.wav"
"2016-11-12 18:52:09,720","INFO","Trial 505 - 18:52:09 - Unrewarded - /home/fet/stimuli/test_categories_box5/nonreward/Di_Stim_2_GraGra0201_010707070707.wav"
"2016-11-12 18:52:20,567","INFO","Trial 506 - 18:52:20 - Unrewarded - /home/fet/stimuli/test_categories_box5/nonreward/Be_Stim_4_LblBlu6379_0601_0207_02.wav"
"2016-11-12 18:52:26,257","INFO","Trial 507 - 18:52:26 - Unrewarded - /home/fet/stimuli/test_categories_box5/nonreward/Be_Stim_10_LblGre0001_0903_0303_01.wav"
"2016-11-12 18:52:34,660","INFO","Trial 508 - 18:52:34 - Unrewarded - /home/fet/stimuli/test_categories_box5/nonreward/Wh_Stim_8_WhiWhi1415_010101010101.wav"
"2016-11-12 18:52:45,678","INFO","Trial 509 - 18:52:45 - Unrewarded - /home/fet/stimuli/test_categories_box5/nonreward/Ag_Stim_9_GreGre2522_020102010101.wav"
"2016-11-12 18:52:59,358","INFO","Trial 510 - 18:52:59 - Unrewarded - /home/fet/stimuli/test_categories_box5/nonreward/Ne_Stim_6_GraGra0201_115106272001.wav"
"2016-11-12 18:53:10,261","INFO","Trial 511 - 18:53:10 - Unrewarded - /home/fet/stimuli/test_categories_box5/nonreward/Ne_Stim_7_GreOra1817_091108070214.wav"
"2016-11-12 18:53:11,590","INFO","Trial 512 - 18:53:11 - Unrewarded - /home/fet/stimuli/test_categories_box5/nonreward/Te_Stim_2_HPiHPi4748_160225060427.wav"
"2016-11-12 18:53:22,900","INFO","Trial 513 - 18:53:22 - Rewarded - /home/fet/stimuli/test_categories_box5/reward/DC_Stim_2_BluRas61dd_243618102602.wav"
"2016-11-12 18:53:28,911","INFO","Supplying reward for 12.00 seconds"
"2016-11-12 18:56:37,007","INFO","Trial 514 - 18:56:37 - Unrewarded - /home/fet/stimuli/test_categories_box5/nonreward/So_Stim_3_BluRas61dd_102120.wav"
"2016-11-12 18:56:38,083","INFO","Trial 515 - 18:56:38 - Unrewarded - /home/fet/stimuli/test_categories_box5/nonreward/LT_Stim_5_WhiBlu0112_230803070124.wav"
"2016-11-12 18:56:47,063","INFO","Trial 516 - 18:56:47 - Unrewarded - /home/fet/stimuli/test_categories_box5/nonreward/Tu_Stim_9_LblRed0613_070408010306.wav"
"2016-11-12 18:57:00,735","INFO","Trial 517 - 18:57:00 - Unrewarded - /home/fet/stimuli/test_categories_box5/nonreward/Ag_Stim_7_GreOra1817_293301082113.wav"
"2016-11-12 18:57:08,934","INFO","Trial 518 - 18:57:08 - Unrewarded - /home/fet/stimuli/test_categories_box5/nonreward/Di_Stim_6_WhiWhi1415_020202020202.wav"
"2016-11-12 18:57:18,887","INFO","Trial 519 - 18:57:18 - Unrewarded - /home/fet/stimuli/test_categories_box5/nonreward/Be_Stim_7_GraRas1500_040501.wav"
"2016-11-12 18:57:21,110","INFO","Trial 520 - 18:57:21 - Unrewarded - /home/fet/stimuli/test_categories_box5/nonreward/Te_Stim_9_PurRas20dd_160206211323.wav"
"2016-11-12 18:57:33,341","INFO","Trial 521 - 18:57:33 - Unrewarded - /home/fet/stimuli/test_categories_box5/nonreward/Ag_Stim_9_WhiBlu4818_060507060706.wav"
"2016-11-12 18:57:43,158","INFO","Trial 522 - 18:57:43 - Unrewarded - /home/fet/stimuli/test_categories_box5/nonreward/Ne_Stim_1_LblRed0613_356728036951.wav"
"2016-11-12 18:57:54,176","INFO","Trial 523 - 18:57:54 - Rewarded - /home/fet/stimuli/test_categories_box5/reward/DC_Stim_3_WhiBlu4818_040102050301.wav"
"2016-11-12 18:58:00,185","INFO","Supplying reward for 12.00 seconds"
"2016-11-12 19:30:38,454","INFO","Trial 524 - 19:30:38 - Unrewarded - /home/fet/stimuli/test_categories_box5/nonreward/Te_Stim_2_PurRas20dd_142503291119.wav"
"2016-11-12 19:30:50,160","INFO","Trial 525 - 19:30:50 - Unrewarded - /home/fet/stimuli/test_categories_box5/nonreward/Te_Stim_9_YelOra2575_271008180103.wav"
"2016-11-12 19:30:50,698","INFO","Trial 526 - 19:30:50 - Unrewarded - /home/fet/stimuli/test_categories_box5/nonreward/Te_Stim_1_GraGra0201_051218351404.wav"
"2016-11-12 19:30:58,548","INFO","Trial 527 - 19:30:58 - Unrewarded - /home/fet/stimuli/test_categories_box5/nonreward/Th_Stim_6_BlaBla0506_010503040204.wav"
"2016-11-12 19:31:07,817","INFO","Trial 528 - 19:31:07 - Rewarded - /home/fet/stimuli/test_categories_box5/reward/DC_Stim_8_WhiBlu5698_120417160814.wav"
"2016-11-12 19:31:13,830","INFO","Supplying reward for 12.00 seconds"
"2016-11-12 19:33:00,954","INFO","Trial 529 - 19:33:00 - Rewarded - /home/fet/stimuli/test_categories_box5/reward/DC_Stim_6_BlaBla0506_051325020601.wav"
"2016-11-12 19:33:06,963","INFO","Supplying reward for 12.00 seconds"
"2016-11-12 19:35:56,695","INFO","Trial 530 - 19:35:56 - Unrewarded - /home/fet/stimuli/test_categories_box5/nonreward/Th_Stim_2_YelGre5275_151401232133.wav"
"2016-11-12 19:36:03,186","INFO","Trial 531 - 19:36:03 - Unrewarded - /home/fet/stimuli/test_categories_box5/nonreward/So_Stim_3_YelOra2575_101826.wav"
"2016-11-12 19:36:03,784","INFO","Trial 532 - 19:36:03 - Unrewarded - /home/fet/stimuli/test_categories_box5/nonreward/Di_Stim_6_BlaBla0506_010101010101.wav"
"2016-11-12 19:36:13,332","INFO","Trial 533 - 19:36:13 - Unrewarded - /home/fet/stimuli/test_categories_box5/nonreward/So_Stim_8_WhiBlu4818_092205.wav"
"2016-11-12 19:36:13,669","INFO","Trial 534 - 19:36:13 - Unrewarded - /home/fet/stimuli/test_categories_box5/nonreward/Wh_Stim_6_BlaLbl8026_073208090832.wav"
"2016-11-12 19:36:21,028","INFO","Trial 535 - 19:36:21 - Unrewarded - /home/fet/stimuli/test_categories_box5/nonreward/Wh_Stim_10_WhiBlu5698_101918020715.wav"
"2016-11-12 19:36:28,924","INFO","Trial 536 - 19:36:28 - Unrewarded - /home/fet/stimuli/test_categories_box5/nonreward/Di_Stim_2_WhiBlu4818_060606060606.wav"
"2016-11-12 19:36:39,614","INFO","Trial 537 - 19:36:39 - Unrewarded - /home/fet/stimuli/test_categories_box5/nonreward/LT_Stim_3_LblBlu6243_033022102926.wav"
"2016-11-12 19:36:40,661","INFO","Trial 538 - 19:36:40 - Unrewarded - /home/fet/stimuli/test_categories_box5/nonreward/Th_Stim_6_WhiRas44dd_430950104044.wav"
"2016-11-12 19:36:50,063","INFO","Trial 539 - 19:36:50 - Unrewarded - /home/fet/stimuli/test_categories_box5/nonreward/Ne_Stim_2_GreOra1817_140709051208.wav"
"2016-11-12 19:37:02,993","INFO","Trial 540 - 19:37:02 - Unrewarded - /home/fet/stimuli/test_categories_box5/nonreward/LT_Stim_4_LblGre0001_010709051103.wav"
"2016-11-12 19:37:03,994","INFO","Trial 541 - 19:37:03 - Unrewarded - /home/fet/stimuli/test_categories_box5/nonreward/Ag_Stim_10_WhiBlu4917_010101010101.wav"
"2016-11-12 19:37:27,310","INFO","Trial 542 - 19:37:27 - Unrewarded - /home/fet/stimuli/test_categories_box5/nonreward/Be_Stim_5_LblBlu6680_06_0201_0211_02.wav"
"2016-11-12 19:37:36,492","INFO","Trial 543 - 19:37:36 - Rewarded - /home/fet/stimuli/test_categories_box5/reward/DC_Stim_1_HPiHPi4748_011207212403.wav"
"2016-11-12 19:37:42,501","INFO","Supplying reward for 12.00 seconds"
"2016-11-12 20:09:54,208","INFO","Trial 544 - 20:09:54 - Rewarded - /home/fet/stimuli/test_categories_box5/reward/DC_Stim_10_HPiHPi4748_161811100513.wav"
"2016-11-12 20:10:00,218","INFO","Supplying reward for 12.00 seconds"
"2016-11-12 20:24:54,100","INFO","Finishing session 1 at Sat Nov 12 20:24:54 2016"
"2016-11-12 20:24:54,100","INFO","Finished all sessions."
"2016-11-12 20:24:54,407","INFO","Exiting Session state"
"2016-11-12 20:24:54,408","INFO","Finishing experiment"
"2016-11-12 20:24:54,714","INFO","Exiting Idle state"
